time (ms)
0
17
30
43
55
68
80
92
104
117
130
143
156
168
183
195
209
221
233
248
264
276
288
300
319
330
343
355
367
381
393
404
417
430
442
454
466
478
491
503
515
527
539
551
563
575
588
600
615
627
640
651
663
675
688
702
713
726
737
749
761
773
785
798
810
823
836
847
859
871
883
896
909
920
932
944
956
969
980
992
1007
1019
1031
1045
1060
1073
1085
1097
1111
1123
1134
1146
1158
1169
1181
1194
1206
1220
1232
1245
1258
1271
1284
1296
1308
1319
1331
1342
1354
1366
1377
1388
1406
1418
1429
1441
1454
1466
1477
1491
1503
1515
1527
1540
1553
1567
1583
1595
1607
1619
1630
1642
1653
1665
1677
1688
1700
1711
1723
1735
1747
1758
1770
1782
1795
1807
1819
1832
1843
1855
1867
1879
1891
1903
1914
1926
1938
1951
1966
1978
1992
2004
2015
2027
2038
2051
2062
2074
2085
2099
2111
2122
2134
2145
2157
2169
2180
2193
2203
2214
2224
2235
2246
2257
2269
2281
2293
2306
2318
2330
2342
2362
2375
2387
2399
2410
2422
2434
2445
2456
2468
2479
2490
2502
2513
2525
2536
2548
2559
2571
2583
2595
2607
2618
2630
2642
2653
2665
2683
2694
2706
2717
2729
2744
2755
2767
2778
2790
2801
2812
2824
2836
2847
2859
2870
2882
2895
2908
2920
2932
2945
2956
2968
2981
2995
3007
3020
3031
3046
3058
3071
3085
3097
3111
3124
3136
3148
3160
3171
3183
3195
3207
3218
3230
3241
3253
3265
3276
3287
3299
3310
3321
3332
3344
3356
3367
3378
3390
3401
3412
3424
3435
3447
3458
3470
3481
3493
3505
3517
3528
3540
3551
3563
3574
3586
3597
3609
3627
3639
3652
3664
3680
3692
3704
3716
3728
3741
3753
3765
3778
3790
3802
3814
3826
3838
3850
3862
3875
3888
3908
3920
3933
3945
3958
3969
3981
3995
4006
4016
4035
4046
4057
4067
4078
4089
4099
4110
4120
4131
4141
4152
4162
4173
4183
4194
4205
4215
4227
4239
4250
4262
4274
4285
4297
4308
4320
4332
4343
4355
4366
4378
4389
4401
4412
4424
4436
4448
4459
4470
4482
4494
4507
4518
4530
4541
4553
4564
4578
4591
4607
4622
4634
4645
4680
4697
4711
4722
4734
4745
4757
4768
4780
4791
4803
4814
4826
4837
4848
4860
4871
4883
4894
4905
4917
4928
4940
4951
4962
4973
4985
4996
5007
5019
5030
5041
5052
5064
5075
5087
5098
5109
5121
5132
5145
5157
5169
5180
5191
5203
5214
5226
5237
5248
5259
5271
5282
5295
5306
5318
5329
5340
5352
5363
5375
5386
5397
5409
5420
5432
5443
5455
5466
5478
5489
5500
5511
5522
5534
5545
5556
5568
5579
5590
5601
5613
5624
5635
5646
5658
5670
5681
5692
5703
5714
5726
5737
5748
5759
5771
5782
5793
5805
5816
5827
5838
5854
5865
5876
5888
5899
5911
5922
5934
5945
5957
5974
5986
5997
6009
6020
6031
6043
6054
6066
6077
6090
6104
6117
6129
6141
6152
6167
6179
6190
6202
6213
6225
6236
6247
6260
6271
6282
6294
6305
6316
6330
6341
6353
6364
6376
6388
6406
6416
6427
6438
6448
6459
6469
6480
6491
6503
6518
6529
6547
6558
6569
6581
6592
6603
6614
6626
6640
6651
6663
6675
6686
6697
6710
6721
6733
6746
6759
6770
6782
6793
6805
6816
6827
6839
6850
6862
6873
6885
6896
6908
6919
6930
6942
6953
6964
6976
6987
6999
7010
7022
7033
7045
7057
7068
7079
7091
7102
7113
7125
7136
7147
7159
7175
7187
7198
7209
7220
7230
7241
7252
7262
7273
7284
7294
7305
7317
7328
7340
7351
7362
7373
7385
7396
7407
7419
7430
7441
7459
7470
7482
7493
7505
7516
7528
7539
7550
7561
7573
7584
7595
7607
7618
7629
7641
7656
7668
7680
7691
7703
7714
7725
7737
7748
7760
7771
7783
7794
7805
7817
7828
7839
7851
7862
7874
7885
7896
7908
7919
7930
7942
7953
7970
7982
7993
8005
8016
8027
8039
8051
8062
8074
8085
8097
8108
8119
8131
8142
8154
8165
8177
8188
8199
8211
8222
8234
8245
8257
8268
8279
8292
8303
8315
8326
8337
8349
8361
8372
8388
8400
8412
8423
8435
8446
8457
8469
8480
8492
8506
8518
8530
8542
8555
8568
8580
8593
8605
8616
8628
8640
8651
8663
8675
8686
8698
8709
8721
8732
8744
8755
8767
8778
8790
8803
8814
8826
8837
8849
8860
8872
8883
8895
8906
8918
8929
8941
8952
8964
8975
8987
8999
9010
9021
9033
9047
9058
9070
9081
9093
9104
9116
9128
9139
9151
9162
9174
9185
9203
9214
9226
9237
9249
9260
9271
9283
9294
9306
9317
9329
9340
9354
9365
9377
9388
9400
9412
9423
9435
9447
9458
9470
9481
9493
9504
9516
9528
9539
9551
9562
9574
9586
9597
9609
9621
9632
9644
9655
9667
9678
9690
9702
9713
9725
9736
9748
9761
9773
9784
9796
9807
9819
9831
9842
9854
9865
9877
9888
9900
9911
9923
9935
9948
9959
9975
9986
9998
10010
10021
10032
10044
10055
10067
10078
10090
10101
10113
10124
10136
10147
10159
10170
10182
10193
10204
10216
10227
10239
10255
10266
10278
10289
10301
10312
10323
10335
10346
10358
10369
10381
10392
10403
10415
10426
10438
10449
10461
10472
10484
10496
10512
10523
10535
10546
10557
10569
10581
10593
10604
10616
10627
10639
10652
10663
10675
10686
10699
10710
10723
10739
10750
10762
10773
10785
10797
10809
10820
10831
10843
10854
10865
10877
10888
10899
10911
10922
10933
10945
10957
10968
10979
10991
11002
11013
11025
11038
11055
11067
11078
11089
11101
11112
11124
11136
11148
11160
11172
11184
11196
11208
11221
11233
11245
11257
11269
11281
11295
11308
11320
11332
11344
11356
11368
11381
11392
11404
11415
11426
11438
11449
11461
11472
11484
11498
11513
11531
11543
11554
11565
11577
11589
11601
11613
11624
11636
11647
11659
11670
11681
11693
11704
11715
11727
11738
11750
11761
11776
11787
11799
11810
11822
11838
11849
11861
11872
11883
11895
11906
11917
11929
11940
11952
11963
11975
11987
11998
12010
12021
12032
12044
12056
12067
12079
12090
12102
12113
12125
12143
12155
12166
12178
12190
12202
12217
12228
12238
12250
12260
12271
12281
12292
12303
12313
12324
12335
12347
12358
12370
12381
12392
12404
12415
12427
12439
12453
12465
12476
12488
12499
12510
12522
12533
12545
12556
12567
12579
12590
12602
12613
12625
12636
12648
12659
12671
12682
12694
12706
12717
12729
12741
12753
12771
12782
12794
12805
12816
12828
12839
12850
12862
12873
12884
12896
12907
12919
12930
12941
12953
12965
12977
12988
13001
13012
13024
13036
13048
13059
13071
13082
13093
13105
13116
13128
13140
13151
13162
13174
13185
13196
13208
13219
13230
13242
13253
13264
13276
13287
13298
13310
13321
13332
13345
13358
13371
13383
13395
13408
13427
13439
13451
13463
13475
13488
13499
13512
13523
13534
13546
13557
13568
13580
13591
13602
13614
13625
13637
13648
13659
13671
13682
13698
13709
13721
13732
13743
13755
13766
13778
13789
13801
13815
13826
13838
13849
13861
13872
13884
13895
13906
13918
13929
13941
13952
13963
13975
13989
14000
14011
14023
14035
14048
14060
14071
14083
14095
14106
14118
14129
14141
14155
14166
14176
14186
14197
14207
14217
14228
14238
14249
14259
14269
14280
14290
14301
14311
14322
14332
14343
14354
14365
14375
14386
14396
14407
14418
14429
14439
14452
14463
14475
14486
14499
14510
14522
14533
14544
14556
14574
14585
14597
14608
14619
14631
14642
14653
14667
14678
14690
14701
14712
14724
14735
14747
14759
14771
14782
14793
14805
14816
14827
14839
14850
14861
14873
14884
14896
14907
14919
14930
14941
14953
14964
14976
14987
14999
15010
15022
15034
15045
15056
15068
15079
15091
15102
15114
15126
15137
15149
15160
15175
15186
15197
15209
15220
15231
15243
15254
15271
15282
15294
15305
15316
15328
15339
15351
15362
15374
15385
15397
15408
15420
15431
15443
15455
15467
15479
15491
15502
15519
15530
15541
15553
15564
15576
15591
15603
15614
15625
15637
15648
15659
15671
15682
15693
15705
15720
15731
15743
15754
15767
15779
15790
15807
15818
15830
15843
15854
15866
15877
15888
15903
15915
15926
15938
15949
15960
15972
15983
15995
16006
16017
16028
16040
16051
16062
16073
16085
16096
16107
16119
16130
16141
16153
16164
16176
16187
16198
16210
16221
16232
16244
16255
16267
16279
16290
16301
16313
16324
16335
16347
16359
16370
16381
16392
16404
16415
16426
16438
16449
16460
16471
16483
16494
16505
16518
16531
16542
16554
16565
16577
16588
16600
16614
16625
16637
16649
16660
16672
16683
16695
16706
16718
16729
16741
16752
16764
16779
16790
16803
16815
16826
16838
16849
16861
16872
16883
16895
16906
16918
16929
16940
16952
16963
16975
16986
16998
17009
17024
17035
17047
17058
17070
17081
17092
17104
17117
17129
17142
17154
17166
17179
17191
17203
17214
17226
17241
17251
17261
17272
17282
17293
17303
17314
17325
17336
17347
17357
17370
17382
17393
17405
17416
17428
17439
17451
17462
17474
17486
17497
17509
17520
17531
17543
17556
17568
17581
17593
17606
17618
17630
17643
17656
17668
17681
17693
17706
17718
17731
17744
17756
17769
17782
17795
17806
17818
17829
17840
17851
17864
17875
17886
17898
17909
17920
17932
17943
17955
17966
17977
17989
18000
18011
18023
18034
18045
18057
18068
18079
18091
18107
18118
18130
18142
18153
18165
18176
18187
18199
18210
18221
18233
18244
18255
18267
18278
18289
18301
18312
18324
18336
18347
18359
18370
18382
18393
18404
18416
18427
18438
18450
18461
18472
18484
18495
18512
18523
18534
18546
18557
18568
18580
18591
18602
18614
18625
18638
18649
18660
18671
18682
18694
18705
18716
18727
18738
18750
18761
18772
18783
18795
18806
18817
18828
18839
18851
18862
18873
18884
18897
18909
18921
18932
18944
18955
18967
18978
18990
19001
19012
19024
19035
19047
19058
19070
19081
19092
19104
19115
19126
19138
19149
19161
19172
19183
19195
19206
19218
19229
19240
19252
19263
19275
19287
19303
19315
19327
19339
19351
19362
19374
19386
19398
19410
19422
19434
19445
19457
19469
19480
19492
19504
19516
19528
19540
19551
19563
19574
19586
19597
19609
19621
19632
19644
19656
19667
19679
19691
19703
19715
19726
19738
19750
19761
19773
19785
19797
19808
19820
19831
19843
19854
19866
19877
19889
19900
19912
19923
19935
19949
19961
19972
19984
19996
20007
20019
20031
20043
20054
20066
20077
20089
20100
20112
20123
20135
20146
20157
20172
20184
20196
20207
20219
20230
20242
20253
20265
20276
20288
20300
20312
20323
20335
20346
20358
20372
20383
20395
20406
20418
20429
20440
20452
20464
20476
20488
20500
20513
20525
20537
20549
20561
20573
20585
20597
20609
20625
20637
20649
20661
20673
20686
20699
20716
20728
20740
20752
20764
20776
20788
20800
20812
20825
20837
20849
20861
20874
20886
20900
20911
20922
20933
20945
20956
20968
20979
20990
21000
21011
21022
21032
21043
21053
21064
21076
21088
21100
21115
21126
21138
21150
21161
21172
21184
21195
21207
21218
21229
21241
21252
21264
21275
21287
21298
21309
21321
21332
21344
21355
21366
21378
21389
21401
21412
21423
21435
21446
21458
21469
21480
21491
21503
21514
21526
21543
21554
21565
21577
21588
21599
21611
21627
21638
21649
21661
21672
21684
21696
21707
21718
21730
21741
21752
21764
21775
21786
21797
21808
21819
21831
21842
21853
21864
21876
21887
21899
21912
21924
21935
21946
21958
21969
21981
21992
22004
22016
22028
22040
22052
22064
22076
22087
22099
22111
22123
22135
22147
22158
22170
22182
22193
22205
22216
22228
22240
22257
22267
22278
22289
22299
22310
22321
22332
22343
22353
22364
22374
22385
22395
22407
22418
22429
22439
22451
22463
22474
22486
22497
22509
22521
22532
22544
22556
22568
22579
22591
22602
22614
22625
22637
22649
22660
22672
22684
22695
22707
22718
22730
22742
22754
22765
22777
22789
22801
22812
22824
22835
22847
22859
22871
22883
22894
22906
22917
22929
22941
22952
22964
22976
22988
23000
23012
23024
23035
23046
23059
23070
23081
23093
23104
23116
23127
23139
23150
23162
23174
23185
23196
23208
23219
23230
23241
23253
23264
23275
23287
23298
23309
23321
23332
23347
23358
23369
23381
23392
23403
23414
23425
23437
23448
23459
23471
23482
23494
23505
23517
23528
23540
23551
23562
23574
23585
23601
23612
23623
23635
23646
23658
23669
23680
23692
23703
23715
23726
23738
23749
23760
23772
23783
23794
23806
23817
23828
23840
23851
23863
23874
23885
23897
23908
23919
23931
23942
23954
23965
23976
23987
24002
24013
24025
24036
24047
24060
24071
24083
24094
24105
24117
24128
24139
24151
24162
24173
24185
24196
24208
24219
24230
24242
24253
24264
24274
24284
24295
24305
24315
24325
24336
24346
24357
24367
24377
24388
24398
24409
24419
24429
24440
24450
24461
24471
24482
24493
24503
24514
24525
24535
24546
24557
24568
24580
24591
24602
24614
24625
24637
24648
24660
24671
24683
24694
24706
24717
24728
24740
24751
24763
24777
24788
24800
24811
24822
24834
24845
24856
24868
24879
24891
24902
24913
24925
24936
24947
24959
24970
24981
24993
25004
25016
25027
25044
25056
25067
25079
25090
25102
25113
25125
25137
25149
25161
25172
25184
25196
25208
25219
25232
25243
25256
25268
25279
25290
25302
25313
25325
25336
25348
25359
25371
25382
25393
25405
25416
25427
25439
25450
25462
25473
25486
25498
25509
25520
25539
25550
25562
25573
25584
25596
25608
25620
25633
25646
25659
25672
25685
25698
25710
25722
25735
25747
25760
25773
25785
25797
25809
25822
25834
25846
25859
25871
25883
25895
25908
25920
25931
25944
25956
25968
25981
25993
26005
26017
26030
26042
26054
26067
26079
26092
26104
26116
26128
26140
26153
26166
26178
26189
26200
26212
26223
26235
26248
26260
26273
26285
26297
26310
26322
26334
26347
26359
26372
26384
26397
26410
26423
26438
26450
26461
26473
26484
26496
26507
26519
26530
26541
26553
26564
26576
26587
26599
26610
26622
26633
26644
26656
26667
26679
26690
26701
26713
26724
26735
26747
26758
26770
26781
26792
26804
26815
26827
26838
26849
26861
26872
26884
26895
26907
26918
26930
26941
26953
26964
26976
26987
26999
27010
27021
27033
27044
27056
27067
27079
27090
27102
27113
27124
27136
27147
27159
27170
27182
27193
27204
27216
27229
27241
27252
27265
27276
27286
27297
27307
27318
27329
27339
27350
27361
27371
27382
27393
27403
27414
27424
27435
27446
27458
27469
27480
27491
27503
27514
27525
27537
27548
27559
27571
27582
27593
27605
27616
27627
27639
27650
27661
27673
27684
27695
27707
27718
27729
27740
27752
27763
27775
27786
27797
27808
27820
27832
27843
27855
27866
27877
27889
27900
27911
27924
27936
27947
27958
27969
27981
27992
28003
28014
28026
28037
28048
28059
28071
28082
28093
28104
28115
28127
28138
28149
28161
28172
28183
28194
28205
28217
28228
28239
28251
28262
28274
28286
28297
28309
28320
28332
28343
28355
28366
28378
28389
28401
28412
28424
28436
28447
28459
28470
28482
28493
28504
28516
28528
28539
28550
28562
28576
28587
28599
28611
28622
28633
28645
28657
28671
28682
28694
28705
28717
28728
28740
28751
28763
28775
28786
28798
28814
28826
28837
28849
28860
28872
28883
28895
28907
28918
28930
28941
28953
28965
28976
28988
28999
29011
29022
29034
29046
29058
29069
29081
29099
29111
29122
29134
29145
29157
29169
29180
29192
29203
29215
29228
29240
29252
29263
29275
29286
29298
29309
29321
29332
29344
29355
29367
29379
29390
29401
29413
29425
29436
29448
29460
29471
29483
29496
29508
29519
29531
29544
29555
29567
29578
29590
29601
29612
29623
29635
29646
29657
29669
29680
29691
29702
29714
29725
29736
29747
29759
29770
29781
29793
29804
29815
29826
29838
29849
29860
29871
29882
29894
29905
29916
29928
29939
29950
29962
29973
29984
29996
30007
30027
30039
30050
30061
30073
30084
30096
30107
30119
30130
30142
30153
30165
30176
30188
30199
30211
30222
30234
30245
30257
30268
30279
30291
30302
30313
30324
30336
30347
30359
30370
30382
30393
30404
30416
30427
30438
30450
30461
30472
30484
30495
30507
30518
30529
30541
30552
30563
30574
30591
30603
30614
30625
30636
30648
30659
30670
30681
30693
30704
30715
30727
30738
30749
30760
30772
30787
30798
30810
30821
30832
30844
30855
30866
30878
30892
30903
30914
30926
30937
30948
30959
30971
30982
30996
31007
31019
31030
31042
31053
31065
31076
31088
31099
31110
31121
31133
31146
31157
31168
31180
31191
31202
31214
31225
31236
31248
31260
31271
31283
31295
31306
31318
31329
31341
31352
31364
31375
31387
31398
31416
31427
31439
31450
31465
31476
31487
31498
31511
31523
31534
31546
31557
31568
31579
31591
31602
31613
31628
31639
31650
31662
31673
31685
31696
31708
31721
31732
31744
31755
31767
31778
31790
31801
31812
31824
31835
31847
31858
31870
31881
31893
31904
31916
31927
31938
31949
31961
31972
31984
31995
32007
32018
32030
32041
32053
32064
32076
32087
32099
32110
32121
32133
32144
32155
32167
32178
32189
32206
32217
32229
32244
32259
32270
32285
32295
32306
32317
32328
32340
32351
32362
32374
32385
32396
32407
32419
32430
32443
32454
32466
32477
32488
32499
32511
32522
32533
32545
32556
32567
32579
32590
32601
32612
32624
32635
32646
32658
32669
32680
32691
32703
32714
32725
32737
32748
32759
32771
32783
32794
32805
32816
32828
32839
32851
32862
32873
32884
32896
32907
32919
32930
32941
32953
32964
32975
32995
33006
33017
33029
33040
33051
33063
33074
33086
33097
33108
33119
33130
33142
33153
33165
33176
33188
33200
33211
33223
33234
33245
33257
33269
33281
33292
33304
33315
33327
33339
33350
33362
33373
33385
33396
33408
33420
33431
33442
33454
33465
33478
33489
33501
33512
33525
33536
33547
33559
33570
33581
33592
33604
33615
33626
33637
33648
33660
33671
33682
33693
33704
33716
33727
33738
33749
33761
33772
33783
33794
33805
33817
33828
33839
33850
33862
33873
33884
33896
33907
33919
33930
33941
33952
33964
33975
33986
34000
34013
34023
34034
34045
34057
34068
34079
34090
34102
34113
34124
34135
34146
34157
34169
34180
34191
34202
34214
34225
34237
34249
34260
34271
34282
34294
34305
34316
34328
34339
34350
34360
34370
34381
34391
34401
34412
34422
34432
34443
34453
34463
34474
34484
34494
34506
34516
34527
34537
34548
34560
34570
34581
34591
34602
34613
34623
34634
34651
34663
34675
34687
34698
34710
34721
34733
34744
34756
34767
34779
34790
34802
34813
34825
34836
34848
34859
34871
34883
34895
34907
34918
34930
34941
34953
34964
34976
34988
34999
35011
35022
35033
35044
35056
35067
35082
35092
35103
35113
35124
35134
35148
35158
35169
35180
35191
35201
35212
35222
35234
35245
35256
35267
35279
35290
35301
35313
35324
35335
35347
35358
35369
35380
35392
35403
35415
35426
35437
35449
35460
35471
35482
35494
35505
35516
35527
35539
35550
35561
35573
35584
35595
35607
35618
35630
35641
35652
35664
35675
35686
35698
35709
35720
35732
35743
35754
35766
35777
35789
35800
35812
35823
35835
35846
35857
35869
35880
35891
35907
35918
35929
35941
35952
35963
35974
35985
35996
36008
36020
36031
36043
36054
36066
36077
36088
36100
36111
36122
36134
36145
36160
36172
36183
36195
36206
36221
36232
36244
36256
36267
36279
36291
36302
36314
36326
36337
36349
36361
36372
36384
36396
36408
36419
36431
36443
36454
36466
36477
36489
36501
36512
36524
36535
36547
36559
36571
36583
36594
36606
36618
36629
36641
36653
36665
36676
36687
36698
36710
36721
36732
36743
36755
36766
36777
36788
36799
36811
36822
36836
36847
36858
36869
36881
36892
36903
36914
36925
36937
36948
36959
36970
36982
36993
37004
37015
37026
37038
37049
37060
37071
37083
37094
37105
37116
37128
37140
37152
37164
37175
37186
37197
37209
37220
37231
37242
37254
37265
37276
37287
37298
37309
37319
37329
37340
37350
37365
37377
37392
37403
37414
37425
37436
37448
37459
37470
37481
37492
37505
37516
37528
37539
37550
37562
37573
37584
37596
37607
37618
37629
37640
37652
37663
37675
37686
37697
37708
37720
37731
37742
37754
37765
37776
37787
37799
37810
37821
37832
37844
37855
37866
37878
37890
37901
37912
37924
37935
37950
37961
37973
37984
37996
38007
38019
38030
38041
38053
38064
38075
38086
38103
38114
38125
38137
38148
38159
38170
38181
38193
38204
38215
38226
38238
38249
38260
38271
38282
38294
38305
38316
38327
38339
38350
38361
38372
38384
38395
38406
38417
38429
38440
38451
38462
38474
38485
38496
38507
38519
38531
38542
38555
38566
38577
38589
38600
38611
38623
38634
38645
38656
38667
38679
38690
38702
38713
38724
38735
38747
38758
38770
38781
38792
38804
38815
38830
38841
38852
38864
38876
38887
38898
38910
38921
38932
38944
38955
38967
38983
38994
39006
39017
39029
39040
39051
39063
39074
39086
39097
39109
39120
39132
39143
39155
39166
39178
39189
39200
39212
39223
39234
39246
39257
39269
39280
39291
39303
39314
39326
39337
39349
39361
39372
39383
39395
39406
39418
39430
39441
39453
39464
39476
39487
39498
39510
39521
39532
39544
39555
39568
39579
39590
39601
39613
39624
39635
39646
39657
39668
39680
39691
39702
39714
39725
39736
39748
39759
39770
39782
39794
39805
39816
39827
39838
39849
39861
39872
39883
39894
39905
39916
39927
39939
39955
39966
39977
39989
40000
40012
40023
40035
40046
40058
40069
40080
40092
40103
40114
40125
40137
40150
40161
40173
40184
40199
40210
40221
40233
40244
40255
40267
40278
40289
40301
40312
40323
40334
40346
40357
40368
40380
40391
40404
40417
40429
40441
40453
40466
40478
40491
40503
40516
40529
40542
40554
40567
40579
40592
40605
40617
40630
40643
40655
40667
40679
40692
40704
40717
40729
40742
40754
40766
40778
40790
40802
40815
40828
40840
40852
40866
40879
40891
40903
40915
40928
40940
40953
40966
40978
40990
41004
41016
41028
41041
41057
41069
41082
41094
41107
41119
41132
41143
41155
41168
41183
41196
41209
41221
41234
41246
41257
41268
41279
41291
41302
41313
41324
41336
41347
41358
41369
41381
41392
41403
41414
41426
41437
41448
41459
41471
41482
41493
41504
41516
41527
41538
41550
41561
41572
41583
41595
41606
41617
41628
41639
41651
41662
41673
41684
41696
41708
41724
41736
41747
41758
41769
41780
41792
41803
41814
41825
41837
41848
41860
41871
41882
41893
41904
41915
41927
41939
41951
41962
41974
41985
41996
42007
42019
42030
42041
42052
42064
42076
42087
42098
42110
42121
42132
42143
42155
42166
42177
42189
42200
42211
42222
42233
42245
42256
42267
42279
42290
42301
42313
42323
42333
42344
42354
42364
42375
42385
42395
42406
42416
42426
42437
42447
42458
42469
42479
42490
42500
42511
42522
42532
42543
42554
42566
42577
42589
42600
42612
42624
42635
42647
42659
42671
42682
42694
42705
42717
42728
42739
42751
42762
42773
42785
42796
42808
42819
42831
42842
42853
42864
42875
42887
42898
42909
42920
42931
42942
42954
42965
42976
42987
42998
43010
43021
43032
43043
43054
43065
43076
43088
43099
43110
43122
43133
43144
43164
43175
43186
43197
43208
43219
43230
43241
43252
43263
43274
43285
43295
43306
43317
43328
43339
43351
43362
43373
43385
43396
43408
43420
43432
43443
43455
43467
43480
43491
43504
43516
43530
43544
43556
43569
43582
43595
43608
43620
43632
43644
43656
43668
43680
43693
43705
43717
43729
43741
43753
43765
43777
43789
43800
43813
43825
43837
43849
43861
43873
43888
43900
43912
43924
43936
43948
43960
43972
43984
43995
44006
44018
44029
44045
44057
44068
44080
44091
44103
44114
44126
44137
44148
44160
44171
44183
44194
44206
44217
44229
44240
44252
44263
44275
44286
44298
44309
44320
44332
44344
44355
44367
44378
44390
44402
44413
44425
44436
44447
44457
44467
44478
44488
44499
44509
44519
44529
44540
44550
44560
44571
44581
44592
44603
44614
44624
44635
44645
44656
44667
44677
44688
44699
44710
44722
44733
44744
44763
44774
44786
44797
44808
44820
44832
44843
44855
44866
44878
44890
44901
44913
44924
44936
44948
44959
44971
44983
44994
45006
45018
45030
45042
45054
45066
45078
45090
45101
45113
45125
45137
45149
45161
45175
45187
45200
45212
45224
45236
45248
45261
45273
45284
45296
45308
45319
45331
45343
45355
45366
45378
45390
45401
45413
45425
45436
45448
45460
45471
45485
45498
45510
45522
45534
45547
45559
45571
45584
45596
45608
45621
45633
45645
45658
45669
45682
45694
45705
45716
45727
45738
45750
45761
45772
45783
45795
45806
45817
45828
45839
45851
45862
45873
45884
45896
45907
45919
45930
45941
45953
45964
45975
45987
45998
46009
46020
46032
46043
46054
46065
46076
46087
46099
46110
46121
46133
46144
46155
46166
46178
46189
46200
46211
46223
46234
46245
46256
46268
46279
46290
46302
46313
46324
46335
46346
46357
46369
46380
46391
46402
46413
46425
46436
46447
46459
46470
46481
46493
46504
46515
46527
46538
46549
46560
46572
46583
46594
46606
46617
46628
46640
46651
46662
46674
46685
46696
46708
46719
46731
46742
46753
46765
46776
46787
46798
46810
46821
46832
46843
46854
46866
46877
46888
46899
46910
46922
46933
46944
46955
46967
46978
46989
47000
47012
47023
47034
47046
47057
47068
47079
47090
47101
47115
47127
47138
47149
47160
47171
47183
47194
47205
47216
47227
47239
47250
47261
47272
47284
47295
47306
47317
47328
47339
47349
47360
47370
47380
47391
47401
47412
47422
47433
47443
47454
47464
47475
47486
47496
47507
47517
47528
47538
47549
47559
47571
47582
47593
47605
47616
47627
47639
47650
47661
47673
47684
47696
47707
47718
47730
47741
47752
47764
47775
47786
47798
47809
47820
47832
47843
47854
47865
47877
47888
47899
47911
47923
47934
47945
47957
47968
47979
47990
48002
48013
48024
48035
48046
48057
48068
48079
48091
48102
48113
48124
48135
48146
48157
48169
48180
48191
48202
48214
48225
48236
48247
48259
48270
48281
48292
48303
48314
48326
48337
48349
48360
48372
48383
48394
48405
48416
48427
48439
48450
48461
48472
48484
48495
48506
48518
48529
48541
48552
48563
48574
48585
48596
48607
48618
48630
48641
48652
48663
48674
48685
48696
48707
48718
48729
48740
48752
48763
48774
48785
48796
48808
48819
48830
48841
48853
48864
48875
48886
48898
48909
48920
48931
48943
48954
48965
48976
48987
48999
49010
49021
49032
49044
49055
49066
49077
49089
49100
49111
49123
49134
49146
49157
49168
49180
49191
49202
49214
49225
49236
49247
49259
49270
49288
49300
49312
49324
49335
49347
49359
49371
49383
49395
49407
49419
49431
49443
49455
49468
49480
49492
49503
49514
49526
49537
49548
49559
49571
49582
49593
49605
49616
49627
49639
49650
49661
49673
49684
49695
49706
49717
49728
49740
49751
49762
49773
49784
49796
49807
49818
49829
49840
49852
49863
49874
49885
49897
49908
49919
49931
49942
49953
49964
49976
49991
50002
50015
50027
50039
50051
50062
50073
50084
50096
50107
50118
50129
50140
50151
50163
50174
50185
50196
50208
50219
50234
50246
50258
50269
50280
50291
50302
50314
50325
50336
50347
50358
50370
50381
50392
50404
50415
50426
50437
50448
50459
50470
50482
50493
50505
50516
50527
50538
50550
50561
50572
50583
50594
50605
50617
50628
50639
50650
50661
50672
50683
50694
50705
50716
50728
50739
50750
50761
50772
50783
50795
50806
50817
50828
50839
50850
50861
50873
50884
50895
50906
50917
50929
50940
50951
50962
50973
50984
50996
51007
51018
51029
51042
51053
51064
51075
51086
51097
51108
51120
51131
51142
51153
51164
51175
51186
51197
51208
51219
51230
51241
51252
51265
51276
51287
51298
51309
51320
51331
51342
51353
51364
51375
51386
51397
51408
51419
51430
51442
51453
51464
51475
51486
51497
51508
51520
51531
51542
51553
51565
51576
51587
51598
51610
51621
51633
51646
51659
51671
51683
51695
51708
51719
51731
51743
51756
51768
51780
51791
51802
51814
51825
51836
51847
51859
51870
51881
51892
51904
51915
51926
51937
51948
51959
51971
51982
51993
52004
52016
52027
52038
52050
52061
52072
52083
52095
52106
52117
52129
52140
52151
52162
52174
52185
52196
52207
52218
52230
52241
52252
52263
52275
52286
52297
52308
52319
52331
52347
52360
52370
52380
52391
52401
52412
52422
52432
52443
52453
52463
52474
52484
52495
52505
52516
52526
52537
52547
52557
52568
52578
52589
52599
52610
52620
52631
52642
52654
52665
52676
52687
52698
52710
52721
52732
52743
52755
52766
52777
52788
52799
52810
52822
52833
52844
52855
52867
52878
52890
52901
52912
52923
52935
52946
52957
52968
52979
52991
53002
53013
53025
53036
53047
53059
53070
53081
53092
53103
53114
53125
53137
53148
53159
53171
53182
53193
53204
53215
53227
53238
53249
53260
53271
53282
53293
53304
53315
53327
53338
53349
53360
53372
53383
53394
53405
53416
53434
53446
53457
53469
53481
53492
53504
53515
53527
53539
53550
53561
53572
53584
53595
53606
53617
53628
53639
53651
53662
53673
53684
53695
53706
53717
53729
53740
53751
53762
53774
53785
53796
53807
53819
53830
53841
53852
53863
53875
53886
53897
53908
53920
53931
53942
53953
53964
53975
53986
53998
54009
54020
54032
54044
54055
54067
54078
54089
54100
54111
54123
54134
54145
54156
54167
54178
54190
54201
54212
54223
54234
54245
54256
54267
54279
54290
54301
54312
54324
54335
54346
54357
54368
54380
54391
54402
54413
54425
54436
54447
54458
54470
54481
54492
54503
54514
54526
54536
54546
54557
54567
54577
54587
54598
54608
54618
54629
54639
54649
54660
54670
54680
54691
54701
54712
54722
54733
54743
54754
54764
54775
54785
54796
54806
54817
54827
54838
54848
54859
54869
54880
54890
54901
54911
54922
54933
54944
54955
54967
54978
54988
54999
55010
55021
55032
55044
55055
55066
55077
55087
55098
55108
55119
55129
55141
55152
55163
55174
55185
55197
55208
55219
55230
55241
55253
55264
55275
55286
55297
55308
55319
55331
55342
55353
55365
55376
55388
55399
55411
55422
55434
55445
55457
55469
55481
55496
55508
55519
55531
55542
55553
55565
55576
55587
55599
55610
55622
55633
55644
55656
55667
55679
55690
55701
55713
55724
55735
55747
55758
55770
55781
55792
55804
55815
55826
55838
55849
55861
55872
55883
55895
55906
55918
55929
55940
55952
55963
55974
55986
55998
56009
56020
56031
56042
56054
56065
56076
56087
56098
56109
56120
56131
56142
56153
56164
56175
56186
56197
56208
56219
56230
56241
56253
56264
56275
56286
56298
56309
56320
56331
56343
56354
56365
56376
56387
56399
56410
56421
56432
56443
56455
56466
56477
56488
56500
56511
56523
56534
56545
56556
56567
56578
56590
56601
56612
56624
56635
56646
56657
56668
56679
56691
56702
56714
56725
56736
56747
56759
56770
56781
56792
56807
56819
56831
56843
56855
56867
56879
56891
56903
56916
56928
56940
56952
56964
56976
56988
57000
57012
57024
57036
57047
57059
57071
57083
57095
57107
57119
57131
57143
57154
57166
57178
57190
57201
57213
57225
57236
57248
57260
57272
57283
57295
57307
57319
57331
57349
57359
57370
57380
57390
57401
57412
57422
57433
57444
57455
57466
57477
57487
57498
57508
57520
57531
57542
57554
57565
57577
57589
57600
57612
57624
57635
57647
57659
57670
57682
57693
57705
57717
57728
57740
57751
57764
57776
57787
57799
57810
57822
57833
57845
57857
57869
57880
57892
57903
57915
57926
57937
57949
57960
57971
57982
57993
58005
58017
58028
58039
58050
58061
58072
58084
58095
58107
58118
58129
58140
58151
58162
58174
58185
58197
58208
58219
58230
58242
58253
58264
58276
58287
58299
58310
58322
58334
58346
58358
58371
58383
58395
58407
58419
58432
58444
58456
58468
58481
58494
58506
58520
58535
58548
58560
58572
58583
58594
58606
58618
58629
58640
58655
58666
58677
58689
58700
58711
58723
58734
58745
58756
58768
58780
58797
58808
58821
58833
58845
58858
58870
58882
58893
58904
58915
58927
58940
58952
58965
58977
58989
59002
59014
59026
59038
59049
59060
59071
59083
59102
59113
59124
59135
59147
59158
59169
59181
59192
59203
59214
59226
59237
59248
59259
59271
59282
59293
59304
59316
59327
59339
59350
59361
59373
59384
59395
59406
59418
59429
59440
59451
59463
59474
59486
59497
59508
59521
59532
59543
59554
59565
59577
59588
59599
59612
59624
59636
59647
59658
59670
59681
59693
59704
59715
59726
59738
59749
59761
59772
59784
59795
59807
59819
59831
59843
59854
59866
59877
59889
59900
59911
59922
59934
59945
59956
59968
59979
59991
60002
60014
60025
60037
60048
60059
60071
60082
60093
60104
60116
60127
60138
60149
60160
60171
60182
60193
60204
60215
60227
60238
60249
60260
60271
60283
60295
60307
60318
60329
60340
60351
60362
60374
60385
60397
60408
60420
60432
60443
60455
60466
60478
60489
60501
60512
60523
60534
60545
60557
60568
60579
60591
60602
60613
60624
60636
60647
60659
60670
60682
60694
60706
60717
60729
60740
60752
60763
60775
60786
60798
60809
60821
60833
60844
60856
60867
60881
60892
60903
60915
60926
60937
60949
60960
60971
60983
60994
61005
61016
61028
61042
61053
61065
61076
61087
61098
61110
61121
61132
61143
61155
61166
61178
61189
61200
61211
61222
61233
61245
61257
61268
61279
61290
61302
61313
61324
61335
61346
61358
61370
61382
61394
61405
61416
61428
61439
61450
61461
61473
61484
61495
61506
61517
61529
61540
61551
61563
61574
61585
61596
61608
61619
61630
61641
61653
61664
61675
61686
61698
61709
61720
61731
61743
61754
61765
61776
61788
61799
61810
61821
61833
61844
61855
61866
61877
61888
61900
61911
61922
61934
61945
61956
61967
61978
61989
62000
62014
62025
62036
62047
62058
62070
62086
62098
62109
62120
62131
62143
62159
62171
62182
62193
62204
62215
62226
62237
62248
62259
62270
62281
62293
62303
62314
62325
62336
62347
62361
62371
62382
62393
62404
62415
62425
62436
62447
62458
62469
62480
62491
62502
62513
62524
62535
62546
62557
62568
62579
62590
62601
62612
62624
62635
62646
62658
62669
62680
62691
62702
62714
62725
62736
62747
62758
62769
62781
62792
62803
62814
62826
62837
62849
62860
62871
62882
62894
62905
62916
62927
62938
62950
62961
62972
62984
62996
63007
63018
63032
63043
63054
63066
63077
63088
63099
63112
63123
63134
63145
63157
63168
63179
63190
63202
63213
63224
63235
63248
63259
63270
63281
63293
63304
63315
63326
63337
63349
63360
63371
63383
63394
63405
63416
63428
63439
63450
63461
63472
63483
63495
63506
63517
63529
63540
63553
63565
63576
63587
63609
63620
63631
63644
63655
63666
63677
63688
63699
63711
63722
63733
63745
63756
63767
63778
63790
63801
63812
63824
63835
63846
63858
63869
63881
63892
63903
63914
63925
63936
63948
63959
63970
63981
63992
64003
64015
64026
64037
64051
64062
64073
64084
64097
64108
64120
64131
64150
64161
64172
64184
64195
64206
64218
64229
64240
64252
64263
64274
64285
64297
64308
64319
64330
64341
64353
64364
64375
64386
64399
64411
64423
64436
64450
64462
64475
64488
64500
64512
64524
64537
64549
64562
64574
64586
64597
64608
64620
64630
64640
64651
64661
64671
64681
64692
64702
64712
64723
64733
64743
64754
64765
64775
64786
64796
64807
64817
64828
64838
64849
64859
64870
64880
64891
64901
64912
64922
64933
64943
64954
64964
64975
64986
65000
65013
65026
65038
65050
65061
65072
65083
65094
65104
65115
65131
65142
65153
65164
65175
65187
65198
65209
65221
65232
65243
65254
65265
65277
65288
65300
65311
65322
65334
65345
65356
65368
65379
65390
65401
65412
65424
65435
65452
65463
65474
65486
65497
65508
65520
65531
65542
65554
65565
65576
65588
65599
65612
65623
65636
65648
65659
65670
65682
65693
65704
65715
65727
65738
65749
65761
65772
65783
65795
65806
65817
65828
65839
65850
65862
65873
65884
65895
65907
65918
65929
65941
65952
65964
65975
65987
65998
66010
66022
66033
66045
66056
66067
66079
66090
66101
66112
66124
66135
66146
66158
66169
66180
66191
66203
66214
66225
66236
66247
66259
66270
66281
66292
66303
66315
66326
66337
66349
66360
66372
66383
66395
66406
66417
66428
66440
66451
66462
66474
66486
66498
66510
66521
66533
66545
66556
66568
66580
66592
66604
66616
66628
66640
66652
66663
66675
66687
66698
66711
66722
66734
66745
66757
66769
66780
66792
66804
66816
66828
66840
66852
66864
66876
66887
66899
66911
66923
66935
66947
66959
66970
66981
66992
67004
67015
67026
67037
67048
67059
67071
67082
67093
67104
67116
67127
67138
67149
67160
67172
67183
67194
67205
67216
67228
67239
67250
67261
67272
67283
67294
67306
67317
67328
67339
67350
67361
67372
67382
67393
67403
67413
67424
67434
67444
67455
67465
67475
67486
67496
67506
67517
67527
67538
67548
67559
67569
67580
67590
67601
67612
67623
67633
67644
67654
67665
67675
67686
67696
67707
67718
67729
67741
67752
67763
67774
67786
67797
67808
67819
67830
67841
67853
67864
67875
67886
67897
67909
67920
67931
67942
67953
67964
67976
67987
67999
68010
68021
68033
68044
68056
68067
68079
68090
68101
68112
68123
68135
68146
68157
68168
68179
68190
68201
68213
68224
68235
68246
68257
68268
68280
68291
68302
68314
68325
68336
68348
68359
68370
68381
68392
68404
68415
68426
68438
68450
68461
68472
68483
68494
68505
68517
68528
68539
68550
68562
68573
68585
68597
68608
68619
68630
68641
68653
68664
68675
68686
68697
68712
68723
68734
68745
68756
68768
68779
68790
68801
68812
68823
68835
68846
68857
68868
68879
68891
68902
68913
68924
68936
68947
68958
68969
68980
68991
69002
69014
69025
69036
69047
69059
69070
69081
69092
69103
69114
69126
69137
69148
69159
69171
69184
69195
69208
69219
69231
69242
69255
69266
69277
69288
69299
69310
69321
69332
69343
69355
69366
69377
69388
69399
69410
69421
69433
69444
69455
69467
69478
69490
69501
69513
69524
69536
69547
69559
69570
69582
69593
69605
69617
69628
69640
69652
69664
69676
69688
69699
69712
69723
69735
69746
69758
69769
69780
69791
69803
69814
69825
69836
69847
69858
69870
69881
69892
69903
69915
69926
69937
69948
69959
69970
69982
69993
70004
70015
70026
70037
70049
70062
70073
70085
70096
70108
70119
70130
70141
70152
70163
70175
70186
70197
70208
70219
70230
70241
70252
70263
70274
70285
70297
70308
70319
70330
70342
70353
70364
70375
70386
70397
70409
70420
70431
70442
70453
70464
70475
70487
70498
70509
70520
70532
70543
70554
70565
70576
70587
70598
70609
70623
70634
70645
70656
70668
70679
70691
70702
70713
70724
70735
70746
70757
70769
70780
70791
70802
70813
70824
70835
70846
70857
70868
70879
70890
70902
70913
70924
70935
70946
70958
70969
70980
70992
71003
71014
71026
71037
71048
71059
71070
71082
71093
71104
71115
71127
71138
71149
71160
71171
71183
71194
71205
71216
71227
71239
71250
71261
71272
71283
71294
71305
71316
71327
71339
71350
71361
71372
71383
71394
71405
71416
71427
71439
71450
71461
71472
71483
71495
71506
71517
71528
71540
71551
71562
71573
71585
71596
71607
71618
71630
71641
71652
71663
71675
71686
71697
71709
71720
71731
71742
71753
71765
71776
71787
71798
71810
71821
71832
71843
71855
71866
71877
71888
71899
71911
71922
71933
71944
71956
71967
71979
71990
72001
72013
72024
72036
72048
72059
72070
72082
72093
72104
72115
72127
72138
72149
72160
72172
72183
72194
72205
72216
72228
72239
72252
72263
72274
72286
72297
72308
72319
72331
72342
72353
72365
72376
72391
72401
72412
72422
72432
72443
72453
72463
72474
72484
72495
72505
72516
72526
72537
72547
72558
72569
72579
72590
72600
72611
72621
72632
72642
72653
72663
72674
72684
72695
72705
72716
72726
72737
72747
72758
72769
72779
72790
72801
72811
72822
72834
72845
72856
72867
72878
72889
72901
72912
72923
72934
72946
72958
72969
72980
72991
73002
73013
73024
73035
73047
73060
73071
73082
73094
73105
73116
73127
73138
73150
73161
73172
73183
73194
73205
73216
73228
73239
73250
73261
73272
73283
73295
73306
73317
73328
73339
73350
73361
73372
73383
73395
73406
73417
73429
73440
73451
73462
73473
73484
73496
73507
73518
73529
73541
73552
73564
73575
73586
73597
73609
73620
73631
73642
73653
73670
73681
73692
73703
73715
73726
73737
73749
73760
73772
73787
73798
73809
73820
73831
73842
73853
73864
73875
73887
73898
73909
73920
73931
73942
73953
73964
73975
73986
73997
74008
74020
74031
74042
74053
74064
74075
74087
74101
74112
74124
74135
74146
74158
74169
74180
74192
74203
74214
74225
74237
74248
74259
74271
74282
74293
74305
74316
74327
74339
74351
74362
74373
74385
74396
74407
74419
74430
74441
74452
74463
74475
74486
74497
74508
74519
74530
74541
74553
74564
74575
74586
74597
74608
74619
74631
74642
74654
74665
74677
74688
74705
74715
74725
74736
74746
74756
74767
74777
74788
74798
74808
74819
74830
74840
74851
74861
74871
74882
74892
74903
74913
74923
74934
74944
74955
74965
74976
74986
74997
75007
75018
75028
75039
75049
75059
75070
75080
75091
75101
75112
75122
75132
75142
75153
75163
75173
75184
75200
75211
75222
75234
75246
75257
75268
75280
75291
75302
75313
75324
75336
75347
75358
75370
75381
75392
75403
75416
75427
75438
75450
75461
75472
75484
75496
75507
75518
75530
75541
75552
75564
75575
75587
75598
75609
75621
75632
75644
75655
75667
75678
75690
75702
75715
75727
75738
75750
75761
75773
75785
75796
75807
75819
75831
75842
75853
75865
75876
75888
75899
75911
75923
75934
75945
75956
75968
75979
75990
76002
76013
76025
76036
76047
76058
76070
76081
76092
76104
76115
76127
76138
76149
76160
76172
76183
76194
76206
76217
76229
76240
76251
76262
76274
76285
76296
76308
76319
76330
76342
76353
76364
76376
76387
76398
76410
76421
76433
76444
76455
76467
76478
76489
76500
76511
76522
76534
76545
76556
76567
76578
76589
76600
76611
76622
76633
76651
76662
76673
76684
76695
76706
76717
76728
76739
76750
76762
76772
76784
76794
76805
76817
76828
76839
76850
76861
76872
76883
76894
76905
76916
76927
76938
76949
76960
76971
76982
76993
77005
77018
77030
77041
77053
77064
77076
77087
77099
77110
77122
77133
77144
77156
77167
77179
77190
77202
77213
77225
77236
77248
77259
77270
77282
77293
77305
77316
77327
77339
77350
77361
77373
77384
77395
77406
77416
77426
77437
77447
77458
77468
77479
77489
77500
77510
77521
77531
77542
77552
77562
77573
77583
77593
77604
77615
77626
77637
77648
77659
77670
77681
77692
77703
77714
77725
77736
77747
77758
77769
77780
77791
77802
77814
77825
77836
77847
77858
77869
77881
77892
77903
77914
77925
77936
77947
77958
77969
77980
77992
78003
78014
78025
78036
78047
78059
78070
78081
78092
78104
78115
78126
78137
78148
78159
78170
78181
78192
78203
78214
78225
78236
78247
78259
78270
78281
78292
78303
78314
78325
78336
78347
78358
78369
78380
78391
78402
78413
78424
78435
78446
78462
78477
78488
78499
78510
78521
78532
78544
78555
78566
78577
78588
78599
78610
78621
78632
78643
78655
78666
78677
78688
78700
78711
78723
78733
78744
78756
78767
78778
78789
78800
78811
78822
78833
78844
78855
78866
78877
78888
78899
78910
78921
78932
78943
78954
78965
78976
78987
78998
79009
79020
79032
79043
79053
79066
79076
79087
79098
79110
79120
79131
79142
79154
79165
79176
79187
79198
79209
79220
79231
79242
79253
79264
79275
79286
79297
79309
79320
79331
79342
79353
79364
79375
79386
79397
79408
79419
79430
79441
79452
79463
79475
79486
79497
79508
79519
79530
79541
79553
79564
79575
79586
79597
79608
79619
79630
79641
79653
79664
79675
79688
79699
79710
79721
79732
79743
79754
79765
79776
79790
79802
79813
79824
79835
79846
79857
79868
79879
79891
79901
79913
79924
79935
79946
79957
79968
79979
79990
80002
80013
80024
80035
80046
80057
80068
80079
80090
80101
80112
80123
80134
80145
80156
80167
80178
80190
80201
80211
80223
80234
80245
80256
80267
80278
80289
80300
80311
80322
80333
80344
80354
80365
80375
80386
80396
80406
80417
80427
80438
80448
80458
80469
80480
80491
80501
80511
80522
80532
80543
80553
80564
80574
80585
80596
80607
80619
80630
80641
80652
80663
80674
80685
80696
80707
80718
80731
80743
80757
80768
80780
80792
80803
80815
80826
80837
80849
80860
80871
80882
80893
80904
80915
80926
80937
80948
80960
80971
80982
80992
81003
81013
81024
81034
81044
81055
81065
81075
81086
81096
81106
81117
81127
81137
81148
81158
81169
81179
81190
81200
81210
81221
81231
81242
81252
81262
81273
81283
81294
81304
81315
81325
81336
81346
81357
81368
81378
81389
81399
81410
81421
81431
81442
81453
81463
81474
81484
81496
81507
81518
81530
81541
81552
81564
81575
81587
81598
81610
81621
81632
81644
81655
81667
81678
81690
81701
81713
81724
81736
81747
81758
81770
81781
81792
81804
81815
81826
81838
81849
81860
81871
81883
81894
81906
81917
81928
81940
81951
81963
81974
81985
81997
82008
82019
82031
82043
82054
82066
82077
82088
82100
82111
82122
82133
82144
82155
82166
82178
82189
82200
82211
82222
82233
82244
82256
82267
82278
82289
82300
82311
82323
82333
82345
82356
82367
82378
82389
82400
82414
82424
82434
82445
82455
82465
82476
82486
82496
82507
82517
82527
82537
82548
82558
82568
82579
82589
82599
82610
82620
82631
82641
82652
82662
82672
82683
82693
82704
82714
82725
82735
82746
82756
82766
82777
82787
82798
82808
82819
82829
82840
82850
82861
82871
82883
82893
82904
82915
82927
82938
82948
82960
82971
82982
82993
83004
83015
83026
83037
83048
83059
83071
83081
83092
83103
83115
83126
83137
83148
83159
83170
83181
83192
83203
83214
83225
83236
83247
83259
83270
83281
83292
83303
83314
83325
83336
83347
83358
83369
83380
83391
83402
83413
83424
83435
83446
83457
83468
83479
83490
83502
83512
83524
83535
83546
83557
83569
83580
83591
83602
83613
83624
83635
83647
83658
83669
83680
83691
83702
83713
83725
83735
83746
83757
83768
83780
83791
83802
83813
83824
83835
83846
83857
83868
83879
83890
83901
83912
83923
83934
83945
83956
83967
83978
83989
84000
84011
84022
84033
84044
84056
84067
84078
84089
84100
84112
84123
84134
84145
84156
84167
84178
84189
84201
84212
84223
84234
84245
84256
84267
84278
84289
84300
84311
84323
84334
84345
84356
84367
84378
84389
84401
84412
84423
84434
84445
84456
84467
84479
84489
84500
84511
84523
84534
84545
84556
84567
84578
84589
84600
84611
84622
84633
84644
84655
84667
84678
84689
84700
84711
84722
84733
84744
84755
84767
84778
84788
84798
84809
84819
84829
84839
84850
84860
84870
84880
84891
84901
84911
84922
84932
84942
84953
84963
84973
84983
84994
85004
85014
85025
85035
85045
85055
85066
85076
85086
85097
85107
85117
85127
85138
85148
85158
85169
85179
85189
85199
85210
85220
85230
85241
85251
85262
85272
85283
85293
85303
85314
85324
85335
85345
85355
85366
85376
85386
85397
85407
85418
85428
85438
85449
85459
85471
85482
85492
85503
85513
85524
85534
85545
85555
85565
85576
85586
85597
85607
85618
85628
85638
85649
85659
85670
85680
85690
85701
85711
85722
85733
85744
85755
85767
85779
85792
85804
85816
85828
85840
85852
85866
85878
85889
85901
85913
85924
85936
85948
85960
85972
85984
85997
86009
86021
86033
86046
86058
86070
86082
86094
86106
86118
86130
86142
86154
86167
86178
86190
86201
86212
86223
86234
86245
86256
86268
86279
86290
86301
86312
86323
86334
86346
86357
86368
86379
86390
86401
86412
86423
86434
86445
86457
86468
86479
86490
86501
86513
86524
86535
86546
86558
86569
86580
86591
86602
86613
86624
86636
86647
86658
86669
86680
86692
86703
86714
86725
86736
86747
86759
86770
86781
86792
86803
86814
86826
86837
86848
86859
86870
86882
86893
86904
86915
86926
86937
86949
86960
86971
86982
86993
87004
87015
87027
87038
87049
87060
87071
87083
87094
87105
87116
87127
87138
87149
87161
87172
87183
87194
87205
87217
87228
87240
87251
87262
87276
87288
87299
87310
87321
87332
87343
87354
87365
87376
87388
87399
87410
87425
87435
87445
87456
87466
87476
87487
87497
87507
87518
87528
87538
87549
87559
87569
87580
87590
87601
87611
87622
87632
87643
87653
87663
87674
87684
87695
87705
87716
87726
87737
87747
87757
87768
87778
87789
87799
87811
87821
87832
87842
87853
87863
87874
87884
87895
87905
87916
87926
87939
87950
87961
87972
87983
87994
88004
88015
88026
88037
88048
88059
88070
88081
88092
88103
88114
88125
88136
88147
88158
88169
88180
88191
88202
88214
88225
88237
88248
88259
88270
88281
88292
88303
88314
88325
88336
88347
88363
88374
88385
88396
88407
88418
88429
88440
88452
88463
88474
88485
88496
88507
88519
88530
88543
88554
88565
88576
88587
88598
88609
88621
88631
88643
88654
88665
88676
88687
88698
88709
88720
88731
88742
88754
88765
88776
88787
88798
88809
88820
88831
88842
88853
88864
88875
88887
88898
88909
88920
88931
88942
88953
88964
88975
88986
88998
89009
89021
89032
89043
89054
89065
89076
89087
89098
89109
89120
89131
89142
89154
89165
89176
89187
89198
89209
89220
89231
89242
89253
89264
89275
89286
89297
89308
89319
89330
89341
89352
89363
89374
89385
89396
89407
89418
89429
89441
89451
89462
89473
89484
89495
89506
89517
89528
89539
89550
89561
89572
89583
89594
89605
89616
89627
89638
89649
89660
89671
89682
89693
89704
89715
89726
89738
89749
89760
89771
89782
89793
89804
89815
89826
89837
89848
89859
89870
89881
89892
89903
89914
89925
89936
89947
89958
89969
89980
89991
90002
90012
90024
90035
90046
90056
90067
90078
90089
90100
90111
90122
90133
90144
90155
90166
90177
90188
90199
90210
90221
90232
90243
90254
90265
90276
90287
90298
90309
90320
90331
90342
90352
90364
90375
90386
90397
90408
90420
90431
90441
90452
90463
90475
90486
90497
90508
90519
90530
90541
90552
90563
90574
90585
90596
90607
90618
90630
90641
90652
90663
90674
90686
90697
90707
90718
90729
90740
90751
90762
90773
90784
90795
90806
90817
90828
90839
90851
90862
90873
90884
90895
90906
90917
90930
90941
90951
90963
90974
90985
90996
91007
91018
91029
91040
91051
91062
91073
91084
91095
91106
91117
91128
91139
91149
91160
91171
91182
91193
91204
91215
91226
91237
91248
91259
91270
91281
91291
91302
91313
91324
91335
91347
91358
91369
91380
91391
91402
91413
91424
91435
91446
91457
91468
91479
91490
91501
91512
91524
91536
91549
91561
91573
91586
91598
91609
91620
91632
91643
91655
91666
91677
91688
91700
91711
91722
91733
91744
91755
91766
91777
91788
91799
91810
91821
91832
91843
91854
91865
91876
91887
91898
91909
91920
91932
91943
91954
91965
91976
91987
91998
92009
92020
92031
92042
92053
92064
92075
92086
92097
92108
92119
92130
92141
92152
92163
92174
92185
92196
92207
92218
92229
92240
92251
92262
92273
92284
92295
92306
92317
92328
92339
92350
92361
92372
92383
92394
92405
92416
92427
92438
92449
92459
92469
92479
92490
92500
92510
92521
92531
92541
92552
92562
92572
92583
92593
92604
92614
92625
92635
92645
92656
92666
92677
92687
92698
92708
92719
92729
92740
92756
92766
92777
92787
92798
92808
92819
92829
92840
92850
92860
92871
92883
92894
92905
92916
92927
92938
92949
92960
92971
92982
92993
93004
93014
93026
93037
93048
93059
93070
93081
93092
93103
93114
93125
93136
93147
93158
93169
93179
93191
93201
93213
93224
93234
93245
93256
93267
93278
93289
93300
93311
93322
93333
93344
93355
93366
93377
93388
93399
93410
93421
93432
93443
93455
93466
93477
93488
93499
93510
93521
93532
93544
93555
93566
93578
93589
93601
93612
93624
93635
93646
93657
93668
93680
93691
93702
93713
93724
93735
93747
93758
93769
93781
93792
93803
93814
93825
93836
93847
93859
93870
93881
93892
93903
93914
93925
93936
93948
93959
93970
93981
93992
94003
94015
94025
94036
94047
94058
94070
94081
94092
94103
94114
94125
94136
94147
94158
94169
94180
94192
94203
94214
94225
94236
94247
94258
94269
94280
94291
94302
94313
94324
94335
94345
94357
94368
94379
94391
94402
94414
94425
94436
94446
94456
94467
94477
94488
94498
94509
94520
94531
94542
94553
94564
94575
94586
94597
94608
94620
94631
94642
94653
94664
94675
94686
94698
94709
94720
94731
94742
94754
94765
94776
94787
94798
94809
94820
94831
94843
94857
94867
94877
94887
94898
94908
94918
94928
94939
94949
94959
94969
94980
94990
95000
95011
95021
95031
95041
95052
95062
95072
95083
95093
95103
95114
95124
95134
95144
95155
95165
95175
95185
95196
95206
95216
95227
95237
95247
95258
95268
95279
95289
95300
95310
95320
95331
95341
95352
95362
95372
95383
95393
95403
95414
95424
95435
95445
95455
95466
95476
95487
95497
95507
95517
95528
95538
95548
95559
95569
95579
95589
95600
95610
95620
95631
95641
95652
95662
95673
95683
95694
95704
95715
95725
95735
95746
95756
95767
95777
95788
95798
95808
95819
95829
95840
95850
95861
95871
95882
95892
95902
95913
95923
95934
95944
95955
95965
95976
95987
95998
96008
96018
96029
96040
96051
96062
96073
96084
96095
96106
96119
96131
96142
96154
96165
96177
96188
96200
96211
96223
96234
96246
96259
96271
96282
96294
96305
96317
96328
96339
96351
96362
96373
96384
96395
96406
96417
96428
96439
96450
96461
96472
96483
96494
96505
96517
96528
96539
96550
96561
96572
96583
96594
96605
96616
96627
96638
96648
96659
96670
96681
96692
96703
96715
96726
96737
96748
96759
96770
96781
96792
96803
96814
96825
96836
96847
96858
96869
96880
96891
96902
96913
96924
96935
96946
96958
96969
96980
96992
97003
97014
97025
97036
97047
97058
97069
97081
97092
97103
97114
97124
97135
97146
97157
97168
97179
97190
97201
97212
97223
97234
97245
97256
97267
97278
97289
97300
97311
97322
97333
97344
97355
97366
97377
97388
97399
97410
97421
97432
97443
97454
97464
97474
97484
97495
97505
97515
97526
97536
97546
97557
97567
97577
97588
97598
97608
97619
97629
97640
97650
97660
97671
97681
97692
97702
97712
97723
97733
97744
97754
97764
97775
97785
97796
97806
97816
97827
97837
97848
97858
97868
97879
97890
97901
97913
97924
97934
97944
97955
97966
97977
97988
97998
98009
98019
98030
98040
98051
98061
98072
98083
98094
98105
98116
98127
98139
98150
98160
98170
98181
98192
98203
98214
98225
98236
98247
98258
98269
98280
98291
98302
98313
98325
98336
98347
98357
98368
98379
98390
98401
98412
98423
98434
98445
98457
98467
98479
98490
98502
98513
98524
98536
98547
98559
98570
98582
98593
98605
98616
98628
98639
98650
98662
98673
98684
98696
98708
98720
98731
98742
98753
98765
98776
98787
98799
98810
98822
98833
98844
98856
98867
98879
98890
98902
98913
98924
98936
98947
98959
98970
98981
98992
99003
99015
99026
99037
99048
99059
99070
99082
99093
99104
99114
99125
99136
99147
99158
99175
99186
99197
99208
99219
99230
99242
99252
99263
99274
99285
99296
99307
99319
99329
99340
99351
99362
99373
99385
99396
99407
99418
99429
99440
99451
99462
99473
99484
99495
99506
99517
99528
99539
99551
99562
99573
99583
99599
99610
99621
99632
99643
99654
99665
99676
99687
99698
99710
99721
99732
99743
99754
99765
99776
99787
99799
99810
99821
99832
99843
99854
99865
99876
99887
99899
99910
99921
99932
99943
99954
99965
99976
99987
99998
100010
100021
100032
100043
100054
100065
100077
100088
100099
100110
100121
100132
100143
100154
100165
100176
100187
100198
100209
100220
100231
100243
100254
100265
100275
100286
100297
100308
100319
100330
100341
100352
100363
100374
100386
100397
100408
100419
100430
100441
100452
100463
100474
100485
100496
100508
100519
100529
100540
100551
100563
100573
100584
100595
100606
100617
100628
100639
100650
100661
100672
100683
100694
100705
100716
100727
100738
100749
100760
100772
100783
100794
100805
100816
100827
100838
100848
100859
100870
100881
100892
100903
100914
100925
100936
100947
100958
100969
100980
100990
101001
101012
101023
101034
101045
101057
101067
101078
101090
101100
101111
101123
101134
101145
101156
101167
101178
101189
101200
101211
101222
101233
101244
101255
101266
101277
101288
101300
101311
101322
101333
101344
101355
101366
101377
101389
101400
101411
101422
101434
101445
101456
101467
101479
101490
101502
101513
101526
101537
101549
101560
101571
101583
101594
101605
101617
101628
101639
101651
101662
101673
101685
101696
101708
101719
101730
101741
101753
101764
101775
101786
101798
101809
101820
101832
101843
101855
101866
101877
101889
101900
101911
101923
101934
101945
101957
101969
101980
101991
102003
102014
102025
102036
102047
102059
102070
102081
102092
102103
102114
102125
102136
102147
102158
102170
102181
102192
102203
102214
102225
102236
102247
102259
102270
102281
102292
102303
102314
102325
102336
102347
102358
102369
102380
102391
102402
102413
102424
102436
102447
102458
102468
102479
102489
102499
102510
102520
102530
102541
102551
102561
102572
102582
102592
102603
102613
102624
102634
102645
102655
102666
102676
102686
102697
102707
102717
102728
102738
102749
102759
102770
102780
102791
102801
102812
102822
102833
102843
102854
102864
102875
102885
102896
102907
102918
102929
102940
102951
102962
102974
102984
102995
103005
103015
103026
103036
103047
103057
103067
103078
103088
103099
103110
103121
103132
103143
103154
103165
103176
103187
103198
103209
103220
103231
103242
103254
103265
103276
103287
103299
103310
103321
103332
103343
103354
103365
103376
103387
103398
103409
103420
103431
103442
103453
103464
103475
103486
103497
103508
103519
103530
103541
103552
103563
103574
103586
103597
103608
103619
103630
103641
103652
103663
103674
103685
103696
103707
103719
103730
103741
103752
103763
103774
103785
103795
103806
103817
103828
103839
103851
103862
103873
103884
103895
103906
103917
103928
103939
103950
103961
103972
103983
103994
104005
104017
104027
104039
104050
104061
104072
104083
104094
104105
104116
104127
104138
104149
104160
104171
104182
104193
104204
104215
104227
104238
104249
104260
104272
104283
104294
104305
104316
104328
104339
104350
104361
104372
104383
104395
104406
104417
104428
104439
104450
104461
104472
104483
104494
104505
104518
104529
104540
104551
104562
104574
104585
104596
104607
104618
104629
104640
104651
104662
104673
104684
104695
104706
104718
104729
104740
104751
104762
104773
104783
104795
104806
104817
104835
104846
104857
104869
104879
104891
104902
104912
104923
104934
104945
104955
104965
104976
104986
104996
105006
105017
105027
105037
105048
105058
105068
105079
105089
105099
105109
105120
105130
105140
105151
105161
105171
105182
105192
105202
105213
105223
105233
105244
105254
105264
105275
105285
105296
105306
105317
105327
105337
105348
105358
105369
105379
105390
105400
105411
105421
105431
105442
105452
105463
105473
105484
105494
105504
105515
105525
105536
105546
105557
105567
105578
105588
105598
105609
105619
105629
105640
105650
105661
105671
105681
105692
105702
105713
105723
105734
105745
105756
105767
105778
105789
105800
105811
105822
105833
105844
105855
105867
105878
105889
105900
105911
105922
105933
105944
105956
105967
105978
105989
106000
106011
106022
106033
106044
106055
106066
106077
106088
106099
106110
106121
106132
106143
106154
106165
106176
106188
106200
106211
106222
106233
106244
106255
106266
106277
106288
106299
106311
106322
106333
106344
106354
106365
106375
106386
106396
106407
106417
106428
106439
106450
106460
106471
106483
106494
106505
106516
106527
106538
106549
106560
106571
106582
106593
106604
106615
106626
106637
106648
106659
106670
106681
106692
106703
106714
106725
106736
106748
106760
106772
106784
106795
106807
106819
106832
106844
106856
106867
106878
106889
106901
106912
106923
106934
106945
106956
106967
106978
106989
107000
107011
107022
107033
107045
107056
107067
107078
107089
107101
107112
107123
107134
107145
107156
107168
107179
107190
107201
107212
107223
107234
107245
107257
107268
107279
107290
107301
107312
107323
107334
107346
107357
107368
107379
107390
107401
107413
107424
107435
107446
107458
107469
107479
107490
107500
107510
107521
107531
107541
107551
107562
107572
107582
107593
107603
107613
107624
107634
107645
107655
107666
107676
107687
107697
107707
107718
107728
107739
107749
107760
107770
107781
107791
107801
107812
107822
107833
107843
107854
107864
107875
107885
107896
107907
107918
107929
107941
107951
107962
107972
107983
107993
108004
108014
108024
108036
108047
108059
108070
108081
108092
108103
108114
108125
108136
108151
108162
108173
108184
108196
108207
108218
108229
108240
108251
108263
108274
108285
108296
108307
108318
108329
108340
108351
108362
108373
108385
108396
108407
108418
108429
108440
108451
108461
108472
108483
108494
108505
108517
108527
108539
108549
108561
108572
108583
108594
108605
108616
108627
108638
108649
108660
108671
108682
108694
108705
108716
108727
108739
108751
108763
108774
108785
108796
108807
108818
108829
108840
108851
108862
108874
108885
108896
108907
108918
108929
108940
108951
108962
108974
108985
108996
109007
109019
109030
109041
109052
109063
109074
109085
109096
109107
109119
109130
109141
109151
109163
109174
109185
109196
109207
109218
109229
109240
109251
109262
109273
109284
109296
109307
109318
109329
109340
109352
109363
109374
109385
109396
109408
109419
109431
109442
109453
109465
109476
109487
109498
109509
109520
109531
109542
109553
109565
109576
109587
109598
109609
109620
109631
109642
109653
109664
109676
109687
109698
109709
109720
109731
109742
109753
109764
109775
109786
109798
109809
109820
109831
109843
109854
109865
109876
109887
109898
109909
109921
109932
109944
109955
109966
109977
109989
110000
110011
110022
110033
110043
110053
110064
110075
110086
110097
110108
110119
110130
110141
110151
110162
110172
110182
110193
110203
110214
110225
110236
110247
110258
110269
110280
110291
110302
110313
110324
110335
110346
110357
110367
110378
110388
110399
110409
110419
110430
110440
110451
110461
110471
110482
110492
110503
110513
110523
110534
110544
110555
110565
110576
110586
110596
110607
110617
110628
110638
110649
110659
110669
110680
110690
110701
110712
110723
110734
110745
110756
110767
110778
110789
110800
110811
110822
110833
110844
110854
110864
110875
110886
110897
110908
110919
110930
110941
110952
110963
110974
110985
110996
111007
111019
111030
111041
111054
111065
111076
111087
111098
111109
111120
111131
111143
111154
111165
111176
111187
111198
111210
111221
111232
111243
111254
111266
111277
111288
111299
111310
111321
111331
111342
111353
111364
111375
111387
111398
111409
111420
111431
111443
111454
111465
111476
111487
111498
111509
111520
111531
111542
111553
111564
111576
111586
111597
111608
111619
111631
111642
111653
111664
111675
111686
111697
111709
111720
111731
111742
111753
111764
111775
111787
111798
111809
111820
111831
111843
111854
111865
111876
111886
111898
111909
111920
111931
111942
111953
111963
111974
111985
111996
112008
112018
112029
112040
112051
112062
112073
112084
112095
112106
112117
112128
112139
112150
112161
112172
112183
112194
112205
112216
112227
112238
112249
112260
112271
112282
112293
112304
112315
112326
112337
112348
112359
112370
112381
112392
112403
112414
112425
112436
112447
112458
112469
112480
112491
112501
112511
112521
112532
112542
112552
112563
112573
112583
112593
112603
112614
112624
112634
112645
112655
112665
112676
112686
112696
112707
112717
112728
112738
112749
112759
112769
112780
112790
112801
112811
112821
112832
112842
112853
112863
112874
112884
112895
112905
112915
112926
112936
112947
112957
112968
112979
112989
112999
113010
113020
113031
113041
113051
113062
113073
113084
113095
113107
113118
113129
113140
113151
113162
113173
113185
113196
113207
113218
113229
113240
113251
113262
113273
113284
113295
113306
113317
113328
113339
113350
113361
113372
