time (ms),latency (ms),consume (ms)
0,17,0
1,13,1
2,12,1
2,10,0
3,9,1
37,42,34
38,37,1
39,36,1
39,35,0
39,32,0
42,34,3
42,33,0
42,32,0
43,31,1
44,30,1
45,28,1
45,26,0
47,27,2
47,26,0
48,26,1
48,23,0
72,42,24
74,33,2
74,30,0
75,30,1
77,30,2
77,29,0
77,27,0
77,25,0
78,25,1
78,23,0
80,23,2
80,22,0
81,21,1
81,20,0
81,18,0
83,18,2
112,46,29
112,36,0
112,35,0
113,34,1
113,32,0
113,29,0
113,27,0
114,24,1
114,22,0
114,20,0
114,19,0
114,17,0
115,16,1
116,16,1
116,14,0
116,12,0
147,42,31
147,31,0
147,29,0
147,28,0
148,27,1
148,25,0
148,24,0
148,22,0
148,20,0
149,20,1
149,18,0
149,16,0
149,14,0
149,12,0
150,11,1
150,10,0
181,39,31
181,31,0
181,29,0
182,28,1
182,27,0
182,26,0
182,23,0
182,22,0
182,19,0
183,18,1
186,20,3
186,18,0
188,18,2
188,17,0
189,16,1
189,15,0
217,41,28
217,32,0
217,30,0
217,29,0
218,28,1
218,25,0
218,23,0
218,21,0
218,19,0
219,18,1
220,18,1
220,17,0
221,17,1
221,16,0
222,16,1
222,14,0
246,37,24
246,27,0
247,27,1
247,25,0
247,24,0
247,22,0
247,21,0
247,20,0
248,19,1
248,18,0
248,17,0
248,16,0
248,15,0
248,14,0
249,12,1
249,10,0
288,48,39
288,38,0
289,38,1
289,37,0
289,36,0
289,34,0
290,34,1
290,33,0
306,46,16
306,44,0
306,43,0
306,40,0
307,38,1
307,32,0
312,34,5
319,36,7
320,36,1
320,27,0
320,25,0
322,26,2
322,25,0
322,23,0
323,23,1
323,22,0
323,21,0
324,21,1
324,19,0
324,18,0
324,16,0
325,16,1
325,14,0
325,13,0
347,34,22
347,29,0
347,27,0
347,24,0
347,23,0
348,22,1
348,21,0
348,19,0
348,18,0
348,16,0
349,15,1
350,15,1
350,14,0
350,13,0
351,13,1
351,12,0
375,34,24
375,25,0
376,25,1
376,23,0
376,22,0
376,20,0
376,19,0
376,17,0
377,17,1
377,15,0
377,13,0
377,12,0
377,11,0
377,10,0
378,9,1
378,8,0
405,34,27
405,27,0
405,26,0
406,26,1
406,25,0
406,24,0
406,22,0
406,21,0
406,19,0
406,18,0
407,17,1
407,15,0
408,15,1
408,14,0
408,13,0
410,13,2
436,37,26
436,27,0
437,26,1
437,25,0
437,24,0
437,23,0
437,21,0
437,20,0
438,20,1
438,19,0
438,17,0
438,16,0
438,14,0
438,13,0
439,12,1
439,11,0
465,35,26
466,27,1
466,25,0
466,24,0
466,22,0
466,21,0
466,20,0
467,19,1
467,17,0
467,16,0
467,14,0
467,13,0
468,13,1
468,12,0
468,10,0
468,9,0
496,36,28
496,27,0
496,26,0
496,24,0
496,23,0
497,22,1
497,20,0
497,19,0
497,17,0
497,16,0
497,15,0
498,15,1
498,13,0
498,12,0
498,11,0
498,10,0
524,34,26
525,26,1
525,25,0
525,23,0
525,22,0
525,20,0
525,18,0
526,18,1
526,16,0
526,15,0
526,14,0
526,13,0
527,13,1
527,12,0
527,10,0
528,10,1
553,34,25
554,26,1
554,24,0
554,23,0
554,21,0
554,20,0
555,20,1
555,19,0
555,17,0
556,17,1
556,16,0
556,15,0
556,13,0
556,12,0
557,12,1
557,11,0
581,33,24
582,25,1
584,26,2
584,25,0
584,24,0
584,22,0
584,20,0
585,20,1
586,20,1
586,19,0
586,17,0
586,16,0
586,15,0
586,14,0
587,13,1
587,12,0
613,37,26
613,28,0
613,26,0
614,26,1
614,24,0
614,23,0
614,21,0
614,20,0
614,19,0
614,18,0
615,17,1
615,16,0
615,14,0
615,13,0
616,12,1
616,10,0
641,34,25
641,25,0
642,24,1
642,23,0
642,21,0
642,19,0
642,18,0
642,17,0
643,17,1
643,15,0
643,14,0
643,13,0
643,12,0
644,12,1
644,11,0
644,10,0
671,36,27
671,27,0
671,25,0
671,23,0
672,23,1
672,22,0
672,21,0
672,20,0
672,19,0
672,17,0
673,17,1
673,15,0
673,14,0
689,28,16
690,28,1
690,27,0
704,39,14
705,30,1
705,29,0
706,28,1
706,27,0
706,25,0
706,24,0
706,22,0
707,22,1
707,20,0
707,19,0
708,18,1
708,17,0
708,15,0
709,14,1
709,12,0
732,34,23
732,27,0
733,26,1
733,25,0
733,23,0
733,22,0
733,20,0
733,19,0
734,18,1
734,17,0
734,15,0
734,14,0
734,13,0
734,12,0
734,11,0
735,10,1
761,35,26
762,27,1
762,26,0
762,25,0
762,24,0
762,22,0
762,21,0
763,21,1
763,20,0
763,19,0
763,18,0
763,16,0
765,17,2
766,16,1
766,14,0
766,12,0
808,53,42
808,43,0
808,41,0
809,40,1
829,57,20
830,42,1
830,39,0
830,38,0
830,36,0
830,35,0
834,37,4
834,36,0
835,36,1
835,34,0
837,35,2
839,27,2
839,25,0
839,23,0
839,20,0
839,19,0
839,16,0
843,18,4
843,16,0
843,14,0
843,11,0
843,10,0
846,10,3
846,8,0
846,6,0
846,4,0
849,4,3
850,3,1
851,3,1
855,4,4
856,4,1
858,3,2
859,2,1
861,2,2
863,2,2
864,1,1
866,1,2
868,1,2
870,2,2
872,2,2
874,2,2
876,2,2
878,2,2
880,2,2
881,1,1
883,1,2
885,2,2
887,2,2
889,2,2
891,2,2
893,2,2
894,1,1
896,1,2
898,2,2
900,2,2
902,2,2
904,2,2
906,2,2
907,1,1
909,1,2
911,2,2
913,2,2
915,2,2
917,2,2
919,2,2
920,1,1
923,2,3
925,2,2
926,1,1
928,1,2
930,2,2
932,2,2
934,2,2
936,2,2
938,2,2
940,2,2
942,2,2
944,2,2
946,2,2
948,2,2
950,2,2
952,2,2
953,1,1
955,1,2
957,1,2
959,2,2
961,2,2
963,2,2
965,2,2
967,2,2
970,3,3
972,1,2
974,1,2
976,1,2
978,2,2
986,6,8
986,4,0
991,6,5
1006,18,15
1007,1,1
1009,1,2
1011,2,2
1013,2,2
1015,2,2
1017,2,2
1019,2,2
1020,1,1
1022,1,2
1024,2,2
1026,2,2
1028,2,2
1030,2,2
1031,1,1
1033,2,2
1035,2,2
1037,2,2
1039,2,2
1041,2,2
1042,1,1
1044,1,2
1046,2,2
1048,2,2
1050,2,2
1051,1,1
1053,2,2
1055,2,2
1057,2,2
1058,1,1
1060,1,2
1062,2,2
1064,2,2
1066,2,2
1068,2,2
1069,1,1
1071,1,2
1073,2,2
1075,2,2
1077,2,2
1078,1,1
1080,1,2
1082,2,2
1085,3,3
1120,35,35
1122,33,2
1122,31,0
1122,28,0
1122,26,0
1124,27,2
1125,25,1
1125,23,0
1125,21,0
1128,22,3
1128,20,0
1129,19,1
1129,17,0
1130,16,1
1130,15,0
1130,12,0
1130,11,0
1133,12,3
1133,9,0
1133,7,0
1133,6,0
1134,4,1
1138,6,4
1138,4,0
1138,2,0
1140,2,2
1142,2,2
1143,1,1
1145,1,2
1147,1,2
1158,10,11
1159,9,1
1160,8,1
1160,6,0
1160,4,0
1163,5,3
1163,2,0
1164,2,1
1166,1,2
1169,3,3
1170,2,1
1172,1,2
1174,2,2
1176,2,2
1178,2,2
1179,1,1
1181,1,2
1184,2,3
1186,1,2
1188,1,2
1190,2,2
1192,2,2
1194,2,2
1195,1,1
1197,1,2
1199,1,2
1201,2,2
1203,2,2
1204,1,1
1206,1,2
1208,2,2
1210,2,2
1212,2,2
1213,1,1
1215,1,2
1217,2,2
1219,2,2
1221,2,2
1222,1,1
1224,1,2
1226,2,2
1228,2,2
1230,2,2
1231,1,1
1233,2,2
1235,2,2
1237,2,2
1239,2,2
1240,1,1
1242,1,2
1244,2,2
1246,2,2
1248,2,2
1250,2,2
1251,1,1
1253,2,2
1255,2,2
1257,2,2
1259,2,2
1260,1,1
1262,2,2
1264,2,2
1266,2,2
1267,1,1
1269,1,2
1271,2,2
1273,2,2
1275,2,2
1276,1,1
1278,2,2
1280,2,2
1282,2,2
1284,2,2
1285,1,1
1287,1,2
1289,2,2
1292,3,3
1294,2,2
1296,2,2
1297,1,1
1299,1,2
1301,2,2
1303,2,2
1304,1,1
1306,1,2
1308,2,2
1310,2,2
1312,2,2
1314,2,2
1315,1,1
1317,1,2
1319,2,2
1321,2,2
1323,2,2
1324,1,1
1326,1,2
1328,2,2
1330,2,2
1332,2,2
1334,2,2
1335,1,1
1337,1,2
1339,2,2
1341,2,2
1343,2,2
1344,1,1
1346,1,2
1348,2,2
1350,2,2
1352,2,2
1353,1,1
1355,1,2
1357,2,2
1359,2,2
1361,2,2
1362,1,1
1364,1,2
1366,2,2
1368,2,2
1370,2,2
1372,2,2
1374,2,2
1376,2,2
1378,2,2
1379,1,1
1381,1,2
1383,2,2
1385,2,2
1387,2,2
1388,1,1
1390,1,2
1392,1,2
1394,2,2
1396,2,2
1398,2,2
1399,1,1
1401,1,2
1403,2,2
1405,2,2
1407,2,2
1408,1,1
1410,1,2
1412,1,2
1414,2,2
1416,2,2
1418,2,2
1419,1,1
1421,1,2
1423,2,2
1425,2,2
1427,2,2
1428,1,1
1430,1,2
1432,1,2
1434,2,2
1436,2,2
1438,2,2
1439,1,1
1441,1,2
1443,2,2
1445,2,2
1447,2,2
1448,1,1
1450,1,2
1452,1,2
1454,2,2
1489,31,35
1491,32,2
1491,30,0
1491,28,0
1491,25,0
1491,23,0
1491,21,0
1494,21,3
1494,20,0
1494,18,0
1497,18,3
1497,17,0
1498,16,1
1498,13,0
1498,12,0
1501,12,3
1501,9,0
1501,8,0
1501,6,0
1502,5,1
1505,6,3
1505,3,0
1505,2,0
1507,1,2
1510,2,3
1511,1,1
1512,1,1
1513,1,1
1514,1,1
1514,0,0
1515,0,1
1517,1,2
1519,1,2
1521,1,2
1523,1,2
1524,1,1
1525,1,1
1526,1,1
1526,0,0
1528,0,2
1529,0,1
1530,0,1
1532,1,2
1534,1,2
1536,1,2
1537,1,1
1538,1,1
1539,1,1
1539,0,0
1541,0,2
1543,0,2
1545,0,2
1547,0,2
1549,0,2
1551,0,2
1553,1,2
1555,1,2
1557,1,2
1559,1,2
1560,1,1
1561,1,1
1562,1,1
1563,1,1
1564,1,1
1565,1,1
1566,1,1
1567,1,1
1567,0,0
1568,0,1
1570,0,2
1571,0,1
1573,1,2
1575,1,2
1577,1,2
1579,1,2
1580,1,1
1581,1,1
1582,1,1
1582,0,0
1586,3,4
1586,0,0
1588,0,2
1589,0,1
1591,0,2
1593,1,2
1595,1,2
1597,1,2
1599,1,2
1601,1,2
1603,1,2
1604,1,1
1605,1,1
1605,0,0
1607,0,2
1609,1,2
1611,1,2
1613,1,2
1614,1,1
1615,1,1
1615,0,0
1616,0,1
1618,1,2
1620,1,2
1622,1,2
1624,1,2
1625,1,1
1626,1,1
1627,1,1
1627,0,0
1629,0,2
1632,1,3
1633,1,1
1634,1,1
1635,1,1
1635,0,0
1637,0,2
1639,1,2
1641,1,2
1642,1,1
1643,1,1
1644,1,1
1644,0,0
1646,1,2
1648,1,2
1650,1,2
1651,1,1
1652,1,1
1653,1,1
1653,0,0
1654,0,1
1656,1,2
1658,1,2
1659,1,1
1660,1,1
1660,0,0
1662,0,2
1664,1,2
1666,1,2
1668,1,2
1669,1,1
1670,1,1
1670,0,0
1672,0,2
1673,0,1
1674,0,1
1676,1,2
1678,1,2
1679,1,1
1680,1,1
1680,0,0
1682,0,2
1684,0,2
1686,1,2
1688,1,2
1689,1,1
1690,1,1
1690,0,0
1691,0,1
1693,1,2
1695,1,2
1697,1,2
1699,0,2
1701,1,2
1703,1,2
1705,1,2
1707,0,2
1709,1,2
1711,1,2
1713,1,2
1714,1,1
1715,1,1
1716,1,1
1716,0,0
1718,1,2
1720,1,2
1721,1,1
1722,1,1
1723,1,1
1723,0,0
1725,0,2
1727,0,2
1729,1,2
1731,1,2
1733,1,2
1735,1,2
1737,0,2
1739,1,2
1741,1,2
1743,1,2
1745,1,2
1746,1,1
1747,1,1
1747,0,0
1749,0,2
1751,0,2
1754,1,3
1755,1,1
1755,0,0
1757,0,2
1759,1,2
1761,1,2
1763,1,2
1765,1,2
1767,1,2
1769,1,2
1771,1,2
1772,1,1
1773,1,1
1774,1,1
1774,0,0
1776,1,2
1778,1,2
1779,1,1
1780,1,1
1780,0,0
1782,0,2
1784,1,2
1786,1,2
1788,1,2
1789,1,1
1790,1,1
1790,0,0
1792,1,2
1794,1,2
1796,1,2
1797,1,1
1798,1,1
1798,0,0
1800,0,2
1802,1,2
1804,1,2
1806,1,2
1807,1,1
1808,1,1
1808,0,0
1810,0,2
1812,1,2
1814,1,2
1816,1,2
1817,1,1
1818,1,1
1819,1,1
1819,0,0
1821,1,2
1823,1,2
1824,1,1
1825,1,1
1826,1,1
1826,0,0
1828,1,2
1830,1,2
1831,1,1
1832,1,1
1833,1,1
1833,0,0
1835,1,2
1837,1,2
1839,1,2
1840,1,1
1841,1,1
1841,0,0
1843,0,2
1845,0,2
1847,1,2
1849,1,2
1851,1,2
1852,1,1
1853,1,1
1854,1,1
1854,0,0
1856,1,2
1858,1,2
1860,1,2
1861,1,1
1862,1,1
1862,0,0
1863,0,1
1865,1,2
1867,1,2
1868,1,1
1869,1,1
1869,0,0
1870,0,1
1872,1,2
1874,1,2
1875,1,1
1876,1,1
1877,1,1
1877,0,0
1879,0,2
1881,1,2
1883,1,2
1885,1,2
1886,1,1
1887,1,1
1888,1,1
1888,0,0
1890,0,2
1892,1,2
1894,1,2
1895,1,1
1896,1,1
1896,0,0
1897,0,1
1899,1,2
1901,1,2
1903,1,2
1905,1,2
1907,1,2
1909,1,2
1911,1,2
1912,1,1
1913,1,1
1914,1,1
1914,0,0
1915,0,1
1917,1,2
1919,0,2
1921,1,2
1923,1,2
1925,1,2
1927,1,2
1929,1,2
1931,0,2
1933,0,2
1935,0,2
1937,0,2
1938,0,1
1941,2,3
1942,1,1
1943,1,1
1943,0,0
1945,0,2
1947,0,2
1949,1,2
1951,1,2
1953,1,2
1954,1,1
1955,1,1
1956,1,1
1956,0,0
1958,1,2
1960,1,2
1961,1,1
1962,1,1
1962,0,0
1964,0,2
1966,0,2
1968,1,2
1970,1,2
1971,1,1
1972,1,1
1973,1,1
1973,0,0
1974,0,1
1976,1,2
1978,1,2
1980,1,2
1981,1,1
1982,1,1
1983,1,1
1983,0,0
1985,0,2
1987,0,2
1989,1,2
1991,1,2
1993,1,2
1994,1,1
1995,1,1
1996,1,1
1996,0,0
1997,0,1
1999,1,2
2001,1,2
2003,1,2
2005,1,2
2007,1,2
2009,1,2
2010,1,1
2011,1,1
2013,2,2
2015,2,2
2016,1,1
2018,1,2
2020,2,2
2052,32,32
2053,26,1
2054,26,1
2054,24,0
2054,23,0
2054,21,0
2057,22,3
2057,19,0
2058,19,1
2058,17,0
2058,15,0
2061,16,3
2061,14,0
2061,12,0
2062,11,1
2062,8,0
2066,10,4
2066,8,0
2066,6,0
2066,4,0
2066,3,0
2070,5,4
2070,2,0
2072,3,2
2073,2,1
2075,2,2
2077,2,2
2078,1,1
2080,1,2
2082,2,2
2084,2,2
2086,2,2
2087,1,1
2089,1,2
2092,1,3
2094,1,2
2096,2,2
2098,2,2
2100,2,2
2102,2,2
2103,1,1
2105,2,2
2107,2,2
2109,2,2
2111,2,2
2112,1,1
2114,1,2
2116,2,2
2118,2,2
2120,2,2
2121,1,1
2123,2,2
2125,2,2
2127,2,2
2128,1,1
2130,1,2
2132,2,2
2134,2,2
2136,2,2
2137,1,1
2139,1,2
2141,2,2
2143,2,2
2144,1,1
2146,1,2
2148,2,2
2150,2,2
2152,2,2
2155,3,3
2157,2,2
2159,2,2
2160,1,1
2162,2,2
2164,2,2
2166,2,2
2167,1,1
2169,1,2
2171,2,2
2173,2,2
2175,2,2
2176,1,1
2178,2,2
2180,2,2
2182,2,2
2184,2,2
2186,2,2
2187,1,1
2189,2,2
2191,2,2
2193,2,2
2194,1,1
2196,1,2
2198,2,2
2200,2,2
2202,2,2
2203,1,1
2205,1,2
2207,2,2
2209,2,2
2211,2,2
2212,1,1
2214,2,2
2216,2,2
2218,2,2
2219,1,1
2221,1,2
2223,2,2
2225,2,2
2226,1,1
2228,1,2
2230,2,2
2232,2,2
2234,2,2
2235,1,1
2237,1,2
2240,2,3
2243,3,3
2245,2,2
2246,1,1
2248,1,2
2250,2,2
2252,2,2
2254,2,2
2255,1,1
2257,1,2
2259,2,2
2261,2,2
2263,2,2
2264,1,1
2266,1,2
2268,2,2
2270,2,2
2272,2,2
2273,1,1
2275,1,2
2277,2,2
2279,2,2
2280,1,1
2282,1,2
2284,2,2
2286,2,2
2288,2,2
2289,1,1
2292,2,3
2294,2,2
2296,2,2
2297,1,1
2299,1,2
2301,2,2
2303,2,2
2305,2,2
2306,1,1
2308,1,2
2310,2,2
2312,2,2
2314,2,2
2315,1,1
2317,2,2
2319,2,2
2321,2,2
2322,1,1
2324,2,2
2326,2,2
2328,2,2
2329,1,1
2331,1,2
2333,2,2
2335,2,2
2336,1,1
2338,1,2
2340,2,2
2342,2,2
2344,2,2
2346,2,2
2347,1,1
2349,2,2
2351,2,2
2353,2,2
2355,2,2
2356,1,1
2358,2,2
2360,2,2
2362,2,2
2363,1,1
2365,1,2
2367,2,2
2369,2,2
2371,2,2
2372,1,1
2374,2,2
2376,2,2
2378,2,2
2380,2,2
2381,1,1
2383,1,2
2385,2,2
2418,29,33
2424,34,6
2424,31,0
2425,31,1
2425,27,0
2425,25,0
2426,25,1
2426,23,0
2429,25,3
2430,24,1
2430,22,0
2432,22,2
2432,20,0
2434,20,2
2434,17,0
2434,14,0
2436,15,2
2436,13,0
2437,11,1
2437,10,0
2438,9,1
2438,7,0
2438,5,0
2442,7,4
2442,5,0
2442,2,0
2444,3,2
2446,3,2
2447,2,1
2449,2,2
2451,2,2
2452,1,1
2454,1,2
2456,2,2
2458,2,2
2460,2,2
2461,1,1
2463,2,2
2465,2,2
2467,2,2
2468,1,1
2470,1,2
2472,2,2
2474,2,2
2476,2,2
2477,1,1
2479,2,2
2481,2,2
2483,2,2
2484,1,1
2486,1,2
2488,2,2
2490,2,2
2492,2,2
2493,1,1
2495,2,2
2497,2,2
2499,2,2
2500,1,1
2502,2,2
2504,2,2
2506,2,2
2507,1,1
2509,1,2
2511,2,2
2512,1,1
2512,0,0
2514,0,2
2516,0,2
2518,1,2
2520,1,2
2522,1,2
2523,1,1
2524,1,1
2524,0,0
2526,0,2
2528,0,2
2530,1,2
2532,1,2
2534,1,2
2535,1,1
2536,1,1
2536,0,0
2538,0,2
2540,0,2
2542,1,2
2544,1,2
2546,1,2
2548,1,2
2549,1,1
2550,1,1
2551,1,1
2551,0,0
2553,1,2
2555,1,2
2557,1,2
2558,1,1
2559,1,1
2559,0,0
2561,0,2
2563,0,2
2565,1,2
2567,1,2
2568,1,1
2569,1,1
2569,0,0
2571,0,2
2573,1,2
2575,1,2
2577,1,2
2579,1,2
2580,1,1
2581,1,1
2582,1,1
2582,0,0
2584,0,2
2586,0,2
2588,1,2
2590,0,2
2592,1,2
2594,1,2
2596,1,2
2597,1,1
2598,1,1
2599,1,1
2599,0,0
2601,0,2
2603,1,2
2605,1,2
2607,1,2
2609,1,2
2610,1,1
2611,1,1
2611,0,0
2613,0,2
2615,1,2
2617,1,2
2619,1,2
2620,1,1
2621,1,1
2621,0,0
2622,0,1
2624,1,2
2626,1,2
2628,1,2
2629,1,1
2630,1,1
2631,1,1
2631,0,0
2633,1,2
2635,0,2
2637,1,2
2639,1,2
2641,1,2
2642,1,1
2643,1,1
2643,0,0
2644,0,1
2646,1,2
2648,1,2
2649,1,1
2650,1,1
2650,0,0
2651,0,1
2653,1,2
2655,0,2
2657,0,2
2659,0,2
2661,1,2
2663,1,2
2665,1,2
2667,1,2
2668,1,1
2669,1,1
2670,1,1
2670,0,0
2672,0,2
2674,1,2
2676,1,2
2677,1,1
2678,1,1
2679,1,1
2679,0,0
2680,0,1
2682,1,2
2683,1,1
2684,1,1
2685,1,1
2685,0,0
2686,0,1
2688,1,2
2690,1,2
2692,1,2
2693,1,1
2701,8,8
2702,5,1
2702,3,0
2702,2,0
2702,1,0
2704,2,2
2704,1,0
2704,0,0
2707,2,3
2707,1,0
2708,1,1
2710,2,2
2711,2,1
2711,1,0
2712,1,1
2714,1,2
2715,1,1
2716,1,1
2716,0,0
2718,0,2
2720,0,2
2722,1,2
2724,1,2
2726,1,2
2727,1,1
2727,0,0
2728,0,1
2730,1,2
2732,1,2
2734,1,2
2735,1,1
2736,1,1
2736,0,0
2738,0,2
2740,1,2
2742,1,2
2743,1,1
2744,1,1
2744,0,0
2745,0,1
2747,1,2
2749,1,2
2750,1,1
2751,1,1
2752,1,1
2753,1,1
2755,1,2
2756,1,1
2757,1,1
2758,1,1
2759,1,1
2760,1,1
2761,1,1
2762,1,1
2763,1,1
2764,1,1
2765,1,1
2766,1,1
2767,1,1
2768,1,1
2768,0,0
2769,0,1
2771,0,2
2773,1,2
2775,0,2
2777,0,2
2779,0,2
2781,1,2
2783,1,2
2786,1,3
2787,1,1
2787,0,0
2789,0,2
2792,1,3
2793,1,1
2794,1,1
2795,1,1
2795,0,0
2797,0,2
2799,0,2
2801,1,2
2803,1,2
2805,1,2
2806,1,1
2807,1,1
2808,1,1
2808,0,0
2810,1,2
2812,1,2
2816,3,4
2816,0,0
2818,1,2
2820,1,2
2821,1,1
2822,1,1
2823,1,1
2823,0,0
2825,1,2
2827,0,2
2829,1,2
2831,1,2
2833,1,2
2835,1,2
2837,1,2
2838,1,1
2839,1,1
2840,1,1
2840,0,0
2842,0,2
2844,1,2
2846,1,2
2847,1,1
2848,1,1
2848,0,0
2849,0,1
2851,1,2
2853,1,2
2855,1,2
2857,1,2
2859,1,2
2861,1,2
2863,1,2
2864,1,1
2865,1,1
2865,0,0
2866,0,1
2868,1,2
2869,1,1
2870,1,1
2871,1,1
2871,0,0
2873,0,2
2875,0,2
2877,0,2
2879,1,2
2881,1,2
2883,1,2
2885,1,2
2886,1,1
2887,1,1
2888,1,1
2888,0,0
2890,0,2
2892,0,2
2894,1,2
2896,1,2
2898,1,2
2899,1,1
2900,1,1
2901,1,1
2901,0,0
2903,0,2
2905,0,2
2907,0,2
2909,1,2
2911,1,2
2913,1,2
2914,1,1
2915,1,1
2916,1,1
2916,0,0
2918,1,2
2920,1,2
2922,1,2
2923,1,1
2924,1,1
2924,0,0
2925,0,1
2927,1,2
2929,1,2
2930,1,1
2931,1,1
2931,0,0
2932,0,1
2934,1,2
2935,1,1
2937,2,2
2938,1,1
2938,0,0
2939,0,1
2941,1,2
2943,1,2
2945,1,2
2946,1,1
2947,1,1
2947,0,0
2948,0,1
2950,1,2
2951,1,1
2952,1,1
2953,1,1
2953,0,0
2955,0,2
2957,1,2
2959,1,2
2961,1,2
2966,2,5
2968,2,2
2968,1,0
2969,1,1
2970,1,1
2971,0,1
2973,1,2
2975,0,2
2977,1,2
2979,1,2
2981,1,2
2983,1,2
2985,1,2
2986,1,1
2987,1,1
2988,1,1
2988,0,0
2990,0,2
2992,1,2
2994,1,2
2995,1,1
2996,1,1
2997,1,1
2997,0,0
2999,0,2
3001,1,2
3003,1,2
3005,1,2
3007,1,2
3009,1,2
3012,2,3
3014,2,2
3016,2,2
3018,2,2
3020,2,2
3021,1,1
3023,1,2
3025,2,2
3027,2,2
3028,1,1
3030,1,2
3032,1,2
3034,2,2
3036,2,2
3038,2,2
3039,1,1
3041,2,2
3043,2,2
3045,2,2
3046,1,1
3048,1,2
3050,2,2
3052,2,2
3054,2,2
3055,1,1
3057,1,2
3059,2,2
3061,2,2
3063,2,2
3064,1,1
3066,2,2
3068,2,2
3070,2,2
3071,1,1
3073,1,2
3075,2,2
3077,2,2
3079,2,2
3080,1,1
3082,2,2
3084,2,2
3086,2,2
3087,1,1
3089,1,2
3091,2,2
3093,2,2
3095,2,2
3096,1,1
3098,1,2
3100,2,2
3102,2,2
3104,2,2
3105,1,1
3107,1,2
3109,2,2
3111,2,2
3112,1,1
3114,2,2
3116,2,2
3118,2,2
3119,1,1
3121,1,2
3123,2,2
3125,2,2
3126,1,1
3128,1,2
3130,2,2
3132,2,2
3134,2,2
3135,1,1
3137,1,2
3140,2,3
3142,2,2
3144,2,2
3146,2,2
3147,1,1
3149,1,2
3151,2,2
3153,2,2
3155,2,2
3156,1,1
3158,1,2
3160,2,2
3162,2,2
3164,2,2
3165,1,1
3167,1,2
3169,2,2
3171,2,2
3172,1,1
3174,1,2
3176,2,2
3178,2,2
3180,2,2
3181,1,1
3183,1,2
3185,2,2
3187,2,2
3188,1,1
3190,1,2
3192,2,2
3194,2,2
3196,2,2
3197,1,1
3199,1,2
3201,2,2
3203,2,2
3204,1,1
3206,1,2
3208,2,2
3210,2,2
3211,1,1
3213,1,2
3215,2,2
3217,2,2
3219,2,2
3220,1,1
3222,2,2
3224,2,2
3226,2,2
3227,1,1
3229,1,2
3231,2,2
3233,2,2
3235,2,2
3236,1,1
3238,2,2
3240,2,2
3242,2,2
3243,1,1
3245,1,2
3247,2,2
3249,2,2
3251,2,2
3252,1,1
3254,1,2
3256,2,2
3258,2,2
3260,2,2
3261,1,1
3263,1,2
3266,3,3
3268,2,2
3270,2,2
3272,2,2
3273,1,1
3275,1,2
3277,2,2
3279,2,2
3280,1,1
3282,1,2
3284,2,2
3286,2,2
3287,1,1
3289,1,2
3292,3,3
3294,2,2
3295,1,1
3297,1,2
3299,2,2
3301,2,2
3303,2,2
3304,1,1
3327,22,23
3328,17,1
3328,16,0
3334,20,6
3334,19,0
3336,17,2
3336,16,0
3338,16,2
3338,15,0
3338,13,0
3340,12,2
3341,12,1
3341,9,0
3342,9,1
3342,7,0
3342,5,0
3342,3,0
3345,3,3
3346,2,1
3347,1,1
3349,1,2
3351,2,2
3353,2,2
3355,2,2
3356,1,1
3358,1,2
3361,2,3
3363,2,2
3364,1,1
3366,1,2
3368,2,2
3370,2,2
3372,2,2
3373,1,1
3375,1,2
3377,2,2
3379,2,2
3380,1,1
3382,1,2
3384,2,2
3386,2,2
3387,1,1
3389,1,2
3391,2,2
3393,2,2
3395,2,2
3396,1,1
3398,2,2
3400,2,2
3402,2,2
3403,1,1
3405,1,2
3407,2,2
3409,2,2
3410,1,1
3412,1,2
3414,2,2
3416,2,2
3417,1,1
3419,1,2
3421,2,2
3423,2,2
3425,2,2
3426,1,1
3428,2,2
3430,2,2
3432,2,2
3434,2,2
3435,1,1
3437,1,2
3439,2,2
3441,2,2
3442,1,1
3444,1,2
3446,2,2
3448,2,2
3450,2,2
3452,2,2
3453,1,1
3455,2,2
3457,2,2
3459,2,2
3460,1,1
3462,2,2
3464,2,2
3466,2,2
3467,1,1
3469,1,2
3471,2,2
3473,2,2
3475,2,2
3476,1,1
3478,2,2
3480,2,2
3482,2,2
3483,1,1
3485,1,2
3487,2,2
3489,2,2
3490,1,1
3492,2,2
3494,2,2
3496,2,2
3497,1,1
3499,1,2
3501,2,2
3503,2,2
3505,2,2
3506,1,1
3508,2,2
3510,2,2
3511,1,1
3512,1,1
3513,1,1
3514,1,1
3514,0,0
3516,0,2
3518,1,2
3520,1,2
3522,1,2
3523,1,1
3524,1,1
3525,1,1
3525,0,0
3527,0,2
3529,1,2
3531,0,2
3533,0,2
3535,0,2
3537,0,2
3539,0,2
3541,0,2
3543,0,2
3545,1,2
3547,1,2
3549,1,2
3550,1,1
3551,1,1
3551,0,0
3552,0,1
3554,1,2
3555,1,1
3556,1,1
3557,1,1
3557,0,0
3558,0,1
3560,1,2
3562,1,2
3564,1,2
3566,1,2
3568,1,2
3570,1,2
3571,1,1
3572,1,1
3573,1,1
3573,0,0
3575,0,2
3577,0,2
3579,1,2
3581,1,2
3583,1,2
3584,1,1
3585,1,1
3586,1,1
3586,0,0
3587,0,1
3589,1,2
3591,1,2
3593,1,2
3595,1,2
3596,1,1
3597,1,1
3598,1,1
3598,0,0
3600,0,2
3602,1,2
3604,1,2
3606,1,2
3607,1,1
3608,1,1
3609,1,1
3609,0,0
3610,0,1
3612,1,2
3613,1,1
3614,1,1
3614,0,0
3616,0,2
3618,0,2
3620,0,2
3622,1,2
3624,1,2
3625,1,1
3626,1,1
3627,1,1
3627,0,0
3630,1,3
3631,1,1
3631,0,0
3633,0,2
3636,2,3
3637,1,1
3638,1,1
3638,0,0
3640,1,2
3642,1,2
3644,1,2
3646,1,2
3647,1,1
3648,1,1
3648,0,0
3650,0,2
3652,0,2
3654,1,2
3656,1,2
3658,1,2
3660,1,2
3661,1,1
3662,1,1
3662,0,0
3664,1,2
3666,1,2
3668,1,2
3670,1,2
3671,1,1
3672,1,1
3672,0,0
3674,0,2
3676,1,2
3678,1,2
3680,1,2
3681,1,1
3682,1,1
3682,0,0
3683,0,1
3685,1,2
3687,1,2
3689,1,2
3690,1,1
3691,1,1
3692,1,1
3692,0,0
3694,0,2
3696,1,2
3698,1,2
3700,1,2
3701,0,1
3702,0,1
3704,1,2
3706,1,2
3708,1,2
3710,1,2
3711,1,1
3712,1,1
3713,1,1
3713,0,0
3715,0,2
3717,1,2
3719,1,2
3721,1,2
3723,1,2
3725,1,2
3727,1,2
3729,1,2
3731,1,2
3733,1,2
3734,1,1
3735,1,1
3736,1,1
3736,0,0
3738,0,2
3740,1,2
3742,1,2
3744,1,2
3745,1,1
3746,1,1
3747,1,1
3747,0,0
3749,0,2
3751,1,2
3753,1,2
3755,1,2
3757,1,2
3758,1,1
3759,1,1
3759,0,0
3760,0,1
3762,1,2
3764,1,2
3766,1,2
3767,1,1
3768,1,1
3768,0,0
3769,0,1
3771,0,2
3773,1,2
3775,1,2
3777,1,2
3778,1,1
3779,1,1
3780,1,1
3780,0,0
3781,0,1
3783,0,2
3785,1,2
3787,1,2
3789,0,2
3791,1,2
3793,1,2
3795,1,2
3797,1,2
3798,1,1
3799,1,1
3799,0,0
3800,0,1
3802,1,2
3804,1,2
3806,1,2
3807,1,1
3808,1,1
3809,1,1
3809,0,0
3812,1,3
3813,1,1
3814,1,1
3814,0,0
3816,0,2
3818,0,2
3820,1,2
3822,1,2
3824,1,2
3825,1,1
3826,1,1
3827,1,1
3827,0,0
3830,1,3
3831,1,1
3833,0,2
3834,0,1
3836,1,2
3838,1,2
3839,1,1
3841,2,2
3841,0,0
3842,0,1
3844,1,2
3846,1,2
3848,1,2
3849,1,1
3850,1,1
3851,1,1
3851,0,0
3853,0,2
3855,0,2
3857,1,2
3859,1,2
3861,1,2
3863,1,2
3865,1,2
3866,1,1
3867,1,1
3868,1,1
3869,1,1
3870,1,1
3871,1,1
3872,1,1
3873,1,1
3874,1,1
3874,0,0
3876,0,2
3878,1,2
3880,1,2
3881,1,1
3882,1,1
3882,0,0
3884,0,2
3886,1,2
3888,1,2
3889,1,1
3890,1,1
3890,0,0
3891,0,1
3893,1,2
3895,1,2
3896,1,1
3896,0,0
3897,0,1
3899,1,2
3900,1,1
3901,1,1
3901,0,0
3902,0,1
3904,1,2
3906,1,2
3909,3,3
3910,1,1
3910,0,0
3912,1,2
3914,1,2
3916,1,2
3917,1,1
3918,1,1
3919,1,1
3919,0,0
3921,0,2
3923,1,2
3925,1,2
3926,1,1
3927,1,1
3927,0,0
3929,1,2
3931,1,2
3932,1,1
3933,1,1
3934,1,1
3934,0,0
3936,0,2
3938,0,2
3940,1,2
3942,1,2
3943,1,1
3944,1,1
3944,0,0
3945,0,1
3947,1,2
3949,1,2
3951,0,2
3953,1,2
3955,1,2
3957,1,2
3959,0,2
3961,0,2
3963,1,2
3965,1,2
3967,1,2
3969,1,2
3971,1,2
3973,1,2
3975,1,2
3977,1,2
3979,1,2
3981,1,2
3983,1,2
3985,1,2
3987,1,2
3989,1,2
3990,1,1
3991,1,1
3992,1,1
3992,0,0
3994,0,2
3996,0,2
3998,1,2
4000,1,2
4002,1,2
4004,1,2
4006,1,2
4008,1,2
4010,1,2
4013,2,3
4015,1,2
4017,2,2
4019,2,2
4021,2,2
4023,2,2
4025,2,2
4026,1,1
4028,1,2
4030,2,2
4032,2,2
4034,2,2
4036,2,2
4037,1,1
4039,1,2
4041,2,2
4043,2,2
4045,2,2
4047,2,2
4048,1,1
4050,1,2
4052,2,2
4054,2,2
4056,2,2
4058,2,2
4059,1,1
4061,1,2
4063,1,2
4065,2,2
4067,2,2
4069,2,2
4071,2,2
4073,2,2
4074,1,1
4076,1,2
4078,2,2
4080,2,2
4082,2,2
4084,2,2
4085,1,1
4087,1,2
4089,2,2
4091,2,2
4093,2,2
4095,2,2
4096,1,1
4098,1,2
4100,2,2
4102,2,2
4104,2,2
4106,2,2
4107,1,1
4109,2,2
4111,2,2
4113,2,2
4115,2,2
4116,1,1
4118,1,2
4120,2,2
4122,2,2
4124,2,2
4126,2,2
4127,1,1
4129,1,2
4131,2,2
4133,2,2
4135,2,2
4136,1,1
4138,1,2
4140,2,2
4142,2,2
4144,2,2
4146,2,2
4147,1,1
4149,2,2
4151,2,2
4153,2,2
4155,2,2
4156,1,1
4158,2,2
4160,2,2
4162,2,2
4164,2,2
4165,1,1
4167,1,2
4169,2,2
4171,2,2
4173,2,2
4174,1,1
4176,1,2
4178,2,2
4180,2,2
4182,2,2
4183,1,1
4185,1,2
4187,2,2
4189,2,2
4191,2,2
4193,2,2
4194,1,1
4196,1,2
4198,1,2
4200,2,2
4202,2,2
4204,2,2
4205,1,1
4207,1,2
4209,2,2
4211,2,2
4213,2,2
4215,2,2
4216,1,1
4218,2,2
4220,2,2
4222,2,2
4224,2,2
4225,1,1
4227,1,2
4229,2,2
4231,2,2
4233,2,2
4234,1,1
4236,1,2
4238,1,2
4267,29,29
4271,27,4
4272,27,1
4272,24,0
4272,23,0
4272,21,0
4276,22,4
4276,20,0
4276,18,0
4276,16,0
4276,15,0
4277,14,1
4280,15,3
4280,12,0
4282,13,2
4282,10,0
4284,10,2
4284,9,0
4285,7,1
4285,6,0
4286,5,1
4286,3,0
4288,2,2
4290,3,2
4292,3,2
4294,2,2
4296,2,2
4297,1,1
4299,1,2
4301,2,2
4303,2,2
4305,2,2
4306,1,1
4308,1,2
4310,2,2
4312,2,2
4314,2,2
4315,1,1
4317,2,2
4319,2,2
4321,2,2
4322,1,1
4324,2,2
4326,2,2
4328,2,2
4329,1,1
4331,1,2
4333,2,2
4335,2,2
4336,1,1
4338,1,2
4340,2,2
4342,2,2
4344,2,2
4345,1,1
4347,1,2
4349,2,2
4351,2,2
4352,1,1
4354,2,2
4356,2,2
4358,2,2
4359,1,1
4361,1,2
4363,2,2
4365,2,2
4367,2,2
4368,1,1
4370,1,2
4372,2,2
4374,2,2
4375,1,1
4377,1,2
4379,2,2
4381,2,2
4383,2,2
4384,1,1
4386,1,2
4388,2,2
4390,2,2
4392,2,2
4393,1,1
4395,2,2
4397,2,2
4400,3,3
4402,2,2
4404,2,2
4405,1,1
4407,1,2
4409,2,2
4411,2,2
4412,1,1
4414,1,2
4416,2,2
4418,2,2
4420,2,2
4421,1,1
4423,1,2
4425,2,2
4427,2,2
4429,2,2
4430,1,1
4432,2,2
4434,2,2
4436,2,2
4437,1,1
4439,1,2
4441,2,2
4443,2,2
4444,1,1
4446,1,2
4448,1,2
4450,2,2
4452,2,2
4453,1,1
4455,1,2
4457,2,2
4459,2,2
4460,1,1
4462,2,2
4464,2,2
4466,2,2
4467,1,1
4469,1,2
4471,2,2
4473,2,2
4474,1,1
4476,2,2
4478,2,2
4480,2,2
4481,1,1
4483,1,2
4485,2,2
4487,2,2
4488,1,1
4490,1,2
4492,2,2
4494,2,2
4496,2,2
4497,1,1
4499,1,2
4501,2,2
4503,2,2
4504,1,1
4506,1,2
4508,2,2
4510,2,2
4511,1,1
4512,1,1
4513,1,1
4513,0,0
4515,0,2
4517,1,2
4519,1,2
4521,1,2
4523,1,2
4525,1,2
4526,1,1
4527,1,1
4528,1,1
4528,0,0
4529,0,1
4531,1,2
4533,1,2
4535,1,2
4537,1,2
4538,1,1
4539,1,1
4540,1,1
4540,0,0
4542,1,2
4544,1,2
4546,1,2
4547,1,1
4548,1,1
4549,1,1
4549,0,0
4551,0,2
4553,0,2
4555,0,2
4557,1,2
4559,1,2
4561,1,2
4562,1,1
4563,1,1
4564,1,1
4564,0,0
4566,0,2
4568,0,2
4570,0,2
4572,1,2
4574,1,2
4575,1,1
4576,1,1
4577,1,1
4577,0,0
4580,1,3
4581,1,1
4581,0,0
4583,0,2
4585,1,2
4587,1,2
4589,1,2
4591,1,2
4593,1,2
4595,1,2
4596,1,1
4597,1,1
4598,1,1
4599,1,1
4599,0,0
4601,0,2
4603,0,2
4605,0,2
4607,1,2
4609,0,2
4611,0,2
4613,1,2
4615,0,2
4617,1,2
4619,1,2
4621,1,2
4623,1,2
4625,1,2
4626,1,1
4627,1,1
4628,1,1
4628,0,0
4630,0,2
4632,0,2
4634,0,2
4636,1,2
4638,1,2
4640,1,2
4642,1,2
4643,1,1
4644,1,1
4644,0,0
4645,0,1
4647,1,2
4649,1,2
4651,1,2
4653,1,2
4654,1,1
4655,1,1
4656,1,1
4656,0,0
4658,0,2
4660,1,2
4662,1,2
4663,1,1
4664,1,1
4665,1,1
4665,0,0
4667,0,2
4669,1,2
4671,0,2
4673,1,2
4675,1,2
4677,1,2
4679,0,2
4681,1,2
4683,1,2
4685,1,2
4686,1,1
4687,1,1
4688,1,1
4688,0,0
4690,1,2
4692,1,2
4693,1,1
4694,1,1
4695,1,1
4695,0,0
4696,0,1
4698,1,2
4700,1,2
4702,1,2
4704,1,2
4705,1,1
4706,1,1
4706,0,0
4708,0,2
4710,0,2
4712,1,2
4714,1,2
4715,1,1
4716,1,1
4717,1,1
4717,0,0
4718,0,1
4720,1,2
4722,1,2
4724,1,2
4726,1,2
4728,1,2
4729,1,1
4730,1,1
4731,1,1
4731,0,0
4733,1,2
4735,0,2
4737,0,2
4739,1,2
4741,1,2
4743,1,2
4745,1,2
4747,1,2
4749,1,2
4750,1,1
4751,1,1
4751,0,0
4752,0,1
4754,1,2
4755,1,1
4756,1,1
4756,0,0
4757,0,1
4759,1,2
4761,1,2
4763,1,2
4765,1,2
4767,1,2
4769,1,2
4771,1,2
4773,1,2
4775,1,2
4777,1,2
4779,1,2
4781,1,2
4783,1,2
4784,1,1
4785,1,1
4786,1,1
4786,0,0
4788,1,2
4790,1,2
4793,2,3
4794,1,1
4795,1,1
4796,1,1
4796,0,0
4797,0,1
4799,1,2
4801,1,2
4803,1,2
4805,1,2
4807,1,2
4809,1,2
4811,1,2
4813,1,2
4814,1,1
4815,1,1
4816,1,1
4816,0,0
4818,1,2
4820,1,2
4821,1,1
4822,1,1
4823,1,1
4823,0,0
4825,0,2
4827,0,2
4829,1,2
4831,0,2
4833,1,2
4835,1,2
4836,1,1
4837,1,1
4838,1,1
4838,0,0
4839,0,1
4841,1,2
4843,1,2
4845,1,2
4847,1,2
4849,1,2
4850,1,1
4851,1,1
4852,1,1
4852,0,0
4853,0,1
4855,1,2
4857,1,2
4859,1,2
4861,1,2
4863,1,2
4864,1,1
4865,1,1
4866,1,1
4872,6,6
4872,3,0
4873,2,1
4873,0,0
4876,2,3
4876,1,0
4877,1,1
4879,2,2
4880,2,1
4880,1,0
4881,1,1
4883,1,2
4884,1,1
4885,1,1
4886,1,1
4886,0,0
4888,1,2
4890,1,2
4891,1,1
4892,1,1
4892,0,0
4893,0,1
4895,1,2
4897,1,2
4899,1,2
4901,1,2
4903,1,2
4904,1,1
4905,1,1
4906,1,1
4906,0,0
4908,0,2
4910,0,2
4912,1,2
4914,0,2
4915,0,1
4917,1,2
4919,1,2
4920,1,1
4922,2,2
4922,0,0
4924,1,2
4926,0,2
4928,1,2
4930,1,2
4932,1,2
4933,1,1
4934,1,1
4934,0,0
4935,0,1
4937,0,2
4939,0,2
4941,1,2
4943,1,2
4945,1,2
4947,0,2
4949,1,2
4951,1,2
4952,1,1
4953,1,1
4954,1,1
4954,0,0
4956,1,2
4958,1,2
4959,1,1
4960,1,1
4960,0,0
4962,0,2
4976,13,14
4976,5,0
4977,5,1
4977,3,0
4977,2,0
4978,2,1
4978,1,0
4979,1,1
4979,0,0
4981,1,2
4982,1,1
4984,1,2
4985,1,1
4986,1,1
4987,1,1
4988,0,1
4990,1,2
4991,0,1
4993,1,2
4994,1,1
4995,1,1
4997,2,2
4998,1,1
4998,0,0
5000,0,2
5002,1,2
5004,1,2
5006,1,2
5008,1,2
5010,1,2
5013,2,3
5015,2,2
5017,2,2
5019,2,2
5021,2,2
5022,1,1
5024,1,2
5026,2,2
5028,2,2
5030,2,2
5031,1,1
5033,1,2
5035,2,2
5037,2,2
5039,2,2
5040,1,1
5042,2,2
5044,2,2
5046,2,2
5048,2,2
5049,1,1
5051,1,2
5053,2,2
5055,2,2
5056,1,1
5058,1,2
5060,2,2
5062,2,2
5064,2,2
5065,1,1
5067,1,2
5069,2,2
5071,2,2
5072,1,1
5074,1,2
5076,2,2
5078,2,2
5079,1,1
5081,1,2
5083,2,2
5085,2,2
5087,2,2
5088,1,1
5090,1,2
5092,2,2
5094,2,2
5096,2,2
5097,1,1
5099,1,2
5101,2,2
5103,2,2
5104,1,1
5106,1,2
5108,2,2
5110,2,2
5112,2,2
5113,1,1
5115,1,2
5117,2,2
5119,2,2
5120,1,1
5122,1,2
5124,2,2
5126,2,2
5127,1,1
5129,1,2
5131,2,2
5133,2,2
5135,2,2
5136,1,1
5138,2,2
5140,2,2
5142,2,2
5143,1,1
5145,1,2
5147,2,2
5149,2,2
5150,1,1
5152,1,2
5154,2,2
5156,2,2
5158,2,2
5159,1,1
5161,2,2
5163,2,2
5165,2,2
5166,1,1
5168,1,2
5170,2,2
5172,2,2
5174,2,2
5175,1,1
5177,2,2
5179,2,2
5181,2,2
5182,1,1
5184,1,2
5186,2,2
5188,2,2
5191,3,3
5192,1,1
5194,1,2
5196,2,2
5198,2,2
5200,2,2
5202,2,2
5203,1,1
5205,2,2
5207,2,2
5209,2,2
5210,1,1
5212,1,2
5214,2,2
5216,2,2
5217,1,1
5219,1,2
5221,2,2
5223,2,2
5225,2,2
5226,1,1
5228,2,2
5230,2,2
5232,2,2
5234,2,2
5235,1,1
5237,2,2
5239,2,2
5241,2,2
5242,1,1
5244,2,2
5246,2,2
5248,2,2
5249,1,1
5251,1,2
5253,2,2
5255,2,2
5256,1,1
5258,1,2
5260,2,2
5262,2,2
5263,1,1
5265,1,2
5267,2,2
5269,2,2
5270,1,1
5272,1,2
5274,2,2
5276,2,2
5277,1,1
5279,1,2
5281,2,2
5283,2,2
5284,1,1
5286,1,2
5288,2,2
5290,2,2
5292,2,2
5294,1,2
5296,2,2
5298,2,2
5300,2,2
5301,1,1
5303,1,2
5305,2,2
5307,2,2
5308,1,1
5310,1,2
5312,2,2
5314,2,2
5316,2,2
5318,2,2
5320,2,2
5322,2,2
5324,2,2
5325,1,1
5327,1,2
5329,2,2
5331,2,2
5332,1,1
5334,1,2
5336,2,2
5338,2,2
5340,2,2
5341,1,1
5343,2,2
5345,2,2
5346,1,1
5348,1,2
5350,2,2
5352,2,2
5354,2,2
5355,1,1
5357,2,2
5359,2,2
5361,2,2
5362,1,1
5364,1,2
5366,2,2
5368,2,2
5369,1,1
5371,1,2
5373,2,2
5375,2,2
5376,1,1
5378,2,2
5380,2,2
5382,2,2
5383,1,1
5385,1,2
5387,2,2
5389,2,2
5390,1,1
5392,1,2
5394,2,2
5396,2,2
5397,1,1
5399,1,2
5401,2,2
5403,2,2
5404,1,1
5406,1,2
5408,2,2
5410,2,2
5412,2,2
5413,1,1
5415,2,2
5417,2,2
5419,2,2
5420,1,1
5422,2,2
5424,2,2
5426,2,2
5427,1,1
5429,2,2
5431,2,2
5436,5,5
5438,2,2
5440,2,2
5442,2,2
5443,1,1
5445,2,2
5447,2,2
5449,2,2
5450,1,1
5452,1,2
5454,2,2
5456,2,2
5457,1,1
5459,1,2
5461,2,2
5463,2,2
5464,1,1
5466,1,2
5468,2,2
5470,2,2
5471,1,1
5473,1,2
5475,2,2
5477,2,2
5478,1,1
5480,1,2
5482,2,2
5484,2,2
5485,1,1
5487,1,2
5489,2,2
5491,2,2
5492,1,1
5494,2,2
5496,2,2
5498,2,2
5499,1,1
5501,1,2
5503,2,2
5505,2,2
5506,1,1
5508,1,2
5510,2,2
5511,1,1
5512,1,1
5513,1,1
5514,1,1
5514,0,0
5516,1,2
5518,1,2
5521,2,3
5522,1,1
5522,0,0
5523,0,1
5525,0,2
5527,0,2
5536,8,9
5536,4,0
5537,3,1
5537,2,0
5538,1,1
5541,3,3
5541,2,0
5541,1,0
5542,0,1
5545,2,3
5545,1,0
5545,0,0
5548,2,3
5548,1,0
5549,1,1
5550,1,1
5551,1,1
5552,1,1
5552,0,0
5554,0,2
5556,1,2
5558,1,2
5560,1,2
5561,1,1
5562,1,1
5563,1,1
5563,0,0
5565,1,2
5567,1,2
5569,1,2
5570,1,1
5571,1,1
5572,1,1
5572,0,0
5574,0,2
5576,0,2
5578,1,2
5580,1,2
5582,1,2
5583,1,1
5584,1,1
5584,0,0
5585,0,1
5587,0,2
5589,1,2
5591,1,2
5593,1,2
5595,1,2
5597,1,2
5599,1,2
5601,1,2
5603,1,2
5605,1,2
5607,1,2
5609,1,2
5610,1,1
5611,1,1
5611,0,0
5612,0,1
5614,1,2
5615,1,1
5616,1,1
5617,1,1
5617,0,0
5619,0,2
5621,1,2
5623,1,2
5625,1,2
5627,1,2
5629,1,2
5630,1,1
5631,1,1
5632,1,1
5632,0,0
5634,1,2
5636,1,2
5638,1,2
5640,1,2
5642,1,2
5644,1,2
5645,1,1
5646,1,1
5646,0,0
5647,0,1
5649,1,2
5651,1,2
5653,1,2
5655,0,2
5657,1,2
5659,1,2
5661,1,2
5662,1,1
5663,1,1
5664,1,1
5664,0,0
5666,1,2
5668,1,2
5670,1,2
5671,1,1
5672,1,1
5673,1,1
5673,0,0
5675,1,2
5677,0,2
5679,0,2
5681,0,2
5683,0,2
5685,0,2
5687,0,2
5689,0,2
5691,1,2
5693,1,2
5695,0,2
5697,0,2
5699,1,2
5701,1,2
5703,1,2
5705,1,2
5707,1,2
5709,1,2
5711,1,2
5712,1,1
5713,1,1
5714,1,1
5714,0,0
5716,0,2
5718,0,2
5720,0,2
5722,1,2
5724,1,2
5726,1,2
5728,1,2
5729,1,1
5730,1,1
5731,1,1
5731,0,0
5733,0,2
5735,0,2
5737,0,2
5739,0,2
5741,1,2
5743,1,2
5745,1,2
5747,1,2
5749,1,2
5751,1,2
5753,0,2
5755,0,2
5757,1,2
5759,1,2
5761,1,2
5763,1,2
5765,1,2
5766,1,1
5767,1,1
5767,0,0
5768,0,1
5770,1,2
5772,1,2
5774,1,2
5775,1,1
5776,1,1
5777,1,1
5777,0,0
5779,0,2
5781,1,2
5783,1,2
5785,1,2
5786,1,1
5787,1,1
5788,1,1
5788,0,0
5790,0,2
5792,0,2
5794,0,2
5796,1,2
5798,1,2
5800,1,2
5802,1,2
5804,1,2
5805,1,1
5806,1,1
5807,1,1
5807,0,0
5809,1,2
5811,1,2
5813,1,2
5814,1,1
5815,1,1
5815,0,0
5816,0,1
5818,1,2
5819,1,1
5820,1,1
5821,1,1
5821,0,0
5823,0,2
5826,1,3
5827,1,1
5827,0,0
5828,0,1
5830,1,2
5832,1,2
5833,1,1
5834,1,1
5835,1,1
5835,0,0
5836,0,1
5838,1,2
5839,1,1
5840,1,1
5841,1,1
5841,0,0
5842,0,1
5844,1,2
5846,1,2
5847,1,1
5848,1,1
5849,1,1
5849,0,0
5850,0,1
5852,1,2
5854,1,2
5855,1,1
5856,1,1
5857,1,1
5857,0,0
5859,0,2
5861,1,2
5863,1,2
5865,1,2
5866,1,1
5867,1,1
5868,1,1
5868,0,0
5869,0,1
5871,1,2
5873,1,2
5875,1,2
5877,1,2
5879,1,2
5881,1,2
5882,1,1
5883,1,1
5884,1,1
5884,0,0
5885,0,1
5887,1,2
5889,1,2
5891,1,2
5893,1,2
5894,1,1
5895,1,1
5896,1,1
5896,0,0
5898,0,2
5900,0,2
5902,1,2
5904,1,2
5905,1,1
5906,1,1
5907,1,1
5907,0,0
5909,0,2
5911,0,2
5913,1,2
5915,1,2
5917,1,2
5919,1,2
5921,1,2
5923,1,2
5925,0,2
5927,0,2
5929,0,2
5931,0,2
5933,1,2
5935,1,2
5937,1,2
5939,1,2
5941,0,2
5943,1,2
5945,1,2
5947,1,2
5948,1,1
5949,1,1
5950,1,1
5950,0,0
5952,0,2
5954,1,2
5956,1,2
5958,1,2
5959,1,1
5960,1,1
5960,0,0
5961,0,1
5963,0,2
5965,1,2
5967,1,2
5968,1,1
5969,1,1
5970,1,1
5970,0,0
5972,0,2
5974,1,2
5976,1,2
5978,1,2
5979,1,1
5980,1,1
5981,1,1
5982,1,1
5983,1,1
5983,0,0
5984,0,1
5986,1,2
5988,1,2
5990,1,2
5992,1,2
5994,1,2
5995,1,1
5996,1,1
5997,1,1
5997,0,0
5999,1,2
6001,1,2
6003,1,2
6005,1,2
6007,0,2
6009,1,2
6012,2,3
6014,2,2
6016,2,2
6017,1,1
6019,1,2
6021,2,2
6023,2,2
6025,2,2
6026,1,1
6028,1,2
6031,3,3
6033,2,2
6035,2,2
6037,2,2
6038,1,1
6040,1,2
6042,2,2
6044,2,2
6046,2,2
6047,1,1
6049,2,2
6051,2,2
6053,2,2
6054,1,1
6056,2,2
6058,2,2
6060,2,2
6061,1,1
6063,1,2
6065,2,2
6067,2,2
6068,1,1
6070,1,2
6072,2,2
6074,2,2
6075,1,1
6077,1,2
6079,2,2
6081,2,2
6082,1,1
6084,1,2
6086,2,2
6088,2,2
6090,2,2
6091,1,1
6093,2,2
6095,2,2
6097,2,2
6098,1,1
6100,1,2
6102,2,2
6104,2,2
6105,1,1
6107,1,2
6109,2,2
6111,2,2
6112,1,1
6114,2,2
6116,2,2
6118,2,2
6119,1,1
6147,28,28
6148,23,1
6151,25,3
6152,23,1
6152,22,0
6154,21,2
6154,20,0
6156,19,2
6156,18,0
6156,15,0
6158,15,2
6158,13,0
6160,13,2
6160,11,0
6161,10,1
6161,8,0
6161,6,0
6161,4,0
6162,3,1
6165,3,3
6167,4,2
6167,2,0
6169,2,2
6170,1,1
6172,1,2
6174,2,2
6176,2,2
6177,1,1
6179,1,2
6181,2,2
6183,2,2
6185,2,2
6187,2,2
6188,1,1
6190,1,2
6192,2,2
6194,2,2
6196,2,2
6197,1,1
6199,1,2
6201,2,2
6203,2,2
6204,1,1
6206,1,2
6208,2,2
6210,2,2
6211,1,1
6213,1,2
6215,2,2
6217,2,2
6218,1,1
6220,1,2
6222,2,2
6224,2,2
6226,2,2
6227,1,1
6229,2,2
6231,2,2
6232,1,1
6234,1,2
6236,1,2
6238,2,2
6240,2,2
6241,1,1
6243,1,2
6245,2,2
6247,2,2
6248,1,1
6250,1,2
6252,2,2
6254,2,2
6256,2,2
6257,1,1
6259,1,2
6261,2,2
6263,2,2
6264,1,1
6266,2,2
6268,2,2
6270,2,2
6271,1,1
6273,2,2
6275,2,2
6276,1,1
6278,1,2
6280,2,2
6282,2,2
6284,2,2
6285,1,1
6287,2,2
6289,2,2
6291,2,2
6293,2,2
6295,2,2
6296,1,1
6298,1,2
6300,2,2
6302,2,2
6303,1,1
6305,1,2
6307,2,2
6309,2,2
6310,1,1
6312,1,2
6314,2,2
6316,2,2
6317,1,1
6319,1,2
6321,2,2
6323,2,2
6324,1,1
6326,1,2
6328,2,2
6330,2,2
6331,1,1
6333,1,2
6335,2,2
6337,2,2
6338,1,1
6340,1,2
6342,2,2
6344,2,2
6346,2,2
6347,1,1
6349,2,2
6351,2,2
6353,2,2
6354,1,1
6356,2,2
6358,2,2
6360,2,2
6361,1,1
6363,1,2
6365,2,2
6367,2,2
6368,1,1
6370,1,2
6372,2,2
6374,2,2
6375,1,1
6377,1,2
6379,2,2
6381,2,2
6382,1,1
6384,2,2
6386,2,2
6388,2,2
6389,1,1
6391,2,2
6393,2,2
6395,2,2
6396,1,1
6398,1,2
6401,2,3
6403,1,2
6405,2,2
6407,2,2
6409,2,2
6410,1,1
6412,1,2
6414,2,2
6416,2,2
6418,2,2
6419,1,1
6421,1,2
6423,2,2
6425,2,2
6427,2,2
6428,1,1
6430,1,2
6432,2,2
6434,2,2
6436,2,2
6437,1,1
6439,1,2
6441,2,2
6443,2,2
6444,1,1
6446,1,2
6448,2,2
6450,2,2
6451,1,1
6453,1,2
6455,2,2
6457,2,2
6459,2,2
6460,1,1
6462,1,2
6464,2,2
6466,2,2
6467,1,1
6469,1,2
6471,2,2
6473,2,2
6474,1,1
6476,1,2
6479,3,3
6481,2,2
6483,2,2
6484,1,1
6486,1,2
6489,2,3
6491,2,2
6493,2,2
6495,2,2
6496,1,1
6498,1,2
6500,2,2
6502,2,2
6504,2,2
6505,1,1
6507,1,2
6509,2,2
6511,2,2
6512,1,1
6512,0,0
6513,0,1
6515,1,2
6517,1,2
6518,1,1
6519,1,1
6520,1,1
6520,0,0
6522,0,2
6524,1,2
6526,1,2
6528,1,2
6529,1,1
6530,1,1
6531,1,1
6531,0,0
6533,1,2
6535,1,2
6537,1,2
6539,1,2
6541,1,2
6542,1,1
6543,1,1
6544,1,1
6544,0,0
6545,0,1
6547,1,2
6549,1,2
6550,1,1
6551,1,1
6552,1,1
6552,0,0
6554,0,2
6556,1,2
6558,1,2
6559,1,1
6560,1,1
6561,1,1
6561,0,0
6563,0,2
6565,1,2
6567,1,2
6569,1,2
6570,1,1
6571,1,1
6571,0,0
6572,0,1
6574,1,2
6576,1,2
6577,1,1
6578,1,1
6579,1,1
6580,1,1
6580,0,0
6582,1,2
6586,3,4
6586,0,0
6588,0,2
6590,1,2
6592,1,2
6593,1,1
6594,1,1
6595,1,1
6595,0,0
6597,0,2
6599,1,2
6601,1,2
6603,1,2
6605,0,2
6607,0,2
6609,1,2
6611,1,2
6613,1,2
6614,1,1
6615,1,1
6616,1,1
6616,0,0
6618,0,2
6620,1,2
6623,2,3
6624,1,1
6624,0,0
6625,0,1
6627,1,2
6629,1,2
6631,1,2
6633,1,2
6634,1,1
6635,1,1
6636,1,1
6636,0,0
6638,0,2
6640,1,2
6642,1,2
6643,1,1
6644,1,1
6645,1,1
6645,0,0
6647,0,2
6649,1,2
6651,1,2
6653,1,2
6654,0,1
6656,1,2
6657,1,1
6658,1,1
6659,1,1
6659,0,0
6661,1,2
6663,1,2
6665,0,2
6667,0,2
6669,0,2
6671,1,2
6673,0,2
6675,0,2
6677,0,2
6679,0,2
6681,0,2
6682,0,1
6684,1,2
6686,0,2
6688,0,2
6690,1,2
6692,1,2
6693,1,1
6694,1,1
6695,1,1
6695,0,0
6697,0,2
6699,0,2
6701,0,2
6703,1,2
6705,1,2
6707,1,2
6709,1,2
6711,1,2
6713,1,2
6715,0,2
6717,0,2
6719,0,2
6721,1,2
6723,1,2
6725,1,2
6726,1,1
6727,1,1
6728,1,1
6728,0,0
6730,1,2
6732,1,2
6734,1,2
6735,1,1
6736,1,1
6737,1,1
6737,0,0
6739,0,2
6741,0,2
6743,0,2
6745,1,2
6747,1,2
6748,1,1
6749,1,1
6750,1,1
6750,0,0
6752,0,2
6754,1,2
6756,0,2
6758,1,2
6760,1,2
6762,1,2
6763,1,1
6764,1,1
6765,1,1
6765,0,0
6767,0,2
6775,6,8
6776,4,1
6776,2,0
6776,1,0
6779,2,3
6779,1,0
6779,0,0
6782,2,3
6782,1,0
6783,1,1
6785,2,2
6785,1,0
6786,1,1
6787,1,1
6787,0,0
6789,0,2
6791,0,2
6794,2,3
6795,1,1
6796,1,1
6797,1,1
6797,0,0
6799,0,2
6801,1,2
6803,1,2
6805,1,2
6807,0,2
6809,1,2
6811,1,2
6813,1,2
6814,1,1
6815,1,1
6816,1,1
6816,0,0
6818,0,2
6820,0,2
6822,0,2
6824,1,2
6826,1,2
6828,1,2
6829,1,1
6830,1,1
6830,0,0
6831,0,1
6833,0,2
6835,1,2
6837,1,2
6839,1,2
6841,1,2
6843,0,2
6845,1,2
6847,1,2
6849,1,2
6850,1,1
6851,1,1
6852,1,1
6852,0,0
6854,0,2
6856,1,2
6858,1,2
6860,1,2
6861,1,1
6862,1,1
6863,1,1
6863,0,0
6864,0,1
6866,1,2
6868,1,2
6869,1,1
6870,1,1
6870,0,0
6871,0,1
6873,1,2
6875,1,2
6877,1,2
6878,1,1
6879,1,1
6880,1,1
6880,0,0
6882,0,2
6884,1,2
6886,1,2
6888,1,2
6890,1,2
6891,1,1
6892,1,1
6893,1,1
6893,0,0
6894,0,1
6896,1,2
6898,1,2
6900,1,2
6902,1,2
6903,1,1
6904,1,1
6905,1,1
6905,0,0
6907,1,2
6909,1,2
6911,1,2
6912,1,1
6913,1,1
6914,1,1
6914,0,0
6916,1,2
6918,1,2
6920,1,2
6921,1,1
6922,1,1
6923,1,1
6923,0,0
6925,0,2
6927,1,2
6929,1,2
6931,0,2
6933,1,2
6935,1,2
6937,1,2
6938,1,1
6939,1,1
6940,1,1
6940,0,0
6942,0,2
6944,1,2
6946,1,2
6948,1,2
6950,1,2
6952,1,2
6954,1,2
6955,1,1
6956,1,1
6957,1,1
6958,1,1
6958,0,0
6960,0,2
6962,1,2
6964,1,2
6965,1,1
6966,1,1
6967,1,1
6967,0,0
6969,0,2
6971,1,2
6973,1,2
6975,1,2
6977,1,2
6979,1,2
6981,0,2
6983,0,2
6985,1,2
6987,1,2
6989,1,2
6990,1,1
6991,1,1
6992,1,1
6992,0,0
6994,1,2
6996,1,2
6998,1,2
6999,1,1
7000,1,1
7001,1,1
7001,0,0
7003,0,2
7005,0,2
7007,1,2
7009,1,2
7012,1,3
7014,2,2
7016,2,2
7018,2,2
7020,2,2
7021,1,1
7023,1,2
7025,2,2
7027,2,2
7028,1,1
7030,1,2
7032,2,2
7034,2,2
7036,2,2
7038,2,2
7039,1,1
7041,2,2
7043,2,2
7045,2,2
7046,1,1
7048,2,2
7050,2,2
7052,2,2
7053,1,1
7055,1,2
7057,2,2
7059,2,2
7060,1,1
7062,1,2
7065,3,3
7067,2,2
7069,2,2
7070,1,1
7072,1,2
7074,2,2
7076,2,2
7077,1,1
7079,1,2
7081,2,2
7083,2,2
7084,1,1
7086,2,2
7088,2,2
7090,2,2
7091,1,1
7093,1,2
7095,2,2
7097,2,2
7098,1,1
7100,1,2
7102,2,2
7104,2,2
7105,1,1
7107,1,2
7109,2,2
7111,2,2
7112,1,1
7114,1,2
7116,2,2
7118,2,2
7120,2,2
7121,1,1
7123,2,2
7125,2,2
7127,2,2
7128,1,1
7130,2,2
7132,2,2
7134,2,2
7135,1,1
7137,2,2
7139,2,2
7141,2,2
7142,1,1
7144,2,2
7146,2,2
7148,2,2
7149,1,1
7151,1,2
7153,2,2
7155,2,2
7158,3,3
7160,2,2
7161,1,1
7163,2,2
7165,2,2
7167,2,2
7168,1,1
7170,1,2
7173,2,3
7175,2,2
7177,2,2
7178,1,1
7180,2,2
7182,2,2
7184,2,2
7185,1,1
7187,2,2
7189,2,2
7191,2,2
7192,1,1
7194,2,2
7196,2,2
7198,2,2
7199,1,1
7201,1,2
7203,2,2
7205,2,2
7206,1,1
7208,1,2
7210,2,2
7212,2,2
7214,2,2
7215,1,1
7217,2,2
7219,2,2
7220,1,1
7222,1,2
7224,2,2
7226,2,2
7227,1,1
7229,1,2
7231,2,2
7233,2,2
7234,1,1
7236,1,2
7238,2,2
7240,2,2
7242,2,2
7243,1,1
7245,2,2
7247,2,2
7248,1,1
7250,1,2
7252,2,2
7254,2,2
7256,2,2
7257,1,1
7259,2,2
7261,2,2
7263,2,2
7264,1,1
7266,2,2
7268,2,2
7270,2,2
7271,1,1
7273,2,2
7275,2,2
7276,1,1
7278,1,2
7280,2,2
7282,2,2
7283,1,1
7285,1,2
7287,2,2
7289,2,2
7290,1,1
7293,2,3
7295,2,2
7296,1,1
7298,2,2
7300,2,2
7302,2,2
7303,1,1
7305,2,2
7307,2,2
7308,1,1
7310,1,2
7312,2,2
7314,2,2
7316,2,2
7317,1,1
7319,2,2
7321,2,2
7322,1,1
7324,1,2
7326,2,2
7328,2,2
7330,2,2
7331,1,1
7333,2,2
7335,2,2
7336,1,1
7338,1,2
7340,2,2
7342,2,2
7344,2,2
7345,1,1
7347,2,2
7349,2,2
7350,1,1
7352,1,2
7354,2,2
7356,2,2
7358,2,2
7359,1,1
7361,2,2
7363,2,2
7364,1,1
7366,1,2
7368,1,2
7370,2,2
7372,2,2
7373,1,1
7375,1,2
7377,2,2
7379,2,2
7380,1,1
7382,1,2
7384,2,2
7386,2,2
7390,4,4
7391,1,1
7393,1,2
7396,2,3
7398,2,2
7400,2,2
7402,2,2
7403,1,1
7405,1,2
7407,2,2
7409,2,2
7438,29,29
7440,25,2
7440,24,0
7441,23,1
7442,22,1
7442,21,0
7442,18,0
7442,17,0
7446,18,4
7446,17,0
7446,15,0
7446,13,0
7446,11,0
7449,12,3
7449,10,0
7449,8,0
7450,6,1
7453,8,3
7453,5,0
7453,4,0
7453,2,0
7457,3,4
7457,2,0
7459,2,2
7461,2,2
7463,2,2
7464,1,1
7466,2,2
7468,2,2
7470,2,2
7472,2,2
7473,1,1
7475,2,2
7477,2,2
7479,2,2
7480,1,1
7482,1,2
7484,2,2
7486,2,2
7487,1,1
7489,1,2
7491,2,2
7493,2,2
7494,1,1
7496,1,2
7498,2,2
7500,2,2
7502,2,2
7503,1,1
7505,2,2
7507,2,2
7509,2,2
7510,1,1
7511,1,1
7512,0,1
7514,1,2
7515,1,1
7516,1,1
7517,1,1
7517,0,0
7519,0,2
7521,1,2
7523,1,2
7525,1,2
7527,1,2
7529,1,2
7531,1,2
7533,1,2
7535,1,2
7537,1,2
7539,1,2
7540,1,1
7541,1,1
7542,1,1
7542,0,0
7544,0,2
7546,1,2
7548,1,2
7550,1,2
7552,1,2
7553,1,1
7554,1,1
7555,1,1
7555,0,0
7557,0,2
7559,0,2
7561,1,2
7563,1,2
7565,1,2
7566,1,1
7567,1,1
7568,1,1
7568,0,0
7570,0,2
7572,0,2
7574,0,2
7576,1,2
7578,1,2
7579,1,1
7580,1,1
7581,1,1
7581,0,0
7583,0,2
7585,1,2
7587,1,2
7589,1,2
7591,1,2
7593,1,2
7595,1,2
7596,1,1
7597,1,1
7598,1,1
7599,1,1
7599,0,0
7601,0,2
7603,0,2
7605,0,2
7607,0,2
7609,1,2
7611,1,2
7613,1,2
7614,1,1
7615,1,1
7616,1,1
7616,0,0
7618,0,2
7620,1,2
7622,1,2
7623,1,1
7624,1,1
7625,1,1
7625,0,0
7627,0,2
7629,1,2
7631,1,2
7633,1,2
7635,1,2
7636,1,1
7637,1,1
7638,1,1
7638,0,0
7640,0,2
7642,0,2
7644,1,2
7646,1,2
7647,1,1
7648,1,1
7648,0,0
7649,0,1
7651,1,2
7653,1,2
7655,1,2
7657,1,2
7658,1,1
7659,1,1
7660,1,1
7660,0,0
7662,0,2
7664,1,2
7666,1,2
7667,1,1
7668,1,1
7668,0,0
7669,0,1
7671,1,2
7673,1,2
7675,1,2
7677,0,2
7679,0,2
7681,1,2
7683,1,2
7685,1,2
7687,1,2
7689,1,2
7691,1,2
7693,0,2
7695,0,2
7697,1,2
7699,1,2
7701,1,2
7703,1,2
7705,1,2
7707,1,2
7709,1,2
7711,1,2
7712,1,1
7713,1,1
7714,1,1
7715,1,1
7715,0,0
7717,0,2
7719,0,2
7721,0,2
7723,0,2
7725,1,2
7727,0,2
7729,1,2
7731,1,2
7733,1,2
7735,1,2
7737,1,2
7739,1,2
7741,1,2
7743,1,2
7745,2,2
7745,0,0
7746,0,1
7748,1,2
7750,1,2
7751,1,1
7752,1,1
7752,0,0
7754,1,2
7756,1,2
7758,1,2
7760,1,2
7761,1,1
7762,1,1
7763,1,1
7763,0,0
7765,1,2
7767,1,2
7769,1,2
7771,1,2
7773,1,2
7775,0,2
7777,1,2
7779,1,2
7781,1,2
7782,1,1
7783,1,1
7784,1,1
7784,0,0
7786,1,2
7788,1,2
7790,1,2
7791,1,1
7792,1,1
7792,0,0
7793,0,1
7795,1,2
7797,1,2
7799,1,2
7801,1,2
7802,1,1
7803,1,1
7803,0,0
7804,0,1
7806,1,2
7808,1,2
7810,1,2
7812,1,2
7813,1,1
7814,1,1
7815,1,1
7815,0,0
7817,1,2
7819,0,2
7821,1,2
7823,1,2
7825,1,2
7826,1,1
7827,1,1
7828,1,1
7828,0,0
7830,0,2
7832,1,2
7834,1,2
7835,1,1
7836,1,1
7837,1,1
7837,0,0
7839,0,2
7841,0,2
7843,0,2
7845,1,2
7847,1,2
7849,1,2
7851,1,2
7853,1,2
7855,1,2
7857,0,2
7859,1,2
7861,1,2
7863,1,2
7865,1,2
7866,1,1
7867,1,1
7868,1,1
7868,0,0
7870,0,2
7872,0,2
7874,1,2
7876,1,2
7877,1,1
7878,1,1
7879,1,1
7879,0,0
7881,1,2
7883,0,2
7885,0,2
7886,0,1
7888,1,2
7890,1,2
7891,1,1
7892,1,1
7892,0,0
7893,0,1
7895,1,2
7897,1,2
7899,1,2
7901,1,2
7903,1,2
7905,1,2
7906,1,1
7907,1,1
7908,1,1
7908,0,0
7910,0,2
7912,1,2
7914,1,2
7916,1,2
7917,1,1
7918,1,1
7918,0,0
7919,0,1
7921,1,2
7923,1,2
7925,1,2
7926,1,1
7927,1,1
7928,1,1
7928,0,0
7930,1,2
7932,1,2
7934,1,2
7937,2,3
7938,1,1
7939,1,1
7940,1,1
7940,0,0
7942,1,2
7944,1,2
7946,1,2
7948,1,2
7949,1,1
7950,1,1
7951,1,1
7951,0,0
7953,0,2
7955,1,2
7957,1,2
7959,1,2
7961,1,2
7963,0,2
7965,1,2
7967,1,2
7968,1,1
7969,1,1
7970,1,1
7970,0,0
7972,0,2
7974,0,2
7976,1,2
7978,1,2
7980,0,2
7982,1,2
7984,1,2
7985,1,1
7986,1,1
7987,1,1
7987,0,0
7989,1,2
7991,1,2
7993,1,2
7994,1,1
7995,1,1
7996,1,1
7996,0,0
7998,0,2
8000,0,2
8002,1,2
8004,1,2
8005,1,1
8006,1,1
8007,1,1
8007,0,0
8009,0,2
8012,1,3
8041,25,29
8042,24,1
8044,24,2
8044,22,0
8044,21,0
8044,18,0
8046,18,2
8046,16,0
8046,15,0
8048,15,2
8048,13,0
8050,13,2
8050,11,0
8052,10,2
8052,9,0
8054,8,2
8054,7,0
8056,7,2
8056,5,0
8058,5,2
8058,3,0
8060,3,2
8061,2,1
8063,2,2
8065,2,2
8066,1,1
8068,1,2
8070,2,2
8072,2,2
8073,1,1
8075,1,2
8077,2,2
8079,2,2
8080,1,1
8082,1,2
8084,2,2
8086,2,2
8087,1,1
8089,1,2
8091,2,2
8093,2,2
8094,1,1
8096,2,2
8098,2,2
8100,2,2
8101,1,1
8103,1,2
8105,2,2
8107,2,2
8108,1,1
8110,2,2
8112,2,2
8114,2,2
8115,1,1
8117,2,2
8119,2,2
8120,1,1
8122,1,2
8124,2,2
8126,2,2
8128,2,2
8129,1,1
8131,2,2
8133,2,2
8135,2,2
8136,1,1
8138,2,2
8140,2,2
8141,1,1
8143,1,2
8145,2,2
8147,2,2
8148,1,1
8150,1,2
8152,2,2
8154,2,2
8155,1,1
8157,1,2
8159,2,2
8161,2,2
8162,1,1
8164,1,2
8166,2,2
8168,2,2
8170,2,2
8171,1,1
8173,1,2
8175,2,2
8177,2,2
8178,1,1
8180,2,2
8182,2,2
8184,2,2
8185,1,1
8187,1,2
8189,2,2
8191,2,2
8192,1,1
8194,2,2
8196,2,2
8198,2,2
8199,1,1
8201,2,2
8203,2,2
8205,2,2
8206,1,1
8208,2,2
8210,2,2
8211,1,1
8213,1,2
8215,2,2
8217,2,2
8218,1,1
8220,1,2
8222,2,2
8224,2,2
8225,1,1
8227,1,2
8229,2,2
8231,2,2
8232,1,1
8234,1,2
8236,2,2
8238,2,2
8240,2,2
8241,1,1
8243,2,2
8245,2,2
8246,1,1
8248,1,2
8250,2,2
8252,2,2
8254,2,2
8255,1,1
8257,2,2
8259,2,2
8261,2,2
8262,1,1
8264,2,2
8266,2,2
8268,2,2
8269,1,1
8271,2,2
8273,2,2
8275,2,2
8276,1,1
8278,2,2
8280,2,2
8282,2,2
8283,1,1
8285,1,2
8287,2,2
8289,2,2
8290,1,1
8293,3,3
8295,2,2
8296,1,1
8298,2,2
8300,2,2
8303,3,3
8305,2,2
8307,2,2
8308,1,1
8310,1,2
8312,2,2
8314,2,2
8315,1,1
8317,1,2
8319,2,2
8321,2,2
8323,2,2
8324,1,1
8326,2,2
8328,2,2
8330,2,2
8331,1,1
8333,1,2
8336,2,3
8338,2,2
8340,2,2
8342,2,2
8343,1,1
8345,1,2
8347,2,2
8349,2,2
8351,2,2
8352,1,1
8354,2,2
8356,2,2
8358,2,2
8360,2,2
8361,1,1
8363,2,2
8365,2,2
8367,2,2
8368,1,1
8370,1,2
8372,2,2
8374,2,2
8375,1,1
8377,1,2
8379,2,2
8381,2,2
8383,2,2
8384,1,1
8386,2,2
8388,2,2
8390,2,2
8391,1,1
8393,2,2
8395,2,2
8396,1,1
8398,1,2
8400,2,2
8402,2,2
8404,2,2
8405,1,1
8407,1,2
8409,2,2
8411,2,2
8412,1,1
8414,1,2
8416,2,2
8418,2,2
8419,1,1
8421,1,2
8423,2,2
8425,2,2
8427,2,2
8428,1,1
8430,2,2
8432,2,2
8434,2,2
8435,1,1
8437,2,2
8439,2,2
8441,2,2
8442,1,1
8444,1,2
8446,2,2
8448,2,2
8450,2,2
8451,1,1
8453,2,2
8455,2,2
8457,2,2
8458,1,1
8460,1,2
8462,2,2
8464,2,2
8465,1,1
8467,1,2
8469,2,2
8471,2,2
8472,1,1
8474,1,2
8476,2,2
8478,2,2
8479,1,1
8481,1,2
8483,2,2
8485,2,2
8487,2,2
8488,1,1
8490,2,2
8492,2,2
8494,2,2
8495,1,1
8497,1,2
8499,2,2
8501,2,2
8502,1,1
8504,1,2
8506,2,2
8508,2,2
8509,1,1
8511,1,2
8512,1,1
8513,1,1
8513,0,0
8514,0,1
8516,1,2
8518,1,2
8519,1,1
8520,1,1
8520,0,0
8522,0,2
8524,0,2
8526,1,2
8528,1,2
8530,1,2
8532,0,2
8534,1,2
8536,1,2
8538,1,2
8540,1,2
8541,1,1
8542,1,1
8543,1,1
8543,0,0
8545,1,2
8547,1,2
8549,1,2
8551,0,2
8553,1,2
8555,1,2
8556,1,1
8557,1,1
8558,1,1
8558,0,0
8560,1,2
8562,1,2
8564,1,2
8565,1,1
8566,1,1
8566,0,0
8567,0,1
8569,1,2
8571,1,2
8573,0,2
8575,0,2
8577,0,2
8579,1,2
8581,1,2
8582,1,1
8583,1,1
8584,1,1
8585,1,1
8585,0,0
8587,0,2
8589,1,2
8591,1,2
8593,1,2
8595,1,2
8597,0,2
8599,0,2
8601,1,2
8603,1,2
8605,1,2
8606,1,1
8607,1,1
8608,1,1
8608,0,0
8610,0,2
8612,1,2
8614,1,2
8616,1,2
8618,1,2
8619,1,1
8620,1,1
8621,1,1
8621,0,0
8623,0,2
8625,0,2
8627,0,2
8629,1,2
8631,0,2
8639,6,8
8640,1,1
8641,1,1
8642,1,1
8643,0,1
8644,0,1
8646,1,2
8647,1,1
8647,0,0
8648,0,1
8650,1,2
8651,1,1
8652,1,1
8653,0,1
8654,0,1
8656,1,2
8657,1,1
8657,0,0
8658,0,1
8660,1,2
8661,1,1
8662,1,1
8663,0,1
8664,0,1
8666,1,2
8667,1,1
8667,0,0
8668,0,1
8670,1,2
8671,1,1
8672,1,1
8679,0,7
8681,1,2
8683,1,2
8684,1,1
8685,1,1
8686,1,1
8687,1,1
8688,0,1
8690,1,2
8691,1,1
8692,1,1
8692,0,0
8693,0,1
8695,1,2
8696,1,1
8697,1,1
8698,0,1
8699,0,1
8701,1,2
8702,1,1
8702,0,0
8703,0,1
8705,1,2
8706,1,1
8707,1,1
8708,0,1
8710,1,2
8711,1,1
8712,1,1
8712,0,0
8713,0,1
8714,0,1
8716,1,2
8717,1,1
8718,0,1
8719,0,1
8721,1,2
8722,1,1
8722,0,0
8723,0,1
8724,0,1
8726,1,2
8727,1,1
8728,0,1
8730,1,2
8731,1,1
8732,1,1
8733,0,1
8734,0,1
8736,1,2
8737,1,1
8738,0,1
8739,0,1
8741,1,2
8742,1,1
8743,0,1
8744,0,1
8746,1,2
8747,1,1
8748,0,1
8749,0,1
8751,1,2
8752,1,1
8753,1,1
8754,0,1
8756,1,2
8757,1,1
8757,0,0
8758,0,1
8759,0,1
8761,1,2
8762,1,1
8763,0,1
8764,0,1
8766,1,2
8767,1,1
8768,0,1
8770,1,2
8771,1,1
8771,0,0
8772,0,1
8774,1,2
8775,0,1
8777,1,2
8778,0,1
8780,1,2
8781,1,1
8783,1,2
8784,0,1
8786,1,2
8788,1,2
8790,1,2
8792,1,2
8793,1,1
8795,2,2
8796,1,1
8797,1,1
8797,0,0
8799,0,2
8801,0,2
8803,0,2
8805,0,2
8807,0,2
8809,0,2
8811,0,2
8813,1,2
8815,0,2
8817,0,2
8819,0,2
8821,1,2
8823,1,2
8825,1,2
8826,1,1
8827,1,1
8828,1,1
8828,0,0
8831,1,3
8832,1,1
8833,1,1
8833,0,0
8834,0,1
8836,1,2
8838,1,2
8839,1,1
8840,1,1
8841,1,1
8841,0,0
8843,0,2
8845,0,2
8847,1,2
8850,2,3
8851,1,1
8852,1,1
8852,0,0
8854,0,2
8856,1,2
8858,1,2
8860,1,2
8862,1,2
8863,1,1
8864,1,1
8865,1,1
8865,0,0
8867,0,2
8869,1,2
8871,1,2
8873,1,2
8875,1,2
8877,1,2
8879,0,2
8881,1,2
8883,1,2
8885,0,2
8886,0,1
8888,1,2
8890,1,2
8892,1,2
8894,1,2
8896,1,2
8898,1,2
8900,1,2
8902,1,2
8904,1,2
8906,1,2
8907,1,1
8908,1,1
8908,0,0
8910,1,2
8911,1,1
8912,1,1
8912,0,0
8914,0,2
8916,0,2
8918,0,2
8920,0,2
8922,1,2
8924,1,2
8925,1,1
8926,1,1
8927,1,1
8927,0,0
8929,1,2
8931,0,2
8933,0,2
8936,1,3
8938,2,2
8939,1,1
8940,1,1
8941,1,1
8942,1,1
8943,1,1
8944,1,1
8944,0,0
8946,0,2
8948,0,2
8950,1,2
8952,1,2
8954,1,2
8955,1,1
8956,1,1
8956,0,0
8957,0,1
8959,1,2
8961,0,2
8963,0,2
8965,1,2
8967,1,2
8969,1,2
8971,1,2
8973,1,2
8975,0,2
8977,0,2
8978,0,1
8980,1,2
8982,1,2
8984,1,2
8985,1,1
8986,1,1
8987,1,1
8987,0,0
8989,0,2
8991,1,2
8993,1,2
8994,1,1
8995,1,1
8996,1,1
8996,0,0
8998,0,2
9000,1,2
9002,1,2
9004,1,2
9005,1,1
9006,1,1
9007,1,1
9007,0,0
9009,1,2
9012,1,3
9014,2,2
9016,2,2
9018,2,2
9019,1,1
9021,1,2
9023,2,2
9025,2,2
9027,2,2
9028,1,1
9030,1,2
9032,2,2
9034,2,2
9036,2,2
9037,1,1
9039,2,2
9041,2,2
9043,2,2
9044,1,1
9046,1,2
9049,2,3
9051,2,2
9053,2,2
9054,1,1
9056,1,2
9058,2,2
9060,2,2
9062,2,2
9063,1,1
9065,2,2
9067,2,2
9068,1,1
9070,1,2
9072,1,2
9074,2,2
9076,2,2
9077,1,1
9079,1,2
9081,2,2
9083,2,2
9084,1,1
9086,1,2
9088,2,2
9090,2,2
9091,1,1
9093,1,2
9095,2,2
9097,2,2
9099,2,2
9100,1,1
9102,1,2
9104,2,2
9106,2,2
9107,1,1
9109,1,2
9111,2,2
9113,2,2
9115,2,2
9117,2,2
9118,1,1
9120,1,2
9122,2,2
9124,2,2
9126,2,2
9127,1,1
9129,1,2
9131,2,2
9133,2,2
9134,1,1
9136,1,2
9138,2,2
9140,2,2
9142,2,2
9143,1,1
9145,1,2
9147,2,2
9149,2,2
9150,1,1
9152,1,2
9154,2,2
9156,2,2
9158,2,2
9159,1,1
9161,1,2
9163,2,2
9165,2,2
9167,2,2
9168,1,1
9170,1,2
9172,2,2
9174,2,2
9176,2,2
9177,1,1
9179,1,2
9181,2,2
9183,2,2
9184,1,1
9186,1,2
9188,2,2
9190,2,2
9191,1,1
9193,1,2
9195,2,2
9197,2,2
9198,1,1
9200,1,2
9202,2,2
9204,2,2
9206,2,2
9207,1,1
9209,1,2
9211,2,2
9213,2,2
9214,1,1
9216,1,2
9218,2,2
9220,2,2
9222,2,2
9223,1,1
9225,1,2
9227,2,2
9229,2,2
9231,2,2
9232,1,1
9234,1,2
9237,2,3
9239,2,2
9241,2,2
9242,1,1
9244,1,2
9246,2,2
9248,2,2
9249,1,1
9251,1,2
9253,2,2
9255,2,2
9257,2,2
9258,1,1
9260,2,2
9262,2,2
9264,2,2
9266,2,2
9267,1,1
9269,2,2
9271,2,2
9273,2,2
9274,1,1
9276,1,2
9278,2,2
9280,2,2
9282,2,2
9320,35,38
9322,35,2
9322,31,0
9322,29,0
9322,27,0
9322,26,0
9322,24,0
9326,27,4
9326,25,0
9328,25,2
9328,22,0
9328,21,0
9328,19,0
9328,17,0
9332,19,4
9332,16,0
9332,14,0
9332,12,0
9332,10,0
9332,8,0
9336,10,4
9336,8,0
9337,7,1
9337,5,0
9337,3,0
9340,4,3
9340,2,0
9342,2,2
9343,1,1
9345,2,2
9347,2,2
9349,2,2
9351,2,2
9352,1,1
9354,1,2
9356,2,2
9358,2,2
9360,2,2
9362,2,2
9363,1,1
9365,2,2
9367,2,2
9369,2,2
9371,2,2
9372,1,1
9374,1,2
9377,2,3
9379,2,2
9381,2,2
9382,1,1
9384,1,2
9386,2,2
9388,2,2
9390,2,2
9391,1,1
9393,2,2
9395,2,2
9396,1,1
9398,1,2
9400,2,2
9402,2,2
9404,2,2
9405,1,1
9407,1,2
9409,2,2
9411,2,2
9413,2,2
9414,1,1
9416,2,2
9418,2,2
9420,2,2
9422,2,2
9423,1,1
9427,4,4
9429,2,2
9430,1,1
9432,1,2
9434,2,2
9436,2,2
9438,2,2
9439,1,1
9441,1,2
9443,2,2
9445,2,2
9446,1,1
9448,1,2
9450,2,2
9452,2,2
9454,2,2
9455,1,1
9457,1,2
9459,2,2
9461,2,2
9463,2,2
9464,1,1
9466,2,2
9468,2,2
9470,2,2
9471,1,1
9473,1,2
9475,2,2
9477,2,2
9479,2,2
9480,1,1
9482,2,2
9484,2,2
9486,2,2
9488,2,2
9489,1,1
9491,2,2
9493,2,2
9495,2,2
9496,1,1
9498,2,2
9500,2,2
9502,2,2
9503,1,1
9505,1,2
9507,2,2
9509,2,2
9511,2,2
9513,2,2
9514,1,1
9516,2,2
9518,2,2
9520,2,2
9521,1,1
9523,1,2
9526,2,3
9528,2,2
9530,2,2
9532,2,2
9534,2,2
9535,1,1
9537,1,2
9539,2,2
9541,2,2
9543,2,2
9544,1,1
9546,1,2
9548,2,2
9550,2,2
9552,2,2
9553,1,1
9555,1,2
9557,2,2
9559,2,2
9561,2,2
9562,1,1
9564,1,2
9566,2,2
9568,2,2
9570,2,2
9571,1,1
9573,2,2
9575,2,2
9577,2,2
9578,1,1
9580,1,2
9582,2,2
9584,2,2
9586,2,2
9587,1,1
9589,2,2
9591,2,2
9593,2,2
9594,1,1
9596,1,2
9598,2,2
9600,2,2
9602,2,2
9603,1,1
9605,2,2
9607,2,2
9609,2,2
9611,2,2
9612,1,1
9614,1,2
9616,2,2
9618,2,2
9619,1,1
9621,1,2
9623,2,2
9625,2,2
9626,1,1
9628,1,2
9630,2,2
9632,2,2
9634,2,2
9635,1,1
9637,2,2
9639,2,2
9641,2,2
9642,1,1
9644,1,2
9646,2,2
9648,2,2
9650,2,2
9651,1,1
9653,1,2
9655,2,2
9657,2,2
9659,2,2
9660,1,1
9662,2,2
9664,2,2
9666,2,2
9667,1,1
9669,1,2
9671,2,2
9673,2,2
9675,2,2
9676,1,1
9678,2,2
9680,2,2
9682,2,2
9683,1,1
9685,1,2
9687,2,2
9689,2,2
9691,2,2
9692,1,1
9694,2,2
9696,2,2
9698,2,2
9699,1,1
9701,2,2
9703,2,2
9705,2,2
9706,1,1
9708,1,2
9710,2,2
9712,2,2
9714,2,2
9715,1,1
9717,1,2
9719,2,2
9721,2,2
9723,2,2
9724,1,1
9726,2,2
9728,2,2
9730,2,2
9731,1,1
9733,1,2
9735,2,2
9737,2,2
9738,1,1
9740,1,2
9742,2,2
9744,2,2
9746,2,2
9747,1,1
9749,2,2
9751,2,2
9753,2,2
9754,1,1
9756,1,2
9758,2,2
9760,2,2
9762,2,2
9764,2,2
9765,1,1
9767,1,2
9769,2,2
9771,2,2
9772,1,1
9774,1,2
9776,2,2
9778,2,2
9780,2,2
9781,1,1
9783,1,2
9785,2,2
9787,2,2
9788,1,1
9790,1,2
9792,2,2
9794,2,2
9796,2,2
9797,1,1
9799,1,2
9801,2,2
9803,2,2
9805,2,2
9806,1,1
9808,1,2
9810,2,2
9812,2,2
9814,2,2
9815,1,1
9817,2,2
9819,2,2
9821,2,2
9823,2,2
9824,1,1
9826,2,2
9828,2,2
9830,2,2
9831,1,1
9833,2,2
9835,2,2
9837,2,2
9838,1,1
9840,1,2
9842,2,2
9844,2,2
9846,2,2
9847,1,1
9849,1,2
9851,2,2
9853,2,2
9855,2,2
9856,1,1
9858,1,2
9860,2,2
9862,2,2
9864,2,2
9865,1,1
9867,1,2
9869,2,2
9871,2,2
9872,1,1
9874,2,2
9876,2,2
9878,2,2
9879,1,1
9881,1,2
9884,3,3
9885,1,1
9887,1,2
9889,2,2
9891,2,2
9892,1,1
9894,1,2
9896,2,2
9898,2,2
9900,2,2
9901,1,1
9903,1,2
9905,2,2
9907,2,2
9908,1,1
9910,1,2
9912,2,2
9914,2,2
9916,2,2
9917,1,1
9919,2,2
9921,2,2
9923,2,2
9924,1,1
9926,1,2
9928,2,2
9930,2,2
9931,1,1
9933,1,2
9935,2,2
9937,2,2
9939,2,2
9941,2,2
9943,2,2
9945,2,2
9946,1,1
9948,1,2
9950,2,2
9952,2,2
9953,1,1
9955,1,2
9957,2,2
9959,2,2
9961,2,2
9962,1,1
9964,1,2
9966,2,2
9968,2,2
9970,2,2
9971,1,1
9973,2,2
9979,6,6
10012,33,33
10012,32,0
10013,32,1
10013,30,0
10013,29,0
10014,29,1
10014,27,0
10014,26,0
10022,32,8
10022,31,0
10022,29,0
10024,30,2
10024,29,0
10024,28,0
10024,26,0
10024,25,0
10024,24,0
10024,23,0
10024,22,0
10024,20,0
10024,19,0
10024,18,0
10024,17,0
10024,16,0
10024,14,0
10025,14,1
10025,12,0
10025,11,0
10025,5,0
10026,4,1
10026,3,0
10026,1,0
10028,2,2
10028,1,0
10029,1,1
10033,4,4
10033,3,0
10034,3,1
10034,2,0
10034,1,0
10037,3,3
10037,2,0
10037,1,0
10038,1,1
10041,2,3
10041,1,0
10042,0,1
10044,1,2
10045,1,1
10046,1,1
10046,0,0
10048,0,2
10050,0,2
10052,1,2
10054,1,2
10056,1,2
10057,1,1
10058,1,1
10059,1,1
10059,0,0
10061,0,2
10063,0,2
10065,1,2
10067,1,2
10069,1,2
10071,1,2
10073,1,2
10075,0,2
10077,0,2
10079,0,2
10081,1,2
10083,1,2
10085,1,2
10086,1,1
10087,1,1
10088,1,1
10088,0,0
10090,1,2
10092,1,2
10094,1,2
10096,1,2
10097,1,1
10098,1,1
10099,1,1
10099,0,0
10101,0,2
10103,0,2
10105,1,2
10107,1,2
10109,1,2
10111,0,2
10113,0,2
10115,0,2
10117,1,2
10119,1,2
10121,0,2
10123,0,2
10125,0,2
10127,0,2
10129,0,2
10131,1,2
10133,1,2
10135,1,2
10137,0,2
10139,0,2
10141,0,2
10142,0,1
10144,1,2
10146,1,2
10147,1,1
10148,1,1
10149,1,1
10149,0,0
10151,1,2
10153,1,2
10155,0,2
10157,0,2
10158,0,1
10160,1,2
10162,1,2
10163,1,1
10164,1,1
10164,0,0
10165,0,1
10167,1,2
10169,1,2
10170,1,1
10171,1,1
10172,1,1
10172,0,0
10174,0,2
10176,1,2
10178,1,2
10179,1,1
10180,1,1
10180,0,0
10181,0,1
10183,1,2
10185,0,2
10187,0,2
10189,1,2
10191,0,2
10193,1,2
10195,1,2
10197,1,2
10199,0,2
10201,1,2
10203,1,2
10205,1,2
10206,1,1
10207,1,1
10208,1,1
10209,1,1
10209,0,0
10211,0,2
10213,1,2
10215,1,2
10217,0,2
10219,0,2
10221,1,2
10223,1,2
10225,1,2
10226,1,1
10227,1,1
10228,1,1
10228,0,0
10230,0,2
10232,1,2
10234,1,2
10236,1,2
10237,1,1
10238,1,1
10239,1,1
10239,0,0
10241,0,2
10243,0,2
10245,1,2
10247,1,2
10249,1,2
10250,1,1
10251,1,1
10252,1,1
10252,0,0
10253,0,1
10255,0,2
10257,1,2
10259,0,2
10261,1,2
10263,0,2
10265,0,2
10267,0,2
10269,0,2
10271,1,2
10273,1,2
10275,1,2
10277,1,2
10279,0,2
10281,0,2
10283,0,2
10285,0,2
10287,1,2
10289,1,2
10292,2,3
10293,1,1
10294,1,1
10295,1,1
10295,0,0
10297,1,2
10299,1,2
10301,1,2
10303,1,2
10305,1,2
10307,1,2
10309,0,2
10311,0,2
10313,0,2
10315,0,2
10317,1,2
10319,1,2
10321,1,2
10323,0,2
10325,0,2
10327,0,2
10329,1,2
10331,1,2
10333,1,2
10335,1,2
10337,1,2
10338,1,1
10339,1,1
10340,1,1
10340,0,0
10341,0,1
10343,1,2
10345,1,2
10347,0,2
10349,0,2
10351,0,2
10353,1,2
10355,1,2
10357,1,2
10359,0,2
10361,0,2
10363,0,2
10365,1,2
10367,0,2
10369,1,2
10371,0,2
10373,0,2
10375,0,2
10377,1,2
10379,1,2
10381,1,2
10383,1,2
10385,1,2
10386,1,1
10387,1,1
10387,0,0
10388,0,1
10390,1,2
10391,1,1
10392,1,1
10392,0,0
10394,0,2
10396,0,2
10398,0,2
10400,1,2
10402,1,2
10404,1,2
10406,1,2
10408,1,2
10410,1,2
10411,1,1
10412,1,1
10413,1,1
10413,0,0
10415,0,2
10417,0,2
10419,0,2
10421,0,2
10423,0,2
10425,1,2
10427,1,2
10429,1,2
10431,1,2
10433,1,2
10434,1,1
10435,1,1
10437,2,2
10438,1,1
10438,0,0
10440,0,2
10442,1,2
10444,1,2
10446,1,2
10447,1,1
10448,1,1
10448,0,0
10450,0,2
10452,0,2
10453,0,1
10455,0,2
10457,1,2
10459,1,2
10461,1,2
10462,1,1
10463,1,1
10463,0,0
10464,0,1
10466,1,2
10467,1,1
10468,1,1
10468,0,0
10469,0,1
10471,1,2
10473,1,2
10474,1,1
10475,1,1
10476,1,1
10476,0,0
10478,0,2
10480,1,2
10482,0,2
10484,0,2
10486,1,2
10488,0,2
10490,1,2
10492,1,2
10494,1,2
10495,1,1
10496,1,1
10497,1,1
10497,0,0
10499,0,2
10501,0,2
10503,0,2
10505,0,2
10507,1,2
10509,0,2
10512,2,3
10514,2,2
10516,2,2
10517,1,1
10519,1,2
10521,2,2
10523,2,2
10525,2,2
10526,1,1
10528,2,2
10530,2,2
10531,1,1
10533,1,2
10535,2,2
10537,2,2
10538,1,1
10540,1,2
10542,2,2
10544,2,2
10546,2,2
10547,1,1
10549,2,2
10551,2,2
10553,2,2
10554,1,1
10556,2,2
10558,2,2
10559,1,1
10561,1,2
10563,2,2
10565,2,2
10566,1,1
10568,1,2
10570,2,2
10572,2,2
10573,1,1
10575,1,2
10577,2,2
10579,2,2
10580,1,1
10582,2,2
10584,2,2
10587,3,3
10589,2,2
10591,2,2
10592,1,1
10594,1,2
10596,2,2
10598,2,2
10600,2,2
10601,1,1
10603,1,2
10605,2,2
10607,2,2
10609,2,2
10610,1,1
10612,2,2
10614,2,2
10643,25,29
10643,24,0
10643,22,0
10643,20,0
10645,20,2
10646,16,1
10646,14,0
10648,15,2
10648,13,0
10649,13,1
10651,13,2
10651,12,0
10651,11,0
10651,9,0
10651,6,0
10655,8,4
10655,7,0
10657,7,2
10657,4,0
10658,4,1
10660,4,2
10660,2,0
10662,2,2
10664,2,2
10665,1,1
10667,1,2
10669,2,2
10671,2,2
10672,1,1
10674,2,2
10676,2,2
10678,2,2
10679,1,1
10681,2,2
10683,2,2
10685,2,2
10686,1,1
10688,2,2
10690,2,2
10691,1,1
10693,1,2
10695,2,2
10697,2,2
10698,1,1
10700,1,2
10702,2,2
10704,2,2
10705,1,1
10707,1,2
10709,2,2
10711,2,2
10712,1,1
10714,1,2
10716,2,2
10718,2,2
10719,1,1
10721,2,2
10723,2,2
10724,1,1
10726,1,2
10728,2,2
10730,2,2
10731,1,1
10733,1,2
10735,2,2
10737,2,2
10738,1,1
10740,2,2
10742,2,2
10743,1,1
10745,1,2
10747,2,2
10749,2,2
10750,1,1
10752,1,2
10754,2,2
10756,2,2
10758,2,2
10759,1,1
10761,2,2
10763,2,2
10764,1,1
10766,1,2
10768,2,2
10770,2,2
10771,1,1
10773,1,2
10775,2,2
10777,2,2
10778,1,1
10780,2,2
10782,2,2
10783,1,1
10785,1,2
10787,2,2
10789,2,2
10790,1,1
10792,1,2
10794,2,2
10797,3,3
10799,2,2
10800,1,1
10802,2,2
10804,2,2
10806,2,2
10807,1,1
10809,2,2
10811,2,2
10812,1,1
10814,1,2
10816,2,2
10818,2,2
10819,1,1
10821,2,2
10823,2,2
10824,1,1
10826,1,2
10828,2,2
10830,2,2
10831,1,1
10833,2,2
10835,2,2
10837,2,2
10838,1,1
10840,2,2
10842,2,2
10843,1,1
10845,2,2
10847,2,2
10848,1,1
10850,1,2
10852,2,2
10854,2,2
10855,1,1
10857,1,2
10859,2,2
10861,2,2
10862,1,1
10864,2,2
10866,2,2
10868,2,2
10869,1,1
10871,2,2
10873,2,2
10874,1,1
10876,1,2
10878,2,2
10880,2,2
10881,1,1
10883,1,2
10885,2,2
10887,2,2
10888,1,1
10890,1,2
10892,2,2
10893,1,1
10895,1,2
10897,2,2
10899,2,2
10900,1,1
10902,1,2
10904,2,2
10906,2,2
10907,1,1
10909,1,2
10911,2,2
10913,2,2
10914,1,1
10916,2,2
10918,2,2
10919,1,1
10921,1,2
10923,2,2
10925,2,2
10926,1,1
10928,2,2
10930,2,2
10932,2,2
10933,1,1
10935,2,2
10937,2,2
10938,1,1
10940,1,2
10942,2,2
10944,2,2
10945,1,1
10947,1,2
10949,2,2
10951,2,2
10952,1,1
10954,1,2
10956,2,2
10958,2,2
10959,1,1
10961,2,2
10963,2,2
10964,1,1
10966,1,2
10968,1,2
10970,2,2
10972,2,2
10973,1,1
10975,1,2
10977,2,2
10978,1,1
10980,1,2
10982,2,2
10984,2,2
10985,1,1
10987,1,2
10989,2,2
10991,2,2
10992,1,1
10994,2,2
10996,2,2
10998,2,2
10999,1,1
11001,2,2
11003,2,2
11005,2,2
11006,1,1
11008,2,2
11010,2,2
11012,2,2
11013,1,1
11014,1,1
11014,0,0
11016,0,2
11018,1,2
11020,0,2
11022,0,2
11024,0,2
11026,0,2
11028,1,2
11030,1,2
11032,1,2
11033,1,1
11034,1,1
11034,0,0
11036,0,2
11038,1,2
11040,1,2
11042,1,2
11043,1,1
11044,1,1
11045,1,1
11045,0,0
11047,0,2
11049,1,2
11051,1,2
11053,1,2
11055,0,2
11057,0,2
11058,0,1
11060,1,2
11062,1,2
11064,1,2
11065,1,1
11066,1,1
11066,0,0
11068,0,2
11070,0,2
11072,1,2
11074,1,2
11075,1,1
11076,1,1
11077,1,1
11077,0,0
11078,0,1
11080,1,2
11082,1,2
11083,1,1
11084,1,1
11085,1,1
11085,0,0
11087,0,2
11089,0,2
11091,0,2
11093,1,2
11095,1,2
11097,1,2
11099,1,2
11101,0,2
11103,1,2
11105,1,2
11107,1,2
11109,1,2
11111,1,2
11113,1,2
11114,1,1
11115,1,1
11116,1,1
11116,0,0
11118,1,2
11120,1,2
11122,1,2
11124,1,2
11125,1,1
11126,1,1
11127,1,1
11127,0,0
11129,1,2
11131,0,2
11133,0,2
11134,0,1
11136,1,2
11138,1,2
11140,1,2
11141,1,1
11142,1,1
11143,1,1
11143,0,0
11145,1,2
11147,1,2
11149,0,2
11150,0,1
11152,1,2
11154,1,2
11155,1,1
11156,1,1
11157,1,1
11157,0,0
11159,0,2
11161,0,2
11163,0,2
11165,1,2
11167,0,2
11169,1,2
11172,2,3
11173,1,1
11174,1,1
11174,0,0
11176,1,2
11178,1,2
11179,1,1
11180,1,1
11181,1,1
11181,0,0
11182,0,1
11184,1,2
11185,1,1
11186,1,1
11187,1,1
11187,0,0
11189,1,2
11191,1,2
11193,1,2
11195,1,2
11197,0,2
11199,0,2
11201,1,2
11203,1,2
11205,1,2
11207,1,2
11208,1,1
11209,1,1
11210,1,1
11211,1,1
11211,0,0
11213,0,2
11215,0,2
11217,1,2
11219,1,2
11221,1,2
11223,1,2
11225,1,2
11227,0,2
11228,0,1
11230,1,2
11232,1,2
11234,1,2
11235,1,1
11236,1,1
11237,1,1
11237,0,0
11239,1,2
11241,0,2
11243,0,2
11245,1,2
11247,1,2
11249,1,2
11251,1,2
11253,1,2
11255,0,2
11257,0,2
11259,1,2
11261,1,2
11262,1,1
11270,5,8
11270,3,0
11270,2,0
11270,1,0
11272,2,2
11273,2,1
11273,1,0
11274,1,1
11277,2,3
11277,1,0
11278,1,1
11281,2,3
11281,1,0
11282,1,1
11282,0,0
11284,0,2
11286,0,2
11287,0,1
11289,0,2
11292,1,3
11293,1,1
11294,1,1
11295,1,1
11295,0,0
11297,0,2
11299,1,2
11301,1,2
11303,0,2
11305,0,2
11307,1,2
11309,1,2
11311,1,2
11313,1,2
11315,1,2
11317,1,2
11319,0,2
11321,0,2
11323,0,2
11325,1,2
11327,1,2
11329,1,2
11331,1,2
11333,1,2
11334,1,1
11335,1,1
11335,0,0
11337,0,2
11339,0,2
11341,1,2
11343,1,2
11345,1,2
11346,1,1
11347,1,1
11348,1,1
11348,0,0
11350,1,2
11352,0,2
11354,0,2
11356,0,2
11358,0,2
11360,1,2
11362,1,2
11363,1,1
11364,1,1
11364,0,0
11365,0,1
11367,1,2
11369,1,2
11371,0,2
11373,1,2
11375,1,2
11377,1,2
11378,1,1
11379,1,1
11379,0,0
11380,0,1
11382,1,2
11384,1,2
11386,1,2
11388,0,2
11390,1,2
11392,1,2
11394,1,2
11396,1,2
11398,1,2
11400,1,2
11402,1,2
11404,1,2
11406,1,2
11407,1,1
11408,1,1
11409,1,1
11409,0,0
11411,1,2
11413,0,2
11416,1,3
11416,0,0
11418,0,2
11420,1,2
11422,1,2
11424,1,2
11426,1,2
11428,1,2
11429,1,1
11430,1,1
11430,0,0
11431,0,1
11433,1,2
11435,1,2
11437,1,2
11439,1,2
11441,1,2
11443,1,2
11445,0,2
11446,0,1
11448,1,2
11450,1,2
11452,1,2
11454,1,2
11455,1,1
11456,1,1
11456,0,0
11458,0,2
11460,0,2
11462,1,2
11464,1,2
11466,1,2
11467,1,1
11468,1,1
11468,0,0
11469,0,1
11471,1,2
11473,1,2
11475,0,2
11477,0,2
11478,0,1
11480,1,2
11482,1,2
11483,1,1
11484,1,1
11485,1,1
11485,0,0
11487,0,2
11489,0,2
11490,0,1
11492,0,2
11494,0,2
11496,1,2
11497,1,1
11498,1,1
11499,1,1
11499,0,0
11501,0,2
11503,0,2
11504,0,1
11506,1,2
11508,1,2
11510,1,2
11513,1,3
11515,1,2
11517,2,2
11519,2,2
11521,2,2
11522,1,1
11524,1,2
11526,2,2
11528,2,2
11530,2,2
11531,1,1
11533,2,2
11535,2,2
11537,2,2
11538,1,1
11540,2,2
11542,2,2
11543,1,1
11545,1,2
11547,2,2
11549,2,2
11550,1,1
11552,1,2
11554,2,2
11556,2,2
11558,2,2
11559,1,1
11561,2,2
11563,2,2
11565,2,2
11566,1,1
11568,1,2
11570,2,2
11572,2,2
11573,1,1
11575,1,2
11577,2,2
11579,2,2
11580,1,1
11582,1,2
11586,4,4
11587,1,1
11589,1,2
11591,2,2
11593,2,2
11595,2,2
11596,1,1
11598,1,2
11600,2,2
11602,2,2
11604,2,2
11605,1,1
11607,1,2
11609,2,2
11611,2,2
11613,2,2
11614,1,1
11616,2,2
11618,2,2
11620,2,2
11621,1,1
11623,2,2
11625,2,2
11627,2,2
11628,1,1
11630,2,2
11632,2,2
11634,2,2
11635,1,1
11637,1,2
11639,2,2
11641,2,2
11642,1,1
11644,2,2
11646,2,2
11648,2,2
11649,1,1
11651,2,2
11653,2,2
11654,1,1
11656,1,2
11658,2,2
11660,2,2
11662,2,2
11663,1,1
11665,1,2
11667,2,2
11669,2,2
11671,2,2
11672,1,1
11674,2,2
11676,2,2
11678,2,2
11680,2,2
11681,1,1
11683,1,2
11685,2,2
11687,2,2
11688,1,1
11690,1,2
11692,1,2
11694,2,2
11696,2,2
11698,2,2
11699,1,1
11701,2,2
11703,2,2
11705,2,2
11706,1,1
11708,1,2
11710,2,2
11712,2,2
11714,2,2
11715,1,1
11717,2,2
11719,2,2
11721,2,2
11722,1,1
11724,1,2
11726,2,2
11728,2,2
11730,2,2
11731,1,1
11733,1,2
11735,2,2
11737,2,2
11740,3,3
11742,2,2
11744,2,2
11745,1,1
11747,1,2
11749,2,2
11751,2,2
11752,1,1
11754,1,2
11757,2,3
11759,1,2
11761,2,2
11763,2,2
11765,2,2
11767,2,2
11768,1,1
11770,1,2
11772,2,2
11774,2,2
11776,2,2
11778,2,2
11779,1,1
11781,1,2
11783,2,2
11785,2,2
11786,1,1
11788,1,2
11790,2,2
11792,2,2
11794,2,2
11795,1,1
11797,1,2
11799,2,2
11801,2,2
11803,2,2
11804,1,1
11806,2,2
11808,2,2
11810,2,2
11811,1,1
11813,2,2
11815,2,2
11817,2,2
11818,1,1
11820,1,2
11822,2,2
11824,2,2
11825,1,1
11827,1,2
11829,2,2
11831,2,2
11832,1,1
11834,1,2
11836,2,2
11838,2,2
11840,2,2
11842,2,2
11843,1,1
11845,1,2
11847,2,2
11849,2,2
11850,1,1
11852,1,2
11854,2,2
11856,2,2
11857,1,1
11859,1,2
11861,2,2
11863,2,2
11864,1,1
11866,1,2
11868,1,2
11870,2,2
11872,2,2
11874,2,2
11875,1,1
11877,2,2
11879,2,2
11881,2,2
11882,1,1
11884,1,2
11886,2,2
11888,2,2
11890,2,2
11891,1,1
11893,2,2
11895,2,2
11897,2,2
11898,1,1
11900,1,2
11902,2,2
11904,2,2
11906,2,2
11907,1,1
11909,2,2
11911,2,2
11912,1,1
11914,1,2
11916,2,2
11918,2,2
11920,2,2
11921,1,1
11923,1,2
11952,25,29
11952,24,0
11952,21,0
11955,23,3
11955,21,0
11955,18,0
11955,16,0
11955,14,0
11958,15,3
11959,14,1
11959,12,0
11959,11,0
11959,9,0
11960,7,1
11960,6,0
11963,6,3
11964,5,1
11964,3,0
11966,3,2
11967,2,1
11969,2,2
11971,2,2
11972,1,1
11974,1,2
11976,2,2
11978,2,2
11980,2,2
11981,1,1
11983,1,2
11985,2,2
11987,2,2
11988,1,1
11990,1,2
11992,2,2
11994,2,2
11996,2,2
11997,1,1
11999,1,2
12001,2,2
12003,2,2
12005,2,2
12006,1,1
12008,2,2
12010,2,2
12012,2,2
12014,2,2
12015,1,1
12016,1,1
12018,1,2
12019,1,1
12021,1,2
12022,1,1
12024,1,2
12025,1,1
12027,1,2
12028,1,1
12030,1,2
12031,1,1
12033,1,2
12034,1,1
12036,1,2
12037,1,1
12039,1,2
12040,1,1
12042,1,2
12043,1,1
12045,1,2
12046,1,1
12048,1,2
12049,1,1
12051,1,2
12052,1,1
12054,1,2
12056,2,2
12057,1,1
12058,1,1
12060,1,2
12062,2,2
12063,1,1
12065,2,2
12066,1,1
12068,2,2
12069,1,1
12071,2,2
12072,1,1
12074,2,2
12075,1,1
12077,2,2
12078,1,1
12080,2,2
12081,1,1
12083,2,2
12084,1,1
12086,2,2
12087,1,1
12089,2,2
12090,1,1
12092,2,2
12093,1,1
12095,2,2
12096,1,1
12098,2,2
12099,1,1
12101,2,2
12102,1,1
12104,2,2
12105,1,1
12107,2,2
12108,1,1
12110,2,2
12111,1,1
12113,2,2
12114,1,1
12116,2,2
12117,1,1
12119,2,2
12120,1,1
12122,2,2
12123,1,1
12125,2,2
12126,1,1
12128,2,2
12129,1,1
12131,2,2
12132,1,1
12134,2,2
12135,1,1
12137,2,2
12138,1,1
12139,1,1
12141,1,2
12142,1,1
12144,1,2
12145,1,1
12147,1,2
12148,1,1
12150,1,2
12151,1,1
12153,1,2
12154,1,1
12156,1,2
12157,1,1
12159,1,2
12160,1,1
12162,1,2
12164,2,2
12165,1,1
12166,1,1
12168,1,2
12169,1,1
12171,1,2
12172,1,1
12174,2,2
12175,1,1
12177,1,2
12178,1,1
12180,2,2
12181,1,1
12183,2,2
12184,1,1
12186,2,2
12187,1,1
12189,1,2
12190,1,1
12192,2,2
12193,1,1
12195,2,2
12196,1,1
12198,2,2
12199,1,1
12201,2,2
12202,1,1
12204,2,2
12205,1,1
12207,2,2
12208,1,1
12210,2,2
12211,1,1
12213,2,2
12214,1,1
12216,2,2
12217,1,1
12219,2,2
12220,1,1
12222,2,2
12223,1,1
12225,2,2
12226,1,1
12228,2,2
12229,1,1
12230,1,1
12232,1,2
12234,2,2
12235,1,1
12237,2,2
12238,1,1
12239,1,1
12241,1,2
12242,1,1
12245,3,3
12246,1,1
12247,1,1
12249,1,2
12250,1,1
12252,1,2
12253,1,1
12255,2,2
12256,1,1
12258,2,2
12259,1,1
12261,2,2
12262,1,1
12264,2,2
12265,1,1
12267,2,2
12268,1,1
12270,2,2
12271,1,1
12273,2,2
12274,1,1
12276,2,2
12277,1,1
12278,1,1
12280,1,2
12281,1,1
12283,1,2
12284,1,1
12286,2,2
12287,1,1
12289,1,2
12290,1,1
12293,3,3
12294,1,1
12296,2,2
12297,1,1
12298,1,1
12300,1,2
12301,1,1
12303,1,2
12304,1,1
12306,2,2
12309,3,3
12310,1,1
12312,2,2
12313,1,1
12315,2,2
12316,1,1
12318,2,2
12319,1,1
12321,2,2
12322,1,1
12324,2,2
12325,1,1
12327,2,2
12328,1,1
12330,2,2
12331,1,1
12333,2,2
12334,1,1
12336,2,2
12337,1,1
12339,2,2
12340,1,1
12342,2,2
12343,1,1
12345,2,2
12346,1,1
12348,2,2
12349,1,1
12351,2,2
12352,1,1
12354,2,2
12355,1,1
12357,2,2
12358,1,1
12360,2,2
12361,1,1
12362,1,1
12364,1,2
12365,1,1
12367,1,2
12368,1,1
12370,1,2
12371,1,1
12373,1,2
12374,1,1
12376,1,2
12377,1,1
12379,2,2
12380,1,1
12382,2,2
12383,1,1
12385,2,2
12386,1,1
12388,2,2
12389,1,1
12391,2,2
12392,1,1
12394,2,2
12395,1,1
12397,2,2
12398,1,1
12400,2,2
12401,1,1
12402,1,1
12404,1,2
12405,1,1
12407,1,2
12408,1,1
12410,1,2
12411,1,1
12413,1,2
12414,1,1
12417,2,3
12418,1,1
12420,1,2
12421,1,1
12423,2,2
12424,1,1
12426,2,2
12427,1,1
12429,2,2
12430,1,1
12432,2,2
12433,1,1
12434,1,1
12436,1,2
12438,2,2
12439,1,1
12440,1,1
12442,1,2
12443,1,1
12445,1,2
12446,1,1
12448,1,2
12449,1,1
12451,2,2
12452,1,1
12454,2,2
12455,1,1
12457,2,2
12458,1,1
12460,2,2
12461,1,1
12463,2,2
12464,1,1
12466,2,2
12467,1,1
12469,2,2
12470,1,1
12472,2,2
12473,1,1
12475,2,2
12476,1,1
12478,2,2
12479,1,1
12480,1,1
12482,1,2
12483,1,1
12485,1,2
12486,1,1
12488,2,2
12489,1,1
12491,2,2
12492,1,1
12494,2,2
12495,1,1
12497,2,2
12498,1,1
12500,2,2
12501,1,1
12503,2,2
12504,1,1
12506,2,2
12507,1,1
12509,2,2
12510,1,1
12511,1,1
12513,0,2
12515,0,2
12517,1,2
12519,1,2
12521,1,2
12523,1,2
12525,1,2
12527,1,2
12529,1,2
12530,1,1
12535,2,5
12537,2,2
12537,1,0
12538,0,1
12541,2,3
12541,1,0
12541,0,0
12544,2,3
12544,1,0
12545,1,1
12545,0,0
12547,1,2
12549,1,2
12551,1,2
12553,1,2
12555,0,2
12557,1,2
12559,1,2
12561,1,2
12562,1,1
12563,1,1
12564,1,1
12564,0,0
12565,0,1
12567,1,2
12569,0,2
12570,0,1
12572,1,2
12574,1,2
12575,1,1
12576,1,1
12576,0,0
12577,0,1
12579,1,2
12581,1,2
12583,0,2
12585,0,2
12587,0,2
12589,1,2
12591,1,2
12593,1,2
12595,0,2
12597,1,2
12599,0,2
12601,0,2
12603,0,2
12605,0,2
12607,1,2
12609,1,2
12611,0,2
12613,0,2
12615,0,2
12617,0,2
12619,0,2
12621,1,2
12623,1,2
12625,1,2
12627,0,2
12628,0,1
12630,1,2
12632,1,2
12634,1,2
12636,1,2
12637,1,1
12638,1,1
12638,0,0
12640,0,2
12642,1,2
12644,1,2
12646,1,2
12648,0,2
12650,0,2
12652,0,2
12654,1,2
12656,1,2
12657,1,1
12658,1,1
12659,1,1
12660,1,1
12660,0,0
12662,0,2
12663,0,1
12665,0,2
12667,0,2
12669,1,2
12671,1,2
12673,1,2
12675,0,2
12677,0,2
12678,0,1
12680,1,2
12682,1,2
12684,1,2
12685,1,1
12686,1,1
12686,0,0
12687,0,1
12689,1,2
12691,1,2
12693,1,2
12695,0,2
12697,0,2
12699,0,2
12701,0,2
12703,1,2
12705,0,2
12707,1,2
12709,0,2
12711,0,2
12713,0,2
12715,0,2
12717,0,2
12719,1,2
12721,1,2
12723,1,2
12725,1,2
12727,1,2
12729,1,2
12730,1,1
12731,1,1
12732,1,1
12732,0,0
12734,0,2
12736,0,2
12738,1,2
12740,1,2
12742,0,2
12744,0,2
12746,0,2
12748,1,2
12750,1,2
12752,1,2
12754,1,2
12756,1,2
12757,1,1
12758,1,1
12759,1,1
12759,0,0
12761,0,2
12763,1,2
12765,1,2
12767,1,2
12769,1,2
12771,1,2
12773,1,2
12774,1,1
12775,1,1
12776,1,1
12776,0,0
12778,0,2
12780,1,2
12782,1,2
12783,1,1
12784,1,1
12784,0,0
12786,0,2
12788,0,2
12790,0,2
12792,1,2
12794,1,2
12797,2,3
12798,1,1
12799,1,1
12799,0,0
12801,0,2
12803,1,2
12805,0,2
12807,0,2
12809,1,2
12811,1,2
12813,1,2
12815,1,2
12816,1,1
12817,1,1
12817,0,0
12818,0,1
12820,1,2
12822,1,2
12823,1,1
12824,1,1
12825,1,1
12825,0,0
12826,0,1
12828,1,2
12830,1,2
12832,1,2
12834,1,2
12836,1,2
12837,1,1
12838,1,1
12839,1,1
12839,0,0
12841,1,2
12843,1,2
12845,0,2
12847,0,2
12849,0,2
12850,0,1
12853,1,3
12854,1,1
12855,1,1
12856,1,1
12856,0,0
12858,1,2
12860,1,2
12862,0,2
12864,0,2
12866,1,2
12868,1,2
12870,1,2
12872,1,2
12874,1,2
12875,1,1
12876,1,1
12876,0,0
12878,0,2
12880,0,2
12882,0,2
12884,0,2
12886,1,2
12888,1,2
12889,1,1
12890,1,1
12891,1,1
12891,0,0
12893,0,2
12895,0,2
12897,0,2
12899,0,2
12900,0,1
12902,1,2
12904,0,2
12906,1,2
12908,0,2
12910,1,2
12912,1,2
12914,1,2
12916,1,2
12918,1,2
12920,1,2
12921,1,1
12922,1,1
12923,1,1
12923,0,0
12925,0,2
12927,0,2
12929,1,2
12931,0,2
12933,1,2
12935,1,2
12938,1,3
12938,0,0
12940,0,2
12942,1,2
12944,1,2
12946,1,2
12948,1,2
12950,1,2
12951,1,1
12952,1,1
12953,1,1
12953,0,0
12954,0,1
12956,1,2
12958,1,2
12959,1,1
12960,1,1
12960,0,0
12961,0,1
12963,1,2
12965,1,2
12966,1,1
12967,1,1
12968,1,1
12968,0,0
12970,0,2
12972,0,2
12974,0,2
12976,0,2
12978,0,2
12980,0,2
12982,1,2
12984,1,2
12986,1,2
12988,1,2
12990,1,2
12991,1,1
12992,1,1
12993,1,1
12993,0,0
12994,0,1
12996,1,2
12998,1,2
12999,1,1
13000,1,1
13000,0,0
13002,0,2
13004,0,2
13006,0,2
13008,0,2
13010,1,2
13013,2,3
13015,2,2
13017,2,2
13019,2,2
13020,1,1
13022,1,2
13024,2,2
13026,2,2
13027,1,1
13029,1,2
13031,1,2
13033,2,2
13035,2,2
13036,1,1
13038,1,2
13040,2,2
13042,2,2
13044,2,2
13045,1,1
13047,2,2
13049,2,2
13051,2,2
13052,1,1
13054,1,2
13056,2,2
13058,2,2
13059,1,1
13061,1,2
13063,2,2
13065,2,2
13066,1,1
13068,1,2
13070,2,2
13072,2,2
13074,2,2
13075,1,1
13077,2,2
13079,2,2
13081,2,2
13082,1,1
13084,2,2
13086,2,2
13088,2,2
13089,1,1
13091,2,2
13093,2,2
13095,2,2
13096,1,1
13098,2,2
13100,2,2
13102,2,2
13103,1,1
13105,1,2
13107,2,2
13109,2,2
13110,1,1
13112,1,2
13114,2,2
13116,2,2
13117,1,1
13119,2,2
13121,2,2
13122,1,1
13124,1,2
13126,2,2
13128,2,2
13130,2,2
13131,1,1
13133,2,2
13135,2,2
13137,2,2
13138,1,1
13140,1,2
13142,2,2
13144,2,2
13145,1,1
13147,1,2
13149,2,2
13151,2,2
13152,1,1
13154,1,2
13156,2,2
13158,2,2
13160,2,2
13161,1,1
13163,1,2
13199,32,36
13201,33,2
13203,32,2
13203,31,0
13203,29,0
13203,26,0
13205,26,2
13205,24,0
13207,25,2
13207,23,0
13207,21,0
13207,18,0
13207,17,0
13211,18,4
13211,17,0
13211,15,0
13212,14,1
13212,12,0
13212,10,0
13215,10,3
13215,7,0
13216,7,1
13216,6,0
13216,3,0
13219,4,3
13219,2,0
13221,3,2
13222,1,1
13224,2,2
13226,2,2
13228,2,2
13229,1,1
13231,2,2
13233,2,2
13235,2,2
13236,1,1
13238,1,2
13240,1,2
13242,2,2
13244,2,2
13246,2,2
13247,1,1
13249,1,2
13251,2,2
13253,2,2
13254,1,1
13256,1,2
13258,2,2
13260,2,2
13262,2,2
13263,1,1
13265,2,2
13267,2,2
13269,2,2
13270,1,1
13272,1,2
13274,2,2
13276,2,2
13277,1,1
13279,1,2
13281,2,2
13283,2,2
13284,1,1
13286,1,2
13288,2,2
13290,2,2
13292,2,2
13294,1,2
13296,1,2
13298,2,2
13300,2,2
13302,2,2
13303,1,1
13305,1,2
13307,1,2
13310,2,3
13312,2,2
13314,2,2
13315,1,1
13317,2,2
13319,2,2
13321,2,2
13322,1,1
13324,1,2
13326,2,2
13328,2,2
13330,2,2
13331,1,1
13333,2,2
13335,2,2
13337,2,2
13338,1,1
13340,1,2
13342,2,2
13344,2,2
13346,2,2
13347,1,1
13349,1,2
13351,1,2
13353,2,2
13355,2,2
13357,2,2
13358,1,1
13360,1,2
13362,2,2
13364,2,2
13365,1,1
13367,1,2
13369,2,2
13371,2,2
13373,2,2
13374,1,1
13376,2,2
13378,2,2
13380,2,2
13381,1,1
13383,1,2
13385,2,2
13387,2,2
13389,2,2
13390,1,1
13392,2,2
13394,2,2
13396,2,2
13397,1,1
13399,1,2
13401,2,2
13403,2,2
13405,2,2
13406,1,1
13408,1,2
13410,2,2
13412,2,2
13414,2,2
13415,1,1
13417,2,2
13419,2,2
13421,2,2
13422,1,1
13424,1,2
13426,2,2
13428,2,2
13430,2,2
13432,2,2
13433,1,1
13435,1,2
13437,2,2
13439,2,2
13441,2,2
13442,1,1
13444,1,2
13446,2,2
13448,2,2
13450,2,2
13451,1,1
13454,3,3
13456,1,2
13458,2,2
13460,2,2
13462,2,2
13464,2,2
13466,2,2
13467,1,1
13469,2,2
13471,2,2
13473,2,2
13474,1,1
13476,1,2
13478,1,2
13481,2,3
13483,2,2
13485,2,2
13487,2,2
13488,1,1
13490,2,2
13492,2,2
13494,2,2
13495,1,1
13497,1,2
13499,2,2
13501,2,2
13503,2,2
13504,1,1
13506,2,2
13508,2,2
13510,2,2
13512,2,2
13514,2,2
13515,1,1
13517,2,2
13519,2,2
13521,2,2
13522,1,1
13524,1,2
13526,2,2
13528,2,2
13530,2,2
13531,1,1
13533,2,2
13535,2,2
13537,2,2
13538,1,1
13540,2,2
13542,2,2
13544,2,2
13545,1,1
13547,1,2
13549,2,2
13551,2,2
13552,1,1
13554,1,2
13556,2,2
13558,2,2
13560,2,2
13561,1,1
13563,1,2
13565,2,2
13567,2,2
13568,1,1
13570,2,2
13572,2,2
13574,2,2
13575,1,1
13577,1,2
13579,2,2
13581,2,2
13583,2,2
13584,1,1
13586,1,2
13588,2,2
13590,2,2
13591,1,1
13593,1,2
13595,2,2
13597,2,2
13598,1,1
13600,1,2
13602,2,2
13604,2,2
13606,2,2
13607,1,1
13609,1,2
13611,2,2
13613,2,2
13614,1,1
13616,1,2
13618,2,2
13620,2,2
13622,2,2
13623,1,1
13625,1,2
13627,2,2
13629,2,2
13630,1,1
13632,2,2
13634,2,2
13636,2,2
13637,1,1
13639,2,2
13641,2,2
13643,2,2
13644,1,1
13646,1,2
13648,2,2
13650,2,2
13651,1,1
13653,1,2
13656,2,3
13658,1,2
13660,2,2
13662,2,2
13664,2,2
13665,1,1
13667,1,2
13669,2,2
13671,2,2
13672,1,1
13674,1,2
13676,2,2
13678,2,2
13680,2,2
13682,2,2
13683,1,1
13685,1,2
13687,2,2
13689,2,2
13690,1,1
13692,1,2
13694,2,2
13696,2,2
13698,2,2
13700,2,2
13701,1,1
13703,1,2
13705,2,2
13707,2,2
13708,1,1
13710,1,2
13712,2,2
13714,2,2
13716,2,2
13718,2,2
13719,1,1
13721,2,2
13723,2,2
13725,2,2
13726,1,1
13728,1,2
13730,2,2
13732,2,2
13733,1,1
13735,1,2
13737,2,2
13739,2,2
13740,1,1
13742,1,2
13744,2,2
13746,2,2
13748,2,2
13749,1,1
13751,2,2
13753,2,2
13755,2,2
13757,2,2
13758,1,1
13760,2,2
13762,2,2
13764,2,2
13765,1,1
13769,3,4
13771,1,2
13773,2,2
13775,2,2
13777,2,2
13778,1,1
13780,1,2
13782,1,2
13784,2,2
13786,2,2
13788,2,2
13789,1,1
13791,2,2
13793,2,2
13795,2,2
13796,1,1
13798,1,2
13800,2,2
13802,2,2
13804,2,2
13805,1,1
13807,2,2
13809,2,2
13811,2,2
13812,1,1
13814,1,2
13816,2,2
13818,2,2
13820,2,2
13822,2,2
13823,1,1
13825,2,2
13827,2,2
13829,2,2
13831,2,2
13833,2,2
13836,2,3
13838,2,2
13840,2,2
13842,2,2
13845,2,3
13847,2,2
13849,2,2
13850,1,1
13852,1,2
13854,2,2
13856,2,2
13858,2,2
13859,1,1
13861,2,2
13863,2,2
13864,1,1
13866,1,2
13868,1,2
13870,2,2
13872,2,2
13874,2,2
13876,2,2
13878,2,2
13912,30,34
13915,32,3
13915,29,0
13916,29,1
13916,27,0
13917,25,1
13918,25,1
13919,24,1
13919,22,0
13921,22,2
13921,20,0
13922,19,1
13923,18,1
13925,17,2
13925,16,0
13925,12,0
13927,13,2
13927,10,0
13927,8,0
13927,6,0
13927,4,0
13930,5,3
13931,5,1
13931,2,0
13933,2,2
13935,2,2
13936,2,1
13939,2,3
13940,1,1
13942,1,2
13944,2,2
13946,2,2
13948,2,2
13949,1,1
13951,2,2
13953,2,2
13954,1,1
13956,1,2
13958,2,2
13960,2,2
13962,2,2
13963,1,1
13965,2,2
13967,2,2
13968,1,1
13970,1,2
13972,2,2
13974,2,2
13976,2,2
13977,1,1
13979,2,2
13981,2,2
13983,2,2
13984,1,1
13986,2,2
13988,2,2
13990,2,2
13991,1,1
13993,2,2
13995,2,2
13996,1,1
13998,1,2
14000,2,2
14002,2,2
14004,2,2
14005,1,1
14007,2,2
14009,2,2
14011,2,2
14012,1,1
14012,0,0
14014,1,2
14016,1,2
14017,1,1
14018,1,1
14019,1,1
14020,1,1
14020,0,0
14022,0,2
14024,0,2
14026,0,2
14028,0,2
14030,0,2
14032,1,2
14034,1,2
14036,1,2
14037,1,1
14038,1,1
14039,1,1
14039,0,0
14041,0,2
14043,0,2
14045,0,2
14047,1,2
14049,0,2
14051,0,2
14053,0,2
14055,0,2
14057,0,2
14058,0,1
14060,0,2
14062,0,2
14064,0,2
14066,1,2
14068,1,2
14070,1,2
14072,1,2
14074,1,2
14076,1,2
14078,1,2
14080,1,2
14083,2,3
14084,1,1
14085,1,1
14085,0,0
14087,1,2
14089,0,2
14091,1,2
14093,0,2
14095,0,2
14097,0,2
14099,1,2
14101,0,2
14103,1,2
14105,0,2
14106,0,1
14108,1,2
14110,1,2
14111,1,1
14112,1,1
14113,1,1
14113,0,0
14115,0,2
14117,0,2
14119,0,2
14121,0,2
14123,0,2
14125,1,2
14127,1,2
14129,1,2
14130,1,1
14131,1,1
14132,1,1
14132,0,0
14134,1,2
14136,0,2
14138,0,2
14140,1,2
14142,1,2
14144,1,2
14145,1,1
14146,1,1
14146,0,0
14147,0,1
14149,1,2
14151,1,2
14153,1,2
14155,1,2
14157,0,2
14159,1,2
14161,1,2
14163,1,2
14165,1,2
14167,0,2
14169,0,2
14171,0,2
14173,0,2
14175,0,2
14177,0,2
14179,0,2
14181,0,2
14183,0,2
14185,0,2
14187,0,2
14189,1,2
14191,1,2
14193,1,2
14194,1,1
14195,1,1
14195,0,0
14196,0,1
14198,1,2
14200,1,2
14202,1,2
14204,1,2
14205,1,1
14206,1,1
14206,0,0
14207,0,1
14209,1,2
14211,1,2
14213,1,2
14215,1,2
14217,0,2
14219,0,2
14221,0,2
14223,0,2
14225,0,2
14227,0,2
14229,0,2
14230,0,1
14232,1,2
14234,0,2
14236,0,2
14238,0,2
14240,1,2
14242,1,2
14244,0,2
14246,0,2
14247,0,1
14249,0,2
14251,0,2
14253,0,2
14255,0,2
14257,1,2
14259,1,2
14261,0,2
14263,0,2
14265,0,2
14267,1,2
14269,1,2
14271,1,2
14273,1,2
14275,1,2
14276,1,1
14277,1,1
14277,0,0
14278,0,1
14280,0,2
14282,1,2
14284,1,2
14286,1,2
14288,1,2
14289,1,1
14290,1,1
14291,1,1
14292,1,1
14293,1,1
14294,1,1
14295,1,1
14295,0,0
14297,1,2
14299,1,2
14301,1,2
14303,1,2
14305,1,2
14307,1,2
14309,1,2
14310,1,1
14311,1,1
14312,1,1
14312,0,0
14314,0,2
14316,0,2
14318,1,2
14320,1,2
14322,1,2
14323,1,1
14324,1,1
14325,1,1
14325,0,0
14327,0,2
14329,0,2
14331,0,2
14333,0,2
14335,0,2
14337,1,2
14339,1,2
14341,1,2
14342,1,1
14343,1,1
14344,1,1
14344,0,0
14346,0,2
14348,0,2
14350,1,2
14352,1,2
14354,1,2
14356,1,2
14358,1,2
14359,1,1
14360,1,1
14360,0,0
14362,0,2
14364,0,2
14366,1,2
14368,1,2
14370,0,2
14372,1,2
14374,1,2
14376,1,2
14378,1,2
14379,1,1
14380,1,1
14381,1,1
14381,0,0
14382,0,1
14384,1,2
14386,0,2
14388,0,2
14389,0,1
14391,0,2
14393,0,2
14395,0,2
14397,0,2
14399,0,2
14401,0,2
14403,1,2
14405,0,2
14407,0,2
14408,0,1
14410,1,2
14411,1,1
14412,1,1
14413,1,1
14413,0,0
14415,0,2
14417,0,2
14419,0,2
14421,0,2
14423,0,2
14425,0,2
14427,0,2
14429,1,2
14431,1,2
14433,0,2
14435,1,2
14437,1,2
14439,1,2
14440,1,1
14441,1,1
14442,1,1
14442,0,0
14444,0,2
14446,0,2
14448,1,2
14450,0,2
14452,0,2
14454,0,2
14456,0,2
14458,0,2
14460,0,2
14462,1,2
14464,1,2
14466,1,2
14468,1,2
14469,1,1
14470,1,1
14471,1,1
14472,1,1
14472,0,0
14474,1,2
14476,1,2
14478,1,2
14480,1,2
14482,0,2
14484,0,2
14486,0,2
14487,0,1
14489,1,2
14491,1,2
14492,1,1
14493,1,1
14494,1,1
14494,0,0
14496,0,2
14498,0,2
14499,0,1
14501,1,2
14503,1,2
14504,1,1
14505,1,1
14506,1,1
14506,0,0
14508,0,2
14510,1,2
14513,1,3
14515,2,2
14517,2,2
14519,2,2
14520,1,1
14522,1,2
14524,2,2
14526,2,2
14528,2,2
14529,1,1
14531,1,2
14533,2,2
14561,24,28
14561,23,0
14562,21,1
14565,23,3
14567,21,2
14567,20,0
14567,18,0
14567,16,0
14567,14,0
14567,11,0
14570,13,3
14570,11,0
14570,8,0
14570,7,0
14574,9,4
14574,8,0
14574,5,0
14574,3,0
14577,4,3
14579,4,2
14579,3,0
14580,2,1
14582,2,2
14584,2,2
14586,2,2
14588,2,2
14590,2,2
14591,1,1
14593,1,2
14595,2,2
14597,2,2
14599,2,2
14600,1,1
14602,1,2
14604,2,2
14606,2,2
14608,2,2
14609,1,1
14611,1,2
14613,2,2
14615,2,2
14616,1,1
14618,1,2
14620,2,2
14622,2,2
14623,1,1
14625,1,2
14627,2,2
14629,2,2
14631,2,2
14632,1,1
14634,2,2
14636,2,2
14638,2,2
14639,1,1
14641,1,2
14643,2,2
14645,2,2
14646,1,1
14648,1,2
14650,2,2
14652,2,2
14653,1,1
14655,1,2
14657,2,2
14659,2,2
14660,1,1
14664,3,4
14665,1,1
14667,1,2
14669,2,2
14671,2,2
14672,1,1
14674,1,2
14676,2,2
14678,2,2
14680,2,2
14681,1,1
14683,1,2
14685,2,2
14687,2,2
14688,1,1
14690,1,2
14692,2,2
14694,2,2
14696,2,2
14697,1,1
14699,1,2
14701,2,2
14703,2,2
14704,1,1
14706,2,2
14708,2,2
14709,1,1
14711,1,2
14713,2,2
14715,2,2
14716,1,1
14718,1,2
14720,2,2
14722,2,2
14723,1,1
14725,1,2
14727,2,2
14729,2,2
14731,2,2
14732,1,1
14734,2,2
14736,2,2
14738,2,2
14739,1,1
14741,2,2
14743,2,2
14744,1,1
14746,1,2
14748,2,2
14750,2,2
14752,2,2
14753,1,1
14755,1,2
14757,2,2
14759,2,2
14760,1,1
14762,1,2
14764,2,2
14766,2,2
14767,1,1
14769,1,2
14771,2,2
14773,2,2
14775,2,2
14776,1,1
14778,2,2
14780,2,2
14782,2,2
14783,1,1
14786,3,3
14788,2,2
14789,1,1
14791,1,2
14793,2,2
14795,2,2
14796,1,1
14799,2,3
14801,2,2
14802,1,1
14804,2,2
14806,2,2
14808,2,2
14809,1,1
14811,2,2
14813,2,2
14814,1,1
14816,1,2
14818,2,2
14820,2,2
14822,2,2
14823,1,1
14825,1,2
14828,2,3
14830,2,2
14832,2,2
14834,2,2
14835,1,1
14837,1,2
14839,2,2
14841,2,2
14843,2,2
14844,1,1
14846,2,2
14848,2,2
14850,2,2
14851,1,1
14853,1,2
14855,2,2
14857,2,2
14858,1,1
14860,1,2
14862,2,2
14864,2,2
14865,1,1
14867,1,2
14869,2,2
14871,2,2
14873,2,2
14874,1,1
14876,2,2
14878,2,2
14880,2,2
14881,1,1
14883,1,2
14885,2,2
14887,2,2
14888,1,1
14890,1,2
14892,2,2
14894,2,2
14895,1,1
14897,1,2
14899,1,2
14901,2,2
14903,2,2
14904,1,1
14906,2,2
14908,2,2
14910,2,2
14911,1,1
14913,2,2
14915,2,2
14917,2,2
14918,1,1
14920,1,2
14922,2,2
14924,2,2
14926,2,2
14927,1,1
14929,1,2
14931,2,2
14933,2,2
14934,1,1
14936,1,2
14939,3,3
14941,2,2
14942,1,1
14944,2,2
14946,2,2
14948,2,2
14949,1,1
14951,2,2
14953,2,2
14955,2,2
14956,1,1
14958,2,2
14960,2,2
14962,2,2
14963,1,1
14965,2,2
14967,2,2
14968,1,1
14970,1,2
14972,2,2
14974,2,2
14976,2,2
14977,1,1
14979,2,2
14981,2,2
14983,2,2
14984,1,1
14986,2,2
14988,2,2
14990,2,2
14991,1,1
14993,2,2
14995,2,2
14997,2,2
14998,1,1
15000,2,2
15002,2,2
15004,2,2
15005,1,1
15011,5,6
15022,11,11
15022,10,0
15022,8,0
15022,7,0
15023,7,1
15023,5,0
15023,4,0
15023,3,0
15024,3,1
15024,1,0
15025,1,1
15026,1,1
15027,1,1
15028,1,1
15029,0,1
15031,1,2
15032,1,1
15034,1,2
15034,0,0
15035,0,1
15037,1,2
15039,0,2
15041,0,2
15043,0,2
15045,0,2
15047,0,2
15049,1,2
15051,0,2
15053,1,2
15055,0,2
15056,0,1
15058,1,2
15060,1,2
15062,1,2
15064,1,2
15065,1,1
15066,1,1
15066,0,0
15068,0,2
15070,0,2
15072,0,2
15074,1,2
15076,1,2
15078,1,2
15079,1,1
15080,1,1
15081,1,1
15081,0,0
15083,0,2
15085,0,2
15086,0,1
15088,1,2
15090,1,2
15092,1,2
15094,1,2
15096,1,2
15097,1,1
15098,1,1
15098,0,0
15100,0,2
15102,0,2
15103,0,1
15105,1,2
15107,1,2
15109,1,2
15111,1,2
15113,1,2
15115,0,2
15116,0,1
15118,1,2
15120,0,2
15122,0,2
15124,0,2
15126,0,2
15128,1,2
15130,1,2
15131,1,1
15132,1,1
15133,1,1
15133,0,0
15135,0,2
15137,0,2
15139,0,2
15141,1,2
15143,1,2
15145,1,2
15147,1,2
15149,0,2
15151,0,2
15153,1,2
15155,0,2
15157,0,2
15159,1,2
15161,1,2
15163,1,2
15165,0,2
15167,0,2
15169,0,2
15171,1,2
15173,1,2
15175,1,2
15177,1,2
15179,0,2
15181,0,2
15183,0,2
15185,0,2
15187,0,2
15189,1,2
15191,1,2
15193,1,2
15195,0,2
15197,0,2
15198,0,1
15200,0,2
15202,0,2
15204,1,2
15206,1,2
15208,1,2
15209,1,1
15210,1,1
15211,1,1
15211,0,0
15213,0,2
15215,0,2
15217,0,2
15219,0,2
15221,1,2
15228,4,7
15228,2,0
15228,1,0
15229,0,1
15233,3,4
15233,2,0
15233,1,0
15234,1,1
15236,2,2
15236,1,0
15237,1,1
15238,1,1
15239,1,1
15240,1,1
15240,0,0
15242,0,2
15244,0,2
15246,0,2
15248,0,2
15250,0,2
15252,1,2
15254,1,2
15256,1,2
15259,1,3
15260,1,1
15261,1,1
15262,1,1
15262,0,0
15264,1,2
15266,1,2
15268,1,2
15269,1,1
15270,1,1
15271,1,1
15271,0,0
15273,0,2
15274,0,1
15276,1,2
15278,1,2
15279,1,1
15280,1,1
15281,1,1
15281,0,0
15283,0,2
15285,0,2
15287,0,2
15289,0,2
15290,0,1
15292,0,2
15293,0,1
15295,0,2
15297,0,2
15299,1,2
15301,1,2
15303,1,2
15305,1,2
15307,0,2
15309,0,2
15310,0,1
15312,0,2
15314,1,2
15316,1,2
15317,1,1
15318,1,1
15318,0,0
15319,0,1
15321,1,2
15323,1,2
15325,1,2
15327,1,2
15329,1,2
15331,1,2
15333,1,2
15335,1,2
15337,0,2
15338,0,1
15340,0,2
15342,0,2
15344,1,2
15346,1,2
15348,1,2
15349,1,1
15350,1,1
15350,0,0
15351,0,1
15353,1,2
15355,1,2
15357,1,2
15359,1,2
15361,1,2
15362,1,1
15363,1,1
15364,1,1
15364,0,0
15366,0,2
15368,1,2
15370,1,2
15371,1,1
15372,1,1
15373,1,1
15373,0,0
15375,0,2
15377,1,2
15379,1,2
15381,1,2
15383,1,2
15385,1,2
15386,1,1
15387,1,1
15388,1,1
15388,0,0
15389,0,1
15391,1,2
15393,1,2
15395,1,2
15397,1,2
15399,1,2
15400,1,1
15401,1,1
15402,1,1
15402,0,0
15404,1,2
15406,1,2
15408,1,2
15409,1,1
15410,1,1
15411,1,1
15411,0,0
15413,0,2
15415,0,2
15417,0,2
15419,0,2
15421,1,2
15423,1,2
15425,1,2
15427,1,2
15429,1,2
15430,1,1
15431,1,1
15431,0,0
15433,0,2
15434,0,1
15437,1,3
15438,1,1
15439,1,1
15440,1,1
15440,0,0
15442,0,2
15444,0,2
15446,0,2
15448,0,2
15450,0,2
15451,0,1
15453,1,2
15454,1,1
15455,1,1
15456,1,1
15456,0,0
15457,0,1
15459,1,2
15461,1,2
15463,1,2
15464,1,1
15465,1,1
15466,1,1
15466,0,0
15467,0,1
15469,1,2
15471,1,2
15473,1,2
15474,1,1
15475,1,1
15476,1,1
15476,0,0
15478,1,2
15480,1,2
15481,1,1
15482,1,1
15483,1,1
15483,0,0
15485,0,2
15487,0,2
15489,1,2
15491,1,2
15493,0,2
15494,0,1
15496,1,2
15498,0,2
15500,0,2
15502,1,2
15504,1,2
15506,1,2
15507,1,1
15508,1,1
15508,0,0
15510,0,2
15513,1,3
15515,1,2
15517,2,2
15519,2,2
15520,1,1
15522,1,2
15524,2,2
15526,2,2
15528,2,2
15529,1,1
15531,1,2
15533,2,2
15535,2,2
15536,1,1
15538,1,2
15540,2,2
15542,2,2
15543,1,1
15545,1,2
15547,2,2
15549,2,2
15550,1,1
15552,1,2
15554,2,2
15556,2,2
15557,1,1
15559,1,2
15561,2,2
15563,2,2
15565,2,2
15566,1,1
15568,2,2
15570,2,2
15572,2,2
15573,1,1
15575,1,2
15577,2,2
15579,2,2
15581,2,2
15582,1,1
15584,2,2
15586,2,2
15588,2,2
15590,2,2
15591,1,1
15593,2,2
15595,2,2
15597,2,2
15598,1,1
15600,1,2
15602,2,2
15604,2,2
15606,2,2
15607,1,1
15609,2,2
15611,2,2
15613,2,2
15614,1,1
15616,1,2
15618,2,2
15620,2,2
15622,2,2
15623,1,1
15625,2,2
15627,2,2
15629,2,2
15630,1,1
15632,1,2
15634,2,2
15636,2,2
15638,2,2
15639,1,1
15641,2,2
15643,2,2
15645,2,2
15646,1,1
15648,2,2
15650,2,2
15652,2,2
15653,1,1
15655,1,2
15657,2,2
15659,2,2
15660,1,1
15662,1,2
15664,2,2
15666,2,2
15668,2,2
15669,1,1
15671,1,2
15673,2,2
15675,2,2
15676,1,1
15678,1,2
15680,2,2
15682,2,2
15684,2,2
15685,1,1
15687,2,2
15689,2,2
15691,2,2
15692,1,1
15694,2,2
15696,2,2
15698,2,2
15699,1,1
15701,2,2
15703,2,2
15704,1,1
15706,1,2
15708,2,2
15710,2,2
15711,1,1
15713,1,2
15715,2,2
15717,2,2
15719,2,2
15720,1,1
15722,2,2
15724,2,2
15726,2,2
15727,1,1
15729,2,2
15731,2,2
15733,2,2
15735,2,2
15736,1,1
15738,2,2
15740,2,2
15742,2,2
15743,1,1
15745,2,2
15747,2,2
15748,1,1
15750,1,2
15752,1,2
15754,2,2
15756,2,2
15758,2,2
15759,1,1
15761,2,2
15763,2,2
15765,2,2
15766,1,1
15768,1,2
15770,2,2
15772,2,2
15774,2,2
15775,1,1
15777,2,2
15779,2,2
15780,1,1
15782,1,2
15784,2,2
15786,2,2
15788,2,2
15789,1,1
15791,2,2
15793,2,2
15795,2,2
15796,1,1
15798,2,2
15800,2,2
15802,2,2
15803,1,1
15805,1,2
15807,2,2
15809,2,2
15810,1,1
15812,1,2
15814,2,2
15817,3,3
15819,2,2
15821,2,2
15823,2,2
15824,1,1
15826,1,2
15828,2,2
15830,2,2
15831,1,1
15833,1,2
15835,2,2
15837,2,2
15839,2,2
15840,1,1
15842,2,2
15844,2,2
15846,2,2
15847,1,1
15849,1,2
15851,2,2
15880,25,29
15882,26,2
15882,24,0
15882,22,0
15884,21,2
15884,20,0
15884,18,0
15886,17,2
15886,16,0
15888,16,2
15888,14,0
15888,13,0
15890,12,2
15890,10,0
15890,9,0
15890,7,0
15890,5,0
15894,7,4
15894,5,0
15895,3,1
15896,3,1
15897,1,1
15899,2,2
15901,2,2
15903,2,2
15904,1,1
15906,1,2
15908,2,2
15910,2,2
15912,2,2
15913,1,1
15915,2,2
15917,2,2
15919,2,2
15920,1,1
15922,2,2
15924,2,2
15926,2,2
15927,1,1
15929,1,2
15931,2,2
15933,2,2
15934,1,1
15936,1,2
15938,1,2
15940,2,2
15942,2,2
15943,1,1
15945,1,2
15947,2,2
15949,2,2
15950,1,1
15952,1,2
15954,2,2
15956,2,2
15957,1,1
15959,1,2
15961,2,2
15963,2,2
15964,1,1
15966,1,2
15968,2,2
15970,2,2
15971,1,1
15973,1,2
15975,2,2
15977,2,2
15978,1,1
15980,1,2
15982,2,2
15984,2,2
15985,1,1
15987,1,2
15989,2,2
15991,2,2
15992,1,1
15994,2,2
15996,2,2
15998,2,2
15999,1,1
16001,2,2
16003,2,2
16005,2,2
16006,1,1
16008,1,2
16010,2,2
16011,1,1
16012,1,1
16013,1,1
16014,1,1
16014,0,0
16015,0,1
16017,1,2
16019,1,2
16022,1,3
16023,1,1
16024,1,1
16024,0,0
16026,0,2
16028,1,2
16030,0,2
16032,0,2
16034,0,2
16036,0,2
16038,0,2
16040,0,2
16042,0,2
16043,0,1
16045,0,2
16047,0,2
16048,0,1
16050,1,2
16052,0,2
16054,0,2
16056,1,2
16058,0,2
16059,0,1
16061,0,2
16062,0,1
16064,1,2
16066,1,2
16068,1,2
16070,0,2
16072,1,2
16074,1,2
16076,1,2
16077,1,1
16078,1,1
16078,0,0
16079,0,1
16081,1,2
16083,1,2
16085,0,2
16087,0,2
16089,0,2
16090,0,1
16092,0,2
16093,0,1
16095,0,2
16096,0,1
16098,1,2
16100,1,2
16102,1,2
16104,1,2
16106,1,2
16108,1,2
16109,1,1
16110,1,1
16110,0,0
16111,0,1
16113,0,2
16115,0,2
16117,0,2
16119,0,2
16121,1,2
16123,1,2
16125,1,2
16127,1,2
16129,0,2
16131,0,2
16133,0,2
16134,0,1
16136,1,2
16138,1,2
16139,1,1
16140,1,1
16140,0,0
16141,0,1
16143,1,2
16145,0,2
16147,0,2
16149,0,2
16151,0,2
16153,1,2
16155,0,2
16157,0,2
16159,0,2
16160,0,1
16162,1,2
16164,1,2
16166,1,2
16168,1,2
16169,1,1
16170,1,1
16171,1,1
16171,0,0
16173,0,2
16174,0,1
16176,1,2
16178,1,2
16180,1,2
16182,1,2
16184,1,2
16186,1,2
16187,1,1
16188,1,1
16188,0,0
16189,0,1
16191,1,2
16193,0,2
16194,0,1
16196,0,2
16198,0,2
16200,1,2
16202,1,2
16204,1,2
16205,1,1
16206,1,1
16206,0,0
16207,0,1
16209,1,2
16211,0,2
16213,0,2
16215,0,2
16217,1,2
16219,1,2
16221,0,2
16223,0,2
16225,0,2
16226,0,1
16228,1,2
16230,1,2
16232,1,2
16234,1,2
16235,1,1
16236,1,1
16237,1,1
16237,0,0
16239,0,2
16240,0,1
16242,1,2
16244,1,2
16246,1,2
16247,1,1
16248,1,1
16249,1,1
16249,0,0
16251,0,2
16253,0,2
16254,0,1
16256,1,2
16258,1,2
16260,1,2
16261,1,1
16262,1,1
16263,1,1
16263,0,0
16265,0,2
16267,0,2
16269,0,2
16271,0,2
16273,1,2
16275,1,2
16277,1,2
16279,1,2
16281,1,2
16283,1,2
16284,1,1
16285,1,1
16286,1,1
16287,1,1
16288,1,1
16289,1,1
16290,1,1
16291,1,1
16292,1,1
16293,1,1
16294,1,1
16294,0,0
16296,0,2
16298,1,2
16300,1,2
16302,1,2
16304,1,2
16306,1,2
16308,1,2
16310,1,2
16311,1,1
16312,1,1
16313,1,1
16313,0,0
16315,0,2
16317,0,2
16318,0,1
16320,1,2
16322,0,2
16324,1,2
16326,1,2
16327,1,1
16328,1,1
16329,1,1
16329,0,0
16331,0,2
16333,1,2
16335,1,2
16337,0,2
16338,0,1
16340,1,2
16342,1,2
16343,1,1
16344,1,1
16344,0,0
16345,0,1
16347,0,2
16349,0,2
16350,0,1
16352,1,2
16354,1,2
16356,1,2
16358,1,2
16359,1,1
16360,1,1
16361,1,1
16361,0,0
16363,0,2
16365,1,2
16367,0,2
16369,0,2
16370,0,1
16372,0,2
16374,1,2
16376,1,2
16378,1,2
16380,0,2
16383,2,3
16384,1,1
16385,1,1
16386,1,1
16386,0,0
16388,0,2
16390,0,2
16392,0,2
16394,0,2
16395,0,1
16397,0,2
16399,1,2
16401,0,2
16403,1,2
16405,1,2
16407,1,2
16409,0,2
16411,1,2
16413,1,2
16414,1,1
16415,1,1
16416,1,1
16416,0,0
16418,0,2
16420,0,2
16422,1,2
16424,1,2
16426,1,2
16427,1,1
16428,1,1
16429,1,1
16429,0,0
16431,0,2
16433,0,2
16435,1,2
16437,1,2
16439,1,2
16441,1,2
16442,1,1
16443,1,1
16444,1,1
16444,0,0
16446,1,2
16448,1,2
16450,1,2
16451,1,1
16452,1,1
16453,1,1
16453,0,0
16455,0,2
16457,1,2
16459,1,2
16461,1,2
16463,1,2
16465,1,2
16467,1,2
16468,1,1
16469,1,1
16470,1,1
16470,0,0
16472,0,2
16474,1,2
16476,1,2
16478,1,2
16486,5,8
16486,3,0
16486,2,0
16486,1,0
16488,2,2
16488,1,0
16489,1,1
16491,2,2
16492,2,1
16492,1,0
16493,1,1
16495,1,2
16496,1,1
16497,1,1
16498,1,1
16498,0,0
16500,0,2
16502,0,2
16504,1,2
16506,1,2
16508,0,2
16510,0,2
16513,2,3
16515,2,2
16517,2,2
16519,2,2
16521,2,2
16523,2,2
16524,1,1
16526,1,2
16528,2,2
16530,2,2
16532,2,2
16533,1,1
16535,1,2
16537,2,2
16539,2,2
16541,2,2
16542,1,1
16544,1,2
16546,2,2
16548,2,2
16550,2,2
16551,1,1
16553,1,2
16555,2,2
16557,2,2
16559,2,2
16560,1,1
16562,1,2
16564,2,2
16566,2,2
16568,2,2
16570,2,2
16571,1,1
16573,2,2
16575,2,2
16577,2,2
16579,2,2
16580,1,1
16582,2,2
16584,2,2
16588,4,4
16590,1,2
16592,2,2
16594,2,2
16596,2,2
16598,2,2
16599,1,1
16601,2,2
16603,2,2
16605,2,2
16606,1,1
16608,1,2
16610,2,2
16612,2,2
16614,2,2
16615,1,1
16617,1,2
16619,2,2
16621,2,2
16623,2,2
16624,1,1
16626,2,2
16628,2,2
16630,2,2
16632,2,2
16633,1,1
16635,2,2
16637,2,2
16639,2,2
16640,1,1
16642,2,2
16644,2,2
16646,2,2
16648,2,2
16649,1,1
16651,1,2
16653,2,2
16655,2,2
16657,2,2
16658,1,1
16660,2,2
16662,2,2
16664,2,2
16665,1,1
16667,1,2
16669,2,2
16671,2,2
16673,2,2
16674,1,1
16676,1,2
16678,2,2
16680,2,2
16682,2,2
16683,1,1
16685,1,2
16687,2,2
16689,2,2
16691,2,2
16692,1,1
16694,2,2
16696,2,2
16698,2,2
16699,1,1
16701,1,2
16703,2,2
16705,2,2
16707,2,2
16708,1,1
16710,2,2
16712,2,2
16714,2,2
16715,1,1
16717,2,2
16719,2,2
16721,2,2
16722,1,1
16724,2,2
16726,2,2
16728,2,2
16730,2,2
16731,1,1
16733,2,2
16735,2,2
