time (ms)
12
29
39
49
60
70
80
90
102
112
122
132
143
154
166
176
188
198
208
218
230
240
250
260
270
282
292
302
314
324
334
344
356
366
376
386
397
408
419
429
439
450
461
471
481
491
501
513
523
533
543
554
564
574
586
598
608
618
634
644
656
666
677
688
698
710
721
731
741
751
762
772
782
792
803
815
825
836
846
858
868
878
890
901
911
921
932
943
953
963
976
987
997
1007
1019
1029
1039
1049
1061
1071
1081
1091
1103
1113
1123
1133
1145
1155
1165
1177
1187
1197
1207
1217
1228
1238
1248
1260
1270
1280
1290
1301
1311
1321
1332
1345
1355
1365
1378
1388
1405
1417
1431
1441
1451
1462
1472
1482
1492
1504
1514
1525
1535
1545
1556
1566
1576
1586
1597
1607
1617
1627
1639
1649
1659
1669
1680
1691
1703
1713
1723
1735
1745
1755
1765
1775
1786
1796
1806
1816
1826
1838
1848
1858
1868
1878
1890
1900
1910
1920
1930
1940
1950
1962
1973
1983
1995
2005
2015
2025
2035
2047
2057
2067
2078
2088
2098
2108
2118
2128
2138
2149
2160
2171
2181
2192
2202
2213
2224
2235
2245
2255
2265
2275
2285
2296
2306
2317
2328
2338
2348
2358
2369
2379
2390
2400
2410
2420
2431
2441
2452
2462
2472
2482
2493
2503
2514
2524
2534
2544
2554
2565
2575
2586
2596
2606
2616
2626
2636
2647
2658
2668
2679
2690
2700
2710
2720
2730
2740
2751
2762
2772
2783
2794
2805
2816
2826
2837
2847
2857
2867
2877
2888
2899
2909
2920
2930
2940
2950
2961
2972
2983
2993
3004
3014
3024
3034
3045
3056
3067
3077
3088
3098
3108
3118
3128
3139
3149
3160
3170
3180
3190
3200
3211
3221
3232
3243
3253
3263
3273
3284
3294
3305
3315
3325
3335
3346
3356
3368
3378
3389
3399
3409
3421
3431
3441
3451
3461
3472
3482
3492
3502
3512
3522
3532
3542
3553
3563
3573
3584
3594
3604
3614
3624
3636
3646
3656
3666
3676
3686
3698
3708
3718
3728
3739
3749
3759
3769
3781
3791
3801
3811
3821
3833
3843
3853
3863
3873
3885
3895
3905
3915
3926
3937
3947
3957
3967
3978
3988
3998
4009
4019
4030
4040
4050
4060
4072
4084
4096
4106
4116
4126
4138
4149
4174
4184
4194
4206
4216
4226
4236
4248
4258
4268
4278
4288
4299
4309
4321
4331
4341
4351
4361
4373
4383
4393
4403
4413
4424
4436
4446
4456
4466
4476
4488
4498
4508
4518
4528
4540
4550
4560
4570
4580
4592
4602
4612
4622
4632
4642
4654
4664
4674
4684
4694
4704
4716
4726
4736
4746
4756
4767
4778
4788
4798
4808
4819
4831
4841
4851
4861
4871
4883
4893
4903
4913
4924
4934
4944
4955
4965
4976
4986
4997
5007
5018
5030
5040
5051
5061
5071
5081
5092
5102
5113
5123
5133
5144
5154
5164
5174
5184
5194
5206
5216
5226
5236
5246
5256
5268
5278
5288
5298
5308
5319
5330
5340
5350
5360
5372
5382
5392
5402
5412
5422
5434
5444
5454
5464
5474
5484
5496
5506
5516
5526
5536
5546
5558
5568
5578
5588
5599
5609
5621
5631
5641
5652
5662
5672
5682
5694
5704
5714
5724
5734
5746
5756
5766
5776
5787
5797
5807
5818
5828
5838
5850
5860
5870
5880
5890
5902
5912
5922
5932
5942
5952
5962
5974
5984
5994
6004
6014
6026
6037
6047
6057
6067
6077
6089
6099
6109
6119
6129
6140
6150
6161
6171
6182
6193
6203
6214
6224
6235
6246
6256
6267
6278
6288
6299
6309
6320
6330
6340
6351
6361
6372
6382
6392
6402
6413
6424
6434
6445
6455
6465
6475
6486
6496
6507
6517
6527
6537
6548
6558
6569
6579
6589
6600
6610
6621
6631
6641
6651
6661
6672
6683
6694
6704
6715
6725
6735
6746
6756
6767
6777
6787
6797
6808
6818
6829
6840
6850
6860
6871
6881
6891
6901
6912
6922
6933
6943
6953
6963
6973
6984
6994
7005
7015
7025
7036
7046
7057
7068
7078
7088
7098
7108
7119
7129
7140
7151
7161
7171
7182
7192
7203
7213
7223
7233
7244
7254
7265
7275
7285
7296
7306
7317
7327
7337
7348
7358
7369
7379
7389
7399
7410
7420
7431
7441
7451
7462
7472
7483
7494
7504
7514
7524
7535
7545
7556
7566
7576
7587
7598
7608
7619
7629
7639
7650
7660
7671
7681
7691
7702
7714
7725
7735
7746
7757
7767
7777
7787
7797
7808
7818
7828
7838
7848
7858
7868
7878
7888
7899
7909
7920
7931
7941
7951
7961
7971
7981
7991
8006
8017
8027
8038
8048
8060
8071
8082
8092
8103
8114
8124
8134
8145
8156
8167
8178
8189
8200
8210
8220
8230
8240
8251
8262
8272
8284
8295
8306
8317
8328
8338
8349
8360
8370
8380
8391
8402
8413
8423
8434
8444
8455
8466
8476
8486
8496
8506
8516
8526
8536
8547
8558
8568
8579
8589
8600
8611
8621
8631
8641
8651
8661
8672
8683
8694
8705
8716
8727
8738
8749
8759
8769
8779
8789
8799
8811
8821
8832
8843
8853
8863
8873
8884
8895
8905
8915
8926
8937
8947
8958
8968
8978
8988
8999
9009
9019
9029
9039
9050
9060
9070
9080
9091
9101
9111
9122
9132
9143
9154
9164
9175
9185
9196
9206
9217
9227
9237
9247
9258
9268
9279
9290
9300
9310
9321
9331
9342
9353
9363
9373
9384
9394
9405
9415
9425
9435
9446
9456
9467
9478
9488
9498
9509
9520
9531
9542
9553
9564
9574
9584
9594
9605
9615
9626
9637
9647
9657
9668
9678
9689
9699
9709
9719
9729
9739
9750
9760
9771
9781
9791
9801
9812
9822
9833
9843
9853
9863
9874
9885
9895
9906
9916
9926
9937
9947
9958
9969
9979
9989
10000
10010
10022
10034
10044
10055
10066
10076
10086
10096
10106
10117
10127
10138
10148
10158
10169
10180
10190
10201
10211
10221
10231
10241
10251
10261
10272
10282
10293
10303
10313
10323
10334
10344
10355
10366
10376
10386
10396
10407
10417
10428
10439
10449
10459
10469
10480
10490
10501
10512
10522
10532
10542
10552
10563
10573
10584
10594
10604
10614
10624
10634
10645
10656
10666
10677
10687
10697
10707
10718
10728
10739
10749
10759
10769
10780
10790
10801
10811
10821
10831
10842
10852
10863
10874
10884
10894
10904
10915
10926
10936
10947
10958
10968
10978
10989
11000
11010
11021
11031
11041
11051
11062
11072
11083
11093
11103
11114
11125
11135
11146
11156
11166
11177
11187
11198
11209
11219
11229
11240
11250
11261
11272
11282
11292
11303
11313
11324
11335
11345
11355
11366
11376
11387
11397
11407
11417
11428
11438
11449
11459
11469
11479
11490
11500
11511
11521
11531
11543
11553
11563
11573
11583
11593
11604
11615
11626
11636
11647
11658
11668
11678
11689
11699
11710
11720
11730
11740
11751
11762
11772
11783
11793
11803
11813
11824
11834
11845
11855
11865
11876
11887
11897
11908
11919
11929
11939
11949
11959
11970
11980
11991
12002
12012
12022
12032
12042
12053
12063
12073
12083
12094
12104
12115
12125
12135
12145
12156
12166
12177
12187
12197
12207
12218
12228
12239
12249
12259
12269
12280
12290
12302
12312
12323
12334
12344
12354
12364
12374
12385
12395
12405
12415
12426
12436
12447
12457
12468
12478
12488
12499
12509
12520
12530
12541
12551
12562
12572
12582
12592
12602
12612
12622
12633
12643
12653
12664
12675
12685
12695
12707
12718
12728
12738
12749
12759
12769
12780
12790
12800
12811
12822
12832
12844
12855
12865
12877
12887
12897
12908
12919
12929
12939
12950
12961
12971
12981
12991
13001
13011
13022
13032
13043
13054
13064
13074
13084
13094
13104
13114
13124
13135
13145
13156
13167
13177
13188
13198
13208
13218
13228
13238
13248
13259
13269
13279
13289
13299
13309
13319
13329
13339
13349
13360
13372
13382
13393
13404
13414
13424
13434
13445
13456
13466
13477
13487
13497
13507
13517
13527
13537
13548
13558
13569
13579
13590
13600
13611
13621
13631
13641
13651
13662
13672
13683
13694
13704
13714
13725
13736
13746
13757
13767
13777
13788
13798
13809
13819
13829
13839
13849
13860
13870
13880
13890
13901
13911
13922
13933
13943
13953
13964
13974
13985
13995
14005
14016
14026
14037
14047
14057
14068
14078
14089
14099
14109
14120
14130
14140
14150
14160
14171
14181
14192
14202
14212
14223
14233
14244
14254
14264
14274
14285
14295
14306
14316
14326
14337
14348
14358
14369
14379
14389
14400
14410
14421
14431
14442
14452
14462
14472
14483
14493
14503
14514
14524
14535
14545
14555
14566
14576
14587
14597
14607
14618
14628
14639
14649
14659
14669
14680
14690
14701
14711
14721
14732
14742
14753
14763
14773
14783
14794
14804
14815
14825
14835
14846
14856
14867
14877
14887
14898
14908
14919
14930
14940
14950
14960
14971
14981
14992
15002
15012
15022
15035
15045
15056
15066
15076
15086
15096
15107
15117
15128
15138
15148
15159
15169
15180
15191
15202
15212
15222
15233
15244
15255
15265
15276
15286
15296
15306
15318
15329
15339
15350
15361
15374
15384
15394
15405
15415
15425
15435
15445
15456
15466
15477
15488
15499
15510
15520
15530
15542
15552
15563
15573
15590
15601
15612
15622
15633
15643
15653
15663
15673
15684
15695
15705
15715
15725
15735
15745
15755
15765
15775
15785
15795
15805
15815
15825
15836
15846
15856
15868
15878
15888
15898
15908
15919
15929
15939
15949
15960
15970
15981
15992
16003
16014
16024
16034
16045
16055
16065
16076
16087
16097
16108
16118
16128
16138
16148
16158
16169
16180
16191
16202
16213
16223
16233
16244
16254
16264
16274
16284
16296
16306
16316
16327
16338
16349
16359
16369
16380
16390
16400
16410
16420
16430
16440
16450
16460
16470
16480
16490
16501
16513
16523
16533
16543
16554
16564
16576
16586
16596
16608
16619
16629
16640
16651
16661
16671
16681
16692
16703
16713
16724
16735
16745
16755
16766
16776
16787
16797
16807
16817
16828
16838
16849
16859
16869
16879
16890
16900
16911
16921
16931
16941
16952
16962
16973
16983
16993
17003
17014
17024
17035
17045
17055
17065
17076
17086
17097
17108
17118
17128
17138
17149
17159
17170
17181
17191
17201
17211
17222
17232
17242
17252
17263
17274
17284
17295
17305
17315
17325
17336
17346
17357
17367
17377
17388
17398
17409
17419
17429
17440
17450
17460
17471
17482
17493
17503
17515
17525
17536
17548
17558
17569
17580
17591
17601
17611
17621
17631
17641
17651
17661
17672
17684
17694
17704
17714
17725
17736
17746
17756
17766
17777
17787
17797
17807
17817
17828
17838
17849
17859
17870
17881
17892
17903
17914
17925
17935
17945
17955
17965
17975
17985
17995
18005
18015
18025
18035
18045
18055
18066
18076
18088
18099
18110
18121
18132
18142
18152
18163
18174
18184
18194
18204
18214
18225
18235
18246
18256
18266
18276
18287
18298
18308
18319
18330
18340
18350
18361
18371
18382
18392
18402
18412
18423
18433
18444
18455
18465
18475
18486
18496
18507
18517
18527
18537
18548
18558
18568
18579
18589
18599
18610
18620
18630
18641
18651
18662
18673
18683
18693
18703
18714
18725
18735
18746
18756
18766
18776
18787
18797
18808
18818
18828
18839
18849
18860
18870
18880
18890
18900
18910
18921
18931
18941
18951
18961
18971
18982
18993
19003
19013
19023
19034
19044
19055
19065
19075
19085
19095
19110
19120
19131
19141
19151
19162
19172
19182
19192
19203
19213
19223
19234
19244
19254
19264
19274
19284
19294
19305
19315
19326
19337
19347
19358
19369
19379
19389
19399
19410
19420
19431
19442
19452
19463
19473
19483
19494
19504
19515
19525
19536
19546
19556
19566
19576
19586
19596
19606
19616
19626
19636
19647
19657
19667
19677
19688
19699
19709
19719
19731
19741
19751
19762
19772
19782
19792
19803
19813
19824
19834
19845
19855
19865
19875
19885
19895
19906
19916
19927
19938
19948
19959
19969
19979
19989
19999
20010
20020
20031
20042
20053
20063
20074
20085
20096
20107
20117
20127
20137
20147
20157
20169
20179
20190
20200
20210
20220
20230
20241
20252
20262
20273
20283
20294
20305
20316
20326
20337
20348
20359
20369
20381
20392
20403
20414
20424
20436
20447
20457
20467
20478
20488
20499
20510
20522
20532
20542
20552
20563
20575
20585
20595
20605
20615
20625
20635
20645
20655
20665
20676
20687
20698
20708
20719
20729
20739
20749
20759
20769
20779
20789
20799
20809
20820
20831
20841
20852
20863
20873
20884
20894
20905
20915
20926
20936
20946
20956
20966
20977
20987
20998
21008
21018
21028
21038
21049
21060
21070
21080
21090
21100
21110
21120
21130
21140
21150
21160
21170
21181
21191
21202
21213
21224
21234
21244
21254
21264
21274
21284
21295
21305
21315
21326
21336
21347
21358
21369
21379
21389
21401
21411
21421
21431
21441
21451
21461
21471
21482
21493
21503
21514
21525
21535
21545
21555
21565
21575
21585
21595
21606
21616
21627
21638
21649
21660
21671
21682
21692
21702
21712
21722
21733
21743
21754
21765
21776
21787
21797
21808
21819
21830
21841
21851
21861
21871
21881
21891
21901
21911
21921
21932
21943
21953
21963
21978
21988
21998
22009
22019
22030
22040
22050
22062
22072
22083
22093
22104
22115
22125
22135
22145
22155
22165
22175
22190
22200
22211
22221
22232
22242
22252
22263
22274
22285
22295
22306
22316
22326
22336
22347
22357
22367
22377
22387
22397
22407
22417
22428
22438
22449
22459
22469
22479
22490
22501
22512
22523
22533
22543
22553
22563
22573
22583
22594
22604
22615
22625
22635
22645
22655
22665
22675
22685
22696
22707
22718
22729
22740
22750
22762
22772
22783
22793
22803
22813
22824
22835
22845
22856
22867
22877
22888
22899
22910
22921
22931
22941
22955
22967
22977
22988
22999
23011
23021
23032
23044
23055
23066
23077
23088
23099
23109
23120
23131
23142
23152
23162
23172
23182
23192
23203
23214
23224
23236
23246
23256
23266
23276
23286
23296
23306
23316
23326
23336
23347
23357
23367
23377
23387
23397
23407
23418
23428
23438
23448
23458
23468
23479
23490
23500
23511
23523
23534
23544
23555
23566
23576
23586
23596
23606
23616
23627
23638
23648
23658
23669
23679
23690
23700
23710
23720
23730
23740
23751
23761
23772
23783
23793
23803
23813
23824
23835
23846
23857
23867
23878
23888
23898
23909
23920
23930
23941
23951
23961
23971
23982
23994
24004
24015
24026
24036
24046
24056
24066
24076
24086
24097
24108
24120
24131
24141
24151
24161
24171
24182
24192
24203
24214
24225
24236
24247
24258
24268
24278
24288
24298
24308
24319
24330
24340
24352
24363
24373
24384
24395
24405
24415
24425
24435
24445
24456
24467
24477
24487
24497
24507
24517
24527
24537
24547
24557
24568
24578
24589
24601
24612
24623
24633
24644
24654
24664
24674
24685
24695
24705
24716
24727
24737
24748
24758
24768
24779
24789
24800
24810
24820
24831
24841
24851
24861
24872
24882
24893
24904
24915
24926
24936
24946
24957
24967
24978
24988
24998
25009
25019
25029
25041
25051
25061
25072
25082
25093
25103
25113
25123
25134
25144
25155
25166
25176
25186
25196
25206
25217
25227
25237
25248
25258
25269
25279
25289
25300
25310
25321
25331
25341
25351
25362
25372
25382
25393
25403
25414
25424
25434
25445
25455
25466
25476
25486
25497
25507
25518
25528
25538
25549
25559
25570
25580
25590
25601
25611
25622
25632
25642
25652
25663
25673
25684
25694
25704
25714
25725
25735
25746
25756
25767
25777
25788
25798
25808
25818
25828
25839
25850
25860
25871
25881
25892
25902
25912
25923
25933
25944
25954
25964
25975
25985
25996
26006
26016
26027
26038
26048
26059
26069
26079
26090
26100
26111
26121
26131
26142
26153
26163
26174
26184
26195
26206
26216
26226
26237
26247
26258
26268
26278
26289
26299
26310
26320
26330
26341
26352
26362
26373
26383
26394
26404
26415
26425
26435
26446
26456
26467
26477
26487
26498
26508
26519
26529
26539
26549
26560
26570
26581
26591
26601
26611
26621
26632
26642
26652
26662
26673
26683
26694
26704
26714
26725
26735
26746
26756
26766
26777
26787
26798
26808
26818
26829
26839
26850
26860
26870
26880
26890
26901
26911
26921
26932
26942
26953
26963
26973
26984
26994
27005
27015
27025
27036
27046
27056
27066
27077
27088
27098
27109
27119
27129
27139
27150
27160
27171
27181
27191
27201
27212
27222
27233
27243
27253
27263
27274
27284
27294
27305
27315
27325
27336
27346
27357
27367
27377
27388
27398
27408
27419
27429
27439
27450
27460
27470
27481
27491
27502
27512
27523
27533
27543
27553
27564
27574
27585
27595
27605
27615
27626
27636
27647
27657
27667
27678
27688
27699
27709
27719
27730
27740
27751
27761
27771
27781
27792
27802
27813
27823
27833
27844
27854
27865
27876
27886
27897
27907
27917
27928
27938
27949
27959
27969
27980
27990
28001
28011
28021
28031
28042
28052
28063
28073
28083
28094
28104
28115
28125
28135
28146
28156
28167
28177
28187
28198
28209
28219
28230
28240
28250
28261
28271
28282
28292
28302
28313
28323
28334
28344
28354
28365
28375
28386
28396
28406
28417
28428
28438
28448
28458
28469
28479
28490
28500
28510
28520
28531
28541
28551
28561
28572
28582
28593
28603
28613
28623
28633
28644
28654
28664
28675
28685
28696
28707
28717
28728
28738
28748
28759
28770
28780
28791
28801
28812
28822
28832
28842
28853
28864
28874
28885
28895
28905
28915
28926
28936
28946
28957
28967
28978
28988
28998
29009
29020
29030
29041
29051
29061
29071
29081
29091
29102
29113
29124
29134
29146
29156
29167
29177
29187
29197
29208
29219
29229
29239
29249
29259
29269
29279
29290
29300
29310
29320
29331
29341
29352
29362
29373
29383
29394
29404
29414
29425
29435
29446
29457
29467
29477
29488
29498
29510
29521
29531
29541
29551
29562
29574
29584
29594
29604
29614
29624
29634
29644
29655
29665
29676
29686
29696
29707
29717
29728
29738
29748
29759
29769
29780
29790
29800
29810
29821
29831
29842
29852
29862
29873
29883
29894
29904
29914
29925
29935
29946
29957
29967
29978
29988
29999
30009
30019
30029
30039
30050
30060
30070
30080
30091
30101
30112
30122
30132
30143
30154
30164
30175
30185
30195
30205
30215
30226
30237
30247
30257
30268
30278
30289
30299
30309
30319
30330
30340
30351
30361
30371
30382
30392
30403
30413
30423
30434
30444
30455
30466
30476
30486
30497
30508
30518
30529
30539
30549
30559
30570
30580
30591
30602
30612
30622
30633
30643
30654
30664
30674
30685
30695
30706
30716
30727
30737
30747
30757
30768
30779
30789
30799
30809
30819
30830
30840
30850
30860
30870
30881
30892
30903
30914
30924
30935
30946
30957
30967
30977
30987
30997
31008
31018
31029
31040
31051
31062
31073
31083
31093
31103
31113
31123
31133
31143
31153
31163
31173
31183
31193
31204
31215
31226
31237
31248
31259
31270
31281
31292
31302
31313
31323
31333
31344
31355
31365
31375
31385
31395
31406
31416
31427
31438
31450
31460
31471
31481
31491
31501
31511
31521
31531
31541
31551
31562
31573
31583
31594
31605
31617
31627
31637
31648
31659
31671
31681
31691
31701
31711
31722
31732
31743
31753
31764
31774
31784
31795
31805
31815
31825
31835
31845
31855
31866
31876
31886
31897
31908
31919
31930
31941
31952
31962
31972
31982
31992
32002
32013
32023
32033
32043
32054
32064
32074
32084
32094
32104
32114
32124
32134
32145
32155
32165
32176
32187
32198
32209
32219
32230
32241
32252
32263
32273
32284
32295
32305
32316
32326
32336
32348
32358
32368
32379
32389
32399
32410
32420
32431
32441
32452
32463
32473
32483
32493
32503
32513
32523
32533
32543
32553
32563
32573
32583
32593
32603
32613
32623
32634
32644
32654
32665
32677
32688
32698
32708
32718
32728
32739
32749
32760
32770
32780
32790
32800
32810
32820
32831
32841
32852
32863
32873
32883
32894
32904
32914
32924
32935
32945
32955
32966
32977
32988
32999
33009
33021
33031
33041
33051
33061
33071
33081
33091
33101
33111
33121
33131
33142
33153
33163
33173
33183
33193
33203
33213
33223
33234
33244
33255
33266
33277
33288
33298
33308
33318
33329
33339
33349
33360
33370
33381
33392
33404
33414
33426
33436
33446
33457
33467
33479
33490
33501
33511
33521
33531
33541
33551
33562
33572
33582
33592
33602
33612
33622
33632
33642
33652
33663
33673
33683
33693
33703
33714
33724
33736
33746
33756
33766
33776
33787
33797
33809
33819
33830
33840
33850
33860
33870
33880
33890
33901
33912
33923
33934
33944
33955
33966
33977
33988
33999
34010
34021
34032
34042
34053
34063
34074
34085
34097
34108
34118
34128
34138
34148
34159
34170
34181
34192
34203
34213
34223
34233
34244
34254
34264
34274
34284
34295
34305
34316
34327
34337
34347
34359
34370
34381
34392
34403
34413
34424
34435
34446
34457
34468
34479
34490
34501
34511
34521
34532
34543
34553
34564
34575
34585
34595
34605
34615
34625
34635
34645
34656
34666
34676
34686
34696
34706
34716
34726
34736
34746
34756
34767
34777
34788
34799
34809
34819
34829
34839
34850
34861
34871
34881
34891
34901
34912
34924
34935
34945
34957
34967
34977
34987
34998
35009
35019
35031
35044
35055
35065
35075
35085
35095
35105
35115
35126
35136
35147
35157
35167
35177
35187
35198
35209
35219
35230
35240
35250
35261
35271
35282
35292
35303
35313
35323
35333
35343
35353
35364
35374
35385
35395
35406
35418
35429
35440
35450
35461
35471
35482
35493
35505
35515
35526
35537
35548
35558
35568
35582
35592
35603
35613
35623
35634
35645
35656
35667
35677
35688
35698
35708
35718
35728
35738
35748
35758
35768
35778
35788
35798
35808
35818
35828
35839
35850
35860
35870
35880
35891
35901
35912
35922
35932
35943
35954
35965
35976
35986
35996
36006
36017
36028
36038
36049
36060
36072
36083
36093
36103
36113
36123
36134
36145
36155
36165
36175
36185
36197
36207
36217
36228
36239
36249
36259
36270
36280
36291
36302
36313
36324
36334
36346
36356
36366
36376
36387
36397
36408
36418
36428
36439
36449
36460
36470
36480
36490
36501
36511
36522
36532
36542
36552
36563
36574
36584
36595
36605
36615
36625
36636
36646
36657
36667
36677
36688
36699
36709
36720
36730
36740
36750
36760
36771
36782
36792
36803
36813
36824
36834
36844
36854
36864
36874
36885
36895
36905
36916
36926
36938
36949
36959
36970
36980
36990
37001
37011
37022
37032
37042
37053
37063
37074
37084
37094
37104
37114
37124
37135
37145
37156
37166
37176
37186
37197
37207
37218
37228
37238
37249
37259
37270
37280
37290
37301
37311
37322
37332
37342
37353
37363
37374
37384
37394
37405
37415
37426
37436
37446
37457
37467
37478
37488
37498
37509
37519
37530
37540
37550
37561
37571
37582
37593
37603
37613
37624
37634
37645
37655
37665
37676
37686
37697
37707
37717
37728
37738
37749
37759
37769
37780
37790
37801
37811
37821
37832
37842
37853
37863
37873
37884
37894
37905
37915
37925
37935
37945
37956
37967
37977
37987
37997
38007
38018
38029
38039
38050
38060
38070
38081
38091
38102
38112
38122
38133
38143
38154
38165
38175
38186
38196
38207
38217
38227
38238
38248
38259
38269
38279
38289
38300
38310
38321
38331
38341
38351
38362
38372
38383
38393
38403
38413
38424
38435
38445
38456
38466
38476
38487
38497
38508
38519
38529
38540
38550
38560
38571
38581
38592
38602
38612
38622
38633
38643
38654
38664
38675
38685
38695
38705
38716
38726
38736
38747
38757
38767
38777
38788
38798
38809
38819
38829
38840
38851
38862
38872
38883
38893
38903
38913
38924
38935
38945
38956
38966
38976
38986
38996
39006
39017
39027
39038
39049
39059
39070
39080
39090
39101
39111
39122
39132
39142
39153
39163
39174
39184
39194
39204
39215
39225
39236
39246
39256
39267
39277
39287
39297
39308
39318
39329
39339
39349
39359
39370
39380
39391
39401
39411
39422
39432
39442
39452
39462
39473
39483
39493
39503
39513
39524
39534
39545
39555
39565
39575
39585
39595
39605
39615
39625
39636
39646
39657
39667
39678
39688
39698
39708
39719
39729
39740
39750
39760
39771
39781
39792
39802
39812
39822
39832
39843
39854
39865
39877
39888
39898
39909
39919
39930
39940
39950
39960
39970
39980
39990
40000
40010
40020
40030
40041
40051
40061
40071
40081
40092
40102
40113
40123
40133
40143
40153
40164
40174
40185
40196
40206
40216
40226
40236
40247
40257
40268
40278
40288
40299
40309
40320
40331
40341
40351
40361
40372
40382
40393
40403
40413
40424
40435
40445
40455
40465
40475
40486
40496
40506
40516
40527
40538
40548
40559
40570
40581
40591
40601
40612
40622
40633
40643
40653
40664
40674
40685
40695
40705
40716
40726
40737
40748
40758
40768
40779
40789
40800
40810
40820
40830
40841
40851
40862
40872
40882
40892
40903
40914
40924
40935
40945
40955
40965
40976
40986
40997
41007
41017
41027
41038
41049
41059
41070
41080
41090
41100
41111
41121
41132
41142
41152
41163
41173
41184
41194
41204
41215
41225
41236
41246
41256
41266
41277
41287
41298
41309
41319
41329
41340
41351
41362
41372
41382
41392
41402
41413
41423
41434
41444
41454
41465
41475
41486
41496
41506
41516
41526
41537
41547
41557
41567
41577
41588
41598
41608
41618
41628
41639
41650
41661
41671
41686
41697
41707
41718
41728
41739
41750
41761
41774
41784
41794
41806
41816
41827
41837
41847
41857
41869
41879
41894
41904
41915
41926
41936
41948
41959
41970
41981
41992
42003
42013
42024
42035
42046
42057
42067
42077
42087
42097
42107
42118
42128
42140
42151
42161
42172
42182
42192
42203
42214
42224
42234
42244
42254
42265
42275
42285
42295
42305
42315
42325
42335
42346
42357
42367
42377
42387
42397
42407
42417
42427
42438
42448
42459
42469
42481
42491
42502
42513
42523
42533
42544
42554
42565
42575
42585
42596
42607
42618
42628
42639
42649
42659
42669
42679
42689
42699
42709
42719
42730
42741
42752
42763
42773
42784
42795
42806
42816
42826
42836
42846
42856
42867
42878
42889
42900
42911
42922
42933
42944
42955
42966
42977
42987
42997
43007
43017
43027
43037
43047
43057
43068
43080
43090
43101
43111
43121
43131
43141
43151
43162
43173
43183
43193
43203
43214
43225
43235
43246
43256
43266
43276
43286
43296
43306
43316
43326
43336
43347
43358
43368
43378
43389
43399
43409
43420
43430
43441
43451
43461
43471
43481
43491
43501
43511
43522
43533
43544
43554
43564
43574
43585
43596
43606
43617
43628
43638
43649
43660
43671
43681
43692
43702
43712
43722
43733
43744
43756
43767
43777
43787
43797
43807
43817
43828
43838
43848
43859
43869
43880
43891
43902
43913
43924
43934
43945
43957
43968
43978
43989
43999
44011
44021
44031
44042
44052
44062
44073
44084
44095
44106
44116
44126
44137
44147
44157
44169
44179
44190
44200
44211
44221
44233
44244
44255
44265
44275
44285
44295
44305
44315
44326
44337
44348
44360
44370
44380
44391
44401
44411
44421
44432
44442
44452
44462
44472
44482
44492
44503
44513
44524
44534
44544
44554
44565
44576
44586
44596
44606
44616
44627
44637
44648
44659
44669
44680
44690
44701
44711
44722
44732
44743
44753
44764
44774
44784
44795
44805
44816
44826
44836
44847
44857
44868
44878
44888
44898
44908
44918
44928
44939
44949
44960
44971
44981
44991
45001
45012
45023
45033
45045
45056
45066
45077
45087
45097
45108
45118
45129
45139
45149
45160
45171
45181
45192
45202
45212
45222
45233
45243
45254
45264
45274
45285
45295
45306
45316
45327
45337
45347
45358
45368
45379
45389
45399
45410
45420
45431
45441
45451
45462
45472
45483
45493
45503
45514
45524
45535
45545
45555
45565
45576
45586
45597
45608
45618
45629
45639
45649
45660
45670
45681
45691
45701
45712
45722
45733
45743
45753
45764
45774
45785
45795
45805
45816
45826
45837
45847
45857
45868
45878
45889
45899
45909
45920
45930
45941
45951
45961
45972
45982
45993
46003
46013
46024
46035
46045
46055
46065
46075
46085
46096
46106
46116
46126
46137
46147
46158
46168
46178
46189
46199
46210
46220
46230
46240
46251
46261
46272
46282
46292
46303
46313
46324
46334
46344
46355
46366
46376
46386
46396
46407
46417
46428
46438
46448
46458
46469
46479
46490
46500
46510
46520
46531
46541
46552
46562
46572
46582
46593
46603
46614
46624
46634
46645
46655
46666
46676
46686
46696
46707
46717
46728
46739
46749
46760
46770
46781
46791
46802
46812
46823
46833
46843
46853
46864
46874
46885
46895
46905
46916
46926
46937
46947
46957
46967
46978
46989
46999
47010
47021
47031
47041
47051
47063
47073
47083
47094
47105
47116
47126
47137
47147
47158
47168
47178
47188
47198
47208
47218
47228
47239
47249
47259
47269
47279
47289
47300
47311
47323
47334
47344
47355
47367
47377
47389
47399
47409
47419
47430
47441
47452
47462
47473
47483
47494
47504
47515
47526
47536
47546
47556
47566
47576
47586
47596
47606
47617
47627
47637
47648
47659
47669
47679
47690
47700
47711
47721
47731
47741
47751
47761
47772
47782
47792
47802
47812
47822
47833
47844
47855
47866
47876
47886
47896
47906
47916
47927
47937
47947
47957
47967
47978
47989
47999
48009
48020
48030
48040
48050
48061
48071
48081
48091
48102
48112
48123
48133
48143
48154
48164
48175
48185
48195
48205
48216
48227
48237
48248
48258
48268
48278
48289
48299
48310
48320
48330
48340
48350
48361
48372
48382
48393
48403
48413
48423
48433
48444
48454
48465
48475
48485
48496
48506
48517
48527
48537
48548
48559
48569
48580
48590
48600
48611
48622
48632
48643
48653
48663
48673
48684
48694
48705
48716
48726
48736
48747
48757
48767
48777
48788
48798
48809
48819
48829
48839
48850
48860
48871
48881
48891
48902
48912
48923
48933
48944
48955
48965
48975
48985
48995
49005
49016
49026
49036
49047
49057
49068
49079
49090
49100
49110
49126
49136
49146
49156
49167
49177
49187
49197
49208
49218
49228
49238
49248
49259
49269
49279
49291
49301
49312
49322
49332
49342
49352
49362
49372
49382
49392
49402
49412
49422
49432
49442
49452
49462
49473
49484
49495
49505
49516
49527
49538
49549
49559
49569
49579
49590
49600
49610
49621
49631
49641
49652
49662
49672
49682
49693
49703
49714
49724
49734
49744
49754
49764
49775
49785
49796
49806
49818
49830
49840
49851
49862
49872
49882
49892
49902
49912
49922
49932
49942
49952
49962
49972
49983
49993
50004
50015
50026
50036
50048
50059
50070
50081
50091
50102
50113
50125
50135
50146
50156
50166
50177
50188
50198
50208
50218
50228
50239
50250
50260
50270
50280
50290
50301
50312
50323
50333
50344
50355
50366
50376
50386
50397
50407
50417
50428
50439
50449
50461
50471
50481
50491
50501
50511
50521
50531
50542
50552
50562
50572
50583
50594
50604
50614
50624
50636
50646
50657
50667
50677
50689
50699
50709
50720
50731
50742
50753
50764
50774
50785
50795
50805
50815
50826
50836
50846
50856
50867
50877
50888
50899
50910
50921
50931
50942
50952
50962
50973
50984
50994
51005
51015
51025
51036
51046
51057
51067
51077
51088
51099
51109
51120
51130
51140
51150
51160
51171
51181
51192
51202
51212
51222
51233
51243
51254
51264
51274
51284
51295
51306
51316
51327
51337
51347
51358
51368
51379
51389
51399
51410
51420
51431
51441
51451
51461
51472
51483
51493
51503
51513
51523
51534
51544
51555
51565
51575
51586
51597
51607
51618
51628
51638
51649
51659
51670
51680
51690
51701
51711
51722
51732
51742
51752
51762
51773
51783
51794
51804
51814
51825
51835
51846
51857
51867
51878
51888
51898
51909
51919
51930
51940
51950
51961
51971
51981
51992
52003
52013
52024
52034
52044
52054
52065
52076
52086
52097
52107
52117
52127
52138
52148
52159
52169
52179
52190
52200
52211
52221
52231
52241
52252
52262
52273
52283
52293
52304
52314
52325
52336
52346
52357
52367
52377
52388
52398
52409
52419
52429
52440
52450
52461
52471
52481
52492
52502
52513
52523
52533
52544
52554
52565
52575
52585
52596
52606
52617
52628
52638
52648
52659
52669
52680
52690
52700
52711
52721
52732
52742
52752
52763
52773
52784
52794
52804
52814
52825
52835
52846
52856
52867
52878
52889
52900
52910
52921
52931
52941
52951
52962
52972
52983
52993
53003
53014
53025
53036
53046
53057
53067
53077
53088
53098
53109
53119
53129
53140
53150
53161
53171
53181
53192
53202
53213
53223
53234
53244
53255
53266
53276
53286
53297
53307
53318
53328
53338
53348
53359
53369
53380
53390
53400
53411
53421
53431
53441
53452
53462
53473
53483
53493
53504
53514
53524
53534
53545
53556
53566
53577
53587
53597
53607
53617
53627
53638
53648
53659
53670
53680
53691
53702
53712
53723
53733
53743
53754
53764
53774
53784
53795
53805
53815
53825
53836
53846
53857
53867
53878
53888
53899
53909
53919
53929
53940
53950
53961
53972
53982
53992
54002
54012
54023
54033
54044
54054
54064
54074
54084
54095
54106
54116
54126
54137
54147
54158
54168
54178
54189
54199
54210
54220
54230
54241
54251
54262
54272
54282
54292
54303
54313
54324
54334
54344
54355
54366
54376
54387
54397
54408
54418
54429
54439
54450
54461
54471
54482
54492
54503
54514
54524
54535
54545
54556
54566
54576
54587
54598
54608
54619
54629
54639
54650
54660
54671
54681
54691
54701
54712
54722
54733
54743
54754
54764
54774
54784
54795
54805
54816
54826
54836
54847
54857
54868
54878
54888
54899
54910
54920
54931
54941
54951
54962
54972
54983
54993
55003
55013
55024
55034
55047
55057
55068
55078
55089
55099
55109
55120
55130
55141
55151
55161
55172
55182
55193
55203
55213
55224
55234
55245
55255
55265
55276
55286
55300
55311
55322
55333
55344
55354
55364
55375
55386
55396
55407
55417
55428
55438
55448
55458
55468
55478
55488
55498
55509
55519
55530
55541
55552
55563
55574
55590
55600
55610
55620
55631
55641
55651
55661
55671
55681
55691
55702
55713
55723
55733
55743
55753
55763
55773
55784
55795
55805
55815
55825
55837
55847
55857
55867
55878
55888
55898
55908
55918
55928
55938
55949
55960
55970
55980
55990
56000
56010
56020
56030
56040
56050
56060
56070
56080
56090
56100
56110
56120
56130
56142
56153
56163
56173
56184
56195
56205
56215
56225
56235
56245
56255
56265
56276
56287
56298
56308
56318
56328
56338
56349
56360
56370
56380
56391
56401
56411
56421
56432
56442
56453
56463
56474
56484
56494
56505
56515
56525
56535
56545
56555
56566
56577
56587
56597
56607
56617
56627
56638
56648
56659
56670
56680
56690
56701
56711
56722
56732
56743
56753
56763
56773
56783
56794
56804
56815
56825
56835
56845
56855
56865
56877
56887
56898
56908
56918
56928
56938
56948
56959
56969
56980
56991
57001
57012
57022
57032
57042
57053
57064
57075
57086
57096
57106
57116
57127
57137
57147
57157
57167
57177
57187
57197
57207
57217
57227
57237
57248
57258
57269
57279
57290
57301
57311
57321
57331
57341
57352
57362
57372
57383
57394
57404
57415
57426
57438
57448
57458
57469
57479
57489
57499
57509
57520
57530
57542
57552
57563
57574
57585
57595
57606
57617
57628
57639
57650
57661
57672
57683
57695
57706
57716
57726
57736
57746
57757
57768
57779
57790
57800
57811
57822
57832
57842
57852
57862
57872
57883
57894
57904
57915
57926
57936
57946
57956
57966
57976
57986
57996
58006
58016
58026
58036
58046
58057
58067
58077
58087
58098
58108
58118
58129
58141
58151
58162
58172
58183
58193
58203
58213
58224
58234
58245
58256
58266
58276
58286
58296
58306
58316
58326
58337
58347
58357
58368
58378
58389
58399
58409
58420
58430
58441
58451
58461
58471
58482
58492
58503
58513
58523
58534
58544
58555
58565
58575
58586
58597
58608
58618
58629
58639
58649
58660
58670
58681
58691
58706
58716
58727
58737
58748
58758
58768
58779
58789
58799
58810
58820
58831
58841
58851
58861
58871
58882
58892
58903
58913
58923
58933
58943
58953
58963
58973
58983
58994
59004
59015
59026
59036
59047
59057
59067
59077
59088
59098
59109
59119
59131
59141
59152
59162
59173
59183
59193
59203
59213
59223
59234
59245
59257
59267
59277
59287
59297
59309
59319
59329
59339
59349
59361
59371
59381
59392
59402
59413
59424
59434
59445
59455
59466
59477
59487
59498
59509
59519
59530
59541
59551
59562
59573
59583
59594
59605
59615
59625
59636
59646
59657
59667
59677
59688
59698
59709
59720
59730
59740
59750
59761
59771
59781
59791
59802
59812
59822
59833
59843
59854
59864
59874
59885
59895
59906
59916
59926
59936
59947
59957
59967
59978
59988
59999
60009
60020
60030
60040
60052
60062
60073
60083
60094
60104
60114
60124
60134
60144
60155
60165
60176
60186
60196
60206
60217
60227
60238
60249
60259
60269
60280
60290
60301
60311
60321
60331
60342
60353
60363
60373
60384
60395
60405
60416
60426
60436
60446
60457
60467
60478
60488
60498
60508
60519
60529
60540
60550
60560
60571
60581
60592
60602
60612
60623
60633
60644
60654
60664
60675
60686
60696
60706
60716
60727
60738
60749
60759
60770
60780
60790
60801
60811
60822
60832
60842
60853
60863
60874
60884
60894
60904
60915
60925
60936
60946
60956
60967
60977
60989
60999
61009
61020
61030
61040
61052
61062
61072
61083
61093
61103
61113
61124
61135
61145
61155
61165
61175
61185
61195
61206
61216
61227
61237
61247
61258
61268
61279
61289
61299
61310
61320
61331
61341
61351
61362
61373
61383
61394
61404
61414
61425
61436
61446
61457
61467
61477
61488
61498
61509
61519
61529
61540
61550
61561
61571
61581
61592
61603
61613
61623
61633
61644
61654
61665
61675
61685
61696
61706
61718
61728
61739
61750
61760
61770
61781
61791
61801
61811
61821
61832
61842
61852
61863
61873
61884
61894
61905
61915
61926
61936
61947
61958
61968
61979
61989
62000
62010
62021
62031
62041
62052
62062
62073
62083
62093
62104
62114
62125
62135
62145
62156
62166
62177
62187
62197
62208
62219
62229
62240
62250
62260
62271
62281
62292
62302
62312
62323
62333
62344
62354
62364
62374
62385
62395
62405
62415
62425
62436
62446
62456
62467
62477
62488
62499
62509
62519
62529
62540
62550
62561
62571
62581
62591
62602
62613
62624
62634
62645
62655
62665
62675
62685
62696
62706
62716
62726
62737
62748
62758
62768
62778
62788
62798
62808
62818
62828
62839
62850
62861
62872
62883
62893
62904
62916
62927
62937
62947
62957
62968
62979
62990
63001
63011
63022
63032
63043
63054
63066
63076
63086
63096
63107
63117
63127
63138
63149
63163
63174
63184
63194
63204
63214
63224
63234
63244
63254
63264
63275
63285
63296
63306
63318
63328
63338
63349
63359
63370
63381
63393
63403
63414
63424
63434
63444
63454
63465
63476
63486
63496
63506
63516
63526
63536
63546
63556
63566
63580
63591
63601
63612
63622
63632
63643
63653
63665
63675
63686
63697
63708
63718
63729
63740
63750
63761
63772
63782
63792
63802
63813
63823
63833
63843
63853
63865
63875
63885
63895
63905
63915
63925
63936
63946
63956
63966
63977
63988
63998
64008
64019
64029
64040
64050
64060
64070
64080
64092
64103
64113
64125
64135
64145
64157
64168
64179
64189
64200
64211
64222
64233
64243
64254
64265
64275
64285
64296
64306
64317
64327
64337
64348
64359
64369
64380
64390
64400
64411
64421
64432
64442
64452
64462
64472
64483
64494
64504
64514
64524
64534
64545
64555
64566
64576
64586
64596
64607
64617
64628
64638
64648
64659
64669
64679
64689
64700
64710
64721
64731
64741
64751
64762
64772
64783
64793
64803
64814
64824
64835
64845
64855
64866
64877
64887
64898
64908
64918
64929
64939
64950
64961
64971
64982
64992
65002
65013
65023
65034
65044
65055
65066
65076
65087
65097
65108
65119
65129
65139
65150
65160
65171
65181
65191
65201
65212
65222
65233
65243
65253
65264
65274
65285
65295
65305
65316
65326
65337
65347
65358
65368
65379
65389
65399
65409
65419
65429
65439
65449
65460
65471
65481
65493
65504
65514
65524
65534
65544
65554
65564
65574
65584
65594
65604
65614
65624
65634
65644
65655
65666
65676
65686
65697
65707
65717
65727
65738
65749
65760
65771
65781
65791
65801
65811
65821
65832
65844
65854
65864
65875
65885
65895
65905
65915
65926
65936
65947
65958
65969
65980
65991
66002
66012
66023
66033
66044
66055
66066
66076
66087
66097
66108
66119
66129
66139
66149
66160
66170
66181
66191
66202
66212
66222
66233
66244
66254
66264
66274
66284
66294
66305
66315
66325
66335
66346
66356
66367
66377
66387
66397
66408
66418
66429
66439
66449
66459
66470
66480
66491
66501
66511
66521
66532
66542
66553
66563
66573
66584
66594
66605
66615
66625
66636
66647
66657
66668
66678
66688
66698
66709
66719
66730
66740
66750
66761
66771
66782
66792
66802
66813
66823
66834
66844
66854
66864
66875
66885
66895
66905
66916
66926
66937
66947
66957
66968
66978
66989
66999
67009
67019
67030
67040
67051
67061
67071
67081
67091
67102
67112
67123
67134
67145
67155
67166
67177
67188
67198
67208
67218
67228
67238
67248
67258
67269
67279
67290
67300
67310
67320
67331
67341
67352
67363
67374
67384
67394
67405
67415
67426
67436
67446
67456
67466
67477
67487
67497
67508
67518
67529
67539
67549
67560
67570
67581
67591
67601
67611
67621
67632
67642
67652
67663
67674
67684
67695
67705
67715
67725
67736
67746
67756
67766
67776
67787
67797
67808
67818
67828
67838
67849
67859
67870
67880
67890
67900
67910
67921
67932
67943
67953
67964
67974
67984
67994
68005
68015
68025
68036
68046
68057
68067
68077
68088
68098
68109
68119
68129
68140
68150
68161
68171
68181
68192
68203
68213
68224
68234
68244
68255
68265
68276
68286
68296
68307
68318
68329
68340
68350
68360
68372
68383
68393
68403
68413
68423
68433
68443
68454
68464
68475
68485
68495
68505
68515
68525
68535
68545
68555
68566
68577
68587
68597
68607
68617
68628
68638
68648
68658
68668
68678
68688
68698
68708
68718
68728
68738
68748
68759
68770
68780
68791
68801
68811
68822
68832
68843
68853
68863
68873
68883
68895
68905
68915
68925
68936
68946
68958
68968
68980
68990
69001
69011
69021
69032
69042
69053
69063
69074
69084
69095
69105
69116
69126
69137
69147
69158
69168
69178
69189
69199
69209
69222
69234
69244
69255
69265
69276
69286
69297
69307
69318
69328
69338
69349
69359
69369
69381
69391
69402
69414
69425
69435
69445
69455
69465
69476
69487
69497
69507
69521
69531
69541
69553
69563
69573
69584
69595
69606
69617
69627
69637
69647
69657
69667
69678
69688
69699
69710
69720
69730
69740
69750
69760
69771
69781
69792
69802
69812
69822
69833
69843
69854
69864
69874
69884
69894
69904
69914
69924
69934
69945
69955
69966
69976
69987
69997
70007
70018
70028
70038
70048
70059
70069
70079
70089
70100
70111
70121
70132
70142
70152
70163
70173
70183
70193
70204
70214
70225
70235
70245
70255
70266
70276
70287
70297
70307
70318
70328
70339
70349
70359
70369
70380
70391
70401
70411
70421
70432
70443
70453
70464
70474
70484
70494
70505
70515
70526
70536
70546
70557
70567
70578
70589
70599
70610
70620
70631
70641
70651
70662
70672
70683
70693
70703
70714
70724
70734
70744
70755
70765
70776
70786
70796
70807
70817
70828
70838
70848
70858
70869
70879
70889
70899
70909
70919
70929
70939
70949
70959
70969
70979
70989
70999
71010
71020
71030
71040
71050
71062
71072
71083
71094
71104
71116
71126
71137
71147
71158
71168
71178
71189
71199
71210
71221
71232
71243
71253
71265
71275
71286
71296
71307
71319
71330
71341
71352
71363
71374
71385
71395
71406
71417
71428
71438
71448
71458
71469
71480
71491
71502
71514
71524
71535
71545
71555
71565
71576
71587
71598
71608
71618
71628
71639
71649
71660
71671
71682
71693
71703
71713
71723
71734
71744
71755
71765
71775
71786
71796
71807
71818
71829
71840
71850
71860
71870
71881
71892
71902
71912
71922
71932
71943
71953
71963
71974
71984
71996
72006
72016
72027
72037
72048
72058
72070
72080
72090
72100
72110
72122
72132
72142
72153
72164
72174
72184
72194
72206
72216
72226
72236
72247
72257
72268
72278
72288
72300
72310
72320
72330
72341
72351
72361
72371
72382
72392
72403
72413
72423
72435
72445
72455
72465
72475
72485
72495
72505
72515
72527
72537
72547
72558
72569
72579
72590
72601
72612
72622
72632
72642
72652
72663
72673
72685
72696
72706
72716
72726
72736
72746
72757
72767
72778
72789
72799
72809
72819
72830
72841
72852
72862
72872
72882
72893
72903
72914
72924
72934
72945
72956
72967
72977
72988
72998
73008
73019
73029
73040
73050
73060
73071
73081
73092
73102
73112
73123
73133
73144
73154
73164
73175
73185
73196
73206
73216
73226
73237
73247
73258
73268
73278
73289
73299
73310
73320
73331
73341
73352
73362
73372
73382
73393
73403
73414
73425
73435
73445
73456
73466
73477
73487
73497
73508
73518
73529
73539
73549
73559
73570
73580
73591
73601
73611
73621
73632
73642
73653
73664
73675
73685
73695
73706
73716
73727
73738
73748
73758
73768
73779
73789
73800
73810
73820
73831
73841
73851
73861
73871
73881
73892
73902
73913
73924
73934
73944
73954
73964
73975
73985
73995
74006
74016
74026
74037
74047
74058
74069
74079
74089
74100
74110
74121
74131
74141
74152
74162
74173
74183
74193
74203
74214
74224
74235
74246
74256
74266
74277
74287
74298
74308
74318
74329
74339
74350
74361
74372
74382
74392
74402
74412
74422
74433
74443
74453
74463
74474
74484
74495
74505
74515
74526
74536
74547
74557
74567
74578
74588
74599
74609
74619
74630
74640
74651
74661
74671
74682
74692
74703
74713
74723
74734
74744
74755
74765
74775
74786
74796
74807
74817
74827
74838
74848
74859
74869
74879
74889
74900
74910
74921
74931
74941
74951
74961
74972
74982
74993
75004
75014
75024
75035
75045
75057
75067
75078
75088
75099
75109
75119
75130
75140
75151
75162
75172
75182
75192
75203
75213
75224
75234
75244
75255
75265
75276
75286
75296
75306
75317
75327
75338
75348
75358
75369
75380
75390
75401
75411
75421
75432
75442
75453
75464
75474
75484
75495
75505
75516
75526
75536
75546
75557
75567
75578
75588
75598
75608
75619
75629
75640
75651
75661
75671
75682
75692
75702
75713
75723
75733
75743
75754
75765
75775
75785
75795
75806
75816
75827
75838
75848
75858
75868
75878
75888
75899
75909
75920
75930
75941
75951
75962
75972
75983
75993
76003
76014
76024
76035
76045
76055
76065
76076
76087
76097
76107
76117
76127
76137
76149
76166
76176
76186
76196
76206
76216
76226
76237
76248
76258
76269
76280
76291
76303
76313
76324
76335
76345
76356
76366
76376
76386
76396
76406
76416
76427
76437
76448
76459
76469
76480
76492
76502
76513
76524
76535
76545
76555
76566
76577
76588
76599
76609
76620
76630
76640
76650
76660
76671
76681
76692
76702
76712
76722
76732
76743
76753
76765
76775
76786
76796
76807
76818
76829
76840
76851
76861
76872
76883
76894
76904
76914
76924
76934
76945
76955
76965
76975
76986
76998
77008
77020
77030
77040
77051
77062
77074
77084
77096
77107
77117
77127
77137
77147
77158
77169
77181
77191
77201
77212
77222
77233
77244
77254
77264
77274
77284
77294
77304
77314
77324
77334
77345
77355
77365
77375
77385
77396
77406
77416
77426
77436
77446
77458
77468
77479
77490
77500
77510
77520
77530
77540
77550
77560
77571
77582
77593
77604
77615
77625
77636
77648
77659
77669
77680
77691
77701
77712
77723
77734
77744
77754
77764
77775
77785
77796
77807
77817
77827
77837
77848
77858
77869
77879
77889
77899
77910
77920
77931
77941
77951
77961
77971
77982
77992
78003
78013
78023
78034
78044
78055
78065
78075
78085
78096
78107
78118
78129
78139
78151
78161
78171
78181
78191
78201
78211
78223
78233
78243
78253
78263
78274
78284
78294
78304
78315
78326
78336
78346
78356
78366
78376
78387
78397
78408
78419
78429
78439
78449
78460
78470
78480
78491
78502
78513
78523
78534
78544
78554
78565
78576
78586
78596
78606
78616
78627
78637
78648
78658
78668
78679
78689
78700
78710
78720
78730
78741
78751
78761
78772
78782
78793
78804
78814
78825
78835
78845
78855
78866
78876
78887
78897
78908
78918
78928
78938
78949
78959
78970
78980
78990
79000
79010
79021
79031
79041
79052
79062
79073
79083
79093
79104
79114
79124
79134
79145
79156
79166
79177
79187
79197
79208
79218
79229
79239
79249
79259
79270
79280
79290
79300
79310
79321
79331
79342
79352
79362
79372
79382
79393
79403
79413
79424
79434
79445
79456
79466
79477
79487
79497
79508
79518
79529
79539
79549
79560
79570
79581
79591
79601
79612
79622
79633
79643
79653
79664
79674
79685
79695
79705
79716
79726
79737
79747
79757
79768
79778
79789
79799
79809
79820
79830
79841
79851
79861
79872
79882
79893
79903
79913
79924
79934
79946
79957
79967
79978
79988
79998
80008
80018
80029
80039
80049
80060
80072
80082
80092
80103
80113
80123
80133
80143
80153
80164
80174
80184
80194
80204
80215
80225
80236
80246
80256
80266
80277
80287
80298
80308
80318
80328
80339
80350
80361
80372
80383
80393
80404
80414
80424
80434
80445
80456
80466
80476
80486
80497
80508
80518
80529
80539
80549
80559
80570
80581
80591
80602
80613
80624
80634
80644
80655
80666
80677
80687
80697
80707
80718
80728
80738
80748
80758
80769
80780
80790
80800
80810
80821
80832
80843
80854
80864
80875
80886
80896
80906
80917
80928
80939
80949
80960
80970
80980
80992
81003
81013
81023
81033
81043
81054
81065
81075
81085
81095
81107
81118
81128
81138
81149
81159
81169
81180
81190
81200
81210
81220
81231
81241
81252
81262
81272
81282
81292
81302
81312
81323
81333
81344
81354
81365
81375
81386
81397
81407
81418
81428
81438
81449
81460
81471
81482
81493
81503
81513
81524
81535
81545
81556
81566
81576
81587
81598
81608
81619
81629
81639
81650
81660
81671
81681
81691
81702
81712
81723
81733
81743
81754
81764
81775
81785
81795
81806
81816
81827
81837
81847
81858
81868
81879
81889
81899
81910
81920
81931
81941
81951
81962
81972
81983
81994
82004
82014
82025
82036
82046
82057
82067
82077
82088
82098
82109
82119
82129
82140
82150
82161
82171
82182
82192
82203
82213
82223
82234
82244
82255
82265
82275
82285
82295
82306
82316
82327
82337
82348
82358
82368
82379
82389
82400
82410
82420
82431
82441
82452
82462
82472
82483
82493
82504
82514
82524
82535
82546
82556
82567
82577
82588
82598
82609
82619
82629
82640
82650
82661
82671
82681
82692
82703
82714
82724
82735
82746
82756
82766
82777
82788
82798
82809
82819
82830
82840
82850
82861
82872
82882
82892
82902
82912
82922
82932
82942
82952
82962
82972
82983
82993
83005
83015
83026
83036
83048
83059
83069
83079
83089
83099
83109
83120
83131
83142
83152
83166
83176
83187
83197
83207
83218
83228
83239
83250
83262
83272
83283
83293
83304
83315
83325
83336
83346
83357
83367
83377
83387
83398
83409
83419
83429
83439
83450
83461
83472
83482
83493
83503
83514
83524
83535
83546
83556
83567
83578
83588
83598
83609
83619
83630
83640
83650
83660
83670
83682
83693
83703
83713
83723
83733
83743
83753
83763
83774
83785
83795
83806
83816
83826
83837
83848
83859
83870
83880
83891
83901
83911
83921
83932
83942
83953
83964
83974
83985
83996
84006
84016
84027
84038
84049
84060
84070
84080
84090
84100
84110
84120
84130
84141
84151
84162
84174
84184
84194
84204
84214
84224
84234
84245
84256
84267
84277
84288
84298
84308
84318
84329
84339
84350
84360
84370
84381
84391
84402
84412
84422
84433
84443
84454
84464
84474
84485
84496
84506
84517
84527
84537
84548
84558
84569
84579
84589
84599
84610
84621
84631
84642
84652
84662
84673
84684
84694
84705
84715
84725
84736
84746
84757
84767
84777
84788
84798
84809
84819
84829
84839
84850
84860
84870
84880
84890
84901
84911
84922
84933
84943
84953
84964
84974
84985
84995
85005
85015
85026
85037
85047
85059
85070
85080
85090
85101
85111
85122
85132
85142
85152
85162
85173
85183
85193
85203
85214
85224
85235
85245
85255
85266
85276
85286
85296
85306
85317
85327
85338
85348
85360
85370
85381
85391
85401
85412
85422
85432
85442
85452
85462
85472
85483
85494
85504
85514
85524
85534
85544
85555
85565
85575
85585
85595
85605
85615
85626
85636
85647
85658
85669
85680
85692
85703
85714
85724
85734
85745
85755
85765
85775
85785
85796
85807
85817
85827
85837
85847
85858
85868
85879
85889
85899
85909
85919
85930
85940
85951
85961
85971
85982
85992
86003
86013
86023
86034
86044
86055
86065
86075
86085
86096
86106
86117
86127
86137
86148
86158
86169
86179
86189
86200
86210
86221
86231
86242
86252
86263
86273
86283
86294
86304
86315
86326
86336
86346
86356
86366
86376
86387
86398
86408
86418
86428
86438
86448
86459
86469
86480
86490
86500
86511
86521
86532
86542
86552
86562
86573
86583
86594
86604
86614
86625
86635
86646
86657
86667
86677
86688
86698
86709
86719
86729
86739
86750
86760
86770
86781
86791
86802
86812
86822
86832
86843
86853
86864
86874
86884
86895
86905
86916
86926
86936
86946
86957
86967
86977
86987
86998
87008
87019
87029
87039
87049
87059
87070
87080
87090
87101
87111
87122
87132
87142
87152
87163
87173
87184
87194
87204
87215
87225
87236
87246
87256
87267
87277
87288
87298
87308
87318
87329
87339
87350
87360
87370
87380
87391
87401
87412
87422
87432
87443
87454
87465
87476
87486
87497
87507
87517
87527
87538
87548
87559
87569
87579
87590
87600
87611
87621
87631
87642
87652
87663
87674
87684
87695
87706
87716
87727
87738
87748
87758
87768
87779
87789
87799
87809
87819
87830
87840
87851
87861
87871
87881
87892
87902
87913
87923
87933
87943
87954
87964
87974
87984
87995
88005
88016
88026
88036
88046
88057
88067
88078
88088
88098
88109
88119
88130
88140
88150
88161
88171
88182
88192
88202
88212
88223
88233
88244
88254
88264
88275
88285
88296
88306
88316
88326
88336
88347
88358
88369
88379
88390
88400
88410
88421
88431
88442
88452
88462
88473
88483
88494
88505
88515
88525
88535
88546
88556
88567
88577
88587
88597
88608
88618
88629
88639
88649
88660
88670
88681
88692
88702
88712
88722
88733
88743
88754
88764
88774
88785
88796
88806
88817
88827
88842
88852
88863
88873
88884
88894
88904
88914
88925
88935
88945
88956
88966
88976
88987
88997
89007
89018
89028
89039
89049
89060
89070
89080
89090
89101
89111
89121
89131
89142
89152
89163
89173
89183
89193
89203
89214
89224
89234
89244
89254
89265
89275
89285
89296
89306
89317
89327
89337
89348
89359
89369
89380
89390
89400
89411
89422
89432
89443
89453
89463
89474
89484
89495
89505
89516
89526
89539
89549
89560
89574
89584
89594
89605
89615
89625
89637
89647
89657
89667
89678
89689
89699
89710
89721
89732
89742
89752
89764
89774
89784
89794
89805
89815
89826
89836
89846
89856
89867
89877
89887
89897
89908
89918
89929
89939
89949
89960
89971
89982
89992
90003
90013
90023
90033
90045
90055
90065
90075
90086
90096
90107
90118
90128
90138
90148
90159
90169
90180
90191
90201
90211
90222
90232
90243
90253
90264
90274
90285
90296
90306
90317
90327
90337
90347
90357
90368
90378
90388
90398
90408
90419
90429
90440
90450
90460
90470
90480
90491
90501
90512
90522
90532
90542
90552
90562
90572
90582
90593
90603
90614
90624
90634
90645
90655
90666
90678
90688
90699
90710
90720
90730
90740
90750
90760
90770
90780
90791
90801
90812
90823
90834
90845
90856
90867
90878
90888
90898
90908
90918
90929
90939
90950
90960
90970
90980
90990
91001
91011
91021
91031
91041
91051
91061
91072
91082
91092
91102
91112
91123
91134
91145
91155
91165
91175
91185
91195
91205
91215
91225
91235
91246
91256
91267
91278
91289
91299
91309
91320
91330
91340
91350
91360
91370
91381
91391
91401
91412
91423
91434
91445
91455
91465
91475
91485
91495
91506
91516
91527
91538
91549
91559
91569
91579
91589
91599
91609
91619
91630
91640
91651
91663
91673
91684
91694
91705
91715
91725
91735
91745
91755
91766
91776
91787
91797
91807
91817
91828
91838
91848
91859
91869
91880
91891
91901
91911
91921
91932
91942
91953
91963
91973
91983
91995
92005
92015
92026
92037
92048
92058
92068
92078
92089
92100
92111
92121
92132
92142
92153
92163
92174
92184
92194
92204
92214
92224
92234
92246
92256
92267
92279
92289
92300
92311
92322
92333
92344
92354
92364
92375
92386
92397
92407
92417
92427
92437
92447
92457
92467
92477
92489
92499
92512
92522
92532
92543
92553
92564
92574
92584
92595
92605
92616
92626
92636
92646
92656
92667
92678
92689
92699
92709
92720
92730
92740
92750
92760
92771
92781
92792
92802
92813
92824
92834
92844
92855
92865
92877
92887
92898
92908
92918
92928
92939
92949
92959
92969
92979
92990
93000
93011
93021
93031
93042
93052
93063
93074
93084
93094
93105
93115
93126
93136
93146
93156
93166
93177
93187
93198
93209
93220
93230
93240
93250
93260
93271
93281
93292
93302
93313
93324
93335
93345
93357
93367
93377
93387
93397
93407
93417
93427
93437
93447
93457
93468
93479
93489
93500
93511
93522
93532
93543
93553
93563
93574
93584
93595
93606
93617
93627
93637
93647
93657
93667
93677
93687
93697
93707
93717
93727
93737
93747
93757
93767
93778
93788
93798
93809
93820
93830
93841
93851
93861
93871
93881
93891
93901
93911
93922
93932
93942
93952
93962
93972
93982
93992
94002
94012
94023
94033
94044
94054
94064
94076
94086
94096
94106
94116
94126
94137
94147
94157
94168
94178
94189
94199
94209
94220
94230
94241
94252
94262
94273
94283
94293
94303
94313
94323
94333
94343
94353
94363
94373
94384
94394
94405
94415
94425
94435
94445
94455
94465
94477
94488
94499
94510
94520
94531
94542
94552
94564
94575
94585
94595
94606
94617
94628
94638
94649
94659
94670
94680
94690
94700
94710
94721
94731
94742
94753
94763
94774
94784
94794
94804
94814
94825
94835
94846
94857
94867
94877
94887
94897
94908
94919
94929
94939
94949
94960
94971
94981
94992
95002
95012
95022
95032
95043
95053
95065
95076
95086
95099
95109
95119
95129
95139
95150
95161
95171
95182
95193
95204
95215
95225
95235
95245
95255
95266
95276
95287
95297
95307
95317
95328
95338
95349
95359
95369
95379
95389
95399
95410
95420
95430
95440
95450
95460
95472
95482
95494
95504
95514
95524
95534
95544
95555
95565
95576
95587
95597
95607
95617
95627
95637
95647
95657
95667
95678
95689
95699
95710
95720
95731
95742
95753
95764
95775
95785
95795
95805
95815
95825
95836
95847
95858
95868
95878
95889
95900
95910
95922
95933
95944
95955
95966
95976
95987
95998
96009
96020
96030
96040
96050
96061
96071
96082
96093
96103
96113
96124
96134
96145
96156
96166
96177
96187
96197
96207
96218
96228
96239
96249
96259
96269
96279
96290
96300
96310
96320
96330
96341
96351
96361
96371
96381
96392
96402
96412
96423
96434
96445
96455
96466
96476
96486
96497
96507
96518
96528
96538
96548
96559
96569
96580
96590
96600
96610
96620
96631
96641
96651
96661
96672
96682
96693
96703
96713
96724
96735
96745
96756
96767
96778
96788
96798
96808
96819
96829
96840
96850
96860
96870
96881
96891
96902
96912
96922
96933
96943
96954
96964
96974
96984
96994
97005
97015
97025
97035
97046
97057
97067
97078
97088
97098
97109
97119
97130
97140
97150
97161
97171
97182
97192
97202
97212
97223
97234
97244
97254
97266
97282
97292
97303
97313
97323
97333
97344
97354
97365
97376
97387
97397
97407
97417
97427
97437
97448
97459
97470
97481
97491
97502
97512
97522
97532
97542
97552
97562
97572
97582
97592
97602
97612
97623
97633
97644
97655
97665
97675
97685
97695
97705
97715
97725
97735
97745
97755
97765
97778
97788
97798
97808
97818
97828
97838
97848
97858
97868
97878
97889
97899
97909
97920
97930
97940
97951
97961
97972
97983
97993
98003
98013
98023
98033
98043
98053
98064
98075
98086
98096
98106
98117
98128
98138
98148
98158
98168
98178
98188
98198
98208
98218
98228
98238
98248
98258
98269
98279
98289
98299
98310
98322
98332
98344
98355
98366
98377
98388
98399
98409
98420
98431
98442
98454
98464
98475
98485
98495
98505
98515
98525
98535
98545
98555
98566
98576
98586
98597
98609
98620
98631
98641
98651
98661
98671
98681
98691
98701
98712
98723
98733
98743
98754
98765
98775
98786
98797
98808
98819
98829
98839
98851
98861
98871
98881
98891
98901
98911
98922
98932
98942
98953
98963
98974
98985
98995
99005
99015
99025
99035
99046
99056
99066
99076
99086
99096
99106
99117
99128
99138
99148
99158
99168
99178
99188
99199
99210
99221
99231
99242
99252
99262
99272
99282
99293
99303
99314
99324
99334
99345
99356
99366
99377
99387
99397
99408
99419
99429
99440
99450
99460
99470
99481
99491
99502
99512
99522
99533
99543
99553
99564
99574
99585
99595
99605
99616
99627
99637
99647
99657
99667
99678
99688
99699
99709
99719
99730
99740
99751
99761
99771
99781
99792
99802
99813
99823
99833
99844
99854
99865
99876
99886
99897
99907
99917
99928
99938
99949
99959
99969
99980
99990
100001
100012
100022
100033
100043
100054
100065
100075
100086
100096
100107
100117
100127
100137
100148
100158
100169
100179
100189
100200
100210
100221
100231
100241
100251
100262
100272
100283
100293
100303
100314
100324
100335
100345
100355
100366
100376
100387
100397
100409
100419
100429
100439
100449
100460
100470
100481
100491
100501
100512
100522
100533
100543
100553
100564
100574
100584
100594
100604
100614
100625
100635
100645
100656
100666
100677
100687
100698
100708
100718
100728
100739
100749
100760
100770
100780
100790
100800
100811
100821
100831
100841
100851
100862
100873
100884
100895
100906
100918
100928
100939
100950
100961
100971
100981
100991
101001
101012
101023
101033
101044
101055
101065
101075
101085
101096
101107
101117
101127
101137
101147
101158
101169
101180
101190
101201
101211
101221
101232
101243
101253
101264
101275
101285
101295
101305
101315
101325
101336
101346
101356
101366
101376
101386
101397
101407
101418
101429
101439
101449
101460
101470
101481
101491
101501
101511
101521
101532
101542
101553
101563
101573
101583
101593
101603
101614
101625
101635
101646
101656
101666
101676
101687
101697
101708
101719
101730
101740
101751
101761
101771
101781
101792
101802
101813
101823
101833
101843
101854
101864
101875
101885
101895
101906
101916
101927
101937
101947
101958
101968
101979
101990
102001
102011
102021
102031
102041
102052
102062
102073
102083
102093
102103
102113
102124
102134
102145
102155
102166
102177
102187
102197
102208
102218
102229
102239
102249
102259
102270
102280
102291
102301
102311
102321
102332
102342
102352
102363
102373
102384
102394
102404
102414
102425
102436
102446
102456
102466
102477
102487
102498
102508
102518
102529
102539
102550
102560
102570
102581
102592
102602
102613
102623
102634
102644
102655
102665
102675
102686
102696
102707
102717
102727
102738
102748
102759
102769
102779
102790
102800
102811
102821
102831
102841
102852
102862
102873
102883
102893
102904
102914
102924
102934
102945
102955
102966
102977
102987
102997
103008
103018
103029
103039
103049
103060
103070
103081
103091
103101
103112
103122
103133
103143
103153
103164
103174
103185
103195
103205
103216
103226
103237
103247
103257
103268
103278
103289
103299
103309
103320
103330
103341
103351
103361
103372
103382
103393
103403
103413
103423
103433
103443
103454
103465
103475
103485
103496
103506
103517
103527
103537
103548
103558
103569
103580
103590
103600
103610
103620
103631
103641
103654
103664
103674
103685
103695
103705
103715
103725
103735
103746
103756
103766
103776
103787
103798
103809
103819
103830
103840
103851
103867
103877
103887
103897
103907
103917
103928
103938
103948
103959
103969
103980
103990
104001
104012
104023
104033
104045
104055
104066
104077
104087
104097
104107
104118
104128
104140
104151
104162
104172
104183
104193
104203
104215
104226
104237
104247
104257
104267
104277
104287
104297
104307
104317
104327
104337
