time (ms)
11
26
38
50
61
71
83
94
104
116
128
139
150
162
173
183
195
207
219
231
241
253
265
276
286
298
309
320
332
344
355
365
377
389
399
411
423
434
444
456
467
477
489
501
513
525
537
548
558
570
582
592
604
616
627
637
649
661
672
682
694
706
718
729
739
752
762
774
784
796
808
818
830
842
852
864
876
887
897
909
920
930
942
954
964
976
988
999
1010
1020
1032
1043
1054
1065
1077
1088
1098
1110
1122
1134
1145
1155
1167
1179
1189
1201
1213
1225
1236
1246
1258
1270
1281
1291
1303
1315
1326
1336
1348
1360
1372
1382
1394
1406
1417
1428
1438
1450
1462
1473
1486
1503
1516
1528
1540
1551
1561
1573
1585
1597
1608
1618
1630
1642
1654
1664
1676
1688
1700
1711
1721
1733
1745
1757
1769
1781
1792
1802
1814
1826
1837
1848
1859
1871
1883
1894
1904
1916
1928
1940
1951
1961
1973
1985
1997
2009
2020
2030
2042
2054
2064
2076
2088
2100
2110
2122
2134
2144
2156
2168
2178
2190
2202
2213
2224
2235
2245
2261
2272
2282
2294
2306
2317
2327
2339
2350
2360
2372
2383
2393
2405
2417
2428
2438
2450
2462
2474
2486
2496
2508
2520
2530
2542
2554
2564
2576
2588
2600
2611
2621
2633
2645
2656
2667
2679
2690
2700
2712
2724
2735
2745
2757
2769
2780
2790
2802
2814
2826
2836
2848
2860
2871
2882
2893
2905
2917
2929
2940
2950
2962
2974
2985
2995
3007
3019
3031
3042
3052
3064
3076
3086
3098
3110
3121
3131
3143
3155
3167
3178
3188
3200
3214
3226
3239
3251
3263
3277
3289
3302
3314
3326
3339
3351
3363
3375
3387
3400
3412
3424
3437
3448
3460
3472
3486
3498
3512
3524
3536
3549
3561
3573
3587
3599
3612
3624
3635
3646
3656
3668
3680
3692
3704
3717
3729
3741
3753
3765
3778
3790
3802
3815
3827
3839
3852
3864
3877
3889
3901
3915
3927
3941
3953
3966
3978
3991
4003
4015
4028
4041
4055
4067
4081
4093
4106
4118
4130
4144
4156
4169
4181
4194
4207
4220
4232
4244
4257
4269
4281
4293
4306
4318
4329
4341
4353
4366
4377
4389
4401
4415
4427
4441
4453
4465
4477
4489
4502
4513
4525
4537
4549
4561
4574
4592
4608
4625
4637
4650
4662
4674
4685
4696
4707
4719
4731
4743
4755
4767
4778
4789
4800
4812
4824
4836
4848
4860
4873
4884
4895
4907
4919
4931
4943
4955
4967
4979
4991
5003
5015
5027
5039
5051
5063
5075
5089
5100
5111
5122
5134
5146
5158
5171
5183
5195
5207
5220
5232
5244
5257
5269
5281
5293
5305
5317
5329
5341
5353
5365
5377
5389
5401
5413
5425
5437
5450
5460
5472
5484
5494
5506
5518
5528
5540
5552
5563
5573
5585
5597
5607
5619
5631
5642
5652
5664
5675
5685
5697
5709
5719
5731
5743
5755
5767
5778
5788
5800
5811
5821
5833
5845
5857
5867
5879
5891
5902
5913
5925
5935
5947
5959
5969
5981
5993
6004
6014
6026
6038
6049
6059
6071
6083
6093
6105
6117
6128
6138
6150
6162
6172
6184
6196
6207
6218
6230
6241
6251
6263
6274
6284
6296
6307
6317
6329
6341
6351
6363
6375
6386
6396
6408
6419
6429
6441
6452
6462
6474
6486
6497
6508
6520
6532
6543
6553
6565
6576
6586
6598
6610
6620
6632
6644
6655
6665
6677
6688
6698
6710
6721
6731
6743
6755
6766
6776
6788
6800
6810
6822
6834
6846
6857
6867
6879
6891
6902
6913
6925
6936
6946
6958
6969
6979
6991
7003
7013
7025
7037
7049
7060
7070
7082
7094
7104
7116
7128
7139
7149
7161
7173
7184
7194
7206
7217
7227
7239
7250
7260
7272
7283
7293
7305
7317
7327
7339
7351
7361
7373
7385
7396
7407
7419
7429
7441
7453
7464
7476
7487
7497
7509
7520
7530
7542
7554
7564
7576
7588
7599
7609
7621
7633
7643
7655
7667
7678
7688
7701
7713
7724
7734
7746
7758
7769
7779
7791
7803
7813
7825
7837
7847
7859
7871
7882
7893
7905
7916
7926
7938
7949
7959
7971
7983
7993
8005
8017
8027
8039
8051
8061
8073
8085
8096
8106
8118
8129
8139
8151
8162
8172
8184
8196
8208
8218
8230
8242
8253
8264
8276
8288
8299
8310
8320
8332
8344
8356
8367
8377
8389
8401
8413
8425
8436
8446
8458
8470
8482
8493
8503
8515
8527
8539
8550
8560
8572
8584
8595
8605
8617
8629
8641
8652
8662
8674
8686
8697
8707
8719
8731
8742
8752
8764
8775
8785
8797
8808
8818
8830
8841
8851
8864
8876
8888
8898
8910
8922
8933
8943
8955
8967
8978
8988
9000
9012
9023
9033
9045
9057
9067
9079
9091
9102
9112
9124
9136
9146
9158
9170
9181
9191
9203
9215
9226
9236
9248
9260
9271
9281
9293
9305
9315
9327
9339
9350
9360
9372
9384
9395
9405
9417
9429
9439
9451
9463
9473
9485
9497
9508
9518
9530
9542
9553
9563
9575
9587
9599
9617
9629
9639
9651
9663
9673
9685
9697
9709
9721
9732
9742
9754
9766
9779
9790
9803
9814
9826
9838
9851
9863
9875
9889
9901
9913
9923
9935
9947
9957
9969
9981
9991
10003
10015
10026
10036
10048
10059
10069
10081
10092
10102
10114
10126
10136
10148
10160
10171
10181
10193
10205
10215
10227
10239
10250
10260
10272
10284
10294
10306
10318
10329
10339
10351
10362
10372
10384
10395
10405
10417
10429
10440
10450
10462
10473
10483
10495
10507
10518
10528
10540
10552
10562
10574
10586
10597
10607
10619
10631
10642
10652
10664
10676
10687
10697
10709
10721
10731
10743
10755
10767
10778
10788
10800
10812
10823
10833
10845
10857
10868
10880
10891
10901
10913
10925
10936
10946
10958
10970
10981
10991
11003
11015
11026
11036
11048
11059
11069
11081
11093
11103
11115
11127
11137
11149
11161
11172
11182
11194
11205
11215
11227
11239
11249
11261
11273
11284
11295
11307
11317
11329
11341
11353
11363
11375
11387
11398
11408
11420
11432
11443
11454
11466
11478
11491
11503
11516
11527
11539
11551
11564
11576
11589
11601
11613
11625
11638
11650
11662
11674
11687
11699
11712
11724
11737
11749
11762
11773
11785
11798
11810
11822
11834
11846
11859
11871
11883
11896
11909
11921
11935
11947
11960
11972
11984
11998
12010
12022
12035
12047
12059
12073
12085
12098
12111
12123
12136
12149
12162
12174
12186
12198
12211
12223
12234
12247
12257
12269
12281
12293
12305
12316
12326
12338
12350
12361
12371
12383
12395
12407
12417
12429
12441
12453
12464
12476
12486
12498
12510
12522
12532
12544
12556
12568
12579
12589
12601
12613
12625
12636
12646
12658
12670
12681
12691
12703
12714
12724
12736
12748
12759
12769
12781
12793
12804
12814
12826
12838
12849
12860
12872
12884
12895
12906
12918
12930
12940
12952
12964
12976
12987
12998
13010
13022
13033
13044
13056
13068
13079
13089
13101
13113
13124
13134
13146
13158
13169
13179
13191
13203
13214
13224
13236
13248
13259
13271
13283
13293
13305
13317
13329
13341
13351
13363
13375
13386
13396
13408
13420
13431
13441
13453
13465
13477
13488
13498
13510
13522
13534
13545
13555
13567
13579
13589
13601
13613
13624
13634
13646
13657
13667
13679
13690
13700
13712
13724
13736
13748
13758
13772
13784
13796
13809
13821
13833
13845
13857
13869
13882
13893
13905
13917
13929
13941
13953
13965
13977
13989
14001
14013
14026
14038
14050
14062
14074
14086
14098
14110
14122
14135
14147
14159
14171
14186
14198
14210
14222
14234
14250
14262
14274
14286
14298
14310
14323
14335
14347
14359
14371
14383
14395
14407
14419
14431
14444
14457
14469
14481
14494
14505
14517
14529
14541
14553
14566
14578
14589
14600
14611
14623
14635
14647
14659
14671
14683
14695
14707
14719
14732
14744
14756
14768
14780
14794
14806
14818
14830
14842
14855
14869
14881
14893
14905
14918
14929
14941
14953
14965
14977
14990
15002
15014
15026
15038
15050
15062
15074
15088
15100
15112
15126
15138
15150
15163
15175
15187
15199
15211
15224
15236
15249
15261
15273
15286
15298
15310
15322
15334
15348
15360
15374
15386
15400
15412
15424
15437
15448
15460
15472
15485
15497
15511
15523
15535
15547
15559
15571
15583
15595
15608
15620
15632
15644
15658
15670
15682
15694
15706
15719
15730
15742
15754
15767
15778
15790
15802
15815
15827
15839
15852
15864
15876
15888
15900
15912
15924
15936
15948
15961
15973
15985
15997
16010
16021
16032
16044
16056
16069
16081
16093
16106
16118
16130
16142
16154
16166
16178
16191
16203
16215
16227
16239
16253
16265
16278
16290
16302
16314
16326
16338
16350
16362
16375
16387
16398
16410
16421
16431
16443
16454
16464
16476
16487
16497
16509
16521
16531
16543
16555
16565
16577
16589
16599
16611
16623
16634
16644
16656
16668
16680
16691
16702
16713
16725
16736
16746
16758
16770
16781
16791
16803
16814
16824
16836
16847
16858
16868
16880
16892
16903
16914
16926
16937
16947
16959
16971
16981
16993
17005
17017
17027
17039
17051
17062
17072
17084
17095
17105
17117
17128
17138
17152
17164
17174
17186
17198
17208
17220
17232
17243
17253
17265
17277
17288
17300
17312
17325
17336
17347
17359
17371
17384
17396
17409
17421
17433
17445
17459
17471
17484
17494
17506
17518
17530
17541
17552
17562
17574
17586
17596
17608
17620
17632
17643
17654
17666
17677
17687
17699
17711
17722
17732
17744
17756
17767
17777
17789
17801
17812
17822
17834
17846
17857
17868
17880
17891
17901
17913
17925
17935
17947
17959
17970
17980
17992
18004
18015
18025
18037
18049
18059
18071
18083
18093
18105
18117
18129
18139
18151
18163
18174
18184
18196
18207
18217
18229
18241
18253
18264
18274
18286
18298
18308
18320
18332
18342
18354
18366
18377
18387
18399
18411
18422
18433
18445
18457
18468
18478
18490
18502
18514
18524
18536
18548
18558
18570
18582
18592
18604
18616
18628
18638
18650
18662
18674
18684
18696
18708
18720
18731
18741
18753
18765
18777
18787
18799
18811
18822
18833
18843
18855
18867
18878
18888
18900
18912
18924
18935
18945
18957
18969
18980
18990
19002
19014
19024
19036
19048
19060
19072
19082
19094
19106
19118
19128
19140
19152
19162
19174
19186
19197
19207
19219
19231
19242
19252
19264
19276
19287
19297
19309
19321
19331
19343
19355
19365
19377
19389
19400
19410
19422
19434
19445
19455
19471
19483
19495
19507
19519
19532
19544
19556
19568
19580
19594
19606
19618
19630
19644
19656
19670
19682
19695
19707
19719
19732
19743
19755
19767
19781
19793
19805
19818
19830
19842
19854
19866
19878
19890
19902
19914
19927
19939
19951
19964
19976
19990
20002
20015
20027
20039
20053
20065
20079
20093
20105
20117
20130
20141
20154
20166
20178
20191
20203
20219
20231
20243
20256
20268
20280
20294
20306
20319
20331
20343
20356
20368
20379
20391
20402
20414
20426
20438
20450
20463
20475
20487
20499
20512
20524
20536
20549
20561
20573
20585
20597
20610
20622
20634
20646
20659
20671
20683
20695
20709
20721
20733
20746
20758
20770
20782
20794
20806
20818
20831
20843
20855
20867
20880
20893
20905
20917
20929
20943
20955
20967
20979
20993
21005
21018
21031
21043
21055
21068
21080
21092
21105
21117
21129
21142
21154
21166
21178
21192
21204
21216
21230
21242
21254
21267
21279
21292
21304
21316
21328
21341
21353
21365
21377
21390
21403
21415
21429
21441
21455
21468
21479
21491
21504
21516
21529
21539
21551
21563
21575
21586
21596
21608
21619
21629
21641
21652
21662
21674
21685
21695
21707
21720
21733
21745
21757
21770
21784
21797
21809
21822
21835
21847
21861
21873
21886
21899
21911
21924
21936
21948
21962
21973
21983
21995
22007
22019
22029
22041
22053
22065
22076
22086
22098
22110
22121
22131
22143
22154
22164
22176
22188
22200
22210
22222
22234
22244
22256
22268
22279
22289
22301
22313
22323
22335
22347
22359
22369
22381
22393
22404
22414
22426
22438
22448
22460
22472
22486
22496
22508
22520
22531
22541
22553
22564
22574
22586
22598
22608
22620
22632
22644
22655
22665
22677
22688
22698
22710
22721
22731
22743
22755
22767
22777
22789
22801
22812
22823
22835
22847
22858
22869
22881
22893
22904
22914
22926
22938
22949
22960
22972
22983
22993
23005
23016
23026
23038
23049
23059
23071
23082
23092
23104
23116
23126
23138
23150
23160
23172
23184
23195
23205
23217
23229
23240
23250
23262
23273
23283
23295
23306
23316
23328
23339
23349
23361
23373
23383
23395
23407
23417
23429
23441
23452
23462
23474
23486
23496
23508
23520
23530
23542
23554
23565
23576
23588
23599
23609
23621
23632
23642
23654
23665
23675
23687
23699
23710
23720
23732
23744
23755
23766
23778
23790
23800
23812
23824
23836
23846
23858
23870
23881
23891
23903
23915
23925
23937
23949
23960
23970
23982
23994
24005
24015
24027
24038
24048
24060
24072
24082
24094
24106
24117
24127
24139
24151
24163
24175
24185
24197
24209
24220
24230
24242
24254
24265
24275
24287
24299
24310
24320
24332
24344
24356
24367
24378
24390
24402
24413
24423
24435
24447
24458
24468
24480
24492
24503
24513
24525
24537
24548
24558
24570
24582
24593
24603
24615
24627
24638
24648
24660
24672
24683
24693
24705
24716
24726
24738
24750
24761
24771
24783
24795
24806
24816
24828
24839
24849
24861
24872
24882
24894
24906
24916
24928
24940
24952
24962
24974
24986
24997
25007
25019
25031
25042
25052
25064
25076
25086
25098
25110
25120
25132
25144
25154
25166
25178
25188
25200
25212
25223
25233
25245
25257
25268
25278
25290
25301
25311
25323
25335
25345
25357
25369
25381
25391
25403
25415
25427
25438
25449
25459
25471
25482
25492
25504
25516
25527
25538
25550
25563
25575
25587
25600
25612
25624
25636
25648
25660
25673
25685
25697
25709
25722
25733
25746
25758
25770
25782
25794
25806
25818
25830
25843
25855
25867
25878
25890
25902
25912
25924
25936
25947
25957
25969
25981
25992
26002
26014
26025
26035
26047
26059
26071
26082
26092
26104
26116
26127
26137
26149
26161
26173
26184
26194
26206
26217
26227
26239
26251
26263
26274
26284
26296
26308
26320
26330
26342
26354
26366
26376
26388
26400
26412
26424
26434
26446
26458
26470
26480
26492
26504
26516
26528
26538
26550
26562
26573
26584
26596
26607
26617
26629
26641
26652
26662
26674
26685
26695
26707
26718
26730
26742
26754
26765
26775
26787
26799
26810
26820
26832
26844
26855
26865
26877
26889
26901
26911
26923
26935
26946
26956
26968
26979
26991
27003
27015
27028
27040
27052
27065
27077
27089
27101
27115
27127
27139
27151
27163
27175
27187
27199
27211
27223
27235
27247
27259
27271
27283
27294
27304
27317
27328
27339
27350
27361
27372
27383
27395
27407
27419
27432
27444
27456
27468
27483
27493
27505
27518
27530
27542
27554
27567
27578
27589
27601
27612
27623
27635
27647
27659
27671
27683
27695
27707
27719
27731
27743
27755
27768
27779
27790
27801
27813
27826
27837
27849
27863
27875
27888
27900
27912
27923
27933
27945
27957
27968
27978
27990
28002
28014
28024
28036
28048
28060
28072
28083
28093
28105
28117
28128
28138
28150
28162
28173
28183
28195
28207
28218
28228
28240
28252
28263
28273
28285
28297
28309
28319
28331
28343
28354
28364
28376
28388
28399
28409
28421
28433
28444
28454
28466
28478
28490
28500
28512
28524
28534
28546
28558
28570
28581
28591
28603
28615
28626
28636
28648
28659
28669
28681
28693
28703
28715
28727
28738
28748
28760
28771
28781
28793
28805
28817
28827
28839
28851
28862
28873
28885
28897
28909
28920
28930
28942
28953
28963
28975
28987
28998
29008
29020
29031
29041
29053
29065
29076
29087
29097
29109
29121
29132
29142
29154
29166
29176
29188
29200
29212
29222
29237
29250
29262
29272
29284
29296
29307
29317
29329
29341
29353
29364
29375
29387
29398
29408
29420
29431
29441
29453
29464
29474
29486
29498
29508
29520
29532
29543
29554
29566
29577
29587
29599
29610
29620
29632
29644
29654
29666
29678
29688
29700
29712
29722
29734
29745
29755
29767
29779
29789
29801
29813
29824
29835
29847
29859
29869
29881
29893
29905
29915
29927
29939
29950
29960
29972
29984
29995
30005
30017
30029
30041
30051
30063
30075
30086
30096
30108
30120
30131
30141
30153
30165
30176
30187
30199
30211
30221
30233
30245
30255
30267
30279
30290
30301
30313
30325
30336
30348
30359
30369
30381
30393
30403
30415
30427
30438
30448
30460
30471
30481
30493
30505
30516
30528
30540
30552
30566
30578
30590
30603
30615
30629
30641
30653
30665
30677
30687
30699
30711
30722
30732
30744
30756
30767
30777
30789
30801
30812
30822
30834
30846
30856
30868
30880
30890
30902
30914
30925
30936
30948
30960
30971
30981
30993
31005
31016
31026
31038
31050
31061
31072
31083
31095
31106
31116
31128
31140
31151
31161
31173
31185
31196
31206
31218
31230
31240
31252
31264
31275
31285
31297
31309
31320
31331
31343
31354
31364
31376
31388
31399
31410
31422
31434
31446
31456
31468
31480
31492
31503
31513
31525
31537
31549
31560
31570
31582
31594
31605
31617
31627
31639
31651
31663
31674
31684
31696
31708
31719
31729
31741
31753
31765
31776
31786
31798
31810
31821
31831
31843
31855
31866
31876
31888
31900
31912
31924
31934
31946
31958
31970
31980
31992
32004
32016
32027
32038
32050
32061
32071
32083
32095
32105
32117
32128
32138
32150
32161
32171
32183
32195
32205
32217
32229
32239
32251
32263
32274
32284
32296
32308
32319
32330
32342
32354
32365
32376
32388
32399
32409
32421
32433
32444
32454
32466
32478
32490
32502
32513
32523
32535
32547
32558
32569
32581
32593
32604
32614
32626
32638
32649
32660
32672
32683
32693
32705
32717
32727
32739
32751
32763
32773
32785
32797
32807
32819
32831
32843
32853
32865
32877
32889
32900
32910
32922
32934
32944
32956
32969
32980
32990
33002
33014
33024
33036
33048
33059
33069
33081
33092
33103
33113
33125
33137
33148
33158
33170
33182
33194
33205
33216
33228
33240
33251
33261
33273
33285
33297
33308
33320
33332
33344
33356
33368
33380
33393
33405
33417
33429
33443
33455
33468
33480
33492
33505
33516
33527
33539
33550
33561
33572
33584
33597
33609
33621
33633
33646
33658
33670
33682
33694
33708
33720
33732
33745
33757
33769
33782
33794
33806
33818
33830
33843
33854
33864
33877
33889
33900
33911
33921
33933
33945
33957
33970
33983
33996
34008
34019
34030
34041
34053
34065
34077
34089
34101
34114
34126
34138
34150
34162
34175
34187
34199
34211
34223
34235
34248
34259
34270
34281
34293
34305
34317
34329
34340
34352
34364
34376
34388
34400
34414
34426
34438
34451
34463
34475
34488
34500
34511
34522
34533
34545
34557
34569
34583
34595
34607
34620
34632
34645
34657
34669
34682
34692
34704
34717
34729
34741
34754
34766
34778
34790
34802
34813
34824
34835
34847
34860
34872
34884
34895
34905
34917
34929
34939
34951
34963
34975
34985
34997
35009
35021
35031
35043
35055
35066
35076
35088
35100
35111
35121
35133
35144
35154
35166
35178
35190
35200
35212
35224
35236
35248
35259
35269
35281
35292
35302
35314
35325
35335
35347
35358
35368
35380
35392
35402
35414
35426
35438
35448
35460
35472
35485
35497
35508
35520
35532
35542
35554
35567
35577
35589
35601
35613
35626
35637
35648
35660
35670
35682
35694
35706
35718
35730
35742
35754
35766
35778
35790
35802
35814
35826
35838
35850
35863
35874
35885
35897
35909
35921
35933
35945
35957
35968
35978
35990
36002
36013
36023
36035
36047
36059
36069
36081
36093
36105
36116
36127
36139
36151
36162
36172
36184
36196
36206
36218
36230
36243
36255
36266
36276
36288
36300
36312
36323
36334
36346
36358
36369
36379
36391
36403
36414
36424
36436
36447
36457
36469
36481
36492
36502
36514
36525
36535
36547
36559
36569
36581
36593
36605
36616
36626
36638
36650
36661
36671
36683
36695
36706
36716
36728
36740
36750
36762
36774
36786
36796
36808
36820
36831
36841
36853
36865
36876
36886
36898
36909
36919
36931
36943
36953
36965
36977
36988
36998
37010
37021
37031
37043
37054
37064
37076
37087
37097
37109
37121
37131
37143
37155
37167
37179
37189
37201
37215
37228
37240
37253
37265
37277
37289
37303
37314
37324
37336
37347
37357
37369
37381
37392
37402
37414
37426
37437
37447
37459
37471
37482
37495
37505
37517
37529
37541
37552
37562
37574
37586
37596
37608
37620
37631
37641
37653
37665
37676
37686
37698
37710
37721
37731
37743
37756
37766
37778
37790
37801
37811
37823
37835
37846
37856
37868
37880
37891
37901
37913
37925
37935
37947
37959
37971
37981
37993
38005
38017
38029
38039
38051
38063
38074
38084
38096
38108
38118
38132
38142
38154
38166
38177
38187
38199
38211
38221
38233
38245
38255
38267
38279
38289
38301
38313
38324
38334
38346
38358
38368
38380
38392
38403
38413
38425
38437
38448
38458
38470
38481
38491
38503
38515
38525
38537
38551
38563
38574
38585
38596
38606
38618
38630
38640
38653
38667
38679
38692
38704
38718
38730
38744
38756
38769
38781
38793
38807
38819
38831
38844
38856
38868
38882
38894
38906
38918
38930
38943
38956
38969
38982
38994
39008
39020
39032
39044
39058
39070
39082
39095
39107
39119
39131
39144
39156
39168
39181
39193
39207
39219
39231
39244
39256
39268
39279
39291
39303
39315
39327
39339
39353
39365
39377
39390
39402
39415
39427
39439
39451
39465
39478
39491
39503
39515
39528
39539
39551
39563
39575
39588
39599
39611
39622
39634
39646
39658
39671
39682
39693
39705
39717
39729
39742
39754
39766
39778
39790
39803
39815
39827
39839
39851
39863
39875
39888
39900
39912
39924
39936
39949
39961
39971
39983
39996
40006
40018
40030
40041
40051
40063
40075
40085
40097
40109
40119
40131
40141
40153
40164
40174
40186
40197
40207
40219
40230
40241
40253
40264
40274
40286
40297
40307
40319
40331
40342
40352
40364
40376
40387
40397
40409
40421
40432
40442
40454
40466
40477
40487
40499
40511
40522
40532
40544
40556
40566
40578
40590
40601
40611
40623
40635
40647
40658
40668
40680
40691
40701
40713
40725
40736
40746
40758
40769
40779
40791
40803
40814
40824
40836
40847
40857
40869
40881
40891
40903
40915
40926
40936
40948
40960
40971
40981
40993
41005
41016
41026
41038
41050
41060
41072
41084
41096
41108
41119
41129
41141
41152
41162
41174
41185
41195
41207
41219
41230
41240
41252
41264
41276
41287
41298
41310
41322
41334
41346
41358
41368
41380
41392
41403
41413
41425
41438
41450
41462
41475
41487
41500
41512
41524
41536
41548
41560
41572
41584
41596
41610
41622
41634
41647
41659
41669
41682
41694
41706
41719
41731
41743
41754
41764
41777
41788
41800
41812
41824
41836
41848
41861
41873
41886
41897
41910
41922
41936
41948
41960
41972
41986
41998
42010
42024
42036
42050
42062
42075
42087
42100
42111
42123
42135
42147
42159
42173
42185
42197
42209
42222
42233
42244
42256
42268
42280
42292
42306
42318
42330
42343
42355
42368
42380
42393
42406
42418
42432
42444
42458
42471
42483
42496
42506
42518
42530
42540
42552
42564
42575
42585
42597
42608
42618
42630
42642
42653
42664
42676
42686
42698
42710
42720
42732
42744
42754
42766
42778
42789
42799
42811
42823
42834
42845
42857
42868
42878
42890
42902
42913
42923
42935
42947
42959
42970
42980
42992
43004
43014
43026
43038
43049
43059
43071
43082
43092
43104
43116
43126
43138
43150
43162
43173
43183
43195
43207
43217
43229
43241
43252
43262
43274
43285
43295
43307
43319
43330
43341
43353
43365
43375
43387
43399
43411
43421
43433
43445
43456
43468
43480
43492
43504
43517
43529
43541
43553
43565
43577
43589
43602
43614
43626
43638
43651
43663
43675
43687
43699
43710
43721
43732
43743
43756
43767
43779
43791
43805
43817
43829
43841
43854
43865
43876
43887
43899
43911
43923
43935
43947
43959
43971
43983
43996
44008
44020
44032
44044
44056
44067
44077
44089
44101
44112
44122
44134
44145
44155
44167
44178
44188
44200
44212
44223
44234
44245
44257
44268
44278
44290
44301
44311
44323
44335
44345
44357
44369
44381
44392
44402
44414
44426
44437
44447
44459
44471
44483
44494
44504
44516
44528
44540
44552
44562
44574
44586
44598
44608
44620
44632
44644
44655
44666
44678
44690
44701
44712
44724
44736
44747
44758
44770
44782
44793
44803
44815
44827
44838
44848
44860
44872
44883
44893
44905
44917
44928
44938
44950
44962
44973
44984
44996
45008
45019
45029
45041
45053
45065
45077
45087
45099
45111
45122
45132
45144
45156
45167
45177
45189
45201
45213
45223
45235
45247
45259
45270
45281
45293
45305
45316
45326
45338
45350
45361
45371
45383
45395
45406
45416
45428
45440
45451
45461
45473
45485
45496
45506
45518
45530
45541
45551
45563
45575
45587
45598
45608
45620
45632
45643
45653
45665
45677
45688
45698
45710
45722
45733
45743
45755
45767
45778
45790
45801
45812
45824
45836
45847
45857
45869
45881
45892
45902
45914
45926
45937
45947
45959
45971
45982
45992
46004
46016
46027
46037
46049
46061
46073
46084
46095
46107
46119
46130
46140
46152
46164
46175
46185
46197
46209
46220
46230
46242
46254
46265
46275
46287
46299
46310
46320
46332
46344
46356
46368
46378
46390
46402
46414
46424
46436
46448
46460
46471
46481
46493
46505
46516
46526
46538
46550
46561
46571
46583
46595
46606
46616
46628
46640
46652
46663
46673
46685
46697
46709
46720
46730
46742
46754
46765
46775
46787
46799
46810
46820
46832
46844
46855
46865
46877
46888
46898
46910
46922
46932
46944
46956
46967
46977
46989
47001
47012
47022
47034
47046
47057
47067
47079
47091
47102
47112
47124
47136
47148
47158
47170
47182
47193
47203
47215
47227
47237
47249
47261
47272
47282
47294
47306
47317
47328
47340
47351
47361
47373
47385
47395
47407
47419
47431
47441
47453
47465
47477
47488
47505
47516
47527
47539
47550
47560
47572
47583
47593
47605
47617
47629
47640
47651
47661
47673
47685
47697
47708
47718
47730
47742
47752
47764
47776
47787
47797
47809
47820
47830
47842
47854
47864
47876
47888
47900
47911
47923
47935
47947
47959
47971
47983
47995
48008
48020
48032
48045
48057
48069
48080
48090
48102
48114
48125
48136
48147
48159
48170
48180
48192
48203
48213
48225
48237
48247
48259
48271
48282
48292
48304
48316
48328
48339
48349
48361
48373
48384
48394
48406
48418
48428
48440
48452
48463
48473
48485
48497
48508
48518
48530
48541
48551
48563
48574
48584
48596
48608
48619
48630
48642
48653
48664
48676
48688
48698
48710
48722
48733
48743
48755
48767
48778
48788
48800
48812
48822
48834
48846
48856
48868
48880
48890
48902
48914
48926
48936
48948
48960
48971
48981
48993
49005
49017
49028
49038
49050
49062
49073
49083
49095
49106
49116
49128
49139
49149
49161
49173
49183
49195
49207
49219
49231
49242
49254
49266
49278
49291
49303
49315
49328
49340
49352
49366
49378
49391
49403
49415
49428
49440
49453
49465
49477
49489
49502
49514
49526
49538
49550
49563
49573
49587
49599
49612
49622
49636
49648
49661
49672
49683
49694
49705
49716
49728
49740
49752
49764
49777
49788
49799
49810
49820
49833
49845
49857
49869
49881
49893
49905
49918
49929
49942
49954
49966
49978
49990
50002
50014
50026
50040
50052
50064
50078
50090
50103
50115
50127
50140
50152
50164
50176
50189
50200
50213
50225
50237
50249
50263
50275
50287
50299
50311
50324
50335
50346
50358
50370
50382
50394
50406
50418
50430
50442
50454
50466
50478
50490
50502
50514
50526
50540
50552
50564
50577
50589
50601
50614
50626
50638
50651
50663
50675
50687
50699
50711
50723
50735
50748
50759
50771
50783
50795
50807
50819
50831
50843
50855
50869
50881
50894
50905
50917
50929
50941
50954
50965
50977
50990
51003
51015
51027
51042
51052
51064
51076
51088
51099
51109
51121
51133
51144
51154
51166
51178
51190
51202
51213
51224
51236
51248
51259
51269
51281
51293
51304
51314
51326
51338
51350
51360
51372
51384
51396
51408
51420
51433
51445
51457
51469
51481
51493
51506
51518
51530
51542
51554
51566
51578
51590
51602
51614
51626
51637
51647
51659
51671
51682
51692
51704
51716
51727
51737
51749
51761
51772
51782
51794
51806
51816
51828
51840
51851
51861
51873
51885
51896
51906
51918
51930
51940
51952
51964
51974
51986
51998
52009
52020
52032
52044
52055
52065
52077
52089
52101
52111
52123
52135
52145
52157
52169
52180
52190
52202
52214
52226
52236
52248
52260
52272
52282
52294
52306
52316
52328
52340
52351
52362
52374
52385
52395
52407
52419
52429
52441
52453
52464
52474
52486
52498
52510
52522
52534
52544
52556
52568
52579
52591
52601
52613
52625
52636
52646
52658
52670
52681
52691
52703
52715
52726
52736
52748
52760
52770
52782
52794
52805
52815
52827
52839
52850
52860
52872
52884
52895
52905
52917
52929
52943
52955
52968
52979
52989
53001
53013
53024
53034
53046
53058
53069
53079
53091
53103
53114
53124
53136
53148
53159
53170
53180
53192
53204
53216
53227
53239
53253
53265
53278
53290
53302
53315
53327
53339
53351
53363
53375
53387
53399
53413
53425
53437
53450
53462
53474
53486
53497
53509
53520
53530
53542
53553
53563
53575
53587
53597
53609
53621
53632
53642
53654
53666
53676
53688
53700
53712
53722
53734
53746
53757
53768
53780
53791
53801
53813
53825
53836
53846
53858
53870
53880
53892
53904
53915
53925
53937
53949
53959
53971
53983
53994
54004
54016
54027
54037
54049
54060
54070
54082
54094
54105
54116
54128
54140
54150
54162
54175
54189
54201
54213
54225
54237
54250
54262
54274
54287
54299
54311
54323
54335
54348
54360
54372
54385
54397
54409
54421
54433
54445
54457
54470
54482
54496
54508
54520
54533
54545
54558
54569
54581
54593
54605
54617
54629
54641
54654
54665
54676
54687
54697
54710
54721
54733
54745
54757
54770
54781
54792
54804
54816
54828
54841
54852
54863
54874
54885
54896
54906
54918
54930
54942
54954
54966
54978
54989
55000
55010
55022
55034
55046
55057
55068
55081
55092
55102
55114
55126
55138
55150
55162
55173
55183
55195
55207
55218
55229
55241
55252
55262
55274
55285
55295
55307
55318
55328
55340
55351
55361
55373
55384
55394
55406
55417
55427
55439
55451
55463
55475
55486
55496
55508
55520
55531
55541
55553
55564
55574
55586
55597
55607
55619
55631
55641
55653
55665
55677
55688
55699
55711
55723
55733
55745
55757
55769
55780
55790
55802
55814
55825
55835
55847
55859
55870
55880
55892
55904
55914
55926
55938
55949
55959
55971
55983
55995
56005
56017
56029
56040
56050
56063
56073
56085
56097
56108
56118
56130
56142
56153
56164
56175
56187
56199
56210
56220
56232
56244
56255
56265
56277
56289
56300
56310
56322
56334
56345
56355
56367
56379
56390
56400
56412
56424
56435
56445
56457
56469
56480
56490
56502
56514
56525
56535
56547
56559
56570
56580
56592
56604
56616
56626
56638
56650
56660
56672
56684
56694
56706
56718
56728
56740
56752
56762
56774
56786
56798
56808
56820
56832
56842
56854
56866
56876
56888
56900
56911
56921
56933
56944
56954
56966
56978
56990
57000
57012
57024
57035
57045
57057
57069
57079
57091
57103
57114
57124
57136
57147
57157
57169
57181
57192
57202
57214
57226
57237
57248
57259
57271
57283
57294
57304
57316
57328
57339
57349
57361
57373
57384
57394
57406
57417
57427
57439
57451
57461
57473
57485
57496
57506
57518
57530
57542
57552
57564
57576
57587
57597
57609
57621
57632
57642
57654
57665
57675
57687
57699
57709
57721
57733
57744
57758
57771
57783
57795
57807
57819
57831
57844
57855
57866
57878
57890
57902
57914
57926
57938
57949
57959
57971
57982
57992
58004
58015
58025
58037
58049
58060
58070
58082
58094
58105
58115
58127
58138
58148
58160
58172
58182
58194
58206
58217
58227
58239
58250
58260
58272
58283
58293
58305
58316
58326
58338
58350
58360
58372
58384
58395
58407
58419
58430
58440
58452
58464
58475
58485
58497
58509
58519
58531
58543
58554
58565
58577
58589
58600
58610
58622
58633
58643
58655
58667
58678
58688
58700
58712
58722
58734
58746
58758
58768
58780
58792
58803
58813
58825
58837
58847
58859
58871
58882
58892
58904
58916
58927
58937
58949
58961
58973
58984
58994
59006
59018
59029
59039
59051
59063
59075
59086
59096
59108
59120
59130
59142
59154
59165
59175
59187
59198
59208
59220
59232
59242
59254
59266
59276
59288
59300
59310
59322
59334
59346
59356
59368
59380
59390
59402
59414
59425
59435
59447
59459
59470
59480
59492
59503
59513
59525
59537
59548
59558
59570
59581
59591
59603
59615
59626
59636
59648
59660
59671
59681
59693
59705
59716
59728
59740
59752
59764
59777
59789
59801
59813
59825
59837
59849
59861
59873
59883
59895
59907
59918
59928
59940
59951
59961
59973
59984
59994
60006
60018
60028
60040
60052
60062
60077
60087
60099
60111
60121
60133
60145
60155
60167
60179
60191
60202
60212
60224
60235
60245
60257
60269
60280
60290
60302
60313
60323
60335
60347
60357
60369
60381
60392
60402
60414
60426
60436
60448
60460
60472
60483
60494
60506
60518
60528
60540
60552
60564
60575
60585
60597
60609
60620
60631
60641
60653
60665
60677
60688
60699
60711
60723
60734
60745
60757
60769
60780
60790
60802
60814
60824
60836
60848
60860
60870
60882
60894
60906
60916
60928
60940
60952
60963
60973
60985
60997
61008
61018
61030
61042
61053
61063
61075
61087
61099
61111
61122
61132
61144
61156
61167
61177
61189
61201
61212
61222
61234
61246
61257
61267
61279
61291
61302
61312
61324
61337
61348
61360
61372
61382
61394
61406
61417
61428
61440
61451
61461
61473
61485
61498
61510
61522
61533
61545
61557
61570
61581
61593
61605
61617
61629
61641
61653
61665
61677
61689
61701
61713
61725
61737
61749
61761
61773
61785
61797
61809
61821
61833
61844
61855
61865
61877
61889
61901
61913
61925
61938
61949
61961
61971
61983
61995
62006
62016
62028
62040
62051
62061
62073
62085
62095
62107
62119
62129
62141
62153
62164
62174
62186
62198
62209
62220
62231
62243
62254
62264
62276
62288
62299
62310
62322
62333
62344
62354
62366
62378
62388
62400
62412
62422
62434
62446
62456
62468
62480
62491
62501
62513
62525
62537
62548
62558
62570
62581
62591
62603
62615
62626
62636
62648
62661
62673
62683
62695
62707
62718
62728
62740
62752
62762
62774
62786
62798
62808
62820
62832
62844
62855
62865
62877
62889
62901
62912
62922
62934
62946
62957
62968
62979
62991
63002
63013
63023
63035
63047
63059
63071
63083
63095
63107
63119
63131
63143
63154
63165
63176
63187
63198
63208
63222
63234
63246
63258
63270
63282
63294
63306
63318
63330
63342
63354
63366
63378
63390
63402
63414
63426
63438
63450
63462
63474
63486
63496
63508
63520
63532
63543
63554
63566
63578
63589
63599
63611
63623
63634
63644
63657
63667
63679
63691
63702
63712
63724
63736
63747
63757
63769
63781
63792
63802
63814
63825
63835
63847
63859
63871
63881
63893
63905
63915
63927
63939
63951
63961
63973
63985
63997
64007
64019
64031
64042
64052
64064
64076
64086
64099
64111
64123
64135
64147
64159
64171
64183
64195
64207
64219
64232
64243
64254
64265
64276
64287
64299
64311
64322
64332
64344
64356
64367
64377
64389
64401
64412
64422
64434
64446
64457
64468
64478
64490
64501
64511
64523
64535
64546
64556
64568
64579
64589
64601
64612
64622
64634
64646
64657
64667
64679
64691
64702
64712
64724
64736
64748
64758
64770
64782
64793
64803
64815
64827
64838
64848
64860
64872
64882
64894
64906
64918
64928
64940
64952
64963
64973
64985
64996
65006
65018
65030
65040
65052
65064
65075
65085
65097
65109
65120
65130
65142
65154
65164
65176
65188
65200
65211
65221
65233
65244
65254
65266
65278
65289
65299
65311
65323
65334
65344
65356
65368
65379
65389
65401
65412
65422
65434
65446
65456
65468
65480
65491
65501
65513
65525
65535
65547
65559
65569
65581
65593
65603
65615
65627
65637
65649
65661
65671
65683
65695
65705
65717
65729
65739
65751
65763
65774
65785
65797
65809
65820
65831
65843
65854
65864
65876
65887
65897
65909
65921
65932
65942
65954
65966
65977
65987
65999
66010
66020
66032
66044
66055
66066
66078
66089
66099
66111
66122
66132
66144
66156
66167
66177
66189
66201
66212
66222
66234
66245
66255
66267
66279
66290
66300
66312
66324
66335
66345
66357
66369
66381
66392
66402
66414
66425
66435
66447
66458
66468
66480
66492
66503
66513
66525
66537
66548
66558
66570
66582
66594
66604
66616
66628
66640
66651
66661
66673
66685
66696
66706
66718
66730
66741
66751
66763
66775
66786
66796
66808
66820
66832
66842
66854
66866
66878
66888
66900
66912
66924
66935
66946
66958
66969
66979
66991
67003
67015
67025
67037
67049
67061
67073
67084
67094
67106
67118
67129
67139
67151
67163
67175
67185
67197
67209
67221
67232
67242
67254
67266
67278
67288
67300
67312
67324
67335
67345
67357
67369
67380
67390
67402
67414
67426
67438
67449
67459
67471
67483
67495
67506
67517
67529
67541
67553
67565
67576
67586
67598
67610
67621
67631
67643
67655
67666
67676
67688
67700
67711
67721
67733
67745
67757
67768
67779
67791
67803
67814
67825
67837
67849
67860
67870
67882
67894
67905
67915
67927
67939
67950
67960
67972
67984
67995
68005
68017
68029
68040
68050
68062
68074
68085
68095
68107
68119
68131
68142
68153
68165
68177
68188
68198
68210
68222
68233
68244
68256
68268
68279
68289
68301
68313
68324
68334
68346
68358
68370
68381
68391
68403
68415
68427
68437
68449
68461
68473
68484
68494
68506
68518
68529
68540
68552
68564
68575
68585
68597
68609
68620
68630
68642
68654
68665
68675
68688
68698
68710
68722
68733
68743
68755
68767
68778
68788
68800
68812
68823
68833
68845
68857
68869
68880
68891
68903
68915
68925
68937
68949
68961
68972
68982
68994
69006
69017
69027
69039
69051
69062
69072
69084
69096
69108
69118
69130
69142
69154
69164
69176
69188
69200
69211
69222
69234
69246
69256
69268
69280
69291
69301
69313
69325
69335
69347
69359
69370
69380
69392
69404
69416
69426
69438
69450
69462
69472
69484
69496
69508
69519
69529
69541
69553
69564
69574
69586
69598
69609
69619
69631
69643
69655
69666
69676
69688
69700
69711
69721
69733
69745
69757
69768
69778
69790
69802
69812
69824
69836
69847
69857
69869
69881
69891
69903
69915
69926
69936
69948
69960
69971
69981
69993
70004
70014
70026
70037
70047
70059
70071
70082
70092
70104
70115
70125
70137
70149
70159
70171
70183
70194
70204
70216
70228
70238
70250
70262
70272
70284
70296
70307
70317
70329
70341
70351
70363
70375
70386
70396
70408
70420
70430
70442
70454
70465
70475
70487
70499
70509
70521
70533
70544
70555
70567
70578
70589
70601
70612
70622
70634
70645
70655
70667
70679
70689
70701
70713
70724
70734
70746
70757
70768
70780
70791
70801
70813
70824
70834
70846
70857
70867
70879
70891
70901
70913
70925
70937
70948
70958
70970
70981
70991
71003
71015
71025
71037
71049
71060
71070
71082
71093
71103
71115
71126
71136
71148
71160
71171
71181
71193
71205
71216
71226
71238
71249
71259
71271
71283
71294
71304
71316
71328
71339
71349
71361
71372
71382
71394
71404
71416
71428
71438
71450
71462
71472
71484
71496
71506
71518
71530
71541
71551
71563
71574
71584
71596
71607
71617
71629
71641
71652
71662
71674
71686
71698
71708
71720
71732
71744
71755
71765
71777
71789
71800
71810
71822
71834
71845
71855
71867
71879
71890
71900
71912
71924
71935
71945
71957
71969
71980
71990
72002
72014
72025
72035
72047
72059
72070
72080
72092
72104
72114
72126
72138
72150
72162
72173
72184
72194
72206
72218
72230
72241
72251
72263
72275
72287
72297
72309
72321
72333
72344
72354
72366
72378
72390
72401
72412
72424
72436
72448
72460
72471
72481
72493
72505
72515
72527
72539
72551
72562
72572
72584
72596
72607
72617
72629
72640
72650
72662
72674
72686
72696
72708
72720
72732
72742
72754
72766
72776
72788
72800
72811
72821
72833
72845
72857
72868
72878
72890
72902
72912
72924
72936
72947
72957
72969
72981
72992
73002
73014
73025
73035
73047
73058
73068
73080
73092
73103
73113
73125
73137
73148
73159
73171
73182
73192
73204
73216
73226
73238
73250
73262
73273
73283
73295
73307
73318
73328
73340
73351
73361
73373
73384
73394
73406
73417
73427
73439
73451
73463
73475
73485
73497
73509
73521
73532
73542
73554
73566
73577
73587
73599
73611
73623
73633
73645
73657
73669
73680
73690
73702
73714
73726
73738
73749
73759
73771
73782
73792
73804
73815
73825
73837
73848
73858
73870
73882
73892
73904
73916
73926
73938
73950
73962
73973
73984
73996
74008
74018
74030
74042
74053
74063
74075
74088
74098
74110
74122
74133
74143
74155
74167
74177
74189
74201
74212
74223
74235
74246
74256
74268
74279
74289
74301
74312
74322
74334
74346
74356
74368
74380
74391
74401
74413
74425
74436
74446
74458
74470
74480
74492
74504
74516
74527
74537
74549
74561
74573
74584
74594
74606
74617
74627
74639
74651
74662
74672
74684
74695
74705
74717
74729
74741
74751
74763
74775
74787
74797
74809
74821
74832
74842
74854
74866
74876
74888
74900
74911
74921
74933
74945
74957
74967
74979
74991
75003
75013
75025
75037
75047
75059
75071
75082
75092
75104
75116
75126
75138
75150
75160
75172
75185
75197
75209
75222
75234
75246
75258
75270
75283
75295
75306
75317
75329
75341
75355
75367
75379
75391
75405
75417
75430
75442
75454
75466
75477
75489
75501
75513
75525
75538
75550
75562
75574
75586
75598
75610
75622
75634
75646
75658
75670
75682
75694
75706
75718
75730
75742
75754
75766
75778
75790
75802
75814
75826
75838
75851
75862
75873
75884
75895
75906
75917
75927
75939
75952
75963
75973
75986
75996
76009
76021
76032
76043
76054
76066
76079
76090
76101
76112
76123
76134
76144
76159
76171
76182
76194
76205
76217
76229
76241
76252
76264
76274
76286
76298
76309
76319
76331
76343
76354
76364
76376
76387
76397
76409
76421
76431
76443
76455
76465
76477
76489
76500
76510
76522
76533
76543
76555
76566
76576
76588
76600
76611
76622
76634
76646
76657
76667
76679
76691
76702
76712
76724
76736
76747
76757
76769
76781
76791
76803
76815
76827
76837
76849
76861
76873
76884
76894
76906
76918
76928
76940
76952
76964
76975
76985
76997
77009
77020
77030
77042
77054
77065
77075
77087
77099
77110
77120
77132
77144
77155
77165
77177
77189
77200
77210
77222
77234
77245
77255
77267
77279
77290
77300
77312
77324
77336
77348
77359
77369
77381
77393
77405
77415
77427
77439
77451
77463
77475
77487
77500
77512
77524
77540
77551
77561
77573
77584
77594
77606
77618
77629
77639
77651
77663
77674
77684
77696
77708
77720
77731
77742
77753
77765
77777
77788
77798
77810
77822
77833
77843
77855
77867
77878
77888
77900
77912
77924
77934
77946
77958
77970
77980
77992
78004
78016
78027
78038
78050
78062
78072
78084
78096
78108
78119
78129
78141
78153
78164
78174
78186
78198
78210
78220
78232
78244
78256
78266
78278
78290
78302
78312
78324
78336
78348
78358
78370
78382
78394
78404
78416
78428
78440
78450
78462
78474
78486
78496
78508
78520
78532
78543
78554
78566
78578
78589
78599
78611
78623
78634
78645
78655
78667
78679
78691
78701
78713
78725
78737
78748
78758
78770
78782
78794
78805
78815
78827
78839
78850
78860
78872
78884
78896
78906
78918
78930
78941
78952
78963
78975
78986
78996
79008
79020
79031
79042
79054
79065
79075
79087
79098
79108
79120
79132
79143
79153
79165
79177
79187
79199
79211
79221
79233
79245
79256
79266
79278
79290
79300
79312
79324
79335
79345
79357
79369
79380
79390
79402
79414
79425
79435
79447
79459
79469
79481
79493
79505
79516
79526
79538
79550
79560
79572
79584
79595
79605
79617
79629
79639
79651
79663
79674
79685
79697
79708
79718
79730
79741
79751
79763
79775
79785
79797
79809
79821
79831
79843
79855
79866
79876
79888
79900
79911
79921
79933
79945
79956
79966
79978
79990
80000
80012
80024
80036
80047
80057
80069
80081
80092
80102
80114
80125
80135
80147
80159
80169
80181
80193
80203
80215
80227
80237
80249
80261
80272
80282
80294
80306
80318
80328
80340
80352
80364
80374
80386
80398
80410
80420
80432
80444
80456
80467
80478
80490
80502
80512
80524
80536
80548
80559
80569
80581
80593
80604
80614
80626
80638
80649
80659
80671
80683
80694
80704
80716
80728
80739
80749
80761
80773
80784
80794
80806
80818
80829
80839
80851
80863
80874
80884
80896
80908
80919
80929
80941
80953
80964
80974
80986
80998
81009
81019
81031
81043
81055
81066
81076
81088
81100
81111
81121
81133
81145
81156
81166
81178
81189
81200
81210
81222
81234
81245
81255
81267
81279
81291
81302
81312
81324
81336
81346
81358
81370
81381
81391
81403
81414
81424
81436
81448
81458
81470
81482
81493
81503
81515
81527
81538
81548
81560
81572
81583
81593
81605
81617
81628
81638
81650
81662
81673
81683
81695
81706
81716
81728
81740
81752
81762
81774
81786
81798
81808
81820
81832
81842
81854
81866
81877
81887
81899
81910
81920
81932
81944
81955
81966
81978
81990
82001
82011
82023
82035
82045
82057
82069
82080
82090
82102
82114
82126
82137
82148
82160
82171
82181
82193
82205
82215
82227
82239
82250
82260
82272
82284
82295
82305
82317
82328
82338
82350
82362
82374
82385
82396
82408
82420
82431
82442
82454
82466
82478
82489
82499
82511
82523
82534
82546
82560
82572
82584
82596
82608
82620
82633
82645
82657
82670
82682
82694
82706
82718
82730
82742
82754
82766
82778
82790
82804
82816
82828
82840
82853
82864
82874
82886
82899
82911
82923
82935
82947
82959
82971
82982
82993
83005
83016
83027
83038
83048
83060
83072
83084
83096
83109
83121
83133
83145
83158
83169
83180
83192
83204
83217
83229
83241
83253
83266
83277
83289
83301
83313
83325
83337
83350
83361
83372
83384
83397
83409
83421
83431
83443
83455
83466
83476
83488
83499
83509
83521
83533
83544
83554
83566
83578
83589
83599
83611
83622
83632
83644
83656
83667
83677
83689
83701
83712
83722
83734
83746
83757
83767
83779
83791
83803
83813
83825
83837
83849
83861
83873
83884
83894
83906
83918
83929
83939
83951
83963
83974
83984
83996
84008
84020
84031
84041
84053
84064
84074
84086
84098
84108
84120
84132
84142
84154
84166
84176
84188
84200
84210
84222
84234
84245
84255
84267
84278
84288
84300
84312
84322
84334
84346
84356
84368
84380
84391
84401
84413
84425
84435
84447
84459
84470
84481
84493
84504
84514
84526
84538
84549
84559
84571
84583
84594
84604
84616
84628
84639
84649
84661
84673
84683
84695
84707
84718
84728
84740
84752
84762
84774
84786
84796
84808
84820
84830
84842
84854
84864
84876
84888
84899
84909
84921
84932
84942
84954
84966
84976
84988
85000
85011
85021
85033
85045
85056
85066
85078
85090
85102
85114
85125
85135
85147
85158
85168
85180
85192
85203
85214
85226
85238
85248
85260
85272
85284
85294
85306
85318
85328
85340
85352
85362
85374
85386
85397
85407
85419
85431
85443
85454
85465
85477
85489
85500
85510
85522
85533
85543
85555
85567
85578
85588
85600
85612
85622
85634
85646
85656
85668
85680
85691
85701
85713
85724
85734
85746
85758
85768
85780
85792
85804
85814
85826
85838
85848
85860
85872
85883
85893
85905
85916
85926
85938
85950
85960
85972
85984
85995
86005
86017
86029
86040
86050
86062
86073
86083
86095
86107
86118
86128
86140
86152
86162
86174
86186
86197
86207
86219
86231
86242
86252
86264
86276
86286
86298
86310
86321
86331
86343
86355
86367
86377
86389
86401
86411
86423
86435
86446
86456
86468
86479
86489
86501
86513
86524
86534
86546
86557
86567
86579
86591
86602
86612
86624
86635
86645
86657
86669
86679
86691
86703
86713
86725
86737
86748
86758
86770
86781
86791
86803
86814
86824
86836
86848
86858
86870
86882
86892
86904
86916
86927
86937
86949
86961
86972
86982
86994
87005
87015
87027
87039
87050
87060
87072
87083
87093
87105
87116
87126
87138
87150
87160
87172
87184
87195
87205
87217
87229
87240
87250
87262
87274
87285
87295
87307
87319
87329
87341
87353
87365
87376
87387
87399
87411
87422
87432
87444
87456
87468
87479
87489
87501
87513
87524
87534
87547
87557
87569
87581
87593
87604
87615
87627
87637
87649
87661
87673
87684
87694
87706
87718
87729
87739
87751
87763
87774
87784
87796
87808
87820
87830
87842
87854
87866
87876
87888
87900
87912
87923
87933
87945
87957
87968
87978
87990
88002
88013
88023
88035
88047
88058
88068
88080
88092
88103
88113
88125
88137
88148
88158
88170
88182
88193
88203
88215
88227
88238
88248
88260
88272
88283
88293
88305
88317
88328
88338
88350
88362
88373
88383
88395
88407
88418
88428
88440
88452
88464
88475
88485
88497
88509
88520
88530
88542
88554
88565
88575
88587
88599
88610
88620
88632
88644
88655
88665
88677
88689
88700
88710
88722
88734
88746
88756
88768
88780
88792
88802
88814
88826
88838
88848
88860
88872
88884
88896
88908
88919
88929
88941
88953
88965
88976
88986
88998
89010
89021
89031
89043
89055
89066
89076
89088
89100
89112
89122
89134
89146
89158
89168
89180
89192
89204
89215
89226
89238
89250
89261
89272
89284
89296
89307
89317
89329
89341
89352
89362
89374
89386
89397
89407
89419
89431
89442
89452
89464
89476
89488
89499
89510
89522
89534
89545
89556
89568
89580
89591
89601
89613
89625
89636
89646
89658
89670
89681
89691
89703
89715
89726
89736
89748
89760
89771
89781
89793
89805
89816
89826
89838
89850
89861
89871
89883
89895
89907
89917
89929
89941
89953
89964
89974
89986
89998
90009
90020
90031
90043
90055
90066
90076
90088
90100
90112
90123
90134
90144
90156
90168
90179
90191
90201
90213
90225
90235
90247
90259
90269
90281
90293
90305
90318
90329
90341
90353
90365
90377
90389
90402
90413
90423
90435
90448
90460
90472
90483
90493
90505
90517
90528
90538
90550
90562
90573
90583
90595
90607
90618
90628
90640
90651
90661
90673
90685
90696
90706
90718
90730
90741
90751
90763
90775
90786
90796
90808
90819
90829
90841
90853
90863
90875
90887
90897
90909
90921
90931
90943
90955
90966
90976
90988
90999
91009
91021
91033
91045
91055
91067
91079
91090
91100
91112
91124
91135
91145
91157
91169
91181
91193
91204
91214
91226
91238
91248
91260
91272
91283
91293
91305
91317
91328
91339
91351
91362
91372
91384
91396
91408
91419
91429
91441
91453
91465
91477
91488
91498
91510
91522
91533
91543
91555
91567
91578
91588
91600
91612
91623
91633
91645
91657
91669
91680
91691
91703
91715
91726
91736
91748
91760
91771
91781
91793
91805
91816
91826
91838
91850
91861
91871
91883
91895
91906
91916
91928
91940
91951
91961
91973
91985
91995
92007
92019
92029
92041
92053
92063
92075
92087
92099
92109
92121
92133
92143
92155
92167
92178
92188
92200
92212
92222
92234
92246
92258
92269
92280
92292
92304
92315
92325
92337
92349
92360
92370
92382
92394
92405
92415
92427
92439
92449
92461
92473
92485
92496
92506
92518
92530
92542
92554
92566
92577
92587
92599
92611
92622
92632
92644
92656
92668
92680
92691
92701
92713
92725
92736
92746
92758
92770
92782
92794
92804
92816
92828
92840
92850
92862
92874
92886
92896
92908
92920
92932
92943
92954
92966
92978
92989
92999
93011
93023
93034
93044
93056
93068
93079
93089
93101
93113
93125
93136
93146
93158
93170
93181
93191
93203
93215
93226
93236
93248
93260
93271
93281
93293
93305
93316
93326
93338
93350
93360
93372
93384
93396
93408
93418
93430
93442
93454
93465
93475
93487
93499
93510
93520
93532
93544
93555
93565
93577
93589
93599
93611
93623
93634
93644
93656
93667
93677
93689
93701
93711
93723
93735
93745
93757
93769
93779
93791
93803
93814
93825
93837
93848
93858
93870
93881
93891
93903
93915
93927
93937
93949
93961
93971
93983
93995
94006
94016
94028
94040
94051
94061
94073
94084
94094
94106
94118
94128
94140
94152
94163
94173
94185
94196
94206
94218
94230
94241
94251
94263
94274
94284
94296
94307
94317
94329
94340
94350
94362
94374
94384
94396
94408
94420
94431
94441
94453
94465
94477
94488
94498
94510
94522
94533
94543
94555
94566
94576
94588
94600
94611
94621
94633
94645
94655
94667
94679
94690
94700
94712
94723
94733
94745
94757
94768
94778
94790
94802
94812
94824
94836
94847
94857
94869
94881
94891
94903
94915
94926
94936
94948
94960
94970
94982
94994
95005
95015
95027
95039
95050
95060
95072
95083
95093
95105
95117
95127
95139
95151
95163
95174
95184
95196
95208
95218
95230
95242
95252
95264
95276
95286
95298
95310
95322
95332
95344
95356
95366
95378
95390
95401
95411
95423
95435
95446
95456
95468
95479
95489
95501
95513
95523
95535
95547
95557
95569
95581
95593
95604
95614
95626
95637
95647
95659
95671
95683
95693
95705
95717
95728
95738
95750
95761
95771
95783
95794
95804
95816
95828
95838
95850
95862
95873
95883
95895
95907
95918
95929
95941
95952
95962
95974
95986
95997
96008
96020
96032
96042
96054
96066
96076
96088
96100
96111
96121
96133
96145
96157
96167
96179
96191
96201
96213
96225
96236
96246
96258
96269
96279
96291
96303
96314
96324
96336
96348
96358
96370
96382
96393
96403
96415
96427
96439
96451
96461
96473
96485
96496
96506
96518
96529
96539
96551
96563
96573
96586
96596
96608
96620
96631
96641
96653
96664
96674
96686
96697
96707
96719
96730
96740
96752
96764
96774
96786
96798
96809
96819
96831
96843
96853
96865
96877
96887
96899
96911
96921
96933
96945
96956
96966
96978
96989
96999
97011
97023
97033
97045
97057
97067
97079
97091
97102
97112
97124
97135
97145
97157
97169
97179
97191
97203
97214
97224
97236
97247
97257
97269
97281
97293
97304
97315
97327
97338
97348
97360
97372
97382
97394
97407
97417
97429
97441
97452
97462
97474
97486
97498
97510
97522
97535
97546
97560
97571
97581
97593
97605
97616
97626
97638
97649
97659
97671
97683
97695
97706
97716
97728
97742
97754
97767
97778
97789
97801
97813
97825
97837
97849
97861
97875
97887
97899
97911
97923
97935
97947
97959
97972
97983
97994
98005
98016
98027
98038
98049
98061
98073
98085
98099
98111
98123
98135
98147
98160
98172
98184
98196
98208
98220
98233
98245
98257
98269
98281
98293
98305
98318
98330
98343
98354
98366
98378
98390
98404
98416
98429
98441
98453
98467
98481
98493
98505
98518
98530
98541
98552
98564
98577
98589
98601
98614
98626
98638
98650
98662
98675
98686
98698
98710
98722
98734
98747
98759
98771
98783
98795
98809
98821
98833
98846
98857
98868
98880
98892
98904
98916
98929
98939
98951
98962
98972
98984
98996
99008
99020
99031
99041
99053
99064
99074
99086
99098
99108
99120
99132
99143
99153
99165
99177
99188
99198
99210
99222
99234
99246
99256
99268
99280
99292
99303
99313
99325
99337
99348
99358
99370
99382
99393
99403
99415
99427
99439
99450
99460
99472
99484
99495
99505
99517
99529
99540
99551
99563
99574
99584
99596
99608
99618
99630
99642
99653
99663
99675
99686
99696
99708
99719
99729
99741
99752
99762
99774
99785
99795
99807
99819
99829
99841
99853
99864
99874
99886
99897
99907
99919
99930
99940
99952
99964
99974
99986
99998
100009
100020
100032
100043
100053
100065
100077
100087
100099
100111
100122
100132
100144
100156
100166
100178
100190
100201
100211
100223
100235
100246
100256
100268
100280
100291
100301
100313
100325
100335
100347
100359
100370
100381
100393
100404
100414
100426
100437
100447
100459
100471
100482
100493
100503
100515
100526
100536
100548
100560
100571
100581
100593
100605
100615
100627
100639
100649
100661
100673
100684
100694
100706
100718
100729
100740
100752
100763
100773
100785
100797
100808
100818
100830
100842
100852
100864
100876
100887
100897
100909
100921
100932
100942
100954
100965
100975
100987
100999
101009
101021
101033
101043
101055
101067
101077
101089
101101
101112
101122
101134
101146
101157
101168
101180
101191
101201
101213
101224
101234
101246
101257
101267
101279
101290
101300
101312
101326
101338
101348
101360
101372
101384
101395
101405
101417
101429
101440
101450
101462
101474
101485
101495
101508
101524
101535
101545
101557
101569
101581
101591
101603
101615
101627
101637
101649
101661
101671
101683
101695
101706
101716
101728
101740
101750
101762
101774
101786
101796
101808
101820
101831
101841
101853
101865
101876
101886
101898
101909
101919
101931
101942
101952
101964
101976
101986
101998
102010
102021
102031
102043
102054
102064
102076
102087
102097
102109
102121
102132
102142
102154
102166
102176
102188
102200
102212
102222
102234
102246
102257
102267
102279
102290
102300
102312
102324
102334
102346
102358
102369
102380
102392
102404
102414
102426
102438
102448
102460
102472
102483
102493
102505
102516
102526
102538
102550
102564
102574
102586
102598
102609
102619
102631
102643
102655
102665
102677
102689
102701
102712
102722
102734
102746
102756
102769
102779
102791
102803
102813
102825
102837
102848
102859
102871
102883
102894
102904
102916
102928
102939
102949
102961
102972
102982
102994
103005
103015
103027
103039
103050
103060
103072
103084
103094
103106
103118
103129
103139
103151
103163
103174
103184
103196
103207
103217
103229
103241
103252
103262
103274
103285
103295
103307
103319
103329
103341
103353
103364
103374
103386
103398
103409
103419
103431
103443
103454
103464
103476
103488
103499
103509
103521
103533
103543
103555
103567
103578
103588
103600
103612
103622
103634
103646
103657
103667
103679
103690
103700
103712
103724
103734
103746
103758
103768
103780
103792
103804
103815
103825
103837
103848
103859
103870
103882
103893
103903
103915
103927
103937
103949
103961
103972
103983
103995
104006
104016
104028
104040
104050
104062
104074
104085
104096
104108
104119
104129
104141
104153
104163
104175
104187
104198
104208
104220
104231
104241
104253
104265
104275
104287
104299
104311
104321
104333
104345
104356
104366
104378
104390
104401
104411
104423
104435
104446
104456
104468
104480
104491
104501
104513
104525
104535
104547
104559
104569
104581
104593
104604
104614
104626
104638
104649
104659
104671
104682
104692
104704
104715
104725
104737
104748
104758
104770
104782
104793
104803
104815
104827
104838
104848
104860
104872
104882
104894
104906
104917
104927
104939
104951
104961
104973
104985
104996
105006
105018
105029
105039
105051
105063
105074
105084
105096
105108
105119
105129
105141
105152
105162
105174
105186
105196
105208
105220
105232
105242
105254
105266
105278
105289
105299
105311
105323
105333
105345
105357
105368
105378
105390
105401
105411
105423
105434
105444
105456
105467
105477
105489
105501
105511
105523
105535
105545
105557
105569
105581
105591
105603
105615
105626
105636
105648
105659
105669
105681
105692
105702
105714
105726
105736
105748
105760
105771
105781
105793
105805
105816
105826
105838
105849
105859
105871
105883
105893
105905
105917
105929
105939
105951
105963
105974
105984
105996
106008
106019
106029
106041
106053
106065
106076
106087
106099
106111
106122
106132
106144
106156
106167
106177
106189
106201
106212
106222
106234
106246
106257
106267
106279
106290
106300
106312
106324
106334
106346
106358
106368
106380
106392
106402
106414
106426
106437
106448
106460
106470
106482
106494
106505
106517
106527
106539
106551
106563
106573
106585
106597
106608
106618
106630
106641
106651
106663
106674
106685
106695
106707
106719
106729
106741
106753
106763
106775
106787
106797
106809
106821
106831
106843
106855
106866
106876
106888
106899
106909
106921
106932
106942
106954
106965
106975
106987
106998
107008
107020
107032
107043
107053
107065
107077
107087
107099
107111
107121
107133
107145
107156
107166
107178
107189
107199
107211
107223
107233
107245
107257
107267
107279
107291
107302
107312
107324
107335
107345
107357
107368
107378
107390
107401
107411
107423
107434
107444
107456
107468
107478
107490
107502
107512
107524
107536
107547
107557
107571
107583
107594
107604
107616
107628
107639
107650
107662
107673
107683
107695
107707
107718
107729
107741
107752
107763
107773
107785
107797
107808
107818
107830
107842
107852
107864
107876
107887
107897
107909
107920
107930
107942
107953
107963
107975
107987
107997
108009
108021
108031
108043
108055
108065
108077
108089
108100
108110
108128
108139
108149
108161
108172
108182
108194
108206
108216
108228
108240
108252
108262
108274
108286
108298
108309
108319
108331
108343
108355
108365
108377
108389
108401
108411
108423
108435
108447
108457
108469
108481
108493
108504
108514
108526
108538
108549
108560
108572
108584
108595
108606
108618
108630
108642
108653
108663
108675
108687
108697
108709
108721
108733
108744
108754
108766
108778
108789
108799
108811
108823
108834
108844
108856
108868
108879
108889
108901
108913
108924
108934
108946
108958
108969
108979
108991
109003
109014
109026
109037
109047
109059
109071
109082
109092
109104
109115
109125
109137
109149
109159
109171
109183
109193
109205
109217
109228
109238
109250
109262
109272
109284
109296
109306
109318
109330
109340
109352
109364
109374
109386
109398
109408
109420
109432
109444
109454
109466
109478
109488
109500
109512
109522
109534
109546
109558
109569
109579
109591
109603
109614
109624
109636
109648
109659
109669
109681
109693
109704
109714
109726
109737
109747
109759
109771
109781
109793
109805
109816
109826
109838
109849
109859
109871
109883
109894
109904
109916
109928
109938
109950
109962
109972
109984
109996
110006
110018
110030
110041
110052
110063
110075
110087
110098
110108
110120
110132
110144
110154
110166
110178
110190
110201
110211
110223
110235
110246
110256
110268
110280
110292
110304
110315
110325
110337
110349
110360
110370
110382
110394
110404
110416
110428
110438
110450
110462
110474
110484
110496
110508
110519
110529
110541
110553
110564
110574
110586
110598
110609
110619
110631
110643
110653
110665
110677
110687
110699
110711
110723
110735
110746
110756
110768
110780
110791
110801
110813
110824
110834
110846
110858
110869
110879
110891
110903
110913
110925
110937
110949
110961
110971
110983
110995
111006
111017
111029
111040
111050
111062
111073
111083
111095
111106
111116
111128
111140
111150
111162
111174
111185
111195
111207
111218
111228
111240
111252
111263
111273
111285
111297
111308
111318
111330
111341
111351
111363
111375
111386
111396
111408
111419
111429
111441
111453
111464
111475
111485
111497
111509
111521
111533
111546
111557
111569
111581
111593
111605
111617
111629
111641
111653
111665
111677
111689
111701
111713
111725
111737
111749
111761
111773
111785
111796
111808
111819
111830
111841
111851
111863
111875
111887
111900
111910
111922
111934
111946
111958
111973
111985
111997
112011
112022
112032
112044
112055
112065
112077
112089
112099
112111
112123
112133
112145
112157
112168
112178
112190
112201
112212
112222
112234
112245
112255
112267
112279
112289
112301
112313
112323
112335
112347
112358
112368
112380
112392
112402
112414
112426
112437
112447
112459
112470
112480
112492
112504
112515
112525
112537
112549
112559
112572
112582
112594
112606
112617
112627
112639
112651
112661
112673
112685
112696
112706
112718
112730
112741
112751
112763
112774
112784
112796
112808
112820
112830
112842
112854
112864
112876
112888
112899
112909
112921
112932
112942
112954
112965
112975
112987
112999
113010
113020
113032
113044
113054
113066
113078
113088
113100
113112
113123
113133
113145
113157
113167
113179
113191
113201
113213
113225
113236
113248
113260
113271
113283
113294
113304
113317
113329
113341
113351
113363
113375
113386
113397
113409
113421
113431
113443
113455
113466
113478
113490
113503
113515
113527
113539
113552
113564
113576
113589
113600
113612
113624
113638
113650
113662
113674
113687
113698
113710
113722
113734
113745
113755
113767
113779
113790
113800
113812
113824
113834
113846
113858
113870
113880
113892
113904
113914
113926
113938
113948
113960
113972
113983
113993
114005
114016
114026
114038
114049
114059
114071
114083
114095
114105
114117
114129
114140
114151
114163
114174
114184
114196
114208
114219
114229
114241
114253
114264
114275
114287
114298
114308
114320
114332
114342
114354
114366
114377
114387
114399
114410
114420
114432
114443
114453
114465
114477
114488
114498
114513
114525
114537
114549
114560
114571
114583
114595
114607
114617
114629
114641
114652
114662
114674
114686
114697
114707
114719
114731
114742
114752
