time (ms),latency (ms),consume (ms)
0,12,0
2,10,2
2,9,0
3,8,1
3,6,0
3,5,0
3,3,0
4,2,1
8,5,4
9,4,1
9,2,0
11,2,2
14,3,3
15,2,1
16,2,1
17,1,1
19,2,2
20,1,1
22,2,2
24,2,2
25,1,1
27,2,2
28,1,1
30,2,2
31,1,1
33,2,2
35,2,2
36,1,1
38,2,2
39,1,1
41,2,2
42,1,1
48,6,6
49,5,1
49,4,0
49,2,0
50,1,1
52,2,2
53,1,1
55,2,2
57,2,2
58,1,1
59,1,1
61,1,2
63,2,2
64,1,1
66,2,2
67,1,1
69,2,2
71,2,2
72,2,1
74,2,2
75,1,1
76,1,1
78,1,2
80,2,2
81,1,1
83,2,2
84,1,1
86,1,2
88,2,2
89,1,1
91,2,2
92,1,1
94,1,2
96,2,2
97,1,1
98,1,1
100,2,2
101,1,1
103,2,2
105,2,2
106,1,1
108,2,2
109,1,1
111,2,2
112,1,1
113,1,1
115,2,2
117,2,2
118,1,1
120,2,2
122,2,2
123,2,1
124,1,1
126,1,2
128,2,2
129,1,1
130,1,1
132,2,2
133,1,1
135,2,2
136,1,1
138,2,2
140,2,2
141,1,1
143,2,2
144,1,1
145,1,1
147,1,2
148,1,1
150,1,2
151,1,1
153,2,2
154,1,1
156,2,2
157,1,1
158,1,1
160,1,2
162,2,2
163,1,1
164,1,1
166,1,2
168,2,2
169,1,1
171,2,2
172,1,1
173,1,1
175,1,2
177,2,2
178,1,1
180,1,2
182,2,2
183,1,1
185,2,2
187,2,2
189,2,2
190,1,1
192,1,2
194,2,2
195,1,1
197,2,2
198,1,1
199,1,1
201,1,2
202,1,1
210,7,8
210,6,0
211,5,1
211,4,0
211,2,0
212,2,1
213,1,1
215,2,2
216,1,1
220,4,4
220,2,0
221,2,1
222,1,1
224,2,2
225,1,1
227,2,2
228,1,1
229,1,1
231,1,2
232,1,1
234,2,2
235,1,1
242,7,7
242,5,0
242,2,0
243,1,1
244,1,1
246,2,2
248,1,2
250,1,2
252,1,2
255,2,3
257,2,2
258,1,1
260,1,2
261,1,1
263,2,2
264,1,1
266,2,2
267,1,1
269,1,2
270,1,1
273,2,3
275,2,2
277,2,2
278,1,1
280,2,2
281,1,1
282,1,1
284,1,2
286,2,2
288,2,2
289,1,1
291,2,2
293,2,2
294,1,1
296,1,2
299,2,3
301,2,2
302,1,1
304,2,2
305,1,1
306,1,1
308,2,2
309,1,1
310,1,1
312,2,2
313,1,1
315,2,2
316,1,1
317,1,1
319,2,2
320,1,1
321,1,1
322,1,1
324,1,2
325,1,1
327,2,2
328,1,1
330,2,2
331,1,1
345,14,14
345,13,0
345,11,0
345,10,0
345,9,0
345,7,0
345,6,0
345,4,0
345,3,0
345,2,0
346,1,1
348,2,2
349,1,1
351,2,2
352,2,1
353,1,1
354,1,1
356,2,2
357,1,1
358,1,1
360,1,2
361,1,1
363,2,2
364,1,1
365,1,1
367,2,2
368,1,1
370,2,2
371,1,1
373,2,2
374,1,1
375,1,1
377,2,2
378,1,1
380,2,2
381,1,1
383,2,2
384,1,1
386,2,2
388,2,2
389,2,1
390,1,1
392,2,2
393,1,1
394,1,1
396,2,2
397,1,1
399,2,2
400,2,1
401,1,1
403,2,2
404,1,1
405,1,1
407,2,2
408,1,1
409,1,1
411,2,2
412,1,1
414,2,2
415,1,1
416,1,1
418,2,2
419,1,1
420,1,1
422,2,2
423,1,1
424,1,1
426,2,2
427,1,1
429,2,2
431,2,2
432,2,1
433,1,1
435,2,2
436,1,1
437,1,1
439,2,2
440,1,1
441,1,1
443,1,2
444,1,1
446,2,2
447,1,1
449,2,2
450,1,1
452,2,2
453,2,1
454,1,1
456,2,2
457,1,1
459,2,2
460,1,1
461,1,1
463,2,2
464,1,1
465,1,1
467,2,2
468,1,1
470,2,2
471,1,1
472,1,1
474,2,2
475,1,1
477,2,2
478,1,1
480,2,2
481,1,1
483,1,2
485,2,2
486,1,1
487,1,1
489,2,2
490,1,1
491,1,1
493,2,2
494,1,1
495,1,1
497,2,2
498,1,1
500,2,2
501,1,1
502,1,1
503,1,1
505,1,2
506,1,1
508,2,2
509,1,1
510,1,1
512,2,2
513,1,1
514,1,1
516,1,2
518,2,2
519,2,1
520,1,1
522,2,2
523,1,1
524,1,1
526,1,2
527,1,1
529,2,2
530,1,1
531,1,1
533,2,2
534,1,1
536,2,2
537,1,1
538,1,1
540,2,2
541,1,1
542,1,1
544,2,2
545,1,1
546,1,1
548,1,2
549,1,1
551,2,2
552,1,1
553,1,1
555,1,2
556,1,1
558,2,2
559,1,1
561,2,2
562,1,1
564,2,2
565,1,1
567,2,2
568,1,1
569,1,1
571,1,2
572,1,1
574,2,2
575,1,1
576,1,1
578,2,2
579,1,1
580,1,1
582,2,2
583,1,1
585,2,2
586,1,1
587,1,1
589,2,2
590,1,1
591,1,1
593,2,2
594,1,1
595,1,1
597,2,2
598,2,1
599,1,1
600,1,1
602,2,2
603,1,1
604,1,1
606,2,2
607,1,1
608,1,1
610,2,2
611,1,1
612,1,1
614,2,2
615,1,1
616,1,1
617,1,1
619,1,2
620,1,1
621,1,1
623,1,2
624,1,1
626,2,2
627,1,1
628,1,1
630,2,2
631,1,1
632,1,1
633,1,1
635,2,2
636,1,1
637,1,1
639,2,2
640,1,1
641,1,1
643,2,2
644,1,1
645,1,1
647,2,2
648,1,1
649,1,1
651,2,2
652,2,1
653,1,1
654,1,1
656,2,2
657,1,1
658,1,1
660,2,2
661,1,1
662,1,1
664,2,2
665,1,1
666,1,1
667,1,1
669,1,2
670,1,1
671,1,1
673,2,2
674,1,1
675,1,1
677,2,2
678,1,1
679,1,1
681,2,2
682,1,1
683,1,1
685,2,2
686,1,1
687,1,1
689,2,2
690,2,1
691,1,1
692,1,1
694,2,2
695,1,1
696,1,1
698,2,2
699,1,1
700,1,1
702,2,2
703,1,1
704,1,1
706,2,2
707,1,1
708,1,1
710,2,2
712,2,2
713,2,1
714,1,1
715,1,1
717,2,2
718,1,1
719,1,1
720,1,1
722,2,2
723,1,1
724,1,1
726,2,2
727,1,1
728,1,1
734,6,6
734,4,0
734,3,0
734,1,0
748,3,14
748,1,0
750,1,2
751,1,1
753,2,2
754,1,1
756,2,2
757,1,1
758,1,1
760,2,2
761,1,1
762,1,1
764,2,2
765,1,1
766,1,1
767,1,1
768,1,1
770,1,2
771,1,1
772,1,1
774,2,2
775,1,1
776,1,1
777,1,1
779,1,2
780,1,1
781,1,1
783,2,2
784,1,1
785,1,1
786,1,1
788,2,2
791,3,3
791,2,0
792,1,1
794,1,2
795,1,1
797,2,2
798,1,1
799,1,1
801,2,2
802,1,1
803,1,1
805,2,2
806,1,1
807,1,1
808,1,1
810,1,2
811,1,1
812,1,1
814,1,2
815,1,1
816,1,1
818,2,2
819,1,1
820,1,1
822,2,2
823,1,1
824,1,1
826,2,2
827,1,1
828,1,1
829,1,1
831,1,2
832,1,1
833,1,1
835,1,2
836,1,1
837,1,1
839,1,2
840,1,1
841,1,1
843,1,2
844,1,1
845,1,1
847,1,2
848,1,1
850,2,2
851,1,1
852,1,1
858,5,6
858,4,0
858,3,0
858,1,0
859,1,1
860,1,1
861,1,1
863,1,2
864,1,1
866,1,2
867,1,1
868,1,1
870,1,2
871,1,1
873,2,2
874,1,1
875,1,1
876,1,1
878,1,2
880,2,2
881,2,1
882,1,1
883,1,1
884,1,1
886,1,2
887,1,1
888,1,1
890,1,2
891,1,1
892,1,1
894,1,2
895,1,1
896,1,1
898,1,2
899,1,1
903,1,4
904,1,1
906,1,2
907,1,1
909,1,2
910,1,1
911,1,1
913,1,2
914,1,1
915,1,1
917,1,2
918,1,1
920,2,2
921,1,1
923,2,2
924,1,1
926,2,2
927,2,1
928,1,1
930,2,2
931,1,1
932,1,1
933,1,1
935,1,2
936,1,1
937,1,1
939,1,2
940,1,1
941,1,1
943,1,2
944,1,1
946,2,2
947,1,1
948,1,1
950,1,2
951,1,1
952,1,1
953,0,1
955,1,2
956,1,1
958,1,2
959,1,1
960,1,1
962,1,2
963,1,1
965,2,2
966,1,1
967,1,1
968,1,1
970,1,2
972,2,2
973,1,1
975,2,2
976,1,1
977,1,1
979,2,2
980,1,1
981,1,1
983,2,2
984,1,1
985,1,1
987,1,2
988,1,1
989,1,1
991,1,2
992,1,1
993,1,1
995,1,2
996,1,1
997,1,1
999,1,2
1000,1,1
1002,2,2
1003,1,1
1004,1,1
1007,3,3
1009,2,2
1010,1,1
1011,1,1
1013,2,2
1014,1,1
1015,1,1
1017,2,2
1018,1,1
1019,1,1
1020,1,1
1022,1,2
1023,1,1
1025,2,2
1026,1,1
1027,1,1
1029,1,2
1030,1,1
1031,1,1
1033,2,2
1034,1,1
1035,1,1
1036,1,1
1038,1,2
1039,1,1
1041,2,2
1042,1,1
1043,1,1
1044,1,1
1046,1,2
1047,1,1
1049,2,2
1050,1,1
1051,1,1
1052,1,1
1054,1,2
1055,1,1
1057,2,2
1058,1,1
1059,1,1
1061,2,2
1062,1,1
1063,1,1
1065,2,2
1066,1,1
1067,1,1
1069,2,2
1070,1,1
1071,1,1
1073,2,2
1074,1,1
1075,1,1
1076,1,1
1078,1,2
1079,1,1
1081,2,2
1082,1,1
1083,1,1
1084,1,1
1086,1,2
1087,1,1
1088,1,1
1090,1,2
1091,1,1
1093,2,2
1094,1,1
1095,1,1
1096,1,1
1098,1,2
1099,1,1
1100,1,1
1102,1,2
1103,1,1
1105,2,2
1106,1,1
1107,1,1
1108,1,1
1110,1,2
1111,1,1
1113,2,2
1114,1,1
1115,1,1
1116,1,1
1118,1,2
1119,1,1
1121,2,2
1122,1,1
1123,1,1
1125,2,2
1126,1,1
1127,1,1
1129,2,2
1130,1,1
1131,1,1
1132,1,1
1134,1,2
1135,1,1
1136,1,1
1138,2,2
1139,1,1
1140,1,1
1142,1,2
1143,1,1
1144,1,1
1146,1,2
1147,1,1
1149,2,2
1150,1,1
1151,1,1
1153,2,2
1154,1,1
1155,1,1
1157,2,2
1158,1,1
1159,1,1
1161,2,2
1162,1,1
1163,1,1
1164,1,1
1166,1,2
1167,1,1
1168,1,1
1170,2,2
1171,1,1
1172,1,1
1174,2,2
1175,1,1
1176,1,1
1177,1,1
1179,1,2
1180,1,1
1182,2,2
1183,1,1
1187,1,4
1189,2,2
1190,1,1
1192,2,2
1193,1,1
1194,1,1
1196,2,2
1197,1,1
1199,2,2
1200,1,1
1201,1,1
1203,1,2
1204,1,1
1206,1,2
1207,1,1
1209,2,2
1210,1,1
1211,1,1
1213,1,2
1214,1,1
1216,2,2
1217,1,1
1218,1,1
1220,1,2
1221,1,1
1223,1,2
1224,1,1
1226,2,2
1227,1,1
1228,1,1
1230,1,2
1231,1,1
1233,1,2
1234,1,1
1237,3,3
1238,2,1
1240,3,2
1241,2,1
1243,3,2
1243,2,0
1245,2,2
1246,2,1
1246,1,0
1248,1,2
1249,1,1
1251,2,2
1252,1,1
1253,1,1
1254,1,1
1256,1,2
1257,1,1
1258,1,1
1260,1,2
1261,1,1
1262,1,1
1264,1,2
1266,1,2
1268,1,2
1269,1,1
1271,1,2
1272,1,1
1273,1,1
1275,1,2
1276,1,1
1277,1,1
1279,1,2
1280,1,1
1281,1,1
1283,1,2
1284,1,1
1285,1,1
1287,1,2
1289,1,2
1291,1,2
1293,1,2
1296,2,3
1298,1,2
1300,1,2
1302,1,2
1304,1,2
1306,1,2
1308,1,2
1310,1,2
1312,1,2
1314,1,2
1316,1,2
1318,1,2
1319,1,1
1320,1,1
1321,1,1
1323,1,2
1324,1,1
1325,1,1
1327,2,2
1328,1,1
1329,1,1
1330,1,1
1332,1,2
1333,1,1
1334,1,1
1335,1,1
1337,1,2
1338,1,1
1339,1,1
1340,1,1
1342,1,2
1343,1,1
1344,1,1
1345,1,1
1347,1,2
1348,1,1
1349,1,1
1351,2,2
1352,1,1
1353,1,1
1354,1,1
1355,1,1
1357,1,2
1358,1,1
1359,1,1
1360,1,1
1362,1,2
1363,1,1
1364,1,1
1366,2,2
1367,1,1
1368,1,1
1369,1,1
1371,2,2
1372,1,1
1373,1,1
1374,1,1
1376,1,2
1377,1,1
1378,1,1
1380,2,2
1381,1,1
1382,1,1
1383,1,1
1385,2,2
1386,1,1
1387,1,1
1388,1,1
1390,1,2
1391,1,1
1392,1,1
1394,2,2
1395,1,1
1396,1,1
1398,2,2
1399,1,1
1400,1,1
1402,1,2
1403,1,1
1404,1,1
1406,1,2
1407,1,1
1409,1,2
1410,1,1
1411,1,1
1413,1,2
1414,1,1
1415,1,1
1417,1,2
1418,1,1
1419,1,1
1421,1,2
1422,1,1
1423,1,1
1425,1,2
1426,1,1
1427,1,1
1429,2,2
1431,2,2
1431,1,0
1432,1,1
1434,1,2
1435,1,1
1437,2,2
1438,2,1
1439,1,1
1440,1,1
1441,1,1
1443,1,2
1444,1,1
1446,2,2
1447,1,1
1448,1,1
1451,3,3
1451,1,0
1452,1,1
1453,1,1
1454,1,1
1456,1,2
1457,1,1
1458,1,1
1460,2,2
1461,1,1
1462,1,1
1464,2,2
1465,2,1
1466,1,1
1467,1,1
1468,1,1
1470,1,2
1471,1,1
1472,1,1
1473,1,1
1475,1,2
1476,1,1
1477,1,1
1479,1,2
1480,1,1
1481,1,1
1483,1,2
1484,1,1
1486,1,2
1487,1,1
1489,1,2
1490,1,1
1492,2,2
1493,1,1
1495,2,2
1496,1,1
1497,1,1
1499,2,2
1500,1,1
1501,1,1
1503,1,2
1504,1,1
1506,1,2
1507,1,1
1509,1,2
1510,1,1
1512,2,2
1513,1,1
1514,1,1
1516,1,2
1517,1,1
1519,2,2
1520,1,1
1521,1,1
1523,1,2
1524,1,1
1526,1,2
1527,1,1
1531,4,4
1531,2,0
1531,1,0
1533,1,2
1534,1,1
1536,2,2
1537,1,1
1538,1,1
1540,1,2
1541,1,1
1543,1,2
1544,1,1
1546,2,2
1547,1,1
1549,2,2
1550,1,1
1551,1,1
1553,1,2
1554,1,1
1557,3,3
1557,1,0
1559,2,2
1560,1,1
1561,1,1
1563,1,2
1564,1,1
1566,1,2
1567,1,1
1569,1,2
1570,1,1
1572,1,2
1573,1,1
1574,1,1
1576,1,2
1577,1,1
1579,1,2
1580,1,1
1582,1,2
1583,1,1
1584,1,1
1586,1,2
1587,1,1
1589,1,2
1590,1,1
1592,2,2
1593,1,1
1594,1,1
1596,1,2
1597,1,1
1599,2,2
1600,1,1
1601,1,1
1603,1,2
1604,1,1
1606,1,2
1607,1,1
1609,2,2
1610,1,1
1611,1,1
1613,1,2
1614,1,1
1615,0,1
1617,1,2
1618,1,1
1620,1,2
1621,1,1
1623,1,2
1624,1,1
1625,1,1
1627,1,2
1628,1,1
1630,1,2
1631,1,1
1633,1,2
1634,1,1
1635,1,1
1637,1,2
1638,1,1
1640,1,2
1641,1,1
1643,1,2
1644,1,1
1645,1,1
1647,1,2
1648,1,1
1650,1,2
1651,1,1
1653,1,2
1654,1,1
1656,1,2
1657,1,1
1658,1,1
1660,1,2
1661,1,1
1663,1,2
1664,1,1
1665,0,1
1667,1,2
1668,1,1
1670,1,2
1671,1,1
1673,1,2
1674,1,1
1676,1,2
1677,1,1
1678,1,1
1680,1,2
1681,1,1
1683,1,2
1684,1,1
1685,1,1
1687,1,2
1688,1,1
1690,1,2
1691,1,1
1692,1,1
1694,1,2
1695,1,1
1697,1,2
1698,1,1
1699,1,1
1701,1,2
1702,1,1
1704,2,2
1705,1,1
1706,1,1
1708,1,2
1709,1,1
1711,2,2
1712,1,1
1713,1,1
1715,1,2
1716,1,1
1717,1,1
1719,1,2
1720,1,1
1722,1,2
1723,1,1
1725,1,2
1726,1,1
1727,1,1
1729,1,2
1730,1,1
1731,1,1
1733,1,2
1734,1,1
1735,0,1
1737,1,2
1738,1,1
1740,1,2
1741,1,1
1743,1,2
1744,1,1
1745,1,1
1747,1,2
1748,1,1
1750,1,2
1751,1,1
1752,1,1
1754,1,2
1755,1,1
1756,0,1
1758,1,2
1759,1,1
1761,1,2
1762,1,1
1763,1,1
1765,1,2
1766,1,1
1768,1,2
1769,1,1
1770,1,1
1772,1,2
1773,1,1
1775,1,2
1776,1,1
1777,0,1
1779,1,2
1780,1,1
1782,1,2
1783,1,1
1784,0,1
1786,1,2
1787,1,1
1789,1,2
1790,1,1
1791,1,1
1793,1,2
1794,1,1
1796,1,2
1797,1,1
1798,1,1
1800,1,2
1801,1,1
1803,1,2
1804,1,1
1805,1,1
1807,1,2
1808,1,1
1810,1,2
1811,1,1
1813,1,2
1814,1,1
1815,1,1
1817,1,2
1818,1,1
1819,0,1
1821,1,2
1822,1,1
1824,1,2
1825,1,1
1827,1,2
1828,1,1
1829,1,1
1831,1,2
1832,1,1
1833,0,1
1835,1,2
1836,1,1
1838,1,2
1839,1,1
1840,1,1
1842,1,2
1843,1,1
1845,1,2
1846,1,1
1847,1,1
1849,1,2
1850,1,1
1852,1,2
1853,1,1
1854,1,1
1856,1,2
1857,1,1
1859,1,2
1860,1,1
1861,1,1
1863,1,2
1867,4,4
1867,2,0
1867,1,0
1868,1,1
1870,1,2
1871,1,1
1873,1,2
1874,1,1
1875,1,1
1877,1,2
1878,1,1
1880,1,2
1881,1,1
1882,1,1
1884,1,2
1885,1,1
1887,1,2
1888,1,1
1889,1,1
1891,1,2
1893,2,2
1894,1,1
1895,1,1
1897,2,2
1898,1,1
1899,1,1
1901,1,2
1902,1,1
1903,1,1
1905,1,2
1906,1,1
1908,2,2
1909,1,1
1910,1,1
1912,2,2
1913,1,1
1914,1,1
1916,2,2
1917,1,1
1918,1,1
1920,2,2
1921,1,1
1922,1,1
1924,2,2
1925,1,1
1926,1,1
1927,1,1
1929,1,2
1930,1,1
1931,1,1
1933,1,2
1934,1,1
1936,2,2
1937,1,1
1938,1,1
1940,2,2
1941,1,1
1942,1,1
1943,1,1
1945,1,2
1946,1,1
1948,2,2
1949,1,1
1950,1,1
1951,1,1
1953,1,2
1954,1,1
1956,2,2
1957,1,1
1958,1,1
1959,1,1
1961,1,2
1962,1,1
1963,1,1
1965,1,2
1966,1,1
1967,1,1
1969,1,2
1970,1,1
1974,4,4
1977,5,3
1977,4,0
1977,3,0
1977,1,0
1978,1,1
1979,1,1
1981,1,2
1982,1,1
1983,1,1
1985,1,2
1986,1,1
1987,1,1
1989,2,2
1990,1,1
1991,1,1
1993,2,2
1994,1,1
1995,1,1
1997,2,2
1998,1,1
1999,1,1
2001,2,2
2002,1,1
2003,1,1
2004,1,1
2006,1,2
2007,1,1
2009,2,2
2010,1,1
2011,1,1
2013,2,2
2014,1,1
2016,1,2
2017,1,1
2018,1,1
2020,1,2
2021,1,1
2022,1,1
2024,2,2
2025,1,1
2026,1,1
2028,2,2
2029,1,1
2030,1,1
2031,1,1
2033,2,2
2034,1,1
2035,1,1
2037,2,2
2038,1,1
2039,1,1
2041,2,2
2042,1,1
2043,1,1
2044,1,1
2046,2,2
2047,1,1
2048,1,1
2050,2,2
2051,1,1
2052,1,1
2054,2,2
2055,1,1
2056,1,1
2057,1,1
2059,1,2
2060,1,1
2061,1,1
2063,2,2
2064,1,1
2065,1,1
2067,2,2
2068,1,1
2069,1,1
2070,1,1
2072,2,2
2073,1,1
2075,2,2
2075,1,0
2077,1,2
2078,1,1
2079,1,1
2081,2,2
2082,1,1
2083,1,1
2084,1,1
2086,1,2
2087,1,1
2088,1,1
2090,2,2
2091,1,1
2092,1,1
2093,1,1
2095,1,2
2096,1,1
2097,1,1
2099,1,2
2100,1,1
2102,2,2
2103,1,1
2104,1,1
2105,1,1
2107,1,2
2108,1,1
2109,1,1
2111,1,2
2112,1,1
2113,1,1
2115,1,2
2116,1,1
2117,1,1
2119,1,2
2120,1,1
2122,2,2
2123,1,1
2124,1,1
2125,1,1
2127,1,2
2128,1,1
2129,1,1
2131,1,2
2132,1,1
2133,1,1
2135,1,2
2136,1,1
2138,2,2
2139,1,1
2140,1,1
2142,2,2
2143,1,1
2144,1,1
2145,1,1
2147,1,2
2148,1,1
2150,2,2
2151,1,1
2152,1,1
2154,2,2
2155,1,1
2157,2,2
2158,1,1
2160,1,2
2162,1,2
2164,1,2
2166,1,2
2168,1,2
2170,1,2
2172,1,2
2174,1,2
2176,1,2
2178,1,2
2179,1,1
2180,1,1
2182,1,2
2183,1,1
2185,2,2
2186,1,1
2187,1,1
2189,1,2
2191,1,2
2193,1,2
2194,1,1
2195,1,1
2197,1,2
2198,1,1
2199,1,1
2200,1,1
2202,1,2
2203,1,1
2204,1,1
2206,2,2
2207,1,1
2208,1,1
2209,1,1
2211,1,2
2212,1,1
2213,1,1
2215,1,2
2216,1,1
2217,1,1
2219,1,2
2220,1,1
2221,1,1
2223,2,2
2224,1,1
2225,1,1
2226,1,1
2230,4,4
2231,3,1
2231,2,0
2232,1,1
2234,2,2
2235,1,1
2236,1,1
2237,1,1
2239,1,2
2240,1,1
2241,1,1
2243,1,2
2244,1,1
2245,1,1
2247,1,2
2249,2,2
2250,1,1
2251,1,1
2253,1,2
2254,1,1
2255,1,1
2257,1,2
2258,1,1
2259,1,1
2261,1,2
2262,1,1
2263,1,1
2264,1,1
2266,1,2
2267,1,1
2268,1,1
2269,1,1
2271,1,2
2272,1,1
2274,1,2
2275,1,1
2276,1,1
2278,2,2
2279,1,1
2280,1,1
2282,2,2
2283,1,1
2284,1,1
2285,1,1
2287,1,2
2288,1,1
2289,1,1
2291,1,2
2292,1,1
2294,2,2
2295,1,1
2296,1,1
2299,1,3
2301,1,2
2302,1,1
2303,1,1
2305,1,2
2306,1,1
2307,1,1
2309,2,2
2310,1,1
2311,1,1
2313,2,2
2314,1,1
2315,1,1
2316,1,1
2318,1,2
2319,1,1
2320,1,1
2321,1,1
2323,1,2
2324,1,1
2325,1,1
2327,2,2
2328,1,1
2329,1,1
2331,2,2
2332,1,1
2333,1,1
2334,1,1
2336,2,2
2337,1,1
2338,1,1
2340,2,2
2341,1,1
2342,1,1
2343,1,1
2345,1,2
2346,1,1
2347,1,1
2349,2,2
2350,1,1
2351,1,1
2353,2,2
2354,1,1
2355,1,1
2356,1,1
2358,1,2
2359,1,1
2360,1,1
2362,2,2
2363,1,1
2364,1,1
2366,2,2
2367,1,1
2368,1,1
2370,2,2
2371,1,1
2372,1,1
2373,1,1
2375,1,2
2376,1,1
2377,1,1
2378,1,1
2380,1,2
2381,1,1
2382,1,1
2384,2,2
2385,1,1
2386,1,1
2388,2,2
2389,1,1
2390,1,1
2392,2,2
2393,1,1
2394,1,1
2396,2,2
2397,1,1
2398,1,1
2400,2,2
2401,1,1
2402,1,1
2403,1,1
2405,1,2
2406,1,1
2407,1,1
2408,1,1
2410,1,2
2411,1,1
2412,1,1
2413,1,1
2415,1,2
2416,1,1
2417,1,1
2419,2,2
2420,1,1
2421,1,1
2422,1,1
2424,1,2
2425,1,1
2426,1,1
2427,1,1
2429,1,2
2430,1,1
2431,1,1
2432,1,1
2434,1,2
2435,1,1
2436,1,1
2437,1,1
2439,1,2
2440,1,1
2441,1,1
2443,1,2
2444,1,1
2445,1,1
2446,1,1
2447,0,1
2449,1,2
2451,2,2
2452,2,1
2453,1,1
2454,1,1
2459,4,5
2459,3,0
2459,2,0
2459,1,0
2461,1,2
2466,5,5
2466,4,0
2466,2,0
2466,1,0
2467,1,1
2468,1,1
2470,1,2
2471,1,1
2472,1,1
2474,1,2
2475,1,1
2476,1,1
2478,1,2
2479,1,1
2480,1,1
2481,1,1
2483,1,2
2484,1,1
2486,1,2
2487,1,1
2488,1,1
2490,1,2
2491,1,1
2492,1,1
2493,0,1
2495,1,2
2500,2,5
2501,1,1
2503,2,2
2504,2,1
2505,1,1
2506,1,1
2508,1,2
2509,1,1
2511,2,2
2512,1,1
2513,1,1
2515,2,2
2516,1,1
2517,1,1
2519,2,2
2520,1,1
2521,1,1
2522,1,1
2524,1,2
2525,1,1
2526,1,1
2528,2,2
2529,1,1
2530,1,1
2532,2,2
2533,1,1
2534,1,1
2535,1,1
2537,1,2
2538,1,1
2539,1,1
2541,2,2
2542,1,1
2543,1,1
2545,2,2
2546,1,1
2547,1,1
2548,1,1
2550,1,2
2551,1,1
2552,1,1
2554,1,2
2555,1,1
2556,1,1
2558,1,2
2559,1,1
2561,2,2
2562,1,1
2563,1,1
2564,1,1
2566,1,2
2567,1,1
2568,1,1
2570,1,2
2571,1,1
2572,1,1
2573,1,1
2575,1,2
2576,1,1
2577,1,1
2579,1,2
2580,1,1
2581,1,1
2583,1,2
2584,1,1
2586,1,2
2587,1,1
2588,1,1
2590,1,2
2591,1,1
2593,1,2
2594,1,1
2595,1,1
2597,1,2
2598,1,1
2599,0,1
2601,1,2
2602,1,1
2604,1,2
2605,1,1
2606,1,1
2608,1,2
2609,1,1
2611,1,2
2612,1,1
2613,1,1
2615,1,2
2616,1,1
2617,1,1
2619,1,2
2620,1,1
2622,1,2
2623,1,1
2624,1,1
2626,1,2
2627,1,1
2629,1,2
2630,1,1
2631,1,1
2633,1,2
2634,1,1
2636,2,2
2637,1,1
2638,1,1
2640,1,2
2641,1,1
2643,2,2
2644,1,1
2645,1,1
2647,1,2
2648,1,1
2649,1,1
2651,1,2
2652,1,1
2654,1,2
2655,1,1
2657,2,2
2658,1,1
2659,1,1
2661,1,2
2662,1,1
2664,2,2
2665,1,1
2666,1,1
2668,1,2
2669,1,1
2671,1,2
2672,1,1
2674,1,2
2675,1,1
2676,1,1
2678,1,2
2679,1,1
2680,1,1
2682,1,2
2683,1,1
2685,1,2
2686,1,1
2687,1,1
2689,1,2
2690,1,1
2691,1,1
2693,1,2
2694,1,1
2696,1,2
2697,1,1
2698,1,1
2700,1,2
2701,1,1
2702,1,1
2704,1,2
2705,1,1
2706,1,1
2708,1,2
2709,1,1
2711,1,2
2712,1,1
2713,1,1
2715,1,2
2716,1,1
2718,1,2
2719,1,1
2720,1,1
2722,1,2
2723,1,1
2725,1,2
2726,1,1
2727,1,1
2729,1,2
2730,1,1
2731,1,1
2733,1,2
2734,1,1
2736,1,2
2737,1,1
2738,1,1
2740,1,2
2741,1,1
2743,1,2
2744,1,1
2746,1,2
2747,1,1
2748,1,1
2750,1,2
2751,1,1
2753,1,2
2754,1,1
2756,2,2
2757,1,1
2758,1,1
2760,1,2
2761,1,1
2763,1,2
2764,1,1
2766,1,2
2767,1,1
2768,1,1
2770,1,2
2771,1,1
2773,1,2
2774,1,1
2775,1,1
2777,1,2
2778,1,1
2779,1,1
2781,1,2
2782,1,1
2784,1,2
2785,1,1
2787,2,2
2788,1,1
2789,1,1
2791,1,2
2792,1,1
2794,1,2
2795,1,1
2796,1,1
2798,1,2
2799,1,1
2801,1,2
2802,1,1
2803,1,1
2805,1,2
2806,1,1
2808,1,2
2809,1,1
2810,1,1
2812,1,2
2813,1,1
2815,1,2
2816,1,1
2818,1,2
2819,1,1
2820,1,1
2822,1,2
2823,1,1
2825,1,2
2826,1,1
2827,1,1
2829,1,2
2830,1,1
2831,1,1
2833,1,2
2834,1,1
2835,1,1
2837,1,2
2838,1,1
2839,1,1
2841,1,2
2842,1,1
2844,1,2
2845,1,1
2846,1,1
2848,1,2
2849,1,1
2850,1,1
2852,1,2
2853,1,1
2855,1,2
2856,1,1
2857,1,1
2859,1,2
2860,1,1
2861,1,1
2863,1,2
2864,1,1
2866,1,2
2867,1,1
2868,1,1
2870,1,2
2871,1,1
2873,1,2
2874,1,1
2875,1,1
2877,1,2
2878,1,1
2880,1,2
2881,1,1
2883,1,2
2884,1,1
2885,1,1
2887,1,2
2888,1,1
2890,1,2
2891,1,1
2893,1,2
2894,1,1
2895,1,1
2897,1,2
2898,1,1
2900,1,2
2901,1,1
2902,1,1
2904,1,2
2905,1,1
2907,1,2
2908,1,1
2909,1,1
2911,1,2
2912,1,1
2914,1,2
2915,1,1
2917,2,2
2918,1,1
2919,1,1
2921,1,2
2922,1,1
2923,1,1
2925,1,2
2926,1,1
2928,1,2
2929,1,1
2931,1,2
2932,1,1
2934,2,2
2935,1,1
2936,1,1
2938,1,2
2939,1,1
2940,1,1
2942,1,2
2943,1,1
2945,1,2
2946,1,1
2947,1,1
2949,2,2
2950,1,1
2951,1,1
2953,2,2
2954,1,1
2955,1,1
2956,1,1
2958,1,2
2959,1,1
2961,2,2
2962,1,1
2963,1,1
2964,1,1
2966,1,2
2967,1,1
2969,2,2
2970,1,1
2972,2,2
2975,3,3
2975,2,0
2976,2,1
2977,1,1
2978,1,1
2979,1,1
2981,1,2
2982,1,1
2983,1,1
2985,2,2
2986,1,1
2987,1,1
2988,1,1
2990,1,2
2991,1,1
2993,1,2
2994,1,1
2995,1,1
2997,2,2
2998,1,1
2999,1,1
3001,2,2
3002,1,1
3003,1,1
3004,1,1
3006,1,2
3007,1,1
3008,1,1
3010,1,2
3011,1,1
3012,1,1
3014,1,2
3015,1,1
3016,1,1
3018,1,2
3019,1,1
3020,1,1
3022,1,2
3023,1,1
3024,1,1
3026,1,2
3027,1,1
3028,1,1
3030,1,2
3031,1,1
3032,1,1
3033,0,1
3035,1,2
3036,1,1
3037,1,1
3039,1,2
3040,1,1
3041,1,1
3043,1,2
3044,1,1
3045,1,1
3046,1,1
3048,1,2
3049,1,1
3050,1,1
3051,0,1
3053,1,2
3054,1,1
3055,1,1
3057,1,2
3058,1,1
3059,1,1
3060,1,1
3062,1,2
3063,1,1
3064,1,1
3065,0,1
3067,1,2
3068,1,1
3069,1,1
3071,1,2
3072,1,1
3073,1,1
3075,2,2
3076,1,1
3077,1,1
3078,1,1
3079,0,1
3081,1,2
3082,1,1
3083,1,1
3084,0,1
3086,1,2
3087,1,1
3088,1,1
3090,1,2
3091,1,1
3092,1,1
3093,0,1
3095,1,2
3096,1,1
3097,1,1
3099,1,2
3100,1,1
3101,1,1
3102,0,1
3104,1,2
3105,1,1
3106,1,1
3108,1,2
3109,1,1
3110,1,1
3111,1,1
3113,1,2
3114,1,1
3115,1,1
3117,1,2
3118,1,1
3119,1,1
3120,1,1
3122,1,2
3123,1,1
3124,1,1
3125,0,1
3127,1,2
3128,1,1
3130,1,2
3131,1,1
3132,1,1
3133,1,1
3135,1,2
3136,1,1
3137,1,1
3138,1,1
3140,1,2
3141,1,1
3142,1,1
3144,1,2
3145,1,1
3146,1,1
3148,2,2
3149,1,1
3150,1,1
3151,1,1
3153,1,2
3154,1,1
3155,1,1
3157,2,2
3158,1,1
3159,1,1
3160,1,1
3162,1,2
3164,1,2
3166,1,2
3168,1,2
3170,1,2
3172,1,2
3174,1,2
3176,1,2
3178,1,2
3180,1,2
3182,1,2
3184,1,2
3186,1,2
3188,1,2
3190,1,2
3191,1,1
3193,1,2
3195,1,2
3197,1,2
3199,1,2
3201,1,2
3204,1,3
3206,1,2
3208,1,2
3210,1,2
3212,1,2
3214,1,2
3216,1,2
3218,1,2
3220,1,2
3222,1,2
3224,1,2
3226,1,2
3228,1,2
3230,1,2
3232,1,2
3234,1,2
3235,1,1
3236,1,1
3237,1,1
3239,1,2
3240,1,1
3241,1,1
3243,1,2
3244,1,1
3245,1,1
3247,2,2
3248,1,1
3249,1,1
3250,1,1
3252,1,2
3253,1,1
3254,1,1
3256,1,2
3257,1,1
3258,1,1
3260,1,2
3261,1,1
3262,1,1
3263,1,1
3265,1,2
3266,1,1
3267,1,1
3269,1,2
3270,1,1
3271,1,1
3273,1,2
3274,1,1
3275,1,1
3277,2,2
3278,1,1
3279,1,1
3280,1,1
3282,1,2
3283,1,1
3284,1,1
3286,1,2
3287,1,1
3288,1,1
3290,1,2
3291,1,1
3292,1,1
3294,1,2
3296,1,2
3298,1,2
3300,1,2
3302,1,2
3304,1,2
3306,1,2
3308,1,2
3310,1,2
3311,1,1
3312,1,1
3314,2,2
3315,1,1
3316,1,1
3318,2,2
3319,1,1
3320,1,1
3322,2,2
3323,1,1
3324,1,1
3325,1,1
3327,1,2
3328,1,1
3330,2,2
3331,1,1
3332,1,1
3334,2,2
3335,1,1
3336,1,1
3338,2,2
3339,1,1
3340,1,1
3341,1,1
3343,1,2
3344,1,1
3345,1,1
3346,1,1
3348,1,2
3349,1,1
3350,1,1
3351,0,1
3353,1,2
3357,4,4
3357,3,0
3357,1,0
3359,2,2
3360,1,1
3361,1,1
3362,1,1
3364,1,2
3365,1,1
3366,1,1
3368,1,2
3370,1,2
3372,1,2
3374,1,2
3376,1,2
3378,1,2
3379,1,1
3382,1,3
3383,0,1
3385,1,2
3387,1,2
3389,1,2
3391,1,2
3393,1,2
3395,1,2
3396,1,1
3398,1,2
3399,1,1
3401,2,2
3402,1,1
3403,1,1
3405,2,2
3406,1,1
3407,1,1
3409,1,2
3410,1,1
3411,1,1
3413,1,2
3414,1,1
3416,2,2
3417,1,1
3418,1,1
3420,2,2
3421,1,1
3422,1,1
3424,1,2
3425,1,1
3426,1,1
3428,1,2
3429,1,1
3430,1,1
3432,1,2
3433,1,1
3435,1,2
3436,1,1
3437,1,1
3440,2,3
3440,1,0
3442,1,2
3443,1,1
3444,1,1
3446,1,2
3447,1,1
3448,0,1
3450,1,2
3451,1,1
3453,1,2
3454,1,1
3456,2,2
3457,1,1
3458,1,1
3460,1,2
3461,1,1
3462,1,1
3464,1,2
3465,1,1
3467,1,2
3468,1,1
3469,1,1
3471,1,2
3472,1,1
3474,1,2
3475,1,1
3476,1,1
3478,1,2
3479,1,1
3481,1,2
3482,1,1
3483,1,1
3485,1,2
3486,1,1
3488,2,2
3489,1,1
3490,1,1
3492,1,2
3493,1,1
3494,1,1
3496,1,2
3497,1,1
3498,1,1
3500,1,2
3501,1,1
3503,1,2
3504,1,1
3511,7,7
3511,5,0
3512,5,1
3512,3,0
3512,2,0
3513,2,1
3514,1,1
3515,1,1
3517,1,2
3518,1,1
3519,1,1
3521,1,2
3522,1,1
3524,2,2
3525,1,1
3526,1,1
3528,1,2
3529,1,1
3531,1,2
3532,1,1
3533,1,1
3535,1,2
3536,1,1
3538,2,2
3539,1,1
3540,1,1
3542,1,2
3543,1,1
3545,2,2
3546,1,1
3547,1,1
3549,1,2
3550,1,1
3551,1,1
3553,1,2
3554,1,1
3556,1,2
3557,1,1
3558,1,1
3560,1,2
3561,1,1
3563,2,2
3564,1,1
3565,1,1
3567,1,2
3568,1,1
3570,2,2
3571,1,1
3572,1,1
3574,1,2
3575,1,1
3577,2,2
3578,1,1
3580,2,2
3581,1,1
3582,1,1
3584,2,2
3585,1,1
3586,1,1
3587,1,1
3589,1,2
3590,1,1
3591,1,1
3593,1,2
3594,1,1
3595,1,1
3597,1,2
3598,1,1
3599,1,1
3601,1,2
3602,1,1
3603,1,1
3605,2,2
3606,1,1
3607,1,1
3609,2,2
3610,1,1
3611,1,1
3613,2,2
3614,1,1
3615,1,1
3616,1,1
3618,1,2
3619,1,1
3620,1,1
3622,1,2
3623,1,1
3624,1,1
3626,1,2
3627,1,1
3628,1,1
3630,1,2
3631,1,1
3632,1,1
3634,1,2
3635,1,1
3636,1,1
3638,1,2
3639,1,1
3640,1,1
3642,1,2
3643,1,1
3645,2,2
3646,1,1
3647,1,1
3648,1,1
3650,1,2
3651,1,1
3652,1,1
3654,1,2
3655,1,1
3656,1,1
3658,1,2
3659,1,1
3660,1,1
3662,1,2
3663,1,1
3664,1,1
3665,0,1
3667,1,2
3668,1,1
3670,1,2
3671,1,1
3672,1,1
3673,1,1
3674,0,1
3676,1,2
3677,1,1
3678,1,1
3680,1,2
3681,1,1
3682,1,1
3684,1,2
3686,1,2
3687,1,1
3689,1,2
3690,1,1
3691,1,1
3692,1,1
3694,1,2
3695,1,1
3696,1,1
3698,1,2
3699,1,1
3700,1,1
3701,1,1
3703,1,2
3704,1,1
3705,1,1
3707,1,2
3708,1,1
3709,1,1
3711,2,2
3712,1,1
3713,1,1
3715,1,2
3716,1,1
3718,2,2
3719,1,1
3720,1,1
3721,1,1
3723,1,2
3724,1,1
3725,1,1
3727,1,2
3728,1,1
3729,1,1
3731,1,2
3732,1,1
3733,1,1
3735,1,2
3736,1,1
3737,1,1
3738,1,1
3740,1,2
3741,1,1
3742,1,1
3746,4,4
3746,2,0
3746,1,0
3747,1,1
3749,1,2
3750,1,1
3751,1,1
3753,1,2
3754,1,1
3755,1,1
3757,2,2
3758,1,1
3759,1,1
3760,1,1
3762,1,2
3763,1,1
3764,1,1
3766,1,2
3767,1,1
3768,1,1
3769,1,1
3771,1,2
3772,1,1
3773,1,1
3775,1,2
3776,1,1
3778,1,2
3779,1,1
3780,0,1
3782,1,2
3784,2,2
3785,1,1
3786,1,1
3788,2,2
3789,1,1
3790,1,1
3792,2,2
3793,1,1
3794,1,1
3795,1,1
3797,1,2
3798,1,1
3799,1,1
3801,1,2
3802,1,1
3803,1,1
3805,1,2
3806,1,1
3808,2,2
3809,1,1
3811,2,2
3813,2,2
3814,1,1
3815,1,1
3817,2,2
3818,1,1
3819,1,1
3820,1,1
3821,1,1
3823,1,2
3824,1,1
3825,1,1
3827,1,2
3828,1,1
3830,1,2
3832,1,2
3835,2,3
3836,1,1
3838,1,2
3842,1,4
3847,1,5
3848,1,1
3850,1,2
3851,1,1
3852,1,1
3854,1,2
3855,1,1
3856,1,1
3857,1,1
3859,1,2
3860,1,1
3861,1,1
3862,1,1
3863,0,1
3865,1,2
3866,1,1
3867,1,1
3869,1,2
3870,1,1
3871,1,1
3872,1,1
3873,0,1
3875,1,2
3876,1,1
3877,1,1
3879,1,2
3880,1,1
3881,1,1
3882,1,1
3883,0,1
3885,1,2
3886,1,1
3887,1,1
3889,1,2
3890,1,1
3891,1,1
3892,1,1
3893,1,1
3895,1,2
3896,1,1
3897,1,1
3898,1,1
3900,1,2
3901,1,1
3902,1,1
3904,1,2
3905,1,1
3906,1,1
3908,1,2
3909,1,1
3910,1,1
3912,1,2
3913,1,1
3914,1,1
3915,1,1
3917,1,2
3918,1,1
3919,1,1
3921,1,2
3922,1,1
3923,1,1
3925,1,2
3926,1,1
3928,1,2
3929,0,1
3931,1,2
3933,1,2
3935,1,2
3937,1,2
3939,1,2
3940,1,1
3942,1,2
3943,1,1
3944,1,1
3946,1,2
3947,1,1
3948,1,1
3950,2,2
3951,1,1
3952,1,1
3953,1,1
3955,1,2
3956,1,1
3958,1,2
3959,1,1
3960,1,1
3961,0,1
3963,1,2
3964,1,1
3966,1,2
3967,1,1
3968,1,1
3970,1,2
3971,1,1
3974,2,3
3976,3,2
3978,4,2
3978,2,0
3978,1,0
3980,2,2
3981,1,1
3983,2,2
3985,2,2
3985,1,0
3986,1,1
3988,1,2
3990,1,2
3992,1,2
3994,1,2
3996,1,2
3998,1,2
3999,1,1
4001,1,2
4003,1,2
4005,1,2
4007,1,2
4009,1,2
4011,1,2
4013,1,2
4015,2,2
4016,1,1
4018,1,2
4020,1,2
4022,1,2
4024,1,2
4026,1,2
4028,1,2
4030,1,2
4032,2,2
4034,1,2
4036,1,2
4037,1,1
4039,1,2
4041,1,2
4043,1,2
4045,1,2
4047,1,2
4048,1,1
4050,1,2
4051,1,1
4052,1,1
4054,1,2
4055,1,1
4056,1,1
4057,1,1
4059,1,2
4060,1,1
4061,1,1
4062,1,1
4064,1,2
4065,1,1
4066,1,1
4068,1,2
4069,1,1
4070,1,1
4071,1,1
4073,1,2
4074,1,1
4075,1,1
4077,1,2
4078,1,1
4079,1,1
4080,1,1
4082,1,2
4083,1,1
4084,1,1
4086,1,2
4087,1,1
4088,1,1
4090,1,2
4091,1,1
4092,1,1
4093,1,1
4095,1,2
4096,1,1
4097,1,1
4099,1,2
4100,1,1
4101,1,1
4103,2,2
4104,1,1
4105,1,1
4106,1,1
4108,1,2
4109,1,1
4110,1,1
4112,1,2
4113,1,1
4114,1,1
4116,1,2
4117,1,1
4118,1,1
4120,2,2
4121,1,1
4122,1,1
4123,1,1
4125,1,2
4126,1,1
4127,1,1
4128,1,1
4130,1,2
4131,1,1
4132,1,1
4134,1,2
4135,1,1
4137,2,2
4138,1,1
4139,1,1
4140,1,1
4143,2,3
4143,1,0
4144,1,1
4146,1,2
4147,1,1
4148,1,1
4150,1,2
4151,1,1
4152,1,1
4154,1,2
4155,1,1
4156,1,1
4158,1,2
4159,1,1
4160,1,1
4161,1,1
4163,1,2
4164,1,1
4165,1,1
4167,1,2
4168,1,1
4169,1,1
4171,1,2
4172,1,1
4173,1,1
4175,1,2
4176,1,1
4177,1,1
4179,2,2
4180,1,1
4181,1,1
4182,1,1
4184,1,2
4185,1,1
4187,2,2
4188,1,1
4189,1,1
4190,1,1
4192,1,2
4193,1,1
4194,1,1
4196,2,2
4197,1,1
4198,1,1
4200,2,2
4201,1,1
4202,1,1
4203,1,1
4205,1,2
4206,1,1
4207,1,1
4209,1,2
4210,1,1
4211,1,1
4213,2,2
4214,1,1
4215,1,1
4216,1,1
4218,1,2
4219,1,1
4220,1,1
4222,1,2
4223,1,1
4224,1,1
4226,1,2
4227,1,1
4228,1,1
4230,2,2
4231,1,1
4232,1,1
4233,1,1
4235,1,2
4236,1,1
4237,1,1
4239,1,2
4240,1,1
4241,1,1
4243,1,2
4244,1,1
4245,1,1
4247,1,2
4248,1,1
4249,1,1
4251,2,2
4252,1,1
4253,1,1
4254,1,1
4256,1,2
4257,1,1
4258,1,1
4260,1,2
4261,1,1
4262,1,1
4264,2,2
4265,1,1
4266,1,1
4268,2,2
4269,1,1
4270,1,1
4271,1,1
4273,1,2
4274,1,1
4275,1,1
4277,1,2
4278,1,1
4279,1,1
4281,2,2
4282,1,1
4283,1,1
4285,2,2
4286,1,1
4287,1,1
4288,1,1
4290,1,2
4291,1,1
4292,1,1
4294,1,2
4295,1,1
4296,1,1
4298,2,2
4299,1,1
4300,1,1
4301,1,1
4303,1,2
4304,1,1
4305,1,1
4307,1,2
4308,1,1
4309,1,1
4311,1,2
4312,1,1
4313,1,1
4315,1,2
4316,1,1
4317,1,1
4318,1,1
4320,1,2
4321,1,1
4323,2,2
4324,1,1
4325,1,1
4326,1,1
4328,1,2
4329,1,1
4330,1,1
4332,1,2
4333,1,1
4334,1,1
4335,1,1
4337,1,2
4338,1,1
4339,1,1
4341,1,2
4342,1,1
4343,1,1
4345,1,2
4346,1,1
4347,1,1
4348,1,1
4350,1,2
4351,1,1
4352,1,1
4354,1,2
4355,1,1
4356,1,1
4358,1,2
4359,1,1
4360,1,1
4362,1,2
4363,1,1
4364,1,1
4366,2,2
4367,1,1
4368,1,1
4370,2,2
4371,1,1
4372,1,1
4373,1,1
4375,1,2
4376,1,1
4377,1,1
4379,1,2
4380,1,1
4381,1,1
4383,1,2
4384,1,1
4385,1,1
4386,1,1
4388,1,2
4389,1,1
4391,2,2
4392,1,1
4393,1,1
4394,1,1
4396,1,2
4397,1,1
4398,1,1
4400,2,2
4401,1,1
4402,1,1
4403,1,1
4405,1,2
4406,1,1
4407,1,1
4409,1,2
4410,1,1
4411,1,1
4413,1,2
4414,1,1
4415,1,1
4417,2,2
4418,1,1
4419,1,1
4420,1,1
4422,1,2
4423,1,1
4424,1,1
4425,0,1
4427,1,2
4428,1,1
4430,1,2
4431,1,1
4432,1,1
4433,0,1
4435,1,2
4436,1,1
4438,1,2
4439,1,1
4441,2,2
4442,2,1
4443,1,1
4444,1,1
4446,2,2
4447,1,1
4448,1,1
4449,1,1
4451,1,2
4452,1,1
4453,1,1
4455,1,2
4456,1,1
4457,1,1
4459,1,2
4460,1,1
4462,2,2
4463,1,1
4464,1,1
4465,1,1
4467,1,2
4468,1,1
4470,2,2
4471,1,1
4472,1,1
4474,2,2
4475,1,1
4476,1,1
4477,1,1
4479,1,2
4480,1,1
4481,1,1
4483,1,2
4484,1,1
4485,1,1
4487,2,2
4488,1,1
4489,1,1
4491,2,2
4492,1,1
4493,1,1
4494,1,1
4496,1,2
4497,1,1
4498,1,1
4500,2,2
4501,1,1
4502,1,1
4503,1,1
4505,1,2
4506,1,1
4507,1,1
4509,2,2
4510,1,1
4511,1,1
4513,2,2
4514,1,1
4515,1,1
4516,1,1
4518,1,2
4519,1,1
4520,1,1
4521,1,1
4523,1,2
4524,1,1
4525,1,1
4527,1,2
4528,1,1
4529,1,1
4531,2,2
4532,1,1
4533,1,1
4535,2,2
4536,1,1
4537,1,1
4543,1,6
4544,1,1
4546,1,2
4547,1,1
4548,1,1
4550,2,2
4551,1,1
4552,1,1
4553,1,1
4555,1,2
4556,1,1
4557,1,1
4559,1,2
4560,1,1
4561,1,1
4563,1,2
4564,1,1
4565,1,1
4567,1,2
4568,1,1
4569,1,1
4571,1,2
4572,1,1
4573,1,1
4575,1,2
4576,1,1
4577,1,1
4579,1,2
4580,1,1
4581,1,1
4583,1,2
4584,1,1
4586,1,2
4587,1,1
4588,1,1
4590,2,2
4591,1,1
4592,1,1
4594,2,2
4595,1,1
4596,1,1
4597,1,1
4599,1,2
4600,1,1
4601,1,1
4603,2,2
4604,1,1
4605,1,1
4606,1,1
4608,1,2
4609,1,1
4610,1,1
4611,1,1
4612,0,1
4614,1,2
4615,1,1
4616,1,1
4618,1,2
4619,1,1
4620,1,1
4622,1,2
4626,4,4
4627,4,1
4627,2,0
4627,1,0
4628,1,1
4629,1,1
4631,1,2
4632,1,1
4633,1,1
4635,1,2
4636,1,1
4637,1,1
4639,1,2
4640,1,1
4641,1,1
4642,0,1
4644,1,2
4645,1,1
4646,1,1
4651,2,5
4652,2,1
4653,1,1
4654,1,1
4655,1,1
4656,1,1
4658,1,2
4659,1,1
4660,1,1
4662,1,2
4663,1,1
4664,1,1
4665,1,1
4667,1,2
4668,1,1
4669,1,1
4671,1,2
4672,1,1
4673,1,1
4674,1,1
4676,1,2
4677,1,1
4678,1,1
4680,1,2
4681,1,1
4682,1,1
4683,1,1
4685,1,2
4686,1,1
4687,1,1
4688,1,1
4690,1,2
4691,1,1
4692,1,1
4694,1,2
4695,1,1
4696,1,1
4698,2,2
4699,1,1
4700,1,1
4701,1,1
4703,1,2
4704,1,1
4705,1,1
4707,1,2
4708,1,1
4709,1,1
4711,1,2
4712,1,1
4713,1,1
4714,1,1
4716,1,2
4717,1,1
4719,2,2
4720,1,1
4721,1,1
4722,1,1
4724,2,2
4725,1,1
4726,1,1
4727,1,1
4729,1,2
4730,1,1
4731,1,1
4732,1,1
4734,1,2
4735,1,1
4737,2,2
4738,1,1
4739,1,1
4740,1,1
4742,1,2
4743,1,1
4744,1,1
4746,2,2
4747,1,1
4748,1,1
4750,2,2
4751,1,1
4752,1,1
4753,1,1
4755,1,2
4756,1,1
4757,1,1
4759,2,2
4760,1,1
4761,1,1
4763,2,2
4764,1,1
4765,1,1
4766,1,1
4768,1,2
4769,1,1
4770,1,1
4772,2,2
4773,1,1
4774,1,1
4776,2,2
4777,1,1
4778,1,1
4779,1,1
4781,1,2
4782,1,1
4783,1,1
4784,1,1
4786,1,2
4787,1,1
4788,1,1
4790,2,2
4791,1,1
4792,1,1
4793,1,1
4795,2,2
4796,1,1
4797,1,1
4798,1,1
4800,1,2
4801,1,1
4802,1,1
4804,2,2
4805,1,1
4806,1,1
4807,1,1
4809,2,2
4810,1,1
4811,1,1
4812,1,1
4814,2,2
4815,1,1
4816,1,1
4817,1,1
4819,2,2
4820,1,1
4821,1,1
4822,1,1
4823,1,1
4825,1,2
4826,1,1
4827,1,1
4828,1,1
4830,2,2
4831,1,1
4832,1,1
4833,1,1
4834,1,1
4836,1,2
4837,1,1
4838,1,1
4840,2,2
4841,1,1
4842,1,1
4843,1,1
4845,1,2
4846,1,1
4847,1,1
4849,2,2
4850,1,1
4851,1,1
4853,2,2
4854,1,1
4855,1,1
4856,1,1
4858,1,2
4859,1,1
4860,1,1
4862,2,2
4863,1,1
4864,1,1
4866,2,2
4867,1,1
4868,1,1
4869,1,1
4871,1,2
4872,1,1
4873,1,1
4875,2,2
4876,1,1
4877,1,1
4878,1,1
4880,1,2
4881,1,1
4882,1,1
4884,2,2
4885,1,1
4886,1,1
4888,2,2
4889,1,1
4890,1,1
4892,2,2
4893,1,1
4894,1,1
4895,1,1
4897,2,2
4898,1,1
4899,1,1
4901,2,2
4902,1,1
4903,1,1
4904,1,1
4906,1,2
4907,1,1
4908,1,1
4910,2,2
4911,1,1
4912,1,1
4914,2,2
4915,1,1
4916,1,1
4918,2,2
4919,1,1
4920,1,1
4922,2,2
4923,1,1
4924,1,1
4925,1,1
4927,2,2
4928,1,1
4929,1,1
4931,2,2
4932,1,1
4933,1,1
4935,2,2
4936,1,1
4937,1,1
4938,1,1
4940,2,2
4941,1,1
4942,1,1
4943,1,1
4945,1,2
4946,1,1
4947,1,1
4949,2,2
4950,1,1
4951,1,1
4953,2,2
4954,1,1
4955,1,1
4956,1,1
4958,1,2
4959,1,1
4960,1,1
4962,2,2
4963,1,1
4964,1,1
4966,2,2
4967,1,1
4968,1,1
4970,2,2
4971,1,1
4973,2,2
4973,1,0
4975,2,2
4976,1,1
4977,1,1
4978,1,1
4979,1,1
4981,1,2
4982,1,1
4983,1,1
4984,1,1
4985,0,1
4987,1,2
4988,1,1
4992,4,4
4992,2,0
4993,2,1
4993,1,0
4995,1,2
4996,1,1
4997,1,1
4998,1,1
4999,0,1
5001,1,2
5002,1,1
5003,1,1
5005,1,2
5006,1,1
5007,1,1
5008,1,1
5010,1,2
5011,1,1
5012,1,1
5013,1,1
5014,0,1
5016,1,2
5017,1,1
5018,1,1
5020,1,2
5021,1,1
5022,1,1
5023,1,1
5024,0,1
5026,1,2
5027,1,1
5028,1,1
5030,1,2
5031,1,1
5032,1,1
5033,1,1
5035,1,2
5036,1,1
5037,1,1
5038,1,1
5040,1,2
5041,1,1
5042,1,1
5043,1,1
5045,1,2
5046,1,1
5047,1,1
5048,0,1
5050,1,2
5051,1,1
5052,1,1
5053,0,1
5055,1,2
5056,1,1
5057,1,1
5059,1,2
5060,1,1
5061,1,1
5062,1,1
5064,1,2
5065,1,1
5066,1,1
5067,1,1
5069,1,2
5070,1,1
5071,1,1
5072,1,1
5074,1,2
5075,1,1
5076,1,1
5077,1,1
5079,1,2
5080,1,1
5081,1,1
5083,1,2
5084,1,1
5085,1,1
5086,1,1
5088,1,2
5089,1,1
5090,1,1
5091,1,1
5093,1,2
5094,1,1
5095,1,1
5096,1,1
5098,1,2
5099,1,1
5100,1,1
5102,2,2
5103,1,1
5104,1,1
5105,1,1
5107,1,2
5108,1,1
5109,1,1
5111,2,2
5112,1,1
5113,1,1
5114,1,1
5116,1,2
5117,1,1
5118,1,1
5119,1,1
5121,1,2
5122,1,1
5123,1,1
5124,1,1
5126,1,2
5127,1,1
5128,1,1
5130,2,2
5131,1,1
5132,1,1
5133,1,1
5135,2,2
5136,1,1
5137,1,1
5138,1,1
5140,1,2
5141,1,1
5142,1,1
5143,1,1
5145,2,2
5146,1,1
5147,1,1
5148,1,1
5150,1,2
5151,1,1
5152,1,1
5154,2,2
5155,1,1
5156,1,1
5157,1,1
5159,1,2
5160,1,1
5161,1,1
5162,1,1
5164,1,2
5165,1,1
5166,1,1
5167,1,1
5169,1,2
5170,1,1
5171,1,1
5172,1,1
5174,1,2
5175,1,1
5176,1,1
5178,1,2
5179,1,1
5180,1,1
5182,2,2
5183,1,1
5184,1,1
5185,1,1
5187,1,2
5188,1,1
5189,1,1
5191,2,2
5192,1,1
5193,1,1
5194,1,1
5196,2,2
5197,1,1
5198,1,1
5199,1,1
5201,2,2
5202,1,1
5203,1,1
5204,1,1
5206,1,2
5207,1,1
5208,1,1
5209,1,1
5211,1,2
5212,1,1
5213,1,1
5215,2,2
5216,1,1
5217,1,1
5218,1,1
5220,1,2
5221,1,1
5222,1,1
5223,1,1
5224,1,1
5226,1,2
5227,1,1
5228,1,1
5229,1,1
5231,1,2
5232,1,1
5233,1,1
5234,0,1
5236,1,2
5241,5,5
5241,4,0
5241,2,0
5241,1,0
5242,1,1
5246,3,4
5246,2,0
5247,2,1
5248,1,1
5251,3,3
5251,2,0
5252,1,1
5254,2,2
5255,1,1
5256,1,1
5258,1,2
5259,1,1
5264,4,5
5264,3,0
5264,2,0
5265,1,1
5266,1,1
5267,1,1
5269,2,2
5270,1,1
5271,1,1
5272,1,1
5274,1,2
5275,1,1
5276,1,1
5278,2,2
5279,1,1
5280,1,1
5281,1,1
5282,0,1
5284,1,2
5285,1,1
5286,1,1
5288,1,2
5289,1,1
5290,1,1
5291,1,1
5293,1,2
5294,1,1
5295,1,1
5297,1,2
5298,1,1
5299,1,1
5301,2,2
5302,1,1
5303,1,1
5304,1,1
5306,1,2
5307,1,1
5308,1,1
5309,1,1
5311,1,2
5312,1,1
5313,1,1
5314,1,1
5316,1,2
5317,1,1
5318,1,1
5319,1,1
5321,1,2
5322,1,1
5323,1,1
5325,1,2
5326,1,1
5327,1,1
5329,2,2
5330,1,1
5331,1,1
5332,1,1
5334,1,2
5335,1,1
5336,1,1
5337,1,1
5339,1,2
5340,1,1
5341,1,1
5343,2,2
5344,1,1
5345,1,1
5347,2,2
5348,1,1
5349,1,1
5350,1,1
5351,1,1
5353,1,2
5354,1,1
5355,1,1
5357,2,2
5358,1,1
5359,1,1
5360,1,1
5362,1,2
5363,1,1
5364,1,1
5366,2,2
5367,1,1
5368,1,1
5369,1,1
5371,1,2
5372,1,1
5373,1,1
5375,2,2
5376,1,1
5377,1,1
5378,1,1
5380,1,2
5381,1,1
5382,1,1
5383,1,1
5385,1,2
5386,1,1
5387,1,1
5389,1,2
5390,1,1
5391,1,1
5393,2,2
5394,1,1
5395,1,1
5396,1,1
5398,1,2
5399,1,1
5400,1,1
5401,1,1
5403,1,2
5404,1,1
5405,1,1
5407,1,2
5408,1,1
5409,1,1
5411,2,2
5412,1,1
5413,1,1
5414,1,1
5416,1,2
5417,1,1
5418,1,1
5420,1,2
5421,1,1
5422,1,1
5424,2,2
5425,1,1
5426,1,1
5427,1,1
5429,2,2
5430,1,1
5431,1,1
5432,1,1
5434,1,2
5435,1,1
5436,1,1
5438,1,2
5439,1,1
5440,1,1
5442,2,2
5445,3,3
5445,2,0
5445,1,0
5447,1,2
5448,1,1
5449,1,1
5451,1,2
5452,1,1
5453,1,1
5455,2,2
5456,1,1
5457,1,1
5458,1,1
5460,1,2
5461,1,1
5462,1,1
5463,1,1
5465,2,2
5466,1,1
5467,1,1
5468,1,1
5470,2,2
5471,1,1
5472,1,1
5473,1,1
5475,1,2
5476,1,1
5477,1,1
5479,1,2
5480,1,1
5481,1,1
5483,2,2
5484,1,1
5485,1,1
5486,1,1
5488,2,2
5489,1,1
5490,1,1
5491,1,1
5493,1,2
5494,1,1
5495,1,1
5497,2,2
5498,1,1
5499,1,1
5500,1,1
5502,1,2
5503,1,1
5504,1,1
5505,1,1
5507,1,2
5508,1,1
5509,1,1
5511,1,2
5512,1,1
5513,1,1
5515,2,2
5516,1,1
5517,1,1
5518,1,1
5520,2,2
5521,1,1
5522,1,1
5523,1,1
5525,1,2
5526,1,1
5527,1,1
5529,2,2
5530,1,1
5531,1,1
5532,1,1
5534,1,2
5535,1,1
5537,2,2
5538,1,1
5540,2,2
5541,1,1
5542,1,1
5543,1,1
5545,1,2
5546,1,1
5547,1,1
5549,2,2
5550,1,1
5551,1,1
5552,1,1
5554,2,2
5555,1,1
5556,1,1
5557,1,1
5559,1,2
5560,1,1
5561,1,1
5562,1,1
5564,1,2
5565,1,1
5567,2,2
5568,1,1
5569,1,1
5570,1,1
5571,1,1
5573,1,2
5574,1,1
5575,1,1
5577,1,2
5578,1,1
5579,1,1
5581,2,2
5582,1,1
5583,1,1
5584,1,1
5586,1,2
5587,1,1
5588,1,1
5589,1,1
5591,1,2
5592,1,1
5593,1,1
5595,1,2
5596,1,1
5597,1,1
5599,2,2
5600,1,1
5601,1,1
5602,1,1
5604,2,2
5605,1,1
5606,1,1
5607,1,1
5609,1,2
5610,1,1
5611,1,1
5613,2,2
5614,1,1
5615,1,1
5616,1,1
5618,1,2
5619,1,1
5620,1,1
5621,1,1
5623,1,2
5624,1,1
5625,1,1
5627,1,2
5628,1,1
5629,1,1
5631,2,2
5632,1,1
5633,1,1
5634,1,1
5636,2,2
5637,1,1
5638,1,1
5639,1,1
5641,1,2
5642,1,1
5643,1,1
5645,1,2
5646,1,1
5647,1,1
5649,1,2
5650,1,1
5651,1,1
5653,1,2
5654,1,1
5655,1,1
5657,1,2
5658,1,1
5659,1,1
5661,1,2
5662,1,1
5664,1,2
5665,1,1
5666,1,1
5668,1,2
5669,1,1
5671,1,2
5672,1,1
5673,1,1
5675,1,2
5676,1,1
5678,1,2
5679,1,1
5680,1,1
5682,1,2
5683,1,1
5684,0,1
5686,1,2
5687,1,1
5689,1,2
5690,1,1
5691,1,1
5693,1,2
5694,1,1
5695,1,1
5697,1,2
5698,1,1
5700,1,2
5701,1,1
5702,1,1
5704,1,2
5705,1,1
5707,1,2
5708,1,1
5709,1,1
5711,1,2
5712,1,1
5713,1,1
5715,1,2
5716,1,1
5717,1,1
5719,1,2
5720,1,1
5721,1,1
5723,1,2
5724,1,1
5726,1,2
5727,1,1
5728,1,1
5730,1,2
5731,1,1
5733,1,2
5734,1,1
5735,1,1
5737,1,2
5738,1,1
5739,1,1
5741,1,2
5742,1,1
5744,2,2
5745,1,1
5746,1,1
5748,1,2
5749,1,1
5750,1,1
5752,1,2
5753,1,1
5755,1,2
5756,1,1
5757,1,1
5759,1,2
5760,1,1
5761,1,1
5763,1,2
5764,1,1
5765,0,1
5767,1,2
5768,1,1
5770,1,2
5771,1,1
5772,1,1
5774,1,2
5775,1,1
5777,1,2
5778,1,1
5779,1,1
5781,1,2
5782,1,1
5783,1,1
5785,1,2
5786,1,1
5788,1,2
5789,1,1
5790,1,1
5792,1,2
5793,1,1
5795,1,2
5796,1,1
5797,1,1
5799,1,2
5800,1,1
5801,1,1
5803,2,2
5804,1,1
5805,1,1
5807,1,2
5808,1,1
5809,1,1
5811,1,2
5812,1,1
5813,1,1
5815,1,2
5816,1,1
5818,1,2
5819,1,1
5821,1,2
5822,1,1
5824,2,2
5825,1,1
5826,1,1
5828,1,2
5829,1,1
5830,1,1
5832,1,2
5833,1,1
5835,1,2
5836,1,1
5837,1,1
5839,1,2
5840,1,1
5842,1,2
5843,1,1
5844,0,1
5846,1,2
5847,1,1
5849,1,2
5850,1,1
5852,1,2
5853,1,1
5855,2,2
5856,1,1
5857,1,1
5858,1,1
5860,1,2
5861,1,1
5862,1,1
5863,1,1
5865,1,2
5866,1,1
5868,2,2
5869,1,1
5870,1,1
5871,1,1
5872,1,1
5874,1,2
5875,1,1
5876,1,1
5877,0,1
5879,1,2
5880,1,1
5881,0,1
5883,1,2
5884,1,1
5885,1,1
5887,1,2
5888,1,1
5889,1,1
5891,1,2
5892,1,1
5893,1,1
5894,1,1
5896,1,2
5897,1,1
5898,1,1
5900,1,2
5901,1,1
5902,1,1
5903,1,1
5904,0,1
5906,1,2
5907,1,1
5908,1,1
5910,1,2
5911,1,1
5912,1,1
5913,0,1
5915,1,2
5916,1,1
5917,1,1
5919,1,2
5921,1,2
5923,1,2
5925,1,2
5927,1,2
5929,1,2
5931,1,2
5932,1,1
5933,1,1
5935,1,2
5936,1,1
5937,1,1
5939,1,2
5940,1,1
5941,1,1
5943,2,2
5944,1,1
5945,1,1
5946,1,1
5947,0,1
5949,1,2
5950,1,1
5951,1,1
5953,1,2
5954,1,1
5955,1,1
5956,1,1
5958,1,2
5960,2,2
5960,1,0
5962,1,2
5963,1,1
5964,1,1
5965,1,1
5967,1,2
5968,1,1
5969,1,1
5970,1,1
5972,2,2
5973,1,1
5974,1,1
5975,1,1
5977,2,2
5978,1,1
5979,1,1
5980,1,1
5981,0,1
5983,1,2
5984,1,1
5985,1,1
5987,1,2
5988,1,1
5989,1,1
5991,1,2
5992,1,1
5993,1,1
5995,1,2
5996,1,1
5997,1,1
5999,1,2
6001,1,2
6003,1,2
6005,1,2
6007,2,2
6008,1,1
6010,1,2
6012,1,2
6014,1,2
6016,1,2
6018,1,2
6020,1,2
6022,1,2
6024,1,2
6026,1,2
6028,1,2
6030,1,2
6031,1,1
6032,1,1
6034,1,2
6035,1,1
6036,1,1
6038,1,2
6039,1,1
6040,1,1
6042,1,2
6043,1,1
6045,2,2
6046,1,1
6047,1,1
6049,1,2
6050,1,1
6051,1,1
6053,1,2
6054,1,1
6055,1,1
6057,1,2
6058,1,1
6059,1,1
6061,1,2
6062,1,1
6063,1,1
6065,1,2
6066,1,1
6068,1,2
6069,1,1
6070,1,1
6072,1,2
6073,1,1
6074,1,1
6076,1,2
6077,1,1
6078,1,1
6080,1,2
6081,1,1
6082,1,1
6084,1,2
6085,1,1
6086,1,1
6088,1,2
6089,1,1
6090,1,1
6092,1,2
6093,1,1
6094,1,1
6096,1,2
6097,1,1
6098,1,1
6100,1,2
6101,1,1
6102,1,1
6104,1,2
6105,1,1
6106,1,1
6108,1,2
6109,1,1
6110,1,1
6112,1,2
6113,1,1
6114,1,1
6116,1,2
6117,1,1
6118,1,1
6120,1,2
6121,1,1
6122,1,1
6124,1,2
6125,1,1
6126,1,1
6128,1,2
6129,1,1
6130,1,1
6132,1,2
6133,1,1
6135,2,2
6136,1,1
6137,1,1
6139,2,2
6140,1,1
6141,1,1
6143,1,2
6144,1,1
6145,1,1
6147,1,2
6148,1,1
6150,1,2
6151,1,1
6152,1,1
6154,1,2
6155,1,1
6157,1,2
6158,1,1
6159,1,1
6161,1,2
6162,1,1
6163,1,1
6165,1,2
6166,1,1
6167,1,1
6169,1,2
6170,1,1
6172,2,2
6173,1,1
6174,1,1
6175,0,1
6177,1,2
6178,1,1
6180,1,2
6181,1,1
6182,1,1
6184,1,2
6185,1,1
6187,1,2
6188,1,1
6189,1,1
6191,1,2
6192,1,1
6193,0,1
6195,1,2
6196,1,1
6198,1,2
6199,1,1
6200,0,1
6202,1,2
6203,1,1
6205,1,2
6206,1,1
6207,1,1
6209,1,2
6210,1,1
6212,1,2
6213,1,1
6214,1,1
6216,1,2
6217,1,1
6219,1,2
6220,1,1
6221,1,1
6223,1,2
6224,1,1
6226,1,2
6227,1,1
6228,1,1
6230,1,2
6231,1,1
6233,1,2
6234,1,1
6235,1,1
6237,1,2
6238,1,1
6239,0,1
6241,1,2
6242,1,1
6244,1,2
6245,1,1
6247,1,2
6248,1,1
6249,1,1
6251,1,2
6252,1,1
6254,1,2
6255,1,1
6256,0,1
6258,1,2
6259,1,1
6261,1,2
6262,1,1
6264,1,2
6265,1,1
6266,1,1
6268,1,2
6269,1,1
6271,2,2
6272,1,1
6273,1,1
6275,1,2
6276,1,1
6277,1,1
6279,1,2
6280,1,1
6282,1,2
6283,1,1
6284,1,1
6286,1,2
6287,1,1
6288,1,1
6290,1,2
6291,1,1
6292,0,1
6294,1,2
6295,1,1
6297,1,2
6298,1,1
6300,2,2
6301,1,1
6302,1,1
6304,1,2
6305,1,1
6306,1,1
6308,1,2
6309,1,1
6311,1,2
6312,1,1
6313,1,1
6315,1,2
6316,1,1
6318,1,2
6319,1,1
6320,1,1
6322,1,2
6323,1,1
6325,1,2
6326,1,1
6327,1,1
6329,1,2
6330,1,1
6331,1,1
6333,1,2
6334,1,1
6336,1,2
6337,1,1
6338,1,1
6340,1,2
6341,1,1
6343,2,2
6344,1,1
6345,1,1
6347,1,2
6348,1,1
6349,1,1
6351,1,2
6352,1,1
6354,1,2
6355,1,1
6356,1,1
6358,1,2
6359,1,1
6361,1,2
6362,1,1
6363,1,1
6365,1,2
6366,1,1
6368,2,2
6369,1,1
6370,1,1
6372,1,2
6373,1,1
6374,1,1
6376,1,2
6377,1,1
6378,1,1
6380,1,2
6381,1,1
6382,1,1
6384,1,2
6385,1,1
6387,1,2
6388,1,1
6389,1,1
6391,1,2
6392,1,1
6394,1,2
6395,1,1
6396,1,1
6398,1,2
6399,1,1
6401,1,2
6402,1,1
6403,1,1
6405,1,2
6406,1,1
6408,1,2
6409,1,1
6410,1,1
6412,1,2
6413,1,1
6415,1,2
6416,1,1
6417,1,1
6419,1,2
6420,1,1
6422,1,2
6423,1,1
6424,1,1
6426,1,2
6427,1,1
6429,1,2
6430,1,1
6434,4,4
6434,2,0
6435,2,1
6436,2,1
6437,1,1
6438,1,1
6439,1,1
6440,1,1
6442,1,2
6443,1,1
6445,2,2
6446,1,1
6447,1,1
6448,1,1
6449,1,1
6451,1,2
6452,1,1
6453,1,1
6454,1,1
6456,1,2
6457,1,1
6458,1,1
6459,1,1
6461,1,2
6462,1,1
6463,1,1
6465,2,2
6466,1,1
6467,1,1
6468,1,1
6469,1,1
6471,1,2
6472,1,1
6473,1,1
6475,2,2
6476,1,1
6477,1,1
6479,2,2
6480,1,1
6481,1,1
6482,1,1
6484,2,2
6485,1,1
6486,1,1
6487,1,1
6488,1,1
6490,1,2
6491,1,1
6492,1,1
6493,1,1
6495,1,2
6496,1,1
6497,1,1
6499,2,2
6500,1,1
6501,1,1
6502,1,1
6504,1,2
6505,1,1
6506,1,1
6507,1,1
6509,1,2
6510,1,1
6511,1,1
6513,2,2
6514,1,1
6515,1,1
6516,1,1
6518,2,2
6519,1,1
6520,1,1
6521,1,1
6523,1,2
6524,1,1
6525,1,1
6527,2,2
6528,1,1
6529,1,1
6530,1,1
6531,1,1
6533,1,2
6534,1,1
6535,1,1
6537,1,2
6538,1,1
6539,1,1
6540,1,1
6542,1,2
6543,1,1
6544,1,1
6546,2,2
6547,1,1
6548,1,1
6549,1,1
6551,1,2
6552,1,1
6553,1,1
6555,2,2
6556,1,1
6557,1,1
6558,1,1
6560,2,2
6561,1,1
6562,1,1
6563,1,1
6565,1,2
6566,1,1
6567,1,1
6569,2,2
6570,1,1
6571,1,1
6572,1,1
6574,2,2
6575,1,1
6576,1,1
6577,1,1
6579,1,2
6580,1,1
6581,1,1
6583,2,2
6584,1,1
6585,1,1
6586,1,1
6587,1,1
6589,1,2
6590,1,1
6591,1,1
6593,2,2
6594,1,1
6595,1,1
6596,1,1
6598,1,2
6599,1,1
6600,1,1
6601,1,1
6603,1,2
6604,1,1
6605,1,1
6607,2,2
6608,1,1
6609,1,1
6610,1,1
6612,1,2
6613,1,1
6614,1,1
6615,1,1
6617,1,2
6618,1,1
6619,1,1
6620,1,1
6622,1,2
6623,1,1
6624,1,1
6626,2,2
6627,1,1
6628,1,1
6629,1,1
6631,2,2
6632,1,1
6633,1,1
6634,1,1
6635,1,1
6637,1,2
6638,1,1
6639,1,1
6640,1,1
6642,1,2
6643,1,1
6644,1,1
6645,1,1
6647,1,2
6648,1,1
6649,1,1
6650,0,1
6652,1,2
6653,1,1
6654,1,1
6656,1,2
6657,1,1
6658,1,1
6659,1,1
6661,1,2
6662,1,1
6663,1,1
6664,1,1
6666,1,2
6667,1,1
6668,1,1
6669,1,1
6671,1,2
6672,1,1
6673,1,1
6675,1,2
6676,1,1
6677,1,1
6678,1,1
6680,1,2
6681,1,1
6682,1,1
6683,1,1
6685,1,2
6686,1,1
6687,1,1
6688,1,1
6690,1,2
6691,1,1
6692,1,1
6693,1,1
6695,1,2
6696,1,1
6697,1,1
6698,1,1
6700,1,2
6701,1,1
6702,1,1
6703,1,1
6705,1,2
6706,1,1
6707,1,1
6708,1,1
6710,1,2
6711,1,1
6712,1,1
6713,1,1
6715,1,2
6716,1,1
6717,1,1
6718,1,1
6720,1,2
6721,1,1
6722,1,1
6723,1,1
6725,1,2
6726,1,1
6727,1,1
6728,1,1
6729,0,1
6731,1,2
6732,1,1
6733,1,1
6735,1,2
6736,1,1
6737,1,1
6738,1,1
6739,0,1
6741,1,2
6742,1,1
6743,1,1
6744,0,1
6746,1,2
6747,1,1
6748,1,1
6749,0,1
6751,1,2
6752,1,1
6753,1,1
6754,0,1
6756,1,2
6757,1,1
6758,1,1
6760,1,2
6761,1,1
6762,1,1
6763,1,1
6764,0,1
6766,1,2
6767,1,1
6768,1,1
6769,0,1
6771,1,2
6772,1,1
6773,1,1
6775,1,2
6776,1,1
6777,1,1
6778,1,1
6779,0,1
6781,1,2
6782,1,1
6783,1,1
6784,1,1
6786,1,2
6787,1,1
6788,1,1
6789,1,1
6791,1,2
6792,1,1
6793,1,1
6794,1,1
6796,1,2
6797,1,1
6798,1,1
6799,1,1
6801,1,2
6802,1,1
6803,1,1
6804,1,1
6806,1,2
6807,1,1
6808,1,1
6809,1,1
6811,1,2
6812,1,1
6813,1,1
6814,1,1
6816,1,2
6817,1,1
6818,1,1
6819,1,1
6821,1,2
6822,1,1
6823,1,1
6824,1,1
6826,1,2
6827,1,1
6828,1,1
6829,1,1
6831,1,2
6832,1,1
6833,1,1
6834,1,1
6835,0,1
6837,1,2
6838,1,1
6839,1,1
6840,1,1
6842,1,2
6843,1,1
6844,1,1
6845,1,1
6847,1,2
6848,1,1
6849,1,1
6850,1,1
6852,1,2
6853,1,1
6854,1,1
6855,1,1
6857,1,2
6858,1,1
6859,1,1
6860,1,1
6862,1,2
6863,1,1
6864,1,1
6866,2,2
6867,1,1
6868,1,1
6869,1,1
6870,1,1
6872,1,2
6873,1,1
6874,1,1
6875,1,1
6877,1,2
6878,1,1
6879,1,1
6880,1,1
6882,1,2
6883,1,1
6884,1,1
6885,1,1
6887,1,2
6888,1,1
6889,1,1
6890,1,1
6892,1,2
6893,1,1
6894,1,1
6895,1,1
6897,1,2
6898,1,1
6899,1,1
6900,1,1
6901,0,1
6903,1,2
6904,1,1
6905,1,1
6907,1,2
6908,1,1
6909,1,1
6910,1,1
6912,1,2
6913,1,1
6914,1,1
6915,1,1
6917,1,2
6918,1,1
6919,1,1
6920,1,1
6922,1,2
6923,1,1
6924,1,1
6925,1,1
6927,1,2
6928,1,1
6929,1,1
6930,1,1
6932,1,2
6933,1,1
6934,1,1
6935,1,1
6937,1,2
6938,1,1
6939,1,1
6940,1,1
6942,1,2
6943,1,1
6944,1,1
6945,1,1
6946,0,1
6948,1,2
6949,1,1
6950,1,1
6952,1,2
6953,1,1
6954,1,1
6955,1,1
6957,2,2
6958,1,1
6959,1,1
6960,1,1
6961,1,1
6963,1,2
6964,1,1
6965,1,1
6967,1,2
6968,1,1
6969,1,1
6972,3,3
6977,6,5
6977,5,0
6980,7,3
6980,5,0
6980,4,0
6980,3,0
6982,4,2
6982,2,0
6982,1,0
6983,1,1
6985,1,2
6986,1,1
6987,1,1
6988,1,1
6989,1,1
6991,1,2
6992,1,1
6993,1,1
6994,1,1
6996,1,2
6997,1,1
6999,2,2
7000,1,1
7001,1,1
7002,1,1
7003,1,1
7005,1,2
7006,1,1
7007,1,1
7008,1,1
7009,1,1
7011,1,2
7012,1,1
7013,1,1
7014,1,1
7016,1,2
7017,1,1
7018,1,1
7019,1,1
7021,2,2
7022,1,1
7023,1,1
7024,1,1
7026,1,2
7027,1,1
7028,1,1
7030,1,2
7031,1,1
7032,1,1
7034,2,2
7035,1,1
7036,1,1
7037,1,1
7038,1,1
7040,1,2
7041,1,1
7042,1,1
7043,1,1
7045,1,2
7046,1,1
7047,1,1
7049,2,2
7050,1,1
7051,1,1
7052,1,1
7054,1,2
7055,1,1
7056,1,1
7057,1,1
7059,1,2
7060,1,1
7061,1,1
7063,1,2
7064,1,1
7065,1,1
7066,1,1
7068,1,2
7069,1,1
7070,1,1
7071,1,1
7073,1,2
7074,1,1
7075,1,1
7076,1,1
7078,1,2
7079,1,1
7080,1,1
7082,1,2
7083,1,1
7084,1,1
7085,1,1
7087,1,2
7088,1,1
7089,1,1
7091,2,2
7092,1,1
7093,1,1
7094,1,1
7095,1,1
7097,1,2
7098,1,1
7099,1,1
7101,1,2
7102,1,1
7103,1,1
7104,1,1
7106,1,2
7107,1,1
7108,1,1
7110,1,2
7111,1,1
7112,1,1
7113,1,1
7115,1,2
7116,1,1
7117,1,1
7118,1,1
7120,1,2
7121,1,1
7122,1,1
7123,1,1
7125,1,2
7126,1,1
7127,1,1
7128,1,1
7130,1,2
7131,1,1
7132,1,1
7133,0,1
7135,1,2
7136,1,1
7137,1,1
7139,1,2
7140,1,1
7141,1,1
7143,2,2
7144,1,1
7145,1,1
7146,1,1
7147,1,1
7149,1,2
7150,1,1
7151,1,1
7152,1,1
7154,1,2
7155,1,1
7156,1,1
7158,1,2
7159,1,1
7160,1,1
7161,1,1
7164,2,3
7165,2,1
7165,1,0
7166,1,1
7168,1,2
7169,1,1
7170,1,1
7171,1,1
7173,1,2
7174,1,1
7175,1,1
7177,1,2
7178,1,1
7179,1,1
7180,1,1
7182,1,2
7183,1,1
7184,1,1
7185,1,1
7187,1,2
7188,1,1
7189,1,1
7190,1,1
7192,1,2
7193,1,1
7194,1,1
7195,1,1
7197,1,2
7198,1,1
7199,1,1
7200,1,1
7202,1,2
7203,1,1
7204,1,1
7206,1,2
7207,1,1
7208,1,1
7209,1,1
7211,1,2
7212,1,1
7213,1,1
7214,1,1
7216,1,2
7217,1,1
7218,1,1
7219,1,1
7221,1,2
7222,1,1
7223,1,1
7224,1,1
7226,1,2
7227,1,1
7228,1,1
7229,0,1
7231,1,2
7232,1,1
7233,1,1
7235,1,2
7236,1,1
7237,1,1
7238,1,1
7240,1,2
7241,1,1
7242,1,1
7243,1,1
7245,1,2
7246,1,1
7247,1,1
7248,1,1
7250,1,2
7252,2,2
7253,1,1
7254,1,1
7256,2,2
7257,1,1
7258,1,1
7259,1,1
7260,1,1
7262,1,2
7263,1,1
7264,1,1
7265,1,1
7267,1,2
7268,1,1
7269,1,1
7270,1,1
7272,1,2
7273,1,1
7274,1,1
7275,1,1
7277,1,2
7278,1,1
7279,1,1
7280,1,1
7282,1,2
7283,1,1
7284,1,1
7285,1,1
7287,2,2
7288,1,1
7289,1,1
7292,3,3
7292,1,0
7293,1,1
7294,1,1
7296,1,2
7297,1,1
7298,1,1
7300,1,2
7301,1,1
7302,1,1
7304,2,2
7307,3,3
7307,2,0
7307,1,0
7309,1,2
7310,1,1
7311,1,1
7313,1,2
7314,1,1
7315,1,1
7316,0,1
7318,1,2
7319,1,1
7320,1,1
7321,0,1
7323,1,2
7324,1,1
7325,0,1
7327,1,2
7328,1,1
7329,1,1
7331,1,2
7332,1,1
7333,1,1
7335,1,2
7336,1,1
7337,1,1
7339,1,2
7340,1,1
7341,1,1
7342,1,1
7344,1,2
7345,1,1
7347,1,2
7351,1,4
7352,1,1
7353,0,1
7355,1,2
7356,1,1
7358,1,2
7359,1,1
7360,1,1
7361,1,1
7363,1,2
7364,1,1
7365,1,1
7367,1,2
7368,1,1
7369,1,1
7371,1,2
7373,1,2
7375,1,2
7377,1,2
7379,1,2
7381,1,2
7383,2,2
7384,1,1
7386,1,2
7387,1,1
7388,1,1
7389,1,1
7391,1,2
7392,1,1
7393,1,1
7395,2,2
7396,1,1
7397,1,1
7398,1,1
7400,1,2
7401,1,1
7402,1,1
7403,1,1
7405,1,2
7406,1,1
7407,1,1
7409,1,2
7410,1,1
7411,1,1
7412,1,1
7414,1,2
7415,1,1
7416,1,1
7418,1,2
7419,1,1
7420,1,1
7421,1,1
7423,1,2
7424,1,1
7425,1,1
7427,1,2
7428,1,1
7429,1,1
7430,1,1
7432,1,2
7434,2,2
7435,2,1
7436,1,1
7437,1,1
7438,1,1
7440,1,2
7441,1,1
7442,1,1
7444,2,2
7445,1,1
7446,1,1
7448,2,2
7450,2,2
7451,1,1
7452,1,1
7453,1,1
7455,1,2
7456,1,1
7457,1,1
7458,1,1
7460,1,2
7461,1,1
7462,1,1
7464,2,2
7465,1,1
7466,1,1
7467,1,1
7470,3,3
7470,1,0
7471,1,1
7472,1,1
7474,2,2
7475,1,1
7476,1,1
7477,1,1
7479,1,2
7480,1,1
7481,1,1
7482,1,1
7483,1,1
7484,0,1
7486,1,2
7487,1,1
7488,1,1
7489,0,1
7491,1,2
7492,1,1
7493,1,1
7494,0,1
7496,1,2
7497,1,1
7498,1,1
7500,1,2
7501,1,1
7502,1,1
7503,1,1
7504,0,1
7506,1,2
7507,1,1
7508,1,1
7509,1,1
7511,1,2
7512,1,1
7513,1,1
7514,1,1
7515,0,1
7517,1,2
7518,1,1
7519,1,1
7521,1,2
7522,1,1
7523,1,1
7524,1,1
7526,1,2
7527,1,1
7528,1,1
7529,0,1
7531,1,2
7532,1,1
7533,1,1
7535,1,2
7536,1,1
7537,1,1
7538,0,1
7540,1,2
7542,1,2
7543,1,1
7544,1,1
7546,1,2
7547,1,1
7548,1,1
7550,1,2
7551,1,1
7552,1,1
7554,1,2
7555,1,1
7556,1,1
7558,2,2
7559,1,1
7560,1,1
7561,1,1
7563,1,2
7564,1,1
7565,1,1
7567,1,2
7568,1,1
7569,1,1
7571,1,2
7572,1,1
7573,1,1
7574,1,1
7576,1,2
7577,1,1
7578,1,1
7580,1,2
7581,1,1
7582,1,1
7584,2,2
7585,1,1
7586,1,1
7587,1,1
7589,1,2
7590,1,1
7591,1,1
7593,1,2
7594,1,1
7595,1,1
7596,1,1
7598,1,2
7599,1,1
7600,1,1
7602,1,2
7603,1,1
7605,1,2
7606,1,1
7607,1,1
7609,1,2
7610,1,1
7611,1,1
7613,1,2
7614,1,1
7615,1,1
7616,0,1
7618,1,2
7619,1,1
7620,1,1
7622,1,2
7623,1,1
7624,1,1
7625,0,1
7627,1,2
7628,1,1
7629,1,1
7631,1,2
7632,1,1
7633,1,1
7634,0,1
7636,1,2
7637,1,1
7638,1,1
7639,0,1
7641,1,2
7642,1,1
7643,1,1
7645,1,2
7646,1,1
7647,1,1
7648,0,1
7650,1,2
7652,1,2
7653,1,1
7654,1,1
7655,1,1
7656,0,1
7658,1,2
7659,1,1
7660,1,1
7662,1,2
7663,1,1
7665,1,2
7666,1,1
7667,1,1
7669,2,2
7670,1,1
7671,1,1
7672,1,1
7674,1,2
7675,1,1
7676,1,1
7678,2,2
7679,1,1
7680,1,1
7681,1,1
7682,1,1
7684,1,2
7685,1,1
7686,1,1
7687,1,1
7689,1,2
7690,1,1
7691,1,1
7693,2,2
7694,1,1
7695,1,1
7696,1,1
7697,1,1
7699,1,2
7700,1,1
7701,1,1
7703,2,2
7704,1,1
7705,1,1
7706,1,1
7707,1,1
7709,1,2
7710,1,1
7711,1,1
7712,1,1
7714,1,2
7715,1,1
7716,1,1
7718,1,2
7719,1,1
7720,1,1
7721,1,1
7722,0,1
7724,1,2
7725,1,1
7726,1,1
7728,1,2
7729,1,1
7730,1,1
7731,1,1
7733,1,2
7734,1,1
7735,1,1
7736,1,1
7738,1,2
7739,1,1
7740,1,1
7741,1,1
7743,1,2
7744,1,1
7745,1,1
7747,1,2
7748,1,1
7749,1,1
7750,1,1
7751,0,1
7753,1,2
7754,1,1
7755,1,1
7757,1,2
7758,1,1
7759,1,1
7760,1,1
7762,1,2
7763,1,1
7764,1,1
7765,1,1
7766,0,1
7768,1,2
7769,1,1
7770,1,1
7771,0,1
7773,1,2
7774,1,1
7775,1,1
7776,1,1
7778,1,2
7779,1,1
7780,1,1
7781,0,1
7783,1,2
7784,1,1
7785,1,1
7787,1,2
7788,1,1
7789,1,1
7790,1,1
7791,0,1
7793,1,2
7794,1,1
7795,1,1
7796,0,1
7798,1,2
7799,1,1
7800,1,1
7801,0,1
7803,1,2
7805,2,2
7806,1,1
7807,1,1
7808,1,1
7809,1,1
7811,1,2
7812,1,1
7813,1,1
7814,1,1
7816,1,2
7817,1,1
7818,1,1
7819,0,1
7821,1,2
7822,1,1
7823,1,1
7824,0,1
7826,1,2
7827,1,1
7828,1,1
7829,0,1
7831,1,2
7832,1,1
7833,1,1
7835,1,2
7836,1,1
7837,1,1
7838,1,1
7839,0,1
7841,1,2
7842,1,1
7843,1,1
7844,0,1
7846,1,2
7847,1,1
7848,1,1
7850,1,2
7851,1,1
7852,1,1
7853,1,1
7854,0,1
7856,1,2
7857,1,1
7858,1,1
7859,0,1
7861,1,2
7862,1,1
7863,1,1
7864,1,1
7866,1,2
7867,1,1
7869,1,2
7870,1,1
7871,1,1
7872,1,1
7873,1,1
7875,1,2
7876,1,1
7877,1,1
7878,1,1
7880,1,2
7881,1,1
7882,1,1
7883,1,1
7885,1,2
7886,1,1
7887,1,1
7888,1,1
7889,0,1
7891,1,2
7892,1,1
7893,1,1
7895,1,2
7896,1,1
7897,1,1
7898,1,1
7900,1,2
7901,1,1
7902,1,1
7903,1,1
7904,1,1
7906,1,2
7907,1,1
7908,1,1
7909,0,1
7911,1,2
7912,1,1
7913,1,1
7914,1,1
7916,1,2
7917,1,1
7918,1,1
7919,1,1
7921,1,2
7922,1,1
7923,1,1
7924,1,1
7926,1,2
7927,1,1
7928,1,1
7929,1,1
7931,1,2
7932,1,1
7933,1,1
7934,1,1
7936,1,2
7937,1,1
7938,1,1
7939,1,1
7941,1,2
7942,1,1
7943,1,1
7944,1,1
7946,1,2
7947,1,1
7948,1,1
7949,1,1
7951,1,2
7952,1,1
7953,1,1
7954,1,1
7955,1,1
7957,1,2
7958,1,1
7959,1,1
7960,1,1
7961,0,1
7963,1,2
7964,1,1
7965,1,1
7967,1,2
7968,1,1
7969,1,1
7970,1,1
7976,5,6
7977,5,1
7979,6,2
7979,4,0
7979,3,0
7979,1,0
7980,1,1
7981,1,1
7983,1,2
7984,1,1
7985,1,1
7986,1,1
7988,1,2
7989,1,1
7990,1,1
7992,1,2
7993,1,1
7994,1,1
7995,1,1
7997,1,2
7998,1,1
7999,1,1
8000,1,1
8002,1,2
8003,1,1
8004,1,1
8006,1,2
8007,1,1
8008,1,1
8009,1,1
8011,1,2
8012,1,1
8013,1,1
8014,1,1
8016,1,2
8017,1,1
8018,1,1
8019,1,1
8021,1,2
8022,1,1
8023,1,1
8025,2,2
8026,1,1
8027,1,1
8028,1,1
8030,1,2
8031,1,1
8032,1,1
8033,1,1
8035,1,2
8036,1,1
8037,1,1
8038,1,1
8040,1,2
8041,1,1
8042,1,1
8044,2,2
8045,1,1
8046,1,1
8047,1,1
8055,8,8
8055,6,0
8055,5,0
8055,4,0
8055,3,0
8055,1,0
8056,1,1
8057,1,1
8058,1,1
8060,1,2
8061,1,1
8062,1,1
8064,2,2
8065,1,1
8066,1,1
8067,1,1
8069,1,2
8070,1,1
8071,1,1
8072,1,1
8074,1,2
8075,1,1
8076,1,1
8077,0,1
8079,1,2
8080,1,1
8081,1,1
8083,1,2
8084,1,1
8085,1,1
8086,0,1
8088,1,2
8089,1,1
8090,1,1
8092,1,2
8093,1,1
8094,1,1
8096,2,2
8097,1,1
8098,1,1
8099,1,1
8101,1,2
8102,1,1
8103,1,1
8104,1,1
8106,1,2
8107,1,1
8108,1,1
8110,1,2
8111,1,1
8112,1,1
8113,1,1
8115,1,2
8116,1,1
8117,1,1
8118,0,1
8120,1,2
8121,1,1
8122,1,1
8124,1,2
8125,1,1
8127,2,2
8128,2,1
8129,1,1
8130,1,1
8131,1,1
8133,1,2
8134,1,1
8135,1,1
8137,2,2
8138,1,1
8139,1,1
8140,1,1
8142,1,2
8143,1,1
8144,1,1
8146,2,2
8147,1,1
8148,1,1
8149,1,1
8151,1,2
8152,1,1
8153,1,1
8154,1,1
8156,1,2
8157,1,1
8158,1,1
8160,2,2
8161,1,1
8162,1,1
8163,1,1
8165,1,2
8166,1,1
8167,1,1
8168,1,1
8170,1,2
8171,1,1
8172,1,1
8174,1,2
8175,1,1
8176,1,1
8177,1,1
8179,1,2
8180,1,1
8181,1,1
8182,1,1
8184,1,2
8185,1,1
8186,1,1
8188,2,2
8189,1,1
8190,1,1
8191,1,1
8193,1,2
8194,1,1
8195,1,1
8196,1,1
8198,1,2
8199,1,1
8200,1,1
8202,1,2
8203,1,1
8204,1,1
8205,1,1
8207,1,2
8208,1,1
8209,1,1
8211,2,2
8212,1,1
8213,1,1
8214,1,1
8216,1,2
8217,1,1
8218,1,1
8219,1,1
8221,1,2
8222,1,1
8223,1,1
8224,1,1
8226,1,2
8227,1,1
8228,1,1
8230,1,2
8231,1,1
8232,1,1
8233,1,1
8235,1,2
8236,1,1
8237,1,1
8239,2,2
8240,1,1
8241,1,1
8242,1,1
8244,1,2
8245,1,1
8246,1,1
8247,1,1
8249,1,2
8250,1,1
8251,1,1
8252,1,1
8254,1,2
8255,1,1
8256,1,1
8258,1,2
8259,1,1
8260,1,1
8261,1,1
8263,1,2
8264,1,1
8265,1,1
8267,2,2
8268,1,1
8269,1,1
8270,1,1
8272,1,2
8273,1,1
8274,1,1
8275,1,1
8277,1,2
8278,1,1
8279,1,1
8281,1,2
8282,1,1
8283,1,1
8284,1,1
8286,1,2
8287,1,1
8288,1,1
8290,2,2
8291,1,1
8292,1,1
8293,1,1
8294,0,1
8296,1,2
8297,1,1
8299,2,2
8300,1,1
8301,1,1
8302,1,1
8303,0,1
8305,1,2
8306,1,1
8307,1,1
8309,1,2
8310,1,1
8311,1,1
8312,1,1
8313,0,1
8315,1,2
8316,1,1
8318,2,2
8319,1,1
8320,1,1
8321,1,1
8322,0,1
8324,1,2
8325,1,1
8326,1,1
8328,1,2
8329,1,1
8330,1,1
8331,1,1
8332,1,1
8334,1,2
8335,1,1
8336,1,1
8337,0,1
8339,1,2
8340,1,1
8341,1,1
8343,2,2
8344,1,1
8345,1,1
8346,1,1
8347,1,1
8349,1,2
8350,1,1
8351,1,1
8353,2,2
8357,4,4
8357,3,0
8359,4,2
8359,3,0
8360,2,1
8361,2,1
8361,1,0
8362,1,1
8363,1,1
8365,1,2
8366,1,1
8367,1,1
8368,1,1
8370,1,2
8371,1,1
8372,1,1
8373,1,1
8375,1,2
8376,1,1
8377,1,1
8378,0,1
8380,1,2
8381,1,1
8382,1,1
8384,1,2
8385,1,1
8386,1,1
8387,1,1
8389,1,2
8390,1,1
8391,1,1
8392,1,1
8394,1,2
8395,1,1
8396,1,1
8398,1,2
8399,1,1
8400,1,1
8402,2,2
8403,1,1
8404,1,1
8405,1,1
8407,1,2
8408,1,1
8409,1,1
8411,2,2
8412,1,1
8413,1,1
8414,1,1
8416,1,2
8417,1,1
8418,1,1
8419,1,1
8421,1,2
8422,1,1
8423,1,1
8424,1,1
8426,1,2
8427,1,1
8428,1,1
8429,1,1
8431,1,2
8432,1,1
8433,1,1
8435,2,2
8436,1,1
8437,1,1
8438,1,1
8440,1,2
8441,1,1
8442,1,1
8444,1,2
8445,1,1
8446,1,1
8448,2,2
8449,1,1
8450,1,1
8451,1,1
8452,1,1
8454,1,2
8455,1,1
8456,1,1
8458,1,2
8459,1,1
8460,1,1
8461,1,1
8463,1,2
8464,1,1
8465,1,1
8467,1,2
8468,1,1
8469,1,1
8470,1,1
8472,1,2
8473,1,1
8474,1,1
8476,1,2
8477,1,1
8478,1,1
8479,1,1
8481,1,2
8482,1,1
8483,1,1
8484,0,1
8486,1,2
8487,1,1
8488,1,1
8490,1,2
8491,1,1
8492,1,1
8493,1,1
8495,1,2
8496,1,1
8497,1,1
8499,1,2
8500,1,1
8501,1,1
8503,2,2
8504,1,1
8505,1,1
8506,1,1
8508,1,2
8509,1,1
8510,1,1
8511,1,1
8513,1,2
8514,1,1
8515,1,1
8517,1,2
8518,1,1
8519,1,1
8520,1,1
8522,1,2
8523,1,1
8524,1,1
8526,1,2
8527,1,1
8528,1,1
8529,1,1
8531,1,2
8532,1,1
8533,1,1
8535,1,2
8536,1,1
8537,1,1
8538,1,1
8540,1,2
8541,1,1
8542,1,1
8544,2,2
8545,1,1
8546,1,1
8547,1,1
8549,1,2
8550,1,1
8551,1,1
8552,1,1
8554,1,2
8555,1,1
8556,1,1
8558,1,2
8559,1,1
8560,1,1
8561,1,1
8563,1,2
8564,1,1
8566,1,2
8567,1,1
8568,1,1
8569,1,1
8571,2,2
8572,1,1
8573,1,1
8574,1,1
8576,1,2
8577,1,1
8578,1,1
8579,1,1
8581,1,2
8582,1,1
8583,1,1
8584,1,1
8586,1,2
8587,1,1
8588,1,1
8589,1,1
8591,1,2
8592,1,1
8593,1,1
8594,1,1
8596,1,2
8597,1,1
8598,1,1
8599,1,1
8601,1,2
8602,1,1
8603,1,1
8605,1,2
8606,1,1
8607,1,1
8609,2,2
8610,1,1
8611,1,1
8612,1,1
8614,1,2
8615,1,1
8616,1,1
8617,1,1
8619,1,2
8620,1,1
8621,1,1
8623,2,2
8624,1,1
8625,1,1
8626,1,1
8627,1,1
8629,1,2
8630,1,1
8631,1,1
8632,1,1
8634,1,2
8635,1,1
8636,1,1
8637,1,1
8639,1,2
8640,1,1
8641,1,1
8643,2,2
8644,1,1
8645,1,1
8646,1,1
8647,1,1
8649,1,2
8650,1,1
8651,1,1
8652,1,1
8654,1,2
8655,1,1
8656,1,1
8658,2,2
8659,1,1
8660,1,1
8661,1,1
8662,1,1
8664,1,2
8665,1,1
8667,2,2
8668,2,1
8669,1,1
8670,1,1
8671,1,1
8673,2,2
8674,1,1
8675,1,1
8676,1,1
8677,1,1
8679,1,2
8680,1,1
8681,1,1
8683,2,2
8685,2,2
8686,2,1
8688,1,2
8689,1,1
8690,1,1
8692,2,2
8693,1,1
8694,1,1
8695,1,1
8697,2,2
8698,1,1
8699,1,1
8700,1,1
8702,2,2
8703,1,1
8704,1,1
8705,1,1
8707,1,2
8708,1,1
8709,1,1
8711,2,2
8712,1,1
8713,1,1
8714,1,1
8716,2,2
8717,1,1
8718,1,1
8719,1,1
8721,2,2
8722,1,1
8723,1,1
8724,1,1
8726,2,2
8727,1,1
8728,1,1
8729,1,1
8731,1,2
8732,1,1
8733,1,1
8734,1,1
8736,1,2
8737,1,1
8738,1,1
8739,1,1
8741,1,2
8742,1,1
8743,1,1
8744,1,1
8746,1,2
8747,1,1
8748,1,1
8750,2,2
8751,1,1
8752,1,1
8754,2,2
8755,1,1
8756,1,1
8757,1,1
8759,2,2
8760,1,1
8761,1,1
8762,1,1
8764,2,2
8765,1,1
8766,1,1
8767,1,1
8768,0,1
8770,1,2
8771,1,1
8773,1,2
8775,1,2
8777,1,2
8779,1,2
8781,1,2
8783,1,2
8785,1,2
8787,1,2
8789,1,2
8791,1,2
8793,1,2
8795,1,2
8797,1,2
8800,2,3
8802,1,2
8804,1,2
8806,1,2
8808,1,2
8810,1,2
8812,1,2
8814,1,2
8816,1,2
8818,1,2
8820,1,2
8822,1,2
8824,1,2
8825,1,1
8827,1,2
8828,1,1
8829,1,1
8830,1,1
8832,1,2
8833,1,1
8834,1,1
8835,1,1
8836,0,1
8838,1,2
8839,1,1
8840,1,1
8841,1,1
8843,1,2
8844,1,1
8845,1,1
8846,1,1
8848,1,2
8849,1,1
8850,1,1
8851,1,1
8852,0,1
8854,1,2
8855,1,1
8856,1,1
8857,1,1
8859,1,2
8860,1,1
8861,1,1
8862,1,1
8865,2,3
8865,1,0
8866,1,1
8868,2,2
8869,1,1
8870,1,1
8871,1,1
8872,1,1
8873,1,1
8875,1,2
8876,1,1
8877,1,1
8878,1,1
8880,1,2
8881,1,1
8882,1,1
8883,1,1
8884,0,1
8886,1,2
8887,1,1
8888,1,1
8889,1,1
8890,0,1
8892,1,2
8893,1,1
8894,1,1
8896,1,2
8897,1,1
8898,1,1
8899,1,1
8900,0,1
8902,1,2
8903,1,1
8904,1,1
8905,0,1
8907,1,2
8908,1,1
8909,1,1
8910,1,1
8912,1,2
8913,1,1
8914,1,1
8915,1,1
8916,0,1
8918,1,2
8919,1,1
8920,1,1
8921,0,1
8923,1,2
8924,1,1
8925,1,1
8926,0,1
8928,1,2
8929,1,1
8930,1,1
8931,1,1
8932,0,1
8934,1,2
8935,1,1
8936,1,1
8937,0,1
8939,1,2
8940,1,1
8941,1,1
8942,0,1
8943,0,1
8945,1,2
8946,1,1
8950,4,4
8950,2,0
8954,5,4
8957,7,3
8957,5,0
8957,4,0
8957,3,0
8957,1,0
8958,1,1
8961,2,3
8961,1,0
8963,1,2
8964,1,1
8966,1,2
8967,1,1
8969,1,2
8970,1,1
8972,2,2
8975,1,3
8978,1,3
8979,1,1
8980,1,1
8982,1,2
8983,1,1
8985,2,2
8986,1,1
8987,1,1
8989,2,2
8990,1,1
8991,1,1
8992,1,1
8994,1,2
8995,1,1
8996,1,1
8998,1,2
8999,1,1
9000,1,1
9002,1,2
9003,1,1
9004,1,1
9006,1,2
9007,1,1
9008,1,1
9010,1,2
9011,1,1
9012,1,1
9014,1,2
9015,1,1
9016,1,1
9018,1,2
9019,1,1
9020,1,1
9022,1,2
9023,1,1
9024,1,1
9026,1,2
9027,1,1
9028,1,1
9030,1,2
9031,1,1
9033,2,2
9034,1,1
9035,1,1
9037,2,2
9038,1,1
9039,1,1
9040,1,1
9042,1,2
9043,1,1
9044,1,1
9046,1,2
9047,1,1
9048,1,1
9049,1,1
9051,1,2
9052,1,1
9053,1,1
9055,1,2
9056,1,1
9057,1,1
9058,1,1
9060,1,2
9061,1,1
9062,1,1
9063,1,1
9065,1,2
9066,1,1
9067,1,1
9068,1,1
9070,1,2
9071,1,1
9072,1,1
9074,1,2
9075,1,1
9076,1,1
9077,1,1
9079,1,2
9080,1,1
9081,1,1
9083,2,2
9084,1,1
9085,1,1
9086,1,1
9087,1,1
9089,1,2
9090,1,1
9091,1,1
9092,1,1
9094,2,2
9095,1,1
9096,1,1
9097,1,1
9099,2,2
9100,1,1
9101,1,1
9102,1,1
9103,1,1
9105,1,2
9106,1,1
9107,1,1
9108,1,1
9110,1,2
9111,1,1
9112,1,1
9113,1,1
9115,1,2
9116,1,1
9117,1,1
9119,1,2
9120,1,1
9121,1,1
9122,1,1
9123,1,1
9125,1,2
9126,1,1
9127,1,1
9128,1,1
9130,1,2
9131,1,1
9132,1,1
9133,0,1
9135,1,2
9136,1,1
9137,1,1
9139,1,2
9140,1,1
9141,1,1
9142,1,1
9143,1,1
9145,1,2
9146,1,1
9147,1,1
9148,1,1
9150,1,2
9151,1,1
9152,1,1
9153,1,1
9155,1,2
9156,1,1
9157,1,1
9158,0,1
9160,1,2
9161,1,1
9162,1,1
9163,1,1
9165,1,2
9166,1,1
9167,1,1
9168,1,1
9170,1,2
9171,1,1
9172,1,1
9174,2,2
9175,1,1
9176,1,1
9177,1,1
9178,1,1
9180,1,2
9181,1,1
9182,1,1
9183,1,1
9185,1,2
9186,1,1
9187,1,1
9189,2,2
9190,1,1
9191,1,1
9192,1,1
9193,1,1
9195,1,2
9196,1,1
9197,1,1
9199,2,2
9200,1,1
9201,1,1
9202,1,1
9204,2,2
9205,1,1
9206,1,1
9207,1,1
9208,1,1
9210,2,2
9211,1,1
9212,1,1
9213,1,1
9214,1,1
9216,1,2
9217,1,1
9218,1,1
9219,1,1
9220,1,1
9222,1,2
9223,1,1
9224,1,1
9225,1,1
9226,1,1
9228,1,2
9229,1,1
9230,1,1
9231,1,1
9232,1,1
9234,1,2
9235,1,1
9236,1,1
9237,1,1
9238,1,1
9240,1,2
9241,1,1
9242,1,1
9243,1,1
9245,2,2
9246,1,1
9247,1,1
9248,1,1
9249,1,1
9251,1,2
9252,1,1
9253,1,1
9254,1,1
9255,0,1
9257,1,2
9258,1,1
9259,1,1
9260,1,1
9262,1,2
9263,1,1
9264,1,1
9265,1,1
9266,1,1
9268,1,2
9269,1,1
9270,1,1
9271,1,1
9272,1,1
9274,1,2
9275,1,1
9276,1,1
9277,1,1
9279,1,2
9280,1,1
9281,1,1
9282,1,1
9283,1,1
9285,1,2
9286,1,1
9287,1,1
9288,1,1
9290,1,2
9291,1,1
9292,1,1
9293,1,1
9295,2,2
9296,1,1
9297,1,1
9298,1,1
9299,1,1
9301,2,2
9302,1,1
9303,1,1
9304,1,1
9305,1,1
9307,1,2
9308,1,1
9309,1,1
9310,1,1
9311,0,1
9313,1,2
9314,1,1
9315,1,1
9316,1,1
9318,1,2
9319,1,1
9320,1,1
9321,1,1
9323,1,2
9324,1,1
9325,1,1
9326,1,1
9327,1,1
9329,1,2
9330,1,1
9331,1,1
9332,1,1
9334,1,2
9335,1,1
9336,1,1
9337,1,1
9339,2,2
9340,1,1
9341,1,1
9342,1,1
9343,1,1
9345,1,2
9346,1,1
9347,1,1
9348,1,1
9350,1,2
9351,1,1
9352,1,1
9353,1,1
9355,1,2
9356,1,1
9357,1,1
9358,1,1
9360,1,2
9361,1,1
9362,1,1
9363,1,1
9365,1,2
9366,1,1
9367,1,1
9368,1,1
9370,1,2
9371,1,1
9372,1,1
9373,1,1
9375,2,2
9376,1,1
9377,1,1
9378,1,1
9379,1,1
9381,1,2
9382,1,1
9383,1,1
9384,1,1
9386,1,2
9387,1,1
9388,1,1
9389,1,1
9391,1,2
9392,1,1
9393,1,1
9395,1,2
9396,1,1
9397,1,1
9398,1,1
9400,1,2
9401,1,1
9402,1,1
9403,1,1
9405,1,2
9406,1,1
9407,1,1
9408,1,1
9410,1,2
9411,1,1
9412,1,1
9414,1,2
9415,1,1
9416,1,1
9417,1,1
9419,1,2
9420,1,1
9421,1,1
9422,1,1
9424,1,2
9425,1,1
9426,1,1
9427,1,1
9429,1,2
9430,1,1
9432,2,2
9433,1,1
9434,1,1
9435,1,1
9436,1,1
9438,1,2
9439,1,1
9440,1,1
9441,1,1
9443,1,2
9444,1,1
9445,1,1
9447,1,2
9448,1,1
9449,1,1
9450,1,1
9452,1,2
9453,1,1
9454,1,1
9456,2,2
9457,1,1
9458,1,1
9459,1,1
9461,2,2
9462,1,1
9463,1,1
9464,1,1
9466,1,2
9467,1,1
9468,1,1
9470,2,2
9471,1,1
9472,1,1
9473,1,1
9475,1,2
9476,1,1
9477,1,1
9478,1,1
9483,4,5
9483,3,0
9483,2,0
9483,1,0
9485,1,2
9486,1,1
9487,1,1
9488,1,1
9490,1,2
9491,1,1
9492,1,1
9493,1,1
9495,1,2
9496,1,1
9497,1,1
9498,1,1
9500,1,2
9501,1,1
9502,1,1
9503,1,1
9505,1,2
9506,1,1
9507,1,1
9508,1,1
9510,1,2
9511,1,1
9512,1,1
9514,2,2
9515,1,1
9516,1,1
9517,1,1
9519,2,2
9520,1,1
9521,1,1
9522,1,1
9523,1,1
9524,0,1
9526,1,2
9527,1,1
9528,1,1
9530,1,2
9531,1,1
9532,1,1
9533,1,1
9535,1,2
9536,1,1
9537,1,1
9539,2,2
9540,1,1
9541,1,1
9542,1,1
9543,1,1
9545,1,2
9546,1,1
9547,1,1
9549,2,2
9550,1,1
9551,1,1
9552,1,1
9553,0,1
9555,1,2
9556,1,1
9557,1,1
9558,0,1
9560,1,2
9561,1,1
9562,1,1
9564,1,2
9565,1,1
9566,1,1
9568,2,2
9569,1,1
9570,1,1
9571,1,1
9573,2,2
9574,1,1
9575,1,1
9576,1,1
9578,1,2
9579,1,1
9580,1,1
9581,1,1
9583,1,2
9584,1,1
9585,1,1
9587,1,2
9588,1,1
9589,1,1
9590,1,1
9592,1,2
9593,1,1
9594,1,1
9595,1,1
9596,0,1
9598,1,2
9599,1,1
9600,1,1
9602,1,2
9603,1,1
9604,1,1
9606,1,2
9607,1,1
9608,1,1
9610,2,2
9611,1,1
9612,1,1
9613,1,1
9615,2,2
9616,1,1
9617,1,1
9619,2,2
9619,0,0
9621,1,2
9622,1,1
9624,2,2
9625,1,1
9626,1,1
9627,1,1
9628,1,1
9630,1,2
9631,1,1
9632,1,1
9634,1,2
9635,1,1
9636,1,1
9638,2,2
9638,0,0
9640,1,2
9641,1,1
9643,2,2
9644,1,1
9645,1,1
9646,1,1
9648,1,2
9649,1,1
9650,1,1
9651,1,1
9653,1,2
9654,1,1
9655,1,1
9656,1,1
9658,1,2
9659,1,1
9660,1,1
9662,1,2
9663,1,1
9664,1,1
9665,1,1
9667,1,2
9668,1,1
9669,1,1
9671,2,2
9672,1,1
9673,1,1
9675,2,2
9676,1,1
9677,1,1
9678,1,1
9680,1,2
9681,1,1
9682,1,1
9683,1,1
9685,1,2
9686,1,1
9687,1,1
9689,2,2
9690,1,1
9691,1,1
9692,1,1
9694,2,2
9695,1,1
9696,1,1
9697,1,1
9699,1,2
9700,1,1
9702,2,2
9703,2,1
9704,1,1
9705,1,1
9707,2,2
9708,2,1
9709,1,1
9710,1,1
9712,2,2
9713,1,1
9714,1,1
9715,1,1
9717,2,2
9718,1,1
9719,1,1
9720,1,1
9722,2,2
9723,1,1
9724,1,1
9725,1,1
9727,1,2
9728,1,1
9729,1,1
9731,2,2
9732,1,1
9733,1,1
9734,1,1
9736,2,2
9737,1,1
9738,1,1
9739,1,1
9740,1,1
9742,1,2
9743,1,1
9744,1,1
9746,1,2
9747,1,1
9748,1,1
9750,2,2
9751,1,1
9752,1,1
9753,1,1
9755,1,2
9756,1,1
9757,1,1
9759,2,2
9760,1,1
9761,1,1
9762,1,1
9764,2,2
9765,1,1
9766,1,1
9767,1,1
9769,1,2
9770,1,1
9771,1,1
9773,2,2
9774,1,1
9775,1,1
9776,1,1
9778,2,2
9779,1,1
9780,1,1
9781,1,1
9783,1,2
9784,1,1
9785,1,1
9787,2,2
9788,1,1
9789,1,1
9790,1,1
9791,1,1
9793,1,2
9794,1,1
9795,1,1
9797,1,2
9798,1,1
9799,1,1
9800,1,1
9802,1,2
9803,1,1
9804,1,1
9806,2,2
9807,1,1
9808,1,1
9809,1,1
9811,1,2
9812,1,1
9813,1,1
9815,2,2
9816,1,1
9817,1,1
9818,1,1
9819,1,1
9821,1,2
9822,1,1
9823,1,1
9825,1,2
9826,1,1
9827,1,1
9828,1,1
9830,1,2
9831,1,1
9832,1,1
9834,2,2
9835,1,1
9836,1,1
9837,1,1
9839,1,2
9840,1,1
9841,1,1
9843,2,2
9844,1,1
9845,1,1
9846,1,1
9848,2,2
9849,1,1
9850,1,1
9852,2,2
9853,1,1
9854,1,1
9855,1,1
9856,1,1
9858,1,2
9859,1,1
9860,1,1
9861,1,1
9863,1,2
9864,1,1
9865,1,1
9867,1,2
9868,1,1
9869,1,1
9870,1,1
9872,1,2
9873,1,1
9874,1,1
9875,1,1
9877,1,2
9878,1,1
9879,1,1
9880,1,1
9882,1,2
9883,1,1
9884,1,1
9886,2,2
9887,1,1
9888,1,1
9889,1,1
9891,1,2
9892,1,1
9893,1,1
9894,1,1
9896,1,2
9897,1,1
9898,1,1
9900,2,2
9901,1,1
9902,1,1
9903,1,1
9905,1,2
9906,1,1
9907,1,1
9908,1,1
9910,1,2
9911,1,1
9912,1,1
9913,1,1
9915,1,2
9916,1,1
9918,2,2
9919,1,1
9920,1,1
9921,1,1
9923,2,2
9924,1,1
9925,1,1
9926,1,1
9928,2,2
9929,1,1
9930,1,1
9931,1,1
9933,1,2
9934,1,1
9935,1,1
9936,1,1
9938,1,2
9939,1,1
9940,1,1
9942,2,2
9943,1,1
9944,1,1
9945,1,1
9947,1,2
9948,1,1
9949,1,1
9951,2,2
9952,1,1
9953,1,1
9954,1,1
9956,2,2
9957,1,1
9958,1,1
9959,1,1
9961,2,2
9962,1,1
9963,1,1
9965,2,2
9966,1,1
9967,1,1
9968,1,1
9969,1,1
9971,1,2
9973,2,2
9974,2,1
9975,1,1
9976,1,1
9977,1,1
9979,1,2
9980,1,1
9982,1,2
9983,1,1
9985,2,2
9986,1,1
9987,1,1
9989,1,2
9991,2,2
9991,1,0
9995,3,4
9996,3,1
9996,1,0
10002,6,6
10002,5,0
10003,1,1
10005,1,2
10006,1,1
10007,1,1
10008,1,1
10009,0,1
10011,1,2
10012,1,1
10013,1,1
10014,1,1
10016,1,2
10017,1,1
10018,1,1
10019,1,1
10021,1,2
10022,1,1
10023,1,1
10024,1,1
10025,1,1
10027,1,2
10028,1,1
10029,1,1
10030,1,1
10032,1,2
10033,1,1
10034,1,1
10035,1,1
10036,0,1
10038,1,2
10039,1,1
10040,1,1
10041,1,1
10043,1,2
10044,1,1
10045,1,1
10046,1,1
10047,0,1
10049,1,2
10050,1,1
10051,1,1
10052,1,1
10053,0,1
10055,1,2
10056,1,1
10057,1,1
10058,0,1
10060,1,2
10061,1,1
10062,1,1
10064,1,2
10065,1,1
10066,1,1
10067,1,1
10068,0,1
10070,1,2
10071,1,1
10072,1,1
10074,1,2
10075,1,1
10076,1,1
10077,1,1
10078,1,1
10079,0,1
10081,1,2
10082,1,1
10083,1,1
10084,1,1
10086,1,2
10087,1,1
10088,1,1
10089,1,1
10091,1,2
10092,1,1
10093,1,1
10094,1,1
10095,1,1
10097,1,2
10098,1,1
10099,1,1
10100,1,1
10101,0,1
10103,1,2
10104,1,1
10105,1,1
10106,1,1
10108,1,2
10109,1,1
10110,1,1
10111,1,1
10113,1,2
10114,1,1
10115,1,1
10116,1,1
10117,1,1
10119,1,2
10120,1,1
10121,1,1
10123,1,2
10124,1,1
10125,1,1
10126,1,1
10127,1,1
10129,1,2
10130,1,1
10131,1,1
10132,1,1
10133,0,1
10135,1,2
10136,1,1
10137,1,1
10138,0,1
10140,1,2
10141,1,1
10142,1,1
10143,1,1
10145,1,2
10146,1,1
10147,1,1
10148,1,1
10150,1,2
10151,1,1
10152,1,1
10153,1,1
10154,1,1
10156,1,2
10157,1,1
10158,1,1
10159,1,1
10160,0,1
10162,1,2
10163,1,1
10164,1,1
10165,1,1
10167,1,2
10168,1,1
10169,1,1
10170,1,1
10172,1,2
10173,1,1
10174,1,1
10175,1,1
10176,1,1
10178,1,2
10179,1,1
10180,1,1
10181,1,1
10183,1,2
10184,1,1
10185,1,1
10186,1,1
10187,1,1
10189,1,2
10190,1,1
10191,1,1
10192,1,1
10194,1,2
10195,1,1
10196,1,1
10197,1,1
10199,1,2
10200,1,1
10201,1,1
10202,1,1
10204,1,2
10205,1,1
10206,1,1
10207,1,1
10208,1,1
10210,1,2
10211,1,1
10212,1,1
10213,0,1
10215,1,2
10216,1,1
10217,1,1
10218,0,1
10220,1,2
10221,1,1
10222,1,1
10223,1,1
10224,0,1
10226,1,2
10227,1,1
10228,1,1
10229,0,1
10231,1,2
10232,1,1
10233,1,1
10235,1,2
10236,1,1
10237,1,1
10238,1,1
10239,1,1
10241,1,2
10242,1,1
10243,1,1
10244,0,1
10246,1,2
10247,1,1
10248,1,1
10249,1,1
10251,1,2
10252,1,1
10253,1,1
10254,1,1
10256,1,2
10257,1,1
10258,1,1
10259,1,1
10263,3,4
10263,2,0
10263,1,0
10265,1,2
10266,1,1
10267,1,1
10268,1,1
10269,1,1
10271,1,2
10272,1,1
10273,1,1
10275,1,2
10276,1,1
10277,1,1
10278,1,1
10280,1,2
10281,1,1
10282,1,1
10284,1,2
10287,1,3
10288,1,1
10289,0,1
10291,1,2
10292,1,1
10293,1,1
10294,1,1
10296,1,2
10297,1,1
10298,1,1
10299,1,1
10300,1,1
10302,1,2
10303,1,1
10304,1,1
10305,1,1
10307,1,2
10308,1,1
10309,1,1
10311,2,2
10312,1,1
10313,1,1
10314,1,1
10315,1,1
10317,1,2
10318,1,1
10319,1,1
10320,1,1
10322,1,2
10323,1,1
10324,1,1
10325,1,1
10327,2,2
10328,1,1
10329,1,1
10330,1,1
10331,1,1
10333,1,2
10334,1,1
10335,1,1
10336,1,1
10337,0,1
10339,1,2
10340,1,1
10341,1,1
10342,1,1
10344,1,2
10345,1,1
10346,1,1
10347,1,1
10348,1,1
10350,1,2
10351,1,1
10352,1,1
10353,1,1
10355,1,2
10356,1,1
10357,1,1
10358,1,1
10360,1,2
10361,1,1
10362,1,1
10363,1,1
10364,1,1
10366,1,2
10367,1,1
10368,1,1
10369,1,1
10371,1,2
10372,1,1
10373,1,1
10374,1,1
10375,1,1
10377,1,2
10378,1,1
10379,1,1
10380,1,1
10382,1,2
10383,1,1
10384,1,1
10385,1,1
10387,2,2
10388,1,1
10389,1,1
10390,1,1
10391,1,1
10393,1,2
10394,1,1
10395,1,1
10396,1,1
10397,1,1
10399,1,2
10400,1,1
10401,1,1
10402,1,1
10404,1,2
10405,1,1
10406,1,1
10407,1,1
10409,2,2
10410,1,1
10411,1,1
10412,1,1
10413,1,1
10415,1,2
10416,1,1
10417,1,1
10418,1,1
10419,1,1
10421,1,2
10422,1,1
10423,1,1
10424,1,1
10426,1,2
10427,1,1
10428,1,1
10429,1,1
10431,2,2
10432,1,1
10433,1,1
10434,1,1
10435,1,1
10437,1,2
10438,1,1
10439,1,1
10440,1,1
10442,2,2
10443,1,1
10444,1,1
10445,1,1
10446,1,1
10448,1,2
10449,1,1
10450,1,1
10451,1,1
10453,1,2
10454,1,1
10455,1,1
10456,1,1
10458,1,2
10459,1,1
10460,1,1
10461,1,1
10463,1,2
10464,1,1
10465,1,1
10466,1,1
10468,2,2
10469,1,1
10470,1,1
10471,1,1
10473,2,2
10474,1,1
10475,1,1
10476,1,1
10478,2,2
10479,1,1
10480,1,1
10481,1,1
10483,2,2
10484,1,1
10485,1,1
10486,1,1
10487,1,1
10489,2,2
10490,1,1
10491,1,1
10492,1,1
10493,1,1
10495,1,2
10496,1,1
10497,1,1
10498,1,1
10500,1,2
10501,1,1
10502,1,1
10503,1,1
10505,2,2
10506,1,1
10507,1,1
10508,1,1
10509,1,1
10511,1,2
10512,1,1
10513,1,1
10514,1,1
10516,2,2
10517,1,1
10518,1,1
10519,1,1
10520,1,1
10522,1,2
10523,1,1
10524,1,1
10525,1,1
10527,1,2
10528,1,1
10529,1,1
10531,2,2
10532,2,1
10533,1,1
10534,1,1
10535,1,1
10537,2,2
10538,1,1
10539,1,1
10540,1,1
10542,2,2
10543,1,1
10544,1,1
10545,1,1
10546,1,1
10548,1,2
10549,1,1
10550,1,1
10551,1,1
10553,2,2
10554,1,1
10555,1,1
10557,2,2
10558,2,1
10559,1,1
10560,1,1
10561,1,1
10563,2,2
10564,1,1
10565,1,1
10567,2,2
10568,1,1
10569,1,1
10570,1,1
10572,2,2
10573,1,1
10574,1,1
10575,1,1
10577,2,2
10578,1,1
10579,1,1
10580,1,1
10582,2,2
10583,1,1
10584,1,1
10585,1,1
10586,1,1
10588,1,2
10589,1,1
10590,1,1
10591,1,1
10593,1,2
10594,1,1
10595,1,1
10596,1,1
10598,1,2
10599,1,1
10600,1,1
10602,2,2
10603,1,1
10604,1,1
10605,1,1
10606,1,1
10608,1,2
10609,1,1
10610,1,1
10611,1,1
10613,1,2
10614,1,1
10615,1,1
10616,1,1
10618,1,2
10619,1,1
10620,1,1
10622,2,2
10623,1,1
10624,1,1
10625,1,1
10626,1,1
10628,1,2
10629,1,1
10630,1,1
10632,2,2
10633,1,1
10634,1,1
10635,1,1
10637,2,2
10638,1,1
10639,1,1
10641,2,2
10642,1,1
10643,1,1
10644,1,1
10645,1,1
10647,1,2
10648,1,1
10649,1,1
10650,1,1
10652,2,2
10653,1,1
10654,1,1
10655,1,1
10657,1,2
10658,1,1
10659,1,1
10660,1,1
10662,1,2
10663,1,1
10664,1,1
10665,1,1
10667,1,2
10669,2,2
10670,1,1
10671,1,1
10672,1,1
10674,2,2
10675,1,1
10676,1,1
10677,1,1
10678,1,1
10680,1,2
10681,1,1
10682,1,1
10683,1,1
10685,2,2
10686,1,1
10687,1,1
10688,1,1
10690,2,2
10691,1,1
10692,1,1
10693,1,1
10695,2,2
10696,1,1
10697,1,1
10698,1,1
10700,2,2
10701,1,1
10702,1,1
10703,1,1
10705,2,2
10706,1,1
10707,1,1
10708,1,1
10710,2,2
10711,1,1
10712,1,1
10713,1,1
10715,2,2
10716,1,1
10717,1,1
10718,1,1
10720,2,2
10721,1,1
10722,1,1
10723,1,1
10725,1,2
10726,1,1
10727,1,1
10728,1,1
10730,1,2
10731,1,1
10732,1,1
10733,1,1
10735,2,2
10736,1,1
10737,1,1
10738,1,1
10740,2,2
10741,1,1
10742,1,1
10743,1,1
10745,2,2
10746,1,1
10747,1,1
10749,2,2
10750,1,1
10751,1,1
10752,1,1
10753,1,1
10755,1,2
10756,1,1
10757,1,1
10758,1,1
10760,1,2
10761,1,1
10762,1,1
10763,1,1
10765,2,2
10766,1,1
10767,1,1
10768,1,1
10770,1,2
10771,1,1
10772,1,1
10773,1,1
10775,1,2
10776,1,1
10777,1,1
10778,1,1
10780,2,2
10781,1,1
10782,1,1
10783,1,1
10785,2,2
10786,1,1
10787,1,1
10788,1,1
10790,2,2
10791,1,1
10792,1,1
10793,1,1
10795,2,2
10796,1,1
10797,1,1
10798,1,1
10799,1,1
10801,1,2
10802,1,1
10803,1,1
10804,1,1
10805,1,1
10807,1,2
10808,1,1
10809,1,1
10811,2,2
10812,1,1
10813,1,1
10814,1,1
10816,2,2
10817,1,1
10818,1,1
10819,1,1
10820,1,1
10822,1,2
10823,1,1
10824,1,1
10826,2,2
10827,1,1
10828,1,1
10829,1,1
10830,1,1
10832,1,2
10833,1,1
10834,1,1
10835,1,1
10837,1,2
10838,1,1
10839,1,1
10840,1,1
10842,1,2
10843,1,1
10844,1,1
10845,1,1
10847,1,2
10848,1,1
10849,1,1
10850,1,1
10852,1,2
10854,2,2
10858,5,4
10858,4,0
10860,4,2
10860,3,0
10860,2,0
10861,1,1
10863,2,2
10864,1,1
10865,1,1
10866,1,1
10867,1,1
10868,0,1
10870,1,2
10871,1,1
10872,1,1
10873,0,1
10875,1,2
10876,1,1
10877,1,1
10878,1,1
10880,1,2
10881,1,1
10882,1,1
10884,2,2
10885,1,1
10886,1,1
10887,1,1
10888,1,1
10890,1,2
10891,1,1
10892,1,1
10893,1,1
10895,1,2
10896,1,1
10897,1,1
10898,1,1
10900,1,2
10901,1,1
10902,1,1
10903,1,1
10905,1,2
10906,1,1
10907,1,1
10908,1,1
10910,1,2
10911,1,1
10912,1,1
10913,1,1
10915,2,2
10916,1,1
10917,1,1
10918,1,1
10919,1,1
10921,1,2
10922,1,1
10923,1,1
10925,2,2
10926,1,1
10927,1,1
10928,1,1
10930,2,2
10931,1,1
10932,1,1
10933,1,1
10934,1,1
10936,1,2
10937,1,1
10938,1,1
10940,2,2
10941,1,1
10942,1,1
10943,1,1
10944,1,1
10946,1,2
10947,1,1
10948,1,1
10949,1,1
10951,1,2
10952,1,1
10953,1,1
10954,1,1
10956,1,2
10957,1,1
10958,1,1
10959,1,1
10961,1,2
10962,1,1
10963,1,1
10965,2,2
10966,1,1
10967,1,1
10968,1,1
10970,2,2
10972,2,2
10974,3,2
10976,4,2
10976,2,0
10976,0,0
10978,1,2
10979,1,1
10980,1,1
10981,0,1
10983,1,2
10984,1,1
10986,2,2
10987,1,1
10988,1,1
10989,1,1
10990,1,1
10992,1,2
10993,1,1
10994,1,1
10995,1,1
10996,1,1
10998,1,2
10999,1,1
11000,1,1
11001,1,1
11003,1,2
11004,1,1
11005,1,1
11006,1,1
11008,1,2
11009,1,1
11010,1,1
11011,1,1
11013,1,2
11014,1,1
11015,1,1
11017,2,2
11018,1,1
11019,1,1
11020,1,1
11021,1,1
11023,1,2
11024,1,1
11025,1,1
11027,2,2
11028,1,1
11029,1,1
11030,1,1
11031,1,1
11033,1,2
11034,1,1
11035,1,1
11036,1,1
11038,1,2
11039,1,1
11040,1,1
11042,1,2
11043,1,1
11044,1,1
11046,2,2
11047,1,1
11048,1,1
11049,1,1
11051,1,2
11052,1,1
11053,1,1
11055,1,2
11057,1,2
11059,1,2
11061,1,2
11063,1,2
11065,1,2
11067,1,2
11069,1,2
11071,1,2
11073,1,2
11076,2,3
11078,1,2
11080,1,2
11082,1,2
11084,1,2
11086,1,2
11088,1,2
11090,1,2
11092,1,2
11094,1,2
11096,1,2
11098,1,2
11100,1,2
11102,1,2
11104,1,2
11106,1,2
11108,1,2
11110,1,2
11112,1,2
11114,1,2
11116,1,2
11118,1,2
11119,1,1
11120,1,1
11121,1,1
11123,1,2
11124,1,1
11125,1,1
11126,1,1
11128,1,2
11129,1,1
11130,1,1
11131,1,1
11133,1,2
11134,1,1
11135,1,1
11136,1,1
11137,0,1
11139,1,2
11140,1,1
11141,1,1
11143,2,2
11143,0,0
11145,1,2
11146,1,1
11147,1,1
11148,0,1
11150,1,2
11151,1,1
11152,1,1
11153,0,1
11155,1,2
11156,1,1
11157,1,1
11158,1,1
11160,1,2
11161,1,1
11162,1,1
11163,1,1
11164,0,1
11166,1,2
11167,1,1
11168,1,1
11169,1,1
11171,1,2
11172,1,1
11173,1,1
11174,1,1
11175,0,1
11177,1,2
11178,1,1
11179,1,1
11180,1,1
11182,1,2
11183,1,1
11184,1,1
11185,1,1
11186,0,1
11188,1,2
11189,1,1
11190,1,1
11191,1,1
11192,0,1
11194,1,2
11195,1,1
11196,1,1
11197,0,1
11199,1,2
11200,1,1
11201,1,1
11203,1,2
11204,1,1
11205,1,1
11207,2,2
11208,1,1
11209,1,1
11210,1,1
11211,1,1
11213,1,2
11214,1,1
11215,1,1
11216,1,1
11217,0,1
11219,1,2
11220,1,1
11221,1,1
11222,1,1
11224,1,2
11225,1,1
11226,1,1
11227,1,1
11229,1,2
11230,1,1
11231,1,1
11232,1,1
11234,1,2
11235,1,1
11236,1,1
11237,1,1
11238,1,1
11240,1,2
11241,1,1
11242,1,1
11243,1,1
11244,0,1
11246,1,2
11247,1,1
11248,1,1
11249,0,1
11251,1,2
11252,1,1
11253,1,1
11255,1,2
11256,1,1
11257,1,1
11258,1,1
11259,0,1
11261,1,2
11262,1,1
11263,1,1
11265,2,2
11266,1,1
11267,1,1
11268,1,1
11269,0,1
11271,1,2
11272,1,1
11273,1,1
11275,1,2
11276,1,1
11277,1,1
11279,1,2
11280,1,1
11281,1,1
11282,1,1
11284,1,2
11285,1,1
11286,1,1
11287,1,1
11289,1,2
11290,1,1
11291,1,1
11292,0,1
11294,1,2
11295,1,1
11296,1,1
11297,0,1
11299,1,2
11300,1,1
11301,1,1
11303,1,2
11304,1,1
11305,1,1
11307,1,2
11308,1,1
11309,1,1
11310,1,1
11312,1,2
11313,1,1
11314,1,1
11315,1,1
11317,1,2
11318,1,1
11320,2,2
11320,0,0
11322,1,2
11323,1,1
11324,1,1
11326,1,2
11327,1,1
11328,1,1
11329,1,1
11331,1,2
11332,1,1
11333,1,1
11335,1,2
11336,1,1
11337,1,1
11339,2,2
11340,1,1
11341,1,1
11342,1,1
11343,0,1
11345,1,2
11346,1,1
11347,1,1
11348,0,1
11350,1,2
11351,1,1
11352,1,1
11354,1,2
11355,1,1
11356,1,1
11358,1,2
11359,1,1
11360,1,1
11361,1,1
11363,1,2
11364,1,1
11365,1,1
11367,1,2
11368,1,1
11369,1,1
11371,2,2
11372,1,1
11373,1,1
11375,2,2
11375,1,0
11377,1,2
11378,1,1
11379,1,1
11380,1,1
11382,1,2
11383,1,1
11384,1,1
11386,1,2
11387,1,1
11388,1,1
11389,1,1
11391,1,2
11392,1,1
11393,1,1
11394,1,1
11396,1,2
11397,1,1
11398,1,1
11399,1,1
11401,1,2
11402,1,1
11403,1,1
11404,1,1
11405,0,1
11407,1,2
11408,1,1
11409,1,1
11411,1,2
11412,1,1
11413,1,1
11414,1,1
11416,1,2
11417,1,1
11418,1,1
11419,1,1
11421,1,2
11422,1,1
11423,1,1
11424,1,1
11426,1,2
11427,1,1
11428,1,1
11430,2,2
11432,2,2
11432,1,0
11433,1,1
11436,3,3
11436,1,0
11437,1,1
11438,1,1
11440,1,2
11441,1,1
11443,2,2
11444,1,1
11445,1,1
11447,1,2
11448,1,1
11449,1,1
11450,0,1
11452,1,2
11453,1,1
11455,1,2
11456,1,1
11458,1,2
11459,1,1
11460,1,1
11462,1,2
11463,1,1
11464,1,1
11466,1,2
11467,1,1
11468,1,1
11470,1,2
11471,1,1
11472,1,1
11473,1,1
11475,1,2
11476,1,1
11477,1,1
11479,2,2
11480,1,1
11481,1,1
11482,1,1
11484,1,2
11485,1,1
11486,1,1
11487,1,1
11489,1,2
11490,1,1
11491,1,1
11492,1,1
11493,0,1
11495,1,2
11496,1,1
11497,1,1
11499,1,2
11500,1,1
11501,1,1
11502,1,1
11504,1,2
11505,1,1
11506,1,1
11507,1,1
11508,0,1
11510,1,2
11511,1,1
11512,1,1
11514,1,2
11515,1,1
11516,1,1
11517,0,1
11519,1,2
11520,1,1
11521,1,1
11523,1,2
11524,1,1
11525,1,1
11527,2,2
11527,0,0
11529,1,2
11530,1,1
11531,1,1
11533,1,2
11534,1,1
11535,1,1
11537,1,2
11538,1,1
11539,1,1
11540,1,1
11542,1,2
11543,1,1
11544,1,1
11545,1,1
11547,1,2
11548,1,1
11549,1,1
11550,1,1
11552,1,2
11553,1,1
11554,1,1
11555,1,1
11557,1,2
11558,1,1
11559,1,1
11561,2,2
11562,1,1
11563,1,1
11564,1,1
11565,0,1
11567,1,2
11568,1,1
11569,1,1
11571,1,2
11572,1,1
11573,1,1
11574,1,1
11575,0,1
11577,1,2
11578,1,1
11579,1,1
11580,0,1
11582,1,2
11583,1,1
11584,1,1
11585,0,1
11587,1,2
11588,1,1
11589,1,1
11590,0,1
11592,1,2
11593,1,1
11594,1,1
11596,1,2
11597,1,1
11598,1,1
11600,2,2
11601,1,1
11602,1,1
11603,1,1
11605,2,2
11606,1,1
11607,1,1
11608,1,1
11610,1,2
11612,2,2
11612,1,0
11614,2,2
11615,1,1
11616,1,1
11617,1,1
11618,1,1
11620,1,2
11621,1,1
11622,1,1
11623,1,1
11624,0,1
11625,0,1
11627,1,2
11628,1,1
11630,2,2
11631,1,1
11632,1,1
11633,1,1
11635,1,2
11636,1,1
11637,1,1
11638,1,1
11640,1,2
11641,1,1
11642,1,1
11644,1,2
11645,1,1
11646,1,1
11647,1,1
11649,1,2
11650,1,1
11651,1,1
11652,0,1
11654,1,2
11655,1,1
11656,1,1
11657,0,1
11659,1,2
11660,1,1
11661,0,1
11663,1,2
11664,1,1
11665,1,1
11666,0,1
11668,1,2
11669,1,1
11670,0,1
11672,1,2
11673,1,1
11674,1,1
11676,1,2
11677,1,1
11678,1,1
11679,1,1
11681,1,2
11682,1,1
11683,1,1
11685,1,2
11686,1,1
11687,1,1
11689,2,2
11690,1,1
11691,1,1
11692,1,1
11694,1,2
11695,1,1
11696,1,1
11697,1,1
11699,1,2
11700,1,1
11701,1,1
11702,0,1
11704,1,2
11705,1,1
11706,1,1
11708,1,2
11709,1,1
11710,1,1
11711,1,1
11713,1,2
11714,1,1
11715,1,1
11717,1,2
11718,1,1
11719,1,1
11720,1,1
11722,1,2
11723,1,1
11724,1,1
11725,0,1
11727,1,2
11728,1,1
11729,1,1
11730,0,1
11732,1,2
11733,1,1
11734,1,1
11736,1,2
11737,1,1
11738,1,1
11740,1,2
11741,1,1
11742,1,1
11743,1,1
11745,1,2
11746,1,1
11747,1,1
11749,2,2
11750,1,1
11751,1,1
11752,1,1
11753,0,1
11755,1,2
11756,1,1
11757,1,1
11759,1,2
11760,1,1
11761,1,1
11762,0,1
11764,1,2
11765,1,1
11766,1,1
11768,1,2
11769,1,1
11770,1,1
11771,1,1
11773,1,2
11774,1,1
11775,1,1
11776,1,1
11778,1,2
11779,1,1
11780,1,1
11781,0,1
11783,1,2
11784,1,1
11785,1,1
11787,1,2
11788,1,1
11789,1,1
11791,1,2
11792,1,1
11793,1,1
11794,1,1
11796,1,2
11797,1,1
11798,1,1
11799,1,1
11801,1,2
11802,1,1
11803,1,1
11804,1,1
11806,1,2
11807,1,1
11808,1,1
11810,1,2
11811,1,1
11812,1,1
11813,1,1
11815,1,2
11816,1,1
11817,1,1
11818,0,1
11820,1,2
11821,1,1
11822,1,1
11823,0,1
11825,1,2
11826,1,1
11827,1,1
11829,1,2
11830,1,1
11831,1,1
11832,1,1
11834,1,2
11835,1,1
11836,1,1
11837,0,1
11839,1,2
11840,1,1
11841,1,1
11842,0,1
11844,1,2
11845,1,1
11846,1,1
11848,1,2
11850,2,2
11851,2,1
11851,0,0
11853,1,2
11854,1,1
11855,1,1
11857,1,2
11858,1,1
11859,1,1
11860,1,1
11862,1,2
11863,1,1
11864,1,1
11865,0,1
11867,1,2
11868,1,1
11869,1,1
11870,0,1
11872,1,2
11873,1,1
11874,0,1
11876,1,2
11877,1,1
11878,1,1
11880,1,2
11881,1,1
11882,1,1
11883,1,1
11885,1,2
11886,1,1
11887,1,1
11888,0,1
11890,1,2
11891,1,1
11892,1,1
11893,0,1
11895,1,2
11896,1,1
11897,1,1
11899,1,2
11900,1,1
11901,1,1
11902,0,1
11904,1,2
11905,1,1
11906,1,1
11908,1,2
11909,1,1
11910,1,1
11911,1,1
11912,0,1
11914,1,2
11915,1,1
11917,2,2
11918,1,1
11919,1,1
11920,1,1
11921,0,1
11923,1,2
11924,1,1
11926,2,2
11927,1,1
11928,1,1
11929,1,1
11931,1,2
11932,1,1
11933,1,1
11934,1,1
11936,1,2
11937,1,1
11938,1,1
11939,1,1
11940,0,1
11942,1,2
11943,1,1
11944,1,1
11946,1,2
11947,1,1
11948,1,1
11949,0,1
11951,1,2
11952,1,1
11953,1,1
11955,1,2
11956,1,1
11957,1,1
11959,1,2
11960,1,1
11961,1,1
11963,2,2
11964,1,1
11965,1,1
11966,1,1
11967,1,1
11969,1,2
11970,1,1
11972,2,2
11973,1,1
11975,2,2
11976,2,1
11977,1,1
11978,1,1
11979,1,1
11980,1,1
11982,2,2
11983,1,1
11984,1,1
11985,1,1
11986,1,1
11988,2,2
11989,1,1
11990,1,1
11991,1,1
11993,2,2
11994,1,1
11995,1,1
11996,1,1
11997,1,1
11998,1,1
12000,1,2
12001,1,1
12002,1,1
12003,1,1
12005,2,2
12006,1,1
12007,1,1
12008,1,1
12009,1,1
12011,1,2
12012,1,1
12013,1,1
12014,1,1
12016,2,2
12017,1,1
12018,1,1
12019,1,1
12021,2,2
12021,1,0
12023,1,2
12024,1,1
12025,1,1
12026,1,1
12028,1,2
12029,1,1
12030,1,1
12031,1,1
12033,2,2
12034,1,1
12035,1,1
12036,1,1
12037,1,1
12039,1,2
12040,1,1
12041,1,1
12043,1,2
12044,1,1
12045,1,1
12046,1,1
12048,1,2
12049,1,1
12050,1,1
12051,1,1
12053,1,2
12054,1,1
12055,1,1
12056,0,1
12058,1,2
12059,1,1
12061,2,2
12062,1,1
12063,1,1
12064,1,1
12065,0,1
12067,1,2
12068,1,1
12069,1,1
12071,1,2
12072,1,1
12074,2,2
12074,1,0
12076,1,2
12077,1,1
12078,1,1
12080,1,2
12081,1,1
12082,1,1
12083,1,1
12085,1,2
12086,1,1
12087,1,1
12089,1,2
12090,1,1
12091,1,1
12092,1,1
12094,1,2
12095,1,1
12096,1,1
12097,0,1
12099,1,2
12100,1,1
12102,2,2
12103,1,1
12104,1,1
12105,1,1
12107,2,2
12108,1,1
12109,1,1
12110,1,1
12112,1,2
12113,1,1
12114,1,1
12115,1,1
12117,1,2
12118,1,1
12119,1,1
12121,1,2
12122,1,1
12123,1,1
12125,2,2
12125,0,0
12127,1,2
12128,1,1
12129,1,1
12131,1,2
12132,1,1
12133,1,1
12135,1,2
12136,1,1
12137,1,1
12138,1,1
12140,1,2
12141,1,1
12142,1,1
12144,1,2
12145,1,1
12146,1,1
12147,1,1
12149,1,2
12150,1,1
12151,1,1
12152,1,1
12154,1,2
12155,1,1
12156,1,1
12157,1,1
12159,1,2
12160,1,1
12161,1,1
12162,1,1
12163,0,1
12165,1,2
12166,1,1
12167,1,1
12169,2,2
12170,1,1
12171,1,1
12172,1,1
12173,1,1
12175,1,2
12176,1,1
12177,1,1
12178,1,1
12180,1,2
12181,1,1
12182,1,1
12183,1,1
12185,1,2
12186,1,1
12187,1,1
12188,1,1
12190,1,2
12191,1,1
12192,1,1
12193,1,1
12195,1,2
12196,1,1
12197,1,1
12198,1,1
12200,2,2
12200,0,0
12202,1,2
12203,1,1
12204,1,1
12206,1,2
12207,1,1
12208,1,1
12209,1,1
12211,1,2
12212,1,1
12213,1,1
12214,1,1
12215,1,1
12217,1,2
12218,1,1
12219,1,1
12220,1,1
12222,1,2
12223,1,1
12224,1,1
12225,1,1
12227,1,2
12228,1,1
12229,1,1
12231,2,2
12232,1,1
12233,1,1
12234,1,1
12235,1,1
12237,1,2
12238,1,1
12239,1,1
12240,1,1
12242,1,2
12243,1,1
12244,1,1
12245,1,1
12247,2,2
12248,1,1
12249,1,1
12250,1,1
12251,1,1
12253,1,2
12254,1,1
12255,1,1
12256,1,1
12257,0,1
12259,1,2
12260,1,1
12261,1,1
12262,1,1
12264,1,2
12265,1,1
12266,1,1
12267,1,1
12269,1,2
12270,1,1
12271,1,1
12272,1,1
12274,1,2
12275,1,1
12276,1,1
12277,1,1
12279,1,2
12280,1,1
12281,1,1
12282,1,1
12284,2,2
12285,1,1
12286,1,1
12287,1,1
12288,1,1
12290,1,2
12291,1,1
12292,1,1
12294,2,2
12295,1,1
12296,1,1
12297,1,1
12299,2,2
12300,1,1
12301,1,1
12302,1,1
12304,1,2
12305,1,1
12306,1,1
12308,2,2
12309,1,1
12310,1,1
12311,1,1
12312,1,1
12314,1,2
12315,1,1
12316,1,1
12318,2,2
12319,1,1
12320,1,1
12322,2,2
12323,1,1
12324,1,1
12325,1,1
12327,2,2
12328,1,1
12329,1,1
12330,1,1
12331,1,1
12333,1,2
12334,1,1
12335,1,1
12337,2,2
12338,1,1
12339,1,1
12340,1,1
12342,2,2
12343,1,1
12344,1,1
12345,1,1
12347,2,2
12348,1,1
12349,1,1
12350,1,1
12352,2,2
12353,1,1
12354,1,1
12355,1,1
12357,2,2
12358,1,1
12359,1,1
12360,1,1
12362,2,2
12363,1,1
12364,1,1
12365,1,1
12367,1,2
12368,1,1
12369,1,1
12370,1,1
12372,1,2
12373,1,1
12374,1,1
12375,1,1
12377,1,2
12378,1,1
12379,1,1
12380,1,1
12382,1,2
12383,1,1
12384,1,1
12386,2,2
12388,1,2
12389,1,1
12390,1,1
12392,2,2
12393,1,1
12394,1,1
12395,1,1
12396,1,1
12398,1,2
12399,1,1
12400,1,1
12401,1,1
12403,1,2
12404,1,1
12405,1,1
12407,2,2
12408,1,1
12409,1,1
12410,1,1
12412,2,2
12413,1,1
12414,1,1
12415,1,1
12417,2,2
12418,1,1
12419,1,1
12420,1,1
12422,1,2
12423,1,1
12424,1,1
12426,2,2
12427,1,1
12428,1,1
12429,1,1
12431,2,2
12432,1,1
12433,1,1
12434,1,1
12435,1,1
12437,1,2
12438,1,1
12439,1,1
12441,2,2
12442,1,1
12443,1,1
12444,1,1
12446,2,2
12447,1,1
12448,1,1
12449,1,1
12451,2,2
12452,1,1
12453,1,1
12454,1,1
12456,2,2
12457,1,1
12458,1,1
12459,1,1
12461,1,2
12462,1,1
12463,1,1
12464,1,1
12466,1,2
12467,1,1
12468,1,1
12469,1,1
12471,1,2
12472,1,1
12473,1,1
12475,2,2
12476,1,1
12477,1,1
12478,1,1
12480,2,2
12481,1,1
12482,1,1
12483,1,1
12484,1,1
12486,1,2
12487,1,1
12489,2,2
12490,2,1
12491,1,1
12492,1,1
12493,1,1
12495,1,2
12496,1,1
12497,1,1
12498,1,1
12500,1,2
12501,1,1
12502,1,1
12503,1,1
12505,1,2
12506,1,1
12507,1,1
12509,2,2
12510,1,1
12511,1,1
12512,1,1
12514,2,2
12515,1,1
12516,1,1
12517,1,1
12519,2,2
12520,1,1
12521,1,1
12522,1,1
12524,2,2
12525,1,1
12526,1,1
12527,1,1
12529,2,2
12530,1,1
12531,1,1
12532,1,1
12534,1,2
12535,1,1
12536,1,1
12537,1,1
12539,1,2
12540,1,1
12541,1,1
12542,1,1
12544,1,2
12545,1,1
12546,1,1
12547,1,1
12549,1,2
12550,1,1
12551,1,1
12552,1,1
12554,1,2
12555,1,1
12556,1,1
12558,2,2
12559,1,1
12560,1,1
12561,1,1
12563,2,2
12564,1,1
12565,1,1
12566,1,1
12568,2,2
12569,1,1
12570,1,1
12571,1,1
12573,2,2
12574,1,1
12575,1,1
12577,2,2
12578,1,1
12579,1,1
12580,1,1
12581,1,1
12583,1,2
12584,1,1
12585,1,1
12587,2,2
12588,1,1
12589,1,1
12590,1,1
12591,1,1
12593,1,2
12594,1,1
12595,1,1
12597,2,2
12598,1,1
12599,1,1
12600,1,1
12602,2,2
12603,1,1
12604,1,1
12605,1,1
12607,2,2
12608,1,1
12609,1,1
12610,1,1
12612,2,2
12613,1,1
12614,1,1
12615,1,1
12617,2,2
12618,1,1
12619,1,1
12621,2,2
12622,2,1
12623,1,1
12624,1,1
12625,1,1
12627,1,2
12628,1,1
12629,1,1
12630,1,1
12632,1,2
12633,1,1
12634,1,1
12635,1,1
12637,1,2
12638,1,1
12639,1,1
12640,1,1
12642,1,2
12643,1,1
12644,1,1
12645,1,1
12647,1,2
12648,1,1
12649,1,1
12651,2,2
12652,1,1
12653,1,1
12654,1,1
12656,2,2
12657,1,1
12658,1,1
12659,1,1
12660,1,1
12662,1,2
12663,1,1
12665,2,2
12666,2,1
12667,1,1
12668,1,1
12669,1,1
12671,1,2
12672,1,1
12673,1,1
12674,1,1
12676,1,2
12677,1,1
12678,1,1
12679,1,1
12681,1,2
12682,1,1
12683,1,1
12685,2,2
12686,1,1
12687,1,1
12688,1,1
12690,2,2
12691,1,1
12692,1,1
12693,1,1
12694,1,1
12696,1,2
12697,1,1
12698,1,1
12700,2,2
12701,1,1
12702,1,1
12703,1,1
12705,2,2
12706,1,1
12707,1,1
12708,1,1
12710,2,2
12711,1,1
12712,1,1
12713,1,1
12715,2,2
12716,1,1
12717,1,1
12718,1,1
12720,2,2
12721,1,1
12722,1,1
12723,1,1
12725,1,2
12726,1,1
12727,1,1
12729,2,2
12730,1,1
12731,1,1
12732,1,1
12734,2,2
12735,1,1
12736,1,1
12737,1,1
12739,2,2
12740,1,1
12741,1,1
12742,1,1
12743,1,1
12745,1,2
12746,1,1
12747,1,1
12748,1,1
12750,1,2
12751,1,1
12752,1,1
12753,1,1
12755,1,2
12756,1,1
12757,1,1
12758,1,1
12760,1,2
12761,1,1
12762,1,1
12763,1,1
12765,1,2
12766,1,1
12767,1,1
12768,1,1
12769,0,1
12771,1,2
12772,1,1
12773,1,1
12775,2,2
12776,1,1
12777,1,1
12778,1,1
12780,1,2
12781,1,1
12782,1,1
12783,1,1
12785,1,2
12786,1,1
12787,1,1
12788,1,1
12790,1,2
12791,1,1
12792,1,1
12793,0,1
12795,1,2
12796,1,1
12797,1,1
12798,0,1
12800,1,2
12801,1,1
12802,1,1
12804,1,2
12805,1,1
12806,1,1
12807,1,1
12809,1,2
12810,1,1
12811,1,1
12812,1,1
12814,1,2
12815,1,1
12816,1,1
12817,1,1
12819,1,2
12820,1,1
12821,1,1
12823,2,2
12824,1,1
12825,1,1
12826,1,1
12827,1,1
12829,1,2
12830,1,1
12831,1,1
12832,1,1
12834,1,2
12835,1,1
12836,1,1
12837,1,1
12839,1,2
12840,1,1
12841,1,1
12842,1,1
12844,1,2
12845,1,1
12846,1,1
12847,1,1
12848,1,1
12850,1,2
12851,1,1
12853,2,2
12854,1,1
12855,1,1
12856,1,1
12858,1,2
12859,1,1
12860,1,1
12862,1,2
12863,1,1
12864,1,1
12866,1,2
12867,1,1
12869,2,2
12870,1,1
12871,1,1
12872,0,1
12874,1,2
12875,1,1
12877,1,2
12878,1,1
12879,1,1
12881,1,2
12882,1,1
12883,1,1
12885,1,2
12886,1,1
12888,2,2
12889,1,1
12890,1,1
12892,2,2
12893,1,1
12894,1,1
12896,1,2
12897,1,1
12898,1,1
12900,1,2
12901,1,1
12902,1,1
12904,1,2
12905,1,1
12906,1,1
12908,1,2
12909,1,1
12910,1,1
12912,1,2
12913,1,1
12915,2,2
12916,1,1
12917,1,1
12918,0,1
12920,1,2
12921,1,1
12922,0,1
12924,1,2
12925,1,1
12927,1,2
12928,1,1
12930,1,2
12931,1,1
12932,1,1
12934,1,2
12935,1,1
12936,0,1
12938,1,2
12939,1,1
12940,0,1
12942,1,2
12943,1,1
12945,1,2
12946,1,1
12947,1,1
12948,0,1
12950,1,2
12951,1,1
12953,1,2
12954,1,1
12955,1,1
12956,0,1
12958,1,2
12959,1,1
12961,1,2
12962,1,1
12963,1,1
12965,1,2
12966,1,1
12967,1,1
12969,1,2
12970,1,1
12976,6,6
12976,4,0
12978,5,2
12978,4,0
12978,2,0
12979,1,1
12980,1,1
12981,1,1
12983,1,2
12984,1,1
12985,1,1
12987,1,2
12988,1,1
12989,0,1
12991,1,2
12992,1,1
12994,1,2
12995,1,1
12996,1,1
12998,1,2
12999,1,1
13001,1,2
13002,1,1
13003,1,1
13005,1,2
13006,1,1
13008,2,2
13009,1,1
13010,1,1
13011,0,1
13013,1,2
13014,1,1
13016,1,2
13017,1,1
13018,1,1
13020,1,2
13021,1,1
13022,1,1
13024,1,2
13025,1,1
13027,1,2
13028,1,1
13029,1,1
13031,1,2
13032,1,1
13033,1,1
13035,1,2
13036,1,1
13037,1,1
13039,1,2
13040,1,1
13042,1,2
13043,1,1
13044,1,1
13046,1,2
13047,1,1
13049,2,2
13050,1,1
13051,1,1
13053,1,2
13054,1,1
13056,2,2
13057,1,1
13058,1,1
13060,1,2
13061,1,1
13062,1,1
13064,1,2
13065,1,1
13066,1,1
13068,1,2
13069,1,1
13070,1,1
13072,1,2
13073,1,1
13075,1,2
13076,1,1
13077,0,1
13079,1,2
13080,1,1
13082,1,2
13083,1,1
13085,1,2
13086,1,1
13087,1,1
13089,1,2
13090,1,1
13092,1,2
13093,1,1
13094,1,1
13096,1,2
13097,1,1
13099,1,2
13100,1,1
13101,1,1
13103,1,2
13104,1,1
13106,1,2
13107,1,1
13108,0,1
13110,1,2
13111,1,1
13113,1,2
13114,1,1
13115,1,1
13117,1,2
13118,1,1
13120,1,2
13121,1,1
13122,1,1
13124,1,2
13125,1,1
13126,1,1
13128,1,2
13129,1,1
13130,1,1
13132,1,2
13133,1,1
13135,1,2
13136,1,1
13137,1,1
13139,1,2
13140,1,1
13141,1,1
13143,1,2
13144,1,1
13145,0,1
13147,1,2
13148,1,1
13150,1,2
13151,1,1
13152,1,1
13154,1,2
13155,1,1
13157,1,2
13158,1,1
13159,1,1
13161,1,2
13162,1,1
13163,1,1
13165,1,2
13166,1,1
13167,1,1
13169,1,2
13170,1,1
13171,1,1
13173,1,2
13174,1,1
13175,0,1
13177,1,2
13178,1,1
13180,1,2
13181,1,1
13182,1,1
13183,1,1
13185,1,2
13186,1,1
13188,1,2
13189,1,1
13190,1,1
13191,1,1
13193,1,2
13194,1,1
13195,1,1
13197,1,2
13198,1,1
13200,1,2
13201,1,1
13202,1,1
13204,1,2
13205,1,1
13206,1,1
13208,1,2
13209,1,1
13210,1,1
13212,1,2
13213,1,1
13214,1,1
13216,1,2
13217,1,1
