time (ms),latency (ms),consume (ms)
0,7,0
37,36,37
38,31,1
38,26,0
39,21,1
39,16,0
39,10,0
42,3,3
47,2,5
52,1,5
58,2,6
64,2,6
68,1,4
74,2,6
81,3,7
86,1,5
91,1,5
97,2,6
103,2,6
108,2,5
114,2,6
119,2,5
124,1,5
131,3,7
136,2,5
142,2,6
147,1,5
155,4,8
159,1,4
165,2,6
170,1,5
176,2,6
182,2,6
187,2,5
192,2,5
197,1,5
203,2,6
209,2,6
215,1,6
221,2,6
226,2,5
232,2,6
237,2,5
242,2,5
247,1,5
253,2,6
258,1,5
264,2,6
270,2,6
275,1,5
282,3,7
287,2,5
292,1,5
301,5,9
305,1,4
311,2,6
316,1,5
322,1,6
327,1,5
335,4,8
338,2,3
347,5,9
354,6,7
356,1,2
364,3,8
371,4,7
376,2,5
381,2,5
386,1,5
392,2,6
397,1,5
402,1,5
408,2,6
413,1,5
419,2,6
426,3,7
432,4,6
436,1,4
442,2,6
447,1,5
453,2,6
461,4,8
465,1,4
471,2,6
477,2,6
482,2,5
487,1,5
493,2,6
497,1,4
505,4,8
510,1,5
515,1,5
521,2,6
527,2,6
531,1,4
537,2,6
542,1,5
548,2,6
553,1,5
558,1,5
564,2,6
569,1,5
574,1,5
580,2,6
585,1,5
591,2,6
596,1,5
602,2,6
607,1,5
613,2,6
619,2,6
624,1,5
629,1,5
635,2,6
640,1,5
646,2,6
651,1,5
658,3,7
663,2,5
668,1,5
674,2,6
679,2,5
684,1,5
690,2,6
699,4,9
706,2,7
711,2,5
719,3,8
726,3,7
737,9,11
742,3,5
753,6,11
762,6,9
763,2,1
767,1,4
773,2,6
778,2,5
783,1,5
789,2,6
794,1,5
801,3,7
805,1,4
810,1,5
827,13,17
827,8,0
828,3,1
832,1,4
838,2,6
843,1,5
849,2,6
854,1,5
860,2,6
865,2,5
869,1,4
875,2,6
880,1,5
885,1,5
891,2,6
896,1,5
902,2,6
908,1,6
913,1,5
919,2,6
924,1,5
930,2,6
936,2,6
941,1,5
947,2,6
951,1,4
957,2,6
963,2,6
967,1,4
972,1,5
978,2,6
984,2,6
989,1,5
994,1,5
1000,2,6
1005,1,5
1011,2,6
1016,1,5
1022,2,6
1027,1,5
1034,3,7
1040,2,6
1044,1,4
1049,1,5
1054,1,5
1060,2,6
1065,1,5
1070,1,5
1075,1,5
1080,1,5
1086,1,6
1091,1,5
1096,1,5
1101,1,5
1107,2,6
1113,2,6
1119,2,6
1123,1,4
1128,1,5
1133,1,5
1138,1,5
1144,1,6
1150,1,6
1156,2,6
1162,2,6
1167,2,5
1171,1,4
1176,1,5
1182,1,6
1188,1,6
1194,2,6
1200,2,6
1206,2,6
1212,2,6
1216,1,4
1221,1,5
1227,1,6
1233,2,6
1239,2,6
1243,1,4
1248,1,5
1254,1,6
1260,2,6
1265,1,5
1270,1,5
1276,1,6
1282,2,6
1288,2,6
1293,2,5
1299,2,6
1303,1,4
1308,1,5
1313,1,5
1319,1,6
1325,1,6
1331,2,6
1337,2,6
1342,2,5
1347,2,5
1353,2,6
1358,1,5
1363,1,5
1368,1,5
1373,1,5
1378,1,5
1384,1,6
1390,2,6
1396,2,6
1400,1,4
1405,1,5
1410,1,5
1415,1,5
1420,1,5
1425,1,5
1431,2,6
1437,2,6
1443,2,6
1447,1,4
1452,1,5
1457,1,5
1463,1,6
1469,2,6
1475,2,6
1482,3,7
1486,1,4
1491,1,5
1497,2,6
1502,1,5
1508,1,6
1514,2,6
1519,1,5
1524,1,5
1530,1,6
1537,2,7
1541,1,4
1546,1,5
1552,1,6
1558,2,6
1564,2,6
1569,2,5
1573,1,4
1579,1,6
1585,2,6
1591,2,6
1595,1,4
1600,1,5
1606,1,6
1612,2,6
1618,2,6
1622,1,4
1627,1,5
1633,1,6
1639,2,6
1643,1,4
1648,1,5
1654,1,6
1660,2,6
1666,2,6
1670,1,4
1675,1,5
1681,1,6
1687,2,6
1691,1,4
1696,1,5
1702,1,6
1708,2,6
1714,2,6
1718,1,4
1723,1,5
1728,1,5
1734,2,6
1740,2,6
1744,1,4
1749,1,5
1755,1,6
1761,2,6
1766,1,5
1771,1,5
1776,1,5
1781,1,5
1787,2,6
1794,3,7
1802,5,8
1804,1,2
1810,2,6
1815,1,5
1821,2,6
1826,1,5
1832,2,6
1837,1,5
1842,1,5
1848,2,6
1853,1,5
1859,2,6
1864,1,5
1870,2,6
1875,1,5
1880,1,5
1886,2,6
1891,1,5
1896,1,5
1902,2,6
1907,1,5
1913,1,6
1919,2,6
1925,2,6
1929,1,4
1934,1,5
1940,2,6
1946,2,6
1951,2,5
1957,2,6
1963,2,6
1969,2,6
1973,1,4
1978,1,5
1984,1,6
1990,2,6
1995,2,5
1999,1,4
2004,1,5
2010,1,6
2016,2,6
2022,2,6
2026,1,4
2031,1,5
2037,2,6
2043,2,6
2049,2,6
2054,2,5
2059,2,5
2064,2,5
2068,1,4
2073,1,5
2080,2,7
2084,1,4
2089,1,5
2095,1,6
2101,2,6
2107,2,6
2111,1,4
2116,1,5
2123,2,7
2129,3,6
2136,2,7
2141,1,5
2146,1,5
2151,1,5
2158,3,7
2163,1,5
2191,23,28
2194,6,3
2195,2,1
2199,1,4
2205,2,6
2210,1,5
2215,1,5
2221,2,6
2226,1,5
2232,2,6
2237,1,5
2243,2,6
2248,1,5
2254,2,6
2258,1,4
2264,2,6
2270,2,6
2275,2,5
2281,2,6
2287,2,6
2291,1,4
2297,2,6
2303,2,6
2308,1,5
2313,1,5
2319,2,6
2324,1,5
2329,1,5
2335,2,6
2340,1,5
2346,2,6
2351,1,5
2357,2,6
2362,2,5
2367,1,5
2372,1,5
2378,2,6
2383,1,5
2389,2,6
2393,1,4
2398,1,5
2404,2,6
2410,1,6
2416,2,6
2421,1,5
2427,2,6
2431,1,4
2436,1,5
2442,2,6
2446,1,4
2452,2,6
2456,1,4
2462,2,6
2467,1,5
2473,2,6
2478,1,5
2484,2,6
2489,1,5
2494,1,5
2500,2,6
2506,1,6
2512,2,6
2517,1,5
2522,1,5
2528,2,6
2533,1,5
2539,2,6
2544,1,5
2549,1,5
2555,2,6
2561,1,6
2566,1,5
2572,2,6
2577,1,5
2583,2,6
2587,1,4
2593,2,6
2597,1,4
2602,1,5
2608,2,6
2613,1,5
2619,2,6
2624,1,5
2630,2,6
2635,1,5
2641,2,6
2646,1,5
2651,1,5
2656,1,5
2662,1,6
2668,2,6
2673,1,5
2678,1,5
2684,1,6
2690,2,6
2695,1,5
2700,1,5
2706,2,6
2711,1,5
2716,1,5
2722,2,6
2727,1,5
2733,2,6
2739,2,6
2744,1,5
2750,2,6
2755,1,5
2760,1,5
2765,1,5
2771,2,6
2776,1,5
2781,1,5
2786,1,5
2792,2,6
2798,2,6
2802,1,4
2808,2,6
2813,1,5
2819,2,6
2824,1,5
2829,1,5
2835,2,6
2840,1,5
2845,1,5
2851,2,6
2856,1,5
2862,2,6
2868,1,6
2873,1,5
2879,2,6
2884,1,5
2891,3,7
2895,1,4
2901,2,6
2906,1,5
2911,1,5
2917,2,6
2922,1,5
2927,1,5
2933,2,6
2938,1,5
2943,1,5
2949,2,6
2958,1,9
2963,1,5
2968,1,5
2973,1,5
2979,2,6
2984,1,5
2989,1,5
2995,2,6
3000,1,5
3006,2,6
3011,1,5
3017,2,6
3022,1,5
3027,1,5
3033,2,6
3038,1,5
3044,2,6
3049,1,5
3054,1,5
3060,2,6
3065,1,5
3071,2,6
3076,1,5
3082,2,6
3087,1,5
3092,1,5
3098,2,6
3103,1,5
3109,2,6
3114,1,5
3119,1,5
3125,2,6
3130,1,5
3136,1,6
3141,1,5
3147,2,6
3151,1,4
3156,1,5
3162,2,6
3167,1,5
3173,2,6
3178,1,5
3184,2,6
3190,2,6
3195,2,5
3201,2,6
3206,1,5
3211,1,5
3217,1,6
3223,2,6
3228,1,5
3234,2,6
3239,1,5
3245,2,6
3250,1,5
3256,2,6
3260,1,4
3266,1,6
3272,1,6
3278,1,6
3284,2,6
3290,2,6
3296,2,6
3302,2,6
3307,1,5
3313,2,6
3318,2,5
3324,1,6
3331,2,7
3336,2,5
3341,2,5
3347,2,6
3352,2,5
3357,2,5
3363,1,6
3368,1,5
3373,1,5
3379,1,6
3385,2,6
3391,2,6
3395,1,4
3400,1,5
3405,1,5
3411,2,6
3417,2,6
3423,2,6
3427,1,4
3432,1,5
3438,1,6
3444,2,6
3448,1,4
3453,1,5
3459,1,6
3465,2,6
3471,2,6
3475,1,4
3480,1,5
3486,1,6
3492,2,6
3497,1,5
3502,1,5
3508,1,6
3514,2,6
3519,1,5
3525,1,6
3531,1,6
3537,2,6
3543,2,6
3547,1,4
3552,1,5
3557,1,5
3563,1,6
3569,2,6
3575,2,6
3579,1,4
3585,2,6
3590,2,5
3595,1,5
3601,2,6
3606,1,5
3611,1,5
3617,2,6
3621,1,4
3627,1,6
3633,1,6
3639,2,6
3644,1,5
3649,1,5
3654,1,5
3660,2,6
3666,2,6
3672,2,6
3677,2,5
3682,2,5
3687,2,5
3692,1,5
3698,2,6
3704,2,6
3709,2,5
3713,1,4
3718,1,5
3724,1,6
3730,2,6
3735,1,5
3740,1,5
3745,1,5
3751,1,6
3757,2,6
3761,1,4
3766,1,5
3772,1,6
3778,1,6
3784,1,6
3789,1,5
3795,2,6
3801,2,6
3805,1,4
3811,1,6
3817,2,6
3823,2,6
3829,2,6
3834,1,5
3840,2,6
3846,2,6
3850,1,4
3856,2,6
3861,2,5
3866,1,5
3872,2,6
3878,2,6
3884,2,6
3890,2,6
3896,2,6
3900,1,4
3905,1,5
3911,2,6
3917,1,6
3923,1,6
3929,1,6
3935,1,6
3941,1,6
3947,2,6
3951,1,4
3956,1,5
3961,1,5
3967,1,6
3973,1,6
3979,2,6
3985,2,6
3989,1,4
3994,1,5
4000,1,6
4006,2,6
4011,1,5
4016,1,5
4021,1,5
4027,2,6
4033,2,6
4037,1,4
4043,1,6
4049,1,6
4055,2,6
4060,1,5
4065,1,5
4071,2,6
4076,1,5
4081,1,5
4086,1,5
4092,2,6
4098,2,6
4102,1,4
4107,1,5
4113,1,6
4119,2,6
4125,2,6
4129,1,4
4135,1,6
4141,1,6
4147,2,6
4151,1,4
4156,1,5
4162,1,6
4168,1,6
4174,2,6
4180,2,6
4186,2,6
4190,1,4
4195,1,5
4201,1,6
4207,2,6
4212,1,5
4217,1,5
4223,2,6
4228,1,5
4233,1,5
4239,1,6
4245,2,6
4251,2,6
4256,1,5
4262,2,6
4267,2,5
4272,2,5
4278,2,6
4283,2,5
4288,2,5
4293,1,5
4299,2,6
4304,2,5
4310,2,6
4316,2,6
4320,1,4
4326,2,6
4330,1,4
4335,1,5
4341,1,6
4347,2,6
4353,2,6
4357,1,4
4362,1,5
4368,1,6
4374,2,6
4379,1,5
4384,1,5
4389,1,5
4395,1,6
4400,1,5
4405,1,5
4410,1,5
4415,1,5
4420,1,5
4425,1,5
4431,1,6
4437,2,6
4441,1,4
4446,1,5
4451,1,5
4457,1,6
4463,2,6
4468,1,5
4474,1,6
4479,1,5
4485,1,6
4490,1,5
4495,1,5
4500,1,5
4506,1,6
4511,1,5
4517,1,6
4522,1,5
4528,1,6
4534,2,6
4539,1,5
4545,1,6
4550,1,5
4556,1,6
4561,1,5
4567,1,6
4572,1,5
4578,2,6
4583,1,5
4589,2,6
4594,1,5
4599,1,5
4605,1,6
4610,1,5
4615,1,5
4620,1,5
4625,1,5
4630,1,5
4636,1,6
4642,1,6
4647,1,5
4653,2,6
4658,2,5
4662,1,4
4668,2,6
4673,1,5
4679,1,6
4684,1,5
4690,1,6
4695,1,5
4701,1,6
4707,2,6
4711,1,4
4717,1,6
4722,1,5
4728,1,6
4734,1,6
4739,1,5
4745,1,6
4750,1,5
4755,1,5
4760,1,5
4765,1,5
4770,1,5
4775,1,5
4781,1,6
4786,1,5
4793,3,7
4797,2,4
4802,1,5
4808,2,6
4813,1,5
4819,2,6
4825,2,6
4829,1,4
4834,1,5
4839,1,5
4845,1,6
4850,1,5
4855,1,5
4860,1,5
4865,1,5
4871,2,6
4876,1,5
4882,1,6
4888,1,6
4894,2,6
4899,1,5
4905,2,6
4910,1,5
4916,1,6
4921,1,5
4927,1,6
4933,2,6
4938,1,5
4943,1,5
4948,1,5
4954,1,6
4959,1,5
4965,1,6
4970,1,5
4975,1,5
4983,3,8
4987,2,4
4993,1,6
4999,1,6
5005,2,6
5010,1,5
5015,1,5
5021,2,6
5026,1,5
5033,3,7
5038,1,5
5044,1,6
5050,2,6
5055,1,5
5060,1,5
5066,1,6
5072,2,6
5076,1,4
5081,1,5
5087,2,6
5092,1,5
5097,1,5
5102,1,5
5108,1,6
5114,2,6
5120,2,6
5125,2,5
5129,1,4
5134,1,5
5140,1,6
5146,2,6
5150,1,4
5156,1,6
5162,2,6
5167,1,5
5172,1,5
5178,1,6
5184,2,6
5189,1,5
5194,1,5
5200,1,6
5206,2,6
5211,1,5
5216,1,5
5222,1,6
5228,2,6
5233,1,5
5238,1,5
5244,1,6
5250,2,6
5255,1,5
5260,1,5
5266,1,6
5272,2,6
5277,1,5
5282,1,5
5288,1,6
5294,2,6
5299,1,5
5304,1,5
5310,2,6
5315,1,5
5320,1,5
5325,1,5
5331,2,6
5336,1,5
5341,1,5
5347,2,6
5352,1,5
5357,1,5
5363,2,6
5368,1,5
5373,1,5
5379,1,6
5384,1,5
5388,0,4
5394,0,6
5400,1,6
5406,1,6
5411,1,5
5415,0,4
5421,0,6
5427,1,6
5433,1,6
5438,1,5
5442,0,4
5448,1,6
5453,1,5
5459,2,6
5464,1,5
5469,1,5
5474,0,5
5480,0,6
5486,1,6
5492,1,6
5497,1,5
5502,1,5
5507,1,5
5512,1,5
5516,0,4
5522,1,6
5527,1,5
5532,1,5
5537,1,5
5541,0,4
5547,0,6
5553,1,6
5558,1,5
5563,1,5
5567,0,4
5573,0,6
5579,1,6
5584,1,5
5589,1,5
5593,0,4
5599,0,6
5605,1,6
5611,1,6
5616,1,5
5620,0,4
5626,0,6
5632,1,6
5637,1,5
5641,0,4
5646,0,5
5653,2,7
5658,1,5
5662,0,4
5667,0,5
5673,0,6
5679,1,6
5684,1,5
5689,1,5
5693,0,4
5698,0,5
5704,1,6
5710,1,6
5715,1,5
5720,1,5
5724,0,4
5729,0,5
5735,0,6
5741,1,6
5747,1,6
5752,1,5
5757,1,5
5761,0,4
5766,0,5
5772,0,6
5778,1,6
5783,1,5
5788,1,5
5792,0,4
5797,0,5
5803,0,6
5809,1,6
5814,1,5
5819,1,5
5824,1,5
5828,0,4
5833,0,5
5839,0,6
5845,1,6
5850,1,5
5855,1,5
5860,1,5
5864,0,4
5871,1,7
5877,2,6
5883,2,6
5887,1,4
5893,1,6
5899,2,6
5904,1,5
5909,1,5
5915,1,6
5921,2,6
5927,2,6
5931,1,4
5936,1,5
5942,1,6
5948,2,6
5953,1,5
5958,1,5
5964,1,6
5970,2,6
5974,1,4
5979,1,5
5988,5,9
5990,1,2
5996,1,6
6001,1,5
6007,2,6
6012,1,5
6018,1,6
6024,2,6
6028,1,4
6033,1,5
6039,2,6
6044,1,5
6049,1,5
6055,1,6
6061,2,6
6065,1,4
6071,1,6
6077,2,6
6082,1,5
6087,1,5
6093,2,6
6099,2,6
6103,1,4
6108,1,5
6114,2,6
6119,1,5
6124,1,5
6130,1,6
6136,2,6
6140,1,4
6145,1,5
6151,2,6
6156,1,5
6161,1,5
6167,2,6
6172,1,5
6177,1,5
6183,2,6
6188,1,5
6193,1,5
6199,1,6
6205,2,6
6209,1,4
6214,1,5
6220,2,6
6226,2,6
6232,2,6
6237,1,5
6243,1,6
6249,2,6
6254,1,5
6259,1,5
6265,1,6
6271,2,6
6276,1,5
6281,1,5
6287,1,6
6293,2,6
6297,1,4
6303,1,6
6309,2,6
6314,1,5
6319,1,5
6325,1,6
6331,2,6
6336,1,5
6341,1,5
6347,2,6
6353,2,6
6357,1,4
6363,1,6
6369,2,6
6375,2,6
6379,1,4
6384,1,5
6390,2,6
6396,2,6
6400,1,4
6405,1,5
6411,2,6
6417,2,6
6421,1,4
6426,1,5
6432,2,6
6438,2,6
6442,1,4
6448,2,6
6453,1,5
6458,1,5
6464,1,6
6470,2,6
6475,1,5
6480,1,5
6486,2,6
6491,1,5
6496,1,5
6502,1,6
6508,1,6
6514,2,6
6519,1,5
6524,1,5
6530,2,6
6536,2,6
6540,1,4
6546,1,6
6552,2,6
6557,1,5
6562,1,5
6568,2,6
6573,1,5
6578,1,5
6584,1,6
6589,1,5
6594,1,5
6600,1,6
6606,2,6
6610,1,4
6615,1,5
6621,2,6
6627,2,6
6631,1,4
6637,1,6
6643,2,6
6648,1,5
6653,1,5
6659,1,6
6665,2,6
6669,1,4
6674,1,5
6680,2,6
6685,1,5
6690,1,5
6696,1,6
6702,2,6
6706,1,4
6712,1,6
6718,2,6
6723,1,5
6728,1,5
6734,1,6
6740,2,6
6744,1,4
6749,1,5
6755,2,6
6760,1,5
6765,1,5
6771,2,6
6776,1,5
6781,1,5
6787,2,6
6792,1,5
6797,1,5
6803,1,6
6809,2,6
6813,1,4
6819,1,6
6825,2,6
6830,1,5
6835,1,5
6841,2,6
6846,1,5
6851,1,5
6857,1,6
6863,2,6
6868,1,5
6874,1,6
6879,1,5
6884,1,5
6890,1,6
6895,1,5
6900,1,5
6906,1,6
6911,1,5
6916,1,5
6921,1,5
6926,1,5
6931,1,5
6937,1,6
6942,1,5
6947,1,5
6953,1,6
6958,1,5
6963,1,5
6969,1,6
6974,1,5
6979,0,5
6985,1,6
6990,1,5
6996,1,6
7001,1,5
7006,1,5
7012,1,6
7017,1,5
7022,1,5
7028,1,6
7033,1,5
7038,1,5
7044,1,6
7049,1,5
7054,1,5
7060,1,6
7065,1,5
7070,1,5
7076,1,6
7081,1,5
7086,1,5
7092,1,6
7097,1,5
7102,1,5
7108,1,6
7113,1,5
7119,2,6
7124,1,5
7129,1,5
7135,1,6
7140,1,5
7145,1,5
7150,1,5
7155,1,5
7160,1,5
7165,1,5
7170,1,5
7175,1,5
7181,1,6
7186,1,5
7191,1,5
7196,1,5
7202,1,6
7207,1,5
7213,2,6
7218,1,5
7223,1,5
7228,1,5
7234,1,6
7239,1,5
7244,1,5
7250,1,6
7255,1,5
7261,1,6
7266,1,5
7271,1,5
7277,1,6
7282,1,5
7287,1,5
7293,1,6
7298,1,5
7303,1,5
7309,1,6
7314,1,5
7319,1,5
7325,1,6
7330,1,5
7335,1,5
7341,1,6
7346,1,5
7351,1,5
7357,1,6
7362,1,5
7367,1,5
7372,0,5
7378,1,6
7383,1,5
7388,1,5
7393,1,5
7398,1,5
7402,0,4
7407,0,5
7413,1,6
7419,1,6
7424,1,5
7428,0,4
7433,0,5
7439,1,6
7445,1,6
7450,1,5
7455,1,5
7459,0,4
7465,0,6
7471,1,6
7477,1,6
7482,1,5
7486,0,4
7491,0,5
7497,1,6
7503,1,6
7508,1,5
7512,0,4
7518,0,6
7524,1,6
7529,1,5
7534,1,5
7538,0,4
7544,0,6
7550,1,6
7555,1,5
7559,0,4
7564,0,5
7570,1,6
7576,1,6
7581,1,5
7585,0,4
7591,0,6
7597,1,6
7602,1,5
7606,0,4
7611,0,5
7617,0,6
7623,1,6
7628,1,5
7633,1,5
7637,0,4
7643,0,6
7649,1,6
7654,1,5
7659,1,5
7664,1,5
7668,0,4
7673,0,5
7679,1,6
7684,1,5
7689,1,5
7693,0,4
7699,0,6
7705,1,6
7710,1,5
7715,1,5
7719,0,4
7725,0,6
7731,1,6
7736,1,5
7740,0,4
7745,0,5
7751,1,6
7757,1,6
7762,1,5
7766,0,4
7771,0,5
7777,1,6
7783,1,6
7788,1,5
7792,0,4
7798,1,6
7803,1,5
7807,0,4
7812,0,5
7818,0,6
7824,1,6
7831,1,7
7836,1,5
7840,0,4
7845,0,5
7851,1,6
7855,0,4
7861,1,6
7865,0,4
7870,0,5
7876,1,6
7881,1,5
7885,0,4
7890,0,5
7896,1,6
7902,1,6
7907,1,5
7912,1,5
7916,0,4
7922,1,6
7928,1,6
7933,1,5
7937,0,4
7942,0,5
7948,0,6
7954,1,6
7960,1,6
7965,1,5
7969,0,4
7974,0,5
7980,1,6
7986,1,6
7991,1,5
7995,0,4
8001,0,6
8007,1,6
8012,1,5
8016,0,4
8021,0,5
8027,1,6
8033,1,6
8038,1,5
8042,0,4
8048,0,6
8054,1,6
8059,1,5
8063,0,4
8069,0,6
8075,1,6
8081,1,6
8085,0,4
8090,0,5
8096,1,6
8102,1,6
8107,1,5
8111,0,4
8117,0,6
8123,1,6
8128,1,5
8132,0,4
8137,0,5
8143,1,6
8149,1,6
8154,1,5
8158,0,4
8164,0,6
8170,1,6
8175,1,5
8179,0,4
8184,0,5
8190,1,6
8196,1,6
8201,1,5
8205,0,4
8210,0,5
8216,1,6
8222,1,6
8227,1,5
8231,0,4
8236,0,5
8242,0,6
8248,0,6
8254,1,6
8259,1,5
8264,1,5
8268,0,4
8274,1,6
8280,1,6
8285,1,5
8289,0,4
8294,0,5
8300,1,6
8305,1,5
8309,0,4
8314,0,5
8320,0,6
8326,1,6
8331,1,5
8335,0,4
8340,0,5
8346,1,6
8352,1,6
8357,1,5
8361,0,4
8367,0,6
8373,1,6
8378,1,5
8382,0,4
8387,0,5
8393,1,6
8399,1,6
8404,1,5
8408,0,4
8414,0,6
8420,1,6
8425,1,5
8429,0,4
8435,0,6
8441,1,6
8446,1,5
8451,1,5
8455,0,4
8461,0,6
8467,1,6
8472,1,5
8477,1,5
8481,0,4
8487,0,6
8493,1,6
8498,1,5
8503,1,5
8507,0,4
8513,1,6
8519,1,6
8524,1,5
8528,0,4
8533,0,5
8539,1,6
8545,1,6
8550,1,5
8554,0,4
8560,0,6
8566,1,6
8571,1,5
8575,0,4
8581,0,6
8587,0,6
8593,1,6
8598,1,5
8602,0,4
8608,0,6
8614,1,6
8619,1,5
8623,0,4
8628,0,5
8634,1,6
8640,1,6
8645,1,5
8649,0,4
8654,0,5
8660,1,6
8666,1,6
8671,1,5
8675,0,4
8681,0,6
8687,1,6
8692,1,5
8696,0,4
8701,0,5
8707,1,6
8713,1,6
8718,1,5
8722,0,4
8727,0,5
8733,1,6
8739,1,6
8744,1,5
8748,0,4
8753,0,5
8759,1,6
8765,1,6
8770,1,5
8774,0,4
8779,0,5
8785,1,6
8791,1,6
8796,1,5
8800,0,4
8805,0,5
8811,0,6
8817,1,6
8822,1,5
8826,0,4
8831,0,5
8837,1,6
8843,1,6
8848,1,5
8852,0,4
8857,0,5
8863,1,6
8869,1,6
8874,1,5
8878,0,4
8883,0,5
8889,1,6
8895,1,6
8900,1,5
8904,0,4
8910,0,6
8916,1,6
8921,1,5
8926,1,5
8930,0,4
8936,0,6
8942,1,6
8948,1,6
8953,1,5
8957,0,4
8962,0,5
8968,1,6
8974,1,6
8979,1,5
8983,0,4
8988,0,5
8994,1,6
9000,1,6
9005,1,5
9009,0,4
9015,0,6
9021,1,6
9026,1,5
9031,1,5
9035,0,4
9041,0,6
9047,1,6
9052,1,5
9057,1,5
9061,0,4
9067,0,6
9073,1,6
9078,1,5
9082,0,4
9087,0,5
9093,0,6
9099,1,6
9104,1,5
9108,0,4
9116,2,8
9121,2,5
9125,1,4
9130,1,5
9135,1,5
9141,1,6
9147,2,6
9153,2,6
9157,1,4
9163,1,6
9168,1,5
9173,1,5
9178,1,5
9184,1,6
9190,2,6
9196,1,6
9202,1,6
9207,1,5
9212,1,5
9217,1,5
9222,1,5
9228,2,6
9232,1,4
9237,1,5
9243,2,6
9249,2,6
9254,2,5
9258,1,4
9263,1,5
9269,1,6
9275,2,6
9281,2,6
9285,1,4
9290,1,5
9295,1,5
9301,2,6
9307,2,6
9312,2,5
9318,2,6
9322,1,4
9327,1,5
9333,1,6
9339,2,6
9345,2,6
9350,1,5
9355,1,5
9360,1,5
9366,1,6
9372,2,6
9378,2,6
9384,2,6
9388,1,4
9393,1,5
9399,2,6
9405,2,6
9411,2,6
9417,2,6
9423,2,6
9429,2,6
9434,1,5
9439,1,5
9445,1,6
9451,2,6
9456,1,5
9461,1,5
9467,1,6
9473,1,6
9479,1,6
9485,2,6
9491,1,6
9496,1,5
9502,2,6
9508,2,6
9512,1,4
9517,1,5
9523,1,6
9529,2,6
9534,2,5
9538,1,4
9543,1,5
9549,1,6
9555,1,6
9561,2,6
9566,1,5
9571,1,5
9577,2,6
9582,2,5
9587,1,5
9592,1,5
9597,1,5
9603,1,6
9609,2,6
9615,2,6
9620,2,5
9624,1,4
9629,1,5
9635,1,6
9641,2,6
9647,2,6
9653,2,6
9658,1,5
9664,1,6
9669,1,5
9674,1,5
9679,1,5
9685,1,6
9691,2,6
9697,2,6
9703,2,6
9707,1,4
9712,1,5
9717,1,5
9723,1,6
9729,2,6
9735,2,6
9739,1,4
9745,2,6
9750,2,5
9755,2,5
9760,1,5
9766,2,6
9770,1,4
9775,1,5
9781,1,6
9786,1,5
9797,1,11
9803,2,6
9808,1,5
9813,1,5
9819,1,6
9824,1,5
9830,1,6
9836,2,6
9841,1,5
9846,1,5
9852,1,6
9858,2,6
9863,1,5
9868,1,5
9873,1,5
9879,2,6
9883,1,4
9888,1,5
9894,1,6
9899,1,5
9905,1,6
9911,2,6
9916,1,5
9921,1,5
9927,2,6
9932,1,5
9937,1,5
9943,1,6
9949,2,6
9954,1,5
9960,2,6
9965,1,5
9971,2,6
9976,1,5
9981,1,5
9988,2,7
9993,2,5
9998,1,5
10004,2,6
10009,1,5
10014,1,5
10019,1,5
10024,1,5
10030,1,6
10036,2,6
10041,1,5
10046,1,5
10052,1,6
10057,1,5
10062,1,5
10068,2,6
10073,1,5
10078,1,5
10084,1,6
10090,2,6
10095,1,5
10100,1,5
10106,1,6
10112,2,6
10118,2,6
10123,2,5
10128,1,5
10133,1,5
10139,2,6
10144,1,5
10149,1,5
10155,1,6
10161,2,6
10165,1,4
10170,1,5
10176,2,6
10181,1,5
10186,1,5
10192,1,6
10198,2,6
10203,1,5
10208,1,5
10214,1,6
10220,2,6
10224,1,4
10229,1,5
10235,2,6
10240,1,5
10245,1,5
10251,2,6
10257,2,6
10261,1,4
10267,1,6
10273,2,6
10278,1,5
10283,1,5
10289,1,6
10295,2,6
10300,1,5
10305,1,5
10311,2,6
10316,1,5
10321,1,5
10327,2,6
10332,1,5
10337,1,5
10343,1,6
10349,2,6
10355,2,6
10361,2,6
10366,1,5
10371,1,5
10376,1,5
10382,1,6
10388,1,6
10394,2,6
10399,1,5
10404,1,5
10409,1,5
10415,2,6
10421,2,6
10426,1,5
10431,1,5
10436,1,5
10442,1,6
10448,2,6
10454,2,6
10459,1,5
10464,1,5
10470,1,6
10476,2,6
10481,1,5
10486,1,5
10492,1,6
10498,2,6
10503,1,5
10508,1,5
10513,1,5
10519,2,6
10525,2,6
10529,1,4
10534,1,5
10539,1,5
10544,1,5
10550,2,6
10556,2,6
10562,2,6
10568,2,6
10573,1,5
10578,1,5
10584,1,6
10590,2,6
10596,1,6
10602,2,6
10607,1,5
10612,1,5
10617,1,5
10623,2,6
10628,1,5
10633,1,5
10639,1,6
10645,2,6
10649,1,4
10654,1,5
10660,1,6
10666,2,6
10670,1,4
10675,1,5
10681,2,6
10687,2,6
10691,1,4
10696,1,5
10702,1,6
10708,1,6
10714,2,6
10719,1,5
10725,2,6
10729,1,4
10734,1,5
10740,1,6
10746,2,6
10751,1,5
10757,1,6
10763,2,6
10767,1,4
10772,1,5
10778,1,6
10784,2,6
10789,1,5
10794,1,5
10801,2,7
10806,2,5
10810,1,4
10815,1,5
10821,1,6
10827,2,6
10832,1,5
10838,2,6
10844,1,6
10850,2,6
10856,2,6
10860,1,4
10865,1,5
10871,2,6
10877,2,6
10882,2,5
10887,1,5
10893,2,6
10897,1,4
10904,2,7
10909,2,5
10914,1,5
10919,1,5
10925,1,6
10931,2,6
10936,1,5
10941,1,5
10947,2,6
10952,1,5
10957,1,5
10963,2,6
10968,1,5
10973,1,5
10979,2,6
10985,2,6
10989,1,4
10994,1,5
11000,1,6
11006,2,6
11011,1,5
11016,1,5
11022,1,6
11027,1,5
11032,1,5
11037,1,5
11043,2,6
11048,1,5
11053,1,5
11059,2,6
11064,1,5
11069,1,5
11075,1,6
11081,2,6
11086,1,5
11091,1,5
11097,1,6
11103,2,6
11107,1,4
11112,1,5
11118,2,6
11123,1,5
11128,1,5
11134,1,6
11140,2,6
11145,1,5
11150,1,5
11156,1,6
11162,2,6
11167,1,5
11172,1,5
11178,1,6
11184,2,6
11189,1,5
11194,1,5
11200,1,6
11206,2,6
11211,1,5
11216,1,5
11222,1,6
11228,2,6
11232,1,4
11237,1,5
11243,2,6
11248,1,5
11253,1,5
11259,2,6
11264,1,5
11269,1,5
11275,1,6
11281,2,6
11286,1,5
11291,1,5
11297,2,6
11303,2,6
11307,1,4
11312,1,5
11318,2,6
11323,1,5
11328,1,5
11334,1,6
11340,2,6
11345,1,5
11350,1,5
11356,1,6
11362,2,6
11367,1,5
11372,1,5
11378,1,6
11384,2,6
11388,1,4
11393,1,5
11399,2,6
11404,1,5
11409,1,5
11415,2,6
11419,1,4
11425,1,6
11431,2,6
11436,1,5
11441,1,5
11447,2,6
11452,1,5
11457,1,5
11463,2,6
11468,1,5
11473,1,5
11479,1,6
11485,2,6
11490,1,5
11495,1,5
11501,2,6
11506,1,5
11511,1,5
11516,1,5
11522,1,6
11528,2,6
11532,1,4
11537,1,5
11543,2,6
11548,1,5
11553,1,5
11559,2,6
11564,1,5
11569,1,5
11575,1,6
11581,2,6
11586,1,5
11591,1,5
11597,2,6
11603,2,6
11607,1,4
11613,1,6
11619,2,6
11624,1,5
11629,1,5
11635,2,6
11640,1,5
11645,1,5
11651,1,6
11657,2,6
11661,1,4
11667,1,6
11673,2,6
11678,1,5
11683,1,5
11689,2,6
11694,1,5
11699,1,5
11705,1,6
11711,2,6
11715,1,4
11720,1,5
11726,2,6
11731,1,5
11736,1,5
11742,1,6
11748,2,6
11753,1,5
11758,1,5
11763,1,5
11768,1,5
11774,1,6
11779,1,5
11784,1,5
11790,1,6
11796,2,6
11802,2,6
11807,2,5
11813,2,6
11819,2,6
11824,1,5
11829,1,5
11834,1,5
11843,5,9
11849,2,6
11853,1,4
11859,1,6
11865,2,6
11869,1,4
11874,1,5
11880,2,6
11885,1,5
11890,1,5
11896,1,6
11901,1,5
11906,1,5
11912,2,6
11916,1,4
11921,1,5
11927,2,6
11932,1,5
11937,1,5
11943,2,6
11949,2,6
11954,2,5
11959,2,5
11963,1,4
11968,1,5
11974,1,6
11980,2,6
11985,1,5
11990,1,5
11996,1,6
12001,1,5
12006,1,5
12012,1,6
12018,2,6
12023,1,5
12028,1,5
12034,1,6
12040,2,6
12044,1,4
12049,1,5
12055,2,6
12060,1,5
12065,1,5
12071,2,6
12076,1,5
12081,1,5
12087,2,6
12092,1,5
12097,1,5
12103,1,6
12109,2,6
12114,1,5
12119,1,5
12125,1,6
12131,2,6
12135,1,4
12140,1,5
12146,1,6
12152,2,6
12157,2,5
12162,1,5
12167,1,5
12173,1,6
12179,2,6
12184,1,5
12189,1,5
12195,2,6
12200,1,5
12205,1,5
12211,2,6
12216,1,5
12221,1,5
12227,1,6
12233,2,6
12238,1,5
12243,1,5
12249,2,6
12254,1,5
12259,1,5
12264,1,5
12270,2,6
12275,1,5
12280,1,5
12286,1,6
12292,2,6
12296,1,4
12301,1,5
12307,2,6
12312,1,5
12317,1,5
12323,2,6
12328,1,5
12333,1,5
12339,2,6
12345,2,6
12349,1,4
12354,1,5
12360,2,6
12365,1,5
12370,1,5
12376,1,6
12382,2,6
12387,1,5
12393,1,6
12399,2,6
12404,1,5
12409,1,5
12415,1,6
12421,2,6
12426,1,5
12431,1,5
12437,2,6
12442,1,5
12447,1,5
12453,1,6
12459,2,6
12463,1,4
12468,1,5
12474,2,6
12479,1,5
12484,1,5
12489,1,5
12495,2,6
12500,1,5
12505,1,5
12511,2,6
12516,1,5
12521,1,5
12527,2,6
12532,1,5
12537,1,5
12543,2,6
12548,1,5
12553,1,5
12559,2,6
12564,1,5
12569,1,5
12575,1,6
12581,2,6
12586,1,5
12591,1,5
12597,2,6
12602,1,5
12607,1,5
12613,1,6
12619,2,6
12623,1,4
12628,1,5
12634,2,6
12639,1,5
12644,1,5
12650,1,6
12656,2,6
12661,1,5
12666,1,5
12672,2,6
12677,1,5
12682,1,5
12688,1,6
12694,2,6
12699,1,5
12704,1,5
12710,1,6
12716,2,6
12721,1,5
12726,1,5
12732,2,6
12737,1,5
12742,1,5
12748,1,6
12754,2,6
12759,1,5
12765,1,6
12771,2,6
12776,1,5
12781,1,5
12787,2,6
12792,1,5
12798,2,6
12802,1,4
12807,1,5
12813,1,6
12819,2,6
12824,1,5
12829,1,5
12835,2,6
12840,2,5
12844,1,4
12849,1,5
12855,2,6
12860,1,5
12865,1,5
12871,2,6
12876,1,5
12881,1,5
12887,1,6
12893,2,6
12897,1,4
12902,1,5
12908,2,6
12913,1,5
12918,1,5
12924,1,6
12929,1,5
12934,1,5
12940,1,6
12946,2,6
12951,1,5
12956,1,5
12963,1,7
12968,1,5
12973,1,5
12979,1,6
12985,2,6
12990,1,5
12995,1,5
13001,2,6
13006,1,5
13011,1,5
13017,1,6
13023,2,6
13027,1,4
13033,1,6
13039,2,6
13044,1,5
13049,1,5
13055,2,6
13060,1,5
13065,1,5
13071,1,6
13076,1,5
13081,1,5
13087,1,6
13093,2,6
13097,1,4
13102,1,5
13108,2,6
13113,1,5
13118,1,5
13124,2,6
13129,1,5
13134,1,5
13140,1,6
13146,2,6
13151,1,5
13156,1,5
13162,1,6
13168,2,6
13172,1,4
13177,1,5
13183,2,6
13188,1,5
13193,1,5
13199,2,6
13204,1,5
13209,1,5
13215,1,6
13221,2,6
13226,1,5
13231,1,5
13237,1,6
13242,1,5
13247,1,5
13252,1,5
13258,1,6
13263,1,5
13268,1,5
13273,1,5
13279,2,6
13283,1,4
13289,1,6
13295,2,6
13299,1,4
13305,1,6
13311,2,6
13315,1,4
13320,1,5
13326,2,6
13331,1,5
13336,1,5
13341,1,5
13347,2,6
13351,1,4
13356,1,5
13362,2,6
13367,1,5
13372,1,5
13377,1,5
13383,2,6
13388,1,5
13393,1,5
13399,2,6
13404,1,5
13409,1,5
13415,1,6
13421,2,6
13425,1,4
13430,1,5
13436,1,6
13442,2,6
13446,1,4
13452,1,6
13458,2,6
13463,1,5
13468,1,5
13474,1,6
13479,1,5
13484,1,5
13490,1,6
13496,2,6
13501,1,5
13506,1,5
13512,1,6
13518,2,6
13522,1,4
13527,1,5
13533,2,6
13538,1,5
13543,1,5
13549,1,6
13555,2,6
13559,1,4
13565,1,6
13570,1,5
13576,2,6
13581,1,5
13586,1,5
13592,2,6
13597,1,5
13602,1,5
13608,1,6
13614,2,6
13619,1,5
13624,1,5
13630,1,6
13635,1,5
13640,1,5
13646,1,6
13652,2,6
13657,1,5
13662,1,5
13668,2,6
13673,1,5
13678,1,5
13684,1,6
13690,2,6
13695,1,5
13700,1,5
13706,1,6
13711,1,5
13716,1,5
13721,1,5
13727,2,6
13732,1,5
13737,1,5
13743,2,6
13748,1,5
13753,1,5
13759,2,6
13764,1,5
13769,1,5
13775,1,6
13781,2,6
13786,1,5
13791,1,5
13797,2,6
13802,1,5
13807,1,5
13813,1,6
13819,2,6
13824,1,5
13829,1,5
13835,2,6
13840,1,5
13845,1,5
13851,1,6
13857,2,6
13862,1,5
13867,1,5
13873,2,6
13878,1,5
13883,1,5
13889,1,6
13894,1,5
13899,1,5
13905,1,6
13911,2,6
13916,1,5
13921,1,5
13927,1,6
13933,2,6
13938,1,5
13943,1,5
13949,2,6
13954,1,5
13959,1,5
13966,2,7
13971,2,5
13976,1,5
13981,1,5
13987,2,6
13992,1,5
13997,1,5
14003,1,6
14009,2,6
14013,1,4
14019,1,6
14025,2,6
14030,1,5
14035,1,5
14041,1,6
14047,2,6
14052,1,5
14057,1,5
14063,2,6
14067,1,4
14073,1,6
14079,2,6
14084,1,5
14089,1,5
14095,2,6
14100,1,5
14105,1,5
14111,1,6
14117,2,6
14123,2,6
14127,1,4
14133,1,6
14139,2,6
14144,1,5
14149,1,5
14155,2,6
14160,1,5
14165,1,5
14171,2,6
14176,1,5
14182,2,6
14186,1,4
14191,1,5
14197,1,6
14202,1,5
14207,1,5
14213,1,6
14219,2,6
14225,2,6
14230,2,5
14236,2,6
14241,2,5
14245,1,4
14250,1,5
14256,2,6
14261,1,5
14266,1,5
14272,1,6
14278,2,6
14283,1,5
14288,1,5
14294,1,6
14299,1,5
14305,2,6
14311,2,6
14315,1,4
14320,1,5
14326,1,6
14332,2,6
14337,1,5
14342,1,5
14348,2,6
14353,1,5
14358,1,5
14364,1,6
14370,2,6
14374,1,4
14380,1,6
14386,2,6
14391,1,5
14397,1,6
14403,2,6
14408,1,5
14413,1,5
14419,2,6
14424,1,5
14429,1,5
14435,2,6
14440,1,5
14445,1,5
14451,2,6
14456,1,5
14461,1,5
14467,2,6
14472,1,5
14477,1,5
14483,2,6
14488,1,5
14493,1,5
14499,1,6
14505,2,6
14509,1,4
14515,1,6
14521,2,6
14526,1,5
14531,1,5
14537,2,6
14542,1,5
14547,1,5
14553,2,6
14558,1,5
14563,1,5
14569,1,6
14574,1,5
14579,1,5
14585,1,6
14591,2,6
14597,1,6
14603,2,6
14607,1,4
14613,1,6
14619,2,6
14624,1,5
14629,1,5
14635,1,6
14640,1,5
14645,1,5
14651,1,6
14657,2,6
14661,1,4
14667,1,6
14673,2,6
14677,1,4
14683,1,6
14689,2,6
14693,1,4
14699,1,6
14705,2,6
14709,1,4
14715,1,6
14721,2,6
14725,1,4
14731,1,6
14737,2,6
14742,1,5
14747,1,5
14753,2,6
14759,2,6
14764,1,5
14770,2,6
14774,1,4
14780,1,6
14786,2,6
14791,1,5
14797,2,6
14802,2,5
14806,1,4
14812,1,6
14818,2,6
14823,1,5
14828,1,5
14834,1,6
14840,2,6
14845,1,5
14850,1,5
14856,1,6
14862,2,6
14867,1,5
14872,1,5
14877,1,5
14883,2,6
14888,1,5
14893,1,5
14899,2,6
14903,1,4
14908,1,5
14914,2,6
14919,1,5
14924,1,5
14930,1,6
14936,2,6
14941,1,5
14946,1,5
14952,1,6
14957,1,5
14962,1,5
14968,1,6
14974,2,6
14978,1,4
14984,1,6
14990,2,6
14994,1,4
15000,1,6
15005,1,5
15011,2,6
15016,1,5
15022,1,6
15027,1,5
15034,2,7
15039,1,5
15045,2,6
15051,2,6
15056,2,5
15062,2,6
15066,1,4
15072,1,6
15078,2,6
15083,1,5
15088,1,5
15094,2,6
15099,1,5
15104,1,5
15109,1,5
15115,2,6
15121,2,6
15125,1,4
15131,1,6
15137,2,6
15142,1,5
15148,2,6
15153,2,5
15157,1,4
15163,1,6
15169,2,6
15175,2,6
15179,1,4
15184,1,5
15189,1,5
15195,2,6
15199,1,4
15204,1,5
15209,1,5
15215,2,6
15221,2,6
15225,1,4
15230,1,5
15236,2,6
15241,1,5
15246,1,5
15252,1,6
15258,2,6
15264,2,6
15269,1,5
15275,1,6
15281,2,6
15285,1,4
15290,1,5
15296,1,6
15302,2,6
15307,1,5
15312,1,5
15317,1,5
15323,2,6
15328,1,5
15333,1,5
15339,1,6
15345,2,6
15351,2,6
15356,2,5
15361,2,5
15367,2,6
15372,2,5
15377,1,5
15383,2,6
15387,1,4
15392,1,5
15398,2,6
15403,1,5
15409,1,6
15415,1,6
15421,2,6
15427,2,6
15432,2,5
15437,2,5
15442,2,5
15447,1,5
15453,2,6
15458,2,5
15462,1,4
15468,2,6
15473,2,5
15479,2,6
15484,2,5
15489,2,5
15495,1,6
15501,2,6
15507,2,6
15511,1,4
15516,1,5
15522,2,6
15527,1,5
15532,1,5
15537,1,5
15543,1,6
15549,2,6
15553,1,4
15558,1,5
15563,1,5
15569,2,6
15574,1,5
15579,1,5
15585,1,6
15591,2,6
15595,1,4
15601,1,6
15607,2,6
15611,1,4
15617,1,6
15623,2,6
15629,1,6
15635,1,6
15641,1,6
15647,2,6
15654,3,7
15658,1,4
15663,1,5
15668,1,5
15673,1,5
15679,1,6
15684,1,5
15690,1,6
15696,2,6
15702,2,6
15707,2,5
15712,2,5
15716,1,4
15721,1,5
15727,1,6
15733,2,6
15739,2,6
15745,2,6
15750,2,5
15756,2,6
15761,2,5
15766,1,5
15771,1,5
15777,1,6
15783,2,6
15788,1,5
15793,1,5
15798,1,5
15804,2,6
15810,2,6
15814,1,4
15819,1,5
15824,1,5
15829,1,5
15835,1,6
15842,2,7
15847,1,5
15852,1,5
15858,1,6
15864,1,6
15870,2,6
15876,2,6
15882,2,6
15889,3,7
15893,2,4
15898,1,5
15904,2,6
15909,2,5
15914,2,5
15920,2,6
15926,2,6
15931,2,5
15936,2,5
15941,1,5
15947,2,6
15952,2,5
15957,2,5
15963,2,6
15968,1,5
15974,1,6
15980,2,6
15985,1,5
15991,2,6
15996,2,5
16001,1,5
16006,1,5
16012,1,6
16018,2,6
16023,1,5
16028,1,5
16034,1,6
16040,2,6
16044,1,4
16049,1,5
16055,2,6
16060,1,5
16065,1,5
16071,2,6
16076,1,5
16081,1,5
16087,2,6
16092,1,5
16097,1,5
16103,1,6
16108,1,5
16113,1,5
16119,1,6
16124,1,5
16129,1,5
16135,1,6
16140,1,5
16145,1,5
16151,1,6
16156,1,5
16161,1,5
16167,1,6
16172,1,5
16177,1,5
16183,1,6
16189,2,6
16194,1,5
16199,1,5
16205,2,6
16210,1,5
16215,1,5
16221,1,6
16227,2,6
16231,1,4
16236,1,5
16242,1,6
16248,2,6
16252,1,4
16257,1,5
16263,2,6
16268,1,5
16273,1,5
16279,2,6
16284,1,5
16289,1,5
16295,1,6
16301,2,6
16306,1,5
16311,1,5
16317,2,6
16322,1,5
16327,1,5
16333,2,6
16338,1,5
16343,1,5
16349,1,6
16355,2,6
16359,1,4
16364,1,5
16370,1,6
16375,1,5
16380,1,5
16385,1,5
16391,2,6
16395,1,4
16400,1,5
16406,1,6
16412,2,6
16418,1,6
16424,2,6
16429,1,5
16434,1,5
16440,2,6
16445,1,5
16450,1,5
16456,1,6
16461,1,5
16466,1,5
16472,1,6
16478,2,6
16483,1,5
16488,1,5
16494,2,6
16499,1,5
16504,1,5
16510,1,6
16515,1,5
16520,1,5
16526,1,6
16532,2,6
16537,1,5
16543,1,6
16549,2,6
16554,1,5
16559,1,5
16565,2,6
16570,1,5
16575,1,5
16581,1,6
16587,2,6
16592,1,5
16597,1,5
16603,2,6
16608,1,5
16613,1,5
16619,2,6
16624,1,5
16629,1,5
16635,2,6
16639,1,4
16644,1,5
16650,2,6
16655,1,5
16660,1,5
16666,1,6
16672,2,6
16676,1,4
16681,1,5
16687,2,6
16692,1,5
16697,1,5
16703,2,6
16708,1,5
16713,1,5
16719,2,6
16724,1,5
16729,1,5
16735,2,6
16740,1,5
16745,1,5
16751,2,6
16756,1,5
16761,1,5
16767,2,6
16772,1,5
16777,1,5
16783,1,6
16789,2,6
16794,1,5
16799,1,5
16805,1,6
16810,1,5
16815,1,5
16821,1,6
16827,2,6
16832,1,5
16837,1,5
16843,2,6
16848,1,5
16853,1,5
16859,1,6
16865,2,6
16870,1,5
16875,1,5
16881,2,6
16886,1,5
16891,1,5
16896,1,5
16902,2,6
16907,1,5
16912,1,5
16918,1,6
16924,2,6
16929,1,5
16934,1,5
16940,1,6
16946,2,6
16951,1,5
16956,1,5
16962,1,6
16968,2,6
16972,1,4
16977,1,5
16983,2,6
16988,1,5
16993,1,5
16999,2,6
17004,1,5
17009,1,5
17015,1,6
17021,2,6
17026,2,5
17031,2,5
17035,1,4
17040,1,5
17046,1,6
17052,2,6
17057,1,5
17062,1,5
17068,2,6
17073,1,5
17078,1,5
17084,1,6
17090,2,6
17095,1,5
17100,1,5
17106,1,6
17112,2,6
17116,1,4
17121,1,5
17127,2,6
17132,1,5
17137,1,5
17143,1,6
17149,2,6
17154,1,5
17159,1,5
17165,1,6
17171,2,6
17175,1,4
17181,1,6
17187,2,6
17191,1,4
17197,1,6
17203,2,6
17208,1,5
17213,1,5
17219,2,6
17224,1,5
17229,1,5
17235,2,6
17240,1,5
17245,1,5
17251,2,6
17256,1,5
17261,1,5
17267,1,6
17273,2,6
17278,1,5
17283,1,5
17289,1,6
17295,2,6
17299,1,4
17304,1,5
17310,2,6
17315,1,5
17320,1,5
17326,1,6
17331,1,5
17336,1,5
17342,1,6
17348,2,6
17352,1,4
17357,1,5
17363,2,6
17368,1,5
17373,1,5
17379,1,6
17385,2,6
17390,1,5
17395,1,5
17401,2,6
17406,1,5
17411,1,5
17417,1,6
17423,2,6
17427,1,4
17432,1,5
17438,1,6
17443,1,5
17448,1,5
17453,1,5
17459,2,6
17464,1,5
17469,1,5
17475,2,6
17480,1,5
17485,1,5
17491,1,6
17497,2,6
17501,1,4
17506,1,5
17512,2,6
17517,1,5
17522,1,5
17528,2,6
17533,1,5
17538,1,5
17544,1,6
17550,2,6
17555,1,5
17560,1,5
17566,1,6
17572,2,6
17577,1,5
17582,1,5
17588,2,6
17593,1,5
17598,1,5
17605,2,7
17609,1,4
17614,1,5
17620,1,6
17625,1,5
17630,1,5
17636,1,6
17642,2,6
17647,1,5
17653,2,6
17658,1,5
17664,2,6
17669,1,5
17674,1,5
17680,1,6
17685,1,5
17690,1,5
17696,1,6
17702,2,6
17706,1,4
17712,1,6
17718,2,6
17722,1,4
17727,1,5
17733,2,6
17738,1,5
17743,1,5
17749,2,6
17754,1,5
17759,1,5
17765,1,6
17771,2,6
17776,1,5
17781,1,5
17787,2,6
17792,1,5
17798,2,6
17802,1,4
17807,1,5
17813,1,6
17819,2,6
17823,1,4
17829,1,6
17834,1,5
17840,2,6
17845,1,5
17850,1,5
17856,1,6
17862,2,6
17867,1,5
17872,1,5
17878,1,6
17884,2,6
17889,1,5
17894,1,5
17900,2,6
17905,1,5
17910,1,5
17916,1,6
17922,2,6
17926,1,4
17931,1,5
17937,2,6
17942,1,5
17947,1,5
17953,1,6
17960,2,7
17967,1,7
17973,2,6
17978,1,5
17983,1,5
17989,2,6
17994,1,5
17999,1,5
18005,1,6
18011,2,6
18015,1,4
18021,1,6
18027,2,6
18032,1,5
18037,1,5
18043,2,6
18048,1,5
18053,1,5
18059,2,6
18064,1,5
18069,1,5
18075,2,6
18080,1,5
18085,1,5
18091,2,6
18097,2,6
18101,1,4
18107,1,6
18113,2,6
18117,1,4
18122,1,5
18128,1,6
18134,2,6
18139,1,5
18144,1,5
18150,1,6
18155,1,5
18160,1,5
18165,1,5
18171,2,6
18175,1,4
18181,1,6
18187,2,6
18191,1,4
18197,1,6
18203,2,6
18208,1,5
18213,1,5
18219,2,6
18224,1,5
18229,1,5
18235,2,6
18240,1,5
18245,1,5
18251,1,6
18256,1,5
18261,1,5
18267,2,6
18272,1,5
18277,1,5
18283,2,6
18288,1,5
18293,1,5
18299,2,6
18304,1,5
18309,1,5
18315,2,6
18320,1,5
18325,1,5
18331,1,6
18337,2,6
18341,1,4
18346,1,5
18352,2,6
18357,1,5
18362,1,5
18368,1,6
18374,2,6
18379,1,5
18384,1,5
18390,1,6
18396,2,6
18400,1,4
18405,1,5
18411,2,6
18415,1,4
18421,1,6
18427,2,6
18431,1,4
18437,1,6
18443,2,6
18448,1,5
18453,1,5
18459,1,6
18465,2,6
18469,1,4
18474,1,5
18480,2,6
18485,1,5
18490,1,5
18496,1,6
18502,2,6
18507,1,5
18512,1,5
18518,2,6
18523,1,5
18528,1,5
18534,1,6
18540,2,6
18544,1,4
18549,1,5
18555,2,6
18559,1,4
18565,1,6
18570,1,5
18575,1,5
18581,1,6
18587,2,6
18592,1,5
18597,1,5
18603,1,6
18609,2,6
18615,2,6
18620,2,5
18624,1,4
18629,1,5
18635,1,6
18641,2,6
18645,1,4
18650,1,5
18656,2,6
18661,1,5
18666,1,5
18672,2,6
18677,1,5
18682,1,5
18688,1,6
18694,2,6
18699,1,5
18704,1,5
18709,1,5
18715,2,6
18719,1,4
18724,1,5
18730,1,6
18736,2,6
18740,1,4
18745,1,5
18751,2,6
18756,1,5
18761,1,5
18767,2,6
18772,1,5
18777,1,5
18783,2,6
18788,1,5
18793,1,5
18799,2,6
18805,2,6
18810,1,5
18815,1,5
18821,1,6
18827,2,6
18831,1,4
18836,1,5
18842,2,6
18847,1,5
18852,1,5
18858,1,6
18864,2,6
18869,1,5
18874,1,5
18880,2,6
18886,2,6
18890,1,4
18895,1,5
18901,2,6
18906,1,5
18911,1,5
18917,1,6
18923,2,6
18929,1,6
18935,2,6
18939,1,4
18945,1,6
18951,2,6
18955,1,4
18961,1,6
18967,2,6
18971,1,4
18977,1,6
18983,2,6
18988,1,5
18993,1,5
18999,2,6
19005,2,6
19009,1,4
19015,1,6
19021,2,6
19025,1,4
19031,1,6
19037,2,6
19041,1,4
19047,1,6
19052,1,5
19057,1,5
19062,1,5
19067,1,5
19072,1,5
19077,1,5
19082,1,5
19087,1,5
19092,1,5
19097,1,5
19102,1,5
19107,1,5
19113,2,6
19117,1,4
19123,2,6
19128,1,5
19134,2,6
19139,1,5
19145,2,6
19150,1,5
19156,1,6
19161,1,5
19167,1,6
19172,1,5
19177,1,5
19183,2,6
19187,1,4
19192,1,5
19198,2,6
19203,1,5
19208,1,5
19214,1,6
19220,2,6
19224,1,4
19230,1,6
19236,2,6
19241,1,5
19247,2,6
19251,1,4
19257,1,6
19263,2,6
19267,1,4
19274,2,7
19279,2,5
19283,1,4
19288,1,5
19294,2,6
19300,2,6
19305,2,5
19310,1,5
19316,2,6
19321,1,5
19327,2,6
19331,1,4
19336,1,5
19342,2,6
19347,1,5
19352,1,5
19358,1,6
19364,2,6
19368,1,4
19373,1,5
19378,1,5
19383,1,5
19389,2,6
19394,1,5
19400,1,6
19405,1,5
19410,1,5
19415,1,5
19420,1,5
19426,2,6
19432,2,6
19436,1,4
19441,1,5
19447,1,6
19453,2,6
19458,2,5
19464,2,6
19469,1,5
19474,1,5
19479,1,5
19485,2,6
19490,1,5
19495,1,5
19501,2,6
19506,1,5
19512,1,6
19517,1,5
19522,1,5
19527,1,5
19532,1,5
19538,1,6
19544,2,6
19550,2,6
19555,2,5
19559,1,4
19564,1,5
19569,1,5
19574,1,5
19579,1,5
19585,2,6
19590,1,5
19596,1,6
19601,1,5
19607,1,6
19612,1,5
19617,1,5
19623,2,6
19628,2,5
19632,1,4
19637,1,5
19643,2,6
19648,1,5
19653,1,5
19658,1,5
19664,2,6
19669,1,5
19674,1,5
19681,3,7
19687,2,6
19691,1,4
19696,1,5
19702,2,6
19707,1,5
19712,1,5
19717,1,5
19723,2,6
19728,1,5
19733,1,5
19739,2,6
19744,1,5
19749,1,5
19755,1,6
19761,2,6
19766,1,5
19771,1,5
19777,2,6
19782,1,5
19787,1,5
19793,1,6
19799,2,6
19803,1,4
19808,1,5
19814,1,6
19820,2,6
19825,1,5
19830,1,5
19835,1,5
19841,2,6
19846,1,5
19851,1,5
19857,1,6
19863,2,6
19869,2,6
19875,2,6
19879,1,4
19885,1,6
19891,2,6
19896,1,5
19901,1,5
19907,2,6
19913,2,6
19917,1,4
19923,1,6
19929,2,6
19933,1,4
19938,1,5
19944,2,6
19950,2,6
19954,1,4
19959,1,5
19965,1,6
19970,1,5
19976,1,6
19982,2,6
19987,1,5
19992,1,5
19997,1,5
20003,1,6
20009,2,6
20014,1,5
20023,2,9
20028,1,5
20033,1,5
20038,1,5
20043,1,5
20049,2,6
20054,1,5
20059,1,5
20064,1,5
20069,1,5
20074,1,5
20080,1,6
20085,1,5
20091,1,6
20096,1,5
20101,1,5
20106,1,5
20111,1,5
20117,2,6
20122,1,5
20127,1,5
20133,1,6
20138,1,5
20144,2,6
20149,1,5
20154,1,5
20159,1,5
20164,1,5
20169,1,5
20175,1,6
20180,1,5
20186,1,6
20191,1,5
20196,1,5
20203,2,7
20207,1,4
20212,1,5
20217,1,5
20222,1,5
20228,2,6
20233,1,5
20239,1,6
20245,2,6
20249,1,4
20255,1,6
20260,1,5
20266,1,6
20272,2,6
20277,1,5
20282,1,5
20288,1,6
20294,2,6
20299,1,5
20305,1,6
20311,2,6
20316,1,5
20321,1,5
20327,1,6
20333,2,6
20338,1,5
20344,2,6
20349,2,5
20354,2,5
20360,1,6
20366,2,6
20371,2,5
20375,1,4
20381,1,6
20387,2,6
20392,1,5
20397,1,5
20403,1,6
20409,2,6
20415,2,6
20420,1,5
20425,1,5
20431,2,6
20436,1,5
20441,1,5
20447,1,6
20453,2,6
20458,1,5
20463,1,5
20468,1,5
20474,2,6
20479,1,5
20484,1,5
20490,1,6
20496,2,6
20501,1,5
20506,1,5
20512,2,6
20517,1,5
20522,1,5
20528,1,6
20534,2,6
20538,1,4
20544,1,6
20550,2,6
20555,1,5
20560,1,5
20566,1,6
20572,2,6
20576,1,4
20581,1,5
20587,2,6
20592,1,5
20597,1,5
20603,2,6
20608,1,5
20613,1,5
20619,2,6
20624,1,5
20629,1,5
20635,2,6
20640,1,5
20645,1,5
20651,1,6
20657,2,6
20663,1,6
20669,2,6
20673,1,4
20679,1,6
20685,2,6
20689,1,4
20695,1,6
20701,2,6
20705,1,4
20710,1,5
20716,2,6
20721,1,5
20726,1,5
20732,2,6
20737,1,5
20742,1,5
20748,1,6
20754,2,6
20758,1,4
20763,1,5
20769,2,6
20775,1,6
20781,2,6
20786,2,5
20791,1,5
20797,2,6
20802,2,5
20807,2,5
20813,1,6
20819,2,6
20824,2,5
20830,1,6
20836,2,6
20841,2,5
20846,1,5
20852,2,6
20857,2,5
20862,2,5
20867,1,5
20872,1,5
20878,2,6
20883,1,5
20888,1,5
20894,1,6
20900,2,6
20906,2,6
20911,2,5
20917,1,6
20922,1,5
20928,2,6
20933,2,5
20937,1,4
20943,2,6
20948,2,5
20953,2,5
20959,2,6
20965,1,6
20971,2,6
20977,1,6
20983,1,6
20989,1,6
20995,1,6
21001,1,6
21006,1,5
21012,2,6
21017,1,5
21022,1,5
21028,1,6
21034,2,6
21038,1,4
21043,1,5
21049,2,6
21054,1,5
21059,1,5
21065,2,6
21070,1,5
21075,1,5
21081,1,6
21087,2,6
21091,1,4
21097,1,6
21103,2,6
21107,1,4
21112,1,5
21118,2,6
21123,1,5
21128,1,5
21134,1,6
21140,2,6
21144,1,4
21149,1,5
21155,2,6
21160,1,5
21165,1,5
21171,2,6
21176,1,5
21181,1,5
21187,2,6
21193,2,6
21198,2,5
21204,1,6
21210,2,6
21214,1,4
21220,1,6
21226,2,6
21230,1,4
21235,1,5
21241,2,6
21246,1,5
21251,1,5
21257,2,6
21262,1,5
21267,1,5
21273,1,6
21279,2,6
21284,1,5
21289,1,5
21295,2,6
21300,1,5
21305,1,5
21311,2,6
21316,1,5
21321,1,5
21327,2,6
21332,1,5
21337,1,5
21343,1,6
21348,1,5
21353,1,5
21359,1,6
21365,2,6
21370,1,5
21375,1,5
21381,2,6
21386,1,5
21391,1,5
21397,1,6
21403,2,6
21407,1,4
21412,1,5
21418,1,6
21424,2,6
21428,1,4
21433,1,5
21439,2,6
21444,1,5
21449,1,5
21455,2,6
21460,1,5
21465,1,5
21471,2,6
21476,1,5
21481,1,5
21487,2,6
21492,1,5
21497,1,5
21503,2,6
21508,1,5
21513,1,5
21519,2,6
21524,1,5
21529,1,5
21535,2,6
21541,2,6
21545,1,4
21551,1,6
21557,2,6
21561,1,4
21567,1,6
21573,2,6
21577,1,4
21583,1,6
21589,2,6
21593,1,4
21598,1,5
21604,2,6
21609,1,5
21614,1,5
21620,1,6
21625,1,5
21630,1,5
21636,1,6
21642,2,6
21647,1,5
21653,2,6
21658,1,5
21664,2,6
21668,1,4
21673,1,5
21679,2,6
21684,1,5
21689,1,5
21695,2,6
21700,1,5
21705,1,5
21711,2,6
21716,1,5
21721,1,5
21727,2,6
21732,1,5
21737,1,5
21743,2,6
21749,2,6
21753,1,4
21759,1,6
21765,2,6
21770,1,5
21775,1,5
21781,2,6
21786,1,5
21791,1,5
21797,2,6
21802,1,5
21807,1,5
21813,1,6
21819,2,6
21824,1,5
21829,1,5
21835,2,6
21841,2,6
21846,1,5
21851,1,5
21857,1,6
21863,2,6
21868,1,5
21873,1,5
21879,1,6
21885,2,6
21891,2,6
21897,2,6
21902,1,5
21907,1,5
21913,2,6
21919,2,6
21923,1,4
21929,2,6
21934,2,5
21941,2,7
21946,2,5
21951,2,5
21956,2,5
21962,2,6
21969,2,7
21974,2,5
21979,1,5
21984,1,5
21989,1,5
21996,3,7
22000,1,4
22005,1,5
22011,2,6
22017,2,6
22021,1,4
22026,1,5
22032,2,6
22038,2,6
22042,1,4
22047,1,5
22053,1,6
22059,2,6
22064,1,5
22069,1,5
22075,2,6
22081,2,6
22086,2,5
22090,1,4
22096,1,6
22102,2,6
22107,1,5
22112,1,5
22117,1,5
22123,2,6
22128,1,5
22133,1,5
22139,2,6
22145,2,6
22149,1,4
22154,1,5
22160,2,6
22165,1,5
22170,1,5
22176,1,6
22181,1,5
22186,1,5
22192,1,6
22198,2,6
22203,1,5
22208,1,5
22214,2,6
22219,1,5
22224,1,5
22230,1,6
22236,2,6
22241,1,5
22246,1,5
22252,1,6
22258,2,6
22262,1,4
22267,1,5
22273,2,6
22278,1,5
22283,1,5
22289,1,6
22295,2,6
22300,1,5
22305,1,5
22311,2,6
22316,1,5
22321,1,5
22327,2,6
22333,2,6
22337,1,4
22342,1,5
22348,1,6
22354,2,6
22359,1,5
22364,1,5
22369,0,5
22375,1,6
22380,1,5
22385,1,5
22389,0,4
22394,0,5
22399,0,5
22405,1,6
22411,1,6
22416,1,5
22420,0,4
22426,0,6
22432,1,6
22437,1,5
22442,0,5
22447,0,5
22453,0,6
22459,1,6
22464,1,5
22469,1,5
22473,0,4
22479,0,6
22485,1,6
22490,1,5
22495,1,5
22499,0,4
22504,0,5
22510,1,6
22516,1,6
22521,1,5
22526,1,5
22530,0,4
22536,0,6
22542,1,6
22547,1,5
22553,1,6
22558,1,5
22563,1,5
22567,0,4
22572,0,5
22578,0,6
22584,1,6
22589,1,5
22594,1,5
22599,1,5
22604,1,5
22608,0,4
22614,0,6
22620,1,6
22626,1,6
22631,1,5
22636,1,5
22640,0,4
22646,0,6
22653,2,7
22657,1,4
22661,0,4
22666,0,5
22672,1,6
22678,1,6
22683,1,5
22687,0,4
22692,0,5
22698,1,6
22704,1,6
22709,1,5
22713,0,4
22718,0,5
22724,1,6
22729,1,5
22734,1,5
22738,0,4
22744,0,6
22750,1,6
22755,1,5
22760,1,5
22764,0,4
22769,0,5
22775,0,6
22781,1,6
22786,1,5
22791,1,5
22795,0,4
22801,1,6
22806,1,5
22811,1,5
22815,0,4
22820,0,5
22826,0,6
22832,1,6
22838,1,6
22843,1,5
22847,0,4
22852,0,5
22858,1,6
22864,1,6
22870,2,6
22876,2,6
22880,1,4
22885,1,5
22891,2,6
22895,1,4
22901,2,6
22906,1,5
22912,1,6
22918,2,6
22923,1,5
22928,1,5
22934,1,6
22940,2,6
22945,1,5
22950,1,5
22956,1,6
22962,2,6
22973,7,11
22979,2,6
22983,1,4
22989,2,6
22995,2,6
23000,2,5
23004,1,4
23010,2,6
23015,1,5
23020,1,5
23025,1,5
23031,2,6
23036,1,5
23041,1,5
23047,2,6
23052,1,5
23057,1,5
23063,2,6
23069,2,6
23074,2,5
23079,2,5
23084,2,5
23090,2,6
23095,2,5
23100,2,5
23106,2,6
23111,2,5
23116,2,5
23122,1,6
23128,2,6
23133,2,5
23138,1,5
23144,2,6
23149,2,5
23155,1,6
23161,2,6
23166,2,5
23171,1,5
23177,2,6
23182,2,5
23187,2,5
23193,1,6
23199,2,6
23204,2,5
23209,2,5
23215,1,6
23221,2,6
23226,2,5
23231,1,5
23237,2,6
23242,2,5
23246,1,4
23251,1,5
23257,1,6
23263,2,6
23267,1,4
23272,1,5
23278,2,6
23283,1,5
23288,1,5
23294,1,6
23300,2,6
23305,1,5
23310,1,5
23316,2,6
23321,1,5
23326,1,5
23332,1,6
23338,2,6
23343,1,5
23348,1,5
23354,1,6
23359,1,5
23364,1,5
23370,1,6
23376,2,6
23381,1,5
23386,1,5
23392,2,6
23397,1,5
23402,1,5
23408,1,6
23414,2,6
23418,1,4
23423,1,5
23429,2,6
23434,1,5
23439,1,5
23444,1,5
23450,1,6
23456,2,6
23461,1,5
23466,1,5
23472,2,6
23477,1,5
23482,1,5
23488,1,6
23493,1,5
23499,2,6
23504,2,5
23509,2,5
23514,1,5
23520,2,6
23525,2,5
23531,1,6
23537,2,6
23542,2,5
23546,1,4
23552,1,6
23558,2,6
23563,1,5
23568,1,5
23574,2,6
23579,1,5
23584,1,5
23590,1,6
23596,2,6
23600,1,4
23605,1,5
23611,2,6
23615,1,4
23620,1,5
23626,2,6
23631,1,5
23636,1,5
23642,1,6
23648,2,6
23653,2,5
23658,1,5
23664,2,6
23668,1,4
23673,1,5
23679,2,6
23684,1,5
23689,1,5
23695,2,6
23700,1,5
23705,1,5
23711,2,6
23716,1,5
23721,1,5
23727,2,6
23732,1,5
23737,1,5
23743,2,6
23748,1,5
23753,1,5
23759,1,6
23765,2,6
23770,1,5
23775,1,5
23781,1,6
23787,2,6
23791,1,4
23797,1,6
23803,2,6
23808,1,5
23813,1,5
23819,1,6
23825,2,6
23830,1,5
23835,1,5
23841,1,6
23847,2,6
23852,1,5
23857,1,5
23863,2,6
23869,2,6
23873,1,4
23879,1,6
23885,2,6
23889,1,4
23895,1,6
23901,2,6
23906,1,5
23911,1,5
23917,2,6
23922,1,5
23927,1,5
23933,1,6
23939,2,6
23944,1,5
23949,1,5
23955,2,6
23960,1,5
23965,1,5
23971,1,6
23977,1,6
23983,2,6
23988,1,5
23993,1,5
23999,2,6
24004,1,5
24009,1,5
24015,2,6
24020,1,5
24025,1,5
24031,1,6
24037,2,6
24041,1,4
24047,1,6
24053,2,6
24058,1,5
24063,1,5
24069,1,6
24075,2,6
24080,1,5
24085,1,5
24091,2,6
24096,1,5
24101,1,5
24108,2,7
24113,1,5
24118,1,5
24124,1,6
24129,1,5
24134,1,5
24140,1,6
24146,2,6
24151,1,5
24156,1,5
24162,1,6
24167,1,5
24172,1,5
24177,1,5
24183,2,6
24188,1,5
24193,1,5
24199,2,6
24204,1,5
24209,1,5
24215,1,6
24221,2,6
24225,1,4
24231,1,6
24237,2,6
24241,1,4
24246,1,5
24252,2,6
24257,1,5
24262,1,5
24268,1,6
24274,2,6
24278,1,4
24283,1,5
24289,2,6
24294,1,5
24299,1,5
24305,1,6
24310,1,5
24315,1,5
24321,1,6
24327,2,6
24331,1,4
24336,1,5
24342,1,6
24348,2,6
24352,1,4
24357,1,5
24363,2,6
24369,2,6
24373,1,4
24378,1,5
24384,2,6
24389,1,5
24394,1,5
24400,1,6
24406,2,6
24411,1,5
24416,1,5
24421,1,5
24427,2,6
24431,1,4
24437,1,6
24443,2,6
24448,1,5
24453,1,5
24459,1,6
24464,1,5
24469,1,5
24475,2,6
24480,1,5
24485,1,5
24491,1,6
24497,2,6
24502,1,5
24507,1,5
24513,1,6
24519,2,6
24524,1,5
24529,1,5
24535,2,6
24540,1,5
24545,1,5
24551,2,6
24556,1,5
24561,1,5
24567,2,6
24573,2,6
24577,1,4
24583,1,6
24589,2,6
24593,1,4
24598,1,5
24604,1,6
24610,1,6
24616,2,6
24620,1,4
24625,1,5
24631,2,6
24636,1,5
24641,1,5
24647,2,6
24653,2,6
24658,1,5
24664,2,6
24668,1,4
24673,1,5
24679,2,6
24684,1,5
24689,1,5
24695,2,6
24700,1,5
24705,1,5
24711,1,6
24717,2,6
24722,1,5
24727,1,5
24733,2,6
24738,1,5
24743,1,5
24749,1,6
24755,2,6
24759,1,4
24764,1,5
24770,2,6
24775,1,5
24780,1,5
24785,1,5
24791,2,6
24796,1,5
24801,1,5
24807,1,6
24813,2,6
24817,1,4
24823,1,6
24829,2,6
24834,1,5
24839,1,5
24845,2,6
24850,1,5
24855,1,5
24861,1,6
24867,2,6
24871,1,4
24877,1,6
24883,2,6
24887,1,4
24892,1,5
24898,2,6
24904,2,6
24909,2,5
24913,1,4
24918,1,5
24924,2,6
24929,1,5
24934,1,5
24940,1,6
24946,2,6
24951,1,5
24956,1,5
24962,1,6
24967,1,5
24973,2,6
24978,2,5
24983,2,5
24988,1,5
24994,1,6
25000,1,6
25006,2,6
25011,1,5
25016,1,5
25022,1,6
25028,2,6
25035,3,7
25040,1,5
25045,1,5
25051,1,6
25057,2,6
25062,1,5
25067,1,5
25073,1,6
25079,2,6
25084,1,5
25089,1,5
25095,2,6
25100,1,5
25105,1,5
25111,2,6
25117,2,6
25123,1,6
25129,2,6
25134,1,5
25139,1,5
25145,1,6
25151,2,6
25156,1,5
25161,1,5
25167,1,6
25173,2,6
25179,2,6
25183,1,4
25188,1,5
25194,1,6
25200,2,6
25206,3,6
25210,2,4
25215,1,5
25220,1,5
25226,2,6
25231,1,5
25236,1,5
25241,1,5
25247,2,6
25251,1,4
25256,1,5
25262,1,6
25267,1,5
25272,1,5
25278,1,6
25284,2,6
25289,1,5
25294,1,5
25300,1,6
25306,2,6
25310,1,4
25316,1,6
25322,2,6
25327,1,5
25332,1,5
25338,1,6
25344,2,6
25349,1,5
25354,1,5
25360,2,6
25365,1,5
25371,2,6
25376,2,5
25381,2,5
25387,1,6
25393,2,6
25397,1,4
25402,1,5
25408,1,6
25414,2,6
25419,1,5
25424,1,5
25430,1,6
25436,2,6
25440,1,4
25445,1,5
25451,2,6
25455,1,4
25460,1,5
25466,2,6
25471,1,5
25476,1,5
25482,1,6
25488,2,6
25492,1,4
25497,1,5
25503,2,6
25508,1,5
25513,1,5
25519,2,6
25524,1,5
25532,1,8
25537,1,5
25542,1,5
25547,1,5
25552,1,5
25557,1,5
25563,2,6
25567,1,4
25573,1,6
25578,1,5
25583,1,5
25589,1,6
25595,2,6
25599,1,4
25605,1,6
25611,2,6
25615,1,4
25620,1,5
25626,2,6
25631,1,5
25636,1,5
25642,1,6
25647,1,5
25653,2,6
25658,1,5
25664,2,6
25669,1,5
25674,1,5
25680,2,6
25685,1,5
25690,1,5
25696,2,6
25701,1,5
25706,1,5
25712,1,6
25718,2,6
25723,1,5
25728,1,5
25734,1,6
25740,2,6
25745,1,5
25750,1,5
25756,2,6
25761,1,5
25766,1,5
25772,1,6
25777,1,5
25782,1,5
25788,1,6
25794,2,6
25799,1,5
25804,1,5
25810,2,6
25815,1,5
25820,1,5
25826,1,6
25831,1,5
25836,1,5
25841,1,5
25847,2,6
25852,1,5
25857,1,5
25863,2,6
25868,1,5
25873,1,5
25879,2,6
25884,1,5
25889,1,5
25895,2,6
25901,2,6
25905,1,4
25911,1,6
25917,2,6
25921,1,4
25927,1,6
25933,2,6
25938,1,5
25943,1,5
25949,2,6
25954,1,5
25959,1,5
25965,1,6
25971,2,6
25976,1,5
25981,1,5
25987,2,6
25992,1,5
25998,2,6
26003,2,5
26008,1,5
26013,1,5
26019,1,6
26024,1,5
26029,1,5
26035,1,6
26041,2,6
26047,2,6
26051,1,4
26056,1,5
26062,2,6
26067,1,5
26072,1,5
26078,1,6
26084,2,6
26089,1,5
26094,1,5
26099,1,5
26105,1,6
26110,1,5
26115,1,5
26121,1,6
26127,2,6
26132,1,5
26137,1,5
26143,2,6
26147,1,4
26153,1,6
26159,2,6
26164,1,5
26169,1,5
26175,2,6
26180,1,5
26185,1,5
26191,2,6
26196,1,5
26201,1,5
26207,2,6
26212,1,5
26217,1,5
26223,1,6
26229,2,6
26234,1,5
26239,1,5
26245,1,6
26251,2,6
26255,1,4
26261,1,6
26267,2,6
26272,1,5
26277,1,5
26283,2,6
26288,1,5
26293,1,5
26299,2,6
26304,1,5
26309,1,5
26315,2,6
26320,1,5
26325,1,5
26330,1,5
26336,1,6
26342,2,6
26347,1,5
26352,1,5
26358,1,6
26364,2,6
26369,2,5
26373,1,4
26379,1,6
26385,2,6
26389,1,4
26395,1,6
26401,2,6
26406,1,5
26411,1,5
26417,2,6
26422,1,5
26427,1,5
26433,1,6
26439,2,6
26443,1,4
26449,1,6
26455,2,6
26460,1,5
26465,1,5
26471,2,6
26476,1,5
26481,1,5
26487,2,6
26492,1,5
26497,1,5
26503,2,6
26508,1,5
26513,1,5
26519,1,6
26525,2,6
26529,1,4
26535,1,6
26541,2,6
26546,1,5
26551,1,5
26557,2,6
26562,1,5
26567,1,5
26573,1,6
26578,1,5
26583,1,5
26589,1,6
26595,2,6
26599,1,4
26605,1,6
26611,2,6
26616,1,5
26621,1,5
26627,2,6
26632,1,5
26637,1,5
26643,1,6
26649,1,6
26654,1,5
26660,2,6
26665,1,5
26670,1,5
26676,1,6
26681,1,5
26686,1,5
26692,1,6
26698,2,6
26702,1,4
26707,1,5
26713,2,6
26718,1,5
26723,1,5
26729,2,6
26734,1,5
26739,1,5
26745,1,6
26751,2,6
26756,1,5
26761,1,5
26767,2,6
26772,1,5
26777,1,5
26783,1,6
26789,2,6
26794,2,5
26799,2,5
26805,2,6
26810,2,5
26815,2,5
26820,1,5
26825,1,5
26831,2,6
26836,1,5
26841,1,5
26847,1,6
26853,2,6
26858,1,5
26863,1,5
26869,1,6
26875,1,6
26880,1,5
26885,1,5
26891,1,6
26897,2,6
26901,1,4
26907,1,6
26913,2,6
26918,1,5
26923,1,5
26929,1,6
26935,2,6
26940,1,5
26945,1,5
26951,2,6
26956,1,5
26961,1,5
26967,2,6
26972,1,5
26977,1,5
26983,1,6
26989,2,6
26994,1,5
26999,1,5
27005,1,6
27011,2,6
27015,1,4
27021,1,6
27027,2,6
27032,1,5
27037,1,5
27043,2,6
27048,1,5
27053,1,5
27059,2,6
27064,1,5
27069,1,5
27075,1,6
27081,2,6
27085,1,4
27091,1,6
27097,2,6
27102,1,5
27107,1,5
27113,2,6
27118,1,5
27123,1,5
27129,1,6
27135,2,6
27140,1,5
27145,1,5
27151,2,6
27156,1,5
27161,1,5
27167,2,6
27173,2,6
27178,2,5
27183,2,5
27189,2,6
27194,2,5
27199,2,5
27205,2,6
27209,1,4
27214,1,5
27220,2,6
27225,1,5
27231,2,6
27236,2,5
27241,1,5
27247,2,6
27251,1,4
27256,1,5
27262,1,6
27268,2,6
27273,1,5
27278,1,5
27284,2,6
27289,1,5
27294,1,5
27300,1,6
27306,2,6
27311,1,5
27316,1,5
27322,2,6
27327,1,5
27332,1,5
27338,1,6
27343,1,5
27348,1,5
27354,1,6
27360,2,6
27365,1,5
27370,1,5
27376,2,6
27381,1,5
27386,1,5
27392,1,6
27398,2,6
27403,1,5
27408,1,5
27414,1,6
27420,2,6
27425,1,5
27430,1,5
27436,1,6
27442,2,6
27447,1,5
27452,1,5
27458,1,6
27464,2,6
27468,1,4
27473,1,5
27479,2,6
27484,1,5
27489,1,5
27495,1,6
27501,2,6
27505,1,4
27511,1,6
27517,2,6
27521,1,4
27526,1,5
27532,2,6
27537,1,5
27542,1,5
27548,1,6
27554,2,6
27560,2,6
27564,1,4
27569,1,5
27575,2,6
27581,2,6
27585,1,4
27590,1,5
27597,2,7
27602,2,5
27607,1,5
27613,2,6
27617,1,4
27623,1,6
27629,2,6
27634,1,5
27639,1,5
27645,2,6
27650,1,5
27655,1,5
27661,1,6
27667,2,6
27671,1,4
27676,1,5
27682,2,6
27687,1,5
27692,1,5
27698,1,6
27704,2,6
27708,1,4
27713,1,5
27719,2,6
27724,1,5
27729,1,5
27735,2,6
27740,1,5
27746,2,6
27750,1,4
27756,1,6
27762,2,6
27767,1,5
27772,1,5
27778,2,6
27783,1,5
27788,1,5
27794,1,6
27800,2,6
27804,1,4
27809,1,5
27815,2,6
27820,1,5
27825,1,5
27831,2,6
27836,1,5
27841,1,5
27847,1,6
27852,1,5
27857,1,5
27863,1,6
27869,2,6
27873,1,4
27878,1,5
27884,1,6
27889,1,5
27894,1,5
27900,1,6
27906,2,6
27910,1,4
27916,1,6
27922,2,6
27927,1,5
27932,1,5
27938,1,6
27944,2,6
27948,1,4
27953,1,5
27959,2,6
27964,1,5
27969,1,5
27977,1,8
27982,1,5
27987,1,5
27993,1,6
27998,1,5
28003,1,5
28009,1,6
28015,2,6
28019,1,4
28025,1,6
28031,2,6
28035,1,4
28040,1,5
28046,2,6
28051,1,5
28056,1,5
28062,1,6
28068,2,6
28072,1,4
28077,1,5
28083,2,6
28088,1,5
28093,1,5
28099,2,6
28104,1,5
28109,1,5
28115,2,6
28120,1,5
28125,1,5
28131,2,6
28136,1,5
28141,1,5
28147,1,6
28153,2,6
28157,1,4
28163,1,6
28169,2,6
28173,1,4
28178,1,5
28184,2,6
28189,1,5
28194,1,5
28200,1,6
28206,2,6
28210,1,4
28215,1,5
28221,2,6
28226,1,5
28231,1,5
28237,1,6
28243,2,6
28248,1,5
28253,1,5
28259,2,6
28264,1,5
28269,1,5
28275,1,6
28281,2,6
28285,1,4
28291,1,6
28297,2,6
28301,1,4
28307,1,6
28313,2,6
28318,1,5
28323,1,5
28329,2,6
28334,1,5
28339,1,5
28344,1,5
28350,2,6
28355,1,5
28360,1,5
28366,1,6
28372,2,6
28377,1,5
28382,1,5
28388,2,6
28393,1,5
28398,1,5
28404,1,6
28409,1,5
28414,1,5
28420,1,6
28426,2,6
28431,1,5
28436,1,5
28442,1,6
28448,2,6
28453,1,5
28458,1,5
28464,1,6
28470,2,6
28474,1,4
28479,1,5
28485,2,6
28490,1,5
28495,1,5
28501,1,6
28507,2,6
28512,1,5
28517,1,5
28523,2,6
28529,2,6
28533,1,4
28539,1,6
28545,2,6
28549,1,4
28555,1,6
28561,2,6
28566,1,5
28571,1,5
28577,2,6
28582,1,5
28587,1,5
28593,1,6
28599,2,6
28604,1,5
28609,1,5
28615,2,6
28619,1,4
28624,1,5
28630,2,6
28635,1,5
28640,1,5
28645,1,5
28651,2,6
28656,1,5
28661,1,5
28667,2,6
28671,1,4
28676,1,5
28682,2,6
28687,1,5
28692,1,5
28698,1,6
28704,2,6
28708,1,4
28713,1,5
28719,2,6
28724,1,5
28729,1,5
28735,2,6
28740,1,5
28745,1,5
28751,1,6
28757,2,6
28762,1,5
28767,1,5
28773,1,6
28779,2,6
28785,2,6
28789,1,4
28794,1,5
28800,1,6
28806,2,6
28811,1,5
28816,1,5
28822,1,6
28828,2,6
28832,1,4
28837,1,5
28843,2,6
28848,1,5
28853,1,5
28859,2,6
28864,1,5
28869,1,5
28875,1,6
28881,2,6
28886,1,5
28891,1,5
28897,1,6
28903,2,6
28907,1,4
28912,1,5
28918,1,6
28924,2,6
28929,2,5
28934,1,5
28940,2,6
28944,1,4
28949,1,5
28955,2,6
28960,1,5
28965,1,5
28971,2,6
28977,2,6
28981,1,4
28986,1,5
28992,2,6
28997,1,5
29002,1,5
29007,1,5
29013,1,6
29019,2,6
29024,1,5
29030,1,6
29035,1,5
29041,1,6
29047,2,6
29052,1,5
29057,1,5
29063,2,6
29068,1,5
29073,1,5
29079,1,6
29085,2,6
29089,1,4
29095,1,6
29101,2,6
29105,1,4
29111,1,6
29117,2,6
29121,1,4
29126,1,5
29132,2,6
29137,1,5
29142,1,5
29148,1,6
29153,1,5
29159,2,6
29163,1,4
29168,1,5
29174,2,6
29179,1,5
29184,1,5
29190,1,6
29196,2,6
29201,1,5
29206,1,5
29212,2,6
29217,1,5
29222,1,5
29228,1,6
29234,2,6
29239,1,5
29245,1,6
29251,2,6
29256,1,5
29261,1,5
29267,2,6
29272,1,5
29277,1,5
29283,2,6
29288,1,5
29293,1,5
29299,2,6
29304,1,5
29309,1,5
29315,2,6
29321,2,6
29325,1,4
29331,1,6
29337,2,6
29341,1,4
29346,1,5
29352,2,6
29357,1,5
29362,1,5
29368,1,6
29374,2,6
29379,1,5
29385,2,6
29390,2,5
29395,1,5
29401,2,6
29406,2,5
29411,2,5
29417,1,6
29423,2,6
29427,1,4
29432,1,5
29438,1,6
29444,2,6
29448,1,4
29453,1,5
29459,2,6
29464,1,5
29469,1,5
29475,2,6
29480,1,5
29485,1,5
29491,2,6
29496,1,5
29501,1,5
29507,2,6
29512,1,5
29517,1,5
29523,2,6
29528,1,5
29533,1,5
29539,2,6
29545,2,6
29549,1,4
29555,1,6
29561,2,6
29566,1,5
29571,1,5
29577,2,6
29582,1,5
29587,1,5
29593,1,6
29599,2,6
29604,1,5
29609,1,5
29615,2,6
29620,1,5
29625,1,5
29631,2,6
29637,2,6
29641,1,4
29647,1,6
29653,2,6
29658,1,5
29664,2,6
29668,1,4
29673,1,5
29679,2,6
29683,1,4
29689,1,6
29695,2,6
29699,1,4
29705,1,6
29711,2,6
29715,1,4
29720,1,5
29726,1,6
29732,2,6
29737,1,5
29742,1,5
29748,2,6
29753,1,5
29758,1,5
29764,1,6
29770,2,6
29775,1,5
29780,1,5
29786,1,6
29791,1,5
29796,1,5
29802,1,6
29808,2,6
29813,1,5
29818,1,5
29824,2,6
29829,1,5
29834,1,5
29840,1,6
29846,2,6
29851,1,5
29856,1,5
29862,1,6
29868,2,6
29872,1,4
29877,1,5
29883,2,6
29888,1,5
29893,1,5
29899,1,6
29905,2,6
29910,1,5
29916,2,6
29921,2,5
29926,2,5
29932,1,6
29938,2,6
29943,2,5
29948,2,5
29953,1,5
29959,2,6
29964,2,5
29969,1,5
29975,2,6
29980,2,5
29985,2,5
29991,2,6
29996,2,5
30002,2,6
30007,2,5
30013,3,6
30018,2,5
30023,2,5
30028,2,5
30034,2,6
30040,2,6
30045,2,5
30050,2,5
30056,1,6
30062,2,6
30067,2,5
30072,2,5
30078,1,6
30084,2,6
30089,2,5
30094,2,5
30099,1,5
30105,2,6
30110,2,5
30117,2,7
30122,2,5
30128,1,6
30134,2,6
30139,1,5
30144,1,5
30150,1,6
30156,2,6
30161,1,5
30166,1,5
30172,2,6
30177,1,5
30182,1,5
30188,1,6
30194,2,6
30199,1,5
30207,1,8
30212,1,5
30217,1,5
30223,1,6
30228,1,5
30233,1,5
30238,1,5
30243,1,5
30248,1,5
30254,1,6
30259,1,5
30264,1,5
30269,1,5
30275,1,6
30281,2,6
30286,1,5
30291,1,5
30297,1,6
30302,1,5
30308,2,6
30313,1,5
30319,2,6
30324,1,5
30329,1,5
30334,1,5
30340,2,6
30345,1,5
30350,1,5
30356,1,6
30362,2,6
30367,1,5
30373,2,6
30377,1,4
30382,1,5
30387,1,5
30393,2,6
30398,1,5
30403,1,5
30409,2,6
30414,1,5
30420,2,6
30425,1,5
30431,2,6
30437,2,6
30441,1,4
30447,1,6
30453,1,6
30458,1,5
30463,1,5
30468,1,5
30473,1,5
30479,1,6
30484,1,5
30489,1,5
30495,1,6
30501,1,6
30506,1,5
30512,2,6
30517,1,5
30522,1,5
30528,1,6
30534,2,6
30540,1,6
30546,2,6
30551,1,5
30556,1,5
30562,1,6
30568,2,6
30574,2,6
30579,2,5
30583,1,4
30589,1,6
30594,1,5
30599,1,5
30605,1,6
30611,2,6
30615,1,4
30620,1,5
30626,1,6
30631,1,5
30636,1,5
30641,1,5
30647,1,6
30654,3,7
30659,2,5
30663,1,4
30668,1,5
30674,1,6
30680,1,6
30686,2,6
30691,1,5
30696,1,5
30701,1,5
30707,2,6
30713,2,6
30719,2,6
30725,1,6
30731,2,6
30736,2,5
30741,1,5
30747,2,6
30752,2,5
30757,1,5
30762,1,5
30768,1,6
30773,1,5
30778,1,5
30784,1,6
30790,2,6
30795,1,5
30801,1,6
30807,2,6
30812,2,5
30817,2,5
30823,2,6
30829,2,6
30834,2,5
30839,2,5
30844,2,5
30849,2,5
30854,2,5
30859,2,5
30863,1,4
30869,2,6
30873,1,4
30878,1,5
30883,1,5
30889,2,6
30895,2,6
30899,1,4
30904,1,5
30910,1,6
30916,2,6
30920,1,4
30925,1,5
30930,1,5
30935,1,5
30941,2,6
30947,2,6
30952,2,5
30956,1,4
30961,1,5
30967,1,6
30973,2,6
30979,2,6
30984,2,5
30989,1,5
30995,2,6
31001,2,6
31006,2,5
31012,2,6
31018,1,6
31024,2,6
31028,1,4
31033,1,5
31039,2,6
31044,1,5
31049,1,5
31055,2,6
31060,2,5
31064,1,4
31069,1,5
31075,2,6
31081,2,6
31087,2,6
31093,2,6
31099,2,6
31105,2,6
31111,2,6
31115,1,4
31120,1,5
31126,1,6
31132,2,6
31137,1,5
31142,1,5
31148,1,6
31154,2,6
31158,1,4
31163,1,5
31169,1,6
31175,1,6
31181,2,6
31185,1,4
31190,1,5
31196,1,6
31202,2,6
31207,1,5
31212,1,5
31218,1,6
31224,2,6
31229,1,5
31234,1,5
31240,2,6
31246,2,6
31250,1,4
31255,1,5
31261,2,6
31267,2,6
31271,1,4
31276,1,5
31282,1,6
31288,2,6
31292,1,4
31297,1,5
31303,1,6
31309,1,6
31315,2,6
31319,1,4
31324,1,5
31330,1,6
31336,2,6
31342,2,6
31347,1,5
31352,1,5
31358,1,6
31364,2,6
31369,1,5
31374,1,5
31380,1,6
31386,2,6
31390,1,4
31395,1,5
31401,2,6
31407,2,6
31411,1,4
31417,1,6
31423,2,6
31429,2,6
31433,1,4
31438,1,5
31444,2,6
31449,1,5
31454,1,5
31460,2,6
31466,2,6
31470,1,4
31475,1,5
31481,2,6
31486,1,5
31491,1,5
31497,1,6
31503,2,6
31507,1,4
31512,1,5
31518,2,6
31524,2,6
31528,1,4
31533,1,5
31539,1,6
31545,1,6
31550,1,5
31556,2,6
31561,2,5
31566,1,5
31572,2,6
31576,1,4
31581,1,5
31587,2,6
31592,1,5
31597,1,5
31603,1,6
31609,1,6
31615,1,6
31621,2,6
31626,1,5
31632,1,6
31638,2,6
31643,1,5
31648,1,5
31655,2,7
31660,2,5
31666,2,6
31671,2,5
31676,2,5
31682,1,6
31688,2,6
31693,1,5
31699,2,6
31704,1,5
31709,1,5
31714,1,5
31720,1,6
31726,2,6
31731,1,5
31737,2,6
31743,2,6
31748,2,5
31754,2,6
31759,2,5
31764,2,5
31770,2,6
31775,2,5
31780,2,5
31786,2,6
31792,2,6
31797,1,5
31803,1,6
31809,2,6
31814,1,5
31819,1,5
31825,1,6
31830,1,5
31836,1,6
31842,2,6
31848,1,6
31854,1,6
31860,2,6
31865,2,5
31870,2,5
31876,2,6
31880,1,4
31885,1,5
31891,2,6
31897,2,6
31902,2,5
31906,1,4
31911,1,5
31917,1,6
31923,2,6
31928,1,5
31933,1,5
31939,1,6
31945,2,6
31950,1,5
31955,1,5
31961,1,6
31966,1,5
31972,1,6
31978,2,6
31984,1,6
31990,2,6
31996,2,6
32002,2,6
32007,2,5
32012,1,5
32017,1,5
32023,2,6
32029,2,6
32035,2,6
32040,1,5
32045,1,5
32051,2,6
32057,2,6
32063,2,6
32067,1,4
32072,1,5
32078,1,6
32084,2,6
32090,2,6
32094,1,4
32099,1,5
32105,1,6
32111,2,6
32117,2,6
32123,1,6
32129,2,6
32134,2,5
32140,1,6
32145,1,5
32151,2,6
32156,1,5
32161,1,5
32167,1,6
32173,2,6
32178,1,5
32183,1,5
32189,1,6
32195,2,6
32200,1,5
32205,1,5
32211,2,6
32216,1,5
32221,1,5
32227,1,6
32233,2,6
32238,1,5
32244,2,6
32249,2,5
32255,1,6
32261,2,6
32266,1,5
32272,2,6
32276,1,4
32282,2,6
32287,2,5
32292,2,5
32298,2,6
32304,2,6
32308,1,4
32313,1,5
32319,1,6
32324,1,5
32330,2,6
32335,2,5
32339,1,4
32345,1,6
32351,2,6
32357,2,6
32361,1,4
32366,1,5
32372,1,6
32378,2,6
32383,1,5
32388,1,5
32394,1,6
32400,2,6
32405,1,5
32410,1,5
32415,1,5
32420,1,5
32426,2,6
32432,2,6
32436,1,4
32441,1,5
32447,1,6
32453,2,6
32459,2,6
32465,2,6
32470,1,5
32475,1,5
32481,2,6
32487,1,6
32493,2,6
32497,1,4
32502,1,5
32508,1,6
32513,1,5
32519,2,6
32523,1,4
32528,1,5
32534,2,6
32540,2,6
32546,1,6
32551,1,5
32557,1,6
32563,2,6
32568,1,5
32573,1,5
32579,1,6
32585,1,6
32591,2,6
32596,1,5
32601,1,5
32607,2,6
32613,2,6
32619,2,6
32624,1,5
32629,1,5
32635,1,6
32641,2,6
32646,1,5
32651,1,5
32657,1,6
32663,2,6
32667,1,4
32672,1,5
32678,2,6
32684,2,6
32689,2,5
32695,2,6
32700,2,5
32705,2,5
32709,1,4
32715,1,6
32721,2,6
32725,1,4
32730,1,5
32736,2,6
32741,1,5
32746,1,5
32752,1,6
32758,2,6
32762,1,4
32767,1,5
32773,2,6
32778,1,5
32783,1,5
32789,1,6
32795,2,6
32799,1,4
32805,1,6
32811,2,6
32816,1,5
32821,1,5
32827,2,6
32832,1,5
32837,1,5
32843,1,6
32849,2,6
32854,1,5
32859,1,5
32864,1,5
32869,1,5
32874,1,5
32880,1,6
32886,2,6
32891,1,5
32896,1,5
32902,2,6
32907,1,5
32912,1,5
32918,1,6
32924,2,6
32928,1,4
32933,1,5
32939,1,6
32944,1,5
32949,1,5
32955,1,6
32961,2,6
32965,1,4
32971,2,6
32980,5,9
32982,1,2
32987,1,5
32993,1,6
32998,1,5
33003,1,5
33009,2,6
33014,1,5
33019,1,5
33025,2,6
33030,1,5
33035,1,5
33041,1,6
33047,2,6
33052,2,5
33056,1,4
33061,1,5
33067,2,6
33073,2,6
33077,1,4
33082,1,5
33088,1,6
33094,2,6
33098,1,4
33104,1,6
33110,2,6
33116,2,6
33121,2,5
33125,1,4
33130,1,5
33136,2,6
33141,1,5
33146,1,5
33152,1,6
33157,1,5
33162,1,5
33168,1,6
33174,2,6
33180,2,6
33185,2,5
33189,1,4
33195,1,6
33201,2,6
33205,1,4
33210,1,5
33216,2,6
33222,2,6
33228,2,6
33233,1,5
33238,1,5
33244,2,6
33249,1,5
33254,1,5
33260,1,6
33265,1,5
33270,1,5
33275,1,5
33281,1,6
33287,2,6
33293,2,6
33297,1,4
33303,1,6
33309,2,6
33314,1,5
33319,1,5
33325,2,6
33330,1,5
33335,1,5
33341,2,6
33346,1,5
33351,1,5
33356,1,5
33362,1,6
33368,1,6
33374,2,6
33380,2,6
33384,1,4
33389,1,5
33394,1,5
33400,1,6
33406,2,6
33411,1,5
33416,1,5
33421,1,5
33427,2,6
33433,2,6
33438,1,5
33443,1,5
33449,2,6
33455,2,6
33461,2,6
33465,1,4
33470,1,5
33476,1,6
33482,1,6
33488,2,6
33493,1,5
33498,1,5
33503,1,5
33509,1,6
33515,2,6
33520,1,5
33525,1,5
33531,1,6
33537,2,6
33541,1,4
33546,1,5
33552,2,6
33557,1,5
33562,1,5
33568,1,6
33574,2,6
33578,1,4
33583,1,5
33589,1,6
33595,2,6
33600,1,5
33605,1,5
33611,2,6
33616,1,5
33621,1,5
33626,1,5
33631,1,5
33637,1,6
33643,2,6
33649,2,6
33654,1,5
33660,2,6
33666,2,6
33671,2,5
33675,1,4
33680,1,5
33686,1,6
33692,2,6
33696,1,4
33701,1,5
33706,1,5
33711,1,5
33717,1,6
33723,2,6
33729,2,6
33734,1,5
33739,1,5
33745,1,6
33751,2,6
33755,1,4
33760,1,5
33766,2,6
33772,2,6
33776,1,4
33781,1,5
33786,1,5
33792,2,6
33798,2,6
33803,2,5
33807,1,4
33813,1,6
33819,2,6
33823,1,4
33828,1,5
33834,1,6
33840,2,6
33845,1,5
33850,1,5
33856,2,6
33861,1,5
33866,1,5
33872,1,6
33878,2,6
33883,1,5
33888,1,5
33894,1,6
33900,2,6
33904,1,4
33909,1,5
33915,2,6
33920,1,5
33925,1,5
33931,2,6
33936,1,5
33941,1,5
33947,1,6
33953,2,6
33958,1,5
33964,2,6
33968,1,4
33973,1,5
33979,2,6
33983,1,4
33988,1,5
33993,1,5
33999,1,6
34005,2,6
34011,2,6
34015,1,4
34020,1,5
34025,1,5
34030,1,5
34036,2,6
34042,2,6
34046,1,4
34051,1,5
34057,1,6
34063,2,6
34069,2,6
34075,2,6
34080,2,5
34085,2,5
34089,1,4
34094,1,5
34099,1,5
34105,1,6
34111,2,6
34117,2,6
34121,1,4
34126,1,5
34132,2,6
34137,1,5
34142,1,5
34148,1,6
34153,1,5
34158,1,5
34163,1,5
34169,2,6
34175,2,6
34179,1,4
34184,1,5
34190,2,6
34194,1,4
34200,1,6
34206,2,6
34210,1,4
34216,2,6
34220,1,4
34225,1,5
34231,2,6
34237,2,6
34243,2,6
34249,2,6
34254,2,5
34260,1,6
34266,2,6
34270,1,4
34275,1,5
34281,2,6
34287,2,6
34293,2,6
34299,2,6
34304,1,5
34310,1,6
34316,2,6
34320,1,4
34325,1,5
34331,2,6
34336,1,5
34341,1,5
34347,1,6
34353,2,6
34358,1,5
34363,1,5
34369,1,6
34375,2,6
34380,1,5
34385,1,5
34391,2,6
34395,1,4
34401,1,6
34406,1,5
34412,2,6
34417,2,5
34422,1,5
34428,1,6
34433,1,5
34438,1,5
34443,1,5
34449,1,6
34455,1,6
34461,2,6
34467,1,6
34473,2,6
34479,2,6
34484,1,5
34490,2,6
34495,1,5
34501,1,6
34507,1,6
34513,1,6
34518,1,5
34524,1,6
34530,2,6
34535,1,5
34540,1,5
34546,1,6
34552,2,6
34556,1,4
34561,1,5
34566,1,5
34572,1,6
34578,1,6
34583,1,5
34588,1,5
34593,1,5
34599,1,6
34605,2,6
34611,2,6
34615,1,4
34620,1,5
34626,1,6
34632,2,6
34636,1,4
34641,1,5
34647,2,6
34653,2,6
34658,1,5
34664,2,6
34668,1,4
34673,1,5
34679,1,6
34685,1,6
34691,2,6
34695,1,4
34700,1,5
34706,1,6
34712,2,6
34716,1,4
34721,1,5
34727,2,6
34732,1,5
34737,1,5
34743,2,6
34748,1,5
34753,1,5
34759,1,6
34765,1,6
34771,2,6
34776,2,5
34781,2,5
34787,2,6
34791,1,4
34797,1,6
34803,2,6
34808,1,5
34813,1,5
34819,1,6
34825,2,6
34831,2,6
34835,1,4
34840,1,5
34846,2,6
34851,1,5
34857,2,6
34862,1,5
34867,1,5
34873,1,6
34878,1,5
34884,1,6
34890,2,6
34895,1,5
34900,1,5
34906,2,6
34911,1,5
34916,1,5
34922,2,6
34927,1,5
34932,1,5
34938,2,6
34943,1,5
34948,1,5
34954,1,6
34960,2,6
34966,2,6
34970,1,4
34975,1,5
34981,2,6
34987,2,6
34993,2,6
34999,2,6
35005,2,6
35009,1,4
35016,2,7
35021,2,5
35025,1,4
35031,1,6
35038,3,7
35043,1,5
35047,0,4
35053,0,6
35059,1,6
35064,1,5
35068,0,4
35073,0,5
35079,1,6
35084,1,5
35088,0,4
35094,0,6
35100,1,6
35105,1,5
35109,0,4
35114,0,5
35119,0,5
35125,0,6
35131,1,6
35136,1,5
35140,0,4
35145,0,5
35151,1,6
35157,1,6
35161,0,4
35166,0,5
35172,1,6
35178,1,6
35183,1,5
35187,0,4
35193,0,6
35199,1,6
35205,1,6
35209,0,4
35214,0,5
35220,0,6
35226,1,6
35231,1,5
35235,0,4
35240,0,5
35246,1,6
35252,1,6
35258,1,6
35263,1,5
35268,1,5
35272,0,4
35278,0,6
35284,1,6
35289,1,5
35293,0,4
35298,0,5
35304,1,6
35310,1,6
35315,1,5
35320,1,5
35324,0,4
35330,0,6
35336,1,6
35341,1,5
35346,1,5
35350,0,4
35356,0,6
35362,1,6
35367,1,5
35371,0,4
35376,0,5
35382,0,6
35388,1,6
35393,1,5
35398,1,5
35402,0,4
35408,0,6
35414,1,6
35419,0,5
35425,1,6
35430,1,5
35435,1,5
35439,0,4
35445,0,6
35451,1,6
35456,1,5
35461,1,5
35465,0,4
35471,0,6
35477,1,6
35482,1,5
35487,1,5
35491,0,4
35497,0,6
35503,1,6
35508,1,5
35513,1,5
35517,0,4
35523,0,6
35529,1,6
35534,1,5
35539,1,5
35543,0,4
35548,0,5
35554,1,6
35560,1,6
35565,1,5
35569,0,4
35576,2,7
35580,1,4
35584,0,4
35589,0,5
35595,0,6
35601,1,6
35606,1,5
35611,1,5
35615,0,4
35620,0,5
35626,1,6
35632,1,6
35637,1,5
35642,1,5
35647,1,5
35651,0,4
35656,0,5
35662,1,6
35668,1,6
35674,1,6
35679,1,5
35683,0,4
35688,0,5
35694,0,6
35700,1,6
35705,1,5
35710,1,5
35714,0,4
35720,0,6
35726,1,6
35731,1,5
35736,1,5
35740,0,4
35746,0,6
35752,1,6
35757,1,5
35762,1,5
35766,0,4
35772,0,6
35778,1,6
35783,1,5
35788,1,5
35792,0,4
35798,0,6
35804,1,6
35810,1,6
35815,1,5
35819,0,4
35824,0,5
35830,1,6
35836,1,6
35841,1,5
35845,0,4
35850,0,5
35856,0,6
35862,1,6
35867,1,5
35872,1,5
35876,0,4
35882,0,6
35888,1,6
35893,1,5
35897,0,4
35903,0,6
35909,1,6
35914,1,5
35918,0,4
35924,0,6
35930,1,6
35935,1,5
35939,0,4
35944,0,5
35950,1,6
35955,1,5
35960,1,5
35965,1,5
35969,0,4
35974,0,5
35980,0,6
35986,1,6
35992,1,6
35997,1,5
36001,0,4
36007,1,6
36013,1,6
36018,1,5
36022,0,4
36027,0,5
36033,1,6
36038,1,5
36043,1,5
36047,0,4
36053,0,6
36059,1,6
36064,1,5
36068,0,4
36074,0,6
36080,1,6
36085,1,5
36089,0,4
36094,0,5
36100,1,6
36106,1,6
36111,1,5
36115,0,4
36121,0,6
36127,1,6
36132,1,5
36136,0,4
36141,0,5
36147,1,6
36153,1,6
36157,0,4
36162,0,5
36168,0,6
36174,1,6
36180,1,6
36186,1,6
36191,1,5
36195,0,4
36201,0,6
36207,1,6
36212,1,5
36217,1,5
36221,0,4
36227,1,6
36231,0,4
36236,0,5
36242,1,6
36248,1,6
36253,1,5
36257,0,4
36263,0,6
36269,1,6
36274,1,5
36278,0,4
36284,0,6
36290,1,6
36295,1,5
36300,1,5
36304,0,4
36310,0,6
36316,1,6
36321,1,5
36325,0,4
36331,0,6
36337,1,6
36342,1,5
36346,0,4
36351,0,5
36357,1,6
36363,1,6
36368,1,5
36373,1,5
36378,1,5
36384,1,6
36390,2,6
36395,1,5
36400,1,5
36406,2,6
36411,1,5
36416,1,5
36421,1,5
36427,2,6
36432,1,5
36437,1,5
36443,2,6
36448,1,5
36453,1,5
36459,1,6
36465,2,6
36469,1,4
36475,1,6
36481,2,6
36485,1,4
36491,1,6
36497,2,6
36501,1,4
36506,1,5
36512,2,6
36517,1,5
36522,1,5
36528,1,6
36534,2,6
36539,1,5
36544,1,5
36550,1,6
36555,1,5
36560,1,5
36566,1,6
36572,2,6
36577,1,5
36582,1,5
36588,2,6
36593,1,5
36598,1,5
36604,2,6
36610,2,6
36614,1,4
36619,1,5
36625,1,6
36631,2,6
36636,1,5
36641,1,5
36647,2,6
36653,2,6
36658,1,5
36664,2,6
36669,1,5
36674,1,5
36680,2,6
36685,1,5
36690,1,5
36696,2,6
36701,1,5
36706,1,5
36712,1,6
36718,2,6
36723,1,5
36729,1,6
36735,2,6
36739,1,4
36744,1,5
36750,2,6
36755,1,5
36760,1,5
36766,2,6
36771,1,5
36776,1,5
36782,1,6
36788,2,6
36792,1,4
36797,1,5
36803,2,6
36809,2,6
36813,1,4
36819,1,6
36825,2,6
36830,1,5
36835,1,5
36841,2,6
36846,1,5
36851,1,5
36857,1,6
36862,1,5
36867,1,5
36873,1,6
36879,2,6
36884,1,5
36889,1,5
36895,2,6
36900,1,5
36905,1,5
36911,1,6
36917,2,6
36922,1,5
36927,1,5
36933,1,6
36939,2,6
36944,1,5
36949,1,5
36955,2,6
36960,1,5
36965,1,5
36971,2,6
36976,1,5
36981,1,5
36987,2,6
36992,1,5
36997,1,5
37004,3,7
37008,1,4
37013,1,5
37019,2,6
37024,1,5
37029,1,5
37035,2,6
37040,1,5
37045,1,5
37051,2,6
37056,1,5
37061,1,5
37067,2,6
37072,1,5
37077,1,5
37083,2,6
37088,1,5
37093,1,5
37099,2,6
37104,1,5
37109,1,5
37115,2,6
37120,1,5
37125,1,5
37131,2,6
37136,1,5
37141,1,5
37147,2,6
37152,1,5
37157,1,5
37163,2,6
37168,1,5
37173,1,5
37179,1,6
37185,2,6
37190,1,5
37195,1,5
37201,2,6
37206,1,5
37211,1,5
37217,2,6
37222,1,5
37227,1,5
37233,1,6
37239,2,6
37243,1,4
37249,1,6
37255,2,6
37260,1,5
37266,1,6
37272,2,6
37277,1,5
37282,1,5
37288,2,6
37293,1,5
37298,1,5
37304,1,6
37310,2,6
37315,1,5
37320,1,5
37326,1,6
37332,2,6
37336,1,4
37341,1,5
37347,2,6
37351,1,4
37357,1,6
37364,3,7
37369,1,5
37374,1,5
37380,2,6
37385,1,5
37390,1,5
37396,1,6
37402,2,6
37406,1,4
37411,1,5
37417,2,6
37422,1,5
37427,1,5
37433,2,6
37438,1,5
37443,1,5
37449,1,6
37455,2,6
37460,1,5
37465,1,5
37471,2,6
37476,1,5
37481,1,5
37487,2,6
37492,1,5
37497,1,5
37504,3,7
37509,2,5
37515,1,6
37521,2,6
37527,2,6
37533,2,6
37539,1,6
37544,1,5
37550,2,6
37556,2,6
37561,2,5
37565,1,4
37570,1,5
37576,1,6
37582,2,6
37588,2,6
37592,1,4
37597,1,5
37603,1,6
37608,1,5
37614,2,6
37620,2,6
37625,1,5
37630,1,5
37636,1,6
37642,2,6
37647,1,5
37654,3,7
37658,1,4
37663,1,5
37669,1,6
37675,2,6
37680,1,5
37685,1,5
37691,2,6
37697,2,6
37703,2,6
37708,1,5
37714,2,6
37719,1,5
37724,1,5
37730,1,6
37736,2,6
37740,1,4
37745,1,5
37751,2,6
37756,1,5
37761,1,5
37767,2,6
37772,1,5
37777,1,5
37783,2,6
37788,1,5
37793,1,5
37799,1,6
37805,2,6
37811,2,6
37815,1,4
37820,1,5
37826,1,6
37832,2,6
37838,2,6
37842,1,4
37847,1,5
37853,2,6
37859,2,6
37863,1,4
37868,1,5
37874,1,6
37880,2,6
37884,1,4
37889,1,5
37895,2,6
37900,1,5
37905,1,5
37911,1,6
37917,2,6
37921,1,4
37926,1,5
37932,1,6
37938,2,6
37943,1,5
37948,1,5
37954,2,6
37960,2,6
37964,1,4
37969,1,5
37975,2,6
37984,5,9
37986,1,2
37991,1,5
37996,1,5
38002,1,6
38007,1,5
38013,2,6
38019,1,6
38025,2,6
38031,2,6
38036,2,5
38041,2,5
38045,1,4
38051,1,6
38057,1,6
38063,2,6
38069,2,6
38075,2,6
38080,2,5
38085,2,5
38089,1,4
38095,1,6
38101,2,6
38105,1,4
38111,1,6
38117,2,6
38122,1,5
38127,1,5
38133,1,6
38139,2,6
38145,2,6
38149,1,4
38155,1,6
38160,1,5
38165,1,5
38170,1,5
38176,1,6
38182,1,6
38188,2,6
38192,1,4
38198,1,6
38204,2,6
38209,1,5
38214,1,5
38220,1,6
38226,2,6
38231,1,5
38236,1,5
38242,1,6
38247,1,5
38252,1,5
38258,1,6
38264,2,6
38270,2,6
38274,1,4
38280,1,6
38286,1,6
38292,2,6
38297,1,5
38302,1,5
38307,1,5
38313,2,6
38319,2,6
38323,1,4
38328,1,5
38334,1,6
38340,2,6
38344,1,4
38349,1,5
38355,2,6
38360,1,5
38365,1,5
38371,2,6
38376,1,5
38381,1,5
38387,2,6
38393,2,6
38398,2,5
38403,1,5
38408,1,5
38414,1,6
38419,1,5
38424,1,5
38429,1,5
38434,1,5
38440,2,6
38445,1,5
38450,1,5
38456,1,6
38462,2,6
38467,1,5
38473,2,6
38477,1,4
38482,1,5
38488,1,6
38494,2,6
38500,2,6
38505,2,5
38509,1,4
38514,1,5
38520,2,6
38525,1,5
38530,1,5
38536,1,6
38542,2,6
38547,1,5
38552,1,5
38558,1,6
38564,2,6
38568,1,4
38573,1,5
38579,2,6
38584,1,5
38589,1,5
38595,1,6
38601,2,6
38606,1,5
38611,1,5
38617,2,6
38622,1,5
38627,1,5
38633,1,6
38639,2,6
38645,2,6
38651,2,6
38655,1,4
38660,1,5
38665,1,5
38671,1,6
38677,2,6
38682,1,5
38687,1,5
38693,1,6
38699,2,6
38705,2,6
38711,2,6
38716,1,5
38721,1,5
38727,1,6
38733,2,6
38738,1,5
38744,2,6
38748,1,4
38753,1,5
38759,1,6
38765,2,6
38770,2,5
38776,1,6
38781,1,5
38786,1,5
38791,1,5
38797,2,6
38802,2,5
38807,2,5
38812,2,5
38817,2,5
38822,2,5
38828,2,6
38834,1,6
38839,1,5
38844,1,5
38849,1,5
38854,1,5
38859,1,5
38865,1,6
38871,2,6
38877,2,6
38882,2,5
38887,1,5
38892,1,5
38898,1,6
38904,2,6
38908,1,4
38913,1,5
38919,2,6
38924,1,5
38929,1,5
38937,3,8
38941,2,4
38945,1,4
38951,1,6
38957,1,6
38963,2,6
38968,1,5
38974,1,6
38979,1,5
38984,1,5
38989,1,5
38995,2,6
39000,1,5
39005,1,5
39011,2,6
39016,1,5
39021,1,5
39027,2,6
39033,2,6
39037,1,4
39043,1,6
39049,2,6
39053,1,4
39059,1,6
39065,2,6
39070,2,5
39075,1,5
39080,1,5
39086,1,6
39092,2,6
39097,1,5
39102,1,5
39108,1,6
39113,1,5
39118,1,5
39124,1,6
39129,1,5
39134,1,5
39140,1,6
39146,2,6
39152,2,6
39157,1,5
39163,2,6
39169,2,6
39173,1,4
39178,1,5
39184,2,6
39189,1,5
39194,1,5
39199,1,5
39205,2,6
39211,2,6
39216,2,5
39221,2,5
39227,2,6
39232,1,5
39237,1,5
39242,1,5
39247,1,5
39253,1,6
39259,2,6
39264,1,5
39269,1,5
39275,2,6
39281,2,6
39285,1,4
39291,1,6
39297,2,6
39302,1,5
39307,1,5
39313,1,6
39319,2,6
39324,1,5
39329,1,5
39335,2,6
39341,2,6
39346,2,5
39350,1,4
39355,1,5
39361,1,6
39367,2,6
39372,1,5
39377,1,5
39383,1,6
39389,2,6
39393,1,4
39398,1,5
39404,2,6
39410,2,6
39414,1,4
39420,2,6
39425,2,5
39429,1,4
39435,1,6
39440,1,5
39445,1,5
39451,1,6
39457,1,6
39463,2,6
39469,2,6
39473,1,4
39479,1,6
39485,1,6
39491,2,6
39497,2,6
39503,2,6
39509,2,6
39513,1,4
39519,1,6
39525,2,6
39531,2,6
39535,1,4
39540,1,5
39545,1,5
39550,1,5
39556,1,6
39562,2,6
39567,1,5
39572,1,5
39578,1,6
39584,2,6
39588,1,4
39593,1,5
39599,2,6
39604,1,5
39609,1,5
39615,2,6
39620,1,5
39625,1,5
39631,2,6
39637,2,6
39641,1,4
39647,1,6
39653,2,6
39659,1,6
39665,2,6
39669,1,4
39674,1,5
39680,2,6
39685,1,5
39690,1,5
39696,1,6
39702,2,6
39707,1,5
39712,1,5
39718,2,6
39723,1,5
39728,1,5
39733,1,5
39739,2,6
39744,1,5
39749,1,5
39755,2,6
39760,1,5
39765,1,5
39771,1,6
39777,2,6
39781,1,4
39786,1,5
39793,2,7
39797,1,4
39802,1,5
39808,1,6
39814,2,6
39820,2,6
39824,1,4
39829,1,5
39835,1,6
39841,1,6
39847,2,6
39852,1,5
39857,1,5
39862,1,5
39868,2,6
39874,2,6
39878,1,4
39883,1,5
39889,2,6
39894,1,5
39899,1,5
39905,1,6
39911,2,6
39917,2,6
39923,2,6
39928,2,5
39933,2,5
39937,1,4
39942,1,5
39948,1,6
39954,2,6
39959,1,5
39964,1,5
39970,1,6
39976,2,6
39980,1,4
39986,2,6
39991,2,5
39995,1,4
40000,1,5
40005,1,5
40010,1,5
40016,2,6
40021,1,5
40027,2,6
40031,1,4
40038,2,7
40044,1,6
40050,2,6
40054,1,4
40059,1,5
40065,2,6
40070,1,5
40076,2,6
40080,1,4
40085,1,5
40091,2,6
40096,1,5
40102,2,6
40106,1,4
40112,1,6
40118,2,6
40123,1,5
40128,1,5
40134,1,6
40140,2,6
40144,1,4
40149,1,5
40155,2,6
40159,1,4
40164,1,5
40170,2,6
40175,1,5
40181,2,6
40185,1,4
40191,1,6
40196,1,5
40201,1,5
40207,2,6
40212,1,5
40217,1,5
40222,1,5
40227,1,5
40233,1,6
40239,2,6
40244,2,5
40248,1,4
40253,1,5
40259,2,6
40264,1,5
40269,1,5
40275,2,6
40280,1,5
40285,1,5
40291,2,6
40296,1,5
40301,1,5
40306,1,5
40312,1,6
40318,2,6
40322,1,4
40327,1,5
40333,2,6
40337,1,4
40343,2,6
40349,2,6
40354,1,5
40360,2,6
40364,1,4
40369,1,5
40375,1,6
40381,2,6
40386,1,5
40391,1,5
40397,1,6
40403,2,6
40408,1,5
40413,1,5
40421,1,8
40426,1,5
40431,1,5
40436,1,5
40442,1,6
40447,1,5
40452,1,5
40458,1,6
40463,1,5
40468,1,5
40473,1,5
40479,1,6
40484,1,5
40489,1,5
40495,1,6
40501,2,6
40505,1,4
40510,1,5
40516,1,6
40521,1,5
40527,1,6
40532,1,5
40538,2,6
40543,1,5
40548,1,5
40553,1,5
40558,1,5
40563,1,5
40569,1,6
40574,1,5
40580,1,6
40585,1,5
40590,1,5
40595,1,5
40600,1,5
40605,1,5
40611,1,6
40617,2,6
40622,1,5
40628,2,6
40633,1,5
40639,1,6
40644,1,5
40649,1,5
40655,2,6
40660,1,5
40665,1,5
40671,2,6
40676,1,5
40682,1,6
40687,1,5
40693,2,6
40698,1,5
40703,1,5
40708,1,5
40713,1,5
40718,1,5
40724,2,6
40730,2,6
40735,1,5
40741,1,6
40747,1,6
40752,1,5
40757,1,5
40762,1,5
40767,1,5
40773,1,6
40779,2,6
40783,1,4
40788,1,5
40794,1,6
40800,2,6
40805,1,5
40810,1,5
40816,1,6
40822,2,6
40828,2,6
40832,1,4
40837,1,5
40843,1,6
40849,2,6
40855,2,6
40859,1,4
40864,1,5
40870,2,6
40874,1,4
40879,1,5
40885,2,6
40891,2,6
40896,2,5
40901,2,5
40905,1,4
40910,1,5
40915,1,5
40921,2,6
40927,2,6
40932,2,5
40936,1,4
40941,1,5
40947,1,6
40953,2,6
40957,1,4
40963,1,6
40969,2,6
40973,1,4
40978,1,5
40984,2,6
40989,1,5
40994,1,5
40999,1,5
41004,1,5
41010,1,6
41016,2,6
41022,2,6
41027,2,5
41032,2,5
41036,1,4
41041,1,5
41047,2,6
41052,1,5
41057,1,5
41063,2,6
41069,2,6
41073,1,4
41078,1,5
41084,1,6
41090,2,6
41094,1,4
41099,1,5
41105,2,6
41110,1,5
41115,1,5
41121,1,6
41127,2,6
41132,1,5
41137,1,5
41143,1,6
41149,1,6
41155,2,6
41160,2,5
41164,1,4
41169,1,5
41175,2,6
41181,2,6
41187,2,6
41193,2,6
41197,1,4
41203,2,6
41208,2,5
41212,1,4
41217,1,5
41223,2,6
41228,1,5
41233,1,5
41239,2,6
41244,1,5
41249,1,5
41255,2,6
41260,1,5
41266,2,6
41270,1,4
41275,1,5
41281,2,6
41287,2,6
41291,1,4
41296,1,5
41302,1,6
41308,2,6
41314,2,6
41318,1,4
41323,1,5
41329,2,6
41334,1,5
41339,1,5
41345,2,6
41351,2,6
41357,1,6
41362,1,5
41368,2,6
41374,2,6
41379,1,5
41384,1,5
41390,1,6
41395,1,5
41400,1,5
41406,2,6
41411,1,5
41417,1,6
41423,2,6
41428,2,5
41432,1,4
41437,1,5
41443,2,6
41449,2,6
41453,1,4
41459,1,6
41464,1,5
41469,1,5
41475,2,6
41481,2,6
41485,1,4
41491,1,6
41497,2,6
41502,1,5
41507,1,5
41513,1,6
41518,1,5
41523,1,5
41529,2,6
41535,2,6
41539,1,4
41545,1,6
41551,2,6
41555,1,4
41560,1,5
41566,2,6
41571,1,5
41576,1,5
41582,1,6
41588,2,6
41593,1,5
41598,1,5
41604,1,6
41609,1,5
41614,1,5
41620,1,6
41626,2,6
41630,1,4
41635,1,5
41641,2,6
41646,1,5
41651,1,5
41657,1,6
41663,2,6
41669,2,6
41674,2,5
41678,1,4
41683,1,5
41689,1,6
41695,2,6
41701,2,6
41705,1,4
41710,1,5
41716,1,6
41722,2,6
41728,2,6
41732,1,4
41737,1,5
41743,1,6
41749,2,6
41755,2,6
41761,1,6
41767,2,6
41773,3,6
41776,1,3
41781,1,5
41787,2,6
41791,1,4
41796,1,5
41801,1,5
41807,2,6
41812,2,5
41816,1,4
41821,1,5
41827,1,6
41833,2,6
41837,1,4
41842,1,5
41848,2,6
41854,2,6
41859,1,5
41864,1,5
41869,1,5
41874,1,5
41880,2,6
41885,1,5
41891,2,6
41896,1,5
41901,1,5
41907,1,6
41913,2,6
41918,1,5
41923,1,5
41929,1,6
41935,2,6
41941,2,6
41945,1,4
41951,1,6
41957,2,6
41963,2,6
41967,1,4
41972,1,5
41978,1,6
41984,2,6
41990,2,6
41994,1,4
41999,1,5
42004,1,5
42009,1,5
42015,2,6
42020,1,5
42025,1,5
42031,1,6
42037,2,6
42041,1,4
42046,1,5
42052,1,6
42058,2,6
42062,1,4
42067,1,5
42073,2,6
42079,2,6
42083,1,4
42088,1,5
42093,1,5
42099,2,6
42104,1,5
42109,1,5
42115,1,6
42121,2,6
42127,2,6
42131,1,4
42137,1,6
42143,2,6
42147,1,4
42152,1,5
42158,1,6
42164,2,6
42169,2,5
42173,1,4
42178,1,5
42183,1,5
42189,2,6
42195,2,6
42200,2,5
42206,2,6
42210,1,4
42215,1,5
42221,1,6
42227,2,6
42232,1,5
42237,1,5
42243,1,6
42249,2,6
42255,2,6
42260,2,5
42266,2,6
42271,2,5
42276,1,5
42281,1,5
42286,1,5
42291,1,5
42297,1,6
42303,2,6
42309,2,6
42313,1,4
42319,2,6
42324,2,5
42328,1,4
42333,1,5
42339,2,6
42345,2,6
42351,2,6
42357,2,6
42362,2,5
42367,2,5
42372,2,5
42377,1,5
42382,1,5
42387,1,5
42393,2,6
42399,2,6
42403,1,4
42409,1,6
42415,2,6
42420,1,5
42425,1,5
42431,1,6
42437,1,6
42442,1,5
42448,2,6
42454,2,6
42459,1,5
42464,1,5
42469,1,5
42475,1,6
42481,2,6
42487,2,6
42492,2,5
42497,2,5
42502,2,5
42507,2,5
42511,1,4
42517,2,6
42522,2,5
42529,3,7
42534,2,5
42538,1,4
42543,1,5
42549,2,6
42553,1,4
42558,1,5
42564,2,6
42570,2,6
42574,1,4
42579,1,5
42585,2,6
42591,2,6
42595,1,4
42600,1,5
42605,1,5
42611,1,6
42617,1,6
42622,1,5
42628,1,6
42634,1,6
42641,2,7
42645,1,4
42650,1,5
42655,1,5
42661,2,6
42667,2,6
42672,1,5
42677,1,5
42683,1,6
42688,1,5
42693,1,5
42698,1,5
42704,2,6
42710,2,6
42715,2,5
42721,2,6
42726,2,5
42731,2,5
42737,2,6
42741,1,4
42747,2,6
42751,1,4
42757,1,6
42763,2,6
42768,1,5
42773,1,5
42779,2,6
42785,2,6
42789,1,4
42794,1,5
42800,1,6
42806,2,6
42812,2,6
42818,1,6
42824,2,6
42830,1,6
42836,2,6
42842,2,6
42848,2,6
42854,2,6
42859,1,5
42866,2,7
42871,2,5
42876,2,5
42881,2,5
42886,2,5
42890,1,4
42895,1,5
42901,2,6
42906,1,5
42911,1,5
42917,1,6
42923,2,6
42929,2,6
42933,1,4
42939,1,6
42945,2,6
42950,2,5
42956,2,6
42961,2,5
42966,2,5
42971,1,5
42977,2,6
42981,1,4
42989,1,8
42994,1,5
42999,1,5
43005,1,6
43011,2,6
43017,2,6
43023,2,6
43028,2,5
43033,2,5
43038,1,5
43043,1,5
43048,1,5
43054,1,6
43060,2,6
43065,1,5
43070,1,5
43076,2,6
43081,1,5
43087,2,6
43091,1,4
43097,1,6
43103,2,6
43108,1,5
43113,1,5
43119,2,6
43124,1,5
43129,1,5
43135,1,6
43141,2,6
43146,1,5
43151,1,5
43157,1,6
43163,2,6
43167,1,4
43172,1,5
43178,1,6
43184,2,6
43188,1,4
43193,1,5
43199,2,6
43205,2,6
43209,1,4
43214,1,5
43220,1,6
43226,2,6
43231,1,5
43237,2,6
43241,1,4
43246,1,5
43252,1,6
43258,1,6
43264,2,6
43269,1,5
43274,1,5
43280,1,6
43285,1,5
43290,1,5
43295,1,5
43300,1,5
43306,1,6
43312,2,6
43317,1,5
43322,1,5
43328,1,6
43334,1,6
43340,2,6
43344,1,4
43350,2,6
43355,2,5
43359,1,4
43364,1,5
43370,1,6
43376,1,6
43382,2,6
43387,1,5
43392,1,5
43397,1,5
43403,1,6
43409,2,6
43415,2,6
43420,1,5
43425,1,5
43430,1,5
43436,2,6
43442,2,6
43448,2,6
43452,1,4
43457,1,5
43463,1,6
43469,1,6
43474,1,5
43479,1,5
43485,2,6
43490,1,5
43495,1,5
43501,1,6
43506,1,5
43511,1,5
43517,2,6
43523,2,6
43527,1,4
43533,1,6
43539,2,6
43543,1,4
43548,1,5
43554,1,6
43559,1,5
43564,1,5
43570,1,6
43576,2,6
43582,2,6
43587,2,5
43592,2,5
43596,1,4
43602,2,6
43607,2,5
43612,1,5
43617,1,5
43623,1,6
43629,2,6
43634,1,5
43639,1,5
43645,1,6
43651,2,6
43656,1,5
43661,1,5
43667,1,6
43673,2,6
43677,1,4
43682,1,5
43688,2,6
43693,1,5
43698,1,5
43704,2,6
43709,1,5
43714,1,5
43720,1,6
43726,2,6
43730,1,4
43736,1,6
43742,2,6
43747,1,5
43752,1,5
43758,1,6
43764,2,6
43768,1,4
43773,1,5
43779,2,6
43784,1,5
43789,1,5
43795,2,6
43800,1,5
43805,1,5
43811,2,6
43817,2,6
43821,1,4
43827,1,6
43833,2,6
43838,1,5
43843,1,5
43849,1,6
43855,2,6
43859,1,4
43864,1,5
43870,1,6
43876,2,6
43880,1,4
43885,1,5
43891,2,6
43896,1,5
43901,1,5
43907,1,6
43913,2,6
43918,1,5
43923,1,5
43929,2,6
43934,1,5
43939,1,5
43945,1,6
43951,2,6
43955,1,4
43961,1,6
43967,2,6
43972,1,5
43977,1,5
43983,2,6
43989,1,6
43995,2,6
44000,1,5
44005,1,5
44011,1,6
44016,1,5
44021,1,5
44027,1,6
44033,2,6
44037,1,4
44043,1,6
44049,2,6
44054,1,5
44059,1,5
44065,2,6
44070,1,5
44075,1,5
44081,1,6
44087,2,6
44092,1,5
44097,1,5
44103,2,6
44108,1,5
44113,1,5
44119,1,6
44125,2,6
44131,2,6
44135,1,4
44140,1,5
44146,1,6
44152,2,6
44157,1,5
44162,1,5
44168,2,6
44173,1,5
44178,1,5
44184,1,6
44190,2,6
44195,1,5
44200,1,5
44206,1,6
44212,2,6
44216,1,4
44221,1,5
44227,1,6
44233,1,6
44239,2,6
44244,1,5
44249,1,5
44255,1,6
44261,2,6
44265,1,4
44271,1,6
44276,1,5
44281,1,5
44287,1,6
44293,2,6
44297,1,4
44302,1,5
44308,2,6
44314,2,6
44318,1,4
44324,1,6
44330,1,6
44336,2,6
44341,1,5
44346,1,5
44352,1,6
44358,2,6
44363,1,5
44368,1,5
44373,1,5
44379,2,6
44384,1,5
44389,1,5
44395,2,6
44400,1,5
44405,1,5
44411,1,6
44417,2,6
44422,1,5
44427,1,5
44433,1,6
44439,2,6
44444,1,5
44449,1,5
44455,2,6
44460,1,5
44465,1,5
44471,1,6
44477,2,6
44482,1,5
44487,1,5
44493,2,6
44498,1,5
44503,1,5
44509,1,6
44515,2,6
44520,1,5
44525,1,5
44531,2,6
44535,1,4
44540,1,5
44546,2,6
44551,1,5
44556,1,5
44562,1,6
44568,2,6
44574,2,6
44579,1,5
44584,1,5
44590,2,6
44595,1,5
44600,1,5
44606,1,6
44612,1,6
44618,2,6
44623,1,5
44628,1,5
44634,1,6
44640,2,6
44644,1,4
44649,1,5
44655,2,6
44661,2,6
44665,1,4
44671,1,6
44677,2,6
44682,1,5
44688,2,6
44693,2,5
44698,2,5
44702,1,4
44707,1,5
44712,1,5
44717,1,5
44723,1,6
44730,3,7
44734,1,4
44739,1,5
44745,1,6
44751,2,6
44756,1,5
44761,1,5
44767,1,6
44772,1,5
44778,2,6
44784,2,6
44788,1,4
44793,1,5
44800,2,7
44804,1,4
44809,1,5
44815,1,6
44820,1,5
44825,1,5
44831,2,6
44837,2,6
44841,1,4
44846,1,5
44852,1,6
44858,1,6
44864,2,6
44869,1,5
44874,1,5
44880,1,6
44886,2,6
44891,1,5
44896,1,5
44901,1,5
44907,2,6
44911,1,4
44916,1,5
44922,1,6
44928,2,6
44933,1,5
44938,1,5
44944,1,6
44950,2,6
44955,1,5
44961,2,6
44967,2,6
44972,1,5
44977,1,5
44983,2,6
44988,2,5
44993,1,5
44998,1,5
45004,1,6
45010,2,6
45014,1,4
45019,1,5
45025,2,6
45031,2,6
45035,1,4
45043,3,8
45047,1,4
45052,1,5
45057,1,5
45063,2,6
45067,1,4
45073,1,6
45079,2,6
45084,1,5
45089,1,5
45095,2,6
45101,2,6
45107,2,6
45111,1,4
45116,1,5
45122,1,6
45128,2,6
45133,1,5
45138,1,5
45144,2,6
45150,2,6
45154,1,4
45159,1,5
45164,1,5
45170,1,6
45176,2,6
45181,1,5
45186,1,5
45192,1,6
45198,2,6
45203,1,5
45208,1,5
45214,1,6
45220,2,6
45225,1,5
45230,1,5
45236,2,6
45240,1,4
45245,1,5
45251,1,6
45257,2,6
45263,1,6
45269,1,6
45275,1,6
45281,2,6
45286,1,5
45291,1,5
45296,1,5
45301,1,5
45307,1,6
45313,2,6
45319,2,6
45325,2,6
45329,1,4
45334,1,5
45340,2,6
45345,1,5
45350,1,5
45356,1,6
45361,1,5
45366,1,5
45371,1,5
45377,2,6
45383,2,6
45387,1,4
45393,2,6
45399,2,6
45403,1,4
45409,1,6
45415,1,6
45421,2,6
45427,2,6
45432,2,5
45436,1,4
45441,1,5
45447,1,6
45453,2,6
45458,1,5
45463,1,5
45469,2,6
45474,1,5
45479,1,5
45485,2,6
45491,1,6
45497,1,6
45502,1,5
45508,1,6
45514,2,6
45519,1,5
45524,1,5
45530,1,6
45536,2,6
45542,1,6
45548,2,6
45554,2,6
45560,2,6
45566,2,6
45571,2,5
45577,1,6
45583,2,6
45589,1,6
45595,2,6
45601,2,6
45606,2,5
45610,1,4
45615,1,5
45620,1,5
45625,1,5
45631,2,6
45635,1,4
45640,1,5
45646,1,6
45653,3,7
45658,2,5
45663,1,5
45668,1,5
45674,1,6
45680,2,6
45685,1,5
45690,1,5
45696,1,6
45702,2,6
45708,2,6
45712,1,4
45717,1,5
45723,2,6
45728,1,5
45733,1,5
45738,1,5
45744,1,6
45750,2,6
45755,1,5
45760,1,5
45766,1,6
45772,2,6
45777,1,5
45782,1,5
45788,1,6
45794,2,6
45799,1,5
45804,1,5
45810,1,6
45816,1,6
45822,2,6
45826,1,4
45831,1,5
45837,2,6
45843,2,6
45847,1,4
45853,2,6
45857,1,4
45863,1,6
45869,2,6
45875,2,6
45881,2,6
45886,1,5
45892,1,6
45898,2,6
45903,1,5
45908,1,5
45914,1,6
45920,2,6
45926,2,6
45932,2,6
45937,2,5
45943,2,6
45948,2,5
45953,2,5
45959,1,6
45964,1,5
45970,1,6
45976,2,6
45982,1,6
45989,3,7
45994,2,5
45999,1,5
46004,1,5
46010,1,6
46016,2,6
46022,2,6
46026,1,4
46031,1,5
46036,1,5
46042,1,6
46048,2,6
46054,2,6
46058,1,4
46063,1,5
46069,2,6
46074,2,5
46079,2,5
46083,1,4
46088,1,5
46094,2,6
46100,2,6
46104,1,4
46109,1,5
46115,2,6
46121,2,6
46125,1,4
46130,1,5
46136,2,6
46142,2,6
46148,2,6
46152,1,4
46157,1,5
46163,1,6
46169,2,6
46173,1,4
46179,1,6
46185,2,6
46191,2,6
46196,2,5
46200,1,4
46206,2,6
46211,1,5
46217,1,6
46223,2,6
46227,1,4
46232,1,5
46238,1,6
46244,2,6
46248,1,4
46253,1,5
46258,1,5
46264,2,6
46269,1,5
46274,1,5
46279,1,5
46284,1,5
46290,1,6
46295,1,5
46300,1,5
46305,1,5
46311,1,6
46317,2,6
46322,1,5
46327,1,5
46333,1,6
46339,2,6
46345,2,6
46349,1,4
46355,1,6
46361,2,6
46366,1,5
46371,1,5
46377,2,6
46383,2,6
46388,2,5
46392,1,4
46397,1,5
46403,1,6
46409,1,6
46415,1,6
46421,1,6
46427,2,6
46433,1,6
46439,1,6
46445,2,6
46450,1,5
46456,1,6
46462,2,6
46468,2,6
46472,1,4
46477,1,5
46483,2,6
46489,2,6
46493,1,4
46499,1,6
46505,1,6
46511,1,6
46517,2,6
46523,2,6
46527,1,4
46532,1,5
46538,1,6
46544,2,6
46549,1,5
46554,1,5
46560,1,6
46566,2,6
46572,2,6
46576,1,4
46582,1,6
46588,2,6
46592,1,4
46597,1,5
46603,1,6
46609,2,6
46615,2,6
46621,2,6
46627,2,6
46631,1,4
46636,1,5
46642,2,6
46648,1,6
46654,1,6
46660,1,6
46666,2,6
46671,2,5
46675,1,4
46680,1,5
46686,1,6
46692,2,6
46696,1,4
46701,1,5
46707,1,6
46713,2,6
46719,2,6
46723,1,4
46728,1,5
46733,1,5
46739,2,6
46744,1,5
46749,1,5
46755,1,6
46761,2,6
46766,1,5
46771,1,5
46777,2,6
46782,1,5
46787,1,5
46793,1,6
46799,2,6
46804,1,5
46809,1,5
46815,2,6
46821,2,6
46825,1,4
46831,1,6
46837,1,6
46843,2,6
46849,2,6
46853,1,4
46859,2,6
46864,1,5
46869,1,5
46875,1,6
46881,2,6
46885,1,4
46891,1,6
46896,1,5
46901,1,5
46906,1,5
46912,2,6
46917,2,5
46921,1,4
46927,1,6
46932,1,5
46937,1,5
46942,1,5
46948,2,6
46954,2,6
46959,1,5
46965,2,6
46970,1,5
46976,1,6
46982,2,6
46987,1,5
46992,1,5
46998,1,6
47004,2,6
47009,1,5
47014,1,5
47020,1,6
47026,2,6
47031,1,5
47036,1,5
47042,1,6
47048,2,6
47053,1,5
47058,1,5
47064,1,6
47070,2,6
47075,1,5
47080,1,5
47086,1,6
47092,2,6
47097,1,5
47102,1,5
47108,1,6
47114,2,6
47119,1,5
47124,1,5
47130,1,6
47136,2,6
47141,1,5
47146,1,5
47152,1,6
47158,2,6
47162,1,4
47167,1,5
47173,2,6
47179,2,6
47183,1,4
47188,1,5
47193,1,5
47199,2,6
47204,1,5
47209,1,5
47215,1,6
47221,2,6
47226,1,5
47231,1,5
47237,1,6
47242,1,5
47247,1,5
47253,1,6
47259,2,6
47263,1,4
47268,1,5
47274,1,6
47280,2,6
47286,2,6
47290,1,4
47295,1,5
47301,2,6
47307,2,6
47311,1,4
47316,1,5
47322,2,6
47328,2,6
47332,1,4
47337,1,5
47343,2,6
47348,1,5
47353,1,5
47359,2,6
47364,1,5
47369,1,5
47375,1,6
47381,2,6
47386,1,5
47391,1,5
47397,1,6
47403,2,6
47408,1,5
47413,1,5
47419,2,6
47424,1,5
47429,1,5
47435,1,6
47441,2,6
47445,1,4
47451,1,6
47457,2,6
47462,1,5
47467,1,5
47473,1,6
47479,2,6
47483,1,4
47489,2,6
47495,3,6
47498,1,3
47504,1,6
47510,2,6
47514,1,4
47519,1,5
47525,2,6
47530,1,5
47535,1,5
47541,1,6
47547,2,6
47552,1,5
47557,1,5
47563,2,6
47568,1,5
47573,1,5
47579,1,6
47585,2,6
47591,2,6
47596,2,5
47601,1,5
47606,1,5
47612,1,6
47618,2,6
47623,1,5
47628,1,5
47634,1,6
47640,2,6
47645,1,5
47650,1,5
47656,2,6
47661,1,5
47666,1,5
47672,1,6
47677,1,5
47682,1,5
47688,1,6
47694,2,6
47699,1,5
47705,1,6
47711,2,6
47716,1,5
47721,1,5
47727,2,6
47732,1,5
47737,1,5
47743,2,6
47748,1,5
47753,1,5
47759,2,6
47764,1,5
47769,1,5
47775,2,6
47780,1,5
47785,1,5
47791,2,6
47796,1,5
47801,1,5
47807,2,6
47812,1,5
47817,1,5
47823,2,6
47828,1,5
47833,1,5
47839,2,6
47844,1,5
47849,1,5
47855,2,6
47860,1,5
47865,1,5
47871,2,6
47876,1,5
47881,1,5
47887,2,6
47892,1,5
47897,1,5
47903,2,6
47908,1,5
47913,1,5
47919,2,6
47924,1,5
47929,1,5
47935,1,6
47940,1,5
47945,1,5
47951,1,6
47956,1,5
47961,1,5
47967,2,6
47972,1,5
47977,1,5
47983,1,6
47992,5,9
47994,1,2
47999,1,5
48005,2,6
48010,1,5
48015,1,5
48021,2,6
48026,1,5
48031,1,5
48037,2,6
48042,1,5
48047,1,5
48053,1,6
48058,1,5
48063,1,5
48069,1,6
48074,1,5
48079,1,5
48085,1,6
48090,1,5
48095,1,5
48101,1,6
48107,2,6
48112,1,5
48117,1,5
48123,1,6
48129,2,6
48133,1,4
48139,1,6
48145,2,6
48150,1,5
48155,1,5
48161,1,6
48167,2,6
48171,1,4
48176,1,5
48182,1,6
48188,2,6
48192,1,4
48197,1,5
48203,2,6
48208,1,5
48213,1,5
48219,1,6
48225,2,6
48230,1,5
48235,1,5
48241,2,6
48246,1,5
48251,1,5
48257,1,6
48263,2,6
48268,1,5
48273,1,5
48279,2,6
48284,1,5
48289,1,5
48295,2,6
48300,1,5
48305,1,5
48311,2,6
48316,1,5
48321,1,5
48327,2,6
48332,1,5
48337,1,5
48343,2,6
48348,1,5
48353,1,5
48359,2,6
48364,1,5
48369,1,5
48375,1,6
48380,1,5
48385,1,5
48391,1,6
48397,2,6
48401,1,4
48407,1,6
48413,2,6
48418,1,5
48423,1,5
48428,1,5
48434,1,6
48440,2,6
48444,1,4
48449,1,5
48455,2,6
48460,1,5
48466,1,6
48472,2,6
48476,1,4
48481,1,5
48487,2,6
48492,1,5
48497,1,5
48503,2,6
48508,1,5
48513,1,5
48519,2,6
48524,1,5
48529,1,5
48535,2,6
48540,1,5
48545,1,5
48551,2,6
48557,2,6
48561,1,4
48567,1,6
48573,2,6
48577,1,4
48582,1,5
48588,2,6
48593,1,5
48598,1,5
48604,1,6
48610,2,6
48614,1,4
48619,1,5
48625,2,6
48630,1,5
48635,1,5
48641,1,6
48647,2,6
48653,2,6
48658,1,5
48664,2,6
48668,1,4
48673,1,5
48679,1,6
48684,1,5
48689,1,5
48695,1,6
48700,1,5
48705,1,5
48711,1,6
48716,1,5
48721,1,5
48727,1,6
48733,2,6
48738,1,5
48743,1,5
48749,1,6
48755,2,6
48761,2,6
48765,1,4
48771,1,6
48777,2,6
48781,1,4
48786,1,5
48792,2,6
48797,1,5
48802,1,5
48808,1,6
48814,2,6
48818,1,4
48824,1,6
48830,2,6
48834,1,4
48839,1,5
48845,2,6
48850,1,5
48855,1,5
48861,2,6
48866,1,5
48871,1,5
48877,1,6
48883,2,6
48888,1,5
48893,1,5
48899,2,6
48904,1,5
48909,1,5
48915,1,6
48920,1,5
48925,1,5
48931,1,6
48937,2,6
48941,1,4
48946,1,5
48952,2,6
48957,1,5
48962,1,5
48968,2,6
48973,1,5
48978,1,5
48984,1,6
48990,2,6
48995,1,5
49000,1,5
49006,1,6
49012,2,6
49016,1,4
49021,1,5
49027,2,6
49031,1,4
49037,1,6
49043,2,6
49047,1,4
49052,1,5
49058,1,6
49064,2,6
49069,1,5
49074,1,5
49080,2,6
49085,1,5
49090,1,5
49096,1,6
49102,2,6
49106,1,4
49112,1,6
49118,2,6
49122,1,4
49128,1,6
49134,2,6
49140,2,6
49144,1,4
49149,1,5
49155,1,6
49161,2,6
49166,1,5
49171,1,5
49177,2,6
49182,1,5
49187,1,5
49192,1,5
49198,1,6
49204,2,6
49209,1,5
49214,1,5
49220,2,6
49226,2,6
49231,2,5
49235,1,4
49240,1,5
49245,1,5
49251,2,6
49256,1,5
49261,1,5
49267,1,6
49273,2,6
49278,1,5
49283,1,5
49289,1,6
49295,2,6
49300,2,5
49305,2,5
49309,1,4
49314,1,5
49320,1,6
49326,2,6
49331,1,5
49336,1,5
49341,1,5
49347,1,6
49353,1,6
49359,2,6
49365,2,6
49370,2,5
49374,1,4
49379,1,5
49385,1,6
49390,1,5
49395,1,5
49401,2,6
49407,2,6
49411,1,4
49416,1,5
49421,1,5
49427,2,6
49433,2,6
49437,1,4
49442,1,5
49448,2,6
49454,2,6
49458,1,4
49463,1,5
49469,1,6
49475,2,6
49481,2,6
49485,1,4
49490,1,5
49495,1,5
49501,1,6
49507,2,6
49513,2,6
49519,2,6
49523,1,4
49529,2,6
49533,1,4
49538,1,5
49543,1,5
49549,1,6
49555,1,6
49561,2,6
49566,1,5
49571,1,5
49576,1,5
49582,2,6
49588,2,6
49593,2,5
49598,2,5
49603,1,5
49608,1,5
49614,1,6
49620,2,6
49624,1,4
49629,1,5
49635,2,6
49640,2,5
49644,1,4
49649,1,5
49655,2,6
49659,1,4
49664,1,5
49670,1,6
49676,2,6
49682,2,6
49686,1,4
49692,1,6
49698,1,6
49704,1,6
49710,2,6
49714,1,4
49719,1,5
49725,1,6
49731,2,6
49737,2,6
49741,1,4
49747,1,6
49753,2,6
49758,1,5
49763,1,5
49769,1,6
49774,1,5
49779,1,5
49785,2,6
49791,1,6
49797,2,6
49802,1,5
49807,1,5
49812,1,5
49818,1,6
49824,2,6
49828,1,4
49833,1,5
49839,2,6
49845,2,6
49850,1,5
49855,1,5
49861,1,6
49867,2,6
49873,2,6
49878,1,5
49883,1,5
49889,1,6
49895,2,6
49900,1,5
49905,1,5
49911,2,6
49917,2,6
49922,2,5
49926,1,4
49931,1,5
49937,2,6
49941,1,4
49946,1,5
49952,1,6
49957,1,5
49962,1,5
49968,2,6
49973,1,5
49978,1,5
49983,1,5
49989,2,6
49995,1,6
50001,2,6
50007,2,6
50013,2,6
50017,1,4
50022,1,5
50028,1,6
50034,2,6
50039,1,5
50044,1,5
50050,1,6
50055,1,5
50060,1,5
50065,1,5
50071,2,6
50076,1,5
50081,1,5
50087,1,6
50093,2,6
50099,2,6
50104,2,5
50108,1,4
50113,1,5
50118,1,5
50123,1,5
50129,1,6
50135,2,6
50140,1,5
50145,1,5
50151,2,6
50157,2,6
50162,2,5
50166,1,4
50171,1,5
50176,1,5
50181,1,5
50187,1,6
50193,1,6
50199,1,6
50205,2,6
50209,1,4
50214,1,5
50220,2,6
50226,2,6
50231,2,5
50237,1,6
50243,2,6
50248,2,5
50253,2,5
50259,2,6
50264,1,5
50270,2,6
50275,2,5
50280,2,5
50285,1,5
50290,1,5
50296,1,6
50302,2,6
50307,2,5
50312,2,5
50316,1,4
50321,1,5
50326,1,5
50331,1,5
50336,1,5
50341,1,5
50347,1,6
50353,2,6
50359,2,6
50364,2,5
50369,2,5
50373,1,4
50379,2,6
50385,2,6
50391,2,6
50397,2,6
50402,1,5
50407,1,5
50412,1,5
50418,2,6
50423,2,5
50429,2,6
50433,1,4
50438,1,5
50444,2,6
50450,2,6
50455,2,5
50461,2,6
50466,2,5
50472,2,6
50477,2,5
50481,1,4
50487,1,6
50493,2,6
50499,2,6
50503,1,4
50508,1,5
50514,1,6
50520,2,6
50526,2,6
50532,2,6
50537,2,5
50542,1,5
50548,2,6
50553,1,5
50558,1,5
50565,2,7
50569,1,4
50574,1,5
50580,1,6
50586,1,6
50592,2,6
50597,2,5
50602,2,5
50606,1,4
50616,1,10
50623,3,7
50627,1,4
50632,1,5
50638,1,6
50643,1,5
50649,2,6
50654,1,5
50659,1,5
50664,1,5
50669,1,5
50675,2,6
50680,1,5
50685,1,5
50691,1,6
50696,1,5
50701,1,5
50706,1,5
50711,1,5
50717,1,6
50722,1,5
50727,1,5
50733,1,6
50738,1,5
50744,1,6
50749,1,5
50754,1,5
50759,1,5
50764,1,5
50769,1,5
50775,1,6
50780,1,5
50786,1,6
50791,1,5
50797,2,6
50802,1,5
50808,2,6
50813,1,5
50819,2,6
50824,1,5
50830,1,6
50835,1,5
50840,1,5
50846,1,6
50851,1,5
50856,1,5
50861,1,5
50867,2,6
50872,1,5
50877,1,5
50883,1,6
50889,2,6
50894,1,5
50899,1,5
50905,2,6
50910,1,5
50915,1,5
50921,1,6
50927,2,6
50933,1,6
50939,2,6
50943,1,4
50948,1,5
50953,1,5
50959,2,6
50964,1,5
50969,1,5
50975,1,6
50981,2,6
50985,1,4
50991,1,6
50997,2,6
51001,1,4
51007,1,6
51013,2,6
51017,1,4
51023,1,6
51029,2,6
51035,2,6
51039,1,4
51045,1,6
51051,2,6
51056,1,5
51061,1,5
51067,2,6
51072,1,5
51077,1,5
51083,2,6
51089,2,6
51093,1,4
51099,1,6
51105,2,6
51109,1,4
51115,1,6
51121,2,6
51127,2,6
51132,1,5
51138,2,6
51143,1,5
51148,1,5
51153,1,5
51159,2,6
51164,1,5
51169,1,5
51175,2,6
51179,1,4
51185,1,6
51191,2,6
51197,2,6
51202,1,5
51208,2,6
51213,2,5
51219,2,6
51223,1,4
51228,1,5
51233,1,5
51238,1,5
51244,1,6
51250,2,6
51254,1,4
51259,1,5
51265,1,6
51271,2,6
51276,1,5
51281,1,5
51287,1,6
51293,2,6
51298,1,5
51303,1,5
51309,2,6
51314,1,5
51319,1,5
51325,1,6
51331,2,6
51336,1,5
51341,1,5
51347,2,6
51352,1,5
51357,1,5
51363,2,6
51369,2,6
51374,2,5
51378,1,4
51383,1,5
51389,2,6
51393,1,4
51399,1,6
51405,1,6
51410,1,5
51415,1,5
51421,2,6
51426,1,5
51431,1,5
51437,1,6
51443,2,6
51448,1,5
51453,1,5
51459,2,6
51464,1,5
51469,1,5
51475,2,6
51480,1,5
51485,1,5
51491,2,6
51496,1,5
51501,1,5
51507,1,6
51513,2,6
51517,1,4
51523,1,6
51529,2,6
51534,1,5
51539,1,5
51545,1,6
51551,2,6
51557,2,6
51561,1,4
51567,1,6
51573,2,6
51577,1,4
51582,1,5
51588,2,6
51593,2,5
51597,1,4
51602,1,5
51608,2,6
51612,1,4
51617,1,5
51623,2,6
51629,2,6
51633,1,4
51638,1,5
51644,2,6
51650,2,6
51654,1,4
51659,1,5
51665,2,6
51671,2,6
51675,1,4
51680,1,5
51686,1,6
51691,1,5
51697,2,6
51703,2,6
51709,2,6
51713,1,4
51718,1,5
51724,2,6
51729,1,5
51734,1,5
51740,1,6
51746,2,6
51752,2,6
51757,1,5
51763,2,6
51768,2,5
51773,2,5
51779,2,6
51784,2,5
51790,1,6
51796,2,6
51802,2,6
51807,1,5
51812,1,5
51817,1,5
51823,2,6
51828,1,5
51833,1,5
51839,1,6
51845,2,6
51850,1,5
51855,1,5
51861,1,6
51867,2,6
51873,2,6
51877,1,4
51882,1,5
51888,2,6
51892,1,4
51897,1,5
51903,2,6
51908,1,5
51913,1,5
51918,1,5
51924,2,6
51930,2,6
51935,2,5
51939,1,4
51944,1,5
51950,1,6
51956,2,6
51961,2,5
51967,2,6
51971,1,4
51976,1,5
51981,1,5
51987,1,6
51993,2,6
51997,1,4
52003,1,6
52008,1,5
52013,1,5
52019,1,6
52025,2,6
52029,1,4
52035,1,6
52041,2,6
52047,2,6
52051,1,4
52056,1,5
52061,1,5
52067,2,6
52072,1,5
52077,1,5
52083,2,6
52088,1,5
52093,1,5
52099,1,6
52105,2,6
52111,2,6
52116,2,5
52120,1,4
52125,1,5
52131,2,6
52137,2,6
52141,1,4
52146,1,5
52152,1,6
52158,2,6
52162,1,4
52167,1,5
52173,1,6
52179,2,6
52185,2,6
52189,1,4
52194,1,5
52200,1,6
52205,1,5
52211,2,6
52215,1,4
52220,1,5
52226,2,6
52231,1,5
52236,1,5
52241,1,5
52247,1,6
52253,2,6
52257,1,4
52263,1,6
52269,1,6
52275,2,6
52279,1,4
52284,1,5
52289,1,5
52295,2,6
52300,1,5
52305,1,5
52311,1,6
52317,2,6
52322,1,5
52327,1,5
52333,1,6
52339,2,6
52343,1,4
52349,1,6
52355,2,6
52360,1,5
52365,1,5
52371,2,6
52376,1,5
52381,1,5
52387,1,6
52393,2,6
52398,1,5
52403,1,5
52409,1,6
52415,2,6
52421,2,6
52426,2,5
52431,1,5
52436,1,5
52442,1,6
52448,2,6
52453,1,5
52458,1,5
52464,2,6
52470,2,6
52474,1,4
52479,1,5
52485,1,6
52491,2,6
52497,2,6
52501,1,4
52507,1,6
52513,2,6
52519,2,6
52524,1,5
52529,1,5
52535,2,6
52541,2,6
52545,1,4
52551,1,6
52557,2,6
52563,2,6
52567,1,4
52572,1,5
52578,1,6
52584,2,6
52589,1,5
52594,1,5
52600,1,6
52606,1,6
52612,2,6
52617,1,5
52622,1,5
52627,1,5
52633,2,6
52639,2,6
52644,1,5
52649,1,5
52655,2,6
52660,1,5
52665,1,5
52671,2,6
52676,1,5
52681,1,5
52687,2,6
52693,2,6
52698,1,5
52703,1,5
52709,1,6
52715,2,6
52719,1,4
52724,1,5
52729,1,5
52735,2,6
52740,1,5
52746,2,6
52751,1,5
52756,1,5
52761,1,5
52767,2,6
52773,2,6
52777,1,4
52782,1,5
52788,2,6
52793,1,5
52799,2,6
52804,2,5
52809,1,5
52814,1,5
52820,1,6
52825,1,5
52830,1,5
52836,1,6
52842,2,6
52848,2,6
52852,1,4
52857,1,5
52863,2,6
52867,1,4
52872,1,5
52878,1,6
52884,2,6
52889,1,5
52894,1,5
52900,1,6
52906,2,6
52912,2,6
52917,1,5
52922,1,5
52928,2,6
52934,2,6
52940,2,6
52946,2,6
52950,1,4
52955,1,5
52961,1,6
52967,2,6
52972,2,5
52977,2,5
52983,2,6
52988,1,5
52996,4,8
53001,1,5
53007,2,6
53012,1,5
53017,1,5
53023,1,6
53029,1,6
53035,2,6
53041,2,6
53045,1,4
53051,1,6
53057,2,6
53063,2,6
53069,1,6
53075,1,6
53081,2,6
53086,2,5
53092,2,6
53098,1,6
53104,1,6
53110,2,6
53116,1,6
53121,1,5
53127,2,6
53132,2,5
53137,2,5
53142,2,5
53148,2,6
53154,1,6
53159,1,5
53164,1,5
53170,1,6
53176,2,6
53181,1,5
53187,1,6
53192,1,5
53197,1,5
53203,2,6
53209,2,6
53215,2,6
53219,1,4
53225,1,6
53230,1,5
53235,1,5
53241,1,6
53246,1,5
53251,1,5
53257,1,6
53263,2,6
53268,2,5
53273,2,5
53278,1,5
53283,1,5
53289,2,6
53294,1,5
53299,1,5
53305,1,6
53310,1,5
53315,1,5
53321,1,6
53327,2,6
53331,1,4
53336,1,5
53342,1,6
53348,2,6
53353,1,5
53358,1,5
53364,2,6
53369,1,5
53374,1,5
53380,1,6
53386,2,6
53390,1,4
53395,1,5
53401,2,6
53407,2,6
53411,1,4
53416,1,5
53421,1,5
53427,2,6
53432,1,5
53437,1,5
53443,2,6
53448,1,5
53453,1,5
53458,1,5
53464,1,6
53470,1,6
53475,1,5
53480,1,5
53486,1,6
53492,2,6
53497,1,5
53502,1,5
53508,1,6
53514,2,6
53519,1,5
53524,1,5
53530,1,6
53536,2,6
53541,1,5
53546,1,5
53552,1,6
53558,2,6
53563,1,5
53568,1,5
53573,1,5
53579,2,6
53585,2,6
53589,1,4
53595,1,6
53601,2,6
53606,1,5
53612,1,6
53617,1,5
53622,1,5
53628,2,6
53632,1,4
53637,1,5
53643,2,6
53648,1,5
53653,1,5
53658,1,5
53664,2,6
53669,1,5
53674,1,5
53680,2,6
53685,1,5
53690,1,5
53696,1,6
53701,1,5
53706,1,5
53712,1,6
53718,2,6
53722,1,4
53727,1,5
53733,2,6
53739,2,6
53743,1,4
53749,1,6
53755,2,6
53759,1,4
53765,1,6
53771,2,6
53776,1,5
53781,1,5
