time (ms),latency (ms),consume (ms)
0,15,0
7,13,7
13,18,6
18,21,5
19,21,1
20,21,1
21,18,1
22,19,1
23,19,1
24,19,1
25,18,1
26,17,1
27,17,1
32,22,5
33,22,1
34,23,1
34,22,0
35,21,1
36,22,1
37,21,1
37,21,0
38,21,1
39,22,1
42,1,3
44,1,2
46,1,2
48,1,2
49,1,1
52,1,3
53,1,1
57,1,4
59,1,2
61,1,2
63,1,2
66,1,3
67,1,1
70,2,3
74,1,4
76,1,2
78,1,2
80,1,2
81,1,1
82,1,1
83,1,1
84,0,1
87,2,3
90,1,3
94,4,4
96,1,2
103,2,7
106,1,3
107,1,1
108,0,1
109,0,1
111,1,2
112,1,1
115,3,3
117,2,2
118,0,1
120,1,2
122,1,2
123,0,1
126,1,3
129,1,3
131,1,2
132,1,1
133,1,1
138,1,5
139,1,1
140,1,1
141,0,1
143,1,2
144,1,1
147,1,3
148,1,1
149,1,1
150,1,1
151,1,1
152,1,1
155,3,3
156,1,1
157,1,1
161,1,4
164,1,3
165,1,1
166,1,1
167,1,1
169,0,2
171,1,2
173,0,2
175,1,2
176,1,1
177,1,1
181,1,4
182,0,1
183,0,1
185,1,2
190,1,5
191,1,1
192,0,1
193,0,1
195,1,2
196,1,1
197,1,1
198,1,1
199,1,1
201,0,2
203,1,2
204,1,1
205,1,1
206,1,1
207,1,1
213,4,6
214,5,1
215,5,1
216,5,1
216,4,0
221,9,5
226,1,5
230,1,4
231,1,1
232,1,1
233,0,1
234,0,1
235,0,1
237,1,2
238,1,1
242,1,4
246,1,4
247,1,1
248,0,1
249,0,1
250,0,1
252,1,2
253,1,1
254,1,1
257,1,3
261,1,4
263,1,2
264,1,1
265,1,1
266,1,1
267,1,1
268,1,1
269,1,1
274,1,5
275,1,1
276,1,1
280,1,4
282,1,2
283,1,1
284,1,1
285,1,1
286,1,1
287,1,1
288,1,1
289,1,1
290,1,1
291,1,1
292,1,1
298,1,6
299,1,1
300,0,1
301,0,1
302,0,1
303,0,1
305,1,2
306,1,1
308,2,2
311,1,3
312,1,1
313,0,1
314,0,1
315,0,1
316,0,1
322,1,6
326,1,4
327,1,1
328,1,1
329,1,1
331,1,2
332,0,1
333,0,1
335,1,2
336,1,1
337,0,1
338,0,1
342,1,4
343,0,1
344,0,1
345,0,1
350,1,5
351,1,1
352,0,1
353,0,1
358,1,5
359,1,1
360,1,1
361,0,1
363,1,2
364,1,1
365,1,1
366,1,1
367,1,1
369,0,2
371,1,2
372,1,1
373,1,1
374,1,1
375,1,1
382,5,7
383,1,1
384,0,1
385,0,1
386,0,1
387,0,1
389,1,2
392,1,3
394,1,2
395,1,1
396,1,1
397,1,1
404,5,7
405,1,1
406,1,1
407,1,1
408,1,1
409,1,1
411,0,2
413,1,2
414,1,1
417,1,3
418,1,1
422,1,4
423,1,1
424,1,1
426,2,2
428,1,2
429,1,1
430,0,1
431,0,1
432,0,1
435,2,3
437,2,2
442,1,5
443,1,1
444,0,1
445,0,1
447,1,2
448,1,1
450,1,2
454,1,4
455,1,1
458,1,3
459,1,1
461,1,2
462,1,1
466,1,4
470,1,4
471,1,1
472,1,1
473,1,1
474,1,1
475,1,1
486,11,11
487,11,1
487,11,0
488,11,1
489,4,1
496,1,7
497,0,1
498,0,1
499,0,1
500,0,1
501,0,1
502,0,1
503,0,1
504,0,1
505,0,1
507,1,2
509,1,2
511,1,2
513,2,2
515,1,2
516,0,1
518,1,2
522,1,4
523,1,1
524,1,1
525,1,1
526,1,1
527,1,1
528,1,1
529,1,1
530,1,1
531,1,1
532,1,1
533,1,1
534,1,1
535,1,1
537,2,2
540,1,3
541,0,1
542,0,1
546,1,4
547,1,1
548,1,1
549,1,1
550,1,1
556,1,6
557,1,1
558,1,1
559,1,1
560,1,1
561,1,1
562,1,1
565,0,3
567,1,2
568,1,1
574,1,6
578,1,4
579,1,1
580,1,1
581,1,1
582,1,1
585,3,3
594,1,9
595,1,1
600,5,5
602,1,2
606,1,4
607,0,1
608,0,1
609,0,1
610,0,1
611,0,1
612,0,1
613,1,1
614,1,1
615,1,1
616,1,1
617,1,1
618,1,1
619,1,1
620,1,1
621,1,1
622,1,1
622,0,0
623,0,1
625,0,2
630,1,5
631,1,1
632,1,1
633,1,1
635,0,2
636,0,1
637,0,1
638,0,1
639,1,1
640,1,1
641,1,1
642,1,1
644,0,2
646,1,2
647,1,1
648,1,1
649,1,1
650,1,1
654,1,4
655,1,1
656,1,1
657,0,1
658,0,1
659,0,1
660,1,1
661,1,1
662,0,1
664,1,2
665,1,1
666,1,1
667,1,1
669,0,2
670,1,1
672,2,2
673,1,1
673,0,0
674,0,1
675,1,1
677,0,2
678,0,1
679,1,1
679,0,0
680,0,1
682,2,2
683,0,1
685,0,2
686,1,1
687,1,1
687,0,0
688,1,1
689,1,1
689,0,0
690,1,1
691,1,1
693,0,2
696,0,3
697,0,1
698,0,1
699,1,1
699,0,0
700,0,1
701,1,1
701,0,0
702,0,1
703,1,1
703,0,0
704,0,1
705,1,1
705,0,0
706,1,1
707,1,1
707,0,0
709,0,2
710,1,1
712,1,2
713,1,1
713,0,0
714,0,1
715,1,1
715,0,0
716,0,1
717,1,1
717,0,0
718,0,1
719,1,1
721,1,2
721,0,0
722,0,1
723,1,1
723,0,0
724,0,1
725,1,1
725,0,0
726,0,1
727,1,1
727,0,0
728,0,1
729,1,1
729,0,0
730,0,1
731,1,1
731,0,0
733,1,2
734,1,1
734,0,0
735,1,1
735,0,0
736,0,1
737,1,1
737,0,0
741,0,4
742,0,1
743,1,1
743,0,0
744,0,1
745,1,1
745,0,0
746,0,1
747,1,1
747,0,0
748,0,1
749,1,1
749,0,0
750,0,1
751,1,1
751,0,0
752,1,1
753,1,1
753,0,0
754,1,1
754,0,0
755,0,1
756,1,1
756,0,0
757,0,1
758,1,1
758,0,0
759,0,1
760,1,1
760,0,0
761,0,1
762,1,1
762,0,0
765,0,3
766,1,1
767,1,1
767,0,0
768,1,1
768,0,0
769,0,1
770,1,1
771,1,1
771,0,0
772,1,1
773,1,1
774,1,1
778,4,4
781,1,3
782,1,1
790,1,8
791,1,1
815,7,24
817,1,2
817,0,0
818,1,1
819,1,1
819,0,0
820,1,1
821,1,1
821,0,0
822,1,1
822,0,0
823,0,1
824,1,1
824,0,0
827,0,3
828,0,1
829,1,1
829,0,0
830,0,1
831,1,1
831,0,0
833,0,2
835,1,2
838,3,3
838,3,0
838,2,0
839,3,1
839,3,0
841,5,2
841,4,0
842,5,1
842,5,0
842,5,0
845,0,3
848,1,3
848,0,0
849,0,1
850,1,1
850,0,0
851,0,1
852,1,1
852,0,0
853,1,1
853,0,0
854,0,1
855,1,1
855,0,0
856,0,1
861,0,5
862,0,1
863,1,1
863,0,0
864,0,1
865,0,1
866,1,1
866,0,0
869,0,3
870,1,1
870,0,0
871,0,1
872,1,1
872,0,0
873,0,1
874,1,1
874,0,0
875,1,1
875,0,0
876,0,1
877,1,1
877,0,0
878,1,1
881,0,3
882,1,1
882,0,0
883,0,1
884,1,1
888,4,4
893,0,5
894,1,1
895,1,1
897,2,2
897,0,0
901,0,4
902,1,1
902,0,0
903,0,1
904,1,1
904,0,0
905,0,1
906,1,1
911,5,5
925,13,14
926,13,1
929,16,3
931,18,2
932,19,1
932,18,0
933,19,1
937,23,4
937,23,0
938,24,1
938,21,0
942,25,4
943,26,1
943,26,0
944,26,1
945,27,1
945,27,0
946,28,1
947,29,1
947,28,0
948,29,1
949,30,1
949,30,0
950,31,1
950,30,0
951,31,1
952,32,1
953,33,1
953,32,0
954,29,1
954,28,0
955,29,1
956,24,1
956,23,0
957,20,1
958,20,1
961,22,3
961,19,0
962,19,1
963,19,1
963,18,0
964,18,1
965,19,1
965,19,0
966,19,1
967,19,1
967,19,0
968,19,1
969,19,1
973,23,4
977,26,4
977,26,0
979,27,2
979,27,0
980,27,1
981,27,1
981,27,0
982,27,1
982,27,0
983,27,1
984,28,1
984,27,0
985,27,1
986,28,1
987,26,1
987,25,0
988,26,1
988,25,0
989,25,1
990,26,1
990,25,0
991,25,1
991,25,0
992,25,1
997,29,5
998,29,1
998,29,0
999,26,1
1000,23,1
1000,22,0
1001,22,1
1002,22,1
1002,22,0
1003,22,1
1004,22,1
1004,22,0
1005,22,1
1006,22,1
1006,22,0
1007,22,1
1013,28,6
1017,31,4
1021,35,4
1021,34,0
1022,34,1
1023,35,1
1023,34,0
1024,35,1
1025,35,1
1025,34,0
1026,35,1
1027,35,1
1027,35,0
1028,30,1
1029,30,1
1029,30,0
1030,30,1
1030,29,0
1031,30,1
1032,30,1
1032,30,0
1033,30,1
1034,31,1
1034,30,0
1035,30,1
1035,30,0
1036,30,1
1037,30,1
1037,30,0
1038,25,1
1038,21,0
1039,22,1
1040,19,1
1041,19,1
1041,19,0
1045,22,4
1046,22,1
1046,22,0
1047,22,1
1047,21,0
1049,23,2
1049,22,0
1050,23,1
1051,23,1
1052,24,1
1053,24,1
1053,23,0
1057,27,4
1058,27,1
1058,27,0
1059,27,1
1060,27,1
1060,27,0
1061,27,1
1061,26,0
1062,27,1
1063,27,1
1063,27,0
1064,27,1
1065,27,1
1065,27,0
1066,27,1
1066,27,0
1067,27,1
1067,27,0
1068,27,1
1069,24,1
1069,24,0
1070,24,1
1071,24,1
1072,25,1
1072,24,0
1073,24,1
1074,24,1
1074,23,0
1075,23,1
1077,24,2
1078,21,1
1078,21,0
1079,21,1
1079,20,0
1080,21,1
1081,21,1
1081,20,0
1082,21,1
1083,21,1
1084,22,1
1085,22,1
1085,21,0
1086,22,1
1087,22,1
1087,21,0
1088,21,1
1089,22,1
1089,21,0
1090,22,1
1093,24,3
1093,23,0
1096,26,3
1096,25,0
1097,26,1
1098,26,1
1098,25,0
1099,26,1
1100,27,1
1100,25,0
1101,26,1
1102,25,1
1102,25,0
1103,25,1
1103,24,0
1104,25,1
1109,29,5
1110,30,1
1110,29,0
1111,29,1
1112,28,1
1112,27,0
1113,28,1
1114,28,1
1114,27,0
1115,28,1
1117,29,2
1117,28,0
1118,29,1
1118,28,0
1119,29,1
1120,27,1
1121,27,1
1121,25,0
1122,25,1
1122,25,0
1123,25,1
1124,25,1
1124,25,0
1125,25,1
1125,24,0
1126,25,1
1127,25,1
1127,25,0
1129,26,2
1129,25,0
1130,26,1
1130,21,0
1131,22,1
1132,22,1
1132,21,0
1133,22,1
1134,22,1
1134,21,0
1135,22,1
1135,21,0
1136,21,1
1137,22,1
1137,20,0
1138,20,1
1141,23,3
1141,22,0
1142,23,1
1143,23,1
1143,23,0
1144,23,1
1145,23,1
1145,23,0
1146,23,1
1146,23,0
1148,24,2
1149,24,1
1149,24,0
1150,24,1
1153,27,3
1153,26,0
1154,25,1
1155,25,1
1155,25,0
1156,25,1
1157,26,1
1157,25,0
1158,25,1
1158,25,0
1159,25,1
1161,26,2
1161,26,0
1162,26,1
1163,27,1
1163,26,0
1164,26,1
1164,24,0
1165,24,1
1166,24,1
1166,23,0
1167,24,1
1167,23,0
1168,24,1
1169,24,1
1169,23,0
1170,23,1
1173,24,3
1174,24,1
1174,21,0
1175,21,1
1175,21,0
1177,22,2
1177,21,0
1178,22,1
1179,22,1
1179,21,0
1182,24,3
1182,23,0
1183,22,1
1183,21,0
1184,22,1
1184,21,0
1189,25,5
1190,26,1
1190,25,0
1191,26,1
1191,25,0
1192,25,1
1193,26,1
1193,25,0
1194,26,1
1195,26,1
1195,25,0
1196,26,1
1196,23,0
1201,28,5
1202,28,1
1202,27,0
1203,27,1
1204,27,1
1204,27,0
1205,27,1
1206,28,1
1206,27,0
1207,27,1
1207,25,0
1208,25,1
1209,25,1
1209,20,0
1210,21,1
1210,20,0
1211,20,1
1212,21,1
1212,20,0
1213,20,1
1213,20,0
1214,20,1
1215,21,1
1215,20,0
1216,20,1
1216,20,0
1217,16,1
1218,17,1
1218,16,0
1219,16,1
1219,16,0
1220,16,1
1221,16,1
1221,16,0
1222,16,1
1223,16,1
1223,16,0
1224,16,1
1224,16,0
1225,16,1
1226,16,1
1226,16,0
1229,18,3
1229,18,0
1230,18,1
1230,17,0
1231,18,1
1232,18,1
1233,19,1
1233,18,0
1234,18,1
1234,17,0
1235,18,1
1236,18,1
1237,18,1
1237,18,0
1238,18,1
1238,18,0
1239,18,1
1240,18,1
1241,19,1
1241,18,0
1242,18,1
1242,18,0
1243,18,1
1244,19,1
1245,19,1
1245,16,0
1253,23,8
1257,27,4
1258,27,1
1261,30,3
1261,29,0
1262,30,1
1263,30,1
1263,29,0
1264,30,1
1265,30,1
1265,30,0
1266,30,1
1266,29,0
1267,29,1
1268,30,1
1268,29,0
1269,30,1
1269,29,0
1270,29,1
1271,29,1
1271,29,0
1272,29,1
1272,29,0
1274,29,2
1275,30,1
1275,29,0
1276,19,1
1276,18,0
1277,16,1
1278,16,1
1278,16,0
1279,16,1
1280,16,1
1280,16,0
1281,16,1
1284,18,3
1289,23,5
1290,23,1
1291,24,1
1292,24,1
1293,24,1
1293,23,0
1294,24,1
1294,23,0
1295,23,1
1297,25,2
1298,24,1
1299,25,1
1299,24,0
1300,24,1
1301,25,1
1302,25,1
1303,25,1
1303,25,0
1304,25,1
1305,26,1
1306,26,1
1307,26,1
1309,28,2
1310,26,1
1313,24,3
1314,24,1
1314,24,0
1315,24,1
1315,24,0
1316,25,1
1317,25,1
1317,24,0
1318,24,1
1318,24,0
1319,24,1
1320,23,1
1320,23,0
1321,23,1
1322,23,1
1322,22,0
1323,22,1
1325,23,2
1325,23,0
1326,23,1
1327,23,1
1327,22,0
1328,22,1
1329,23,1
1329,20,0
1330,21,1
1333,23,3
1334,21,1
1335,21,1
1335,20,0
1336,20,1
1337,21,1
1337,20,0
1341,23,4
1342,24,1
1345,26,3
1346,27,1
1347,27,1
1347,26,0
1348,27,1
1348,26,0
1349,26,1
1350,25,1
1350,25,0
1351,25,1
1352,26,1
1352,25,0
1353,25,1
1354,26,1
1355,26,1
1356,26,1
1357,24,1
1357,23,0
1361,26,4
1362,26,1
1363,27,1
1364,27,1
1364,26,0
1369,28,5
1369,27,0
1370,25,1
1371,25,1
1371,25,0
1372,25,1
1377,29,5
1377,29,0
1378,29,1
1379,29,1
1379,29,0
1380,29,1
1381,30,1
1382,30,1
1382,29,0
1383,29,1
1384,30,1
1384,29,0
1385,29,1
1386,29,1
1386,25,0
1387,25,1
1387,25,0
1388,25,1
1389,25,1
1389,24,0
1390,21,1
1391,21,1
1391,21,0
1393,22,2
1393,21,0
1394,22,1
1394,17,0
1395,17,1
1396,18,1
1396,17,0
1397,17,1
1398,17,1
1398,17,0
1399,17,1
1400,17,1
1401,18,1
1402,18,1
1403,18,1
1405,20,2
1414,28,9
1415,28,1
1415,27,0
1416,28,1
1416,27,0
1419,29,3
1419,29,0
1419,28,0
1420,28,1
1420,27,0
1421,27,1
1421,27,0
1421,26,0
1422,27,1
1422,26,0
1423,26,1
1423,26,0
1423,25,0
1424,25,1
1424,25,0
1425,24,1
1425,24,0
1425,23,0
1426,24,1
1426,23,0
1426,21,0
1427,22,1
1427,22,0
1427,22,0
1429,23,2
1429,23,0
1430,24,1
1430,24,0
1431,25,1
1432,25,1
1433,26,1
1433,26,0
1434,27,1
1434,27,0
1435,27,1
1437,29,2
1438,29,1
1438,29,0
1441,32,3
1441,32,0
1442,33,1
1443,33,1
1443,33,0
1444,33,1
1444,33,0
1445,33,1
1446,34,1
1446,34,0
1450,38,4
1450,37,0
1453,40,3
1453,40,0
1454,41,1
1455,42,1
1455,26,0
1456,26,1
1457,26,1
1457,26,0
1458,25,1
1459,26,1
1459,25,0
1460,25,1
1464,27,4
1465,28,1
1466,28,1
1466,27,0
1467,26,1
1467,25,0
1468,26,1
1469,26,1
1469,25,0
1470,26,1
1473,28,3
1474,29,1
1474,28,0
1475,28,1
1475,25,0
1476,23,1
1477,23,1
1477,23,0
1478,23,1
1478,22,0
1479,23,1
1480,23,1
1480,23,0
1481,23,1
1482,24,1
1482,23,0
1483,23,1
1483,23,0
1484,20,1
1485,20,1
1485,20,0
1486,20,1
1486,19,0
1487,19,1
1488,20,1
1488,19,0
1489,19,1
1489,19,0
1490,17,1
1491,18,1
1491,17,0
1492,17,1
1493,18,1
1493,17,0
1494,18,1
1497,20,3
1498,20,1
1498,20,0
1501,22,3
1502,23,1
1502,22,0
1503,22,1
1504,23,1
1504,22,0
1505,22,1
1505,22,0
1506,22,1
1507,23,1
1507,22,0
1508,22,1
1508,22,0
1509,22,1
1510,23,1
1510,22,0
1511,22,1
1512,22,1
1512,22,0
1513,22,1
1513,21,0
1514,21,1
1515,22,1
1515,21,0
1516,19,1
1520,23,4
1520,22,0
1529,28,9
1530,29,1
1531,29,1
1531,28,0
1532,29,1
1533,29,1
1533,29,0
1534,29,1
1534,28,0
1537,31,3
1537,30,0
1538,30,1
1539,31,1
1539,30,0
1540,31,1
1541,31,1
1541,30,0
1542,31,1
1542,30,0
1543,30,1
1544,31,1
1544,30,0
1549,35,5
1549,34,0
1550,34,1
1551,35,1
1551,30,0
1552,23,1
1552,22,0
1553,23,1
1553,22,0
1554,23,1
1555,23,1
1555,23,0
1556,23,1
1556,22,0
1557,22,1
1558,20,1
1558,20,0
1559,20,1
1559,19,0
1560,19,1
1560,18,0
1561,19,1
1562,19,1
1562,19,0
1563,19,1
1563,14,0
1564,14,1
1565,15,1
1565,14,0
1566,14,1
1566,13,0
1567,14,1
1567,13,0
1569,15,2
1569,14,0
1570,14,1
1571,15,1
1571,14,0
1572,15,1
1572,14,0
1577,18,5
1578,18,1
1578,18,0
1579,18,1
1579,18,0
1580,18,1
1581,18,1
1581,18,0
1582,18,1
1583,19,1
1583,18,0
1584,18,1
1585,19,1
1585,18,0
1586,17,1
1587,18,1
1587,17,0
1588,18,1
1588,17,0
1593,21,5
1593,20,0
1594,17,1
1595,18,1
1597,19,2
1597,18,0
1598,19,1
1598,17,0
1599,18,1
1599,17,0
1600,18,1
1601,18,1
1601,17,0
1601,16,0
1603,18,2
1604,18,1
1605,19,1
1606,19,1
1606,18,0
1607,18,1
1607,14,0
1608,14,1
1608,14,0
1609,14,1
1610,13,1
1610,12,0
1611,12,1
1613,13,2
1613,13,0
1614,13,1
1614,11,0
1615,11,1
1615,11,0
1616,10,1
1617,10,1
1618,11,1
1618,10,0
1619,10,1
1619,10,0
1620,10,1
1620,10,0
1625,14,5
1626,13,1
1626,12,0
1627,12,1
1627,12,0
1629,13,2
1629,12,0
1630,13,1
1630,12,0
1631,12,1
1631,12,0
1632,12,1
1633,12,1
1633,8,0
1635,9,2
1635,8,0
1636,9,1
1637,9,1
1637,8,0
1641,11,4
1642,12,1
1642,11,0
1643,11,1
1643,11,0
1644,11,1
1644,9,0
1645,10,1
1659,23,14
1660,24,1
1660,23,0
1661,20,1
1661,19,0
1661,18,0
1662,19,1
1662,18,0
1662,17,0
1663,18,1
1663,17,0
1663,14,0
1664,15,1
1664,15,0
1665,16,1
1665,15,0
1665,15,0
1666,16,1
1666,16,0
1666,16,0
1667,16,1
1667,16,0
1667,16,0
1668,17,1
1668,16,0
1668,16,0
1669,17,1
1669,17,0
1670,18,1
1670,17,0
1670,17,0
1671,18,1
1671,18,0
1671,18,0
1672,18,1
1672,18,0
1672,18,0
1673,19,1
1673,16,0
1674,17,1
1674,17,0
1674,17,0
1677,19,3
1677,19,0
1678,20,1
1678,20,0
1679,21,1
1680,21,1
1680,21,0
1681,4,1
1684,5,3
1685,6,1
1686,6,1
1686,5,0
1687,6,1
1687,2,0
1688,2,1
1688,1,0
1689,1,1
1689,0,0
1690,1,1
1691,1,1
1691,1,0
1692,1,1
1692,0,0
1693,1,1
1693,0,0
1697,4,4
1728,31,31
1731,1,3
1733,1,2
1735,1,2
1736,1,1
1737,1,1
1738,1,1
1739,1,1
1740,0,1
1741,0,1
1742,0,1
1743,0,1
1744,1,1
1745,1,1
1746,1,1
1746,0,0
1747,0,1
1748,1,1
1749,1,1
1749,0,0
1750,1,1
1751,1,1
1751,0,0
1756,5,5
1757,0,1
1758,0,1
1759,1,1
1760,1,1
1761,0,1
1762,1,1
1763,1,1
1763,0,0
1764,1,1
1764,0,0
1765,0,1
1766,1,1
1766,0,0
1767,1,1
1768,1,1
1768,0,0
1769,0,1
1770,1,1
1770,0,0
1771,0,1
1772,1,1
1772,0,0
1773,1,1
1774,1,1
1774,0,0
1775,0,1
1776,1,1
1776,0,0
1777,0,1
1778,1,1
1779,1,1
1779,0,0
1780,1,1
1781,1,1
1781,0,0
1782,1,1
1782,0,0
1783,0,1
1784,1,1
1784,0,0
1785,0,1
1786,1,1
1787,1,1
1787,0,0
1797,1,10
1798,0,1
1799,1,1
1800,1,1
1801,1,1
1801,0,0
1802,1,1
1803,1,1
1803,0,0
1805,0,2
1806,1,1
1807,1,1
1807,0,0
1808,0,1
1809,1,1
1809,0,0
1810,0,1
1811,1,1
1811,0,0
1812,1,1
1812,0,0
1813,0,1
1815,1,2
1816,1,1
1817,1,1
1818,1,1
1819,1,1
1820,1,1
1821,1,1
1822,1,1
1823,1,1
1830,1,7
1832,1,2
1833,1,1
1834,0,1
1836,1,2
1837,1,1
1838,1,1
1840,1,2
1842,1,2
1843,1,1
1846,1,3
1847,1,1
1848,1,1
1850,1,2
1851,1,1
1853,1,2
1858,1,5
1860,1,2
1861,1,1
1863,1,2
1865,2,2
1866,1,1
1867,1,1
1869,1,2
1874,1,5
1876,1,2
1877,1,1
1879,1,2
1882,3,3
1883,0,1
1884,0,1
1885,1,1
1885,0,0
1886,1,1
1886,0,0
1887,0,1
1888,1,1
1888,0,0
1889,1,1
1889,0,0
1890,0,1
1893,0,3
1894,0,1
1895,0,1
1896,1,1
1896,0,0
1897,0,1
1898,0,1
1899,1,1
1900,1,1
1900,0,0
1901,0,1
1902,1,1
1903,1,1
1903,0,0
1904,0,1
1905,0,1
1906,1,1
1907,1,1
1907,0,0
1908,0,1
1909,1,1
1910,1,1
1911,1,1
1911,0,0
1912,1,1
1915,0,3
1916,0,1
1917,1,1
1917,0,0
1918,1,1
1918,0,0
1919,1,1
1919,0,0
1920,0,1
1920,0,0
1921,0,1
1922,1,1
1922,0,0
1923,1,1
1923,0,0
1924,1,1
1924,0,0
1925,1,1
1925,0,0
1926,1,1
1926,0,0
1927,0,1
1927,0,0
1928,0,1
1929,1,1
1929,0,0
1930,1,1
1930,0,0
1933,0,3
1934,1,1
1934,0,0
1935,1,1
1935,0,0
1936,1,1
1936,0,0
1937,0,1
1939,2,2
1940,0,1
1941,1,1
1941,0,0
1942,1,1
1942,0,0
1943,1,1
1943,0,0
1944,0,1
1944,0,0
1945,0,1
1945,0,0
1946,0,1
1947,1,1
1947,0,0
1948,1,1
1948,0,0
1949,1,1
1949,0,0
1950,1,1
1950,0,0
1951,0,1
1951,0,0
1952,0,1
1953,1,1
1957,0,4
1958,0,1
1959,1,1
1960,1,1
1960,0,0
1961,0,1
1962,1,1
1962,0,0
1963,0,1
1963,0,0
1964,0,1
1965,1,1
1965,0,0
1966,1,1
1967,1,1
1967,0,0
1968,0,1
1969,1,1
1969,0,0
1973,4,4
1977,0,4
1978,1,1
1978,0,0
1979,0,1
1979,0,0
1980,0,1
1981,1,1
1981,0,0
1982,1,1
1982,0,0
1983,1,1
1984,1,1
1984,0,0
1985,1,1
1985,0,0
1986,1,1
1986,0,0
1987,0,1
1987,0,0
1988,0,1
1989,1,1
1989,0,0
1990,1,1
1990,0,0
1991,1,1
1991,0,0
1992,0,1
1993,1,1
1993,0,0
1994,0,1
1995,1,1
1995,0,0
1996,1,1
1996,0,0
1997,1,1
2001,0,4
2002,1,1
2005,0,3
2006,1,1
2006,0,0
2007,1,1
2007,0,0
2008,1,1
2008,0,0
2009,0,1
2009,0,0
2010,0,1
2010,0,0
2011,0,1
2012,1,1
2012,0,0
2013,1,1
2013,0,0
2014,1,1
2014,0,0
2015,1,1
2015,0,0
2016,1,1
2016,0,0
2017,0,1
2017,0,0
2018,0,1
2019,1,1
2019,0,0
2020,1,1
2020,0,0
2021,1,1
2021,0,0
2022,1,1
2022,0,0
2023,0,1
2023,0,0
2024,0,1
2024,0,0
2025,0,1
2026,1,1
2026,0,0
2027,1,1
2027,0,0
2028,1,1
2028,0,0
2029,0,1
2033,0,4
2034,1,1
2034,0,0
2035,1,1
2035,0,0
2036,1,1
2036,0,0
2037,0,1
2038,1,1
2038,0,0
2039,1,1
2041,0,2
2042,1,1
2042,0,0
2043,1,1
2043,0,0
2044,0,1
2044,0,0
2045,0,1
2046,1,1
2046,0,0
2047,1,1
2047,0,0
2048,1,1
2048,0,0
2049,1,1
2049,0,0
2050,1,1
2050,0,0
2051,0,1
2051,0,0
2052,0,1
2053,1,1
2053,0,0
2054,1,1
2055,1,1
2055,0,0
2056,0,1
2056,0,0
2057,0,1
2058,1,1
2061,0,3
2062,1,1
2062,0,0
2063,0,1
2063,0,0
2064,0,1
2064,0,0
2065,0,1
2066,1,1
2066,0,0
2067,1,1
2067,0,0
2068,1,1
2068,0,0
2069,0,1
2069,0,0
2073,0,4
2074,1,1
2074,0,0
2075,1,1
2075,0,0
2076,0,1
2076,0,0
2077,0,1
2078,1,1
2078,0,0
2079,1,1
2079,0,0
2080,1,1
2080,0,0
2081,1,1
2081,0,0
2082,0,1
2082,0,0
2083,0,1
2083,0,0
2084,0,1
2085,1,1
2085,0,0
2086,1,1
2086,0,0
2087,0,1
2087,0,0
2088,0,1
2089,1,1
2089,0,0
2093,0,4
2094,1,1
2094,0,0
2095,0,1
2095,0,0
2096,0,1
2097,1,1
2097,0,0
2098,1,1
2098,0,0
2099,1,1
2099,0,0
2100,0,1
2100,0,0
2101,0,1
2102,1,1
2102,0,0
2105,0,3
2106,1,1
2106,0,0
2107,1,1
2107,0,0
2108,1,1
2108,0,0
2109,0,1
2109,0,0
2110,0,1
2110,0,0
2111,0,1
2112,1,1
2112,0,0
2113,1,1
2113,0,0
2114,1,1
2114,0,0
2115,0,1
2115,0,0
2116,0,1
2117,1,1
2117,0,0
2118,1,1
2118,0,0
2119,1,1
2119,0,0
2120,0,1
2120,0,0
2121,0,1
2122,1,1
2122,0,0
2123,1,1
2123,0,0
2124,1,1
2124,0,0
2125,1,1
2129,0,4
2133,0,4
2134,1,1
2134,0,0
2135,1,1
2135,0,0
2136,0,1
2137,1,1
2137,0,0
2138,1,1
2138,0,0
2139,1,1
2139,0,0
2140,1,1
2140,0,0
2141,0,1
2141,0,0
2142,0,1
2142,0,0
2143,0,1
2144,1,1
2144,0,0
2145,1,1
2145,0,0
2146,1,1
2146,0,0
2147,0,1
2147,0,0
2148,0,1
2149,1,1
2149,0,0
2150,1,1
2150,0,0
2151,1,1
2151,0,0
2152,1,1
2152,0,0
2153,0,1
2153,0,0
2154,0,1
2155,1,1
2155,0,0
2156,1,1
2156,0,0
2157,1,1
2157,0,0
2158,1,1
2158,0,0
2159,1,1
2159,0,0
2160,1,1
2160,0,0
2161,0,1
2162,1,1
2162,0,0
2163,1,1
2163,0,0
2164,1,1
2165,0,1
2166,1,1
2169,0,3
2170,1,1
2170,0,0
2171,1,1
2171,0,0
2172,0,1
2172,0,0
2177,0,5
2178,0,1
2179,1,1
2179,0,0
2180,1,1
2180,0,0
2181,0,1
2181,0,0
2182,0,1
2183,1,1
2183,0,0
2184,1,1
2184,0,0
2185,1,1
2185,0,0
2186,1,1
2186,0,0
2187,0,1
2187,0,0
2188,0,1
2188,0,0
2189,0,1
2190,1,1
2190,0,0
2191,1,1
2191,0,0
2192,1,1
2192,0,0
2193,1,1
2193,0,0
2194,0,1
2194,0,0
2195,0,1
2196,1,1
2196,0,0
2197,1,1
2197,0,0
2201,0,4
2202,1,1
2202,0,0
2203,1,1
2203,0,0
2204,0,1
2204,0,0
2206,1,2
2207,1,1
2207,0,0
2208,1,1
2208,0,0
2209,0,1
2209,0,0
2210,0,1
2210,0,0
2211,0,1
2212,1,1
2212,0,0
2213,1,1
2213,0,0
2214,1,1
2214,0,0
2215,1,1
2216,1,1
2216,0,0
2217,1,1
2217,0,0
2218,1,1
2221,0,3
2222,1,1
2222,0,0
2223,1,1
2223,0,0
2224,1,1
2224,0,0
2225,1,1
2225,0,0
2226,0,1
2226,0,0
2227,0,1
2227,0,0
2228,0,1
2229,1,1
2229,0,0
2230,1,1
2230,0,0
2231,1,1
2231,0,0
2232,1,1
2233,0,1
2234,1,1
2234,0,0
2235,1,1
2235,0,0
2236,1,1
2236,0,0
2237,1,1
2237,0,0
2238,0,1
2241,0,3
2242,1,1
2242,0,0
2243,1,1
2243,0,0
2244,1,1
2244,0,0
2245,1,1
2245,0,0
2246,0,1
2246,0,0
2247,0,1
2249,0,2
2250,1,1
2250,0,0
2251,1,1
2251,0,0
2252,1,1
2252,0,0
2253,0,1
2253,0,0
2254,0,1
2254,0,0
2255,0,1
2256,1,1
2256,0,0
2257,1,1
2257,0,0
2258,1,1
2258,0,0
2259,1,1
2259,0,0
2260,1,1
2260,0,0
2261,0,1
2261,0,0
2265,0,4
2266,1,1
2266,0,0
2267,0,1
2267,0,0
2268,0,1
2270,1,2
2271,1,1
2272,1,1
2272,0,0
2273,0,1
2273,0,0
2275,0,2
2277,0,2
2278,1,1
2278,0,0
2279,1,1
2279,0,0
2280,1,1
2280,0,0
2281,0,1
2281,0,0
2282,0,1
2283,1,1
2283,0,0
2284,1,1
2284,0,0
2285,1,1
2285,0,0
2286,0,1
2286,0,0
2287,0,1
2288,1,1
2288,0,0
2289,1,1
2289,0,0
2290,1,1
2293,0,3
2294,1,1
2294,0,0
2295,1,1
2295,0,0
2296,1,1
2296,0,0
2297,0,1
2297,0,0
2298,0,1
2300,0,2
2301,0,1
2301,0,0
2302,0,1
2303,1,1
2303,0,0
2304,1,1
2304,0,0
2305,1,1
2305,0,0
2306,1,1
2306,0,0
2307,0,1
2307,0,0
2308,0,1
2308,0,0
2309,0,1
2310,1,1
2310,0,0
2311,1,1
2311,0,0
2312,1,1
2312,0,0
2313,1,1
2313,0,0
2314,0,1
2314,0,0
2315,0,1
2316,1,1
2316,0,0
2317,1,1
2317,0,0
2318,1,1
2321,0,3
2322,1,1
2322,0,0
2323,1,1
2323,0,0
2324,1,1
2324,0,0
2325,0,1
2325,0,0
2326,0,1
2326,0,0
2327,0,1
2328,1,1
2328,0,0
2329,1,1
2329,0,0
2330,1,1
2330,0,0
2331,1,1
2331,0,0
2332,1,1
2332,0,0
2333,0,1
2333,0,0
2334,0,1
2334,0,0
2335,0,1
2336,1,1
2336,0,0
2337,1,1
2338,1,1
2338,0,0
2339,0,1
2339,0,0
2340,0,1
2341,1,1
2341,0,0
2342,1,1
2342,0,0
2343,0,1
2343,0,0
2344,0,1
2345,0,1
2346,1,1
2346,0,0
2347,1,1
2347,0,0
2348,1,1
2349,0,1
2350,1,1
2350,0,0
2351,1,1
2351,0,0
2352,1,1
2352,0,0
2353,0,1
2353,0,0
2354,0,1
2357,0,3
2358,1,1
2358,0,0
2359,1,1
2359,0,0
2360,1,1
2360,0,0
2361,0,1
2361,0,0
2362,0,1
2362,0,0
2363,0,1
2363,0,0
2364,0,1
2365,1,1
2365,0,0
2366,1,1
2366,0,0
2367,1,1
2367,0,0
2368,0,1
2368,0,0
2369,0,1
2370,1,1
2370,0,0
2371,1,1
2371,0,0
2372,1,1
2372,0,0
2373,1,1
2373,0,0
2374,0,1
2374,0,0
2375,0,1
2375,0,0
2376,0,1
2377,1,1
2377,0,0
2378,1,1
2378,0,0
2379,1,1
2379,0,0
2380,1,1
2381,0,1
2382,1,1
2382,0,0
2383,1,1
2383,0,0
2384,1,1
2384,0,0
2385,0,1
2385,0,0
2386,0,1
2387,1,1
2387,0,0
2388,0,1
2389,1,1
2389,0,0
2393,0,4
2394,1,1
2394,0,0
2395,0,1
2396,1,1
2396,0,0
2397,1,1
2397,0,0
2398,1,1
2398,0,0
2399,1,1
2399,0,0
2400,1,1
2400,0,0
2401,0,1
2401,0,0
2402,0,1
2402,0,0
2403,0,1
2404,1,1
2404,0,0
2405,1,1
2405,0,0
2406,1,1
2406,0,0
2407,1,1
2407,0,0
2408,1,1
2408,0,0
2409,0,1
2409,0,0
2410,0,1
2411,1,1
2411,0,0
2412,1,1
2412,0,0
2413,0,1
2414,1,1
2414,0,0
2415,1,1
2415,0,0
2416,0,1
2417,1,1
2417,0,0
2418,1,1
2418,0,0
2419,0,1
2420,1,1
2420,0,0
2421,0,1
2422,1,1
2422,0,0
2423,1,1
2423,0,0
2425,0,2
2426,1,1
2426,0,0
2427,1,1
2427,0,0
2428,1,1
2428,0,0
2429,0,1
2429,0,0
2430,0,1
2431,1,1
2431,0,0
2432,1,1
2432,0,0
2433,1,1
2433,0,0
2434,1,1
2434,0,0
2435,1,1
2437,0,2
2438,1,1
2438,0,0
2439,1,1
2439,0,0
2440,1,1
2440,0,0
2441,0,1
2442,1,1
2442,0,0
2443,1,1
2443,0,0
2444,1,1
2444,0,0
2445,1,1
2445,0,0
2446,1,1
2446,0,0
2447,0,1
2447,0,0
2448,0,1
2448,0,0
2449,0,1
2453,4,4
2457,0,4
2461,0,4
2462,1,1
2462,0,0
2463,0,1
2464,1,1
2464,0,0
2465,1,1
2465,0,0
2466,1,1
2466,0,0
2467,1,1
2467,0,0
2468,0,1
2468,0,0
2469,0,1
2470,1,1
2470,0,0
2471,1,1
2471,0,0
2472,1,1
2472,0,0
2473,1,1
2473,0,0
2474,0,1
2474,0,0
2475,0,1
2476,1,1
2476,0,0
2477,1,1
2477,0,0
2478,1,1
2478,0,0
2479,1,1
2479,0,0
2480,0,1
2481,1,1
2481,0,0
2482,1,1
2482,0,0
2483,0,1
2485,0,2
2486,1,1
2486,0,0
2487,1,1
2487,0,0
2488,0,1
2488,0,0
2489,0,1
2489,0,0
2490,0,1
2491,1,1
2491,0,0
2492,1,1
2492,0,0
2493,0,1
2493,0,0
2494,0,1
2497,0,3
2498,1,1
2498,0,0
2499,1,1
2499,0,0
2500,1,1
2500,0,0
2501,0,1
2505,0,4
2506,1,1
2506,0,0
2507,1,1
2507,0,0
2508,0,1
2509,1,1
2509,0,0
2510,1,1
2510,0,0
2511,1,1
2511,0,0
2512,1,1
2512,0,0
2513,0,1
2513,0,0
2514,0,1
2515,1,1
2515,0,0
2516,1,1
2516,0,0
2517,1,1
2517,0,0
2518,0,1
2519,0,1
2519,0,0
2520,0,1
2521,1,1
2521,0,0
2522,1,1
2525,0,3
2526,1,1
2526,0,0
2527,1,1
2527,0,0
2528,1,1
2528,0,0
2529,0,1
2529,0,0
2530,0,1
2531,1,1
2531,0,0
2532,1,1
2532,0,0
2533,1,1
2533,0,0
2534,1,1
2534,0,0
2535,0,1
2535,0,0
2536,0,1
2537,1,1
2537,0,0
2538,1,1
2538,0,0
2539,1,1
2539,0,0
2541,0,2
2542,1,1
2542,0,0
2543,1,1
2543,0,0
2544,0,1
2544,0,0
2545,0,1
2546,1,1
2546,0,0
2547,1,1
2547,0,0
2548,1,1
2548,0,0
2549,1,1
2549,0,0
2550,0,1
2551,1,1
2551,0,0
2553,0,2
2557,0,4
2558,0,1
2558,0,0
2559,0,1
2560,1,1
2560,0,0
2561,1,1
2561,0,0
2562,0,1
2562,0,0
2563,0,1
2563,0,0
2564,0,1
2565,1,1
2565,0,0
2566,1,1
2566,0,0
2567,1,1
2567,0,0
2569,0,2
2570,1,1
2570,0,0
2571,1,1
2571,0,0
2572,1,1
2572,0,0
2573,1,1
2573,0,0
2574,0,1
2574,0,0
2575,0,1
2576,1,1
2576,0,0
2577,1,1
2577,0,0
2578,1,1
2578,0,0
2579,1,1
2581,0,2
2582,1,1
2582,0,0
2583,1,1
2583,0,0
2584,1,1
2584,0,0
2585,0,1
2585,0,0
2586,0,1
2587,1,1
2587,0,0
2588,1,1
2588,0,0
2589,0,1
2589,0,0
2590,0,1
2591,1,1
2593,0,2
2594,1,1
2595,1,1
2595,0,0
2596,0,1
2597,1,1
2601,0,4
2602,0,1
2603,1,1
2603,0,0
2604,0,1
2605,0,1
2606,1,1
2607,1,1
2607,0,0
2608,0,1
2609,1,1
2610,1,1
2610,0,0
2611,0,1
2612,1,1
2613,1,1
2613,0,0
2617,1,4
2617,0,0
2618,0,1
2619,1,1
2619,0,0
2620,1,1
2620,0,0
2621,1,1
2621,0,0
2622,0,1
2622,0,0
2623,0,1
2623,0,0
2624,0,1
2624,0,0
2625,0,1
2626,1,1
2626,0,0
2627,1,1
2627,0,0
2628,1,1
2628,0,0
2629,1,1
2629,0,0
2630,0,1
2630,0,0
2631,0,1
2631,0,0
2632,0,1
2633,1,1
2633,0,0
2635,2,2
2635,0,0
2636,1,1
2636,0,0
2637,1,1
2637,0,0
2638,0,1
2639,1,1
2639,0,0
2640,1,1
2641,0,1
2642,1,1
2642,0,0
2643,1,1
2645,0,2
2646,1,1
2646,0,0
2647,1,1
2647,0,0
2648,1,1
2648,0,0
2649,0,1
2649,0,0
2650,0,1
2653,0,3
2654,1,1
2654,0,0
2655,1,1
2655,0,0
2656,1,1
2656,0,0
2657,0,1
2657,0,0
2658,0,1
2659,1,1
2659,0,0
2660,1,1
2660,0,0
2661,1,1
2661,0,0
2662,1,1
2665,0,3
2666,1,1
2666,0,0
2667,1,1
2667,0,0
2668,1,1
2668,0,0
2669,1,1
2669,0,0
2670,0,1
2670,0,0
2671,0,1
2672,1,1
2672,0,0
2673,1,1
2673,0,0
2674,1,1
2674,0,0
2675,1,1
2675,0,0
2676,1,1
2676,0,0
2681,0,5
2682,1,1
2682,0,0
2683,0,1
2683,0,0
2684,0,1
2685,1,1
2685,0,0
2686,1,1
2686,0,0
2687,1,1
2687,0,0
2688,1,1
2688,0,0
2689,0,1
2689,0,0
2690,0,1
2690,0,0
2691,0,1
2692,1,1
2692,0,0
2693,1,1
2693,0,0
2694,1,1
2697,0,3
2698,1,1
2698,0,0
2699,1,1
2699,0,0
2700,0,1
2700,0,0
2701,0,1
2702,1,1
2702,0,0
2703,1,1
2703,0,0
2704,1,1
2704,0,0
2705,1,1
2705,0,0
2706,1,1
2706,0,0
2707,1,1
2707,0,0
2708,0,1
2708,0,0
2709,0,1
2710,1,1
2710,0,0
2711,1,1
2711,0,0
2712,1,1
2712,0,0
2713,1,1
2713,0,0
2714,1,1
2714,0,0
2715,0,1
2715,0,0
2716,0,1
2717,1,1
2717,0,0
2718,1,1
2718,0,0
2719,1,1
2719,0,0
2720,1,1
2720,0,0
2725,0,5
2729,0,4
2730,1,1
2730,0,0
2731,1,1
2731,0,0
2732,1,1
2732,0,0
2733,0,1
2733,0,0
2734,0,1
2734,0,0
2735,0,1
2735,0,0
2736,0,1
2737,1,1
2737,0,0
2738,1,1
2738,0,0
2739,1,1
2739,0,0
2740,1,1
2740,0,0
2741,0,1
2741,0,0
2742,0,1
2743,1,1
2743,0,0
2744,1,1
2744,0,0
2745,1,1
2745,0,0
2746,1,1
2746,0,0
2747,1,1
2747,0,0
2748,0,1
2748,0,0
2749,0,1
2750,1,1
2750,0,0
2751,1,1
2751,0,0
2752,1,1
2752,0,0
2753,1,1
2753,0,0
2754,0,1
2755,1,1
2755,0,0
2756,1,1
2756,0,0
2757,1,1
2757,0,0
2758,1,1
2758,0,0
2759,0,1
2759,0,0
2760,1,1
2760,0,0
2761,0,1
2765,0,4
2766,0,1
2767,1,1
2767,0,0
2768,1,1
2768,0,0
2769,1,1
2773,1,4
2773,0,0
2774,1,1
2774,0,0
2775,0,1
2775,0,0
2776,0,1
2776,0,0
2777,0,1
2778,1,1
2778,0,0
2779,1,1
2779,0,0
2780,1,1
2780,0,0
2781,1,1
2781,0,0
2782,1,1
2782,0,0
2783,1,1
2783,0,0
2784,0,1
2784,0,0
2785,0,1
2786,1,1
2786,0,0
2787,1,1
2787,0,0
2788,1,1
2788,0,0
2789,1,1
2789,0,0
2790,0,1
2790,0,0
2791,0,1
2791,0,0
2792,0,1
2793,1,1
2793,0,0
2794,1,1
2794,0,0
2795,1,1
2795,0,0
2796,1,1
2796,0,0
2797,0,1
2797,0,0
2798,0,1
2798,0,0
2799,0,1
2800,1,1
2800,0,0
2801,0,1
2801,0,0
2802,0,1
2803,1,1
2803,0,0
2805,0,2
2806,1,1
2806,0,0
2807,1,1
2807,0,0
2808,1,1
2808,0,0
2809,0,1
2809,0,0
2810,0,1
2811,1,1
2812,1,1
2813,1,1
2813,0,0
2814,1,1
2814,0,0
2815,1,1
2815,0,0
2816,0,1
2817,0,1
2818,1,1
2821,0,3
2822,1,1
2823,1,1
2824,1,1
2825,1,1
2825,0,0
2826,0,1
2827,1,1
2828,1,1
2829,1,1
2829,0,0
2830,0,1
2831,1,1
2832,1,1
2833,1,1
2833,0,0
2834,0,1
2835,1,1
2836,1,1
2837,1,1
2837,0,0
2838,0,1
2839,0,1
2840,1,1
2841,1,1
2842,1,1
2842,0,0
2843,0,1
2845,0,2
2846,1,1
2847,1,1
2848,1,1
2848,0,0
2849,0,1
2850,0,1
2851,1,1
2852,1,1
2853,1,1
2853,0,0
2854,0,1
2855,0,1
2857,0,2
2858,1,1
2859,1,1
2860,1,1
2860,0,0
2861,0,1
2862,0,1
2863,1,1
2864,1,1
2865,1,1
2865,0,0
2866,0,1
2867,0,1
2868,1,1
2869,0,1
2870,1,1
2871,1,1
2872,1,1
2873,0,1
2874,1,1
2875,1,1
2876,1,1
2876,0,0
2877,0,1
2878,0,1
2881,0,3
2882,1,1
2883,1,1
2884,1,1
2884,0,0
2893,0,9
2894,0,1
2895,0,1
2896,0,1
2897,1,1
2898,1,1
2899,1,1
2899,0,0
2900,0,1
2901,1,1
2902,1,1
2903,1,1
2903,0,0
2904,0,1
2905,1,1
2906,1,1
2907,1,1
2907,0,0
2908,0,1
2909,0,1
2913,0,4
2914,0,1
2915,1,1
2916,1,1
2917,1,1
2917,0,0
2918,0,1
2919,0,1
2920,1,1
2921,1,1
2921,0,0
2922,0,1
2923,0,1
2924,1,1
2925,1,1
2926,1,1
2926,0,0
2927,0,1
2928,1,1
2929,1,1
2930,1,1
2933,0,3
2934,1,1
2935,1,1
2936,1,1
2936,0,0
2937,0,1
2938,0,1
2939,1,1
2940,1,1
2941,1,1
2942,1,1
2942,0,0
2943,0,1
2945,0,2
2946,1,1
2947,1,1
2948,1,1
2948,0,0
2949,0,1
2950,0,1
2951,1,1
2952,1,1
2952,0,0
2953,0,1
2954,0,1
2955,1,1
2956,1,1
2957,0,1
2958,0,1
2961,0,3
2962,0,1
2963,1,1
2964,1,1
2965,0,1
2966,0,1
2967,1,1
2968,1,1
2968,0,0
2969,0,1
2973,0,4
2974,0,1
2975,1,1
2976,1,1
2977,1,1
2977,0,0
2978,0,1
2979,0,1
2980,1,1
2981,1,1
2981,0,0
2982,0,1
2983,0,1
2984,1,1
2985,1,1
2987,1,2
2988,1,1
2989,1,1
2989,0,0
2990,0,1
2991,1,1
2992,1,1
2993,1,1
2993,0,0
2994,0,1
2995,1,1
2996,1,1
2997,0,1
2998,0,1
2999,1,1
3000,1,1
3000,0,0
3001,0,1
3009,0,8
3010,0,1
3011,0,1
3012,0,1
3013,1,1
3014,1,1
3015,1,1
3015,0,0
3016,0,1
3017,1,1
3018,1,1
3019,1,1
3019,0,0
3020,0,1
3021,0,1
3022,1,1
3023,1,1
3024,1,1
3024,0,0
3025,0,1
3026,0,1
3027,1,1
3028,1,1
3028,0,0
3029,0,1
3030,0,1
3031,1,1
3032,1,1
3033,1,1
3034,1,1
3035,1,1
3035,0,0
3036,0,1
3037,1,1
3069,24,32
3074,29,5
3075,30,1
3076,31,1
3077,32,1
3078,32,1
3079,33,1
3080,34,1
3081,33,1
3085,32,4
3086,33,1
3086,33,0
3087,34,1
3087,34,0
3088,34,1
3088,34,0
3089,35,1
3089,35,0
3090,33,1
3090,29,0
3091,30,1
3092,31,1
3092,31,0
3093,32,1
3093,30,0
3094,31,1
3094,31,0
3095,31,1
3095,31,0
3097,33,2
3097,33,0
3098,34,1
3098,34,0
3099,35,1
3100,35,1
3100,35,0
3100,35,0
3101,36,1
3102,37,1
3102,37,0
3103,37,1
3103,29,0
3104,29,1
3105,28,1
3106,29,1
3107,29,1
3107,28,0
3108,28,1
3109,8,1
3110,6,1
3111,6,1
3112,6,1
3112,5,0
3113,5,1
3114,6,1
3115,6,1
3116,6,1
3117,6,1
3117,5,0
3118,5,1
3119,6,1
3120,6,1
3121,6,1
3121,5,0
3125,8,4
3126,8,1
3126,8,0
3127,8,1
3127,7,0
3128,7,1
3129,1,1
3130,1,1
3130,0,0
3131,0,1
3132,0,1
3133,1,1
3134,1,1
3135,1,1
3135,0,0
3136,0,1
3137,0,1
3138,1,1
3139,1,1
3141,0,2
3142,0,1
3143,1,1
3144,1,1
3145,1,1
3146,1,1
3146,0,0
3147,0,1
3148,1,1
3149,1,1
3150,1,1
3151,1,1
3151,0,0
3152,0,1
3153,0,1
3154,1,1
3155,1,1
3157,0,2
3158,0,1
3161,0,3
3162,0,1
3163,0,1
3164,1,1
3165,1,1
3166,1,1
3166,0,0
3167,0,1
3168,0,1
3169,1,1
3170,1,1
3171,1,1
3171,0,0
3172,0,1
3177,0,5
3178,0,1
3179,0,1
3181,0,2
3182,0,1
3183,1,1
3184,1,1
3185,1,1
3185,0,0
3186,0,1
3187,0,1
3188,1,1
3189,1,1
3189,0,0
3190,0,1
3191,0,1
3192,1,1
3193,0,1
3194,1,1
3195,1,1
3196,1,1
3197,0,1
3198,1,1
3199,1,1
3200,1,1
3200,0,0
3201,0,1
3202,0,1
3203,1,1
3205,0,2
3206,0,1
3207,1,1
3208,1,1
3209,1,1
3209,0,0
3210,0,1
3211,1,1
3212,1,1
3213,1,1
3213,0,0
3214,0,1
3215,1,1
3216,1,1
3217,1,1
3217,0,0
3219,0,2
3221,1,2
3221,0,0
3222,0,1
3223,0,1
3224,1,1
3225,1,1
3225,0,0
3226,0,1
3227,0,1
3228,1,1
3229,1,1
3229,0,0
3230,0,1
3231,0,1
3232,1,1
3233,1,1
3233,0,0
3234,0,1
3235,0,1
3236,1,1
3237,1,1
3237,0,0
3238,0,1
3239,0,1
3240,1,1
3241,1,1
3242,1,1
3242,0,0
3243,0,1
3244,1,1
3245,1,1
3246,1,1
3246,0,0
3247,1,1
3248,1,1
3248,0,0
3249,0,1
3250,1,1
3251,1,1
3252,1,1
3252,0,0
3253,1,1
3254,1,1
3255,1,1
3257,2,2
3261,0,4
3262,0,1
3263,1,1
3264,1,1
3265,1,1
3265,0,0
3266,0,1
3267,0,1
3268,1,1
3269,1,1
3269,0,0
3270,0,1
3271,0,1
3272,1,1
3273,1,1
3276,0,3
3277,1,1
3278,1,1
3279,1,1
3279,0,0
3280,0,1
3281,1,1
3282,1,1
3283,1,1
3283,0,0
3284,0,1
3285,0,1
3286,1,1
3287,1,1
3287,0,0
3288,0,1
3289,0,1
3290,1,1
3291,1,1
3292,1,1
3292,0,0
3293,0,1
3294,1,1
3295,1,1
3296,1,1
3297,0,1
3298,1,1
3299,1,1
3300,1,1
3300,0,0
3301,0,1
3302,1,1
3304,2,2
3305,1,1
3305,0,0
3306,0,1
3307,0,1
3308,1,1
3309,1,1
3310,1,1
3310,0,0
3311,0,1
3312,1,1
3313,1,1
3314,1,1
3314,0,0
3315,1,1
3316,1,1
3316,0,0
3317,1,1
3317,0,0
3318,1,1
3318,0,0
3319,1,1
3319,0,0
3320,1,1
3320,0,0
3321,1,1
3321,0,0
3322,1,1
3322,0,0
3325,3,3
3329,0,4
3330,1,1
3330,0,0
3331,1,1
3331,0,0
3332,1,1
3332,0,0
3333,1,1
3333,0,0
3334,0,1
3334,0,0
3335,0,1
3335,0,0
3336,0,1
3336,0,0
3337,0,1
3337,0,0
3338,0,1
3339,1,1
3339,0,0
3340,1,1
3340,0,0
3341,1,1
3341,0,0
3342,1,1
3342,0,0
3343,1,1
3343,0,0
3344,0,1
3344,0,0
3345,0,1
3346,0,1
3347,1,1
3347,0,0
3348,1,1
3348,0,0
3349,1,1
3349,0,0
3350,0,1
3350,0,0
3351,0,1
3353,0,2
3354,1,1
3354,0,0
3355,1,1
3355,0,0
3356,1,1
3356,0,0
3357,1,1
3357,0,0
3358,0,1
3359,1,1
3359,0,0
3360,1,1
3360,0,0
3361,0,1
3362,1,1
3362,0,0
3363,1,1
3363,0,0
3364,1,1
3364,0,0
3365,0,1
3365,0,0
3366,0,1
3367,1,1
3367,0,0
3369,0,2
3370,1,1
3370,0,0
3371,1,1
3371,0,0
3372,0,1
3373,1,1
3373,0,0
3374,1,1
3374,0,0
3375,0,1
3375,0,0
3376,0,1
3377,1,1
3377,0,0
3378,1,1
3378,0,0
3379,0,1
3379,0,0
3381,0,2
3382,1,1
3382,0,0
3383,1,1
3383,0,0
3384,1,1
3384,0,0
3385,1,1
3385,0,0
3386,0,1
3386,0,0
3387,0,1
3387,0,0
3388,0,1
3388,0,0
3389,0,1
3390,1,1
3393,0,3
3394,1,1
3394,0,0
3395,1,1
3395,0,0
3396,1,1
3396,0,0
3397,1,1
3397,0,0
3398,1,1
3398,0,0
3399,1,1
3399,0,0
3400,0,1
3400,0,0
3401,0,1
3401,0,0
3402,0,1
3402,0,0
3403,0,1
3403,0,0
3404,0,1
3405,1,1
3405,0,0
3406,1,1
3406,0,0
3407,1,1
3407,0,0
3408,1,1
3408,0,0
3409,1,1
3409,0,0
3410,0,1
3410,0,0
3411,0,1
3411,0,0
3412,0,1
3412,0,0
3413,0,1
3414,1,1
3414,0,0
3415,1,1
3415,0,0
3416,1,1
3416,0,0
3417,1,1
3417,0,0
3418,0,1
3418,0,0
3419,0,1
3419,0,0
3420,1,1
3420,0,0
3421,0,1
3425,0,4
3426,1,1
3426,0,0
3427,1,1
3427,0,0
3428,1,1
3428,0,0
3429,1,1
3429,0,0
3430,1,1
3430,0,0
3431,1,1
3431,0,0
3432,1,1
3432,0,0
3433,0,1
3433,0,0
3434,0,1
3434,0,0
3435,0,1
3435,0,0
3436,0,1
3437,1,1
3437,0,0
3438,1,1
3438,0,0
3439,1,1
3439,0,0
3440,1,1
3440,0,0
3441,1,1
3441,0,0
3442,1,1
3442,0,0
3443,1,1
3443,0,0
3444,1,1
3444,0,0
3445,1,1
3445,0,0
3446,0,1
3446,0,0
3447,0,1
3447,0,0
3448,0,1
3449,1,1
3449,0,0
3450,1,1
3450,0,0
3451,1,1
3451,0,0
3452,1,1
3452,0,0
3453,1,1
3453,0,0
3454,1,1
3454,0,0
3455,1,1
3455,0,0
3456,1,1
3456,0,0
3461,5,5
3462,1,1
3465,0,3
3466,1,1
3466,0,0
3469,0,3
3470,1,1
3470,0,0
3471,1,1
3471,0,0
3472,1,1
3472,0,0
3473,1,1
3473,0,0
3474,1,1
3474,0,0
3475,1,1
3475,0,0
3476,1,1
3476,0,0
3477,0,1
3477,0,0
3478,0,1
3478,0,0
3479,0,1
3479,0,0
3480,0,1
3481,1,1
3481,0,0
3482,1,1
3482,0,0
3483,1,1
3483,0,0
3484,1,1
3484,0,0
3485,1,1
3485,0,0
3486,1,1
3486,0,0
3487,0,1
3487,0,0
3488,0,1
3488,0,0
3489,0,1
3490,1,1
3490,0,0
3491,1,1
3491,0,0
3492,1,1
3493,0,1
3494,1,1
3494,0,0
3495,1,1
3495,0,0
3496,1,1
3496,0,0
3497,0,1
3497,0,0
3498,0,1
3499,1,1
3501,0,2
3501,0,0
3502,0,1
3503,1,1
3505,0,2
3506,1,1
3506,0,0
3507,1,1
3507,0,0
3508,1,1
3508,0,0
3509,1,1
3509,0,0
3510,1,1
3510,0,0
3512,2,2
3512,0,0
3513,1,1
3513,0,0
3514,1,1
3514,0,0
3515,0,1
3515,0,0
3516,0,1
3516,0,0
3517,0,1
3517,0,0
3518,0,1
3518,0,0
3519,0,1
3519,0,0
3520,0,1
3521,1,1
3521,0,0
3525,0,4
3526,0,1
3526,0,0
3529,0,3
3530,1,1
3530,0,0
3531,1,1
3531,0,0
3532,1,1
3532,0,0
3533,1,1
3533,0,0
3534,1,1
3534,0,0
3535,1,1
3535,0,0
3536,1,1
3536,0,0
3537,1,1
3537,0,0
3538,0,1
3538,0,0
3539,0,1
3539,0,0
3540,0,1
3541,1,1
3541,0,0
3542,1,1
3542,0,0
3543,1,1
3543,0,0
3544,1,1
3544,0,0
3545,0,1
3545,0,0
3546,0,1
3547,1,1
3547,0,0
3549,0,2
3550,1,1
3550,0,0
3551,1,1
3551,0,0
3552,1,1
3552,0,0
3553,1,1
3553,0,0
3554,0,1
3554,0,0
3555,0,1
3555,0,0
3556,0,1
3557,1,1
3557,0,0
3558,1,1
3558,0,0
3559,1,1
3559,0,0
3560,1,1
3560,0,0
3561,0,1
3561,0,0
3565,0,4
3569,0,4
3570,1,1
3570,0,0
3571,1,1
3571,0,0
3572,1,1
3572,0,0
3573,1,1
3573,0,0
3574,1,1
3574,0,0
3575,1,1
3575,0,0
3576,0,1
3576,0,0
3577,0,1
3577,0,0
3578,0,1
3578,0,0
3579,0,1
3580,1,1
3580,0,0
3581,1,1
3581,0,0
3582,1,1
3582,0,0
3583,1,1
3583,0,0
3584,1,1
3584,0,0
3585,0,1
3585,0,0
3586,0,1
3586,0,0
3587,0,1
3588,1,1
3588,0,0
3589,1,1
3589,0,0
3590,1,1
3590,0,0
3591,1,1
3591,0,0
3592,1,1
3592,0,0
3593,1,1
3593,0,0
3594,0,1
3594,0,0
3595,0,1
3595,0,0
3596,0,1
3596,0,0
3597,0,1
3601,0,4
3602,1,1
3602,0,0
3603,1,1
3603,0,0
3604,1,1
3604,0,0
3605,1,1
3605,0,0
3609,0,4
3610,1,1
3610,0,0
3611,1,1
3611,0,0
3612,1,1
3612,0,0
3613,1,1
3613,0,0
3614,0,1
3614,0,0
3615,0,1
3615,0,0
3616,0,1
3616,0,0
3617,0,1
3617,0,0
3618,0,1
3619,1,1
3619,0,0
3620,1,1
3620,0,0
3621,1,1
3621,0,0
3622,1,1
3622,0,0
3623,1,1
3623,0,0
3624,1,1
3624,0,0
3625,1,1
3625,0,0
3626,0,1
3626,0,0
3627,0,1
3627,0,0
3628,0,1
3628,0,0
3629,0,1
3630,1,1
3630,0,0
3631,1,1
3631,0,0
3632,1,1
3632,0,0
3633,1,1
3633,0,0
3635,2,2
3636,1,1
3637,2,1
3641,6,4
3641,6,0
3642,7,1
3642,6,0
3642,6,0
3643,7,1
3643,7,0
3643,6,0
3644,1,1
3644,0,0
3645,0,1
3645,0,0
3646,0,1
3647,1,1
3647,0,0
3648,0,1
3648,0,0
3649,0,1
3653,0,4
3654,1,1
3654,0,0
3655,1,1
3655,0,0
3656,1,1
3656,0,0
3657,0,1
3657,0,0
3658,0,1
3658,0,0
3659,0,1
3659,0,0
3660,0,1
3661,1,1
3661,0,0
3662,1,1
3662,0,0
3663,1,1
3663,0,0
3664,1,1
3664,0,0
3665,1,1
3665,0,0
3666,1,1
3666,0,0
3667,0,1
3667,0,0
3668,0,1
3668,0,0
3669,0,1
3670,1,1
3670,0,0
3671,1,1
3671,0,0
3672,1,1
3672,0,0
3673,1,1
3673,0,0
3674,1,1
3674,0,0
3675,1,1
3675,0,0
3676,0,1
3676,0,0
3677,0,1
3677,0,0
3678,0,1
3678,0,0
3679,0,1
3679,0,0
3681,0,2
3682,1,1
3682,0,0
3683,1,1
3683,0,0
3684,1,1
3684,0,0
3685,1,1
3685,0,0
3686,0,1
3686,0,0
3687,0,1
3687,0,0
3689,0,2
3690,1,1
3690,0,0
3691,1,1
3691,0,0
3692,1,1
3693,0,1
3694,1,1
3694,0,0
3695,1,1
3695,0,0
3696,1,1
3696,0,0
3697,1,1
3697,0,0
3698,0,1
3701,0,3
3705,0,4
3706,0,1
3706,0,0
3707,0,1
3708,1,1
3708,0,0
3709,1,1
3709,0,0
3710,1,1
3710,0,0
3711,1,1
3711,0,0
3712,1,1
3712,0,0
3713,1,1
3713,0,0
3714,0,1
3714,0,0
3715,0,1
3715,0,0
3716,0,1
3717,1,1
3717,0,0
3718,1,1
3718,0,0
3719,1,1
3719,0,0
3720,1,1
3720,0,0
3721,1,1
3721,0,0
3722,0,1
3722,0,0
3723,0,1
3723,0,0
3724,0,1
3725,1,1
3725,0,0
3726,1,1
3726,0,0
3727,1,1
3727,0,0
3728,1,1
3728,0,0
3729,0,1
3729,0,0
3730,0,1
3733,0,3
3734,1,1
3734,0,0
3735,1,1
3735,0,0
3736,1,1
3736,0,0
3737,1,1
3737,0,0
3738,1,1
3738,0,0
3741,0,3
3742,1,1
3742,0,0
3743,1,1
3743,0,0
3744,1,1
3744,0,0
3745,1,1
3745,0,0
3746,1,1
3746,0,0
3747,1,1
3747,0,0
3748,1,1
3748,0,0
3749,0,1
3749,0,0
3750,0,1
3750,0,0
3751,0,1
3752,1,1
3752,0,0
3753,1,1
3753,0,0
3754,1,1
3754,0,0
3755,1,1
3755,0,0
3756,1,1
3756,0,0
3757,1,1
3757,0,0
3758,0,1
3758,0,0
3761,0,3
3762,1,1
3762,0,0
3763,1,1
3765,0,2
3766,1,1
3766,0,0
3767,1,1
3767,0,0
3768,1,1
3768,0,0
3769,1,1
3769,0,0
3770,1,1
3770,0,0
3771,1,1
3771,0,0
3772,0,1
3772,0,0
3773,0,1
3773,0,0
3774,0,1
3774,0,0
3775,0,1
3776,1,1
3776,0,0
3777,1,1
3777,0,0
3778,1,1
3778,0,0
3779,1,1
3779,0,0
3780,1,1
3781,0,1
3782,1,1
3785,0,3
3786,1,1
3786,0,0
3787,1,1
3787,0,0
3788,1,1
3788,0,0
3789,1,1
3789,0,0
3790,0,1
3790,0,0
3793,0,3
3794,1,1
3794,0,0
3795,1,1
3795,0,0
3796,1,1
3796,0,0
3797,1,1
3797,0,0
3798,0,1
3798,0,0
3799,0,1
3799,0,0
3800,0,1
3800,0,0
3801,0,1
3802,1,1
3802,0,0
3803,1,1
3803,0,0
3804,1,1
3804,0,0
3805,0,1
3805,0,0
3806,0,1
3806,0,0
3807,0,1
3808,1,1
3808,0,0
3809,1,1
3809,0,0
3810,1,1
3810,0,0
3811,1,1
3811,0,0
3812,1,1
3812,0,0
3813,0,1
3814,1,1
3817,0,3
3818,1,1
3821,0,3
3822,1,1
3822,0,0
3823,1,1
3823,0,0
3824,1,1
3824,0,0
3825,1,1
3825,0,0
3826,1,1
3826,0,0
3827,1,1
3827,0,0
3828,0,1
3828,0,0
3829,0,1
3829,0,0
3830,0,1
3830,0,0
3831,0,1
3832,1,1
3832,0,0
3833,1,1
3833,0,0
3834,1,1
3834,0,0
3835,1,1
3835,0,0
3836,1,1
3836,0,0
3837,1,1
3837,0,0
3838,0,1
3838,0,0
3839,0,1
3839,0,0
3840,0,1
3841,1,1
3841,0,0
3842,1,1
3842,0,0
3843,1,1
3843,0,0
3844,1,1
3844,0,0
3845,1,1
3845,0,0
3846,1,1
3846,0,0
3847,1,1
3847,0,0
3849,0,2
3850,1,1
3853,0,3
3854,1,1
3854,0,0
3855,0,1
3855,0,0
3856,0,1
3856,0,0
3857,0,1
3857,0,0
3858,0,1
3859,1,1
3859,0,0
3860,1,1
3860,0,0
3861,1,1
3861,0,0
3862,1,1
3865,0,3
3866,1,1
3866,0,0
3867,1,1
3867,0,0
3868,1,1
3868,0,0
3869,0,1
3869,0,0
3870,0,1
3871,1,1
3871,0,0
3872,1,1
3872,0,0
3873,1,1
3873,0,0
3874,1,1
3874,0,0
3875,0,1
3875,0,0
3876,0,1
3876,0,0
3877,0,1
3877,0,0
3878,0,1
3879,1,1
3879,0,0
3880,1,1
3880,0,0
3881,1,1
3881,0,0
3882,1,1
3885,0,3
3886,1,1
3886,0,0
3887,1,1
3887,0,0
3888,1,1
3888,0,0
3889,1,1
3889,0,0
3890,1,1
3890,0,0
3891,0,1
3891,0,0
3892,0,1
3892,0,0
3893,0,1
3893,0,0
3897,0,4
3898,1,1
3898,0,0
3899,1,1
3899,0,0
3900,0,1
3900,0,0
3901,0,1
3901,0,0
3902,0,1
3902,0,0
3903,0,1
3904,1,1
3904,0,0
3905,1,1
3905,0,0
3906,1,1
3906,0,0
3907,1,1
3907,0,0
3908,1,1
3908,0,0
3909,1,1
3909,0,0
3910,0,1
3910,0,0
3911,0,1
3911,0,0
3912,0,1
3912,0,0
3913,0,1
3914,1,1
3914,0,0
3917,0,3
3918,1,1
3918,0,0
3919,1,1
3919,0,0
3920,1,1
3920,0,0
3921,1,1
3921,0,0
3922,1,1
3922,0,0
3923,1,1
3923,0,0
3924,1,1
3924,0,0
3925,0,1
3925,0,0
3926,0,1
3926,0,0
3927,0,1
3927,0,0
3928,0,1
3929,0,1
3929,0,0
3930,0,1
3931,1,1
3931,0,0
3932,1,1
3932,0,0
3933,0,1
3934,1,1
3934,0,0
3935,1,1
3935,0,0
3936,1,1
3937,0,1
3938,1,1
3938,0,0
3939,1,1
3939,0,0
3940,1,1
3940,0,0
3941,0,1
3941,0,0
3942,0,1
3943,1,1
3945,0,2
3946,1,1
3948,1,2
3948,0,0
3949,0,1
3950,1,1
3952,0,2
3952,0,0
3953,0,1
3954,1,1
3954,0,0
3955,1,1
3955,0,0
3956,1,1
3956,0,0
3957,1,1
3957,0,0
3958,0,1
3958,0,0
3959,1,1
3959,0,0
3960,1,1
3960,0,0
3961,0,1
3961,0,0
3962,0,1
3962,0,0
3963,0,1
3963,0,0
3964,0,1
3964,0,0
3969,0,5
3972,0,3
3973,0,1
3974,1,1
3974,0,0
3975,1,1
3975,0,0
3976,1,1
3976,0,0
3977,0,1
3977,0,0
3978,0,1
3978,0,0
3979,0,1
3980,1,1
3982,0,2
3982,0,0
3983,0,1
3984,1,1
3984,0,0
3985,1,1
3985,0,0
3986,1,1
3986,0,0
3986,0,0
3987,0,1
3987,0,0
3988,0,1
3988,0,0
3989,0,1
3989,0,0
3990,0,1
3990,0,0
3991,0,1
3992,1,1
3993,0,1
3994,1,1
3994,0,0
3995,1,1
3995,0,0
3996,1,1
3996,0,0
3997,1,1
3997,0,0
3998,1,1
3998,0,0
3999,1,1
3999,0,0
4000,1,1
4000,0,0
4001,1,1
4001,0,0
4002,1,1
4005,0,3
4006,1,1
4006,0,0
4007,1,1
4007,0,0
4008,1,1
4008,0,0
4009,1,1
4009,0,0
4010,0,1
4010,0,0
4011,0,1
4011,0,0
4012,0,1
4012,0,0
4013,0,1
4017,0,4
4018,1,1
4018,0,0
4019,1,1
4019,0,0
4020,1,1
4020,0,0
4021,1,1
4021,0,0
4022,0,1
4022,0,0
4023,0,1
4023,0,0
4024,0,1
4024,0,0
4025,0,1
4025,0,0
4026,0,1
4027,1,1
4027,0,0
4028,1,1
4028,0,0
4029,1,1
4030,1,1
4031,1,1
4031,0,0
4032,1,1
4032,0,0
4033,1,1
4033,0,0
4034,1,1
4034,0,0
4036,0,2
4036,0,0
4041,0,5
4042,1,1
4042,0,0
4043,1,1
4043,0,0
4044,1,1
4044,0,0
4045,0,1
4045,0,0
4046,0,1
4046,0,0
4047,0,1
4047,0,0
4048,0,1
4049,1,1
4049,0,0
4050,1,1
4050,0,0
4051,1,1
4051,0,0
4052,1,1
4052,0,0
4053,1,1
4053,0,0
4054,1,1
4054,0,0
4055,1,1
4055,0,0
4056,1,1
4056,0,0
4061,0,5
4062,1,1
4062,0,0
4063,1,1
4063,0,0
4064,1,1
4064,0,0
4065,1,1
4065,0,0
4066,1,1
4066,0,0
4067,0,1
4067,0,0
4068,0,1
4068,0,0
4069,0,1
4069,0,0
4070,0,1
4070,0,0
4071,0,1
4072,1,1
4072,0,0
4073,1,1
4073,0,0
4074,1,1
4074,0,0
4075,1,1
4075,0,0
4076,1,1
4076,0,0
4077,1,1
4077,0,0
4078,0,1
4078,0,0
4079,0,1
4079,0,0
4080,0,1
4080,0,0
4081,0,1
4081,0,0
4082,0,1
4083,1,1
4083,0,0
4084,1,1
4084,0,0
4085,0,1
4086,1,1
4086,0,0
4087,1,1
4087,0,0
4088,1,1
4089,0,1
4090,1,1
4090,0,0
4091,1,1
4091,0,0
4092,1,1
4092,0,0
4093,1,1
4093,0,0
4094,0,1
4094,0,0
4095,0,1
4095,0,0
4096,1,1
4096,0,0
4097,1,1
4097,0,0
4098,0,1
4099,1,1
4099,0,0
4101,0,2
4102,1,1
4102,0,0
4103,1,1
4105,0,2
4106,1,1
4106,0,0
4107,1,1
4107,0,0
4108,1,1
4108,0,0
4109,1,1
4109,0,0
4110,1,1
4110,0,0
4111,1,1
4111,0,0
4112,0,1
4112,0,0
4113,0,1
4113,0,0
4114,0,1
4114,0,0
4115,0,1
4115,0,0
4117,0,2
4117,0,0
4118,0,1
4119,1,1
4119,0,0
4120,1,1
4120,0,0
4121,1,1
4121,0,0
4122,1,1
4122,0,0
4123,1,1
4125,0,2
4125,0,0
4126,0,1
4127,1,1
4127,0,0
4129,0,2
4130,1,1
4130,0,0
4131,1,1
4131,0,0
4132,1,1
4132,0,0
4133,1,1
4133,0,0
4134,1,1
4134,0,0
4135,1,1
4135,0,0
4136,1,1
4136,0,0
4137,0,1
4137,0,0
4138,0,1
4138,0,0
4139,0,1
4139,0,0
4140,0,1
4141,1,1
4141,0,0
4145,0,4
4148,0,3
4149,0,1
4149,0,0
4150,0,1
4151,1,1
4151,0,0
4152,1,1
4152,0,0
4153,1,1
4153,0,0
4154,1,1
4154,0,0
4155,1,1
4155,0,0
4156,1,1
4156,0,0
4157,1,1
4157,0,0
4158,0,1
4158,0,0
4159,0,1
4159,0,0
4160,0,1
4160,0,0
4161,0,1
4162,1,1
4162,0,0
4163,1,1
4163,0,0
4164,1,1
4164,0,0
4165,1,1
4165,0,0
4166,1,1
4166,0,0
4167,1,1
4167,0,0
4168,1,1
4168,0,0
4169,0,1
4169,0,0
4170,0,1
4170,0,0
4171,0,1
4171,0,0
4172,0,1
4173,1,1
4177,0,4
4178,1,1
4178,0,0
4179,1,1
4179,0,0
4180,1,1
4180,0,0
4181,1,1
4181,0,0
4182,1,1
4182,0,0
4183,1,1
4183,0,0
4184,1,1
4185,0,1
4185,0,0
4186,0,1
4186,0,0
4187,0,1
4188,1,1
4188,0,0
4189,1,1
4189,0,0
4190,1,1
4190,0,0
4191,1,1
4193,0,2
4193,0,0
4194,0,1
4195,1,1
4195,0,0
4196,1,1
4196,0,0
4197,1,1
4197,0,0
4198,1,1
4198,0,0
4199,1,1
4199,0,0
4200,1,1
4200,0,0
4206,6,6
4206,0,0
4207,0,1
4208,1,1
4208,0,0
4209,1,1
4209,0,0
4210,1,1
4210,0,0
4211,1,1
4211,0,0
4212,1,1
4212,0,0
4213,0,1
4213,0,0
4214,0,1
4214,0,0
4215,0,1
4215,0,0
4216,0,1
4216,0,0
4217,0,1
4218,1,1
4218,0,0
4219,1,1
4219,0,0
4220,1,1
4220,0,0
4221,1,1
4221,0,0
4223,1,2
4223,0,0
4224,1,1
4224,0,0
4225,1,1
4225,0,0
4226,0,1
4226,0,0
4227,0,1
4227,0,0
4228,0,1
4229,1,1
4229,0,0
4230,1,1
4230,0,0
4231,1,1
4233,0,2
4234,1,1
4234,0,0
4235,1,1
4235,0,0
4236,1,1
4236,0,0
4237,1,1
4237,0,0
4238,0,1
4238,0,0
4239,0,1
4239,0,0
4240,0,1
4241,1,1
4241,0,0
4242,1,1
4242,0,0
4243,1,1
4243,0,0
4244,1,1
4244,0,0
4245,1,1
4245,0,0
4246,0,1
4246,0,0
4247,0,1
4247,0,0
4248,0,1
4249,1,1
4249,0,0
4250,1,1
4250,0,0
4253,0,3
4254,1,1
4254,0,0
4255,1,1
4255,0,0
4256,1,1
4256,0,0
4257,1,1
4257,0,0
4258,0,1
4258,0,0
4259,0,1
4259,0,0
4261,0,2
4262,1,1
4262,0,0
4263,1,1
4263,0,0
4264,1,1
4264,0,0
4265,1,1
4265,0,0
4266,1,1
4266,0,0
4267,1,1
4267,0,0
4268,0,1
4268,0,0
4269,0,1
4269,0,0
4270,0,1
4273,1,3
4273,0,0
4274,1,1
4274,0,0
4275,0,1
4275,0,0
4276,0,1
4276,0,0
4277,0,1
4277,0,0
4281,0,4
4282,1,1
4282,0,0
4283,1,1
4283,0,0
4284,1,1
4284,0,0
4285,1,1
4285,0,0
4286,1,1
4286,0,0
4287,1,1
4287,0,0
4288,1,1
4288,0,0
4289,0,1
4289,0,0
4290,0,1
4290,0,0
4291,0,1
4291,0,0
4292,0,1
4293,1,1
4293,0,0
4294,1,1
4294,0,0
4295,1,1
4295,0,0
4296,1,1
4296,0,0
4297,0,1
4297,0,0
4298,0,1
4299,1,1
4301,0,2
4301,0,0
4302,0,1
4303,1,1
4303,0,0
4304,1,1
4304,0,0
4305,1,1
4305,0,0
4306,1,1
4306,0,0
4307,1,1
4307,0,0
4308,1,1
4308,0,0
4309,0,1
4309,0,0
4310,0,1
4310,0,0
4311,0,1
4311,0,0
4312,0,1
4312,0,0
4317,0,5
4318,1,1
4318,0,0
4319,1,1
4319,0,0
4320,1,1
4320,0,0
4321,1,1
4321,0,0
4322,1,1
4322,0,0
4323,1,1
4323,0,0
4325,0,2
4326,1,1
4326,0,0
4327,1,1
4327,0,0
4328,1,1
4328,0,0
4329,1,1
4329,0,0
4330,1,1
4330,0,0
4331,1,1
4331,0,0
4332,1,1
4332,0,0
4333,1,1
4333,0,0
4334,1,1
4334,0,0
4335,1,1
4335,0,0
4337,0,2
4337,0,0
4338,0,1
4339,1,1
4339,0,0
4340,1,1
4340,0,0
4341,1,1
4341,0,0
4342,1,1
4342,0,0
4343,1,1
4343,0,0
4344,1,1
4344,0,0
4345,1,1
4345,0,0
4346,0,1
4346,0,0
4347,0,1
4347,0,0
4348,0,1
4349,1,1
4353,0,4
4354,1,1
4354,0,0
4355,1,1
4355,0,0
4356,1,1
4356,0,0
4357,1,1
4357,0,0
4358,0,1
4358,0,0
4359,0,1
4359,0,0
4360,0,1
4360,0,0
4361,0,1
4362,1,1
4365,0,3
4366,1,1
4366,0,0
4367,0,1
4367,0,0
4368,0,1
4369,1,1
4369,0,0
4370,1,1
4370,0,0
4371,1,1
4371,0,0
4372,1,1
4372,0,0
4373,1,1
4373,0,0
4374,0,1
4374,0,0
4375,0,1
4375,0,0
4376,0,1
4376,0,0
4377,0,1
4378,1,1
4378,0,0
4379,1,1
4379,0,0
4380,1,1
4380,0,0
4381,1,1
4381,0,0
4382,1,1
4382,0,0
4383,1,1
4383,0,0
4384,0,1
4384,0,0
4385,0,1
4385,0,0
4386,0,1
4387,1,1
4387,0,0
4388,1,1
4388,0,0
4389,1,1
4389,0,0
4390,1,1
4390,0,0
4391,1,1
4391,0,0
4392,1,1
4392,0,0
4393,1,1
4393,0,0
4399,1,6
4399,0,0
4400,0,1
4401,1,1
4401,0,0
4402,1,1
4402,0,0
4403,1,1
4403,0,0
4404,1,1
4404,0,0
4405,1,1
4405,0,0
4406,1,1
4406,0,0
4407,1,1
4407,0,0
4408,0,1
4408,0,0
4409,0,1
4409,0,0
4410,0,1
4411,1,1
4411,0,0
4412,1,1
4412,0,0
4413,1,1
4413,0,0
4417,0,4
4418,1,1
4418,0,0
4419,1,1
4419,0,0
4420,0,1
4421,1,1
4421,0,0
4422,0,1
4423,1,1
4423,0,0
4424,0,1
4425,1,1
4426,1,1
4426,0,0
4427,0,1
4428,1,1
4428,0,0
4429,0,1
4430,1,1
4430,0,0
4431,1,1
4432,1,1
4432,0,0
4433,0,1
4434,1,1
4435,1,1
4437,0,2
4438,1,1
4438,0,0
4439,0,1
4440,1,1
4440,0,0
4441,0,1
4442,1,1
4443,1,1
4443,0,0
4444,1,1
4445,1,1
4445,0,0
4446,1,1
4447,1,1
4447,0,0
4448,0,1
4449,1,1
4449,0,0
4450,0,1
4451,1,1
4453,0,2
4454,1,1
4454,0,0
4455,1,1
4455,0,0
4456,0,1
4457,0,1
4458,1,1
4458,0,0
4459,0,1
4460,1,1
4461,1,1
4465,0,4
4466,0,1
4467,1,1
4467,0,0
4468,0,1
4469,1,1
4470,1,1
4470,0,0
4471,1,1
4472,1,1
4472,0,0
4473,0,1
4474,1,1
4477,0,3
4478,1,1
4478,0,0
4479,0,1
4480,1,1
4480,0,0
4481,0,1
4482,1,1
4482,0,0
4483,0,1
4484,1,1
4484,0,0
4485,0,1
4486,1,1
4487,1,1
4487,0,0
4488,1,1
4489,1,1
4489,0,0
4490,0,1
4491,1,1
4491,0,0
4492,0,1
4493,1,1
4493,0,0
4494,0,1
4495,1,1
4495,0,0
4496,0,1
4497,1,1
4497,0,0
4498,0,1
4499,0,1
4500,1,1
4500,0,0
4501,0,1
4502,1,1
4502,0,0
4503,0,1
4505,0,2
4506,1,1
4506,0,0
4507,1,1
4509,0,2
4510,1,1
4510,0,0
4511,1,1
4511,0,0
4512,1,1
4512,0,0
4513,1,1
4513,0,0
4514,1,1
4514,0,0
4515,1,1
4515,0,0
4516,1,1
4516,0,0
4517,1,1
4517,0,0
4518,0,1
4518,0,0
4519,0,1
4519,0,0
4520,0,1
4520,0,0
4521,0,1
4522,1,1
4522,0,0
4524,1,2
4524,0,0
4525,1,1
4525,0,0
4526,1,1
4526,0,0
4527,1,1
4529,0,2
4530,1,1
4530,0,0
4531,1,1
4531,0,0
4532,1,1
4532,0,0
4533,1,1
4533,0,0
4537,0,4
4538,0,1
4539,1,1
4539,0,0
4540,1,1
4540,0,0
4541,1,1
4541,0,0
4542,1,1
4542,0,0
4543,0,1
4543,0,0
4544,0,1
4544,0,0
4545,0,1
4545,0,0
4546,0,1
4546,0,0
4547,0,1
4548,1,1
4549,0,1
4550,1,1
4550,0,0
4551,1,1
4551,0,0
4552,1,1
4552,0,0
4553,1,1
4553,0,0
4554,0,1
4555,1,1
4555,0,0
4556,1,1
4556,0,0
4557,1,1
4561,0,4
4562,0,1
4562,0,0
4563,0,1
4563,0,0
4564,0,1
4565,1,1
4565,0,0
4566,1,1
4566,0,0
4567,1,1
4568,1,1
4569,1,1
4569,0,0
4570,1,1
4570,0,0
4571,0,1
4571,0,0
4572,0,1
4572,0,0
4573,0,1
4577,0,4
4578,0,1
4579,1,1
4579,0,0
4580,1,1
4580,0,0
4581,1,1
4581,0,0
4582,1,1
4582,0,0
4583,1,1
4583,0,0
4584,0,1
4584,0,0
4585,0,1
4585,0,0
4586,0,1
4586,0,0
4587,0,1
4588,1,1
4588,0,0
4589,1,1
4589,0,0
4590,1,1
4590,0,0
4591,1,1
4591,0,0
4592,1,1
4592,0,0
4593,0,1
4593,0,0
4594,0,1
4594,0,0
4595,0,1
4596,1,1
4596,0,0
4597,1,1
4597,0,0
4598,1,1
4598,0,0
4599,1,1
4599,0,0
4600,1,1
4600,0,0
4601,1,1
4601,0,0
4602,1,1
4602,0,0
4603,0,1
4605,0,2
4606,0,1
4607,1,1
4607,0,0
4608,0,1
4609,1,1
4609,0,0
4610,0,1
4610,0,0
4611,0,1
4612,1,1
4612,0,0
4614,1,2
4614,0,0
4615,0,1
4615,0,0
4616,0,1
4616,0,0
4622,1,6
4622,0,0
4623,1,1
4623,0,0
4624,1,1
4624,0,0
4629,0,5
4630,0,1
4631,1,1
4632,1,1
4632,0,0
4633,1,1
4634,1,1
4635,0,1
4636,1,1
4636,0,0
4637,0,1
4638,1,1
4638,0,0
4639,1,1
4639,0,0
4640,1,1
4640,0,0
4641,1,1
4641,0,0
4642,1,1
4642,0,0
4643,1,1
4643,0,0
4644,0,1
4644,0,0
4645,0,1
4645,0,0
4646,0,1
4646,0,0
4647,0,1
4647,0,0
4648,1,1
4648,0,0
4649,0,1
4649,0,0
4650,0,1
4650,0,0
4651,0,1
4651,0,0
4652,0,1
4652,0,0
4653,0,1
4653,0,0
4654,0,1
4654,0,0
4655,0,1
4655,0,0
4656,1,1
4656,0,0
4657,1,1
4657,0,0
4658,1,1
4658,0,0
4659,0,1
4660,1,1
4661,1,1
4662,2,1
4666,5,4
4666,5,0
4667,6,1
4667,5,0
4668,1,1
4669,1,1
4669,0,0
4670,0,1
4671,1,1
4673,0,2
4674,1,1
4674,0,0
4675,1,1
4675,0,0
4676,0,1
4677,1,1
4677,0,0
4678,1,1
4678,0,0
4679,0,1
4679,0,0
4680,0,1
4681,1,1
4681,0,0
4682,1,1
4682,0,0
4683,1,1
4683,0,0
4684,1,1
4684,0,0
4685,0,1
4685,0,0
4686,0,1
4686,0,0
4687,0,1
4688,1,1
4688,0,0
4689,1,1
4689,0,0
4690,1,1
4690,0,0
4691,1,1
4691,0,0
4692,1,1
4692,0,0
4693,0,1
4694,1,1
4694,0,0
4697,0,3
4700,0,3
4701,1,1
4701,0,0
4702,0,1
4702,0,0
4703,0,1
4703,0,0
4704,0,1
4705,1,1
4705,0,0
4706,1,1
4706,0,0
4707,1,1
4707,0,0
4708,1,1
4708,0,0
4709,1,1
4709,0,0
4710,0,1
4710,0,0
4711,0,1
4712,1,1
4712,0,0
4713,1,1
4713,0,0
4714,1,1
4714,0,0
4715,1,1
4715,0,0
4716,1,1
4716,0,0
4717,0,1
4717,0,0
4721,0,4
4722,0,1
4722,0,0
4723,0,1
4724,1,1
4724,0,0
4725,1,1
4729,0,4
4730,0,1
4731,1,1
4731,0,0
4732,1,1
4732,0,0
4733,1,1
4733,0,0
4734,1,1
4734,0,0
4735,0,1
4736,1,1
4736,0,0
4737,1,1
4737,0,0
4738,1,1
4738,0,0
4739,1,1
4739,0,0
4740,1,1
4740,0,0
4741,1,1
4741,0,0
4742,0,1
4742,0,0
4743,0,1
4744,1,1
4744,0,0
4745,1,1
4745,0,0
4746,1,1
4746,0,0
4747,1,1
4747,0,0
4748,0,1
4748,0,0
4749,0,1
4750,1,1
4750,0,0
4751,1,1
4751,0,0
4752,1,1
4752,0,0
4753,1,1
4753,0,0
4754,1,1
4755,1,1
4758,1,3
4758,0,0
4759,0,1
4760,0,1
4761,1,1
4762,1,1
4762,0,0
4763,1,1
4763,0,0
4764,0,1
4764,0,0
4765,0,1
4766,1,1
4766,0,0
4767,1,1
4767,0,0
4770,1,3
4770,0,0
4771,0,1
4772,1,1
4772,0,0
4773,1,1
4773,0,0
4774,0,1
4775,1,1
4775,0,0
4776,1,1
4776,0,0
4777,1,1
4781,0,4
4782,0,1
4785,0,3
4786,1,1
4786,0,0
4787,0,1
4788,1,1
4788,0,0
4789,0,1
4790,1,1
4790,0,0
4791,0,1
4792,1,1
4792,0,0
4793,1,1
4793,0,0
4794,1,1
4794,0,0
4795,1,1
4795,0,0
4796,1,1
4796,0,0
4797,0,1
4797,0,0
4798,0,1
4799,1,1
4800,1,1
4800,0,0
4801,0,1
4802,1,1
4803,1,1
4803,0,0
4804,0,1
4805,1,1
4806,1,1
4806,0,0
4807,0,1
4808,1,1
4809,1,1
4809,0,0
4810,0,1
4811,0,1
4812,1,1
4813,1,1
4813,0,0
4814,1,1
4815,1,1
4816,1,1
4817,1,1
4818,1,1
4822,1,4
4823,1,1
4824,0,1
4826,1,2
4827,1,1
4828,1,1
4829,0,1
4830,1,1
4831,1,1
4832,1,1
4833,1,1
4834,1,1
4834,0,0
4835,1,1
4836,1,1
4837,1,1
4838,1,1
4839,1,1
4839,0,0
4840,1,1
4841,1,1
4846,1,5
4847,1,1
4847,0,0
4848,0,1
4849,0,1
4850,0,1
4851,1,1
4852,1,1
4853,1,1
4853,0,0
4854,0,1
4855,0,1
4857,1,2
4858,1,1
4859,1,1
4860,1,1
4861,0,1
4863,1,2
4864,1,1
4865,1,1
4867,1,2
4868,1,1
4869,1,1
4870,1,1
4871,1,1
4873,1,2
4874,1,1
4875,1,1
4876,1,1
4877,1,1
4879,1,2
4882,1,3
4883,1,1
4884,1,1
4886,1,2
4887,1,1
4888,1,1
4889,1,1
4890,1,1
4891,1,1
4892,1,1
4893,0,1
4895,1,2
4896,1,1
4897,1,1
4901,1,4
4903,1,2
4904,1,1
4905,1,1
4906,1,1
4907,1,1
4908,1,1
4908,0,0
4909,0,1
4910,0,1
4911,1,1
4912,1,1
4913,1,1
4914,1,1
4914,0,0
4915,0,1
4916,0,1
4917,1,1
4918,1,1
4919,1,1
4919,0,0
4920,0,1
4922,1,2
4923,1,1
4924,1,1
4925,1,1
4925,0,0
4926,0,1
4929,0,3
4930,0,1
4931,0,1
4932,0,1
4933,0,1
4934,0,1
4935,0,1
4936,1,1
4937,1,1
4938,1,1
4939,0,1
4940,0,1
4941,0,1
4942,0,1
4943,0,1
4945,1,2
4946,1,1
4947,1,1
4948,1,1
4949,1,1
4951,1,2
4952,0,1
4953,0,1
4954,0,1
4955,0,1
4956,1,1
4957,1,1
4958,1,1
4959,1,1
4959,0,0
4960,0,1
4961,1,1
4966,1,5
4966,0,0
4967,0,1
4968,0,1
4969,0,1
4970,1,1
4971,1,1
4972,1,1
4973,1,1
4974,1,1
4975,1,1
4976,0,1
4977,0,1
4978,0,1
4979,1,1
4980,1,1
4981,1,1
4982,1,1
4982,0,0
4983,0,1
4985,1,2
4986,0,1
4987,1,1
4988,1,1
4989,1,1
4990,1,1
4991,1,1
4992,2,1
4994,3,2
4997,6,3
4998,6,1
4999,7,1
4999,6,0
5000,7,1
5000,6,0
5001,7,1
5002,1,1
5003,1,1
5004,1,1
5004,0,0
5005,0,1
5006,1,1
5007,1,1
5008,1,1
5009,1,1
5009,0,0
5010,0,1
5011,1,1
5012,1,1
5013,1,1
5013,0,0
5014,0,1
5015,1,1
5016,1,1
5017,1,1
5017,0,0
5018,0,1
5019,1,1
5020,1,1
5021,1,1
5025,0,4
5026,0,1
5027,1,1
5028,1,1
5029,1,1
5030,1,1
5030,0,0
5031,0,1
5032,0,1
5033,1,1
5034,1,1
5035,1,1
5035,0,0
5036,0,1
5037,0,1
5038,1,1
5039,1,1
5040,1,1
5041,1,1
5042,1,1
5043,1,1
5044,1,1
5045,0,1
5046,0,1
5047,0,1
5048,0,1
5050,1,2
5051,1,1
5052,1,1
5053,1,1
5054,1,1
5055,1,1
5056,1,1
5057,1,1
5058,1,1
5062,1,4
5063,1,1
5064,0,1
5066,1,2
5067,1,1
5068,1,1
5069,1,1
5070,1,1
5071,1,1
5072,1,1
5073,0,1
5075,1,2
5076,1,1
5077,1,1
5078,1,1
5079,1,1
5080,1,1
5081,0,1
5083,1,2
5085,0,2
5086,0,1
5087,0,1
5088,1,1
5089,1,1
5090,1,1
5090,0,0
5091,0,1
5092,0,1
5093,1,1
5094,1,1
5095,1,1
5095,0,0
5096,0,1
5098,2,2
5099,1,1
5099,0,0
5100,1,1
5105,5,5
5106,5,1
5107,1,1
5108,1,1
5109,1,1
5110,1,1
5111,1,1
5112,1,1
5113,0,1
5114,0,1
5116,1,2
5117,1,1
5118,1,1
5119,1,1
5120,1,1
5121,0,1
5122,0,1
5123,0,1
5125,1,2
5126,1,1
5127,1,1
5128,1,1
5129,1,1
5130,1,1
5131,1,1
5132,1,1
5133,1,1
5134,0,1
5135,0,1
5137,1,2
5138,1,1
5139,1,1
5142,1,3
5143,1,1
5144,1,1
5145,1,1
5146,0,1
5147,0,1
5149,1,2
5150,1,1
5151,1,1
5152,1,1
5153,1,1
5154,1,1
5155,1,1
5156,0,1
5162,1,6
5163,1,1
5164,0,1
5166,1,2
5167,1,1
5168,1,1
5169,1,1
5170,1,1
5171,0,1
5172,0,1
5174,1,2
5175,1,1
5176,1,1
5177,1,1
5178,1,1
5179,0,1
5180,0,1
5182,1,2
5183,1,1
5184,1,1
5185,1,1
5186,1,1
5187,1,1
5188,1,1
5189,1,1
5190,1,1
5191,0,1
5192,0,1
5193,0,1
5194,1,1
5195,1,1
5196,1,1
5196,0,0
5197,0,1
5202,1,5
5202,0,0
5203,0,1
5204,0,1
5205,1,1
5206,1,1
5207,1,1
5208,1,1
5208,0,0
5209,0,1
5210,0,1
5211,0,1
5212,1,1
5216,4,4
5217,0,1
5218,0,1
5219,1,1
5220,1,1
5221,1,1
5222,1,1
5222,0,0
5223,0,1
5224,0,1
5225,1,1
5226,1,1
5227,1,1
5227,0,0
5228,0,1
5229,0,1
5230,1,1
5231,1,1
5232,1,1
5232,0,0
5233,0,1
5237,0,4
5238,0,1
5239,0,1
5240,1,1
5241,1,1
5242,1,1
5242,0,0
5243,0,1
5244,0,1
5245,0,1
5246,1,1
5247,1,1
5248,1,1
5248,0,0
5249,0,1
5250,0,1
5251,1,1
5252,1,1
5253,1,1
5253,0,0
5254,0,1
5255,0,1
5256,1,1
5257,1,1
5258,1,1
5258,0,0
5259,0,1
5260,1,1
5261,0,1
5262,0,1
5263,0,1
5265,1,2
5266,1,1
5270,1,4
5271,1,1
5272,1,1
5273,1,1
5274,1,1
5275,1,1
5276,1,1
5278,1,2
5281,3,3
5283,1,2
5284,1,1
5285,1,1
5286,1,1
5287,0,1
5289,1,2
5290,1,1
5291,1,1
5292,1,1
5293,1,1
5294,0,1
5295,0,1
5297,1,2
5298,1,1
5299,1,1
5302,1,3
5304,1,2
5305,0,1
5307,1,2
5308,1,1
5310,1,2
5312,2,2
5313,1,1
5317,0,4
5318,0,1
5319,1,1
5319,0,0
5320,0,1
5321,1,1
5322,1,1
5322,0,0
5323,0,1
5324,1,1
5325,1,1
5326,1,1
5326,0,0
5327,0,1
5329,2,2
5329,0,0
5330,0,1
5330,0,0
5331,0,1
5332,1,1
5332,0,0
5333,0,1
5334,1,1
5334,0,0
5335,0,1
5335,0,0
5336,0,1
5337,1,1
5337,0,0
5338,1,1
5338,0,0
5339,1,1
5339,0,0
5340,0,1
5340,0,0
5341,0,1
5342,1,1
5342,0,0
5343,1,1
5344,1,1
5344,0,0
5345,1,1
5346,1,1
5346,0,0
5349,0,3
5350,0,1
5351,1,1
5351,0,0
5352,1,1
5353,1,1
5353,0,0
5354,0,1
5355,1,1
5355,0,0
5356,0,1
5357,0,1
5359,2,2
5360,1,1
5360,0,0
5361,0,1
5362,1,1
5363,1,1
5364,1,1
5364,0,0
5365,0,1
5366,0,1
5367,0,1
5368,0,1
5369,1,1
5370,1,1
5370,0,0
5371,0,1
5372,1,1
5373,1,1
5373,0,0
5376,0,3
5377,0,1
5378,1,1
5379,1,1
5380,0,1
5381,1,1
5382,1,1
5382,0,0
5383,0,1
5384,1,1
5384,0,0
5385,0,1
5386,1,1
5387,1,1
5387,0,0
5388,1,1
5389,1,1
5389,0,0
5390,1,1
5391,1,1
5391,0,0
5392,1,1
5393,1,1
5393,0,0
5394,1,1
5395,1,1
5395,0,0
5396,1,1
5397,1,1
5401,0,4
5402,0,1
5403,1,1
5403,0,0
5404,1,1
5404,0,0
5405,1,1
5405,0,0
5406,1,1
5406,0,0
5407,1,1
5407,0,0
5408,0,1
5408,0,0
5409,0,1
5409,0,0
5410,0,1
5410,0,0
5411,0,1
5412,1,1
5412,0,0
5413,1,1
5418,2,5
5420,4,2
5423,7,3
5428,12,5
5445,29,17
5446,30,1
5447,31,1
5448,32,1
5457,41,9
5461,44,4
5470,53,9
5471,54,1
5485,68,14
5493,75,8
5505,87,12
5510,92,5
5511,93,1
5512,93,1
5513,94,1
5515,96,2
5518,99,3
5526,107,8
5527,108,1
5528,109,1
5530,111,2
5545,126,15
5548,129,3
5560,141,12
5564,144,4
5580,159,16
5592,171,12
5617,196,25
5637,216,20
5659,238,22
5676,255,17
5684,263,8
5689,268,5
5695,274,6
5699,278,4
5707,286,8
5708,287,1
5708,286,0
5709,286,1
5709,286,0
5710,287,1
5710,287,0
5711,288,1
5712,289,1
5712,289,0
5713,290,1
5713,290,0
5714,291,1
5715,292,1
5716,292,1
5717,293,1
5718,294,1
5718,293,0
5719,293,1
5720,294,1
5721,295,1
5722,296,1
5723,297,1
5724,298,1
5726,300,2
5728,302,2
5731,304,3
5734,306,3
5734,306,0
5735,307,1
5736,308,1
5736,308,0
5737,308,1
5738,301,1
5739,302,1
5740,303,1
5741,304,1
5745,299,4
5746,300,1
5746,300,0
5746,299,0
5747,300,1
5747,300,0
5747,300,0
5748,291,1
5748,287,0
5748,287,0
5749,288,1
5753,292,4
5753,292,0
5754,293,1
5754,292,0
5754,292,0
5755,293,1
5755,293,0
5755,293,0
5756,294,1
5756,294,0
5756,294,0
5757,295,1
5757,295,0
5757,295,0
5758,296,1
5758,295,0
5758,295,0
5759,296,1
5759,296,0
5759,296,0
5760,297,1
5760,297,0
5760,297,0
5761,298,1
5761,298,0
5761,298,0
5762,299,1
5762,298,0
5762,298,0
5763,299,1
5763,299,0
5763,299,0
5764,300,1
5764,300,0
5764,300,0
5765,301,1
5765,301,0
5765,301,0
5766,302,1
5766,301,0
5766,301,0
5767,302,1
5767,302,0
5767,302,0
5768,303,1
5768,303,0
5769,304,1
5769,303,0
5773,307,4
5773,307,0
5774,308,1
5774,308,0
5774,308,0
5775,309,1
5775,308,0
5775,308,0
5776,309,1
5776,309,0
5776,306,0
5777,305,1
5777,305,0
5778,306,1
5778,306,0
5778,306,0
5779,306,1
5779,303,0
5779,303,0
5780,304,1
5780,304,0
5780,304,0
5780,304,0
5781,304,1
5781,300,0
5781,296,0
5782,297,1
5782,297,0
5783,298,1
5783,298,0
5784,299,1
5784,298,0
5784,298,0
5785,299,1
5785,299,0
5786,300,1
5786,300,0
5787,301,1
5787,301,0
5788,302,1
5788,302,0
5789,300,1
5789,296,0
5790,297,1
5790,297,0
5791,298,1
5791,298,0
5792,299,1
5792,298,0
5793,299,1
5794,300,1
5794,300,0
5795,301,1
5795,301,0
5796,302,1
5796,302,0
5797,303,1
5798,304,1
5800,306,2
5802,308,2
5806,311,4
5806,311,0
5807,312,1
5807,312,0
5808,313,1
5809,314,1
5809,314,0
5810,315,1
5810,315,0
5811,316,1
5811,316,0
5812,317,1
5812,316,0
5813,317,1
5813,317,0
5814,318,1
5815,319,1
5815,319,0
5816,320,1
5816,320,0
5817,321,1
5818,322,1
5818,322,0
5821,325,3
5821,324,0
5822,325,1
5822,322,0
5823,318,1
5823,318,0
5823,318,0
5824,319,1
5824,318,0
5824,318,0
5825,319,1
5825,319,0
5825,319,0
5826,320,1
5826,320,0
5826,320,0
5827,321,1
5827,321,0
5828,322,1
5828,322,0
5829,322,1
5829,322,0
5830,323,1
5830,323,0
5831,324,1
5833,324,2
5833,323,0
5834,323,1
5834,323,0
5835,324,1
5835,323,0
5835,323,0
5837,325,2
5838,326,1
5840,328,2
5847,334,7
5849,336,2
5854,341,5
5854,341,0
5855,342,1
5855,341,0
5855,341,0
5856,342,1
5856,341,0
5856,341,0
5857,342,1
5857,342,0
5857,342,0
5858,343,1
5858,343,0
5858,343,0
5859,344,1
5859,341,0
5859,338,0
5860,339,1
5860,339,0
5860,339,0
5861,340,1
5861,340,0
5861,340,0
5862,341,1
5862,341,0
5863,342,1
5863,342,0
5864,342,1
5865,343,1
5865,343,0
5866,344,1
5866,344,0
5867,345,1
5868,346,1
5870,348,2
5874,352,4
5874,352,0
5875,353,1
5875,353,0
5876,353,1
5877,354,1
5878,353,1
5879,353,1
5880,353,1
5881,354,1
5885,358,4
5886,359,1
5886,358,0
5886,358,0
5887,359,1
5887,358,0
5887,358,0
5888,359,1
5888,359,0
5888,359,0
5889,360,1
5889,360,0
5889,360,0
5890,361,1
5890,360,0
5890,360,0
5891,360,1
5891,360,0
5891,360,0
5892,361,1
5892,361,0
5892,361,0
5893,362,1
5893,362,0
5893,362,0
5894,363,1
5894,361,0
5895,362,1
5895,362,0
5895,362,0
5895,362,0
5896,363,1
5896,363,0
5896,363,0
5897,364,1
5897,364,0
5898,365,1
5901,367,3
5901,360,0
5902,361,1
5902,361,0
5902,361,0
5903,362,1
5903,362,0
5903,362,0
5904,363,1
5904,363,0
5904,362,0
5905,363,1
5905,363,0
5906,364,1
5906,364,0
5906,364,0
5906,364,0
5907,365,1
5907,365,0
5907,365,0
5908,366,1
5908,366,0
5908,365,0
5909,366,1
5909,366,0
5909,366,0
5910,367,1
5910,367,0
5910,367,0
5911,368,1
5911,368,0
5911,368,0
5912,369,1
5912,369,0
5912,368,0
5913,369,1
5913,368,0
5914,369,1
5914,369,0
5914,369,0
5914,369,0
5915,370,1
5916,371,1
5916,371,0
5917,371,1
5917,371,0
5918,372,1
5918,372,0
5919,371,1
5919,371,0
5920,372,1
5920,372,0
5921,373,1
5921,372,0
5922,373,1
5923,374,1
5924,375,1
5925,376,1
5926,377,1
5927,378,1
5933,384,6
5934,385,1
5934,385,0
5935,386,1
5935,386,0
5935,385,0
5936,382,1
5936,379,0
5936,379,0
5936,379,0
5937,380,1
5937,380,0
5937,380,0
5938,381,1
5938,381,0
5938,381,0
5939,381,1
5939,381,0
5939,381,0
5940,382,1
5940,382,0
5941,383,1
5941,383,0
5941,383,0
5942,384,1
5942,384,0
5942,384,0
5943,385,1
5943,384,0
5943,384,0
5944,385,1
5944,385,0
5944,385,0
5945,386,1
5945,386,0
5945,386,0
5946,387,1
5947,388,1
5947,388,0
5948,389,1
5948,389,0
5949,389,1
5949,388,0
5950,389,1
5950,389,0
5951,390,1
5951,390,0
5952,391,1
5952,391,0
5953,392,1
5953,392,0
5957,396,4
5957,395,0
5958,396,1
5958,396,0
5958,396,0
5959,395,1
5959,395,0
5960,396,1
5960,396,0
5961,396,1
5961,396,0
5962,397,1
5962,397,0
5963,398,1
5963,398,0
5964,399,1
5964,399,0
5965,400,1
5965,400,0
5966,400,1
5966,393,0
5967,394,1
5968,395,1
5968,395,0
5969,396,1
5969,396,0
5970,397,1
5970,397,0
5971,398,1
5971,397,0
5972,398,1
5972,398,0
5973,399,1
5974,400,1
5976,402,2
5978,404,2
5979,405,1
5981,407,2
5981,407,0
5983,409,2
5983,409,0
5983,409,0
5984,409,1
5984,409,0
5984,409,0
5985,410,1
5985,410,0
5985,410,0
5986,411,1
5987,412,1
5989,414,2
5989,414,0
5990,415,1
5990,415,0
5990,414,0
5991,415,1
5991,415,0
5991,415,0
5992,416,1
5992,416,0
5992,416,0
5993,416,1
5993,416,0
5993,416,0
5994,417,1
5994,416,0
5994,416,0
5995,417,1
5995,417,0
5995,417,0
5996,418,1
5996,418,0
5997,419,1
5998,420,1
5998,420,0
5999,421,1
5999,421,0
6000,422,1
6000,421,0
6001,422,1
6001,422,0
6002,423,1
6002,423,0
6003,424,1
6003,422,0
6004,423,1
6009,428,5
6009,428,0
6010,429,1
6010,421,0
6010,421,0
6011,422,1
6011,422,0
6011,422,0
6012,423,1
6012,422,0
6012,422,0
6013,423,1
6013,423,0
6014,424,1
6014,424,0
6015,425,1
6015,424,0
6015,423,0
6016,423,1
6017,424,1
6017,424,0
6018,425,1
6018,425,0
6021,428,3
6021,428,0
6022,429,1
6022,429,0
6023,429,1
6023,429,0
6024,430,1
6024,430,0
6025,431,1
6025,431,0
6026,432,1
6026,432,0
6027,432,1
6028,433,1
6028,431,0
6029,432,1
6029,432,0
6030,433,1
6030,433,0
6031,434,1
6031,434,0
6032,435,1
6032,435,0
6033,435,1
6033,435,0
6034,436,1
6034,436,0
6035,437,1
6035,437,0
6036,438,1
6037,439,1
6037,432,0
6038,433,1
6038,433,0
6039,434,1
6040,435,1
6041,436,1
6045,440,4
6045,439,0
6046,440,1
6046,440,0
6046,440,0
6047,441,1
6047,441,0
6048,442,1
6049,443,1
6049,443,0
6050,444,1
6050,443,0
6051,444,1
6051,444,0
6052,445,1
6052,445,0
6053,446,1
6053,446,0
6054,447,1
6054,447,0
6055,448,1
6055,448,0
6056,449,1
6056,448,0
6057,449,1
6057,449,0
6058,450,1
6058,450,0
6059,451,1
6061,453,2
6061,453,0
6062,454,1
6063,446,1
6063,442,0
6064,443,1
6064,443,0
6065,444,1
6065,444,0
6066,445,1
6066,445,0
6067,446,1
6067,446,0
6068,447,1
6068,447,0
6069,447,1
6069,447,0
6070,448,1
6070,448,0
6071,449,1
6072,450,1
6072,450,0
6073,451,1
6073,451,0
6074,452,1
6074,452,0
6075,453,1
6075,452,0
6076,453,1
6077,454,1
6078,455,1
6081,458,3
6081,458,0
6082,459,1
6082,459,0
6082,459,0
6083,460,1
6083,460,0
6083,460,0
6084,461,1
6084,460,0
6084,460,0
6085,461,1
6085,461,0
6086,462,1
6086,462,0
6087,463,1
6087,463,0
6088,464,1
6088,464,0
6089,465,1
6089,465,0
6090,465,1
6090,465,0
6091,466,1
6091,466,0
6093,468,2
6094,469,1
6094,469,0
6095,470,1
6095,470,0
6096,471,1
6096,470,0
6097,471,1
6097,471,0
6098,472,1
6099,473,1
6100,474,1
6101,475,1
6102,476,1
6102,475,0
6103,476,1
6104,477,1
6109,482,5
6109,482,0
6110,483,1
6110,483,0
6110,482,0
6111,483,1
6111,483,0
6111,483,0
6112,483,1
6112,483,0
6113,484,1
6113,484,0
6113,484,0
6114,485,1
6114,485,0
6115,486,1
6115,478,0
6116,479,1
6117,480,1
6117,480,0
6118,481,1
6118,481,0
6119,481,1
6121,483,2
6121,483,0
6122,484,1
6122,484,0
6123,485,1
6123,482,0
6124,483,1
6124,483,0
6125,484,1
6125,484,0
6126,485,1
6126,485,0
6127,485,1
6127,485,0
6128,486,1
6129,487,1
6129,487,0
6130,488,1
6130,488,0
6131,489,1
6131,489,0
6132,489,1
6132,489,0
6137,494,5
6138,495,1
6138,495,0
6139,496,1
6139,496,0
6140,497,1
6140,497,0
6141,497,1
6141,497,0
6142,498,1
6143,499,1
6143,499,0
6143,499,0
6144,500,1
6145,501,1
6145,500,0
6145,500,0
6146,501,1
6147,502,1
6147,502,0
6147,502,0
6148,502,1
6148,502,0
6149,503,1
6150,503,1
6150,497,0
6151,498,1
6151,498,0
6152,499,1
6152,499,0
6153,500,1
6154,500,1
6154,500,0
6155,501,1
6155,501,0
6156,502,1
6156,502,0
6157,503,1
6157,503,0
6158,504,1
6158,503,0
6161,506,3
6162,507,1
6162,507,0
6162,507,0
6163,508,1
6163,508,0
6164,509,1
6164,509,0
6165,510,1
6165,510,0
6166,511,1
6167,511,1
6167,511,0
6168,512,1
6168,512,0
6169,513,1
6170,514,1
6171,515,1
6172,516,1
6177,521,5
6178,521,1
6178,521,0
6178,521,0
6179,522,1
6179,520,0
6179,520,0
6180,521,1
6180,521,0
6181,522,1
6181,520,0
6181,519,0
6182,519,1
6182,519,0
6182,519,0
6183,520,1
6183,520,0
6183,520,0
6183,520,0
6184,520,1
6184,519,0
6185,520,1
6189,524,4
6189,524,0
6190,525,1
6190,525,0
6191,518,1
6191,518,0
6192,519,1
6192,519,0
6193,520,1
6194,521,1
6194,521,0
6194,521,0
6195,521,1
6195,521,0
6196,522,1
6196,522,0
6197,523,1
6197,523,0
6198,524,1
6199,525,1
6199,525,0
6199,525,0
6200,526,1
6201,527,1
6201,526,0
6202,518,1
6202,517,0
6203,517,1
6203,517,0
6204,518,1
6204,518,0
6205,519,1
6205,519,0
6206,520,1
6206,520,0
6207,520,1
6207,520,0
6208,519,1
6209,520,1
6210,521,1
6211,522,1
6213,524,2
6214,525,1
6218,528,4
6218,528,0
6218,528,0
6219,529,1
6219,529,0
6219,529,0
6220,530,1
6221,531,1
6221,530,0
6222,531,1
6222,528,0
6223,528,1
6223,527,0
6224,528,1
6224,528,0
6225,529,1
6226,530,1
6226,530,0
6227,531,1
6227,531,0
6228,531,1
6228,531,0
6233,536,5
6234,537,1
6234,537,0
6234,537,0
6235,538,1
6235,538,0
6235,536,0
6235,536,0
6236,537,1
6236,537,0
6236,537,0
6237,538,1
6237,538,0
6237,538,0
6238,538,1
6238,538,0
6239,539,1
6239,539,0
6239,539,0
6240,540,1
6240,540,0
6240,540,0
6241,541,1
6241,541,0
6241,540,0
6242,531,1
6242,529,0
6243,529,1
6243,529,0
6243,528,0
6244,528,1
6245,528,1
6245,527,0
6245,527,0
6246,527,1
6247,527,1
6247,527,0
6248,528,1
6248,527,0
6249,528,1
6249,528,0
6250,528,1
6250,528,0
6251,529,1
6251,529,0
6252,529,1
6252,529,0
6253,530,1
6253,530,0
6254,529,1
6254,529,0
6255,530,1
6256,531,1
6257,532,1
6258,533,1
6258,533,0
6259,534,1
6259,533,0
6260,533,1
6260,533,0
6261,534,1
6265,538,4
6266,539,1
6266,539,0
6267,540,1
6267,540,0
6267,538,0
6268,539,1
6269,540,1
6269,540,0
6270,541,1
6270,541,0
6271,542,1
6271,540,0
6272,541,1
6272,541,0
6273,542,1
6273,540,0
6274,540,1
6274,540,0
6275,540,1
6275,539,0
6276,540,1
6276,539,0
6277,540,1
6277,540,0
6278,540,1
6278,540,0
6279,541,1
6279,541,0
6280,542,1
6280,541,0
6281,542,1
6282,543,1
6282,543,0
6282,543,0
6283,544,1
6283,543,0
6284,544,1
6286,546,2
6289,548,3
6289,548,0
6290,507,1
6290,505,0
6290,505,0
6291,505,1
6291,504,0
6291,504,0
6292,504,1
6292,503,0
6293,504,1
6293,503,0
6293,503,0
6294,503,1
6294,503,0
6295,503,1
6295,503,0
6296,503,1
6297,503,1
6297,503,0
6298,503,1
6298,503,0
6299,503,1
6299,503,0
6300,504,1
6301,505,1
6302,505,1
6303,506,1
6304,507,1
6305,508,1
6309,512,4
6310,512,1
6310,512,0
6310,512,0
6311,512,1
6311,512,0
6311,512,0
6312,513,1
6312,513,0
6312,513,0
6313,514,1
6313,514,0
6313,514,0
6314,514,1
6314,514,0
6314,514,0
6315,515,1
6315,515,0
6316,515,1
6316,515,0
6317,516,1
6317,516,0
6318,517,1
6318,517,0
6319,518,1
6319,517,0
6320,518,1
6320,518,0
6321,519,1
6321,519,0
6322,520,1
6322,519,0
6323,520,1
6325,522,2
6325,522,0
6326,523,1
6326,520,0
6327,521,1
6327,520,0
6327,520,0
6328,518,1
6329,519,1
6329,518,0
6330,519,1
6330,518,0
6331,519,1
6331,518,0
6332,518,1
6332,518,0
6333,518,1
6333,518,0
6334,518,1
6335,519,1
6336,519,1
6342,525,6
6342,524,0
6342,524,0
6343,516,1
6343,515,0
6343,515,0
6344,515,1
6344,514,0
6344,514,0
6345,514,1
6345,508,0
6346,508,1
6346,508,0
6346,508,0
6347,509,1
6347,509,0
6348,509,1
6348,509,0
6349,510,1
6349,510,0
6350,511,1
6350,511,0
6351,510,1
6351,510,0
6353,512,2
6353,512,0
6354,513,1
6354,513,0
6355,514,1
6355,514,0
6356,515,1
6357,516,1
6357,516,0
6358,517,1
6358,516,0
6359,517,1
6359,517,0
6360,518,1
6360,518,0
6361,519,1
6362,520,1
6362,520,0
6363,516,1
6363,514,0
6364,515,1
6364,515,0
6365,504,1
6365,503,0
6369,506,4
6370,507,1
6370,506,0
6371,507,1
6372,507,1
6372,507,0
6373,507,1
6373,507,0
6374,507,1
6374,506,0
6375,507,1
6375,507,0
6376,508,1
6376,508,0
6377,509,1
6378,510,1
6378,509,0
6379,510,1
6379,510,0
6380,511,1
6380,511,0
6381,512,1
6382,513,1
6382,512,0
6383,513,1
6383,513,0
6384,514,1
6384,514,0
6385,515,1
6387,516,2
6389,518,2
6390,519,1
6391,520,1
6391,520,0
6392,521,1
6392,521,0
6393,522,1
6393,522,0
6394,520,1
6394,520,0
6395,520,1
6397,522,2
6398,522,1
6398,521,0
6399,522,1
6399,522,0
6401,524,2
6401,523,0
6402,524,1
6402,524,0
6402,524,0
6403,525,1
6403,524,0
6404,525,1
6404,525,0
6405,526,1
6406,527,1
6406,526,0
6407,527,1
6408,528,1
6408,528,0
6410,530,2
6411,531,1
6411,530,0
6412,531,1
6413,532,1
6414,517,1
6415,517,1
6417,502,2
6417,502,0
6418,502,1
6418,502,0
6419,502,1
6420,503,1
6420,502,0
6421,503,1
6425,506,4
6426,507,1
6426,506,0
6426,506,0
6427,506,1
6427,506,0
6427,505,0
6428,505,1
6428,505,0
6428,505,0
6429,506,1
6429,506,0
6429,506,0
6430,506,1
6430,506,0
6431,507,1
6431,507,0
6432,508,1
6432,508,0
6433,509,1
6433,508,0
6434,509,1
6434,509,0
6435,510,1
6435,509,0
6436,510,1
6436,510,0
6437,511,1
6438,512,1
6438,511,0
6438,511,0
6439,512,1
6439,512,0
6440,513,1
6441,513,1
6441,513,0
6442,514,1
6442,514,0
6443,515,1
6443,515,0
6444,516,1
6444,515,0
6445,516,1
6446,517,1
6449,520,3
6450,505,1
6450,504,0
6450,504,0
6451,504,1
6451,504,0
6452,504,1
6452,504,0
6453,504,1
6453,504,0
6454,504,1
6454,504,0
6455,504,1
6455,504,0
6456,504,1
6456,503,0
6457,504,1
6457,498,0
6458,497,1
6458,497,0
6459,497,1
6460,497,1
6460,497,0
6461,497,1
6462,498,1
6464,499,2
6469,503,5
6470,504,1
6470,503,0
6470,503,0
6471,503,1
6471,503,0
6472,503,1
6472,503,0
6472,502,0
6473,503,1
6473,502,0
6473,502,0
6474,502,1
6474,502,0
6474,501,0
6475,502,1
6475,502,0
6475,502,0
6476,502,1
6476,502,0
6476,502,0
6477,503,1
6477,503,0
6477,502,0
6478,503,1
6478,503,0
6479,504,1
6480,504,1
6480,504,0
6481,505,1
6481,505,0
6482,506,1
6482,506,0
6485,508,3
6485,508,0
6486,509,1
6486,509,0
6487,510,1
6487,510,0
6488,511,1
6488,511,0
6489,512,1
6489,512,0
6490,513,1
6490,512,0
6491,512,1
6492,511,1
6492,510,0
6493,507,1
6493,507,0
6494,498,1
6494,497,0
6495,498,1
6495,497,0
6496,498,1
6496,497,0
6497,498,1
6497,497,0
6498,498,1
6498,497,0
6499,498,1
6500,498,1
6501,499,1
6505,502,4
6506,503,1
6506,503,0
6507,503,1
6507,503,0
6507,503,0
6507,503,0
6508,504,1
6508,495,0
6509,495,1
6509,495,0
6509,494,0
6510,494,1
6510,493,0
6511,494,1
6512,494,1
6512,491,0
6513,491,1
6513,491,0
6514,491,1
6514,490,0
6515,491,1
6515,490,0
6516,491,1
6516,490,0
6517,490,1
6517,490,0
6518,490,1
6521,493,3
6522,493,1
6522,492,0
6522,492,0
6523,492,1
6523,491,0
6523,491,0
6524,492,1
6524,491,0
6524,491,0
6525,491,1
6525,490,0
6526,491,1
6526,490,0
6527,491,1
6527,490,0
6528,491,1
6528,490,0
6529,491,1
6530,491,1
6530,491,0
6531,492,1
6531,491,0
6532,492,1
6533,493,1
6537,497,4
6538,491,1
6538,490,0
6539,491,1
6539,490,0
6539,490,0
6540,490,1
6540,489,0
6541,490,1
6541,489,0
6541,488,0
6542,489,1
6542,488,0
6542,488,0
6543,488,1
6543,487,0
6544,488,1
6544,487,0
6544,486,0
6545,487,1
6546,485,1
6546,484,0
6547,485,1
6547,484,0
6548,484,1
6548,484,0
6549,484,1
6553,487,4
6554,488,1
6554,487,0
6555,487,1
6555,487,0
6555,486,0
6556,487,1
6557,487,1
6557,487,0
6558,487,1
6558,487,0
6559,487,1
6559,487,0
6560,487,1
6560,487,0
6561,487,1
6562,488,1
6562,487,0
6563,488,1
6563,488,0
6563,488,0
6564,488,1
6564,488,0
6565,489,1
6566,490,1
6566,490,0
6567,490,1
6567,490,0
6568,490,1
6568,490,0
6569,491,1
6570,492,1
6570,491,0
6571,486,1
6572,486,1
6577,491,5
6578,491,1
6578,491,0
6579,491,1
6579,491,0
6579,490,0
6579,490,0
6580,490,1
6580,490,0
6581,490,1
6581,490,0
6581,489,0
6582,489,1
6582,489,0
6583,489,1
6583,489,0
6583,488,0
6584,489,1
6585,489,1
6585,489,0
6586,489,1
6586,489,0
6587,489,1
6587,489,0
6588,490,1
6588,489,0
6589,490,1
6589,490,0
6590,491,1
6590,491,0
6591,491,1
6591,490,0
6592,491,1
6592,490,0
6593,491,1
6593,490,0
6594,482,1
6594,481,0
6595,481,1
6596,481,1
6596,481,0
6597,481,1
6597,480,0
6598,480,1
6598,479,0
6602,483,4
6602,481,0
6603,481,1
6603,481,0
6603,480,0
6604,480,1
6605,481,1
6605,480,0
6606,480,1
6606,480,0
6607,480,1
6607,479,0
6608,479,1
6608,479,0
6609,479,1
6610,479,1
6611,480,1
6611,480,0
6612,480,1
6613,476,1
6613,475,0
6614,475,1
6614,474,0
6616,476,2
6622,481,6
6622,480,0
6623,481,1
6623,480,0
6624,480,1
6624,480,0
6624,479,0
6625,479,1
6625,479,0
6625,478,0
6626,478,1
6626,478,0
6626,477,0
6627,478,1
6627,477,0
6627,476,0
6628,477,1
6628,476,0
6629,477,1
6629,476,0
6630,477,1
6630,476,0
6631,477,1
6633,478,2
6635,480,2
6635,479,0
6636,480,1
6636,479,0
6637,480,1
6637,479,0
6638,480,1
6638,479,0
6639,480,1
6639,480,0
6640,481,1
6640,481,0
6641,479,1
6642,479,1
6644,481,2
6646,482,2
6649,484,3
6650,485,1
6650,484,0
6650,484,0
6651,484,1
6651,484,0
6651,483,0
6652,484,1
6652,483,0
6652,483,0
6653,484,1
6653,484,0
6654,485,1
6654,485,0
6655,485,1
6655,485,0
6656,486,1
6656,486,0
6657,487,1
6657,487,0
6658,487,1
6658,487,0
6659,488,1
6659,488,0
6660,489,1
6660,488,0
6661,489,1
6665,493,4
6666,494,1
6666,494,0
6667,483,1
6667,478,0
6667,477,0
6668,477,1
6668,477,0
6668,476,0
6669,476,1
6669,476,0
6669,475,0
6670,475,1
6670,475,0
6670,474,0
6671,474,1
6671,474,0
6671,473,0
6672,474,1
6672,473,0
6673,473,1
6673,473,0
6673,472,0
6674,472,1
6675,473,1
6675,473,0
6676,473,1
6676,473,0
6677,473,1
6677,473,0
6678,473,1
6678,472,0
6679,473,1
6679,472,0
6680,473,1
6680,472,0
6681,473,1
6682,473,1
6683,474,1
6685,476,2
6686,477,1
6686,477,0
6687,478,1
6688,479,1
6688,478,0
6689,479,1
6689,479,0
6690,480,1
6690,479,0
6691,480,1
6692,481,1
6697,486,5
6698,487,1
6698,486,0
6699,487,1
6699,487,0
6699,487,0
6700,488,1
6700,488,0
6700,487,0
6701,488,1
6701,488,0
6701,488,0
6702,489,1
6702,489,0
6703,490,1
6703,490,0
6703,489,0
6704,490,1
6704,490,0
6704,490,0
6705,491,1
6705,490,0
6705,490,0
6706,486,1
6706,486,0
6706,485,0
6707,486,1
6707,485,0
6708,486,1
6708,485,0
6709,486,1
6709,485,0
6710,485,1
6710,485,0
6711,485,1
6712,486,1
6712,485,0
6713,486,1
6713,485,0
6714,473,1
6714,472,0
6715,472,1
6715,471,0
6716,472,1
6716,471,0
6717,471,1
6717,470,0
6721,474,4
6722,474,1
6722,474,0
6722,473,0
6723,474,1
6724,474,1
6724,474,0
6725,474,1
6725,474,0
6726,474,1
6726,474,0
6727,474,1
6727,474,0
6728,474,1
6728,473,0
6729,474,1
6729,473,0
6730,473,1
6730,473,0
6731,473,1
6731,473,0
6732,473,1
6733,474,1
6733,473,0
6734,474,1
6734,473,0
6735,469,1
6735,467,0
6736,468,1
6736,467,0
6737,467,1
6737,467,0
6738,467,1
6739,467,1
6740,468,1
6742,469,2
6745,471,3
6746,472,1
6746,471,0
6746,471,0
6747,471,1
6747,470,0
6748,471,1
6748,470,0
6749,470,1
6749,470,0
6750,470,1
6751,471,1
6751,470,0
6752,471,1
6752,470,0
6753,471,1
6754,471,1
6754,471,0
6755,471,1
6755,471,0
6756,472,1
6756,472,0
6761,477,5
6761,476,0
6762,477,1
6762,477,0
6763,477,1
6763,477,0
6763,477,0
6764,472,1
6764,470,0
6764,470,0
6765,470,1
6765,470,0
6765,469,0
6766,470,1
6766,469,0
6766,469,0
6767,469,1
6767,469,0
6767,468,0
6768,469,1
6768,468,0
6768,468,0
6769,469,1
6769,468,0
6770,469,1
6770,469,0
6770,469,0
6771,470,1
6771,470,0
6772,470,1
6773,471,1
6773,471,0
6773,471,0
6774,472,1
6774,472,0
6775,472,1
6776,473,1
6776,473,0
6777,474,1
6777,474,0
6778,474,1
6778,473,0
6779,474,1
6779,474,0
6780,475,1
6781,475,1
6782,476,1
6782,476,0
6783,467,1
6785,468,2
6785,468,0
6786,468,1
6786,468,0
6787,468,1
6787,468,0
6788,468,1
6788,468,0
6789,468,1
6789,467,0
6790,468,1
6791,468,1
6791,464,0
6792,464,1
6792,464,0
6793,464,1
6793,464,0
6794,464,1
6794,464,0
6795,464,1
6796,465,1
6797,465,1
6798,466,1
6802,469,4
6802,469,0
6802,468,0
6803,469,1
6803,469,0
6803,469,0
6804,470,1
6804,469,0
6805,470,1
6805,470,0
6806,471,1
6806,471,0
6807,471,1
6807,471,0
6808,472,1
6808,472,0
6809,472,1
6810,473,1
6811,474,1
6813,466,2
6813,465,0
6814,465,1
6814,464,0
6814,464,0
6815,464,1
6815,462,0
6815,461,0
6816,462,1
6816,461,0
6817,461,1
6818,462,1
6818,461,0
6819,461,1
6819,461,0
6820,461,1
6820,461,0
6821,461,1
6821,461,0
6822,461,1
6823,462,1
6824,462,1
6825,463,1
6826,463,1
6826,463,0
6827,463,1
6829,465,2
6830,465,1
6830,464,0
6831,461,1
6831,460,0
6832,461,1
6833,461,1
6837,464,4
6837,463,0
6838,464,1
6838,463,0
6838,462,0
6839,463,1
6839,462,0
6839,462,0
6840,462,1
6840,462,0
6840,461,0
6841,462,1
6841,461,0
6842,462,1
6842,461,0
6842,460,0
6843,461,1
6843,460,0
6843,460,0
6844,460,1
6844,460,0
6845,461,1
6845,461,0
6845,460,0
6846,461,1
6846,461,0
6847,462,1
6847,462,0
6848,462,1
6848,462,0
6849,462,1
6849,462,0
6850,463,1
6850,463,0
6851,464,1
6852,465,1
6852,465,0
6853,466,1
6853,464,0
6854,464,1
6854,464,0
6855,464,1
6855,464,0
6856,464,1
6856,464,0
6857,464,1
6857,464,0
6858,464,1
6861,467,3
6862,468,1
6862,468,0
6863,468,1
6863,468,0
6864,467,1
6864,467,0
6865,467,1
6865,467,0
6866,467,1
6866,464,0
6867,464,1
6867,464,0
6868,464,1
6868,464,0
6869,464,1
6869,463,0
6870,463,1
6871,464,1
6871,463,0
6872,464,1
6872,463,0
6873,463,1
6873,462,0
6874,462,1
6875,462,1
6876,463,1
6878,464,2
6881,461,3
6882,453,1
6882,452,0
6883,452,1
6885,453,2
6885,452,0
6886,452,1
6886,452,0
6886,451,0
6887,451,1
6887,451,0
6887,450,0
6888,451,1
6889,451,1
6889,450,0
6890,451,1
6890,450,0
6891,451,1
6891,450,0
6892,451,1
6893,451,1
6893,451,0
6894,451,1
6894,451,0
6895,451,1
6896,451,1
6897,452,1
6901,456,4
6901,456,0
6902,456,1
6902,456,0
6903,452,1
6903,451,0
6903,450,0
6904,451,1
6904,450,0
6904,449,0
6905,450,1
6905,450,0
6905,449,0
6906,450,1
6906,449,0
6906,448,0
6907,449,1
6907,448,0
6907,448,0
6908,448,1
6908,448,0
6908,447,0
6909,448,1
6909,448,0
6910,449,1
6911,450,1
6912,450,1
6912,450,0
6913,451,1
6913,451,0
6914,451,1
6914,451,0
6914,451,0
6915,452,1
6915,452,0
6915,452,0
6916,452,1
6916,452,0
6917,453,1
6917,453,0
6918,454,1
6918,454,0
6919,455,1
6919,455,0
6920,455,1
6920,455,0
6921,443,1
6922,443,1
6922,442,0
6923,443,1
6924,443,1
6925,444,1
6926,444,1
6929,444,3
6930,444,1
6930,443,0
6930,443,0
6931,443,1
6931,442,0
6931,442,0
6932,442,1
6932,441,0
6932,441,0
6933,441,1
6933,440,0
6933,440,0
6934,441,1
6934,440,0
6934,440,0
6935,440,1
6935,440,0
6935,439,0
6936,440,1
6936,439,0
6937,440,1
6937,439,0
6938,439,1
6938,439,0
6939,439,1
6939,439,0
6940,440,1
6940,440,0
6941,441,1
6941,441,0
6942,442,1
6942,442,0
6943,442,1
6943,442,0
6944,443,1
6946,444,2
6946,444,0
6947,445,1
6947,445,0
6949,447,2
6949,447,0
6950,448,1
6950,440,0
6950,439,0
6951,440,1
6951,439,0
6952,440,1
6952,439,0
6953,440,1
6954,440,1
6954,440,0
6955,440,1
6955,440,0
6956,440,1
6956,440,0
6957,440,1
6957,440,0
6958,440,1
6961,443,3
6962,444,1
6962,444,0
6962,444,0
6963,445,1
6963,444,0
6963,438,0
6964,438,1
6964,438,0
6964,437,0
6965,438,1
6965,437,0
6966,437,1
6966,437,0
6967,437,1
6967,437,0
6968,437,1
6968,437,0
6969,438,1
6970,439,1
6970,438,0
6973,441,3
6973,441,0
6974,442,1
6974,442,0
6975,442,1
6975,442,0
6976,443,1
6976,443,0
6977,444,1
6977,443,0
6978,435,1
6978,434,0
6979,434,1
6979,434,0
6980,434,1
6980,434,0
6981,434,1
6981,434,0
6982,434,1
6983,434,1
6983,430,0
6984,430,1
6984,429,0
6985,429,1
6985,429,0
6986,429,1
6986,428,0
6987,429,1
6987,428,0
6988,429,1
6988,428,0
6993,432,5
6994,432,1
6994,432,0
6994,431,0
6994,430,0
6995,431,1
6995,430,0
6996,431,1
6996,430,0
6996,430,0
6997,430,1
6997,430,0
6998,430,1
6998,430,0
6999,430,1
6999,429,0
7000,430,1
7001,431,1
7001,431,0
7005,434,4
7005,434,0
7006,435,1
7006,435,0
7007,436,1
7007,435,0
7008,436,1
7008,436,0
7009,437,1
7009,437,0
7010,438,1
7010,437,0
7011,429,1
7011,427,0
7012,428,1
7012,427,0
7013,428,1
7013,427,0
7014,427,1
7014,427,0
7015,427,1
7015,426,0
7016,427,1
7016,426,0
7017,427,1
7017,426,0
7017,426,0
7018,426,1
7019,426,1
7019,426,0
7020,426,1
7020,426,0
7021,426,1
7021,426,0
7022,426,1
7022,426,0
7023,426,1
7023,426,0
7024,426,1
7024,426,0
7025,423,1
7025,422,0
7026,422,1
7027,423,1
7028,423,1
7029,424,1
7032,426,3
7032,426,0
7033,426,1
7034,427,1
7034,426,0
7035,427,1
7035,425,0
7036,425,1
7036,424,0
7037,425,1
7041,428,4
7041,428,0
7042,428,1
7042,428,0
7042,426,0
7043,427,1
7043,427,0
7043,427,0
7044,428,1
7044,428,0
7044,428,0
7045,429,1
7045,429,0
7045,429,0
7046,429,1
7046,429,0
7046,429,0
7047,430,1
7047,430,0
7047,430,0
7048,431,1
7048,431,0
7048,431,0
7049,432,1
7049,421,0
7050,422,1
7050,421,0
7050,421,0
7051,421,1
7051,420,0
7052,417,1
7053,418,1
7053,417,0
7054,418,1
7054,417,0
7055,418,1
7055,417,0
7056,418,1
7056,417,0
7057,418,1
7057,417,0
7061,421,4
7061,420,0
7062,421,1
7062,421,0
7063,422,1
7063,422,0
7064,423,1
7064,422,0
7065,423,1
7065,423,0
7066,424,1
7066,424,0
7067,424,1
7067,424,0
7067,424,0
7068,424,1
7069,425,1
7069,425,0
7070,426,1
7070,426,0
7071,426,1
7071,426,0
7072,427,1
7072,427,0
7073,427,1
7073,427,0
7074,428,1
7074,420,0
7075,421,1
7075,420,0
7076,421,1
7076,420,0
7077,421,1
7077,420,0
7078,421,1
7078,420,0
7079,421,1
7079,420,0
7080,421,1
7081,421,1
7082,422,1
7083,422,1
7084,412,1
7089,415,5
7090,416,1
7090,415,0
7091,416,1
7091,415,0
7091,415,0
7092,415,1
7092,415,0
7092,414,0
7092,414,0
7093,414,1
7093,414,0
7093,413,0
7094,414,1
7094,413,0
7094,412,0
7095,413,1
7095,413,0
7095,413,0
7096,414,1
7096,414,0
7096,414,0
7097,415,1
7097,414,0
7097,414,0
7101,418,4
7101,418,0
7102,419,1
7104,420,2
7104,419,0
7105,420,1
7105,419,0
7106,420,1
7106,419,0
7107,419,1
7107,419,0
7108,419,1
7108,419,0
7108,418,0
7109,419,1
7109,418,0
7110,419,1
7111,420,1
7111,420,0
7111,420,0
7112,421,1
7113,422,1
7113,421,0
7113,421,0
7114,422,1
7114,422,0
7115,418,1
7116,410,1
7116,409,0
7117,409,1
7117,408,0
7118,409,1
7118,408,0
7119,408,1
7119,408,0
7120,408,1
7120,408,0
7121,408,1
7121,408,0
7122,408,1
7125,411,3
7125,410,0
7126,411,1
7126,410,0
7127,411,1
7127,410,0
7128,407,1
7129,407,1
7129,406,0
7129,405,0
7130,405,1
7131,405,1
7131,405,0
7131,404,0
7132,405,1
7132,404,0
7133,404,1
7134,405,1
7134,404,0
7135,404,1
7135,404,0
7136,405,1
7136,404,0
7137,404,1
7137,404,0
7138,404,1
7138,404,0
7139,404,1
7140,405,1
7141,405,1
7142,406,1
7145,408,3
7145,408,0
7146,409,1
7146,408,0
7146,408,0
7147,409,1
7147,408,0
7148,409,1
7148,409,0
7148,409,0
7149,409,1
7149,409,0
7149,409,0
7150,410,1
7150,410,0
7151,411,1
7151,411,0
7152,411,1
7153,412,1
7153,412,0
7154,413,1
7154,412,0
7155,413,1
7157,415,2
7157,415,0
7158,416,1
7158,416,0
7158,416,0
7159,417,1
7159,417,0
7160,417,1
7160,413,0
7161,413,1
7161,413,0
7162,413,1
7162,413,0
7162,412,0
7163,412,1
7164,413,1
7164,412,0
7165,412,1
7165,412,0
7166,412,1
7166,412,0
7167,412,1
7167,412,0
7168,412,1
7168,412,0
7169,400,1
7169,398,0
7171,399,2
7172,400,1
7173,400,1
7174,400,1
7174,400,0
7175,400,1
7175,400,0
7177,401,2
7177,401,0
7178,401,1
7178,401,0
7178,400,0
7178,400,0
7179,400,1
7180,401,1
7180,400,0
7181,400,1
7181,400,0
7182,400,1
7182,400,0
7183,400,1
7183,397,0
7184,397,1
7184,396,0
7185,396,1
7186,397,1
7186,397,0
7187,397,1
7189,398,2
7189,398,0
7190,398,1
7190,398,0
7190,397,0
7191,398,1
7191,397,0
7191,397,0
7192,398,1
7192,397,0
7192,397,0
7193,398,1
7193,398,0
7194,399,1
7195,399,1
7195,399,0
7196,400,1
7196,400,0
7197,401,1
7197,401,0
7201,404,4
7202,405,1
7202,405,0
7203,406,1
7203,406,0
7203,405,0
7204,406,1
7205,407,1
7205,407,0
7205,407,0
7206,402,1
7207,403,1
7207,402,0
7208,403,1
7208,402,0
7209,403,1
7209,402,0
7210,403,1
7210,402,0
7211,403,1
7211,402,0
7211,402,0
7212,402,1
7213,403,1
7213,403,0
7214,404,1
7214,403,0
7215,399,1
7215,398,0
7216,399,1
7216,398,0
7217,399,1
7217,398,0
7218,399,1
7219,399,1
7221,401,2
7222,401,1
7222,401,0
7222,400,0
7223,401,1
7223,401,0
7224,402,1
7225,403,1
7225,402,0
7226,403,1
7226,403,0
7227,404,1
7227,404,0
7228,404,1
7228,403,0
7229,404,1
7229,403,0
7230,404,1
7230,404,0
7231,404,1
7231,404,0
7232,402,1
7232,402,0
7233,402,1
7234,403,1
7235,403,1
7237,393,2
7237,392,0
7238,392,1
7238,391,0
7239,392,1
7239,391,0
7240,391,1
7240,391,0
7241,391,1
7241,390,0
7242,391,1
7243,392,1
7243,391,0
7245,393,2
7245,392,0
7246,393,1
7246,392,0
7246,392,0
7247,392,1
7247,392,0
7248,392,1
7248,392,0
7249,392,1
7249,392,0
7250,388,1
7250,387,0
7251,387,1
7251,387,0
7252,387,1
7252,386,0
7253,387,1
7254,387,1
7255,388,1
7257,389,2
7257,389,0
7258,389,1
7258,389,0
7258,388,0
7259,388,1
7259,388,0
7259,387,0
7260,388,1
7260,387,0
7261,388,1
7262,389,1
7262,388,0
7263,389,1
7263,389,0
7265,391,2
7265,391,0
7266,391,1
7266,391,0
7267,392,1
7267,392,0
7268,393,1
7268,393,0
7270,395,2
7271,395,1
7272,396,1
7273,397,1
7277,401,4
7277,400,0
7278,401,1
7278,401,0
7279,402,1
7279,402,0
7279,401,0
7280,402,1
7280,402,0
7280,402,0
7280,402,0
7281,403,1
7281,403,0
7281,402,0
7282,403,1
7282,403,0
7282,403,0
7283,404,1
7283,403,0
7285,403,2
7285,402,0
7285,396,0
7286,397,1
7286,396,0
7287,396,1
7287,396,0
7288,396,1
7288,396,0
7289,396,1
7289,396,0
7290,396,1
7290,396,0
7291,397,1
7291,396,0
7292,397,1
7292,397,0
7293,398,1
7294,399,1
7297,401,3
7297,401,0
7298,402,1
7298,402,0
7299,403,1
7299,403,0
7300,404,1
7300,403,0
7301,404,1
7301,403,0
7302,393,1
7302,393,0
7303,387,1
7303,387,0
7304,387,1
7304,387,0
7305,387,1
7306,388,1
7306,387,0
7306,387,0
7307,387,1
7307,387,0
7308,387,1
7308,386,0
7309,387,1
7310,388,1
7310,388,0
7311,388,1
7311,388,0
7312,389,1
7312,389,0
7313,390,1
7313,389,0
7314,390,1
7315,391,1
7316,391,1
7321,396,5
7322,396,1
7322,396,0
7322,386,0
7323,386,1
7323,385,0
7323,385,0
7324,385,1
7324,385,0
7324,384,0
7325,385,1
7325,384,0
7326,385,1
7326,384,0
7326,384,0
7327,384,1
7327,384,0
7328,385,1
7328,384,0
7329,385,1
7329,385,0
7330,386,1
7330,386,0
7332,386,2
7332,385,0
7333,386,1
7333,383,0
7334,383,1
7334,382,0
7335,383,1
7335,382,0
7336,383,1
7336,382,0
7337,383,1
7337,382,0
7338,383,1
7338,382,0
7339,383,1
7339,382,0
7340,383,1
7340,383,0
7341,383,1
7341,383,0
7345,387,4
7345,387,0
7346,381,1
7346,380,0
7347,381,1
7348,381,1
7348,381,0
7348,380,0
7349,380,1
7350,381,1
7350,380,0
7350,377,0
7351,377,1
7351,376,0
7352,376,1
7353,377,1
7353,376,0
7353,375,0
7354,376,1
7355,376,1
7355,375,0
7355,375,0
7356,375,1
7357,376,1
7357,375,0
7358,376,1
7358,375,0
7359,376,1
7359,375,0
7360,376,1
7360,375,0
7361,376,1
7361,375,0
7362,376,1
7362,375,0
7363,376,1
7364,376,1
7365,377,1
7367,379,2
7369,381,2
7370,381,1
7370,381,0
7370,381,0
7371,376,1
7371,374,0
7371,374,0
7372,374,1
7373,374,1
7373,374,0
7374,374,1
7374,374,0
7375,374,1
7375,370,0
7376,370,1
7377,370,1
7378,371,1
7378,370,0
7379,371,1
7379,370,0
7380,370,1
7380,369,0
7381,370,1
7381,369,0
7386,373,5
7386,372,0
7387,373,1
7387,372,0
7388,373,1
7388,372,0
7389,372,1
7389,371,0
7390,372,1
7390,371,0
7391,372,1
7391,371,0
7392,372,1
7393,372,1
7393,372,0
7393,371,0
7394,372,1
7395,372,1
7396,373,1
7397,373,1
7398,374,1
7401,376,3
7402,377,1
7403,377,1
7403,377,0
7404,378,1
7405,378,1
7405,378,0
7406,379,1
7407,380,1
7407,380,0
7408,380,1
7409,381,1
7409,381,0
7410,382,1
7411,383,1
7411,383,0
7412,384,1
7412,383,0
7413,384,1
7413,384,0
7414,385,1
7414,385,0
7415,386,1
7415,385,0
7416,386,1
7416,386,0
7417,387,1
7418,387,1
7419,387,1
7420,387,1
7425,392,5
7426,392,1
7426,392,0
7426,391,0
7427,392,1
7427,391,0
7427,391,0
7428,379,1
7428,377,0
7428,377,0
7429,377,1
7429,376,0
7429,376,0
7430,376,1
7430,375,0
7430,375,0
7431,375,1
7432,375,1
7432,375,0
7432,371,0
7433,371,1
7433,370,0
7433,370,0
7434,370,1
7434,370,0
7435,370,1
7435,369,0
7436,370,1
7437,370,1
7437,369,0
7438,370,1
7438,369,0
7439,369,1
7439,369,0
7440,369,1
7440,368,0
7441,369,1
7441,368,0
7442,368,1
7442,368,0
7443,368,1
7443,368,0
7444,368,1
7445,369,1
7445,368,0
7446,369,1
7446,368,0
7449,371,3
7450,371,1
7450,371,0
7451,371,1
7451,371,0
7452,372,1
7452,371,0
7453,372,1
7454,373,1
7454,373,0
7454,373,0
7455,373,1
7455,373,0
7456,374,1
7456,374,0
7457,375,1
7458,375,1
7458,375,0
7459,376,1
7459,376,0
7460,377,1
7460,377,0
7461,377,1
7461,377,0
7462,378,1
7463,379,1
7464,380,1
7465,381,1
7469,385,4
7470,385,1
7470,369,0
7471,369,1
7471,368,0
7472,368,1
7472,367,0
7473,368,1
7473,367,0
7473,366,0
7474,367,1
7474,366,0
7475,366,1
7475,365,0
7476,366,1
7476,365,0
7477,365,1
7477,365,0
7478,365,1
7478,364,0
7479,365,1
7479,364,0
7480,365,1
7480,364,0
7481,365,1
7482,365,1
7483,366,1
7483,365,0
7484,366,1
7484,365,0
7485,366,1
7485,365,0
7486,366,1
7486,365,0
7487,366,1
7487,365,0
7488,362,1
7488,361,0
7489,361,1
7489,361,0
7493,364,4
7493,363,0
7494,364,1
7494,363,0
7495,363,1
7495,363,0
7495,362,0
7496,363,1
7497,363,1
7497,363,0
7497,362,0
7498,363,1
7498,362,0
7499,363,1
7500,363,1
7500,363,0
7501,363,1
7501,363,0
7502,364,1
7502,363,0
7503,364,1
7503,364,0
7504,365,1
7504,365,0
7505,365,1
7505,365,0
7506,366,1
7506,366,0
7507,367,1
7509,368,2
7510,369,1
7511,370,1
7514,373,3
7514,372,0
7515,373,1
7515,373,0
7516,367,1
7516,366,0
7517,366,1
7517,366,0
7518,366,1
7519,367,1
7519,366,0
7520,367,1
7520,366,0
7525,371,5
7525,366,0
7526,366,1
7526,366,0
7526,365,0
7527,365,1
7527,365,0
7527,364,0
7528,365,1
7528,364,0
7528,364,0
7528,363,0
7529,364,1
7529,363,0
7529,363,0
7530,363,1
7530,363,0
7531,363,1
7531,363,0
7531,362,0
7532,363,1
7532,362,0
7533,363,1
7533,363,0
7534,364,1
7534,364,0
7535,364,1
7535,364,0
7536,365,1
7536,365,0
7537,366,1
7537,365,0
7538,366,1
7538,365,0
7539,366,1
7541,367,2
7541,367,0
7542,367,1
7542,363,0
7543,364,1
7543,363,0
7544,364,1
7544,363,0
7545,364,1
7545,363,0
7546,364,1
7546,363,0
7547,364,1
7547,363,0
7548,363,1
7548,363,0
7549,363,1
7550,364,1
7550,358,0
7551,358,1
7553,360,2
7553,359,0
7554,360,1
7554,359,0
7555,360,1
7555,359,0
7556,360,1
7556,359,0
7557,356,1
7557,355,0
7558,355,1
7558,354,0
7559,355,1
7559,354,0
7560,354,1
7560,354,0
7561,354,1
7562,354,1
7563,355,1
7565,356,2
7566,356,1
7569,359,3
7569,358,0
7570,358,1
7570,358,0
7570,357,0
7571,358,1
7571,357,0
7571,357,0
7572,357,1
7572,357,0
7572,356,0
7573,357,1
7573,356,0
7574,356,1
7574,356,0
7575,354,1
7576,354,1
7576,353,0
7577,353,1
7578,354,1
7578,353,0
7581,355,3
7581,355,0
7582,356,1
7582,355,0
7582,355,0
7583,355,1
7583,355,0
7583,354,0
7584,355,1
7584,354,0
7584,354,0
7585,354,1
7585,353,0
7586,354,1
7586,353,0
7587,354,1
7587,354,0
7588,355,1
7588,354,0
7589,355,1
7589,355,0
7590,356,1
7591,357,1
7591,357,0
7591,356,0
7592,354,1
7593,355,1
7594,355,1
7596,357,2
7597,357,1
7601,361,4
7602,361,1
7602,360,0
7602,360,0
7604,361,2
7604,357,0
7604,357,0
7605,357,1
7605,357,0
7605,356,0
7606,357,1
7606,356,0
7606,356,0
7607,356,1
7607,356,0
7607,355,0
7608,356,1
7608,355,0
7609,356,1
7609,356,0
7609,355,0
7610,356,1
7610,356,0
7610,356,0
7611,356,1
7611,356,0
7611,352,0
7613,353,2
7613,353,0
7614,353,1
7614,352,0
7614,352,0
7615,352,1
7615,349,0
7617,351,2
7617,350,0
7618,350,1
7618,350,0
7619,349,1
7619,349,0
7620,350,1
7620,349,0
7621,350,1
7625,354,4
7625,354,0
7626,355,1
7627,355,1
7627,355,0
7628,356,1
7628,356,0
7629,357,1
7630,358,1
7630,358,0
7631,359,1
7631,347,0
7632,346,1
7632,346,0
7633,346,1
7633,345,0
7634,346,1
7635,346,1
7636,346,1
7636,346,0
7637,346,1
7638,347,1
7639,348,1
7641,349,2
7647,354,6
7648,355,1
7648,351,0
7648,350,0
7649,350,1
7649,350,0
7649,349,0
7650,349,1
7650,349,0
7650,348,0
7651,348,1
7651,348,0
7651,347,0
7652,347,1
7652,347,0
7652,346,0
7653,346,1
7653,346,0
7654,346,1
7654,346,0
7654,345,0
7654,345,0
7655,345,1
7655,345,0
7655,344,0
7656,345,1
7656,344,0
7656,344,0
7657,344,1
7657,344,0
7657,344,0
7658,344,1
7658,344,0
7658,344,0
7659,345,1
7659,345,0
7659,344,0
7660,345,1
7660,345,0
7660,345,0
7661,345,1
7661,345,0
7661,345,0
7662,346,1
7662,346,0
7662,345,0
7665,339,3
7665,338,0
7666,338,1
7666,338,0
7666,337,0
7667,337,1
7667,337,0
7667,335,0
7668,336,1
7668,335,0
7668,334,0
7669,335,1
7669,334,0
7669,333,0
7670,333,1
7670,333,0
7670,332,0
7671,333,1
7671,332,0
7671,332,0
7672,332,1
7672,332,0
7672,331,0
7673,328,1
7673,327,0
7673,327,0
7674,327,1
7674,326,0
7674,325,0
7675,326,1
7679,329,4
7679,328,0
7680,329,1
7680,328,0
7680,328,0
7681,328,1
7681,327,0
7681,327,0
7682,327,1
7682,326,0
7682,326,0
7683,326,1
7683,326,0
7683,325,0
7684,326,1
7684,325,0
7684,325,0
7685,325,1
7685,325,0
7685,324,0
7693,332,8
7695,333,2
7696,334,1
7696,333,0
7697,334,1
7698,335,1
7698,335,0
7699,336,1
7699,336,0
7699,335,0
7700,336,1
7700,336,0
7700,336,0
7700,336,0
7701,336,1
7701,336,0
7701,336,0
7702,336,1
7702,336,0
7703,337,1
7703,337,0
7703,337,0
7703,337,0
7704,337,1
7704,333,0
7705,333,1
7705,333,0
7705,332,0
7706,333,1
7706,332,0
7706,332,0
7707,332,1
7707,332,0
7707,330,0
7708,331,1
7708,330,0
7708,330,0
7709,330,1
7709,330,0
7710,330,1
7710,330,0
7711,330,1
7711,330,0
7711,329,0
7712,320,1
7712,318,0
7713,319,1
7717,322,4
7718,322,1
7718,321,0
7718,316,0
7719,315,1
7719,314,0
7719,313,0
7720,313,1
7720,312,0
7720,312,0
7721,311,1
7721,311,0
7721,310,0
7721,310,0
7722,310,1
7722,310,0
7722,309,0
7723,310,1
7723,309,0
7724,309,1
7724,309,0
7724,308,0
7725,309,1
7725,308,0
7725,308,0
7726,309,1
7726,309,0
7726,309,0
7727,309,1
7727,309,0
7727,309,0
7728,310,1
7728,310,0
7728,309,0
7729,310,1
7729,310,0
7729,310,0
7730,311,1
7730,311,0
7730,310,0
7731,311,1
7731,311,0
7732,311,1
7732,301,0
7732,298,0
7733,299,1
7733,298,0
7733,297,0
7734,297,1
7734,297,0
7734,296,0
7737,298,3
7737,298,0
7738,298,1
7738,298,0
7742,301,4
7742,301,0
7743,301,1
7743,301,0
7743,300,0
7744,300,1
7744,300,0
7744,299,0
7744,299,0
7745,299,1
7745,296,0
7746,296,1
7746,295,0
7746,294,0
7747,295,1
7747,294,0
7747,294,0
7748,294,1
7748,293,0
7748,293,0
7748,292,0
7749,293,1
7749,292,0
7749,292,0
7750,292,1
7750,292,0
7750,291,0
7751,292,1
7751,291,0
7751,291,0
7752,291,1
7752,291,0
7752,290,0
7753,291,1
7753,291,0
7754,292,1
7754,292,0
7754,291,0
7755,292,1
7755,292,0
7755,292,0
7756,292,1
7756,292,0
7756,292,0
7757,293,1
7757,293,0
7757,293,0
7758,294,1
7758,293,0
7761,296,3
7761,296,0
7762,297,1
7762,286,0
7762,285,0
7763,285,1
7763,285,0
7763,284,0
7764,285,1
7764,284,0
7764,283,0
7765,283,1
7765,282,0
7765,282,0
7766,282,1
7766,282,0
7766,281,0
7767,282,1
7767,281,0
7767,280,0
7768,281,1
7768,280,0
7768,280,0
7769,280,1
7769,280,0
7769,279,0
7770,280,1
7770,280,0
7770,276,0
7771,276,1
7771,275,0
7771,275,0
7771,274,0
7772,274,1
7772,274,0
7773,274,1
7773,274,0
7777,277,4
7777,277,0
7778,277,1
7778,277,0
7778,276,0
7779,277,1
7779,276,0
7779,276,0
7780,276,1
7780,276,0
7780,275,0
7781,276,1
7781,275,0
7781,275,0
7781,275,0
7782,276,1
7782,275,0
7782,275,0
7783,276,1
7783,276,0
7784,276,1
7784,276,0
7784,276,0
7785,277,1
7785,277,0
7785,277,0
7786,277,1
7786,277,0
7786,276,0
7786,276,0
7787,277,1
7787,277,0
7787,276,0
7788,277,1
7788,277,0
7788,277,0
7789,276,1
7789,275,0
7789,275,0
7790,275,1
7790,274,0
7790,274,0
7791,274,1
7791,274,0
7791,273,0
7792,274,1
7792,273,0
7793,274,1
7797,277,4
7798,278,1
7798,266,0
7798,266,0
7799,266,1
7799,265,0
7799,264,0
7800,265,1
7800,264,0
7800,264,0
7800,263,0
7801,263,1
7801,263,0
7801,262,0
7802,261,1
7802,260,0
7802,260,0
7803,260,1
7803,259,0
7804,260,1
7804,260,0
7804,259,0
7804,259,0
7805,259,1
7805,259,0
7805,258,0
7806,259,1
7806,258,0
7806,258,0
7807,258,1
7807,257,0
7807,257,0
7808,257,1
7808,257,0
7808,257,0
7809,255,1
7809,254,0
7809,254,0
7810,254,1
7810,254,0
7810,253,0
7811,254,1
7811,253,0
7811,253,0
7813,254,2
7813,254,0
7814,254,1
7814,254,0
7814,253,0
7815,254,1
7815,254,0
7815,254,0
7816,255,1
7816,254,0
7816,254,0
7817,255,1
7817,255,0
7817,255,0
7818,256,1
7818,255,0
7818,255,0
7818,255,0
7821,258,3
7821,257,0
7822,258,1
7822,258,0
7822,258,0
7823,259,1
7823,259,0
7823,258,0
7824,259,1
7824,259,0
7824,259,0
7825,260,1
7825,260,0
7825,259,0
7826,252,1
7826,252,0
7826,251,0
7827,251,1
7827,251,0
7827,250,0
7828,250,1
7828,244,0
7828,243,0
7829,243,1
7829,243,0
7829,242,0
7830,243,1
7830,242,0
7830,241,0
7833,244,3
7833,243,0
7833,243,0
7834,243,1
7834,243,0
7834,242,0
7835,243,1
7835,243,0
7835,243,0
7836,244,1
7836,243,0
7836,243,0
7837,244,1
7837,244,0
7837,244,0
7838,244,1
7838,244,0
7838,244,0
7838,244,0
7839,245,1
7839,244,0
7839,244,0
7840,245,1
7840,245,0
7841,246,1
7841,245,0
7841,245,0
7841,245,0
7842,246,1
7842,246,0
7842,246,0
7843,247,1
7843,247,0
7843,247,0
7844,247,1
7844,247,0
7844,246,0
7845,247,1
7845,234,0
7845,232,0
7846,232,1
7846,231,0
7846,229,0
7846,229,0
7847,230,1
7847,229,0
7847,229,0
7848,229,1
7848,229,0
7849,229,1
7849,229,0
7849,228,0
7850,229,1
7850,229,0
7850,224,0
7850,223,0
7851,223,1
7851,222,0
7851,221,0
7852,222,1
7852,221,0
7852,220,0
7853,221,1
7853,220,0
7853,220,0
7854,220,1
7854,219,0
7854,219,0
7855,219,1
7855,219,0
7855,218,0
7856,218,1
7856,218,0
7856,218,0
7856,217,0
7857,218,1
7857,218,0
7857,218,0
7858,219,1
