time (ms),latency (ms),consume (ms)
0,6,0
7,2,7
14,2,7
20,1,6
27,2,7
34,1,7
41,1,7
47,1,6
54,2,7
60,1,6
67,1,7
73,1,6
79,1,6
89,4,10
96,2,7
103,1,7
111,1,8
119,1,8
129,4,10
138,2,9
145,1,7
153,2,8
160,1,7
168,2,8
176,1,8
186,2,10
194,2,8
202,2,8
210,2,8
219,1,9
227,2,8
234,1,7
242,1,8
251,2,9
258,2,7
265,1,7
273,2,8
280,2,7
288,2,8
295,1,7
303,2,8
310,1,7
317,1,7
325,2,8
332,1,7
340,2,8
348,1,8
356,2,8
365,2,9
373,2,8
380,1,7
388,2,8
395,1,7
402,1,7
411,3,9
418,1,7
426,2,8
434,2,8
441,1,7
449,2,8
456,1,7
464,1,8
472,2,8
481,2,9
488,1,7
495,1,7
502,1,7
510,2,8
518,1,8
526,2,8
534,2,8
542,2,8
549,1,7
557,2,8
565,1,8
572,1,7
580,2,8
588,2,8
598,2,10
609,5,11
618,2,9
628,4,10
637,2,9
649,3,12
658,3,9
666,3,8
674,1,8
682,2,8
690,2,8
698,2,8
706,2,8
715,3,9
724,1,9
732,1,8
739,1,7
749,3,10
757,2,8
764,1,7
772,2,8
779,2,7
785,1,6
792,1,7
800,2,8
807,1,7
814,1,7
821,1,7
829,1,8
837,2,8
844,1,7
852,2,8
859,2,7
871,6,12
879,2,8
886,2,7
896,1,10
905,2,9
913,2,8
920,1,7
928,2,8
936,1,8
944,1,8
952,2,8
960,2,8
968,2,8
981,5,13
990,3,9
1002,3,12
1013,3,11
1022,2,9
1031,3,9
1039,2,8
1047,1,8
1056,2,9
1064,2,8
1072,2,8
1080,2,8
1087,1,7
1096,2,9
1104,2,8
1135,21,31
1136,16,1
1139,14,3
1140,10,1
1141,5,1
1144,1,3
1151,1,7
1159,2,8
1166,1,7
1173,1,7
1180,1,7
1187,1,7
1196,2,9
1203,1,7
1211,2,8
1219,2,8
1226,2,7
1234,2,8
1241,1,7
1253,2,12
1261,1,8
1269,2,8
1277,2,8
1284,1,7
1291,1,7
1298,1,7
1305,2,7
1311,1,6
1319,1,8
1326,1,7
1335,1,9
1343,2,8
1351,2,8
1359,2,8
1366,1,7
1374,2,8
1381,1,7
1389,2,8
1396,2,7
1403,1,7
1411,1,8
1418,1,7
1425,2,7
1432,1,7
1440,2,8
1448,1,8
1456,2,8
1464,3,8
1471,1,7
1479,1,8
1487,2,8
1497,2,10
1514,3,17
1524,1,10
1531,1,7
1538,1,7
1545,1,7
1552,1,7
1559,1,7
1566,1,7
1573,1,7
1580,2,7
1587,1,7
1595,2,8
1604,2,9
1611,1,7
1619,1,8
1627,2,8
1634,1,7
1642,2,8
1649,1,7
1656,1,7
1664,2,8
1671,1,7
1678,1,7
1685,1,7
1692,1,7
1699,1,7
1722,17,23
1723,8,1
1724,3,1
1728,1,4
1735,2,7
1746,6,11
1748,1,2
1755,2,7
1761,1,6
1768,1,7
1774,1,6
1780,1,6
1787,1,7
1793,1,6
1800,1,7
1807,2,7
1813,1,6
1820,2,7
1829,4,9
1837,3,8
1844,2,7
1850,1,6
1857,2,7
1863,1,6
1871,2,8
1879,3,8
1888,3,9
1896,1,8
1906,3,10
1915,2,9
1922,1,7
1930,2,8
1940,4,10
1947,1,7
1956,2,9
1966,4,10
1974,2,8
1981,2,7
1990,2,9
1997,1,7
2004,1,7
2012,2,8
2019,1,7
2026,1,7
2033,1,7
2042,3,9
2050,2,8
2057,1,7
2064,1,7
2072,1,8
2079,1,7
2087,2,8
2100,1,13
2105,1,5
2111,1,6
2116,1,5
2121,1,5
2127,1,6
2132,1,5
2137,1,5
2142,0,5
2148,1,6
2153,1,5
2158,1,5
2163,1,5
2168,0,5
2173,0,5
2179,1,6
2184,1,5
2189,0,5
2194,0,5
2200,1,6
2205,1,5
2210,1,5
2215,0,5
2220,0,5
2226,1,6
2231,1,5
2236,0,5
2246,5,10
2247,1,1
2254,1,7
2260,0,6
2268,2,8
2274,0,6
2280,0,6
2287,1,7
2293,1,6
2299,1,6
2305,0,6
2312,1,7
2318,1,6
2325,1,7
2331,1,6
2338,1,7
2344,1,6
2351,1,7
2358,1,7
2365,1,7
2372,1,7
2379,1,7
2386,2,7
2397,1,11
2404,1,7
2410,1,6
2416,1,6
2423,1,7
2430,2,7
2440,1,10
2446,1,6
2453,1,7
2463,4,10
2469,1,6
2475,1,6
2481,0,6
2488,1,7
2494,0,6
2501,1,7
2508,1,7
2514,1,6
2521,1,7
2528,1,7
2534,1,6
2540,0,6
2547,1,7
2553,1,6
2560,1,7
2567,1,7
2573,1,6
2580,1,7
2587,1,7
2593,1,6
2600,1,7
2606,1,6
2613,1,7
2619,1,6
2625,1,6
2631,1,6
2637,1,6
2643,1,6
2649,1,6
2655,1,6
2661,1,6
2667,1,6
2673,0,6
2680,1,7
2686,1,6
2692,1,6
2698,0,6
2705,1,7
2711,1,6
2717,1,6
2723,1,6
2730,2,7
2736,1,6
2742,1,6
2748,1,6
2754,1,6
2760,0,6
2770,1,10
2778,2,8
2784,1,6
2794,4,10
2801,1,7
2807,1,6
2813,1,6
2840,6,27
2854,3,14
2860,1,6
2866,1,6
2872,1,6
2878,0,6
2884,0,6
2891,1,7
2897,1,6
2903,0,6
2909,0,6
2916,1,7
2922,1,6
2928,1,6
2934,0,6
2940,1,6
2946,1,6
2952,1,6
2958,1,6
2964,1,6
2969,0,5
2975,0,6
2981,0,6
2988,1,7
2994,1,6
3000,1,6
3006,1,6
3012,1,6
3018,1,6
3023,0,5
3029,0,6
3035,0,6
3041,0,6
3047,0,6
3053,0,6
3059,1,6
3065,1,6
3071,1,6
3077,1,6
3083,1,6
3090,1,7
3096,1,6
3102,0,6
3108,0,6
3114,0,6
3121,1,7
3126,0,5
3132,0,6
3138,0,6
3144,0,6
3150,1,6
3156,1,6
3162,1,6
3168,1,6
3174,1,6
3180,1,6
3186,1,6
3192,1,6
3197,0,5
3203,0,6
3209,0,6
3216,1,7
3222,1,6
3229,1,7
3235,1,6
3242,1,7
3248,1,6
3255,1,7
3262,2,7
3268,1,6
3274,1,6
3281,1,7
3287,1,6
3294,1,7
3300,1,6
3306,1,6
3312,1,6
3318,0,6
3324,0,6
3331,1,7
3337,1,6
3343,1,6
3350,1,7
3356,1,6
3362,1,6
3368,1,6
3376,2,8
3383,1,7
3391,2,8
3399,2,8
3407,2,8
3414,1,7
3420,1,6
3426,1,6
3432,1,6
3438,1,6
3443,0,5
3449,0,6
3456,1,7
3462,1,6
3468,1,6
3478,5,10
3484,1,6
3490,1,6
3496,1,6
3502,0,6
3509,1,7
3515,1,6
3521,1,6
3527,1,6
3533,0,6
3540,1,7
3547,2,7
3554,1,7
3560,1,6
3566,0,6
3573,1,7
3579,1,6
3585,1,6
3592,1,7
3599,1,7
3607,2,8
3619,1,12
3630,5,11
3638,2,8
3645,2,7
3652,1,7
3660,2,8
3668,1,8
3675,1,7
3682,1,7
3690,2,8
3697,2,7
3703,1,6
3711,2,8
3718,1,7
3725,1,7
3733,2,8
3741,2,8
3748,1,7
3756,1,8
3768,6,12
3776,2,8
3784,1,8
3792,1,8
3799,1,7
3807,1,8
3814,1,7
3822,2,8
3830,2,8
3837,2,7
3844,1,7
3851,2,7
3858,2,7
3864,1,6
3871,1,7
3878,1,7
3885,1,7
3892,1,7
3902,4,10
3911,1,9
3918,1,7
3925,1,7
3931,1,6
3938,1,7
3945,1,7
3952,1,7
3959,2,7
3967,1,8
3974,1,7
3982,2,8
3989,1,7
3999,2,10
4006,2,7
4013,1,7
4021,2,8
4028,1,7
4036,1,8
4044,2,8
4052,2,8
4059,1,7
4067,2,8
4075,2,8
4084,2,9
4092,2,8
4100,2,8
4108,2,8
4115,1,7
4122,1,7
4129,1,7
4137,2,8
4145,2,8
4152,1,7
4160,2,8
4168,1,8
4175,1,7
4182,1,7
4189,1,7
4197,2,8
4206,2,9
4214,2,8
4222,1,8
4230,2,8
4238,2,8
4245,1,7
4253,1,8
4263,2,10
4271,2,8
4283,6,12
4291,2,8
4299,2,8
4312,7,13
4319,2,7
4331,3,12
4342,6,11
4349,2,7
4357,2,8
4366,3,9
4374,2,8
4382,2,8
4390,2,8
4398,2,8
4406,2,8
4414,2,8
4421,1,7
4429,2,8
4436,1,7
4444,2,8
4451,2,7
4458,2,7
4466,2,8
4473,1,7
4480,1,7
4487,1,7
4494,1,7
4502,2,8
4509,1,7
4516,1,7
4526,4,10
4536,1,10
4544,2,8
4551,1,7
4559,2,8
4566,2,7
4576,4,10
4584,2,8
4591,1,7
4598,1,7
4605,1,7
4612,1,7
4619,1,7
4625,1,6
4631,0,6
4638,1,7
4644,1,6
4651,1,7
4662,1,11
4670,1,8
4677,1,7
4683,1,6
4689,0,6
4696,1,7
4702,1,6
4708,0,6
4714,1,6
4720,1,6
4726,1,6
4732,0,6
4738,0,6
4744,0,6
4750,1,6
4756,0,6
4763,1,7
4769,1,6
4776,1,7
4782,1,6
4789,1,7
4795,1,6
4801,1,6
4808,1,7
4815,1,7
4821,1,6
4835,6,14
4841,1,6
4847,1,6
4854,1,7
4861,1,7
4867,0,6
4874,1,7
4880,1,6
4886,1,6
4893,1,7
4899,1,6
4905,1,6
4911,0,6
4917,0,6
4923,0,6
4930,1,7
4936,1,6
4942,1,6
4948,1,6
4954,1,6
4960,1,6
4966,1,6
4972,0,6
4979,1,7
4985,1,6
4992,1,7
4998,1,6
5004,0,6
5011,1,7
5017,1,6
5023,1,6
5029,1,6
5035,1,6
5041,1,6
5047,1,6
5053,1,6
5062,4,9
5069,1,7
5075,1,6
5081,0,6
5087,0,6
5093,0,6
5099,0,6
5105,0,6
5111,0,6
5117,0,6
5123,0,6
5129,0,6
5136,1,7
5142,1,6
5148,1,6
5153,0,5
5159,0,6
5165,0,6
5171,0,6
5177,0,6
5184,1,7
5190,1,6
5196,1,6
5202,1,6
5208,1,6
5213,0,5
5220,1,7
5226,1,6
5231,0,5
5237,0,6
5243,0,6
5249,0,6
5255,1,6
5261,1,6
5267,1,6
5273,1,6
5279,1,6
5285,1,6
5291,1,6
5296,0,5
5302,0,6
5308,0,6
5314,0,6
5320,0,6
5326,0,6
5332,1,6
5338,0,6
5344,1,6
5350,1,6
5356,1,6
5362,1,6
5368,1,6
5374,1,6
5380,1,6
5386,1,6
5392,1,6
5398,1,6
5404,0,6
5410,0,6
5416,1,6
5422,1,6
5428,1,6
5434,1,6
5440,1,6
5446,0,6
5452,0,6
5459,1,7
5467,1,8
5473,1,6
5479,1,6
5485,0,6
5492,1,7
5498,1,6
5504,1,6
5510,1,6
5515,0,5
5521,0,6
5527,0,6
5533,0,6
5539,0,6
5545,1,6
5551,1,6
5557,0,6
5563,1,6
5569,1,6
5575,1,6
5580,0,5
5586,0,6
5592,0,6
5598,0,6
5605,1,7
5612,1,7
5618,1,6
5624,0,6
5630,0,6
5636,0,6
5642,0,6
5648,0,6
5654,0,6
5660,1,6
5666,1,6
5672,1,6
5678,1,6
5687,0,9
5693,0,6
5699,0,6
5705,0,6
5711,0,6
5717,0,6
5723,0,6
5729,0,6
5736,1,7
5742,1,6
5748,1,6
5754,1,6
5760,1,6
5765,0,5
5771,0,6
5777,0,6
5783,0,6
5790,1,7
5796,1,6
5803,1,7
5809,1,6
5815,1,6
5821,1,6
5827,1,6
5833,1,6
5839,1,6
5845,1,6
5851,1,6
5857,1,6
5863,1,6
5869,1,6
5874,0,5
5880,0,6
5886,1,6
5892,1,6
5898,1,6
5905,1,7
5911,1,6
5917,1,6
5923,1,6
5928,0,5
5934,0,6
5940,0,6
5946,0,6
5952,0,6
5958,1,6
5964,1,6
5969,0,5
5976,1,7
5982,1,6
5988,1,6
5994,1,6
6000,1,6
6006,1,6
6012,1,6
6018,1,6
6024,1,6
6030,1,6
6036,1,6
6042,1,6
6048,1,6
6053,0,5
6060,1,7
6065,0,5
6071,0,6
6077,0,6
6084,1,7
6090,1,6
6096,0,6
6102,0,6
6109,1,7
6115,1,6
6121,0,6
6127,0,6
6133,0,6
6143,4,10
6144,0,1
6154,5,10
6161,1,7
6166,0,5
6172,0,6
6179,1,7
6185,1,6
6190,0,5
6196,0,6
6202,0,6
6209,0,7
6216,1,7
6222,1,6
6229,1,7
6235,1,6
6241,1,6
6246,0,5
6252,0,6
6259,1,7
6265,1,6
6271,1,6
6277,1,6
6287,0,10
6293,0,6
6299,0,6
6305,0,6
6311,1,6
6317,1,6
6323,1,6
6329,1,6
6335,1,6
6340,0,5
6346,0,6
6352,0,6
6358,1,6
6364,1,6
6370,1,6
6376,1,6
6382,1,6
6387,0,5
6393,0,6
6399,0,6
6405,0,6
6411,1,6
6417,1,6
6423,1,6
6428,0,5
6434,0,6
6443,2,9
6452,1,9
6458,1,6
6464,1,6
6470,1,6
6476,1,6
6482,1,6
6487,0,5
6493,0,6
6499,1,6
6505,1,6
6511,1,6
6517,1,6
6522,0,5
6528,0,6
6534,0,6
6540,1,6
6546,1,6
6551,0,5
6557,0,6
6563,0,6
6569,1,6
6575,1,6
6581,1,6
6586,0,5
6592,0,6
6598,0,6
6604,1,6
6610,1,6
6616,1,6
6622,1,6
6628,1,6
6634,1,6
6639,0,5
6645,0,6
6651,0,6
6657,1,6
6664,2,7
6670,1,6
6675,0,5
6681,0,6
6687,0,6
6693,1,6
6699,1,6
6705,1,6
6711,1,6
6716,0,5
6722,0,6
6728,0,6
6739,0,11
6745,0,6
6751,1,6
6757,1,6
6763,1,6
6769,1,6
6775,1,6
6781,1,6
6786,0,5
6792,0,6
6801,2,9
6808,1,7
6816,2,8
6823,1,7
6831,2,8
6838,2,7
6845,1,7
6852,2,7
6859,1,7
6867,2,8
6874,2,7
6880,1,6
6886,1,6
6891,0,5
6897,0,6
6903,0,6
6909,0,6
6916,1,7
6922,1,6
6928,0,6
6934,0,6
6940,1,6
6946,1,6
6952,1,6
6957,0,5
6963,0,6
6969,0,6
6975,0,6
6981,1,6
6987,1,6
6992,0,5
6998,0,6
7006,2,8
7016,1,10
7023,2,7
7030,1,7
7037,1,7
7045,2,8
7052,1,7
7059,1,7
7066,1,7
7073,1,7
7080,1,7
7087,2,7
7093,1,6
7100,1,7
7108,1,8
7115,1,7
7122,1,7
7130,2,8
7139,3,9
7146,1,7
7154,2,8
7161,1,7
7168,1,7
7174,1,6
7182,1,8
7188,0,6
7195,1,7
7201,1,6
7207,0,6
7216,1,9
7222,0,6
7228,0,6
7234,0,6
7240,0,6
7250,1,10
7256,1,6
7263,1,7
7270,1,7
7276,0,6
7282,0,6
7289,1,7
7295,1,6
7301,1,6
7307,1,6
7313,0,6
7319,0,6
7325,0,6
7331,1,6
7337,1,6
7343,1,6
7350,1,7
7356,1,6
7363,1,7
7369,1,6
7376,1,7
7386,1,10
7392,1,6
7398,1,6
7403,0,5
7409,0,6
7415,0,6
7422,1,7
7428,1,6
7434,1,6
7440,1,6
7446,1,6
7451,0,5
7457,0,6
7463,0,6
7469,0,6
7475,0,6
7481,0,6
7487,0,6
7493,0,6
7499,0,6
7505,1,6
7511,1,6
7517,1,6
7525,0,8
7531,0,6
7539,1,8
7545,1,6
7550,0,5
7557,1,7
7563,1,6
7569,1,6
7575,1,6
7581,1,6
7587,1,6
7595,2,8
7602,2,7
7609,1,7
7616,2,7
7623,2,7
7630,1,7
7637,1,7
7644,1,7
7651,1,7
7659,1,8
7667,2,8
7674,1,7
7689,2,15
7696,1,7
7704,2,8
7712,2,8
7720,2,8
7727,1,7
7733,1,6
7741,2,8
7748,1,7
7754,1,6
7761,1,7
7768,1,7
7775,1,7
7783,2,8
7790,1,7
7797,1,7
7804,1,7
7811,1,7
7818,1,7
7825,1,7
7833,2,8
7840,1,7
7848,2,8
7855,1,7
7863,2,8
7871,2,8
7878,1,7
7886,2,8
7894,2,8
7901,1,7
7908,1,7
7915,1,7
7922,1,7
7932,1,10
7939,1,7
7946,2,7
7952,1,6
7959,1,7
7966,1,7
7973,1,7
7979,1,6
7986,1,7
7993,1,7
8000,1,7
8007,1,7
8014,2,7
8021,2,7
8028,1,7
8035,1,7
8041,1,6
8048,1,7
8055,1,7
8061,1,6
8069,2,8
8076,1,7
8083,1,7
8089,1,6
8096,1,7
8102,1,6
8108,0,6
8115,1,7
8122,1,7
8129,1,7
8135,1,6
8142,1,7
8148,1,6
8154,0,6
8161,1,7
8167,1,6
8174,1,7
8180,1,6
8188,1,8
8195,2,7
8202,2,7
8208,1,6
8214,0,6
8221,1,7
8228,1,7
8234,1,6
8241,1,7
8247,1,6
8253,0,6
8260,1,7
8266,1,6
8273,1,7
8279,1,6
8285,0,6
8292,1,7
8299,1,7
8305,1,6
8312,1,7
8319,1,7
8325,1,6
8332,1,7
8338,1,6
8345,1,7
8351,1,6
8358,1,7
8365,2,7
8372,2,7
8379,2,7
8386,1,7
8393,1,7
8401,2,8
8408,2,7
8415,1,7
8422,1,7
8429,1,7
8436,1,7
8443,1,7
8457,2,14
8464,2,7
8471,1,7
8478,2,7
8484,1,6
8491,1,7
8497,1,6
8504,1,7
8510,1,6
8517,1,7
8523,1,6
8529,0,6
8536,1,7
8542,1,6
8549,1,7
8556,1,7
8562,1,6
8569,1,7
8575,0,6
8582,1,7
8589,2,7
8595,1,6
8602,1,7
8609,1,7
8616,1,7
8622,1,6
8630,1,8
8636,1,6
8643,1,7
8650,2,7
8657,1,7
8664,2,7
8671,1,7
8678,1,7
8686,2,8
8693,1,7
8700,1,7
8708,2,8
8715,1,7
8722,1,7
8728,1,6
8735,1,7
8742,1,7
8749,1,7
8756,1,7
8763,2,7
8769,1,6
8776,1,7
8783,1,7
8790,1,7
8796,1,6
8806,4,10
8815,1,9
8821,0,6
8828,1,7
8834,1,6
8841,1,7
8848,1,7
8855,2,7
8861,1,6
8868,1,7
8875,1,7
8884,1,9
8890,1,6
8897,1,7
8903,1,6
8910,1,7
8916,1,6
8923,1,7
8930,2,7
8937,1,7
8943,1,6
8950,1,7
8957,2,7
8963,1,6
8970,1,7
8978,1,8
8984,0,6
8991,1,7
8998,1,7
9004,1,6
9016,1,12
9024,2,8
9030,1,6
9037,1,7
9043,0,6
9050,1,7
9056,1,6
9064,1,8
9070,0,6
9077,1,7
9083,1,6
9090,1,7
9096,0,6
9103,1,7
9110,1,7
9116,0,6
9127,5,11
9133,1,6
9140,1,7
9147,1,7
9154,1,7
9161,1,7
9168,1,7
9178,4,10
9185,2,7
9192,1,7
9202,5,10
9209,1,7
9216,1,7
9223,1,7
9230,1,7
9240,1,10
9247,1,7
9254,1,7
9261,1,7
9268,1,7
9275,1,7
9281,0,6
9288,1,7
9295,1,7
9301,1,6
9308,1,7
9315,1,7
9321,1,6
9328,1,7
9335,1,7
9342,1,7
9349,1,7
9356,1,7
9363,1,7
9370,1,7
9378,2,8
9386,2,8
9393,1,7
9401,2,8
9408,1,7
9415,1,7
9422,1,7
9429,1,7
9436,1,7
9443,1,7
9450,1,7
9458,2,8
9465,1,7
9472,2,7
9479,2,7
9486,1,7
9492,1,6
9499,1,7
9506,1,7
9513,1,7
9520,1,7
9527,1,7
9536,3,9
9543,1,7
9550,1,7
9558,1,8
9565,1,7
9573,2,8
9581,2,8
9588,1,7
9595,1,7
9601,1,6
9607,1,6
9613,1,6
9619,1,6
9625,1,6
9631,1,6
9637,1,6
9643,1,6
9650,2,7
9656,1,6
9662,1,6
9670,1,8
9676,1,6
9682,1,6
9688,1,6
9695,1,7
9701,1,6
9707,1,6
9713,1,6
9719,1,6
9725,1,6
9731,1,6
9737,1,6
9742,0,5
9748,0,6
9754,0,6
9763,0,9
9769,0,6
9775,0,6
9781,0,6
9787,0,6
9793,0,6
9799,0,6
9806,1,7
9812,1,6
9818,1,6
9824,1,6
9830,1,6
9836,1,6
9842,1,6
9848,1,6
9854,1,6
9860,0,6
9866,1,6
9872,0,6
9878,0,6
9884,1,6
9890,1,6
9896,1,6
9902,1,6
9908,1,6
9914,1,6
9919,0,5
9925,0,6
9931,0,6
9937,0,6
9943,0,6
9949,0,6
9955,0,6
9961,0,6
9967,0,6
9974,1,7
9980,1,6
9986,1,6
9992,0,6
9999,2,7
10005,0,6
10011,1,6
10017,1,6
10023,1,6
10029,1,6
10035,1,6
10041,1,6
10047,0,6
10053,0,6
10059,0,6
10065,0,6
10071,1,6
10077,1,6
10082,0,5
10088,0,6
10094,0,6
10100,0,6
10106,1,6
10112,1,6
10118,1,6
10123,0,5
10129,0,6
10135,0,6
10141,0,6
10147,0,6
10153,0,6
10159,0,6
10165,1,6
10171,1,6
10177,1,6
10183,0,6
10189,1,6
10195,1,6
10201,1,6
10207,1,6
10213,1,6
10218,0,5
10224,0,6
10230,0,6
10236,0,6
10242,1,6
10248,1,6
10254,1,6
10260,1,6
10265,0,5
10271,0,6
10277,1,6
10283,1,6
10289,1,6
10295,1,6
10301,1,6
10307,1,6
10313,1,6
10319,1,6
10325,1,6
10331,1,6
10338,1,7
10344,1,6
10350,0,6
10357,1,7
10363,1,6
10369,1,6
10374,0,5
10380,0,6
10386,0,6
10392,1,6
10398,1,6
10405,1,7
10411,1,6
10417,1,6
10422,0,5
10428,0,6
10437,3,9
10444,1,7
10449,0,5
10456,1,7
10462,1,6
10471,0,9
10477,0,6
10483,0,6
10489,0,6
10495,1,6
10501,1,6
10507,1,6
10513,1,6
10519,1,6
10525,1,6
10530,0,5
10536,0,6
10542,0,6
10548,0,6
10554,0,6
10560,0,6
10566,1,6
10572,1,6
10578,1,6
10584,1,6
10591,1,7
10598,1,7
10607,1,9
10612,1,5
10617,1,5
10622,0,5
10628,1,6
10633,1,5
10638,1,5
10643,0,5
10649,1,6
10654,1,5
10659,0,5
10665,0,6
10671,0,6
10677,0,6
10683,0,6
10689,0,6
10695,1,6
10701,1,6
10708,1,7
10714,1,6
10720,1,6
10726,1,6
10732,1,6
10738,1,6
10744,1,6
10750,1,6
10755,0,5
10761,0,6
10767,0,6
10773,0,6
10779,1,6
10785,1,6
10791,1,6
10796,0,5
10802,0,6
10808,0,6
10814,0,6
10821,1,7
10827,1,6
10833,1,6
10839,1,6
10845,0,6
10852,1,7
10860,1,8
10868,1,8
10874,1,6
10880,1,6
10886,1,6
10891,0,5
10897,0,6
10903,0,6
10909,0,6
10915,1,6
10921,1,6
10926,0,5
10932,0,6
10938,0,6
10945,1,7
10951,1,6
10957,1,6
10963,1,6
10969,1,6
10975,1,6
10981,1,6
10987,1,6
10993,1,6
10999,1,6
11005,1,6
11010,0,5
11016,0,6
11022,0,6
11028,1,6
11034,1,6
11040,1,6
11045,0,5
11051,0,6
11057,0,6
11063,1,6
11072,1,9
11078,1,6
11084,1,6
11089,0,5
11095,0,6
11101,0,6
11107,1,6
11113,1,6
11119,1,6
11124,0,5
11130,0,6
11136,0,6
11142,1,6
11152,5,10
11153,1,1
11158,0,5
11163,0,5
11168,0,5
11174,1,6
11179,1,5
11184,0,5
11189,0,5
11195,1,6
11200,1,5
11205,0,5
11210,0,5
11216,1,6
11221,1,5
11226,0,5
11232,1,6
11237,1,5
11242,0,5
11247,0,5
11253,1,6
11262,1,9
11268,1,6
11273,0,5
11279,0,6
11285,0,6
11291,0,6
11297,0,6
11303,0,6
11309,1,6
11315,1,6
11321,1,6
11326,0,5
11332,0,6
11338,0,6
11344,1,6
11350,1,6
11356,1,6
11361,0,5
11367,0,6
11373,0,6
11379,1,6
11385,1,6
11390,0,5
11396,0,6
11402,0,6
11408,1,6
11414,0,6
11421,1,7
11427,1,6
11433,0,6
11439,0,6
11446,1,7
11452,1,6
11458,1,6
11464,1,6
11470,1,6
11476,1,6
11482,1,6
11488,1,6
11498,5,10
11503,0,5
11509,0,6
11515,0,6
11522,1,7
11528,1,6
11534,1,6
11540,0,6
11547,1,7
11552,0,5
11558,0,6
11564,0,6
11570,0,6
11576,0,6
11583,1,7
11589,1,6
11595,1,6
11601,1,6
11607,0,6
11613,1,6
11619,1,6
11624,0,5
11630,0,6
11636,1,6
11642,1,6
11647,0,5
11653,0,6
11659,0,6
11665,1,6
11671,1,6
11676,0,5
11682,0,6
11688,1,6
11694,1,6
11699,0,5
11705,0,6
11711,1,6
11717,1,6
11725,3,8
11731,1,6
11736,0,5
11742,0,6
11748,0,6
11754,0,6
11760,1,6
11770,5,10
11776,1,6
11781,0,5
11787,0,6
11793,0,6
11799,0,6
11805,1,6
11811,1,6
11816,0,5
11822,0,6
11828,0,6
11834,1,6
11840,1,6
11846,1,6
11852,1,6
11857,0,5
11863,0,6
11869,1,6
11875,0,6
11881,1,6
11887,1,6
11893,1,6
11899,0,6
11905,0,6
11911,1,6
11917,1,6
11922,0,5
11928,0,6
11934,1,6
11942,3,8
11949,1,7
11955,1,6
11962,2,7
11967,0,5
11973,0,6
11983,0,10
11990,1,7
11996,1,6
12002,1,6
12008,1,6
12014,1,6
12020,1,6
12027,1,7
12033,1,6
12038,0,5
12044,0,6
12050,0,6
12056,1,6
12062,1,6
12067,0,5
12073,0,6
12079,0,6
12085,1,6
12091,1,6
12097,1,6
12102,0,5
12108,0,6
12114,0,6
12120,1,6
12126,1,6
12132,1,6
12138,0,6
12144,1,6
12150,0,6
12156,0,6
12162,1,6
12168,1,6
12174,1,6
12181,1,7
12186,1,5
12191,0,5
12196,0,5
12201,0,5
12207,1,6
12212,1,5
12217,1,5
12222,0,5
12227,0,5
12242,10,15
12250,8,8
12258,8,8
12266,8,8
12273,7,7
12279,6,6
12279,0,0
12285,0,6
12291,0,6
12297,1,6
12303,1,6
12309,1,6
12315,1,6
12321,1,6
12327,1,6
12332,0,5
12338,0,6
12344,0,6
12350,1,6
12356,1,6
12363,1,7
12369,1,6
12375,1,6
12381,1,6
12387,1,6
12393,1,6
12398,0,5
12405,1,7
12410,0,5
12416,0,6
12422,0,6
12428,1,6
12434,1,6
12440,1,6
12446,1,6
12452,1,6
12458,1,6
12463,0,5
12469,0,6
12475,0,6
12481,0,6
12487,1,6
12493,1,6
12499,1,6
12505,1,6
12511,1,6
12517,1,6
12523,1,6
12529,1,6
12535,1,6
12541,1,6
12547,1,6
12552,0,5
12558,0,6
12564,0,6
12570,0,6
12576,0,6
12582,1,6
12588,0,6
12594,0,6
12600,0,6
12606,1,6
12612,1,6
12617,0,5
12623,0,6
12629,0,6
12635,1,6
12641,1,6
12647,1,6
12653,1,6
12658,0,5
12664,0,6
12670,0,6
12676,1,6
12682,1,6
12688,1,6
12693,0,5
12699,0,6
12705,0,6
12711,0,6
12717,1,6
12723,1,6
12729,1,6
12734,0,5
12740,0,6
12746,0,6
12752,0,6
12758,1,6
12764,0,6
12770,1,6
12776,0,6
12782,0,6
12788,0,6
12794,0,6
12800,0,6
12806,1,6
12812,0,6
12818,0,6
12825,1,7
12830,0,5
12836,0,6
12842,0,6
12848,0,6
12854,0,6
12860,0,6
12866,1,6
12872,0,6
12878,0,6
12884,0,6
12890,1,6
12897,1,7
12903,1,6
12909,0,6
12916,2,7
12922,1,6
12928,1,6
12934,1,6
12940,0,6
12947,1,7
12954,2,7
12960,1,6
12967,1,7
12973,1,6
12979,0,6
12986,1,7
12992,1,6
12998,1,6
13005,1,7
13011,1,6
13018,1,7
13024,0,6
13030,0,6
13036,1,6
13042,0,6
13048,0,6
13054,0,6
13060,0,6
13066,1,6
13072,1,6
13078,1,6
13083,0,5
13089,0,6
13095,1,6
13101,1,6
13107,1,6
13113,1,6
13118,0,5
13124,0,6
13130,0,6
13136,1,6
13142,1,6
13147,0,5
13153,0,6
13159,0,6
13165,0,6
13171,0,6
13177,0,6
13183,0,6
13189,1,6
13195,1,6
13200,0,5
13206,0,6
13212,1,6
13218,1,6
13224,1,6
13230,1,6
13235,0,5
13241,0,6
13247,1,6
13253,0,6
13259,0,6
13265,0,6
13271,1,6
13277,0,6
13283,0,6
13290,0,7
13296,0,6
13302,1,6
13307,0,5
13313,0,6
13319,0,6
13325,1,6
13331,1,6
13336,0,5
13342,0,6
13348,1,6
13354,1,6
13360,1,6
13365,0,5
13371,0,6
13377,0,6
13383,0,6
13389,0,6
13395,0,6
13401,0,6
13407,0,6
13413,1,6
13419,1,6
13425,1,6
13431,1,6
13437,1,6
13443,1,6
13449,1,6
13455,0,6
13461,0,6
13467,0,6
13473,0,6
13479,0,6
13485,1,6
13490,0,5
13496,0,6
13502,0,6
13508,1,6
13514,1,6
13520,1,6
13525,0,5
13532,1,7
13538,1,6
13544,1,6
13550,1,6
13556,0,6
13562,0,6
13568,0,6
13575,1,7
13581,1,6
13588,1,7
13594,1,6
13601,1,7
13608,1,7
13616,2,8
13623,1,7
13631,2,8
13639,2,8
13646,1,7
13654,2,8
13661,1,7
13668,1,7
13675,1,7
13682,1,7
13690,2,8
13697,1,7
13704,1,7
13712,2,8
13719,1,7
13727,1,8
13735,2,8
13742,1,7
13749,1,7
13756,1,7
13763,1,7
13770,1,7
13777,2,7
13784,2,7
13791,1,7
13799,2,8
13807,1,8
13813,2,6
13818,1,5
13824,2,6
13829,1,5
13835,1,6
13842,1,7
13848,1,6
13855,1,7
13861,1,6
13868,1,7
13875,2,7
13882,1,7
13890,2,8
13896,1,6
13904,2,8
13910,1,6
13918,2,8
13925,1,7
13932,1,7
13939,1,7
13946,1,7
13953,1,7
13960,1,7
13967,2,7
13974,1,7
13979,1,5
13985,1,6
13990,1,5
13996,1,6
14001,1,5
14007,1,6
14013,1,6
14018,1,5
14024,1,6
14029,1,5
14035,1,6
14040,1,5
14046,1,6
14052,1,6
14058,2,6
14064,2,6
14069,1,5
14075,2,6
14080,1,5
14086,1,6
14092,2,6
14097,1,5
14102,1,5
14108,1,6
14113,1,5
14119,1,6
14124,1,5
14129,0,5
14135,1,6
14140,0,5
14146,1,6
14151,1,5
14157,1,6
14162,1,5
14168,1,6
14173,1,5
14179,1,6
14185,2,6
14191,2,6
14197,2,6
14203,2,6
14208,1,5
14213,1,5
14219,1,6
14225,2,6
14230,1,5
14236,2,6
14241,1,5
14247,2,6
14252,1,5
14258,1,6
14263,1,5
14269,1,6
14275,2,6
14280,1,5
14286,1,6
14292,2,6
14299,1,7
14305,2,6
14312,1,7
14322,6,10
14329,1,7
14336,1,7
14343,1,7
14351,2,8
14357,1,6
14364,1,7
14371,2,7
14378,1,7
14385,1,7
14392,1,7
14400,3,8
14406,0,6
14413,1,7
14419,0,6
14426,1,7
14432,1,6
14439,1,7
14445,1,6
14451,1,6
14458,1,7
14464,1,6
14471,1,7
14477,1,6
14484,1,7
14490,1,6
14497,1,7
14504,2,7
14511,2,7
14518,2,7
14525,2,7
14532,1,7
14540,2,8
14547,1,7
14553,1,6
14560,1,7
14566,1,6
14572,0,6
14579,1,7
14586,1,7
14592,1,6
14598,1,6
14604,1,6
14610,1,6
14616,0,6
14622,1,6
14628,1,6
14634,1,6
14639,0,5
14645,0,6
14651,0,6
14657,1,6
14663,1,6
14669,0,6
14675,0,6
14681,0,6
14687,0,6
14693,0,6
14699,0,6
14705,0,6
14711,0,6
14717,1,6
14723,1,6
14729,1,6
14735,1,6
14741,1,6
14747,1,6
14753,1,6
14759,1,6
14765,1,6
14770,0,5
14776,0,6
14782,0,6
14788,0,6
14794,0,6
14801,1,7
14807,1,6
14813,1,6
14819,1,6
14825,1,6
14831,1,6
14837,1,6
14843,0,6
14849,0,6
14856,1,7
14862,1,6
14869,2,7
14875,1,6
14881,1,6
14887,1,6
14893,1,6
14899,1,6
14905,0,6
14912,1,7
14918,1,6
14924,1,6
14930,1,6
14936,0,6
14942,0,6
14948,0,6
14954,0,6
14960,1,6
14966,1,6
14972,0,6
14978,0,6
14984,0,6
14990,0,6
14996,0,6
15002,0,6
15008,0,6
15015,1,7
15021,1,6
15027,1,6
15032,0,5
15038,0,6
15044,0,6
15050,0,6
15057,1,7
15063,1,6
15069,1,6
15075,1,6
15081,1,6
15087,1,6
15094,2,7
15101,2,7
15108,2,7
15115,1,7
15122,1,7
15129,1,7
15136,1,7
15143,1,7
15151,2,8
15159,2,8
15166,1,7
15173,1,7
15179,1,6
15187,1,8
15194,1,7
15201,1,7
15209,2,8
15216,1,7
15223,2,7
15230,2,7
15237,1,7
15244,1,7
15251,2,7
15258,1,7
15265,1,7
15271,1,6
15278,1,7
15285,1,7
15291,1,6
15299,2,8
15306,2,7
15313,2,7
15320,2,7
15327,1,7
15334,1,7
15341,1,7
15348,1,7
15354,1,6
15361,1,7
15368,1,7
15375,2,7
15382,2,7
15388,1,6
15396,2,8
15403,1,7
15410,1,7
15417,1,7
15424,2,7
15431,2,7
15438,2,7
15444,1,6
15451,1,7
15458,1,7
15464,1,6
15471,1,7
15478,1,7
15484,1,6
15491,1,7
15498,1,7
15504,0,6
15511,1,7
15518,1,7
15525,1,7
15532,1,7
15539,2,7
15546,1,7
15554,2,8
15561,1,7
15568,1,7
15575,1,7
15582,1,7
15590,2,8
15597,2,7
15604,1,7
15612,2,8
15619,1,7
15627,1,8
15634,1,7
15641,1,7
15648,1,7
15654,1,6
15661,1,7
15668,1,7
15674,1,6
15679,0,5
15686,1,7
15692,1,6
15698,1,6
15705,1,7
15710,1,5
15717,1,7
15724,1,7
15730,1,6
15737,1,7
15743,1,6
15750,1,7
15756,1,6
15762,1,6
15769,1,7
15774,1,5
15780,1,6
15785,1,5
15791,1,6
15797,1,6
15804,1,7
15810,1,6
15817,1,7
15823,1,6
15830,1,7
15837,1,7
15844,1,7
15850,1,6
15857,1,7
15864,1,7
15870,0,6
15877,1,7
15884,1,7
15891,1,7
15898,2,7
15904,1,6
15911,1,7
15919,2,8
15926,2,7
15933,1,7
15941,2,8
15949,2,8
15957,2,8
15964,1,7
15972,2,8
15979,2,7
15986,1,7
15994,2,8
16001,2,7
16008,1,7
16015,1,7
16022,2,7
16028,1,6
16036,2,8
16044,2,8
16051,1,7
16059,1,8
16067,1,8
16075,2,8
16080,1,5
16086,1,6
16092,2,6
16097,1,5
16103,2,6
16109,2,6
16114,1,5
16119,1,5
16125,1,6
16130,1,5
16136,1,6
16141,1,5
16147,1,6
16174,21,27
16176,17,2
16177,13,1
16178,9,1
16179,4,1
16182,2,3
16187,1,5
16193,2,6
16198,2,5
16203,1,5
16209,2,6
16214,1,5
16219,1,5
16224,1,5
16230,1,6
16235,1,5
16240,1,5
16246,1,6
16251,1,5
16256,1,5
16262,1,6
16267,1,5
16272,1,5
16278,1,6
16283,1,5
16288,1,5
16295,1,7
16302,1,7
16308,1,6
16315,1,7
16322,1,7
16328,1,6
16335,1,7
16342,1,7
16348,1,6
16355,1,7
16362,1,7
16369,2,7
16377,2,8
16384,1,7
16390,1,6
16397,1,7
16404,1,7
16412,2,8
16418,1,6
16425,1,7
16432,1,7
16439,1,7
16446,1,7
16452,1,6
16460,2,8
16467,1,7
16474,2,7
16481,2,7
16488,1,7
16495,1,7
16502,1,7
16510,2,8
16517,1,7
16524,1,7
16531,1,7
16537,1,6
16544,1,7
16551,1,7
16560,4,9
16567,1,7
16574,1,7
16581,1,7
16588,1,7
16595,1,7
16602,1,7
16609,1,7
16615,1,6
16622,1,7
16629,1,7
16636,1,7
16642,0,6
16649,1,7
16656,1,7
16664,2,8
16671,1,7
16678,1,7
16685,1,7
16692,1,7
16699,1,7
16706,2,7
16713,2,7
16720,1,7
16727,2,7
16734,2,7
16741,2,7
16748,1,7
16756,2,8
16763,2,7
16771,2,8
16778,1,7
16786,2,8
16794,3,8
16801,1,7
16809,2,8
16817,1,8
16824,1,7
16833,2,9
16841,2,8
16849,2,8
16857,2,8
16866,2,9
16880,2,14
16889,2,9
16896,1,7
16904,2,8
16912,2,8
16919,1,7
16926,1,7
16933,1,7
16940,1,7
16947,1,7
16954,1,7
16961,1,7
16969,2,8
16976,1,7
16983,1,7
16991,2,8
16998,1,7
17005,1,7
17013,2,8
17020,2,7
17027,1,7
17034,1,7
17041,1,7
17048,1,7
17055,1,7
17063,2,8
17070,1,7
17078,2,8
17085,2,7
17092,1,7
17099,2,7
17105,1,6
17112,1,7
17119,1,7
17126,2,7
17132,1,6
17139,1,7
17146,1,7
17153,1,7
17159,1,6
17166,1,7
17173,1,7
17180,1,7
17188,2,8
17197,3,9
17204,1,7
17210,1,6
17215,1,5
17227,8,12
17234,1,7
17241,1,7
17248,1,7
17255,2,7
17261,1,6
17269,2,8
17276,1,7
17283,1,7
17289,1,6
17296,1,7
17303,1,7
17310,1,7
17317,1,7
17324,1,7
17331,1,7
17338,1,7
17345,1,7
17352,1,7
17362,4,10
17370,1,8
17378,2,8
17384,1,6
17391,1,7
17398,1,7
17405,1,7
17412,2,7
17419,1,7
17427,2,8
17435,2,8
17442,2,7
17449,2,7
17457,2,8
17464,1,7
17471,1,7
17478,1,7
17485,1,7
17492,2,7
17498,1,6
17505,1,7
17513,2,8
17519,1,6
17527,2,8
17534,2,7
17541,1,7
17548,1,7
17556,2,8
17564,2,8
17576,6,12
17583,1,7
17591,2,8
17598,1,7
17606,2,8
17613,1,7
17620,1,7
17627,1,7
17633,1,6
17640,1,7
17647,1,7
17654,2,7
17660,1,6
17667,1,7
17674,1,7
17680,1,6
17687,1,7
17694,1,7
17700,1,6
17707,1,7
17714,1,7
17721,1,7
17727,1,6
17739,6,12
17745,1,6
17752,1,7
17758,1,6
17765,1,7
17772,1,7
17778,1,6
17785,1,7
17794,4,9
17802,3,8
17809,2,7
17815,1,6
17822,1,7
17829,1,7
17835,1,6
17842,1,7
17848,1,6
17855,1,7
17862,1,7
17869,1,7
17875,1,6
17882,1,7
17889,1,7
17896,1,7
17903,2,7
17909,1,6
17916,1,7
17923,1,7
17930,1,7
17937,1,7
17944,2,7
17950,1,6
17957,1,7
17964,1,7
17971,1,7
17978,1,7
17984,1,6
17991,1,7
17998,1,7
18005,1,7
18012,1,7
18019,1,7
18026,2,7
18032,1,6
18039,1,7
18046,1,7
18053,1,7
18059,1,6
18066,1,7
18074,1,8
18080,1,6
18087,1,7
18093,1,6
18099,1,6
18106,1,7
18112,2,6
18117,1,5
18123,2,6
18128,1,5
18134,1,6
18139,1,5
18145,1,6
18151,2,6
18156,1,5
18162,1,6
18167,1,5
18174,1,7
18181,1,7
18189,2,8
18195,0,6
18202,1,7
18209,1,7
18216,1,7
18228,1,12
18235,1,7
18242,1,7
18250,2,8
18257,2,7
18264,1,7
18270,1,6
18277,1,7
18284,1,7
18290,1,6
18297,1,7
18304,1,7
18312,2,8
18319,1,7
18325,1,6
18332,1,7
18338,1,6
18345,1,7
18352,2,7
18359,2,7
18365,1,6
18372,1,7
18379,1,7
18386,2,7
18393,1,7
18399,1,6
18407,2,8
18414,2,7
18421,1,7
18428,1,7
18435,1,7
18442,1,7
18450,2,8
18457,1,7
18464,1,7
18470,1,6
18477,1,7
18484,1,7
18491,1,7
18497,1,6
18504,1,7
18511,1,7
18518,1,7
18525,1,7
18532,1,7
18539,1,7
18545,1,6
18552,1,7
18559,1,7
18565,1,6
18572,1,7
18579,1,7
18585,1,6
18592,1,7
18599,1,7
18606,1,7
18612,1,6
18619,1,7
18626,1,7
18633,1,7
18640,1,7
18647,2,7
18653,1,6
18662,3,9
18676,1,14
18683,1,7
18690,1,7
18697,2,7
18704,2,7
18710,1,6
18717,1,7
18724,1,7
18731,1,7
18738,1,7
18745,1,7
18752,1,7
18758,1,6
18765,1,7
18772,1,7
18779,1,7
18786,1,7
18793,1,7
18801,2,8
18809,2,8
18816,1,7
18824,1,8
18832,2,8
18840,2,8
18847,1,7
18855,1,8
18862,1,7
18869,1,7
18876,1,7
18883,1,7
18890,1,7
18897,1,7
18904,1,7
18911,1,7
18918,2,7
18924,1,6
18932,2,8
18939,2,7
18947,2,8
18955,2,8
18962,1,7
18972,3,10
18982,2,10
18990,2,8
18997,1,7
19005,2,8
19012,1,7
19020,2,8
19027,2,7
19033,1,6
19040,1,7
19047,1,7
19055,2,8
19062,2,7
19068,1,6
19075,1,7
19082,1,7
19089,1,7
19097,2,8
19105,2,8
19113,2,8
19120,2,7
19128,2,8
19135,1,7
19143,2,8
19150,1,7
19157,1,7
19164,1,7
19171,1,7
19178,1,7
19186,2,8
19193,1,7
19200,1,7
19208,2,8
19215,1,7
19222,1,7
19229,1,7
19236,1,7
19243,1,7
19250,1,7
19259,3,9
19264,1,5
19270,2,6
19278,2,8
19286,2,8
19293,1,7
19300,1,7
19307,2,7
19312,1,5
19318,1,6
19323,1,5
19329,1,6
19335,2,6
19340,1,5
19346,1,6
19353,3,7
19358,2,5
19363,1,5
19369,2,6
19374,1,5
19380,1,6
19386,2,6
19393,2,7
19398,1,5
19404,1,6
19411,2,7
19418,2,7
19425,2,7
19432,1,7
19441,3,9
19449,2,8
19456,1,7
19463,1,7
19471,2,8
19481,1,10
19489,2,8
19496,1,7
19503,1,7
19511,2,8
19518,1,7
19526,2,8
19534,2,8
19541,1,7
19548,1,7
19556,2,8
19563,1,7
19570,1,7
19577,1,7
19584,1,7
19591,1,7
19597,1,6
19604,1,7
19611,2,7
19617,1,6
19624,2,7
19630,1,6
19637,1,7
19643,1,6
19650,1,7
19656,1,6
19664,2,8
19670,1,6
19676,1,6
19681,1,5
19686,1,5
19692,1,6
19697,1,5
19703,1,6
19708,1,5
19714,1,6
19719,1,5
19725,1,6
19730,1,5
19735,0,5
19741,1,6
19746,1,5
19753,1,7
19760,1,7
19766,1,6
19773,1,7
19779,1,6
19786,1,7
19792,1,6
19798,0,6
19805,1,7
19811,1,6
19817,0,6
19824,1,7
19830,1,6
19836,1,6
19841,0,5
19847,0,6
19854,0,7
19861,0,7
19868,1,7
19874,1,6
19880,1,6
19886,1,6
19892,1,6
19898,1,6
19904,1,6
19910,1,6
19916,0,6
19923,1,7
19929,1,6
19935,1,6
19941,1,6
19947,1,6
19954,1,7
19960,1,6
19966,1,6
19972,0,6
19979,1,7
19985,1,6
19991,1,6
19997,0,6
20004,1,7
20010,1,6
20015,1,5
20021,1,6
20026,1,5
20031,0,5
20038,1,7
20044,1,6
20050,1,6
20056,1,6
20061,0,5
20067,0,6
20073,0,6
20079,0,6
20085,1,6
20091,2,6
20098,2,7
20105,1,7
20112,1,7
20119,1,7
20126,1,7
20133,1,7
20141,2,8
20147,1,6
20154,1,7
20161,1,7
20168,1,7
20176,2,8
20182,1,6
20190,1,8
20196,2,6
20201,1,5
20207,2,6
20212,1,5
20218,1,6
20223,1,5
20229,1,6
20234,1,5
20240,1,6
20245,1,5
20251,1,6
20256,1,5
20262,1,6
20267,1,5
20273,1,6
20278,1,5
20286,2,8
20291,1,5
20298,1,7
20304,1,6
20310,1,6
20315,1,5
20321,1,6
20327,2,6
20333,2,6
20338,1,5
20345,1,7
20352,1,7
20360,2,8
20367,1,7
20375,2,8
20388,1,13
20396,2,8
20404,2,8
20411,1,7
20418,1,7
20425,1,7
20432,1,7
20439,1,7
20446,1,7
20453,1,7
20460,1,7
20467,1,7
20474,1,7
20481,1,7
20488,1,7
20496,2,8
20503,1,7
20511,2,8
20517,1,6
20524,1,7
20531,1,7
20537,1,6
20544,1,7
20551,1,7
20558,1,7
20566,2,8
20575,3,9
20582,1,7
20589,1,7
20595,1,6
20601,1,6
20607,1,6
20613,1,6
20619,0,6
20625,0,6
20631,0,6
20637,0,6
20643,0,6
20649,0,6
20655,0,6
20661,0,6
20667,0,6
20673,0,6
20679,0,6
20685,0,6
20691,1,6
20697,1,6
20703,1,6
20709,0,6
20715,0,6
20721,0,6
20727,0,6
20733,0,6
20739,0,6
20745,0,6
20751,0,6
20757,0,6
20763,0,6
20769,1,6
20775,1,6
20781,1,6
20787,1,6
20793,1,6
20799,1,6
20805,1,6
20810,0,5
20816,0,6
20822,0,6
20829,1,7
20835,1,6
20841,1,6
20847,1,6
20853,0,6
20860,1,7
20866,1,6
20872,1,6
20879,1,7
20886,1,7
20892,1,6
20899,1,7
20905,1,6
20912,1,7
20918,1,6
20923,0,5
20929,0,6
20935,0,6
20942,1,7
20948,1,6
20953,0,5
20959,0,6
20965,0,6
20971,1,6
20977,1,6
20982,0,5
20988,0,6
20994,1,6
21000,1,6
21005,0,5
21011,0,6
21017,1,6
21023,1,6
21029,1,6
21034,0,5
21040,0,6
21046,1,6
21052,1,6
21059,2,7
21065,1,6
21071,1,6
21076,0,5
21082,0,6
21088,1,6
21094,1,6
21099,0,5
21105,0,6
21111,1,6
21117,1,6
21122,0,5
21128,0,6
21134,1,6
21140,1,6
21146,1,6
21151,0,5
21157,0,6
21164,1,7
21170,0,6
21182,4,12
21183,0,1
21188,0,5
21194,1,6
21199,1,5
21204,0,5
21209,0,5
21214,0,5
21219,0,5
21225,1,6
21230,1,5
21235,0,5
21240,0,5
21245,0,5
21251,1,6
21256,1,5
21261,1,5
21266,0,5
21271,0,5
21276,0,5
21282,1,6
21287,1,5
21292,0,5
21297,0,5
21302,0,5
21307,0,5
21313,1,6
21318,1,5
21323,0,5
21328,0,5
21333,0,5
21339,1,6
21344,1,5
21349,1,5
21354,0,5
21359,0,5
21364,0,5
21370,1,6
21375,1,5
21380,1,5
21385,0,5
21391,1,6
21396,1,5
21401,1,5
21406,0,5
21411,0,5
21416,0,5
21422,1,6
21427,1,5
21432,0,5
21437,0,5
21443,1,6
21448,1,5
21453,0,5
21458,0,5
21464,1,6
21469,1,5
21474,0,5
21480,1,6
21485,1,5
21490,0,5
21495,0,5
21501,1,6
21506,1,5
21514,3,8
21523,1,9
21529,1,6
21535,1,6
21540,0,5
21546,0,6
21552,0,6
21558,1,6
21564,1,6
21569,0,5
21575,0,6
21581,1,6
21587,1,6
21593,1,6
21598,0,5
21604,0,6
21610,0,6
21616,1,6
21622,1,6
21627,0,5
21633,0,6
21639,0,6
21645,0,6
21651,0,6
21657,1,6
21663,1,6
21669,0,6
21675,0,6
21681,1,6
21687,1,6
21692,0,5
21698,0,6
21704,1,6
21710,1,6
21716,1,6
21721,0,5
21727,0,6
21733,0,6
21739,0,6
21745,1,6
21751,1,6
21756,0,5
21762,0,6
21768,0,6
21774,1,6
21780,1,6
21785,0,5
21791,0,6
21797,1,6
21803,1,6
21809,1,6
21814,0,5
21820,0,6
21826,0,6
21832,1,6
21837,0,5
21843,1,6
21848,0,5
21854,0,6
21860,0,6
21866,1,6
21872,1,6
21877,0,5
21883,0,6
21889,1,6
21900,1,11
21906,1,6
21911,0,5
21917,0,6
21923,1,6
21929,1,6
21934,0,5
21940,0,6
21946,1,6
21952,1,6
21957,0,5
21963,0,6
21969,0,6
21975,1,6
21981,1,6
21987,1,6
21993,1,6
21999,1,6
22005,1,6
22011,1,6
22017,1,6
22023,1,6
22030,1,7
22036,1,6
22042,1,6
22048,1,6
22054,1,6
22060,1,6
22066,1,6
22072,1,6
22078,1,6
22083,0,5
22090,1,7
22097,1,7
22103,1,6
22110,1,7
22117,1,7
22123,1,6
22130,1,7
22137,1,7
22144,1,7
22151,1,7
22157,1,6
22164,1,7
22171,1,7
22177,1,6
22184,1,7
22191,1,7
22197,1,6
22203,1,6
22208,1,5
22214,1,6
22220,1,6
22227,1,7
22232,1,5
22238,1,6
22243,1,5
22249,1,6
22254,1,5
22261,1,7
22268,2,7
22275,1,7
22280,1,5
22285,1,5
22291,1,6
22296,1,5
22301,1,5
22306,1,5
22312,1,6
22317,1,5
22322,1,5
22327,1,5
22332,1,5
22338,1,6
22343,1,5
22348,1,5
22353,1,5
22359,1,6
22364,1,5
22369,1,5
22374,1,5
22379,0,5
22385,1,6
22390,1,5
22395,1,5
22400,1,5
22405,0,5
22411,1,6
22416,1,5
22421,1,5
22426,1,5
22431,0,5
22437,1,6
22442,1,5
22447,1,5
22452,1,5
22458,1,6
22466,4,8
22473,1,7
22481,2,8
22489,2,8
22497,2,8
22504,1,7
22512,2,8
22519,1,7
22527,2,8
22535,2,8
22542,2,7
22550,2,8
22557,1,7
22565,2,8
22572,1,7
22579,1,7
22587,2,8
22593,1,6
22600,1,7
22608,2,8
22615,2,7
22622,1,7
22629,2,7
22636,1,7
22644,2,8
22651,1,7
22659,2,8
22667,2,8
22672,1,5
22678,1,6
22683,1,5
22689,1,6
22695,2,6
22700,1,5
22706,1,6
22711,1,5
22717,1,6
22722,1,5
22728,1,6
22733,1,5
22739,1,6
22746,2,7
22753,1,7
22759,1,6
22765,1,6
22772,1,7
22778,1,6
22784,1,6
22790,2,6
22796,2,6
22801,1,5
22807,2,6
22813,2,6
22818,1,5
22823,1,5
22829,1,6
22835,2,6
22840,1,5
22846,1,6
22852,2,6
22859,1,7
22866,1,7
22872,1,6
22879,1,7
22886,1,7
22892,1,6
22898,1,6
22904,1,6
22910,1,6
22916,1,6
22922,1,6
22928,1,6
22934,2,6
22941,1,7
22948,2,7
22957,3,9
22963,1,6
22969,1,6
22975,2,6
22980,1,5
22986,1,6
22991,1,5
22997,1,6
23003,2,6
23008,1,5
23014,2,6
23019,1,5
23025,2,6
23030,1,5
23036,1,6
23041,1,5
23047,1,6
23053,2,6
23058,1,5
23063,1,5
23069,1,6
23074,1,5
23080,1,6
23086,2,6
23091,1,5
23097,1,6
23103,2,6
23108,1,5
23113,1,5
23119,1,6
23125,2,6
23130,1,5
23136,1,6
23141,1,5
23147,1,6
23154,1,7
23161,1,7
23168,1,7
23175,1,7
23181,1,6
23188,1,7
23195,2,7
23202,1,7
23209,1,7
23216,1,7
23223,1,7
23231,2,8
23238,2,7
23245,1,7
23252,1,7
23260,2,8
23267,1,7
23275,2,8
23282,2,7
23289,1,7
23297,1,8
23304,2,7
23309,1,5
23315,2,6
23320,1,5
23326,2,6
23331,1,5
23337,1,6
23342,1,5
23348,1,6
23353,1,5
23359,1,6
23364,1,5
23370,1,6
23375,1,5
23381,1,6
23386,1,5
23392,1,6
23398,1,6
23403,1,5
23409,1,6
23414,1,5
23420,1,6
23425,1,5
23431,1,6
23436,1,5
23442,1,6
23448,2,6
23453,1,5
23458,1,5
23464,1,6
23469,1,5
23475,1,6
23480,1,5
23486,1,6
23491,1,5
23497,1,6
23502,1,5
23508,1,6
23513,1,5
23519,1,6
23525,2,6
23530,1,5
23536,1,6
23541,1,5
23547,1,6
23552,1,5
23558,1,6
23563,1,5
23569,1,6
23575,2,6
23580,1,5
23586,1,6
23592,2,6
23597,1,5
23603,2,6
23608,1,5
23614,1,6
23619,1,5
23625,1,6
23630,1,5
23636,1,6
23642,1,6
23647,1,5
23653,1,6
23658,1,5
23664,1,6
23670,2,6
23675,1,5
23681,2,6
23687,2,6
23692,1,5
23697,1,5
23703,1,6
23708,1,5
23714,1,6
23720,2,6
23725,1,5
23731,2,6
23736,1,5
23742,1,6
23748,2,6
23753,1,5
23759,1,6
23764,1,5
23770,1,6
23776,1,6
23781,1,5
23788,2,7
23794,2,6
23803,2,9
23811,2,8
23819,2,8
23826,1,7
23834,2,8
23840,1,6
23847,1,7
23854,1,7
23860,1,6
23867,1,7
23874,1,7
23881,3,7
23886,2,5
23892,2,6
23903,2,11
23911,2,8
23918,1,7
23926,2,8
23933,1,7
23940,1,7
23948,2,8
23955,1,7
23963,2,8
23970,2,7
23978,2,8
23983,1,5
23989,1,6
23995,2,6
24000,1,5
24007,3,7
24011,1,4
24017,1,6
24023,2,6
24029,2,6
24034,1,5
24039,1,5
24044,1,5
24050,1,6
24056,2,6
24062,2,6
24067,1,5
24073,2,6
24078,2,5
24083,1,5
24089,2,6
24094,1,5
24099,1,5
24104,1,5
24110,1,6
24115,1,5
24121,2,6
24126,1,5
24131,1,5
24137,2,6
24142,1,5
24147,1,5
24152,1,5
24158,1,6
24163,1,5
24168,1,5
24174,2,6
24179,1,5
24184,1,5
24190,2,6
24195,1,5
24200,1,5
24206,2,6
24211,1,5
24216,1,5
24222,2,6
24227,1,5
24232,1,5
24238,2,6
24243,1,5
24248,1,5
24253,1,5
24259,1,6
24264,1,5
24269,1,5
24275,1,6
24280,1,5
24285,1,5
24291,1,6
24296,1,5
24302,2,6
24307,1,5
24312,1,5
24319,2,7
24324,2,5
24329,1,5
24334,1,5
24340,2,6
24345,1,5
24350,1,5
24356,2,6
24362,2,6
24367,2,5
24372,1,5
24377,1,5
24383,2,6
24388,1,5
24393,1,5
24399,2,6
24404,1,5
24410,2,6
24415,2,5
24420,1,5
24425,1,5
24431,1,6
24437,2,6
24441,1,4
24447,1,6
24452,1,5
24458,2,6
24463,1,5
24469,2,6
24474,2,5
24480,2,6
24485,2,5
24490,1,5
24495,1,5
24502,2,7
24507,1,5
24513,2,6
24518,1,5
24524,2,6
24529,2,5
24534,1,5
24540,2,6
24545,2,5
24550,1,5
24555,1,5
24562,2,7
24568,3,6
24572,1,4
24579,3,7
24584,2,5
24589,2,5
24593,0,4
24599,1,6
24605,2,6
24610,1,5
24615,1,5
24620,0,5
24625,0,5
24630,0,5
24636,1,6
24642,2,6
24646,0,4
24651,0,5
24657,1,6
24662,0,5
24667,0,5
24673,1,6
24678,1,5
24683,0,5
24689,1,6
24694,1,5
24699,0,5
24705,1,6
24710,1,5
24716,1,6
24721,1,5
24727,1,6
24732,1,5
24737,1,5
24742,0,5
24748,1,6
24753,1,5
24758,0,5
24763,0,5
24769,1,6
24774,0,5
24780,1,6
24785,1,5
24790,0,5
24796,1,6
24801,0,5
24807,1,6
24812,1,5
24818,1,6
24823,1,5
24829,1,6
24834,1,5
24840,1,6
24845,1,5
24852,1,7
24857,1,5
24863,1,6
24870,1,7
24876,1,6
24883,1,7
24889,1,6
24895,1,6
24902,1,7
24912,1,10
24918,1,6
24924,0,6
24931,1,7
24937,1,6
24943,1,6
24949,1,6
24955,1,6
24961,1,6
24967,1,6
24973,1,6
24980,1,7
24986,1,6
24993,1,7
24999,1,6
25006,1,7
25013,1,7
25019,1,6
25025,0,6
25032,1,7
25038,1,6
25044,0,6
25051,1,7
25057,1,6
25063,1,6
25070,1,7
25076,1,6
25082,0,6
25089,1,7
25095,1,6
25101,1,6
25107,1,6
25113,1,6
25119,0,6
25126,1,7
25132,1,6
25138,1,6
25145,1,7
25151,1,6
25157,1,6
25163,1,6
25169,0,6
25175,0,6
25181,1,6
25187,1,6
25193,1,6
25199,1,6
25205,1,6
25211,1,6
25217,1,6
25222,0,5
25228,0,6
25234,0,6
25240,0,6
25246,1,6
25252,1,6
25258,1,6
25263,0,5
25269,0,6
25275,0,6
25281,1,6
25287,1,6
25293,1,6
25298,0,5
25304,0,6
25310,0,6
25316,1,6
25322,1,6
25328,1,6
25334,1,6
25340,1,6
25345,0,5
25351,0,6
25357,0,6
25363,1,6
25369,1,6
25375,1,6
25380,0,5
25386,0,6
25392,0,6
25398,1,6
25404,1,6
25410,1,6
25416,1,6
25422,1,6
25428,0,6
25435,1,7
25441,1,6
25448,1,7
25454,1,6
25460,0,6
25466,0,6
25473,1,7
25479,1,6
25486,2,7
25492,1,6
25498,0,6
25504,1,6
25510,1,6
25516,1,6
25521,0,5
25527,0,6
25534,1,7
25540,1,6
25546,1,6
25552,1,6
25559,1,7
25565,1,6
25571,1,6
25576,0,5
25582,0,6
25588,0,6
25595,2,7
25602,2,7
25609,1,7
25616,1,7
25621,0,5
25628,1,7
25634,2,6
25640,2,6
25645,1,5
25651,2,6
25657,2,6
25662,1,5
25668,2,6
25674,2,6
25679,1,5
25684,1,5
25690,1,6
25696,2,6
25701,1,5
25707,1,6
25712,1,5
25719,2,7
25724,1,5
25730,2,6
25735,1,5
25740,1,5
25746,1,6
25752,1,6
25758,2,6
25763,1,5
25769,2,6
25774,1,5
25780,2,6
25786,2,6
25792,2,6
25797,2,5
25802,1,5
25807,1,5
25813,2,6
25818,1,5
25823,1,5
25829,2,6
25834,1,5
25839,1,5
25845,2,6
25850,1,5
25856,2,6
25861,2,5
25866,1,5
25871,1,5
25877,2,6
25882,1,5
25888,2,6
25893,2,5
25898,1,5
25903,1,5
25908,1,5
25914,1,6
25919,1,5
25925,2,6
25930,1,5
25935,1,5
25941,2,6
25946,1,5
25951,1,5
25956,1,5
25962,1,6
25967,1,5
25972,1,5
25978,2,6
25983,1,5
25988,1,5
25994,2,6
25999,1,5
26004,1,5
26010,2,6
26015,1,5
26020,1,5
26026,2,6
26031,1,5
26036,1,5
26042,2,6
26047,1,5
26052,1,5
26058,2,6
26063,1,5
26068,1,5
26074,2,6
26079,1,5
26084,1,5
26089,1,5
26094,0,5
26100,1,6
26105,1,5
26110,1,5
26115,1,5
26120,0,5
26125,0,5
26131,1,6
26136,1,5
26141,1,5
26146,0,5
26151,0,5
26157,1,6
26162,1,5
26167,1,5
26172,0,5
26177,0,5
26183,1,6
26198,11,15
26199,7,1
26199,1,0
26203,0,4
26209,1,6
26214,1,5
26219,1,5
26224,1,5
26229,0,5
26234,0,5
26240,1,6
26245,1,5
26250,0,5
26255,0,5
26260,0,5
26265,0,5
26271,1,6
26276,1,5
26281,0,5
26286,0,5
26291,0,5
26296,0,5
26302,1,6
26307,1,5
26312,0,5
26317,0,5
26322,0,5
26328,1,6
26333,1,5
26338,1,5
26343,0,5
26348,0,5
26353,0,5
26359,1,6
26364,1,5
26369,0,5
26374,0,5
26380,1,6
26385,1,5
26391,1,6
26396,1,5
26401,1,5
26407,1,6
26412,1,5
26417,1,5
26423,1,6
26428,1,5
26433,1,5
26439,1,6
26444,1,5
26449,1,5
26455,1,6
26460,1,5
26466,1,6
26471,1,5
26477,1,6
26482,1,5
26488,1,6
26494,2,6
26499,1,5
26505,2,6
26510,1,5
26515,0,5
26521,1,6
26526,1,5
26532,1,6
26537,1,5
26543,1,6
26548,1,5
26555,1,7
26560,1,5
26566,1,6
26573,1,7
26579,1,6
26585,1,6
26592,1,7
26598,1,6
26604,1,6
26611,1,7
26617,1,6
26623,0,6
26630,1,7
26636,1,6
26642,1,6
26649,1,7
26655,1,6
26661,1,6
26667,0,6
26673,1,6
26678,1,5
26684,1,6
26689,1,5
26694,0,5
26699,0,5
26705,0,6
26710,0,5
26716,1,6
26721,1,5
26726,0,5
26731,0,5
26737,1,6
26742,1,5
26747,0,5
26752,0,5
26758,1,6
26763,1,5
26768,0,5
26773,0,5
26779,1,6
26784,0,5
26789,0,5
26795,1,6
26800,1,5
26805,0,5
26811,1,6
26816,1,5
26821,0,5
26826,0,5
26832,1,6
26837,1,5
26842,0,5
26847,0,5
26853,1,6
26858,1,5
26863,0,5
26868,0,5
26874,1,6
26879,1,5
26884,0,5
26889,0,5
26895,1,6
26900,1,5
26905,0,5
26910,0,5
26916,1,6
26921,1,5
26926,0,5
26931,0,5
26937,1,6
26942,1,5
26947,0,5
26952,0,5
26957,0,5
26963,1,6
26968,1,5
26973,0,5
26979,1,6
26984,1,5
26989,0,5
26995,1,6
27000,1,5
27005,0,5
27011,1,6
27016,1,5
27022,1,6
27027,1,5
27034,2,7
27039,1,5
27044,1,5
27050,1,6
27055,1,5
27060,0,5
27066,1,6
27071,1,5
27076,0,5
27082,1,6
27087,1,5
27092,0,5
27097,0,5
27103,1,6
27108,1,5
27113,0,5
27119,1,6
27124,1,5
27130,1,6
27135,1,5
27140,1,5
27145,0,5
27151,1,6
27156,1,5
27161,0,5
27166,0,5
27172,1,6
27177,1,5
27182,0,5
27188,1,6
27193,1,5
27198,0,5
27204,1,6
27209,1,5
27214,1,5
27219,0,5
27224,0,5
27230,1,6
27235,0,5
27241,1,6
27246,1,5
27251,0,5
27257,1,6
27262,1,5
27267,0,5
27272,0,5
27278,1,6
27283,1,5
27288,0,5
27293,0,5
27299,1,6
27304,1,5
27309,0,5
27314,0,5
27319,0,5
27325,1,6
27330,1,5
27335,0,5
27341,1,6
27346,1,5
27351,0,5
27356,0,5
27362,1,6
27367,1,5
27372,0,5
27377,0,5
27383,1,6
27388,1,5
27393,0,5
27398,0,5
27404,1,6
27409,1,5
27414,0,5
27419,0,5
27425,1,6
27430,1,5
27435,0,5
27440,0,5
27446,1,6
27451,0,5
27456,0,5
27461,0,5
27467,1,6
27472,0,5
27478,0,6
27484,1,6
27490,1,6
27495,0,5
27501,0,6
27507,1,6
27513,1,6
27518,0,5
27524,0,6
27530,0,6
27536,1,6
27541,0,5
27547,0,6
27553,1,6
27558,0,5
27563,0,5
27569,1,6
27574,0,5
27582,3,8
27588,0,6
27594,0,6
27600,1,6
27606,1,6
27611,0,5
27617,0,6
27623,0,6
27629,1,6
27635,1,6
27640,0,5
27646,0,6
27652,0,6
27658,0,6
27664,0,6
27670,1,6
27676,1,6
27681,0,5
27687,0,6
27693,0,6
27699,1,6
27705,1,6
27710,0,5
27716,0,6
27722,0,6
27728,0,6
27734,1,6
27740,1,6
27745,0,5
27751,0,6
27757,1,6
27763,1,6
27769,1,6
27775,1,6
27781,1,6
27787,1,6
27793,1,6
27799,1,6
27805,1,6
27811,1,6
27816,0,5
27822,0,6
27828,0,6
27834,0,6
27840,1,6
27846,1,6
27852,1,6
27858,1,6
27864,0,6
27871,1,7
27877,1,6
27883,1,6
27889,1,6
27894,0,5
27900,0,6
27906,1,6
27912,1,6
27918,1,6
27923,0,5
27929,0,6
27935,0,6
27941,1,6
27947,1,6
27952,0,5
27958,0,6
27964,1,6
27970,1,6
27975,0,5
27981,0,6
27987,0,6
27993,1,6
27999,1,6
28004,0,5
28011,0,7
28017,0,6
28023,0,6
28029,1,6
28035,1,6
28040,0,5
28046,0,6
28052,0,6
28058,1,6
28064,1,6
28070,1,6
28075,0,5
28081,0,6
28087,1,6
28093,1,6
28098,1,5
28105,1,7
28111,1,6
28118,1,7
28125,3,7
28132,1,7
28139,1,7
28145,1,6
28152,1,7
28158,0,6
28165,1,7
28172,1,7
28178,1,6
28185,1,7
28191,0,6
28198,1,7
28204,1,6
28209,1,5
28215,1,6
28220,1,5
28226,1,6
28231,1,5
28237,1,6
28242,1,5
28248,1,6
28253,1,5
28260,1,7
28265,1,5
28271,1,6
28276,1,5
28282,1,6
28287,1,5
28293,1,6
28298,1,5
28304,1,6
28309,1,5
28315,1,6
28320,1,5
28326,1,6
28332,1,6
28337,1,5
28343,1,6
28348,1,5
28354,1,6
28360,1,6
28365,1,5
28371,1,6
28376,1,5
28382,1,6
28387,1,5
28393,1,6
28398,1,5
28404,1,6
28409,1,5
28415,1,6
28420,1,5
28426,1,6
28431,1,5
28437,1,6
28442,1,5
28448,1,6
28453,1,5
28459,1,6
28465,2,6
28471,2,6
28476,1,5
28481,1,5
28487,1,6
28493,2,6
28498,1,5
28503,1,5
28510,2,7
28516,2,6
28521,1,5
28527,1,6
28532,1,5
28538,1,6
28544,2,6
28549,1,5
28555,1,6
28561,2,6
28567,2,6
28573,2,6
28579,2,6
28585,2,6
28590,1,5
28596,1,6
28602,2,6
28607,1,5
28613,1,6
28619,2,6
28624,1,5
28629,1,5
28635,1,6
28640,1,5
28646,1,6
28651,0,5
28658,2,7
28663,1,5
28669,2,6
28675,2,6
28680,1,5
28686,2,6
28691,1,5
28697,1,6
28703,2,6
28708,1,5
28714,2,6
28719,1,5
28725,1,6
28730,1,5
28736,1,6
28742,2,6
28747,1,5
28753,2,6
28759,2,6
28764,1,5
28770,2,6
28775,1,5
28781,2,6
28786,2,5
28791,1,5
28797,2,6
28802,1,5
28808,2,6
28813,2,5
28818,1,5
28824,2,6
28829,1,5
28835,2,6
28840,2,5
28845,1,5
28851,2,6
28856,1,5
28861,1,5
28867,2,6
28873,2,6
28878,2,5
28883,1,5
28888,1,5
28894,2,6
28899,1,5
28904,1,5
28910,2,6
28915,1,5
28920,1,5
28925,1,5
28931,1,6
28936,1,5
28942,2,6
28947,1,5
28952,1,5
28958,2,6
28963,1,5
28968,1,5
28973,1,5
28979,1,6
28984,1,5
28989,1,5
28995,1,6
29001,2,6
29006,1,5
29011,1,5
29017,2,6
29022,1,5
29028,2,6
29033,1,5
29039,2,6
29044,2,5
29049,1,5
29055,2,6
29060,1,5
29066,2,6
29071,1,5
29077,2,6
29082,2,5
29087,1,5
29093,2,6
29099,2,6
29108,3,9
29114,1,6
29120,1,6
29127,1,7
29132,1,5
29139,1,7
29145,2,6
29152,1,7
29161,4,9
29169,2,8
29177,2,8
29185,2,8
29192,1,7
29200,1,8
29209,2,9
29217,2,8
29225,2,8
29233,2,8
29241,2,8
29249,1,8
29256,1,7
29264,2,8
29271,1,7
29278,1,7
29285,1,7
29293,2,8
29300,1,7
29306,2,6
29311,1,5
29318,1,7
29324,1,6
29330,2,6
29335,1,5
29341,1,6
29348,2,7
29354,2,6
29359,1,5
29367,2,8
29375,2,8
29381,2,6
29387,2,6
29392,1,5
29398,2,6
29404,2,6
29409,1,5
29415,2,6
29421,2,6
29427,2,6
29432,1,5
29438,1,6
29444,2,6
29450,2,6
29455,1,5
29461,1,6
29467,2,6
29473,2,6
29479,2,6
29484,1,5
29490,2,6
29496,2,6
29501,1,5
29507,1,6
29513,2,6
29518,1,5
29524,2,6
29530,2,6
29535,1,5
29541,1,6
29547,2,6
29554,2,7
29560,2,6
29565,1,5
29571,2,6
29576,1,5
29582,1,6
29593,5,11
29597,2,4
29602,1,5
29608,2,6
29613,2,5
29618,1,5
29623,1,5
29629,1,6
29634,1,5
29640,2,6
29645,1,5
29651,2,6
29656,1,5
29662,2,6
29667,2,5
29672,1,5
29678,2,6
29683,2,5
29688,1,5
29693,1,5
29699,1,6
29705,2,6
29710,2,5
29715,1,5
29721,2,6
29726,1,5
29732,2,6
29736,1,4
29742,1,6
29748,2,6
29753,2,5
29762,5,9
29767,1,5
29772,1,5
29778,2,6
29783,1,5
29788,1,5
29794,1,6
29800,2,6
29805,2,5
29810,1,5
29816,2,6
29821,1,5
29826,1,5
29832,2,6
29837,1,5
29842,1,5
29848,1,6
29853,1,5
29859,2,6
29864,1,5
29869,1,5
29875,2,6
29880,1,5
29886,2,6
29891,1,5
29896,1,5
29902,2,6
29907,1,5
29913,2,6
29918,1,5
29923,1,5
29929,2,6
29934,1,5
29940,2,6
29945,1,5
29952,3,7
29956,1,4
29962,2,6
29969,3,7
29974,2,5
29979,2,5
29984,1,5
29990,2,6
29996,2,6
30001,2,5
30007,2,6
30012,2,5
30017,1,5
30023,2,6
30028,2,5
30034,2,6
30040,3,6
30045,2,5
30050,2,5
30055,1,5
30060,1,5
30067,2,7
30071,1,4
30077,2,6
30082,1,5
30088,2,6
30092,1,4
30098,1,6
30103,1,5
30108,1,5
30114,1,6
30119,1,5
30124,1,5
30129,1,5
30135,1,6
30140,1,5
30145,1,5
30151,1,6
30156,1,5
30161,1,5
30167,1,6
30172,1,5
30177,1,5
30183,1,6
30188,1,5
30193,1,5
30199,1,6
30204,1,5
30209,1,5
30214,0,5
30220,1,6
30225,1,5
30231,1,6
30236,1,5
30241,1,5
30246,0,5
30252,1,6
30257,1,5
30262,1,5
30267,0,5
30273,1,6
30278,1,5
30283,1,5
30288,0,5
30293,0,5
30299,1,6
30304,1,5
30310,1,6
30315,1,5
30320,1,5
30325,0,5
30331,1,6
30336,1,5
30341,1,5
30347,1,6
30352,1,5
30358,1,6
30363,1,5
30369,1,6
30374,1,5
30379,1,5
30384,0,5
30390,1,6
30395,1,5
30401,1,6
30406,1,5
30411,1,5
30416,0,5
30422,1,6
30427,1,5
30432,0,5
30438,1,6
30443,1,5
30448,0,5
30454,1,6
30459,1,5
30464,0,5
30470,1,6
30475,1,5
30480,0,5
30485,0,5
30491,1,6
30496,0,5
30502,1,6
30507,1,5
30513,1,6
30518,1,5
30523,0,5
30529,1,6
30534,1,5
30540,1,6
30545,1,5
30550,0,5
30556,1,6
30561,1,5
30566,0,5
30572,1,6
30577,1,5
30583,1,6
30588,1,5
30598,5,10
30603,1,5
30608,1,5
30613,0,5
30619,1,6
30624,1,5
30629,0,5
30635,1,6
30640,1,5
30645,1,5
30651,1,6
30656,1,5
30661,1,5
30666,1,5
30671,0,5
30677,1,6
30682,1,5
30687,1,5
30692,0,5
30698,1,6
30703,1,5
30708,1,5
30713,0,5
30718,0,5
30724,1,6
30729,1,5
30734,1,5
30739,0,5
30744,0,5
30750,1,6
30755,1,5
30760,1,5
30765,0,5
30770,0,5
30776,1,6
30781,1,5
30786,1,5
30791,0,5
30797,1,6
30802,1,5
30807,1,5
30813,1,6
30818,1,5
30823,1,5
30829,1,6
30834,1,5
30840,1,6
30845,1,5
30851,1,6
30856,1,5
30861,1,5
30866,0,5
30872,1,6
30877,1,5
30882,0,5
30888,1,6
30893,1,5
30898,0,5
30904,1,6
30909,1,5
30914,0,5
30920,1,6
30925,1,5
30930,0,5
30936,1,6
30941,0,5
30947,1,6
30952,1,5
30958,1,6
30963,1,5
30969,1,6
30974,1,5
30980,1,6
30985,1,5
30990,1,5
30996,1,6
31001,1,5
31006,0,5
31012,1,6
31017,1,5
31023,1,6
31028,1,5
31034,1,6
31039,1,5
31045,1,6
31050,1,5
31056,1,6
31061,1,5
31066,0,5
31073,1,7
31078,1,5
31084,0,6
31091,1,7
31097,1,6
31103,1,6
31109,1,6
31115,0,6
31122,1,7
31128,1,6
31134,1,6
31140,0,6
31146,0,6
31152,0,6
31159,1,7
31164,0,5
31170,0,6
31177,1,7
31183,1,6
31189,1,6
31195,1,6
31210,9,15
31211,5,1
31212,1,1
31217,0,5
31222,0,5
31228,1,6
31233,1,5
31238,0,5
31244,1,6
31249,1,5
31254,1,5
31259,0,5
31264,0,5
31269,0,5
31275,1,6
31280,1,5
31285,0,5
31290,0,5
31295,0,5
31301,1,6
31306,1,5
31311,0,5
31317,1,6
31322,1,5
31327,0,5
31333,1,6
31338,1,5
31343,1,5
31348,0,5
31354,1,6
31359,1,5
31364,1,5
31369,0,5
31374,0,5
31380,1,6
31385,1,5
31390,0,5
31395,0,5
31401,1,6
31406,1,5
31411,0,5
31417,1,6
31422,1,5
31427,1,5
31432,0,5
31437,0,5
31443,1,6
31448,1,5
31453,1,5
31458,0,5
31463,0,5
31468,0,5
31474,1,6
31479,1,5
31484,0,5
31490,1,6
31495,1,5
31500,1,5
31505,0,5
31511,1,6
31516,1,5
31522,1,6
31527,1,5
31532,1,5
31537,0,5
31543,1,6
31548,1,5
31553,0,5
31558,0,5
31564,1,6
31569,0,5
31575,1,6
31581,2,6
31586,1,5
31592,1,6
31597,1,5
31602,1,5
31607,0,5
31613,1,6
31618,1,5
31624,1,6
31629,1,5
31634,0,5
31640,1,6
31645,1,5
31650,0,5
31656,1,6
31661,0,5
31666,0,5
31672,1,6
31677,1,5
31682,0,5
31687,0,5
31693,1,6
31698,0,5
31703,0,5
31709,1,6
31714,1,5
31720,1,6
31726,1,6
31732,1,6
31737,1,5
31743,1,6
31750,1,7
31756,1,6
31763,1,7
31769,1,6
31775,0,6
31783,2,8
31791,2,8
31796,1,5
31802,1,6
31808,2,6
31813,1,5
31819,1,6
31825,2,6
31830,1,5
31836,2,6
31841,1,5
31850,4,9
31856,1,6
31863,1,7
31869,1,6
31875,0,6
31881,0,6
31888,1,7
31894,1,6
31900,1,6
31906,0,6
31913,1,7
31919,1,6
31925,1,6
31931,1,6
31937,1,6
31943,1,6
31949,0,6
31956,1,7
31962,1,6
31968,1,6
31974,1,6
31980,1,6
31986,0,6
31993,1,7
31999,1,6
32012,1,13
32018,1,6
32024,1,6
32030,1,6
32036,1,6
32042,1,6
32048,1,6
32054,1,6
32060,0,6
32066,0,6
32073,1,7
32078,0,5
32085,0,7
32092,1,7
32098,1,6
32105,1,7
32112,1,7
32118,1,6
32125,1,7
32132,1,7
32139,1,7
32148,2,9
32156,2,8
32163,1,7
32171,2,8
32179,2,8
32187,3,8
32194,1,7
32203,2,9
32210,1,7
32217,1,7
32225,2,8
32232,1,7
32239,1,7
32246,1,7
32252,0,6
32259,1,7
32269,4,10
32276,1,7
32283,1,7
32289,1,6
32296,1,7
32302,1,6
32308,0,6
32315,1,7
32321,1,6
32328,1,7
32334,1,6
32340,0,6
32347,1,7
32353,1,6
32360,1,7
32367,1,7
32373,1,6
32380,1,7
32387,1,7
32394,1,7
32401,1,7
32407,1,6
32415,2,8
32421,1,6
32428,1,7
32436,2,8
32443,1,7
32450,1,7
32458,3,8
32464,1,6
32470,1,6
32475,1,5
32480,1,5
32486,1,6
32491,1,5
32496,1,5
32502,1,6
32507,1,5
32512,1,5
32518,2,6
32523,1,5
32528,1,5
32533,1,5
32539,1,6
32544,1,5
32549,1,5
32554,1,5
32560,1,6
32565,1,5
32570,1,5
32575,0,5
32581,1,6
32586,1,5
32591,1,5
32596,0,5
32602,1,6
32607,1,5
32612,1,5
32618,1,6
32623,1,5
32628,1,5
32634,2,6
32639,1,5
32645,2,6
32650,1,5
32655,1,5
32661,2,6
32666,1,5
32672,2,6
32677,1,5
32682,1,5
32688,2,6
32693,1,5
32698,1,5
32703,1,5
32709,1,6
32714,1,5
32720,2,6
32725,1,5
32730,1,5
32735,1,5
32741,1,6
32746,1,5
32751,1,5
32757,1,6
32762,1,5
32768,2,6
32773,1,5
32779,2,6
32784,2,5
32790,2,6
32795,1,5
32800,1,5
32806,2,6
32811,1,5
32816,1,5
32822,2,6
32827,1,5
32832,1,5
32838,2,6
32843,1,5
32848,1,5
32854,2,6
32860,2,6
32865,1,5
32870,1,5
32876,2,6
32881,1,5
32886,1,5
32892,1,6
32897,1,5
32902,1,5
32908,1,6
32913,1,5
32919,2,6
32924,1,5
32929,1,5
32934,1,5
32940,1,6
32945,1,5
32951,2,6
32956,1,5
32961,1,5
32967,1,6
32972,1,5
32978,2,6
32983,1,5
32988,1,5
32994,2,6
32999,1,5
33005,2,6
33010,2,5
33015,1,5
33021,2,6
33026,1,5
33033,1,7
33039,0,6
33046,1,7
33053,1,7
33061,2,8
33068,1,7
33075,2,7
33082,1,7
33089,2,7
33096,1,7
33103,1,7
33110,2,7
33117,1,7
33125,2,8
33133,2,8
33140,2,7
33147,2,7
33154,2,7
33160,1,6
33167,1,7
33174,1,7
33181,1,7
33187,1,6
33193,1,6
33200,2,7
33205,1,5
33210,1,5
33218,2,8
33223,1,5
33228,1,5
33234,1,6
33240,2,6
33246,2,6
33251,1,5
33258,3,7
33263,2,5
33269,2,6
33274,1,5
33280,1,6
33286,2,6
33291,1,5
33297,2,6
33302,1,5
33308,1,6
33314,2,6
33319,1,5
33324,0,5
33330,1,6
33336,1,6
33342,2,6
33348,2,6
33356,3,8
33363,1,7
33370,1,7
33376,1,6
33383,2,7
33388,1,5
33394,2,6
33399,1,5
33406,2,7
33411,1,5
33416,1,5
33422,1,6
33427,1,5
33433,1,6
33439,2,6
33444,1,5
33450,2,6
33455,1,5
33461,1,6
33466,1,5
33472,1,6
33478,2,6
33485,1,7
33491,2,6
33496,1,5
33502,1,6
33511,1,9
33519,2,8
33527,2,8
33534,1,7
33541,1,7
33548,1,7
33556,2,8
33566,4,10
33573,1,7
33580,1,7
33587,1,7
33594,2,7
33600,1,6
33610,4,10
33617,1,7
33625,2,8
33634,2,9
33640,1,6
33648,1,8
33655,1,7
33662,2,7
33670,1,8
33677,1,7
33684,2,7
33690,1,6
33696,1,6
33702,1,6
33708,0,6
33715,1,7
33721,1,6
33727,1,6
33733,0,6
33740,1,7
33746,1,6
33752,1,6
33758,1,6
33764,1,6
33770,0,6
33777,1,7
33783,1,6
33789,1,6
33795,1,6
33801,0,6
33808,1,7
33814,1,6
33820,1,6
33826,0,6
33833,1,7
33840,1,7
33846,1,6
33852,1,6
33858,1,6
33864,1,6
33870,0,6
33877,1,7
33883,1,6
33889,1,6
33895,1,6
33901,0,6
33908,1,7
33914,1,6
33920,1,6
33927,1,7
33933,1,6
33940,1,7
33946,1,6
33952,0,6
33959,1,7
33965,1,6
33971,1,6
33977,1,6
33984,1,7
33990,1,6
33996,0,6
34003,1,7
34009,1,6
34015,1,6
34021,1,6
34028,1,7
34034,1,6
34041,1,7
34047,1,6
34053,1,6
34059,1,6
34065,0,6
34071,0,6
34078,1,7
34085,2,7
34092,2,7
34098,1,6
34104,0,6
34111,1,7
34117,1,6
34124,1,7
34131,1,7
34138,1,7
34144,1,6
34151,1,7
34157,1,6
34164,1,7
34170,1,6
34177,1,7
34184,1,7
34190,1,6
34197,1,7
34203,1,6
34209,0,6
34216,1,7
34222,1,6
34228,0,6
34235,1,7
34241,1,6
34251,2,10
34259,2,8
34266,1,7
34272,1,6
34278,1,6
34284,0,6
34291,1,7
34297,1,6
34303,0,6
34310,1,7
34316,1,6
34322,1,6
34328,0,6
34335,1,7
34341,1,6
34348,2,7
34356,1,8
34362,1,6
34369,1,7
34375,0,6
34382,1,7
34388,1,6
34394,1,6
34401,1,7
34407,1,6
34414,1,7
34420,1,6
34426,1,6
34432,0,6
34438,0,6
34445,1,7
34452,1,7
34458,1,6
34465,1,7
34471,1,6
34484,1,13
34491,1,7
34500,1,9
34507,2,7
34513,1,6
34520,1,7
34527,1,7
34536,1,9
34544,1,8
34550,1,6
34557,1,7
34564,1,7
34570,1,6
34577,1,7
34584,2,7
34590,1,6
34596,1,6
34602,1,6
34609,1,7
34615,1,6
34621,1,6
34627,1,6
34633,1,6
34639,1,6
34645,0,6
34652,1,7
34658,1,6
34665,1,7
34671,1,6
34677,1,6
34683,0,6
34690,1,7
34696,1,6
34702,1,6
34708,0,6
34715,1,7
34721,1,6
34727,1,6
34733,0,6
34739,0,6
34746,1,7
34752,1,6
34758,1,6
34764,1,6
34770,0,6
34777,1,7
34783,1,6
34789,1,6
34795,1,6
34801,0,6
34808,1,7
34814,1,6
34820,1,6
34826,1,6
34833,1,7
34840,1,7
34847,2,7
34854,2,7
34861,1,7
34867,1,6
34874,1,7
34881,1,7
34888,1,7
34895,2,7
34901,1,6
34908,1,7
34914,1,6
34921,1,7
34927,1,6
34934,1,7
34940,1,6
34947,1,7
34954,2,7
34960,1,6
34967,1,7
34974,2,7
34980,1,6
34987,1,7
34994,1,7
35000,1,6
35007,1,7
35013,1,6
35019,0,6
35025,1,6
35030,0,5
35036,1,6
35041,1,5
35046,0,5
35052,1,6
35057,1,5
35063,1,6
35068,1,5
35073,0,5
35079,1,6
35084,1,5
35090,1,6
35097,1,7
35103,1,6
35109,0,6
35115,0,6
35122,1,7
35128,1,6
35135,1,7
35142,1,7
35152,1,10
35159,2,7
35165,1,6
35172,1,7
35179,1,7
35185,1,6
35192,1,7
35203,2,11
35209,1,6
35216,1,7
35222,0,6
35229,1,7
35235,1,6
35241,1,6
35248,1,7
35256,2,8
35262,1,6
35270,2,8
35278,2,8
35285,1,7
35293,2,8
35300,1,7
35307,1,7
35315,2,8
35325,4,10
35336,1,11
35343,1,7
35349,1,6
35355,1,6
35361,1,6
35368,1,7
35374,1,6
35380,1,6
35386,1,6
35393,1,7
35399,1,6
35406,1,7
35412,1,6
35418,1,6
35424,1,6
35430,0,6
35437,1,7
35443,1,6
35449,0,6
35455,0,6
35462,1,7
35468,1,6
35474,1,6
35480,1,6
35486,1,6
35492,1,6
35499,1,7
35505,1,6
35511,1,6
35517,1,6
35523,0,6
35530,1,7
35536,1,6
35542,1,6
35549,1,7
35555,1,6
35562,1,7
35568,1,6
35575,1,7
35582,1,7
35588,1,6
35595,1,7
35602,1,7
35608,1,6
35616,2,8
35622,1,6
35629,1,7
35636,1,7
35642,1,6
35649,1,7
35656,1,7
35664,2,8
35671,1,7
35678,2,7
35685,2,7
35692,2,7
35698,1,6
35705,1,7
35712,1,7
35719,1,7
35726,1,7
35732,1,6
35738,1,6
35745,1,7
35751,1,6
35758,1,7
35764,1,6
35771,1,7
35777,1,6
35783,0,6
35790,1,7
35797,1,7
35803,1,6
35810,1,7
35818,2,8
35825,1,7
35833,2,8
35839,2,6
35844,1,5
35849,1,5
35855,1,6
35860,1,5
35866,1,6
35872,2,6
35877,1,5
35883,1,6
35889,2,6
35895,2,6
35900,1,5
35907,1,7
35914,2,7
35919,1,5
35925,1,6
35931,1,6
35939,2,8
35944,1,5
35950,2,6
35960,2,10
35965,1,5
35970,1,5
35976,1,6
35982,2,6
35987,1,5
35993,1,6
35999,2,6
36004,1,5
36010,1,6
36016,2,6
36021,1,5
36027,1,6
36033,2,6
36038,1,5
36043,1,5
36049,1,6
36054,1,5
36059,0,5
36065,1,6
36070,0,5
36076,1,6
36082,2,6
36087,1,5
36092,1,5
36097,0,5
36103,1,6
36109,1,6
36114,1,5
36119,1,5
36125,1,6
36130,1,5
36135,0,5
36141,1,6
36146,1,5
36152,1,6
36157,1,5
36163,1,6
36170,3,7
36174,1,4
36179,1,5
36185,1,6
36191,2,6
36196,1,5
36202,2,6
36207,1,5
36227,16,20
36228,11,1
36229,7,1
36229,2,0
36233,1,4
36239,1,6
36244,1,5
36249,1,5
36255,1,6
36260,1,5
36265,1,5
36270,1,5
36276,1,6
36282,2,6
36287,1,5
36292,1,5
36298,2,6
36303,1,5
36309,2,6
36314,1,5
36319,1,5
36325,2,6
36330,1,5
36335,1,5
36341,2,6
36346,1,5
36351,1,5
36357,2,6
36362,1,5
36368,2,6
36373,2,5
36378,1,5
36383,1,5
36389,2,6
36394,1,5
36400,2,6
36405,1,5
36411,2,6
36416,2,5
36422,2,6
36427,2,5
36432,1,5
36437,1,5
36442,1,5
36448,1,6
36454,2,6
36459,2,5
36465,2,6
36470,2,5
36475,1,5
36480,1,5
36486,2,6
36491,1,5
36497,2,6
36502,1,5
36508,2,6
36513,2,5
36518,1,5
36523,1,5
36529,2,6
36534,1,5
36539,1,5
36545,2,6
36550,1,5
36555,1,5
36561,2,6
36566,1,5
36571,1,5
36577,2,6
36582,1,5
36587,1,5
36593,1,6
36599,2,6
36603,1,4
36609,1,6
36614,1,5
36619,1,5
36625,1,6
36630,1,5
36635,1,5
36641,1,6
36646,1,5
36651,1,5
36656,0,5
36662,1,6
36667,1,5
36672,1,5
36677,0,5
36683,1,6
36688,1,5
36693,1,5
36699,1,6
36704,1,5
36710,1,6
36715,1,5
36720,1,5
36726,2,6
36731,1,5
36736,1,5
36741,1,5
36747,1,6
36752,1,5
36757,1,5
36763,1,6
36768,1,5
36773,1,5
36778,0,5
36784,1,6
36789,1,5
36794,1,5
36800,1,6
36805,1,5
36810,1,5
36815,0,5
36821,1,6
36827,1,6
36832,1,5
36837,1,5
36842,1,5
36847,0,5
36853,1,6
36858,1,5
36863,1,5
36868,0,5
36874,1,6
36879,1,5
36884,0,5
36890,1,6
36895,1,5
36900,1,5
36905,0,5
36911,1,6
36917,2,6
36922,1,5
36927,1,5
36932,1,5
36937,0,5
36943,1,6
36948,1,5
36954,1,6
36959,1,5
36964,0,5
36970,1,6
36975,0,5
36981,1,6
36986,1,5
36992,1,6
36998,2,6
37003,1,5
37009,1,6
37014,1,5
37019,1,5
37025,1,6
37031,1,6
37036,1,5
37042,1,6
37047,1,5
37053,1,6
37058,1,5
37064,1,6
37069,1,5
37074,0,5
37080,1,6
37085,1,5
37091,1,6
37096,1,5
37102,1,6
37107,1,5
37113,1,6
37118,1,5
37124,1,6
37129,1,5
37135,1,6
37140,1,5
37146,2,6
37151,1,5
37156,1,5
37162,1,6
37167,1,5
37173,1,6
37178,1,5
37184,1,6
37189,1,5
37195,1,6
37200,0,5
37206,1,6
37211,1,5
37217,1,6
37222,1,5
37228,1,6
37233,1,5
37239,1,6
37244,1,5
37249,0,5
37255,1,6
37262,1,7
37267,1,5
37273,1,6
37278,1,5
37284,1,6
37289,1,5
37294,0,5
37300,1,6
37305,1,5
37311,1,6
37322,7,11
37323,2,1
37328,1,5
37335,1,7
37341,1,6
37348,1,7
37355,1,7
37361,1,6
37368,1,7
37374,1,6
37381,1,7
37388,1,7
37394,1,6
37401,1,7
37408,1,7
37414,1,6
37421,1,7
37427,1,6
37434,1,7
37441,1,7
37448,2,7
37454,1,6
37461,1,7
37468,1,7
37475,1,7
37482,2,7
37488,1,6
37495,1,7
37501,1,6
37508,1,7
37515,1,7
37521,1,6
37528,1,7
37535,1,7
37542,1,7
37548,1,6
37555,1,7
37562,2,7
37568,1,6
37575,1,7
37581,1,6
37588,1,7
37596,2,8
37602,1,6
37608,1,6
37613,1,5
37619,1,6
37624,1,5
37630,1,6
37635,1,5
37640,1,5
37645,0,5
37651,1,6
37656,1,5
37661,1,5
37667,1,6
37672,1,5
37677,1,5
37683,1,6
37688,1,5
37693,1,5
37698,1,5
37704,1,6
37709,1,5
37714,1,5
37719,0,5
37725,1,6
37730,1,5
37735,1,5
37741,1,6
37746,1,5
37751,1,5
37757,1,6
37762,1,5
37767,1,5
37772,1,5
37778,1,6
37783,1,5
37788,1,5
37793,1,5
37798,0,5
37804,1,6
37809,1,5
37814,1,5
37819,0,5
37824,0,5
37830,1,6
37835,1,5
37841,1,6
37845,0,4
37851,1,6
37856,1,5
37861,0,5
37866,0,5
37871,0,5
37877,1,6
37882,1,5
37887,0,5
37892,0,5
37897,0,5
37903,1,6
37908,1,5
37913,1,5
37918,0,5
37923,0,5
37929,1,6
37934,1,5
37939,0,5
37944,0,5
37950,1,6
37955,1,5
37960,1,5
37965,0,5
37971,1,6
37976,1,5
37981,1,5
37986,0,5
37991,0,5
37997,1,6
38002,1,5
38007,1,5
38012,0,5
38018,1,6
38023,1,5
38028,1,5
38033,0,5
38038,0,5
38044,1,6
38049,1,5
38055,2,6
38060,1,5
38066,2,6
38071,1,5
38076,1,5
38081,1,5
38086,0,5
38092,1,6
38099,2,7
38104,2,5
38109,1,5
38114,1,5
38120,1,6
38126,2,6
38131,1,5
38136,1,5
38142,1,6
38147,1,5
38152,1,5
38157,0,5
38163,1,6
38168,1,5
38173,1,5
38179,1,6
38184,1,5
38189,1,5
38194,0,5
38200,1,6
38205,1,5
38210,1,5
38215,0,5
38221,1,6
38226,1,5
38231,1,5
38237,1,6
38242,1,5
38247,1,5
38252,0,5
38258,1,6
38263,1,5
38269,1,6
38274,1,5
38279,1,5
38284,0,5
38290,1,6
38295,1,5
38301,1,6
38306,1,5
38312,1,6
38317,1,5
38323,1,6
38328,1,5
38333,0,5
38339,1,6
38344,0,5
38350,1,6
38356,1,6
38361,1,5
38367,1,6
38373,2,6
38378,1,5
38384,1,6
38390,2,6
38395,1,5
38401,2,6
38406,1,5
38412,1,6
38417,1,5
38423,1,6
38428,1,5
38435,2,7
38440,1,5
38445,1,5
38451,2,6
38456,1,5
38461,1,5
38467,2,6
38472,1,5
38477,1,5
38482,1,5
38488,1,6
38493,1,5
38498,1,5
38504,1,6
38509,1,5
38514,1,5
38519,1,5
38525,1,6
38530,1,5
38535,1,5
38540,0,5
38545,0,5
38551,1,6
38556,1,5
38562,1,6
38567,1,5
38572,1,5
38577,1,5
38583,1,6
38588,1,5
38593,1,5
38599,1,6
38604,1,5
38609,1,5
38614,1,5
38620,1,6
38626,2,6
38631,1,5
38636,1,5
38642,1,6
38647,1,5
38653,1,6
38659,2,6
38664,1,5
38669,0,5
38675,1,6
38680,1,5
38685,0,5
38691,1,6
38696,0,5
38702,1,6
38707,1,5
38712,0,5
38718,1,6
38723,0,5
38729,1,6
38734,1,5
38740,1,6
38746,1,6
38751,1,5
38756,0,5
38762,1,6
38767,1,5
38773,1,6
38778,1,5
38784,1,6
38789,1,5
38795,1,6
38800,1,5
38806,1,6
38811,1,5
38817,1,6
38822,1,5
38828,1,6
38834,2,6
38839,1,5
38845,1,6
38852,2,7
38859,2,7
38866,2,7
38873,1,7
38880,1,7
38886,1,6
38892,0,6
38899,1,7
38905,1,6
38911,1,6
38918,1,7
38925,1,7
38934,4,9
38940,1,6
38947,1,7
38953,1,6
38961,2,8
38969,2,8
38977,2,8
38985,2,8
38993,2,8
39000,1,7
39008,2,8
39017,3,9
39020,1,3
39026,1,6
39032,1,6
39038,1,6
39044,1,6
39051,1,7
39057,1,6
39064,1,7
39070,1,6
39077,1,7
39083,1,6
39090,1,7
39096,1,6
39102,1,6
39109,1,7
39116,2,7
39123,1,7
39128,1,5
39134,1,6
39139,1,5
39147,1,8
39152,1,5
39157,1,5
39163,1,6
39168,1,5
39173,1,5
39179,1,6
39184,1,5
39189,1,5
39194,1,5
39200,1,6
39205,1,5
39210,1,5
39215,0,5
39221,1,6
39226,1,5
39231,1,5
39237,1,6
39242,1,5
39247,1,5
39253,1,6
39258,1,5
39263,1,5
39269,1,6
39274,1,5
39279,1,5
39284,1,5
39290,1,6
39295,1,5
39300,1,5
39306,1,6
39311,1,5
39316,1,5
39322,1,6
39327,1,5
39332,1,5
39342,1,10
39347,1,5
39360,2,13
39371,2,11
39378,1,7
39384,1,6
39391,1,7
39398,1,7
39405,1,7
39412,2,7
39419,2,7
39427,2,8
39435,3,8
39444,3,9
39452,2,8
39460,2,8
39469,2,9
39477,2,8
39485,2,8
39493,2,8
39500,1,7
39508,2,8
39516,2,8
39523,1,7
39531,2,8
39539,2,8
39547,2,8
39554,1,7
39561,1,7
39569,2,8
39576,2,7
39583,2,7
39590,1,7
39596,1,6
39601,1,5
39607,1,6
39613,1,6
39619,2,6
39624,1,5
39630,1,6
39636,2,6
39642,2,6
39647,1,5
39653,2,6
39658,1,5
39663,1,5
39669,1,6
39675,2,6
39680,1,5
39687,2,7
39691,1,4
39697,1,6
39703,1,6
39708,1,5
39714,1,6
39719,1,5
39725,1,6
39730,1,5
39735,1,5
39741,1,6
39746,1,5
39753,1,7
39758,1,5
39764,1,6
39769,1,5
39774,0,5
39786,7,12
39793,1,7
39800,1,7
39806,1,6
39813,1,7
39821,2,8
39827,1,6
39833,1,6
39839,1,6
39845,0,6
39852,1,7
39858,1,6
39864,1,6
39870,1,6
39877,1,7
39883,1,6
39889,0,6
39895,0,6
39902,1,7
39908,1,6
39914,1,6
39920,0,6
39926,0,6
39932,0,6
39939,1,7
39945,1,6
39951,1,6
39957,1,6
39963,1,6
39970,1,7
39976,0,6
39983,1,7
39989,1,6
39996,1,7
40002,1,6
40008,1,6
40015,1,7
40022,2,7
40028,1,6
40034,0,6
40041,1,7
40047,1,6
40054,1,7
40061,1,7
40067,1,6
40074,1,7
40081,2,7
40089,1,8
40096,1,7
40102,1,6
40108,1,6
40114,1,6
40120,0,6
40127,1,7
40133,1,6
40139,0,6
40145,0,6
40152,1,7
40158,1,6
40165,1,7
40171,1,6
40177,1,6
40183,0,6
40189,0,6
40195,0,6
40201,0,6
40207,0,6
40213,1,6
40218,1,5
40223,1,5
40228,0,5
40234,1,6
40239,1,5
40244,0,5
40249,0,5
40255,1,6
40260,1,5
40266,1,6
40271,1,5
40277,1,6
40282,1,5
40287,1,5
40293,1,6
40298,1,5
40303,0,5
40309,1,6
40314,1,5
40319,0,5
40325,1,6
40330,1,5
40335,0,5
40340,0,5
40346,1,6
40351,1,5
40356,0,5
40362,1,6
40367,1,5
40372,0,5
40378,1,6
40383,1,5
40388,0,5
40394,1,6
40399,1,5
40404,0,5
40409,0,5
40415,1,6
40420,1,5
40425,0,5
40431,1,6
40436,1,5
40442,1,6
40447,1,5
40453,1,6
40458,1,5
40464,1,6
40469,1,5
40475,1,6
40480,1,5
40485,1,5
40490,0,5
40496,1,6
40501,1,5
40507,1,6
40512,1,5
40517,0,5
40523,1,6
40529,1,6
40535,1,6
40541,0,6
40547,0,6
40554,1,7
40562,3,8
40568,1,6
40574,1,6
40579,0,5
40586,1,7
40592,1,6
40599,1,7
40606,1,7
40613,1,7
40620,1,7
40627,1,7
40634,1,7
40640,1,6
40647,1,7
40653,1,6
40660,1,7
40667,2,7
40674,1,7
40682,2,8
40688,1,6
40695,1,7
40702,1,7
40709,1,7
40716,1,7
40723,1,7
40730,1,7
40737,1,7
40744,2,7
40751,2,7
40758,1,7
40766,2,8
40772,1,6
40779,1,7
40785,1,6
40793,1,8
40802,1,9
40808,1,6
40815,1,7
40821,1,6
40828,1,7
40838,1,10
40845,1,7
40851,1,6
40857,1,6
40864,1,7
40870,1,6
40876,1,6
40883,1,7
40889,1,6
40896,1,7
40903,1,7
40909,1,6
40916,1,7
40922,1,6
40929,1,7
40935,1,6
40942,1,7
40948,1,6
40954,1,6
40960,1,6
40967,1,7
40973,1,6
40979,1,6
40985,1,6
40992,1,7
40998,1,6
41004,0,6
41011,1,7
41017,1,6
41024,1,7
41030,1,6
41037,1,7
41043,1,6
41050,1,7
41056,1,6
41062,0,6
41068,0,6
41075,1,7
41081,1,6
41087,1,6
41093,0,6
41099,0,6
41105,0,6
41111,0,6
41117,0,6
41124,1,7
41130,1,6
41136,1,6
41142,1,6
41148,0,6
41154,0,6
41161,1,7
41167,1,6
41174,1,7
41180,1,6
41187,1,7
41193,1,6
41200,1,7
41206,1,6
41213,1,7
41219,1,6
41226,1,7
41242,7,16
41243,3,1
41246,1,3
41252,1,6
41257,1,5
41262,1,5
41268,1,6
41273,1,5
41278,1,5
41284,1,6
41289,1,5
41294,0,5
41299,0,5
41305,1,6
41310,1,5
41316,1,6
41321,1,5
41327,1,6
41332,1,5
41337,1,5
41342,0,5
41348,1,6
41353,1,5
41358,1,5
41365,2,7
41371,3,6
41374,0,3
41383,1,9
41390,1,7
41397,1,7
41403,1,6
41410,1,7
41416,1,6
41423,1,7
41429,1,6
41435,1,6
41442,1,7
41448,1,6
41455,1,7
41461,1,6
41468,1,7
41474,1,6
41480,1,6
41486,0,6
41493,1,7
41499,1,6
41505,1,6
41511,0,6
41517,0,6
41524,1,7
41530,1,6
41536,1,6
41543,1,7
41549,1,6
41556,1,7
41563,1,7
41569,1,6
41576,1,7
41583,1,7
41590,2,7
41597,1,7
41604,1,7
41612,2,8
41619,2,7
41625,1,6
41632,1,7
41639,2,7
41646,2,7
41652,1,6
41659,1,7
41666,1,7
41673,1,7
41679,1,6
41686,1,7
41693,1,7
41700,1,7
41706,1,6
41711,1,5
41717,1,6
41723,2,6
41728,1,5
41734,1,6
41739,1,5
41745,1,6
41751,2,6
41756,1,5
41762,2,6
41767,1,5
41773,1,6
41778,1,5
41784,1,6
41789,1,5
41794,0,5
41800,1,6
41805,1,5
41811,1,6
41816,1,5
41822,1,6
41827,1,5
41832,1,5
41838,1,6
41844,2,6
41849,1,5
41855,2,6
41860,1,5
41865,0,5
41871,1,6
41878,3,7
41882,1,4
41889,1,7
41896,2,7
41903,2,7
41910,2,7
41916,1,6
41921,0,5
41928,1,7
41933,1,5
41938,0,5
41944,1,6
41949,1,5
41955,1,6
41960,1,5
41966,1,6
41971,1,5
41976,0,5
41982,1,6
41987,1,5
41993,1,6
41999,2,6
42004,1,5
42011,1,7
42018,1,7
42024,1,6
42032,2,8
42037,1,5
42044,1,7
42049,1,5
42056,1,7
42063,2,7
42069,2,6
42077,2,8
42084,1,7
42090,1,6
42095,1,5
42101,1,6
42106,1,5
42112,1,6
42120,4,8
42125,1,5
42130,1,5
42136,1,6
42141,1,5
42147,1,6
42153,2,6
42159,2,6
42164,1,5
42170,1,6
42175,1,5
42181,1,6
42189,3,8
42194,1,5
42199,1,5
42206,2,7
42210,1,4
42216,1,6
42221,0,5
42227,1,6
42232,1,5
42237,0,5
42243,1,6
42248,1,5
42254,1,6
42260,2,6
42265,1,5
42270,1,5
42276,1,6
42281,1,5
42287,1,6
42292,1,5
42298,1,6
42303,1,5
42310,2,7
42315,1,5
42320,1,5
42328,3,8
42331,1,3
42337,1,6
42342,1,5
42347,1,5
42353,1,6
42358,1,5
42363,1,5
42369,1,6
42374,1,5
42379,1,5
42385,1,6
42390,1,5
42395,1,5
42402,1,7
42407,1,5
42413,1,6
42418,1,5
42423,1,5
42429,1,6
42434,1,5
42439,1,5
42450,6,11
42451,2,1
42456,1,5
42461,1,5
42466,1,5
42472,1,6
42477,1,5
42482,1,5
42487,1,5
42493,1,6
42498,1,5
42503,1,5
42508,0,5
42514,1,6
42519,1,5
42524,0,5
42530,1,6
42535,1,5
42540,1,5
42545,0,5
42551,1,6
42557,2,6
42562,1,5
42568,2,6
42573,1,5
42578,1,5
42584,2,6
42589,2,5
42594,1,5
42599,1,5
42604,1,5
42610,1,6
42615,1,5
42621,2,6
42626,1,5
42632,2,6
42636,1,4
42641,1,5
42647,1,6
42652,1,5
42657,1,5
42663,2,6
42668,1,5
42673,1,5
42678,1,5
42684,1,6
42689,1,5
42694,1,5
42699,1,5
42705,1,6
42710,1,5
42715,1,5
42720,1,5
42725,1,5
42731,1,6
42736,1,5
42741,1,5
42746,1,5
42751,0,5
42757,1,6
42762,1,5
42767,1,5
42772,1,5
42777,0,5
42783,1,6
42788,1,5
42793,1,5
42798,1,5
42803,0,5
42809,1,6
42814,1,5
42819,1,5
42824,1,5
42829,0,5
42834,0,5
42840,1,6
42845,1,5
42850,0,5
42855,0,5
42861,1,6
42866,1,5
42875,4,9
42883,2,8
42889,1,6
42896,1,7
42902,2,6
42908,2,6
42913,1,5
42919,1,6
42924,1,5
42930,1,6
42935,1,5
42941,1,6
42946,1,5
42952,1,6
42958,2,6
42964,1,6
42970,2,6
42975,1,5
42980,1,5
42987,2,7
42991,1,4
42996,1,5
43002,1,6
43008,2,6
43013,2,5
43018,1,5
43023,1,5
43028,1,5
43034,1,6
43039,1,5
43044,1,5
43049,1,5
43055,1,6
43060,1,5
43066,2,6
43071,1,5
43076,1,5
43081,1,5
43087,1,6
43092,1,5
43097,1,5
43102,1,5
43108,1,6
43113,1,5
43118,1,5
43124,1,6
43129,1,5
43134,1,5
43140,2,6
43145,1,5
43150,1,5
43155,1,5
43161,1,6
43166,1,5
43171,1,5
43177,1,6
43182,1,5
43187,1,5
43192,1,5
43198,1,6
43203,1,5
43209,2,6
43214,1,5
43219,1,5
43224,1,5
43230,1,6
43235,1,5
43240,1,5
43246,1,6
43251,1,5
43257,2,6
43262,1,5
43267,1,5
43272,1,5
43278,1,6
43283,1,5
43288,1,5
43293,1,5
43299,1,6
43304,1,5
43310,2,6
43315,1,5
43320,1,5
43325,1,5
43331,1,6
43336,1,5
43341,1,5
43347,1,6
43352,1,5
43357,1,5
43363,1,6
43368,1,5
43373,1,5
43378,1,5
43384,1,6
43389,1,5
43394,1,5
43399,1,5
43407,3,8
43410,1,3
43416,1,6
43422,1,6
43428,2,6
43433,1,5
43439,2,6
43444,1,5
43450,1,6
43456,2,6
43462,2,6
43467,1,5
43473,2,6
43478,1,5
43484,2,6
43489,2,5
43494,1,5
43500,2,6
43505,1,5
43510,1,5
43516,2,6
43522,2,6
43527,2,5
43532,1,5
43537,1,5
43543,2,6
43548,1,5
43554,2,6
43559,2,5
43564,1,5
43570,2,6
43575,1,5
43581,2,6
43586,1,5
43592,2,6
43597,1,5
43602,1,5
43608,2,6
43613,1,5
43618,1,5
43624,2,6
43629,1,5
43634,1,5
43640,2,6
43645,1,5
43650,1,5
43656,2,6
43661,1,5
43666,1,5
43671,1,5
43677,2,6
43682,1,5
43688,2,6
43693,2,5
43699,2,6
43704,2,5
43709,1,5
43714,1,5
43720,2,6
43726,2,6
43731,2,5
43736,1,5
43742,2,6
43747,2,5
43752,1,5
43758,2,6
43763,1,5
43768,1,5
43774,2,6
43779,1,5
43785,2,6
43790,2,5
43802,8,12
43803,2,1
43808,2,5
43813,1,5
43818,1,5
43823,1,5
43829,1,6
43834,1,5
43840,2,6
43846,2,6
43851,2,5
43859,3,8
43864,2,5
43869,1,5
43875,2,6
43880,2,5
43885,1,5
43891,2,6
43896,1,5
43901,1,5
43906,1,5
43911,0,5
43917,1,6
43922,1,5
43927,0,5
43933,1,6
43938,1,5
43943,1,5
43948,0,5
43954,1,6
43959,1,5
43964,1,5
43969,0,5
43975,1,6
43980,1,5
43985,1,5
43990,0,5
43997,2,7
44002,1,5
44008,2,6
44013,2,5
44019,2,6
44024,2,5
44029,1,5
44035,2,6
44040,1,5
44045,1,5
44051,2,6
44056,1,5
44061,1,5
44067,2,6
44072,1,5
44077,1,5
44083,2,6
44088,1,5
44093,1,5
44099,2,6
44104,1,5
44110,2,6
44115,2,5
44120,1,5
44126,2,6
44131,1,5
44136,1,5
44142,2,6
44147,2,5
44152,1,5
44158,2,6
44163,1,5
44169,2,6
44174,2,5
44179,1,5
44184,1,5
44190,2,6
44195,1,5
44201,2,6
44206,2,5
44211,1,5
44216,1,5
44222,2,6
44227,1,5
44233,2,6
44238,2,5
44243,1,5
44249,2,6
44254,2,5
44259,1,5
44265,2,6
44270,1,5
44275,1,5
44280,1,5
44286,1,6
44291,1,5
44296,1,5
44301,1,5
44308,1,7
44313,1,5
44318,1,5
44324,1,6
44329,1,5
44334,1,5
44339,1,5
44344,0,5
44350,1,6
44355,1,5
44360,0,5
44366,1,6
44372,0,6
44378,1,6
44383,1,5
44388,1,5
44394,1,6
44399,1,5
44404,1,5
44410,1,6
44415,1,5
44420,1,5
44425,0,5
44431,1,6
44436,1,5
44441,1,5
44447,1,6
44452,1,5
44457,1,5
44462,0,5
44467,0,5
44473,1,6
44478,1,5
44483,0,5
44489,1,6
44494,1,5
44499,1,5
44504,0,5
44513,1,9
44518,1,5
44523,1,5
44528,1,5
44534,1,6
44539,1,5
44544,1,5
44550,1,6
44555,1,5
44560,1,5
44566,1,6
44571,1,5
44576,1,5
44582,2,6
44587,1,5
44592,1,5
44597,1,5
44603,1,6
44608,1,5
44614,2,6
44619,1,5
44624,1,5
44629,1,5
44635,1,6
44640,1,5
44645,1,5
44650,1,5
44655,0,5
44661,1,6
44666,1,5
44671,1,5
44677,1,6
44682,1,5
44688,1,6
44694,1,6
44699,1,5
44704,1,5
44710,1,6
44715,1,5
44720,1,5
44725,1,5
44731,1,6
44738,1,7
44743,0,5
44749,1,6
44754,1,5
44759,1,5
44765,1,6
44770,1,5
44775,1,5
44780,0,5
44786,1,6
44791,1,5
44796,1,5
44801,0,5
44807,1,6
44812,1,5
44817,1,5
44822,0,5
44827,0,5
44833,1,6
44838,1,5
44844,1,6
44849,1,5
44854,1,5
44859,0,5
44865,1,6
44870,1,5
44876,2,6
44881,1,5
44886,1,5
44891,0,5
44901,2,10
44912,2,11
44916,1,4
44921,0,5
44927,1,6
44932,1,5
44937,1,5
44942,0,5
44948,1,6
44953,1,5
44958,1,5
44963,0,5
44968,0,5
44974,1,6
44979,1,5
44984,1,5
44990,1,6
44995,1,5
45000,1,5
45005,0,5
45011,1,6
45017,2,6
45021,1,4
45027,1,6
45032,1,5
45037,0,5
45043,1,6
45048,1,5
45054,1,6
45059,1,5
45064,1,5
45069,1,5
45075,1,6
45081,1,6
45086,1,5
45091,1,5
45097,1,6
45102,1,5
45107,0,5
45113,1,6
45118,1,5
45123,1,5
45129,1,6
45134,1,5
45139,1,5
45144,0,5
45150,1,6
45155,1,5
45160,1,5
45165,0,5
45170,0,5
45176,1,6
45181,1,5
45186,0,5
45192,1,6
45197,1,5
45202,1,5
45207,0,5
45213,1,6
45218,1,5
45223,1,5
45229,1,6
45234,1,5
45239,1,5
45244,0,5
45250,1,6
45255,1,5
45261,1,6
45266,1,5
45271,1,5
45277,2,6
45282,1,5
45287,1,5
45294,2,7
45300,1,6
45305,1,5
45311,1,6
45316,1,5
45322,1,6
45327,1,5
45333,1,6
45338,1,5
45343,0,5
45349,1,6
45354,1,5
45360,1,6
45365,1,5
45371,1,6
45376,1,5
45382,1,6
45387,1,5
45393,1,6
45398,1,5
45404,1,6
45409,1,5
45415,1,6
45420,1,5
45426,1,6
45431,1,5
45437,1,6
45442,1,5
45448,1,6
45455,2,7
45460,1,5
45466,2,6
45471,1,5
45477,2,6
45482,1,5
45488,1,6
45494,2,6
45499,1,5
45505,2,6
45510,1,5
45515,1,5
45521,1,6
45526,1,5
45531,1,5
45536,0,5
45542,1,6
45547,1,5
45553,1,6
45558,0,5
45564,1,6
45569,1,5
45575,1,6
45580,1,5
45585,0,5
45591,1,6
45596,1,5
45601,0,5
45607,1,6
45612,1,5
45618,1,6
45623,1,5
45629,1,6
45634,1,5
45639,0,5
45645,1,6
45650,1,5
45656,1,6
45661,1,5
45667,1,6
45672,1,5
45677,1,5
45683,1,6
45688,1,5
45693,1,5
45698,0,5
45704,1,6
45709,1,5
45714,1,5
45720,1,6
45725,1,5
45730,1,5
45735,0,5
45741,1,6
45746,1,5
45751,1,5
45757,1,6
45762,1,5
45767,1,5
45773,1,6
45778,1,5
45783,1,5
45788,1,5
45794,1,6
45799,1,5
45804,1,5
45810,1,6
45815,1,5
45820,1,5
45826,1,6
45831,1,5
45836,1,5
45841,1,5
45847,1,6
45852,1,5
45857,1,5
45863,1,6
45868,1,5
45873,1,5
45878,1,5
45884,1,6
45889,1,5
45894,1,5
45900,1,6
45905,1,5
45910,1,5
45916,1,6
45921,1,5
45926,1,5
45932,1,6
45937,1,5
45942,1,5
45948,1,6
45953,1,5
45959,2,6
45964,1,5
45970,2,6
45975,2,5
45980,1,5
45986,2,6
45991,1,5
45996,1,5
46002,2,6
46007,1,5
46013,2,6
46018,1,5
46024,2,6
46029,2,5
46034,1,5
46039,1,5
46044,1,5
46050,1,6
46055,1,5
46061,2,6
46066,1,5
46071,1,5
46077,2,6
46082,1,5
46087,1,5
46093,1,6
46098,1,5
46103,1,5
46109,1,6
46115,2,6
46119,1,4
46125,1,6
46130,1,5
46135,1,5
46141,1,6
46148,2,7
46153,2,5
46158,1,5
46163,1,5
46169,2,6
46175,2,6
46179,1,4
46185,1,6
46190,1,5
46195,1,5
46201,1,6
46206,1,5
46211,1,5
46217,1,6
46223,2,6
46228,1,5
46234,2,6
46239,2,5
46272,29,33
46274,26,2
46275,22,1
46277,18,2
46278,14,1
46279,10,1
46280,6,1
46281,1,1
46287,2,6
46292,2,5
46302,6,10
46303,1,1
46314,5,11
46321,1,7
46327,1,6
46333,1,6
46339,1,6
46345,1,6
46351,1,6
46357,1,6
46363,0,6
46370,1,7
46375,0,5
46381,1,6
46387,1,6
46394,1,7
46400,1,6
46407,1,7
46413,1,6
46419,0,6
46425,0,6
46432,1,7
46438,1,6
46444,1,6
46450,1,6
46456,1,6
46463,1,7
46469,1,6
46476,1,7
46484,1,8
46490,1,6
46496,1,6
46502,1,6
46509,1,7
46515,1,6
46521,1,6
46528,1,7
46534,1,6
46541,1,7
46547,1,6
46555,1,8
46562,1,7
46570,2,8
46577,1,7
46584,1,7
46592,2,8
46599,1,7
46606,1,7
46613,1,7
46620,1,7
46627,1,7
46635,2,8
46642,1,7
46649,1,7
46656,1,7
46664,3,8
46669,2,5
46675,2,6
46681,2,6
46686,1,5
46692,2,6
46697,1,5
46702,1,5
46707,1,5
46712,0,5
46718,1,6
46723,1,5
46728,0,5
46733,0,5
46739,1,6
46744,1,5
46749,0,5
46754,0,5
46760,1,6
46765,1,5
46770,1,5
46775,0,5
46781,1,6
46786,1,5
46792,2,6
46796,0,4
46802,1,6
46807,1,5
46812,1,5
46818,1,6
46823,1,5
46828,1,5
46833,0,5
46838,0,5
46844,1,6
46849,1,5
46854,0,5
46860,1,6
46865,1,5
46870,1,5
46875,0,5
46881,1,6
46886,1,5
46891,1,5
46896,0,5
46902,1,6
46907,1,5
46912,1,5
46918,1,6
46923,0,5
46929,1,6
46934,1,5
46939,1,5
46944,0,5
46950,1,6
46955,1,5
46961,1,6
46966,1,5
46971,1,5
46976,0,5
46982,1,6
46987,1,5
46992,1,5
46998,1,6
47003,1,5
47008,1,5
47013,0,5
47019,1,6
47024,1,5
47029,1,5
47034,0,5
47039,0,5
47045,1,6
47050,1,5
47055,0,5
47061,1,6
47067,1,6
47073,1,6
47080,1,7
47086,1,6
47092,1,6
47098,1,6
47104,1,6
47111,1,7
47117,1,6
47123,1,6
47129,1,6
47135,0,6
47142,1,7
47148,1,6
47154,1,6
47160,0,6
47166,0,6
47173,1,7
47179,1,6
47186,1,7
47192,1,6
47198,1,6
47204,0,6
47211,1,7
47217,1,6
47223,1,6
47230,1,7
47236,1,6
47243,1,7
47249,1,6
47256,1,7
47262,1,6
47269,1,7
47275,1,6
47282,1,7
47288,1,6
47295,1,7
47301,1,6
47308,1,7
47314,0,6
47321,1,7
47328,1,7
47334,1,6
47340,0,6
47347,1,7
47353,1,6
47362,3,9
47369,1,7
47375,2,6
47380,1,5
47386,1,6
47391,1,5
47397,1,6
47403,2,6
47409,2,6
47414,1,5
47420,2,6
47425,1,5
47431,1,6
47436,1,5
47442,2,6
47447,1,5
47452,1,5
47458,2,6
47463,1,5
47468,1,5
47474,1,6
47479,1,5
47485,2,6
47490,1,5
47496,2,6
47501,1,5
47507,2,6
47511,1,4
47518,1,7
47524,2,6
47529,1,5
47534,1,5
47540,2,6
47545,1,5
47550,1,5
47556,2,6
47561,1,5
47566,1,5
47572,2,6
47577,1,5
47582,1,5
47588,2,6
47594,2,6
47598,1,4
47604,2,6
47609,1,5
47614,1,5
47619,1,5
47624,0,5
47630,1,6
47635,1,5
47640,1,5
47645,0,5
47651,1,6
47656,1,5
47661,1,5
47667,1,6
47672,1,5
47677,1,5
47683,1,6
47688,1,5
47693,1,5
47698,0,5
47704,1,6
47709,1,5
47714,1,5
47720,1,6
47725,1,5
47730,1,5
47735,1,5
47740,0,5
47745,0,5
47751,1,6
47756,1,5
47761,0,5
47767,1,6
47772,1,5
47777,0,5
47782,0,5
47788,1,6
47793,1,5
47798,1,5
47804,1,6
47810,2,6
47814,0,4
47819,0,5
47825,1,6
47830,1,5
47836,1,6
47841,1,5
47846,1,5
47851,1,5
47857,1,6
47862,1,5
47867,1,5
47873,1,6
47878,1,5
47883,1,5
47888,0,5
47894,1,6
47899,1,5
47905,1,6
47910,1,5
47915,0,5
47921,1,6
47926,1,5
47931,0,5
47937,1,6
47942,1,5
47947,0,5
47953,1,6
47958,1,5
47963,0,5
47969,1,6
47974,1,5
47979,0,5
47985,1,6
47990,1,5
47996,1,6
48001,1,5
48006,0,5
48012,1,6
48018,1,6
48023,1,5
48030,2,7
48035,2,5
48041,2,6
48046,1,5
48051,1,5
48057,2,6
48063,2,6
48068,1,5
48074,2,6
48079,2,5
48084,1,5
48090,2,6
48095,2,5
48100,1,5
48105,1,5
48110,1,5
48116,1,6
48121,1,5
48127,2,6
48132,1,5
48137,1,5
48145,4,8
48151,1,6
48157,2,6
48162,1,5
48169,2,7
48174,2,5
48179,1,5
48185,1,6
48190,1,5
48195,1,5
48202,1,7
48207,0,5
48213,1,6
48219,2,6
48224,1,5
48234,6,10
48234,0,0
48243,1,9
48248,1,5
48255,3,7
48260,2,5
48265,1,5
48271,2,6
48275,1,4
48281,1,6
48286,1,5
48291,1,5
48297,1,6
48304,3,7
48310,2,6
48316,2,6
48320,1,4
48326,1,6
48331,1,5
48336,1,5
48342,1,6
48347,1,5
48353,2,6
48358,1,5
48364,2,6
48369,1,5
48374,1,5
48379,1,5
48385,1,6
48390,1,5
48395,1,5
48402,2,7
48409,2,7
48415,2,6
48423,2,8
48428,1,5
48434,2,6
48439,1,5
48444,1,5
48450,2,6
48455,1,5
48460,1,5
48466,2,6
48471,1,5
48477,2,6
48482,2,5
48487,1,5
48493,2,6
48498,1,5
48504,2,6
48510,1,6
48515,0,5
48521,1,6
48526,1,5
48532,1,6
48537,1,5
48542,1,5
48561,1,19
48566,1,5
48571,1,5
48577,1,6
48582,1,5
48587,1,5
48593,1,6
48598,1,5
48603,1,5
48609,1,6
48614,1,5
48619,1,5
48625,1,6
48630,1,5
48635,0,5
48640,0,5
48646,1,6
48653,1,7
48658,0,5
48666,3,8
48670,1,4
48676,2,6
48681,1,5
48687,2,6
48692,1,5
48698,2,6
48703,2,5
48709,2,6
48714,2,5
48720,2,6
48725,1,5
48731,2,6
48736,2,5
48741,1,5
48746,1,5
48752,2,6
48758,2,6
48763,2,5
48769,2,6
48774,2,5
48779,1,5
48785,2,6
48791,2,6
48796,2,5
48801,1,5
48807,2,6
48812,2,5
48817,1,5
48823,2,6
48828,1,5
48834,2,6
48839,1,5
48844,1,5
48850,2,6
48855,1,5
48861,2,6
48866,1,5
48872,2,6
48877,2,5
48882,1,5
48888,1,6
48893,1,5
48908,2,15
48912,0,4
48918,1,6
48923,1,5
48928,0,5
48934,1,6
48939,1,5
48944,1,5
48950,1,6
48955,1,5
48960,1,5
48965,1,5
48971,1,6
48976,1,5
48981,1,5
48987,2,6
48992,1,5
48999,2,7
49004,1,5
49011,3,7
49016,2,5
49021,2,5
49026,1,5
49031,1,5
49036,1,5
49042,1,6
49056,2,14
49062,1,6
49067,1,5
49072,1,5
49077,1,5
49083,1,6
49088,1,5
49094,1,6
49099,1,5
49105,2,6
49110,1,5
49115,1,5
49121,1,6
49126,1,5
49131,1,5
49137,1,6
49143,2,6
49148,1,5
49153,1,5
49159,2,6
49164,1,5
49170,2,6
49176,2,6
49181,1,5
49187,2,6
49192,2,5
49198,2,6
49203,2,5
49208,1,5
49213,1,5
49218,1,5
49224,1,6
49229,1,5
49234,1,5
49239,1,5
49245,1,6
49250,1,5
49256,1,6
49261,0,5
49267,1,6
49272,1,5
49277,1,5
49282,0,5
49288,1,6
49293,1,5
49299,2,6
49304,1,5
49310,2,6
49315,1,5
49321,2,6
49325,1,4
49330,0,5
49336,1,6
49341,1,5
49346,1,5
49351,0,5
49357,1,6
49362,1,5
49367,0,5
49372,0,5
49378,1,6
49383,1,5
49388,1,5
49393,0,5
49399,1,6
49404,1,5
49409,1,5
49414,0,5
49420,1,6
49425,1,5
49431,2,6
49435,0,4
49441,1,6
49446,1,5
49451,0,5
49456,0,5
49462,1,6
49467,1,5
49472,1,5
49478,1,6
49483,1,5
49488,1,5
49493,0,5
49499,1,6
49504,1,5
49509,1,5
49514,1,5
49519,0,5
49524,0,5
49530,1,6
49535,1,5
49540,1,5
49545,0,5
49551,1,6
49556,1,5
49561,1,5
49566,0,5
49572,1,6
49577,1,5
49582,1,5
49587,0,5
49593,1,6
49598,1,5
49603,1,5
49608,0,5
49613,0,5
49618,0,5
49624,1,6
49629,1,5
49634,0,5
49639,0,5
49644,0,5
49650,1,6
49655,1,5
49660,0,5
49665,0,5
49671,1,6
49676,1,5
49681,0,5
49686,0,5
49692,1,6
49697,1,5
49702,0,5
49708,1,6
49713,1,5
49718,1,5
49723,0,5
49729,1,6
49734,1,5
49739,1,5
49744,0,5
49749,0,5
49755,1,6
49760,1,5
49765,0,5
49770,0,5
49776,1,6
49781,1,5
49786,1,5
49791,0,5
49796,0,5
49801,0,5
49807,1,6
49812,1,5
49817,0,5
49822,0,5
49828,1,6
49833,1,5
49838,1,5
49843,0,5
49849,1,6
49854,1,5
49859,1,5
49864,0,5
49870,1,6
49875,1,5
49880,1,5
49885,0,5
49890,0,5
49896,1,6
49901,1,5
49906,1,5
49911,0,5
49916,0,5
49922,1,6
49927,1,5
49932,1,5
49937,0,5
49943,1,6
49948,1,5
49953,1,5
49958,0,5
49964,1,6
49969,1,5
49974,1,5
49979,0,5
49985,1,6
49990,1,5
49995,1,5
50000,0,5
50006,1,6
50011,1,5
50016,1,5
50021,0,5
50027,1,6
50032,1,5
50037,1,5
50043,0,6
50049,1,6
50054,1,5
50059,1,5
50064,0,5
50069,0,5
50075,1,6
50080,1,5
50085,0,5
50090,0,5
50096,1,6
50101,1,5
50106,0,5
50111,0,5
50117,1,6
50122,1,5
50127,1,5
50132,0,5
50138,1,6
50143,1,5
50148,1,5
50153,0,5
50159,1,6
50164,1,5
50169,1,5
50174,0,5
50180,1,6
50185,1,5
50190,1,5
50195,1,5
50200,0,5
50206,1,6
50211,1,5
50216,1,5
50221,0,5
50226,0,5
50232,1,6
50237,1,5
50242,0,5
50248,1,6
50253,1,5
50258,1,5
50263,0,5
50269,1,6
50274,1,5
50279,1,5
50284,0,5
50290,1,6
50295,1,5
50300,1,5
50305,0,5
50310,0,5
50316,1,6
50321,1,5
50326,0,5
50331,0,5
50337,1,6
50342,1,5
50347,1,5
50353,1,6
50358,1,5
50363,1,5
50368,0,5
50373,0,5
50379,1,6
50384,1,5
50389,1,5
50394,0,5
50400,1,6
50405,1,5
50410,1,5
50415,0,5
50420,0,5
50426,1,6
50431,1,5
50436,1,5
50441,0,5
50446,0,5
50451,0,5
50457,1,6
50462,1,5
50467,0,5
50472,0,5
50477,0,5
50483,1,6
50488,1,5
50493,0,5
50499,1,6
50504,1,5
50509,1,5
50514,0,5
50519,0,5
50525,1,6
50530,1,5
50535,1,5
50540,0,5
50545,0,5
50551,1,6
50556,1,5
50561,1,5
50566,0,5
50571,0,5
50577,1,6
50582,1,5
50587,1,5
50592,0,5
50597,0,5
50603,1,6
50608,1,5
50613,0,5
50618,0,5
50624,1,6
50629,1,5
50634,1,5
50639,0,5
50644,0,5
50650,1,6
50655,1,5
50660,0,5
50666,1,6
50671,1,5
50676,1,5
50681,0,5
50686,0,5
50692,1,6
50697,1,5
50702,1,5
50707,0,5
50713,1,6
50718,1,5
50723,1,5
50728,0,5
50733,0,5
50739,1,6
50744,1,5
50749,0,5
50754,0,5
50760,1,6
50765,1,5
50770,1,5
50775,0,5
50781,1,6
50786,1,5
50791,1,5
50796,0,5
50802,1,6
50807,1,5
50812,1,5
50817,0,5
50822,0,5
50828,1,6
50833,1,5
50838,0,5
50843,0,5
50849,1,6
50854,1,5
50859,0,5
50865,1,6
50870,1,5
50875,1,5
50881,1,6
50886,1,5
50891,1,5
50896,0,5
50902,1,6
50907,1,5
50912,1,5
50918,1,6
50923,1,5
50928,1,5
50933,0,5
50939,1,6
50944,1,5
50949,1,5
50955,1,6
50960,1,5
50965,1,5
50970,1,5
50976,1,6
50981,1,5
50986,1,5
50992,1,6
50997,1,5
51002,1,5
51007,1,5
51013,1,6
51018,1,5
51023,1,5
51029,1,6
51034,1,5
51039,1,5
51044,1,5
51049,0,5
51055,1,6
51060,1,5
51065,1,5
51071,1,6
51076,1,5
51081,1,5
51088,2,7
51092,1,4
51098,1,6
51103,1,5
51108,1,5
51114,1,6
51119,1,5
51124,1,5
51129,1,5
51134,0,5
51140,1,6
51145,1,5
51150,1,5
51156,1,6
51161,1,5
51167,2,6
51172,1,5
51177,1,5
51182,1,5
51188,1,6
51193,1,5
51198,1,5
51204,1,6
51209,1,5
51214,0,5
51220,1,6
51225,1,5
51230,0,5
51236,1,6
51241,0,5
51247,1,6
51253,1,6
51258,1,5
51263,1,5
51270,1,7
51284,10,14
51285,6,1
51285,0,0
51291,1,6
51296,1,5
51301,1,5
51306,0,5
51312,1,6
51317,1,5
51322,1,5
51327,0,5
51333,1,6
51338,1,5
51343,0,5
51349,1,6
51354,1,5
51360,1,6
51365,1,5
51370,1,5
51376,1,6
51381,1,5
51386,1,5
51391,1,5
51397,1,6
51402,1,5
51407,1,5
51412,0,5
51418,1,6
51423,1,5
51428,1,5
51433,0,5
51439,1,6
51444,1,5
51449,0,5
51455,1,6
51460,1,5
51465,1,5
51470,1,5
51475,0,5
51482,2,7
51486,0,4
51492,1,6
51497,1,5
51502,1,5
51507,0,5
51512,0,5
51518,1,6
51523,1,5
51528,0,5
51533,0,5
51539,1,6
51544,1,5
51549,1,5
51555,1,6
51560,1,5
51565,1,5
51571,1,6
51576,1,5
51581,1,5
51587,1,6
51592,1,5
51598,2,6
51603,1,5
51608,1,5
51614,2,6
51619,1,5
51624,1,5
51630,1,6
51635,1,5
51640,1,5
51646,1,6
51651,1,5
51656,1,5
51662,2,6
51667,1,5
51672,1,5
51678,1,6
51683,1,5
51688,1,5
51694,1,6
51699,1,5
51706,1,7
51711,1,5
51716,1,5
51721,0,5
51727,1,6
51732,1,5
51737,1,5
51742,0,5
51748,1,6
51753,1,5
51758,1,5
51763,0,5
51769,1,6
51774,1,5
51779,0,5
51785,1,6
51790,1,5
51795,1,5
51801,1,6
51806,1,5
51811,1,5
51816,0,5
51822,1,6
51827,1,5
51832,1,5
51837,0,5
51843,1,6
51848,1,5
51853,1,5
51859,1,6
51864,1,5
51869,1,5
51874,1,5
51879,0,5
51885,1,6
51890,1,5
51895,1,5
51900,1,5
51906,1,6
51911,1,5
51916,1,5
51921,0,5
51927,1,6
51932,1,5
51937,1,5
51942,0,5
51948,1,6
51953,1,5
51958,1,5
51963,0,5
51969,1,6
51974,1,5
51979,1,5
51984,1,5
51989,0,5
51995,1,6
52000,1,5
52005,1,5
52010,0,5
52016,1,6
52021,1,5
52026,1,5
52032,1,6
52037,1,5
52042,1,5
52047,0,5
52053,1,6
52058,1,5
52063,1,5
52068,1,5
52074,1,6
52079,1,5
52084,1,5
52089,1,5
52094,0,5
52100,1,6
52105,1,5
52110,1,5
52115,0,5
52121,1,6
52126,1,5
52131,1,5
52137,1,6
52142,1,5
52147,1,5
52152,1,5
52158,1,6
52163,1,5
52168,1,5
52173,1,5
52178,0,5
52184,1,6
52189,1,5
52194,1,5
52199,0,5
52205,1,6
52210,1,5
52215,0,5
52221,1,6
52226,1,5
52231,1,5
52238,2,7
52242,1,4
52247,1,5
52253,1,6
52258,1,5
52264,1,6
52269,1,5
52275,1,6
52280,1,5
52285,0,5
52291,1,6
52296,1,5
52302,1,6
52307,1,5
52313,1,6
52318,1,5
52323,1,5
52329,1,6
52334,1,5
52340,1,6
52345,1,5
52350,0,5
52356,1,6
52361,1,5
52367,1,6
52372,1,5
52378,1,6
52383,1,5
52388,1,5
52393,1,5
52399,1,6
52404,1,5
52409,1,5
52414,0,5
52420,1,6
52425,1,5
52430,1,5
52436,1,6
52441,1,5
52446,1,5
52451,0,5
52457,1,6
52462,1,5
52467,1,5
52473,1,6
52478,1,5
52483,1,5
52489,1,6
52494,1,5
52499,1,5
52505,1,6
52510,1,5
52515,1,5
52521,2,6
52525,0,4
52531,1,6
52536,1,5
52541,1,5
52546,0,5
52552,1,6
52557,1,5
52562,1,5
52568,1,6
52573,1,5
52578,1,5
52583,0,5
52589,1,6
52594,1,5
52599,1,5
52604,0,5
52610,0,6
52616,0,6
52622,0,6
52629,1,7
52635,1,6
52641,1,6
52647,1,6
52653,1,6
52659,1,6
52665,1,6
52671,1,6
52677,0,6
52683,0,6
52690,1,7
52696,1,6
52701,0,5
52708,1,7
52714,1,6
52720,1,6
52726,1,6
52731,0,5
52737,0,6
52743,0,6
52750,1,7
52756,1,6
52762,1,6
52768,1,6
52774,1,6
52780,0,6
52787,1,7
52793,1,6
52799,1,6
52805,1,6
52811,1,6
52817,1,6
52824,1,7
52829,1,5
52834,0,5
52839,0,5
52845,1,6
52850,1,5
52855,1,5
52860,0,5
52866,1,6
52871,1,5
52876,1,5
52881,0,5
52887,1,6
52892,1,5
52897,1,5
52902,0,5
52907,0,5
52913,1,6
52918,1,5
52923,1,5
52928,0,5
52934,1,6
52939,1,5
52944,1,5
52949,0,5
52955,1,6
52960,1,5
52965,1,5
52970,0,5
52976,1,6
52981,1,5
52986,1,5
52991,0,5
52997,1,6
53002,1,5
53007,0,5
53013,1,6
53018,1,5
53023,1,5
53029,1,6
53035,1,6
53040,1,5
53045,1,5
53050,0,5
53056,1,6
53061,1,5
53066,1,5
53071,0,5
53083,7,12
53085,3,2
53089,1,4
53094,1,5
53099,0,5
53105,1,6
53111,2,6
53115,1,4
53121,1,6
53126,1,5
53132,2,6
53137,1,5
53143,2,6
53148,1,5
53153,1,5
53158,1,5
53164,2,6
53169,1,5
53175,2,6
53180,1,5
53186,2,6
53191,2,5
53196,1,5
53202,2,6
53207,2,5
53212,1,5
53218,2,6
53223,1,5
53228,1,5
53233,1,5
53239,1,6
53244,1,5
53250,2,6
53255,2,5
53260,1,5
53266,1,6
53271,1,5
53276,1,5
53282,1,6
53287,1,5
53292,1,5
53298,1,6
53304,2,6
53309,2,5
53314,1,5
53319,1,5
53325,1,6
53330,1,5
53336,2,6
53341,1,5
53346,1,5
53352,2,6
53357,1,5
53362,1,5
53368,2,6
53374,2,6
53379,2,5
53384,1,5
53389,1,5
53395,1,6
53400,1,5
53405,1,5
53410,1,5
53416,1,6
53421,1,5
53426,1,5
53432,1,6
53437,1,5
53442,1,5
53447,1,5
53453,1,6
53458,1,5
53464,2,6
53469,1,5
53475,2,6
53480,1,5
53486,2,6
53494,1,8
53499,1,5
53504,1,5
53510,1,6
53515,1,5
53520,1,5
53525,1,5
53531,1,6
53536,1,5
53541,1,5
53547,1,6
53552,1,5
53557,1,5
53563,1,6
53568,1,5
53573,1,5
53578,1,5
53583,0,5
53589,1,6
53594,1,5
53600,2,6
53605,1,5
53611,2,6
53616,1,5
53621,1,5
53627,2,6
53632,1,5
53637,1,5
53642,1,5
53648,1,6
53653,1,5
53658,1,5
53664,2,6
53669,1,5
53675,1,6
53681,1,6
53686,1,5
53691,1,5
53696,1,5
53702,1,6
53708,2,6
53713,2,5
53718,1,5
53723,1,5
53729,2,6
53734,1,5
53740,2,6
53745,2,5
53751,2,6
53756,2,5
53761,1,5
53767,2,6
53772,1,5
53778,2,6
53783,1,5
53789,2,6
53794,1,5
53799,1,5
53805,2,6
53811,2,6
53816,2,5
53821,1,5
53827,2,6
53832,2,5
53837,1,5
53843,2,6
53848,1,5
53854,2,6
53859,2,5
53864,1,5
53870,2,6
53875,2,5
53880,1,5
53886,2,6
53891,1,5
53896,1,5
53902,2,6
53907,1,5
53912,1,5
53918,2,6
53923,1,5
53928,1,5
53934,2,6
53939,1,5
53944,1,5
53950,2,6
53955,1,5
53960,1,5
53965,1,5
53971,1,6
53976,1,5
53982,2,6
53987,1,5
53993,2,6
53998,2,5
54004,2,6
54009,2,5
54014,1,5
54019,1,5
54029,2,10
54034,1,5
54040,2,6
54045,1,5
54050,1,5
54056,2,6
54061,1,5
54067,2,6
54072,2,5
54077,1,5
54083,2,6
54088,1,5
54093,1,5
54098,1,5
54103,1,5
54109,1,6
54118,2,9
54123,1,5
54128,1,5
54133,1,5
54139,1,6
54144,1,5
54149,1,5
54155,1,6
54160,1,5
54165,1,5
54171,1,6
54176,1,5
54181,1,5
54186,0,5
54192,1,6
54197,1,5
54202,1,5
54208,1,6
54213,1,5
54218,1,5
54223,0,5
54229,1,6
54234,1,5
54239,0,5
54245,1,6
54250,1,5
54255,1,5
54260,0,5
54266,1,6
54271,1,5
54276,1,5
54282,1,6
54287,1,5
54292,1,5
54298,1,6
54303,1,5
54308,1,5
54313,0,5
54319,1,6
54324,1,5
54329,0,5
54335,1,6
54342,1,7
54347,1,5
54352,1,5
54358,1,6
54363,1,5
54368,1,5
54374,1,6
54379,1,5
54384,1,5
54390,1,6
54395,1,5
54400,1,5
54405,1,5
54410,0,5
54416,1,6
54421,1,5
54426,1,5
54431,0,5
54437,1,6
54442,1,5
54447,1,5
54452,0,5
54458,1,6
54463,1,5
54468,1,5
54474,1,6
54479,1,5
54484,0,5
54490,1,6
54495,1,5
54500,1,5
54505,0,5
54511,1,6
54516,1,5
54521,1,5
54526,0,5
54532,1,6
54537,1,5
54542,1,5
54547,1,5
54552,0,5
54558,1,6
54563,1,5
54569,1,6
54574,1,5
54579,1,5
54584,1,5
54589,0,5
54595,1,6
54600,1,5
54605,1,5
54610,0,5
54616,1,6
54621,1,5
54626,0,5
54632,1,6
54637,1,5
54642,1,5
54647,0,5
54653,1,6
54658,1,5
54663,1,5
54668,0,5
54674,1,6
54679,1,5
54684,1,5
54690,1,6
54696,2,6
54700,1,4
54706,1,6
54711,1,5
54716,1,5
54722,1,6
54727,1,5
54732,1,5
54738,1,6
54743,1,5
54748,1,5
54754,1,6
54759,1,5
54764,1,5
54769,1,5
54775,1,6
54780,1,5
54785,1,5
54791,1,6
54796,1,5
54801,1,5
54807,1,6
54812,1,5
54817,1,5
54822,1,5
54828,1,6
54833,1,5
54838,1,5
54844,1,6
54849,1,5
54854,1,5
54859,0,5
54865,1,6
54870,1,5
54875,1,5
54880,0,5
54886,1,6
54891,1,5
54896,1,5
54902,1,6
54907,1,5
54912,1,5
54917,0,5
54922,0,5
54928,1,6
54933,1,5
54938,1,5
54943,0,5
54949,1,6
54954,1,5
54959,0,5
54965,1,6
54970,1,5
54975,1,5
54980,1,5
54985,0,5
54991,1,6
54996,1,5
55001,1,5
55007,1,6
55012,1,5
55017,1,5
55023,1,6
55028,1,5
55033,1,5
55038,1,5
55044,1,6
55049,1,5
55054,1,5
55059,0,5
55065,1,6
55070,1,5
55075,1,5
55080,0,5
55086,1,6
55091,1,5
55096,1,5
55102,1,6
55107,1,5
55112,1,5
55118,2,6
55123,1,5
55128,1,5
55133,1,5
55139,1,6
55145,1,6
55151,2,6
55156,1,5
55161,1,5
55166,1,5
55171,1,5
55177,1,6
55182,1,5
55187,1,5
55192,0,5
55198,1,6
55203,1,5
55208,1,5
55213,0,5
55219,1,6
55225,1,6
55230,1,5
55235,1,5
55241,1,6
55246,1,5
55251,1,5
55256,0,5
55262,1,6
55267,1,5
55272,1,5
55277,0,5
55283,1,6
55288,1,5
55293,1,5
55299,1,6
55304,1,5
55309,1,5
55315,1,6
55320,1,5
55325,1,5
55330,1,5
55335,0,5
55341,1,6
55346,1,5
55352,1,6
55357,1,5
55362,1,5
55367,1,5
55372,0,5
55378,1,6
55383,1,5
55388,1,5
55394,1,6
55399,1,5
55404,1,5
55409,0,5
55415,1,6
55420,1,5
55425,1,5
55430,0,5
55438,1,8
55443,1,5
55448,0,5
55453,0,5
55459,1,6
55464,1,5
55469,1,5
55474,0,5
55479,0,5
55485,1,6
55490,1,5
55496,1,6
55501,1,5
55506,1,5
55511,0,5
55516,0,5
55522,1,6
55527,1,5
55532,1,5
55537,0,5
55542,0,5
55548,1,6
55553,1,5
55558,1,5
55563,0,5
55569,1,6
55574,1,5
55579,1,5
55584,0,5
55589,0,5
55595,1,6
55600,1,5
55605,1,5
55611,1,6
55616,1,5
55621,1,5
55626,0,5
55632,1,6
55637,1,5
55642,1,5
55648,1,6
55653,1,5
55658,1,5
55663,0,5
55669,1,6
55674,1,5
55679,1,5
55684,0,5
55689,0,5
55695,1,6
55700,1,5
55705,0,5
55711,1,6
55716,1,5
55721,1,5
55726,0,5
55731,0,5
55736,0,5
55742,1,6
55747,1,5
55752,0,5
55758,1,6
55763,1,5
55768,1,5
55773,0,5
55779,1,6
55784,1,5
55789,1,5
55795,1,6
55800,1,5
55805,1,5
55810,1,5
55816,1,6
55821,1,5
55826,1,5
55831,1,5
55836,0,5
55842,1,6
55847,1,5
55852,1,5
55857,0,5
55863,1,6
55868,1,5
55873,1,5
55879,1,6
55884,0,5
55890,1,6
55895,1,5
55900,1,5
55906,1,6
55911,1,5
55916,1,5
55921,1,5
55926,0,5
55932,1,6
55937,1,5
55942,1,5
55947,0,5
55953,1,6
55958,1,5
55963,1,5
55968,0,5
55974,1,6
55979,1,5
55984,1,5
55989,0,5
55995,1,6
56000,1,5
56005,1,5
56010,0,5
56016,1,6
56021,1,5
56026,1,5
56031,1,5
56036,0,5
56042,1,6
56047,1,5
56052,1,5
56057,0,5
56062,0,5
56067,0,5
56073,1,6
56078,1,5
56083,1,5
56088,0,5
56094,1,6
56099,1,5
56104,1,5
56109,0,5
56115,1,6
56120,1,5
56125,1,5
56130,0,5
56135,0,5
56141,1,6
56146,1,5
56151,1,5
56157,1,6
56162,1,5
56167,1,5
56172,0,5
56177,0,5
56183,1,6
56188,1,5
56193,1,5
56198,0,5
56204,1,6
56209,1,5
56215,2,6
56220,1,5
56225,1,5
56230,1,5
56236,1,6
56241,1,5
56246,1,5
56251,0,5
56256,0,5
56262,1,6
56267,1,5
56272,0,5
56277,0,5
56283,1,6
56294,7,11
56294,1,0
56298,0,4
56303,0,5
56309,1,6
56314,1,5
56319,0,5
56324,0,5
56330,1,6
56335,1,5
56340,0,5
56346,1,6
56351,1,5
56357,2,6
56362,1,5
56367,1,5
56372,1,5
56378,1,6
56383,1,5
56388,1,5
56394,1,6
56399,1,5
56404,1,5
56409,1,5
56414,0,5
56420,1,6
56425,1,5
56430,1,5
56436,2,6
56441,1,5
56446,1,5
56451,1,5
56456,1,5
56462,1,6
56467,1,5
56472,1,5
56477,0,5
56483,1,6
56489,2,6
56493,1,4
56498,0,5
56504,1,6
56509,1,5
56515,2,6
56520,1,5
56525,1,5
56530,1,5
56535,1,5
56540,0,5
56546,1,6
56551,1,5
56556,1,5
56562,1,6
56567,1,5
56573,1,6
56578,1,5
56583,1,5
56588,0,5
56594,1,6
56599,1,5
56605,1,6
56610,1,5
56615,0,5
56621,1,6
56628,3,7
56633,1,5
56638,1,5
56644,2,6
56649,1,5
56654,1,5
56659,1,5
56665,1,6
56670,1,5
56675,1,5
56680,1,5
56686,1,6
56691,1,5
56696,1,5
56702,1,6
56707,1,5
56712,1,5
56718,1,6
56723,1,5
56728,1,5
56733,1,5
56739,1,6
56744,1,5
56749,1,5
56755,1,6
56760,1,5
56765,1,5
56771,1,6
56776,1,5
56781,1,5
56787,2,6
56792,1,5
56798,2,6
56803,1,5
56808,1,5
56814,2,6
56819,1,5
56824,1,5
56830,2,6
56835,1,5
56840,1,5
56846,2,6
56851,1,5
56857,1,6
56863,2,6
56868,1,5
56873,1,5
56878,1,5
56884,2,6
56889,1,5
56894,1,5
56900,1,6
56905,1,5
56910,1,5
56916,2,6
56921,1,5
56926,1,5
56932,2,6
56937,1,5
56942,1,5
56947,1,5
56952,0,5
56958,1,6
56963,1,5
56968,1,5
56974,1,6
56979,1,5
56984,1,5
56989,1,5
56994,0,5
57000,1,6
57005,1,5
57011,2,6
57016,1,5
57021,1,5
57026,1,5
57032,1,6
57037,1,5
57042,1,5
57048,2,6
57053,1,5
57059,2,6
57064,2,5
57069,1,5
57074,1,5
57080,2,6
57085,1,5
57090,1,5
57095,0,5
57100,0,5
57105,0,5
57111,1,6
57116,1,5
57121,1,5
57126,0,5
57132,1,6
57137,1,5
57142,1,5
57148,1,6
57153,1,5
57159,1,6
57164,1,5
57170,1,6
57175,1,5
57181,2,6
57186,1,5
57191,1,5
57196,1,5
57201,1,5
57206,0,5
57211,0,5
57217,1,6
57222,1,5
57227,1,5
57232,0,5
57238,1,6
57243,1,5
57248,1,5
57254,1,6
57259,1,5
57264,1,5
57269,0,5
57275,1,6
57280,1,5
57286,1,6
57291,1,5
57296,1,5
57301,1,5
57306,0,5
57312,1,6
57317,1,5
57322,1,5
57327,0,5
57332,0,5
57338,1,6
57343,1,5
57348,1,5
57353,0,5
57358,0,5
57364,1,6
57369,1,5
57374,0,5
57379,0,5
57385,1,6
57390,1,5
57397,2,7
57401,1,4
57406,1,5
57412,1,6
57417,1,5
57422,0,5
57428,1,6
57433,1,5
57439,1,6
57444,1,5
57450,1,6
57455,1,5
57461,1,6
57466,1,5
57471,1,5
57476,0,5
57481,0,5
57487,1,6
57492,1,5
57498,1,6
57502,0,4
57508,1,6
57513,1,5
57518,0,5
57523,0,5
57529,1,6
57534,1,5
57539,1,5
57544,0,5
57549,0,5
57555,1,6
57560,1,5
57565,0,5
57570,0,5
57575,0,5
57581,1,6
57586,1,5
57591,0,5
57596,0,5
57602,1,6
57607,1,5
57612,1,5
57617,0,5
57623,1,6
57628,1,5
57633,1,5
57639,1,6
57645,2,6
57649,1,4
57654,0,5
57660,1,6
57665,1,5
57670,1,5
57675,0,5
57681,1,6
57686,1,5
57691,1,5
57696,0,5
57702,1,6
57708,2,6
57713,1,5
57718,1,5
57723,1,5
57728,0,5
57734,1,6
57739,1,5
57744,1,5
57750,1,6
57755,1,5
57760,1,5
57765,1,5
57771,1,6
57777,2,6
57782,1,5
57787,1,5
57793,2,6
57798,1,5
57803,1,5
57809,2,6
57814,1,5
57820,2,6
57825,1,5
57830,1,5
57835,1,5
57840,0,5
57846,1,6
57851,1,5
57856,1,5
57862,1,6
57867,1,5
57872,1,5
57878,1,6
57883,1,5
57888,1,5
57894,2,6
57899,1,5
57905,2,6
57911,3,6
57915,1,4
57921,1,6
57926,1,5
57931,1,5
57937,2,6
57942,1,5
57948,2,6
57953,2,5
57959,2,6
57964,2,5
57969,1,5
57974,1,5
57980,2,6
57986,2,6
57991,2,5
57996,1,5
58001,1,5
58007,2,6
58012,1,5
58017,1,5
58022,1,5
58028,1,6
58033,1,5
58038,1,5
58043,1,5
58049,1,6
58054,1,5
58059,1,5
58065,1,6
58070,1,5
58075,1,5
58084,1,9
58091,1,7
58098,1,7
58104,1,6
58110,1,6
58116,1,6
58122,1,6
58128,1,6
58134,1,6
58140,1,6
58146,1,6
58152,1,6
58158,1,6
58164,0,6
58170,0,6
58176,1,6
58182,1,6
58188,1,6
58194,1,6
58200,0,6
58206,0,6
58213,1,7
58218,0,5
58224,0,6
58231,1,7
58237,1,6
58243,0,6
58250,1,7
58256,1,6
58262,1,6
58268,1,6
58274,1,6
58280,1,6
58285,0,5
58291,0,6
58297,0,6
58303,0,6
58310,1,7
58316,1,6
58321,0,5
58327,0,6
58333,0,6
58339,0,6
58345,0,6
58352,1,7
58358,1,6
58364,1,6
58370,1,6
58376,1,6
58382,1,6
58388,1,6
58394,1,6
58399,0,5
58405,1,6
58411,1,6
58416,0,5
58422,1,6
58427,1,5
58433,1,6
58438,1,5
58443,0,5
58449,1,6
58455,2,6
58460,1,5
58466,1,6
58471,1,5
58477,1,6
58482,1,5
58488,1,6
58494,1,6
58500,2,6
58505,1,5
58511,2,6
58517,2,6
58522,1,5
58528,2,6
58533,1,5
58539,1,6
58544,1,5
58550,1,6
58555,1,5
58561,1,6
58566,1,5
58571,1,5
58577,1,6
58582,1,5
58587,0,5
58593,1,6
58598,0,5
58604,1,6
58609,1,5
58615,1,6
58620,1,5
58626,1,6
58631,1,5
58636,0,5
58641,0,5
58647,1,6
58652,1,5
58657,0,5
58663,1,6
58668,1,5
58673,1,5
58678,1,5
58683,0,5
58689,1,6
58694,1,5
58699,1,5
58704,0,5
58710,1,6
58715,1,5
58720,1,5
58725,0,5
58731,1,6
58736,1,5
58741,1,5
58746,0,5
58751,0,5
58757,1,6
58762,1,5
58767,1,5
58772,0,5
58777,0,5
58783,1,6
58788,1,5
58793,1,5
58799,1,6
58804,1,5
58809,1,5
58814,1,5
58819,0,5
58825,1,6
58830,1,5
58835,0,5
58840,0,5
58846,1,6
58851,1,5
58856,1,5
58862,1,6
58867,1,5
58872,0,5
58878,1,6
58883,1,5
58888,1,5
58893,0,5
58898,0,5
58903,0,5
58909,1,6
58914,1,5
58919,0,5
58924,0,5
58930,1,6
58935,1,5
58940,0,5
58945,0,5
58951,1,6
58956,1,5
58961,1,5
58966,0,5
58972,1,6
58977,1,5
58982,1,5
58987,0,5
58993,1,6
58998,1,5
59003,1,5
59008,0,5
59014,1,6
59019,1,5
59024,1,5
59030,1,6
59035,1,5
59040,1,5
59045,1,5
59050,0,5
59056,1,6
59061,1,5
59066,1,5
59071,0,5
59077,1,6
59082,1,5
59087,1,5
59093,1,6
59098,1,5
59103,1,5
59108,1,5
59113,0,5
59119,1,6
59124,1,5
59129,1,5
59134,0,5
59140,1,6
59145,1,5
59151,2,6
59156,1,5
59161,1,5
59166,1,5
59172,1,6
59177,1,5
59182,1,5
59188,1,6
59193,1,5
59198,1,5
59203,1,5
59209,1,6
59214,1,5
59219,1,5
59224,1,5
59230,1,6
59235,1,5
59240,1,5
59250,3,10
59254,1,4
59259,1,5
59265,2,6
59271,2,6
59276,1,5
59281,1,5
59287,2,6
59292,1,5
59297,1,5
59303,2,6
59308,1,5
59314,2,6
59319,1,5
59325,2,6
59330,2,5
59335,1,5
59341,2,6
59346,1,5
59352,2,6
59357,1,5
59363,2,6
59368,1,5
59373,1,5
59378,1,5
59383,1,5
59388,0,5
59394,1,6
59399,1,5
59404,1,5
59409,0,5
59415,1,6
59420,1,5
59425,1,5
59431,1,6
59436,1,5
59441,1,5
59446,0,5
59452,1,6
59457,1,5
59462,1,5
59468,1,6
59474,2,6
59478,1,4
59483,0,5
59488,0,5
59494,1,6
59499,1,5
59505,1,6
59510,1,5
59515,0,5
59521,1,6
59526,1,5
59531,0,5
59537,1,6
59542,1,5
59547,0,5
59553,1,6
59558,1,5
59563,0,5
59568,0,5
