time (ms)
1
5
6
6
6
7
8
8
8
9
9
20
21
21
21
22
23
23
24
25
25
25
26
26
27
28
29
29
29
30
30
35
35
36
36
37
38
38
38
39
39
40
40
54
55
55
55
57
57
59
59
61
61
61
66
66
67
68
69
70
70
71
72
76
77
82
83
83
84
84
84
84
85
85
85
99
99
100
101
101
102
102
103
103
104
104
105
105
105
105
108
108
108
109
116
117
118
119
120
120
120
120
121
121
121
121
122
135
136
136
136
137
137
138
138
139
140
140
141
142
142
143
143
143
144
146
147
147
148
148
150
152
156
156
156
157
157
157
157
170
171
172
172
173
174
174
175
175
176
176
177
178
178
179
180
180
180
181
182
182
182
183
184
184
185
186
186
186
186
187
187
196
197
197
200
200
200
202
202
202
203
204
204
204
205
207
207
207
208
208
208
208
209
209
214
215
215
215
215
216
216
216
216
229
232
232
232
232
233
233
233
233
233
235
235
235
235
240
240
240
241
241
241
241
242
242
242
242
243
243
243
243
244
246
246
255
255
258
258
258
260
260
260
260
261
262
262
262
263
264
264
264
265
266
266
266
268
268
268
268
270
270
271
271
272
272
272
281
281
282
282
285
286
286
286
288
288
288
290
290
290
291
291
291
291
292
292
292
292
293
293
293
293
294
294
294
295
295
295
308
308
309
309
309
311
311
311
311
312
312
312
313
313
313
313
314
314
314
314
315
315
315
315
315
316
316
316
316
317
317
317
325
325
326
333
333
333
333
334
334
334
335
335
335
335
335
336
336
336
336
337
337
337
337
338
338
339
339
339
339
340
340
340
355
355
355
355
356
357
357
357
357
358
358
358
358
359
359
359
360
360
360
360
361
361
361
362
362
362
362
363
363
364
365
380
388
388
388
389
396
396
396
397
398
398
398
398
400
400
400
400
402
402
402
402
404
404
404
406
406
406
408
408
408
408
410
410
415
415
419
419
422
422
423
423
424
424
425
426
426
426
428
428
428
428
430
430
430
430
432
432
432
433
433
433
434
434
434
434
447
447
447
447
449
449
449
449
451
451
451
451
452
452
452
453
453
453
453
454
454
454
454
455
455
455
455
456
456
456
456
457
469
470
470
471
472
473
473
473
474
475
475
475
476
477
477
477
478
478
479
479
479
479
480
480
480
480
481
481
481
481
482
482
495
496
496
497
497
498
498
499
499
499
499
500
500
500
500
501
501
501
501
502
502
502
502
503
503
503
503
504
504
504
504
505
517
518
518
519
520
520
521
521
521
521
522
522
522
522
523
523
523
524
524
524
525
525
526
526
526
527
527
528
528
529
529
529
535
548
550
550
551
552
553
554
555
555
556
557
557
557
558
558
559
559
559
560
560
560
560
561
561
561
561
562
562
562
562
563
576
577
577
577
578
579
579
579
579
580
580
580
581
581
581
581
582
582
582
582
583
583
583
583
584
584
584
584
585
585
585
585
593
593
594
601
601
601
601
602
602
602
602
603
603
603
603
604
604
604
604
605
605
605
605
606
606
606
606
607
607
607
607
608
621
621
621
621
623
623
623
623
624
624
625
625
625
625
626
626
626
627
627
627
627
627
628
628
628
628
629
629
629
629
630
630
644
644
644
644
645
646
646
646
647
647
647
647
648
648
648
648
649
649
649
649
650
650
650
650
651
652
652
652
653
653
653
653
661
661
661
662
669
669
669
669
670
670
670
670
671
671
671
671
672
672
672
672
672
673
673
673
673
674
674
674
674
675
675
675
689
689
689
689
690
691
691
691
691
692
692
692
692
693
693
693
693
693
694
694
694
694
696
696
696
696
697
697
697
697
697
698
712
712
712
713
713
714
714
715
715
715
715
716
716
716
716
717
717
717
717
718
718
718
718
719
719
719
719
719
720
720
720
720
728
728
729
729
736
736
736
736
737
737
737
737
737
738
738
738
738
739
739
739
739
740
740
740
740
741
741
741
741
741
742
742
749
750
750
750
750
758
758
758
758
759
759
759
759
760
760
760
760
760
761
761
761
761
762
762
762
762
763
763
763
763
763
764
771
772
778
778
779
780
780
780
781
781
781
781
782
782
782
782
782
783
783
783
783
784
784
784
784
784
784
784
784
784
785
785
791
791
791
791
791
791
791
791
791
791
792
792
792
792
792
792
792
792
792
792
793
793
793
793
793
793
793
793
793
793
794
794
801
801
801
801
801
801
801
801
801
801
802
802
802
802
802
802
802
802
802
802
803
803
803
803
803
803
803
803
804
804
804
804
810
810
810
811
811
811
811
811
811
811
811
811
811
812
812
812
812
812
812
812
812
812
813
813
813
813
813
813
813
813
813
814
820
820
820
820
820
820
820
820
821
821
821
821
821
821
821
821
821
821
822
822
822
822
822
822
822
822
822
823
823
823
823
823
827
828
828
828
828
828
828
828
828
828
829
829
829
829
829
829
829
829
829
830
830
830
830
830
830
830
830
830
831
831
831
831
837
837
837
837
837
837
837
837
838
838
838
838
838
838
838
838
838
839
839
839
839
839
839
839
839
839
840
840
840
840
840
840
845
845
845
845
845
845
845
845
846
846
846
846
846
846
846
846
846
847
847
847
847
847
847
847
847
847
848
848
848
848
848
848
854
854
854
854
854
854
854
855
855
855
855
855
855
855
855
855
856
856
856
856
856
856
856
856
856
857
857
857
857
857
857
857
863
863
863
863
863
864
864
864
864
864
864
864
864
864
865
865
865
865
865
865
865
865
865
865
866
866
866
866
866
866
866
866
872
872
872
872
872
873
873
873
873
873
873
873
873
873
873
874
874
874
874
874
874
874
874
874
875
875
875
875
875
875
876
876
881
882
882
882
882
882
882
882
882
882
882
883
883
883
883
883
883
883
883
883
883
884
884
884
884
884
884
884
884
884
884
885
890
891
891
891
891
891
891
891
891
891
892
892
892
892
892
892
892
892
892
892
893
893
893
893
893
893
893
893
893
893
894
894
899
899
899
900
900
900
900
900
900
900
900
900
901
901
901
901
901
901
901
901
901
901
901
902
902
902
902
902
902
902
902
902
911
911
911
911
911
911
911
911
911
911
912
912
912
912
912
912
912
912
912
913
913
913
913
913
913
913
913
913
913
914
914
914
920
920
920
920
920
920
920
920
920
921
921
921
921
921
921
921
921
921
921
922
922
922
922
922
922
922
922
922
922
923
923
923
930
930
930
930
930
931
932
932
932
932
932
932
932
932
932
933
934
934
934
934
934
934
934
936
936
936
936
937
937
937
937
937
942
942
942
942
942
942
943
944
944
944
944
944
944
944
944
944
945
946
946
946
946
946
946
946
946
946
946
947
947
947
947
947
953
953
953
953
953
953
953
954
954
954
954
954
954
954
954
955
955
955
955
955
955
955
955
955
955
956
956
956
956
956
956
956
961
961
961
961
961
962
962
962
962
962
962
962
962
962
962
963
963
963
963
963
963
963
963
963
963
964
964
964
964
964
964
964
970
970
970
970
970
970
970
970
971
971
971
971
971
971
971
971
971
971
972
972
972
972
972
972
972
972
972
973
973
973
973
973
979
979
979
979
979
979
979
979
979
980
980
980
980
980
980
980
980
980
980
981
981
981
981
981
981
981
981
981
981
982
982
982
987
988
988
988
988
988
988
988
988
988
988
989
989
989
989
989
989
989
989
989
989
990
990
990
990
990
990
990
990
990
991
991
996
996
996
997
997
997
997
997
997
997
997
997
997
998
998
998
998
998
998
998
998
998
998
999
999
999
999
999
999
999
999
999
1005
1005
1005
1006
1006
1006
1006
1006
1006
1006
1006
1006
1006
1007
1007
1007
1007
1007
1007
1007
1007
1007
1007
1008
1008
1008
1008
1008
1008
1008
1008
1008
1014
1014
1015
1015
1015
1015
1015
1015
1015
1015
1015
1015
1016
1016
1016
1016
1016
1016
1016
1016
1016
1017
1017
1017
1017
1017
1017
1017
1017
1017
1017
1017
1024
1024
1024
1024
1024
1024
1024
1024
1024
1025
1025
1025
1025
1025
1025
1025
1025
1025
1025
1026
1026
1026
1026
1026
1026
1026
1026
1026
1026
1027
1027
1027
1032
1033
1033
1033
1033
1033
1033
1034
1034
1034
1034
1034
1034
1034
1034
1034
1035
1035
1035
1035
1035
1035
1035
1035
1035
1035
1035
1036
1036
1036
1036
1036
1040
1040
1041
1041
1041
1041
1041
1041
1041
1041
1041
1042
1042
1042
1042
1042
1042
1042
1042
1042
1042
1043
1043
1043
1043
1043
1043
1043
1043
1043
1043
1044
1048
1048
1048
1048
1048
1048
1048
1049
1049
1049
1049
1049
1049
1049
1049
1049
1049
1050
1050
1050
1050
1050
1050
1050
1050
1050
1051
1051
1051
1051
1051
1051
1057
1057
1057
1057
1057
1057
1057
1057
1058
1058
1058
1058
1058
1058
1058
1058
1058
1058
1059
1059
1059
1059
1059
1059
1059
1059
1059
1059
1060
1060
1060
1060
1065
1066
1066
1066
1066
1066
1066
1066
1066
1067
1067
1067
1067
1067
1067
1067
1067
1067
1067
1068
1068
1068
1068
1068
1068
1068
1068
1068
1068
1068
1069
1069
1074
1074
1075
1075
1075
1075
1075
1075
1075
1075
1075
1075
1076
1076
1076
1076
1076
1076
1076
1078
1078
1078
1078
1078
1078
1078
1078
1078
1079
1079
1079
1079
1085
1085
1085
1085
1085
1085
1085
1085
1085
1085
1086
1086
1086
1086
1086
1086
1086
1086
1086
1087
1087
1087
1087
1087
1087
1087
1087
1087
1087
1088
1088
1088
1094
1094
1094
1094
1094
1094
1094
1094
1095
1095
1095
1095
1095
1095
1095
1095
1095
1095
1095
1096
1096
1096
1096
1096
1096
1096
1096
1096
1096
1097
1097
1097
1103
1103
1103
1103
1103
1103
1103
1103
1104
1104
1104
1104
1104
1104
1104
1104
1104
1104
1105
1105
1105
1105
1105
1105
1105
1105
1105
1105
1105
1106
1106
1106
1112
1112
1112
1112
1112
1112
1112
1112
1112
1113
1113
1113
1113
1113
1113
1113
1113
1113
1113
1113
1114
1114
1114
1114
1114
1114
1114
1114
1114
1115
1115
1115
1121
1121
1121
1121
1121
1121
1121
1121
1121
1121
1122
1122
1122
1122
1122
1122
1122
1122
1122
1122
1123
1123
1123
1123
1123
1123
1123
1123
1123
1123
1124
1124
1129
1130
1130
1130
1130
1130
1130
1130
1130
1130
1130
1131
1131
1131
1131
1131
1131
1131
1131
1131
1131
1132
1132
1132
1132
1132
1132
1132
1132
1132
1132
1133
1138
1138
1139
1139
1139
1139
1139
1139
1139
1139
1139
1139
1140
1140
1140
1140
1140
1140
1140
1140
1140
1140
1141
1141
1141
1141
1141
1141
1141
1141
1141
1141
1147
1147
1147
1148
1148
1148
1148
1148
1148
1148
1148
1148
1148
1149
1149
1149
1149
1149
1149
1149
1149
1149
1149
1149
1150
1150
1150
1150
1150
1150
1150
1150
1156
1156
1156
1156
1157
1157
1157
1157
1157
1157
1157
1157
1157
1157
1158
1158
1158
1158
1158
1158
1158
1158
1158
1159
1159
1159
1159
1159
1159
1159
1159
1159
1165
1165
1165
1166
1166
1166
1166
1166
1166
1166
1166
1166
1167
1167
1167
1167
1167
1167
1167
1167
1167
1167
1167
1168
1168
1168
1168
1168
1168
1168
1168
1168
1174
1174
1174
1174
1174
1175
1175
1175
1175
1175
1175
1175
1176
1176
1176
1176
1176
1176
1176
1176
1176
1176
1176
1177
1177
1177
1177
1177
1177
1177
1177
1177
1183
1183
1183
1183
1183
1183
1184
1184
1184
1184
1184
1184
1184
1184
1184
1185
1185
1185
1185
1185
1185
1185
1185
1185
1185
1185
1186
1186
1186
1186
1186
1186
1191
1191
1191
1191
1191
1191
1191
1192
1192
1192
1192
1192
1192
1192
1192
1192
1193
1193
1193
1193
1193
1193
1193
1193
1193
1193
1193
1194
1194
1194
1194
1194
1198
1198
1198
1199
1199
1199
1199
1199
1199
1199
1199
1199
1199
1200
1200
1200
1200
1200
1200
1200
1200
1200
1200
1200
1201
1201
1201
1201
1201
1201
1201
1201
1212
1212
1212
1213
1213
1213
1213
1213
1213
1213
1213
1213
1213
1213
1214
1214
1214
1214
1214
1214
1214
1214
1214
1214
1215
1215
1215
1215
1215
1215
1215
1215
1215
1216
1216
1216
1216
1216
1216
1216
1216
1216
1216
1217
1217
1217
1217
1217
1217
1217
1217
1217
1220
1220
1220
1220
1220
1220
1220
1220
1220
1220
1221
1221
1225
1225
1225
1225
1225
1225
1225
1226
1226
1226
1226
1226
1226
1226
1226
1226
1226
1227
1227
1227
1227
1227
1227
1227
1227
1227
1227
1227
1228
1228
1228
1228
1231
1231
1231
1231
1231
1231
1231
1231
1231
1231
1234
1234
1235
1235
1235
1235
1235
1235
1235
1245
1245
1245
1245
1245
1245
1245
1245
1245
1245
1246
1246
1246
1250
1250
1250
1250
1250
1250
1250
1251
1251
1251
1251
1251
1252
1252
1252
1252
1252
1252
1252
1252
1252
1252
1253
1253
1253
1253
1253
1253
1253
1253
1253
1253
1259
1259
1259
1259
1260
1260
1260
1260
1260
1260
1260
1260
1260
1260
1260
1261
1261
1261
1261
1261
1261
1261
1261
1261
1261
1261
1262
1262
1262
1262
1262
1262
1268
1268
1268
1268
1268
1268
1268
1268
1269
1269
1269
1269
1269
1269
1269
1269
1269
1269
1270
1270
1270
1270
1270
1270
1270
1270
1270
1270
1271
1271
1271
1271
1277
1277
1277
1277
1277
1277
1277
1277
1277
1278
1278
1278
1278
1278
1278
1278
1278
1278
1278
1279
1279
1279
1279
1279
1279
1279
1279
1279
1279
1280
1280
1280
1286
1286
1286
1286
1286
1286
1286
1286
1286
1286
1287
1287
1287
1287
1287
1287
1287
1287
1287
1287
1288
1288
1288
1288
1288
1288
1288
1288
1288
1288
1288
1289
1294
1294
1295
1295
1295
1295
1295
1295
1295
1295
1295
1295
1296
1296
1296
1296
1296
1296
1296
1296
1296
1296
1297
1297
1297
1297
1297
1297
1297
1297
1297
1297
1303
1303
1303
1303
1303
1303
1304
1304
1304
1304
1304
1304
1304
1304
1304
1304
1305
1305
1305
1305
1305
1305
1305
1305
1305
1305
1305
1306
1306
1306
1306
1306
1312
1312
1312
1312
1312
1312
1312
1312
1312
1313
1313
1313
1313
1313
1313
1313
1313
1313
1313
1313
1314
1314
1314
1314
1314
1314
1314
1314
1314
1314
1315
1315
1320
1320
1320
1321
1321
1321
1321
1321
1321
1321
1322
1322
1322
1322
1322
1322
1322
1322
1322
1323
1323
1323
1323
1323
1323
1323
1323
1323
1323
1324
1324
1324
1329
1329
1329
1330
1330
1330
1330
1330
1330
1330
1330
1330
1330
1331
1331
1331
1331
1331
1331
1331
1331
1331
1331
1332
1332
1332
1332
1332
1332
1332
1332
1332
1338
1338
1338
1338
1338
1338
1339
1339
1339
1339
1339
1339
1339
1339
1339
1339
1340
1340
1340
1340
1340
1340
1340
1340
1340
1340
1341
1341
1341
1341
1341
1341
1347
1347
1347
1347
1347
1347
1347
1347
1347
1348
1348
1348
1348
1348
1348
1348
1348
1348
1348
1348
1349
1349
1349
1349
1349
1349
1349
1349
1349
1349
1349
1350
1355
1355
1355
1355
1355
1355
1355
1355
1356
1356
1356
1356
1356
1356
1356
1356
1356
1357
1357
1357
1357
1357
1357
1357
1357
1357
1357
1358
1358
1358
1358
1358
1366
1366
1366
1366
1366
1366
1366
1366
1367
1367
1367
1367
1367
1367
1367
1367
1367
1368
1369
1369
1369
1369
1369
1369
1369
1369
1369
1370
1370
1371
1371
1371
1375
1376
1376
1376
1376
1376
1376
1376
1376
1376
1376
1377
1377
1377
1377
1377
1377
1378
1378
1378
1378
1378
1378
1378
1379
1379
1379
1379
1379
1379
1379
1379
1385
1385
1385
1385
1385
1385
1385
1386
1386
1386
1386
1386
1386
1386
1386
1386
1386
1387
1387
1387
1387
1387
1387
1387
1387
1387
1387
1387
1388
1388
1388
1388
1393
1394
1394
1394
1394
1394
1394
1394
1394
1394
1395
1395
1395
1395
1395
1395
1395
1395
1395
1395
1395
1396
1396
1396
1396
1396
1396
1396
1396
1396
1396
1396
1401
1401
1401
1401
1401
1401
1401
1402
1402
1402
1402
1402
1402
1402
1402
1402
1402
1402
1403
1403
1403
1403
1403
1403
1403
1403
1403
1403
1404
1404
1404
1404
1409
1410
1410
1410
1410
1410
1410
1410
1410
1410
1411
1411
1411
1411
1411
1411
1411
1411
1411
1411
1411
1412
1412
1412
1412
1412
1412
1412
1412
1412
1412
1412
1418
1418
1418
1418
1419
1419
1419
1419
1419
1419
1419
1419
1419
1419
1420
1420
1420
1420
1420
1420
1420
1420
1420
1420
1421
1421
1421
1421
1421
1421
1421
1421
1427
1427
1427
1427
1427
1427
1428
1428
1428
1428
1428
1428
1428
1428
1428
1428
1428
1429
1429
1429
1429
1429
1429
1429
1429
1429
1429
1430
1430
1430
1430
1430
1436
1436
1436
1436
1436
1436
1436
1436
1436
1436
1437
1437
1437
1437
1437
1437
1437
1437
1437
1437
1437
1438
1438
1438
1438
1438
1438
1438
1438
1438
1438
1439
1444
1444
1444
1445
1445
1445
1445
1445
1445
1445
1445
1445
1445
1445
1446
1446
1446
1446
1446
1446
1446
1446
1446
1446
1447
1447
1447
1447
1447
1447
1447
1447
1453
1453
1453
1453
1453
1453
1453
1454
1454
1454
1454
1454
1454
1454
1454
1454
1455
1455
1455
1455
1455
1455
1455
1455
1455
1455
1456
1456
1456
1456
1456
1456
1461
1461
1461
1461
1461
1461
1461
1461
1462
1462
1462
1462
1462
1462
1463
1463
1463
1463
1463
1463
1463
1463
1463
1463
1463
1464
1464
1464
1464
1464
1464
1464
1470
1470
1470
1470
1470
1470
1470
1470
1470
1471
1471
1471
1471
1471
1471
1471
1471
1471
1472
1472
1472
1472
1472
1472
1472
1472
1472
1472
1472
1473
1473
1473
1478
1478
1479
1479
1479
1479
1479
1479
1479
1479
1479
1479
1480
1480
1480
1480
1480
1480
1480
1480
1480
1480
1480
1481
1481
1481
1481
1481
1481
1481
1481
1481
1487
1487
1487
1487
1487
1488
1488
1488
1488
1488
1488
1488
1488
1488
1488
1488
1489
1489
1489
1489
1489
1489
1489
1489
1489
1489
1490
1490
1490
1490
1490
1490
1495
1495
1495
1495
1495
1495
1495
1495
1495
1496
1496
1496
1496
1496
1496
1496
1496
1496
1496
1496
1497
1497
1497
1497
1497
1497
1497
1497
1497
1497
1498
1498
1502
1502
1503
1503
1503
1503
1503
1503
1503
1503
1503
1503
1504
1504
1504
1504
1504
1504
1504
1504
1504
1504
1505
1505
1505
1505
1505
1505
1505
1505
1505
1505
1511
1511
1511
1511
1512
1512
1512
1512
1512
1512
1512
1512
1512
1512
1512
1513
1513
1513
1513
1513
1513
1513
1513
1513
1513
1513
1514
1514
1514
1514
1514
1514
1520
1520
1521
1521
1521
1521
1521
1521
1521
1521
1521
1522
1522
1522
1522
1522
1522
1522
1522
1522
1522
1523
1523
1523
1523
1523
1523
1523
1523
1523
1523
1524
1529
1529
1530
1530
1530
1530
1530
1530
1530
1530
1530
1530
1531
1531
1531
1531
1531
1531
1531
1531
1531
1531
1532
1532
1532
1532
1532
1532
1532
1532
1532
1532
1537
1537
1537
1537
1537
1537
1537
1537
1538
1538
1538
1538
1538
1538
1538
1538
1538
1538
1539
1539
1539
1539
1539
1539
1539
1539
1539
1539
1539
1540
1540
1540
1545
1546
1546
1546
1546
1546
1546
1546
1546
1546
1547
1547
1547
1547
1547
1547
1547
1547
1547
1547
1547
1548
1548
1548
1548
1548
1548
1548
1548
1548
1548
1548
1553
1553
1553
1554
1554
1554
1554
1554
1554
1554
1554
1554
1554
1555
1555
1555
1555
1555
1555
1555
1555
1555
1555
1556
1556
1556
1556
1556
1556
1556
1556
1556
1561
1561
1561
1561
1561
1561
1562
1562
1562
1562
1562
1562
1562
1562
1562
1563
1563
1563
1563
1563
1563
1563
1563
1563
1563
1563
1564
1564
1564
1564
1564
1564
1570
1570
1570
1570
1570
1570
1570
1570
1571
1571
1571
1571
1571
1571
1571
1571
1571
1571
1572
1572
1572
1572
1572
1572
1572
1572
1572
1572
1573
1573
1573
1573
1578
1578
1579
1579
1579
1579
1579
1579
1579
1579
1579
1579
1580
1580
1580
1580
1580
1580
1580
1580
1580
1580
1580
1581
1581
1581
1581
1581
1581
1581
1581
1581
1587
1587
1587
1587
1587
1588
1588
1588
1588
1588
1588
1588
1588
1588
1588
1589
1589
1589
1589
1589
1589
1589
1589
1589
1589
1589
1590
1590
1590
1590
1590
1590
1594
1594
1595
1595
1595
1595
1595
1595
1595
1595
1595
1595
1596
1596
1596
1596
1596
1596
1596
1597
1597
1597
1597
1597
1597
1597
1597
1597
1597
1598
1598
1598
1605
1605
1605
1606
1606
1606
1606
1606
1606
1606
1606
1607
1607
1607
1607
1607
1607
1607
1607
1607
1607
1608
1608
1608
1608
1608
1608
1608
1608
1608
1608
1609
1614
1615
1615
1615
1615
1615
1615
1615
1615
1615
1616
1616
1616
1616
1616
1616
1616
1616
1616
1616
1617
1617
1617
1617
1617
1617
1617
1617
1617
1617
1618
1618
1624
1624
1624
1625
1625
1625
1625
1625
1625
1625
1625
1625
1625
1626
1626
1626
1626
1626
1626
1626
1626
1626
1627
1627
1627
1627
1627
1627
1627
1627
1627
1627
1633
1633
1633
1633
1633
1633
1634
1634
1634
1634
1634
1634
1634
1634
1634
1634
1635
1635
1635
1635
1635
1635
1635
1635
1635
1635
1636
1636
1636
1636
1636
1636
1642
1642
1642
1642
1643
1643
1643
1643
1643
1643
1643
1643
1643
1643
1644
1644
1644
1644
1644
1644
1644
1644
1644
1644
1645
1645
1645
1645
1645
1645
1645
1645
1651
1651
1651
1651
1652
1652
1652
1652
1652
1652
1652
1652
1652
1652
1653
1653
1653
1653
1653
1653
1653
1653
1653
1653
1654
1654
1654
1654
1654
1654
1654
1654
1660
1660
1660
1660
1660
1661
1661
1661
1661
1661
1661
1661
1661
1661
1661
1662
1662
1662
1662
1662
1662
1662
1662
1662
1662
1663
1663
1663
1663
1663
1663
1663
1669
1669
1669
1669
1669
1669
1670
1670
1670
1670
1670
1670
1670
1670
1670
1671
1671
1671
1671
1671
1671
1671
1671
1671
1671
1671
1672
1672
1672
1672
1672
1672
1677
1677
1677
1677
1677
1678
1678
1678
1678
1678
1678
1678
1678
1678
1679
1679
1679
1679
1679
1679
1679
1679
1679
1679
1680
1680
1680
1680
1680
1680
1680
1680
1686
1686
1686
1686
1687
1687
1687
1687
1687
1687
1687
1687
1687
1687
1688
1688
1688
1688
1688
1688
1688
1688
1688
1688
1689
1689
1689
1689
1689
1689
1689
1689
1695
1695
1695
1696
1696
1696
1696
1696
1696
1696
1696
1696
1696
1697
1697
1697
1697
1697
1697
1697
1697
1697
1698
1698
1698
1698
1698
1698
1698
1698
1698
1698
1704
1704
1704
1705
1705
1705
1705
1705
1705
1705
1705
1705
1706
1706
1706
1706
1706
1706
1706
1706
1706
1706
1707
1707
1707
1707
1707
1707
1707
1707
1707
1707
1713
1713
1713
1714
1714
1714
1714
1714
1714
1714
1714
1714
1714
1715
1715
1715
1715
1715
1715
1715
1715
1715
1715
1716
1716
1716
1716
1716
1716
1716
1716
1716
1722
1722
1722
1722
1723
1723
1723
1723
1723
1723
1723
1723
1723
1723
1724
1724
1724
1724
1724
1724
1724
1724
1724
1724
1725
1725
1725
1725
1725
1725
1725
1725
1731
1731
1731
1731
1731
1731
1731
1732
1732
1732
1732
1732
1732
1732
1732
1732
1732
1733
1733
1733
1733
1733
1733
1733
1733
1733
1733
1734
1734
1734
1734
1734
1740
1740
1740
1740
1740
1740
1740
1741
1741
1741
1741
1741
1741
1741
1741
1741
1741
1742
1742
1742
1742
1742
1742
1743
1743
1743
1743
1743
1743
1743
1743
1743
1748
1748
1748
1748
1748
1748
1748
1749
1749
1749
1749
1749
1749
1749
1749
1749
1749
1750
1750
1750
1750
1750
1750
1750
1750
1750
1750
1751
1751
1751
1751
1751
1756
1756
1756
1756
1756
1756
1756
1756
1756
1756
1757
1757
1757
1757
1757
1757
1757
1757
1757
1757
1758
1758
1758
1758
1758
1758
1758
1758
1758
1758
1759
1759
1764
1765
1765
1765
1765
1765
1765
1765
1765
1765
1765
1766
1766
1766
1766
1766
1766
1766
1766
1766
1766
1767
1767
1767
1767
1767
1767
1767
1767
1767
1767
1768
1773
1774
1774
1774
1774
1774
1774
1774
1774
1774
1775
1775
1775
1775
1775
1775
1775
1775
1775
1775
1776
1776
1776
1776
1776
1776
1776
1776
1776
1776
1777
1777
1781
1781
1781
1782
1782
1782
1782
1782
1782
1782
1782
1782
1782
1783
1783
1783
1783
1783
1783
1783
1783
1783
1783
1784
1784
1784
1784
1784
1784
1784
1784
1784
1789
1789
1789
1789
1790
1790
1790
1790
1790
1790
1790
1790
1790
1790
1791
1791
1791
1791
1791
1791
1791
1791
1791
1791
1792
1792
1792
1792
1792
1792
1792
1792
1797
1797
1797
1797
1797
1797
1797
1797
1798
1798
1798
1798
1798
1798
1798
1798
1798
1798
1799
1799
1799
1799
1799
1799
1799
1799
1799
1799
1800
1800
1800
1800
1806
1806
1806
1806
1806
1806
1806
1806
1806
1807
1807
1807
1807
1807
1807
1807
1807
1807
1807
1808
1808
1808
1808
1808
1808
1808
1808
1808
1809
1809
1809
1809
1815
1815
1815
1815
1815
1815
1815
1815
1815
1816
1816
1816
1816
1816
1816
1816
1816
1816
1816
1817
1817
1817
1817
1817
1817
1817
1817
1817
1817
1818
1818
1818
1823
1824
1824
1824
1824
1824
1824
1824
1824
1824
1825
1825
1825
1825
1825
1825
1825
1825
1825
1825
1825
1826
1826
1826
1826
1826
1826
1826
1826
1826
1827
1827
1832
1832
1833
1833
1833
1833
1833
1833
1833
1833
1833
1833
1834
1834
1834
1834
1834
1834
1834
1834
1834
1834
1835
1835
1835
1835
1835
1835
1835
1835
1835
1835
1841
1841
1841
1841
1842
1842
1842
1842
1842
1842
1842
1842
1842
1842
1843
1843
1843
1843
1843
1843
1843
1843
1843
1843
1844
1844
1844
1844
1844
1844
1844
1844
1849
1849
1849
1849
1849
1849
1849
1849
1849
1850
1850
1850
1850
1850
1850
1850
1850
1850
1850
1851
1851
1851
1851
1851
1851
1851
1851
1851
1851
1851
1852
1852
1857
1857
1857
1858
1858
1858
1858
1858
1858
1858
1858
1858
1858
1859
1859
1859
1859
1859
1859
1859
1859
1859
1859
1860
1860
1860
1860
1860
1860
1860
1860
1860
1867
1867
1867
1867
1867
1867
1867
1867
1868
1869
1869
1869
1869
1869
1869
1869
1869
1870
1871
1871
1871
1871
1871
1871
1871
1871
1871
1871
1872
1872
1872
1872
1877
1877
1877
1877
1877
1877
1877
1878
1878
1879
1879
1879
1879
1879
1879
1879
1880
1880
1880
1880
1880
1880
1880
1880
1880
1881
1881
1881
1881
1881
1881
1882
1887
1887
1887
1887
1888
1888
1888
1888
1888
1888
1888
1888
1888
1889
1889
1889
1889
1889
1889
1889
1889
1889
1889
1889
1890
1890
1890
1890
1890
1890
1890
1890
1896
1896
1896
1896
1896
1896
1897
1897
1897
1897
1897
1897
1897
1897
1897
1897
1898
1898
1898
1898
1898
1898
1898
1898
1898
1898
1899
1899
1899
1899
1899
1899
1904
1905
1905
1905
1905
1905
1905
1905
1905
1905
1906
1906
1906
1906
1906
1906
1906
1906
1906
1906
1907
1907
1907
1907
1907
1907
1907
1907
1907
1907
1907
1908
1913
1913
1914
1914
1914
1914
1914
1914
1914
1914
1914
1915
1915
1915
1915
1915
1915
1915
1915
1915
1915
1915
1916
1916
1916
1916
1916
1916
1916
1916
1916
1916
1921
1921
1921
1921
1921
1922
1922
1922
1922
1922
1922
1922
1922
1922
1922
1923
1923
1923
1923
1923
1923
1923
1923
1923
1923
1923
1924
1924
1924
1924
1924
1924
1930
1930
1930
1930
1930
1930
1930
1931
1931
1931
1931
1931
1931
1931
1931
1931
1931
1932
1932
1932
1932
1932
1932
1932
1932
1932
1932
1932
1933
1933
1933
1933
1939
1939
1939
1939
1939
1939
1939
1939
1939
1940
1940
1940
1940
1940
1940
1940
1940
1940
1940
1940
1941
1941
1941
1941
1941
1941
1941
1941
1941
1941
1941
1942
1947
1947
1947
1947
1948
1948
1948
1948
1948
1948
1948
1948
1948
1948
1949
1949
1949
1949
1949
1949
1949
1949
1949
1949
1950
1950
1950
1950
1950
1950
1950
1950
1956
1956
1956
1956
1956
1956
1956
1957
1957
1957
1957
1957
1957
1957
1957
1957
1957
1958
1958
1958
1958
1958
1958
1958
1958
1958
1958
1959
1959
1959
1959
1959
1965
1965
1965
1965
1965
1965
1965
1965
1965
1966
1966
1966
1966
1966
1966
1966
1966
1966
1966
1967
1967
1967
1967
1967
1967
1967
1967
1967
1967
1968
1968
1968
1973
1974
1974
1974
1974
1974
1974
1974
1974
1974
1975
1975
1975
1975
1975
1975
1975
1975
1975
1975
1975
1976
1976
1976
1976
1976
1976
1976
1976
1976
1976
1977
1981
1981
1981
1981
1981
1981
1982
1982
1982
1982
1982
1982
1982
1982
1982
1982
1983
1983
1983
1983
1983
1983
1983
1983
1983
1983
1983
1984
1984
1984
1984
1984
1988
1988
1989
1989
1989
1989
1989
1989
1989
1989
1989
1989
1990
1990
1990
1990
1990
1990
1990
1990
1990
1990
1991
1991
1991
1991
1991
1991
1991
1991
1991
1991
1996
1996
1996
1996
1996
1996
1996
1996
1996
1997
1997
1997
1997
1997
1997
1997
1997
1997
1997
1998
1998
1998
1998
1998
1998
1998
1998
1998
1998
1998
1999
1999
2004
2004
2005
2005
2005
2005
2005
2005
2005
2005
2005
2005
2005
2006
2006
2006
2006
2006
2006
2006
2006
2006
2006
2007
2007
2007
2007
2007
2007
2007
2007
2007
2012
2012
2012
2012
2012
2012
2013
2013
2013
2013
2013
2013
2013
2013
2013
2013
2014
2014
2014
2014
2014
2014
2014
2014
2014
2014
2015
2015
2015
2015
2015
2015
2021
2021
2022
2022
2022
2022
2022
2022
2022
2022
2022
2022
2023
2023
2023
2023
2023
2023
2023
2023
2023
2023
2024
2024
2024
2024
2024
2024
2024
2024
2024
2024
2029
2029
2029
2030
2030
2030
2030
2030
2030
2030
2030
2030
2030
2031
2031
2031
2031
2031
2031
2031
2031
2031
2031
2031
2032
2032
2032
2032
2032
2032
2032
2032
2038
2038
2038
2038
2038
2038
2038
2038
2039
2039
2039
2039
2039
2039
2039
2039
2039
2039
2040
2040
2040
2040
2040
2040
2040
2040
2040
2040
2041
2041
2041
2041
2047
2047
2047
2047
2047
2047
2047
2047
2048
2048
2048
2048
2048
2048
2048
2048
2048
2048
2049
2049
2049
2049
2049
2049
2049
2049
2049
2049
2050
2050
2050
2050
2055
2056
2056
2056
2056
2056
2056
2056
2056
2056
2056
2057
2057
2057
2057
2057
2057
2057
2057
2057
2057
2058
2058
2058
2058
2058
2058
2058
2058
2058
2058
2059
2065
2065
2065
2065
2065
2065
2065
2065
2066
2066
2066
2066
2066
2066
2066
2066
2066
2067
2067
2067
2067
2067
2067
2067
2067
2067
2067
2067
2068
2068
2068
2068
2073
2073
2074
2074
2074
2074
2074
2074
2074
2074
2074
2075
2075
2075
2075
2075
2075
2075
2075
2075
2075
2075
2076
2076
2076
2076
2076
2076
2076
2076
2076
2076
2081
2081
2081
2081
2081
2081
2082
2082
2082
2082
2082
2082
2082
2082
2082
2082
2083
2083
2083
2083
2083
2083
2083
2083
2083
2083
2083
2084
2084
2084
2084
2084
2089
2090
2090
2090
2090
2090
2090
2090
2090
2090
2091
2091
2091
2091
2091
2091
2091
2091
2091
2091
2092
2092
2092
2092
2092
2092
2092
2092
2092
2092
2092
2093
2097
2097
2097
2097
2097
2097
2097
2098
2098
2098
2098
2098
2098
2098
2098
2098
2098
2099
2099
2099
2099
2099
2099
2099
2099
2099
2099
2099
2100
2100
2100
2100
2106
2106
2106
2106
2106
2106
2106
2106
2106
2107
2107
2107
2107
2107
2107
2107
2107
2107
2107
2108
2108
2108
2108
2108
2108
2108
2108
2108
2108
2109
2109
2109
2114
2114
2115
2115
2115
2115
2115
2115
2115
2115
2115
2115
2116
2116
2116
2116
2116
2116
2116
2116
2116
2116
2117
2117
2117
2117
2117
2117
2117
2117
2117
2117
2123
2123
2123
2123
2123
2123
2124
2124
2124
2124
2124
2124
2124
2124
2124
2124
2125
2125
2125
2125
2125
2125
2125
2125
2125
2125
2125
2126
2126
2126
2126
2126
2130
2130
2130
2131
2131
2131
2131
2131
2131
2131
2131
2131
2132
2132
2132
2132
2132
2132
2132
2132
2132
2132
2132
2133
2133
2133
2133
2133
2133
2133
2133
2133
2139
2139
2139
2139
2139
2139
2139
2140
2140
2140
2140
2140
2140
2140
2140
2140
2140
2140
2141
2141
2141
2141
2141
2141
2141
2141
2141
2141
2142
2142
2142
2142
2147
2148
2148
2148
2148
2148
2148
2148
2148
2148
2149
2149
2149
2149
2149
2149
2149
2149
2149
2149
2151
2151
2151
2151
2151
2151
2151
2151
2151
2152
2152
2152
2158
2158
2158
2158
2158
2159
2159
2159
2159
2159
2159
2159
2159
2159
2160
2160
2160
2160
2160
2160
2160
2160
2160
2160
2160
2161
2161
2161
2161
2161
2161
2161
2167
2167
2167
2167
2167
2168
2168
2168
2168
2168
2168
2168
2168
2168
2168
2169
2169
2169
2169
2169
2169
2169
2169
2169
2169
2170
2170
2170
2170
2170
2170
2170
2176
2176
2176
2176
2176
2176
2177
2177
2177
2177
2177
2177
2177
2177
2177
2177
2178
2178
2178
2178
2178
2178
2178
2178
2178
2178
2179
2179
2179
2179
2179
2179
2183
2184
2184
2184
2184
2184
2184
2184
2184
2184
2185
2185
2185
2185
2185
2185
2185
2185
2185
2185
2185
2186
2186
2186
2186
2186
2186
2186
2186
2186
2187
2187
2193
2193
2193
2193
2193
2193
2193
2193
2193
2193
2194
2194
2194
2194
2194
2194
2194
2194
2194
2194
2195
2195
2195
2195
2195
2195
2195
2195
2195
2195
2196
2196
2201
2202
2202
2202
2202
2202
2202
2202
2202
2202
2202
2203
2203
2203
2203
2203
2203
2203
2203
2203
2203
2204
2204
2204
2204
2204
2204
2204
2204
2204
2204
2204
2209
2209
2209
2209
2210
2210
2210
2210
2210
2210
2210
2210
2210
2211
2211
2211
2211
2211
2211
2211
2211
2211
2211
2212
2212
2212
2212
2212
2212
2212
2212
2212
2218
2218
2219
2219
2219
2219
2219
2219
2219
2219
2219
2219
2220
2220
2220
2220
2220
2220
2220
2220
2220
2220
2220
2221
2221
2221
2221
2221
2221
2221
2221
2221
2227
2227
2227
2227
2228
2228
2228
2228
2228
2228
2228
2228
2228
2228
2229
2229
2229
2229
2229
2229
2229
2229
2229
2229
2229
2230
2230
2230
2230
2230
2230
2230
2236
2236
2236
2236
2236
2236
2237
2237
2237
2237
2237
2237
2237
2237
2237
2237
2237
2238
2238
2238
2238
2238
2238
2238
2238
2238
2238
2239
2239
2239
2239
2239
2243
2243
2244
2244
2244
2244
2244
2244
2244
2244
2244
2244
2245
2245
2245
2245
2245
2245
2245
2245
2245
2245
2246
2246
2246
2246
2246
2246
2246
2246
2246
2246
2251
2251
2251
2251
2251
2251
2251
2251
2252
2252
2252
2252
2252
2252
2252
2252
2252
2253
2253
2253
2253
2253
2253
2253
2253
2253
2253
2253
2254
2254
2254
2254
2259
2259
2260
2260
2260
2260
2260
2260
2260
2260
2260
2260
2260
2261
2261
2261
2261
2261
2261
2261
2261
2261
2261
2261
2262
2262
2262
2262
2262
2262
2262
2262
2267
2267
2267
2267
2267
2267
2267
2267
2267
2268
2268
2268
2268
2268
2268
2268
2268
2268
2268
2269
2269
2269
2269
2269
2269
2269
2269
2269
2269
2270
2270
2270
2275
2275
2276
2276
2276
2276
2276
2276
2276
2276
2276
2277
2277
2277
2277
2277
2277
2277
2277
2277
2277
2277
2278
2278
2278
2278
2278
2278
2278
2278
2278
2278
2284
2285
2285
2285
2285
2285
2285
2285
2285
2285
2285
2285
2286
2286
2286
2286
2286
2286
2286
2286
2286
2286
2287
2287
2287
2287
2287
2287
2287
2287
2287
2287
2293
2293
2293
2294
2294
2294
2294
2294
2294
2295
2295
2295
2295
2295
2295
2295
2295
2295
2295
2296
2296
2296
2296
2296
2296
2296
2296
2296
2296
2296
2297
2297
2302
2302
2303
2303
2303
2303
2303
2303
2303
2303
2303
2303
2304
2304
2304
2304
2304
2304
2304
2304
2304
2304
2304
2305
2305
2305
2305
2305
2305
2305
2305
2305
2311
2311
2311
2311
2311
2311
2311
2312
2312
2312
2312
2312
2312
2312
2312
2312
2313
2313
2313
2313
2313
2313
2313
2313
2313
2313
2313
2314
2314
2314
2314
2314
2319
2319
2319
2319
2320
2320
2320
2320
2320
2320
2320
2320
2320
2320
2321
2321
2321
2321
2321
2321
2321
2321
2321
2321
2322
2322
2322
2322
2322
2322
2322
2322
2328
2328
2328
2328
2328
2328
2328
2328
2328
2329
2329
2329
2329
2329
2329
2329
2329
2329
2329
2329
2330
2330
2330
2330
2330
2330
2330
2330
2330
2330
2331
2331
2336
2336
2337
2337
2337
2337
2337
2337
2337
2337
2337
2337
2337
2338
2338
2338
2338
2338
2338
2338
2338
2338
2338
2339
2339
2339
2339
2339
2339
2339
2339
2339
2345
2345
2345
2345
2345
2345
2345
2346
2346
2346
2346
2346
2347
2347
2347
2347
2347
2347
2347
2347
2347
2347
2347
2348
2348
2348
2348
2348
2348
2348
2348
2348
2354
2355
2355
2355
2355
2355
2355
2355
2355
2355
2355
2356
2356
2356
2356
2356
2356
2356
2356
2356
2356
2356
2357
2357
2357
2357
2357
2357
2357
2357
2357
2357
2363
2363
2363
2363
2363
2363
2363
2363
2364
2364
2364
2364
2364
2364
2364
2364
2364
2364
2365
2365
2365
2365
2365
2365
2365
2365
2365
2365
2365
2366
2366
2366
2371
2371
2371
2372
2372
2372
2372
2372
2372
2372
2372
2372
2373
2373
2373
2373
2373
2373
2373
2373
2373
2373
2374
2374
2374
2374
2374
2374
2374
2374
2374
2374
2379
2379
2379
2379
2379
2379
2379
2379
2379
2379
2380
2380
2380
2380
2380
2380
2380
2380
2380
2380
2381
2381
2381
2381
2381
2381
2381
2381
2381
2381
2381
2382
2387
2387
2387
2387
2387
2388
2388
2388
2388
2388
2388
2388
2388
2388
2388
2389
2389
2389
2389
2389
2389
2389
2389
2389
2389
2390
2390
2390
2390
2390
2390
2390
2396
2396
2396
2396
2396
2396
2396
2397
2397
2397
2397
2397
2397
2397
2397
2397
2397
2398
2398
2398
2398
2398
2398
2398
2398
2398
2398
2398
2399
2399
2399
2399
2404
2404
2405
2405
2405
2405
2405
2405
2405
2405
2405
2405
2405
2406
2406
2406
2406
2406
2406
2406
2406
2406
2406
2407
2407
2407
2407
2407
2407
2407
2407
2407
2413
2413
2413
2413
2413
2413
2413
2414
2414
2414
2414
2414
2414
2414
2414
2414
2415
2415
2415
2415
2415
2415
2415
2415
2415
2415
2415
2416
2416
2416
2416
2416
2422
2422
2422
2422
2422
2422
2422
2422
2422
2422
2423
2423
2423
2423
2423
2423
2423
2423
2423
2424
2424
2424
2424
2424
2424
2424
2424
2424
2424
2425
2425
2425
2430
2430
2431
2431
2431
2431
2431
2431
2431
2431
2431
2431
2432
2432
2432
2432
2432
2432
2433
2433
2433
2433
2433
2433
2433
2433
2433
2433
2433
2434
2434
2434
2442
2442
2442
2442
2442
2442
2442
2442
2443
2443
2443
2443
2443
2443
2443
2443
2443
2444
2445
2445
2445
2445
2445
2445
2445
2445
2445
2446
2446
2446
2447
2447
2452
2452
2452
2452
2452
2452
2452
2453
2453
2453
2453
2453
2454
2454
2454
2454
2454
2454
2454
2454
2454
2454
2455
2455
2455
2455
2455
2455
2455
2455
2455
2455
2461
2461
2461
2461
2461
2461
2461
2462
2462
2462
2462
2462
2462
2462
2462
2462
2462
2463
2463
2463
2463
2463
2463
2463
2463
2463
2463
2463
2464
2464
2464
2464
2469
2470
2470
2470
2470
2470
2470
2470
2470
2470
2470
2470
2471
2471
2471
2471
2471
2471
2471
2471
2471
2471
2472
2472
2472
2472
2472
2472
2472
2472
2472
2472
2477
2477
2477
2477
2478
2478
2478
2478
2478
2478
2478
2478
2478
2478
2479
2479
2479
2479
2479
2479
2479
2479
2479
2479
2479
2480
2480
2480
2480
2480
2480
2480
2486
2486
2486
2486
2486
2486
2486
2486
2487
2487
2487
2487
2487
2487
2487
2487
2487
2487
2488
2488
2488
2488
2488
2488
2488
2488
2488
2488
2488
2489
2489
2489
2494
2495
2495
2495
2495
2495
2495
2495
2495
2495
2496
2496
2496
2496
2496
2496
2496
2496
2496
2496
2496
2497
2497
2497
2497
2497
2497
2497
2497
2497
2497
2497
2503
2503
2503
2503
2503
2503
2503
2503
2504
2504
2504
2504
2504
2504
2504
2504
2504
2505
2505
2505
2505
2505
2505
2505
2505
2505
2505
2505
2506
2506
2506
2506
2511
2512
2512
2512
2512
2512
2512
2512
2512
2512
2512
2513
2513
2513
2513
2513
2513
2513
2513
2513
2513
2513
2514
2514
2514
2514
2514
2514
2514
2514
2514
2514
2520
2520
2520
2520
2521
2521
2521
2521
2521
2521
2521
2521
2521
2521
2521
2522
2522
2522
2522
2522
2522
2522
2522
2522
2522
2522
2523
2523
2523
2523
2523
2523
2529
2529
2529
2529
2529
2529
2529
2530
2530
2530
2530
2530
2530
2530
2530
2530
2530
2531
2531
2531
2531
2531
2531
2531
2531
2531
2531
2531
2531
2532
2532
2532
2536
2536
2536
2537
2537
2537
2537
2537
2537
2537
2537
2537
2537
2538
2538
2538
2538
2538
2538
2538
2538
2538
2538
2538
2539
2539
2539
2539
2539
2539
2539
2539
2544
2544
2544
2544
2544
2544
2544
2544
2544
2544
2545
2545
2545
2545
2545
2545
2545
2545
2545
2545
2546
2546
2546
2546
2546
2546
2546
2546
2546
2546
2547
2547
2552
2552
2552
2552
2552
2553
2553
2553
2553
2553
2553
2553
2553
2553
2553
2554
2554
2554
2554
2554
2554
2554
2554
2554
2554
2555
2555
2555
2555
2555
2555
2555
2559
2560
2560
2560
2560
2560
2560
2560
2560
2560
2561
2561
2561
2561
2561
2561
2561
2561
2561
2561
2562
2562
2562
2562
2562
2562
2562
2562
2562
2562
2563
2563
2567
2567
2567
2567
2567
2568
2568
2568
2568
2568
2568
2568
2568
2568
2568
2569
2569
2569
2569
2569
2569
2569
2570
2570
2570
2570
2570
2570
2570
2570
2570
2570
2576
2576
2576
2576
2576
2576
2577
2577
2577
2577
2577
2577
2577
2577
2577
2577
2577
2578
2578
2578
2578
2578
2578
2578
2578
2578
2578
2578
2579
2579
2579
2579
2584
2584
2585
2585
2585
2585
2585
2585
2585
2585
2585
2585
2586
2586
2586
2586
2586
2586
2586
2586
2586
2586
2587
2587
2587
2587
2587
2587
2587
2587
2587
2587
2592
2592
2592
2592
2592
2592
2592
2592
2592
2593
2593
2593
2593
2593
2593
2593
2593
2593
2593
2593
2594
2594
2594
2594
2594
2594
2594
2594
2594
2595
2595
2595
2600
2601
2601
2601
2601
2601
2601
2601
2601
2601
2601
2601
2602
2602
2602
2602
2602
2602
2602
2602
2602
2602
2603
2603
2603
2603
2603
2603
2603
2603
2603
2603
2608
2608
2608
2608
2608
2608
2608
2608
2609
2609
2609
2609
2609
2609
2609
2609
2609
2609
2609
2610
2610
2610
2610
2610
2610
2610
2610
2610
2610
2610
2611
2611
2615
2615
2615
2615
2616
2616
2616
2616
2616
2616
2616
2616
2616
2616
2617
2617
2617
2617
2617
2617
2617
2617
2617
2617
2617
2618
2618
2618
2618
2618
2618
2618
2624
2624
2624
2624
2624
2624
2624
2624
2625
2625
2625
2625
2625
2625
2625
2625
2625
2625
2626
2626
2626
2626
2626
2626
2626
2626
2626
2626
2627
2627
2627
2627
2631
2631
2631
2632
2632
2632
2632
2632
2632
2632
2632
2632
2632
2633
2633
2633
2633
2633
2633
2633
2633
2633
2633
2633
2634
2634
2634
2634
2634
2634
2634
2634
2640
2640
2640
2640
2640
2640
2640
2640
2641
2641
2641
2641
2641
2641
2641
2641
2641
2641
2641
2642
2642
2642
2642
2642
2642
2642
2642
2642
2642
2643
2643
2643
2648
2648
2648
2649
2649
2649
2649
2649
2649
2649
2649
2649
2649
2649
2650
2650
2650
2650
2650
2650
2650
2650
2650
2650
2651
2651
2651
2651
2651
2651
2651
2651
2656
2656
2656
2656
2656
2656
2656
2656
2656
2656
2657
2657
2657
2657
2657
2657
2657
2657
2657
2657
2657
2658
2658
2658
2658
2658
2658
2658
2658
2658
2658
2659
2664
2664
2664
2664
2664
2664
2664
2665
2665
2665
2665
2665
2665
2665
2665
2665
2665
2666
2666
2666
2666
2666
2666
2666
2666
2666
2666
2667
2667
2667
2667
2667
2672
2673
2673
2673
2673
2673
2673
2673
2673
2673
2674
2674
2674
2674
2674
2674
2674
2674
2674
2674
2674
2675
2675
2675
2675
2675
2675
2675
2675
2675
2675
2675
2681
2681
2681
2681
2681
2681
2682
2682
2682
2682
2682
2682
2682
2682
2682
2682
2683
2683
2683
2683
2683
2683
2683
2683
2683
2683
2683
2684
2684
2684
2684
2684
2688
2688
2688
2689
2689
2689
2689
2689
2689
2689
2689
2689
2689
2689
2690
2690
2690
2690
2690
2690
2690
2690
2690
2690
2691
2691
2691
2691
2691
2691
2691
2691
2696
2696
2696
2696
2696
2696
2696
2696
2696
2697
2697
2697
2697
2697
2697
2697
2697
2697
2697
2697
2698
2698
2698
2698
2698
2698
2699
2699
2699
2699
2699
2699
2704
2705
2705
2705
2705
2705
2705
2705
2705
2705
2705
2706
2706
2706
2706
2706
2706
2706
2706
2706
2706
2707
2707
2707
2707
2707
2707
2707
2707
2707
2707
2707
2712
2712
2712
2712
2712
2712
2712
2712
2713
2713
2713
2713
2713
2713
2713
2713
2713
2713
2713
2714
2714
2714
2714
2714
2714
2714
2714
2714
2714
2715
2715
2715
2720
2720
2720
2721
2721
2721
2721
2721
2721
2721
2721
2721
2721
2722
2722
2722
2722
2722
2722
2722
2722
2722
2722
2722
2723
2723
2723
2723
2723
2723
2723
2723
2729
2729
2729
2729
2729
2729
2729
2729
2729
2730
2730
2730
2730
2730
2730
2730
2730
2730
2730
2731
2731
2731
2731
2731
2731
2731
2731
2731
2731
2731
2732
2732
2737
2737
2737
2738
2738
2738
2738
2738
2738
2738
2738
2738
2739
2739
2739
2739
2739
2739
2739
2739
2739
2739
2739
2740
2740
2740
2740
2740
2740
2740
2740
2740
2745
2745
2745
2745
2745
2745
2745
2745
2745
2745
2745
2746
2746
2746
2746
2746
2746
2746
2746
2746
2747
2747
2747
2747
2747
2747
2747
2747
2747
2747
2747
2748
2755
2756
2756
2756
2756
2756
2756
2756
2756
2756
2758
2758
2758
2758
2758
2758
2758
2758
2758
2759
2759
2759
2759
2759
2759
2759
2759
2759
2759
2760
2760
2760
2765
2765
2765
2765
2766
2766
2766
2767
2767
2767
2767
2767
2767
2767
2768
2768
2768
2768
2768
2768
2768
2768
2769
2769
2769
2769
2769
2769
2769
2769
2769
2769
2775
2775
2775
2775
2775
2776
2776
2776
2776
2776
2776
2776
2776
2776
2777
2777
2777
2777
2777
2777
2777
2777
2777
2777
2777
2778
2778
2778
2778
2778
2778
2778
2784
2784
2784
2784
2784
2784
2784
2784
2785
2785
2785
2785
2785
2785
2785
2785
2785
2785
2785
2786
2786
2786
2786
2786
2786
2786
2786
2786
2786
2787
2787
2787
2792
2792
2792
2793
2793
2793
2793
2793
2793
2793
2793
2793
2793
2793
2794
2794
2794
2794
2794
2794
2794
2794
2794
2794
2795
2795
2795
2795
2795
2795
2795
2795
2799
2800
2800
2800
2800
2800
2800
2800
2800
2800
2800
2801
2801
2801
2801
2801
2801
2801
2801
2801
2801
2802
2802
2802
2802
2802
2802
2802
2802
2802
2802
2802
2808
2808
2808
2808
2808
2809
2809
2809
2809
2809
2809
2809
2809
2809
2810
2810
2810
2810
2810
2810
2810
2810
2810
2810
2811
2811
2811
2811
2811
2811
2811
2811
2817
2817
2817
2817
2817
2817
2817
2817
2817
2818
2818
2818
2818
2818
2818
2818
2818
2818
2819
2819
2819
2819
2819
2819
2819
2819
2819
2819
2819
2820
2820
2820
2825
2825
2826
2826
2826
2826
2826
2826
2826
2826
2826
2826
2827
2827
2827
2827
2827
2827
2827
2827
2827
2827
2828
2828
2828
2828
2828
2828
2828
2828
2828
2828
2833
2833
2833
2833
2833
2833
2833
2833
2833
2833
2834
2834
2834
2834
2834
2834
2834
2834
2834
2834
2835
2835
2835
2835
2835
2835
2835
2836
2836
2836
2836
2836
2842
2842
2842
2842
2842
2842
2842
2842
2842
2843
2843
2843
2843
2843
2843
2843
2843
2843
2843
2843
2844
2844
2844
2844
2844
2844
2844
2844
2844
2844
2845
2845
2849
2849
2849
2849
2849
2850
2850
2850
2850
2850
2850
2850
2850
2850
2850
2850
2851
2851
2851
2851
2851
2851
2851
2851
2851
2851
2851
2852
2852
2852
2852
2852
2857
2857
2858
2858
2858
2858
2858
2858
2858
2858
2858
2859
2859
2859
2859
2859
2859
2859
2859
2859
2859
2859
2860
2860
2860
2860
2860
2860
2860
2860
2860
2860
2865
2865
2865
2865
2865
2865
2865
2865
2866
2866
2866
2866
2866
2866
2866
2866
2866
2866
2867
2867
2867
2867
2867
2867
2867
2867
2867
2867
2868
2868
2868
2868
2873
2873
2873
2874
2874
2874
2874
2874
2874
2874
2874
2874
2874
2875
2875
2875
2875
2875
2875
2875
2875
2875
2875
2876
2876
2876
2876
2876
2876
2876
2876
2876
2881
2881
2881
2881
2881
2881
2881
2881
2881
2881
2882
2882
2882
2882
2882
2882
2882
2882
2882
2882
2882
2883
2883
2883
2883
2883
2883
2883
2883
2883
2883
2883
2888
2888
2888
2888
2888
2888
2888
2888
2888
2889
2889
2889
2889
2889
2889
2889
2889
2889
2889
2890
2890
2890
2890
2890
2890
2890
2890
2890
2890
2890
2891
2891
2896
2896
2897
2897
2897
2897
2897
2897
2897
2897
2897
2897
2897
2898
2898
2898
2898
2898
2898
2898
2898
2898
2898
2899
2899
2899
2899
2899
2899
2899
2899
2899
2904
2904
2904
2904
2904
2904
2904
2904
2904
2904
2905
2905
2905
2905
2905
2905
2905
2905
2905
2905
2905
2906
2906
2906
2906
2906
2906
2906
2906
2906
2906
2907
2912
2912
2912
2912
2912
2913
2913
2913
2913
2913
2913
2913
2913
2913
2913
2913
2914
2914
2914
2914
2914
2914
2914
2914
2914
2914
2915
2915
2915
2915
2915
2915
2921
2921
2921
2921
2921
2921
2921
2921
2922
2922
2922
2922
2922
2922
2922
2922
2922
2922
2923
2923
2923
2923
2923
2923
2923
2924
2924
2924
2924
2924
2924
2924
2930
2930
2930
2930
2930
2930
2930
2930
2931
2931
2931
2931
2931
2931
2931
2931
2931
2931
2931
2932
2932
2932
2932
2932
2932
2932
2932
2932
2932
2932
2933
2933
2938
2938
2939
2939
2939
2939
2939
2939
2939
2939
2939
2939
2940
2940
2940
2940
2940
2940
2940
2940
2940
2940
2940
2941
2941
2941
2941
2941
2941
2941
2941
2941
2947
2947
2947
2947
2948
2948
2948
2948
2948
2948
2948
2948
2948
2948
2949
2949
2949
2949
2949
2949
2949
2949
2949
2949
2949
2950
2950
2950
2950
2950
2950
2950
2956
2956
2956
2956
2956
2956
2956
2956
2957
2957
2957
2957
2957
2957
2957
2957
2957
2957
2958
2958
2958
2958
2958
2958
2958
2958
2958
2959
2959
2959
2959
2959
2964
2965
2965
2965
2965
2965
2965
2965
2965
2965
2965
2966
2966
2966
2966
2966
2966
2966
2966
2966
2966
2967
2967
2967
2967
2967
2967
2967
2967
2967
2967
2968
2973
2973
2974
2974
2974
2974
2974
2974
2974
2974
2974
2975
2975
2975
2975
2975
2975
2975
2975
2975
2975
2975
2975
2976
2976
2976
2976
2976
2976
2976
2976
2976
2981
2981
2981
2981
2981
2981
2981
2981
2982
2982
2982
2982
2982
2982
2982
2982
2982
2982
2982
2983
2983
2983
2983
2983
2983
2983
2983
2983
2983
2983
2984
2984
2989
2989
2990
2990
2990
2990
2990
2990
2990
2990
2990
2990
2991
2991
2991
2991
2991
2991
2991
2991
2991
2991
2991
2992
2992
2992
2992
2992
2992
2992
2992
2992
2998
2998
2998
2998
2998
2998
2999
2999
2999
2999
2999
2999
2999
2999
2999
2999
3000
3000
3000
3000
3000
3000
3000
3000
3000
3000
3000
3001
3001
3001
3001
3001
3006
3006
3007
3007
3007
3007
3007
3007
3007
3007
3007
3007
3008
3008
3008
3008
3008
3008
3008
3008
3008
3008
3009
3009
3009
3009
3009
3009
3009
3009
3009
3009
3015
3015
3015
3015
3015
3015
3015
3016
3016
3016
3016
3016
3016
3016
3016
3016
3016
3017
3017
3017
3017
3017
3017
3017
3017
3017
3017
3018
3018
3018
3018
3018
3023
3024
3024
3024
3024
3024
3024
3024
3024
3024
3025
3025
3025
3025
3025
3025
3025
3025
3025
3025
3025
3025
3026
3026
3026
3026
3026
3026
3026
3026
3026
3026
3032
3032
3032
3032
3033
3033
3033
3033
3033
3033
3033
3033
3033
3033
3033
3034
3034
3034
3034
3034
3034
3034
3034
3034
3034
3034
3035
3035
3035
3035
3035
3035
3039
3040
3040
3040
3040
3040
3040
3040
3040
3040
3040
3041
3041
3041
3041
3041
3041
3041
3041
3041
3041
3041
3042
3042
3042
3042
3042
3042
3042
3042
3042
3042
3048
3048
3048
3048
3048
3048
3048
3048
3049
3049
3049
3049
3049
3049
3049
3049
3049
3049
3050
3050
3050
3050
3050
3050
3050
3050
3050
3050
3051
3051
3051
3051
3056
3057
3057
3057
3057
3057
3057
3057
3057
3057
3057
3058
3058
3058
3058
3058
3058
3058
3058
3058
3058
3058
3059
3059
3059
3059
3059
3059
3059
3059
3059
3059
3065
3066
3066
3066
3066
3066
3066
3066
3066
3066
3067
3067
3067
3067
3067
3067
3067
3067
3067
3067
3067
3068
3068
3068
3068
3068
3068
3068
3068
3068
3068
3069
3074
3074
3074
3074
3074
3075
3075
3075
3075
3075
3075
3075
3075
3075
3075
3076
3076
3076
3076
3076
3076
3076
3076
3076
3076
3076
3077
3077
3077
3077
3077
3077
3083
3083
3083
3083
3083
3083
3083
3083
3083
3084
3084
3084
3084
3084
3084
3084
3084
3084
3084
3084
3085
3085
3085
3085
3085
3085
3085
3085
3085
3085
3085
3086
3091
3091
3091
3091
3092
3092
3092
3092
3092
3092
3092
3092
3092
3092
3092
3093
3093
3093
3093
3093
3093
3093
3093
3093
3093
3093
3094
3094
3094
3094
3094
3094
3100
3100
3100
3100
3100
3100
3100
3100
3100
3101
3101
3101
3101
3101
3101
3101
3101
3101
3101
3101
3102
3102
3102
3102
3102
3102
3102
3102
3102
3102
3102
3103
3108
3108
3108
3109
3109
3109
3109
3109
3109
3109
3110
3110
3110
3110
3110
3110
3110
3110
3110
3111
3111
3111
3111
3111
3111
3111
3111
3111
3111
3111
3112
3112
3116
3116
3116
3116
3116
3116
3116
3117
3117
3117
3117
3117
3117
3117
3117
3117
3117
3117
3118
3118
3118
3118
3118
3118
3118
3118
3118
3119
3119
3119
3119
3119
3124
3125
3125
3125
3125
3125
3125
3125
3125
3125
3125
3125
3126
3126
3126
3126
3126
3126
3126
3126
3126
3126
3126
3127
3127
3127
3127
3127
3127
3127
3127
3127
3133
3133
3133
3133
3133
3133
3133
3134
3134
3134
3134
3134
3134
3134
3134
3134
3134
3135
3135
3135
3135
3135
3135
3135
3135
3135
3135
3135
3136
3136
3136
3136
3141
3141
3142
3142
3142
3142
3142
3142
3142
3142
3142
3142
3143
3143
3143
3143
3143
3143
3143
3143
3143
3143
3144
3144
3144
3144
3144
3144
3144
3144
3144
3144
3150
3150
3150
3150
3150
3150
3151
3151
3151
3151
3151
3151
3151
3151
3151
3151
3151
3152
3152
3152
3152
3152
3152
3152
3152
3152
3152
3153
3153
3153
3153
3153
3159
3159
3159
3159
3159
3159
3159
3159
3159
3159
3160
3160
3160
3160
3160
3160
3160
3160
3160
3160
3161
3161
3161
3161
3161
3161
3161
3161
3161
3161
3162
3162
3167
3167
3167
3167
3167
3168
3168
3168
3168
3168
3168
3168
3168
3168
3168
3169
3169
3169
3169
3169
3169
3169
3169
3169
3169
3169
3170
3170
3170
3170
3170
3170
3174
3174
3175
3175
3175
3175
3175
3175
3175
3175
3175
3175
3176
3176
3176
3176
3176
3176
3176
3176
3176
3176
3176
3177
3177
3177
3177
3177
3177
3177
3177
3177
3183
3183
3183
3183
3183
3183
3183
3184
3184
3184
3184
3184
3184
3184
3184
3184
3184
3184
3185
3185
3185
3185
3185
3185
3185
3185
3185
3185
3185
3186
3186
3186
3191
3191
3191
3192
3192
3192
3192
3192
3192
3192
3192
3192
3192
3193
3193
3193
3193
3193
3193
3193
3193
3193
3193
3193
3194
3194
3194
3194
3194
3194
3194
3194
3200
3200
3200
3200
3200
3200
3200
3200
3200
3200
3201
3201
3201
3201
3201
3201
3201
3201
3201
3201
3202
3202
3202
3202
3202
3202
3202
3202
3202
3202
3203
3203
3208
3208
3208
3208
3208
3208
3209
3209
3209
3210
3210
3210
3210
3210
3210
3210
3210
3210
3211
3211
3211
3211
3211
3211
3211
3211
3211
3211
3212
3212
3212
3212
3217
3218
3218
3218
3218
3218
3218
3218
3218
3218
3218
3219
3219
3219
3219
3219
3219
3219
3219
3219
3219
3220
3220
3220
3220
3220
3220
3220
3220
3220
3220
3220
3226
3226
3226
3227
3227
3227
3227
3227
3227
3227
3227
3227
3227
3228
3228
3228
3228
3228
3228
3228
3228
3228
3228
3228
3229
3229
3229
3229
3229
3229
3229
3229
3235
3235
3235
3235
3235
