time (ms),latency (ms),consume (ms)
0,7,0
36,34,36
37,29,1
37,24,0
37,18,0
37,13,0
37,7,0
39,1,2
44,1,5
50,2,6
56,2,6
62,3,6
67,2,5
73,2,6
79,2,6
85,2,6
90,1,5
96,2,6
102,2,6
106,1,4
112,2,6
116,1,4
122,1,6
129,3,7
133,2,4
139,1,6
145,2,6
152,3,7
156,1,4
161,1,5
166,1,5
171,1,5
177,1,6
182,1,5
188,1,6
193,1,5
199,1,6
205,2,6
211,2,6
216,1,5
222,1,6
228,2,6
233,2,5
238,2,5
243,1,5
248,1,5
254,1,6
259,1,5
265,1,6
271,2,6
276,1,5
282,1,6
287,1,5
294,3,7
299,1,5
304,1,5
310,1,6
315,1,5
320,1,5
325,1,5
331,1,6
339,4,8
343,2,4
347,1,4
353,1,6
359,2,6
365,1,6
370,1,5
375,1,5
381,1,6
386,1,5
392,2,6
397,1,5
402,1,5
408,1,6
414,2,6
420,2,6
425,1,5
430,1,5
436,1,6
441,1,5
448,2,7
454,2,6
459,1,5
464,1,5
470,1,6
475,1,5
481,1,6
486,1,5
494,2,8
500,1,6
505,1,5
511,1,6
516,1,5
521,1,5
527,1,6
532,1,5
538,2,6
543,1,5
548,1,5
554,1,6
559,1,5
564,1,5
570,1,6
575,1,5
580,1,5
586,1,6
591,1,5
596,1,5
602,1,6
607,1,5
613,1,6
618,1,5
623,1,5
629,1,6
634,1,5
639,1,5
645,1,6
650,1,5
655,1,5
660,1,5
666,1,6
671,1,5
678,2,7
685,4,7
692,2,7
696,1,4
703,3,7
709,2,6
720,7,11
726,2,6
736,5,10
740,1,4
745,1,5
751,1,6
756,1,5
761,1,5
767,1,6
772,1,5
778,1,6
783,1,5
789,1,6
794,1,5
800,1,6
805,1,5
811,1,6
816,1,5
822,1,6
827,1,5
833,2,6
838,1,5
844,2,6
856,2,12
860,1,4
866,1,6
871,1,5
877,1,6
882,1,5
888,2,6
893,1,5
898,1,5
904,1,6
909,1,5
915,2,6
920,1,5
927,3,7
932,2,5
937,2,5
943,2,6
949,2,6
954,1,5
960,1,6
965,1,5
970,1,5
975,1,5
980,1,5
986,2,6
991,2,5
995,1,4
1000,1,5
1006,1,6
1011,1,5
1016,1,5
1023,3,7
1028,1,5
1034,1,6
1039,1,5
1045,2,6
1050,1,5
1056,2,6
1060,1,4
1068,2,8
1073,2,5
1077,1,4
1083,1,6
1088,1,5
1094,1,6
1100,2,6
1106,2,6
1112,1,6
1118,1,6
1124,1,6
1130,1,6
1136,2,6
1142,2,6
1148,2,6
1153,1,5
1158,1,5
1163,1,5
1169,2,6
1175,2,6
1179,1,4
1199,16,20
1200,11,1
1200,6,0
1200,1,0
1205,1,5
1211,2,6
1216,1,5
1222,2,6
1227,1,5
1233,2,6
1239,2,6
1244,2,5
1250,2,6
1255,2,5
1260,1,5
1265,1,5
1271,1,6
1276,1,5
1281,1,5
1286,1,5
1292,2,6
1296,1,4
1301,1,5
1306,1,5
1311,1,5
1316,1,5
1321,1,5
1327,2,6
1331,1,4
1337,1,6
1342,1,5
1347,1,5
1353,2,6
1358,1,5
1364,1,6
1369,1,5
1374,1,5
1380,1,6
1385,1,5
1391,2,6
1396,1,5
1401,1,5
1407,1,6
1413,1,6
1419,2,6
1424,1,5
1429,1,5
1434,1,5
1439,1,5
1445,2,6
1450,1,5
1455,1,5
1461,1,6
1467,2,6
1472,1,5
1478,1,6
1483,1,5
1488,1,5
1494,1,6
1499,1,5
1505,1,6
1510,1,5
1515,1,5
1521,1,6
1526,1,5
1531,1,5
1536,1,5
1542,1,6
1547,1,5
1553,1,6
1558,1,5
1563,1,5
1568,1,5
1573,1,5
1579,1,6
1584,1,5
1590,2,6
1595,1,5
1600,1,5
1607,1,7
1612,1,5
1618,2,6
1623,1,5
1628,1,5
1634,1,6
1640,1,6
1645,1,5
1650,1,5
1656,1,6
1661,1,5
1666,1,5
1672,1,6
1677,1,5
1683,1,6
1688,1,5
1693,1,5
1699,1,6
1704,1,5
1710,1,6
1715,1,5
1720,1,5
1726,1,6
1731,1,5
1737,2,6
1742,1,5
1747,1,5
1752,1,5
1758,1,6
1763,1,5
1769,1,6
1774,1,5
1779,1,5
1785,1,6
1790,1,5
1796,2,6
1802,2,6
1807,1,5
1812,1,5
1817,1,5
1822,1,5
1827,1,5
1833,2,6
1838,1,5
1843,1,5
1848,1,5
1854,2,6
1859,1,5
1864,1,5
1869,1,5
1874,0,5
1880,1,6
1886,1,6
1891,1,5
1896,0,5
1902,1,6
1907,1,5
1912,1,5
1917,1,5
1922,1,5
1928,1,6
1933,1,5
1939,1,6
1944,1,5
1949,1,5
1954,1,5
1959,1,5
1964,1,5
1970,1,6
1975,1,5
1980,0,5
1986,1,6
1991,1,5
1997,1,6
2002,1,5
2006,0,4
2011,0,5
2017,1,6
2022,1,5
2026,0,4
2031,0,5
2037,1,6
2042,0,5
2048,1,6
2053,1,5
2058,0,5
2064,1,6
2068,0,4
2074,1,6
2079,1,5
2084,0,5
2090,1,6
2095,0,5
2101,1,6
2106,1,5
2111,1,5
2118,1,7
2123,1,5
2128,1,5
2133,1,5
2138,1,5
2143,1,5
2158,9,15
2160,0,2
2166,1,6
2171,1,5
2175,0,4
2181,1,6
2187,1,6
2191,0,4
2196,0,5
2202,1,6
2206,0,4
2212,0,6
2218,1,6
2223,1,5
2227,0,4
2233,0,6
2239,1,6
2244,1,5
2248,0,4
2254,0,6
2260,1,6
2264,0,4
2269,0,5
2275,1,6
2281,1,6
2286,1,5
2292,1,6
2297,1,5
2303,2,6
2308,1,5
2313,1,5
2319,1,6
2324,1,5
2330,1,6
2335,1,5
2340,1,5
2346,1,6
2351,1,5
2357,1,6
2362,1,5
2368,2,6
2373,1,5
2378,1,5
2384,1,6
2389,1,5
2395,1,6
2400,1,5
2406,2,6
2412,2,6
2417,1,5
2422,1,5
2427,1,5
2433,1,6
2438,1,5
2443,1,5
2449,1,6
2454,1,5
2460,1,6
2465,1,5
2471,2,6
2476,1,5
2481,1,5
2487,1,6
2492,1,5
2498,1,6
2503,1,5
2509,2,6
2514,1,5
2519,1,5
2525,1,6
2531,1,6
2536,1,5
2542,1,6
2547,1,5
2553,2,6
2558,1,5
2563,1,5
2569,1,6
2574,1,5
2580,1,6
2585,1,5
2591,1,6
2596,1,5
2602,1,6
2607,1,5
2612,1,5
2618,1,6
2623,1,5
2629,1,6
2634,1,5
2640,1,6
2645,1,5
2650,1,5
2656,1,6
2661,1,5
2666,1,5
2671,1,5
2677,1,6
2682,1,5
2687,1,5
2693,1,6
2698,1,5
2704,1,6
2709,1,5
2715,1,6
2720,1,5
2725,1,5
2730,1,5
2735,1,5
2741,2,6
2746,1,5
2751,1,5
2757,1,6
2762,1,5
2768,1,6
2773,1,5
2779,2,6
2784,1,5
2789,1,5
2795,1,6
2800,1,5
2806,1,6
2811,1,5
2816,1,5
2824,3,8
2828,1,4
2833,1,5
2839,1,6
2844,1,5
2851,3,7
2855,1,4
2862,1,7
2867,1,5
2872,1,5
2877,1,5
2883,2,6
2888,1,5
2893,1,5
2898,1,5
2903,1,5
2909,2,6
2914,1,5
2919,1,5
2925,1,6
2930,1,5
2936,1,6
2941,1,5
2947,2,6
2952,1,5
2957,1,5
2963,1,6
2968,1,5
2974,1,6
2979,1,5
2984,1,5
2990,1,6
2995,1,5
3001,1,6
3006,1,5
3012,2,6
3017,1,5
3022,1,5
3028,1,6
3033,1,5
3039,1,6
3044,1,5
3050,2,6
3056,2,6
3060,1,4
3066,1,6
3071,1,5
3077,2,6
3082,1,5
3087,1,5
3093,1,6
3098,1,5
3104,1,6
3109,1,5
3114,0,5
3120,1,6
3125,1,5
3131,1,6
3136,1,5
3142,1,6
3147,1,5
3152,1,5
3156,0,4
3162,1,6
3168,1,6
3172,0,4
3178,1,6
3183,1,5
3187,0,4
3193,1,6
3199,1,6
3203,0,4
3209,0,6
3215,1,6
3220,1,5
3224,0,4
3230,0,6
3236,1,6
3241,1,5
3246,1,5
3250,0,4
3256,0,6
3262,1,6
3267,1,5
3272,1,5
3278,2,6
3283,1,5
3289,2,6
3295,2,6
3299,1,4
3304,1,5
3310,1,6
3315,1,5
3320,1,5
3326,2,6
3331,1,5
3336,1,5
3341,1,5
3347,1,6
3352,1,5
3357,1,5
3362,1,5
3368,1,6
3374,2,6
3379,1,5
3384,1,5
3390,1,6
3395,1,5
3400,1,5
3406,2,6
3410,1,4
3416,1,6
3421,1,5
3426,1,5
3431,1,5
3437,2,6
3442,2,5
3446,1,4
3452,2,6
3457,1,5
3463,1,6
3468,1,5
3474,2,6
3479,1,5
3485,1,6
3491,2,6
3497,2,6
3501,1,4
3507,1,6
3512,1,5
3517,1,5
3522,1,5
3528,1,6
3533,1,5
3539,1,6
3545,1,6
3550,1,5
3555,1,5
3561,2,6
3566,1,5
3571,1,5
3576,1,5
3582,2,6
3587,1,5
3593,1,6
3599,2,6
3604,1,5
3610,1,6
3615,1,5
3621,1,6
3626,1,5
3632,2,6
3637,1,5
3642,1,5
3648,1,6
3653,1,5
3659,1,6
3664,1,5
3669,1,5
3675,1,6
3680,1,5
3686,2,6
3691,1,5
3696,1,5
3702,1,6
3707,1,5
3713,2,6
3718,1,5
3723,1,5
3728,1,5
3733,1,5
3739,1,6
3744,1,5
3749,1,5
3755,1,6
3760,1,5
3766,1,6
3771,1,5
3777,1,6
3782,1,5
3788,1,6
3793,1,5
3799,2,6
3804,1,5
3809,1,5
3815,1,6
3820,1,5
3825,1,5
3830,1,5
3836,1,6
3841,1,5
3847,1,6
3852,1,5
3858,2,6
3863,1,5
3868,1,5
3873,1,5
3878,1,5
3884,1,6
3889,1,5
3894,1,5
3899,1,5
3904,1,5
3910,1,6
3915,1,5
3920,1,5
3927,1,7
3932,1,5
3938,2,6
3943,1,5
3948,1,5
3953,1,5
3958,1,5
3964,1,6
3969,1,5
3974,1,5
3980,1,6
3985,1,5
3990,1,5
3995,1,5
4001,1,6
4006,1,5
4011,1,5
4017,1,6
4022,1,5
4028,1,6
4033,1,5
4039,1,6
4044,1,5
4049,1,5
4056,2,7
4060,1,4
4065,1,5
4070,1,5
4076,1,6
4081,1,5
4087,2,6
4092,1,5
4097,1,5
4102,1,5
4107,1,5
4113,1,6
4118,1,5
4123,1,5
4129,1,6
4134,1,5
4140,1,6
4145,1,5
4150,1,5
4156,1,6
4161,1,5
4167,1,6
4172,1,5
4178,1,6
4183,1,5
4188,1,5
4194,1,6
4199,1,5
4205,1,6
4210,1,5
4216,1,6
4221,1,5
4227,1,6
4232,1,5
4238,1,6
4243,1,5
4248,1,5
4254,1,6
4259,1,5
4264,1,5
4269,1,5
4275,2,6
4280,1,5
4285,1,5
4291,1,6
4296,1,5
4302,1,6
4307,1,5
4313,2,6
4318,1,5
4323,1,5
4329,1,6
4334,1,5
4339,1,5
4344,1,5
4350,1,6
4355,1,5
4361,2,6
4366,1,5
4371,1,5
4376,1,5
4381,1,5
4387,2,6
4392,1,5
4397,1,5
4403,1,6
4408,1,5
4414,1,6
4419,1,5
4425,2,6
4430,1,5
4435,1,5
4441,1,6
4446,1,5
4452,1,6
4457,1,5
4463,2,6
4468,1,5
4473,1,5
4479,1,6
4484,1,5
4490,1,6
4495,1,5
4501,1,6
4506,1,5
4511,1,5
4517,1,6
4522,1,5
4528,1,6
4533,1,5
4539,2,6
4544,1,5
4549,1,5
4555,1,6
4560,1,5
4566,1,6
4571,1,5
4576,1,5
4582,1,6
4587,1,5
4593,1,6
4598,1,5
4604,1,6
4609,1,5
4615,1,6
4620,1,5
4626,2,6
4631,1,5
4636,1,5
4642,1,6
4647,1,5
4653,1,6
4658,1,5
4664,2,6
4669,1,5
4674,1,5
4680,1,6
4685,1,5
4691,1,6
4696,1,5
4702,2,6
4707,1,5
4712,1,5
4717,1,5
4722,1,5
4728,1,6
4733,1,5
4738,1,5
4744,1,6
4749,1,5
4755,1,6
4760,1,5
4766,1,6
4771,1,5
4777,1,6
4782,1,5
4787,1,5
4793,1,6
4806,7,13
4807,3,1
4811,1,4
4816,1,5
4822,1,6
4827,1,5
4833,1,6
4839,1,6
4844,1,5
4850,1,6
4856,2,6
4861,1,5
4866,1,5
4872,1,6
4877,1,5
4883,1,6
4888,1,5
4894,1,6
4899,1,5
4905,1,6
4910,1,5
4916,2,6
4921,1,5
4926,1,5
4931,1,5
4936,1,5
4942,1,6
4947,1,5
4953,2,6
4958,1,5
4964,2,6
4969,1,5
4974,1,5
4980,1,6
4986,1,6
4991,1,5
4996,1,5
5002,2,6
5007,1,5
5012,1,5
5017,1,5
5022,1,5
5027,1,5
5033,1,6
5038,1,5
5044,2,6
5049,1,5
5054,1,5
5060,1,6
5065,1,5
5071,1,6
5076,1,5
5082,1,6
5087,1,5
5093,2,6
5098,1,5
5103,1,5
5108,1,5
5114,2,6
5119,1,5
5124,1,5
5130,1,6
5135,1,5
5141,1,6
5146,1,5
5152,1,6
5157,1,5
5163,1,6
5168,1,5
5174,2,6
5179,1,5
5184,1,5
5190,1,6
5195,1,5
5201,1,6
5206,1,5
5212,1,6
5217,1,5
5223,2,6
5228,1,5
5234,2,6
5239,1,5
5244,1,5
5250,1,6
5255,1,5
5261,1,6
5266,1,5
5272,1,6
5277,1,5
5282,1,5
5287,1,5
5293,1,6
5298,1,5
5304,1,6
5309,1,5
5315,2,6
5320,1,5
5326,2,6
5331,1,5
5336,1,5
5342,1,6
5347,1,5
5352,1,5
5357,1,5
5363,2,6
5368,1,5
5373,1,5
5379,1,6
5384,1,5
5390,1,6
5395,1,5
5401,2,6
5406,1,5
5411,1,5
5417,1,6
5422,1,5
5427,1,5
5432,1,5
5438,1,6
5443,1,5
5449,2,6
5454,1,5
5459,1,5
5465,1,6
5470,1,5
5476,1,6
5481,1,5
5487,2,6
5492,1,5
5497,1,5
5503,1,6
5508,1,5
5514,1,6
5519,1,5
5525,1,6
5530,1,5
5536,1,6
5541,1,5
5547,1,6
5552,1,5
5558,1,6
5563,1,5
5568,1,5
5574,1,6
5579,1,5
5585,1,6
5590,1,5
5596,2,6
5601,1,5
5606,1,5
5612,1,6
5617,1,5
5623,1,6
5628,1,5
5634,2,6
5639,1,5
5644,1,5
5650,1,6
5655,1,5
5661,1,6
5666,1,5
5672,1,6
5677,1,5
5683,1,6
5688,1,5
5694,1,6
5699,1,5
5705,2,6
5710,1,5
5715,1,5
5720,1,5
5725,1,5
5731,2,6
5736,1,5
5741,1,5
5747,1,6
5752,1,5
5757,1,5
5762,1,5
5768,1,6
5773,1,5
5779,2,6
5784,1,5
5789,1,5
5795,1,6
5800,1,5
5806,1,6
5811,1,5
5817,2,6
5822,1,5
5827,1,5
5833,1,6
5838,1,5
5844,1,6
5849,1,5
5855,2,6
5860,1,5
5865,1,5
5871,1,6
5876,1,5
5882,1,6
5887,1,5
5893,2,6
5898,1,5
5903,1,5
5909,1,6
5914,1,5
5920,1,6
5925,1,5
5931,2,6
5936,1,5
5942,1,6
5947,1,5
5953,1,6
5958,1,5
5964,1,6
5969,1,5
5974,1,5
5980,1,6
5985,1,5
5991,1,6
5996,1,5
6001,1,5
6006,1,5
6012,1,6
6017,1,5
6023,2,6
6028,1,5
6033,1,5
6039,1,6
6044,1,5
6050,1,6
6056,2,6
6060,1,4
6065,1,5
6070,1,5
6075,1,5
6080,1,5
6086,1,6
6091,1,5
6097,1,6
6102,1,5
6107,1,5
6113,1,6
6118,1,5
6123,1,5
6128,1,5
6134,1,6
6139,1,5
6145,2,6
6150,1,5
6155,1,5
6161,1,6
6166,1,5
6172,1,6
6177,1,5
6182,1,5
6187,1,5
6193,1,6
6199,2,6
6204,1,5
6210,1,6
6215,1,5
6221,1,6
6226,1,5
6232,1,6
6237,1,5
6243,1,6
6248,1,5
6254,2,6
6259,1,5
6264,1,5
6270,1,6
6275,1,5
6281,1,6
6286,1,5
6292,2,6
6297,1,5
6302,1,5
6308,1,6
6313,1,5
6319,1,6
6324,1,5
6330,1,6
6335,1,5
6344,5,9
6346,1,2
6351,1,5
6357,2,6
6362,1,5
6368,2,6
6373,1,5
6379,2,6
6384,1,5
6390,2,6
6395,1,5
6400,1,5
6406,1,6
6411,1,5
6417,1,6
6422,1,5
6427,1,5
6433,1,6
6438,1,5
6443,1,5
6449,1,6
6454,1,5
6459,1,5
6464,1,5
6470,1,6
6475,1,5
6480,1,5
6486,1,6
6491,1,5
6496,1,5
6501,1,5
6507,2,6
6512,1,5
6517,1,5
6523,2,6
6527,1,4
6533,1,6
6539,2,6
6543,1,4
6548,1,5
6553,1,5
6558,1,5
6563,1,5
6568,1,5
6574,1,6
6580,1,6
6585,1,5
6591,2,6
6597,2,6
6602,1,5
6608,2,6
6613,1,5
6619,1,6
6625,2,6
6629,1,4
6634,1,5
6640,1,6
6646,1,6
6651,1,5
6657,2,6
6662,1,5
6668,1,6
6674,2,6
6679,1,5
6684,1,5
6690,2,6
6694,1,4
6700,2,6
6706,2,6
6710,1,4
6715,1,5
6721,1,6
6726,1,5
6731,1,5
6737,1,6
6743,1,6
6748,1,5
6754,1,6
6760,2,6
6765,1,5
6771,2,6
6776,1,5
6780,0,4
6786,1,6
6792,1,6
6796,0,4
6801,0,5
6807,1,6
6811,0,4
6817,0,6
6823,1,6
6828,1,5
6832,0,4
6838,1,6
6844,1,6
6848,0,4
6854,0,6
6860,1,6
6865,1,5
6869,0,4
6875,1,6
6881,1,6
6885,0,4
6890,0,5
6896,1,6
6900,0,4
6905,0,5
6911,1,6
6917,1,6
6922,1,5
6926,0,4
6932,0,6
6938,1,6
6943,1,5
6947,0,4
6953,0,6
6959,1,6
6964,1,5
6968,0,4
6974,0,6
6980,1,6
6984,0,4
6989,0,5
6995,1,6
7001,1,6
7006,1,5
7010,0,4
7016,1,6
7021,1,5
7025,0,4
7030,0,5
7036,1,6
7041,1,5
7045,0,4
7052,1,7
7056,0,4
7062,1,6
7066,0,4
7071,0,5
7077,1,6
7083,1,6
7087,0,4
7092,0,5
7098,1,6
7103,1,5
7107,0,4
7113,1,6
7119,1,6
7123,0,4
7129,1,6
7135,1,6
7139,0,4
7145,0,6
7151,1,6
7156,1,5
7160,0,4
7166,1,6
7171,1,5
7175,0,4
7181,0,6
7187,1,6
7192,1,5
7196,0,4
7202,1,6
7208,1,6
7212,0,4
7218,1,6
7224,1,6
7228,0,4
7233,0,5
7239,1,6
7244,1,5
7248,0,4
7254,1,6
7260,1,6
7264,0,4
7270,1,6
7276,1,6
7282,1,6
7287,1,5
7293,1,6
7299,2,6
7304,2,5
7308,1,4
7313,1,5
7318,1,5
7323,1,5
7328,1,5
7334,1,6
7339,1,5
7344,1,5
7350,1,6
7356,1,6
7361,1,5
7367,2,6
7372,1,5
7377,1,5
7383,1,6
7388,1,5
7394,1,6
7399,1,5
7405,1,6
7410,1,5
7416,2,6
7421,1,5
7426,1,5
7431,1,5
7436,1,5
7441,1,5
7446,1,5
7451,1,5
7456,1,5
7462,1,6
7467,1,5
7473,1,6
7478,1,5
7484,1,6
7489,1,5
7495,1,6
7500,1,5
7506,2,6
7511,1,5
7517,2,6
7522,1,5
7528,1,6
7533,1,5
7538,1,5
7544,2,6
7550,2,6
7554,1,4
7559,1,5
7565,1,6
7571,2,6
7576,1,5
7581,1,5
7587,2,6
7592,1,5
7597,1,5
7603,1,6
7609,2,6
7614,1,5
7619,1,5
7625,1,6
7631,2,6
7636,1,5
7641,1,5
7647,1,6
7653,2,6
7657,1,4
7663,1,6
7669,2,6
7674,1,5
7679,1,5
7685,2,6
7691,2,6
7695,1,4
7702,2,7
7707,2,5
7712,1,5
7717,1,5
7723,1,6
7729,2,6
7734,1,5
7739,1,5
7745,1,6
7751,2,6
7755,1,4
7761,1,6
7767,2,6
7772,1,5
7777,1,5
7783,1,6
7789,2,6
7794,1,5
7799,1,5
7805,2,6
7811,2,6
7815,1,4
7820,1,5
7826,2,6
7830,1,4
7835,1,5
7841,2,6
7846,1,5
7851,1,5
7856,1,5
7862,2,6
7867,1,5
7872,1,5
7878,2,6
7883,1,5
7888,1,5
7894,1,6
7900,2,6
7904,1,4
7909,1,5
7915,1,6
7921,2,6
7926,1,5
7931,1,5
7937,1,6
7943,2,6
7948,1,5
7953,1,5
7959,2,6
7964,1,5
7969,1,5
7975,2,6
7981,2,6
7985,1,4
7990,1,5
7996,2,6
8001,1,5
8006,1,5
8012,2,6
8018,2,6
8022,1,4
8028,1,6
8034,2,6
8040,2,6
8044,1,4
8050,1,6
8057,3,7
8062,2,5
8066,1,4
8072,1,6
8078,2,6
8084,2,6
8088,1,4
8093,1,5
8099,1,6
8105,2,6
8110,1,5
8115,1,5
8121,2,6
8126,1,5
8131,1,5
8137,1,6
8143,2,6
8147,1,4
8153,1,6
8159,2,6
8164,1,5
8170,1,6
8176,1,6
8182,2,6
8186,1,4
8192,1,6
8198,2,6
8204,2,6
8208,1,4
8214,1,6
8220,2,6
8226,2,6
8230,1,4
8235,1,5
8241,1,6
8247,2,6
8252,1,5
8257,1,5
8263,2,6
8269,2,6
8272,0,3
8278,0,6
8284,1,6
8288,0,4
8294,0,6
8300,1,6
8304,0,4
8310,0,6
8316,1,6
8320,0,4
8326,0,6
8332,1,6
8336,0,4
8342,0,6
8348,1,6
8352,0,4
8357,0,5
8363,1,6
8367,0,4
8372,0,5
8378,1,6
8382,0,4
8388,0,6
8394,1,6
8398,0,4
8403,0,5
8409,1,6
8414,1,5
8418,0,4
8424,1,6
8429,1,5
8433,0,4
8439,1,6
8445,1,6
8449,0,4
8455,1,6
8461,1,6
8465,0,4
8471,0,6
8477,1,6
8481,0,4
8487,0,6
8493,1,6
8497,0,4
8503,0,6
8509,1,6
8513,0,4
8519,0,6
8525,1,6
8529,0,4
8534,0,5
8540,1,6
8545,1,5
8549,0,4
8555,1,6
8560,1,5
8564,0,4
8570,1,6
8576,1,6
8580,0,4
8586,0,6
8592,1,6
8596,0,4
8601,0,5
8607,1,6
8612,1,5
8616,0,4
8622,1,6
8628,1,6
8633,1,5
8637,0,4
8643,1,6
8649,1,6
8653,0,4
8659,0,6
8665,1,6
8669,0,4
8675,0,6
8681,1,6
8685,0,4
8691,0,6
8697,1,6
8701,0,4
8707,0,6
8713,1,6
8717,0,4
8722,0,5
8728,1,6
8733,1,5
8737,0,4
8743,1,6
8749,1,6
8753,0,4
8759,1,6
8765,1,6
8769,0,4
8775,0,6
8781,1,6
8785,0,4
8790,0,5
8796,1,6
8800,0,4
8806,0,6
8812,1,6
8816,0,4
8822,0,6
8828,1,6
8832,0,4
8838,0,6
8844,1,6
8848,0,4
8853,0,5
8859,1,6
8864,0,5
8870,1,6
8874,0,4
8880,0,6
8886,1,6
8890,0,4
8896,0,6
8902,1,6
8906,0,4
8912,0,6
8918,1,6
8922,0,4
8928,0,6
8934,1,6
8938,0,4
8944,0,6
8950,1,6
8954,0,4
8959,0,5
8965,1,6
8969,0,4
8974,0,5
8980,1,6
8985,1,5
8989,0,4
8995,0,6
9001,1,6
9005,0,4
9011,0,6
9017,1,6
9021,0,4
9026,0,5
9032,1,6
9038,1,6
9042,0,4
9048,1,6
9054,1,6
9058,0,4
9064,1,6
9070,1,6
9074,0,4
9080,0,6
9086,1,6
9090,0,4
9096,0,6
9102,1,6
9108,1,6
9112,0,4
9118,0,6
9124,1,6
9128,0,4
9134,0,6
9140,1,6
9146,1,6
9150,0,4
9156,1,6
9162,1,6
9166,0,4
9172,0,6
9178,1,6
9184,1,6
9188,0,4
9194,0,6
9201,1,7
9206,1,5
9211,1,5
9215,0,4
9221,0,6
9227,1,6
9232,1,5
9237,1,5
9242,1,5
9246,0,4
9252,1,6
9261,4,9
9265,2,4
9269,1,4
9274,1,5
9279,1,5
9285,2,6
9290,1,5
9295,1,5
9301,1,6
9307,2,6
9311,1,4
9317,1,6
9322,1,5
9327,1,5
9333,1,6
9338,1,5
9343,1,5
9349,1,6
9354,1,5
9359,1,5
9365,1,6
9369,0,4
9374,0,5
9380,1,6
9384,0,4
9390,0,6
9396,1,6
9400,0,4
9405,0,5
9411,1,6
9415,0,4
9420,0,5
9426,1,6
9431,1,5
9435,0,4
9441,1,6
9445,0,4
9450,0,5
9456,1,6
9461,1,5
9465,0,4
9471,1,6
9477,1,6
9481,0,4
9487,0,6
9493,1,6
9498,1,5
9502,0,4
9508,1,6
9513,1,5
9517,0,4
9523,1,6
9529,1,6
9533,0,4
9539,1,6
9545,1,6
9549,0,4
9555,0,6
9561,1,6
9565,0,4
9571,0,6
9577,1,6
9581,0,4
9587,0,6
9593,1,6
9597,0,4
9603,1,6
9609,1,6
9613,0,4
9619,0,6
9625,1,6
9629,0,4
9635,0,6
9641,1,6
9645,0,4
9650,0,5
9656,1,6
9662,1,6
9666,0,4
9672,0,6
9678,1,6
9682,0,4
9687,0,5
9693,1,6
9698,1,5
9702,0,4
9708,1,6
9714,1,6
9718,0,4
9724,0,6
9730,1,6
9734,0,4
9740,0,6
9746,1,6
9750,0,4
9756,0,6
9762,1,6
9766,0,4
9772,0,6
9778,1,6
9782,0,4
9788,0,6
9794,1,6
9799,1,5
9803,0,4
9811,1,8
9816,0,5
9821,0,5
9827,1,6
9832,0,5
9837,0,5
9843,1,6
9847,0,4
9853,0,6
9859,1,6
9863,0,4
9869,0,6
9875,1,6
9879,0,4
9885,0,6
9891,1,6
9895,0,4
9903,2,8
9907,0,4
9913,0,6
9919,1,6
9923,0,4
9928,0,5
9934,1,6
9939,1,5
9943,0,4
9949,0,6
9955,1,6
9959,0,4
9965,0,6
9971,1,6
9975,0,4
9981,1,6
9987,1,6
9992,1,5
9996,0,4
10002,1,6
10006,0,4
10012,0,6
10018,1,6
10022,0,4
10028,0,6
10034,1,6
10038,0,4
10044,0,6
10050,1,6
10054,0,4
10060,0,6
10066,1,6
10070,0,4
10076,0,6
10082,1,6
10086,0,4
10092,0,6
10098,1,6
10102,0,4
10108,1,6
10114,1,6
10118,0,4
10124,1,6
10130,1,6
10134,0,4
10140,1,6
10146,1,6
10150,0,4
10156,0,6
10162,1,6
10166,0,4
10172,0,6
10178,1,6
10182,0,4
10188,1,6
10194,1,6
10198,0,4
10204,1,6
10210,1,6
10214,0,4
10220,0,6
10226,1,6
10230,0,4
10236,0,6
10242,1,6
10246,0,4
10252,1,6
10258,0,6
10264,1,6
10269,1,5
10274,1,5
10279,1,5
10284,1,5
10289,1,5
10294,1,5
10299,1,5
10304,1,5
10309,1,5
10314,1,5
10319,1,5
10323,0,4
10328,0,5
10334,1,6
10340,1,6
10345,1,5
10350,1,5
10354,0,4
10360,0,6
10366,1,6
10371,1,5
10376,1,5
10380,0,4
10385,0,5
10391,0,6
10397,1,6
10403,1,6
10408,1,5
10413,1,5
10417,0,4
10422,0,5
10428,1,6
10434,1,6
10439,1,5
10444,1,5
10448,0,4
10454,0,6
10460,1,6
10466,1,6
10471,1,5
10475,0,4
10480,0,5
10486,1,6
10492,1,6
10497,1,5
10502,1,5
10506,0,4
10512,0,6
10518,1,6
10524,1,6
10529,1,5
10534,0,5
10540,1,6
10546,1,6
10551,1,5
10556,1,5
10560,0,4
10565,0,5
10571,0,6
10577,1,6
10582,1,5
10587,1,5
10592,1,5
10596,0,4
10602,0,6
10608,1,6
10614,1,6
10619,1,5
10623,0,4
10629,1,6
10634,1,5
10638,0,4
10644,0,6
10650,1,6
10655,1,5
10659,0,4
10665,0,6
10671,1,6
10675,0,4
10680,0,5
10686,1,6
10691,1,5
10695,0,4
10701,1,6
10707,1,6
10711,0,4
10716,0,5
10722,1,6
10728,1,6
10733,1,5
10737,0,4
10743,1,6
10749,1,6
10753,0,4
10759,0,6
10765,1,6
10770,1,5
10774,0,4
10780,1,6
10785,1,5
10790,1,5
10796,1,6
10801,1,5
10805,0,4
10810,0,5
10816,1,6
10822,1,6
10827,1,5
10832,1,5
10836,0,4
10842,0,6
10848,1,6
10853,1,5
10857,0,4
10863,1,6
10869,1,6
10873,0,4
10878,0,5
10884,1,6
10889,1,5
10893,0,4
10898,0,5
10904,1,6
10909,1,5
10913,0,4
10919,1,6
10925,1,6
10929,0,4
10934,0,5
10940,1,6
10945,1,5
10949,0,4
10955,0,6
10961,1,6
10966,1,5
10970,0,4
10976,0,6
10982,1,6
10986,0,4
10991,0,5
10997,1,6
11002,1,5
11006,0,4
11012,1,6
11017,1,5
11021,0,4
11026,0,5
11032,0,6
11038,1,6
11042,0,4
11047,0,5
11053,1,6
11058,1,5
11062,0,4
11067,0,5
11073,1,6
11079,1,6
11084,1,5
11088,0,4
11094,0,6
11100,1,6
11105,1,5
11110,1,5
11114,0,4
11119,0,5
11125,1,6
11131,1,6
11136,1,5
11141,1,5
11145,0,4
11150,0,5
11156,1,6
11162,1,6
11167,1,5
11172,1,5
11176,0,4
11182,1,6
11188,1,6
11192,0,4
11198,0,6
11204,1,6
11208,0,4
11213,0,5
11219,1,6
11225,1,6
11231,1,6
11235,0,4
11240,0,5
11246,1,6
11252,1,6
11256,0,4
11262,0,6
11268,1,6
11273,1,5
11279,1,6
11285,2,6
11289,1,4
11294,1,5
11300,1,6
11306,2,6
11311,1,5
11317,2,6
11322,1,5
11328,1,6
11334,2,6
11340,2,6
11345,2,5
11350,2,5
11356,2,6
11361,1,5
11367,2,6
11372,1,5
11377,1,5
11382,1,5
11387,1,5
11393,1,6
11398,1,5
11403,1,5
11409,1,6
11414,1,5
11420,1,6
11425,1,5
11431,1,6
11436,1,5
11441,1,5
11447,1,6
11452,1,5
11458,1,6
11463,1,5
11469,2,6
11474,1,5
11479,1,5
11484,1,5
11489,1,5
11495,1,6
11500,1,5
11505,1,5
11511,1,6
11516,1,5
11522,1,6
11527,1,5
11533,1,6
11538,1,5
11543,1,5
11548,1,5
11553,1,5
11559,2,6
11564,1,5
11569,1,5
11574,1,5
11579,1,5
11585,2,6
11590,1,5
11595,1,5
11601,1,6
11606,1,5
11612,1,6
11617,1,5
11623,2,6
11628,1,5
11633,1,5
11639,1,6
11644,1,5
11650,1,6
11655,1,5
11661,1,6
11666,1,5
11671,1,5
11677,1,6
11682,1,5
11688,1,6
11693,1,5
11699,2,6
11704,1,5
11709,1,5
11714,1,5
11719,1,5
11725,1,6
11730,1,5
11736,1,6
11741,1,5
11747,1,6
11752,1,5
11761,4,9
11766,1,5
11772,1,6
11777,1,5
11782,1,5
11787,1,5
11793,2,6
11798,1,5
11804,2,6
11809,1,5
11814,1,5
11820,1,6
11825,1,5
11831,2,6
11836,1,5
11841,1,5
11846,1,5
11851,1,5
11857,2,6
11862,1,5
11867,1,5
11873,1,6
11878,1,5
11884,2,6
11889,1,5
11894,1,5
11900,1,6
11905,1,5
11911,1,6
11916,1,5
11922,1,6
11927,1,5
11932,1,5
11938,1,6
11943,1,5
11949,1,6
11954,1,5
11960,2,6
11965,1,5
11970,1,5
11976,1,6
11981,1,5
11987,1,6
11992,1,5
11998,1,6
12003,1,5
12008,1,5
12019,6,11
12020,1,1
12025,0,5
12031,1,6
12036,1,5
12042,1,6
12047,1,5
12052,1,5
12058,1,6
12063,1,5
12068,0,5
12074,1,6
12079,1,5
12084,1,5
12089,1,5
12094,1,5
12100,1,6
12105,1,5
12110,0,5
12116,1,6
12121,1,5
12126,1,5
12131,1,5
12136,1,5
12142,1,6
12147,1,5
12152,1,5
12158,1,6
12163,1,5
12169,1,6
12174,1,5
12179,1,5
12185,1,6
12190,1,5
12196,1,6
12201,1,5
12207,1,6
12213,1,6
12218,1,5
12223,1,5
12229,1,6
12234,1,5
12240,1,6
12245,1,5
12251,1,6
12256,1,5
12262,2,6
12267,1,5
12272,1,5
12278,1,6
12283,1,5
12289,1,6
12294,1,5
12300,2,6
12305,1,5
12310,1,5
12315,1,5
12320,1,5
12326,1,6
12331,1,5
12337,1,6
12342,1,5
12348,2,6
12353,1,5
12358,1,5
12364,1,6
12369,1,5
12375,2,6
12380,1,5
12385,1,5
12391,1,6
12396,1,5
12402,1,6
12407,1,5
12412,1,5
12418,1,6
12423,1,5
12429,1,6
12434,1,5
12439,1,5
12445,1,6
12450,1,5
12456,1,6
12461,1,5
12466,1,5
12472,1,6
12477,1,5
12483,1,6
12488,1,5
12493,1,5
12499,1,6
12504,1,5
12510,1,6
12515,1,5
12521,2,6
12526,1,5
12531,1,5
12537,1,6
12542,1,5
12548,2,6
12553,1,5
12558,1,5
12564,1,6
12569,1,5
12575,1,6
12580,1,5
12585,1,5
12591,1,6
12596,1,5
12602,1,6
12607,1,5
12612,1,5
12618,1,6
12623,1,5
12629,1,6
12634,1,5
12640,1,6
12645,1,5
12650,1,5
12656,1,6
12661,1,5
12667,1,6
12672,1,5
12678,2,6
12683,1,5
12688,1,5
12693,1,5
12698,1,5
12704,2,6
12709,1,5
12714,1,5
12720,1,6
12725,1,5
12731,1,6
12736,1,5
12741,1,5
12747,1,6
12752,1,5
12758,1,6
12763,1,5
12768,1,5
12774,1,6
12779,1,5
12785,1,6
12790,1,5
12795,1,5
12801,1,6
12806,1,5
12812,1,6
12817,1,5
12822,1,5
12828,1,6
12833,1,5
12839,1,6
12844,1,5
12849,1,5
12855,1,6
12860,1,5
12866,1,6
12871,1,5
12876,1,5
12882,1,6
12887,1,5
12893,1,6
12898,1,5
12904,2,6
12909,1,5
12914,1,5
12920,1,6
12925,1,5
12931,2,6
12936,1,5
12942,1,6
12947,1,5
12952,1,5
12958,1,6
12963,1,5
12969,1,6
12974,1,5
12980,2,6
12985,1,5
12990,1,5
12996,1,6
13001,1,5
13007,2,6
13012,1,5
13017,1,5
13022,1,5
13027,1,5
13033,1,6
13038,1,5
13043,1,5
13049,1,6
13054,1,5
13060,1,6
13065,1,5
13071,2,6
13076,1,5
13081,1,5
13086,1,5
13091,1,5
13097,2,6
13102,1,5
13108,2,6
13113,1,5
13118,1,5
13124,1,6
13129,1,5
13135,1,6
13140,1,5
13146,1,6
13151,1,5
13156,1,5
13162,1,6
13167,1,5
13173,1,6
13178,1,5
13184,1,6
13189,1,5
13195,1,6
13200,1,5
13205,1,5
13211,1,6
13216,1,5
13222,1,6
13227,1,5
13233,2,6
13238,1,5
13243,1,5
13249,1,6
13254,1,5
13260,2,6
13265,1,5
13270,1,5
13274,0,4
13280,1,6
13284,0,4
13290,0,6
13296,1,6
13300,0,4
13306,0,6
13312,1,6
13316,0,4
13322,1,6
13328,1,6
13332,0,4
13338,0,6
13344,1,6
13348,0,4
13354,1,6
13360,1,6
13364,0,4
13370,1,6
13376,1,6
13380,0,4
13386,1,6
13392,1,6
13396,0,4
13402,1,6
13407,1,5
13411,0,4
13417,1,6
13422,1,5
13426,0,4
13432,1,6
13436,0,4
13441,0,5
13447,1,6
13451,0,4
13456,0,5
13462,1,6
13466,0,4
13472,1,6
13476,0,4
13482,0,6
13488,1,6
13492,0,4
13498,1,6
13502,0,4
13508,1,6
13512,0,4
13518,0,6
13524,1,6
13528,0,4
13534,1,6
13538,0,4
13544,1,6
13548,0,4
13554,0,6
13560,1,6
13564,0,4
13570,1,6
13574,0,4
13580,1,6
13585,0,5
13591,0,6
13597,1,6
13601,0,4
13607,0,6
13613,1,6
13617,0,4
13622,0,5
13628,1,6
13633,1,5
13637,0,4
13643,0,6
13649,1,6
13653,0,4
13659,0,6
13665,1,6
13669,0,4
13675,0,6
13681,1,6
13685,0,4
13691,0,6
13697,1,6
13701,0,4
13707,0,6
13713,1,6
13717,0,4
13723,0,6
13729,1,6
13733,0,4
13738,0,5
13744,1,6
13748,0,4
13753,0,5
13759,1,6
13763,0,4
13768,0,5
13774,1,6
13779,1,5
13783,0,4
13789,1,6
13793,0,4
13798,0,5
13804,1,6
13808,0,4
13813,0,5
13819,1,6
13823,0,4
13828,0,5
13834,1,6
13838,0,4
13844,0,6
13850,1,6
13854,0,4
13860,0,6
13866,1,6
13870,0,4
13876,1,6
13882,1,6
13886,0,4
13892,1,6
13899,0,7
13905,1,6
13911,1,6
13917,1,6
13923,1,6
13929,0,6
13935,1,6
13939,0,4
13944,0,5
13950,1,6
13956,1,6
13962,1,6
13966,0,4
13972,0,6
13978,1,6
13982,0,4
13988,0,6
13994,1,6
13998,0,4
14004,0,6
14010,1,6
14014,0,4
14020,0,6
14026,1,6
14030,0,4
14036,0,6
14042,1,6
14046,0,4
14052,0,6
14058,1,6
14062,0,4
14068,0,6
14074,1,6
14078,0,4
14084,0,6
14090,1,6
14094,0,4
14100,0,6
14106,1,6
14110,0,4
14116,0,6
14122,1,6
14126,0,4
14132,1,6
14138,1,6
14142,0,4
14148,0,6
14154,1,6
14158,0,4
14164,1,6
14170,1,6
14174,0,4
14180,1,6
14186,1,6
14190,0,4
14196,1,6
14202,1,6
14206,0,4
14212,0,6
14218,1,6
14222,0,4
14228,1,6
14234,1,6
14238,0,4
14244,0,6
14250,1,6
14254,0,4
14260,0,6
14266,1,6
14270,0,4
14277,1,7
14282,1,5
14288,2,6
14293,1,5
14298,1,5
14304,1,6
14309,1,5
14315,1,6
14320,1,5
14326,1,6
14331,1,5
14337,1,6
14342,1,5
14348,2,6
14353,1,5
14358,1,5
14364,1,6
14369,1,5
14375,1,6
14380,1,5
14385,1,5
14391,1,6
14396,1,5
14402,1,6
14407,1,5
14413,1,6
14418,1,5
14424,2,6
14429,1,5
14434,1,5
14440,1,6
14445,1,5
14451,1,6
14456,1,5
14462,2,6
14467,1,5
14472,1,5
14478,1,6
14483,1,5
14489,2,6
14494,1,5
14499,1,5
14505,1,6
14510,1,5
14516,1,6
14521,1,5
14527,2,6
14532,1,5
14537,1,5
14542,1,5
14547,1,5
14553,2,6
14558,1,5
14563,1,5
14569,1,6
14574,1,5
14580,1,6
14585,1,5
14590,1,5
14596,1,6
14601,1,5
14607,1,6
14612,1,5
14618,2,6
14623,1,5
14628,1,5
14634,1,6
14639,1,5
14645,2,6
14650,1,5
14655,1,5
14661,1,6
14666,1,5
14671,1,5
14677,1,6
14682,1,5
14688,1,6
14693,1,5
14699,2,6
14704,1,5
14709,1,5
14714,1,5
14719,1,5
14725,2,6
14730,1,5
14735,1,5
14741,1,6
14746,1,5
14752,1,6
14757,1,5
14762,1,5
14768,1,6
14773,1,5
14779,1,6
14784,1,5
14790,2,6
14795,1,5
14800,1,5
14806,1,6
14819,9,13
14820,5,1
14821,1,1
14827,1,6
14832,1,5
14837,1,5
14843,2,6
14848,1,5
14853,1,5
14858,1,5
14864,1,6
14870,2,6
14875,1,5
14880,1,5
14885,1,5
14890,1,5
14896,1,6
14903,3,7
14908,1,5
14914,2,6
14919,1,5
14924,1,5
14930,1,6
14935,1,5
14941,2,6
14946,1,5
14951,1,5
14957,1,6
14962,1,5
14968,2,6
14973,1,5
14978,1,5
14984,1,6
14989,1,5
14994,1,5
15000,1,6
15005,1,5
15011,1,6
15016,1,5
15022,2,6
15027,1,5
15032,1,5
15037,1,5
15042,1,5
15048,2,6
15053,1,5
15058,1,5
15064,1,6
15069,1,5
15075,2,6
15080,1,5
15086,2,6
15091,1,5
15096,1,5
15101,1,5
15106,1,5
15112,2,6
15117,1,5
15122,1,5
15128,1,6
15133,1,5
15139,1,6
15144,1,5
15150,2,6
15155,1,5
15160,1,5
15166,1,6
15171,1,5
15177,1,6
15182,1,5
15188,2,6
15194,2,6
15199,1,5
15205,2,6
15210,1,5
15215,1,5
15221,1,6
15226,1,5
15232,1,6
15237,1,5
15243,2,6
15248,1,5
15253,1,5
15258,1,5
15263,1,5
15269,1,6
15274,1,5
15280,2,6
15285,1,5
15290,1,5
15296,1,6
15301,1,5
15307,2,6
15312,1,5
15317,1,5
15323,1,6
15328,1,5
15334,1,6
15339,1,5
15344,1,5
15350,1,6
15355,1,5
15361,1,6
15366,1,5
15371,1,5
15377,1,6
15382,1,5
15388,1,6
15393,1,5
15399,2,6
15404,1,5
15410,1,6
15415,1,5
15421,1,6
15426,1,5
15432,2,6
15437,1,5
15442,1,5
15447,1,5
15452,1,5
15458,1,6
15463,1,5
15468,1,5
15474,1,6
15479,1,5
15485,1,6
15490,1,5
15495,1,5
15501,1,6
15506,1,5
15512,1,6
15517,1,5
15522,1,5
15528,1,6
15533,1,5
15538,1,5
15543,1,5
15549,1,6
15554,1,5
15560,2,6
15565,1,5
15570,1,5
15575,1,5
15580,1,5
15586,1,6
15591,1,5
15596,1,5
15602,1,6
15607,1,5
15613,1,6
15618,1,5
15624,2,6
15629,1,5
15634,1,5
15640,1,6
15645,1,5
15651,2,6
15656,1,5
15661,1,5
15667,1,6
15672,1,5
15678,1,6
15683,1,5
15689,1,6
15694,1,5
15699,1,5
15704,1,5
15709,1,5
15715,2,6
15720,1,5
15725,1,5
15731,1,6
15736,1,5
15742,1,6
15748,2,6
15753,1,5
15758,1,5
15764,1,6
15769,1,5
15774,0,5
15780,1,6
15785,1,5
15790,1,5
15794,0,4
15800,0,6
15806,1,6
15810,0,4
15816,0,6
15822,1,6
15826,0,4
15831,0,5
15837,1,6
15841,0,4
15846,0,5
15852,1,6
15856,0,4
15861,0,5
15867,1,6
15872,1,5
15876,0,4
15882,1,6
15887,1,5
15891,0,4
15897,1,6
15902,1,5
15906,0,4
15912,1,6
15918,1,6
15922,0,4
15928,1,6
15933,1,5
15937,0,4
15943,1,6
15949,1,6
15953,0,4
15959,1,6
15965,1,6
15969,0,4
15975,0,6
15981,1,6
15985,0,4
15991,0,6
15997,1,6
16001,0,4
16006,0,5
16012,1,6
16016,0,4
16022,0,6
16028,1,6
16032,0,4
16038,1,6
16044,1,6
16048,0,4
16054,1,6
16059,1,5
16063,0,4
16069,1,6
16075,1,6
16079,0,4
16085,1,6
16091,1,6
16095,0,4
16101,1,6
16106,1,5
16110,0,4
16116,1,6
16121,1,5
16125,0,4
16131,1,6
16136,1,5
16140,0,4
16146,1,6
16150,0,4
16155,0,5
16161,1,6
16165,0,4
16170,0,5
16176,1,6
16181,1,5
16185,0,4
16191,0,6
16197,1,6
16201,0,4
16207,0,6
16213,1,6
16217,0,4
16222,0,5
16228,1,6
16233,1,5
16237,0,4
16243,1,6
16249,1,6
16253,0,4
16259,1,6
16265,1,6
16269,0,4
16275,1,6
16281,1,6
16285,0,4
16291,1,6
16297,1,6
16301,0,4
16306,0,5
16312,1,6
16317,1,5
16321,0,4
16327,1,6
16333,1,6
16337,0,4
16343,1,6
16349,1,6
16353,0,4
16359,1,6
16365,1,6
16369,0,4
16375,1,6
16381,1,6
16385,0,4
16391,1,6
16397,1,6
16401,0,4
16407,1,6
16413,1,6
16417,0,4
16423,1,6
16429,1,6
16433,0,4
16439,1,6
16444,1,5
16448,0,4
16454,1,6
16458,0,4
16463,0,5
16469,1,6
16473,0,4
16478,0,5
16484,1,6
16488,0,4
16493,0,5
16499,1,6
16503,0,4
16508,0,5
16514,1,6
16519,1,5
16523,0,4
16529,1,6
16535,1,6
16539,0,4
16545,1,6
16551,1,6
16555,0,4
16561,1,6
16567,1,6
16571,0,4
16577,1,6
16583,1,6
16587,0,4
16593,1,6
16599,1,6
16603,0,4
16609,1,6
16614,1,5
16618,0,4
16624,1,6
16628,0,4
16633,0,5
16639,1,6
16643,0,4
16648,0,5
16654,1,6
16658,0,4
16664,0,6
16670,1,6
16674,0,4
16680,0,6
16686,1,6
16690,0,4
16696,1,6
16702,1,6
16706,0,4
16712,1,6
16718,1,6
16722,0,4
16728,0,6
16734,1,6
16738,0,4
16744,0,6
16750,1,6
16755,1,5
16759,0,4
16765,0,6
16771,1,6
16776,1,5
16780,0,4
16786,1,6
16790,0,4
16795,0,5
16801,1,6
16805,0,4
16810,0,5
16816,1,6
16820,0,4
16825,0,5
16831,1,6
16836,1,5
16840,0,4
16846,1,6
16851,1,5
16855,0,4
16861,1,6
16865,0,4
16870,0,5
16876,1,6
16880,0,4
16886,0,6
16892,1,6
16896,0,4
16902,0,6
16908,1,6
16912,0,4
16917,0,5
16923,1,6
16927,0,4
16933,0,6
16939,1,6
16944,1,5
16948,0,4
16954,0,6
16960,1,6
16964,0,4
16969,0,5
16975,1,6
16981,1,6
16985,0,4
16990,0,5
16996,1,6
17002,1,6
17006,0,4
17011,0,5
17017,1,6
17022,1,5
17026,0,4
17032,0,6
17038,1,6
17042,0,4
17048,0,6
17054,1,6
17059,1,5
17063,0,4
17069,0,6
17075,1,6
17079,0,4
17085,0,6
17091,1,6
17096,1,5
17100,0,4
17106,0,6
17112,1,6
17116,0,4
17121,0,5
17127,1,6
17131,0,4
17137,0,6
17143,1,6
17147,0,4
17153,0,6
17159,1,6
17163,0,4
17169,1,6
17175,1,6
17179,0,4
17185,1,6
17191,1,6
17195,0,4
17201,1,6
17207,1,6
17211,0,4
17217,1,6
17222,1,5
17226,0,4
17232,1,6
17236,0,4
17241,0,5
17247,1,6
17251,0,4
17257,0,6
17263,1,6
17267,0,4
17274,1,7
17279,1,5
17284,1,5
17290,1,6
17295,1,5
17301,1,6
17306,1,5
17311,1,5
17317,1,6
17322,1,5
17327,1,5
17332,1,5
17338,1,6
17343,1,5
17349,2,6
17354,1,5
17359,1,5
17365,1,6
17370,1,5
17375,1,5
17380,1,5
17386,1,6
17391,1,5
17397,2,6
17402,1,5
17407,1,5
17413,1,6
17419,1,6
17424,1,5
17430,1,6
17435,1,5
17440,1,5
17446,1,6
17451,1,5
17457,1,6
17462,1,5
17467,1,5
17473,1,6
17478,1,5
17484,1,6
17489,1,5
17494,1,5
17500,1,6
17505,1,5
17510,1,5
17515,1,5
17521,1,6
17526,1,5
17532,2,6
17537,1,5
17542,1,5
17547,1,5
17552,1,5
17558,1,6
17563,1,5
17568,1,5
17574,1,6
17579,1,5
17585,1,6
17590,1,5
17596,2,6
17601,1,5
17607,2,6
17612,1,5
17617,1,5
17623,1,6
17629,2,6
17634,1,5
17640,2,6
17645,1,5
17650,1,5
17656,1,6
17661,1,5
17666,1,5
17671,1,5
17676,1,5
17682,1,6
17687,1,5
17692,1,5
17698,1,6
17703,1,5
17709,1,6
17714,1,5
17720,2,6
17725,1,5
17730,1,5
17736,1,6
17741,1,5
17747,1,6
17752,1,5
17757,1,5
17763,1,6
17768,1,5
17773,1,5
17778,1,5
17784,1,6
17789,1,5
17794,1,5
17800,1,6
17805,1,5
17811,1,6
17816,1,5
17821,1,5
17827,1,6
17832,1,5
17838,1,6
17843,1,5
17849,2,6
17854,1,5
17859,1,5
17864,1,5
17869,1,5
17875,1,6
17880,1,5
17886,2,6
17891,1,5
17896,1,5
17901,1,5
17906,1,5
17912,1,6
17917,1,5
17923,1,6
17928,1,5
17934,2,6
17939,1,5
17944,1,5
17950,1,6
17955,1,5
17961,1,6
17966,1,5
17972,2,6
17977,1,5
17982,1,5
17988,1,6
17993,1,5
17999,2,6
18004,1,5
18010,2,6
18015,1,5
18020,1,5
18026,1,6
18031,1,5
18037,1,6
18042,1,5
18048,2,6
18053,1,5
18058,1,5
18064,1,6
18069,1,5
18075,2,6
18080,1,5
18085,1,5
18091,1,6
18096,1,5
18102,1,6
18107,1,5
18113,2,6
18118,1,5
18123,1,5
18128,1,5
18133,1,5
18139,2,6
18144,1,5
18149,1,5
18155,1,6
18160,1,5
18166,1,6
18172,1,6
18177,1,5
18183,1,6
18188,1,5
18194,2,6
18200,2,6
18204,1,4
18210,2,6
18215,1,5
18221,1,6
18226,1,5
18232,1,6
18237,1,5
18243,1,6
18248,1,5
18254,2,6
18259,1,5
18264,1,5
18270,1,6
18275,1,5
18281,1,6
18286,1,5
18291,1,5
18296,1,5
18301,1,5
18307,1,6
18312,1,5
18317,1,5
18323,1,6
18328,1,5
18334,1,6
18339,1,5
18344,1,5
18350,1,6
18355,1,5
18361,1,6
18366,1,5
18372,2,6
18377,1,5
18382,1,5
18388,1,6
18393,1,5
18399,1,6
18404,1,5
18409,1,5
18415,1,6
18420,1,5
18426,1,6
18431,1,5
18436,1,5
18442,1,6
18447,1,5
18452,1,5
18457,1,5
18463,2,6
18468,1,5
18473,1,5
18479,1,6
18484,1,5
18490,1,6
18495,1,5
18501,2,6
18506,1,5
18511,1,5
18517,1,6
18522,1,5
18528,2,6
18533,1,5
18539,1,6
18544,1,5
18550,1,6
18555,1,5
18561,2,6
18566,1,5
18571,1,5
18576,1,5
18581,1,5
18587,1,6
18592,1,5
18598,1,6
18603,1,5
18608,1,5
18614,1,6
18619,1,5
18625,1,6
18630,1,5
18635,1,5
18641,1,6
18646,1,5
18651,1,5
18656,1,5
18662,2,6
18667,1,5
18672,1,5
18678,1,6
18683,1,5
18689,1,6
18694,1,5
18699,1,5
18705,1,6
18710,1,5
18716,1,6
18721,1,5
18727,1,6
18732,1,5
18737,1,5
18743,1,6
18748,1,5
18754,1,6
18759,1,5
18764,1,5
18770,1,6
18775,1,5
18781,1,6
18786,1,5
18792,1,6
18797,1,5
18802,1,5
18807,1,5
18813,2,6
18818,1,5
18823,1,5
18828,1,5
18833,1,5
18839,1,6
18844,1,5
18850,2,6
18855,1,5
18861,2,6
18866,1,5
18871,1,5
18877,1,6
18882,1,5
18888,2,6
18893,1,5
18898,1,5
18904,1,6
18909,1,5
18914,1,5
18919,1,5
18924,1,5
18930,2,6
18934,1,4
18940,1,6
18945,1,5
18951,1,6
18956,1,5
18962,1,6
18967,1,5
18972,1,5
18978,1,6
18983,1,5
18988,1,5
18993,1,5
18999,1,6
19004,1,5
19010,1,6
19015,1,5
19021,2,6
19026,1,5
19031,1,5
19037,1,6
19042,1,5
19048,2,6
19053,1,5
19058,1,5
19064,1,6
19069,1,5
19075,1,6
19080,1,5
19086,1,6
19091,1,5
19097,1,6
19102,1,5
19108,2,6
19113,1,5
19118,1,5
19123,1,5
19128,1,5
19134,1,6
19139,1,5
19145,2,6
19150,1,5
19155,1,5
19161,1,6
19166,1,5
19172,1,6
19177,1,5
19183,2,6
19188,1,5
19193,1,5
19198,1,5
19203,1,5
19209,1,6
19214,1,5
19220,2,6
19225,1,5
19231,2,6
19236,1,5
19242,2,6
19247,1,5
19252,1,5
19258,1,6
19263,1,5
19269,1,6
19274,1,5
19280,2,6
19285,1,5
19290,1,5
19296,1,6
19301,1,5
19306,1,5
19311,1,5
19317,1,6
19322,1,5
19327,1,5
19333,1,6
19338,1,5
19344,1,6
19349,1,5
19355,1,6
19360,1,5
19365,1,5
19371,1,6
19376,1,5
19382,1,6
19387,1,5
19392,1,5
19398,1,6
19403,1,5
19408,1,5
19413,1,5
19419,2,6
19424,1,5
19429,1,5
19434,1,5
19439,1,5
19445,2,6
19450,1,5
19455,1,5
19461,1,6
19466,1,5
19472,2,6
19477,1,5
19482,1,5
19488,1,6
19493,1,5
19499,1,6
19504,1,5
19510,1,6
19515,1,5
19521,2,6
19526,1,5
19531,1,5
19537,1,6
19542,1,5
19547,1,5
19553,1,6
19558,1,5
19564,1,6
19570,1,6
19575,1,5
19581,1,6
19587,2,6
19591,1,4
19597,1,6
19602,1,5
19608,2,6
19613,1,5
19618,1,5
19624,1,6
19629,1,5
19635,1,6
19640,1,5
19645,1,5
19651,2,6
19656,1,5
19661,1,5
19666,1,5
19671,1,5
19677,1,6
19682,1,5
19688,1,6
19693,1,5
19698,1,5
19704,1,6
19709,1,5
19715,1,6
19720,1,5
19726,2,6
19731,1,5
19736,1,5
19742,1,6
19747,1,5
19753,1,6
19758,1,5
19763,1,5
19769,1,6
19774,1,5
19780,1,6
19785,1,5
19791,2,6
19796,1,5
19801,1,5
19807,1,6
19812,1,5
19818,1,6
19830,7,12
19830,2,0
19834,1,4
19840,1,6
19845,1,5
19850,1,5
19856,2,6
19861,1,5
19866,1,5
19872,2,6
19877,1,5
19882,1,5
19888,1,6
19893,1,5
19899,1,6
19904,1,5
19910,1,6
19915,1,5
19921,2,6
19926,1,5
19931,1,5
19937,1,6
19942,1,5
19948,1,6
19953,1,5
19958,1,5
19964,1,6
19969,1,5
19975,1,6
19980,1,5
19985,1,5
19991,1,6
19996,1,5
20002,1,6
20007,1,5
20013,1,6
20018,1,5
20023,1,5
20029,1,6
20034,1,5
20040,1,6
20045,1,5
20051,2,6
20056,1,5
20062,2,6
20067,1,5
20072,1,5
20078,1,6
20083,1,5
20089,1,6
20094,1,5
20099,1,5
20105,1,6
20110,1,5
20116,1,6
20121,1,5
20127,2,6
20132,1,5
20137,1,5
20143,1,6
20148,1,5
20154,1,6
20159,1,5
20164,1,5
20170,1,6
20175,1,5
20181,1,6
20186,1,5
20191,1,5
20197,1,6
20202,1,5
20208,1,6
20213,1,5
20219,2,6
20224,1,5
20229,1,5
20234,1,5
20239,1,5
20245,1,6
20250,1,5
20255,1,5
20261,1,6
20266,1,5
20272,1,6
20277,1,5
20283,1,6
20288,1,5
20293,1,5
20299,1,6
20304,1,5
20310,1,6
20315,1,5
20320,1,5
20326,1,6
20331,1,5
20337,1,6
20342,1,5
20348,1,6
20353,1,5
20358,1,5
20363,1,5
20368,1,5
20374,1,6
20379,1,5
20385,2,6
20390,1,5
20395,1,5
20401,1,6
20406,1,5
20412,2,6
20417,1,5
20422,1,5
20428,1,6
20433,1,5
20439,1,6
20444,1,5
20450,2,6
20455,1,5
20460,1,5
20466,1,6
20471,1,5
20477,2,6
20482,1,5
20487,1,5
20492,1,5
20497,1,5
20503,1,6
20508,1,5
20514,2,6
20519,1,5
20525,1,6
20530,1,5
20536,2,6
20541,1,5
20546,1,5
20552,1,6
20557,1,5
20563,1,6
20568,1,5
20573,1,5
20579,1,6
20584,1,5
20590,1,6
20595,1,5
20600,1,5
20606,1,6
20611,1,5
20617,1,6
20622,1,5
20627,1,5
20633,1,6
20638,1,5
20644,1,6
20649,1,5
20655,2,6
20660,1,5
20666,2,6
20671,1,5
20676,1,5
20681,1,5
20686,1,5
20692,2,6
20697,1,5
20702,1,5
20708,1,6
20713,1,5
20718,1,5
20724,2,6
20729,2,5
20733,1,4
20739,1,6
20744,1,5
20750,1,6
20755,1,5
20760,1,5
20766,1,6
20771,0,5
20777,1,6
20783,1,6
20787,0,4
20793,1,6
20799,1,6
20803,0,4
20809,1,6
20815,1,6
20819,0,4
20825,1,6
20831,1,6
20835,0,4
20841,1,6
20847,1,6
20851,0,4
20857,1,6
20863,1,6
20867,0,4
20872,0,5
20878,1,6
20882,0,4
20887,0,5
20893,1,6
20898,1,5
20902,0,4
20908,1,6
20913,1,5
20917,0,4
20923,1,6
20928,1,5
20932,0,4
20938,0,6
20944,1,6
20949,1,5
20953,0,4
20959,0,6
20965,1,6
20969,0,4
20974,0,5
20980,1,6
20985,1,5
20989,0,4
20995,0,6
21001,1,6
21006,1,5
21010,0,4
21016,0,6
21022,1,6
21026,0,4
21031,0,5
21037,1,6
21043,1,6
21047,0,4
21053,0,6
21059,1,6
21063,0,4
21068,0,5
21074,1,6
21079,1,5
21083,0,4
21089,1,6
21094,1,5
21098,0,4
21104,1,6
21109,1,5
21113,0,4
21119,1,6
21124,1,5
21128,0,4
21134,1,6
21138,0,4
21143,0,5
21149,1,6
21153,0,4
21158,0,5
21164,1,6
21168,0,4
21174,0,6
21180,1,6
21184,0,4
21190,0,6
21196,1,6
21200,0,4
21206,0,6
21212,1,6
21216,0,4
21221,0,5
21227,1,6
21231,0,4
21236,0,5
21242,1,6
21246,0,4
21252,0,6
21258,1,6
21262,0,4
21268,1,6
21274,1,6
21280,1,6
21285,1,5
21290,1,5
21296,1,6
21301,1,5
21307,1,6
21312,1,5
21318,2,6
21323,1,5
21328,1,5
21333,1,5
21338,1,5
21344,1,6
21349,1,5
21354,1,5
21360,1,6
21365,1,5
21371,1,6
21376,1,5
21381,1,5
21387,1,6
21392,1,5
21398,1,6
21403,1,5
21408,1,5
21414,1,6
21419,1,5
21425,1,6
21430,1,5
21435,1,5
21441,1,6
21446,1,5
21452,1,6
21457,1,5
21463,2,6
21468,1,5
21474,2,6
21479,1,5
21484,1,5
21490,1,6
21495,1,5
21501,2,6
21506,1,5
21511,1,5
21517,1,6
21522,1,5
21528,1,6
21533,1,5
21538,1,5
21544,1,6
21549,1,5
21554,1,5
21559,1,5
21565,2,6
21570,1,5
21575,1,5
21581,1,6
21586,1,5
21592,2,6
21597,1,5
21602,1,5
21608,1,6
21613,1,5
21619,1,6
21624,1,5
21629,1,5
21635,1,6
21640,1,5
21646,1,6
21651,1,5
21657,2,6
21662,1,5
21668,2,6
21673,1,5
21678,1,5
21684,1,6
21689,1,5
21695,2,6
21701,2,6
21705,1,4
21711,1,6
21716,1,5
21722,1,6
21727,1,5
21733,2,6
21738,1,5
21743,1,5
21748,1,5
21753,1,5
21759,1,6
21764,1,5
21769,1,5
21774,0,5
21780,1,6
21784,0,4
21789,0,5
21795,1,6
21800,1,5
21804,0,4
21810,1,6
21816,1,6
21820,0,4
21826,1,6
21832,1,6
21836,0,4
21842,1,6
21848,1,6
21852,0,4
21858,1,6
21864,1,6
21868,0,4
21874,1,6
21880,1,6
21884,0,4
21890,1,6
21895,1,5
21899,0,4
21905,1,6
21910,1,5
21914,0,4
21920,1,6
21925,1,5
21929,0,4
21935,1,6
21939,0,4
21944,0,5
21950,1,6
21954,0,4
21960,0,6
21966,1,6
21970,0,4
21976,0,6
21982,1,6
21986,0,4
21992,0,6
21998,1,6
22002,0,4
22008,1,6
22014,1,6
22018,0,4
22024,1,6
22030,1,6
22034,0,4
22040,1,6
22046,1,6
22050,0,4
22056,0,6
22062,1,6
22066,0,4
22072,0,6
22078,1,6
22082,0,4
22088,0,6
22094,1,6
22098,0,4
22104,1,6
22110,1,6
22114,0,4
22120,1,6
22126,1,6
22130,0,4
22136,1,6
22141,1,5
22145,0,4
22151,1,6
22156,1,5
22160,0,4
22166,1,6
22171,1,5
22175,0,4
22181,1,6
22187,0,6
22192,0,5
22197,0,5
22203,1,6
22208,1,5
22212,0,4
22217,0,5
22222,0,5
22228,1,6
22233,1,5
22237,0,4
22242,0,5
22247,0,5
22253,1,6
22258,0,5
22263,0,5
22269,1,6
22274,1,5
22278,0,4
22284,1,6
22289,1,5
22293,0,4
22298,0,5
22304,1,6
22309,0,5
22314,0,5
22320,1,6
22325,0,5
22330,0,5
22336,1,6
22340,0,4
22346,0,6
22352,1,6
22356,0,4
22362,1,6
22368,1,6
22372,0,4
22378,1,6
22384,1,6
22388,0,4
22394,0,6
22400,1,6
22404,0,4
22410,0,6
22416,1,6
22420,0,4
22426,0,6
22432,1,6
22436,0,4
22442,0,6
22448,1,6
22452,0,4
22458,0,6
22464,1,6
22468,0,4
22474,1,6
22480,1,6
22484,0,4
22490,1,6
22494,0,4
22499,0,5
22505,1,6
22510,1,5
22514,0,4
22520,1,6
22525,1,5
22529,0,4
22535,1,6
22540,0,5
22546,1,6
22550,0,4
22556,0,6
22562,1,6
22566,0,4
22572,0,6
22578,1,6
22582,0,4
22588,0,6
22594,1,6
22598,0,4
22604,1,6
22610,1,6
22614,0,4
22620,1,6
22626,1,6
22630,0,4
22636,1,6
22641,1,5
22645,0,4
22651,1,6
22655,0,4
22660,0,5
22666,1,6
22670,0,4
22676,0,6
22682,1,6
22686,0,4
22691,0,5
22697,1,6
22702,0,5
22708,1,6
22712,0,4
22718,0,6
22724,1,6
22728,0,4
22734,0,6
22740,1,6
22744,0,4
22750,0,6
22756,1,6
22760,0,4
22766,1,6
22772,1,6
22776,0,4
22782,1,6
22788,1,6
22792,0,4
22798,1,6
22804,1,6
22808,0,4
22814,1,6
22819,1,5
22823,0,4
22829,1,6
22834,1,5
22838,0,4
22844,1,6
22849,1,5
22853,0,4
22859,1,6
22864,1,5
22868,0,4
22874,1,6
22879,1,5
22883,0,4
22889,1,6
22895,1,6
22899,0,4
22905,1,6
22911,1,6
22915,0,4
22921,1,6
22927,1,6
22931,0,4
22937,1,6
22943,1,6
22947,0,4
22953,1,6
22959,1,6
22963,0,4
22969,1,6
22975,1,6
22979,0,4
22985,1,6
22990,1,5
22994,0,4
23000,1,6
23006,1,6
23010,0,4
23016,1,6
23022,1,6
23026,0,4
23032,1,6
23038,1,6
23042,0,4
23048,0,6
23054,1,6
23059,1,5
23063,0,4
23069,1,6
23075,1,6
23079,0,4
23085,1,6
23090,1,5
23094,0,4
23100,1,6
23104,0,4
23109,0,5
23115,1,6
23119,0,4
23124,0,5
23130,1,6
23135,1,5
23139,0,4
23145,1,6
23150,1,5
23154,0,4
23160,1,6
23164,0,4
23169,0,5
23175,1,6
23180,1,5
23184,0,4
23190,1,6
23195,1,5
23199,0,4
23205,1,6
23209,0,4
23214,0,5
23220,1,6
23224,0,4
23229,0,5
23235,1,6
23241,1,6
23245,0,4
23251,1,6
23256,1,5
23260,0,4
23266,1,6
23270,0,4
23275,0,5
23281,1,6
23285,0,4
23290,0,5
23296,1,6
23300,0,4
23306,0,6
23312,1,6
23316,0,4
23322,0,6
23328,1,6
23332,0,4
23338,1,6
23344,1,6
23348,0,4
23354,1,6
23360,1,6
23364,0,4
23370,0,6
23376,1,6
23381,1,5
23385,0,4
23391,1,6
23396,1,5
23400,0,4
23406,1,6
23411,1,5
23415,0,4
23421,1,6
23425,0,4
23430,0,5
23436,1,6
23440,0,4
23445,0,5
23451,1,6
23455,0,4
23460,0,5
23466,1,6
23470,0,4
23475,0,5
23481,1,6
23487,1,6
23491,0,4
23497,1,6
23503,1,6
23507,0,4
23513,1,6
23519,1,6
23523,0,4
23529,0,6
23535,1,6
23539,0,4
23544,0,5
23550,1,6
23554,0,4
23559,0,5
23565,1,6
23571,1,6
23575,0,4
23581,1,6
23585,0,4
23590,0,5
23596,1,6
23600,0,4
23606,0,6
23612,1,6
23616,0,4
23622,0,6
23628,1,6
23632,0,4
23638,0,6
23644,1,6
23648,0,4
23654,0,6
23660,1,6
23664,0,4
23670,0,6
23676,1,6
23680,0,4
23685,0,5
23691,1,6
23696,1,5
23700,0,4
23706,1,6
23711,1,5
23715,0,4
23721,1,6
23726,1,5
23730,0,4
23736,1,6
23741,1,5
23745,0,4
23751,1,6
23757,1,6
23761,0,4
23767,0,6
23774,2,7
23779,1,5
23785,2,6
23790,1,5
23796,2,6
23801,1,5
23806,1,5
23812,1,6
23817,1,5
23823,1,6
23828,1,5
23834,2,6
23839,1,5
23844,1,5
23850,1,6
23855,1,5
23861,1,6
23866,1,5
23871,1,5
23877,1,6
23882,1,5
23888,2,6
23893,1,5
23898,1,5
23903,1,5
23908,1,5
23914,1,6
23919,1,5
23924,1,5
23930,1,6
23936,1,6
23941,1,5
23947,2,6
23952,1,5
23958,2,6
23963,1,5
23968,1,5
23974,1,6
23979,1,5
23987,2,8
23993,2,6
23998,1,5
24003,1,5
24011,2,8
24016,2,5
24020,1,4
24026,1,6
24031,1,5
24037,2,6
24042,1,5
24048,1,6
24054,2,6
24059,1,5
24065,1,6
24071,1,6
24076,1,5
24082,2,6
24087,1,5
24092,1,5
24097,1,5
24102,1,5
24108,1,6
24113,1,5
24118,1,5
24124,1,6
24129,1,5
24135,1,6
24140,1,5
24146,1,6
24151,1,5
24157,1,6
24162,1,5
24167,1,5
24173,1,6
24178,1,5
24184,1,6
24189,1,5
24195,1,6
24201,2,6
24205,1,4
24210,1,5
24215,1,5
24221,1,6
24226,1,5
24231,1,5
24237,1,6
24242,1,5
24248,1,6
24253,1,5
24259,1,6
24264,1,5
24269,1,5
24274,0,5
24280,1,6
24285,1,5
24289,0,4
24295,1,6
24299,0,4
24304,0,5
24310,1,6
24315,1,5
24319,0,4
24325,1,6
24331,1,6
24335,0,4
24341,0,6
24347,1,6
24352,1,5
24356,0,4
24362,1,6
24368,1,6
24372,0,4
24378,1,6
24384,1,6
24388,0,4
24394,0,6
24400,1,6
24404,0,4
24410,0,6
24416,1,6
24420,0,4
24425,0,5
24431,1,6
24437,1,6
24441,0,4
24447,0,6
24453,1,6
24458,1,5
24462,0,4
24468,1,6
24474,1,6
24478,0,4
24484,0,6
24490,1,6
24495,1,5
24499,0,4
24505,0,6
24511,1,6
24515,0,4
24520,0,5
24526,1,6
24531,1,5
24535,0,4
24541,0,6
24547,1,6
24551,0,4
24556,0,5
24562,1,6
24567,1,5
24571,0,4
24577,0,6
24583,1,6
24587,0,4
24592,0,5
24598,1,6
24603,1,5
24607,0,4
24613,1,6
24619,1,6
24624,1,5
24628,0,4
24634,0,6
24640,1,6
24644,0,4
24649,0,5
24655,1,6
24659,0,4
24664,0,5
24670,1,6
24674,0,4
24680,0,6
24686,1,6
24690,0,4
24696,0,6
24702,1,6
24706,0,4
24712,0,6
24718,1,6
24722,0,4
24728,0,6
24734,1,6
24738,0,4
24744,0,6
24750,1,6
24755,1,5
24759,0,4
24765,1,6
24771,1,6
24776,1,5
24782,2,6
24787,1,5
24792,1,5
24798,1,6
24803,1,5
24809,1,6
24814,1,5
24819,1,5
24825,1,6
24839,10,14
24839,4,0
24841,1,2
24846,1,5
24851,1,5
24856,1,5
24862,2,6
24867,1,5
24872,1,5
24877,1,5
24883,1,6
24889,1,6
24894,1,5
24901,3,7
24906,1,5
24911,1,5
24916,1,5
24922,1,6
24927,1,5
24932,1,5
24938,1,6
24943,1,5
24949,1,6
24954,1,5
24960,2,6
24965,1,5
24970,1,5
24976,1,6
24981,1,5
24987,1,6
24993,2,6
24997,1,4
25003,1,6
25008,1,5
25014,1,6
25019,1,5
25025,1,6
25030,1,5
25036,2,6
25041,1,5
25046,1,5
25051,1,5
25057,1,6
25062,1,5
25068,1,6
25073,1,5
25079,2,6
25084,1,5
25089,1,5
25094,1,5
25099,1,5
25105,1,6
25110,1,5
25116,1,6
25121,1,5
25126,1,5
25132,1,6
25137,1,5
25143,1,6
25148,1,5
25154,1,6
25159,1,5
25165,2,6
25170,1,5
25175,1,5
25180,1,5
25185,1,5
25191,1,6
25196,1,5
25202,2,6
25207,1,5
25213,2,6
25218,1,5
25224,1,6
25229,1,5
25234,1,5
25239,1,5
25245,1,6
25251,1,6
25256,1,5
25261,1,5
25267,2,6
25272,1,5
25278,2,6
25283,1,5
25288,1,5
25294,2,6
25299,1,5
25304,1,5
25310,2,6
25315,1,5
25321,1,6
25327,2,6
25333,2,6
25337,1,4
25342,1,5
25348,2,6
25354,2,6
25359,1,5
25364,1,5
25370,2,6
25376,2,6
25380,1,4
25385,1,5
25390,1,5
25396,2,6
25401,1,5
25406,1,5
25412,1,6
25418,2,6
25424,2,6
25428,1,4
25434,1,6
25439,1,5
25445,1,6
25450,1,5
25455,1,5
25461,1,6
25466,1,5
25472,1,6
25477,1,5
25482,1,5
25488,1,6
25493,1,5
25498,1,5
25503,1,5
25509,1,6
25514,1,5
25520,1,6
25525,1,5
25530,1,5
25535,1,5
25540,1,5
25546,1,6
25551,1,5
25556,1,5
25562,1,6
25567,1,5
25573,1,6
25578,1,5
25584,2,6
25589,1,5
25594,1,5
25600,1,6
25605,1,5
25611,2,6
25616,1,5
25621,1,5
25627,1,6
25632,1,5
25638,1,6
25643,1,5
25648,1,5
25654,1,6
25659,1,5
25665,1,6
25671,2,6
25675,1,4
25680,1,5
25686,1,6
25691,1,5
25696,1,5
25701,1,5
25707,2,6
25712,1,5
25717,1,5
25723,1,6
25728,1,5
25734,1,6
25739,1,5
25744,1,5
25750,1,6
25755,1,5
25761,1,6
25766,1,5
25772,2,6
25777,1,5
25782,1,5
25788,1,6
25793,1,5
25799,1,6
25804,1,5
25810,2,6
25815,1,5
25820,1,5
25825,1,5
25830,1,5
25836,1,6
25841,1,5
25847,2,6
25852,1,5
25858,2,6
25863,1,5
25868,1,5
25874,1,6
25879,1,5
25885,1,6
25890,1,5
25896,1,6
25901,1,5
25906,1,5
25912,1,6
25917,1,5
25923,1,6
25928,1,5
25934,2,6
25939,1,5
25944,1,5
25950,1,6
25955,1,5
25961,1,6
25966,1,5
25971,1,5
25977,1,6
25982,1,5
25988,1,6
25993,1,5
25999,2,6
26004,1,5
26009,1,5
26015,1,6
26020,1,5
26026,1,6
26031,1,5
26036,1,5
26042,1,6
26047,1,5
26053,1,6
26058,1,5
26064,1,6
26069,1,5
26074,1,5
26080,1,6
26085,1,5
26091,1,6
26096,1,5
26101,1,5
26105,0,4
26111,1,6
26117,1,6
26122,1,5
26126,0,4
26132,1,6
26137,1,5
26141,0,4
26147,0,6
26153,1,6
26158,1,5
26162,0,4
26168,1,6
26174,1,6
26178,0,4
26183,0,5
26189,1,6
26194,1,5
26199,1,5
26203,0,4
26208,0,5
26214,0,6
26220,1,6
26225,1,5
26230,1,5
26235,1,5
26239,0,4
26244,0,5
26249,0,5
26255,0,6
26261,1,6
26266,0,5
26272,1,6
26277,1,5
26282,1,5
26287,1,5
26292,1,5
26296,0,4
26301,0,5
26307,1,6
26312,1,5
26317,1,5
26321,0,4
26327,1,6
26333,1,6
26338,1,5
26342,0,4
26348,0,6
26354,1,6
26359,1,5
26363,0,4
26369,1,6
26375,1,6
26379,0,4
26384,0,5
26390,1,6
26394,0,4
26399,0,5
26405,1,6
26410,1,5
26415,1,5
26419,0,4
26425,0,6
26431,1,6
26437,1,6
26443,1,6
26448,1,5
26453,1,5
26458,1,5
26462,0,4
26468,1,6
26474,1,6
26479,1,5
26484,1,5
26489,1,5
26493,0,4
26499,1,6
26505,1,6
26510,1,5
26515,1,5
26519,0,4
26524,0,5
26529,0,5
26535,1,6
26542,2,7
26546,1,4
26550,0,4
26556,0,6
26562,1,6
26567,1,5
26572,1,5
26577,1,5
26583,1,6
26588,1,5
26592,0,4
26598,0,6
26603,0,5
26609,0,6
26615,1,6
26620,1,5
26625,1,5
26630,1,5
26634,0,4
26640,1,6
26646,1,6
26651,1,5
26656,1,5
26660,0,4
26666,1,6
26672,1,6
26677,1,5
26681,0,4
26686,0,5
26692,1,6
26698,1,6
26703,1,5
26710,1,7
26715,1,5
26720,1,5
26725,1,5
26729,0,4
26734,0,5
26740,1,6
26745,1,5
26750,1,5
26754,0,4
26759,0,5
26765,0,6
26772,2,7
26776,0,4
26781,0,5
26787,1,6
26793,1,6
26798,1,5
26803,1,5
26808,1,5
26812,0,4
26817,0,5
26824,2,7
26828,0,4
26834,0,6
26840,1,6
26846,0,6
26852,1,6
26857,1,5
26861,0,4
26866,0,5
26872,1,6
26877,1,5
26882,1,5
26886,0,4
26891,0,5
26897,0,6
26903,1,6
26908,1,5
26914,1,6
26919,1,5
26924,1,5
26928,0,4
26933,0,5
26938,0,5
26945,1,7
26950,1,5
26955,1,5
26960,1,5
26964,0,4
26970,0,6
26976,1,6
26980,0,4
26985,0,5
26991,1,6
26997,1,6
27002,1,5
27007,1,5
27011,0,4
27017,0,6
27023,1,6
27027,0,4
27032,0,5
27038,1,6
27042,0,4
27047,0,5
27053,0,6
27059,1,6
27064,1,5
27068,0,4
27074,1,6
27080,1,6
27085,1,5
27089,0,4
27095,1,6
27101,1,6
27105,0,4
27110,0,5
27116,1,6
27122,1,6
27127,1,5
27132,1,5
27138,2,6
27142,1,4
27147,1,5
27152,1,5
27157,1,5
27163,1,6
27169,1,6
27174,1,5
27180,1,6
27185,1,5
27190,1,5
27196,1,6
27202,1,6
27208,2,6
27212,1,4
27217,1,5
27222,1,5
27227,1,5
27233,1,6
27238,1,5
27244,2,6
27249,1,5
27254,1,5
27260,1,6
27265,1,5
27271,2,6
27276,1,5
27282,2,6
27287,1,5
27292,1,5
27298,1,6
27303,1,5
27308,1,5
27314,1,6
27319,1,5
27325,1,6
27330,1,5
27336,2,6
27341,1,5
27346,1,5
27352,1,6
27357,1,5
27363,1,6
27368,1,5
27374,2,6
27379,1,5
27384,1,5
27390,1,6
27395,1,5
27400,1,5
27406,1,6
27411,1,5
27416,1,5
27421,1,5
27426,1,5
27432,1,6
27437,1,5
27443,1,6
27448,1,5
27454,2,6
27459,1,5
27465,2,6
27470,1,5
27475,1,5
27481,1,6
27486,1,5
27492,1,6
27497,1,5
27502,1,5
27508,1,6
27513,1,5
27518,1,5
27523,1,5
27529,1,6
27534,1,5
27540,1,6
27545,1,5
27551,1,6
27556,1,5
27561,1,5
27567,1,6
27572,1,5
27578,1,6
27583,1,5
27588,1,5
27594,1,6
27600,1,6
27605,1,5
27610,1,5
27616,1,6
27621,1,5
27627,1,6
27632,1,5
27637,1,5
27643,2,6
27647,1,4
27652,1,5
27658,1,6
27663,1,5
27668,1,5
27674,1,6
27679,1,5
27685,1,6
27690,1,5
27695,1,5
27702,2,7
27706,1,4
27712,1,6
27717,1,5
27723,1,6
27728,1,5
27734,2,6
27739,1,5
27744,1,5
27750,1,6
27755,1,5
27761,1,6
27766,1,5
27772,2,6
27777,1,5
27782,1,5
27788,1,6
27793,1,5
27799,1,6
27804,1,5
27810,2,6
27815,1,5
27820,1,5
27826,1,6
27831,1,5
27837,1,6
27842,1,5
27848,2,6
27853,1,5
27858,1,5
27864,1,6
27869,1,5
27875,1,6
27880,1,5
27886,2,6
27891,1,5
27896,1,5
27901,1,5
27906,1,5
27912,1,6
27917,1,5
27922,1,5
27928,1,6
27933,1,5
27939,1,6
27944,1,5
27950,1,6
27955,1,5
27961,1,6
27966,1,5
27971,1,5
27977,1,6
27982,1,5
27988,1,6
27993,1,5
27999,2,6
28004,1,5
28009,1,5
28014,1,5
28019,1,5
28025,2,6
28030,1,5
28035,1,5
28041,1,6
28046,1,5
28052,1,6
28057,1,5
28062,1,5
28068,1,6
28073,1,5
28079,1,6
28084,1,5
28090,1,6
28095,1,5
28101,2,6
28106,1,5
28112,2,6
28117,1,5
28122,1,5
28127,1,5
28132,1,5
28138,1,6
28143,1,5
28148,1,5
28153,1,5
28159,2,6
28164,1,5
28170,2,6
28174,1,4
28179,1,5
28185,1,6
28190,1,5
28196,2,6
28201,1,5
28206,1,5
28211,1,5
28216,1,5
28221,1,5
28226,1,5
28232,1,6
28237,1,5
28243,1,6
28248,1,5
28254,1,6
28259,1,5
28264,1,5
28270,1,6
28275,1,5
28280,1,5
28286,1,6
28292,2,6
28297,1,5
28303,1,6
28308,1,5
28313,1,5
28319,2,6
28324,1,5
28329,1,5
28334,1,5
28339,1,5
28345,2,6
28350,1,5
28355,1,5
28361,1,6
28366,1,5
28372,1,6
28377,1,5
28382,1,5
28388,1,6
28393,1,5
28399,1,6
28404,1,5
28410,2,6
28415,1,5
28420,1,5
28426,1,6
28431,1,5
28436,1,5
28442,1,6
28447,1,5
28453,1,6
28458,1,5
28464,2,6
28469,1,5
28474,1,5
28479,1,5
28484,1,5
28490,1,6
28495,1,5
28500,1,5
28506,1,6
28511,1,5
28517,1,6
28522,1,5
28527,1,5
28532,1,5
28538,1,6
28543,1,5
28549,1,6
28554,1,5
28559,1,5
28565,1,6
28570,1,5
28576,1,6
28581,1,5
28586,1,5
28592,1,6
28597,1,5
28602,1,5
28607,1,5
28613,1,6
28618,1,5
28624,1,6
28629,1,5
28635,1,6
28640,1,5
28646,2,6
28651,1,5
28656,1,5
28661,1,5
28666,1,5
28672,1,6
28677,1,5
28683,1,6
28688,1,5
28693,1,5
28699,1,6
28704,1,5
28709,1,5
28714,1,5
28720,2,6
28725,1,5
28730,1,5
28736,1,6
28741,1,5
28747,1,6
28752,1,5
28757,1,5
28763,1,6
28768,1,5
28774,1,6
28779,1,5
28785,2,6
28790,1,5
28795,1,5
28800,1,5
28805,1,5
28811,2,6
28816,1,5
28821,1,5
28827,1,6
28832,1,5
28837,1,5
28842,1,5
28848,1,6
28853,1,5
28859,1,6
28864,1,5
28870,2,6
28875,1,5
28880,1,5
28886,1,6
28891,1,5
28896,1,5
28901,1,5
28907,1,6
28912,1,5
28917,1,5
28923,1,6
28928,1,5
28934,1,6
28939,1,5
28945,2,6
28950,1,5
28955,1,5
28961,1,6
28966,1,5
28972,1,6
28977,1,5
28983,1,6
28988,1,5
28994,2,6
28999,1,5
29004,1,5
29010,1,6
29015,1,5
29021,1,6
29026,1,5
29032,2,6
29037,1,5
29043,2,6
29048,1,5
29053,1,5
29059,1,6
29064,1,5
29070,1,6
29076,2,6
29081,1,5
29087,1,6
29093,1,6
29099,2,6
29104,1,5
29110,2,6
29115,1,5
29121,2,6
29126,1,5
29131,1,5
29137,1,6
29142,1,5
29148,1,6
29153,1,5
29159,1,6
29164,1,5
29170,1,6
29175,1,5
29181,1,6
29186,1,5
29192,1,6
29197,1,5
29203,2,6
29208,1,5
29213,1,5
29219,1,6
29224,1,5
29230,1,6
29235,1,5
29241,1,6
29246,1,5
29252,2,6
29257,1,5
29262,1,5
29267,1,5
29272,1,5
29276,0,4
29281,0,5
29287,1,6
29292,1,5
29296,0,4
29302,1,6
29308,1,6
29312,0,4
29318,1,6
29324,1,6
29328,0,4
29334,0,6
29340,1,6
29345,1,5
29349,0,4
29355,1,6
29361,1,6
29365,0,4
29371,0,6
29377,1,6
29381,0,4
29386,0,5
29392,1,6
29397,1,5
29401,0,4
29407,0,6
29413,1,6
29418,1,5
29422,0,4
29428,1,6
29434,1,6
29438,0,4
29444,0,6
29450,1,6
29454,0,4
29460,0,6
29466,1,6
29470,0,4
29475,0,5
29481,1,6
29486,1,5
29490,0,4
29496,1,6
29501,1,5
29505,0,4
29511,1,6
29517,1,6
29521,0,4
29526,0,5
29532,1,6
29537,1,5
29541,0,4
29547,1,6
29553,1,6
29557,0,4
29563,0,6
29569,1,6
29573,0,4
29578,0,5
29584,1,6
29589,1,5
29593,0,4
29599,0,6
29605,1,6
29610,1,5
29615,1,5
29619,0,4
29624,0,5
29630,0,6
29636,1,6
29640,0,4
29646,0,6
29652,1,6
29656,0,4
29662,0,6
29668,1,6
29672,0,4
29677,0,5
29683,0,6
29689,1,6
29693,0,4
29699,0,6
29705,1,6
29710,1,5
29714,0,4
29720,1,6
29726,1,6
29730,0,4
29736,1,6
29742,1,6
29746,0,4
29752,1,6
29758,1,6
29762,0,4
29768,1,6
29774,1,6
29780,1,6
29785,1,5
29790,1,5
29796,1,6
29801,1,5
29806,1,5
29811,1,5
29817,1,6
29822,1,5
29828,2,6
29833,1,5
29843,6,10
29850,7,7
29850,1,0
29855,1,5
29861,1,6
29866,1,5
29871,1,5
29876,1,5
29882,1,6
29887,1,5
29893,2,6
29898,1,5
29904,1,6
29910,1,6
29916,2,6
29921,1,5
29927,2,6
29933,1,6
29938,1,5
29943,1,5
29949,1,6
29954,1,5
29960,1,6
29965,1,5
29970,1,5
29976,1,6
29981,1,5
29987,1,6
29993,2,6
29997,1,4
30002,1,5
30008,1,6
30013,1,5
30019,2,6
30024,1,5
30029,1,5
30035,1,6
30040,1,5
30046,1,6
30051,1,5
30057,1,6
30063,2,6
30067,1,4
30072,1,5
30077,1,5
30083,1,6
30089,1,6
30094,1,5
30099,1,5
30105,1,6
30110,1,5
30116,2,6
30121,1,5
30126,1,5
30132,1,6
30137,1,5
30143,1,6
30148,1,5
30153,1,5
30159,1,6
30164,1,5
30170,1,6
30175,1,5
30180,1,5
30186,1,6
30191,1,5
30197,1,6
30202,1,5
30208,1,6
30213,1,5
30218,1,5
30224,1,6
30229,1,5
30234,1,5
30239,1,5
30245,1,6
30250,1,5
30256,2,6
30261,1,5
30266,1,5
30272,1,6
30277,1,5
30283,1,6
30288,1,5
30294,1,6
30299,1,5
30304,1,5
30310,1,6
30315,1,5
30321,1,6
30326,1,5
30332,1,6
30337,1,5
30342,1,5
30347,1,5
30352,1,5
30358,1,6
30363,1,5
30369,2,6
30374,1,5
30379,1,5
30385,1,6
30390,1,5
30396,1,6
30401,1,5
30407,2,6
30412,1,5
30418,2,6
30423,1,5
30428,1,5
30434,1,6
30439,1,5
30444,1,5
30449,1,5
30454,1,5
30460,1,6
30465,1,5
30470,1,5
30476,2,6
30480,1,4
30486,2,6
30491,1,5
30496,1,5
30501,1,5
30507,2,6
30512,1,5
30517,1,5
30523,1,6
30528,1,5
30534,1,6
30539,1,5
30545,1,6
30550,1,5
30556,1,6
30561,1,5
30567,1,6
30572,1,5
30577,1,5
30583,1,6
30588,1,5
30594,1,6
30599,1,5
30605,1,6
30610,1,5
30615,1,5
30621,1,6
30626,1,5
30631,1,5
30636,1,5
30642,1,6
30647,1,5
30653,1,6
30658,1,5
30664,1,6
30669,1,5
30675,1,6
30680,1,5
30686,2,6
30691,1,5
30697,1,6
30702,1,5
30707,1,5
30713,1,6
30718,1,5
30724,1,6
30729,1,5
30735,2,6
30740,1,5
30745,1,5
30751,1,6
30756,1,5
30762,1,6
30767,1,5
30772,1,5
30777,1,5
30783,1,6
30788,1,5
30794,1,6
30799,1,5
30804,1,5
30810,1,6
30815,1,5
30821,2,6
30826,1,5
30832,2,6
30837,1,5
30842,1,5
30848,1,6
30853,1,5
30859,1,6
30864,1,5
30870,1,6
30875,1,5
30881,2,6
30886,1,5
30892,2,6
30896,1,4
30902,2,6
30907,1,5
30912,1,5
30918,1,6
30923,1,5
30929,1,6
30934,1,5
30940,2,6
30945,1,5
30951,2,6
30956,1,5
30961,1,5
30967,1,6
30972,1,5
30977,1,5
30982,1,5
30988,1,6
30993,1,5
30999,1,6
31004,1,5
31010,2,6
31015,1,5
31020,1,5
31026,1,6
31031,1,5
31037,1,6
31042,1,5
31048,1,6
31053,1,5
31059,2,6
31064,1,5
31069,1,5
31075,1,6
31080,1,5
31086,1,6
31091,1,5
31096,1,5
31102,1,6
31107,1,5
31113,1,6
31118,1,5
31123,1,5
31129,1,6
31134,1,5
31140,1,6
31145,1,5
31151,2,6
31156,1,5
31161,1,5
31167,1,6
31172,1,5
31178,1,6
31183,1,5
31189,2,6
31194,1,5
31199,1,5
31205,1,6
31210,1,5
31216,2,6
31221,1,5
31227,2,6
31232,1,5
31238,2,6
31243,1,5
31248,1,5
31254,1,6
31259,1,5
31265,2,6
31270,1,5
31276,1,6
31281,1,5
31287,1,6
31292,1,5
31298,2,6
31303,1,5
31308,1,5
31314,1,6
31319,1,5
31325,1,6
31330,1,5
31336,1,6
31341,1,5
31347,1,6
31352,1,5
31358,2,6
31363,1,5
31369,1,6
31374,1,5
31380,2,6
31385,1,5
31390,1,5
31396,1,6
31401,1,5
31407,1,6
31412,1,5
31418,1,6
31423,1,5
31429,2,6
31434,1,5
31439,1,5
31445,1,6
31450,1,5
31456,1,6
31461,1,5
31466,1,5
31471,1,5
31477,1,6
31482,1,5
31488,2,6
31493,1,5
31499,2,6
31504,1,5
31509,1,5
31515,1,6
31521,2,6
31525,1,4
31531,2,6
31536,1,5
31541,1,5
31547,1,6
31552,1,5
31558,1,6
31563,1,5
31568,1,5
31574,1,6
31579,1,5
31585,1,6
31590,1,5
31596,1,6
31601,1,5
31607,1,6
31612,1,5
31617,1,5
31623,1,6
31628,1,5
31634,1,6
31639,1,5
31645,1,6
31650,1,5
31656,1,6
31661,1,5
31667,2,6
31672,1,5
31677,1,5
31683,1,6
31688,1,5
31694,1,6
31699,1,5
31705,1,6
31710,1,5
31716,2,6
31721,1,5
31726,1,5
31732,1,6
31737,1,5
31742,1,5
31747,1,5
31752,1,5
31758,1,6
31763,1,5
31768,1,5
31773,1,5
31779,2,6
31784,1,5
31789,1,5
31795,1,6
31800,1,5
31806,1,6
31811,1,5
31817,1,6
31822,1,5
31828,1,6
31833,1,5
31839,1,6
31844,1,5
31849,1,5
31854,1,5
31860,2,6
31865,1,5
31870,1,5
31876,1,6
31882,2,6
31886,1,4
31891,1,5
31897,1,6
31902,1,5
31908,1,6
31913,1,5
31919,1,6
31924,1,5
31930,2,6
31935,1,5
31940,1,5
31946,1,6
31951,1,5
31957,1,6
31962,1,5
31968,2,6
31973,1,5
31979,2,6
31984,1,5
31989,1,5
31995,1,6
32000,1,5
32006,1,6
32011,1,5
32016,1,5
32022,1,6
32027,1,5
32033,1,6
32038,1,5
32044,1,6
32049,1,5
32054,1,5
32060,1,6
32065,1,5
32071,1,6
32076,1,5
32081,1,5
32087,1,6
32092,1,5
32098,1,6
32103,1,5
32109,1,6
32114,1,5
32119,1,5
32125,1,6
32130,1,5
32135,1,5
32140,1,5
32146,1,6
32151,1,5
32157,1,6
32162,1,5
32167,1,5
32173,1,6
32178,1,5
32184,1,6
32189,1,5
32195,2,6
32200,1,5
32205,1,5
32211,1,6
32216,1,5
32222,1,6
32227,1,5
32232,1,5
32238,1,6
32243,1,5
32249,1,6
32256,1,7
32261,1,5
32267,1,6
32272,1,5
32277,1,5
32283,1,6
32288,1,5
32293,1,5
32299,1,6
32305,2,6
32309,1,4
32315,2,6
32319,1,4
32324,1,5
32329,1,5
32335,1,6
32340,1,5
32345,0,5
32351,1,6
32356,1,5
32361,1,5
32366,1,5
32371,1,5
32377,1,6
32382,1,5
32387,1,5
32392,1,5
32397,1,5
32403,1,6
32408,1,5
32414,1,6
32419,1,5
32424,1,5
32429,1,5
32434,1,5
32439,1,5
32444,1,5
32449,1,5
32455,1,6
32460,1,5
32465,1,5
32471,1,6
32476,1,5
32482,1,6
32487,1,5
32492,1,5
32497,1,5
32503,1,6
32508,1,5
32513,1,5
32519,1,6
32524,1,5
32530,1,6
32535,1,5
32541,2,6
32546,1,5
32551,1,5
32557,1,6
32562,1,5
32568,1,6
32573,1,5
32578,1,5
32584,1,6
32589,1,5
32595,1,6
32600,1,5
32605,1,5
32611,1,6
32616,1,5
32622,1,6
32627,1,5
32633,2,6
32638,1,5
32643,1,5
32649,1,6
32654,1,5
32660,1,6
32665,1,5
32670,1,5
32676,1,6
32681,1,5
32687,1,6
32692,1,5
32697,1,5
32703,1,6
32708,1,5
32714,1,6
32719,1,5
32725,2,6
32731,1,6
32736,1,5
32742,2,6
32747,1,5
32752,1,5
32757,1,5
32762,1,5
32768,2,6
32773,1,5
32778,1,5
32784,1,6
32789,1,5
32795,2,6
32800,1,5
32805,1,5
32810,1,5
32815,1,5
32820,1,5
32825,1,5
32831,1,6
32836,1,5
32842,1,6
32847,1,5
32853,1,6
32858,1,5
32864,1,6
32869,1,5
32875,2,6
32880,1,5
32885,1,5
32891,1,6
32896,1,5
32902,1,6
32907,1,5
32913,2,6
32918,1,5
32923,1,5
32929,1,6
32934,1,5
32940,1,6
32945,1,5
32951,1,6
32956,1,5
32962,1,6
32967,1,5
32973,1,6
32978,1,5
32984,1,6
32989,1,5
32995,2,6
33000,1,5
33005,1,5
33011,1,6
33016,1,5
33022,1,6
33027,1,5
33033,2,6
33038,1,5
33043,1,5
33049,1,6
33054,1,5
33059,1,5
33064,1,5
33070,1,6
33075,1,5
33081,2,6
33086,1,5
33091,1,5
33096,1,5
33101,1,5
33107,2,6
33112,1,5
33117,1,5
33123,1,6
33128,1,5
33134,1,6
33139,1,5
33145,1,6
33150,1,5
33156,2,6
33161,1,5
33166,1,5
33172,1,6
33177,1,5
33182,1,5
33187,1,5
33193,1,6
33198,1,5
33204,1,6
33209,1,5
33215,1,6
33220,1,5
33226,1,6
33231,1,5
33237,1,6
33242,1,5
33248,1,6
33253,1,5
33259,1,6
33264,1,5
33270,1,6
33275,1,5
33280,1,5
33286,1,6
33291,1,5
33297,1,6
33302,1,5
33308,1,6
33313,1,5
33319,2,6
33324,1,5
33329,1,5
33334,1,5
33339,1,5
33345,1,6
33350,1,5
33355,1,5
33361,1,6
33366,1,5
33372,1,6
33377,1,5
33383,1,6
33388,1,5
33394,2,6
33399,1,5
33404,1,5
33410,1,6
33415,1,5
33421,1,6
33426,1,5
33432,1,6
33437,1,5
33443,1,6
33448,1,5
33453,1,5
33458,1,5
33463,1,5
33468,1,5
33473,1,5
33478,1,5
33484,1,6
33490,1,6
33495,1,5
33501,1,6
33507,1,6
33512,1,5
33518,2,6
33523,1,5
33529,1,6
33535,2,6
33540,1,5
33546,1,6
33552,2,6
33557,1,5
33562,1,5
33568,2,6
33573,1,5
33578,1,5
33584,2,6
33589,1,5
33594,1,5
33600,2,6
33605,1,5
33611,1,6
33617,1,6
33622,1,5
33628,1,6
33634,1,6
33639,1,5
33645,2,6
33651,2,6
33656,1,5
33662,2,6
33667,1,5
33673,1,6
33679,2,6
33683,1,4
33689,1,6
33695,2,6
33699,1,4
33705,2,6
33711,2,6
33715,1,4
33720,1,5
33725,1,5
33731,2,6
33736,1,5
33742,1,6
33748,2,6
33753,1,5
33759,1,6
33765,2,6
33770,1,5
33776,2,6
33781,1,5
33787,1,6
33793,2,6
33797,1,4
33802,1,5
33807,1,5
33812,1,5
33818,1,6
33823,1,5
33829,1,6
33834,1,5
33839,1,5
33844,1,5
33849,1,5
33854,1,5
33860,1,6
33865,1,5
33871,2,6
33876,1,5
33881,1,5
33887,1,6
33892,1,5
33898,2,6
33903,1,5
33908,1,5
33914,1,6
33919,1,5
33924,1,5
33929,1,5
33935,2,6
33941,1,6
33946,1,5
33952,2,6
33957,1,5
33962,1,5
33968,1,6
33973,1,5
33979,1,6
33984,1,5
33990,2,6
33995,1,5
34000,1,5
34005,1,5
34010,1,5
34016,1,6
34021,1,5
34027,1,6
34032,1,5
34038,2,6
34043,1,5
34048,1,5
34054,1,6
34059,1,5
34065,2,6
34070,1,5
34075,1,5
34081,1,6
34086,1,5
34092,2,6
34097,1,5
34102,1,5
34107,1,5
34112,1,5
34118,1,6
34123,1,5
34128,1,5
34134,1,6
34139,1,5
34145,1,6
34151,1,6
34156,1,5
34161,1,5
34167,1,6
34172,1,5
34178,1,6
34183,1,5
34189,1,6
34194,1,5
34199,1,5
34204,1,5
34209,1,5
34215,2,6
34220,1,5
34225,1,5
34231,1,6
34236,1,5
34242,1,6
34247,1,5
34253,1,6
34258,1,5
34264,1,6
34269,1,5
34275,2,6
34280,1,5
34286,2,6
34291,1,5
34296,1,5
34302,1,6
34307,1,5
34313,1,6
34318,1,5
34323,1,5
34329,1,6
34334,1,5
34340,1,6
34345,1,5
34351,1,6
34356,1,5
34362,1,6
34367,1,5
34373,1,6
34378,1,5
34384,2,6
34389,1,5
34394,1,5
34400,1,6
34405,1,5
34411,1,6
34416,1,5
34422,1,6
34427,1,5
34433,2,6
34438,1,5
34443,1,5
34449,1,6
34455,2,6
34459,1,4
34465,1,6
34470,1,5
34475,1,5
34481,1,6
34486,1,5
34492,1,6
34497,1,5
34503,1,6
34508,1,5
34514,2,6
34519,1,5
34525,1,6
34530,1,5
34536,1,6
34541,1,5
34547,1,6
34552,1,5
34558,1,6
34563,1,5
34569,1,6
34574,1,5
34580,1,6
34585,1,5
34591,1,6
34596,1,5
34602,2,6
34607,1,5
34612,1,5
34618,1,6
34623,1,5
34628,1,5
34633,1,5
34639,1,6
34644,1,5
34650,1,6
34655,1,5
34661,2,6
34666,1,5
34672,2,6
34677,1,5
34682,1,5
34688,1,6
34693,1,5
34699,1,6
34704,1,5
34710,2,6
34715,1,5
34721,2,6
34726,1,5
34732,2,6
34737,1,5
34742,1,5
34748,1,6
34753,1,5
34758,1,5
34763,1,5
34769,1,6
34774,1,5
34780,1,6
34785,1,5
34790,1,5
34795,1,5
34801,1,6
34806,1,5
34812,2,6
34817,1,5
34823,2,6
34828,1,5
34834,2,6
34839,1,5
34844,1,5
34849,1,5
34860,5,11
34861,1,1
34867,1,6
34872,1,5
34877,1,5
34883,2,6
34888,1,5
34893,1,5
34899,2,6
34905,2,6
34910,1,5
34916,1,6
34921,1,5
34927,2,6
34932,1,5
34937,1,5
34942,1,5
34947,1,5
34952,1,5
34957,1,5
34963,1,6
34968,1,5
34974,2,6
34979,1,5
34985,1,6
34990,1,5
34996,1,6
35001,1,5
35007,1,6
35012,1,5
35018,1,6
35023,1,5
35029,1,6
35034,1,5
35040,1,6
35045,1,5
35051,2,6
35056,1,5
35062,2,6
35067,1,5
35072,1,5
35078,1,6
35083,1,5
35089,1,6
35094,1,5
35100,2,6
35105,1,5
35110,1,5
35116,1,6
35121,1,5
35127,1,6
35132,1,5
35138,1,6
35143,1,5
35149,2,6
35154,1,5
35160,2,6
35165,1,5
35171,2,6
35176,1,5
35181,1,5
35187,1,6
35192,1,5
35198,1,6
35203,1,5
35209,1,6
35214,1,5
35220,1,6
35225,1,5
35231,2,6
35236,1,5
35242,2,6
35247,1,5
35253,2,6
35258,1,5
35263,1,5
35269,1,6
35274,1,5
35280,1,6
35285,1,5
35291,1,6
35296,1,5
35302,1,6
35307,1,5
35313,1,6
35318,1,5
35324,1,6
35329,1,5
35338,4,9
35340,1,2
35345,1,5
35351,1,6
35356,1,5
35362,1,6
35367,1,5
35373,1,6
35378,1,5
35384,1,6
35389,1,5
35395,2,6
35400,1,5
35405,1,5
35411,1,6
35416,1,5
35422,1,6
35427,1,5
35433,1,6
35438,1,5
35444,2,6
35449,1,5
35454,1,5
35460,1,6
35465,1,5
35471,1,6
35476,1,5
35482,2,6
35487,1,5
35492,1,5
35497,1,5
35502,1,5
35508,1,6
35514,2,6
35519,1,5
35524,1,5
35529,1,5
35534,1,5
35540,2,6
35545,1,5
35550,1,5
35556,1,6
35561,1,5
35567,1,6
35572,1,5
35578,2,6
35583,1,5
35588,1,5
35594,1,6
35599,1,5
35605,2,6
35610,1,5
35615,1,5
35621,1,6
35626,1,5
35632,1,6
35637,1,5
35643,2,6
35648,1,5
35653,1,5
35659,1,6
35664,1,5
35670,1,6
35675,1,5
35681,2,6
35686,1,5
35692,1,6
35697,1,5
35703,2,6
35708,1,5
35714,1,6
35719,1,5
35724,1,5
35730,1,6
35735,1,5
35741,1,6
35746,1,5
35752,1,6
35757,1,5
35763,2,6
35768,1,5
35773,1,5
35779,1,6
35784,1,5
35790,1,6
35795,1,5
35801,2,6
35806,1,5
35811,1,5
35816,1,5
35821,1,5
35827,1,6
35832,1,5
35838,2,6
35843,1,5
35848,1,5
35854,1,6
35859,1,5
35865,1,6
35870,1,5
35876,2,6
35881,1,5
35886,1,5
35892,1,6
35897,1,5
35902,1,5
35908,1,6
35914,1,6
35919,1,5
35924,1,5
35930,1,6
35935,1,5
35941,1,6
35946,1,5
35952,1,6
35957,1,5
35962,1,5
35968,1,6
35973,1,5
35979,1,6
35984,1,5
35989,1,5
35995,1,6
36000,1,5
36006,1,6
36011,1,5
36016,1,5
36022,1,6
36027,1,5
36033,1,6
36038,1,5
36044,1,6
36049,1,5
36055,2,6
36060,1,5
36065,1,5
36070,1,5
36075,1,5
36081,1,6
36086,0,5
36092,1,6
36097,1,5
36102,1,5
36107,1,5
36111,0,4
36116,0,5
36122,0,6
36128,0,6
36135,1,7
36140,1,5
36145,1,5
36150,1,5
36155,1,5
36159,0,4
36164,0,5
36169,0,5
36175,0,6
36180,0,5
36186,0,6
36191,0,5
36197,1,6
36202,1,5
36207,1,5
36212,1,5
36217,1,5
36222,1,5
36226,0,4
36232,0,6
36238,1,6
36244,1,6
36249,1,5
36254,1,5
36259,1,5
36264,1,5
36269,1,5
36276,1,7
36280,0,4
36285,0,5
36291,1,6
36296,1,5
36300,0,4
36306,1,6
36312,1,6
36317,1,5
36321,0,4
36327,1,6
36333,1,6
36337,0,4
36343,0,6
36349,1,6
36355,1,6
36359,0,4
36365,0,6
36371,1,6
36376,1,5
36380,0,4
36386,0,6
36392,1,6
36397,1,5
36401,0,4
36407,0,6
36413,1,6
36418,1,5
36423,1,5
36427,0,4
36433,0,6
36439,0,6
36445,1,6
36450,1,5
36454,0,4
36460,1,6
36466,1,6
36470,0,4
36476,0,6
36482,1,6
36486,0,4
36491,0,5
36497,1,6
36503,1,6
36508,1,5
36513,1,5
36518,1,5
36523,1,5
36528,1,5
36532,0,4
36537,0,5
36542,0,5
36548,0,6
36554,0,6
36559,0,5
36564,0,5
36570,0,6
36576,1,6
36581,0,5
36587,1,6
36592,1,5
36597,1,5
36602,1,5
36606,0,4
36612,0,6
36618,1,6
36624,1,6
36629,1,5
36635,1,6
36640,1,5
36645,1,5
36649,0,4
36655,1,6
36661,1,6
36665,0,4
36670,0,5
36676,1,6
36681,1,5
36685,0,4
36691,1,6
36697,1,6
36701,0,4
36707,0,6
36713,1,6
36718,1,5
36722,0,4
36728,0,6
36734,1,6
36739,1,5
36743,0,4
36749,0,6
36755,1,6
36759,0,4
36764,0,5
36770,1,6
36775,1,5
36779,0,4
36785,0,6
36791,1,6
36796,1,5
36800,0,4
36805,0,5
36811,1,6
36817,1,6
36822,1,5
36826,0,4
36832,0,6
36838,1,6
36843,1,5
36848,1,5
36852,0,4
36859,1,7
36863,0,4
36868,0,5
36874,1,6
36880,0,6
36886,1,6
36891,1,5
36895,0,4
36901,0,6
36907,1,6
36913,1,6
36918,1,5
36923,1,5
36927,0,4
36932,0,5
36938,1,6
36944,1,6
36949,1,5
36953,0,4
36959,0,6
36965,1,6
36970,1,5
36974,0,4
36980,0,6
36986,1,6
36992,1,6
36996,0,4
37001,0,5
37007,1,6
37012,0,5
37018,1,6
37023,1,5
37027,0,4
37032,0,5
37038,1,6
37044,1,6
37049,1,5
37054,1,5
37058,0,4
37063,0,5
37069,1,6
37075,1,6
37081,1,6
37086,1,5
37091,1,5
37095,0,4
37100,0,5
37105,0,5
37111,1,6
37117,1,6
37122,1,5
37127,1,5
37131,0,4
37137,0,6
37143,0,6
37151,2,8
37156,1,5
37160,0,4
37167,1,7
37172,1,5
37177,1,5
37182,1,5
37187,1,5
37192,1,5
37197,1,5
37204,1,7
37209,1,5
37214,1,5
37219,1,5
37224,1,5
37229,1,5
37234,1,5
37239,1,5
37244,1,5
37248,0,4
37254,0,6
37260,1,6
37266,1,6
37271,1,5
37275,0,4
37280,0,5
37286,1,6
37291,1,5
37295,0,4
37301,1,6
37307,1,6
37311,0,4
37316,0,5
37322,1,6
37327,1,5
37331,0,4
37337,0,6
37343,1,6
37347,0,4
37352,0,5
37358,1,6
37363,1,5
37367,0,4
37373,1,6
37379,1,6
37384,1,5
37388,0,4
37394,1,6
37399,1,5
37403,0,4
37409,1,6
37415,1,6
37419,0,4
37425,0,6
37431,1,6
37436,1,5
37440,0,4
37445,0,5
37451,1,6
37456,1,5
37461,1,5
37467,1,6
37472,1,5
37477,1,5
37482,1,5
37488,1,6
37493,1,5
37499,1,6
37504,1,5
37510,2,6
37515,1,5
37521,1,6
37526,1,5
37532,1,6
37537,1,5
37543,1,6
37548,1,5
37554,1,6
37559,1,5
37564,1,5
37570,1,6
37575,1,5
37581,1,6
37586,1,5
37592,2,6
37598,2,6
37603,2,5
37607,1,4
37612,0,5
37618,1,6
37623,1,5
37629,1,6
37634,1,5
37640,1,6
37645,1,5
37650,1,5
37656,1,6
37661,1,5
37667,1,6
37672,1,5
37678,2,6
37683,1,5
37688,1,5
37694,1,6
37699,1,5
37705,1,6
37710,1,5
37716,1,6
37721,1,5
37727,1,6
37732,1,5
37737,1,5
37743,1,6
37748,1,5
37754,1,6
37759,1,5
37765,1,6
37770,1,5
37775,1,5
37779,0,4
37785,0,6
37791,1,6
37796,1,5
37800,0,4
37806,0,6
37812,1,6
37816,0,4
37821,0,5
37827,1,6
37831,0,4
37836,0,5
37842,1,6
37846,0,4
37851,0,5
37857,1,6
37861,0,4
37866,0,5
37872,1,6
37877,1,5
37881,0,4
37887,1,6
37893,1,6
37897,0,4
37903,0,6
37909,1,6
37914,1,5
37918,0,4
37924,0,6
37930,1,6
37935,1,5
37939,0,4
37945,1,6
37951,1,6
37955,0,4
37961,1,6
37967,1,6
37971,0,4
37977,1,6
37982,1,5
37986,0,4
37992,0,6
37998,1,6
38003,1,5
38007,0,4
38013,1,6
38019,1,6
38023,0,4
38029,0,6
38035,1,6
38041,1,6
38045,0,4
38051,0,6
38057,1,6
38062,1,5
38066,0,4
38072,0,6
38078,1,6
38083,1,5
38087,0,4
38093,1,6
38099,1,6
38103,0,4
38109,1,6
38115,1,6
38119,0,4
38125,0,6
38131,1,6
38135,0,4
38141,0,6
38147,1,6
38151,0,4
38156,0,5
38162,1,6
38168,1,6
38172,0,4
38178,1,6
38184,1,6
38188,0,4
38194,0,6
38200,1,6
38204,0,4
38210,0,6
38216,1,6
38220,0,4
38225,0,5
38231,1,6
38236,1,5
38240,0,4
38246,1,6
38252,1,6
38256,0,4
38262,0,6
38268,1,6
38273,1,5
38279,2,6
38284,1,5
38289,1,5
38294,1,5
38299,1,5
38305,2,6
38310,1,5
38315,1,5
38321,1,6
38326,1,5
38332,2,6
38337,1,5
38342,1,5
38347,1,5
38353,1,6
38358,1,5
38364,2,6
38369,1,5
38375,2,6
38380,1,5
38385,1,5
38391,1,6
38396,1,5
38402,1,6
38407,1,5
38412,1,5
38418,1,6
38423,1,5
38429,1,6
38434,1,5
38440,1,6
38445,1,5
38451,1,6
38456,1,5
38462,1,6
38467,1,5
38472,1,5
38478,1,6
38483,1,5
38489,1,6
38494,1,5
38500,2,6
38505,1,5
38510,1,5
38516,1,6
38521,1,5
38526,1,5
38531,1,5
38537,2,6
38542,1,5
38548,2,6
38553,1,5
38559,1,6
38564,1,5
38570,1,6
38575,1,5
38581,1,6
38586,1,5
38592,2,6
38597,1,5
38603,2,6
38608,1,5
38613,1,5
38618,1,5
38623,1,5
38629,1,6
38634,1,5
38640,2,6
38645,1,5
38650,1,5
38656,1,6
38661,1,5
38667,1,6
38672,1,5
38678,1,6
38683,1,5
38689,2,6
38694,1,5
38699,1,5
38704,1,5
38709,1,5
38715,1,6
38720,1,5
38726,1,6
38731,1,5
38737,1,6
38742,1,5
38748,1,6
38753,1,5
38759,1,6
38764,1,5
38770,1,6
38775,1,5
38781,2,6
38786,1,5
38791,1,5
38797,1,6
38802,1,5
38808,2,6
38813,1,5
38818,1,5
38823,1,5
38828,1,5
38834,1,6
38839,1,5
38845,2,6
38850,1,5
38855,1,5
38861,1,6
38866,1,5
38872,2,6
38877,1,5
38882,1,5
38888,1,6
38893,1,5
38898,1,5
38903,1,5
38908,1,5
38913,1,5
38919,1,6
38924,1,5
38929,1,5
38935,1,6
38941,2,6
38946,2,5
38951,1,5
38956,1,5
38962,1,6
38967,1,5
38973,2,6
38978,1,5
38983,1,5
38988,1,5
38993,1,5
38999,1,6
39004,1,5
39009,1,5
39015,1,6
39020,1,5
39026,1,6
39031,1,5
39036,1,5
39042,1,6
39047,1,5
39053,1,6
39058,1,5
39063,1,5
39069,1,6
39074,1,5
39080,1,6
39085,1,5
39091,2,6
39096,1,5
39101,1,5
39106,1,5
39111,1,5
39117,2,6
39122,1,5
39127,1,5
39133,1,6
39138,1,5
39144,1,6
39149,1,5
39155,2,6
39160,1,5
39165,1,5
39171,1,6
39176,1,5
39182,1,6
39187,1,5
39193,2,6
39198,1,5
39203,1,5
39208,1,5
39213,1,5
39219,2,6
39224,1,5
39229,1,5
39235,1,6
39240,1,5
39246,2,6
39251,1,5
39256,1,5
39262,1,6
39267,1,5
39273,1,6
39278,1,5
39283,1,5
39288,1,5
39295,1,7
39300,1,5
39305,1,5
39310,1,5
39315,1,5
39321,1,6
39326,1,5
39331,1,5
39336,1,5
39342,0,6
39348,1,6
39353,1,5
39358,1,5
39365,1,7
39370,1,5
39375,1,5
39381,1,6
39386,1,5
39391,1,5
39396,1,5
39401,0,5
39407,1,6
39412,1,5
39417,1,5
39422,1,5
39428,1,6
39433,1,5
39438,1,5
39443,1,5
39450,1,7
39455,1,5
39460,1,5
39466,1,6
39471,1,5
39476,1,5
39481,0,5
39487,1,6
39492,1,5
39497,1,5
39502,0,5
39508,1,6
39513,1,5
39518,1,5
39523,1,5
39529,1,6
39534,1,5
39539,1,5
39544,0,5
39550,1,6
39555,1,5
39560,1,5
39565,0,5
39571,1,6
39576,1,5
39581,1,5
39586,1,5
39591,0,5
39597,1,6
39602,1,5
39607,1,5
39612,1,5
39618,0,6
39624,1,6
39629,1,5
39634,1,5
39639,0,5
39645,1,6
39650,1,5
39655,1,5
39660,0,5
39666,1,6
39671,1,5
39676,1,5
39681,1,5
39686,0,5
39692,1,6
39697,1,5
39702,1,5
39707,1,5
39713,0,6
39719,1,6
39724,1,5
39729,1,5
39734,1,5
39741,1,7
39746,1,5
39751,1,5
39756,1,5
39761,1,5
39768,1,7
39773,1,5
39778,1,5
39784,1,6
39789,1,5
39795,2,6
39800,1,5
39806,2,6
39811,1,5
39816,1,5
39822,1,6
39827,1,5
39833,1,6
39838,1,5
39843,1,5
39849,1,6
39854,1,5
39863,5,9
39871,8,8
39871,2,0
39876,2,5
39881,1,5
39887,2,6
39892,1,5
39897,1,5
39903,2,6
39919,12,16
39925,1,6
39930,1,5
39936,1,6
39941,1,5
39947,2,6
39952,1,5
39957,1,5
39962,1,5
39967,1,5
39973,1,6
39978,1,5
39983,0,5
39988,0,5
39993,0,5
39999,1,6
40004,1,5
40008,0,4
40014,0,6
40020,1,6
40026,1,6
40031,1,5
40036,1,5
40040,0,4
40046,1,6
40052,1,6
40058,1,6
40064,1,6
40070,1,6
40075,1,5
40079,0,4
40085,0,6
40091,1,6
40097,1,6
40101,0,4
40106,0,5
40112,0,6
40118,0,6
40124,1,6
40129,1,5
40133,0,4
40139,0,6
40145,1,6
40151,1,6
40156,1,5
40160,0,4
40166,0,6
40172,1,6
40178,1,6
40183,1,5
40188,1,5
40192,0,4
40198,0,6
40204,1,6
40209,1,5
40214,1,5
40218,0,4
40224,0,6
40230,1,6
40236,1,6
40241,1,5
40246,1,5
40251,1,5
40256,1,5
40261,1,5
40266,1,5
40271,1,5
40275,0,4
40280,0,5
40286,1,6
40292,1,6
40297,1,5
40301,0,4
40307,1,6
40313,1,6
40318,1,5
40322,0,4
40328,0,6
40334,1,6
40339,1,5
40343,0,4
40349,1,6
40355,1,6
40360,1,5
40365,1,5
40369,0,4
40375,1,6
40381,1,6
40386,1,5
40390,0,4
40396,0,6
40402,1,6
40407,1,5
40412,1,5
40416,0,4
40422,1,6
40428,1,6
40433,1,5
40438,1,5
40443,1,5
40447,0,4
40452,0,5
40458,1,6
40464,1,6
40468,0,4
40474,0,6
40480,1,6
40485,1,5
40489,0,4
40495,1,6
40501,1,6
40506,1,5
40510,0,4
40516,1,6
40522,1,6
40526,0,4
40531,0,5
40537,1,6
40543,1,6
40548,1,5
40552,0,4
40558,1,6
40564,1,6
40569,1,5
40573,0,4
40579,1,6
40585,1,6
40590,1,5
40595,1,5
40599,0,4
40605,0,6
40611,1,6
40616,1,5
40621,1,5
40625,0,4
40631,0,6
40637,1,6
40643,1,6
40647,0,4
40652,0,5
40658,1,6
40663,1,5
40668,1,5
40672,0,4
40677,0,5
40682,0,5
40688,1,6
40693,1,5
40697,0,4
40702,0,5
40708,1,6
40714,1,6
40719,1,5
40723,0,4
40729,1,6
40735,1,6
40740,1,5
40744,0,4
40750,1,6
40756,1,6
40760,0,4
40765,0,5
40771,1,6
40777,1,6
40781,0,4
40786,0,5
40792,1,6
40797,1,5
40801,0,4
40806,0,5
40812,0,6
40818,1,6
40823,1,5
40827,0,4
40832,0,5
40838,1,6
40844,1,6
40849,1,5
40854,1,5
40858,0,4
40864,1,6
40869,1,5
40873,0,4
40878,0,5
40884,0,6
40890,1,6
40894,0,4
40899,0,5
40905,1,6
40910,1,5
40914,0,4
40920,1,6
40926,1,6
40930,0,4
40936,0,6
40942,1,6
40946,0,4
40951,0,5
40957,1,6
40961,0,4
40966,0,5
40972,1,6
40977,1,5
40981,0,4
40987,1,6
40993,1,6
40997,0,4
41002,0,5
41008,1,6
41013,1,5
41018,1,5
41022,0,4
41028,1,6
41034,1,6
41039,1,5
41043,0,4
41049,1,6
41056,2,7
41060,1,4
41065,1,5
41069,0,4
41075,0,6
41081,1,6
41087,1,6
41093,1,6
41098,1,5
41103,1,5
41107,0,4
41113,1,6
41119,1,6
41123,0,4
41129,0,6
41135,1,6
41140,1,5
41144,0,4
41149,0,5
41155,0,6
41161,1,6
41166,1,5
41170,0,4
41176,1,6
41181,1,5
41185,0,4
41191,1,6
41197,1,6
41201,0,4
41207,0,6
41213,1,6
41217,0,4
41222,0,5
41228,1,6
41233,1,5
41237,0,4
41243,1,6
41249,1,6
41254,1,5
41259,1,5
41263,0,4
41269,1,6
41275,1,6
41279,0,4
41285,1,6
41291,1,6
41296,1,5
41300,0,4
41306,1,6
41312,1,6
41316,0,4
41322,0,6
41328,1,6
41334,1,6
41338,0,4
41344,0,6
41350,1,6
41354,0,4
41359,0,5
41365,1,6
41370,1,5
41374,0,4
41380,1,6
41385,1,5
41389,0,4
41395,1,6
41401,1,6
41406,1,5
41410,0,4
41416,1,6
41422,1,6
41426,0,4
41432,0,6
41438,1,6
41442,0,4
41447,0,5
41453,1,6
41458,1,5
41462,0,4
41468,1,6
41474,1,6
41478,0,4
41484,0,6
41490,0,6
41496,1,6
41501,1,5
41505,0,4
41512,1,7
41517,1,5
41522,1,5
41526,0,4
41532,1,6
41538,1,6
41543,1,5
41548,1,5
41552,0,4
41558,1,6
41564,1,6
41568,0,4
41574,0,6
41580,1,6
41584,0,4
41590,0,6
41596,1,6
41601,1,5
41605,0,4
41611,1,6
41616,1,5
41620,0,4
41626,1,6
41631,1,5
41635,0,4
41641,0,6
41647,1,6
41652,1,5
41656,0,4
41662,1,6
41667,1,5
41671,0,4
41677,0,6
41683,1,6
41687,0,4
41693,0,6
41699,1,6
41704,1,5
41708,0,4
41714,1,6
41720,1,6
41724,0,4
41729,0,5
41734,0,5
41740,1,6
41745,1,5
41749,0,4
41755,1,6
41761,1,6
41766,1,5
41770,0,4
41777,1,7
41783,1,6
41788,1,5
41794,2,6
41800,2,6
41804,1,4
41809,1,5
41815,1,6
41819,0,4
41825,1,6
41831,1,6
41835,0,4
41841,1,6
41846,1,5
41850,0,4
41856,1,6
41860,0,4
41865,0,5
41871,1,6
41875,0,4
41881,0,6
41887,1,6
41891,0,4
41897,1,6
41903,1,6
41907,0,4
41913,1,6
41919,1,6
41923,0,4
41929,0,6
41935,1,6
41939,0,4
41944,0,5
41950,1,6
41955,1,5
41959,0,4
41965,1,6
41970,1,5
41974,0,4
41980,1,6
41984,0,4
41989,0,5
41995,1,6
42000,1,5
42004,0,4
42010,1,6
42016,1,6
42020,0,4
42026,0,6
42032,1,6
42036,0,4
42042,0,6
42048,1,6
42052,0,4
42058,0,6
42064,1,6
42068,0,4
42074,0,6
42080,1,6
42084,0,4
42090,0,6
42096,1,6
42100,0,4
42105,0,5
42111,1,6
42117,1,6
42121,0,4
42127,0,6
42133,1,6
42137,0,4
42143,0,6
42149,1,6
42153,0,4
42159,0,6
42165,1,6
42170,1,5
42174,0,4
42180,1,6
42184,0,4
42189,0,5
42195,1,6
42199,0,4
42204,0,5
42210,1,6
42215,1,5
42219,0,4
42225,1,6
42230,1,5
42235,1,5
42239,0,4
42245,1,6
42250,1,5
42254,0,4
42260,1,6
42266,1,6
42270,0,4
42276,1,6
42282,1,6
42286,0,4
42292,0,6
42298,1,6
42302,0,4
42307,0,5
42313,1,6
42317,0,4
42322,0,5
42328,1,6
42333,1,5
42337,0,4
42343,0,6
42349,1,6
42354,1,5
42358,0,4
42364,1,6
42370,1,6
42374,0,4
42379,0,5
42385,1,6
42391,1,6
42395,0,4
42401,1,6
42407,1,6
42411,0,4
42417,1,6
42423,1,6
42431,0,8
42436,0,5
42441,0,5
42447,1,6
42452,1,5
42457,0,5
42462,0,5
42467,0,5
42473,1,6
42478,1,5
42483,0,5
42488,0,5
42493,0,5
42499,1,6
42504,0,5
42509,0,5
42515,1,6
42520,1,5
42525,0,5
42531,1,6
42536,0,5
42541,0,5
42547,1,6
42552,0,5
42557,0,5
42563,1,6
42568,0,5
42574,1,6
42579,1,5
42583,0,4
42588,0,5
42594,1,6
42598,0,4
42604,1,6
42609,1,5
42614,1,5
42618,0,4
42624,1,6
42630,1,6
42635,1,5
42639,0,4
42644,0,5
42650,1,6
42655,1,5
42659,0,4
42665,1,6
42670,1,5
42674,0,4
42679,0,5
42685,1,6
42690,1,5
42694,0,4
42700,0,6
42706,1,6
42711,1,5
42715,0,4
42721,0,6
42727,1,6
42732,1,5
42736,0,4
42742,1,6
42748,1,6
42752,0,4
42757,0,5
42763,1,6
42769,1,6
42774,1,5
42780,1,6
42785,1,5
42791,2,6
42796,1,5
42802,2,6
42807,1,5
42812,1,5
42817,1,5
42822,1,5
42828,1,6
42833,1,5
42839,2,6
42844,1,5
42849,1,5
42855,1,6
42860,1,5
42866,1,6
42871,1,5
42877,2,6
42882,1,5
42887,1,5
42893,1,6
42898,1,5
42904,1,6
42909,1,5
42915,1,6
42920,1,5
42926,2,6
42931,1,5
42936,1,5
42941,1,5
42946,1,5
42952,1,6
42957,1,5
42962,1,5
42968,2,6
42973,1,5
42978,1,5
42984,1,6
42989,1,5
42995,1,6
43000,1,5
43006,2,6
43011,1,5
43016,1,5
43022,1,6
43027,1,5
43033,1,6
43038,1,5
43044,1,6
43049,1,5
43055,1,6
43060,1,5
43066,2,6
43071,1,5
43076,1,5
43082,1,6
43087,1,5
43093,1,6
43098,1,5
43104,1,6
43109,1,5
43115,2,6
43120,1,5
43126,2,6
43131,1,5
43136,1,5
43142,1,6
43147,1,5
43153,1,6
43158,1,5
43163,1,5
43168,1,5
43175,1,7
43180,1,5
43186,1,6
43191,1,5
43197,2,6
43202,1,5
43208,2,6
43213,1,5
43218,1,5
43224,1,6
43230,2,6
43235,1,5
43240,1,5
43246,1,6
43251,1,5
43257,2,6
43262,1,5
43267,1,5
43273,1,6
43278,1,5
43283,1,5
43288,1,5
43293,1,5
43299,2,6
43305,2,6
43309,1,4
43315,1,6
43321,2,6
43327,2,6
43331,1,4
43337,1,6
43343,2,6
43349,2,6
43353,1,4
43359,1,6
43365,2,6
43370,1,5
43376,1,6
43382,2,6
43388,2,6
43392,1,4
43398,1,6
43404,2,6
43409,1,5
43414,1,5
43420,1,6
43426,2,6
43430,1,4
43435,1,5
43441,2,6
43447,2,6
43451,1,4
43456,1,5
43462,2,6
43468,2,6
43472,1,4
43478,1,6
43483,1,5
43489,1,6
43494,1,5
43500,1,6
43505,1,5
43510,1,5
43516,1,6
43521,1,5
43528,1,7
43533,1,5
43538,1,5
43542,0,4
43548,0,6
43554,1,6
43559,1,5
43563,0,4
43568,0,5
43574,1,6
43579,1,5
43584,1,5
43588,0,4
43593,0,5
43599,1,6
43605,1,6
43609,0,4
43614,0,5
43620,1,6
43625,1,5
43629,0,4
43635,0,6
43641,1,6
43645,0,4
43651,0,6
43657,1,6
43661,0,4
43666,0,5
43672,1,6
43678,1,6
43683,1,5
43687,0,4
43693,1,6
43698,1,5
43703,1,5
43707,0,4
43713,0,6
43719,1,6
43723,0,4
43728,0,5
43734,1,6
43739,1,5
43743,0,4
43748,0,5
43754,1,6
43759,1,5
43763,0,4
43769,0,6
43776,1,7
43781,1,5
43786,1,5
43791,1,5
43796,1,5
43802,1,6
43807,1,5
43813,1,6
43818,1,5
43823,1,5
43828,1,5
43834,1,6
43839,1,5
43845,1,6
43850,1,5
43855,1,5
43861,2,6
43866,1,5
43872,2,6
43877,1,5
43883,1,6
43888,1,5
43893,1,5
43899,1,6
43904,1,5
43910,1,6
43916,1,6
43921,1,5
43927,2,6
43933,2,6
43937,1,4
43943,1,6
43949,1,6
43954,1,5
43959,1,5
43964,1,5
43970,1,6
43976,1,6
43982,2,6
43986,1,4
43992,1,6
43997,1,5
44003,1,6
44008,1,5
44014,2,6
44019,1,5
44025,2,6
44030,1,5
44036,2,6
44042,2,6
44046,1,4
44051,1,5
44057,1,6
44062,1,5
44068,2,6
44072,1,4
44078,2,6
44083,1,5
44089,2,6
44094,1,5
44100,1,6
44105,1,5
44110,1,5
44116,1,6
44122,2,6
44126,1,4
44132,1,6
44137,1,5
44142,1,5
44148,1,6
44153,1,5
44158,1,5
44164,2,6
44170,1,6
44175,1,5
44180,1,5
44186,1,6
44192,2,6
44196,1,4
44202,2,6
44206,1,4
44211,1,5
44217,1,6
44222,1,5
44228,1,6
44233,1,5
44239,1,6
44244,1,5
44249,1,5
44254,1,5
44260,1,6
44265,1,5
44271,2,6
44276,1,5
44282,2,6
44287,1,5
44293,2,6
44298,1,5
44303,1,5
44308,1,5
44313,1,5
44318,1,5
44323,1,5
44328,1,5
44333,1,5
44338,1,5
44343,1,5
44348,1,5
44353,1,5
44358,1,5
44364,2,6
44369,1,5
44375,1,6
44380,1,5
44386,2,6
44391,1,5
44397,2,6
44403,2,6
44408,1,5
44414,2,6
44419,1,5
44424,1,5
44430,1,6
44435,1,5
44441,1,6
44446,1,5
44452,1,6
44457,1,5
44463,2,6
44468,1,5
44474,2,6
44479,1,5
44485,1,6
44490,1,5
44495,1,5
44500,1,5
44506,1,6
44511,1,5
44517,1,6
44522,1,5
44528,2,6
44534,2,6
44539,1,5
44544,1,5
44549,1,5
44555,1,6
44561,2,6
44566,1,5
44571,1,5
44577,1,6
44582,1,5
44587,1,5
44593,2,6
44599,2,6
44604,1,5
44609,1,5
44615,1,6
44621,2,6
44627,2,6
44633,1,6
44638,1,5
44644,1,6
44649,1,5
44654,1,5
44659,1,5
44665,2,6
44670,1,5
44676,2,6
44681,1,5
44687,1,6
44693,2,6
44697,1,4
44702,1,5
44707,1,5
44712,1,5
44718,1,6
44724,2,6
44728,1,4
44733,1,5
44739,2,6
44744,1,5
44749,1,5
44756,3,7
44760,1,4
44766,1,6
44771,1,5
44777,1,6
44782,1,5
44788,1,6
44793,1,5
44799,2,6
44804,1,5
44809,1,5
44814,1,5
44819,1,5
44825,1,6
44830,1,5
44836,2,6
44841,1,5
44846,1,5
44851,1,5
44856,1,5
44862,1,6
44867,1,5
44882,7,15
44883,3,1
44887,1,4
44892,1,5
44898,1,6
44903,1,5
44919,12,16
44924,1,5
44930,2,6
44935,1,5
44940,1,5
44946,1,6
44951,1,5
44956,1,5
44961,1,5
44966,1,5
44972,1,6
44977,1,5
44982,1,5
44987,1,5
44993,1,6
44998,1,5
45004,2,6
45010,1,6
45015,1,5
45020,1,5
45025,1,5
45031,1,6
45036,1,5
45042,2,6
45047,1,5
45052,1,5
45058,1,6
45063,1,5
45068,1,5
45073,1,5
45079,2,6
45084,1,5
45089,1,5
45094,1,5
45099,1,5
45105,1,6
45110,1,5
45116,1,6
45121,1,5
45127,1,6
45132,1,5
45137,1,5
45143,1,6
45148,1,5
45154,1,6
45159,1,5
45164,1,5
45170,1,6
45175,1,5
45181,1,6
45186,1,5
45192,1,6
45197,1,5
45203,1,6
45208,1,5
45213,1,5
45219,1,6
45224,1,5
45230,1,6
45235,1,5
45241,2,6
45246,1,5
45251,1,5
45257,1,6
45262,1,5
45268,2,6
45273,1,5
45278,1,5
45283,1,5
45289,1,6
45294,1,5
45299,1,5
45305,1,6
45310,1,5
45315,1,5
45322,1,7
45327,1,5
45332,1,5
45338,1,6
45343,1,5
45348,1,5
45354,1,6
45359,1,5
45364,1,5
45370,1,6
45375,1,5
45380,1,5
45386,1,6
45391,1,5
45396,1,5
45401,0,5
45407,1,6
45412,1,5
45418,1,6
45423,1,5
45428,1,5
45434,1,6
45439,1,5
45444,1,5
45449,1,5
45455,1,6
45460,1,5
45466,1,6
45471,1,5
45476,1,5
45482,1,6
45487,1,5
45492,1,5
45498,1,6
45503,1,5
45508,1,5
45514,1,6
45519,1,5
45524,1,5
45530,1,6
45535,1,5
45540,1,5
45545,1,5
45551,1,6
45556,1,5
45561,1,5
45567,1,6
45572,1,5
45577,1,5
45583,1,6
45588,1,5
45593,1,5
45599,1,6
45604,1,5
45609,1,5
45614,0,5
45620,1,6
45625,1,5
45631,1,6
45636,1,5
45641,1,5
45647,1,6
45652,1,5
45657,1,5
45663,1,6
45668,1,5
45673,1,5
45678,0,5
45684,1,6
45689,1,5
45695,1,6
45700,1,5
45705,1,5
45711,1,6
45716,1,5
45721,1,5
45727,1,6
45732,1,5
45737,1,5
45743,1,6
45748,1,5
45753,1,5
45759,1,6
45764,1,5
45769,1,5
45776,1,7
45781,1,5
45787,2,6
45792,1,5
45798,2,6
45803,1,5
45808,1,5
45814,1,6
45819,1,5
45825,1,6
45830,1,5
45836,2,6
45841,1,5
45846,1,5
45851,1,5
45856,1,5
45862,2,6
45867,1,5
45872,1,5
45878,1,6
45883,1,5
45889,1,6
45894,1,5
45901,2,7
45906,1,5
45912,2,6
45917,1,5
45923,2,6
45928,1,5
45933,1,5
45939,1,6
45944,1,5
45949,1,5
45954,1,5
45960,1,6
45965,1,5
45971,1,6
45976,1,5
45982,2,6
45987,1,5
45993,2,6
45998,1,5
46004,2,6
46009,1,5
46014,1,5
46019,1,5
46024,1,5
46030,1,6
46035,1,5
46041,1,6
46046,1,5
46051,1,5
46057,1,6
46062,1,5
46068,1,6
46073,1,5
46079,2,6
46084,1,5
46089,1,5
46095,1,6
46100,1,5
46105,1,5
46110,1,5
46116,1,6
46121,1,5
46127,1,6
46132,1,5
46138,2,6
46143,1,5
46148,1,5
46153,1,5
46159,2,6
46163,1,4
46169,1,6
46174,1,5
46180,1,6
46185,1,5
46191,1,6
46196,1,5
46201,1,5
46207,1,6
46212,1,5
46218,1,6
46223,1,5
46229,1,6
46234,1,5
46240,1,6
46245,1,5
46251,1,6
46256,1,5
46262,2,6
46267,1,5
46272,1,5
46279,1,7
46284,1,5
46289,1,5
46296,1,7
46301,1,5
46306,1,5
46312,1,6
46317,1,5
46322,1,5
46328,1,6
46333,1,5
46338,1,5
46345,1,7
46350,1,5
46355,0,5
46361,1,6
46366,1,5
46372,1,6
46377,1,5
46382,1,5
46389,1,7
46394,1,5
46399,1,5
46405,1,6
46410,1,5
46415,1,5
46422,1,7
46427,1,5
46432,1,5
46438,1,6
46443,1,5
46448,1,5
46454,1,6
46459,1,5
46464,1,5
46470,1,6
46475,1,5
46480,1,5
46486,1,6
46491,1,5
46496,1,5
46502,1,6
46507,1,5
46512,1,5
46518,1,6
46523,1,5
46529,1,6
46534,1,5
46539,1,5
46545,1,6
46550,1,5
46555,1,5
46561,1,6
46566,1,5
46571,1,5
46577,1,6
46582,1,5
46587,1,5
46593,1,6
46598,1,5
46603,1,5
46609,1,6
46614,1,5
46619,1,5
46625,1,6
46630,1,5
46635,1,5
46642,1,7
46647,1,5
46652,1,5
46659,1,7
46664,1,5
46669,1,5
46675,1,6
46680,1,5
46685,1,5
46692,1,7
46697,1,5
46702,1,5
46707,0,5
46713,1,6
46718,1,5
46723,1,5
46729,1,6
46734,1,5
46739,1,5
46745,1,6
46750,1,5
46755,1,5
46761,1,6
46766,1,5
46771,1,5
46776,1,5
46781,1,5
46787,1,6
46792,1,5
46797,1,5
46803,1,6
46808,1,5
46814,1,6
46819,1,5
46825,1,6
46830,1,5
46835,1,5
46841,1,6
46846,1,5
46852,1,6
46857,1,5
46863,1,6
46868,1,5
46874,2,6
46879,1,5
46884,1,5
46890,1,6
46895,1,5
46901,2,6
46906,1,5
46912,1,6
46917,1,5
46923,1,6
46928,1,5
46933,1,5
46939,1,6
46944,1,5
46950,2,6
46955,1,5
46960,1,5
46966,1,6
46971,1,5
46977,1,6
46982,1,5
46987,1,5
46993,1,6
46998,1,5
47004,1,6
47009,1,5
47015,1,6
47020,1,5
47026,1,6
47031,1,5
47037,1,6
47042,1,5
47047,1,5
47053,1,6
47058,1,5
47064,1,6
47069,1,5
47074,1,5
47080,1,6
47085,1,5
47091,1,6
47096,1,5
47102,2,6
47107,1,5
47113,1,6
47118,1,5
47123,1,5
47129,1,6
47134,1,5
47140,1,6
47145,1,5
47151,1,6
47157,2,6
47163,3,6
47168,2,5
47173,1,5
47178,1,5
47184,1,6
47189,1,5
47194,1,5
47200,1,6
47206,1,6
47212,1,6
47218,1,6
47223,1,5
47228,1,5
47234,1,6
47239,1,5
47245,1,6
47250,1,5
47256,2,6
47261,1,5
47266,1,5
47272,1,6
47277,1,5
47283,1,6
47288,1,5
47294,1,6
47299,1,5
47304,1,5
47310,1,6
47315,1,5
47321,1,6
47326,1,5
47332,2,6
47337,1,5
47342,1,5
47348,1,6
47353,1,5
47359,1,6
47364,1,5
47370,2,6
47375,1,5
47380,1,5
47386,1,6
47391,1,5
47397,1,6
47402,1,5
47408,2,6
47413,1,5
47418,1,5
47424,1,6
47429,1,5
47435,2,6
47440,1,5
47445,1,5
47450,1,5
47455,1,5
47461,1,6
47466,1,5
47472,2,6
47477,1,5
47482,1,5
47488,1,6
47495,3,7
47498,1,3
47504,1,6
47509,1,5
47515,2,6
47520,1,5
47526,2,6
47531,1,5
47536,1,5
47542,1,6
47547,1,5
47553,1,6
47558,1,5
47564,2,6
47569,1,5
47574,1,5
47580,1,6
47585,1,5
47591,1,6
47597,2,6
47601,1,4
47607,1,6
47612,1,5
47618,1,6
47623,1,5
47629,1,6
47634,1,5
47639,1,5
47645,1,6
47650,1,5
47656,1,6
47661,1,5
47667,2,6
47672,1,5
47677,1,5
47683,1,6
47689,2,6
47694,1,5
47700,1,6
47706,2,6
47710,1,4
47715,1,5
47721,1,6
47726,1,5
47732,1,6
47738,2,6
47742,1,4
47747,1,5
47752,1,5
47758,1,6
47764,2,6
47769,1,5
47774,1,5
47780,1,6
47785,1,5
47790,1,5
47794,0,4
47799,0,5
47805,1,6
47811,1,6
47816,1,5
47820,0,4
47826,1,6
47832,1,6
47837,1,5
47841,0,4
47847,1,6
47852,1,5
47856,0,4
47862,1,6
47868,1,6
47873,1,5
47877,0,4
47883,1,6
47889,1,6
47894,1,5
47898,0,4
47904,0,6
47910,1,6
47915,1,5
47919,0,4
47925,1,6
47931,1,6
47935,0,4
47941,0,6
47947,1,6
47952,1,5
47956,0,4
47962,1,6
47968,1,6
47972,0,4
47978,0,6
47984,1,6
47989,1,5
47993,0,4
47999,0,6
48005,1,6
48010,1,5
48014,0,4
48019,0,5
48025,1,6
48031,1,6
48035,0,4
48040,0,5
48046,0,6
48052,1,6
48056,0,4
48061,0,5
48067,1,6
48073,1,6
48078,1,5
48082,0,4
48088,1,6
48093,1,5
48097,0,4
48102,0,5
48108,1,6
48113,1,5
48117,0,4
48122,0,5
48128,1,6
48134,1,6
48140,1,6
48144,0,4
48149,0,5
48155,1,6
48161,1,6
48165,0,4
48171,0,6
48177,1,6
48182,1,5
48186,0,4
48192,1,6
48198,1,6
48202,0,4
48207,0,5
48213,0,6
48219,1,6
48224,1,5
48228,0,4
48234,1,6
48240,1,6
48244,0,4
48250,0,6
48256,1,6
48261,1,5
48265,0,4
48272,1,7
48277,1,5
48282,1,5
48288,1,6
48293,1,5
48299,1,6
48304,1,5
48310,2,6
48315,1,5
48320,1,5
48326,1,6
48331,1,5
48337,1,6
48342,1,5
48348,1,6
48353,1,5
48358,1,5
48364,1,6
48369,1,5
48375,1,6
48381,2,6
48385,1,4
48391,1,6
48396,1,5
48402,2,6
48407,1,5
48412,1,5
48418,1,6
48423,1,5
48429,1,6
48434,1,5
48440,2,6
48445,1,5
48451,1,6
48456,1,5
48462,2,6
48467,1,5
48472,1,5
48478,1,6
48483,1,5
48489,2,6
48494,1,5
48500,2,6
48505,1,5
48510,1,5
48516,1,6
48521,1,5
48527,1,6
48533,1,6
48539,2,6
48544,1,5
48549,1,5
48555,1,6
48560,1,5
48566,1,6
48571,1,5
48576,1,5
48582,1,6
48587,1,5
48593,1,6
48598,1,5
48603,1,5
48609,1,6
48614,1,5
48620,1,6
48625,1,5
48631,1,6
48636,1,5
48642,1,6
48647,1,5
48652,1,5
48658,1,6
48663,1,5
48669,1,6
48674,1,5
48680,1,6
48685,1,5
48690,1,5
48696,1,6
48701,1,5
48707,1,6
48712,1,5
48718,1,6
48724,2,6
48729,2,5
48733,1,4
48738,1,5
48744,1,6
48750,2,6
48756,2,6
48762,2,6
48768,2,6
48773,2,5
48777,1,4
48782,1,5
48788,1,6
48794,1,6
48800,2,6
48806,2,6
48812,2,6
48817,2,5
48821,1,4
48826,1,5
48832,1,6
48838,2,6
48844,2,6
48850,2,6
48855,2,5
48859,1,4
48864,1,5
48870,1,6
48876,2,6
48882,2,6
48888,2,6
48892,1,4
48898,1,6
48903,1,5
48908,1,5
48914,1,6
48919,1,5
48925,1,6
48930,1,5
48936,2,6
48941,1,5
48947,2,6
48953,2,6
48958,1,5
48963,1,5
48969,1,6
48974,1,5
48980,1,6
48985,1,5
48991,2,6
48996,1,5
49001,1,5
49007,1,6
49012,1,5
49018,1,6
49023,1,5
49029,1,6
49034,1,5
49040,1,6
49045,1,5
49051,2,6
49056,1,5
49062,1,6
49067,1,5
49073,1,6
49078,1,5
49083,1,5
49089,1,6
49094,1,5
49100,1,6
49105,1,5
49110,1,5
49116,1,6
49121,1,5
49126,1,5
49131,1,5
49137,1,6
49142,1,5
49147,1,5
49152,1,5
49158,1,6
49163,1,5
49169,2,6
49174,1,5
49179,1,5
49184,1,5
49189,1,5
49195,1,6
49201,2,6
49205,1,4
49211,1,6
49216,1,5
49221,1,5
49227,1,6
49232,1,5
49238,1,6
49243,1,5
49249,1,6
49254,1,5
49259,1,5
49264,1,5
49269,1,5
49275,1,6
49280,1,5
49285,1,5
49291,1,6
49296,1,5
49302,1,6
49307,1,5
49312,1,5
49318,1,6
49323,1,5
49329,1,6
49334,1,5
49339,1,5
49345,1,6
49350,1,5
49356,1,6
49361,1,5
49366,1,5
49372,1,6
49377,1,5
49383,1,6
49388,1,5
49393,1,5
49399,1,6
49404,1,5
49410,1,6
49415,1,5
49421,2,6
49426,1,5
49431,1,5
49437,1,6
49442,1,5
49448,2,6
49453,1,5
49458,1,5
49464,1,6
49469,1,5
49475,1,6
49480,1,5
49486,2,6
49491,1,5
49496,1,5
49502,1,6
49507,1,5
49513,1,6
49518,1,5
49524,2,6
49529,1,5
49534,1,5
49540,1,6
49545,1,5
49551,1,6
49556,1,5
49562,2,6
49567,1,5
49572,1,5
49578,1,6
49583,1,5
49589,2,6
49594,1,5
49599,1,5
49604,1,5
49609,1,5
49614,1,5
49620,1,6
49625,1,5
49631,1,6
49636,1,5
49642,2,6
49647,1,5
49652,1,5
49658,1,6
49663,1,5
49669,1,6
49674,1,5
49680,2,6
49685,1,5
49690,1,5
49696,1,6
49701,1,5
49707,1,6
49712,1,5
49718,2,6
49723,1,5
49728,1,5
49734,1,6
49739,1,5
49745,2,6
49750,1,5
49755,1,5
49761,1,6
49766,1,5
49772,2,6
49777,1,5
49783,2,6
49788,1,5
49793,1,5
49798,1,5
49803,1,5
49809,2,6
49814,1,5
49819,1,5
49825,1,6
49830,1,5
49836,2,6
49841,1,5
49846,1,5
49852,1,6
49857,1,5
49863,2,6
49868,1,5
49873,1,5
49878,1,5
49895,8,17
49895,3,0
49898,1,3
49904,2,6
49910,2,6
49915,2,5
49919,1,4
49925,1,6
49931,1,6
49937,2,6
49943,2,6
49949,2,6
49953,1,4
49958,1,5
49963,1,5
49969,1,6
49975,2,6
49981,2,6
49987,2,6
49991,1,4
49996,1,5
50002,1,6
50008,2,6
50014,2,6
50020,2,6
50025,1,5
50031,2,6
50036,1,5
50042,2,6
50048,2,6
50054,2,6
50058,1,4
50063,1,5
50069,1,6
50075,2,6
50081,2,6
50087,2,6
50091,1,4
50096,1,5
50101,1,5
50107,1,6
50112,1,5
50117,1,5
50123,2,6
50128,1,5
50133,1,5
50139,1,6
50144,1,5
50150,2,6
50155,1,5
50161,2,6
50166,1,5
50172,1,6
50177,1,5
50182,1,5
50188,1,6
50193,1,5
50199,1,6
50204,1,5
50209,1,5
50215,1,6
50220,1,5
50226,1,6
50231,1,5
50236,1,5
50242,1,6
50247,1,5
50253,1,6
50258,1,5
50264,2,6
50269,1,5
50274,1,5
50279,1,5
50284,1,5
50290,1,6
50295,1,5
50301,1,6
50306,1,5
50312,2,6
50317,1,5
50322,1,5
50328,1,6
50334,2,6
50340,2,6
50345,1,5
50350,1,5
50356,1,6
50361,1,5
50367,1,6
50372,1,5
50378,2,6
50383,1,5
50388,1,5
50394,1,6
50399,1,5
50404,1,5
50409,1,5
50415,1,6
50420,1,5
50426,2,6
50431,1,5
50436,1,5
50442,1,6
50447,1,5
50453,1,6
50458,1,5
50464,2,6
50469,1,5
50474,1,5
50480,1,6
50485,1,5
50491,1,6
50496,1,5
50501,1,5
50507,1,6
50513,1,6
50518,1,5
50524,2,6
50529,1,5
50535,2,6
50540,1,5
50546,2,6
50551,1,5
50556,1,5
50562,1,6
50567,1,5
50572,1,5
50577,1,5
50583,1,6
50588,1,5
50594,1,6
50599,1,5
50605,1,6
50610,1,5
50616,2,6
50621,1,5
50627,1,6
50633,2,6
50638,1,5
50643,1,5
50649,2,6
50654,1,5
50660,1,6
50666,2,6
50670,1,4
50676,1,6
50682,2,6
50687,2,5
50691,1,4
50697,2,6
50702,1,5
50707,1,5
50713,1,6
50718,1,5
50723,1,5
50728,1,5
50733,1,5
50739,1,6
50744,1,5
50750,2,6
50755,1,5
50760,1,5
50766,1,6
50771,1,5
50776,1,5
50780,0,4
50785,0,5
50791,1,6
50796,1,5
50800,0,4
50806,1,6
50811,1,5
50815,0,4
50821,1,6
50826,1,5
50830,0,4
50836,1,6
50842,1,6
50846,0,4
50852,0,6
50858,1,6
50862,0,4
50868,0,6
50874,1,6
50878,0,4
50884,0,6
50890,1,6
50895,1,5
50899,0,4
50905,1,6
50911,1,6
50915,0,4
50921,1,6
50927,1,6
50931,0,4
50937,1,6
50942,1,5
50946,0,4
50952,1,6
50958,1,6
50962,0,4
50967,0,5
50973,1,6
50978,1,5
50982,0,4
50988,1,6
50994,1,6
50998,0,4
51004,0,6
51010,1,6
51014,0,4
51020,0,6
51026,1,6
51030,0,4
51036,0,6
51042,1,6
51047,1,5
51051,0,4
51057,0,6
51063,1,6
51068,1,5
51072,0,4
51078,1,6
51083,1,5
51087,0,4
51093,1,6
51099,1,6
51103,0,4
51109,0,6
51115,1,6
51120,1,5
51124,0,4
51130,1,6
51135,1,5
51139,0,4
51145,1,6
51150,1,5
51154,0,4
51160,1,6
51166,1,6
51170,0,4
51176,1,6
51182,1,6
51186,0,4
51192,0,6
51198,1,6
51203,0,5
51209,1,6
51213,0,4
51219,0,6
51225,1,6
51230,1,5
51234,0,4
51240,1,6
51246,1,6
51250,0,4
51256,0,6
51262,1,6
51267,1,5
51272,1,5
51277,1,5
51283,1,6
51288,1,5
51294,1,6
51300,2,6
51305,1,5
51310,1,5
51315,1,5
51320,1,5
51326,1,6
51332,2,6
51337,1,5
51343,2,6
51348,1,5
51354,1,6
51359,1,5
51364,1,5
51369,1,5
51375,1,6
51381,1,6
51386,1,5
51392,2,6
51397,1,5
51403,1,6
51408,1,5
51413,1,5
51418,1,5
51424,1,6
51430,2,6
51435,1,5
51441,2,6
51446,1,5
51452,1,6
51458,2,6
51462,1,4
51468,2,6
51473,1,5
51478,1,5
51483,1,5
51489,1,6
51495,1,6
51500,1,5
51506,2,6
51511,1,5
51516,1,5
51521,1,5
51526,1,5
51532,1,6
51537,1,5
51542,1,5
51548,1,6
51553,1,5
51559,1,6
51564,1,5
51570,1,6
51575,1,5
51581,1,6
51586,1,5
51592,2,6
51597,1,5
51603,2,6
51608,1,5
51613,1,5
51619,1,6
51624,1,5
51630,1,6
51635,1,5
51641,1,6
51646,1,5
51652,2,6
51657,1,5
51662,1,5
51668,1,6
51673,1,5
51679,1,6
51684,1,5
51690,2,6
51695,1,5
51701,2,6
51707,2,6
51712,1,5
51718,1,6
51723,1,5
51729,1,6
51734,1,5
51740,1,6
51745,1,5
51751,1,6
51756,1,5
51762,2,6
51767,1,5
51772,1,5
51777,1,5
51782,1,5
51788,2,6
51793,1,5
51799,2,6
51804,1,5
51810,2,6
51815,1,5
51821,2,6
51826,1,5
51831,1,5
51836,1,5
51841,1,5
51847,1,6
51852,1,5
51858,2,6
51863,1,5
51868,1,5
51873,1,5
51878,1,5
51884,1,6
51889,1,5
51895,1,6
51900,1,5
51905,1,5
51911,1,6
51916,1,5
51921,1,5
51926,1,5
51932,1,6
51937,1,5
51943,1,6
51948,1,5
51954,1,6
51959,1,5
51965,1,6
51970,1,5
51975,1,5
51981,2,6
51986,1,5
51992,2,6
51997,1,5
52003,2,6
52008,1,5
52013,1,5
52019,1,6
52024,1,5
52030,1,6
52035,1,5
52040,1,5
52046,1,6
52051,1,5
52057,1,6
52062,1,5
52068,1,6
52073,1,5
52078,1,5
52084,1,6
52089,1,5
52094,1,5
52099,1,5
52105,1,6
52110,1,5
52116,1,6
52121,1,5
52127,1,6
52132,1,5
52137,1,5
52142,1,5
52147,1,5
52152,1,5
52158,1,6
52163,1,5
52169,1,6
52174,1,5
52180,1,6
52185,1,5
52191,2,6
52196,1,5
52201,1,5
52207,1,6
52212,1,5
52218,1,6
52223,1,5
52229,1,6
52235,2,6
52240,1,5
52246,1,6
52251,1,5
52257,1,6
52262,1,5
52268,1,6
52273,1,5
52277,0,4
52283,0,6
52289,1,6
52294,1,5
52299,1,5
52303,0,4
52309,0,6
52315,1,6
52321,1,6
52326,1,5
52330,0,4
52336,0,6
52342,1,6
52347,1,5
52351,0,4
52357,0,6
52363,1,6
52369,1,6
52374,1,5
52378,0,4
52383,0,5
52389,1,6
52395,1,6
52401,1,6
52406,1,5
52410,0,4
52416,0,6
52422,1,6
52427,1,5
52431,0,4
52437,1,6
52443,1,6
52447,0,4
52453,1,6
52459,1,6
52463,0,4
52468,0,5
52474,1,6
52479,1,5
52483,0,4
52489,1,6
52499,0,10
52504,0,5
52509,0,5
52515,1,6
52520,1,5
52524,0,4
52529,0,5
52534,0,5
52540,1,6
52545,1,5
52549,0,4
52554,0,5
52560,1,6
52565,1,5
52570,0,5
52575,0,5
52581,1,6
52586,1,5
52591,0,5
52596,0,5
52602,1,6
52607,1,5
52612,0,5
52618,1,6
52623,1,5
52628,0,5
52634,1,6
52639,0,5
52644,0,5
52650,1,6
52654,0,4
52660,0,6
52666,1,6
52670,0,4
52675,0,5
52681,1,6
52686,1,5
52690,0,4
52696,0,6
52702,0,6
52708,1,6
52712,0,4
52718,0,6
52724,1,6
52728,0,4
52734,0,6
52740,1,6
52744,0,4
52750,1,6
52756,1,6
52760,0,4
52766,1,6
52773,2,7
52777,1,4
52782,1,5
52787,1,5
52792,1,5
52798,2,6
52803,1,5
52809,2,6
52814,1,5
52819,1,5
52824,1,5
52829,1,5
52835,1,6
52840,1,5
52845,1,5
52850,1,5
52856,1,6
52861,1,5
52867,2,6
52872,1,5
52877,1,5
52882,1,5
52887,1,5
52893,1,6
52898,1,5
52904,2,6
52909,1,5
52914,1,5
52920,1,6
52925,1,5
52930,0,5
52936,1,6
52941,1,5
52947,1,6
52952,1,5
52958,1,6
52963,1,5
52969,1,6
52974,1,5
52979,1,5
52984,1,5
52990,2,6
52995,1,5
53001,2,6
53006,1,5
53011,1,5
53016,0,5
53022,1,6
53028,2,6
53032,1,4
53037,1,5
53043,1,6
53048,1,5
53053,1,5
53059,1,6
53064,1,5
53070,1,6
53075,1,5
53081,1,6
53086,1,5
53091,1,5
53097,1,6
53102,1,5
53108,1,6
53113,1,5
53119,1,6
53124,1,5
53130,2,6
53135,1,5
53140,1,5
53146,1,6
53152,2,6
53157,1,5
53163,2,6
53168,1,5
53173,1,5
53179,1,6
53184,1,5
53190,1,6
53195,1,5
53201,1,6
53206,1,5
53212,1,6
53217,1,5
53223,2,6
53228,1,5
53234,2,6
53240,2,6
53245,1,5
53250,1,5
53255,1,5
53260,1,5
53265,1,5
53270,1,5
53275,1,5
53279,0,4
53285,1,6
53291,1,6
53295,0,4
53300,0,5
53306,1,6
53311,1,5
53315,0,4
53321,1,6
53326,1,5
53330,0,4
53336,1,6
53341,1,5
53345,0,4
53351,1,6
53356,0,5
53361,0,5
53367,1,6
53371,0,4
53376,0,5
53382,1,6
53386,0,4
53391,0,5
53397,1,6
53401,0,4
53407,0,6
53413,1,6
53417,0,4
53423,1,6
53429,1,6
53433,0,4
53439,1,6
