time (ms)
0
14
20
27
34
40
47
53
60
68
75
81
88
94
104
111
118
124
131
139
146
152
158
164
171
177
184
191
198
207
214
223
230
237
244
251
257
263
270
277
284
291
298
304
311
319
327
333
341
348
355
362
369
376
383
390
396
404
411
418
425
432
438
445
451
458
465
471
478
484
490
497
503
510
516
522
528
534
540
546
553
559
567
574
582
589
595
602
608
614
621
627
633
640
647
653
659
665
671
678
684
690
696
702
709
715
721
728
734
741
747
754
762
769
777
784
791
797
803
809
816
822
828
835
841
847
854
860
867
873
879
885
891
896
901
906
912
917
922
928
933
938
943
949
955
960
965
971
976
982
987
993
998
1005
1011
1018
1026
1033
1041
1047
1054
1061
1067
1074
1080
1087
1093
1100
1106
1115
1121
1127
1136
1142
1148
1154
1161
1167
1174
1180
1186
1192
1200
1206
1212
1219
1226
1234
1240
1247
1253
1266
1273
1279
1284
1290
1296
1302
1308
1314
1320
1326
1332
1338
1345
1351
1357
1363
1369
1375
1381
1389
1395
1401
1408
1414
1420
1426
1437
1443
1449
1455
1461
1470
1476
1482
1489
1495
1500
1506
1512
1518
1524
1530
1536
1542
1550
1557
1563
1570
1577
1583
1589
1596
1604
1611
1618
1624
1632
1641
1648
1657
1664
1672
1678
1685
1692
1698
1703
1709
1716
1722
1728
1734
1741
1747
1753
1759
1766
1772
1778
1784
1790
1795
1802
1809
1817
1823
1830
1837
1843
1850
1856
1862
1869
1875
1882
1888
1894
1901
1907
1913
1919
1925
1931
1937
1943
1953
1959
1966
1973
1982
1989
1996
2002
2008
2014
2021
2027
2033
2039
2045
2052
2058
2064
2070
2077
2083
2089
2102
2108
2115
2121
2127
2133
2144
2150
2156
2162
2172
2178
2185
2191
2197
2203
2209
2215
2221
2227
2233
2239
2245
2252
2258
2265
2271
2277
2284
2290
2296
2303
2309
2316
2322
2328
2335
2341
2347
2353
2359
2365
2371
2377
2383
2389
2396
2402
2408
2414
2420
2426
2434
2440
2446
2452
2458
2464
2473
2481
2490
2500
2507
2513
2539
2553
2561
2567
2573
2579
2585
2591
2596
2602
2608
2614
2620
2627
2633
2639
2645
2651
2657
2663
2669
2675
2681
2687
2693
2699
2706
2712
2717
2723
2729
2735
2741
2747
2753
2759
2765
2774
2780
2785
2790
2796
2801
2808
2814
2820
2826
2831
2837
2843
2849
2855
2862
2868
2873
2879
2885
2890
2896
2902
2908
2914
2920
2925
2931
2937
2943
2948
2954
2960
2966
2972
2978
2983
2989
2995
3000
3006
3012
3018
3024
3030
3035
3041
3049
3055
3061
3067
3073
3079
3085
3091
3097
3103
3109
3115
3121
3126
3133
3139
3145
3151
3161
3167
3173
3179
3185
3191
3197
3203
3209
3214
3220
3226
3232
3237
3243
3249
3254
3260
3266
3271
3279
3288
3293
3301
3307
3315
3326
3332
3338
3344
3349
3355
3361
3367
3373
3378
3384
3390
3396
3401
3409
3415
3421
3427
3432
3438
3444
3449
3455
3461
3467
3473
3479
3485
3491
3497
3503
3509
3521
3527
3532
3538
3543
3549
3558
3564
3570
3577
3583
3590
3596
3602
3607
3613
3619
3624
3630
3636
3642
3648
3654
3659
3665
3671
3677
3683
3689
3695
3702
3708
3715
3721
3727
3734
3741
3747
3753
3759
3764
3770
3776
3783
3789
3794
3800
3806
3812
3818
3824
3829
3835
3841
3847
3853
3859
3865
3877
3883
3889
3895
3900
3906
3912
3918
3924
3929
3935
3941
3947
3952
3958
3964
3970
3976
3982
3988
3995
4005
4012
4018
4024
4030
4036
4042
4048
4054
4060
4066
4072
4078
4084
4091
4097
4104
4111
4121
4127
4133
4139
4145
4152
4158
4165
4172
4178
4184
4190
4197
4203
4209
4215
4221
4227
4236
4242
4248
4254
4259
4265
4271
4277
4290
4295
4301
4307
4313
4318
4325
4330
4338
4344
4350
4356
4362
4368
4374
4380
4386
4392
4398
4403
4409
4415
4422
4428
4434
4440
4445
4451
4457
4463
4469
4475
4481
4486
4493
4498
4510
4515
4522
4528
4534
4539
4545
4551
4556
4562
4573
4579
4585
4591
4597
4603
4610
4616
4622
4628
4634
4640
4646
4653
4659
4666
4672
4678
4685
4691
4697
4702
4709
4715
4722
4728
4734
4740
4746
4751
4757
4763
4769
4774
4780
4786
4791
4797
4803
4808
4814
4820
4826
4831
4837
4843
4849
4855
4861
4866
4872
4878
4883
4889
4895
4901
4909
4915
4922
4928
4934
4940
4946
4952
4958
4964
4970
4976
4982
4988
4994
5001
5007
5013
5019
5025
5031
5038
5044
5050
5056
5062
5068
5074
5080
5086
5092
5098
5104
5110
5116
5122
5128
5135
5141
5153
5159
5165
5171
5177
5183
5189
5194
5200
5207
5213
5219
5224
5230
5236
5242
5247
5253
5259
5265
5271
5277
5283
5289
5295
5301
5308
5314
5322
5328
5334
5340
5346
5352
5358
5364
5370
5376
5382
5388
5394
5399
5405
5417
5423
5429
5436
5441
5448
5454
5460
5467
5473
5479
5485
5491
5497
5504
5510
5516
5523
5529
5535
5541
5547
5553
5560
5566
5572
5578
5584
5590
5597
5603
5609
5615
5621
5627
5633
5639
5644
5650
5656
5663
5669
5675
5681
5687
5693
5699
5705
5711
5717
5722
5728
5737
5743
5749
5754
5760
5766
5772
5777
5783
5789
5795
5800
5807
5813
5819
5825
5831
5837
5843
5849
5855
5861
5867
5873
5879
5885
5892
5905
5911
5917
5923
5929
5935
5941
5947
5953
5959
5965
5971
5977
5982
5988
5994
6001
6007
6013
6019
6025
6031
6037
6043
6049
6056
6062
6068
6074
6080
6086
6092
6098
6110
6116
6122
6128
6134
6139
6145
6151
6157
6164
6170
6176
6182
6188
6194
6201
6213
6219
6225
6231
6238
6244
6249
6256
6262
6268
6275
6281
6287
6294
6300
6306
6312
6318
6324
6331
6337
6343
6349
6355
6362
6368
6374
6380
6387
6392
6398
6404
6410
6416
6422
6428
6433
6439
6445
6450
6456
6463
6469
6475
6481
6487
6493
6500
6506
6512
6518
6526
6532
6538
6545
6551
6556
6562
6568
6573
6579
6585
6591
6596
6602
6608
6613
6619
6625
6631
6637
6642
6649
6655
6661
6668
6674
6681
6688
6695
6701
6707
6713
6723
6729
6735
6741
6747
6753
6759
6764
6770
6776
6782
6788
6794
6805
6811
6818
6824
6830
6836
6841
6847
6853
6859
6865
6871
6878
6884
6889
6895
6901
6906
6912
6918
6924
6929
6935
6941
6946
6954
6960
6966
6971
6977
6983
6988
6994
6999
7005
7011
7016
7023
7028
7034
7040
7046
7052
7057
7063
7069
7079
7085
7090
7096
7102
7107
7113
7119
7125
7131
7136
7142
7148
7154
7160
7166
7172
7178
7184
7190
7196
7202
7209
7215
7222
7228
7234
7240
7246
7252
7258
7265
7271
7281
7287
7293
7299
7305
7311
7317
7323
7329
7334
7340
7346
7352
7357
7363
7369
7376
7382
7388
7394
7400
7406
7412
7418
7424
7430
7436
7442
7448
7454
7461
7466
7472
7478
7484
7491
7498
7504
7510
7516
7521
7527
7533
7539
7545
7550
7556
7562
7568
7574
7580
7586
7591
7597
7603
7609
7615
7620
7626
7633
7639
7645
7651
7657
7663
7669
7676
7682
7688
7694
7701
7707
7713
7719
7725
7730
7736
7745
7752
7757
7764
7770
7776
7782
7793
7798
7803
7809
7814
7819
7825
7830
7835
7841
7846
7851
7856
7862
7867
7872
7878
7883
7888
7893
7899
7904
7909
7915
7920
7925
7931
7936
7942
7948
7953
7959
7965
7971
7977
7983
7990
7996
8003
8009
8016
8023
8029
8036
8042
8053
8059
8066
8072
8079
8086
8092
8099
8105
8112
8119
8126
8132
8138
8145
8151
8157
8163
8170
8176
8183
8190
8196
8202
8209
8216
8222
8228
8234
8244
8250
8256
8262
8268
8274
8285
8292
8299
8306
8312
8318
8325
8331
8337
8343
8349
8356
8362
8369
8375
8382
8388
8395
8405
8412
8418
8425
8431
8438
8444
8451
8457
8465
8471
8477
8483
8489
8496
8501
8507
8513
8519
8525
8532
8538
8544
8550
8556
8562
8569
8575
8582
8588
8594
8601
8607
8613
8619
8624
8630
8636
8643
8649
8655
8661
8667
8674
8680
8686
8693
8699
8705
8711
8717
8723
8729
8735
8741
8747
8753
8759
8766
8772
8779
8785
8791
8797
8803
8811
8818
8824
8830
8836
8842
8848
8855
8862
8868
8875
8882
8888
8894
8901
8907
8914
8920
8926
8937
8943
8949
8955
8962
8968
8975
8981
8987
8993
8998
9004
9010
9016
9022
9029
9035
9041
9046
9052
9058
9063
9069
9075
9081
9086
9092
9098
9103
9109
9115
9120
9126
9132
9137
9143
9149
9154
9160
9167
9172
9178
9184
9189
9195
9201
9207
9214
9221
9227
9234
9241
9247
9254
9260
9267
9273
9280
9286
9293
9299
9306
9312
9319
9326
9333
9339
9346
9353
9359
9366
9372
9378
9385
9391
9398
9404
9410
9416
9422
9428
9433
9439
9445
9450
9457
9463
9469
9475
9482
9488
9494
9500
9506
9512
9518
9524
9530
9536
9542
9548
9554
9560
9566
9571
9577
9583
9589
9594
9600
9606
9615
9621
9630
9637
9643
9649
9657
9663
9670
9676
9683
9689
9696
9702
9709
9715
9721
9727
9733
9739
9745
9750
9757
9763
9769
9775
9781
9788
9794
9800
9806
9812
9819
9825
9832
9838
9844
9855
9862
9869
9875
9882
9888
9894
9901
9907
9914
9921
9927
9933
9940
9947
9953
9960
9968
9974
9980
9987
9993
9999
10005
10011
10018
10024
10030
10036
10042
10048
10053
10059
10066
10072
10078
10089
10095
10101
10107
10113
10119
10125
10132
10138
10144
10149
10155
10161
10167
10173
10179
10185
10191
10197
10203
10209
10215
10221
10227
10233
10239
10245
10250
10256
10262
10268
10273
10279
10288
10294
10301
10307
10314
10320
10326
10332
10338
10344
10350
10356
10362
10368
10374
10380
10386
10392
10398
10404
10409
10415
10421
10427
10433
10439
10445
10451
10457
10463
10469
10475
10481
10487
10492
10498
10504
10510
10516
10522
10528
10534
10541
10547
10553
10560
10566
10573
10579
10585
10592
10599
10605
10611
10617
10623
10629
10635
10642
10648
10655
10661
10667
10674
10680
10688
10694
10700
10706
10712
10718
10725
10731
10737
10748
10755
10761
10767
10773
10779
10785
10791
10797
10804
10810
10816
10822
10828
10835
10841
10847
10853
10859
10865
10871
10877
10883
10889
10895
10901
10907
10914
10921
10927
10934
10940
10946
10952
10959
10965
10976
10981
10986
10992
10997
11002
11007
11013
11018
11036
11044
11056
11061
11072
11080
11087
11092
11098
11104
11110
11116
11122
11128
11134
11140
11146
11152
11158
11164
11171
11177
11183
11189
11195
11201
11207
11214
11219
11229
11235
11242
11249
11255
11264
11270
11276
11284
11290
11295
11301
11307
11313
11319
11325
11331
11336
11342
11348
11354
11359
11365
11371
11377
11382
11388
11394
11400
11406
11412
11417
11423
11429
11434
11440
11446
11451
11457
11463
11469
11475
11481
11487
11493
11499
11505
11511
11517
11529
11535
11541
11547
11553
11559
11565
11570
11576
11582
11587
11593
11599
11605
11611
11617
11623
11629
11634
11640
11646
11652
11658
11664
11670
11676
11681
11689
11695
11700
11706
11713
11719
11726
11732
11737
11743
11749
11755
11761
11767
11773
11779
11785
11791
11796
11802
11808
11815
11821
11827
11833
11838
11844
11850
11857
11863
11869
11875
11881
11887
11893
11900
11905
11911
11917
11923
11929
11935
11941
11947
11953
11959
11965
11971
11977
11983
11990
11996
12002
12008
12014
12021
12027
12034
12041
12047
12053
12059
12065
12071
12077
12083
12089
12095
12101
12107
12112
12118
12124
12130
12136
12142
12148
12154
12160
12166
12172
12178
12184
12191
12198
12204
12210
12218
12225
12232
12237
12243
12249
12254
12260
12266
12272
12278
12285
12291
12296
12302
12308
12313
12319
12325
12330
12336
12342
12348
12354
12360
12365
12372
12378
12384
12390
12396
12402
12408
12415
12421
12427
12433
12439
12445
12452
12458
12464
12470
12475
12481
12487
12493
12499
12505
12511
12517
12523
12528
12534
12540
12546
12551
12557
12563
12569
12575
12581
12586
12592
12597
12603
12609
12615
12621
12626
12632
12638
12644
12649
12655
12661
12667
12672
12678
12684
12690
12695
12701
12707
12713
12719
12724
12730
12736
12741
12747
12753
12759
12766
12772
12778
12785
12791
12797
12803
12809
12814
12819
12824
12830
12839
12844
12850
12855
12860
12866
12871
12877
12882
12888
12893
12898
12904
12909
12914
12920
12925
12931
12937
12943
12949
12955
12961
12967
12973
12979
12985
12991
12998
13004
13009
13015
13021
13028
13033
13039
13046
13051
13059
13066
13074
13081
13089
13097
13103
13109
13116
13122
13128
13134
13141
13146
13152
13158
13164
13175
13182
13188
13194
13201
13208
13214
13219
13226
13233
13239
13245
13251
13257
13263
13269
13276
13282
13288
13294
13300
13306
13311
13317
13323
13334
13340
13347
13353
13358
13364
13370
13375
13381
13387
13392
13398
13404
13410
13416
13422
13428
13434
13440
13445
13451
13457
13465
13472
13480
13487
13494
13501
13509
13516
13523
13530
13538
13546
13553
13560
13566
13571
13577
13583
13589
13595
13605
13611
13617
13623
13629
13635
13641
13647
13653
13659
13665
13671
13677
13683
13689
13695
13701
13706
13712
13718
13724
13730
13736
13742
13748
13754
13760
13765
13771
13777
13783
13789
13795
13802
13808
13814
13820
13826
13832
13837
13843
13849
13855
13860
13866
13872
13878
13884
13890
13896
13902
13908
13914
13920
13926
13934
13940
13948
13955
13962
13969
13976
13982
13988
13995
14001
14008
14014
14020
14026
14032
14039
14045
14051
14057
14064
14070
14076
14082
14088
14094
14100
14106
14112
14118
14124
14130
14136
14142
14148
14154
14159
14165
14171
14177
14183
14189
14195
14201
14208
14214
14220
14225
14231
14237
14243
14249
14255
14261
14267
14274
14280
14286
14292
14298
14304
14310
14316
14322
14328
14334
14340
14346
14352
14358
14364
14370
14376
14382
14389
14395
14401
14407
14414
14420
14426
14432
14438
14444
14450
14456
14462
14468
14474
14480
14486
14491
14497
14503
14509
14515
14521
14527
14532
14538
14544
14550
14555
14561
14567
14573
14578
14584
14590
14596
14603
14608
14614
14620
14626
14632
14638
14644
14649
14655
14661
14667
14673
14679
14684
14690
14696
14701
14707
14714
14720
14726
14732
14738
14743
14750
14756
14762
14768
14774
14780
14786
14792
14798
14804
14809
14816
14821
14827
14833
14839
14845
14851
14856
14863
14869
14875
14881
14887
14893
14898
14904
14910
14916
14922
14928
14934
14940
14946
14952
14958
14964
14970
14976
14982
14989
14995
15001
15007
15013
15019
15025
15031
15037
15043
15049
15055
15061
15067
15074
15080
15086
15091
15097
15103
15109
15115
15122
15128
15134
15140
15146
15152
15158
15164
15170
15176
15182
15189
15195
15201
15207
15213
15219
15225
15233
15239
15245
15251
15256
15262
15268
15274
15280
15285
15291
15297
15303
15309
15315
15321
15327
15333
15339
15345
15351
15357
15363
15369
15376
15382
15387
15393
15399
15405
15411
15417
15423
15429
15435
15441
15446
15452
15458
15464
15473
15479
15485
15491
15497
15503
15509
15515
15521
15527
15533
15539
15545
15551
15557
15563
15569
15575
15581
15587
15593
15599
15605
15611
15618
15624
15630
15636
15642
15648
15654
15661
15667
15673
15679
15685
15691
15697
15703
15710
15715
15722
15728
15735
15743
15749
15755
15761
15767
15773
15779
15785
15791
15797
15803
15809
15815
15821
15827
15834
15839
15845
15851
15857
15863
15869
15875
15881
15887
15893
15899
15905
15912
15918
15924
15937
15945
15951
15957
15963
15969
15976
15982
15990
15996
16002
16008
16014
16020
16026
16033
16039
16045
16051
16056
16062
16068
16074
16080
16086
16093
16099
16104
16110
16116
16121
16127
16133
16139
16144
16150
16156
16162
16168
16174
16180
16186
16192
16198
16205
16211
16217
16223
16229
16241
16247
16254
16260
16266
16272
16278
16284
16290
16296
16302
16308
16316
16324
16331
16337
16343
16349
16354
16360
16366
16372
16381
16387
16392
16398
16404
16410
16415
16421
16427
16433
16438
16444
16450
16456
16462
16468
16473
16479
16485
16490
16496
16502
16507
16513
16519
16524
16532
16538
16544
16550
16555
16561
16567
16573
16579
16585
16591
16597
16603
16609
16615
16621
16627
16633
16638
16644
16650
16656
16662
16674
16680
16686
16692
16698
16704
16712
16718
16724
16733
16739
16745
16752
16761
16773
16780
16787
16794
16800
16807
16814
16821
16828
16834
16841
16847
16854
16861
16867
16874
16881
16888
16894
16900
16907
16913
16920
16927
16934
16941
16947
16954
16961
16967
16974
16981
16987
16994
17000
17007
17014
17021
17028
17035
17041
17047
17053
17059
17065
17071
17077
17083
17089
17096
17102
17108
17114
17120
17130
17136
17142
17148
17161
17167
17173
17179
17185
17193
17199
17205
17211
17217
17222
17228
17235
17241
17248
17254
17261
17267
17274
17280
17286
17292
17298
17304
17310
17316
17322
17328
17334
17340
17345
17351
17358
17365
17373
17380
17386
17393
17402
17409
17416
17423
17430
17438
17444
17453
17461
17468
17474
17480
17486
17492
17498
17504
17510
17516
17522
17528
17535
17541
17547
17554
17560
17566
17581
17587
17592
17598
17604
17610
17616
17622
17629
17634
17641
17647
17654
17660
17666
17672
17678
17684
17690
17696
17702
17709
17715
17721
17727
17733
17739
17745
17750
17756
17762
17768
17774
17780
17786
17792
17798
17804
17810
17820
17825
17830
17835
17841
17846
17851
17856
17861
17867
17872
17877
17882
17887
17893
17898
17903
17909
17914
17919
17924
17930
17935
17940
17946
17951
17956
17962
17967
17972
17978
17983
17988
17994
17999
18004
18010
18015
18020
18025
18031
18036
18041
18047
18052
18057
18062
18068
18074
18079
18084
18090
18095
18100
18106
18111
18117
18122
18128
18134
18140
18146
18151
18157
18163
18169
18174
18180
18185
18191
18197
18203
18209
18215
18221
18227
18233
18239
18245
18250
18256
18262
18268
18275
18281
18287
18293
18299
18305
18311
18318
18324
18330
18337
18343
18349
18355
18361
18367
18373
18379
18385
18391
18397
18403
18409
18415
18421
18428
18434
18440
18446
18452
18458
18465
18471
18477
18483
18490
18498
18504
18510
18516
18522
18528
18534
18541
18547
18553
18559
18565
18571
18578
18584
18591
18597
18610
18617
18623
18628
18634
18640
18646
18651
18657
18663
18669
18675
18681
18687
18693
18699
18705
18711
18717
18723
18729
18735
18741
18747
18753
18759
18765
18770
18777
18782
18788
18794
18800
18805
18811
18817
18823
18829
18835
18841
18847
18853
18859
18865
18871
18877
18883
18888
18894
18900
18906
18912
18918
18924
18930
18936
18942
18948
18955
18961
18967
18973
18978
18984
18990
18996
19002
19008
19015
19021
19027
19033
19039
19045
19054
19062
19068
19074
19080
19086
19093
19099
19105
19112
19118
19124
19130
19136
19142
19148
19154
19159
19165
19171
19177
19182
19188
19194
19200
19205
19211
19217
19222
19228
19234
19239
19245
19251
19257
19264
19270
19276
19282
19288
19295
19300
19307
19315
19321
19327
19333
19338
19344
19350
19356
19362
19368
19373
19379
19385
19390
19396
19401
19407
19413
19419
19426
19431
19437
19443
19449
19454
19460
19466
19472
19478
19483
19489
19495
19501
19508
19515
19521
19527
19534
19540
19546
19553
19559
19566
19572
19578
19584
19590
19596
19602
19607
19613
19619
19625
19631
19637
19642
19648
19654
19659
19665
19671
19677
19682
19688
19694
19700
19705
19711
19717
19722
19728
19734
19740
19746
19752
19757
19763
19768
19774
19780
19785
19791
19797
19802
19808
19813
19819
19825
19830
19836
19841
19847
19852
19859
19865
19871
19876
19883
19888
19894
19899
19905
19911
19916
19922
19928
19933
19939
19945
19951
19956
19962
19968
19974
19980
19986
19992
19998
20004
20010
20016
20022
20028
20034
20040
20046
20052
20058
20064
20070
20075
20081
20087
20093
20100
20105
20111
20117
20123
20128
20134
20140
20145
20153
20159
20165
20171
20177
20183
20188
20194
20200
20205
20211
20217
20223
20237
20243
20249
20255
20261
20266
20272
20278
20284
20290
20296
20302
20308
20314
20320
20327
20334
20340
20346
20352
20358
20364
20370
20376
20382
20388
20395
20401
20407
20413
20419
20425
20431
20437
20443
20449
20455
20461
20466
20472
20478
20484
20491
20497
20503
20509
20515
20523
20529
20535
20542
20548
20555
20561
20567
20573
20579
20584
20590
20596
20602
20608
20614
20620
20633
20639
20645
20651
20658
20663
20670
20676
20682
20688
20694
20700
20706
20711
20717
20723
20729
20735
20741
20747
20754
20760
20766
20773
20780
20786
20792
20799
20805
20811
20818
20824
20830
20836
20842
20848
20854
20859
20866
20872
20879
20885
20891
20896
20902
20908
20914
20920
20926
20932
20940
20946
20953
20958
20964
20970
20978
20983
20989
20995
21001
21008
21014
21020
21029
21036
21042
21048
21055
21061
21067
21074
21080
21088
21093
21098
21104
21109
21114
21119
21125
21130
21135
21140
21145
21151
21156
21161
21166
21172
21177
21182
21188
21193
21199
21204
21210
21215
21226
21235
21241
21247
21253
21259
21265
21271
21277
21284
21290
21296
21301
21308
21313
21319
21325
21331
21337
21343
21349
21355
21361
21367
21373
21379
21384
21390
21396
21402
21408
21414
21420
21426
21432
21438
21444
21450
21456
21462
21467
21473
21479
21485
21491
21498
21503
21509
21515
21521
21526
21532
21537
21543
21549
21555
21560
21566
21572
21579
21585
21591
21597
21603
21609
21615
21621
21626
21632
21638
21644
21650
21655
21661
21667
21673
21679
21685
21690
21696
21703
21709
21715
21721
21727
21733
21738
21744
21750
21756
21762
21768
21774
21780
21787
21793
21799
21807
21813
21820
21826
21832
21838
21844
21850
21856
21862
21868
21874
21880
21886
21893
21899
21905
21912
21918
21924
21930
21936
21942
21948
21954
21959
21965
21971
21977
21983
21989
21995
22001
22007
22014
22020
22026
22032
22038
22043
22049
22055
22061
22067
22073
22079
22085
22091
22097
22103
22109
22115
22121
22127
22133
22139
22145
22150
22157
22163
22169
22175
22181
22187
22193
22199
22205
22211
22217
22223
22229
22235
22241
22247
22253
22259
22265
22271
22277
22283
22289
22294
22300
22306
22312
22318
22324
22330
22336
22342
22348
22353
22359
22366
22372
22378
22384
22390
22395
22401
22407
22413
22419
22425
22431
22438
22444
22450
22457
22463
22469
22475
22481
22487
22493
22499
22505
22511
22517
22523
22529
22535
22541
22546
22552
22558
22564
22570
22575
22581
22587
22593
22598
22604
22611
22617
22622
22628
22634
22639
22645
22651
22656
22662
22668
22673
22679
22685
22690
22696
22702
22707
22713
22719
22724
22730
22736
22742
22747
22753
22759
22765
22771
22777
22783
22789
22795
22801
22807
22812
22818
22824
22832
22837
22842
22847
22852
22858
22863
22868
22873
22880
22886
22891
22896
22901
22907
22912
22918
22923
22928
22934
22939
22944
22950
22955
22960
22966
22971
22976
22982
22987
22993
22998
23004
23009
23015
23021
23027
23032
23038
23044
23050
23056
23062
23067
23074
23079
23084
23090
23095
23100
23106
23112
23118
23124
23130
23136
23142
23148
23153
23159
23166
23172
23177
23183
23189
23195
23201
23207
23213
23219
23225
23231
23236
23242
23248
23254
23261
23267
23273
23279
23286
23291
23296
23301
23307
23313
23318
23325
23330
23336
23342
23348
23354
23359
23365
23371
23377
23383
23388
23394
23400
23405
23411
23417
23422
23428
23434
23439
23445
23451
23456
23462
23467
23473
23479
23485
23491
23497
23503
23509
23514
23520
23526
23532
23537
23543
23549
23554
23560
23566
23571
23577
23583
23588
23594
23601
23606
23612
23618
23624
23630
23635
23641
23647
23652
23658
23665
23671
23677
23683
23688
23694
23699
23705
23711
23717
23723
23729
23735
23740
23746
23752
23758
23764
23770
23776
23782
23788
23794
23799
23805
23811
23817
23823
23829
23835
23841
23846
23852
23859
23864
23871
23877
23883
23888
23894
23900
23906
23911
23917
23923
23930
23936
23941
23947
23953
23959
23965
23971
23978
23985
23991
23998
24004
24011
24017
24024
24030
24036
24041
24047
24053
24059
24065
24071
24077
24083
24089
24096
24102
24107
24113
24119
24130
24136
24142
24147
24153
24159
24165
24171
24177
24182
24188
24195
24201
24206
24214
24220
24226
24232
24237
24243
24249
24254
24260
24266
24272
24278
24283
24289
24295
24300
24306
24312
24317
24323
24329
24334
24340
24346
24351
24357
24364
24370
24375
24381
24387
24393
24398
24404
24410
24415
24421
24426
24432
24438
24443
24449
24455
24462
24468
24474
24480
24486
24492
24497
24503
24509
24516
24522
24528
24534
24540
24546
24552
24558
24564
24570
24576
24583
24589
24595
24601
24607
24613
24619
24625
24631
24637
24643
24649
24655
24661
24667
24675
24681
24687
24693
24699
24705
24711
24717
24723
24729
24735
24741
24747
24753
24759
24765
24771
24777
24783
24789
24795
24801
24806
24812
24818
24824
24830
24836
24841
24847
24853
24859
24865
24870
24876
24883
24889
24895
24901
24907
24913
24919
24924
24930
24936
24942
24948
24953
24959
24965
24970
24976
24982
24987
24993
24999
25005
25012
25018
25024
25030
25036
25041
25047
25053
25058
25064
25070
25076
25082
25088
25093
25099
25105
25111
25117
25122
25128
25134
25140
25146
25153
25158
25164
25170
25176
25182
25188
25193
25199
25205
25211
25218
25224
25231
25237
25243
25249
25255
25261
25267
25273
25278
25285
25290
25296
25302
25308
25314
25320
25328
25334
25339
25345
25351
25357
25362
25368
25374
25380
25385
25391
25396
25402
25408
25414
25419
25425
25431
25436
25442
25448
25454
25459
25465
25471
25477
25483
25489
25494
25500
25506
25512
25518
25524
25529
25535
25541
25547
25553
25559
25565
25570
25576
25582
25588
25594
25599
25605
25611
25617
25622
25628
25633
25639
25645
25650
25656
25661
25667
25673
25680
25686
25691
25697
25703
25709
25715
25721
25726
25732
25738
25744
25749
25755
25761
25767
25773
25779
25785
25791
25796
25802
25808
25814
25820
25825
25831
25836
25842
25848
25854
25860
25866
25872
25877
25883
25888
25894
25900
25905
25911
25917
25923
25929
25934
25940
25946
25951
25957
25963
25968
25974
25980
25985
25991
25996
26002
26008
26013
26019
26025
26030
26036
26042
26048
26053
26059
26064
26070
26076
26081
26087
26092
26098
26103
26109
26115
26121
26126
26132
26138
26144
26149
26155
26161
26167
26173
26179
26185
26190
26196
26202
26209
26215
26221
26227
26232
26239
26245
26250
26256
26262
26267
26273
26278
26284
26290
26296
26302
26307
26313
26319
26325
26331
26337
26343
26349
26355
26364
26370
26376
26382
26387
26393
26399
26405
26411
26417
26423
26429
26435
26441
26447
26453
26459
26465
26471
26477
26483
26493
26499
26505
26511
26517
26523
26528
26534
26540
26546
26551
26557
26563
26569
26575
26581
26587
26593
26599
26605
26610
26616
26622
26627
26633
26639
26645
26650
26656
26662
26668
26673
26680
26685
26691
26697
26703
26708
26715
26721
26727
26733
26739
26744
26750
26756
26762
26769
26775
26782
26788
26794
26801
26807
26813
26819
26825
26831
26837
26844
26850
26857
26863
26870
26876
26882
26888
26894
26900
26906
26912
26918
26926
26932
26937
26943
26949
26954
26960
26966
26972
26978
26984
26991
26997
27003
27009
27014
27020
27026
27031
27037
27044
27050
27055
27061
27067
27072
27079
27084
27090
27096
27101
27107
27113
27119
27125
27130
27136
27142
27147
27153
27159
27165
27171
27177
27183
27189
27195
27201
27207
27213
27219
27225
27231
27237
27243
27249
27255
27261
27267
27273
27279
27285
27291
27297
27303
27309
27315
27320
27326
27332
27338
27344
27350
27356
27362
27368
27374
27380
27386
27391
27397
27403
27409
27414
27420
27426
27432
27438
27444
27449
27455
27461
27466
27472
27477
27484
27490
27496
27503
27511
27518
27524
27529
27535
27541
27546
27552
27557
27563
27569
27574
27580
27585
27591
27597
27603
27608
27614
27620
27625
27631
27637
27642
27648
27653
27659
27665
27670
27676
27682
27687
27693
27699
27704
27711
27717
27723
27728
27734
27740
27746
27751
27757
27763
27769
27775
27782
27788
27794
27799
27805
27811
27817
27823
27828
27834
27840
27848
27853
27858
27863
27869
27874
27879
27884
27889
27894
27900
27905
27910
27915
27921
27926
27931
27937
27942
27947
27953
27958
27963
27969
27974
27979
27984
27990
27995
28001
28006
28012
28017
28022
28028
28033
28039
28044
28049
28054
28060
28065
28070
28076
28082
28088
28094
28100
28106
28111
28117
28123
28128
28134
28140
28145
28151
28157
28162
28168
28174
28180
28186
28192
28198
28204
28210
28215
28221
28227
28232
28238
28244
28250
28255
28261
28267
28273
28279
28284
28290
28296
28301
28307
28313
28319
28324
28330
28336
28342
28348
28353
28359
28365
28371
28377
28383
28390
28396
28402
28408
28414
28420
28426
28433
28439
28445
28452
28458
28464
28471
28477
28483
28490
28496
28502
28509
28515
28521
28527
28533
28540
28546
28552
28558
28564
28570
28576
28582
28588
28593
28599
28605
28611
28616
28622
28628
28634
28639
28645
28651
28657
28663
28669
28674
28680
28686
28692
28698
28704
28709
28715
28721
28727
28733
28738
28744
28750
28756
28761
28767
28773
28779
28785
28790
28796
28801
28807
28813
28819
28824
28830
28836
28842
28848
28853
28859
28865
28871
28876
28882
28888
28894
28900
28907
28913
28919
28927
28933
28939
28945
28951
28957
28963
28969
28975
28981
28987
28993
28999
29006
29012
29018
29024
29030
29037
29043
29049
29055
29066
29072
29079
29085
29091
29098
29104
29110
29116
29122
29128
29134
29142
29148
29154
29160
29167
29173
29179
29185
29191
29197
29203
29209
29215
29221
29229
29234
29240
29246
29252
29258
29264
29270
29276
29282
29288
29294
29300
29306
29312
29318
29323
29330
29335
29341
29347
29352
29358
29364
29370
29376
29382
29388
29394
29400
29406
29412
29418
29424
29430
29436
29442
29448
29454
29460
29466
29472
29478
29484
29490
29496
29502
29507
29513
29519
29525
29531
29536
29542
29548
29554
29559
29565
29571
29576
29582
29588
29593
29599
29605
29610
29617
29622
29628
29634
29639
29645
29651
29656
29662
29668
29674
29680
29685
29691
29696
29702
29708
29714
29720
29725
29731
29737
29742
29748
29754
29760
29766
29778
29783
29790
29795
29809
29816
29822
29828
29834
29839
29845
29851
29857
29863
29869
29874
29880
29886
29892
29898
29903
29909
29915
29921
29927
29932
29938
29944
29950
29956
29962
29968
29974
29980
29986
29992
29998
30003
30011
30019
30025
30031
30037
30043
30049
30055
30061
30067
30073
30079
30085
30090
30096
30102
30108
30113
30119
30125
30131
30136
30142
30148
30153
30159
30165
30170
30176
30182
30187
30193
30199
30205
30211
30217
30223
30229
30234
30240
30246
30252
30258
30264
30269
30275
30281
30286
30293
30299
30304
30310
30316
30327
30334
30340
30346
30352
30358
30365
30371
30377
30383
30389
30395
30400
30406
30412
30419
30424
30430
30436
30442
30448
30453
30459
30465
30471
30477
30483
30489
30495
30501
30507
30513
30519
30525
30531
30537
30543
30549
30555
30561
30567
30573
30579
30585
30591
30597
30602
30608
30614
30620
30626
30632
30638
30644
30650
30655
30661
30667
30673
30679
30685
30690
30696
30702
30708
30714
30719
30725
30731
30736
30742
30748
30753
30759
30765
30770
30776
30782
30788
30794
30799
30805
30811
30816
30822
30828
30834
30840
30845
30851
30859
30865
30871
30878
30884
30890
30896
30902
30908
30914
30920
30927
30933
30939
30946
30952
30960
30966
30972
30977
30983
30989
30995
31001
31007
31013
31019
31025
31031
31037
31045
31050
31056
31062
31068
31074
31080
31086
31092
31098
31104
31109
31115
31121
31127
31133
31139
31145
31150
31156
31161
31173
31179
31188
31196
31201
31206
31211
31216
31222
31227
31232
31237
31242
31247
31252
31258
31263
31268
31273
31278
31284
31289
31294
31299
31304
31310
31315
31320
31325
31330
31337
31342
31348
31353
31358
31364
31369
31374
31379
31385
31390
31395
31400
31406
31413
31419
31425
31432
31438
31445
31451
31457
31463
31469
31475
31481
31487
31493
31499
31505
31510
31516
31522
31528
31533
31539
31545
31551
31556
31562
31568
31574
31580
31586
31592
31598
31603
31609
31615
31621
31627
31633
31638
31645
31651
31656
31662
31667
31673
31679
31684
31690
31696
31702
31707
31713
31718
31724
31730
31735
31741
31746
31752
31758
31763
31770
31775
31781
31786
31792
31798
31803
31809
31815
31821
31826
31832
31838
31843
31849
31855
31860
31866
31872
31878
31884
31890
31895
31902
31908
31914
31920
31926
31931
31937
31942
31948
31954
31959
31965
31971
31977
31983
31989
31994
32000
32006
32011
32017
32023
32028
32034
32040
32046
32051
32057
32062
32068
32074
32079
32085
32091
32096
32104
32110
32116
32121
32127
32132
32138
32144
32150
32155
32161
32167
32172
32178
32184
32189
32195
32200
32206
32212
32218
32224
32230
32236
32242
32247
32253
32258
32264
32270
32276
32282
32288
32294
32299
32305
32311
32317
32323
32329
32335
32341
32346
32352
32358
32363
32369
32375
32380
32386
32391
32397
32403
32409
32415
32420
32426
32432
32437
32443
32449
32454
32460
32466
32471
32477
32483
32488
32494
32500
32505
32511
32517
32522
32528
32534
32540
32545
32551
32557
32563
32569
32575
32581
32586
32592
32600
32605
32611
32617
32623
32629
32640
32646
32651
32657
32663
32669
32677
32685
32691
32697
32703
32708
32714
32721
32726
32732
32738
32745
32751
32757
32763
32770
32776
32782
32788
32795
32801
32807
32813
32819
32825
32831
32837
32843
32849
32856
32864
32870
32875
32881
32887
32893
32899
32905
32911
32917
32923
32928
32934
32940
32946
32951
32957
32963
32969
32975
32981
32987
32993
32999
33005
33011
33017
33023
33029
33034
33040
33046
33052
33058
33064
33069
33075
33081
33087
33093
33099
33104
33110
33116
33122
33128
33134
33141
33147
33153
33159
33166
33172
33178
33184
33190
33196
33201
33207
33213
33219
33224
33230
33236
33241
33247
33253
33258
33264
33270
33275
33281
33286
33292
33298
33304
33310
33316
33322
33328
33333
33339
33345
33351
33357
33363
33369
33375
33381
33387
33393
33398
33404
33410
33416
33422
33428
33434
33445
33451
33457
33469
33475
33481
33489
33495
33500
33506
33512
33518
33524
33529
33535
33541
33547
33553
33558
33565
33570
33576
33582
33588
33594
33600
33605
33611
33617
33623
33629
33635
33641
33646
33652
33658
33664
33670
33676
33682
33688
33694
33700
33706
33712
33718
33724
33730
33735
33741
33747
33753
33759
33765
33771
33777
33783
33789
33795
33801
33807
33813
33819
33825
33830
33836
33842
33848
33854
33860
33866
33873
33879
33885
33891
33898
33904
33910
33915
33921
33927
33933
33939
33945
33950
33956
33962
33968
33974
33980
33985
33991
33997
34004
34010
34017
34023
34029
34035
34041
34047
34054
34060
34066
34072
34078
34084
34090
34097
34104
34111
34117
34123
34130
34137
34144
34150
34157
34164
34171
34178
34185
34192
34200
34207
34214
34221
34227
34233
34239
34245
34251
34257
34263
34270
34279
34285
34292
34297
34303
34309
34315
34321
34327
34335
34341
34347
34353
34359
34365
34371
34377
34383
34390
34395
34401
34408
34414
34419
34426
34432
34438
34444
34450
34456
34462
34468
34474
34480
34486
34492
34498
34504
34510
34516
34522
34528
34534
34540
34546
34552
34558
34564
34570
34577
34583
34589
34595
34601
34607
34613
34619
34625
34632
34638
34644
34650
34656
34662
34668
34674
34679
34685
34691
34697
34703
34709
34715
34721
34727
34733
34739
34745
34751
34757
34763
34769
34776
34782
34787
34794
34799
34805
34811
34818
34823
34829
34835
34841
34847
34853
34858
34864
34870
34876
34882
34887
34893
34899
34905
34911
34917
34923
34929
34934
34940
34946
34952
34957
34963
34969
34975
34981
34987
34994
35000
35006
35012
35017
35023
35029
35035
35041
35047
35052
35058
35064
35069
35075
35081
35086
35092
35098
35103
35109
35115
35120
35126
35132
35138
35143
35150
35156
35161
35167
35173
35179
35185
35190
35196
35202
35208
35214
35219
35225
35231
35236
35242
35248
35253
35259
35265
35271
35277
35282
35288
35294
35299
35305
35310
35316
35323
35328
35335
35340
35346
35352
35357
35363
35368
35374
35380
35385
35391
35396
35402
35408
35413
35419
35425
35431
35437
35443
35449
35454
35460
35466
35472
35478
35483
35489
35494
35500
35506
35512
35518
35524
35530
35535
35541
35546
35552
35558
35563
35569
35575
35581
35587
35592
35598
35604
35609
35615
35621
35627
35632
35638
35644
35650
35655
35661
35667
35672
35678
35683
35689
35695
35700
35706
35711
35717
35723
35728
35734
35740
35745
35751
35757
35762
35768
35774
35779
35785
35791
35796
35802
35807
35813
35819
35824
35830
35835
35841
35847
35852
35858
35863
35869
35874
35880
35886
35891
35897
35902
35908
35914
35919
35925
35930
35936
35942
35947
35953
35958
35964
35970
35976
35982
35987
35993
35999
36004
36010
36016
36021
36027
36032
36038
36044
36049
36055
36061
36066
36072
36077
36083
36088
36094
36100
36105
36111
36117
36122
36128
36134
36139
36145
36151
36156
36162
36168
36173
36179
36185
36190
36196
36202
36207
36213
36219
36225
36231
36237
36243
36248
36254
36260
36266
36272
36278
36283
36289
36295
36301
36307
36313
36319
36325
36331
36337
36343
36349
36355
36361
36367
36373
36379
36385
36390
36396
36402
36407
36413
36420
36425
36431
36437
36443
36449
36454
36460
36466
36471
36477
36483
36489
36494
36500
36506
36512
36518
36524
36530
36536
36542
36547
36553
36559
36565
36571
36577
36583
36589
36595
36601
36607
36613
36619
36625
36631
36638
36644
36649
36656
36662
36668
36674
36681
36687
36693
36698
36704
36711
36716
36722
36729
36734
36740
36746
36752
36758
36764
36770
36777
36783
36789
36795
36800
36806
36812
36818
36824
36830
36836
36842
36847
36853
36860
36865
36871
36877
36883
36889
36894
36900
36906
36912
36918
36925
36930
36937
36943
36949
36955
36961
36967
36973
36979
36985
36991
36996
37002
37008
37014
37021
37028
37039
37045
37051
37057
37063
37069
37075
37081
37087
37093
37099
37105
37111
37117
37123
37130
37137
37143
37149
37154
37160
37166
37172
37178
37184
37190
37196
37202
37209
37217
37224
37231
37237
37244
37250
37256
37262
37268
37274
37280
37286
37292
37298
37304
37311
37318
37324
37331
37338
37344
37351
37358
37364
37371
37378
37385
37392
37399
37405
37412
37418
37425
37432
37438
37445
37451
37458
37464
37471
37477
37483
37489
37495
37501
37507
37512
37518
37524
37531
37537
37543
37548
37554
37560
37566
37571
37577
37583
37589
37595
37601
37606
37612
37618
37624
37630
37636
37642
37648
37653
37659
37665
37671
37677
37683
37689
37695
37701
37707
37713
37719
37724
37730
37736
37742
37748
37754
37760
37766
37773
37779
37785
37791
37797
37803
37809
37815
37822
37828
37834
37841
37847
37853
37859
37865
37876
37881
37886
37892
37897
37902
37907
37913
37918
37923
37928
37934
37939
37944
37949
37954
37959
37965
37970
37975
37981
37986
37991
37996
38001
38007
38012
38017
38023
38028
38033
38038
38044
38049
38054
38059
38065
38070
38075
38080
38086
38091
38096
38101
38106
38112
38117
38123
38128
38133
38139
38144
38150
38155
38161
38166
38171
38176
38182
38187
38192
38198
38203
38209
38214
38219
38225
38230
38235
38240
38246
38251
38257
38262
38268
38273
38279
38285
38291
38297
38303
38309
38315
38321
38327
38333
38339
38345
38352
38358
38364
38370
38376
38383
38389
38395
38401
38407
38413
38420
38426
38431
38438
38444
38450
38457
38463
38469
38475
38481
38488
38494
38501
38507
38513
38519
38525
38531
38537
38546
38553
38559
38565
38570
38576
38583
38589
38595
38601
38607
38613
38619
38625
38632
38638
38644
38650
38657
38663
38669
38676
38682
38688
38693
38699
38705
38711
38717
38723
38729
38735
38741
38747
38753
38758
38764
38770
38776
38782
38789
38794
38805
38811
38817
38823
38828
38834
38840
38846
38852
38857
38865
38871
38877
38882
38888
38894
38899
38905
38911
38916
38922
38928
38934
38941
38946
38952
38958
38964
38970
38976
38982
38988
38993
38999
39005
39011
39018
39024
39029
39035
39041
39046
39052
39058
39064
39069
39075
39081
39087
39093
39099
39105
39111
39116
39122
39128
39134
39140
39146
39154
39160
39167
39173
39179
39185
39191
39197
39204
39210
39216
39222
39228
39234
39240
39246
39252
39258
39264
39270
39277
39283
39289
39295
39301
39307
39313
39319
39325
39331
39337
39344
39350
39356
39362
39368
39375
39381
39387
39393
39399
39405
39411
39417
39423
39429
39436
39442
39448
39454
39460
39466
39472
39479
39485
39491
39497
39504
39510
39516
39522
39528
39534
39539
39545
39550
39556
39562
39567
39573
39589
39595
39600
39606
39612
39618
39624
39630
39636
39642
39648
39654
39660
39666
39672
39677
39683
39690
39696
39702
39708
39714
39720
39726
39732
39738
39744
39749
39755
39761
39767
39772
39778
39784
39789
39795
39801
39807
39813
39819
39825
39830
39836
39842
39848
39853
39859
39865
39871
39876
39882
39888
39893
39899
39905
39911
39916
39922
39928
39934
39940
39946
39952
39958
39963
39969
39975
39981
39986
39992
39998
40003
40009
40015
40021
40027
40033
40038
40044
40049
40054
40060
40065
40070
40075
40081
40086
40091
40096
40101
40107
40112
40117
40123
40128
40133
40139
40144
40149
40154
40160
40165
40170
40176
40181
40186
40191
40197
40202
40207
40213
40218
40223
40229
40236
40242
40248
40254
40260
40266
40272
40277
40283
40289
40295
40301
40307
40317
40323
40330
40337
40343
40349
40355
40361
40367
40373
40379
40385
40391
40397
40404
40410
40416
40422
40428
40433
40439
40445
40451
40457
40463
40469
40476
40482
40488
40494
40500
40507
40513
40520
40526
40531
40537
40543
40548
40554
40563
40571
40578
40585
40591
40598
40604
40610
40616
40622
40629
40635
40641
40648
40654
40660
40666
40672
40679
40685
40691
40698
40704
40710
40717
40724
40730
40736
40743
40749
40756
40763
40770
40776
40782
40788
40794
40800
40806
40812
40818
40824
40830
40835
40841
40847
40853
40858
40864
40870
40876
40882
40888
40894
40900
40905
40911
40917
40923
40929
40934
40940
40946
40952
40957
40963
40969
40975
40981
40987
40992
40998
41003
41009
41015
41021
41027
41032
41038
41044
41050
41056
41062
41068
41074
41080
41086
41091
41097
41103
41109
41114
41120
41126
41131
41137
41143
41148
41154
41160
41165
41171
41177
41183
41189
41195
41201
41207
41213
41219
41225
41231
41237
41243
41249
41255
41261
41266
41271
41276
41281
41287
41292
41297
41302
41307
41312
41318
41323
41328
41333
41339
41344
41349
41354
41360
41365
41370
41375
41381
41386
41391
41396
41402
41407
41412
41417
41423
41428
41433
41438
41444
41449
41454
41459
41465
41470
41475
41480
41486
41491
41496
41502
41507
41512
41517
41523
41528
41533
41539
41544
41549
41555
41560
41565
41571
41577
41582
41588
41593
41598
41603
41609
41614
41619
41625
41630
41635
41641
41646
41652
41658
41663
41669
41674
41680
41689
41695
41700
41706
41711
41717
41722
41728
41733
41739
41744
41750
41755
41761
41766
41772
41778
41784
41790
41797
41803
41809
41815
41821
41828
41835
41842
41849
41856
41863
41870
41877
41884
41890
41896
41902
41908
41915
41921
41927
41933
41939
41945
41952
41958
41964
41970
41976
41982
41988
41994
42000
42005
42011
42017
42023
42029
42035
42040
42046
42052
42058
42064
42070
42076
42082
42088
42093
42099
42106
42112
42118
42124
42130
42135
42141
42147
42153
42159
42165
42170
42176
42182
42187
42193
42199
42206
42212
42218
42223
42229
42235
42244
42250
42256
42262
42268
42274
42280
42286
42292
42298
42303
42309
42315
42321
42327
42333
42339
42344
42350
42356
42361
42368
42374
42379
42385
42391
42396
42402
42408
42414
42419
42425
42431
42438
42444
42449
42455
42461
42466
42472
42478
42484
42489
42495
42501
42507
42513
42519
42524
42530
42536
42541
42547
42553
42559
42565
42571
42576
42582
42588
42593
42599
42605
42611
42617
42623
42628
42635
42640
42646
42652
42657
42663
42669
42675
42681
42686
42692
42698
42703
42709
42715
42720
42726
42732
42737
42743
42749
42754
42760
42766
42771
42777
42783
42789
42794
42800
42806
42812
42817
42823
42829
42834
42840
42846
42852
42858
42864
42870
42876
42882
42888
42893
42898
42903
42908
42914
42919
42924
42929
42935
42940
42945
42950
42955
42961
42966
42971
42976
42981
42987
42992
42997
43002
43008
43013
43018
43023
43029
43034
43039
43044
43050
43055
43060
43066
43071
43076
43082
43087
43092
43097
43103
43108
43113
43119
43125
43131
43136
43141
43147
43152
43157
43163
43168
43173
43179
43184
43189
43195
43200
43206
43211
43216
43221
43227
43232
43238
43243
43248
43254
43259
43265
43271
43277
43283
43289
43296
43301
43306
43312
43317
43322
43328
43333
43338
43344
43349
43354
43360
43365
43370
43376
43381
43386
43392
43397
43402
43408
43413
43418
43423
43429
43434
43439
43445
43450
43455
43460
43465
43471
43476
43481
43486
43492
43497
43502
43507
43513
43518
43524
43530
43536
43541
43547
43553
43559
43565
43570
43576
43582
43588
43593
43599
43605
43611
43617
43623
43629
43635
43641
43647
43653
43659
43665
43671
43677
43683
43689
43695
43701
43707
43714
43720
43727
43733
43739
43745
43751
43758
43764
43770
43775
43781
43787
43793
43799
43805
43810
43816
43822
43828
43834
43840
43846
43852
43858
43864
43870
43875
43881
43887
43893
43899
43905
43911
43917
43923
43929
43935
43941
43947
43953
43959
43965
43971
43977
43982
43988
43995
44001
44007
44013
44019
44024
44030
44035
44040
44045
44051
44056
44061
44067
44072
44077
44083
44088
44093
44099
44104
44109
44115
44120
44126
44131
44136
44141
44147
44152
44157
44163
44168
44173
44179
44184
44190
44195
44200
44206
44211
44217
44222
44227
44233
44238
44243
44249
44254
44259
44265
44270
44275
44280
44286
44291
44297
44302
44307
44312
44318
44323
44328
44334
44339
44345
44350
44355
44360
44366
44371
44376
44382
44387
44392
44397
44403
44408
44414
44419
44424
44429
44435
44441
44446
44453
44458
44464
44470
44476
44482
44487
44493
44499
44505
44511
44517
44523
44528
44534
44540
44546
44552
44558
44564
44569
44575
44581
44587
44592
44598
44604
44610
44616
44622
44628
44634
44639
44646
44652
44658
44664
44670
44676
44682
44688
44694
44700
44706
44712
44718
44724
44733
44739
44745
44751
44757
44763
44769
44775
44780
44786
44792
44798
44804
44809
44815
44822
44828
44834
44840
44846
44852
44858
44864
44870
44876
44882
44888
44894
44900
44906
44912
44918
44924
44930
44935
44941
44947
44953
44959
44965
44971
44977
44983
44989
44995
45001
45007
45013
45019
45025
45031
45037
45043
45049
45055
45061
45067
45074
45080
45086
45092
45097
45104
45110
45116
45122
45129
45135
45141
45147
45153
45159
45165
45171
45177
45183
45190
45196
45202
45208
45214
45220
45226
45232
45238
45244
45250
45255
45261
45274
45281
45287
45293
45300
45305
45311
45317
45323
45329
45339
45345
45351
45357
45364
45370
45376
45382
45388
45394
45400
45406
45412
45418
45424
45431
45437
45444
45453
45459
45466
45472
45478
45484
45490
45496
45503
45510
45516
45522
45529
45535
45542
45547
45553
45559
45565
45571
45578
45584
45590
45596
45602
45608
45614
45620
45626
45632
45637
45643
45649
45654
45660
45666
45672
45678
45684
45689
45695
45701
45706
45712
45718
45724
45730
45736
45742
45747
45753
45758
45764
45770
45776
45782
45788
45794
45799
45805
45811
45816
45822
45828
45834
45840
45845
45851
45857
45863
45868
45874
45879
45885
45891
45896
45902
45908
45913
45919
45925
45930
45936
45942
45947
45953
45959
45964
45970
45976
45982
45988
45994
46000
46006
46012
46018
46024
46030
46036
46042
46048
46054
46060
46066
46072
46078
46083
46089
46095
46100
46106
46112
46121
46127
46133
46139
46145
46151
46157
46163
46169
46175
46180
46186
46192
46198
46203
46209
46215
46221
46227
46232
46238
46244
46251
46257
46263
46271
46281
46287
46293
46298
46304
46310
46316
46322
46328
46334
46340
46345
46351
46357
46363
46369
46375
46380
46386
46392
46398
46404
46410
46416
46421
46427
46433
46439
46445
46451
46457
46463
46468
46474
46480
46486
46491
46497
46503
46509
46515
46521
46527
46533
46539
46545
46551
46556
46563
46569
46574
46580
46586
46592
46598
46603
46609
46615
46621
46627
46633
46639
46645
46651
46657
46663
46669
46675
46681
46686
46692
46698
46708
46714
46720
46726
46732
46738
46743
46749
46755
46761
46767
46773
46779
46785
46790
46796
46802
46808
46814
46819
46825
46831
46836
46842
46848
46854
46859
46865
46871
46877
46883
46889
46895
46901
46907
46913
46919
46925
46931
46937
46943
46949
46955
46960
46966
46972
46978
46984
46989
46995
47001
47007
47013
47018
47024
47030
47036
47042
47048
47053
47059
47066
47072
47078
47084
47090
47096
47102
47108
47114
47120
47125
47132
47138
47144
47149
47155
47162
47168
47174
47180
47185
47191
47197
47203
47209
47214
47220
47226
47231
47237
47243
47249
47255
47261
47267
47273
47279
47285
47291
47297
47302
47308
47314
47320
47325
47331
47337
47343
47349
47355
47361
47367
47373
47379
47385
47390
47396
47402
47408
47414
47420
47426
47431
47437
47443
47449
47455
47461
47466
47472
47478
47484
47490
47496
47501
47507
47513
47519
47525
47531
47536
47542
47548
47554
47560
47566
47572
47578
47584
47589
47596
47602
47609
47615
47621
47627
47634
47640
47645
47651
47657
47663
47669
47675
47681
47687
47692
47698
47704
47709
47715
47721
47727
47733
47739
47745
47751
47757
47763
47769
47775
47781
47788
47793
47799
47805
47810
47817
47822
47828
47834
47840
47846
47851
47857
47863
47869
47875
47881
47887
47892
47901
47906
47911
47916
47922
47927
47932
47937
47942
47948
47953
47958
47963
47969
47974
47979
47984
47989
47995
48000
48005
48010
48016
48021
48026
48031
48037
48042
48047
48053
48058
48063
48068
48074
48079
48084
48089
48094
48099
48105
48110
48115
48120
48126
48131
48136
48141
48146
48152
48157
48162
48167
48172
48178
48183
48188
48194
48200
48205
48210
48216
48221
48233
48238
48244
48250
48255
48261
48266
48272
48277
48283
48289
48294
48299
48305
48310
48316
48322
48327
48333
48338
48344
48350
48356
48362
48368
48373
48380
48385
48392
48399
48406
48413
48420
48426
48433
48439
48446
48452
48459
48465
48472
48478
48485
48492
48498
48505
48511
48518
48525
48531
48537
48543
48549
48556
48562
48568
48575
48581
48587
48594
48600
48606
48612
48619
48625
48631
48637
48643
48650
48656
48662
48668
48674
48680
48686
48692
48698
48704
48710
48716
48722
48727
48733
48739
48745
48751
48757
48762
48768
48774
48780
48786
48791
48797
48803
48809
48815
48821
48826
48832
48838
48844
48849
48855
48861
48867
48873
48879
48885
48891
48897
48903
48909
48915
48921
48927
48933
48939
48945
48951
48957
48963
48969
48974
48980
48987
48993
49000
49006
49011
49018
49023
49029
49034
49040
49046
49052
49057
49064
49070
49076
49081
49086
49091
49097
49102
49107
49113
49118
49123
49129
49134
49139
49144
49150
49155
49161
49166
49171
49177
49182
49187
49193
49198
49203
49209
49214
49219
49225
49230
49236
49241
49246
49252
49257
49262
49268
49273
49278
49284
49289
49295
49300
49305
49310
49316
49321
49326
49332
49337
49342
49347
49353
49358
49363
49369
49374
49379
49385
49391
49396
49402
49408
49413
49419
49425
49430
49436
49442
49447
49453
49459
49465
49471
49477
49483
49488
49494
49500
49505
49511
49517
49523
49528
49534
49540
49546
49551
49557
49563
49569
49574
49580
49586
49592
49597
49603
49609
49615
49621
49627
49633
49639
49644
49650
49656
49662
49668
49674
49680
49686
49692
49698
49704
49709
49715
49720
49725
49731
49736
49742
49748
49754
49759
49765
49771
49776
49781
49787
49793
49798
49804
49810
49816
49822
49828
49834
49840
49846
49851
49857
49862
49868
49874
49879
49885
49890
49896
49902
49907
49913
49918
49924
49929
49935
49941
49946
49952
49957
49963
49969
49975
49981
49987
49993
49999
50005
50011
50017
50023
50029
50034
50039
50044
50050
50055
50060
50066
50071
50076
50081
50087
50092
50097
50103
50108
50113
50118
50123
50129
50134
50139
50144
50150
50155
50160
50166
50171
50176
50182
50187
50192
50197
50203
50208
50213
50219
50224
50232
50237
50242
50248
50253
50258
50263
50269
50274
50279
50284
50290
50295
50301
50306
50311
50317
50322
50328
50334
50339
50344
50350
50355
50360
50367
50373
50378
50383
50389
50394
50399
50405
50410
50415
50421
50426
50432
50437
50442
50448
50453
50458
50464
50469
50474
50480
50485
50490
50495
50501
50506
50511
50517
50522
50527
50532
50538
50543
50548
50553
50559
50564
50569
50575
50580
50585
50590
50596
50601
50607
50613
50619
50624
50630
50636
50641
50647
50653
50658
50664
50669
50675
50681
50686
50692
50699
50705
50710
50716
50722
50728
50734
50739
50745
50751
50757
50763
50768
50774
50780
50786
50792
50797
50803
50809
50814
50820
50826
50832
50837
50843
50849
50854
50860
50866
50871
50877
50883
50889
50894
50900
50906
50912
50918
50924
50929
50935
50941
50947
50953
50959
50965
50971
50978
50984
50990
50995
51001
51007
51013
51018
51024
51030
51036
51042
51047
51053
51059
51065
51071
51077
51082
51088
51094
51099
51105
51111
51117
51123
51129
51135
51140
51146
51152
51159
51164
51170
51176
51182
51187
51193
51199
51205
51211
51217
51223
51229
51235
51241
51247
51253
51258
51264
51270
51276
51282
51288
51294
51300
51305
51311
51316
51321
51327
51332
51337
51343
51348
51353
51358
51363
51369
51374
51379
51384
51389
51394
51400
51405
51410
51415
51420
51426
51431
51436
51441
51446
51452
51457
51462
51467
51472
51478
51483
51488
51493
51499
51504
51509
51514
51520
51525
51530
51535
51541
51547
51552
51557
51563
51568
51573
51579
51584
51590
51595
51601
51606
51612
51617
51623
51628
51634
51639
51645
51650
51656
51661
51667
51672
51677
51682
51688
51693
51698
51704
51709
51714
51719
51725
51730
51735
51740
51746
51751
51756
51761
51767
51772
51777
51782
51788
51793
51798
51803
51809
51814
51819
51825
51830
51835
51840
51845
51851
51856
51861
51866
51872
51878
51884
51889
51894
51900
51905
51910
51915
51921
51926
51931
51936
51942
51947
51952
51957
51963
51968
51973
51978
51984
51989
51994
51999
52005
52010
52016
52021
52027
52032
52038
52044
52049
52055
52060
52066
52071
52077
52082
52088
52093
52098
52104
52109
52114
52119
52125
52130
52135
52140
52146
52151
52157
52162
52167
52172
52178
52183
52188
52194
52199
52205
52210
52215
52221
52226
52231
52237
52242
52248
52253
52259
52265
52270
52276
52281
52287
52292
52298
52304
52309
52315
52320
52325
52331
52336
52341
52347
52352
52357
52362
52368
52373
52378
52383
52389
52394
52399
52404
52410
52415
52420
52426
52431
52436
52442
52448
52453
52460
52465
52471
52477
52483
52489
52495
52501
52507
52513
52519
52525
52530
52536
52542
52548
52553
52559
52565
52570
52576
52582
52588
52593
52599
52605
52610
52616
52622
52628
52634
52640
52646
52651
52657
52663
52669
52674
52680
52686
52692
52698
52704
52710
52715
52721
52727
52733
52739
52745
52751
52757
52763
52769
52775
52781
52787
52793
52799
52804
52811
52817
52823
52829
52835
52841
52847
52853
52859
52865
52871
52877
52882
52888
52893
52899
52908
52913
52918
52923
52928
52934
52939
52944
52949
52954
52960
52965
52970
52976
52981
52986
52992
52997
53002
53007
53013
53019
53024
53030
53035
53040
53046
53051
53056
53062
53067
53072
53078
53083
53089
53094
53099
53105
53110
53115
53121
53126
53131
53136
53142
53147
53152
53158
53163
53169
53174
53179
53184
53190
53195
53201
53206
53211
53216
53222
53227
53232
53238
53243
53248
53254
53259
53264
53270
53275
53280
53286
53291
53296
53301
53306
53312
53317
53322
53327
53332
53338
53343
53348
53354
53359
53364
53369
53374
53380
53385
53390
53395
53400
53405
53411
53416
53421
53426
53431
53437
53442
53447
53452
53458
53463
53469
53474
53479
53485
53490
53495
53500
53506
53511
53516
53522
53527
53532
53537
53543
53548
53554
53559
53564
53569
53575
53580
53585
53590
53596
53601
53606
53611
53617
53622
53627
53632
53638
53643
53648
53653
53659
53664
53669
53675
53680
53685
53691
53696
53701
53707
53712
53717
53722
53728
53733
53738
53744
53749
53754
53760
53765
53770
53776
53781
53786
53791
53797
53802
53807
53812
53818
53823
53828
53834
53839
53844
53849
53855
53860
53866
53871
53876
53882
53887
53893
53898
53904
53910
53915
53921
53926
53932
53937
53943
53949
53954
53960
53966
53971
53977
53982
53988
53994
54000
54005
54010
54015
54021
54026
54031
54036
54041
54047
54052
54057
54062
54068
54073
54078
54083
54089
54094
54099
54104
54110
54115
54120
54125
54131
54136
54141
54146
54152
54157
54162
54167
54172
54178
54183
54188
54193
54199
54204
54209
54214
54220
54225
54230
54235
54241
54246
54251
54256
54262
54267
54272
54277
54283
54288
54293
54298
54304
54309
54314
54320
54325
54330
54335
54341
54346
54351
54357
54362
54367
54372
54378
54383
54388
54393
54399
54404
54409
54415
54423
54428
54434
54439
54444
54450
54455
54460
54465
54471
54476
54481
54487
54492
54498
54503
54509
54514
54520
54526
54531
54536
54542
54547
54552
54558
54563
54569
54575
54581
54587
54592
54598
54604
54609
54615
54621
54626
54632
54638
54644
54650
54656
54662
54668
54673
54679
54685
54691
54696
54702
54709
54714
54719
54725
54730
54735
54741
54746
54751
54757
54762
54767
54773
54778
54783
54789
54794
54799
54804
54810
54815
54820
54826
54831
54836
54842
54847
54852
54858
54863
54869
54874
54879
54885
54890
54895
54900
54906
54911
54917
54922
54927
54932
54938
54943
54949
54955
54961
54967
54973
54979
54985
54990
54996
55003
55010
55016
55023
55030
55037
55042
55048
55053
55059
55064
55070
55075
55081
55086
55091
55097
55102
55107
55113
55118
55123
55129
55134
55139
55144
55150
55155
55160
55165
55171
55176
55181
55186
55192
55197
55202
55208
55213
55218
55224
55229
55234
55239
55245
55250
55255
55261
55266
55271
55276
55282
55287
55292
55297
55303
55308
55313
55319
55324
55329
55346
55354
55360
55366
55372
55377
55383
55389
55395
55401
55407
55412
55418
55424
55430
55436
55442
55447
55453
55460
55466
55472
55478
55483
55489
55495
55501
55507
55514
55520
55526
55533
55540
55546
55552
55558
55564
55570
55576
55583
55589
55595
55601
55608
55614
55621
55627
55633
55639
55645
55651
55657
55663
55669
55675
55681
55686
55692
55698
55704
55710
55716
55722
55728
55734
55740
55745
55751
55757
55762
55768
55774
55780
55786
55793
55799
55806
55812
55818
55824
55830
55836
55842
55847
55853
55859
55865
55870
55876
55882
55888
55893
55899
55904
55910
55916
55921
55927
55933
55939
55945
55951
55957
55963
55968
55974
55981
55987
55993
55999
56005
56011
56017
56023
56029
56035
56041
56046
56052
56058
56064
56070
56078
56084
56091
56097
56103
56109
56115
56121
56127
56133
56139
56144
56150
56156
56162
56168
56173
56180
56186
56192
56198
56204
56210
56217
56223
56229
56235
56243
56249
56255
56261
56266
56272
56278
56284
56289
56295
56301
56307
56312
56318
56324
56331
56337
56343
56349
56357
56363
56369
56375
56381
56387
56393
56399
56405
56410
56416
56424
56430
56435
56440
56446
56451
56456
56462
56467
56472
56478
56483
56488
56494
56500
56505
56513
56519
56525
56531
56537
56544
56549
56555
56560
56565
56571
56576
56581
56587
56592
56597
56602
56608
56613
56618
56624
56629
56635
56640
56645
56651
56656
56661
56667
56672
56678
56683
56689
56694
56700
56708
56714
56720
56726
56732
56738
56743
56749
56755
56760
56766
56772
56778
56783
56789
56795
56800
56806
56811
56817
56823
56828
56834
56840
56845
56851
56856
56862
56868
56873
56879
56884
56890
56896
56901
56907
56913
56919
56925
56931
56937
56942
56948
56954
56960
56966
56972
56978
56984
56990
56996
57001
57007
57013
57018
57024
57030
57036
57042
57047
57053
57059
57065
57071
57077
57083
57090
57096
57102
57108
57113
57119
57125
57131
57137
57142
57148
57154
57160
57167
57173
57179
57185
57191
57197
57207
57214
57219
57225
57230
57235
57241
57246
57251
57257
57262
57267
57272
57278
57283
57288
57294
57299
57304
57309
57315
57320
57325
57331
57336
57341
57347
57352
57357
57363
57368
57373
57379
57384
57390
57395
57400
57406
57411
57416
57422
57427
57432
57437
57443
57448
57453
57459
57464
57470
57475
57480
57486
57491
57497
57503
57509
57516
57522
57528
57533
57539
57545
57551
57557
57563
57569
57574
57580
57586
57592
57598
57604
57610
57616
57622
57629
57634
57641
57647
57653
57658
57664
57670
57676
57682
57687
57693
57699
57705
57711
57717
57723
57728
57734
57740
57746
57752
57758
57764
57771
57777
57783
57789
57795
57801
57807
57813
57819
57825
57831
57836
57842
57848
57854
57860
57866
57872
57878
57884
57890
57896
57902
57908
57914
57919
57924
57930
57935
57940
57946
57951
57956
57961
57967
57972
57978
57983
57988
57993
57999
58005
58010
58016
58021
58027
58032
58037
58043
58048
58053
58059
58067
58073
58078
58084
58089
58095
58100
58106
58111
58117
58128
58134
58140
58146
58152
58157
58163
58169
58176
58182
58188
58193
58199
58205
58211
58217
58223
58229
58235
58241
58246
58252
58258
58264
58270
58276
58282
58288
58294
58300
58306
58312
58318
58324
58330
58335
58341
58347
58353
58359
58365
58372
58378
58384
58389
58395
58401
58407
58413
58419
58425
58431
58437
58443
58448
58454
58460
58466
58472
58479
58485
58491
58497
58503
58509
58515
58521
58527
58533
58539
58544
58550
58556
58562
58568
58574
58580
58585
58591
58597
58603
58609
58615
58621
58627
58633
58639
58645
58652
58657
58664
58670
58675
58681
58688
58694
58700
58706
58712
58718
58724
58730
58736
58742
58748
58754
58760
58765
58771
58777
58783
58790
58796
58802
58807
58813
58820
58826
58832
58838
58843
58850
58856
58862
58868
58874
58880
58886
58892
58898
58904
58911
58917
58923
58930
58936
58942
58948
58955
58961
58966
58973
58979
58986
58992
58999
59006
59012
59019
59025
59033
59039
59044
59050
59055
59061
59066
59072
59077
59083
59089
59094
59100
59105
59111
59118
59127
59133
59139
59145
59151
59157
59163
59169
59176
59182
59188
59194
59200
59206
59212
59218
59224
59230
59236
59242
59249
59255
59261
59271
59277
59284
59290
59296
59303
59313
59319
59325
59331
59337
59343
59349
59355
59361
59367
59374
59379
59386
59392
59398
59404
59410
59416
59422
59428
59434
59440
59446
59452
59458
59464
59470
59476
59482
59488
59494
