time (ms)
0
4
6
7
9
11
12
14
15
17
19
20
22
23
25
27
28
30
31
33
35
36
38
39
41
43
44
46
47
49
50
52
54
55
57
58
60
62
63
65
66
68
69
71
72
74
75
77
78
80
82
83
85
87
88
90
91
93
95
96
98
100
102
103
105
107
109
110
112
113
115
116
118
119
121
122
124
125
127
128
129
131
133
135
136
137
139
141
142
144
145
146
148
149
151
153
154
156
157
159
160
161
163
164
166
167
169
170
172
173
175
176
178
179
181
182
184
186
187
189
190
192
193
195
197
198
200
201
203
205
206
207
209
210
211
213
214
216
217
219
220
222
223
224
226
227
229
230
231
233
234
236
237
239
240
242
243
244
246
247
249
250
252
253
255
256
258
259
261
262
264
265
267
268
270
271
273
274
276
278
280
281
283
284
286
287
289
290
292
294
296
298
299
300
302
303
305
306
308
310
311
312
314
315
317
318
320
321
323
324
326
327
329
330
332
333
335
336
338
339
341
342
343
349
351
352
354
355
357
358
359
361
362
364
365
367
368
371
372
374
375
376
378
379
381
382
384
385
387
388
390
391
393
394
396
397
399
400
402
403
405
406
408
409
411
412
413
415
416
418
419
420
422
423
424
426
427
429
430
431
433
434
436
437
439
440
441
443
444
445
447
449
451
453
455
456
458
460
462
464
466
468
470
471
473
475
477
479
480
481
483
484
486
487
488
490
491
493
494
495
497
498
500
501
502
504
505
507
508
513
515
516
517
519
520
522
523
524
526
527
528
530
531
533
534
535
537
538
539
541
542
544
545
546
548
549
551
552
553
555
556
558
559
560
562
563
565
566
567
569
570
572
573
575
576
577
579
580
582
583
585
586
588
590
592
593
595
596
598
599
600
602
604
605
607
608
609
611
612
614
615
617
618
619
621
622
624
625
627
628
630
631
632
634
635
636
638
639
641
642
643
645
646
647
649
650
651
653
654
656
657
658
660
661
662
664
665
666
668
669
671
672
673
675
676
677
679
680
682
683
685
687
688
690
691
692
694
695
697
698
700
701
702
704
705
706
708
709
711
712
713
715
716
717
719
720
722
723
724
726
727
729
730
731
733
734
736
737
738
740
741
743
744
746
747
748
750
751
752
754
755
757
758
760
761
763
764
765
767
769
770
784
786
787
788
790
791
792
794
795
797
798
799
801
802
803
805
806
807
809
810
811
813
814
815
817
818
819
821
822
823
825
826
827
828
830
831
833
834
836
837
838
840
841
842
844
845
846
847
849
850
851
853
854
855
857
858
860
861
862
864
865
866
868
869
870
872
873
874
876
877
879
880
881
883
884
885
887
888
889
891
892
893
895
896
897
899
900
901
903
904
905
907
908
909
911
912
913
915
916
917
919
920
921
923
924
925
927
928
929
931
932
933
935
936
938
939
940
942
943
944
946
947
948
950
951
952
954
955
956
958
959
961
962
964
965
966
968
969
970
972
973
974
975
977
978
979
981
982
983
985
986
987
989
990
991
993
995
996
998
999
1000
1002
1004
1006
1008
1010
1012
1014
1016
1017
1019
1021
1023
1025
1027
1028
1029
1031
1032
1033
1035
1036
1037
1039
1040
1041
1043
1044
1045
1047
1048
1049
1051
1052
1053
1055
1056
1057
1059
1060
1061
1062
1064
1065
1066
1067
1069
1070
1071
1073
1074
1075
1076
1078
1079
1080
1081
1082
1084
1085
1086
1087
1089
1090
1091
1093
1094
1095
1096
1098
1099
1100
1101
1103
1104
1105
1106
1108
1109
1110
1111
1113
1114
1115
1116
1118
1119
1120
1121
1122
1124
1125
1126
1127
1129
1131
1132
1133
1135
1136
1137
1139
1140
1141
1142
1144
1145
1146
1148
1149
1150
1152
1153
1154
1156
1157
1158
1160
1161
1162
1163
1165
1166
1167
1169
1170
1171
1172
1174
1175
1176
1178
1179
1180
1182
1183
1184
1186
1187
1188
1189
1191
1192
1193
1195
1196
1197
1199
1200
1201
1203
1204
1205
1207
1208
1209
1211
1212
1213
1215
1216
1217
1218
1220
1221
1222
1224
1225
1226
1228
1229
1230
1231
1233
1234
1235
1237
1238
1239
1241
1242
1243
1245
1246
1247
1248
1250
1251
1252
1254
1255
1256
1258
1259
1260
1262
1263
1264
1265
1267
1268
1269
1270
1272
1273
1274
1276
1277
1278
1280
1281
1282
1283
1285
1286
1287
1289
1290
1291
1293
1294
1295
1297
1298
1299
1301
1302
1303
1304
1306
1307
1312
1313
1316
1318
1319
1320
1321
1323
1324
1325
1327
1328
1329
1331
1332
1333
1335
1336
1337
1339
1340
1341
1343
1344
1345
1347
1348
1349
1351
1352
1357
1359
1360
1362
1363
1364
1366
1367
1368
1370
1371
1373
1374
1375
1377
1378
1379
1381
1382
1383
1385
1386
1387
1389
1390
1391
1393
1394
1395
1397
1398
1399
1401
1402
1403
1405
1406
1407
1409
1410
1411
1413
1414
1415
1417
1418
1419
1420
1422
1423
1425
1426
1427
1428
1430
1431
1432
1434
1435
1436
1438
1439
1440
1442
1443
1444
1446
1447
1448
1450
1451
1452
1454
1455
1456
1458
1459
1460
1462
1463
1464
1466
1467
1468
1470
1471
1472
1474
1475
1476
1478
1479
1480
1482
1483
1484
1486
1487
1488
1490
1491
1492
1494
1495
1496
1498
1499
1500
1502
1503
1504
1506
1507
1508
1509
1511
1512
1513
1515
1516
1517
1519
1520
1521
1523
1524
1525
1526
1528
1529
1530
1532
1533
1534
1536
1537
1538
1539
1541
1542
1543
1545
1546
1547
1548
1550
1551
1552
1554
1555
1556
1558
1559
1560
1561
1563
1564
1565
1567
1568
1569
1571
1572
1573
1574
1576
1577
1578
1580
1581
1582
1584
1585
1586
1588
1589
1590
1592
1593
1594
1596
1597
1598
1599
1601
1602
1603
1605
1606
1607
1609
1610
1611
1613
1614
1615
1617
1618
1619
1621
1622
1623
1624
1626
1627
1628
1630
1631
1632
1634
1635
1636
1637
1639
1640
1641
1643
1644
1645
1646
1648
1649
1650
1652
1653
1654
1656
1657
1658
1659
1661
1662
1663
1665
1666
1667
1669
1670
1671
1673
1674
1676
1677
1678
1680
1681
1682
1684
1685
1686
1688
1689
1690
1691
1693
1694
1695
1697
1698
1699
1700
1702
1703
1704
1706
1707
1708
1709
1711
1712
1713
1715
1716
1717
1719
1720
1721
1723
1724
1725
1727
1728
1729
1731
1732
1733
1735
1736
1737
1739
1740
1741
1743
1744
1745
1747
1748
1749
1751
1752
1754
1755
1756
1758
1759
1760
1762
1763
1764
1766
1767
1768
1770
1771
1773
1774
1775
1777
1778
1779
1781
1782
1783
1785
1786
1788
1789
1790
1791
1793
1794
1796
1797
1799
1800
1801
1803
1804
1805
1807
1808
1809
1811
1812
1814
1815
1816
1818
1819
1820
1822
1823
1825
1826
1827
1829
1830
1831
1833
1834
1835
1837
1838
1840
1841
1842
1844
1845
1846
1848
1849
1850
1852
1853
1854
1856
1857
1858
1860
1861
1862
1864
1865
1866
1868
1869
1870
1872
1873
1874
1876
1877
1878
1880
1881
1882
1884
1885
1886
1888
1889
1890
1892
1893
1894
1896
1897
1899
1900
1901
1903
1904
1905
1907
1908
1909
1911
1912
1914
1915
1916
1918
1919
1920
1922
1923
1924
1926
1927
1929
1930
1931
1933
1934
1935
1937
1938
1940
1941
1942
1944
1945
1946
1948
1949
1950
1951
1953
1954
1955
1956
1958
1959
1960
1961
1963
1964
1965
1966
1968
1969
1970
1971
1972
1974
1975
1976
1978
1979
1980
1981
1983
1984
1985
1987
1988
1989
1990
1992
1993
1994
1995
1997
1998
1999
2000
2002
2003
2004
2006
2007
2008
2009
2011
2012
2013
2015
2017
2018
2020
2021
2022
2024
2025
2026
2028
2029
2030
2032
2033
2034
2035
2037
2038
2039
2041
2042
2043
2045
2046
2047
2048
2050
2051
2052
2054
2055
2056
2058
2059
2060
2061
2063
2064
2065
2067
2068
2069
2070
2072
2073
2074
2075
2077
2078
2079
2081
2082
2084
2085
2086
2087
2089
2090
2091
2093
2094
2095
2097
2098
2099
2100
2102
2103
2104
2106
2107
2108
2109
2111
2112
2113
2115
2116
2117
2118
2120
2121
2122
2124
2125
2126
2128
2129
2130
2131
2133
2134
2135
2137
2138
2139
2140
2142
2143
2144
2145
2147
2148
2149
2151
2152
2153
2155
2156
2157
2159
2160
2161
2163
2164
2165
2166
2168
2169
2170
2171
2173
2174
2175
2177
2178
2179
2180
2182
2183
2184
2186
2187
2188
2190
2191
2193
2194
2195
2197
2198
2199
2201
2202
2203
2205
2206
2207
2209
2210
2211
2212
2214
2215
2216
2218
2219
2220
2222
2223
2224
2226
2227
2228
2229
2231
2232
2233
2235
2236
2237
2239
2240
2241
2242
2244
2245
2246
2248
2249
2250
2252
2253
2254
2256
2257
2258
2260
2261
2262
2263
2265
2266
2267
2268
2270
2271
2272
2274
2275
2276
2277
2279
2280
2281
2283
2284
2285
2287
2288
2289
2291
2292
2293
2295
2296
2297
2299
2300
2301
2303
2304
2305
2307
2308
2309
2311
2312
2313
2315
2316
2317
2319
2320
2321
2323
2324
2325
2327
2328
2329
2331
2332
2333
2335
2336
2337
2339
2340
2341
2343
2344
2345
2347
2348
2349
2351
2352
2353
2355
2356
2357
2358
2360
2361
2362
2364
2365
2366
2368
2369
2370
2372
2373
2374
2376
2377
2378
2380
2381
2382
2384
2385
2386
2388
2389
2390
2392
2393
2394
2396
2397
2398
2400
2401
2402
2404
2405
2406
2408
2409
2410
2412
2413
2414
2416
2417
2418
2420
2421
2422
2424
2425
2426
2428
2429
2430
2432
2433
2434
2436
2437
2438
2440
2441
2442
2444
2449
2451
2452
2453
2454
2456
2457
2458
2460
2461
2462
2463
2465
2466
2467
2469
2471
2472
2473
2475
2476
2478
2479
2481
2483
2484
2485
2487
2488
2489
2491
2492
2493
2494
2496
2497
2499
2500
2501
2503
2504
2506
2507
2508
2509
2511
2512
2513
2515
2516
2517
2519
2520
2521
2523
2524
2525
2527
2528
2529
2531
2532
2533
2534
2536
2537
2538
2540
2541
2542
2544
2545
2546
2547
2549
2550
2551
2553
2554
2556
2557
2559
2560
2561
2563
2564
2565
2567
2568
2569
2571
2572
2573
2575
2576
2577
2579
2580
2581
2583
2584
2585
2586
2588
2589
2591
2592
2593
2595
2596
2597
2599
2600
2601
2602
2604
2605
2606
2608
2609
2610
2612
2613
2614
2616
2617
2618
2619
2621
2622
2623
2624
2626
2627
2628
2629
2631
2632
2633
2635
2636
2637
2638
2640
2641
2642
2644
2645
2646
2648
2649
2650
2652
2653
2654
2656
2657
2658
2660
2661
2662
2664
2665
2667
2668
2669
2671
2672
2673
2675
2676
2677
2678
2680
2681
2682
2684
2685
2686
2687
2689
2690
2691
2693
2694
2695
2696
2698
2699
2700
2701
2703
2704
2705
2706
2708
2709
2710
2711
2713
2714
2715
2717
2718
2719
2720
2722
2723
2724
2725
2727
2728
2729
2731
2732
2733
2734
2736
2737
2738
2739
2741
2742
2743
2745
2746
2747
2749
2750
2751
2753
2754
2755
2757
2758
2759
2760
2762
2763
2764
2765
2767
2768
2769
2770
2772
2773
2774
2776
2777
2778
2779
2781
2782
2783
2784
2786
2787
2788
2790
2791
2792
2793
2795
2796
2797
2798
2800
2801
2802
2804
2805
2806
2807
2809
2810
2811
2812
2814
2815
2816
2818
2819
2820
2821
2823
2824
2825
2826
2828
2829
2830
2832
2833
2834
2835
2837
2838
2839
2840
2842
2843
2844
2846
2847
2848
2849
2851
2852
2853
2855
2856
2857
2859
2860
2861
2863
2864
2865
2867
2868
2869
2871
2872
2873
2874
2876
2877
2878
2880
2881
2882
2884
2885
2886
2888
2889
2890
2892
2893
2894
2896
2897
2898
2900
2901
2902
2903
2905
2906
2907
2909
2910
2911
2913
2914
2915
2916
2918
2919
2920
2922
2923
2924
2926
2927
2928
2930
2931
2932
2933
2935
2936
2937
2939
2940
2941
2942
2944
2945
2946
2948
2949
2950
2952
2953
2954
2955
2957
2958
2959
2961
2962
2963
2964
2966
2967
2968
2970
2971
2972
2973
2975
2976
2977
2979
2980
2981
2982
2984
2985
2986
2988
2989
2990
2991
2993
2994
2995
2997
2998
2999
3001
3002
3003
3004
3006
3007
3008
3010
3011
3012
3013
3015
3016
3017
3019
3020
3021
3022
3024
3025
3026
3028
3029
3030
3031
3033
3034
3035
3037
3038
3039
3040
3042
3043
3044
3046
3047
3049
3051
3052
3053
3055
3056
3057
3058
3060
3061
3062
3064
3066
3068
3070
3071
3073
3075
3077
3079
3081
3082
3084
3085
3086
3088
3089
3090
3092
3093
3095
3096
3097
3099
3100
3101
3102
3104
3105
3106
3107
3109
3110
3111
3112
3114
3115
3116
3117
3119
3120
3121
3122
3124
3125
3126
3128
3129
3130
3131
3133
3134
3135
3136
3138
3139
3140
3142
3143
3144
3145
3147
3148
3149
3151
3152
3153
3154
3156
3157
3158
3160
3161
3162
3163
3165
3166
3167
3168
3170
3171
3172
3173
3175
3176
3177
3179
3180
3181
3182
3184
3185
3186
3187
3189
3190
3191
3192
3194
3195
3196
3198
3199
3200
3201
3203
3204
3205
3206
3208
3209
3210
3211
3213
3214
3215
3217
3218
3219
3220
3222
3223
3224
3225
3227
3228
3229
3230
3232
3233
3234
3236
3237
3238
3239
3241
3242
3243
3244
3246
3247
3248
3249
3251
3252
3253
3255
3256
3257
3258
3260
3261
3262
3263
3265
3266
3267
3269
3270
3271
3272
3274
3275
3276
3277
3279
3280
3281
3282
3284
3285
3286
3288
3289
3290
3292
3293
3294
3296
3297
3298
3300
3301
3302
3304
3305
3306
3308
3309
3310
3312
3313
3314
3316
3317
3318
3320
3321
3322
3324
3325
3326
3328
3329
3330
3332
3333
3334
3336
3337
3338
3340
3341
3342
3344
3345
3346
3348
3349
3350
3352
3353
3354
3356
3357
3358
3360
3361
3362
3364
3365
3366
3368
3369
3370
3372
3373
3374
3376
3377
3379
3380
3382
3383
3384
3386
3387
3388
3389
3391
3392
3393
3394
3396
3397
3398
3400
3401
3402
3404
3405
3406
3408
3409
3410
3412
3413
3414
3416
3417
3418
3420
3424
3425
3427
3428
3429
3431
3432
3433
3435
3436
3437
3438
3440
3441
3442
3443
3445
3446
3447
3449
3450
3451
3452
3454
3455
3456
3457
3459
3460
3461
3463
3464
3465
3466
3468
3469
3470
3472
3473
3474
3475
3477
3478
3479
3481
3482
3483
3484
3486
3487
3488
3490
3491
3492
3493
3495
3496
3497
3499
3500
3501
3502
3504
3505
3506
3508
3509
3510
3512
3513
3514
3516
3517
3518
3519
3521
3522
3523
3525
3526
3527
3528
3530
3531
3532
3534
3535
3536
3537
3539
3540
3541
3543
3544
3545
3546
3548
3549
3550
3552
3553
3554
3555
3557
3558
3559
3560
3562
3563
3564
3566
3567
3568
3570
3571
3572
3573
3575
3576
3577
3579
3580
3581
3583
3584
3585
3586
3588
3589
3590
3592
3593
3594
3595
3597
3598
3599
3601
3602
3603
3604
3606
3607
3608
3610
3611
3612
3613
3615
3616
3617
3619
3620
3621
3623
3624
3625
3627
3628
3629
3631
3632
3634
3636
3638
3640
3642
3644
3646
3648
3650
3652
3654
3656
3658
3660
3662
3664
3666
3667
3669
3670
3672
3673
3674
3676
3677
3678
3680
3681
3682
3684
3685
3686
3687
3689
3690
3692
3693
3694
3695
3697
3698
3699
3701
3702
3703
3705
3706
3707
3708
3710
3711
3712
3714
3715
3716
3718
3719
3720
3721
3723
3724
3725
3727
3728
3729
3731
3732
3733
3735
3736
3737
3739
3740
3741
3743
3745
3746
3747
3748
3750
3751
3752
3754
3755
3756
3758
3759
3760
3762
3765
3767
3768
3769
3771
3772
3773
3774
3776
3777
3778
3780
3781
3782
3783
3785
3786
3787
3789
3790
3792
3793
3795
3796
3797
3798
3800
3801
3802
3803
3805
3806
3807
3809
3810
3811
3813
3814
3815
3816
3818
3819
3820
3822
3823
3824
3825
3827
3829
3831
3832
3834
3836
3838
3840
3842
3844
3845
3847
3849
3851
3853
3854
3856
3858
3860
3862
3864
3866
3867
3869
3871
3873
3875
3877
3879
3881
3883
3885
3887
3889
3891
3892
3893
3895
3896
3897
3899
3900
3901
3902
3904
3905
3906
3907
3909
3910
3911
3913
3914
3915
3917
3918
3919
3921
3922
3923
3925
3926
3927
3928
3930
3931
3932
3934
3935
3936
3938
3939
3940
3941
3943
3944
3945
3947
3948
3949
3950
3952
3953
3954
3956
3957
3958
3960
3961
3962
3964
3965
3966
3967
3969
3970
3971
3972
3974
3975
3976
3977
3979
3980
3981
3983
3984
3985
3987
3988
3989
3991
3992
3993
3994
3996
3997
3998
4000
4001
4002
4003
4005
4006
4007
4009
4010
4011
4013
4014
4015
4016
4018
4019
4020
4022
4023
4024
4026
4027
4028
4029
4031
4032
4033
4035
4036
4037
4039
4040
4041
4042
4044
4045
4046
4048
4049
4050
4052
4053
4054
4056
4057
4058
4059
4061
4062
4063
4065
4066
4067
4069
4070
4071
4072
4074
4075
4076
4078
4079
4080
4081
4083
4084
4085
4087
4088
4089
4090
4092
4093
4094
4096
4097
4098
4099
4101
4102
4103
4104
4106
4107
4108
4110
4111
4112
4113
4115
4116
4117
4118
4120
4121
4122
4124
4125
4126
4127
4129
4130
4131
4133
4134
4135
4136
4138
4139
4140
4142
4143
4144
4145
4147
4148
4149
4151
4152
4153
4154
4156
4157
4158
4159
4161
4162
4163
4164
4166
4167
4168
4169
4171
4172
4173
4175
4176
4177
4178
4180
4181
4182
4183
4185
4186
4187
4188
4190
4191
4192
4194
4195
4196
4197
4199
4200
4201
4203
4204
4205
4207
4208
4209
4210
4212
4213
4214
4216
4217
4218
4219
4221
4222
4223
4224
4226
4227
4228
4230
4231
4232
4233
4235
4236
4237
4239
4240
4241
4243
4244
4245
4246
4248
4249
4250
4252
4253
4254
4256
4257
4258
4259
4261
4262
4263
4265
4266
4267
4268
4270
4271
4272
4274
4275
4276
4277
4279
4280
4281
4283
4284
4285
4287
4288
4289
4290
4292
4293
4294
4296
4297
4298
4300
4301
4302
4303
4305
4306
4307
4309
4310
4311
4313
4314
4315
4316
4318
4319
4320
4322
4323
4324
4325
4327
4328
4329
4331
4332
4333
4335
4336
4337
4339
4340
4342
4343
4344
4346
4347
4349
4350
4352
4353
4354
4356
4357
4359
4360
4362
4363
4364
4366
4367
4369
4370
4372
4373
4374
4376
4377
4379
4380
4382
4383
4384
4386
4387
4389
4390
4392
4393
4395
4396
4398
4399
4401
4402
4403
4405
4406
4408
4409
4411
4412
4413
4415
4416
4418
4419
4421
4422
4423
4425
4426
4428
4429
4431
4432
4434
4435
4436
4438
4439
4441
4442
4444
4445
4446
4447
4449
4450
4451
4453
4454
4455
4456
4458
4459
4460
4462
4463
4464
4466
4467
4468
4470
4471
4473
4474
4475
4477
4478
4479
4480
4482
4483
4484
4486
4487
4489
4490
4491
4492
4494
4495
4497
4498
4499
4501
4502
4503
4504
4506
4507
4508
4510
4511
4512
4514
4515
4516
4518
4519
4520
4522
4523
4524
4526
4527
4528
4530
4531
4532
4534
4535
4536
4538
4539
4540
4542
4543
4544
4545
4547
4548
4549
4551
4552
4554
4555
4556
4558
4559
4560
4561
4563
4564
4565
4567
4568
4569
4570
4572
4573
4574
4575
4577
4578
4579
4581
4582
4583
4584
4586
4587
4588
4590
4591
4592
4593
4595
4596
4597
4598
4600
4601
4602
4603
4605
4606
4607
4608
4610
4611
4612
4614
4615
4616
4617
4618
4620
4621
4622
4623
4625
4626
4627
4629
4630
4631
4632
4634
4635
4636
4637
4639
4640
4641
4642
4644
4645
4646
4648
4649
4650
4651
4653
4654
4655
4656
4657
4659
4660
4661
4662
4664
4665
4666
4668
4669
4670
4671
4673
4674
4675
4677
4678
4679
4681
4682
4683
4684
4686
4687
4688
4690
4691
4692
4694
4695
4696
4697
4699
4700
4701
4703
4704
4705
4706
4708
4709
4710
4712
4713
4714
4715
4717
4718
4719
4721
4722
4723
4724
4726
4727
4728
4729
4731
4732
4733
4735
4736
4737
4738
4740
4741
4742
4744
4745
4746
4747
4749
4750
4751
4753
4754
4755
4756
4758
4759
4760
4762
4763
4764
4766
4767
4768
4769
4771
4772
4773
4775
4776
4777
4778
4780
4781
4782
4783
4785
4786
4787
4789
4790
4791
4792
4794
4795
4796
4798
4799
4800
4801
4803
4804
4805
4807
4808
4809
4810
4812
4813
4814
4816
4817
4818
4819
4821
4822
4823
4825
4826
4827
4829
4830
4831
4832
4834
4835
4836
4838
4839
4840
4841
4843
4844
4845
4847
4848
4849
4850
4852
4853
4854
4856
4857
4858
4860
4861
4862
4863
4865
4866
4867
4868
4870
4871
4872
4874
4875
4876
4877
4879
4880
4881
4883
4884
4885
4887
4888
4889
4891
4892
4893
4894
4896
4897
4898
4900
4901
4902
4904
4905
4906
4907
4909
4910
4911
4913
4914
4915
4916
4918
4919
4920
4922
4923
4924
4925
4927
4928
4929
4931
4932
4933
4935
4936
4937
4938
4940
4941
4942
4944
4945
4946
4947
4949
4950
4951
4953
4954
4955
4956
4958
4959
4960
4962
4963
4964
4965
4967
4968
4969
4971
4972
4973
4974
4976
4977
4978
4980
4981
4982
4983
4985
4986
4987
4989
4990
4991
4993
4994
4995
4996
4998
4999
5000
5002
5003
5004
5006
5007
5008
5009
5011
5012
5013
5014
5016
5017
5018
5020
5021
5022
5024
5025
5026
5027
5029
5030
5031
5033
5034
5035
5036
5038
5039
5040
5042
5043
5044
5045
5047
5048
5049
5051
5052
5053
5055
5056
5057
5058
5060
5061
5062
5064
5065
5066
5068
5069
5070
5071
5073
5074
5075
5077
5078
5079
5081
5082
5083
5084
5086
5087
5088
5090
5091
5092
5093
5095
5096
5097
5099
5100
5101
5102
5104
5105
5106
5107
5109
5110
5111
5113
5114
5115
5116
5118
5119
5120
5121
5123
5124
5125
5127
5128
5129
5130
5132
5133
5134
5136
5137
5138
5139
5141
5142
5143
5144
5146
5147
5148
5150
5151
5152
5153
5155
5156
5157
5159
5160
5161
5162
5164
5165
5166
5168
5169
5170
5171
5173
5174
5175
5176
5178
5179
5180
5182
5183
5184
5186
5187
5188
5189
5191
5192
5193
5195
5196
5197
5199
5200
5201
5202
5204
5205
5206
5207
5209
5210
5211
5213
5214
5215
5216
5218
5219
5220
5221
5223
5224
5225
5226
5228
5229
5230
5231
5233
5234
5235
5236
5238
5239
5240
5241
5243
5244
5245
5247
5248
5249
5250
5252
5253
5254
5256
5257
5258
5259
5261
5262
5263
5265
5266
5267
5268
5270
5271
5272
5273
5275
5276
5277
5279
5280
5281
5282
5284
5285
5286
5288
5289
5290
5291
5293
5294
5295
5296
5298
5299
5300
5302
5303
5304
5305
5307
5308
5309
5310
5312
5313
5314
5316
5317
5318
5319
5321
5322
5323
5325
5326
5327
5328
5330
5331
5332
5333
5335
5336
5337
5339
5340
5341
5342
5344
5345
5346
5348
5349
5350
5351
5353
5354
5355
5357
5358
5359
5360
5362
5363
5364
5366
5367
5368
5370
5371
5372
5373
5375
5376
5377
5379
5380
5381
5382
5384
5385
5386
5388
5389
5390
5392
5393
5394
5395
5397
5398
5399
5401
5402
5403
5404
5406
5407
5408
5410
5411
5412
5413
5415
5416
5417
5419
5420
5421
5422
5424
5425
5426
5428
5429
5430
5431
5433
5434
5435
5437
5438
5439
5440
5442
5443
5444
5445
5447
5448
5449
5450
5452
5453
5454
5455
5457
5459
5460
5461
5462
5464
5465
5466
5467
5469
5470
5471
5473
5474
5475
5476
5478
5479
5480
5482
5483
5484
5485
5487
5488
5489
5490
5492
5493
5494
5495
5497
5498
5499
5501
5502
5503
5504
5506
5507
5508
5510
5511
5512
5513
5515
5516
5517
5518
5520
5521
5522
5524
5525
5526
5528
5529
5530
5531
5533
5534
5535
5537
5538
5539
5541
5542
5543
5544
5546
5547
5548
5550
5551
5552
5554
5555
5557
5558
5559
5561
5562
5563
5565
5566
5567
5569
5570
5571
5573
5574
5575
5577
5578
5579
5580
5582
5583
5584
5586
5587
5588
5590
5591
5592
5594
5595
5596
5598
5599
5600
5601
5603
5604
5605
5607
5608
5609
5611
5612
5614
5615
5616
5617
5619
5620
5621
5623
5624
5625
5627
5628
5629
5630
5632
5633
5634
5635
5637
5638
5639
5640
5641
5643
5644
5645
5646
5648
5649
5650
5652
5653
5654
5655
5656
5658
5659
5660
5661
5663
5664
5665
5666
5668
5669
5670
5672
5673
5674
5675
5677
5678
5679
5681
5682
5683
5684
5686
5687
5688
5690
5691
5692
5693
5695
5696
5697
5699
5700
5701
5702
5704
5705
5706
5708
5709
5710
5711
5713
5714
5715
5717
5718
5719
5720
5722
5723
5724
5725
5727
5728
5729
5731
5732
5733
5734
5736
5737
5738
5739
5741
5742
5743
5745
5746
5747
5749
5750
5751
5752
5754
5755
5756
5758
5759
5760
5761
5763
5764
5765
5767
5768
5769
5770
5772
5773
5774
5775
5777
5778
5779
5780
5782
5783
5784
5785
5787
5788
5789
5790
5792
5793
5794
5796
5797
5798
5800
5801
5802
5804
5805
5806
5807
5809
5810
5811
5813
5814
5815
5817
5818
5819
5821
5822
5823
5825
5826
5827
5829
5830
5832
5833
5834
5836
5837
5838
5840
5841
5842
5844
5845
5846
5848
5849
5850
5852
5853
5854
5856
5857
5858
5860
5861
5862
5864
5865
5866
5868
5869
5870
5872
5873
5874
5876
5877
5879
5880
5881
5883
5884
5885
5887
5888
5889
5891
5892
5893
5895
5896
5897
5899
5900
5901
5903
5904
5905
5906
5908
5909
5910
5911
5912
5914
5915
5916
5917
5919
5920
5921
5922
5924
5925
5926
5928
5929
5930
5931
5932
5934
5935
5936
5938
5939
5940
5941
5943
5944
5945
5946
5948
5949
5950
5952
5953
5954
5955
5957
5958
5959
5960
5962
5963
5964
5965
5967
5968
5969
5971
5972
5973
5974
5976
5977
5978
5979
5981
5982
5983
5984
5986
5987
5988
5989
5991
5992
5993
5994
5996
5997
5998
5999
6001
6002
6003
6004
6006
6007
6008
6009
6011
6012
6013
6014
6016
6017
6018
6019
6021
6022
6023
6024
6026
6027
6028
6029
6031
6032
6033
6034
6036
6037
6038
6039
6041
6042
6043
6044
6046
6047
6048
6049
6051
6052
6053
6055
6056
6057
6058
6060
6061
6062
6064
6065
6066
6067
6069
6070
6071
6073
6074
6075
6076
6078
6079
6080
6081
6083
6084
6085
6087
6088
6089
6090
6092
6093
6094
6095
6097
6098
6099
6101
6102
6103
6105
6106
6107
6108
6110
6111
6112
6113
6115
6116
6117
6118
6120
6121
6122
6124
6125
6126
6127
6129
6130
6131
6133
6134
6135
6136
6137
6139
6140
6141
6142
6144
6145
6146
6148
6149
6150
6151
6153
6154
6155
6156
6158
6159
6160
6161
6162
6164
6165
6166
6167
6169
6170
6171
6173
6174
6175
6176
6178
6179
6180
6181
6183
6184
6185
6186
6188
6189
6190
6191
6192
6194
6195
6196
6197
6199
6200
6201
6203
6204
6205
6206
6208
6209
6210
6212
6213
6214
6216
6217
6218
6219
6221
6222
6223
6225
6226
6227
6228
6230
6231
6232
6233
6235
6236
6237
6239
6240
6241
6242
6244
6245
6246
6248
6249
6250
6251
6253
6254
6255
6257
6258
6259
6260
6262
6263
6264
6266
6267
6268
6269
6271
6272
6273
6275
6276
6277
6278
6280
6281
6282
6284
6285
6286
6288
6289
6290
6291
6293
6294
6295
6297
6298
6299
6300
6302
6303
6304
6305
6307
6308
6309
6311
6313
6314
6316
6317
6318
6320
6321
6322
6323
6324
6326
6327
6328
6329
6331
6332
6333
6334
6335
6337
6338
6339
6340
6342
6343
6344
6345
6347
6348
6349
6350
6351
6353
6354
6355
6356
6358
6359
6360
6361
6363
6364
6365
6366
6368
6369
6370
6371
6372
6374
6375
6376
6377
6378
6380
6381
6382
6383
6385
6386
6387
6388
6390
6391
6392
6393
6395
6396
6397
6399
6400
6401
6402
6404
6405
6406
6408
6409
6410
6411
6413
6414
6415
6417
6418
6419
6420
6422
6423
6424
6426
6427
6428
6429
6431
6432
6433
6435
6436
6437
6438
6440
6441
6442
6444
6445
6446
6447
6449
6450
6451
6452
6454
6455
6456
6457
6459
6460
6461
6462
6464
6465
6466
6467
6469
6470
6471
6472
6474
6475
6476
6477
6479
6480
6481
6482
6484
6485
6486
6487
6488
6490
6491
6492
6493
6495
6496
6497
6498
6500
6501
6502
6503
6505
6506
6507
6509
6510
6511
6512
6514
6515
6516
6518
6519
6520
6521
6523
6524
6525
6527
6528
6529
6530
6532
6533
6534
6535
6536
6538
6539
6540
6541
6543
6544
6545
6546
6548
6549
6550
6551
6552
6554
6555
6556
6557
6558
6560
6561
6562
6563
6564
6566
6567
6568
6569
6570
6572
6573
6574
6575
6577
6578
6579
6580
6582
6583
6584
6585
6586
6588
6589
6590
6591
6593
6594
6595
6596
6597
6599
6600
6601
6602
6604
6605
6606
6607
6609
6610
6611
6613
6614
6615
6616
6618
6619
6620
6622
6623
6624
6625
6626
6628
6629
6630
6631
6633
6634
6635
6636
6638
6639
6640
6641
6643
6644
6645
6646
6648
6649
6650
6651
6653
6654
6655
6656
6658
6659
6660
6662
6663
6664
6665
6666
6668
6669
6670
6671
6673
6674
6675
6676
6678
6679
6680
6681
6683
6684
6685
6686
6688
6689
6690
6691
6693
6694
6695
6696
6698
6699
6700
6702
6703
6704
6705
6707
6708
6709
6710
6712
6713
6714
6715
6717
6718
6719
6720
6722
6723
6724
6725
6727
6728
6729
6731
6732
6733
6734
6736
6737
6738
6740
6741
6742
6744
6745
6746
6747
6749
6750
6751
6753
6754
6755
6757
6758
6759
6760
6762
6763
6764
6766
6767
6768
6769
6771
6772
6773
6775
6776
6777
6779
6780
6781
6783
6784
6785
6786
6788
6789
6790
6792
6793
6794
6796
6797
6799
6801
6802
6803
6805
6806
6807
6808
6810
6811
6812
6813
6815
6816
6817
6819
6820
6821
6822
6824
6825
6826
6828
6829
6830
6831
6833
6834
6835
6837
6838
6839
6840
6842
6843
6844
6845
6847
6848
6849
6851
6852
6853
6855
6856
6857
6858
6860
6861
6862
6864
6865
6866
6868
6869
6870
6871
6873
6874
6875
6877
6878
6879
6880
6882
6883
6884
6886
6887
6888
6889
6891
6892
6893
6895
6896
6897
6899
6900
6901
6902
6904
6905
6906
6908
6909
6910
6912
6913
6914
6915
6917
6918
6919
6921
6922
6923
6924
6926
6927
6928
6930
6931
6932
6933
6935
6936
6937
6939
6940
6941
6942
6944
6945
6946
6948
6949
6950
6952
6953
6954
6955
6957
6958
6959
6961
6962
6963
6965
6966
6967
6968
6970
6971
6972
6974
6975
6976
6977
6979
6980
6981
6983
6984
6985
6986
6988
6989
6990
6992
6993
6994
6995
6997
6998
6999
7001
7002
7003
7004
7006
7007
7008
7010
7011
7012
7014
7015
7016
7018
7019
7020
7021
7023
7024
7025
7027
7028
7030
7031
7032
7033
7035
7036
7037
7039
7040
7041
7042
7044
7045
7046
7047
7049
7050
7051
7053
7054
7055
7056
7058
7059
7060
7061
7063
7064
7065
7066
7068
7069
7070
7071
7073
7074
7075
7076
7077
7079
7080
7081
7082
7084
7085
7086
7087
7089
7090
7091
7092
7093
7095
7096
7097
7098
7100
7101
7102
7103
7105
7106
7107
7108
7109
7111
7112
7113
7114
7116
7117
7118
7119
7120
7122
7124
7125
7126
7128
7129
7130
7131
7133
7134
7135
7136
7137
7139
7140
7141
7143
7144
7145
7146
7148
7149
7151
7152
7154
7155
7156
7158
7159
7162
7163
7165
7166
7168
7169
7172
7177
7179
7180
7181
7182
7184
7185
7186
7187
7192
7193
7195
7196
7197
7198
7200
7201
7202
7203
7205
7206
7207
7208
7210
7211
7212
7213
7215
7216
7217
7219
7220
7221
7222
7224
7225
7226
7228
7229
7230
7231
7233
7234
7235
7236
7238
7239
7240
7242
7243
7244
7245
7247
7248
7249
7251
7252
7253
7254
7256
7257
7258
7259
7261
7262
7263
7264
7266
7267
7268
7270
7274
7275
7276
7277
7279
7280
7281
7282
7284
7285
7286
7288
7289
7290
7291
7293
7294
7295
7297
7298
7299
7300
7302
7303
7304
7306
7307
7308
7310
7311
7312
7313
7315
7316
7317
7318
7320
7321
7322
7324
7325
7326
7328
7329
7331
7332
7333
7335
7336
7338
7339
7340
7345
7346
7347
7352
7353
7355
7356
7357
7359
7360
7362
7364
7365
7366
7368
7369
7371
7372
7374
7375
7376
7378
7379
7380
7382
7383
7384
7386
7387
7389
7390
7391
7393
7394
7395
7397
7398
7399
7401
7402
7404
7405
7406
7408
7409
7410
7412
7413
7415
7416
7417
7419
7420
7421
7423
7424
7425
7427
7428
7430
7431
7432
7434
7435
7436
7438
7439
7440
7441
7443
7444
7445
7446
7448
7449
7450
7451
7453
7454
7455
7456
7458
7459
7460
7461
7463
7464
7465
7466
7468
7469
7470
7471
7473
7474
7475
7476
7477
7479
7480
7481
7482
7484
7485
7486
7487
7488
7490
7491
7492
7493
7495
7496
7497
7498
7500
7501
7502
7503
7504
7506
7507
7508
7509
7511
7512
7513
7514
7516
7517
7518
7519
7520
7522
7523
7524
7526
7527
7528
7530
7531
7532
7534
7535
7536
7538
7539
7540
7542
7543
7544
7546
7547
7548
7549
7551
7552
7553
7555
7556
7557
7559
7560
7561
7563
7564
7566
7567
7568
7570
7571
7572
7574
7575
7577
7578
7579
7581
7582
7583
7585
7586
7588
7589
7590
7592
7593
7595
7596
7597
7599
7600
7601
7603
7604
7606
7607
7608
7610
7611
7612
7614
7615
7617
7618
7619
7621
7622
7623
7625
7626
7628
7629
7630
7632
7633
7634
7636
7637
7639
7640
7641
7643
7644
7645
7647
7648
7650
7651
7653
7654
7655
7657
7658
7660
7661
7663
7664
7666
7667
7669
7670
7671
7673
7674
7675
7677
7678
7679
7680
7682
7683
7684
7685
7687
7688
7689
7690
7692
7693
7694
7695
7697
7698
7699
7700
7702
7703
7704
7705
7707
7708
7709
7711
7712
7713
7714
7716
7717
7718
7720
7721
7722
7723
7725
7726
7727
7728
7730
7731
7732
7733
7735
7736
7737
7738
7740
7741
7742
7743
7745
7746
7747
7749
7750
7751
7752
7754
7755
7756
7757
7759
7760
7761
7762
7764
7765
7766
7767
7769
7770
7771
7772
7774
7775
7776
7778
7779
7780
7781
7783
7784
7785
7786
7788
7789
7790
7791
7793
7794
7795
7796
7798
7799
7800
7802
7803
7804
7805
7807
7808
7809
7810
7812
7813
7814
7815
7817
7818
7819
7820
7822
7823
7824
7826
7827
7828
7829
7831
7832
7833
7834
7836
7837
7838
7839
7841
7842
7843
7844
7846
7847
7848
7849
7851
7852
7853
7854
7856
7857
7858
7859
7861
7862
7863
7864
7866
7867
7868
7869
7871
7872
7873
7874
7876
7877
7878
7879
7881
7882
7883
7884
7886
7887
7888
7889
7891
7892
7893
7894
7896
7897
7898
7900
7901
7902
7903
7905
7906
7907
7908
7910
7911
7912
7913
7915
7916
7917
7919
7920
7921
7922
7924
7925
7926
7927
7929
7930
7931
7932
7934
7935
7936
7938
7939
7940
7941
7943
7944
7945
7947
7948
7949
7951
7952
7953
7955
7956
7957
7959
7960
7961
7963
7964
7965
7967
7968
7969
7971
7972
7973
7975
7976
7977
7979
7980
7981
7983
7984
7986
7987
7988
7989
7991
7992
7994
7995
7996
7997
7999
8000
8001
8003
8004
8005
8007
8008
8009
8011
8012
8013
8015
8016
8017
8019
8020
8021
8023
8024
8025
8026
8028
8029
8030
8031
8032
8033
8035
8036
8037
8038
8039
8041
8042
8043
8044
8045
8046
8048
8049
8050
8051
8053
8054
8055
8057
8058
8059
8060
8062
8063
8064
8065
8067
8068
8069
8070
8072
8073
8074
8075
8077
8078
8079
8081
8082
8083
8084
8086
8087
8088
8089
8091
8092
8093
8094
8096
8097
8098
8099
8100
8102
8103
8104
8105
8107
8108
8109
8111
8112
8113
8114
8116
8117
8118
8119
8121
8122
8123
8125
8126
8127
8128
8130
8131
8132
8133
8135
8136
8137
8138
8139
8141
8142
8143
8144
8146
8147
8148
8149
8151
8152
8153
8154
8156
8157
8158
8159
8161
8162
8163
8164
8166
8167
8168
8169
8171
8172
8173
8174
8176
8177
8178
8179
8181
8182
8183
8184
8185
8187
8188
8189
8191
8192
8193
8194
8196
8197
8198
8200
8201
8202
8204
8205
8206
8207
8209
8210
8211
8212
8214
8215
8216
8217
8219
8220
8221
8222
8224
8225
8226
8227
8229
8230
8231
8232
8234
8235
8236
8237
8239
8240
8241
8242
8244
8245
8246
8247
8249
8250
8251
8252
8254
8255
8256
8257
8259
8260
8261
8262
8264
8265
8266
8267
8269
8270
8271
8272
8274
8275
8276
8277
8279
8280
8281
8283
8284
8285
8286
8288
8289
8290
8291
8293
8294
8295
8296
8298
8299
8300
8301
8303
8304
8305
8306
8308
8309
8310
8311
8313
8314
8315
8317
8318
8319
8320
8322
8323
8324
8326
8327
8328
8329
8331
8332
8333
8335
8336
8337
8338
8340
8341
8342
8344
8345
8346
8347
8349
8350
8351
8353
8354
8355
8356
8358
8359
8360
8362
8363
8364
8365
8367
8368
8369
8371
8372
8373
8374
8376
8377
8388
8389
8391
8392
8393
8395
8396
8397
8398
8400
8401
8402
8404
8405
8406
8407
8409
8410
8411
8412
8414
8415
8416
8418
8419
8420
8421
8423
8424
8425
8427
8428
8429
8430
8432
8433
8434
8436
8437
8438
8440
8441
8442
8443
8445
8446
8447
8449
8450
8451
8452
8454
8455
8456
8458
8459
8460
8461
8463
8464
8465
8466
8468
8469
8470
8472
8473
8474
8475
8477
8478
8479
8480
8482
8483
8484
8485
8487
8488
8489
8490
8492
8493
8494
8495
8497
8498
8499
8501
8502
8503
8504
8506
8507
8508
8509
8511
8512
8513
8514
8516
8517
8518
8519
8521
8522
8523
8524
8526
8527
8528
8529
8531
8532
8533
8534
8536
8537
8538
8539
8541
8542
8543
8545
8546
8547
8548
8550
8551
8552
8553
8555
8556
8557
8558
8560
8561
8562
8564
8565
8566
8567
8568
8570
8571
8572
8573
8575
8576
8577
8578
8580
8581
8582
8583
8585
8586
8587
8588
8590
8591
8592
8593
8595
8596
8597
8598
8600
8601
8602
8603
8605
8606
8607
8608
8610
8611
8612
8613
8615
8616
8617
8619
8620
8621
8622
8624
8625
8626
8628
8629
8631
8632
8633
8635
8636
8637
8639
8640
8641
8643
8644
8645
8647
8648
8649
8651
8652
8653
8655
8656
8657
8659
8660
8661
8663
8664
8665
8667
8668
8669
8671
8672
8673
8674
8676
8677
8678
8680
8681
8682
8683
8685
8686
8687
8689
8690
8691
8692
8694
8695
8696
8698
8699
8700
8701
8703
8704
8705
8706
8708
8709
8710
8712
8713
8714
8715
8716
8718
8719
8720
8721
8723
8724
8725
8726
8728
8729
8730
8731
8733
8734
8735
8737
8738
8739
8740
8742
8743
8744
8745
8747
8748
8749
8750
8752
8754
8755
8757
8759
8761
8763
8764
8766
8768
8770
8771
8773
8775
8777
8779
8780
8782
8783
8785
8786
8787
8789
8790
8791
8792
8794
8795
8796
8798
8799
8800
8801
8803
8804
8805
8807
8808
8809
8810
8812
8813
8814
8816
8817
8818
8820
8821
8822
8823
8825
8826
8827
8829
8830
8831
8832
8834
8835
8836
8838
8839
8840
8841
8843
8844
8845
8846
8848
8849
8850
8851
8852
8854
8855
8857
8858
8859
8860
8862
8863
8867
8869
8870
8872
8873
8875
8876
8877
8879
8880
8881
8883
8884
8885
8886
8888
8889
8890
8892
8893
8894
8896
8897
8898
8899
8901
8902
8903
8904
8906
8907
8908
8909
8910
8912
8913
8914
8915
8917
8918
8919
8920
8922
8923
8924
8925
8927
8928
8929
8930
8932
8933
8934
8935
8937
8938
8939
8940
8942
8943
8944
8946
8947
8948
8950
8951
8952
8953
8955
8956
8957
8958
8960
8961
8962
8963
8964
8966
8967
8968
8969
8971
8972
8973
8974
8976
8977
8978
8979
8981
8982
8983
8984
8986
8987
8988
8989
8990
8992
8993
8994
8995
8997
8998
8999
9000
9002
9003
9004
9005
9007
9008
9009
9010
9011
9013
9014
9015
9016
9018
9019
9020
9021
9023
9024
9025
9026
9028
9029
9030
9031
9033
9034
9035
9036
9037
9039
9040
9041
9042
9044
9045
9046
9047
9049
9050
9051
9052
9054
9055
9056
9057
9059
9060
9061
9062
9064
9065
9066
9067
9069
9070
9071
9072
9073
9075
9076
9077
9078
9080
9081
9082
9083
9085
9086
9087
9088
9090
9091
9092
9093
9095
9096
9097
9098
9100
9101
9102
9103
9105
9106
9107
9108
9109
9111
9112
9113
9114
9116
9117
9118
9119
9121
9122
9123
9124
9126
9127
9128
9129
9131
9132
9133
9134
9136
9137
9138
9139
9140
9142
9143
9144
9145
9147
9148
9149
9151
9152
9153
9154
9155
9157
9158
9159
9160
9162
9163
9164
9165
9167
9168
9169
9170
9172
9173
9174
9175
9177
9178
9179
9180
9182
9183
9184
9185
9187
9188
9189
9190
9191
9193
9194
9195
9196
9198
9199
9200
9202
9203
9204
9205
9207
9208
9209
9210
9212
9213
9214
9215
9216
9218
9219
9220
9221
9223
9224
9225
9226
9228
9229
9230
9231
9233
9234
9235
9236
9238
9239
9240
9241
9243
9244
9245
9246
9248
9249
9250
9251
9253
9254
9255
9256
9258
9259
9260
9261
9262
9264
9265
9266
9267
9269
9270
9271
9272
9274
9275
9276
9277
9279
9280
9281
9282
9284
9285
9286
9288
9289
9290
9291
9293
9294
9295
9296
9298
9299
9300
9301
9302
9304
9305
9306
9307
9309
9310
9311
9312
9314
9315
9316
9317
9318
9320
9321
9322
9323
9325
9326
9327
9328
9330
9331
9332
9333
9335
9336
9337
9338
9339
9341
9342
9343
9344
9345
9347
9348
9349
9350
9351
9353
9354
9355
9356
9358
9359
9360
9361
9363
9364
9365
9367
9368
9369
9370
9372
9373
9374
9375
9377
9378
9379
9380
9382
9383
9384
9385
9387
9388
9389
9390
9392
9393
9394
9395
9396
9398
9399
9400
9401
9403
9404
9405
9406
9408
9409
9410
9411
9413
9414
9415
9416
9418
9419
9420
9421
9423
9424
9425
9426
9427
9429
9430
9431
9432
9434
9435
9436
9437
9439
9440
9441
9442
9444
9445
9446
9447
9449
9450
9451
9452
9454
9455
9456
9457
9458
9460
9461
9462
9464
9465
9466
9467
9468
9470
9471
9472
9473
9475
9476
9477
9478
9480
9481
9482
9483
9485
9486
9487
9488
9490
9491
9492
9493
9495
9496
9497
9498
9499
9501
9502
9503
9505
9506
9507
9508
9509
9511
9512
9513
9514
9516
9517
9518
9519
9520
9522
9523
9524
9525
9527
9528
9529
9530
9532
9533
9534
9535
9537
9538
9539
9540
9541
9543
9544
9545
9546
9548
9549
9550
9551
9553
9554
9555
9556
9558
9559
9560
9561
9563
9564
9565
9567
9568
9569
9570
9572
9573
9574
9576
9577
9578
9579
9581
9582
9583
9584
9586
9587
9588
9590
9591
9592
9594
9595
9596
9598
9599
9600
9602
9603
9604
9606
9607
9608
9610
9611
9613
9614
9615
9617
9618
9619
9621
9622
9623
9624
9626
9627
9628
9630
9631
9632
9634
9635
9637
9638
9639
9640
9642
9643
9644
9646
9647
9648
9650
9651
9652
9654
9655
9656
9657
9659
9660
9662
9663
9664
9665
9667
9668
9669
9670
9672
9673
9674
9676
9677
9678
9680
9681
9682
9684
9685
9686
9688
9689
9690
9692
9693
9694
9696
9697
9698
9700
9701
9702
9704
9705
9706
9707
9709
9710
9711
9712
9714
9715
9716
9718
9719
9720
9721
9723
9724
9725
9726
9728
9729
9730
9731
9733
9734
9735
9737
9738
9739
9740
9742
9743
9744
9745
9747
9748
9749
9751
9752
9753
9754
9756
9757
9758
9759
9761
9762
9763
9765
9766
9767
9768
9770
9771
9772
9773
9775
9776
9777
9779
9780
9781
9782
9784
9785
9786
9787
9789
9790
9791
9792
9793
9795
9796
9797
9798
9800
9801
9802
9804
9805
9806
9807
9809
9810
9811
9812
9814
9815
9816
9817
9818
9820
9821
9822
9823
9825
9826
9827
9828
9830
9831
9832
9833
9835
9836
9837
9839
9840
9841
9842
9844
9845
9846
9848
9849
9850
9852
9853
9854
9855
9857
9858
9859
9860
9862
9863
9864
9865
9867
9868
9869
9871
9872
9873
9874
9876
9877
9878
9880
9881
9882
9883
9885
9886
9887
9888
9890
9891
9892
9893
9895
9896
9897
9899
9900
9901
9902
9904
9905
9906
9908
9909
9910
9911
9913
9914
9915
9916
9918
9919
9920
9922
9923
9924
9925
9927
9928
9929
9930
9932
9933
9934
9936
9937
9938
9939
9941
9942
9943
9945
9946
9947
9948
9950
9951
9952
9953
9955
9956
9957
9959
9960
9961
9962
9964
9965
9966
9968
9969
9970
9971
9973
9974
9975
9976
9978
9979
9980
9981
9983
9984
9985
9987
9988
9989
9990
9992
9993
9994
9996
9997
9998
9999
10001
10003
10004
10005
10006
10008
10009
10010
10012
10013
10014
10015
10017
10018
10019
10021
10022
10023
10024
10026
10027
10028
10030
10031
10032
10033
10035
10036
10037
10039
10040
10041
10042
10044
10045
10046
10048
10049
10050
10051
10053
10054
10055
10056
10058
10059
10060
10062
10063
10064
10065
10067
10068
10069
10071
10072
10073
10074
10075
10077
10078
10079
10081
10082
10083
10084
10086
10087
10088
10090
10091
10092
10093
10095
10096
10097
10099
10100
10101
10102
10104
10105
10106
10108
10109
10110
10111
10113
10114
10115
10116
10118
10119
10120
10122
10123
10124
10125
10127
10128
10129
10131
10132
10133
10135
10136
10140
10141
10143
10144
10145
10146
10148
10149
10150
10151
10153
10154
10155
10157
10158
10159
10160
10161
10163
10164
10165
10166
10168
10169
10170
10171
10172
10174
10175
10176
10177
10179
10180
10181
10182
10183
10185
10186
10187
10188
10189
10191
10192
10193
10194
10196
10197
10198
10199
10200
10202
10203
10204
10205
10206
10208
10209
10210
10211
10212
10214
10215
10216
10217
10218
10220
10221
10222
10223
10225
10226
10227
10228
10230
10231
10232
10233
10235
10236
10237
10238
10239
10241
10242
10243
10244
10246
10247
10248
10249
10251
10252
10253
10254
10256
10257
10258
10259
10261
10262
10263
10265
10266
10267
10268
10270
10271
10272
10273
10275
10276
10277
10279
10280
10281
10282
10284
10285
10286
10287
10289
10290
10291
10292
10294
10295
10296
10298
10299
10300
10301
10303
10304
10305
10306
10308
10309
10310
10312
10313
10314
10315
10317
10318
10319
10320
10322
10323
10324
10325
10327
10328
10329
10331
10332
10333
10334
10336
10337
10338
10339
10341
10342
10343
10344
10346
10347
10348
10349
10351
10352
10353
10355
10356
10357
10358
10360
10361
10362
10364
10365
10366
10367
10369
10370
10371
10372
10374
10375
10376
10378
10379
10380
10381
10383
10384
10385
10387
10388
10389
10390
10392
10393
10394
10396
10397
10398
10399
10401
10402
10403
10404
10406
10407
10408
10410
10411
10412
10413
10415
10416
10417
10419
10420
10421
10422
10424
10425
10426
10428
10429
10430
10431
10433
10434
10435
10437
10438
10439
10440
10442
10443
10444
10445
10447
10448
10449
10451
10452
10453
10454
10456
10457
10458
10460
10461
10462
10464
10465
10466
10467
10469
10470
10471
10472
10474
10475
10476
10478
10479
10480
10481
10483
10484
10485
10487
10488
10489
10490
10492
10493
10494
10496
10497
10498
10499
10501
10502
10503
10504
10506
10507
10508
10510
10511
10512
10514
10515
10516
10517
10519
10520
10521
10522
10524
10525
10526
10528
10529
10530
10531
10533
10534
10535
10537
10538
10539
10540
10542
10543
10544
10546
10547
10548
10549
10551
10552
10553
10554
10556
10557
10558
10560
10561
10562
10563
10565
10566
10567
10569
10570
10571
10572
10574
10575
10576
10578
10579
10580
10581
10583
10584
10586
10587
10589
10590
10591
10593
10594
10595
10596
10598
10599
10600
10601
10603
10604
10605
10607
10608
10609
10610
10612
10613
10614
10616
10617
10618
10619
10621
10622
10623
10625
10626
10627
10628
10630
10631
10632
10634
10635
10636
10637
10639
10640
10641
10642
10644
10645
10646
10648
10649
10650
10651
10653
10654
10655
10657
10658
10659
10660
10662
10663
10664
10665
10667
10669
10671
10672
10674
10676
10678
10680
10682
10683
10685
10687
10689
10691
10692
10694
10696
10698
10700
10702
10704
10705
10706
10708
10709
10710
10711
10713
10714
10715
10716
10718
10719
10720
10721
10722
10724
10725
10726
10728
10729
10730
10731
10733
10734
10735
10736
10738
10739
10740
10741
10743
10744
10745
10746
10748
10749
10750
10752
10753
10754
10755
10757
10758
10759
10760
10761
10763
10764
10765
10766
10768
10769
10770
10771
10773
10774
10775
10776
10778
10779
10780
10781
10783
10784
10785
10786
10788
10789
10790
10792
10793
10794
10795
10797
10798
10799
10801
10802
10803
10804
10806
10807
10808
10809
10811
10812
10813
10815
10816
10817
10818
10820
10821
10822
10824
10825
10826
10827
10829
10830
10831
10832
10834
10835
10836
10837
10839
10840
10841
10842
10844
10845
10846
10848
10849
10850
10851
10853
10854
10855
10856
10858
10859
10860
10861
10863
10864
10865
10866
10868
10869
10870
10872
10873
10874
10875
10877
10878
10879
10880
10882
10883
10884
10885
10887
10888
10889
10891
10892
10893
10894
10896
10897
10898
10899
10901
10902
10903
10905
10906
10907
10908
10910
10911
10912
10913
10915
10916
10917
10919
10920
10921
10922
10924
10925
10926
10928
10929
10930
10932
10933
10935
10936
10937
10939
10940
10941
10942
10944
10945
10946
10947
10948
10950
10951
10952
10953
10954
10956
10957
10958
10959
10960
10961
10963
10964
10965
10966
10967
10968
10970
10971
10972
10973
10974
10976
10977
10978
10979
10980
10981
10983
10984
10985
10986
10987
10988
10990
10991
10992
10993
10995
10996
10997
10998
10999
11000
11002
11003
11004
11005
11006
11008
11009
11010
11011
11012
11013
11014
11016
11017
11018
11019
11020
11022
11023
11024
11025
11026
11028
11029
11030
11031
11032
11033
11035
11036
11037
11038
11039
11041
11042
11043
11044
11045
11046
11048
11049
11050
11051
11052
11053
11055
11056
11057
11058
11060
11061
11062
11063
11064
11065
11067
11068
11069
11070
11071
11073
11074
11075
11076
11077
11079
11080
11081
11082
11084
11085
11086
11087
11089
11090
11091
11092
11094
11095
11096
11097
11098
11100
11101
11102
11104
11105
11106
11107
11108
11110
11111
11112
11113
11115
11116
11117
11118
11120
11121
11122
11123
11125
11126
11127
11129
11130
11131
11132
11133
11135
11136
11137
11138
11140
11141
11142
11143
11145
11146
11147
11148
11150
11151
11152
11153
11155
11156
11157
11159
11160
11161
11162
11164
11165
11166
11167
11169
11170
11171
11173
11174
11175
11176
11178
11179
11180
11181
11183
11184
11185
11187
11188
11189
11190
11192
11193
11194
11195
11197
11198
11199
11200
11202
11203
11204
11205
11207
11208
11209
11210
11212
11213
11214
11215
11217
11218
11219
11220
11222
11223
11224
11225
11227
11228
11229
11231
11232
11233
11234
11236
11237
11238
11240
11241
11242
11244
11245
11246
11247
11249
11250
11251
11252
11254
11255
11256
11258
11259
11260
11261
11263
11264
11265
11266
11268
11269
11270
11272
11273
11274
11275
11277
11278
11279
11280
11282
11283
11284
11285
11287
11288
11289
11291
11292
11293
11294
11296
11297
11298
11299
11301
11302
11303
11305
11306
11307
11308
11310
11311
11312
11313
11315
11316
11317
11319
11320
11321
11322
11324
11325
11326
11328
11329
11330
11331
11333
11334
11335
11337
11338
11339
11340
11342
11343
11344
11345
11347
11348
11349
11350
11352
11353
11354
11356
11357
11358
11359
11361
11362
11363
11365
11366
11367
11368
11370
11371
11372
11373
11375
11376
11377
11379
11380
11381
11382
11384
11385
11386
11388
11389
11390
11391
11393
11394
11395
11396
11398
11399
11400
11402
11403
11404
11405
11407
11408
11409
11410
11412
11413
11414
11416
11417
11418
11419
11421
11422
11423
11424
11426
11427
11428
11430
11431
11432
11433
11435
11436
11437
11438
11440
11441
11442
11444
11445
11446
11447
11449
11450
11451
11452
11454
11455
11456
11458
11459
11460
11461
11463
11464
11465
11466
11468
11469
11470
11472
11473
11474
11475
11477
11478
11479
11481
11482
11483
11484
11486
11487
11488
11489
11492
11493
11494
11495
11497
11498
11499
11501
11502
11503
11504
11506
11507
11508
11510
11511
11512
11513
11515
11516
11517
11518
11520
11521
11522
11524
11525
11527
11528
11529
11530
11532
11533
11534
11536
11537
11538
11539
11541
11542
11543
11545
11546
11547
11548
11550
11551
11552
11554
11555
11556
11558
11559
11561
11562
11563
11564
11566
11567
11568
11570
11571
11572
11573
11574
11576
11577
11578
11579
11581
11582
11583
11584
11586
11587
11588
11590
11591
11592
11593
11595
11596
11597
11598
11600
11601
11602
11603
11604
11606
11607
11608
11609
11611
11612
11613
11614
11616
11617
11618
11619
11621
11622
11623
11625
11626
11627
11628
11630
11631
11632
11633
11635
11636
11637
11639
11640
11641
11642
11644
11645
11646
11648
11649
11650
11651
11653
11654
11655
11656
11658
11659
11660
11661
11663
11664
11666
11667
11668
11670
11671
11672
11673
11675
11676
11677
11678
11680
11681
11682
11684
11685
11686
11687
11689
11690
11691
11692
11694
11695
11696
11697
11699
11700
11701
11703
11704
11705
11706
11708
11709
11710
11711
11713
11714
11715
11716
11718
11719
11720
11721
11723
11724
11725
11726
11728
11729
11730
11732
11733
11734
11735
11737
11738
11739
11740
11742
11743
11744
11745
11747
11748
11749
11751
11752
11753
11754
11756
11757
11758
11759
11761
11762
11763
11764
11766
11767
11768
11770
11771
11772
11773
11775
11776
11777
11778
11780
11781
11782
11783
11785
11786
11787
11789
11790
11791
11792
11794
11795
11796
11797
11798
11800
11801
11802
11803
11805
11806
11807
11809
11810
11811
11812
11814
11815
11816
11817
11818
11820
11821
11822
11823
11825
11826
11827
11828
11830
11831
11832
11833
11835
11836
11837
11838
11840
11841
11842
11843
11845
11846
11847
11848
11850
11851
11852
11854
11855
11856
11857
11859
11860
11861
11862
11864
11865
11866
11867
11869
11870
11871
11873
11874
11875
11876
11878
11879
11880
11881
11883
11884
11885
11886
11888
11889
11890
11891
11893
11894
11895
11896
11898
11899
11900
11901
11903
11904
11905
11906
11908
11909
11910
11912
11913
11914
11915
11917
11918
11919
11920
11922
11923
11924
11925
11927
11928
11929
11930
11932
11933
11934
11935
11937
11938
11939
11941
11942
11943
11944
11946
11947
11948
11949
11951
11952
11953
11954
11956
11957
11958
11959
11961
11962
11963
11965
11966
11967
11968
11970
11971
11972
11973
11975
11976
11977
11978
11980
11981
11982
11984
11985
11986
11987
11989
11990
11991
11992
11994
11995
11996
11997
11999
12000
12001
12003
12004
12005
12006
12008
12009
12010
12011
12013
12014
12015
12016
12018
12019
12020
12021
12023
12024
12025
12027
12028
12029
12030
12032
12033
12034
12035
12037
12038
12039
12041
12042
12043
12044
12046
12047
12048
12049
12051
12052
12054
12056
12058
12059
12061
12063
12065
12067
12068
12070
12073
12074
12075
12077
12078
12079
12080
12082
12083
12084
12086
12087
12088
12089
12091
12092
12093
12094
12096
12097
12098
12099
12100
12102
12103
12104
12105
12106
12108
12109
12110
12111
12112
12114
12115
12116
12117
12119
12120
12121
12122
12123
12125
12126
12127
12128
12130
12131
12132
12133
12134
12136
12137
12138
12139
12141
12142
12143
12144
12146
12147
12148
12149
12151
12152
12153
12155
12156
12157
12159
12161
12163
12164
12165
12167
12168
12169
12170
12172
12173
12175
12176
12177
12178
12180
12181
12182
12183
12185
12186
12187
12188
12189
12191
12192
12193
12194
12196
12197
12198
12199
12201
12202
12203
12204
12206
12207
12208
12209
12211
12212
12213
12215
12216
12217
12218
12220
12221
12222
12224
12225
12226
12228
12229
12230
12231
12233
12234
12235
12236
12238
12239
12240
12241
12243
12244
12245
12247
12248
12249
12250
12252
12253
12254
12255
12257
12258
12259
12260
12262
12263
12264
12266
12267
12268
12269
12271
12272
12273
12274
12276
12277
12278
12280
12281
12282
12283
12285
12286
12287
12288
12290
12291
12292
12293
12295
12296
12297
12299
12300
12301
12302
12304
12305
12306
12307
12309
12310
12311
12313
12314
12315
12316
12318
12319
12321
12322
12324
12325
12326
12327
12329
12330
12331
12332
12334
12335
12336
12338
12339
12340
12341
12343
12344
12345
12346
12348
12349
12350
12352
12353
12354
12355
12357
12358
12359
12360
12362
12363
12364
12365
12367
12368
12369
12371
12372
12373
12374
12376
12377
12378
12379
12381
12382
12383
12385
12386
12387
12389
12390
12391
12392
12394
12395
12396
12397
12399
12400
12401
12403
12404
12405
12406
12408
12409
12410
12411
12413
12414
12415
12417
12418
12419
12420
12422
12423
12424
12426
12427
12428
12430
12431
12432
12433
12435
12436
12437
12439
12440
12441
12443
12444
12445
12446
12448
12449
12450
12452
12453
12454
12456
12457
12458
12459
12461
12462
12463
12465
12466
12467
12468
12470
12471
12472
12474
12475
12476
12477
12479
12480
12481
12483
12484
12485
12487
12488
12489
12490
12492
12493
12495
12497
12498
12499
12500
12502
12503
12504
12505
12506
12508
12509
12510
12511
12512
12514
12515
12516
12517
12518
12520
12521
12522
12523
12524
12526
12527
12528
12529
12531
12532
12533
12534
12535
12537
12538
12539
12540
12542
12543
12544
12545
12546
12548
12549
12550
12551
12552
12554
12555
12556
12557
12559
12560
12561
12562
12563
12565
12566
12567
12568
12569
12571
12572
12573
12574
12576
12577
12578
12579
12581
12582
12583
12584
12585
12587
12588
12589
12590
12591
12593
12594
12595
12596
12598
12599
12600
12601
12602
12604
12605
12606
12607
12609
12610
12611
12612
12613
12615
12616
12617
12618
12620
12621
12622
12623
12625
12626
12627
12629
12630
12631
12632
12634
12635
12636
12638
12639
12640
12641
12643
12644
12645
12646
12648
12649
12650
12651
12653
12654
12655
12656
12658
12659
12660
12661
12663
12664
12668
12670
12671
12672
12674
12675
12676
12678
12679
12680
12682
12683
12684
12685
12687
12688
12689
12691
12692
12693
12694
12696
12697
12698
12699
12700
12702
12703
12704
12705
12707
12708
12709
12710
12712
12713
12714
12715
12717
12718
12719
12720
12722
12723
12724
12725
12727
12728
12729
12730
12731
12733
12734
12735
12736
12738
12739
12740
12741
12742
12744
12745
12746
12747
12749
12750
12751
12752
12754
12755
12756
12757
12758
12760
12761
12762
12763
12765
12766
12767
12768
12770
12771
12772
12773
12774
12776
12777
12778
12779
12781
12782
12783
12784
12786
12787
12788
12789
12791
12792
12793
12794
12795
12797
12798
12799
12800
12802
12803
12804
12805
12807
12808
12809
12810
12811
12813
12814
12815
12816
12818
12819
12820
12821
12823
12824
12825
12826
12828
12829
12830
12831
12832
12834
12835
12836
12837
12839
12840
12841
12842
12844
12845
12846
12847
12849
12850
12851
12852
12853
12855
12856
12857
12858
12860
12861
12862
12863
12865
12866
12867
12868
12869
12871
12872
12874
12875
12876
12877
12879
12880
12881
12882
12884
12885
12886
12887
12888
12890
12891
12892
12893
12895
12896
12897
12898
12900
12901
12902
12903
12904
12906
12907
12908
12909
12911
12912
12913
12914
12916
12917
12918
12919
12921
12922
12923
12924
12925
12927
12928
12929
12931
12932
12933
12934
12936
12937
12938
12939
12941
12942
12943
12945
12946
12947
12948
12950
12951
12952
12953
12955
12956
12957
12959
12960
12961
12962
12964
12965
12966
12967
12969
12970
12971
12972
12974
12975
12976
12977
12979
12980
12981
12982
12984
12985
12986
12988
12989
12990
12991
12993
12994
12995
12996
12998
12999
13000
13002
13003
13004
13005
13007
13008
13009
13011
13012
13013
13014
13016
13017
13018
13019
13021
13022
13023
13025
13026
13027
13028
13030
13031
13032
13033
13035
13036
13037
13039
13040
13041
13042
13044
13045
13046
13047
13049
13051
13052
13053
13054
13056
13057
13058
13059
13061
13062
13063
13064
13066
13067
13068
13069
13070
13072
13073
13074
13075
13077
13078
13079
13080
13082
13083
13084
13085
13086
13088
13089
13090
13091
13093
13094
13095
13096
13098
13099
13100
13101
