time (ms),latency (ms),consume (ms)
0,6,0
7,2,7
14,2,7
20,2,6
26,1,6
32,1,6
39,2,7
45,1,6
52,2,7
58,1,6
64,1,6
70,1,6
76,1,6
86,5,10
91,0,5
98,1,7
104,1,6
110,1,6
117,2,7
124,1,7
131,1,7
137,1,6
143,1,6
148,0,5
154,0,6
161,1,7
169,2,8
176,1,7
183,1,7
192,1,9
199,1,7
209,2,10
215,1,6
222,1,7
228,1,6
234,1,6
240,1,6
247,2,7
253,1,6
261,1,8
267,1,6
273,0,6
279,0,6
285,0,6
292,1,7
298,1,6
305,1,7
314,4,9
320,1,6
327,1,7
333,1,6
339,1,6
346,1,7
352,1,6
358,1,6
365,1,7
371,1,6
377,1,6
382,0,5
388,0,6
395,1,7
401,1,6
408,2,7
415,1,7
422,1,7
428,1,6
435,1,7
440,0,5
447,1,7
453,1,6
459,1,6
465,1,6
471,1,6
477,1,6
484,1,7
490,1,6
496,1,6
503,1,7
509,1,6
517,2,8
523,1,6
530,2,7
537,2,7
545,3,8
552,1,7
558,1,6
565,1,7
571,1,6
577,1,6
584,2,7
590,1,6
596,0,6
602,1,6
608,0,6
615,1,7
621,1,6
627,0,6
633,1,6
639,0,6
645,1,6
651,1,6
657,1,6
663,1,6
668,0,5
674,0,6
680,1,6
687,2,7
693,1,6
698,0,5
704,0,6
710,0,6
718,2,8
724,1,6
730,1,6
740,1,10
746,0,6
753,1,7
759,1,6
764,0,5
771,1,7
777,1,6
783,1,6
789,1,6
794,0,5
800,0,6
806,1,6
812,1,6
818,1,6
824,1,6
830,1,6
836,1,6
841,0,5
847,0,6
853,1,6
859,1,6
864,0,5
870,1,6
876,1,6
881,0,5
887,0,6
893,1,6
899,1,6
905,1,6
912,2,7
918,1,6
923,0,5
930,1,7
936,0,6
942,1,6
948,1,6
954,1,6
961,1,7
967,1,6
972,0,5
978,0,6
984,0,6
991,1,7
997,1,6
1003,0,6
1009,0,6
1015,1,6
1021,1,6
1026,0,5
1032,0,6
1038,1,6
1044,1,6
1050,1,6
1055,0,5
1061,0,6
1068,1,7
1074,1,6
1080,1,6
1086,1,6
1092,0,6
1098,0,6
1104,1,6
1110,1,6
1116,1,6
1121,0,5
1127,1,6
1133,1,6
1139,1,6
1145,1,6
1150,0,5
1156,0,6
1162,0,6
1169,2,7
1175,0,6
1182,1,7
1188,1,6
1193,0,5
1204,0,11
1211,0,7
1217,0,6
1223,0,6
1229,0,6
1235,1,6
1241,1,6
1246,0,5
1252,0,6
1258,1,6
1263,0,5
1269,0,6
1275,1,6
1281,1,6
1287,1,6
1292,0,5
1298,1,6
1304,1,6
1309,0,5
1315,1,6
1321,1,6
1326,0,5
1332,1,6
1338,1,6
1349,1,11
1354,0,5
1365,5,11
1371,1,6
1377,1,6
1383,1,6
1388,0,5
1397,4,9
1402,0,5
1408,1,6
1413,0,5
1419,0,6
1425,1,6
1430,0,5
1436,1,6
1442,1,6
1448,1,6
1453,0,5
1459,1,6
1465,1,6
1472,2,7
1478,1,6
1485,1,7
1492,2,7
1498,1,6
1504,1,6
1510,1,6
1517,2,7
1524,2,7
1530,1,6
1536,1,6
1542,0,6
1550,3,8
1556,1,6
1565,2,9
1572,2,7
1579,1,7
1586,2,7
1592,1,6
1599,2,7
1605,0,6
1611,1,6
1617,1,6
1622,0,5
1628,0,6
1634,1,6
1640,1,6
1645,0,5
1651,1,6
1657,1,6
1663,1,6
1669,1,6
1674,0,5
1680,1,6
1686,1,6
1692,1,6
1698,1,6
1703,0,5
1710,1,7
1716,1,6
1722,1,6
1728,1,6
1733,0,5
1739,0,6
1745,1,6
1750,0,5
1756,0,6
1762,1,6
1767,0,5
1773,0,6
1779,0,6
1785,0,6
1791,1,6
1797,1,6
1803,1,6
1809,1,6
1814,0,5
1820,1,6
1826,1,6
1832,1,6
1838,1,6
1846,3,8
1853,1,7
1860,1,7
1866,1,6
1874,3,8
1880,1,6
1886,1,6
1892,1,6
1898,1,6
1903,0,5
1909,1,6
1915,1,6
1921,1,6
1927,1,6
1933,1,6
1939,1,6
1945,1,6
1950,0,5
1956,0,6
1962,0,6
1968,1,6
1974,0,6
1980,1,6
1993,1,13
1999,1,6
2005,1,6
2011,1,6
2017,1,6
2026,4,9
2032,1,6
2038,1,6
2044,1,6
2052,3,8
2058,1,6
2064,1,6
2070,1,6
2076,1,6
2081,0,5
2087,0,6
2093,1,6
2099,1,6
2104,0,5
2110,0,6
2116,1,6
2121,0,5
2127,0,6
2133,1,6
2138,0,5
2144,0,6
2150,1,6
2156,1,6
2161,0,5
2167,0,6
2173,1,6
2178,0,5
2184,0,6
2190,0,6
2196,1,6
2201,0,5
2207,0,6
2213,1,6
2219,1,6
2224,0,5
2230,1,6
2236,1,6
2241,0,5
2247,0,6
2253,1,6
2258,0,5
2264,0,6
2270,0,6
2276,1,6
2282,1,6
2287,0,5
2294,2,7
2300,1,6
2305,0,5
2311,1,6
2317,1,6
2322,0,5
2330,2,8
2338,2,8
2346,3,8
2352,0,6
2362,1,10
2367,0,5
2373,1,6
2395,3,22
2404,2,9
2409,0,5
2415,0,6
2421,1,6
2427,1,6
2432,0,5
2438,1,6
2444,1,6
2449,0,5
2455,1,6
2461,1,6
2466,0,5
2472,1,6
2478,1,6
2484,1,6
2490,1,6
2495,0,5
2501,0,6
2507,1,6
2513,1,6
2519,1,6
2525,1,6
2530,0,5
2536,0,6
2542,1,6
2548,1,6
2553,0,5
2559,1,6
2565,1,6
2570,0,5
2576,0,6
2582,0,6
2588,0,6
2594,1,6
2600,1,6
2606,1,6
2611,0,5
2617,1,6
2623,0,6
2630,1,7
2636,1,6
2642,1,6
2648,1,6
2654,1,6
2659,0,5
2665,0,6
2671,1,6
2677,1,6
2683,1,6
2689,1,6
2695,1,6
2700,0,5
2706,0,6
2712,1,6
2717,0,5
2723,0,6
2729,1,6
2735,1,6
2740,0,5
2746,0,6
2753,1,7
2758,0,5
2764,0,6
2770,0,6
2776,1,6
2781,0,5
2787,0,6
2793,1,6
2799,1,6
2804,0,5
2810,0,6
2816,1,6
2822,1,6
2828,1,6
2833,0,5
2839,0,6
2845,1,6
2850,0,5
2856,0,6
2862,1,6
2867,0,5
2873,0,6
2879,1,6
2885,1,6
2891,1,6
2896,0,5
2902,0,6
2908,1,6
2914,1,6
2919,0,5
2925,1,6
2931,1,6
2936,0,5
2942,0,6
2948,1,6
2954,1,6
2959,0,5
2965,1,6
2970,0,5
2976,0,6
2984,3,8
2992,1,8
2997,0,5
3003,0,6
3009,1,6
3014,0,5
3020,1,6
3026,1,6
3031,0,5
3037,1,6
3043,1,6
3048,0,5
3054,1,6
3060,1,6
3066,1,6
3071,0,5
3077,0,6
3083,1,6
3089,1,6
3094,0,5
3101,2,7
3109,3,8
3115,0,6
3122,2,7
3129,1,7
3134,0,5
3140,0,6
3148,1,8
3153,0,5
3159,0,6
3165,1,6
3170,0,5
3176,0,6
3182,1,6
3187,0,5
3193,1,6
3199,1,6
3204,0,5
3210,1,6
3216,1,6
3223,2,7
3229,1,6
3234,0,5
3240,1,6
3246,1,6
3251,0,5
3257,0,6
3263,1,6
3269,1,6
3274,0,5
3280,1,6
3286,1,6
3291,0,5
3297,1,6
3303,1,6
3308,0,5
3314,0,6
3320,1,6
3330,5,10
3336,1,6
3342,1,6
3348,1,6
3354,1,6
3360,1,6
3366,1,6
3371,0,5
3377,0,6
3383,1,6
3388,0,5
3394,0,6
3400,1,6
3405,0,5
3411,1,6
3416,0,5
3422,0,6
3428,1,6
3433,0,5
3439,0,6
3445,0,6
3451,1,6
3456,0,5
3462,0,6
3468,1,6
3473,0,5
3479,1,6
3485,1,6
3491,1,6
3497,1,6
3502,0,5
3508,0,6
3514,1,6
3520,1,6
3525,0,5
3531,1,6
3537,1,6
3542,0,5
3548,1,6
3553,0,5
3559,0,6
3565,1,6
3571,1,6
3577,1,6
3583,1,6
3588,0,5
3597,1,9
3602,0,5
3607,0,5
3613,1,6
3618,1,5
3623,0,5
3628,0,5
3634,1,6
3639,0,5
3645,1,6
3650,0,5
3656,1,6
3661,0,5
3667,0,6
3673,1,6
3679,1,6
3685,1,6
3691,1,6
3697,1,6
3702,0,5
3708,1,6
3714,1,6
3719,0,5
3725,0,6
3731,1,6
3737,1,6
3742,0,5
3748,0,6
3754,1,6
3759,0,5
3765,1,6
3771,1,6
3776,0,5
3782,1,6
3791,0,9
3797,0,6
3803,1,6
3809,1,6
3814,0,5
3820,1,6
3826,1,6
3831,0,5
3837,1,6
3842,0,5
3848,0,6
3854,1,6
3860,1,6
3866,1,6
3872,0,6
3878,1,6
3883,0,5
3889,0,6
3895,1,6
3901,1,6
3906,0,5
3912,1,6
3918,1,6
3923,0,5
3929,1,6
3934,0,5
3940,0,6
3946,1,6
3951,0,5
3957,1,6
3963,1,6
3968,0,5
3974,1,6
3979,0,5
3985,0,6
3992,0,7
3997,0,5
4002,0,5
4008,1,6
4013,1,5
4018,0,5
4024,1,6
4029,0,5
4042,7,13
4050,1,8
4056,1,6
4062,1,6
4067,0,5
4073,1,6
4079,1,6
4084,0,5
4090,1,6
4095,0,5
4101,1,6
4107,1,6
4112,0,5
4118,1,6
4123,0,5
4129,0,6
4135,1,6
4140,0,5
4146,1,6
4151,0,5
4157,1,6
4162,0,5
4168,0,6
4174,1,6
4179,0,5
4185,0,6
4191,1,6
4196,0,5
4202,0,6
4208,1,6
4213,0,5
4219,1,6
4224,0,5
4230,1,6
4235,0,5
4241,0,6
4247,1,6
4252,0,5
4258,0,6
4264,1,6
4269,0,5
4275,0,6
4281,1,6
4286,0,5
4292,0,6
4297,0,5
4303,0,6
4309,1,6
4314,0,5
4320,1,6
4325,0,5
4331,0,6
4337,1,6
4342,0,5
4348,1,6
4353,0,5
4359,0,6
4365,1,6
4370,0,5
4376,1,6
4381,0,5
4387,1,6
4393,1,6
4399,1,6
4404,0,5
4410,0,6
4416,1,6
4421,0,5
4427,1,6
4433,1,6
4438,0,5
4444,1,6
4449,0,5
4455,0,6
4461,1,6
4467,1,6
4472,0,5
4478,1,6
4483,0,5
4489,0,6
4495,1,6
4501,1,6
4506,0,5
4512,0,6
4518,1,6
4523,0,5
4529,1,6
4535,1,6
4540,0,5
4546,1,6
4551,0,5
4557,0,6
4563,1,6
4569,1,6
4575,1,6
4580,0,5
4586,0,6
4592,0,6
4598,1,6
4603,0,5
4609,0,6
4615,1,6
4623,1,8
4636,1,13
4641,0,5
4647,0,6
4653,1,6
4658,0,5
4664,1,6
4669,0,5
4675,1,6
4680,0,5
4686,0,6
4692,1,6
4697,0,5
4703,1,6
4708,0,5
4714,0,6
4720,1,6
4725,0,5
4731,1,6
4737,1,6
4742,0,5
4748,1,6
4754,1,6
4759,0,5
4765,1,6
4771,1,6
4776,0,5
4782,0,6
4788,1,6
4793,0,5
4799,0,6
4805,1,6
4811,1,6
4816,0,5
4822,0,6
4828,1,6
4833,0,5
4839,0,6
4845,1,6
4851,1,6
4864,1,13
4870,1,6
4876,1,6
4881,0,5
4887,0,6
4893,1,6
4899,1,6
4905,1,6
4910,0,5
4916,1,6
4921,0,5
4927,0,6
4933,0,6
4939,1,6
4945,1,6
4951,1,6
4956,0,5
4962,0,6
4968,0,6
4974,1,6
4980,1,6
4986,1,6
4991,0,5
4997,0,6
5003,1,6
5008,0,5
5014,0,6
5020,1,6
5025,0,5
5031,1,6
5037,1,6
5042,0,5
5048,1,6
5053,0,5
5059,0,6
5065,1,6
5070,0,5
5076,0,6
5082,1,6
5088,1,6
5094,1,6
5099,0,5
5106,1,7
5112,1,6
5117,0,5
5123,1,6
5128,0,5
5135,1,7
5141,1,6
5147,1,6
5153,1,6
5159,1,6
5165,1,6
5171,1,6
5176,0,5
5182,0,6
5188,0,6
5194,1,6
5200,1,6
5205,0,5
5212,1,7
5218,1,6
5224,1,6
5229,0,5
5235,0,6
5241,1,6
5247,1,6
5253,1,6
5259,1,6
5265,1,6
5271,1,6
5277,1,6
5283,1,6
5288,0,5
5294,0,6
5300,0,6
5308,1,8
5313,0,5
5319,0,6
5325,0,6
5331,1,6
5336,0,5
5342,1,6
5349,1,7
5355,1,6
5360,0,5
5366,1,6
5372,1,6
5378,1,6
5383,0,5
5389,0,6
5395,1,6
5401,1,6
5406,0,5
5413,0,7
5424,1,11
5429,0,5
5435,0,6
5441,1,6
5447,1,6
5453,1,6
5458,0,5
5464,1,6
5469,0,5
5475,0,6
5481,1,6
5486,0,5
5492,0,6
5498,1,6
5503,0,5
5509,1,6
5515,1,6
5521,1,6
5526,0,5
5532,0,6
5538,0,6
5544,0,6
5550,1,6
5555,0,5
5561,0,6
5567,1,6
5574,0,7
5584,1,10
5590,1,6
5596,1,6
5602,1,6
5608,1,6
5613,0,5
5619,0,6
5625,1,6
5631,1,6
5637,1,6
5643,1,6
5649,1,6
5654,0,5
5660,0,6
5666,1,6
5672,1,6
5677,0,5
5684,1,7
5690,1,6
5696,1,6
5702,1,6
5707,0,5
5713,1,6
5718,0,5
5724,0,6
5730,1,6
5735,0,5
5741,1,6
5746,0,5
5752,0,6
5758,1,6
5764,1,6
5770,1,6
5776,1,6
5782,1,6
5788,1,6
5794,1,6
5800,1,6
5806,1,6
5812,1,6
5817,0,5
5823,0,6
5829,1,6
5835,1,6
5841,1,6
5847,1,6
5852,0,5
5858,1,6
5863,0,5
5869,1,6
5883,0,14
5889,0,6
5895,0,6
5901,1,6
5906,0,5
5912,0,6
5918,1,6
5923,0,5
5929,1,6
5935,1,6
5940,0,5
5946,1,6
5952,1,6
5957,0,5
5963,1,6
5968,0,5
5974,1,6
5979,0,5
5985,0,6
5991,1,6
5996,0,5
6002,1,6
6007,0,5
6013,0,6
6019,1,6
6025,1,6
6030,0,5
6036,1,6
6042,1,6
6048,1,6
6054,1,6
6060,1,6
6065,0,5
6071,1,6
6076,0,5
6082,0,6
6088,1,6
6093,0,5
6099,0,6
6105,1,6
6111,1,6
6122,1,11
6128,1,6
6134,1,6
6139,0,5
6145,0,6
6151,1,6
6156,0,5
6162,0,6
6168,1,6
6173,0,5
6179,1,6
6184,0,5
6190,0,6
6196,1,6
6202,1,6
6208,1,6
6214,1,6
6220,1,6
6225,0,5
6231,0,6
6237,1,6
6243,1,6
6249,1,6
6255,1,6
6261,1,6
6267,1,6
6273,1,6
6279,1,6
6285,1,6
6291,1,6
6296,0,5
6302,0,6
6309,1,7
6315,1,6
6321,1,6
6327,1,6
6332,0,5
6338,0,6
6344,1,6
6350,1,6
6356,1,6
6362,1,6
6368,1,6
6373,0,5
6379,0,6
6385,1,6
6391,1,6
6397,1,6
6402,0,5
6408,1,6
6414,1,6
6420,1,6
6429,4,9
6434,0,5
6444,1,10
6450,1,6
6456,1,6
6461,0,5
6467,0,6
6473,1,6
6478,0,5
6484,0,6
6490,1,6
6495,0,5
6501,0,6
6507,1,6
6512,0,5
6518,0,6
6524,1,6
6529,0,5
6535,1,6
6540,0,5
6546,1,6
6552,1,6
6557,0,5
6563,1,6
6568,0,5
6574,1,6
6580,1,6
6587,0,7
6593,0,6
6599,1,6
6605,1,6
6610,0,5
6616,1,6
6621,0,5
6627,0,6
6633,1,6
6639,1,6
6644,0,5
6650,1,6
6656,1,6
6661,0,5
6667,0,6
6673,1,6
6679,1,6
6684,0,5
6690,1,6
6696,1,6
6702,1,6
6711,0,9
6717,1,6
6723,1,6
6729,1,6
6734,0,5
6740,1,6
6746,1,6
6751,0,5
6757,1,6
6763,1,6
6769,1,6
6774,0,5
6780,0,6
6786,1,6
6792,1,6
6797,0,5
6803,0,6
6809,1,6
6814,0,5
6820,0,6
6826,1,6
6831,0,5
6837,0,6
6843,1,6
6849,1,6
6854,0,5
6860,1,6
6865,0,5
6871,1,6
6877,1,6
6882,0,5
6888,0,6
6894,1,6
6900,1,6
6906,1,6
6912,1,6
6918,1,6
6923,0,5
6929,0,6
6935,1,6
6941,1,6
6947,1,6
6952,0,5
6958,0,6
6964,0,6
6970,1,6
6976,1,6
6982,1,6
6987,0,5
6993,0,6
6999,1,6
7005,1,6
7011,1,6
7017,1,6
7023,1,6
7029,1,6
7036,2,7
7042,1,6
7048,1,6
7054,1,6
7059,0,5
7065,0,6
7071,0,6
7077,1,6
7083,1,6
7089,1,6
7095,1,6
7101,1,6
7107,1,6
7113,1,6
7118,0,5
7124,0,6
7130,1,6
7136,1,6
7142,1,6
7148,1,6
7154,1,6
7159,0,5
7165,0,6
7171,1,6
7176,0,5
7182,1,6
7187,0,5
7193,0,6
7199,1,6
7204,0,5
7210,1,6
7216,1,6
7222,1,6
7227,0,5
7233,1,6
7239,1,6
7244,0,5
7250,1,6
7256,1,6
7262,1,6
7267,0,5
7273,0,6
7279,1,6
7285,1,6
7291,1,6
7297,1,6
7303,1,6
7308,0,5
7314,0,6
7320,1,6
7326,1,6
7332,1,6
7338,1,6
7344,1,6
7353,1,9
7359,0,6
7365,1,6
7371,1,6
7377,0,6
7384,1,7
7390,1,6
7396,1,6
7402,1,6
7408,1,6
7414,1,6
7420,0,6
7426,0,6
7432,0,6
7438,0,6
7444,0,6
7451,1,7
7457,1,6
7463,1,6
7469,1,6
7475,1,6
7481,1,6
7487,1,6
7493,1,6
7499,1,6
7505,1,6
7511,1,6
7517,1,6
7523,1,6
7529,1,6
7535,1,6
7541,1,6
7547,1,6
7553,1,6
7558,0,5
7564,0,6
7570,0,6
7576,0,6
7583,1,7
7589,1,6
7595,1,6
7601,1,6
7607,1,6
7613,1,6
7622,4,9
7628,1,6
7633,1,5
7638,0,5
7643,0,5
7649,1,6
7654,1,5
7659,0,5
7664,0,5
7669,0,5
7674,0,5
7679,0,5
7685,1,6
7690,1,5
7695,0,5
7700,0,5
7705,0,5
7711,1,6
7717,1,6
7722,0,5
7728,0,6
7734,1,6
7739,0,5
7745,0,6
7751,1,6
7756,0,5
7762,1,6
7767,0,5
7773,0,6
7779,1,6
7784,0,5
7790,1,6
7797,1,7
7806,2,9
7812,1,6
7818,1,6
7824,0,6
7831,0,7
7837,1,6
7843,1,6
7849,1,6
7854,0,5
7860,0,6
7869,4,9
7875,1,6
7881,1,6
7886,0,5
7892,1,6
7897,0,5
7903,1,6
7908,0,5
7914,0,6
7920,1,6
7925,0,5
7931,0,6
7937,1,6
7943,1,6
7948,0,5
7954,0,6
7960,1,6
7966,1,6
7975,1,9
7980,0,5
7986,0,6
7992,1,6
7998,1,6
8004,1,6
8009,0,5
8015,0,6
8023,0,8
8030,1,7
8036,1,6
8042,1,6
8048,1,6
8054,1,6
8059,0,5
8065,1,6
8071,1,6
8076,0,5
8082,1,6
8088,1,6
8093,0,5
8099,1,6
8105,1,6
8110,0,5
8116,1,6
8121,0,5
8127,1,6
8133,1,6
8139,1,6
8144,0,5
8150,0,6
8156,1,6
8162,1,6
8167,0,5
8173,1,6
8179,1,6
8185,1,6
8190,0,5
8196,1,6
8201,0,5
8207,0,6
8213,1,6
8218,0,5
8224,0,6
8230,1,6
8235,0,5
8241,0,6
8247,1,6
8252,0,5
8258,1,6
8263,0,5
8269,0,6
8275,1,6
8280,0,5
8286,1,6
8292,1,6
8297,0,5
8303,1,6
8309,1,6
8315,1,6
8321,1,6
8326,0,5
8332,1,6
8337,0,5
8343,0,6
8349,1,6
8355,1,6
8361,1,6
8367,1,6
8372,0,5
8378,0,6
8384,1,6
8389,0,5
8395,1,6
8401,1,6
8406,0,5
8412,1,6
8417,0,5
8423,0,6
8429,1,6
8435,1,6
8440,0,5
8446,1,6
8452,1,6
8463,0,11
8469,0,6
8475,1,6
8480,0,5
8486,1,6
8492,1,6
8497,0,5
8503,1,6
8509,1,6
8514,0,5
8520,1,6
8526,1,6
8532,1,6
8538,1,6
8544,1,6
8550,1,6
8556,1,6
8562,1,6
8568,1,6
8574,1,6
8580,1,6
8586,1,6
8592,1,6
8601,0,9
8607,1,6
8612,1,5
8617,0,5
8622,0,5
8628,1,6
8633,0,5
8638,0,5
8644,1,6
8649,1,5
8654,0,5
8660,1,6
8665,1,5
8670,0,5
8675,0,5
8681,1,6
8686,0,5
8692,1,6
8697,1,5
8702,0,5
8707,0,5
8713,1,6
8718,1,5
8723,0,5
8729,1,6
8734,1,5
8739,0,5
8745,1,6
8750,1,5
8755,0,5
8761,1,6
8766,0,5
8772,0,6
8778,1,6
8784,1,6
8790,1,6
8796,1,6
8802,1,6
8808,1,6
8814,1,6
8820,1,6
8826,1,6
8832,1,6
8838,1,6
8844,1,6
8850,1,6
8856,1,6
8862,1,6
8868,1,6
8874,1,6
8881,1,7
8887,0,6
8893,0,6
8900,1,7
8906,1,6
8912,1,6
8918,1,6
8924,1,6
8931,1,7
8937,1,6
8943,1,6
8949,1,6
8955,1,6
8961,1,6
8967,1,6
8973,1,6
8980,1,7
8986,1,6
8993,2,7
8999,1,6
9005,0,6
9012,1,7
9018,1,6
9024,1,6
9030,1,6
9037,1,7
9043,1,6
9048,0,5
9054,0,6
9060,0,6
9067,2,7
9073,1,6
9079,1,6
9085,1,6
9091,1,6
9098,1,7
9104,1,6
9111,2,7
9117,1,6
9126,4,9
9134,1,8
9140,1,6
9147,2,7
9154,2,7
9164,1,10
9171,2,7
9177,1,6
9183,1,6
9189,1,6
9195,1,6
9201,1,6
9206,0,5
9212,0,6
9218,0,6
9224,0,6
9230,1,6
9236,1,6
9242,1,6
9248,1,6
9254,1,6
9260,1,6
9266,1,6
9272,1,6
9279,2,7
9285,1,6
9291,1,6
9297,1,6
9303,1,6
9309,1,6
9315,1,6
9321,1,6
9327,1,6
9333,1,6
9339,1,6
9345,1,6
9355,1,10
9361,1,6
9367,1,6
9373,1,6
9379,1,6
9385,0,6
9391,0,6
9397,1,6
9403,1,6
9409,1,6
9416,2,7
9422,1,6
9428,1,6
9434,1,6
9440,1,6
9446,1,6
9452,1,6
9458,1,6
9464,1,6
9469,0,5
9475,0,6
9481,1,6
9487,1,6
9493,1,6
9499,1,6
9505,1,6
9510,0,5
9516,0,6
9522,1,6
9528,1,6
9533,0,5
9539,0,6
9545,1,6
9550,0,5
9558,1,8
9563,0,5
9569,1,6
9574,0,5
9580,0,6
9586,1,6
9591,0,5
9597,0,6
9603,1,6
9608,0,5
9614,1,6
9619,0,5
9625,0,6
9631,1,6
9636,0,5
9642,1,6
9647,0,5
9653,0,6
9659,1,6
9664,0,5
9670,1,6
9675,0,5
9681,0,6
9687,1,6
9692,0,5
9698,0,6
9704,1,6
9709,0,5
9715,1,6
9721,1,6
9726,0,5
9732,1,6
9738,1,6
9743,0,5
9749,1,6
9758,1,9
9764,1,6
9770,1,6
9776,1,6
9782,1,6
9788,1,6
9794,1,6
9800,1,6
9806,1,6
9812,1,6
9818,1,6
9824,1,6
9830,1,6
9836,1,6
9842,1,6
9849,1,7
9855,1,6
9861,1,6
9868,1,7
9874,1,6
9880,1,6
9886,1,6
9892,1,6
9898,1,6
9904,1,6
9910,1,6
9916,1,6
9922,1,6
9928,1,6
9934,1,6
9940,1,6
9946,0,6
9952,0,6
9958,1,6
9964,0,6
9970,1,6
9976,1,6
9982,1,6
9988,1,6
9995,1,7
10001,1,6
10007,1,6
10014,1,7
10020,1,6
10026,1,6
10033,1,7
10039,1,6
10045,1,6
10051,1,6
10057,1,6
10063,1,6
10069,1,6
10075,1,6
10080,0,5
10086,0,6
10092,0,6
10098,1,6
10104,1,6
10109,0,5
10115,0,6
10121,1,6
10127,1,6
10133,1,6
10139,1,6
10145,1,6
10150,0,5
10156,0,6
10162,1,6
10167,0,5
10173,0,6
10179,1,6
10184,0,5
10190,1,6
10199,4,9
10205,1,6
10211,1,6
10216,0,5
10222,1,6
10228,1,6
10234,1,6
10240,1,6
10246,1,6
10251,0,5
10257,0,6
10263,1,6
10269,0,6
10275,1,6
10281,1,6
10286,0,5
10292,0,6
10298,1,6
10304,1,6
10310,1,6
10315,0,5
10321,0,6
10327,1,6
10332,0,5
10338,0,6
10344,1,6
10350,1,6
10355,0,5
10361,0,6
10367,1,6
10373,1,6
10378,0,5
10384,0,6
10390,1,6
10396,1,6
10402,1,6
10408,1,6
10413,0,5
10421,3,8
10426,0,5
10432,1,6
10438,1,6
10444,1,6
10450,1,6
10456,1,6
10466,5,10
10472,1,6
10478,1,6
10484,1,6
10490,1,6
10496,1,6
10502,1,6
10508,1,6
10514,1,6
10520,1,6
10526,1,6
10532,1,6
10538,1,6
10543,0,5
10549,0,6
10555,1,6
10561,1,6
10566,0,5
10572,1,6
10578,1,6
10583,0,5
10589,1,6
10595,1,6
10601,1,6
10606,0,5
10612,1,6
10618,1,6
10623,0,5
10629,1,6
10638,4,9
10644,1,6
10649,0,5
10658,4,9
10663,0,5
10669,0,6
10676,1,7
10682,1,6
10688,1,6
10694,1,6
10699,0,5
10705,0,6
10711,0,6
10717,1,6
10723,1,6
10728,0,5
10734,1,6
10739,0,5
10745,1,6
10751,1,6
10757,1,6
10762,0,5
10768,1,6
10774,1,6
10779,0,5
10785,1,6
10791,1,6
10796,0,5
10802,0,6
10808,1,6
10813,0,5
10819,0,6
10825,1,6
10830,0,5
10836,1,6
10841,0,5
10847,0,6
10853,1,6
10858,0,5
10864,1,6
10870,1,6
10876,1,6
10881,0,5
10887,0,6
10893,1,6
10899,1,6
10904,0,5
10910,0,6
10916,1,6
10926,5,10
10934,1,8
10940,1,6
10945,0,5
10951,0,6
10957,1,6
10963,1,6
10968,0,5
10974,0,6
10980,1,6
10986,1,6
10991,0,5
10997,0,6
11003,1,6
11008,0,5
11014,0,6
11020,1,6
11025,0,5
11031,1,6
11036,0,5
11042,0,6
11048,1,6
11054,1,6
11059,0,5
11065,1,6
11070,0,5
11076,0,6
11082,1,6
11087,0,5
11093,1,6
11098,0,5
11104,0,6
11110,1,6
11115,0,5
11121,0,6
11127,1,6
11132,0,5
11138,1,6
11144,1,6
11150,1,6
11156,1,6
11162,1,6
11167,0,5
11173,0,6
11179,0,6
11185,1,6
11191,0,6
11197,1,6
11203,0,6
11209,1,6
11215,1,6
11221,1,6
11227,1,6
11233,1,6
11239,1,6
11245,1,6
11251,1,6
11257,1,6
11263,0,6
11269,1,6
11275,1,6
11280,0,5
11286,1,6
11292,1,6
11298,1,6
11304,1,6
11310,1,6
11316,1,6
11321,0,5
11327,0,6
11333,1,6
11338,0,5
11344,0,6
11350,1,6
11356,1,6
11362,1,6
11368,1,6
11373,0,5
11379,1,6
11384,0,5
11390,0,6
11396,1,6
11401,0,5
11407,1,6
11412,0,5
11418,0,6
11424,1,6
11429,0,5
11435,1,6
11441,1,6
11446,0,5
11452,1,6
11458,1,6
11463,0,5
11469,1,6
11475,1,6
11481,1,6
11487,1,6
11492,0,5
11498,1,6
11503,0,5
11509,1,6
11514,0,5
11520,0,6
11526,1,6
11531,0,5
11537,1,6
11543,1,6
11548,0,5
11554,1,6
11559,0,5
11565,1,6
11570,0,5
11576,0,6
11582,1,6
11587,0,5
11593,1,6
11598,0,5
11604,1,6
11610,1,6
11615,0,5
11621,1,6
11626,0,5
11632,0,6
11637,0,5
11643,0,6
11649,1,6
11654,0,5
11660,1,6
11665,0,5
11671,1,6
11676,0,5
11682,1,6
11687,0,5
11693,0,6
11699,1,6
11704,0,5
11710,1,6
11715,0,5
11721,1,6
11726,0,5
11732,0,6
11738,1,6
11743,0,5
11749,1,6
11755,1,6
11761,1,6
11766,0,5
11772,1,6
11777,0,5
11783,0,6
11789,1,6
11795,1,6
11801,1,6
11806,0,5
11812,1,6
11817,0,5
11823,0,6
11829,1,6
11834,0,5
11840,1,6
11845,0,5
11851,1,6
11856,0,5
11862,0,6
11868,1,6
11873,0,5
11879,1,6
11884,0,5
11890,0,6
11896,1,6
11901,0,5
11907,1,6
11912,0,5
11918,0,6
11924,1,6
11929,0,5
11935,1,6
11941,1,6
11946,0,5
11952,1,6
11957,0,5
11963,1,6
11968,0,5
11974,0,6
11980,1,6
11985,0,5
11991,0,6
11997,1,6
12002,0,5
12008,1,6
12013,0,5
12019,0,6
12025,1,6
12030,0,5
12036,1,6
12042,1,6
12048,1,6
12054,1,6
12060,1,6
12066,1,6
12072,1,6
12079,2,7
12085,1,6
12091,1,6
12097,1,6
12103,1,6
12109,0,6
12116,1,7
12122,1,6
12129,1,7
12136,2,7
12142,1,6
12148,1,6
12155,1,7
12161,1,6
12168,2,7
12174,1,6
12181,1,7
12188,1,7
12196,2,8
12204,2,8
12211,2,7
12218,2,7
12225,1,7
12231,1,6
12238,1,7
12245,2,7
12251,1,6
12257,1,6
12263,1,6
12270,1,7
12277,2,7
12283,1,6
12290,1,7
12297,1,7
12304,1,7
12311,2,7
12318,2,7
12325,2,7
12331,1,6
12337,1,6
12344,1,7
12350,1,6
12356,1,6
12363,2,7
12369,1,6
12376,2,7
12382,1,6
12388,1,6
12395,1,7
12402,2,7
12408,1,6
12415,1,7
12422,2,7
12429,2,7
12436,2,7
12442,1,6
12451,2,9
12458,2,7
12464,1,6
12471,1,7
12477,1,6
12483,1,6
12490,1,7
12497,2,7
12503,1,6
12510,1,7
12517,1,7
12524,2,7
12530,1,6
12537,1,7
12544,2,7
12550,1,6
12557,2,7
12563,1,6
12570,1,7
12576,0,6
12582,0,6
12588,0,6
12594,0,6
12601,1,7
12607,1,6
12613,1,6
12619,1,6
12626,1,7
12632,1,6
12639,1,7
12645,1,6
12651,1,6
12657,1,6
12663,1,6
12669,1,6
12675,1,6
12681,1,6
12688,1,7
12695,1,7
12701,1,6
12707,1,6
12719,7,12
12725,1,6
12731,1,6
12737,1,6
12743,1,6
12749,1,6
12755,0,6
12761,0,6
12767,0,6
12774,1,7
12780,1,6
12786,1,6
12792,1,6
12798,1,6
12804,1,6
12810,1,6
12816,1,6
12822,1,6
12828,1,6
12834,1,6
12840,1,6
12846,1,6
12852,1,6
12858,1,6
12864,1,6
12870,1,6
12876,1,6
12882,1,6
12888,1,6
12894,1,6
12900,1,6
12906,1,6
12912,1,6
12919,1,7
12925,1,6
12931,1,6
12937,1,6
12943,1,6
12949,1,6
12955,0,6
12962,1,7
12968,1,6
12974,1,6
12984,1,10
12990,1,6
12996,1,6
13003,1,7
13009,1,6
13014,0,5
13020,0,6
13027,1,7
13033,1,6
13040,2,7
13046,1,6
13052,1,6
13058,1,6
13064,1,6
13070,0,6
13077,1,7
13083,1,6
13089,1,6
13095,1,6
13101,0,6
13107,1,6
13113,1,6
13119,0,6
13125,1,6
13131,1,6
13137,1,6
13142,0,5
13148,1,6
13154,1,6
13160,1,6
13166,1,6
13172,1,6
13177,0,5
13183,0,6
13190,1,7
13196,1,6
13205,3,9
13208,1,3
13213,1,5
13219,1,6
13224,1,5
13229,1,5
13235,1,6
13240,1,5
13245,1,5
13250,0,5
13256,1,6
13261,1,5
13267,1,6
13272,1,5
13277,1,5
13282,0,5
13287,0,5
13293,1,6
13298,1,5
13303,0,5
13309,1,6
13314,1,5
13319,0,5
13324,0,5
13330,1,6
13335,0,5
13341,1,6
13346,1,5
13352,1,6
13358,1,6
13364,1,6
13371,1,7
13377,1,6
13383,1,6
13389,1,6
13395,1,6
13402,1,7
13408,1,6
13414,1,6
13421,1,7
13427,1,6
13433,1,6
13439,1,6
13446,1,7
13452,1,6
13458,1,6
13464,1,6
13469,0,5
13475,0,6
13482,1,7
13488,1,6
13494,1,6
13500,1,6
13506,1,6
13512,1,6
13518,1,6
13524,1,6
13530,1,6
13536,1,6
13542,1,6
13547,0,5
13553,0,6
13559,1,6
13565,1,6
13570,0,5
13576,1,6
13582,1,6
13588,1,6
13594,1,6
13600,1,6
13609,3,9
13612,1,3
13617,1,5
13622,1,5
13627,0,5
13633,1,6
13638,1,5
13643,0,5
13649,1,6
13654,1,5
13660,1,6
13665,1,5
13670,0,5
13676,1,6
13681,1,5
13686,0,5
13692,1,6
13697,1,5
13702,1,5
13707,0,5
13712,0,5
13718,1,6
13723,1,5
13728,0,5
13733,0,5
13739,1,6
13744,0,5
13749,0,5
13754,0,5
13760,1,6
13765,0,5
13770,0,5
13776,1,6
13781,1,5
13786,0,5
13791,0,5
13797,1,6
13802,0,5
13808,1,6
13813,0,5
13819,0,6
13825,1,6
13830,0,5
13836,1,6
13841,0,5
13847,0,6
13853,1,6
13859,1,6
13864,0,5
13870,1,6
13876,0,6
13882,1,6
13888,1,6
13894,1,6
13899,0,5
13905,1,6
13911,1,6
13917,1,6
13922,0,5
13928,1,6
13934,1,6
13939,0,5
13945,0,6
13951,1,6
13956,0,5
13962,1,6
13968,1,6
13973,0,5
13979,0,6
13985,1,6
13991,1,6
13997,1,6
14003,1,6
14008,1,5
14013,1,5
14018,0,5
14024,1,6
14029,0,5
14035,1,6
14040,0,5
14046,0,6
14052,1,6
14058,1,6
14063,0,5
14069,0,6
14075,1,6
14080,0,5
14086,1,6
14091,0,5
14097,0,6
14103,1,6
14108,0,5
14114,1,6
14119,0,5
14125,0,6
14131,1,6
14136,0,5
14142,1,6
14147,0,5
14153,0,6
14159,1,6
14164,0,5
14170,1,6
14175,0,5
14181,1,6
14186,0,5
14192,0,6
14198,0,6
14204,0,6
14210,1,6
14216,1,6
14222,1,6
14227,0,5
14233,0,6
14239,1,6
14245,1,6
14251,1,6
14256,0,5
14262,0,6
14268,1,6
14273,0,5
14279,1,6
14284,0,5
14290,1,6
14295,0,5
14301,0,6
14307,1,6
14312,0,5
14318,1,6
14323,0,5
14329,0,6
14335,1,6
14340,0,5
14346,1,6
14352,1,6
14358,1,6
14364,1,6
14369,0,5
14375,0,6
14381,1,6
14387,1,6
14392,0,5
14398,1,6
14404,1,6
14409,0,5
14415,0,6
14421,1,6
14426,0,5
14432,0,6
14438,1,6
14443,0,5
14449,1,6
14455,1,6
14460,0,5
14466,1,6
14471,0,5
14477,0,6
14483,1,6
14489,1,6
14495,1,6
14500,0,5
14506,0,6
14512,1,6
14518,1,6
14524,1,6
14530,1,6
14536,1,6
14542,1,6
14547,0,5
14553,0,6
14559,0,6
14565,1,6
14570,0,5
14576,0,6
14582,1,6
14589,2,7
14594,0,5
14600,1,6
14606,1,6
14612,1,6
14618,1,6
14623,0,5
14629,0,6
14635,1,6
14640,0,5
14646,0,6
14652,1,6
14657,0,5
14663,1,6
14668,0,5
14674,0,6
14680,1,6
14686,1,6
14691,0,5
14697,1,6
14703,1,6
14708,0,5
14714,1,6
14722,3,8
14731,0,9
14737,0,6
14743,1,6
14749,1,6
14754,0,5
14760,1,6
14766,1,6
14771,0,5
14777,1,6
14782,0,5
14789,1,7
14795,1,6
14801,1,6
14807,1,6
14813,1,6
14819,1,6
14825,1,6
14831,1,6
14837,1,6
14842,0,5
14848,1,6
14854,1,6
14859,0,5
14865,0,6
14871,1,6
14876,0,5
14882,1,6
14887,0,5
14893,0,6
14899,1,6
14904,0,5
14910,1,6
14915,0,5
14921,1,6
14927,1,6
14932,0,5
14938,1,6
14943,0,5
14950,0,7
14956,0,6
14962,1,6
14967,0,5
14973,0,6
14979,1,6
14985,1,6
14990,0,5
14996,0,6
15002,0,6
15008,0,6
15014,1,6
15019,0,5
15025,0,6
15031,1,6
15036,0,5
15042,1,6
15048,1,6
15053,0,5
15059,1,6
15065,1,6
15070,0,5
15076,0,6
15082,1,6
15087,0,5
15093,1,6
15099,1,6
15105,1,6
15110,0,5
15116,1,6
15121,0,5
15127,1,6
15132,0,5
15138,0,6
15144,1,6
15149,0,5
15155,1,6
15160,0,5
15166,1,6
15171,0,5
15177,0,6
15183,1,6
15195,0,12
15203,1,8
15208,0,5
15214,1,6
15219,0,5
15225,0,6
15231,1,6
15237,1,6
15243,1,6
15248,0,5
15254,0,6
15260,0,6
15266,1,6
15272,1,6
15279,1,7
15285,1,6
15291,1,6
15297,1,6
15303,1,6
15309,1,6
15314,0,5
15320,1,6
15326,1,6
15331,0,5
15337,0,6
15343,1,6
15348,0,5
15354,0,6
15360,1,6
15366,1,6
15372,1,6
15378,1,6
15384,1,6
15389,0,5
15395,0,6
15401,0,6
15407,1,6
15413,1,6
15418,0,5
15424,1,6
15429,0,5
15435,0,6
15441,0,6
15447,1,6
15452,0,5
15458,0,6
15464,1,6
15469,0,5
15478,4,9
15487,1,9
15493,1,6
15498,0,5
15504,1,6
15509,0,5
15515,1,6
15520,0,5
15526,0,6
15532,1,6
15537,0,5
15543,0,6
15549,1,6
15555,1,6
15561,1,6
15566,0,5
15572,1,6
15577,0,5
15587,0,10
15593,1,6
15599,1,6
15604,0,5
15610,1,6
15615,0,5
15621,0,6
15627,1,6
15632,0,5
15638,0,6
15644,1,6
15649,0,5
15655,1,6
15661,1,6
15666,0,5
15672,1,6
15677,0,5
15683,0,6
15689,0,6
15695,1,6
15700,0,5
15706,0,6
15712,1,6
15717,0,5
15723,1,6
15728,0,5
15734,0,6
15740,1,6
15746,1,6
15752,1,6
15760,3,8
15766,1,6
15772,0,6
15778,0,6
15784,1,6
15790,1,6
15796,1,6
15802,1,6
15807,0,5
15813,0,6
15819,0,6
15825,1,6
15831,1,6
15837,1,6
15843,1,6
15849,1,6
15854,0,5
15860,0,6
15866,1,6
15872,0,6
15878,1,6
15883,0,5
15889,0,6
15898,4,9
15904,1,6
15910,1,6
15915,0,5
15921,1,6
15927,1,6
15933,1,6
15939,1,6
15946,2,7
15951,0,5
15957,0,6
15963,0,6
15968,0,5
15974,0,6
15980,1,6
15985,0,5
15992,1,7
15998,1,6
16004,1,6
16009,0,5
16015,1,6
16021,0,6
16027,0,6
16034,1,7
16040,1,6
16046,1,6
16052,1,6
16057,0,5
16063,1,6
16068,0,5
16074,0,6
16080,1,6
16086,1,6
16091,0,5
16097,0,6
16103,0,6
16110,1,7
16116,1,6
16121,0,5
16127,1,6
16133,1,6
16138,0,5
16144,0,6
16150,1,6
16156,1,6
16162,1,6
16167,0,5
16173,0,6
16179,1,6
16185,1,6
16190,0,5
16196,1,6
16202,1,6
16207,0,5
16213,1,6
16219,1,6
16224,0,5
16230,1,6
16235,0,5
16241,0,6
16247,1,6
16253,1,6
16258,0,5
16264,1,6
16270,1,6
16276,1,6
16281,0,5
16287,1,6
16293,1,6
16303,1,10
16308,0,5
16314,0,6
16320,1,6
16332,1,12
16337,0,5
16343,1,6
16348,0,5
16354,0,6
16360,1,6
16366,1,6
16371,0,5
16377,1,6
16383,1,6
16388,0,5
16394,1,6
16399,0,5
16405,0,6
16411,0,6
16416,0,5
16422,0,6
16428,1,6
16434,1,6
16439,0,5
16445,1,6
16451,1,6
16457,1,6
16462,0,5
16468,0,6
16474,1,6
16480,1,6
16485,0,5
16491,1,6
16497,1,6
16503,1,6
16508,0,5
16514,0,6
16520,1,6
16525,0,5
16531,0,6
16537,1,6
16542,0,5
16548,1,6
16554,1,6
16560,1,6
16565,0,5
16571,1,6
16577,1,6
16583,1,6
16588,0,5
16594,1,6
16599,0,5
16605,1,6
16611,1,6
16616,0,5
16622,1,6
16628,1,6
16633,0,5
16639,0,6
16645,1,6
16650,0,5
16656,1,6
16661,0,5
16667,0,6
16672,0,5
16678,0,6
16684,1,6
16689,0,5
16703,0,14
16709,0,6
16715,1,6
16721,1,6
16726,0,5
16732,1,6
16737,0,5
16743,0,6
16749,1,6
16754,0,5
16760,1,6
16765,0,5
16771,1,6
16777,1,6
16782,0,5
16788,0,6
16794,1,6
16800,1,6
16805,0,5
16811,1,6
16816,0,5
16822,0,6
16828,1,6
16833,0,5
16839,1,6
16844,0,5
16850,0,6
16856,1,6
16861,0,5
16867,1,6
16872,0,5
16878,1,6
16883,0,5
16889,0,6
16895,1,6
16900,0,5
16906,1,6
16911,0,5
16917,1,6
16922,0,5
16928,1,6
16935,2,7
16941,1,6
16946,0,5
16952,1,6
16957,0,5
16963,0,6
16969,1,6
16974,0,5
16980,1,6
16985,0,5
16991,1,6
16996,0,5
17002,0,6
17008,1,6
17013,0,5
17019,0,6
17025,1,6
17030,0,5
17036,1,6
17041,0,5
17047,1,6
17052,0,5
17058,0,6
17063,0,5
17069,0,6
17075,1,6
17080,0,5
17086,1,6
17091,0,5
17097,1,6
17102,0,5
17108,1,6
17113,0,5
17119,1,6
17125,1,6
17130,0,5
17136,1,6
17141,0,5
17147,1,6
17152,0,5
17158,1,6
17163,0,5
17169,1,6
17174,0,5
17180,0,6
17186,1,6
17191,0,5
17197,1,6
17202,0,5
17208,1,6
17213,0,5
17219,1,6
17224,0,5
17230,1,6
17235,0,5
17241,0,6
17246,0,5
17252,0,6
17258,1,6
17263,0,5
17269,1,6
17274,0,5
17280,0,6
17286,1,6
17291,0,5
17297,1,6
17302,0,5
17308,1,6
17313,0,5
17319,0,6
17325,1,6
17330,0,5
17336,1,6
17341,0,5
17347,0,6
17353,1,6
17358,0,5
17364,1,6
17369,0,5
17375,0,6
17380,0,5
17386,0,6
17392,1,6
17397,0,5
17403,1,6
17408,0,5
17414,0,6
17419,0,5
17425,0,6
17431,1,6
17436,0,5
17442,1,6
17447,0,5
17453,1,6
17458,0,5
17464,1,6
17470,1,6
17475,0,5
17481,1,6
17486,0,5
17492,1,6
17497,0,5
17503,0,6
17509,1,6
17514,0,5
17520,1,6
17525,0,5
17531,1,6
17536,0,5
17542,1,6
17547,0,5
17553,0,6
17559,1,6
17564,0,5
17570,1,6
17576,1,6
17582,1,6
17588,1,6
17594,1,6
17600,1,6
17606,0,6
17613,1,7
17619,1,6
17625,1,6
17631,1,6
17637,1,6
17643,1,6
17649,1,6
17655,0,6
17662,1,7
17668,1,6
17674,1,6
17680,1,6
17686,1,6
17699,1,13
17704,1,5
17709,1,5
17715,1,6
17720,1,5
17725,1,5
17730,1,5
17735,0,5
17740,0,5
17746,1,6
17751,1,5
17757,2,6
17762,1,5
17767,1,5
17772,1,5
17778,2,6
17783,1,5
17788,1,5
17793,1,5
17798,1,5
17803,0,5
17809,1,6
17814,1,5
17819,1,5
17824,1,5
17829,0,5
17835,1,6
17840,1,5
17845,1,5
17850,1,5
17855,0,5
17861,1,6
17866,1,5
17871,1,5
17876,1,5
17882,1,6
17887,1,5
17892,1,5
17898,1,6
17903,1,5
17908,1,5
17913,1,5
17919,1,6
17924,1,5
17929,1,5
17935,1,6
17940,1,5
17945,1,5
17950,1,5
17956,1,6
17961,1,5
17966,1,5
17972,1,6
17977,1,5
17983,1,6
17988,1,5
17994,1,6
17999,1,5
18004,1,5
18010,2,6
18015,1,5
18020,1,5
18025,1,5
18031,1,6
18036,1,5
18042,2,6
18047,1,5
18052,1,5
18058,1,6
18063,1,5
18069,1,6
18074,1,5
18079,1,5
18084,0,5
18089,0,5
18095,1,6
18100,1,5
18105,0,5
18110,0,5
18116,1,6
18121,1,5
18126,0,5
18131,0,5
18137,0,6
18143,1,6
18148,0,5
18154,1,6
18160,1,6
18165,0,5
18171,0,6
18177,1,6
18183,1,6
18189,1,6
18195,1,6
18201,1,6
18206,0,5
18212,0,6
18218,1,6
18224,1,6
18229,0,5
18235,0,6
18241,1,6
18247,1,6
18252,0,5
18258,0,6
18264,1,6
18270,1,6
18276,1,6
18281,0,5
18289,1,8
18294,0,5
18300,1,6
18306,1,6
18312,1,6
18317,0,5
18323,0,6
18329,1,6
18335,1,6
18341,1,6
18347,1,6
18353,1,6
18358,0,5
18364,1,6
18370,1,6
18375,0,5
18381,0,6
18387,1,6
18393,1,6
18399,1,6
18404,0,5
18410,0,6
18416,1,6
18422,1,6
18428,1,6
18434,1,6
18439,0,5
18445,0,6
18451,1,6
18457,1,6
18463,1,6
18468,0,5
18474,1,6
18480,1,6
18486,1,6
18491,0,5
18497,0,6
18503,1,6
18508,0,5
18514,1,6
18519,0,5
18525,1,6
18530,0,5
18536,1,6
18541,0,5
18547,0,6
18553,1,6
18558,0,5
18564,1,6
18569,0,5
18575,1,6
18581,1,6
18587,1,6
18593,1,6
18599,1,6
18605,1,6
18618,4,13
18620,1,2
18625,1,5
18630,1,5
18635,0,5
18640,0,5
18645,0,5
18651,1,6
18656,1,5
18661,0,5
18666,0,5
18671,0,5
18676,0,5
18682,1,6
18687,1,5
18692,0,5
18697,0,5
18702,0,5
18708,1,6
18713,1,5
18718,1,5
18723,0,5
18728,0,5
18735,2,7
18740,1,5
18745,0,5
18751,1,6
18756,1,5
18761,0,5
18767,1,6
18772,1,5
18777,1,5
18782,0,5
18787,0,5
18793,1,6
18798,0,5
18803,0,5
18809,1,6
18814,0,5
18820,0,6
18826,1,6
18831,0,5
18837,0,6
18843,1,6
18849,1,6
18855,1,6
18861,1,6
18866,0,5
18872,1,6
18878,1,6
18884,1,6
18889,0,5
18895,0,6
18901,0,6
18907,1,6
18912,0,5
18918,0,6
18924,1,6
18929,0,5
18935,0,6
18941,1,6
18946,0,5
18952,1,6
18957,0,5
18963,0,6
18969,1,6
18974,0,5
18980,1,6
18985,0,5
18992,1,7
18997,0,5
19003,1,6
19008,1,5
19013,0,5
19019,1,6
19024,0,5
19030,1,6
19035,0,5
19041,0,6
19047,1,6
19053,1,6
19058,0,5
19064,1,6
19070,1,6
19076,1,6
19081,0,5
19087,1,6
19092,0,5
19098,1,6
19104,1,6
19109,0,5
19115,1,6
19120,0,5
19126,0,6
19134,1,8
19140,1,6
19145,0,5
19151,1,6
19156,0,5
19162,1,6
19167,0,5
19173,1,6
19179,1,6
19185,1,6
19191,1,6
19196,0,5
19202,1,6
19208,1,6
19219,0,11
19225,1,6
19231,1,6
19236,0,5
19242,1,6
19247,0,5
19253,0,6
19259,1,6
19264,0,5
19270,1,6
19275,0,5
19281,0,6
19287,1,6
19292,0,5
19298,1,6
19303,0,5
19309,0,6
19314,0,5
19320,0,6
19326,1,6
19331,0,5
19337,1,6
19342,0,5
19348,0,6
19354,1,6
19360,1,6
19365,0,5
19371,1,6
19377,1,6
19382,0,5
19388,1,6
19393,0,5
19399,0,6
19405,1,6
19411,1,6
19417,1,6
19423,1,6
19429,1,6
19435,1,6
19441,1,6
19447,1,6
19453,1,6
19459,1,6
19464,0,5
19470,0,6
19476,0,6
19482,0,6
19488,1,6
19494,1,6
19500,1,6
19506,1,6
19512,1,6
19518,1,6
19523,0,5
19529,1,6
19535,1,6
19540,0,5
19546,1,6
19551,0,5
19557,0,6
19562,0,5
19568,0,6
19574,1,6
19579,0,5
19587,0,8
19593,0,6
19599,1,6
19604,0,5
19610,1,6
19616,1,6
19621,0,5
19627,1,6
19632,0,5
19638,1,6
19644,1,6
19649,0,5
19655,1,6
19660,0,5
19666,0,6
19672,1,6
19677,0,5
19683,1,6
19688,0,5
19694,0,6
19700,1,6
19705,0,5
19711,1,6
19716,0,5
19722,1,6
19727,0,5
19733,1,6
19738,0,5
19744,0,6
19750,1,6
19755,0,5
19761,1,6
19767,1,6
19772,0,5
19778,1,6
19784,1,6
19790,1,6
19795,0,5
19801,0,6
19807,1,6
19813,1,6
19818,0,5
19824,1,6
19829,0,5
19835,0,6
19841,1,6
19846,0,5
19852,0,6
19858,1,6
19863,0,5
19869,1,6
19874,0,5
19880,0,6
19885,0,5
19891,0,6
19897,1,6
19902,0,5
19908,1,6
19913,0,5
19919,0,6
19925,1,6
19930,0,5
19936,0,6
19942,1,6
19948,0,6
19954,0,6
19960,1,6
19965,0,5
19971,1,6
19976,0,5
19982,0,6
19988,1,6
19993,0,5
19999,0,6
20005,1,6
20010,0,5
20016,0,6
20022,1,6
20027,0,5
20033,0,6
20039,1,6
20045,1,6
20050,0,5
20056,1,6
20061,0,5
20067,1,6
20072,0,5
20078,1,6
20083,0,5
20089,0,6
20095,1,6
20100,0,5
20106,0,6
20112,1,6
20117,0,5
20123,1,6
20128,0,5
20134,1,6
20143,0,9
20149,1,6
20155,1,6
20161,1,6
20167,1,6
20172,0,5
20178,1,6
20184,1,6
20189,0,5
20195,1,6
20201,1,6
20207,1,6
20213,1,6
20219,1,6
20225,1,6
20231,1,6
20236,0,5
20242,0,6
20248,0,6
20254,1,6
20260,1,6
20266,1,6
20273,1,7
20279,1,6
20285,1,6
20291,1,6
20297,1,6
20303,0,6
20309,0,6
20315,0,6
20321,1,6
20327,1,6
20333,1,6
20339,1,6
20345,1,6
20350,0,5
20356,1,6
20361,0,5
20367,0,6
20373,0,6
20379,1,6
20385,1,6
20390,0,5
20396,0,6
20401,0,5
20407,0,6
20413,1,6
20418,0,5
20424,1,6
20429,0,5
20435,0,6
20441,1,6
20446,0,5
20452,1,6
20457,0,5
20463,0,6
20469,1,6
20474,0,5
20480,1,6
20485,0,5
20491,1,6
20496,0,5
20502,0,6
20508,1,6
20514,1,6
20519,0,5
20525,1,6
20531,1,6
20536,0,5
20542,1,6
20547,0,5
20553,1,6
20558,0,5
20564,1,6
20569,0,5
20575,0,6
20581,1,6
20586,0,5
20592,1,6
20597,0,5
20603,1,6
20608,0,5
20614,0,6
20620,1,6
20625,0,5
20631,1,6
20636,0,5
20642,1,6
20648,1,6
20653,0,5
20661,1,8
20667,1,6
20672,0,5
20678,0,6
20684,1,6
20690,1,6
20695,0,5
20701,1,6
20706,0,5
20712,0,6
20718,1,6
20723,0,5
20729,1,6
20734,0,5
20740,0,6
20746,1,6
20752,1,6
20757,0,5
20763,0,6
20769,1,6
20775,1,6
20781,1,6
20787,0,6
20793,1,6
20799,1,6
20805,1,6
20811,1,6
20816,0,5
20822,1,6
20827,0,5
20833,1,6
20838,0,5
20844,1,6
20849,0,5
20855,0,6
20861,1,6
20866,0,5
20872,0,6
20878,1,6
20883,0,5
20889,1,6
20894,0,5
20900,1,6
20905,0,5
20911,0,6
20917,1,6
20922,0,5
20928,1,6
20933,0,5
20939,0,6
20945,1,6
20950,0,5
20956,1,6
20961,0,5
20967,1,6
20973,1,6
20978,0,5
20984,0,6
20990,0,6
20996,1,6
21001,0,5
21007,0,6
21013,1,6
21019,0,6
21025,0,6
21031,0,6
21037,1,6
21042,0,5
21048,0,6
21054,0,6
21060,1,6
21065,0,5
21071,1,6
21076,0,5
21082,1,6
21087,0,5
21093,0,6
21099,1,6
21104,0,5
21110,1,6
21116,1,6
21121,0,5
21127,1,6
21132,0,5
21138,1,6
21143,0,5
21149,0,6
21154,0,5
21160,0,6
21166,1,6
21171,0,5
21177,1,6
21182,0,5
21188,0,6
21194,1,6
21199,0,5
21205,1,6
21210,0,5
21216,1,6
21221,0,5
21227,1,6
21232,0,5
21238,0,6
21244,1,6
21249,0,5
21255,1,6
21261,1,6
21266,0,5
21272,1,6
21277,0,5
21283,0,6
21289,1,6
21294,0,5
21300,0,6
21306,1,6
21311,0,5
21317,1,6
21322,0,5
21328,0,6
21334,1,6
21339,0,5
21345,1,6
21350,0,5
21356,1,6
21361,0,5
21367,0,6
21373,1,6
21378,0,5
21384,1,6
21390,1,6
21396,1,6
21402,1,6
21408,1,6
21413,0,5
21419,0,6
21425,0,6
21431,0,6
21437,0,6
21443,1,6
21448,0,5
21454,0,6
21460,1,6
21465,0,5
21471,0,6
21477,1,6
21483,1,6
21489,1,6
21495,1,6
21500,0,5
21506,1,6
21512,1,6
21518,1,6
21523,0,5
21529,0,6
21535,0,6
21541,0,6
21547,1,6
21553,1,6
21559,1,6
21564,0,5
21570,1,6
21576,1,6
21582,1,6
21588,1,6
21593,0,5
21599,0,6
21605,1,6
21610,0,5
21616,0,6
21622,0,6
21628,0,6
21634,1,6
21640,1,6
21645,0,5
21651,0,6
21657,1,6
21663,1,6
21669,1,6
21674,0,5
21680,1,6
21686,1,6
21692,1,6
21697,0,5
21703,1,6
21708,0,5
21714,0,6
21720,1,6
21725,0,5
21731,0,6
21737,1,6
21743,1,6
21749,1,6
21755,1,6
21761,1,6
21766,0,5
21772,1,6
21778,1,6
21784,1,6
21789,0,5
21795,1,6
21800,0,5
21806,0,6
21812,0,6
21818,0,6
21824,1,6
21830,1,6
21836,1,6
21841,0,5
21847,1,6
21852,0,5
21858,1,6
21863,0,5
21869,1,6
21874,0,5
21880,0,6
21886,1,6
21892,1,6
21897,0,5
21903,0,6
21909,1,6
21914,0,5
21920,1,6
21925,0,5
21931,0,6
21936,0,5
21942,0,6
21948,1,6
21953,0,5
21959,1,6
21964,0,5
21970,0,6
21976,1,6
21981,0,5
21987,0,6
21993,1,6
21998,0,5
22005,1,7
22011,1,6
22017,1,6
22022,0,5
22028,1,6
22033,0,5
22039,0,6
22045,1,6
22050,0,5
22056,1,6
22061,0,5
22067,0,6
22073,1,6
22078,0,5
22084,1,6
22089,0,5
22095,1,6
22101,1,6
22107,1,6
22112,0,5
22118,0,6
22124,0,6
22130,1,6
22136,1,6
22141,0,5
22147,1,6
22152,0,5
22158,0,6
22164,1,6
22169,0,5
22175,1,6
22181,1,6
22187,1,6
22192,0,5
22198,1,6
22203,0,5
22209,1,6
22215,1,6
22220,0,5
22226,1,6
22231,0,5
22237,0,6
22243,1,6
22249,1,6
22254,0,5
22260,0,6
22266,1,6
22272,1,6
22278,1,6
22283,0,5
22289,1,6
22295,1,6
22300,0,5
22306,1,6
22311,0,5
22317,1,6
22323,1,6
22328,0,5
22334,1,6
22339,0,5
22345,0,6
22351,1,6
22356,0,5
22362,1,6
22368,1,6
22374,1,6
22380,1,6
22386,1,6
22391,0,5
22397,1,6
22403,1,6
22408,0,5
22414,1,6
22420,1,6
22425,0,5
22431,0,6
22437,1,6
22443,1,6
22449,1,6
22454,0,5
22460,0,6
22466,1,6
22471,0,5
22477,0,6
22483,1,6
22489,1,6
22494,0,5
22500,1,6
22512,1,12
22518,0,6
22524,1,6
22529,0,5
22535,0,6
22541,1,6
22547,1,6
22553,1,6
22559,1,6
22564,0,5
22570,1,6
22575,0,5
22581,1,6
22586,0,5
22592,0,6
22598,1,6
22603,0,5
22609,1,6
22614,0,5
22620,0,6
22626,1,6
22631,0,5
22637,1,6
22642,0,5
22648,1,6
22653,0,5
22659,0,6
22665,1,6
22670,0,5
22676,0,6
22682,1,6
22687,0,5
22693,1,6
22698,0,5
22704,1,6
22709,0,5
22715,1,6
22720,0,5
22726,1,6
22731,0,5
22737,0,6
22743,1,6
22748,0,5
22754,1,6
22760,1,6
22765,0,5
22771,1,6
22776,0,5
22782,1,6
22788,1,6
22793,0,5
22799,1,6
22804,0,5
22810,0,6
22816,1,6
22822,1,6
22827,0,5
22833,1,6
22838,0,5
22844,1,6
22849,0,5
22855,0,6
22861,1,6
22866,0,5
22872,1,6
22877,0,5
22883,0,6
22889,1,6
22894,0,5
22900,1,6
22906,1,6
22911,0,5
22917,0,6
22923,1,6
22929,1,6
22935,1,6
22941,1,6
22947,1,6
22953,1,6
22959,1,6
22964,0,5
22970,0,6
22976,1,6
22981,0,5
22987,1,6
22992,0,5
22998,1,6
23004,1,6
23009,0,5
23015,1,6
23020,0,5
23026,0,6
23032,1,6
23037,0,5
23043,1,6
23048,0,5
23054,1,6
23059,0,5
23065,1,6
23070,0,5
23076,0,6
23082,1,6
23087,0,5
23093,1,6
23098,0,5
23104,1,6
23109,0,5
23115,0,6
23121,1,6
23126,0,5
23132,1,6
23137,0,5
23143,1,6
23148,0,5
23154,0,6
23159,0,5
23165,0,6
23171,1,6
23176,0,5
23182,1,6
23187,0,5
23193,0,6
23199,1,6
23204,0,5
23210,1,6
23215,0,5
23221,1,6
23226,0,5
23232,1,6
23237,0,5
23243,0,6
23248,0,5
23254,0,6
23260,1,6
23265,0,5
23271,1,6
23276,0,5
23282,1,6
23288,1,6
23293,0,5
23299,1,6
23305,1,6
23310,0,5
23316,1,6
23321,0,5
23327,1,6
23332,0,5
23338,0,6
23344,1,6
23349,0,5
23355,1,6
23360,0,5
23366,1,6
23371,0,5
23377,1,6
23382,0,5
23388,1,6
23393,0,5
23399,0,6
23404,0,5
23410,0,6
23416,1,6
23421,0,5
23427,1,6
23432,0,5
23438,1,6
23443,0,5
23449,0,6
23455,1,6
23460,0,5
23466,1,6
23471,0,5
23477,1,6
23482,0,5
23488,1,6
23493,0,5
23499,0,6
23505,1,6
23511,1,6
23517,1,6
23522,0,5
23528,1,6
23533,0,5
23539,1,6
23544,0,5
23550,1,6
23555,0,5
23561,0,6
23567,1,6
23572,0,5
23578,1,6
23584,1,6
23590,1,6
23596,1,6
23602,0,6
23609,1,7
23615,1,6
23627,5,12
23628,1,1
23633,1,5
23639,1,6
23644,1,5
23649,1,5
23654,0,5
23660,1,6
23665,1,5
23670,1,5
23676,1,6
23681,1,5
23686,1,5
23692,1,6
23697,1,5
23702,1,5
23707,0,5
23713,1,6
23718,1,5
23724,1,6
23729,1,5
23735,1,6
23740,1,5
23746,1,6
23751,1,5
23757,1,6
23762,1,5
23767,1,5
23773,1,6
23778,1,5
23784,1,6
23789,1,5
23795,1,6
23800,1,5
23806,1,6
23811,1,5
23817,1,6
23822,1,5
23828,1,6
23834,1,6
23840,1,6
23847,2,7
23853,1,6
23860,1,7
23866,1,6
23872,1,6
23878,1,6
23884,1,6
23891,1,7
23897,1,6
23903,1,6
23909,1,6
23915,1,6
23922,1,7
23928,1,6
23934,1,6
23941,1,7
23947,1,6
23954,1,7
23960,1,6
23966,1,6
23972,1,6
23978,0,6
23985,1,7
23991,1,6
23997,0,6
24004,1,7
24010,1,6
24015,1,5
24021,1,6
24026,1,5
24032,1,6
24037,1,5
24043,1,6
24048,1,5
24053,0,5
24060,1,7
24065,1,5
24071,1,6
24077,1,6
24082,0,5
24088,1,6
24094,1,6
24100,1,6
24105,0,5
24111,1,6
24117,1,6
24122,0,5
24128,1,6
24133,0,5
24139,0,6
24145,1,6
24151,1,6
24156,0,5
24162,1,6
24168,1,6
24173,0,5
24179,1,6
24185,1,6
24190,0,5
24196,0,6
24202,1,6
24208,1,6
24214,1,6
24219,0,5
24225,0,6
24231,1,6
24237,1,6
24243,1,6
24248,0,5
24254,0,6
24260,0,6
24266,0,6
24272,1,6
24277,0,5
24283,0,6
24289,1,6
24294,0,5
24300,1,6
24306,1,6
24311,0,5
24317,1,6
24323,1,6
24328,0,5
24334,0,6
24340,1,6
24345,0,5
24351,1,6
24356,0,5
24362,0,6
24368,1,6
24373,0,5
24379,0,6
24385,1,6
24390,0,5
24396,1,6
24401,0,5
24407,1,6
24413,1,6
24418,0,5
24424,0,6
24430,1,6
24435,0,5
24441,1,6
24446,0,5
24452,0,6
24458,1,6
24463,0,5
24469,1,6
24474,0,5
24480,0,6
24486,1,6
24491,0,5
24497,1,6
24502,0,5
24508,1,6
24513,0,5
24519,0,6
24525,1,6
24530,0,5
24536,1,6
24541,0,5
24547,0,6
24552,0,5
24558,0,6
24564,1,6
24569,0,5
24575,1,6
24580,0,5
24586,0,6
24592,1,6
24597,0,5
24603,1,6
24608,0,5
24614,1,6
24619,0,5
24625,0,6
24630,0,5
24636,0,6
24642,1,6
24647,0,5
24653,1,6
24658,0,5
24664,1,6
24669,0,5
24675,1,6
24680,0,5
24686,0,6
24692,1,6
24697,0,5
24703,1,6
24709,1,6
24714,0,5
24720,1,6
24726,1,6
24731,0,5
24737,1,6
24742,0,5
24748,0,6
24754,1,6
24759,0,5
24765,1,6
24770,0,5
24776,1,6
24781,0,5
24787,1,6
24792,0,5
24798,0,6
24803,0,5
24809,0,6
24815,1,6
24820,0,5
24826,1,6
24832,1,6
24837,0,5
24843,1,6
24848,0,5
24854,1,6
24859,0,5
24865,1,6
24870,0,5
24876,0,6
24882,1,6
24887,0,5
24893,1,6
24898,0,5
24904,1,6
24909,0,5
24915,1,6
24920,0,5
24926,1,6
24931,0,5
24937,0,6
24943,1,6
24948,0,5
24954,1,6
24959,0,5
24965,1,6
24970,0,5
24976,0,6
24981,0,5
24987,0,6
24993,1,6
24998,0,5
25004,1,6
25009,0,5
25015,1,6
25020,0,5
25026,0,6
25031,0,5
25037,0,6
25043,1,6
25048,0,5
25054,1,6
25059,0,5
25065,1,6
25070,0,5
25076,1,6
25081,0,5
25087,0,6
25092,0,5
25098,0,6
25107,0,9
25116,3,9
25122,1,6
25128,1,6
25135,1,7
25141,1,6
25147,1,6
25154,2,7
25160,1,6
25167,2,7
25173,1,6
25179,1,6
25185,1,6
25191,1,6
25197,0,6
25203,0,6
25210,1,7
25216,1,6
25223,1,7
25229,1,6
25235,1,6
25248,2,13
25254,1,6
25260,1,6
25265,0,5
25271,1,6
25278,1,7
25283,0,5
25290,2,7
25296,1,6
25302,1,6
25309,1,7
25315,1,6
25321,1,6
25327,1,6
25333,1,6
25340,2,7
25346,1,6
25352,1,6
25359,1,7
25364,0,5
25370,1,6
25375,0,5
25381,0,6
25387,1,6
25392,0,5
25398,1,6
25403,0,5
25409,0,6
25414,0,5
25420,0,6
25426,1,6
25431,0,5
25443,0,12
25449,1,6
25454,0,5
25460,1,6
25465,0,5
25471,1,6
25476,0,5
25482,0,6
25487,0,5
25493,0,6
25499,1,6
25504,0,5
25510,1,6
25515,0,5
25521,1,6
25526,0,5
25532,1,6
25537,0,5
25543,0,6
25549,1,6
25555,1,6
25560,0,5
25566,0,6
25571,0,5
25578,1,7
25584,1,6
25591,2,7
25597,1,6
25603,1,6
25610,1,7
25616,1,6
25623,1,7
25629,1,6
25636,1,7
25642,1,6
25649,1,7
25655,1,6
25662,2,7
25668,1,6
25674,1,6
25683,1,9
25690,1,7
25696,1,6
25703,1,7
25709,1,6
25715,1,6
25721,1,6
25727,0,6
25734,1,7
25740,1,6
25746,1,6
25752,1,6
25758,1,6
25764,0,6
25770,0,6
25776,0,6
25782,0,6
25789,1,7
25795,1,6
25801,1,6
25810,1,9
25816,1,6
25822,1,6
25828,1,6
25834,1,6
25840,1,6
25846,0,6
25852,0,6
25859,1,7
25865,1,6
25871,1,6
25877,1,6
25883,1,6
25889,1,6
25895,1,6
25901,1,6
25907,1,6
25913,1,6
25919,0,6
25925,0,6
25932,1,7
25938,1,6
25944,1,6
25950,1,6
25956,1,6
25962,0,6
25969,1,7
25975,1,6
25981,1,6
25987,1,6
25993,1,6
25999,0,6
26006,1,7
26012,1,6
26018,1,6
26024,1,6
26030,1,6
26036,1,6
26042,1,6
26048,0,6
26055,1,7
26061,1,6
26067,1,6
26073,1,6
26079,1,6
26085,1,6
26091,1,6
26097,1,6
26103,1,6
26109,0,6
26116,1,7
26122,1,6
26128,1,6
26134,1,6
26140,1,6
26146,1,6
26152,0,6
26158,0,6
26165,1,7
26171,1,6
26177,1,6
26183,1,6
26189,1,6
26196,1,7
26202,1,6
26208,1,6
26214,1,6
26220,1,6
26226,1,6
26232,1,6
26238,0,6
26244,0,6
26251,1,7
26257,1,6
26263,1,6
26270,1,7
26276,1,6
26282,1,6
26288,1,6
26294,1,6
26300,1,6
26306,0,6
26313,1,7
26319,1,6
26325,1,6
26331,1,6
26337,1,6
26344,1,7
26350,1,6
26356,1,6
26363,1,7
26369,1,6
26376,1,7
26383,2,7
26389,1,6
26395,1,6
26402,1,7
26408,1,6
26415,2,7
26421,1,6
26427,1,6
26433,1,6
26440,1,7
26446,1,6
26453,1,7
26459,1,6
26466,2,7
26472,1,6
26478,1,6
26484,1,6
26490,0,6
26497,1,7
26503,1,6
26509,1,6
26515,1,6
26521,1,6
26527,0,6
26534,1,7
26540,1,6
26546,1,6
26552,1,6
26559,1,7
26565,1,6
26571,1,6
26578,1,7
26585,2,7
26591,1,6
26597,1,6
26604,1,7
26611,2,7
26617,1,6
26624,2,7
26630,1,6
26636,1,6
26643,1,7
26649,1,6
26656,1,7
26662,1,6
26669,1,7
26675,1,6
26682,2,7
26688,1,6
26695,1,7
26701,1,6
26708,1,7
26714,1,6
26720,1,6
26726,1,6
26732,0,6
26738,0,6
26745,1,7
26751,1,6
26757,1,6
26763,1,6
26769,1,6
26776,1,7
26782,1,6
26788,1,6
26794,1,6
26800,1,6
26806,1,6
26813,1,7
26819,1,6
26825,1,6
26831,1,6
26838,2,7
26844,1,6
26850,1,6
26857,2,7
26863,1,6
26869,1,6
26875,0,6
26882,1,7
26888,1,6
26894,1,6
26900,1,6
26906,0,6
26913,1,7
26919,1,6
26925,1,6
26931,1,6
26938,1,7
26944,1,6
26950,1,6
26956,1,6
26962,1,6
26968,0,6
26975,1,7
26981,1,6
26987,1,6
26994,1,7
27000,1,6
27007,1,7
27013,0,6
27019,1,6
27025,1,6
27030,0,5
27036,0,6
27042,1,6
27048,1,6
27054,0,6
27060,0,6
27066,1,6
27072,1,6
27077,0,5
27083,0,6
27089,1,6
27095,1,6
27100,0,5
27106,1,6
27112,1,6
27118,1,6
27124,1,6
27129,0,5
27135,0,6
27141,1,6
27146,0,5
27152,0,6
27158,1,6
27164,1,6
27169,0,5
27175,0,6
27181,1,6
27186,0,5
27192,0,6
27198,0,6
27204,0,6
27210,0,6
27217,1,7
27223,1,6
27229,1,6
27235,0,6
27242,1,7
27248,1,6
27254,1,6
27260,1,6
27266,1,6
27272,1,6
27279,1,7
27285,1,6
27291,1,6
27298,2,7
27304,1,6
27309,0,5
27315,0,6
27321,1,6
27326,0,5
27332,0,6
27338,1,6
27344,1,6
27349,0,5
27355,1,6
27360,0,5
27366,0,6
27372,1,6
27378,1,6
27384,1,6
27390,1,6
27396,1,6
27402,1,6
27408,1,6
27413,0,5
27419,0,6
27425,1,6
27430,0,5
27436,1,6
27441,0,5
27447,0,6
27453,1,6
27458,0,5
27464,1,6
27470,1,6
27475,0,5
27481,1,6
27486,0,5
27492,1,6
27498,1,6
27503,0,5
27509,1,6
27515,1,6
27520,0,5
27526,1,6
27532,1,6
27537,0,5
27543,0,6
27549,1,6
27554,0,5
27560,1,6
27565,0,5
27571,1,6
27576,0,5
27582,0,6
27588,1,6
27593,0,5
27599,0,6
27605,1,6
27610,0,5
27616,1,6
27622,1,6
27627,0,5
27633,0,6
27640,1,7
27645,0,5
27651,0,6
27657,1,6
27662,0,5
27668,1,6
27674,1,6
27680,1,6
27685,0,5
27691,0,6
27697,1,6
27703,1,6
27708,0,5
27714,1,6
27720,1,6
27726,1,6
27731,0,5
27737,0,6
27743,1,6
27749,1,6
27754,0,5
27760,1,6
27766,1,6
27771,0,5
27777,0,6
27783,1,6
27789,1,6
27794,0,5
27800,1,6
27805,0,5
27811,0,6
27817,1,6
27822,0,5
27828,1,6
27833,0,5
27839,1,6
27844,0,5
27850,1,6
27855,0,5
27861,0,6
27867,1,6
27872,0,5
27877,0,5
27883,1,6
27888,1,5
27893,1,5
27898,0,5
27903,0,5
27908,0,5
27913,0,5
27919,1,6
27924,1,5
27929,1,5
27934,0,5
27939,0,5
27945,1,6
27950,1,5
27955,1,5
27960,0,5
27966,1,6
27971,1,5
27976,1,5
27981,0,5
27987,1,6
27992,1,5
27997,1,5
28002,0,5
28007,0,5
28013,1,6
28018,1,5
28023,1,5
28028,0,5
28033,0,5
28039,1,6
28044,1,5
28049,1,5
28054,0,5
28059,0,5
28064,0,5
28070,1,6
28075,1,5
28080,0,5
28085,0,5
28090,0,5
28096,1,6
28101,0,5
28106,0,5
28111,0,5
28117,1,6
28122,1,5
28127,0,5
28132,0,5
28138,1,6
28143,1,5
28148,1,5
28153,0,5
28158,0,5
28163,0,5
28168,0,5
28174,1,6
28179,1,5
28184,1,5
28189,0,5
28194,0,5
28200,1,6
28205,1,5
28210,0,5
28215,0,5
28220,0,5
28226,1,6
28231,0,5
28236,0,5
28242,1,6
28247,1,5
28252,0,5
28258,1,6
28263,1,5
28268,0,5
28273,0,5
28279,1,6
28284,1,5
28289,0,5
28295,1,6
28300,1,5
28305,0,5
28311,1,6
28316,1,5
28321,0,5
28327,1,6
28332,1,5
28337,0,5
28343,1,6
28349,1,6
28355,1,6
28361,1,6
28367,1,6
28373,1,6
28379,1,6
28385,1,6
28391,1,6
28397,1,6
28403,1,6
28409,1,6
28414,0,5
28420,0,6
28426,0,6
28432,1,6
28437,0,5
28443,0,6
28449,1,6
28455,1,6
28468,1,13
28474,1,6
28479,0,5
28485,0,6
28491,0,6
28498,1,7
28503,0,5
28509,1,6
28515,1,6
28521,1,6
28527,1,6
28533,1,6
28538,0,5
28544,0,6
28550,0,6
28556,1,6
28562,1,6
28568,1,6
28574,1,6
28580,0,6
28586,1,6
28592,0,6
28598,1,6
28604,1,6
28610,1,6
28615,0,5
28621,0,6
28635,5,14
28636,1,1
28641,1,5
28646,0,5
28651,0,5
28656,0,5
28662,1,6
28667,1,5
28672,0,5
28677,0,5
28683,1,6
28688,1,5
28693,1,5
28698,0,5
28704,1,6
28709,1,5
28714,1,5
28719,0,5
28724,0,5
28729,0,5
28735,1,6
28740,1,5
28745,0,5
28750,0,5
28756,1,6
28761,1,5
28766,0,5
28772,1,6
28777,1,5
28782,0,5
28788,1,6
28793,1,5
28798,0,5
28804,1,6
28809,1,5
28814,0,5
28820,1,6
28825,1,5
28830,0,5
28835,0,5
28841,1,6
28846,1,5
28851,0,5
28856,0,5
28862,1,6
28867,1,5
28872,0,5
28878,1,6
28883,1,5
28888,0,5
28893,0,5
28898,0,5
28904,1,6
28909,0,5
28914,0,5
28920,1,6
28925,1,5
28930,0,5
28935,0,5
28941,1,6
28946,1,5
28951,0,5
28957,1,6
28962,1,5
28967,1,5
28972,0,5
28978,1,6
28983,1,5
28988,0,5
28994,1,6
28999,1,5
29004,0,5
29009,0,5
29015,1,6
29020,1,5
29026,1,6
29031,1,5
29036,1,5
29042,1,6
29047,1,5
29052,0,5
29058,1,6
29063,1,5
29068,0,5
29074,1,6
29079,1,5
29084,0,5
29090,1,6
29095,1,5
29100,1,5
29105,0,5
29110,0,5
29116,1,6
29121,1,5
29126,0,5
29131,0,5
29137,1,6
29142,1,5
29147,1,5
29152,0,5
29157,0,5
29163,1,6
29168,1,5
29173,0,5
29178,0,5
29184,1,6
29189,1,5
29194,0,5
29199,0,5
29205,1,6
29210,1,5
29215,0,5
29220,0,5
29226,1,6
29231,1,5
29236,0,5
29241,0,5
29247,1,6
29252,1,5
29257,0,5
29263,1,6
29268,1,5
29273,0,5
29279,1,6
29284,1,5
29289,1,5
29295,1,6
29301,1,6
29307,1,6
29313,1,6
29320,1,7
29326,1,6
29332,1,6
29338,1,6
29344,1,6
29349,0,5
29355,0,6
29361,1,6
29367,1,6
29373,1,6
29378,0,5
29384,0,6
29390,1,6
29396,0,6
29402,1,6
29408,1,6
29414,1,6
29420,1,6
29426,1,6
29432,1,6
29438,1,6
29444,1,6
29450,1,6
29456,1,6
29462,1,6
29468,0,6
29474,0,6
29480,0,6
29486,0,6
29492,1,6
29498,1,6
29504,1,6
29510,1,6
29516,1,6
29521,0,5
29527,0,6
29533,1,6
29538,0,5
29544,1,6
29549,0,5
29555,1,6
29561,1,6
29566,0,5
29572,1,6
29578,1,6
29584,1,6
29589,0,5
29595,1,6
29600,0,5
29606,0,6
29612,1,6
29617,0,5
29623,1,6
29628,0,5
29634,0,6
29640,1,6
29645,0,5
29651,1,6
29657,1,6
29663,1,6
29669,1,6
29675,1,6
29680,0,5
29686,0,6
29692,1,6
29698,1,6
29706,3,8
29712,1,6
29718,1,6
29723,0,5
29729,1,6
29734,0,5
29740,0,6
29746,1,6
29751,0,5
29757,1,6
29763,1,6
29769,1,6
29774,0,5
29780,0,6
29792,1,12
29797,0,5
29804,1,7
29810,1,6
29816,1,6
29823,1,7
29829,1,6
29835,1,6
29841,1,6
29847,1,6
29853,1,6
29860,1,7
29866,1,6
29872,1,6
29878,1,6
29884,1,6
29890,1,6
29896,1,6
29902,1,6
29908,1,6
29914,1,6
29919,0,5
29925,1,6
29931,1,6
29936,0,5
29942,0,6
29948,1,6
29953,0,5
29959,1,6
29965,1,6
29970,0,5
29976,1,6
29981,0,5
29987,0,6
29993,0,6
29999,0,6
30005,0,6
30013,2,8
30019,1,6
30025,1,6
30031,1,6
30036,0,5
30042,0,6
30048,1,6
30054,1,6
30060,1,6
30066,1,6
30071,0,5
30077,1,6
30083,1,6
30089,1,6
30095,1,6
30101,1,6
30107,1,6
30113,1,6
30119,1,6
30125,1,6
30131,0,6
30138,1,7
30144,1,6
30150,1,6
30156,1,6
30162,1,6
30168,1,6
30174,1,6
30180,1,6
30186,1,6
30192,1,6
30198,1,6
30204,1,6
30210,1,6
30216,1,6
30222,1,6
30228,1,6
30233,0,5
30239,1,6
30245,1,6
30251,1,6
30257,1,6
30263,1,6
30269,1,6
30275,1,6
30281,1,6
30287,1,6
30293,1,6
30299,1,6
30305,1,6
30312,1,7
30318,1,6
30324,1,6
30330,1,6
30336,1,6
30342,1,6
30348,1,6
30354,1,6
30360,1,6
30366,1,6
30371,0,5
30377,0,6
30383,1,6
30389,1,6
30394,0,5
30400,0,6
30406,1,6
30412,1,6
30417,0,5
30424,1,7
30430,1,6
30436,1,6
30442,1,6
30448,1,6
30453,0,5
30459,0,6
30465,0,6
30471,1,6
30477,1,6
30482,0,5
30488,1,6
30494,1,6
30500,1,6
30506,1,6
30512,1,6
30517,0,5
30523,0,6
30530,2,7
30536,1,6
30542,1,6
30548,1,6
30554,1,6
30560,1,6
30566,1,6
30572,1,6
30578,1,6
30584,1,6
30590,1,6
30596,1,6
30602,0,6
30609,1,7
30615,0,6
30622,1,7
30628,1,6
30634,1,6
30640,1,6
30645,0,5
30651,0,6
30657,0,6
30663,0,6
30669,1,6
30675,1,6
30681,1,6
30687,1,6
30693,1,6
30699,1,6
30705,1,6
30712,1,7
30718,1,6
30724,1,6
30730,1,6
30736,1,6
30742,1,6
30748,1,6
30754,1,6
30760,1,6
30766,1,6
30772,1,6
30778,1,6
30784,1,6
30790,1,6
30796,1,6
30801,0,5
30807,0,6
30815,1,8
30820,0,5
30826,0,6
30832,1,6
30838,1,6
30844,1,6
30850,1,6
30856,1,6
30862,1,6
30867,0,5
30873,1,6
30878,0,5
30884,0,6
30890,1,6
30895,0,5
30901,0,6
30907,1,6
30913,1,6
30919,1,6
30924,0,5
30931,1,7
30936,0,5
30942,0,6
30948,1,6
30954,1,6
30960,1,6
30966,1,6
30971,0,5
30977,1,6
30984,2,7
30990,1,6
30995,0,5
31001,0,6
31007,0,6
31013,1,6
31019,1,6
31024,0,5
31030,1,6
31035,0,5
31041,0,6
31047,1,6
31053,1,6
31058,0,5
31064,0,6
31070,0,6
31076,1,6
31082,1,6
31088,1,6
31094,1,6
31099,0,5
31105,1,6
31111,1,6
31117,1,6
31123,1,6
31128,0,5
31134,1,6
31140,1,6
31146,1,6
31152,1,6
31158,1,6
31163,0,5
31169,0,6
31175,0,6
31182,1,7
31188,1,6
31194,1,6
31200,1,6
31207,1,7
31213,1,6
31219,1,6
31225,1,6
31231,1,6
31237,1,6
31243,1,6
31248,0,5
31254,1,6
31260,1,6
31266,1,6
31272,1,6
31278,1,6
31283,0,5
31290,1,7
31295,0,5
31301,1,6
31307,1,6
31315,3,8
31321,1,6
31327,1,6
31333,1,6
31339,1,6
31345,1,6
31354,4,9
31360,1,6
31366,1,6
31372,1,6
31378,1,6
31384,1,6
31392,3,8
31402,5,10
31408,1,6
31414,1,6
31420,1,6
31426,1,6
31432,1,6
31438,1,6
31444,1,6
31450,1,6
31456,1,6
31462,1,6
31467,0,5
31473,0,6
31479,1,6
31484,0,5
31490,0,6
31496,1,6
31502,1,6
31507,0,5
31513,0,6
31519,1,6
31525,1,6
31531,1,6
31536,0,5
31542,0,6
31548,1,6
31554,0,6
31560,0,6
31566,0,6
31572,0,6
31578,1,6
31584,1,6
31590,1,6
31596,1,6
31602,1,6
31608,1,6
31614,1,6
31620,1,6
31626,1,6
31632,1,6
31638,1,6
31643,0,5
31649,1,6
31655,1,6
31661,1,6
31666,0,5
31672,0,6
31678,0,6
31684,1,6
31690,1,6
31696,1,6
31702,1,6
31708,1,6
31713,0,5
31719,0,6
31725,0,6
31731,1,6
31737,1,6
31743,1,6
31749,1,6
31754,0,5
31760,0,6
31766,1,6
31771,0,5
31777,1,6
31783,1,6
31788,0,5
31794,0,6
31800,1,6
31806,1,6
31811,0,5
31817,1,6
31823,1,6
31829,1,6
31834,0,5
31840,1,6
31846,1,6
31852,1,6
31859,1,7
31865,1,6
31871,1,6
31877,0,6
31884,1,7
31890,1,6
31896,1,6
31902,1,6
31908,1,6
31914,0,6
31920,0,6
31927,1,7
31932,0,5
31938,0,6
31944,1,6
31950,1,6
31956,1,6
31961,0,5
31967,0,6
31973,1,6
31978,0,5
31984,0,6
31990,1,6
31995,0,5
32001,0,6
32007,1,6
32013,1,6
32018,0,5
32024,1,6
32029,0,5
32036,1,7
32042,1,6
32048,1,6
32053,0,5
32059,0,6
32066,1,7
32072,1,6
32077,0,5
32084,1,7
32090,1,6
32095,0,5
32101,1,6
32107,1,6
32113,1,6
32118,0,5
32124,1,6
32129,0,5
32135,0,6
32141,1,6
32150,4,9
32159,1,9
32165,1,6
32170,0,5
32179,0,9
32185,1,6
32194,4,9
32200,1,6
32206,1,6
32211,0,5
32217,0,6
32223,1,6
32228,0,5
32234,1,6
32239,0,5
32245,1,6
32251,1,6
32257,1,6
32263,1,6
32269,1,6
32275,1,6
32282,1,7
32288,1,6
32294,1,6
32300,1,6
32306,1,6
32312,1,6
32318,1,6
32325,1,7
32330,0,5
32336,0,6
32342,1,6
32348,1,6
32354,1,6
32359,0,5
32366,1,7
32372,1,6
32378,1,6
32384,1,6
32390,1,6
32396,1,6
32402,1,6
32407,0,5
32414,1,7
32420,1,6
32425,0,5
32431,1,6
32437,1,6
32443,0,6
32450,1,7
32456,1,6
32462,1,6
32468,1,6
32473,0,5
32479,0,6
32485,1,6
32490,0,5
32496,1,6
32502,1,6
32507,0,5
32513,1,6
32519,1,6
32525,1,6
32531,1,6
32537,1,6
32543,1,6
32548,0,5
32554,0,6
32560,1,6
32566,1,6
32571,0,5
32577,0,6
32583,1,6
32588,0,5
32594,0,6
32600,1,6
32605,0,5
32611,0,6
32617,1,6
32622,0,5
32628,0,6
32634,1,6
32639,0,5
32645,1,6
32651,1,6
32656,0,5
32662,1,6
32667,0,5
32673,0,6
32679,1,6
32684,0,5
32690,1,6
32696,1,6
32702,1,6
32708,1,6
32714,1,6
32719,0,5
32725,1,6
32730,0,5
32736,1,6
32741,0,5
32747,1,6
32752,0,5
32758,0,6
32763,0,5
32769,0,6
32775,1,6
32780,0,5
32786,1,6
32791,0,5
32797,1,6
32802,0,5
32808,1,6
32813,0,5
32819,1,6
32825,1,6
32831,1,6
32837,1,6
32842,0,5
32848,0,6
32854,0,6
32860,1,6
32866,0,6
32872,1,6
32878,0,6
32884,1,6
32890,1,6
32896,1,6
32902,1,6
32908,1,6
32913,0,5
32919,0,6
32925,1,6
32931,1,6
32937,1,6
32951,5,14
32964,1,13
32970,1,6
32976,1,6
32981,0,5
32987,0,6
32993,1,6
32998,0,5
33004,0,6
33010,1,6
33016,1,6
33022,1,6
33027,0,5
33033,0,6
33039,1,6
33045,1,6
33050,0,5
33056,1,6
33061,0,5
33067,0,6
33073,1,6
33078,0,5
33084,0,6
33090,1,6
33096,1,6
33101,0,5
33107,0,6
33113,1,6
33119,0,6
33125,1,6
33130,0,5
33136,0,6
33142,1,6
33148,1,6
33153,0,5
33159,1,6
33166,2,7
33172,1,6
33178,1,6
33183,0,5
33190,1,7
33195,0,5
33201,1,6
33207,1,6
33213,1,6
33219,1,6
33225,1,6
33230,0,5
33236,1,6
33242,1,6
33247,0,5
33253,1,6
33259,1,6
33265,1,6
33270,0,5
33276,0,6
33282,1,6
33287,0,5
33293,1,6
33299,1,6
33305,1,6
33311,1,6
33317,1,6
33323,1,6
33329,1,6
33334,0,5
33340,0,6
33346,0,6
33352,1,6
33358,1,6
33364,1,6
33370,1,6
33376,1,6
33382,1,6
33387,0,5
33393,0,6
33400,2,7
33406,1,6
33411,0,5
33417,1,6
33423,1,6
33429,1,6
33435,1,6
33440,0,5
33446,1,6
33452,1,6
33457,0,5
33463,0,6
33469,1,6
33474,0,5
33480,0,6
33486,0,6
33492,0,6
33498,0,6
33504,1,6
33510,1,6
33516,0,6
33522,1,6
33528,1,6
33538,5,10
33544,1,6
33549,1,5
33554,0,5
33560,1,6
33565,1,5
33570,0,5
33576,1,6
33581,1,5
33587,1,6
33592,1,5
33597,0,5
33603,1,6
33608,1,5
33614,1,6
33619,1,5
33624,1,5
33630,1,6
33635,1,5
33643,4,8
33648,3,5
33650,0,2
33656,1,6
33661,1,5
33666,0,5
33672,1,6
33677,1,5
33683,1,6
33688,1,5
33693,1,5
33698,0,5
33703,0,5
33709,1,6
33715,1,6
33721,1,6
33726,0,5
33732,0,6
33738,1,6
33744,1,6
33750,1,6
33756,1,6
33761,0,5
33767,0,6
33773,0,6
33779,1,6
33785,1,6
33791,1,6
33796,0,5
33802,0,6
33808,1,6
33813,0,5
33820,1,7
33826,1,6
33832,1,6
33838,1,6
33845,1,7
33851,1,6
33857,1,6
33863,1,6
33869,1,6
33875,1,6
33881,1,6
33887,0,6
33894,1,7
33900,1,6
33906,1,6
33912,1,6
33918,0,6
33924,0,6
33931,1,7
33936,0,5
33942,0,6
33948,1,6
33954,1,6
33960,1,6
33965,0,5
33971,0,6
33977,1,6
33982,0,5
33988,1,6
33993,0,5
33999,1,6
34004,0,5
34010,0,6
34015,0,5
34021,1,6
34026,1,5
34031,0,5
34036,0,5
34042,1,6
34047,1,5
34053,1,6
34058,1,5
34063,1,5
34068,0,5
34074,0,6
34079,0,5
34085,0,6
34091,1,6
34096,0,5
34102,1,6
34107,0,5
34113,0,6
34118,0,5
34124,0,6
34129,0,5
34135,0,6
34141,1,6
34146,0,5
34152,1,6
34157,0,5
34163,0,6
34169,1,6
34174,0,5
34180,1,6
34185,0,5
34191,1,6
34196,0,5
34202,1,6
34207,0,5
34213,1,6
34219,1,6
34224,0,5
34230,1,6
34236,1,6
34242,1,6
34248,1,6
34254,1,6
34260,1,6
34266,1,6
34273,1,7
34279,1,6
34285,1,6
34291,1,6
34297,1,6
34303,0,6
34309,0,6
34316,1,7
34322,1,6
34328,1,6
34334,1,6
34340,1,6
34346,0,6
34352,0,6
34358,0,6
34365,1,7
34371,1,6
34377,1,6
34383,1,6
34389,1,6
34396,1,7
34402,1,6
34408,1,6
34414,1,6
34420,1,6
34426,1,6
34432,1,6
34438,1,6
34444,1,6
34450,1,6
34456,1,6
34462,0,6
34469,1,7
34475,1,6
34481,1,6
34487,1,6
34493,1,6
34500,1,7
34506,1,6
34512,1,6
34518,1,6
34524,1,6
34530,1,6
34536,1,6
34542,1,6
34548,1,6
34554,1,6
34560,1,6
34566,0,6
34573,1,7
34579,1,6
34585,1,6
34591,1,6
34597,1,6
34603,1,6
34609,0,6
34616,1,7
34623,2,7
34629,0,6
34636,1,7
34642,1,6
34648,1,6
34654,1,6
34660,1,6
34666,1,6
34672,1,6
34678,1,6
34684,1,6
34689,0,5
34695,0,6
34701,1,6
34707,1,6
34713,1,6
34719,1,6
34724,0,5
34730,1,6
34735,0,5
34741,0,6
34747,0,6
34753,1,6
34759,1,6
34764,0,5
34770,1,6
34776,1,6
34781,0,5
34787,1,6
34793,1,6
34798,0,5
34804,0,6
34810,1,6
34815,0,5
34821,0,6
34827,1,6
34833,1,6
34839,1,6
34844,0,5
34851,1,7
34857,1,6
34862,0,5
34869,1,7
34875,1,6
34880,0,5
34886,1,6
34892,1,6
34897,0,5
34903,0,6
34909,1,6
34914,0,5
34920,0,6
34925,0,5
34931,0,6
34937,1,6
34942,0,5
34948,1,6
34953,0,5
34959,0,6
34964,0,5
34970,0,6
34976,1,6
34982,1,6
34987,0,5
34993,0,6
34999,1,6
35004,0,5
35010,0,6
35016,1,6
35021,0,5
35027,1,6
35033,1,6
35038,0,5
35044,1,6
35049,0,5
35055,0,6
35061,1,6
35066,0,5
35072,1,6
35077,0,5
35083,1,6
35089,1,6
35095,1,6
35101,1,6
35106,0,5
35112,0,6
35118,1,6
35123,0,5
35129,0,6
35135,1,6
35140,0,5
35146,1,6
35151,0,5
35157,1,6
35163,1,6
35168,0,5
35174,1,6
35179,0,5
35185,0,6
35191,1,6
35196,0,5
35202,1,6
35207,0,5
35213,0,6
35219,1,6
35224,0,5
35230,1,6
35235,0,5
35241,1,6
35246,0,5
35252,0,6
35258,1,6
35263,0,5
35269,1,6
35274,0,5
35281,1,7
35286,0,5
35292,0,6
35298,0,6
35304,1,6
35309,0,5
35315,0,6
35321,1,6
35327,1,6
35332,0,5
35338,0,6
35344,1,6
35349,0,5
35355,0,6
35360,0,5
35366,0,6
35372,0,6
35378,1,6
35384,1,6
35389,0,5
35395,1,6
35401,1,6
35407,1,6
35413,1,6
35419,1,6
35433,9,14
35439,1,6
35444,1,5
35449,1,5
35454,0,5
35459,0,5
35465,1,6
35470,1,5
35475,1,5
35480,0,5
35485,0,5
35490,0,5
35496,1,6
35501,1,5
35506,1,5
35511,0,5
35516,0,5
35521,0,5
35527,1,6
35532,1,5
35537,0,5
35542,0,5
35547,0,5
35553,1,6
35558,1,5
35563,0,5
35568,0,5
35574,1,6
35579,1,5
35584,1,5
35589,0,5
35594,0,5
35600,1,6
35605,1,5
35610,1,5
35615,0,5
35620,0,5
35625,0,5
35631,1,6
35636,1,5
35641,0,5
35647,1,6
35652,1,5
35657,1,5
35662,0,5
35667,0,5
35672,0,5
35678,1,6
35683,1,5
35688,0,5
35694,1,6
35699,1,5
35704,0,5
35709,0,5
35715,1,6
35720,1,5
35725,0,5
35730,0,5
35737,2,7
35741,1,4
35746,0,5
35752,1,6
35757,1,5
35762,0,5
35767,0,5
35773,1,6
35778,1,5
35783,0,5
35789,1,6
35795,1,6
35801,1,6
35806,0,5
35812,1,6
35817,0,5
35823,1,6
35828,0,5
35834,1,6
35840,1,6
35846,1,6
35851,0,5
35857,1,6
35862,0,5
35868,0,6
35873,0,5
35879,0,6
35885,1,6
35890,0,5
35896,0,6
35902,1,6
35907,0,5
35913,0,6
35919,1,6
35924,0,5
35930,1,6
35936,1,6
35941,0,5
35947,0,6
35953,1,6
35959,1,6
35965,1,6
35970,0,5
35976,0,6
35982,1,6
35988,1,6
35993,1,5
35998,0,5
36003,0,5
36009,1,6
36014,1,5
36019,0,5
36025,1,6
36030,1,5
36036,1,6
36041,1,5
36046,1,5
36051,0,5
36057,1,6
36062,1,5
36067,0,5
36072,0,5
36078,1,6
36083,1,5
36088,0,5
36093,0,5
36099,1,6
36104,0,5
36109,0,5
36114,0,5
36120,1,6
36125,1,5
36130,0,5
36135,0,5
36141,1,6
36146,1,5
36151,1,5
36156,0,5
36161,0,5
36167,1,6
36172,1,5
36177,1,5
36182,0,5
36187,0,5
36192,0,5
36198,1,6
36203,1,5
36208,0,5
36213,0,5
36219,1,6
36224,1,5
36229,0,5
36234,0,5
36239,0,5
36245,1,6
36250,1,5
36255,0,5
36260,0,5
36265,0,5
36271,1,6
36276,0,5
36281,0,5
36286,0,5
36292,1,6
36297,0,5
36303,1,6
36309,1,6
36314,0,5
36320,1,6
36325,0,5
36331,0,6
36336,0,5
36342,0,6
36348,1,6
36353,1,5
36358,0,5
36363,0,5
36369,0,6
36374,0,5
36380,0,6
36385,0,5
36391,1,6
36396,1,5
36401,0,5
36407,1,6
36412,0,5
36418,0,6
36424,1,6
36429,0,5
36435,1,6
36441,1,6
36446,0,5
36452,1,6
36457,0,5
36463,0,6
36469,1,6
36474,0,5
36480,1,6
36485,0,5
36491,0,6
36497,1,6
36502,0,5
36508,1,6
36513,0,5
36519,0,6
36525,1,6
36530,0,5
36536,1,6
36541,0,5
36547,0,6
36553,1,6
36558,0,5
36564,0,6
36570,1,6
36575,0,5
36581,0,6
36587,1,6
36592,0,5
36598,1,6
36603,0,5
36609,1,6
36615,1,6
36620,0,5
36626,1,6
36631,0,5
36637,1,6
36642,0,5
36648,0,6
36654,1,6
36659,0,5
36665,1,6
36670,0,5
36676,1,6
36682,1,6
36687,0,5
36693,1,6
36698,0,5
36704,0,6
36710,1,6
36715,0,5
36721,1,6
36726,0,5
36732,0,6
36737,0,5
36743,0,6
36749,1,6
36754,0,5
36760,1,6
36766,1,6
36771,0,5
36777,1,6
36782,0,5
36788,1,6
36793,0,5
36799,1,6
36804,0,5
36810,0,6
36815,0,5
36821,0,6
36827,1,6
36832,0,5
36838,1,6
36843,0,5
36849,1,6
36854,0,5
36860,1,6
36865,0,5
36871,0,6
36877,1,6
36882,0,5
36888,1,6
36893,0,5
36899,1,6
36904,0,5
36910,0,6
36916,1,6
36921,0,5
36927,1,6
36932,0,5
36938,0,6
36944,1,6
36949,0,5
36955,1,6
36961,1,6
36966,0,5
36972,1,6
36977,0,5
36984,2,7
36989,0,5
36995,1,6
37000,1,5
37006,1,6
37011,1,5
37016,0,5
37022,1,6
37027,0,5
37033,1,6
37039,1,6
37045,1,6
37051,1,6
37057,1,6
37063,1,6
37069,1,6
37075,1,6
37081,1,6
37087,1,6
37093,1,6
37099,1,6
37105,1,6
37111,1,6
37117,0,6
37123,0,6
37129,0,6
37136,1,7
37142,1,6
37148,1,6
37154,1,6
37160,1,6
37166,1,6
37172,1,6
37178,1,6
37184,1,6
37190,1,6
37196,1,6
37203,1,7
37209,1,6
37215,1,6
37221,1,6
37228,1,7
37234,1,6
37240,0,6
37246,0,6
37252,1,6
37258,1,6
37264,1,6
37269,0,5
37275,0,6
37281,1,6
37287,1,6
37292,0,5
37298,1,6
37305,2,7
37310,0,5
37322,3,12
37328,0,6
37334,1,6
37340,1,6
37345,0,5
37351,1,6
37356,0,5
37362,1,6
37368,1,6
37373,0,5
37379,1,6
37384,0,5
37390,1,6
37396,1,6
37401,0,5
37407,1,6
37412,0,5
37418,1,6
37423,0,5
37429,0,6
37435,1,6
37440,0,5
37446,1,6
37451,0,5
37457,1,6
37462,0,5
37468,1,6
37473,0,5
37479,0,6
37485,1,6
37491,1,6
37497,1,6
37502,0,5
37508,0,6
37514,1,6
37520,1,6
37525,0,5
37531,0,6
37537,1,6
37543,1,6
37548,0,5
37554,1,6
37559,0,5
37565,1,6
37570,0,5
37576,0,6
37582,1,6
37587,0,5
37593,1,6
37598,0,5
37604,1,6
37609,0,5
37615,1,6
37620,0,5
37626,0,6
37632,1,6
37638,1,6
37643,0,5
37649,1,6
37655,1,6
37660,0,5
37666,0,6
37672,1,6
37677,0,5
37683,0,6
37689,1,6
37695,1,6
37700,0,5
37706,1,6
37711,0,5
37717,1,6
37722,0,5
37728,0,6
37734,1,6
37739,0,5
37745,1,6
37750,0,5
37756,0,6
37762,1,6
37767,0,5
37773,1,6
37778,0,5
37784,1,6
37789,0,5
37795,1,6
37800,0,5
37806,1,6
37811,0,5
37817,1,6
37822,0,5
37828,0,6
37834,1,6
37840,1,6
37845,0,5
37851,1,6
37857,1,6
37862,0,5
37868,1,6
37873,0,5
37879,1,6
37884,0,5
37890,1,6
37895,0,5
37901,1,6
37906,0,5
37912,0,6
37918,1,6
37923,0,5
37929,1,6
37935,1,6
37942,0,7
37947,0,5
37952,0,5
37958,1,6
37963,1,5
37968,1,5
37973,0,5
37978,0,5
37983,0,5
37988,0,5
37994,1,6
37999,1,5
38004,1,5
38009,1,5
38014,0,5
38019,0,5
38024,0,5
38030,1,6
38035,1,5
38040,1,5
38045,0,5
38050,0,5
38055,0,5
38061,1,6
38066,1,5
38071,0,5
38076,0,5
38082,1,6
38087,1,5
38092,1,5
38097,0,5
38104,2,7
38108,1,4
38113,1,5
38118,0,5
38124,1,6
38129,1,5
38134,0,5
38140,1,6
38145,1,5
38150,0,5
38155,0,5
38161,1,6
38166,1,5
38171,0,5
38177,1,6
38182,1,5
38187,0,5
38193,1,6
38198,1,5
38203,0,5
38209,1,6
38214,1,5
38219,0,5
38225,0,6
38231,1,6
38237,1,6
38243,1,6
38249,1,6
38255,1,6
38260,0,5
38266,0,6
38273,1,7
38279,1,6
38285,1,6
38290,0,5
38296,0,6
38302,1,6
38307,0,5
38313,1,6
38319,1,6
38325,1,6
38331,1,6
38337,1,6
38343,1,6
38348,0,5
38355,1,7
38361,1,6
38367,1,6
38373,1,6
38379,1,6
38385,1,6
38391,1,6
38397,1,6
38403,1,6
38409,1,6
38415,1,6
38421,1,6
38427,1,6
38433,1,6
38438,0,5
38444,1,6
38450,1,6
38455,0,5
38461,1,6
38467,1,6
38473,1,6
38479,1,6
38485,1,6
38492,1,7
38498,1,6
38504,1,6
38510,1,6
38516,1,6
38521,0,5
38527,1,6
38533,1,6
38538,0,5
38544,0,6
38550,0,6
38556,1,6
38562,1,6
38568,1,6
38574,1,6
38579,0,5
38585,0,6
38591,1,6
38597,1,6
38603,1,6
38609,1,6
38615,1,6
38630,1,15
38636,1,6
38642,1,6
38652,5,10
38653,1,1
38658,0,5
38663,0,5
38669,1,6
38674,1,5
38679,1,5
38684,0,5
38690,1,6
38695,1,5
38700,1,5
38706,1,6
38711,1,5
38716,1,5
38722,1,6
38727,1,5
38732,1,5
38737,0,5
38743,1,6
38748,1,5
38753,1,5
38761,3,8
38766,1,5
38772,1,6
38780,1,8
38787,2,7
38793,1,6
38799,1,6
38806,1,7
38812,1,6
38819,1,7
38825,1,6
38831,1,6
38838,2,7
38844,1,6
38850,1,6
38857,1,7
38863,1,6
38870,2,7
38876,1,6
38883,2,7
38889,1,6
38896,1,7
38903,2,7
38909,1,6
38916,2,7
38922,1,6
38929,1,7
38935,1,6
38942,1,7
38948,1,6
38954,1,6
38961,1,7
38967,1,6
38974,2,7
38980,1,6
38987,1,7
38994,2,7
39000,1,6
39007,1,7
39014,1,7
39020,2,6
39025,1,5
39031,2,6
39036,1,5
39042,2,6
39047,1,5
39053,1,6
39058,1,5
39064,1,6
39070,2,6
39074,0,4
39080,1,6
39085,1,5
39090,0,5
39096,1,6
39101,1,5
39106,0,5
39112,1,6
39117,1,5
39122,0,5
39128,1,6
39133,1,5
39139,1,6
39144,1,5
39149,0,5
39155,1,6
39160,1,5
39166,1,6
39172,1,6
39177,0,5
39183,1,6
39189,1,6
39195,1,6
39201,1,6
39208,2,7
39214,1,6
39221,1,7
39228,2,7
39234,1,6
39241,1,7
39247,1,6
39253,1,6
39259,0,6
39266,1,7
39272,1,6
39277,0,5
39283,0,6
39289,1,6
39295,1,6
39301,1,6
39307,1,6
39313,1,6
39319,1,6
39324,0,5
39330,1,6
39336,1,6
39342,1,6
39348,1,6
39354,0,6
39360,1,6
39366,1,6
39372,1,6
39378,1,6
39384,1,6
39390,1,6
39396,1,6
39402,1,6
39408,1,6
39414,1,6
39420,1,6
39426,1,6
39432,1,6
39438,1,6
39443,0,5
39449,1,6
39454,0,5
39460,0,6
39466,1,6
39471,0,5
39477,1,6
39483,1,6
39488,0,5
39494,1,6
39499,0,5
39505,0,6
39511,1,6
39517,1,6
39522,0,5
39528,1,6
39534,1,6
39540,1,6
39545,0,5
39551,1,6
39556,0,5
39562,1,6
39568,1,6
39573,0,5
39579,0,6
39585,1,6
39591,1,6
39597,1,6
39603,1,6
39608,0,5
39614,0,6
39620,1,6
39626,1,6
39632,1,6
39637,0,5
39643,0,6
39649,1,6
39655,1,6
39661,1,6
39667,1,6
39672,0,5
39678,0,6
39684,0,6
39690,1,6
39695,0,5
39701,0,6
39707,1,6
39712,0,5
39718,1,6
39723,0,5
39729,0,6
39735,1,6
39740,0,5
39746,1,6
39751,0,5
39757,1,6
39762,0,5
39768,0,6
39774,1,6
39779,0,5
39785,1,6
39790,0,5
39796,1,6
39801,0,5
39807,1,6
39812,0,5
39818,1,6
39823,0,5
39829,1,6
39835,1,6
39840,0,5
39846,0,6
39852,1,6
39858,1,6
39863,0,5
39869,0,6
39875,1,6
39880,0,5
39886,1,6
39891,0,5
39897,1,6
39902,0,5
39908,1,6
39914,1,6
39920,1,6
39925,0,5
39931,0,6
39937,1,6
39943,1,6
39948,1,5
39953,0,5
39958,0,5
39964,1,6
39969,1,5
39974,0,5
39980,1,6
39985,1,5
39990,1,5
39995,0,5
40001,1,6
40006,1,5
40011,0,5
40017,1,6
40022,1,5
40027,1,5
40032,0,5
40037,0,5
40042,0,5
40047,0,5
40053,1,6
40058,1,5
40063,0,5
40068,0,5
40074,1,6
40079,1,5
40084,1,5
40089,1,5
40094,0,5
40099,0,5
40104,0,5
40110,1,6
40115,1,5
40120,1,5
40125,0,5
40130,0,5
40135,0,5
40140,0,5
40146,1,6
40151,1,5
40156,0,5
40161,0,5
40166,0,5
40171,0,5
40177,1,6
40182,0,5
40187,0,5
40192,0,5
40197,0,5
40203,1,6
40208,1,5
40213,0,5
40218,0,5
40223,0,5
40229,1,6
40234,1,5
40239,1,5
40244,0,5
40249,0,5
40255,1,6
40260,1,5
40265,0,5
40271,1,6
40276,1,5
40282,1,6
40287,0,5
40293,1,6
40298,1,5
40303,0,5
40309,1,6
40314,1,5
40319,0,5
40325,1,6
40330,1,5
40335,1,5
40340,0,5
40346,1,6
40351,1,5
40356,1,5
40361,0,5
40367,1,6
40372,1,5
40377,0,5
40382,0,5
40388,1,6
40393,0,5
40398,0,5
40404,1,6
40409,0,5
40415,1,6
40420,1,5
40425,0,5
40430,0,5
40436,1,6
40441,1,5
40447,1,6
40452,1,5
40457,0,5
40463,1,6
40468,1,5
40473,0,5
40479,1,6
40484,0,5
40490,1,6
40495,1,5
40500,0,5
40505,0,5
40511,1,6
40516,1,5
40521,0,5
40527,1,6
40532,1,5
40537,0,5
40542,0,5
40547,0,5
40553,1,6
40558,1,5
40563,0,5
40568,0,5
40573,0,5
40579,1,6
40584,1,5
40590,1,6
40595,1,5
40600,1,5
40606,1,6
40611,1,5
40616,1,5
40621,0,5
40626,0,5
40631,0,5
40637,1,6
40642,0,5
40647,0,5
40652,0,5
40658,1,6
40663,0,5
40668,0,5
40674,1,6
40679,1,5
40685,1,6
40690,1,5
40695,1,5
40700,0,5
40706,1,6
40711,1,5
40716,0,5
40721,0,5
40727,1,6
40732,0,5
40738,1,6
40743,1,5
40748,0,5
40753,0,5
40759,1,6
40764,1,5
40769,0,5
40774,0,5
40779,0,5
40785,1,6
40790,1,5
40795,0,5
40800,0,5
40806,1,6
40811,1,5
40816,0,5
40823,1,7
40828,0,5
40834,0,6
40840,1,6
40846,0,6
40852,0,6
40858,1,6
40864,1,6
40870,1,6
40875,0,5
40881,0,6
40886,0,5
40892,0,6
40897,0,5
40903,0,6
40908,0,5
40914,0,6
40920,1,6
40925,0,5
40931,1,6
40937,1,6
40942,0,5
40948,0,6
40954,1,6
40959,0,5
40965,1,6
40970,0,5
40976,0,6
40982,1,6
40987,0,5
40993,1,6
40998,0,5
41004,1,6
41009,0,5
41015,0,6
41020,0,5
41026,0,6
41032,1,6
41038,1,6
41043,0,5
41049,1,6
41054,0,5
41060,0,6
41065,0,5
41071,0,6
41077,1,6
41082,0,5
41088,1,6
41093,0,5
41099,1,6
41105,1,6
41110,0,5
41116,1,6
41121,0,5
41127,1,6
41133,1,6
41138,0,5
41144,1,6
41150,1,6
41155,0,5
41161,1,6
41166,0,5
41172,0,6
41177,0,5
41183,0,6
41189,1,6
41194,0,5
41200,1,6
41205,0,5
41211,1,6
41217,1,6
41222,0,5
41228,1,6
41233,0,5
41239,0,6
41245,1,6
41251,1,6
41257,1,6
41263,1,6
41268,0,5
41274,1,6
41280,1,6
41285,0,5
41291,0,6
41297,0,6
41303,1,6
41308,0,5
41314,0,6
41320,1,6
41325,0,5
41331,1,6
41336,0,5
41342,0,6
41348,1,6
41353,0,5
41359,1,6
41364,0,5
41370,1,6
41375,0,5
41381,1,6
41387,1,6
41392,0,5
41398,1,6
41403,0,5
41409,0,6
41415,1,6
41420,0,5
41426,0,6
41432,1,6
41438,1,6
41444,1,6
41450,1,6
41456,1,6
41462,1,6
41468,1,6
41474,1,6
41480,1,6
41487,1,7
41493,1,6
41499,1,6
41505,1,6
41511,1,6
41517,1,6
41523,1,6
41529,1,6
41534,0,5
41540,0,6
41546,1,6
41552,1,6
41558,1,6
41564,1,6
41570,1,6
41576,1,6
41582,1,6
41588,1,6
41594,1,6
41600,1,6
41606,1,6
41612,1,6
41618,1,6
41623,0,5
41629,0,6
41636,1,7
41642,1,6
41648,1,6
41654,1,6
41660,1,6
41666,1,6
41672,1,6
41678,1,6
41683,0,5
41689,0,6
41695,1,6
41701,0,6
41707,0,6
41713,0,6
41719,0,6
41725,1,6
41731,1,6
41736,0,5
41742,0,6
41748,0,6
41754,1,6
41760,1,6
41766,1,6
41771,0,5
41777,0,6
41783,1,6
41789,1,6
41795,1,6
41801,1,6
41807,1,6
41812,0,5
41818,0,6
41825,1,7
41831,1,6
41837,1,6
41843,1,6
41849,1,6
41855,1,6
41861,1,6
41867,1,6
41872,0,5
41878,0,6
41884,1,6
41889,0,5
41895,0,6
41901,1,6
41907,1,6
41913,1,6
41919,1,6
41925,1,6
41931,1,6
41937,1,6
41943,1,6
41949,1,6
41954,0,5
41960,1,6
41965,0,5
41971,0,6
41977,1,6
41982,0,5
41988,0,6
41994,1,6
41999,0,5
42005,1,6
42011,1,6
42016,0,5
42022,0,6
42028,1,6
42033,0,5
42039,0,6
42045,1,6
42051,1,6
42057,1,6
42062,0,5
42068,0,6
42074,1,6
42080,1,6
42086,1,6
42091,0,5
42098,1,7
42104,1,6
42109,0,5
42115,1,6
42120,0,5
42126,1,6
42131,0,5
42137,1,6
42142,0,5
42148,0,6
42153,0,5
42159,0,6
42165,1,6
42170,0,5
42176,0,6
42182,1,6
42188,1,6
42194,1,6
42200,1,6
42205,0,5
42211,0,6
42217,1,6
42222,0,5
42228,0,6
42234,1,6
42240,1,6
42245,0,5
42251,0,6
42257,0,6
42263,1,6
42268,0,5
42274,1,6
42280,1,6
42285,0,5
42291,0,6
42297,1,6
42303,1,6
42308,0,5
42314,1,6
42320,1,6
42325,0,5
42331,0,6
42337,0,6
42344,1,7
42350,1,6
42356,1,6
42362,1,6
42368,1,6
42373,0,5
42379,1,6
42385,1,6
42390,0,5
42396,1,6
42402,1,6
42407,0,5
42413,1,6
42419,1,6
42425,1,6
42430,0,5
42436,0,6
42442,0,6
42448,1,6
42454,1,6
42460,1,6
42466,1,6
42471,0,5
42477,1,6
42483,1,6
42489,1,6
42495,1,6
42501,1,6
42506,0,5
42512,0,6
42518,0,6
42524,1,6
42530,1,6
42536,1,6
42542,1,6
42548,1,6
42554,1,6
42560,1,6
42567,1,7
42573,1,6
42579,1,6
42585,1,6
42591,1,6
42597,1,6
42603,1,6
42609,1,6
42615,1,6
42621,1,6
42627,1,6
42633,1,6
42639,1,6
42645,1,6
42650,0,5
42656,0,6
42662,1,6
42668,1,6
42673,0,5
42679,0,6
42685,1,6
42691,1,6
42697,1,6
42702,0,5
42708,1,6
42714,1,6
42720,1,6
42725,0,5
42731,1,6
42737,1,6
42743,1,6
42748,0,5
42754,0,6
42760,0,6
42768,2,8
42774,1,6
42781,1,7
42787,1,6
42794,1,7
42800,1,6
42805,0,5
42812,1,7
42817,0,5
42823,0,6
42829,0,6
42835,0,6
42841,1,6
42847,1,6
42854,2,7
42860,0,6
42866,0,6
42872,1,6
42878,1,6
42883,0,5
42889,0,6
42895,1,6
42900,0,5
42906,1,6
42911,0,5
42917,1,6
42923,1,6
42928,0,5
42934,1,6
42940,1,6
42946,1,6
42952,1,6
42957,0,5
42963,0,6
42969,0,6
42975,1,6
42981,1,6
42987,1,6
42992,0,5
42998,0,6
43004,1,6
43011,1,7
43016,1,5
43021,1,5
43026,0,5
43031,0,5
43036,0,5
43042,1,6
43047,0,5
43052,0,5
43058,1,6
43063,1,5
43068,0,5
43073,0,5
43079,1,6
43084,1,5
43089,1,5
43094,0,5
43100,1,6
43105,1,5
43110,0,5
43115,0,5
43121,1,6
43126,1,5
43131,0,5
43137,1,6
43146,5,9
43147,0,1
43153,1,6
43159,1,6
43164,0,5
43170,0,6
43176,1,6
43181,0,5
43187,1,6
43192,0,5
43198,1,6
43203,0,5
43209,0,6
43215,1,6
43221,1,6
43226,0,5
43232,0,6
43238,1,6
43244,1,6
43250,1,6
43256,1,6
43261,0,5
43267,0,6
43272,0,5
43278,0,6
43283,0,5
43289,0,6
43295,1,6
43300,0,5
43306,1,6
43311,0,5
43317,1,6
43322,0,5
43328,0,6
43333,0,5
43339,0,6
43344,0,5
43350,0,6
43355,0,5
43361,0,6
43367,1,6
43372,0,5
43378,1,6
43383,0,5
43389,1,6
43394,0,5
43400,0,6
43406,1,6
43411,0,5
43417,1,6
43422,0,5
43428,0,6
43434,1,6
43440,1,6
43445,0,5
43451,0,6
43457,1,6
43462,0,5
43468,0,6
43473,0,5
43479,1,6
43484,0,5
43490,0,6
43495,0,5
43501,0,6
43506,0,5
43512,0,6
43518,1,6
43523,0,5
43529,1,6
43534,0,5
43540,0,6
43546,1,6
43551,0,5
43557,1,6
43562,0,5
43568,1,6
43574,1,6
43579,0,5
43585,0,6
43591,1,6
43597,1,6
43603,1,6
43609,1,6
43615,0,6
43621,0,6
43627,1,6
43633,1,6
43638,0,5
43644,0,6
43650,0,6
43659,1,9
43664,1,5
43669,1,5
43674,1,5
43679,0,5
43685,1,6
43690,1,5
43695,1,5
43700,0,5
43705,0,5
43711,1,6
43716,1,5
43721,1,5
43726,0,5
43731,0,5
43737,1,6
43742,1,5
43747,1,5
43752,0,5
43758,1,6
43763,1,5
43768,1,5
43773,0,5
43778,0,5
43784,1,6
43789,1,5
43794,1,5
43800,1,6
43805,1,5
43810,1,5
43815,0,5
43821,1,6
43826,1,5
43831,1,5
43836,0,5
43841,0,5
43847,1,6
43852,1,5
43857,0,5
43863,1,6
43868,1,5
43873,1,5
43878,0,5
43884,1,6
43889,1,5
43894,1,5
43899,0,5
43904,0,5
43909,0,5
43914,0,5
43920,1,6
43925,1,5
43930,0,5
43936,1,6
43941,1,5
43946,1,5
43951,1,5
43956,0,5
43961,0,5
43967,1,6
43972,1,5
43977,1,5
43982,0,5
43988,1,6
43993,1,5
43998,1,5
44004,1,6
44009,1,5
44014,1,5
44019,1,5
44025,1,6
44030,1,5
44035,1,5
44040,1,5
44045,0,5
44051,1,6
44056,1,5
44062,1,6
44067,1,5
44072,1,5
44077,1,5
44082,0,5
44087,0,5
44092,0,5
44098,1,6
44103,1,5
44108,1,5
44113,0,5
44118,0,5
44124,1,6
44129,1,5
44134,1,5
44139,0,5
44144,0,5
44149,0,5
44155,1,6
44160,1,5
44165,1,5
44170,0,5
44175,0,5
44180,0,5
44185,0,5
44191,1,6
44196,1,5
44201,1,5
44206,0,5
44211,0,5
44216,0,5
44221,0,5
44227,1,6
44232,1,5
44237,0,5
44242,0,5
44248,1,6
44253,1,5
44258,1,5
44263,0,5
44268,0,5
44273,0,5
44278,0,5
44284,1,6
44289,1,5
44294,1,5
44299,0,5
44304,0,5
44309,0,5
44315,1,6
44320,1,5
44325,1,5
44330,0,5
44335,0,5
44340,0,5
44346,1,6
44351,1,5
44356,1,5
44361,0,5
44366,0,5
44371,0,5
44376,0,5
44382,1,6
44387,1,5
44392,0,5
44397,0,5
44402,0,5
44408,1,6
44413,1,5
44418,1,5
44423,0,5
44428,0,5
44433,0,5
44438,0,5
44444,1,6
44449,1,5
44454,1,5
44459,0,5
44464,0,5
44470,1,6
44475,1,5
44480,1,5
44485,1,5
44490,0,5
44495,0,5
44500,0,5
44506,1,6
44511,1,5
44516,1,5
44521,0,5
44527,0,6
44533,1,6
44539,1,6
44545,1,6
44550,0,5
44556,0,6
44562,0,6
44568,1,6
44574,1,6
44580,1,6
44586,1,6
44591,0,5
44597,0,6
44603,1,6
44609,1,6
44614,0,5
44620,0,6
44626,1,6
44631,0,5
44637,1,6
44642,0,5
44648,1,6
44653,0,5
44659,1,6
44664,0,5
44670,1,6
44675,0,5
44681,1,6
44686,0,5
44692,1,6
44698,1,6
44703,0,5
44709,1,6
44714,0,5
44720,1,6
44725,0,5
44731,0,6
44737,1,6
44742,0,5
44748,1,6
44754,1,6
44760,1,6
44765,0,5
44771,1,6
44776,0,5
44782,0,6
44788,1,6
44793,0,5
44799,1,6
44804,0,5
44810,0,6
44816,1,6
44822,1,6
44828,1,6
44834,1,6
44840,1,6
44846,1,6
44851,0,5
44857,0,6
44863,0,6
44869,1,6
44875,1,6
44880,0,5
44886,1,6
44891,0,5
44897,0,6
44903,1,6
44908,0,5
44914,0,6
44920,1,6
44926,1,6
44931,0,5
44937,1,6
44942,0,5
44948,1,6
44953,0,5
44959,1,6
44964,0,5
44970,0,6
44976,1,6
44982,1,6
44987,0,5
44993,1,6
44999,1,6
45004,0,5
45010,1,6
45015,0,5
45021,0,6
45028,1,7
45033,0,5
45039,0,6
45045,1,6
45050,0,5
45056,1,6
45061,0,5
45067,0,6
45072,0,5
45078,0,6
45084,1,6
45089,0,5
45095,1,6
45100,0,5
45106,1,6
45111,0,5
45117,0,6
45123,1,6
45128,0,5
45134,1,6
45139,0,5
45145,1,6
45150,0,5
45156,0,6
45162,0,6
45168,0,6
45174,0,6
45180,0,6
45186,0,6
45192,0,6
45198,0,6
45204,0,6
45210,0,6
45216,0,6
45222,0,6
45228,0,6
45234,0,6
45240,1,6
45246,1,6
45252,0,6
45258,0,6
45264,0,6
45270,0,6
45276,0,6
45283,1,7
45289,1,6
45294,0,5
45300,0,6
45306,1,6
45311,0,5
45317,1,6
45322,0,5
45328,0,6
45334,1,6
45339,0,5
45345,1,6
45350,0,5
45356,1,6
45361,0,5
45367,0,6
45372,0,5
45378,0,6
45383,0,5
45389,0,6
45394,0,5
45400,0,6
45406,1,6
45411,0,5
45417,1,6
45422,0,5
45428,0,6
45434,1,6
45439,0,5
45445,1,6
45450,0,5
45456,1,6
45461,0,5
45467,1,6
45472,0,5
45478,0,6
45484,1,6
45489,0,5
45495,1,6
45501,1,6
45507,1,6
45512,0,5
45518,0,6
45524,1,6
45529,0,5
45535,1,6
45540,0,5
45546,1,6
45551,0,5
45557,1,6
45562,0,5
45568,0,6
45574,1,6
45580,1,6
45586,1,6
45592,1,6
45598,1,6
45603,0,5
45609,1,6
45615,1,6
45621,1,6
45626,0,5
45632,1,6
45638,1,6
45643,0,5
45649,1,6
45654,0,5
45660,1,6
45666,1,6
45671,0,5
45677,1,6
45683,1,6
45689,1,6
45694,0,5
45700,1,6
45705,0,5
45711,1,6
45716,0,5
45722,1,6
45727,0,5
45733,1,6
45738,0,5
45744,0,6
45749,0,5
45755,0,6
45761,1,6
45766,0,5
45772,1,6
45777,0,5
45783,1,6
45788,0,5
45794,1,6
45800,1,6
45805,0,5
45811,1,6
45816,0,5
45822,1,6
45827,0,5
45833,0,6
45839,1,6
45844,0,5
45850,1,6
45856,1,6
45862,1,6
45867,0,5
45873,1,6
45879,1,6
45884,0,5
45890,1,6
45896,1,6
45901,0,5
45907,1,6
45912,0,5
45918,0,6
45924,1,6
45929,0,5
45935,0,6
45941,1,6
45947,1,6
45952,0,5
45958,1,6
45963,0,5
45969,1,6
45974,0,5
45980,1,6
45985,0,5
45991,1,6
45997,0,6
46003,1,6
46008,0,5
46014,0,6
46019,0,5
46025,0,6
46031,1,6
46036,0,5
46042,1,6
46047,0,5
46053,1,6
46059,1,6
46064,0,5
46070,1,6
46075,0,5
46081,0,6
46086,0,5
46092,0,6
46098,1,6
46103,0,5
46109,1,6
46115,1,6
46120,0,5
46126,1,6
46132,1,6
46138,1,6
46143,0,5
46149,1,6
46154,0,5
46160,1,6
46165,0,5
46171,0,6
46176,0,5
46182,0,6
46188,1,6
46193,0,5
46199,1,6
46204,0,5
46210,1,6
46215,0,5
46221,0,6
46226,0,5
46232,0,6
46238,1,6
46243,0,5
46249,1,6
46254,0,5
46260,1,6
46265,0,5
46271,1,6
46276,0,5
46282,1,6
46287,0,5
46293,1,6
46298,0,5
46304,1,6
46309,0,5
46315,0,6
46320,0,5
46326,0,6
46332,1,6
46337,0,5
46343,1,6
46348,0,5
46354,1,6
46359,0,5
46365,1,6
46370,0,5
46376,1,6
46381,0,5
46387,0,6
46392,0,5
46398,0,6
46403,0,5
46409,0,6
46415,1,6
46420,0,5
46426,1,6
46431,0,5
46437,1,6
46442,0,5
46448,1,6
46454,1,6
46460,1,6
46466,1,6
46472,1,6
46477,0,5
46483,0,6
46489,0,6
46495,1,6
46501,1,6
46507,1,6
46513,1,6
46519,1,6
46524,0,5
46530,1,6
46535,0,5
46541,1,6
46547,1,6
46552,0,5
46558,1,6
46564,1,6
46569,0,5
46575,1,6
46581,1,6
46586,0,5
46592,1,6
46598,1,6
46603,0,5
46609,1,6
46615,1,6
46620,0,5
46626,1,6
46631,0,5
46637,0,6
46643,1,6
46648,0,5
46654,0,6
46660,1,6
46666,1,6
46672,1,6
46677,0,5
46683,1,6
46689,1,6
46695,1,6
46701,1,6
46707,1,6
46713,1,6
46719,1,6
46725,1,6
46731,1,6
46737,1,6
46743,1,6
46749,1,6
46755,1,6
46761,1,6
46768,2,7
46775,1,7
46780,0,5
46785,0,5
46791,1,6
46796,1,5
46801,0,5
46806,0,5
46812,1,6
46817,1,5
46822,0,5
46827,0,5
46833,1,6
46838,1,5
46843,0,5
46849,0,6
46855,1,6
46861,1,6
46866,0,5
46873,2,7
46879,1,6
46885,1,6
46890,0,5
46896,1,6
46902,1,6
46908,1,6
46914,1,6
46919,0,5
46925,0,6
46931,1,6
46936,0,5
46942,0,6
46948,1,6
46953,0,5
46959,1,6
46964,0,5
46970,0,6
46976,1,6
46982,1,6
46987,0,5
46993,1,6
46999,1,6
47005,1,6
47011,1,6
47017,1,6
47023,1,6
47029,1,6
47035,1,6
47041,1,6
47047,1,6
47053,1,6
47059,1,6
47064,0,5
47070,1,6
47076,1,6
47082,0,6
47088,0,6
47095,1,7
47101,1,6
47106,0,5
47112,0,6
47121,3,9
47127,1,6
47133,1,6
47139,1,6
47145,1,6
47151,1,6
47157,1,6
47163,1,6
47169,1,6
47175,1,6
47181,1,6
47187,1,6
47193,1,6
47199,1,6
47204,0,5
47210,0,6
47216,1,6
47221,0,5
47227,1,6
47233,1,6
47239,1,6
47245,1,6
47251,1,6
47256,0,5
47262,1,6
47267,0,5
47273,0,6
47279,1,6
47284,0,5
47290,1,6
47296,1,6
47301,0,5
47307,1,6
47313,1,6
47322,4,9
47323,0,1
47329,1,6
47334,1,5
47339,1,5
47344,0,5
47349,0,5
47355,1,6
47360,1,5
47365,1,5
47370,0,5
47375,0,5
47381,1,6
47386,1,5
47391,1,5
47396,0,5
47402,1,6
47407,1,5
47412,1,5
47417,0,5
47423,1,6
47429,1,6
47435,1,6
47441,1,6
47447,1,6
47453,0,6
47459,0,6
47465,0,6
47471,0,6
47477,0,6
47483,0,6
47489,0,6
47495,1,6
47501,1,6
47507,1,6
47513,1,6
47519,1,6
47524,0,5
47530,0,6
47536,1,6
47541,0,5
47547,0,6
47553,1,6
47558,0,5
47564,1,6
47570,1,6
47575,0,5
47581,1,6
47586,0,5
47592,0,6
47598,1,6
47604,1,6
47610,1,6
47616,1,6
47622,1,6
47628,1,6
47633,0,5
47639,0,6
47645,1,6
47651,1,6
47656,0,5
47662,0,6
47668,1,6
47674,1,6
47679,0,5
47685,0,6
47691,1,6
47697,1,6
47703,1,6
47709,1,6
47715,1,6
47721,1,6
47727,1,6
47733,1,6
47739,1,6
47745,1,6
47751,1,6
47757,1,6
47763,1,6
47769,1,6
47775,1,6
47781,1,6
47787,1,6
47793,1,6
47799,1,6
47805,1,6
47811,1,6
47817,1,6
47823,1,6
47828,0,5
47834,0,6
47840,1,6
47846,1,6
47852,1,6
47858,1,6
47863,0,5
47869,0,6
47875,1,6
47881,1,6
47887,1,6
47893,1,6
47899,1,6
47905,1,6
47911,1,6
47917,1,6
47923,1,6
47929,1,6
47934,0,5
47940,0,6
47946,0,6
47952,1,6
47958,1,6
47964,1,6
47970,0,6
47976,1,6
47982,1,6
47988,1,6
47994,1,6
48000,1,6
48006,1,6
48012,1,6
48017,1,5
48022,0,5
48027,0,5
48033,1,6
48038,1,5
48043,1,5
48048,0,5
48054,1,6
48059,1,5
48064,1,5
48069,0,5
48075,1,6
48080,1,5
48085,1,5
48091,1,6
48096,1,5
48101,1,5
48106,1,5
48111,0,5
48117,1,6
48122,1,5
48127,0,5
48133,1,6
48138,1,5
48143,1,5
48148,0,5
48154,1,6
48159,1,5
48164,1,5
48169,0,5
48174,0,5
48180,1,6
48185,1,5
48190,1,5
48195,0,5
48201,1,6
48206,0,5
48212,1,6
48217,1,5
48222,1,5
48227,0,5
48233,1,6
48238,1,5
48243,0,5
48248,0,5
48254,1,6
48259,1,5
48264,0,5
48269,0,5
48275,1,6
48280,0,5
48286,1,6
48291,1,5
48296,0,5
48302,1,6
48307,1,5
48312,1,5
48317,0,5
48323,1,6
48328,1,5
48333,0,5
48338,0,5
48344,1,6
48349,1,5
48354,0,5
48360,1,6
48365,1,5
48370,0,5
48375,0,5
48381,1,6
48386,0,5
48392,1,6
48397,1,5
48402,0,5
48408,1,6
48413,1,5
48418,0,5
48424,1,6
48429,1,5
48434,0,5
48440,1,6
48445,1,5
48450,1,5
48455,0,5
48461,1,6
48466,1,5
48471,0,5
48477,1,6
48482,1,5
48487,0,5
48493,0,6
48499,1,6
48505,1,6
48510,1,5
48516,1,6
48522,1,6
48528,1,6
48534,1,6
48540,1,6
48545,0,5
48551,0,6
48557,1,6
48562,0,5
48568,1,6
48573,0,5
48579,0,6
48585,1,6
48591,1,6
48596,0,5
48602,0,6
48608,1,6
48614,1,6
48619,0,5
48625,0,6
48631,1,6
48637,1,6
48643,1,6
48648,0,5
48654,0,6
48665,1,11
48670,1,5
48675,1,5
48680,0,5
48685,0,5
48690,0,5
48696,1,6
48701,1,5
48706,1,5
48711,0,5
48716,0,5
48721,0,5
48727,1,6
48732,1,5
48737,1,5
48742,0,5
48747,0,5
48753,1,6
48758,1,5
48763,0,5
48768,0,5
48773,0,5
48779,1,6
48784,1,5
48789,0,5
48794,0,5
48800,1,6
48805,1,5
48810,0,5
48815,0,5
48821,1,6
48826,1,5
48831,0,5
48836,0,5
48842,1,6
48847,1,5
48852,0,5
48857,0,5
48862,0,5
48868,1,6
48873,0,5
48878,0,5
48884,1,6
48889,1,5
48894,0,5
48900,1,6
48905,1,5
48910,0,5
48915,0,5
48920,0,5
48926,1,6
48931,1,5
48936,0,5
48941,0,5
48946,0,5
48952,1,6
48957,1,5
48962,0,5
48967,0,5
48972,0,5
48978,1,6
48983,1,5
48988,0,5
48993,0,5
48999,1,6
49004,1,5
49009,0,5
49014,0,5
49020,1,6
49025,1,5
49030,0,5
49035,0,5
49040,0,5
49046,1,6
49051,1,5
49056,1,5
49061,0,5
49066,0,5
49072,1,6
49077,1,5
49082,1,5
49087,0,5
49092,0,5
49097,0,5
49103,1,6
49108,1,5
49113,0,5
49118,0,5
49123,0,5
49128,0,5
49134,1,6
49139,1,5
49144,0,5
49149,0,5
49154,0,5
49159,0,5
49165,1,6
49170,1,5
49175,0,5
49180,0,5
49186,1,6
49191,1,5
49196,1,5
49201,0,5
49206,0,5
49211,0,5
49217,1,6
49222,1,5
49227,1,5
49232,0,5
49237,0,5
49243,1,6
49248,1,5
49253,1,5
49258,0,5
49263,0,5
49268,0,5
49274,1,6
49279,1,5
49284,0,5
49289,0,5
49294,0,5
49300,1,6
49305,1,5
49310,1,5
49315,0,5
49320,0,5
49325,0,5
49331,1,6
49336,1,5
49341,1,5
49346,0,5
49351,0,5
49356,0,5
49362,1,6
49367,1,5
49372,0,5
49377,0,5
49383,1,6
49388,1,5
49393,1,5
49398,0,5
49403,0,5
49408,0,5
49413,0,5
49419,1,6
49424,1,5
49429,0,5
49434,0,5
49439,0,5
49445,1,6
49450,1,5
49455,1,5
49460,0,5
49466,1,6
49470,0,4
49476,1,6
49481,1,5
49486,0,5
49491,0,5
49496,0,5
49502,1,6
49507,1,5
49512,1,5
49517,0,5
49522,0,5
49527,0,5
49533,1,6
49538,1,5
49543,1,5
49548,0,5
49553,0,5
49559,1,6
49564,1,5
49569,1,5
49574,0,5
49579,0,5
49585,1,6
49590,1,5
49595,1,5
49600,0,5
49605,0,5
49611,1,6
49616,1,5
49621,1,5
49626,0,5
49631,0,5
49636,0,5
49641,0,5
49647,1,6
49652,1,5
49657,1,5
49662,0,5
49667,0,5
49672,0,5
49677,0,5
49683,1,6
49688,1,5
49693,0,5
49698,0,5
49703,0,5
49708,0,5
49714,1,6
49719,1,5
49724,1,5
49729,0,5
49734,0,5
49739,0,5
49744,0,5
49750,1,6
49755,1,5
49760,1,5
49765,0,5
49770,0,5
49775,0,5
49780,0,5
49786,1,6
49791,1,5
49796,0,5
49801,0,5
49806,0,5
49811,0,5
49817,1,6
49822,1,5
49827,0,5
49832,0,5
49837,0,5
49842,0,5
49847,0,5
49853,1,6
49858,1,5
49863,0,5
49868,0,5
49873,0,5
49878,0,5
49884,1,6
49889,1,5
49894,1,5
49899,0,5
49904,0,5
49910,1,6
49915,1,5
49920,1,5
49925,0,5
49930,0,5
49935,0,5
49940,0,5
49946,1,6
49951,1,5
49956,0,5
49961,0,5
49966,0,5
49972,1,6
49977,1,5
49982,1,5
49987,0,5
49992,0,5
49998,1,6
50003,1,5
50008,1,5
50013,0,5
50018,0,5
50024,1,6
50029,1,5
50034,0,5
50039,0,5
50044,0,5
50050,1,6
50055,1,5
50060,1,5
50065,0,5
50070,0,5
50075,0,5
50081,1,6
50086,1,5
50091,1,5
50096,0,5
50102,1,6
50107,1,5
50112,1,5
50117,0,5
50122,0,5
50128,1,6
50133,1,5
50139,1,6
50144,1,5
50149,1,5
50154,0,5
50159,0,5
50164,0,5
50170,1,6
50175,1,5
50180,1,5
50186,1,6
50192,1,6
50197,0,5
50203,1,6
50209,1,6
50214,0,5
50220,0,6
50226,1,6
50232,1,6
50237,0,5
50243,0,6
50249,1,6
50254,0,5
50260,0,6
50265,0,5
50271,0,6
50277,1,6
50283,1,6
50288,0,5
50294,0,6
50300,1,6
50305,0,5
50311,1,6
50316,0,5
50322,1,6
50328,1,6
50333,0,5
50339,1,6
50345,1,6
50350,0,5
50356,1,6
50361,0,5
50367,0,6
50373,1,6
50378,0,5
50384,1,6
50389,0,5
50395,1,6
50400,0,5
50406,1,6
50411,0,5
50417,1,6
50423,1,6
50428,0,5
50436,1,8
50442,1,6
50447,0,5
50453,0,6
50459,1,6
50464,0,5
50470,0,6
50476,1,6
50481,0,5
50487,1,6
50493,1,6
50498,0,5
50504,0,6
50509,0,5
50515,0,6
50521,1,6
50526,0,5
50532,0,6
50538,1,6
50544,1,6
50550,1,6
50556,1,6
50562,1,6
50568,1,6
50574,1,6
50580,1,6
50586,1,6
50592,1,6
50598,1,6
50604,1,6
50610,1,6
50616,1,6
50622,1,6
50627,0,5
50633,0,6
50639,1,6
50644,0,5
50650,0,6
50655,0,5
50661,0,6
50667,1,6
50673,1,6
50678,0,5
50684,0,6
50690,0,6
50696,1,6
50702,1,6
50708,1,6
50714,1,6
50720,1,6
50726,1,6
50732,1,6
50737,0,5
50743,0,6
50749,1,6
50755,1,6
50761,1,6
50767,1,6
50773,1,6
50778,0,5
50784,0,6
50790,1,6
50795,0,5
50801,1,6
50807,1,6
50812,0,5
50818,1,6
50824,1,6
50830,1,6
50836,1,6
50842,1,6
50848,1,6
50854,1,6
50860,1,6
50866,1,6
50872,1,6
50878,1,6
50884,1,6
50889,0,5
50895,0,6
50901,1,6
50906,0,5
50912,1,6
50918,1,6
50924,1,6
50930,1,6
50936,1,6
50942,1,6
50948,1,6
50953,0,5
50959,1,6
50964,0,5
50970,0,6
50976,1,6
50982,1,6
50987,0,5
50993,0,6
50999,1,6
51005,1,6
51010,0,5
51016,1,6
51023,2,7
51028,0,5
51033,0,5
51039,1,6
51044,0,5
51049,0,5
51056,1,7
51061,1,5
51066,0,5
51072,0,6
51078,1,6
51083,0,5
51089,0,6
51095,1,6
51100,0,5
51106,1,6
51112,1,6
51117,0,5
51123,1,6
51129,1,6
51134,0,5
51140,0,6
51146,1,6
51152,1,6
51158,1,6
51164,1,6
51169,0,5
51175,0,6
51181,1,6
51187,1,6
51193,1,6
51198,0,5
51204,0,6
51210,1,6
51216,1,6
51222,1,6
51228,1,6
51234,1,6
51240,1,6
51246,1,6
51252,1,6
51258,1,6
51264,1,6
51269,0,5
51276,1,7
51282,1,6
51288,1,6
51294,1,6
51300,1,6
51306,1,6
51312,1,6
51317,0,5
51324,1,7
51330,1,6
51336,1,6
51342,1,6
51348,1,6
51354,1,6
51360,1,6
51366,1,6
51373,1,7
51379,1,6
51384,0,5
51390,0,6
51396,0,6
51402,1,6
51408,1,6
51414,1,6
51420,1,6
51426,1,6
51431,0,5
51437,0,6
51443,1,6
51449,1,6
51455,1,6
51460,0,5
51466,0,6
51472,0,6
51478,0,6
51484,0,6
51491,1,7
51497,1,6
51503,1,6
51509,1,6
51515,1,6
51521,1,6
51526,0,5
51532,1,6
51537,0,5
51543,0,6
51549,0,6
51556,1,7
51562,1,6
51568,1,6
51574,1,6
51580,1,6
51586,1,6
51592,1,6
51598,1,6
51604,1,6
51610,1,6
51616,1,6
51622,1,6
51627,0,5
51633,1,6
51639,1,6
51645,1,6
51651,1,6
51656,0,5
51662,1,6
51668,1,6
51673,0,5
51679,1,6
51685,1,6
51691,1,6
51697,1,6
51702,0,5
51708,0,6
51714,1,6
51720,1,6
51726,1,6
51732,1,6
51737,0,5
51743,1,6
51748,0,5
51754,1,6
51759,0,5
51765,0,6
51771,1,6
51777,1,6
51783,1,6
51788,0,5
51794,0,6
51800,0,6
51806,1,6
51812,1,6
51819,2,7
51825,1,6
51831,1,6
51838,2,7
51844,1,6
51850,0,6
51857,1,7
51863,1,6
51869,1,6
51875,1,6
51882,1,7
51888,1,6
51895,1,7
51902,2,7
51908,1,6
51915,1,7
51921,1,6
51927,1,6
51934,1,7
51940,1,6
51946,1,6
51952,1,6
51958,1,6
51964,1,6
51970,1,6
51976,0,6
51982,1,6
51989,1,7
51994,1,5
51999,0,5
52005,1,6
52011,1,6
52016,1,5
52022,1,6
52027,1,5
52033,1,6
52038,1,5
52044,1,6
52049,1,5
52055,1,6
52060,1,5
52066,1,6
52072,2,6
52076,0,4
52082,1,6
52088,1,6
52093,1,5
52099,1,6
52104,1,5
52110,1,6
52115,1,5
52121,1,6
52126,1,5
52132,1,6
52137,1,5
52143,1,6
52148,1,5
52154,1,6
52159,1,5
52165,1,6
52170,1,5
52175,0,5
52181,1,6
52187,2,6
52192,1,5
52198,1,6
52203,1,5
52208,1,5
52214,1,6
52219,1,5
52224,0,5
52230,1,6
52235,1,5
52240,0,5
52246,1,6
52251,1,5
52257,1,6
52262,1,5
52267,0,5
52273,1,6
52278,1,5
52284,1,6
52289,1,5
52295,1,6
52300,1,5
52305,1,5
52310,0,5
52316,1,6
52321,1,5
52327,1,6
52332,1,5
52337,0,5
52343,1,6
52348,1,5
52353,0,5
52359,1,6
52364,1,5
52369,0,5
52375,1,6
52380,1,5
52385,0,5
52390,0,5
52396,1,6
52401,0,5
52406,0,5
52412,1,6
52417,0,5
52423,1,6
52428,1,5
52433,0,5
52439,1,6
52444,0,5
52450,1,6
52455,1,5
52461,2,6
52466,1,5
52471,1,5
52477,1,6
52482,1,5
52488,1,6
52493,1,5
52499,1,6
52504,1,5
52510,1,6
52515,1,5
52520,0,5
52526,1,6
52531,1,5
52536,1,5
52541,0,5
52547,1,6
52552,1,5
52557,0,5
52562,0,5
52568,1,6
52574,2,6
52579,1,5
52584,1,5
52589,0,5
52595,1,6
52600,1,5
52606,1,6
52611,1,5
52616,0,5
52622,1,6
52627,1,5
52633,1,6
52639,1,6
52645,1,6
52650,1,5
52656,1,6
52663,1,7
52669,1,6
52675,1,6
52681,1,6
52687,1,6
52694,1,7
52700,1,6
52706,1,6
52712,1,6
52718,1,6
52724,1,6
52730,1,6
52736,1,6
52742,1,6
52748,1,6
52754,1,6
52760,1,6
52766,1,6
52772,1,6
52778,1,6
52785,2,7
52791,1,6
52797,1,6
52802,1,5
52807,0,5
52813,1,6
52818,1,5
52823,0,5
52829,1,6
52834,1,5
52840,1,6
52846,1,6
52852,1,6
52858,1,6
52863,0,5
52869,0,6
52875,1,6
52880,0,5
52886,0,6
52892,1,6
52898,1,6
52903,0,5
52910,1,7
52916,1,6
52922,1,6
52928,1,6
52934,1,6
52940,1,6
52946,1,6
52951,0,5
52958,1,7
52964,1,6
52970,1,6
52975,1,5
52980,0,5
52986,1,6
52991,1,5
52996,0,5
53002,1,6
53007,1,5
53012,0,5
53018,1,6
53023,1,5
53028,0,5
53034,1,6
53039,1,5
53044,0,5
53050,1,6
53055,1,5
53061,1,6
53066,1,5
53071,1,5
53077,1,6
53082,1,5
53087,0,5
53093,1,6
53098,1,5
53103,0,5
53109,1,6
53114,1,5
53119,0,5
53125,1,6
53130,1,5
53135,1,5
53140,0,5
53145,0,5
53151,1,6
53156,1,5
53161,1,5
53166,0,5
53171,0,5
53177,1,6
53182,1,5
53187,1,5
53192,0,5
53197,0,5
53202,0,5
53208,1,6
53213,1,5
53218,0,5
53223,0,5
53228,0,5
53234,1,6
53239,1,5
53244,1,5
53249,0,5
53255,1,6
53260,1,5
53265,1,5
53271,1,6
53276,1,5
53281,1,5
53286,1,5
53291,0,5
53296,0,5
53302,1,6
53307,1,5
53312,1,5
53317,1,5
53322,0,5
53327,0,5
53333,1,6
53338,1,5
53343,0,5
53348,0,5
53354,1,6
53359,1,5
53364,1,5
53370,1,6
53375,1,5
53380,1,5
53385,1,5
53391,1,6
53396,1,5
53401,1,5
53406,0,5
53412,1,6
53417,1,5
53422,1,5
53427,0,5
53433,1,6
53438,1,5
53444,1,6
53449,1,5
53454,0,5
53460,1,6
53465,1,5
53471,1,6
53476,1,5
53481,0,5
53487,1,6
53492,1,5
53497,0,5
53503,1,6
53508,1,5
53513,0,5
53519,1,6
53524,1,5
53529,0,5
53535,1,6
53540,1,5
53545,1,5
53550,0,5
53555,0,5
53561,1,6
53566,1,5
53571,0,5
53576,0,5
53582,1,6
53587,1,5
53592,0,5
53597,0,5
53603,1,6
53608,1,5
53613,0,5
53619,1,6
53624,0,5
53630,1,6
53635,1,5
53640,0,5
53646,1,6
53651,1,5
53656,1,5
53661,0,5
53674,8,13
53674,3,0
53677,1,3
53682,0,5
53688,1,6
53693,1,5
53698,1,5
53703,1,5
53708,0,5
53713,0,5
53719,1,6
53724,1,5
53729,1,5
53734,0,5
53740,1,6
53745,1,5
53751,1,6
53756,1,5
53761,0,5
53767,1,6
53772,1,5
53778,1,6
53783,1,5
53788,0,5
53794,1,6
53799,1,5
53804,0,5
53810,1,6
53815,1,5
53821,1,6
53826,1,5
53831,1,5
53836,0,5
53842,1,6
53847,1,5
53852,0,5
53858,1,6
53863,1,5
53868,1,5
53873,0,5
53878,0,5
53884,1,6
53889,1,5
53894,0,5
53899,0,5
53905,1,6
53910,1,5
53915,0,5
53921,1,6
53926,1,5
53931,0,5
53936,0,5
53942,1,6
53947,1,5
53952,0,5
53958,1,6
53963,1,5
53969,1,6
53975,1,6
53981,1,6
53987,1,6
53992,1,5
53997,0,5
54002,0,5
54008,0,6
54014,0,6
54020,0,6
54026,0,6
54032,1,6
54037,1,5
54043,1,6
54048,1,5
54053,1,5
54058,0,5
54064,1,6
54069,1,5
54074,1,5
54079,0,5
54084,0,5
54090,1,6
54095,1,5
54100,0,5
54106,1,6
54111,1,5
54116,1,5
54121,0,5
54127,1,6
54132,1,5
54137,0,5
54143,1,6
54148,1,5
54153,0,5
54159,1,6
54164,1,5
54169,1,5
54174,0,5
54180,1,6
54185,0,5
54191,1,6
54196,1,5
54201,0,5
54206,0,5
54212,1,6
54217,1,5
54222,0,5
54228,1,6
54233,1,5
54238,1,5
54244,1,6
54250,1,6
54256,1,6
54262,1,6
54269,2,7
54275,0,6
54292,1,17
54297,0,5
54303,0,6
54309,1,6
54315,1,6
54321,1,6
54327,1,6
54333,1,6
54338,0,5
54344,0,6
54350,0,6
54356,1,6
54362,1,6
54368,1,6
54373,0,5
54379,1,6
54385,1,6
54391,1,6
54397,1,6
54403,1,6
54409,1,6
54415,1,6
54421,1,6
54427,1,6
54432,0,5
54438,0,6
54443,0,5
54449,0,6
54455,1,6
54460,0,5
54466,0,6
54472,1,6
54477,0,5
54484,1,7
54489,0,5
54495,0,6
54501,1,6
54507,1,6
54513,1,6
54519,1,6
54524,0,5
54530,0,6
54536,0,6
54542,1,6
54548,0,6
54555,1,7
54561,1,6
54567,1,6
54573,1,6
54579,1,6
54584,0,5
54590,0,6
54596,1,6
54602,1,6
54608,1,6
54614,1,6
54619,0,5
54625,0,6
54631,0,6
54637,0,6
54643,0,6
54649,0,6
54655,0,6
54661,1,6
54667,1,6
54673,1,6
54678,0,5
54684,1,6
54690,1,6
54696,1,6
54702,1,6
54708,1,6
54714,1,6
54719,0,5
54725,0,6
54731,1,6
54737,1,6
54742,0,5
54748,0,6
54754,1,6
54760,1,6
54766,1,6
54771,0,5
54777,0,6
54783,1,6
54788,0,5
54794,0,6
54800,1,6
54805,0,5
54811,1,6
54816,0,5
54822,1,6
54828,1,6
54834,1,6
54840,1,6
54846,1,6
54852,1,6
54858,0,6
54864,0,6
54871,1,7
54877,1,6
54882,0,5
54888,1,6
54894,1,6
54900,0,6
54906,1,6
54912,1,6
54917,0,5
54923,1,6
54928,0,5
54934,1,6
54940,1,6
54945,0,5
54951,1,6
54956,0,5
54962,1,6
54967,0,5
54973,0,6
54979,1,6
54984,0,5
54990,1,6
54995,0,5
55001,0,6
55007,1,6
55012,0,5
55018,1,6
55024,0,6
55030,0,6
55036,1,6
55041,0,5
55047,1,6
55052,0,5
55058,0,6
55063,0,5
55069,0,6
55075,1,6
55080,0,5
55086,0,6
55092,1,6
55097,0,5
55103,1,6
55108,0,5
55114,0,6
55120,1,6
55125,0,5
55131,1,6
55136,0,5
55142,1,6
55148,1,6
55154,1,6
55159,0,5
55165,0,6
55171,1,6
55177,1,6
55182,0,5
55188,1,6
55193,0,5
55199,0,6
55205,1,6
55211,1,6
55216,0,5
55222,0,6
55228,1,6
55234,1,6
55240,1,6
55245,0,5
55251,0,6
55257,1,6
55263,1,6
55268,0,5
55274,0,6
55280,0,6
55286,1,6
55292,1,6
55298,1,6
55304,1,6
55309,0,5
55315,1,6
55321,1,6
55327,1,6
55333,1,6
55338,0,5
55344,0,6
55350,1,6
55356,1,6
55362,1,6
55368,1,6
55373,0,5
55379,0,6
55385,0,6
55392,1,7
55398,1,6
55403,0,5
55410,1,7
55415,0,5
55421,1,6
55427,1,6
55433,1,6
55439,1,6
55445,1,6
55450,0,5
55456,1,6
55462,1,6
55467,0,5
55473,0,6
55479,1,6
55485,1,6
55491,1,6
55496,0,5
55502,0,6
55508,1,6
55514,1,6
55520,1,6
55527,2,7
55533,1,6
55539,1,6
55545,1,6
55551,1,6
55557,1,6
55563,1,6
55569,1,6
55574,0,5
55580,0,6
55586,1,6
55592,1,6
55598,1,6
55603,0,5
55609,1,6
55615,1,6
55621,1,6
55626,1,5
55631,0,5
55637,1,6
55642,1,5
55647,0,5
55653,1,6
55658,1,5
55664,1,6
55669,1,5
55674,0,5
55680,1,6
55685,1,5
55691,1,6
55698,1,7
55703,1,5
55708,1,5
55714,1,6
55720,1,6
55726,1,6
55731,0,5
55737,0,6
55743,0,6
55749,1,6
55755,1,6
55760,0,5
55766,0,6
55772,0,6
55778,0,6
55784,1,6
55790,1,6
55796,1,6
55802,1,6
55807,0,5
55813,1,6
55819,1,6
55825,1,6
55830,0,5
55836,1,6
55841,0,5
55846,0,5
55852,1,6
55857,1,5
55863,1,6
55868,1,5
55874,1,6
55880,1,6
55885,0,5
55891,1,6
55897,1,6
55902,0,5
55908,0,6
55914,1,6
55920,1,6
55926,1,6
55931,0,5
55937,0,6
55943,1,6
55949,1,6
55955,1,6
55961,1,6
55967,1,6
55973,1,6
55978,0,5
55984,0,6
55990,1,6
55996,1,6
56002,1,6
56008,1,6
56014,1,6
56019,0,5
56025,0,6
56031,0,6
56037,1,6
56042,0,5
56048,0,6
56053,0,5
56059,0,6
56065,1,6
56071,1,6
56077,1,6
56083,1,6
56089,1,6
56094,0,5
56100,1,6
56105,0,5
56111,0,6
56117,1,6
56122,0,5
56128,0,6
56134,1,6
56139,0,5
56145,1,6
56150,0,5
56156,1,6
56161,0,5
56167,1,6
56173,1,6
56179,1,6
56184,0,5
56190,1,6
56196,1,6
56202,1,6
56208,1,6
56213,0,5
56219,1,6
56225,1,6
56230,0,5
56236,0,6
56242,1,6
56247,0,5
56253,1,6
56260,2,7
56266,1,6
56271,0,5
56277,1,6
56283,1,6
56289,1,6
56295,1,6
56300,0,5
56306,1,6
56312,1,6
56317,0,5
56323,1,6
56328,0,5
56334,1,6
56339,0,5
56345,1,6
56351,1,6
56356,0,5
56362,1,6
56367,0,5
56373,1,6
56379,1,6
56384,0,5
56390,1,6
56396,1,6
56401,0,5
56407,1,6
56412,0,5
56418,1,6
56423,0,5
56429,1,6
56435,1,6
56441,1,6
56447,1,6
56453,1,6
56459,1,6
56464,0,5
56470,0,6
56476,0,6
56482,0,6
56488,0,6
56494,0,6
56500,1,6
56506,1,6
56512,1,6
56518,1,6
56523,0,5
56529,1,6
56535,1,6
56540,0,5
56546,0,6
56552,1,6
56558,1,6
56563,0,5
56569,1,6
56575,1,6
56581,1,6
56587,1,6
56592,0,5
56598,0,6
56604,1,6
56610,1,6
56616,1,6
56622,1,6
56628,1,6
56634,1,6
56640,1,6
56645,0,5
56651,0,6
56657,1,6
56663,1,6
56669,1,6
56674,0,5
56680,1,6
56686,1,6
56692,1,6
56697,0,5
56703,0,6
56709,1,6
56715,1,6
56721,1,6
56727,1,6
56733,1,6
56739,1,6
56745,1,6
56751,1,6
56757,1,6
56764,1,7
56770,1,6
56776,1,6
56782,0,6
56788,0,6
56794,0,6
56800,1,6
56805,0,5
56811,1,6
56817,1,6
56822,0,5
56828,1,6
56834,1,6
56840,1,6
56845,0,5
56851,1,6
56857,1,6
56863,0,6
56869,1,6
56875,1,6
56880,0,5
56886,0,6
56892,1,6
56897,0,5
56903,0,6
56909,1,6
56914,0,5
56920,1,6
56926,1,6
56931,0,5
56937,1,6
56942,0,5
56948,0,6
56954,1,6
56959,0,5
56965,0,6
56970,0,5
56976,0,6
56982,1,6
56987,0,5
56993,0,6
56999,1,6
57004,0,5
57010,1,6
57015,0,5
57021,1,6
57026,0,5
57032,1,6
57038,1,6
57043,0,5
57049,0,6
57055,1,6
57060,0,5
57066,1,6
57071,0,5
57077,1,6
57082,0,5
57088,0,6
57094,1,6
57099,0,5
57105,1,6
57111,1,6
57117,1,6
57122,0,5
57128,1,6
57133,0,5
57139,1,6
57144,0,5
57150,0,6
57156,1,6
57161,0,5
57167,1,6
57172,0,5
57178,1,6
57183,0,5
57189,0,6
57195,1,6
57200,0,5
57206,1,6
57212,1,6
57217,0,5
57223,0,6
57229,1,6
57234,0,5
57240,1,6
57245,0,5
57251,1,6
57256,0,5
57262,1,6
57267,0,5
57273,0,6
57279,1,6
57285,1,6
57290,0,5
57296,1,6
57301,0,5
57307,1,6
57312,0,5
57318,0,6
57323,0,5
57329,0,6
57335,1,6
57340,0,5
57346,0,6
57352,1,6
57357,0,5
57363,1,6
57369,1,6
57374,0,5
57380,0,6
57386,0,6
57392,1,6
57397,0,5
57403,1,6
57408,0,5
57414,1,6
57420,1,6
57425,0,5
57431,0,6
57437,0,6
57443,1,6
57449,1,6
57454,0,5
57460,1,6
57466,1,6
57472,1,6
57477,0,5
57483,1,6
57489,1,6
57495,1,6
57501,1,6
57506,0,5
57512,0,6
57518,1,6
57524,1,6
57530,1,6
57536,1,6
57542,1,6
