time (ms)
0
11
13
16
18
20
22
24
25
28
30
32
35
37
42
44
45
48
50
53
55
57
60
62
64
71
73
75
77
80
82
84
86
89
91
93
95
96
99
101
103
105
107
109
111
113
115
117
124
126
128
130
132
134
136
138
140
143
145
146
148
150
152
155
157
159
161
163
165
167
169
171
173
175
178
180
182
184
186
188
190
192
195
198
200
201
203
205
207
209
211
213
215
217
220
222
224
226
227
230
231
233
235
237
239
241
243
245
247
249
251
252
256
258
260
263
265
267
269
271
273
275
277
278
280
282
284
286
288
290
292
294
296
298
300
302
307
310
314
319
322
325
330
333
340
343
347
351
354
357
360
365
368
371
374
376
379
383
391
394
396
399
402
405
408
410
413
416
419
423
426
429
433
436
439
442
445
448
451
453
456
459
463
467
470
472
475
480
483
485
488
491
494
497
499
502
505
507
510
513
516
518
521
524
527
530
533
535
538
541
544
546
549
552
554
557
560
562
568
571
573
575
577
582
584
586
588
591
592
594
596
597
599
600
602
604
606
609
611
612
614
616
618
621
623
625
626
628
630
632
634
635
637
639
640
642
644
645
647
649
650
652
655
656
658
660
662
664
666
668
670
672
674
675
677
679
681
684
686
688
690
692
694
696
698
700
702
703
705
707
709
711
713
715
716
718
720
722
724
726
727
732
734
735
737
739
741
743
745
746
748
750
752
754
756
757
759
761
763
770
772
774
776
778
780
782
784
786
788
792
795
797
798
800
802
804
806
808
810
811
813
815
816
818
820
822
824
825
827
829
831
833
835
837
839
841
843
845
847
849
850
852
854
856
858
860
862
864
866
868
870
873
876
878
880
882
886
888
892
894
897
899
901
903
907
911
913
916
918
919
921
923
925
927
928
930
932
933
935
937
939
941
944
945
948
950
952
953
955
957
959
960
962
964
966
968
970
972
973
975
977
979
981
985
987
989
991
994
996
998
1000
1003
1005
1006
1008
1010
1012
1014
1017
1019
1021
1023
1025
1027
1029
1031
1032
1034
1036
1038
1041
1042
1044
1046
1048
1050
1052
1053
1055
1057
1059
1061
1062
1064
1066
1068
1070
1072
1074
1076
1078
1079
1081
1083
1085
1087
1089
1091
1093
1095
1097
1099
1101
1103
1104
1110
1113
1114
1116
1118
1120
1122
1124
1125
1127
1129
1131
1133
1134
1136
1138
1140
1142
1143
1145
1152
1154
1156
1158
1164
1166
1180
1191
1193
1195
1197
1198
1200
1202
1204
1206
1207
1209
1211
1213
1216
1218
1220
1222
1223
1225
1227
1229
1230
1232
1234
1236
1238
1240
1242
1243
1245
1247
1252
1254
1256
1257
1259
1261
1263
1265
1266
1268
1270
1272
1276
1278
1280
1282
1283
1285
1287
1289
1291
1293
1295
1297
1298
1300
1302
1304
1305
1307
1309
1311
1312
1314
1316
1318
1320
1322
1323
1325
1327
1330
1332
1334
1336
1341
1342
1344
1346
1347
1349
1351
1353
1354
1356
1358
1360
1362
1364
1367
1369
1371
1373
1375
1376
1378
1380
1382
1384
1385
1387
1389
1391
1392
1394
1396
1398
1399
1401
1403
1405
1406
1408
1410
1412
1413
1415
1417
1419
1420
1423
1425
1427
1429
1433
1435
1439
1441
1442
1444
1446
1449
1450
1452
1454
1456
1458
1459
1461
1463
1465
1466
1468
1470
1472
1473
1475
1477
1479
1480
1482
1484
1488
1493
1495
1497
1499
1500
1502
1504
1505
1507
1510
1514
1516
1519
1522
1524
1526
1528
1529
1531
1533
1535
1537
1540
1542
1544
1546
1548
1550
1552
1553
1555
1557
1559
1561
1562
1564
1566
1568
1569
1571
1573
1575
1576
1578
1580
1582
1583
1585
1587
1589
1591
1592
1594
1596
1597
1599
1601
1603
1605
1606
1608
1610
1612
1614
1615
1617
1620
1621
1623
1625
1627
1628
1630
1632
1633
1635
1637
1639
1640
1642
1644
1645
1647
1649
1651
1653
1654
1656
1658
1659
1661
1663
1665
1666
1668
1670
1672
1673
1675
1677
1679
1680
1685
1688
1691
1692
1694
1696
1698
1699
1701
1703
1705
1706
1708
1710
1712
1713
1715
1717
1718
1720
1722
1724
1726
1728
1730
1732
1734
1736
1738
1740
1742
1744
1746
1748
1750
1751
1753
1755
1757
1759
1761
1762
1764
1766
1767
1769
1771
1773
1774
1776
1782
1784
1786
1792
1794
1796
1798
1799
1801
1803
1804
1806
1808
1809
1811
1813
1815
1816
1818
1820
1821
1823
1825
1827
1828
1830
1832
1834
1835
1837
1839
1841
1843
1845
1847
1848
1851
1852
1854
1858
1860
1862
1865
1867
1869
1871
1872
1874
1876
1878
1880
1882
1884
1886
1888
1890
1892
1894
1896
1903
1904
1905
1906
1907
1909
1910
1911
1912
1914
1915
1916
1917
1919
1920
1922
1923
1924
1926
1927
1928
1929
1931
1932
1933
1939
1941
1944
1946
1947
1949
1951
1952
1954
1956
1958
1959
1961
1963
1965
1966
1968
1970
1972
1973
1975
1977
1979
1980
1982
1984
1988
1992
1994
1996
1998
1999
2001
2003
2005
2007
2008
2010
2012
2013
2015
2017
2019
2020
2022
2024
2026
2027
2029
2031
2033
2034
2036
2038
2039
2041
2043
2044
2046
2048
2050
2051
2053
2055
2056
2058
2060
2061
2063
2065
2067
2069
2070
2072
2074
2075
2077
2079
2082
2085
2087
2090
2092
2095
2097
2100
2102
2110
2113
2115
2118
2120
2128
2130
2133
2135
2137
2139
2142
2144
2146
2149
2151
2153
2155
2158
2160
2162
2164
2168
2170
2172
2175
2177
2179
2181
2184
2186
2189
2191
2194
2196
2198
2201
2203
2206
2208
2210
2213
2215
2218
2220
2223
2227
2229
2232
2234
2237
2239
2241
2244
2246
2249
2251
2254
2257
2265
2268
2270
2273
2275
2277
2280
2283
2286
2288
2291
2294
2297
2300
2303
2306
2309
2312
2315
2318
2321
2324
2327
2330
2333
2336
2339
2348
2351
2354
2357
2360
2363
2366
2369
2372
2375
2378
2381
2384
2387
2389
2392
2395
2398
2401
2403
2406
2408
2414
2416
2419
2421
2428
2430
2433
2435
2438
2441
2444
2447
2450
2452
2455
2457
2459
2462
2465
2467
2470
2473
2476
2479
2482
2487
2490
2492
2494
2497
2499
2501
2503
2506
2508
2510
2513
2516
2519
2521
2524
2526
2528
2531
2533
2535
2537
2540
2542
2544
2547
2549
2551
2553
2556
2558
2560
2563
2565
2567
2569
2572
2574
2576
2578
2580
2582
2584
2585
2587
2589
2590
2593
2595
2596
2598
2599
2601
2603
2605
2606
2608
2610
2611
2613
2615
2617
2618
2620
2622
2624
2625
2627
2629
2630
2632
2634
2635
2637
2639
2641
2642
2644
2646
2648
2649
2651
2653
2655
2656
2658
2660
2661
2663
2665
2667
2669
2670
2672
2674
2676
2677
2679
2681
2683
2684
2686
2688
2690
2691
2693
2695
2697
2701
2703
2705
2706
2708
2710
2711
2713
2715
2717
2718
2720
2722
2724
2725
2727
2729
2731
2732
2734
2736
2738
2739
2741
2743
2744
2746
2748
2750
2751
2753
2755
2756
2758
2760
2761
2763
2765
2767
2768
2770
2772
2774
2775
2777
2779
2781
2782
2784
2786
2787
2789
2793
2795
2796
2798
2800
2802
2803
2805
2810
2813
2814
2816
2818
2820
2821
2823
2825
2827
2829
2830
2832
2834
2835
2837
2840
2841
2843
2845
2847
2848
2850
2852
2853
2855
2857
2858
2863
2865
2867
2868
2870
2872
2873
2875
2876
2878
2884
2886
2887
2889
2891
2892
2894
2896
2897
2899
2904
2906
2908
2910
2912
2913
2915
2917
2919
2920
2922
2924
2926
2928
2929
2931
2933
2935
2936
2938
2940
2942
2943
2945
2947
2948
2950
2952
2954
2955
2957
2959
2961
2963
2965
2967
2968
2970
2972
2974
2975
2977
2980
2982
2984
2985
2987
2989
2990
2992
2994
2996
2997
2999
3001
3002
3004
3006
3008
3009
3011
3013
3014
3016
3018
3020
3022
3024
3025
3027
3029
3030
3032
3034
3036
3038
3039
3041
3043
3044
3046
3048
3050
3051
3053
3055
3056
3058
3060
3062
3064
3065
3067
3069
3071
3073
3075
3077
3079
3081
3083
3085
3086
3088
3090
3092
3094
3096
3098
3100
3102
3104
3106
3108
3109
3111
3113
3115
3117
3119
3121
3123
3125
3127
3129
3131
3133
3135
3137
3139
3141
3143
3145
3147
3149
3150
3152
3154
3156
3158
3160
3162
3164
3166
3168
3170
3172
3174
3176
3178
3180
3182
3184
3186
3188
3190
3192
3193
3195
3197
3198
3200
3201
3202
3203
3205
3206
3207
3208
3209
3211
3212
3213
3214
3216
3217
3218
3219
3220
3222
3223
3224
3225
3227
3228
3229
3230
3231
3233
3234
3235
3236
3237
3239
3243
3245
3246
3248
3252
3254
3255
3257
3259
3260
3262
3264
3266
3267
3269
3271
3273
3274
3276
3278
3280
3281
3283
3285
3287
3288
3290
3292
3294
3295
3297
3299
3300
3302
3304
3306
3307
3309
3311
3312
3314
3316
3318
3319
3321
3323
3325
3327
3328
3330
3332
3334
3336
3338
3340
3342
3343
3345
3347
3349
3350
3352
3354
3356
3357
3359
3361
3362
3364
3366
3367
3369
3371
3373
3374
3376
3378
3380
3381
3383
3386
3388
3390
3392
3393
3395
3397
3398
3400
3402
3404
3405
3407
3409
3410
3412
3414
3416
3417
3419
3421
3422
3424
3426
3431
3433
3435
3436
3438
3440
3441
3443
3445
3447
3449
3450
3452
3454
3455
3457
3459
3460
3462
3464
3466
3467
3469
3471
3473
3474
3476
3478
3480
3482
3484
3486
3488
3490
3492
3494
3496
3498
3500
3502
3504
3506
3508
3510
3512
3513
3515
3517
3519
3521
3523
3525
3527
3529
3530
3532
3534
3536
3538
3540
3542
3544
3546
3548
3550
3551
3552
3553
3554
3556
3557
3558
3559
3560
3564
3566
3568
3569
3571
3573
3574
3576
3578
3579
3581
3583
3584
3586
3588
3590
3591
3594
3596
3597
3599
3600
3601
3603
3604
3605
3606
3608
3609
3610
3611
3612
3613
3615
3616
3617
3618
3620
3622
3624
3626
3628
3629
3631
3633
3641
3642
3644
3646
3647
3649
3651
3652
3654
3656
3658
3659
3661
3663
3664
3666
3668
3669
3671
3673
3674
3676
3677
3679
3681
3683
3684
3686
3687
3691
3692
3694
3696
3697
3699
3701
3702
3704
3705
3707
3709
3710
3712
3714
3715
3717
3719
3720
3722
3724
3726
3727
3729
3731
3732
3734
3736
3737
3739
3740
3742
3744
3745
3747
3749
3751
3752
3754
3756
3757
3759
3761
3763
3764
3766
3768
3770
3772
3776
3778
3780
3781
3783
3785
3786
3789
3790
3792
3794
3795
3797
3799
3800
3802
3804
3806
3807
3809
3811
3812
3814
3816
3817
3819
3821
3822
3824
3826
3827
3829
3831
3832
3834
3836
3837
3839
3840
3842
3843
3845
3847
3849
3850
3852
3854
3856
3857
3859
3861
3862
3864
3866
3868
3869
3871
3873
3874
3876
3878
3879
3881
3883
3884
3886
3888
3890
3891
3893
3895
3896
3898
3900
3901
3903
3905
3906
3908
3910
3912
3913
3915
3917
3918
3920
3922
3924
3925
3927
3929
3930
3932
3934
3936
3937
3939
3941
3942
3944
3946
3948
3950
3952
3954
3956
3957
3959
3961
3963
3965
3967
3969
3971
3973
3974
3977
3978
3979
3980
3982
3983
3984
3985
3986
3988
3989
3990
3991
3992
3994
3995
3997
3998
3999
4000
4001
4003
4004
4005
4006
4007
4009
4010
4011
4013
4014
4015
4016
4018
4019
4020
4021
4022
4024
4025
4026
4027
4028
4030
4031
4032
4033
4035
4036
4037
4038
4039
4041
4042
4043
4044
4045
4047
4048
4049
4050
4051
4053
4054
4055
4056
4057
4059
4060
4061
4062
4063
4064
4066
4067
4068
4069
4070
4071
4073
4074
4075
4076
4077
4078
4079
4081
4082
4083
4084
4085
4086
4088
4089
4090
4091
4092
4093
4095
4096
4097
4098
4099
4100
4102
4103
4104
4105
4106
4107
4108
4110
4111
4112
4113
4114
4115
4117
4118
4119
4120
4121
4122
4124
4125
4126
4127
4128
4129
4130
4132
4133
4134
4135
4136
4137
4139
4140
4141
4142
4143
4144
4146
4147
4148
4149
4150
4151
4152
4154
4155
4156
4157
4158
4159
4161
4162
4163
4164
4165
4166
4168
4169
4170
4171
4172
4173
4174
4176
4177
4178
4179
4180
4181
4182
4184
4185
4186
4187
4192
4194
4199
4201
4203
4204
4208
4210
4211
4213
4215
4216
4218
4220
4221
4223
4225
4227
4228
4230
4232
4233
4235
4237
4238
4240
4242
4244
4246
4247
4249
4251
4253
4255
4256
4258
4260
4262
4263
4265
4267
4269
4270
4272
4274
4276
4278
4280
4281
4283
4285
4288
4290
4292
4294
4295
4297
4299
4301
4303
4305
4306
4308
4310
4312
4313
4315
4317
4318
4320
4322
4324
4325
4327
4329
4331
4332
4334
4336
4337
4339
4341
4343
4345
4346
4348
4350
4351
4353
4355
4356
4358
4360
4362
4363
4365
4367
4369
4370
4372
4374
4376
4377
4379
4381
4383
4385
4386
4388
4390
4391
4393
4395
4397
4398
4400
4402
4404
4405
4407
4409
4410
4411
4412
4414
4415
4416
4417
4418
4420
4421
4422
4423
4425
4426
4427
4428
4429
4431
4432
4433
4434
4435
4437
4438
4439
4440
4441
4443
4444
4445
4446
4447
4449
4450
4451
4452
4453
4455
4456
4457
4458
4459
4461
4462
4463
4464
4465
4467
4468
4469
4470
4472
4473
4474
4475
4477
4478
4479
4480
4482
4483
4484
4485
4486
4488
4489
4490
4491
4492
4493
4495
4496
4497
4498
4499
4500
4502
4503
4504
4505
4506
4507
4509
4510
4511
4512
4513
4515
4516
4517
4518
4519
4520
4522
4523
4524
4525
4526
4527
4529
4530
4531
4532
4533
4534
4536
4537
4538
4539
4540
4541
4543
4544
4545
4546
4547
4548
4550
4551
4552
4553
4554
4555
4557
4559
4560
4562
4563
4564
4565
4567
4568
4569
4570
4571
4573
4574
4575
4576
4577
4578
4580
4581
4582
4583
4584
4586
4587
4588
4589
4590
4591
4593
4594
4595
4596
4597
4598
4600
4601
4602
4603
4604
4605
4607
4608
4609
4610
4611
4612
4614
4615
4616
4617
4618
4620
4621
4622
4623
4624
4625
4627
4628
4629
4630
4631
4632
4634
4635
4636
4637
4638
4639
4641
4642
4643
4644
4645
4646
4648
4649
4650
4651
4652
4653
4655
4656
4657
4658
4659
4660
4662
4663
4664
4665
4666
4667
4669
4670
4671
4672
4673
4674
4676
4677
4685
4687
4688
4690
4692
4693
4695
4696
4698
4700
4701
4703
4705
4708
4709
4711
4713
4714
4716
4718
4719
4721
4723
4724
4726
4728
4729
4731
4733
4734
4736
4738
4739
4741
4743
4745
4746
4748
4750
4751
4753
4755
4756
4758
4760
4761
4763
4765
4767
4768
4770
4772
4774
4775
4777
4779
4781
4782
4784
4786
4787
4789
4791
4793
4794
4796
4798
4800
4801
4803
4805
4806
4808
4810
4811
4813
4815
4816
4818
4820
4822
4823
4825
4827
4829
4836
4839
4841
4843
4845
4846
4848
4850
4851
4853
4855
4857
4859
4860
4862
4864
4866
4867
4869
4871
4873
4874
4876
4878
4880
4882
4884
4885
4887
4889
4891
4892
4894
4896
4898
4899
4901
4903
4905
4906
4908
4910
4912
4913
4915
4917
4919
4920
4922
4928
4930
4932
4934
4935
4937
4939
4940
4942
4944
4945
4947
4949
4951
4952
4954
4956
4957
4959
4961
4963
4964
4966
4968
4969
4971
4973
4974
4976
4978
4980
4981
4988
4990
4992
4993
4995
4996
4998
5000
5002
5003
5006
5008
5009
5011
5013
5014
5018
5019
5021
5023
5025
5026
5028
5030
5031
5033
5035
5037
5038
5040
5042
5044
5045
5047
5049
5050
5052
5054
5055
5061
5062
5064
5066
5067
5069
5071
5072
5074
5076
5078
5079
5081
5082
5084
5086
5087
5089
5091
5092
5094
5096
5097
5100
5101
5103
5105
5107
5109
5110
5112
5114
5116
5117
5119
5121
5122
5124
5126
5128
5129
5131
5133
5134
5136
5138
5139
5141
5143
5144
5146
5148
5149
5151
5153
5155
5157
5158
5160
5162
5164
5166
5167
5169
5171
5172
5174
5176
5178
5182
5184
5186
5192
5196
5198
5199
5201
5203
5204
5206
5208
5209
5211
5213
5214
5216
5218
5219
5221
5223
5224
5226
5228
5229
5231
5233
5234
5236
5238
5239
5241
5243
5244
5246
5248
5250
5251
5253
5255
5256
5258
5260
5261
5263
5264
5266
5268
5270
5271
5273
5275
5277
5278
5280
5282
5284
5285
5287
5289
5291
5292
5294
5296
5298
5300
5302
5308
5310
5312
5314
5316
5318
5320
5321
5323
5325
5327
5329
5331
5332
5334
5336
5338
5340
5342
5343
5345
5347
5349
5351
5352
5354
5356
5358
5360
5362
5364
5365
5367
5369
5371
5373
5375
5377
5379
5381
5382
5384
5386
5388
5390
5392
5394
5395
5397
5399
5401
5403
5404
5406
5408
5410
5412
5414
5416
5417
5419
5421
5423
5425
5427
5429
5430
5432
5434
5436
5438
5440
5441
5443
5445
5447
5449
5450
5452
5454
5455
5457
5459
5460
5462
5463
5465
5467
5468
5470
5472
5474
5475
5477
5479
5480
5482
5484
5485
5487
5489
5490
5492
5494
5496
5497
5499
5501
5502
5504
5506
5508
5509
5511
5513
5515
5516
5518
5520
5521
5523
5525
5527
5528
5530
5532
5534
5535
5537
5539
5540
5542
5544
5545
5547
5549
5551
5552
5554
5556
5558
5559
5561
5563
5564
5566
5567
5568
5569
5570
5572
5573
5574
5575
5576
5578
5579
5580
5581
5582
5584
5585
5586
5587
5588
5590
5591
5592
5593
5595
5596
5597
5598
5599
5601
5602
5603
5604
5605
5607
5608
5609
5610
5611
5613
5614
5615
5616
5617
5619
5620
5621
5622
5623
5625
5626
5627
5628
5629
5630
5631
5633
5634
5635
5636
5637
5638
5639
5641
5642
5643
5644
5645
5646
5647
5649
5650
5651
5652
5653
5654
5655
5657
5658
5659
5660
5661
5662
5663
5665
5666
5667
5668
5669
5670
5671
5673
5674
5675
5676
5677
5678
5679
5681
5682
5683
5684
5685
5686
5687
5689
5690
5691
5692
5693
5694
5696
5697
5698
5699
5700
5701
5702
5703
5705
5706
5707
5708
5709
5710
5711
5712
5714
5715
5716
5717
5718
5719
5720
5721
5722
5724
5725
5726
5727
5729
5730
5731
5732
5733
5734
5735
5736
5737
5739
5740
5741
5742
5743
5744
5745
5746
5747
5749
5750
5751
5752
5753
5754
5755
5756
5757
5759
5760
5761
5762
5763
5764
5765
5766
5767
5769
5770
5771
5772
5773
5774
5775
5776
5778
5779
5780
5781
5782
5783
5784
5785
5786
5788
5789
5790
5791
5792
5793
5794
5796
5797
5798
5799
5800
5801
5802
5804
5805
5806
5807
5808
5809
5810
5812
5813
5814
5815
5816
5818
5820
5821
5822
5823
5825
5826
5827
5828
5830
5831
5832
5833
5834
5835
5837
5838
5844
5846
5848
5850
5851
5853
5855
5856
5858
5860
5862
5865
5867
5868
5870
5872
5874
5876
5878
5880
5881
5886
5888
5890
5891
5893
5895
5897
5898
5900
5902
5904
5905
5907
5909
5911
5913
5915
5917
5918
5920
5922
5923
5925
5927
5928
5930
5932
5933
5935
5937
5938
5940
5942
5944
5945
5947
5949
5950
5952
5954
5956
5957
5959
5961
5963
5964
5966
5970
5972
5974
5976
5977
5979
5981
5983
5984
5986
5988
5989
5991
5993
5994
5996
5998
5999
6001
6003
6005
6006
6008
6010
6011
6013
6015
6017
6018
6020
6022
6023
6025
6027
6028
6030
6032
6034
6035
6037
6039
6041
6042
6044
6046
6048
6049
6051
6053
6055
6056
6058
6060
6062
6063
6065
6067
6068
6070
6072
6074
6076
6078
6084
6086
6087
6089
6091
6092
6094
6096
6097
6099
6101
6102
6104
6108
6110
6111
6113
6115
6116
6118
6120
6122
6123
6125
6127
6128
6130
6132
6133
6135
6137
6138
6140
6142
6144
6145
6147
6149
6151
6152
6154
6156
6157
6159
6161
6163
6164
6166
6168
6170
6171
6173
6175
6176
6178
6180
6182
6183
6185
6187
6189
6190
6192
6194
6195
6197
6199
6200
6202
6204
6206
6207
6209
6211
6212
6214
6216
6217
6219
6221
6222
6224
6226
6228
6229
6231
6232
6233
6235
6236
6237
6238
6239
6241
6242
6243
6244
6245
6252
6254
6256
6258
6259
6261
6263
6264
6266
6268
6269
6271
6273
6274
6276
6278
6280
6282
6283
6285
6287
6288
6290
6292
6294
6295
6297
6299
6300
6302
6304
6305
6307
6309
6310
6312
6314
6315
6317
6319
6321
6322
6324
6326
6327
6329
6331
6333
6334
6336
6338
6339
6341
6343
6345
6346
6348
6350
6351
6353
6354
6355
6356
6358
6359
6360
6361
6362
6364
6365
6366
6367
6368
6369
6371
6372
6373
6374
6375
6377
6378
6379
6380
6382
6386
6388
6389
6391
6393
6394
6396
6398
6399
6401
6403
6404
6406
6408
6410
6411
6413
6415
6416
6418
6420
6421
6423
6425
6427
6429
6430
6432
6434
6435
6437
6439
6440
6442
6444
6446
6447
6450
6451
6452
6454
6455
6456
6457
6458
6459
6461
6462
6463
6464
6465
6467
6468
6469
6470
6471
6473
6474
6475
6476
6477
6479
6480
6481
6482
6483
6485
6486
6487
6488
6489
6491
6492
6493
6494
6496
6497
6498
6499
6500
6502
6503
6504
6505
6507
6508
6509
6510
6511
6513
6514
6515
6516
6517
6519
6520
6521
6522
6523
6525
6526
6527
6528
6529
6531
6532
6533
6534
6535
6537
6538
6539
6540
6541
6542
6544
6545
6546
6547
6548
6549
6551
6552
6553
6554
6555
6556
6558
6559
6560
6561
6562
6563
6564
6565
6567
6568
6569
6570
6571
6572
6573
6575
6576
6577
6578
6579
6580
6582
6583
6584
6585
6586
6587
6588
6589
6591
6592
6593
6594
6595
6596
6597
6599
6600
6601
6602
6603
6604
6605
6607
6608
6609
6610
6611
6612
6613
6615
6616
6617
6618
6619
6620
6622
6623
6624
6625
6626
6627
6628
6629
6631
6632
6633
6634
6635
6636
6637
6639
6640
6641
6642
6643
6644
6646
6647
6648
6649
6650
6651
6652
6654
6655
6656
6657
6658
6659
6660
6662
6663
6664
6665
6666
6667
6669
6670
6671
6672
6673
6674
6675
6676
6678
6679
6680
6681
6682
6683
6684
6686
6687
6688
6689
6690
6691
6693
6694
6696
6697
6698
6699
6700
6701
6703
6704
6705
6706
6707
6708
6709
6711
6712
6713
6714
6715
6716
6717
6719
6720
6721
6722
6723
6724
6725
6727
6728
6729
6730
6732
6733
6734
6735
6736
6737
6738
6740
6741
6742
6743
6744
6745
6747
6748
6749
6750
6751
6752
6753
6755
6756
6757
6758
6759
6760
6761
6763
6764
6765
6766
6767
6768
6770
6771
6772
6773
6774
6775
6776
6777
6779
6780
6781
6782
6783
6784
6786
6787
6788
6789
6790
6791
6792
6794
6795
6796
6803
6805
6807
6808
6810
6812
6813
6815
6817
6818
6820
6822
6823
6825
6827
6828
6830
6832
6833
6835
6837
6838
6840
6842
6843
6845
6847
6848
6850
6851
6853
6855
6856
6858
6860
6861
6863
6865
6866
6868
6870
6871
6873
6874
6876
6878
6879
6881
6883
6884
6886
6888
6889
6891
6892
6894
6896
6898
6900
6901
6903
6905
6906
6908
6910
6915
6916
6917
6918
6919
6920
6922
6923
6924
6925
6926
6927
6928
6930
6931
6932
6933
6934
6935
6936
6938
6939
6940
6941
6942
6943
6944
6946
6947
6948
6949
6950
6951
6952
6954
6955
6956
6957
6958
6959
6960
6962
6963
6964
6965
6966
6967
6968
6970
6971
6972
6973
6974
6975
6977
6978
6979
6980
6981
6983
6984
6985
6986
6987
6989
6990
6991
6992
6993
6995
6996
6997
6998
6999
7001
7002
7003
7004
7005
7006
7007
7009
7010
7011
7012
7013
7014
7015
7017
7018
7019
7020
7021
7022
7023
7025
7026
7027
7028
7029
7030
7031
7033
7034
7035
7036
7037
7038
7039
7041
7042
7043
7044
7045
7046
7047
7049
7050
7051
7052
7053
7054
7055
7057
7058
7059
7060
7061
7062
7064
7065
7066
7067
7068
7069
7070
7072
7073
7074
7075
7076
7077
7078
7080
7081
7082
7083
7084
7085
7086
7088
7089
7090
7091
7092
7093
7095
7096
7097
7098
7099
7100
7102
7103
7104
7105
7106
7107
7108
7110
7111
7112
7113
7114
7115
7116
7118
7119
7120
7121
7122
7123
7124
7126
7127
7128
7129
7130
7131
7132
7134
7135
7136
7137
7138
7139
7140
7142
7143
7144
7145
7146
7147
7148
7150
7151
7152
7153
7154
7155
7156
7158
7159
7160
7161
7162
7163
7164
7166
7167
7168
7169
7170
7171
7172
7174
7175
7176
7177
7178
7179
7180
7182
7183
7184
7185
7186
7187
7188
7190
7191
7192
7193
7194
7195
7196
7198
7199
7200
7201
7202
7203
7204
7205
7207
7208
7209
7210
7211
7212
7213
7215
7216
7217
7218
7219
7220
7222
7223
7224
7225
7226
7227
7228
7229
7231
7232
7233
7234
7235
7236
7237
7239
7240
7241
7242
7243
7244
7246
7247
7248
7249
7250
7251
7252
7253
7255
7256
7257
7258
7259
7260
7261
7263
7264
7265
7266
7267
7268
7270
7271
7272
7273
7274
7275
7276
7277
7279
7280
7281
7282
7283
7284
7285
7287
7288
7289
7290
7291
7292
7293
7295
7296
7297
7298
7299
7300
7301
7303
7304
7305
7306
7307
7308
7310
7311
7312
7313
7314
7315
7316
7318
7319
7320
7321
7322
7323
7324
7325
7327
7328
7329
7330
7331
7332
7333
7335
7336
7337
7338
7339
7340
7341
7343
7344
7345
7346
7347
7348
7349
7351
7352
7353
7354
7355
7356
7358
7359
7360
7364
7366
7367
7369
7371
7372
7374
7376
7377
7379
7380
7381
7383
7384
7385
7386
7387
7388
7390
7391
7392
7397
7399
7401
7402
7404
7406
7407
7409
7411
7412
7414
7417
7419
7420
7422
7424
7426
7428
7430
7432
7434
7435
7437
7439
7440
7442
7444
7445
7447
7450
7451
7453
7454
7456
7457
7458
7459
7460
7461
7463
7464
7465
7466
7467
7475
7477
7478
7480
7482
7484
7486
7487
7489
7491
7493
7495
7496
7498
7499
7501
7503
7505
7506
7508
7510
7512
7514
7516
7518
7520
7522
7523
7525
7527
7529
7530
7532
7534
7535
7537
7539
7540
7542
7544
7546
7548
7549
7551
7553
7555
7557
7559
7562
7564
7566
7568
7570
7572
7574
7575
7577
7579
7581
7582
7584
7587
7588
7590
7592
7593
7595
7597
7598
7600
7602
7604
7606
7607
7609
7611
7613
7615
7616
7618
7619
7620
7621
7622
7624
7625
7626
7627
7628
7630
7631
7632
7633
7634
7636
7637
7638
7639
7640
7642
7643
7644
7645
7646
7648
7649
7650
7651
7652
7653
7654
7656
7657
7658
7659
7660
7661
7662
7664
7665
7666
7667
7668
7669
7671
7672
7673
7674
7675
7676
7677
7679
7680
7681
7682
7683
7684
7685
7687
7688
7689
7690
7691
7692
7693
7695
7696
7697
7698
7699
7700
7701
7703
7704
7705
7706
7707
7708
7709
7711
7712
7713
7714
7715
7716
7718
7719
7720
7721
7722
7723
7724
7725
7727
7728
7729
7730
7731
7732
7733
7735
7736
7737
7738
7739
7740
7742
7743
7744
7745
7746
7747
7748
7750
7751
7752
7753
7754
7755
7756
7758
7759
7760
7761
7762
7763
7764
7766
7767
7768
7769
7770
7771
7772
7774
7775
7776
7777
7778
7779
7780
7782
7783
7784
7785
7786
7787
7789
7790
7791
7792
7793
7794
7796
7797
7798
7799
7800
7801
7802
7804
7805
7806
7807
7808
7809
7810
7812
7813
7814
7815
7816
7817
7819
7820
7821
7822
7823
7824
7825
7827
7828
7829
7830
7831
7832
7833
7835
7836
7837
7838
7839
7840
7842
7843
7844
7845
7846
7847
7848
7850
7851
7852
7853
7854
7855
7856
7858
7859
7860
7861
7862
7863
7864
7865
7867
7868
7869
7870
7871
7872
7873
7875
7876
7877
7878
7879
7880
7881
7883
7884
7885
7886
7887
7888
7889
7891
7892
7893
7894
7895
7896
7897
7899
7900
7901
7902
7903
7904
7905
7907
7908
7909
7910
7911
7912
7914
7915
7916
7917
7918
7919
7920
7922
7923
7924
7925
7926
7927
7929
7930
7931
7932
7933
7934
7936
7937
7938
7939
7940
7941
7943
7944
7945
7946
7947
7948
7949
7951
7952
7953
7954
7955
7956
7958
7959
7960
7961
7962
7963
7965
7966
7967
7968
7969
7970
7972
7973
7974
7975
7976
7977
7979
7980
7981
7982
7983
7984
7986
7987
7988
7989
7990
7991
7993
7994
7995
7996
7997
7998
8000
8001
8002
8003
8004
8005
8007
8008
8009
8010
8011
8012
8014
8015
8016
8017
8018
8019
8020
8022
8023
8024
8025
8026
8027
8029
8030
8031
8032
8033
8034
8036
8037
8038
8039
8040
8041
8043
8044
8045
8046
8047
8048
8050
8051
8052
8053
8054
8055
8056
8058
8059
8060
8061
8062
8063
8065
8066
8067
8068
8069
8070
8072
8073
8074
8075
8076
8077
8079
8080
8081
8082
8083
8084
8086
8087
8088
8089
8090
8091
8092
8094
8095
8096
8097
8098
8099
8101
8102
8103
8104
8105
8106
8107
8109
8110
8111
8112
8113
8114
8115
8117
8118
8119
8120
8121
8122
8123
8125
8126
8127
8128
8129
8130
8131
8133
8134
8135
8136
8137
8138
8139
8141
8142
8143
8144
8145
8146
8148
8149
8150
8151
8152
8153
8154
8156
8157
8158
8159
8160
8161
8162
8164
8165
8166
8167
8168
8169
8170
8172
8173
8174
8175
8176
8177
8178
8180
8181
8182
8183
8184
8185
8187
8188
8189
8190
8191
8192
8193
8195
8196
8197
8198
8199
8200
8201
8203
8204
8205
8206
8207
8208
8209
8211
8212
8213
8214
8215
8216
8218
8219
8220
8221
8222
8223
8224
8226
8227
8228
8229
8230
8231
8232
8234
8235
8236
8237
8238
8239
8240
8242
8243
8244
8245
8246
8247
8248
8249
8251
8252
8253
8254
8255
8256
8257
8259
8260
8261
8262
8263
8264
8266
8267
8268
8269
8270
8271
8272
8274
8275
8276
8277
8278
8279
8280
8282
8283
8284
8285
8286
8287
8288
8290
8291
8292
8293
8294
8295
8297
8298
8299
8300
8301
8302
8303
8305
8306
8307
8308
8309
8310
8311
8313
8314
8315
8316
8317
8318
8319
8321
8322
8323
8324
8325
8326
8328
8329
8330
8331
8332
8333
8334
8336
8337
8338
8339
8340
8341
8342
8344
8345
8346
8347
8348
8349
8350
8352
8353
8354
8355
8356
8357
8359
8360
8363
8364
8365
8367
8368
8369
8370
8371
8373
8374
8375
8376
8377
8379
8380
8381
8382
8383
8385
8386
8387
8388
8389
8395
8397
8398
8400
8402
8403
8405
8407
8408
8410
8411
8413
8415
8417
8419
8420
8422
8424
8426
8427
8429
8431
8432
8434
8436
8437
8439
8441
8444
8445
8447
8450
8452
8454
8455
8457
8459
8460
8462
8464
8465
8467
8469
8470
8472
8474
8476
8477
8479
8481
8482
8484
8486
8487
8489
8491
8492
8494
8496
8497
8499
8501
8503
8504
8506
8508
8509
8511
8513
8515
8517
8519
8521
8522
8524
8525
8526
8527
8529
8530
8531
8532
8534
8535
8536
8537
8539
8540
8541
8542
8543
8545
8546
8547
8548
8550
8551
8552
8553
8554
8556
8557
8558
8559
8560
8562
8563
8564
8565
8566
8568
8569
8570
8571
8572
8573
8575
8576
8577
8578
8579
8580
8581
8583
8584
8585
8586
8587
8588
8589
8591
8592
8593
8594
8595
8596
8597
8599
8600
8601
8602
8603
8604
8605
8607
8608
8609
8610
8611
8612
8613
8615
8616
8617
8618
8619
8620
8621
8623
8624
8625
8627
8628
8630
8631
8632
8633
8634
8636
8637
8638
8639
8640
8642
8643
8644
8645
8646
8648
8649
8650
8651
8653
8654
8655
8656
8657
8658
8660
8661
8662
8663
8664
8665
8667
8668
8669
8670
8671
8672
8673
8675
8676
8677
8678
8679
8680
8682
8683
8684
8685
8686
8687
8688
8690
8691
8692
8693
8694
8695
8696
8698
8699
8700
8701
8702
8703
8705
8706
8707
8708
8709
8710
8711
8713
8714
8715
8716
8717
8721
8723
8725
8727
8728
8730
8732
8736
8739
8741
8742
8744
8745
8747
8749
8752
8754
8755
8757
8759
8760
8762
8764
8766
8767
8769
8771
8772
8774
8776
8777
8779
8781
8782
8784
8785
8787
8789
8790
8792
8795
8796
8798
8800
8801
8803
8804
8806
8808
8809
8811
8813
8814
8816
8818
8819
8821
8822
8824
8826
8827
8829
8830
8832
8834
8835
8837
8839
8840
8842
8843
8845
8847
8848
8850
8851
8853
8855
8856
8858
8859
8861
8863
8864
8866
8867
8869
8871
8872
8874
8875
8877
8879
8880
8882
8883
8885
8887
8888
8890
8891
8893
8895
8896
8898
8899
8901
8903
8904
8906
8907
8909
8911
8912
8914
8915
8917
8919
8920
8922
8923
8925
8927
8928
8930
8931
8933
8934
8936
8938
8939
8941
8943
8944
8946
8947
8949
8951
8952
8954
8956
8957
8959
8961
8962
8964
8966
8967
8969
8971
8972
8974
8976
8978
8979
8981
8983
8984
8986
8988
8989
8991
8993
8994
8996
8999
9000
9002
9004
9005
9007
9008
9010
9012
9013
9015
9016
9018
9019
9021
9022
9024
9026
9027
9029
9030
9032
9034
9035
9037
9039
9040
9042
9043
9045
9047
9048
9050
9055
9056
9058
9060
9061
9063
9064
9066
9068
9069
9071
9073
9074
9076
9078
9079
9081
9082
9084
9086
9087
9089
9091
9092
9094
9095
9097
9099
9100
9102
9103
9105
9106
9108
9110
9111
9113
9115
9116
9118
9119
9121
9122
9124
9126
9127
9129
9130
9132
9134
9135
9137
9138
9140
9142
9143
9145
9146
9148
9150
9151
9153
9154
9156
9158
9159
9161
9162
9164
9166
9167
9169
9170
9172
9174
9175
9177
9178
9183
9184
9186
9188
9189
9191
9192
9194
9195
9197
9199
9200
9202
9203
9205
9207
9208
9210
9211
9213
9215
9216
9218
9219
9221
9223
9224
9226
9227
9229
9231
9232
9234
9235
9237
9239
9240
9242
9244
9245
9247
9248
9250
9252
9253
9255
9256
9258
9260
9261
9263
9264
9266
9268
9269
9271
9272
9274
9276
9277
9279
9281
9282
9284
9285
9287
9289
9290
9292
9293
9295
9296
9298
9300
9301
9303
9304
9306
9308
9309
9311
9312
9314
9316
9317
9319
9320
9322
9324
9325
9327
9328
9330
9331
9333
9335
9336
9338
9339
9341
9343
9344
9346
9347
9349
9351
9352
9354
9355
9357
9359
9360
9362
9363
9365
9366
9368
9370
9371
9373
9375
9376
9378
9379
9381
9383
9384
9386
9387
9389
9391
9392
9394
9395
9397
9399
9400
9402
9404
9405
9407
9409
9410
9412
9414
9415
9417
9419
9420
9422
9424
9425
9427
9429
9430
9432
9434
9435
9437
9438
9440
9442
9443
9445
9447
9449
9450
9452
9454
9455
9456
9458
9459
9460
9461
9462
9464
9465
9466
9467
9468
9470
9471
9472
9473
9474
9476
9477
9478
9479
9480
9481
9483
9484
9485
9486
9487
9489
9490
9491
9492
9493
9494
9496
9497
9498
9499
9500
9501
9503
9504
9505
9506
9507
9508
9509
9510
9512
9513
9514
9515
9516
9517
9518
9520
9521
9522
9523
9524
9525
9526
9528
9529
9530
9531
9532
9533
9534
9536
9537
9538
9539
9540
9541
9542
9543
9545
9546
9547
9548
9549
9550
9551
9553
9554
9555
9556
9557
9558
9559
9561
9562
9563
9564
9565
9566
9567
9569
9570
9571
9572
9573
9574
9575
9577
9578
9579
9580
9581
9582
9583
9585
9586
9587
9588
9589
9590
9591
9592
9594
9595
9596
9597
9598
9599
9600
9602
9603
9604
9605
9606
9607
9608
9610
9611
9612
9613
9614
9615
9616
9618
9619
9620
9621
9622
9623
9624
9625
9627
9628
9629
9630
9631
9632
9633
9635
9636
9637
9638
9639
9640
9641
9642
9644
9645
9646
9647
9648
9649
9650
9652
9653
9654
9655
9656
9657
9658
9660
9661
9662
9663
9664
9665
9666
9668
9669
9670
9671
9672
9673
9674
9676
9677
9678
9679
9680
9681
9682
9684
9685
9686
9687
9688
9689
9690
9691
9693
9694
9695
9696
9697
9698
9699
9701
9702
9703
9704
9705
9706
9708
9709
9710
9711
9712
9713
9714
9716
9717
9718
9719
9720
9721
9722
9724
9725
9726
9727
9728
9729
9730
9732
9733
9734
9735
9736
9737
9739
9740
9741
9742
9743
9744
9745
9747
9748
9749
9750
9751
9752
9753
9755
9756
9757
9758
9759
9760
9761
9763
9764
9765
9766
9767
9768
9769
9771
9772
9773
9774
9775
9776
9777
9779
9780
9781
9782
9783
9784
9785
9787
9788
9789
9790
9791
9792
9793
9795
9796
9797
9798
9799
9800
9801
9803
9804
9805
9806
9807
9808
9809
9811
9812
9813
9814
9815
9816
9817
9819
9820
9821
9822
9823
9824
9826
9827
9828
9829
9830
9832
9833
9834
9835
9836
9837
9839
9840
9841
9842
9843
9844
9846
9847
9848
9849
9850
9851
9853
9854
9855
9856
9857
9858
9860
9861
9862
9863
9864
9865
9867
9868
9869
9870
9871
9872
9874
9875
9876
9877
9878
9880
9881
9882
9883
9884
9885
9887
9888
9889
9890
9891
9892
9894
9895
9896
9897
9898
9899
9901
9902
9903
9904
9905
9906
9908
9909
9910
9911
9912
9914
9915
9916
9917
9918
9919
9921
9922
9923
9924
9925
9926
9928
9930
9931
9932
9934
9935
9936
9937
9938
9940
9941
9942
9943
9944
9945
9947
9948
9949
9950
9951
9952
9953
9955
9956
9957
9958
9959
9960
9962
9963
9964
9965
9966
9967
9968
9969
9971
9972
9973
9974
9975
9976
9977
9979
9980
9981
9982
9983
9984
9986
9987
9988
9989
9990
9991
9992
9994
9995
9996
9997
9998
9999
10000
10002
10003
10004
10005
10006
10007
10008
10010
10011
10012
10013
10014
10015
10016
10018
10019
10020
10021
10022
10023
10024
10026
10027
10028
10029
10030
10031
10032
10033
10035
10036
10037
10038
10039
10040
10042
10043
10044
10045
10046
10047
10048
10050
10051
10052
10053
10054
10055
10056
10058
10059
10060
10061
10062
10063
10064
10065
10067
10068
10069
10070
10071
10072
10073
10075
10076
10077
10078
10079
10080
10081
10083
10084
10085
10086
10087
10088
10089
10091
10092
10093
10094
10095
10096
10097
10099
10100
10101
10102
10103
10104
10105
10107
10108
10109
10110
10111
10112
10113
10115
10116
10117
10118
10119
10120
10121
10123
10124
10125
10126
10127
10128
10129
10131
10132
10133
10134
10135
10136
10137
10139
10140
10141
10142
10143
10144
10145
10147
10148
10149
10150
10151
10152
10153
10155
10156
10157
10158
10159
10160
10162
10163
10164
10165
10166
10167
10168
10177
10179
10181
10182
10184
10186
10188
10190
10192
10194
10196
10197
10199
10201
10203
10205
10206
10208
10210
10211
10213
10215
10217
10218
10220
10222
10223
10225
10227
10228
10230
10232
10233
10237
10239
10241
10242
10244
10245
10247
10249
10251
10252
10254
10256
10257
10259
10261
10262
10264
10266
10267
10269
10271
10273
10274
10276
10278
10279
10281
10283
10284
10286
10288
10290
10291
10293
10295
10296
10297
10299
10300
10301
10302
10303
10305
10306
10307
10308
10309
10311
10312
10313
10314
10316
10317
10318
10319
10320
10321
10323
10324
10325
10326
10327
10329
10330
10331
10332
10333
10335
10336
10340
10342
10344
10346
10347
10355
10359
10361
10362
10364
10366
10368
10369
10371
10372
10374
10376
10377
10379
10380
10382
10384
10385
10387
10388
10390
10392
10394
10396
10397
10399
10401
10402
10404
10405
10407
10409
10410
10412
10413
10415
10417
10418
10420
10421
10423
10425
10426
10428
10429
10431
10433
10434
10436
10437
10439
10441
10442
10444
10446
10447
10450
10451
10453
10455
10456
10458
10459
10461
10463
10464
10466
10468
10469
10471
10472
10474
10476
10477
10479
10481
10482
10484
10485
10487
10489
10490
10492
10494
10495
10497
10499
10500
10502
10504
10505
10507
10508
10510
10512
10513
10515
10517
10518
10520
10522
10523
10525
10527
10528
10530
10532
10533
10535
10537
10538
10540
10542
10544
10545
10547
10549
10550
10552
10554
10555
10557
10559
10561
10562
10564
10565
10566
10567
10569
10570
10571
10572
10573
10584
10586
10588
10589
10591
10592
10594
10596
10597
10599
10601
10602
10604
10606
10607
10609
10611
10612
10614
10615
10617
10618
10620
10622
10623
10625
10627
10628
10630
10631
10633
10635
10636
10638
10639
10641
10643
10644
10646
10647
10649
10651
10652
10654
10656
10657
10659
10661
10662
10664
10666
10667
10669
10671
10673
10674
10676
10678
10679
10681
10683
10684
10686
10688
10689
10691
10693
10694
10696
10698
10699
10701
10703
10705
10706
10708
10709
10710
10711
10712
10714
10715
10716
10717
10718
10720
10721
10722
10723
10724
10726
10727
10728
10729
10730
10732
10733
10734
10735
10736
10737
10739
10740
10741
10742
10743
10745
10746
10747
10748
10749
10751
10752
10753
10754
10755
10756
10757
10759
10760
10761
10762
10763
10764
10765
10767
10768
10769
10770
10771
10772
10773
10775
10776
10777
10778
10779
10780
10781
10783
10784
10785
10786
10787
10788
10789
10791
10792
10793
10794
10795
10796
10797
10799
10800
10801
10802
10803
10804
10805
10807
10808
10809
10810
10811
10812
10813
10815
10816
10817
10818
10819
10820
10821
10823
10824
10825
10826
10827
10828
10829
10831
10832
10833
10834
10835
10836
10837
10839
10840
10841
10842
10843
10844
10845
10847
10848
10849
10850
10851
10852
10853
10855
10856
10857
10858
10859
10860
10861
10863
10864
10865
10866
10867
10868
10870
10871
10872
10873
10874
10875
10876
10877
10879
10880
10881
10882
10883
10884
10886
10887
10888
10889
10890
10891
10892
10894
10895
10896
10897
10898
10899
10900
10901
10903
10904
10905
10906
10907
10908
10909
10911
10912
10913
10914
10916
10917
10918
10919
10921
10922
10923
10924
10925
10927
10928
10929
10930
10931
10932
10933
10935
10936
10937
10938
10939
10940
10941
10943
10944
10945
10946
10947
10948
10949
10951
10952
10953
10954
10955
10956
10957
10958
10960
10961
10962
10963
10964
10965
10966
10968
10969
10970
10971
10972
10973
10974
10976
10977
10978
10979
10980
10981
10982
10984
10985
10986
10987
10988
10989
10991
10992
10993
10994
10995
10996
10997
10999
11000
11001
11002
11003
11004
11005
11007
11008
11009
11010
11011
11012
11013
11015
11016
11017
11018
11019
11020
11021
11023
11024
11025
11026
11027
11028
11029
11031
11032
11033
11034
11035
11036
11037
11039
11040
11041
11042
11043
11044
11046
11047
11048
11049
11051
11052
11053
11054
11055
11056
11057
11058
11060
11061
11062
11063
11064
11065
11066
11068
11069
11070
11071
11072
11073
11074
11076
11077
11078
11079
11080
11081
11082
11084
11085
11086
11087
11088
11089
11090
11091
11093
11094
11095
11096
11097
11098
11099
11101
11102
11103
11104
11105
11106
11107
11109
11110
11111
11112
11113
11114
11115
11117
11118
11119
11120
11121
11122
11123
11124
11126
11127
11128
11129
11130
11131
11132
11134
11135
11136
11137
11138
11139
11140
11142
11143
11144
11145
11146
11147
11148
11149
11151
11152
11153
11154
11155
11156
11157
11159
11160
11161
11162
11163
11164
11165
11167
11168
11169
11170
11171
11172
11173
11174
11176
11177
11178
11179
11180
11181
11182
11184
11185
11186
11187
11188
11189
11190
11192
11193
11194
11195
11196
11197
11198
11200
11201
11202
11203
11204
11205
11206
11207
11209
11210
11211
11212
11213
11214
11215
11217
11218
11219
11220
11221
11222
11223
11225
11226
11227
11228
11229
11230
11231
11233
11234
11235
11236
11237
11238
11239
11240
11242
11243
11244
11245
11246
11247
11248
11250
11251
11252
11253
11254
11255
11256
11258
11259
11260
11261
11262
11263
11264
11266
11267
11268
11269
11270
11271
11272
11274
11275
11276
11277
11278
11279
11280
11282
11283
11284
11285
11286
11287
11288
11290
11291
11292
11293
11294
11295
11296
11297
11299
11300
11301
11302
11303
11304
11305
11307
11308
11309
11310
11311
11312
11314
11315
11316
11317
11318
11319
11320
11322
11323
11324
11325
11326
11327
11328
11329
11331
11332
11333
11334
11335
11336
11337
11339
11340
11341
11342
11343
11344
11345
11347
11348
11349
11350
11351
11352
11353
11355
11356
11357
11358
11359
11360
11361
11363
11364
11365
11366
11367
11368
11369
11371
11372
11373
11374
11375
11376
11377
11379
11380
11381
11382
11383
11384
11385
11387
11388
11389
11390
11391
11392
11393
11395
11396
11397
11398
11399
11400
11401
11403
11404
11405
11406
11407
11408
11409
11411
11412
11413
11414
11415
11416
11417
11419
11420
11421
11422
11423
11424
11425
11427
11428
11429
11430
11431
11432
11433
11435
11436
11437
11438
11439
11440
11441
11443
11444
11445
11446
11447
11448
11449
11451
11452
11453
11454
11455
11456
11457
11459
11460
11461
11462
11463
11464
11465
11467
11468
11469
11470
11471
11472
11473
11475
11476
11477
11478
11479
11480
11482
11483
11484
11485
11486
11487
11488
11490
11491
11492
11493
11494
11495
11496
11498
11499
11500
11501
11502
11503
11505
11506
11507
11508
11509
11510
11511
11513
11514
11515
11516
11517
11518
11520
11521
11522
11523
11524
11525
11526
11528
11529
11530
11531
11532
11533
11535
11536
11537
11538
11539
11540
11541
11543
11544
11545
11546
11547
11548
11549
11551
11552
11553
11554
11555
11556
11557
11559
11560
11561
11562
11563
11564
11565
11567
11568
11569
11570
11571
11572
11573
11575
11576
11577
11578
11579
11580
11581
11583
11584
11585
11586
11587
11588
11589
11591
11592
11593
11594
11595
11596
11597
11599
11600
11601
11602
11603
11604
11605
11607
11608
11609
11610
11611
11612
11613
11615
11616
11617
11618
11619
11620
11621
11623
11624
11625
11626
11627
11628
11629
11630
11632
11633
11634
11635
11636
11637
11638
11640
11641
11642
11643
11644
11645
11646
11647
11649
11650
11651
11652
11653
11654
11655
11657
11658
11659
11660
11661
11662
11664
11665
11666
11667
11668
11669
11670
11672
11673
11674
11675
11676
11677
11678
11680
11681
11682
11683
11684
11685
11686
11688
11689
11690
11691
11692
11693
11694
11696
11697
11698
11699
11700
11701
11702
11704
11705
11706
11707
11708
11709
11710
11711
11714
11715
11716
11718
11719
11720
11721
11722
11724
11725
11726
11727
11728
11730
11731
11732
11733
11734
11736
11737
11738
11739
11740
11741
11743
11744
11745
11746
11747
11748
11749
11750
11752
11753
11754
11755
11756
11757
11758
11760
11761
11762
11763
11764
11765
11766
11768
11769
11770
11771
11772
11773
11774
11776
11777
11778
11779
11780
11781
11782
11784
11785
11786
11787
11788
11789
11790
11791
11793
11794
11795
11796
11806
11810
11812
11814
11815
11817
11819
11820
11822
11823
11825
11827
11832
11833
11835
11837
11838
11840
11841
11843
11845
11846
11848
11850
11851
11853
11854
11856
11858
11859
11861
11862
11864
11866
11867
11869
11870
11872
11874
11875
11877
11878
11880
11882
11883
11885
11887
11888
11890
11892
11893
11895
11897
11898
11900
11902
11903
11905
11907
11908
11910
11912
11913
11915
11917
11918
11924
11925
11926
11927
11928
11929
11930
11932
11933
11934
11935
11936
11937
11938
11940
11941
11942
11943
11944
11945
11946
11948
11949
11950
11951
11952
11953
11954
11955
11957
11958
11959
11960
11961
11962
11963
11965
11966
11967
11968
11969
11970
11971
11972
11974
11975
11976
11977
11978
11979
11980
11982
11983
11984
11985
11986
11987
11988
11989
11991
11992
11993
11994
11995
11996
11997
11999
12000
12001
12002
12003
12004
12005
12007
12008
12009
12010
12011
12012
12013
12015
12016
12017
12018
12019
12020
12021
12023
12024
12025
12026
12027
12028
12029
12031
12032
12033
12034
12036
12037
12038
12039
12040
12041
12043
12044
12045
12046
12047
12048
12049
12051
12052
12053
12054
12055
12056
12057
12058
12060
12061
12062
12063
12064
12065
12066
12068
12069
12070
12071
12072
12073
12074
12076
12077
12078
12079
12080
12081
12082
12083
12085
12086
12087
12088
12089
12090
12091
12093
12094
12095
12096
12097
12098
12099
12101
12102
12103
12104
12105
12106
12107
12109
12110
12111
12112
12113
12114
12115
12117
12118
12119
12120
12121
12122
12123
12125
12126
12127
12128
12129
12130
12131
12133
12134
12135
12136
12137
12138
12139
12140
12142
12143
12144
12145
12146
12147
12148
12150
12151
12152
12153
12154
12155
12156
12158
12159
12160
12161
12162
12163
12164
12166
12167
12168
12169
12170
12171
12172
12174
12175
12176
12177
12178
12179
12180
12182
12183
12184
12185
12186
12187
12188
12189
12191
12192
12194
12195
12196
12197
12198
12199
12200
12201
12203
12204
12205
12206
12207
12208
12209
12210
12212
12213
12214
12215
12216
12217
12218
12220
12221
12222
12223
12224
12226
12227
12228
12229
12230
12231
12232
12233
12235
12236
12237
12238
12239
12240
12241
12243
12244
12245
12246
12247
12248
12249
12250
12252
12253
12254
12255
12256
12258
12259
12260
12261
12262
12263
12265
12266
12267
12268
12269
12270
12271
12273
12274
12275
12276
12277
12278
12279
12280
12282
12283
12284
12285
12286
12287
12288
12290
12291
12292
12293
12294
12295
12296
12298
12299
12300
12301
12302
12303
12304
12306
12307
12308
12309
12310
12311
12312
12313
12315
12316
12317
12318
12319
12320
12321
12323
12324
12325
12326
12327
12328
12329
12330
12332
12333
12334
12335
12336
12337
12338
12339
12341
12342
12343
12344
12345
12346
12347
12349
12350
12351
12352
12353
12354
12356
12357
12358
12359
12360
12361
12362
12364
12365
12366
12367
12368
12369
12370
12371
12373
12374
12375
12376
12377
12378
12379
12381
12382
12383
12384
12385
12386
12387
12388
12390
12391
12392
12393
12394
12395
12396
12398
12399
12400
12401
12402
12403
12404
12405
12407
12408
12409
12410
12411
12412
12413
12415
12416
12417
12418
12419
12420
12421
12423
12424
12425
12426
12428
12429
12430
12431
12432
12433
12434
12435
12437
12438
12439
12440
12441
12442
12443
12445
12446
12447
12448
12449
12450
12451
12453
12454
12455
12456
12457
12458
12459
12461
12462
12463
12464
12465
12466
12467
12468
12470
12471
12472
12473
12474
12475
12476
12478
12479
12480
12481
12482
12483
12484
12486
12487
12488
12489
12490
12491
12492
12493
12495
12496
12497
12498
12499
12500
12501
12503
12504
12505
12506
12507
12508
12509
12511
12512
12513
12514
12515
12516
12517
12518
12520
12521
12522
12523
12524
12525
12526
12528
12529
12530
12531
12532
12533
12535
12536
12537
12538
12539
12540
12541
12543
12544
12545
12546
12547
12548
12550
12551
12552
12553
12554
12555
12556
12558
12559
12560
12561
12562
12563
12564
12565
12567
12568
12569
12570
12571
12572
12573
12575
12576
12577
12578
12579
12580
12581
12583
12584
12585
12586
12587
12588
12589
12591
12592
12593
12594
12595
12596
12597
12599
12600
12602
12603
12604
12605
12606
12607
12609
12610
12611
12612
12613
12614
12615
12617
12618
12619
12620
12621
12622
12623
12625
12626
12627
12628
12629
12630
12631
12633
12634
12635
12636
12637
12638
12639
12641
12642
12643
12644
12645
12646
12647
12649
12650
12651
12652
12653
12654
12655
12657
12658
12659
12660
12661
12662
12663
12665
12666
12667
12668
12669
12670
12671
12673
12674
12675
12676
12677
12678
12679
12681
12682
12683
12684
12685
12686
12687
12689
12690
12691
12692
12693
12694
12695
12697
12698
12699
12700
12701
12702
12703
12705
12706
12707
12708
12709
12710
12712
12713
12714
12715
12716
12717
12718
12720
12721
12722
12723
12724
12725
12726
12727
12729
12730
12731
12732
12733
12734
12735
12737
12738
12739
12740
12741
12742
12743
12744
12746
12747
12748
12749
12750
12751
12752
12754
12755
12756
12757
12758
12759
12760
12762
12763
12764
12765
12766
12767
12768
12769
12771
12772
12773
12774
12775
12776
12777
12779
12780
12781
12782
12783
12784
12786
12787
12788
12789
12790
12791
12792
12793
12795
12796
12797
12798
12799
12800
12801
12803
12804
12805
12806
12807
12808
12809
12811
12812
12813
12814
12815
12816
12817
12818
12820
12821
12822
12823
12824
12825
12826
12828
12829
12830
12831
12832
12833
12834
12836
12837
12838
12839
12840
12841
12842
12843
12845
12846
12847
12848
12849
12850
12851
12853
12854
12855
12856
12857
12858
12859
12861
12862
12863
12864
12865
12866
12867
12868
12870
12871
12872
12873
12874
12875
12876
12877
12879
12880
12881
12882
12883
12884
12885
12887
12888
12889
12890
12891
12892
12893
12895
12896
12897
12898
12899
12900
12901
12903
12904
12905
12906
12907
12908
12910
12911
12912
12913
12914
12915
12916
12918
12919
12920
12921
12922
12923
12924
12926
12927
12928
12929
12930
12931
12932
12933
12935
12936
12937
12938
12939
12940
12941
12943
12944
12945
12946
12947
12948
12949
12951
12952
12953
12954
12955
12956
12957
12958
12960
12961
12962
12963
12964
12965
12966
12968
12969
12970
12971
12973
12974
12975
12976
12977
12978
12979
12981
12982
12983
12984
12985
12986
12987
12989
12990
12991
12992
12993
12994
12995
12997
12998
12999
13000
13001
13002
13003
13004
13006
13007
13008
13009
13010
13011
13012
13014
13015
13016
13017
13018
13028
13029
13031
13033
13034
13036
13038
13039
13041
13042
13044
13046
13047
13049
13050
13052
13054
13055
13057
13058
13060
13062
13063
13065
13066
13068
13070
13071
13073
13075
13076
13078
13079
13081
13083
13084
13086
13087
13089
13091
13092
13094
13095
13097
13098
13100
13102
13103
13105
13106
13108
13110
13111
13113
13115
13116
13118
13119
13121
13123
13124
13126
13127
13129
13131
13132
13134
13135
13137
13139
13140
13142
13143
13145
13146
13148
13150
13151
13153
13155
13156
13158
13159
13161
13163
13164
13166
13167
13169
13170
13172
13174
13175
13177
13178
13180
13182
13183
13185
13186
13188
13189
13191
13193
13194
13196
13197
13199
13201
13202
13204
13205
13207
13209
13210
13212
13213
13215
13217
13218
13220
13221
13223
13224
13226
13228
13229
13231
13232
13234
13236
13237
13239
13240
13242
13243
13245
13247
13248
13250
13251
13253
13254
13256
13258
13259
13261
13262
13264
13266
13267
13269
13270
13272
13273
13275
13277
13278
13280
13281
13283
13285
13286
13288
13290
13291
13293
13295
13296
13298
13300
13301
13303
13304
13306
13308
13309
13311
13313
13314
13316
13318
13319
13321
13323
13324
13326
13328
13329
13331
13333
13334
13336
13338
13339
13341
13342
13343
13345
13346
13347
13348
13349
13351
13352
13353
13354
13355
13357
13358
13359
13360
13361
13362
13364
13365
13366
13367
13368
13370
13371
13372
13373
13374
13375
13377
13378
13379
13380
13381
13382
13383
13385
13386
13387
13388
13389
13390
13391
13393
13394
13395
13396
13397
13398
13399
13401
13402
13403
13404
13405
13406
13407
13409
13410
13411
13412
13413
13414
13415
13417
13418
13419
13420
13421
13422
13423
13424
13426
13427
13428
13429
13430
13431
13432
13434
13435
13436
13437
13438
13439
13440
13442
13443
13444
13445
13446
13447
13449
13450
13451
13452
13453
13454
13455
13456
13458
13459
13460
13461
13462
13463
13465
13466
13467
13468
13469
13470
13471
13473
13474
13475
13476
13477
13478
13479
13480
13482
13483
13484
13485
13486
13487
13488
13490
13491
13492
13493
13494
13495
13496
13497
13499
13500
13501
13502
13503
13504
13505
13507
13508
13509
13510
13511
13512
13513
13514
13516
13517
13518
13519
13520
13521
13522
13524
13525
13526
13527
13528
13529
13530
13532
13533
13534
13535
13536
13537
13538
13539
13541
13542
13543
13544
13545
13546
13547
13549
13550
13551
13552
13553
13554
13555
13557
13558
13559
13560
13561
13562
13563
13565
13566
13567
13568
13569
13570
13571
13573
13574
13575
13576
13577
13578
13580
13581
13582
13583
13584
13585
13586
13587
13589
13590
13591
13592
13593
13594
13595
13597
13598
13599
13600
13601
13602
13603
13604
13606
13607
13608
13609
13610
13611
13612
13614
13615
13616
13617
13618
13619
13620
13621
13623
13624
13625
13626
13627
13628
13629
13631
13632
13633
13634
13635
13636
13637
13638
13640
13641
13642
13643
13644
13645
13646
13648
13649
13650
13651
13652
13653
13654
13655
13657
13658
13659
13660
13661
13662
13663
13665
13666
13667
13668
13669
13670
13671
13672
13674
13675
13676
13677
13678
13679
13680
13681
13683
13684
13685
13686
13687
13688
13689
13691
13692
13693
13694
13695
13696
13697
13698
13700
13701
13702
13703
13704
13705
13706
13707
13709
13710
13711
13712
13713
13714
13715
13717
13718
13719
13720
13721
13722
13723
13725
13726
13727
13728
13729
13730
13731
13732
13734
13735
13736
13737
13738
13739
13740
13742
13743
13744
13745
13746
13747
13748
13750
13751
13752
13753
13754
13755
13756
13758
13759
13760
13761
13762
13763
13764
13765
13767
13768
13769
13770
13771
13772
13773
13775
13776
13777
13778
13779
13780
13781
13782
13784
13785
13786
13787
13788
13789
13790
13791
13793
13794
13795
13796
13797
13798
13799
13801
13802
13803
13804
13805
13806
13807
13809
13810
13811
13812
13813
13814
13815
13817
13818
13819
13820
13821
13822
13823
13825
13826
13827
13828
13829
13830
13831
13833
13834
13835
13836
13837
13838
13839
13841
13842
13843
13844
13845
13846
13847
13848
13850
13851
13852
13853
13854
13855
13856
13858
13859
13860
13861
13862
13863
13864
13865
13866
13868
13869
13870
13871
13872
13873
13874
13875
13877
13878
13879
13880
13881
13882
13883
13885
13886
13887
13888
13889
13890
13891
13893
13894
13895
13896
13897
13898
13899
13901
13902
13903
13904
13905
13906
13907
13909
13910
13911
13912
13913
13914
13915
13917
13918
13919
13920
13921
13922
13924
13925
13926
13927
13928
13929
13930
13931
13933
13934
13935
13936
13938
13939
13940
13941
13942
13943
13945
13946
13947
13948
13949
13950
13951
13953
13954
13955
13956
13957
13958
13959
13961
13962
13963
13964
13965
13966
13967
13968
13970
13971
13972
13973
13974
13975
13976
13977
13979
13980
13981
13982
13983
13984
13985
13987
13988
13989
13990
13991
13992
13993
13994
13996
13997
13998
13999
14000
14002
14003
14004
14005
14006
14008
14009
14010
14011
14012
14014
14015
14016
14017
14018
14019
14020
14022
14023
14024
14025
14026
14027
14028
14029
14031
14032
14033
14034
14035
14036
14037
14039
14040
14041
14042
14043
14044
14045
14047
14048
14049
14050
14051
14052
14053
14055
14056
14057
14058
14059
14060
14061
14063
14064
14065
14066
14067
14068
14069
14071
14072
14073
14074
14075
14076
14077
14078
14080
14081
14082
14083
14084
14085
14086
14088
14089
14090
14091
14092
14093
14094
14095
14097
14098
14099
14100
14101
14102
14103
14105
14106
14107
14108
14109
14110
14111
14113
14114
14115
14116
14117
14118
14119
14121
14122
14123
14124
14125
14126
14127
14129
14130
14131
14132
14133
14134
14135
14137
14138
14139
14140
14141
14142
14143
14145
14146
14147
14148
14149
14150
14151
14153
14154
14155
14156
14157
14158
14159
14160
14162
14163
14164
14165
14166
14167
14168
14169
14171
14172
14173
14174
14175
14176
14177
14179
14180
14181
14182
14183
14184
14185
14187
14188
14189
14190
14191
14192
14193
14195
14196
14197
14198
14199
14200
14201
14202
14204
14205
14206
14207
14208
14209
14210
14212
14213
14214
14215
14216
14217
14218
14220
14221
14222
14223
14224
14225
14226
14227
14229
14230
14231
14232
14233
14234
14235
14237
14238
14239
14240
14241
14242
14243
14245
14246
14247
14248
14249
14250
14251
14253
14254
14255
14256
14257
14258
14259
14260
14262
14263
14264
14265
14266
14267
14268
14270
14271
14272
14273
14274
14275
14276
14278
14279
14280
14281
14282
14283
14284
14285
14291
14293
14294
14296
14297
14299
14301
14302
14304
14306
14307
14309
14310
14312
14314
14315
14317
14319
14320
14322
14324
14325
14327
14329
14330
14332
14334
14335
14337
14339
14340
14342
14344
14345
14347
14349
14350
14352
14354
14355
14357
14359
14360
14362
14364
14365
14367
14368
14369
14370
14372
14373
14374
14375
14376
14377
14379
14380
14381
14382
14383
14385
14386
14387
14388
14389
14390
14392
14393
14394
14395
14396
14398
14399
14400
14401
14402
14403
14404
14406
14407
14408
14409
14410
14411
14412
14413
14415
14416
14417
14418
14419
14420
14421
14423
14424
14425
14426
14427
14428
14429
14430
14432
14433
14434
14435
14436
14437
14438
14440
14441
14442
14443
14444
14445
14446
14448
14449
14450
14451
14452
14453
14454
14456
14457
14458
14459
14460
14461
14462
14463
14465
14466
14467
14468
14469
14470
14471
14473
14474
14475
14476
14477
14478
14479
14480
14482
14483
14484
14485
14486
14487
14488
14489
14490
14492
14493
14494
14495
14496
14497
14498
14500
14501
14502
14503
14504
14505
14506
14508
14509
14510
14511
14512
14513
14514
14515
14517
14518
14519
14520
14521
14522
14523
14525
14526
14527
14528
14529
14530
14531
14533
14534
14535
14536
14537
14538
14539
14541
14542
14543
14544
14545
14546
14547
14549
14550
14551
14552
14553
14554
14555
14556
14558
14559
14560
14561
14562
14563
14564
14566
14567
14568
14569
14570
14571
14573
14574
14575
14576
14577
14578
14580
14581
14582
14583
14584
14585
14586
14588
14589
14590
14591
14592
14593
14594
14596
14597
14598
14599
14600
14601
14603
14604
14605
14606
14607
14608
14609
14611
14612
14613
14614
14615
14616
14618
14619
14620
14621
14622
14623
14624
