time (ms)
11
25
36
47
58
68
80
90
101
111
121
131
142
153
163
174
184
195
205
215
225
236
247
257
267
278
288
298
309
319
331
342
352
363
373
384
395
405
415
425
437
448
460
470
480
491
502
512
522
534
544
554
564
575
587
597
608
618
630
640
650
660
671
682
693
706
717
727
737
748
760
770
780
792
802
812
823
833
844
854
864
875
886
897
908
918
929
939
949
960
972
984
994
1004
1015
1026
1038
1049
1059
1070
1082
1092
1102
1112
1124
1134
1144
1154
1164
1176
1186
1196
1206
1218
1228
1241
1251
1261
1271
1282
1292
1302
1312
1323
1333
1345
1355
1366
1377
1387
1400
1412
1427
1437
1448
1458
1469
1479
1490
1500
1510
1520
1530
1540
1550
1560
1570
1580
1592
1602
1614
1624
1634
1644
1655
1665
1675
1685
1696
1707
1717
1729
1739
1749
1759
1769
1781
1792
1802
1812
1822
1832
1843
1855
1865
1875
1885
1895
1905
1916
1928
1938
1948
1958
1968
1978
1990
2000
2010
2020
2032
2043
2053
2065
2078
2090
2100
2110
2120
2130
2140
2152
2163
2173
2183
2193
2203
2214
2226
2236
2246
2256
2266
2276
2287
2299
2309
2319
2332
2342
2352
2362
2372
2384
2394
2404
2414
2425
2437
2447
2457
2467
2477
2487
2498
2508
2519
2531
2541
2551
2561
2571
2581
2592
2604
2614
2624
2634
2644
2655
2665
2677
2687
2697
2709
2719
2729
2739
2749
2760
2770
2781
2791
2802
2812
2823
2833
2844
2854
2865
2875
2886
2898
2908
2918
2928
2938
2948
2959
2971
2982
2992
3002
3012
3022
3033
3045
3055
3065
3075
3085
3095
3106
3117
3127
3137
3147
3159
3169
3179
3189
3199
3211
3221
3231
3241
3251
3261
3272
3284
3294
3304
3314
3324
3335
3347
3357
3367
3377
3387
3398
3408
3418
3428
3438
3448
3459
3471
3481
3492
3504
3514
3524
3534
3544
3554
3565
3577
3587
3597
3607
3617
3627
3637
3648
3658
3668
3678
3688
3698
3709
3719
3729
3740
3751
3761
3771
3781
3791
3802
3812
3822
3832
3842
3852
3862
3874
3884
3894
3904
3914
3924
3934
3946
3956
3966
3976
3986
3997
4007
4017
4028
4040
4050
4060
4070
4081
4092
4103
4113
4125
4136
4147
4158
4184
4195
4205
4216
4226
4237
4247
4258
4268
4279
4289
4300
4311
4322
4333
4343
4354
4365
4376
4387
4397
4407
4417
4429
4439
4449
4459
4469
4481
4491
4501
4511
4522
4532
4542
4552
4562
4574
4584
4594
4604
4616
4626
4636
4646
4656
4668
4678
4688
4698
4708
4720
4730
4740
4750
4760
4770
4781
4791
4801
4811
4821
4831
4841
4851
4863
4873
4883
4893
4903
4913
4925
4937
4947
4957
4968
4980
4990
5000
5010
5020
5030
5042
5052
5062
5074
5084
5094
5104
5115
5125
5135
5145
5155
5166
5177
5187
5197
5207
5217
5229
5239
5249
5259
5271
5281
5291
5301
5311
5321
5332
5344
5354
5364
5374
5384
5394
5404
5415
5427
5437
5447
5457
5467
5478
5490
5500
5510
5520
5531
5541
5551
5561
5571
5581
5592
5604
5615
5625
5635
5645
5655
5665
5676
5688
5698
5708
5718
5728
5738
5749
5761
5772
5782
5792
5802
5812
5823
5835
5845
5855
5865
5875
5885
5896
5907
5917
5927
5937
5949
5959
5969
5979
5989
5999
6009
6020
6032
6042
6052
6062
6072
6082
6093
6105
6115
6125
6135
6145
6155
6166
6178
6188
6198
6208
6218
6229
6241
6251
6261
6271
6281
6291
6301
6312
6324
6334
6344
6354
6365
6376
6388
6398
6408
6418
6428
6438
6449
6461
6471
6481
6491
6501
6511
6521
6532
6544
6554
6564
6574
6584
6594
6604
6616
6626
6636
6646
6656
6667
6679
6689
6699
6709
6719
6729
6740
6752
6763
6773
6783
6793
6805
6815
6825
6835
6845
6855
6867
6877
6887
6897
6907
6917
6928
6940
6950
6960
6970
6980
6992
7003
7013
7023
7033
7043
7053
7064
7076
7086
7096
7106
7116
7126
7138
7148
7158
7168
7178
7188
7200
7211
7221
7231
7241
7251
7261
7272
7284
7294
7304
7314
7324
7336
7346
7356
7366
7376
7388
7399
7409
7419
7429
7439
7450
7462
7472
7482
7492
7502
7512
7524
7534
7544
7554
7564
7574
7584
7596
7607
7617
7627
7637
7647
7657
7668
7680
7690
7700
7710
7720
7732
7742
7752
7762
7772
7782
7792
7802
7814
7825
7835
7845
7855
7865
7875
7886
7898
7908
7918
7928
7938
7948
7959
7971
7981
7991
8001
8011
8021
8031
8043
8053
8063
8074
8085
8095
8105
8115
8125
8135
8147
8157
8167
8177
8187
8199
8209
8219
8229
8239
8249
8259
8270
8282
8292
8302
8312
8322
8333
8343
8353
8363
8374
8386
8397
8407
8418
8428
8438
8448
8459
8469
8480
8491
8501
8512
8523
8533
8545
8556
8566
8576
8586
8596
8606
8617
8627
8637
8647
8657
8667
8679
8690
8700
8710
8720
8730
8741
8753
8763
8773
8783
8793
8803
8814
8826
8836
8846
8856
8867
8879
8889
8901
8911
8921
8931
8941
8951
8963
8973
8983
8993
9003
9013
9023
9033
9044
9056
9066
9076
9086
9096
9108
9118
9128
9138
9148
9158
9168
9180
9190
9200
9210
9220
9230
9240
9250
9262
9273
9283
9293
9303
9313
9323
9333
9345
9355
9365
9375
9385
9395
9407
9417
9427
9437
9447
9457
9469
9479
9489
9499
9509
9519
9531
9541
9551
9561
9571
9581
9591
9603
9613
9623
9633
9643
9654
9666
9677
9687
9697
9707
9717
9727
9737
9747
9758
9770
9780
9791
9801
9811
9821
9831
9841
9851
9861
9872
9882
9892
9902
9914
9924
9937
9947
9957
9967
9977
9987
9999
10009
10019
10029
10039
10050
10061
10071
10081
10091
10101
10112
10124
10135
10145
10157
10167
10177
10187
10197
10207
10217
10228
10240
10250
10260
10270
10280
10290
10301
10313
10323
10333
10343
10353
10363
10375
10385
10395
10405
10415
10425
10436
10448
10458
10468
10478
10488
10498
10510
10520
10530
10540
10550
10560
10571
10582
10594
10604
10614
10626
10636
10646
10656
10666
10676
10686
10697
10709
10719
10729
10739
10749
10759
10769
10780
10792
10803
10813
10823
10833
10843
10853
10863
10874
10886
10896
10906
10916
10926
10937
10949
10959
10969
10979
10989
10999
11010
11022
11032
11042
11052
11062
11072
11083
11095
11106
11116
11126
11136
11146
11156
11167
11179
11190
11200
11210
11220
11230
11242
11253
11263
11273
11283
11293
11303
11313
11324
11336
11346
11356
11366
11376
11386
11398
11408
11418
11428
11438
11449
11461
11471
11481
11492
11502
11512
11523
11533
11545
11555
11567
11577
11587
11597
11607
11619
11629
11639
11649
11659
11671
11681
11691
11701
11711
11721
11732
11744
11754
11764
11774
11784
11794
11804
11816
11826
11836
11846
11856
11866
11876
11888
11899
11909
11919
11929
11939
11949
11961
11972
11982
11992
12003
12014
12024
12034
12044
12054
12065
12077
12087
12097
12107
12117
12127
12138
12150
12160
12170
12180
12190
12200
12211
12223
12233
12243
12253
12263
12273
12283
12294
12304
12314
12324
12334
12346
12356
12366
12376
12386
12396
12407
12419
12430
12440
12450
12460
12470
12481
12493
12503
12513
12523
12534
12544
12554
12564
12575
12587
12597
12607
12617
12627
12637
12647
12658
12670
12680
12690
12700
12710
12720
12730
12742
12752
12762
12772
12782
12792
12802
12813
12825
12836
12846
12856
12866
12876
12886
12897
12909
12919
12929
12939
12949
12959
12969
12979
12990
13002
13013
13023
13033
13043
13053
13063
13073
13084
13096
13106
13116
13126
13136
13146
13156
13168
13178
13189
13199
13209
13219
13229
13239
13250
13262
13272
13282
13292
13302
13312
13322
13333
13344
13356
13367
13377
13387
13397
13407
13417
13427
13438
13450
13460
13470
13480
13490
13500
13510
13520
13531
13543
13554
13564
13574
13584
13594
13604
13616
13627
13637
13647
13657
13667
13677
13687
13698
13710
13721
13731
13742
13753
13764
13780
13790
13800
13810
13820
13830
13840
13850
13860
13870
13880
13891
13901
13911
13921
13931
13941
13952
13962
13972
13982
13992
14003
14013
14023
14033
14043
14054
14064
14075
14085
14095
14106
14116
14127
14137
14147
14157
14168
14178
14188
14198
14208
14218
14228
14238
14248
14258
14268
14278
14289
14299
14310
14321
14331
14341
14351
14361
14371
14381
14391
14401
14411
14421
14431
14441
14451
14462
14473
14484
14494
14505
14515
14525
14535
14545
14555
14565
14575
14585
14595
14606
14618
14629
14639
14649
14659
14669
14679
14689
14699
14709
14719
14731
14742
14752
14762
14772
14782
14792
14802
14812
14822
14833
14843
14855
14865
14876
14887
14897
14908
14920
14930
14942
14953
14964
14974
14984
14994
15004
15016
15026
15036
15047
15057
15067
15079
15090
15100
15110
15120
15130
15140
15150
15161
15173
15183
15193
15203
15213
15224
15236
15246
15256
15266
15276
15286
15296
15306
15318
15329
15339
15349
15359
15369
15379
15390
15401
15413
15423
15433
15443
15453
15463
15473
15484
15496
15506
15516
15526
15536
15548
15558
15568
15578
15588
15598
15610
15620
15630
15640
15650
15660
15670
15680
15691
15703
15713
15723
15733
15743
15753
15763
15774
15786
15796
15806
15816
15826
15836
15846
15858
15868
15878
15888
15898
15908
15918
15928
15939
15951
15962
15972
15982
15992
16002
16012
16024
16034
16044
16054
16064
16075
16085
16095
16105
16115
16127
16137
16147
16157
16167
16179
16190
16200
16210
16220
16230
16240
16251
16263
16273
16283
16293
16303
16313
16323
16334
16344
16355
16365
16375
16386
16396
16407
16417
16428
16438
16449
16459
16470
16480
16490
16501
16512
16522
16532
16542
16552
16562
16572
16582
16594
16604
16614
16624
16634
16644
16654
16664
16675
16687
16698
16708
16718
16728
16738
16748
16758
16770
16780
16790
16800
16810
16822
16832
16842
16852
16862
16872
16884
16894
16904
16914
16924
16934
16944
16955
16966
16976
16987
16998
17008
17018
17028
17038
17050
17060
17070
17080
17090
17100
17110
17122
17132
17143
17153
17163
17173
17183
17193
17205
17216
17226
17237
17247
17257
17267
17278
17289
17300
17311
17322
17333
17344
17354
17365
17376
17387
17397
17407
17417
17427
17437
17447
17457
17467
17477
17487
17498
17509
17520
17531
17541
17552
17563
17573
17583
17593
17603
17613
17623
17634
17646
17657
17667
17678
17689
17700
17710
17720
17730
17740
17750
17760
17770
17780
17790
17800
17810
17820
17830
17840
17850
17860
17872
17883
17894
17905
17916
17926
17936
17946
17956
17966
17976
17986
17996
18006
18016
18026
18036
18046
18056
18066
18076
18086
18096
18106
18116
18126
18136
18146
18156
18167
18179
18190
18201
18212
18223
18234
18245
18256
18266
18277
18288
18300
18310
18320
18330
18340
18350
18360
18372
18382
18392
18402
18412
18422
18432
18443
18454
18465
18475
18485
18495
18505
18515
18525
18535
18545
18555
18565
18575
18585
18595
18605
18615
18625
18635
18645
18655
18665
18675
18685
18695
18705
18715
18725
18735
18745
18755
18765
18775
18785
18795
18805
18815
18825
18835
18845
18855
18865
18875
18885
18895
18905
18915
18925
18935
18945
18955
18965
18975
18986
18997
19008
19019
19030
19041
19053
19064
19075
19085
19095
19105
19115
19125
19135
19145
19155
19165
19175
19185
19195
19205
19215
19225
19235
19245
19255
19265
19275
19285
19295
19306
19317
19328
19339
19350
19361
19372
19382
19393
19403
19414
19425
19436
19447
19458
19469
19479
19490
19500
19510
19521
19531
19541
19551
19561
19571
19581
19591
19601
19611
19621
19633
19643
19654
19666
19676
19686
19696
19706
19716
19726
19737
19749
19759
19769
19779
19789
19799
19810
19821
19832
19843
19854
19865
19875
19885
19895
19906
19917
19927
19938
19948
19958
19968
19978
19988
20000
20010
20022
20032
20042
20052
20062
20072
20082
20093
20105
20115
20125
20135
20145
20155
20166
20177
20187
20199
20209
20219
20229
20240
20252
20262
20272
20282
20292
20302
20312
20324
20334
20344
20354
20368
20378
20388
20400
20410
20420
20431
20441
20452
20463
20473
20483
20493
20505
20515
20525
20536
20546
20556
20566
20578
20588
20598
20608
20619
20629
20640
20651
20663
20673
20683
20693
20703
20714
20725
20736
20747
20759
20769
20779
20789
20799
20811
20822
20832
20842
20852
20862
20873
20885
20895
20905
20915
20925
20935
20947
20957
20967
20977
20987
20997
21007
21018
21029
21039
21049
21059
21069
21080
21092
21102
21112
21122
21132
21144
21154
21164
21174
21184
21194
21205
21217
21227
21237
21247
21257
21267
21279
21289
21299
21309
21319
21330
21342
21352
21362
21372
21382
21392
21402
21414
21424
21434
21444
21454
21464
21474
21486
21496
21507
21518
21528
21539
21551
21562
21572
21582
21592
21604
21614
21624
21634
21644
21655
21665
21675
21685
21695
21706
21718
21728
21738
21748
21758
21768
21779
21789
21799
21809
21820
21832
21842
21852
21862
21872
21882
21892
21904
21914
21924
21934
21944
21954
21964
21975
21987
21997
22007
22017
22027
22037
22047
22058
22070
22080
22090
22100
22110
22120
22130
22142
22152
22162
22172
22182
22192
22202
22214
22224
22234
22244
22254
22264
22274
22286
22296
22306
22316
22326
22336
22346
22357
22369
22379
22391
22401
22411
22421
22431
22441
22451
22461
22471
22481
22491
22501
22511
22522
22533
22543
22554
22566
22577
22587
22597
22607
22617
22627
22637
22647
22659
22670
22681
22691
22701
22711
22721
22731
22743
22753
22763
22774
22784
22794
22804
22814
22826
22836
22846
22856
22866
22876
22887
22899
22909
22919
22929
22939
22949
22959
22969
22979
22989
23001
23011
23021
23031
23041
23051
23063
23074
23084
23094
23104
23114
23124
23135
23145
23155
23165
23175
23185
23196
23208
23218
23228
23240
23250
23260
23271
23281
23292
23302
23312
23322
23333
23345
23355
23365
23375
23386
23396
23407
23417
23427
23438
23448
23458
23470
23480
23490
23500
23510
23520
23532
23542
23552
23562
23572
23582
23592
23603
23613
23623
23633
23643
23653
23664
23676
23686
23696
23706
23718
23728
23738
23749
23759
23769
23781
23792
23802
23812
23822
23834
23844
23854
23865
23875
23885
23895
23905
23915
23926
23936
23946
23957
23967
23977
23987
23998
24008
24019
24029
24039
24050
24061
24071
24082
24093
24103
24113
24123
24133
24143
24153
24164
24174
24186
24196
24207
24217
24228
24238
24249
24259
24269
24279
24290
24300
24311
24321
24331
24341
24351
24362
24372
24383
24393
24403
24413
24423
24433
24444
24456
24466
24477
24487
24497
24508
24518
24528
24538
24550
24561
24571
24581
24591
24601
24611
24621
24632
24643
24653
24664
24676
24686
24697
24707
24717
24727
24737
24747
24757
24769
24779
24789
24799
24809
24820
24831
24842
24852
24862
24872
24882
24892
24903
24913
24924
24934
24946
24956
24966
24976
24986
24997
25007
25017
25029
25039
25049
25059
25069
25079
25090
25102
25112
25122
25132
25142
25152
25164
25174
25184
25194
25204
25214
25226
25236
25246
25256
25267
25279
25289
25299
25309
25319
25329
25341
25351
25361
25373
25383
25393
25404
25414
25424
25436
25446
25456
25466
25476
25488
25498
25508
25518
25529
25539
25550
25562
25572
25582
25592
25602
25612
25622
25633
25644
25654
25665
25676
25688
25698
25708
25718
25728
25738
25748
25759
25770
25782
25792
25802
25812
25822
25832
25843
25854
25866
25876
25886
25896
25906
25916
25928
25938
25948
25958
25969
25979
25989
26000
26010
26021
26031
26041
26052
26062
26072
26082
26092
26103
26115
26125
26135
26145
26155
26165
26175
26186
26198
26209
26219
26229
26239
26249
26261
26271
26281
26291
26301
26311
26322
26334
26344
26354
26364
26374
26384
26395
26407
26418
26428
26438
26448
26458
26469
26481
26491
26501
26511
26521
26531
26543
26554
26564
26574
26584
26594
26605
26615
26625
26636
26648
26658
26668
26678
26688
26700
26711
26721
26731
26741
26751
26761
26771
26781
26792
26804
26814
26824
26834
26844
26856
26866
26876
26888
26898
26908
26920
26931
26942
26952
26962
26973
26983
26993
27004
27014
27026
27036
27047
27057
27069
27079
27089
27099
27111
27121
27131
27141
27151
27163
27173
27183
27193
27204
27214
27224
27234
27246
27256
27266
27276
27286
27296
27306
27316
27328
27339
27349
27359
27369
27379
27389
27399
27409
27420
27432
27442
27452
27462
27474
27484
27494
27504
27515
27525
27535
27545
27557
27567
27577
27587
27597
27609
27619
27629
27639
27649
27659
27671
27681
27691
27701
27712
27722
27734
27744
27754
27764
27774
27784
27796
27806
27816
27826
27836
27846
27856
27868
27879
27890
27902
27912
27922
27932
27942
27952
27962
27974
27984
27994
28004
28014
28024
28036
28046
28056
28066
28077
28087
28097
28107
28117
28127
28137
28147
28159
28169
28179
28189
28200
28212
28222
28232
28242
28252
28262
28273
28285
28295
28305
28315
28325
28335
28345
28355
28366
28378
28388
28398
28408
28419
28429
28439
28450
28460
28471
28481
28491
28501
28511
28521
28533
28544
28554
28564
28574
28586
28596
28606
28617
28627
28637
28647
28657
28667
28678
28690
28700
28710
28720
28730
28740
28752
28762
28772
28782
28792
28803
28814
28826
28836
28846
28856
28868
28878
28888
28898
28910
28920
28931
28941
28951
28961
28971
28981
28991
29003
29013
29023
29034
29046
29056
29066
29076
29086
29096
29107
29119
29130
29140
29150
29160
29170
29181
29191
29201
29211
29222
29233
29243
29253
29264
29275
29285
29295
29305
29316
29327
29337
29348
29358
29369
29379
29389
29399
29411
29421
29431
29442
29453
29463
29473
29483
29493
29503
29513
29524
29535
29546
29557
29567
29577
29587
29599
29610
29620
29630
29640
29651
29662
29672
29682
29692
29702
29713
29724
29734
29744
29754
29764
29774
29784
29795
29807
29817
29827
29840
29850
29861
29872
29883
29894
29904
29915
29926
29937
29949
29959
29969
29979
29990
30002
30012
30022
30032
30042
30054
30064
30074
30084
30095
30105
30115
30127
30138
30148
30158
30168
30178
30189
30199
30211
30221
30231
30241
30252
30262
30272
30282
30292
30302
30312
30322
30333
30343
30353
30365
30375
30386
30396
30406
30416
30426
30436
30446
30456
30467
30478
30488
30498
30508
30519
30529
30539
30549
30560
30570
30580
30590
30600
30610
30622
30633
30643
30653
30663
30675
30685
30696
30706
30716
30726
30737
30748
30758
30769
30781
30792
30802
30812
30822
30832
30842
30852
30863
30874
30886
30897
30907
30917
30927
30937
30947
30958
30970
30980
30990
31000
31010
31020
31030
31040
31051
31063
31074
31084
31094
31104
31114
31125
31137
31147
31157
31167
31178
31190
31200
31210
31220
31230
31241
31252
31262
31272
31282
31292
31302
31312
31322
31332
31342
31354
31364
31374
31384
31394
31404
31414
31424
31434
31444
31454
31465
31477
31487
31498
31508
31518
31528
31539
31551
31562
31572
31582
31592
31602
31613
31625
31635
31645
31655
31665
31675
31685
31695
31705
31716
31727
31738
31749
31760
31770
31780
31791
31802
31813
31824
31835
31846
31856
31867
31878
31888
31898
31908
31920
31930
31940
31950
31960
31971
31983
31993
32003
32013
32023
32033
32043
32054
32066
32076
32086
32096
32106
32116
32126
32138
32149
32159
32169
32179
32189
32199
32209
32219
32229
32239
32249
32259
32270
32281
32292
32302
32313
32323
32334
32344
32354
32364
32374
32384
32394
32405
32416
32426
32437
32448
32459
32469
32479
32489
32499
32509
32520
32530
32541
32552
32562
32572
32582
32592
32602
32612
32622
32633
32643
32655
32665
32675
32687
32697
32708
32720
32731
32741
32751
32762
32772
32782
32792
32803
32815
32825
32835
32845
32855
32865
32877
32887
32897
32907
32917
32927
32937
32949
32959
32969
32979
32990
33000
33010
33020
33031
33041
33052
33063
33074
33084
33094
33106
33116
33126
33136
33146
33157
33169
33179
33189
33199
33209
33221
33231
33241
33251
33262
33272
33283
33295
33306
33316
33326
33336
33346
33356
33366
33377
33388
33398
33408
33419
33430
33440
33450
33461
33471
33481
33491
33501
33511
33521
33531
33542
33554
33565
33575
33585
33596
33608
33619
33629
33640
33651
33663
33673
33683
33693
33704
33716
33727
33737
33747
33757
33767
33777
33787
33797
33808
33820
33830
33840
33850
33860
33870
33880
33891
33903
33913
33923
33933
33943
33953
33964
33974
33984
33994
34004
34014
34024
34035
34045
34056
34066
34076
34086
34096
34106
34116
34126
34137
34147
34158
34169
34179
34190
34200
34210
34220
34231
34242
34253
34263
34273
34283
34293
34304
34315
34326
34336
34346
34356
34366
34378
34388
34398
34408
34419
34429
34440
34452
34462
34472
34482
34493
34505
34515
34525
34535
34546
34558
34569
34579
34589
34599
34611
34621
34631
34642
34652
34662
34672
34683
34694
34706
34717
34727
34737
34747
34757
34767
34777
34787
34798
34808
34818
34829
34839
34856
34867
34877
34887
34898
34908
34919
34930
34940
34952
34964
34974
34984
34994
35004
35014
35025
35035
35046
35056
35067
35077
35087
35098
35109
35119
35130
35141
35151
35162
35173
35183
35193
35205
35215
35227
35237
35247
35257
35267
35278
35290
35300
35310
35320
35330
35340
35350
35360
35370
35381
35393
35403
35413
35423
35433
35443
35453
35465
35475
35485
35495
35507
35517
35527
35537
35547
35558
35570
35580
35590
35600
35610
35620
35630
35640
35651
35663
35674
35684
35694
35704
35714
35724
35734
35745
35755
35765
35775
35786
35798
35809
35819
35829
35839
35851
35861
35871
35881
35892
35902
35912
35923
35935
35946
35956
35966
35976
35986
35996
36006
36017
36029
36039
36049
36059
36069
36079
36089
36099
36110
36121
36133
36143
36153
36163
36173
36183
36193
36203
36214
36226
36236
36246
36256
36266
36276
36286
36298
36308
36318
36328
36338
36348
36358
36369
36381
36391
36401
36411
36421
36431
36442
36454
36464
36474
36484
36494
36504
36514
36524
36534
36546
36557
36567
36577
36587
36597
36607
36617
36628
36639
36651
36662
36672
36682
36694
36704
36715
36725
36735
36746
36756
36766
36776
36786
36796
36806
36816
36828
36838
36848
36859
36869
36879
36891
36901
36912
36923
36934
36944
36955
36965
36975
36985
36995
37005
37015
37025
37035
37045
37056
37066
37076
37086
37096
37106
37116
37126
37136
37146
37156
37166
37176
37188
37199
37209
37219
37229
37241
37251
37261
37271
37281
37291
37303
37313
37323
37333
37343
37354
37366
37377
37387
37397
37407
37417
37427
37438
37450
37460
37470
37480
37490
37502
37512
37522
37532
37543
37553
37563
37574
37584
37594
37605
37615
37625
37635
37646
37658
37668
37678
37688
37698
37708
37718
37729
37741
37751
37761
37771
37781
37791
37801
37812
37824
37835
37845
37855
37865
37876
37888
37898
37909
37919
37929
37940
37951
37961
37971
37982
37994
38004
38014
38024
38034
38044
38055
38065
38076
38086
38096
38106
38118
38129
38141
38151
38162
38172
38182
38194
38204
38214
38224
38236
38246
38256
38267
38277
38287
38297
38308
38319
38329
38340
38350
38360
38370
38381
38392
38403
38413
38423
38435
38445
38455
38465
38475
38485
38496
38506
38516
38526
38538
38548
38558
38568
38579
38591
38601
38613
38623
38633
38643
38653
38664
38674
38684
38694
38704
38714
38725
38737
38747
38757
38767
38777
38787
38797
38807
38818
38829
38839
38849
38859
38871
38881
38891
38901
38911
38921
38931
38942
38954
38964
38974
38984
38996
39006
39016
39026
39036
39047
39057
39067
39077
39087
39097
39107
39119
39129
39139
39149
39159
39169
39179
39190
39202
39213
39223
39234
39244
39254
39264
39274
39284
39295
39307
39317
39327
39337
39347
39357
39367
39377
39388
39400
39411
39421
39431
39441
39451
39461
39471
39482
39494
39505
39515
39525
39535
39545
39555
39566
39578
39589
39599
39609
39619
39629
39639
39649
39661
39671
39681
39691
39701
39711
39723
39733
39743
39753
39763
39773
39783
39795
39805
39815
39826
39838
39848
39859
39872
39883
39893
39904
39914
39925
39936
39946
39958
39968
39978
39989
40001
40011
40021
40031
40041
40051
40061
40071
40081
40091
40101
40111
40122
40134
40144
40154
40164
40174
40184
40195
40205
40215
40225
40237
40247
40258
40268
40278
40288
40298
40310
40320
40330
40340
40350
40362
40372
40382
40392
40403
40413
40424
40436
40446
40456
40466
40476
40487
40498
40508
40519
40531
40542
40552
40562
40572
40582
40592
40603
40615
40625
40635
40645
40655
40665
40675
40686
40696
40706
40718
40728
40738
40749
40759
40769
40779
40789
40799
40809
40821
40831
40841
40852
40862
40872
40882
40893
40903
40913
40924
40936
40946
40956
40966
40977
40987
40999
41009
41019
41031
41041
41052
41062
41072
41082
41092
41102
41112
41123
41135
41145
41155
41165
41177
41187
41197
41208
41219
41229
41239
41249
41259
41269
41279
41291
41301
41311
41321
41332
41342
41352
41363
41373
41383
41393
41405
41416
41427
41437
41447
41457
41468
41478
41489
41499
41510
41520
41530
41540
41552
41563
41573
41583
41593
41605
41615
41625
41636
41646
41656
41668
41678
41688
41699
41709
41719
41729
41739
41749
41759
41770
41780
41790
41800
41811
41821
41832
41843
41853
41863
41873
41884
41894
41904
41916
41926
41936
41948
41958
41968
41979
41991
42001
42011
42021
42031
42043
42053
42063
42074
42086
42097
42107
42117
42127
42137
42147
42158
42168
42178
42189
42199
42209
42221
42231
42241
42251
42261
42272
42284
42295
42305
42315
42325
42335
42345
42355
42366
42378
42388
42398
42408
42418
42428
42439
42449
42459
42469
42480
42492
42502
42512
42522
42532
42542
42553
42563
42573
42583
42593
42603
42615
42626
42636
42646
42656
42666
42677
42689
42699
42709
42719
42729
42741
42752
42762
42772
42782
42792
42803
42815
42825
42835
42845
42856
42868
42878
42888
42898
42908
42918
42928
42938
42950
42960
42970
42980
42991
43003
43013
43023
43033
43043
43053
43063
43074
43086
43097
43107
43117
43127
43137
43147
43158
43170
43180
43190
43200
43210
43222
43233
43243
43255
43267
43277
43287
43297
43307
43317
43328
43340
43351
43361
43371
43381
43391
43401
43411
43422
43434
43445
43455
43465
43475
43485
43495
43505
43517
43527
43537
43547
43558
43570
43580
43590
43600
43610
43620
43630
43641
43653
43663
43673
43683
43693
43703
43713
43724
43735
43745
43755
43767
43777
43787
43798
43808
43818
43828
43839
43851
43861
43871
43881
43891
43903
43913
43923
43933
43943
43953
43963
43974
43986
43996
44006
44016
44028
44038
44048
44058
44068
44078
44088
44100
44110
44120
44130
44140
44150
44160
44171
44182
44192
44203
44213
44224
44234
44244
44254
44265
44275
44285
44296
44306
44316
44326
44336
44346
44357
44367
44377
44387
44398
44408
44419
44429
44440
44450
44460
44471
44481
44492
44503
44513
44523
44534
44545
44556
44566
44577
44587
44597
44607
44617
44629
44639
44649
44659
44669
44679
44690
44702
44712
44722
44732
44742
44752
44763
44775
44785
44795
44805
44815
44825
44835
44846
44856
44867
44877
44888
44899
44910
44920
44932
44942
44953
44963
44973
44983
44993
45003
45014
45024
45034
45044
45054
45064
45074
45086
45096
45106
45116
45126
45136
45146
45158
45169
45179
45189
45199
45209
45219
45229
45239
45250
45262
45273
45283
45293
45303
45313
45323
45334
45345
45357
45367
45377
45387
45397
45407
45417
45427
45439
45449
45459
45469
45479
45490
45502
45512
45522
45532
45542
45553
45565
45576
45586
45596
45606
45616
45626
45637
45649
45659
45669
45679
45689
45699
45709
45719
45730
45742
45752
45762
45772
45782
45793
45804
45814
45824
45834
45845
45856
45867
45879
45890
45900
45910
45920
45930
45942
45952
45962
45972
45982
45992
46003
46014
46025
46035
46045
46055
46067
46078
46089
46099
46109
46119
46129
46141
46151
46161
46171
46181
46191
46201
46213
46223
46233
46243
46253
46263
46273
46283
46294
46306
46316
46326
46336
46346
46356
46367
46378
46388
46398
46408
46418
46428
46440
46450
46460
46470
46480
46490
46501
46513
46524
46534
46544
46554
46564
46574
46585
46597
46607
46617
46627
46637
46649
46659
46669
46679
46689
46700
46712
46722
46732
46742
46752
46762
46773
46785
46795
46805
46815
46826
46837
46847
46857
46868
46878
46888
46899
46909
46919
46930
46940
46951
46962
46972
46983
46993
47004
47014
47025
47035
47046
47056
47066
47077
47089
47099
47109
47119
47129
47141
47151
47161
47172
47182
47193
47203
47214
47224
47234
47244
47255
47265
47275
47285
47295
47306
47316
47326
47337
47347
47357
47368
47380
47390
47400
47410
47420
47430
47442
47453
47463
47473
47483
47493
47504
47516
47526
47536
47546
47556
47567
47578
47590
47600
47610
47620
47632
47642
47652
47663
47673
47683
47695
47705
47715
47725
47735
47745
47756
47766
47777
47787
47799
47809
47819
47830
47840
47850
47861
47873
47883
47893
47903
47913
47925
47935
47945
47955
47966
47976
47987
47997
48007
48017
48028
48039
48049
48059
48069
48079
48090
48101
48112
48122
48132
48143
48153
48164
48174
48184
48194
48204
48215
48227
48237
48247
48258
48268
48279
48289
48299
48310
48320
48332
48342
48352
48362
48375
48385
48395
48405
48415
48425
48435
48446
48458
48468
48478
48488
48498
48510
48520
48530
48540
48552
48562
48572
48583
48593
48603
48614
48624
48635
48645
48655
48666
48678
48688
48698
48708
48720
48730
48740
48750
48761
48771
48782
48792
48803
48813
48823
48834
48845
48855
48865
48875
48886
48896
48906
48916
48927
48938
48948
48958
48968
48978
48988
48998
49008
49018
49028
49039
49049
49060
49070
49080
49090
49100
49110
49120
49131
49141
49152
49163
49175
49185
49195
49206
49216
49227
49237
49248
49258
49268
49278
49288
49299
49309
49320
49332
49342
49352
49363
49375
49385
49395
49406
49416
49426
49437
49449
49460
49470
49480
49492
49503
49513
49523
49534
49546
49556
49567
49577
49588
49599
49609
49620
49630
49640
49651
49662
49674
49684
49694
49704
49714
49724
49734
49744
49754
49766
49777
49787
49797
49807
49817
49827
49839
49850
49860
49870
49881
49892
49902
49916
49926
49937
49947
49959
49969
49979
49990
50001
50011
50021
50031
50041
50052
50063
50074
50084
50094
50105
50116
50128
50138
50148
50158
50169
50179
50189
50199
50209
50219
50231
50241
50251
50261
50273
50283
50293
50304
50314
50324
50334
50344
50354
50365
50377
50387
50397
50407
50419
50429
50439
50450
50460
50470
50480
50492
50503
50513
50523
50533
50543
50555
50565
50575
50585
50596
50606
50617
50629
50639
50649
50659
50670
50680
50690
50700
50711
50723
50733
50743
50753
50763
50773
50784
50794
50805
50815
50826
50837
50847
50857
50867
50879
50889
50899
50911
50921
50931
50942
50954
50964
50974
50984
50994
51005
51015
51025
51035
51046
51057
51067
51079
51089
51100
51111
51121
51131
51141
51153
51163
51173
51183
51194
51204
51214
51225
51235
51245
51255
51267
51277
51287
51297
51307
51317
51327
51339
51349
51359
51369
51381
51391
51401
51411
51421
51431
51443
51453
51463
51473
51483
51493
51504
51515
51525
51535
51545
51555
51566
51578
51588
51598
51608
51618
51628
51638
51649
51661
51671
51681
51691
51701
51711
51723
51734
51744
51754
51764
51774
51784
51794
51806
51816
51826
51836
51846
51856
51866
51878
51889
51899
51909
51919
51929
51939
51951
51961
51971
51981
51991
52001
52011
52023
52033
52043
52053
52063
52073
52083
52094
52106
52117
52127
52137
52147
52157
52168
52180
52190
52200
52210
52220
52230
52240
52252
52262
52272
52282
52292
52302
52314
52325
52335
52345
52355
52365
52375
52386
52398
52408
52418
52428
52438
52449
52461
52471
52481
52491
52501
52511
52522
52534
52544
52554
52564
52574
52586
52596
52606
52616
52626
52636
52646
52657
52669
52680
52690
52700
52710
52720
52731
52743
52753
52763
52773
52783
52793
52803
52814
52826
52836
52846
52856
52866
52876
52886
52898
52908
52918
52928
52938
52948
52960
52970
52980
52990
53000
53012
53023
53033
53043
53053
53063
53073
53083
53093
53103
53113
53124
53135
53147
53158
53168
53178
53188
53198
53208
53219
53229
53239
53251
53261
53271
53281
53291
53301
53312
53324
53334
53345
53355
53365
53375
53387
53397
53407
53417
53427
53437
53448
53459
53469
53479
53491
53504
53514
53524
53534
53544
53554
53564
53575
53587
53598
53608
53618
53628
53638
53648
53658
53670
53680
53690
53701
53712
53722
53732
53742
53752
53763
53775
53785
53795
53805
53815
53825
53835
53845
53855
53866
53878
53889
53899
53909
53919
53929
53939
53950
53961
53973
53983
53993
54003
54013
54023
54033
54043
54054
54066
54077
54087
54097
54107
54117
54127
54137
54147
54158
54169
54181
54191
54201
54211
54221
54231
54241
54251
54262
54274
54285
54295
54305
54315
54325
54336
54346
54357
54367
54377
54388
54398
54409
54419
54429
54439
54450
54460
54470
54481
54491
54502
54513
54524
54534
54545
54555
54565
54575
54585
54595
54605
54617
54627
54637
54647
54657
54667
54679
54690
54700
54710
54720
54730
54740
54750
54761
54772
54783
54794
54804
54815
54825
54835
54845
54855
54865
54875
54885
54895
54905
54915
54932
54942
54952
54962
54973
54983
54993
55003
55013
55023
55033
55043
55053
55064
55074
55084
55094
55104
55115
55125
55135
55145
55155
55166
55176
55186
55196
55206
55216
55226
55236
55246
55256
55267
55278
55289
55300
55311
55322
55332
55343
55354
55364
55374
55384
55394
55404
55414
55424
55434
55444
55454
55464
55475
55485
55496
55507
55517
55527
55537
55547
55557
55567
55577
55587
55597
55607
55617
55627
55637
55647
55658
55668
55678
55688
55698
55708
55718
55730
55740
55750
55760
55770
55781
55791
55802
55814
55825
55836
55847
55857
55867
55877
55887
55897
55907
55917
55927
55938
55949
55960
55970
55981
55992
56004
56015
56026
56036
56046
56056
56066
56076
56086
56097
56107
56117
56127
56137
56148
56158
56168
56178
56188
56198
56208
56220
56230
56240
56250
56261
56271
56281
56292
56302
56312
56323
56334
56344
56354
56364
56374
56385
56397
56407
56417
56427
56437
56447
56457
56467
56478
56490
56500
56510
56520
56530
56540
56550
56562
56572
56582
56592
56602
56612
56622
56633
56645
56656
56666
56676
56686
56696
56706
56716
56726
56737
56748
56760
56770
56780
56791
56801
56811
56822
56833
56843
56854
56864
56874
56884
56894
56906
56917
56927
56937
56947
56957
56967
56979
56990
57000
57010
57020
57030
57040
57050
57061
57073
57084
57094
57104
57114
57124
57134
57144
57154
57164
57176
57187
57197
57207
57217
57228
57238
57249
57260
57270
57280
57290
57300
57310
57321
57331
57342
57353
57363
57373
57383
57394
57405
57416
57426
57437
57448
57458
57468
57478
57488
57498
57508
57518
57528
57538
57549
57560
57571
57582
57593
57603
57614
57625
57635
57645
57655
57665
57675
57686
57697
57707
57717
57727
57737
57747
57757
57767
57777
57787
57798
57809
57820
57830
57841
57852
57862
57872
57882
57892
57902
57912
57922
57932
57942
57952
57962
57972
57982
57992
58002
58012
58022
58033
58044
58054
58065
58076
58087
58097
58107
58118
58130
58141
58152
58162
58173
58185
58196
58207
58217
58227
58237
58247
58257
58267
58277
58287
58298
58310
58320
58330
58340
58350
58360
58370
58380
58392
58402
58412
58422
58432
58442
58452
58462
58472
58484
58494
58504
58514
58524
58534
58544
58554
58564
58575
58586
58598
58608
58618
58628
58638
58649
58659
58669
58679
58691
58702
58712
58722
58732
58742
58754
58764
58775
58785
58795
58805
58815
58826
58838
58848
58858
58868
58878
58888
58898
58909
58920
58932
58942
58952
58962
58972
58982
58992
59003
59013
59023
59034
59046
59057
59068
59078
59090
59100
59110
59120
59131
59143
59154
59164
59174
59184
59194
59204
59214
59224
59235
59247
59257
59267
59277
59287
59297
59307
59317
59327
59338
59350
59361
59371
59381
59391
59401
59411
59421
59431
59443
59453
59463
59473
59483
59493
59503
59513
59524
59536
59546
59556
59566
59576
59586
59596
59607
59619
59630
59640
59650
59660
59670
59680
59692
59702
59712
59722
59732
59742
59752
59762
59773
59785
59796
59806
59816
59826
59836
59846
59856
59868
59878
59889
59899
59909
59919
59929
59939
59949
59959
59972
59982
59993
60003
60013
60023
60033
60043
60053
60065
60075
60085
60096
60108
60118
60128
60138
60148
60158
60169
60180
60192
60203
60213
60223
60233
60243
60253
60263
60273
60284
60296
60307
60317
60327
60337
60347
60357
60367
60377
60388
60400
60411
60421
60431
60441
60451
60461
60471
60482
60493
60505
60515
60525
60535
60545
60555
60566
60578
60589
60599
60609
60619
60629
60639
60649
60659
60670
60682
60693
60703
60713
60723
60733
60743
60753
60764
60776
60786
60796
60806
60816
60826
60836
60846
60857
60868
60880
60890
60900
60910
60920
60930
60940
60951
60963
60974
60984
60994
61004
61014
61024
61034
61046
61056
61066
61076
61086
61096
61106
61116
61127
61139
61150
61160
61170
61180
61190
61200
61211
61223
61233
61243
61253
61263
61273
61283
61295
61305
61315
61325
61335
61345
61355
61365
61376
61388
61398
61408
61418
61428
61438
61448
61458
61468
61479
61490
61500
61510
61520
61531
61543
61554
61564
61574
61584
61594
61605
61616
61626
61636
61646
61656
61666
61676
61686
61696
61706
61716
61726
61736
61746
61756
61766
61776
61786
61797
61807
61818
61828
61839
61849
61860
61871
61882
61892
61902
61912
61922
61932
61942
61952
61962
61972
61982
61992
62002
62012
62022
62032
62042
62052
62062
62072
62082
62092
62102
62112
62122
62132
62142
62152
62162
62172
62182
62192
62203
62213
62224
62236
62247
62257
62267
62277
62287
62297
62307
62317
62327
62338
62350
62360
62370
62380
62390
62400
62411
62423
62434
62444
62454
62464
62474
62484
62494
62506
62516
62526
62536
62546
62556
62566
62577
62588
62600
62610
62620
62630
62640
62652
62663
62674
62685
62695
62705
62715
62725
62735
62745
62755
62765
62775
62785
62795
62805
62815
62825
62836
62847
62858
62868
62878
62889
62900
62910
62920
62930
62940
62950
62960
62970
62980
62990
63000
63010
63020
63030
63040
63051
63062
63073
63084
63094
63105
63115
63125
63135
63145
63155
63165
63175
63185
63195
63205
63216
63226
63237
63247
63257
63267
63277
63287
63297
63307
63317
63327
63337
63347
63358
63369
63379
63390
63400
63410
63420
63430
63440
63450
63460
63470
63480
63490
63500
63510
63520
63530
63540
63550
63560
63570
63580
63591
63601
63612
63623
63634
63645
63655
63665
63676
63686
63696
63706
63717
63727
63738
63748
63758
63768
63778
63788
63798
63808
63818
63828
63838
63849
63859
63870
63881
63891
63901
63911
63921
63931
63941
63951
63961
63971
63982
63993
64004
64014
64024
64034
64044
64054
64064
64074
64084
64094
64104
64114
64125
64136
64146
64157
64167
64177
64187
64197
64207
64217
64227
64237
64247
64257
64267
64277
64288
64298
64309
64319
64329
64339
64349
64359
64369
64379
64389
64399
64409
64419
64429
64439
64450
64461
64472
64483
64493
64503
64513
64523
64534
64544
64554
64565
64575
64585
64595
64606
64616
64626
64636
64646
64657
64667
64678
64688
64698
64708
64718
64728
64739
64749
64760
64770
64780
64790
64800
64810
64820
64830
64840
64851
64861
64872
64882
64892
64902
64912
64922
64932
64942
64952
64962
64973
64983
64993
65003
65013
65023
65033
65044
65054
65064
65075
65085
65095
65105
65116
65126
65136
65146
65156
65166
65177
65187
65197
65207
65217
65228
65238
65249
65260
65270
65281
65293
65304
65314
65324
65334
65344
65354
65364
65375
65387
65398
65408
65418
65428
65438
65448
65460
65471
65482
65492
65502
65512
65522
65532
65542
65553
65564
65576
65586
65596
65606
65616
65626
65636
65647
65659
65670
65680
65690
65700
65710
65720
65730
65741
65753
65764
65774
65784
65794
65804
65814
65825
65836
65848
65859
65869
65879
65889
65899
65909
65919
65929
65939
65949
65960
65972
65983
65993
66003
66013
66023
66033
66043
66053
66063
66074
66086
66097
66107
66117
66127
66137
66147
66157
66167
66179
66190
66200
66210
66220
66230
66240
66251
66263
66274
66284
66294
66304
66314
66324
66334
66344
66355
66367
66378
66388
66398
66408
66418
66428
66438
66450
66461
66471
66481
66491
66501
66511
66521
66531
66542
66554
66564
66574
66584
66594
66604
66614
66624
66635
66647
66658
66668
66678
66688
66698
66708
66718
66729
66741
66751
66761
66771
66781
66791
66803
66813
66823
66833
66843
66853
66863
66873
66884
66896
66907
66917
66927
66937
66947
66957
66967
66978
66990
67001
67011
67021
67031
67041
67051
67061
67071
67082
67094
67105
67115
67125
67135
67145
67155
67165
67175
67185
67196
67208
67219
67229
67239
67249
67259
67269
67279
67289
67301
67311
67321
67331
67341
67351
67362
67374
67384
67394
67404
67414
67426
67436
67446
67456
67466
67476
67486
67496
67507
67518
67530
67540
67550
67560
67570
67580
67590
67601
67613
67624
67634
67644
67654
67664
67674
67684
67694
67704
67715
67727
67737
67747
67757
67767
67777
67787
67798
67810
67820
67830
67840
67850
67860
67870
67881
67893
67903
67913
67923
67933
67943
67954
67966
67977
67987
67997
68007
68017
68027
68038
68048
68058
68068
68079
68089
68099
68109
68119
68129
68139
68150
68162
68172
68182
68192
68202
68213
68223
68233
68243
68253
68263
68274
68284
68295
68306
68316
68326
68336
68346
68356
68366
68376
68386
68396
68406
68416
68426
68436
68447
68458
68469
68480
68490
68501
68511
68521
68531
68541
68551
68561
68571
68581
68591
68601
68612
68622
68633
68643
68653
68663
68673
68683
68693
68703
68713
68725
68735
68746
68757
68767
68777
68787
68797
68807
68818
68828
68838
68849
68860
68871
68882
68892
68902
68912
68922
68932
68942
68952
68962
68972
68982
68992
69002
69012
69022
69032
69042
69053
69063
69073
69083
69095
69105
69115
69125
69135
69145
69155
69165
69175
69186
69196
69206
69216
69226
69236
69246
69256
69266
69276
69286
69296
69306
69316
69326
69336
69346
69356
69367
69379
69389
69400
69411
69422
69433
69444
69455
69466
69477
69489
69499
69509
69519
69529
69539
69549
69559
69569
69579
69589
69599
69609
69619
69629
69639
69649
69659
69670
69681
69692
69704
69714
69724
69734
69744
69754
69764
69774
69784
69794
69804
69814
69824
69834
69844
69854
69864
69874
69884
69894
69904
69914
69924
69934
69944
69954
69964
69974
69984
69995
70005
70016
70026
70036
70046
70056
70066
70076
70087
70097
70108
70118
70128
70138
70148
70158
70169
70179
70189
70199
70210
70222
70233
70243
70253
70263
70273
70283
70293
70303
70314
70324
70334
70344
70354
70364
70374
70384
70394
70404
70414
70424
70434
70444
70454
70464
70474
70484
70494
70504
70514
70524
70534
70544
70555
70565
70575
70586
70596
70606
70616
70626
70636
70646
70656
70666
70676
70686
70696
70706
70716
70726
70736
70746
70756
70766
70776
70786
70796
70806
70816
70826
70836
70846
70856
70866
70876
70886
70896
70906
70916
70927
70938
70949
70959
70970
70980
70990
71000
71010
71020
71030
71040
71050
71060
71070
71080
71090
71100
71111
71122
71132
71143
71153
71163
71174
71185
71196
71207
71219
71229
71239
71249
71259
71269
71280
71292
71302
71312
71322
71332
71343
71355
71365
71375
71385
71397
71407
71417
71427
71437
71447
71458
71469
71479
71489
71499
71509
71521
71531
71541
71551
71563
71573
71583
71593
71604
71616
71627
71637
71647
71657
71667
71677
71687
71699
71709
71720
71730
71740
71750
71760
71771
71781
71792
71802
71812
71822
71832
71843
71854
71864
71874
71884
71895
71907
71917
71928
71938
71948
71958
71968
71978
71988
71998
72009
72020
72030
72040
72051
72061
72072
72082
72092
72102
72112
72122
72134
72144
72155
72165
72175
72186
72196
72207
72217
72228
72239
72250
72260
72271
72281
72292
72302
72312
72322
72333
72343
72353
72363
72374
72384
72395
72406
72416
72427
72438
72448
72458
72469
72479
72489
72500
72510
72520
72531
72541
72551
72561
72571
72581
72592
72602
72612
72622
72633
72643
72653
72664
72675
72685
72695
72705
72717
72727
72737
72747
72757
72767
72777
72787
72797
72809
72819
72830
72840
72851
72861
72871
72883
72893
72905
72915
72926
72936
72948
72958
72968
72979
72989
72999
73011
73021
73031
73041
73052
73062
73072
73082
73094
73105
73115
73125
73135
73145
73156
73167
73177
73187
73199
73209
73219
73229
73239
73250
73260
73270
73280
73291
73302
73312
73322
73332
73343
73354
73364
73376
73386
73396
73406
73418
73428
73438
73448
73460
73470
73480
73490
73500
73512
73523
73533
73543
73553
73564
73574
73584
73596
73607
73617
73627
73639
73649
73659
73670
73682
73692
73702
73713
73723
73734
73744
73754
73766
73776
73786
73796
73808
73820
73830
73840
73850
73860
73870
73880
73892
73902
73912
73922
73932
73942
73952
73962
73972
73983
73994
74004
74014
74025
74035
74046
74057
74067
74078
74088
74098
74109
74119
74131
74141
74151
74161
74171
74183
74193
74203
74215
74225
74235
74245
74257
74267
74277
74287
74298
74308
74319
74329
74339
74350
74360
74370
74381
74391
74401
74411
74421
74431
74441
74452
74463
74473
74484
74495
74505
74515
74525
74537
74548
74558
74568
74578
74589
74599
74609
74619
74630
74640
74650
74661
74671
74682
74693
74703
74713
74723
74734
74744
74755
74766
74776
74787
74798
74810
74820
74830
74840
74852
74862
74872
74882
74893
74903
74913
74924
74935
74945
74955
74968
74979
74990
75000
75011
75023
75033
75043
75054
75065
75075
75086
75097
75107
75118
75128
75139
75149
75161
75171
75181
75191
75201
75211
75222
75234
75244
75255
75265
75275
75285
75295
75306
75316
75326
75336
75346
75357
75367
75377
75387
75397
75407
75419
75429
75439
75449
75460
75472
75482
75492
75503
75514
75524
75534
75544
75555
75566
75576
75586
75598
75608
75618
75628
75638
75650
75660
75670
75680
75690
75702
75712
75722
75732
75742
75753
75763
75773
75785
75795
75805
75815
75827
75837
75848
75859
75869
75879
75889
75901
75911
75921
75931
75942
75952
75962
75972
75984
75994
76004
76014
76024
76035
76047
76058
76068
76078
76088
76099
76109
76120
76131
76142
76152
76162
76172
76182
76192
76203
76214
76224
76234
76244
76256
76266
76276
76286
76297
76307
76317
76327
76337
76347
76357
76367
76377
76387
76397
76407
76417
76428
76438
76448
76458
76468
76478
76489
76499
76509
76519
76529
76539
76549
76559
76569
76579
76590
76601
76611
76622
76632
76642
76652
76662
76672
76683
76694
76704
76715
76726
76737
76748
76758
76768
76778
76788
76798
76808
76818
76828
76838
76848
76858
76869
76879
76890
76900
76910
76920
76930
76940
76950
76960
76970
76980
76990
77000
77011
77021
77032
77043
77053
77063
77073
77083
77093
77103
77113
77123
77133
77143
77153
77163
77173
77183
77193
77203
77213
77223
77233
77244
77254
77265
77275
77285
77295
77305
77315
77325
77335
77345
77355
77365
77376
77386
77397
77407
77417
77427
77437
77447
77457
77467
77477
77487
77497
77507
77518
77529
77539
77550
77560
77570
77580
77590
77600
77610
77620
77631
77642
77653
77663
77674
77685
77695
77705
77715
77725
77735
77745
77755
77765
77775
77785
77795
77805
77815
77825
77836
77847
77857
77868
77879
77890
77900
77910
77920
77930
77940
77950
77960
77971
77982
77992
78002
78012
78022
78032
78042
78052
78063
78074
78084
78095
78105
78115
78125
78135
78145
78155
78165
78175
78185
78195
78206
78216
78226
78236
78246
78256
78266
78276
78287
78298
78310
78320
78330
78340
78350
78360
78370
78381
78393
78403
78413
78423
78433
78443
78453
78463
78473
78483
78494
78506
78517
78527
78537
78547
78557
78567
78577
78587
78598
78610
78620
78630
78640
78650
78662
78672
78682
78693
78703
78713
78723
78733
78743
78753
78763
78773
78783
78793
78803
78814
78824
78836
78846
78856
78866
78876
78887
78899
78909
78919
78929
78941
78951
78961
78971
78982
78992
79002
79012
79022
79033
79043
79053
79064
79076
79087
79097
79107
79117
79127
79137
79147
79158
79170
79181
79192
79202
79212
79222
79232
79242
79253
79265
79275
79285
79295
79305
79315
79325
79335
79345
79355
79366
79378
79389
79399
79409
79419
79429
79439
79449
79459
79470
79481
79493
79504
79514
79524
79534
79544
79554
79564
79575
79587
79598
79609
79619
79629
79639
79649
79659
79671
79681
79691
79701
79711
79722
79734
79744
79754
79764
79774
79784
79794
79804
79816
79826
79837
79847
79857
79867
79877
79887
79897
79909
79919
79929
79939
79949
79959
79969
79988
79999
80009
80019
80030
80040
80051
80062
80072
80082
80092
80103
80114
80125
80135
80146
80157
80167
80178
80190
80200
80210
80220
80230
80240
80250
80260
80270
80281
80293
80303
80313
80323
80333
80343
80353
80363
80373
80384
80396
80406
80416
80426
80436
80446
80456
80467
80478
80490
80501
80511
80521
80531
80541
80551
80561
80571
80582
80594
80604
80615
80625
80635
80645
80655
80665
80675
80685
80696
80708
80718
80728
80738
80748
80758
80768
80778
80789
80801
80811
80821
80831
80841
80851
80861
80871
80882
80894
80905
80915
80925
80935
80945
80955
80965
80975
80986
80998
81009
81019
81029
81039
81049
81059
81069
81079
81089
81100
81112
81122
81132
81142
81152
81162
81172
81184
81195
81205
81215
81225
81235
81245
81255
81266
81277
81289
81299
81309
81319
81329
81339
81349
81359
81369
81380
81392
81403
81413
81423
81433
81443
81453
81465
81475
81485
81497
81508
81518
81528
81538
81548
81559
81571
81582
81592
81602
81612
81624
81634
81645
81655
81665
81675
81685
81695
81707
81717
81727
81737
81747
81757
81767
81777
81787
81798
81809
81819
81829
81839
81849
81859
81869
81879
81891
81901
81911
81921
81931
81941
81951
81962
81972
81982
81992
82002
82012
82022
82033
82045
82056
82066
82076
82086
82096
82106
82116
82127
82139
82149
82159
82169
82179
82189
82199
82209
82220
82232
82242
82252
82262
82272
82282
82293
82305
82315
82325
82335
82345
82355
82365
82375
82385
82396
82408
82419
82429
82439
82449
82461
82471
82481
82491
82501
82511
82522
82534
82545
82555
82565
82575
82585
82595
82605
82615
82625
82635
82646
82658
82668
82679
82689
82699
82709
82719
82729
82739
82749
82760
82772
82783
82793
82803
82813
82823
82833
82844
82856
82867
82877
82887
82897
82907
82917
82927
82938
82950
82961
82971
82981
82991
83001
83011
83021
83031
83041
83052
83063
83075
83086
83096
83106
83116
83126
83136
83146
83156
83167
83179
83189
83199
83209
83219
83229
83239
83249
83259
83271
83281
83291
83301
83311
83322
83333
83343
83353
83363
83374
83385
83395
83406
83417
83427
83437
83448
83460
83471
83481
83491
83501
83511
83521
83531
83541
83552
83564
83574
83585
83595
83605
83615
83625
83635
83645
83655
83666
83678
83689
83699
83709
83719
83729
83739
83749
83759
83770
83782
83793
83803
83813
83823
83833
83843
83853
83863
83873
83884
83896
83906
83916
83926
83936
83946
83956
83966
83976
83987
83999
84010
84020
84030
84040
84050
84061
84073
84083
84093
84103
84113
84123
84133
84143
84153
84163
84173
84184
84196
84207
84217
84227
84238
84249
84259
84269
84279
84289
84299
84309
84319
84330
84341
84351
84361
84371
84382
84394
84404
84414
84424
84434
84444
84454
84464
84475
84487
84498
84508
84518
84528
84538
84548
84558
84569
84581
84591
84601
84611
84621
84631
84641
84651
84662
84674
84684
84694
84704
84714
84724
84735
84745
84755
84765
84776
84786
84797
84807
84817
84828
84838
84848
84858
84868
84878
84888
84898
84909
84920
84930
84940
84950
84960
84970
84983
84994
85004
85014
85024
85034
85044
85054
85064
85075
85086
85097
85107
85118
85129
85139
85149
85159
85170
85180
85190
85200
85210
85220
85230
85240
85251
85263
85273
85283
85293
85303
85313
85323
85333
85344
85356
85366
85376
85386
85396
85408
85419
85429
85439
85449
85459
85469
85479
85489
85499
85510
85521
85533
85544
85554
85564
85574
85584
85594
85604
85614
85626
85636
85647
85657
85667
85677
85687
85697
85707
85717
85728
85740
85751
85761
85771
85781
85791
85801
85812
85824
85835
85845
85855
85865
85875
85885
85895
85906
85918
85928
85938
85948
85958
85968
85978
85988
85998
86009
86021
86032
86042
86052
86062
86072
86082
86092
86102
86113
86125
86135
86145
86155
86165
86175
86185
86195
86207
86217
86227
86237
86247
86257
86267
86278
86290
86300
86311
86321
86331
86341
86351
86361
86371
86382
86394
86405
86415
86425
86435
86445
86455
86465
86476
86488
86498
86508
86519
86531
86541
86551
86561
86571
86581
86591
86601
86611
86621
86632
86644
86654
86664
86674
86684
86694
86704
86715
86726
86738
86748
86758
86768
86778
86788
86798
86809
86820
86832
86843
86853
86863
86873
86883
86893
86903
86913
86924
86936
86946
86956
86966
86976
86986
86996
87007
87019
87030
87040
87050
87060
87070
87080
87090
87101
87112
87124
87135
87145
87155
87165
87175
87185
87196
87208
87218
87228
87238
87248
87258
87268
87278
87289
87300
87312
87322
87332
87342
87352
87362
87372
87382
87392
87403
87415
87426
87436
87446
87456
87466
87476
87486
87497
87507
87518
87530
87541
87551
87561
87571
87581
87591
87601
87611
87622
87634
87645
87655
87665
87675
87685
87695
87705
87715
87726
87738
87748
87758
87768
87778
87789
87801
87811
87821
87831
87841
87851
87861
87872
87884
87895
87905
87915
87925
87935
87945
87955
87966
87977
87989
87999
88009
88019
88029
88040
88051
88061
88071
88081
88091
88101
88111
88121
88131
88141
88152
88164
88174
88184
88194
88204
88214
88224
88234
88245
88256
88268
88278
88288
88298
88308
88318
88328
88338
88349
88361
88372
88383
88393
88403
88413
88423
88433
88443
88453
88464
88476
88486
88496
88506
88516
88526
88536
88548
88558
88569
88579
88589
88599
88609
88620
88631
88643
88654
88664
88674
88684
88694
88704
88714
88724
88735
88747
88757
88767
88777
88787
88797
88807
88817
88827
88838
88850
88861
88871
88881
88891
88901
88911
88921
88931
88942
88954
88964
88974
88984
88994
89004
89014
89024
89035
89047
89057
89067
89077
89087
89097
89108
89120
89131
89142
89152
89162
89172
89182
89192
89202
89212
89224
89234
89244
89254
89264
89274
89284
89294
89304
89315
89327
89337
89347
89357
89367
89377
89387
89397
89407
89417
89427
89438
89449
89461
89472
89483
89493
89503
89513
89523
89533
89543
89554
89566
89577
89587
89597
89607
89617
89627
89637
89647
89657
89667
89679
89689
89699
89709
89719
89729
89739
89749
89759
89769
89780
89792
89803
89813
89823
89833
89843
89853
89863
89873
89885
89895
89905
89915
89925
89935
89945
89955
89966
89978
89989
89999
90009
90020
90030
90041
90051
90062
90072
90082
90092
90102
90113
90123
90134
90145
90155
90166
90177
90187
90197
90208
90218
90228
90238
90248
90260
90271
90281
90291
90301
90311
90321
90331
90341
90351
90362
90374
90385
90395
90405
90415
90425
90435
90445
90455
90465
90476
90488
90498
90508
90519
90531
90541
90551
90561
90571
90581
90591
90601
90612
90624
90635
90646
90656
90666
90676
90686
90696
90706
90716
90727
90739
90750
90760
90770
90780
90790
90800
90810
90820
90831
90843
90853
90863
90873
90883
90893
90903
90914
90926
90936
90947
90957
90967
90977
90987
90997
91007
91017
91027
91039
91049
91059
91069
91079
91089
91099
91109
91120
91132
91143
91153
91163
91173
91183
91193
91203
91213
91224
91235
91247
91257
91267
91277
91287
91297
91307
91317
91328
91340
91351
91361
91371
91381
91391
91401
91411
91422
91434
91445
91456
91466
91476
91486
91496
91506
91516
91526
91537
91549
91560
91570
91580
91590
91600
91610
91621
91632
91644
91654
91664
91674
91684
91694
91704
91715
91727
91737
91747
91757
91767
91777
91787
91797
91808
91820
91830
91840
91850
91860
91870
91880
91890
91900
91910
91920
91931
91943
91954
91964
91974
91984
91995
92007
92018
92028
92038
92048
92058
92068
92079
92091
92101
92111
92121
92131
92141
92151
92161
92171
92182
92194
92205
92215
92225
92235
92245
92255
92265
92275
92286
92298
92309
92319
92329
92339
92349
92359
92369
92379
92389
92400
92412
92422
92433
92443
92453
92463
92473
92483
92493
92504
92516
92527
92538
92548
92558
92568
92578
92588
92598
92609
92621
92632
92643
92653
92663
92673
92683
92693
92704
92716
92727
92737
92747
92757
92767
92777
92787
92797
92807
92818
92830
92841
92851
92861
92871
92881
92891
92901
92911
92921
92932
92943
92955
92966
92976
92986
92996
93006
93017
93028
93040
93051
93061
93071
93081
93091
93101
93111
93121
93131
93143
93154
93164
93174
93184
93194
93204
93215
93227
93237
93247
93257
93267
93277
93287
93297
93307
93318
93330
93341
93351
93361
93371
93381
93391
93401
93411
93421
93431
93442
93454
93465
93475
93485
93495
93505
93515
93525
93535
93546
93558
93569
93579
93589
93599
93609
93619
93629
93639
93650
93662
93672
93682
93692
93702
93712
93723
93735
93746
93756
93766
93776
93786
93796
93806
93816
93828
93839
93850
93860
93870
93880
93890
93900
93910
93920
93932
93943
93953
93963
93973
93983
93993
94003
94013
94023
94035
94045
94055
94065
94075
94085
94095
94106
94118
94128
94138
94148
94158
94168
94178
94188
94200
94211
94221
94231
94242
94254
94264
94275
94285
94295
94305
94315
94325
94335
94345
94357
94367
94377
94387
94397
94407
94418
94430
94440
94450
94460
94470
94480
94490
94500
94512
94522
94532
94542
94552
94562
94572
94582
94592
94603
94615
94626
94636
94646
94656
94666
94676
94686
94698
94709
94719
94729
94739
94749
94759
94770
94782
94793
94803
94813
94823
94833
94843
94853
94863
94873
94884
94894
94905
94915
94926
94936
94946
94957
94967
94978
94988
94998
95008
95019
95029
95040
95050
95061
95071
95081
95091
95101
95111
95121
95131
95142
95152
95163
95174
95184
95194
95204
95214
95224
95234
95246
95256
95267
95277
95287
95297
95307
95317
95327
95337
95348
95360
95370
95380
95390
95400
95410
95420
95430
95441
95452
95464
95474
95484
95494
95504
95515
95525
95536
95546
95556
95567
95578
95590
95600
95611
95621
95631
95642
95652
95662
95673
95683
95695
95705
95715
95726
95736
95748
95758
95768
95780
95790
95800
95810
95822
95833
95843
95853
95863
95873
95885
95895
95905
95915
95926
95937
95948
95959
95969
95979
95989
96000
96010
96020
96030
96041
96051
96062
96073
96083
96093
96104
96114
96124
96134
96144
96155
96165
96175
96185
96196
96207
96217
96228
96238
96248
96258
96268
96278
96288
96299
96309
96319
96329
96341
96351
96361
96371
96382
96392
96402
96412
96424
96434
96444
96454
96465
96475
96485
96497
96507
96517
96528
96538
96549
96559
96569
96579
96590
96601
96612
96624
96635
96646
96656
96667
96677
96687
96698
96710
96720
96730
96740
96751
96761
96771
96782
96792
96802
96813
96823
96833
96843
96854
96864
96875
96885
96896
96906
96916
96926
96937
96947
96958
96968
96978
96988
96999
97009
97019
97030
97040
97050
97060
97070
97081
97091
97102
97112
97122
97132
97143
97153
97163
97174
97184
97194
97205
97216
97226
97236
97246
97256
97266
97276
97286
97297
97309
97319
97329
97339
97349
97359
97369
97379
97390
97402
97412
97422
97432
97442
97452
97462
97472
97482
97492
97504
97515
97525
97535
97545
97555
97565
97575
97585
97596
97608
97619
97629
97639
97649
97659
97669
97679
97689
97699
97710
97722
97732
97742
97752
97762
97772
97784
97794
97804
97814
97824
97834
97844
97855
97866
97878
97888
97898
97908
97918
97928
97938
97948
97958
97969
97980
97992
98003
98013
98023
98033
98043
98055
98065
98075
98085
98095
98106
98118
98128
98138
98148
98158
98169
98180
98190
98200
98210
98220
98230
98240
98251
98261
98271
98281
98292
98304
98315
98325
98335
98345
98355
98365
98375
98385
98395
98406
98418
98428
98439
98449
98459
98469
98479
98489
98499
98509
98520
98531
98541
98551
98561
98571
98581
98591
98601
98611
98621
98631
98642
98654
98665
98675
98685
98695
98705
98715
98725
98735
98746
98758
98769
98779
98789
98799
98809
98819
98829
98840
98852
98862
98872
98882
98892
98902
98914
98924
98934
98944
98954
98964
98974
98984
98994
99005
99017
99028
99038
99048
99058
99068
99078
99088
99098
99108
99119
99131
99142
99152
99162
99172
99182
99192
99202
99214
99224
99234
99244
99254
99264
99274
99284
99294
99307
99317
99327
99337
99347
99357
99367
99377
99389
99399
99409
99419
99429
99439
99449
99459
99470
99482
99493
99503
99513
99523
99533
99543
99553
99563
99573
99584
99595
99607
99617
99627
99637
99647
99657
99668
99680
99691
99702
99712
99722
99732
99742
99752
99762
99773
99784
99796
99807
99817
99827
99837
99847
99857
99867
99877
99888
99900
99911
99921
99931
99941
99951
99961
99971
99983
99993
100003
100013
100023
100033
100043
100054
100065
100075
100086
100096
100106
100117
100127
100138
100149
100159
100169
100179
100190
100200
100211
100223
100234
100244
100254
100264
100274
100284
100294
100304
100315
100327
100338
100348
100358
100368
100378
100388
100398
100409
100420
100432
100443
100453
100463
100473
100483
100493
100503
100514
100526
100537
100548
100558
100568
100578
100588
100598
100608
100618
100629
100641
100652
100662
100672
100682
100692
100702
100714
100724
100735
100745
100755
100765
100775
100785
100795
100806
100818
100828
100838
100848
100858
100868
100879
100891
100901
100911
100921
100931
100941
100951
100961
100972
100984
100994
101004
101014
101024
101034
101044
101054
101065
101075
101085
101095
101105
101115
101125
101136
101147
101159
101170
101180
101190
101200
101210
101220
101230
101242
101252
101262
101272
101282
101292
101302
101312
101322
101333
101345
101355
101365
101375
101385
101395
101405
101415
101425
101437
101447
101457
101467
101477
101487
101498
101508
101520
101531
101541
101551
101561
101571
101581
101591
101601
101611
101621
101631
101642
101653
101663
101673
101683
101693
101703
101715
101726
101736
101746
101756
101766
101776
101786
101797
101808
101820
101830
101840
101850
101860
101870
101882
101892
101903
101913
101923
101933
101943
101953
101963
101974
101986
101996
102007
102017
102027
102037
102047
102057
102067
102077
102088
102100
102111
102121
102131
102141
102151
102161
102172
102183
102195
102205
102215
102226
102236
102246
102256
102266
102276
102286
102297
102307
102317
102327
102337
102347
102358
102370
102380
102390
102400
102410
102420
102430
102440
102450
102460
102470
102480
102491
102501
102511
102522
102532
102544
102555
102565
102575
102585
102595
102605
102615
102625
102636
102648
102659
102669
102679
102689
102699
102709
102719
102729
102739
102750
102762
102772
102783
102793
102803
102813
102823
102833
102843
102853
102863
102874
102886
102897
102907
102917
102927
102937
102947
102957
102968
102978
102989
102999
103009
103019
103029
103039
103049
103059
103071
103081
103091
103101
103111
103122
103134
103144
103154
103164
103175
103186
103198
103208
103218
103228
103238
103248
103260
103271
103281
103291
103301
103311
103323
103333
103343
103353
103363
103373
103383
103394
103406
103416
103426
103436
103446
103456
103466
103477
103488
103498
103508
103518
103528
103539
103550
103560
103570
103581
103593
103603
103613
103623
103633
103643
103653
103663
103673
103684
103696
103707
103717
103727
103737
103747
103759
103769
103779
103789
103799
103809
103819
103829
103839
103850
103862
103872
103883
103893
103903
103913
103923
103933
103943
103953
103964
103976
103987
103997
104007
104017
