time (ms)
0
14
25
40
51
61
72
82
93
104
115
126
137
148
160
171
182
194
205
216
227
237
248
258
269
279
290
300
311
322
332
343
353
364
375
386
397
407
418
428
439
449
460
470
481
491
502
513
523
534
545
555
566
576
587
598
608
619
629
640
650
661
671
683
693
704
714
725
735
746
756
767
777
788
798
810
820
831
841
851
862
873
883
894
904
915
926
936
947
957
968
978
989
999
1010
1020
1031
1041
1052
1062
1073
1084
1094
1105
1116
1126
1137
1147
1158
1169
1179
1190
1200
1211
1222
1233
1243
1254
1264
1275
1285
1296
1306
1317
1328
1338
1349
1359
1371
1381
1392
1403
1413
1424
1434
1444
1455
1465
1476
1486
1497
1507
1518
1528
1539
1550
1560
1571
1581
1592
1602
1613
1624
1634
1644
1655
1665
1676
1686
1697
1707
1718
1728
1739
1749
1760
1770
1781
1791
1802
1812
1822
1833
1843
1854
1864
1875
1885
1896
1906
1917
1927
1938
1948
1959
1969
1979
1990
2001
2011
2022
2032
2043
2053
2064
2074
2085
2095
2106
2116
2126
2137
2147
2157
2167
2178
2188
2198
2209
2219
2229
2240
2250
2260
2270
2281
2291
2301
2312
2322
2332
2343
2353
2363
2374
2384
2394
2405
2415
2425
2436
2447
2457
2468
2479
2489
2500
2511
2521
2532
2543
2553
2564
2575
2585
2596
2606
2616
2627
2637
2647
2657
2668
2678
2688
2699
2709
2720
2730
2740
2751
2761
2771
2781
2792
2802
2812
2822
2833
2843
2853
2863
2874
2884
2894
2905
2915
2925
2935
2946
2956
2966
2977
2988
2998
3009
3019
3030
3041
3051
3061
3071
3082
3092
3102
3112
3123
3133
3144
3154
3164
3175
3185
3196
3206
3216
3227
3237
3248
3258
3269
3279
3290
3301
3311
3322
3332
3343
3353
3364
3375
3385
3395
3406
3417
3427
3437
3448
3458
3469
3479
3490
3500
3511
3521
3532
3542
3553
3563
3573
3584
3594
3604
3615
3625
3635
3646
3656
3667
3677
3687
3698
3708
3719
3729
3739
3750
3760
3770
3781
3791
3802
3812
3822
3833
3843
3853
3864
3874
3885
3895
3905
3916
3926
3937
3947
3957
3968
3978
3989
3999
4010
4020
4044
4055
4065
4076
4086
4096
4107
4117
4127
4138
4148
4158
4169
4179
4189
4200
4210
4220
4231
4241
4252
4262
4272
4283
4293
4303
4314
4324
4334
4345
4355
4366
4376
4386
4397
4407
4417
4427
4438
4448
4458
4469
4479
4489
4500
4510
4520
4531
4541
4551
4562
4572
4582
4593
4603
4614
4624
4634
4645
4655
4665
4676
4686
4696
4707
4717
4727
4738
4748
4758
4769
4779
4789
4800
4810
4820
4831
4841
4851
4862
4872
4882
4893
4903
4913
4924
4934
4944
4955
4965
4975
4986
4996
5006
5039
5049
5059
5070
5080
5090
5101
5111
5121
5132
5142
5152
5163
5173
5183
5194
5204
5214
5225
5235
5245
5256
5266
5276
5287
5297
5307
5318
5328
5338
5349
5359
5370
5380
5390
5401
5412
5422
5432
5442
5453
5463
5473
5484
5494
5504
5515
5525
5535
5546
5556
5566
5577
5587
5597
5607
5618
5628
5639
5649
5660
5670
5681
5691
5702
5712
5724
5734
5745
5755
5765
5776
5786
5796
5807
5817
5827
5838
5848
5858
5869
5879
5889
5900
5910
5920
5930
5941
5951
5961
5972
5982
5992
6003
6013
6023
6034
6044
6054
6065
6075
6085
6096
6106
6116
6127
6137
6147
6158
6168
6178
6189
6199
6209
6220
6230
6240
6251
6261
6271
6282
6292
6302
6313
6324
6335
6346
6357
6368
6379
6390
6401
6412
6423
6434
6445
6456
6467
6478
6489
6500
6511
6522
6533
6543
6553
6564
6574
6584
6595
6605
6616
6626
6637
6647
6658
6668
6678
6689
6699
6710
6720
6731
6741
6752
6762
6773
6783
6793
6804
6814
6824
6835
6845
6855
6866
6876
6886
6897
6907
6917
6928
6938
6948
6959
6969
6979
6990
7000
7010
7021
7031
7041
7052
7062
7073
7084
7095
7106
7116
7127
7137
7147
7158
7168
7178
7189
7199
7209
7220
7230
7240
7251
7261
7271
7282
7292
7302
7313
7323
7333
7344
7354
7364
7375
7385
7395
7406
7416
7426
7437
7447
7457
7468
7478
7489
7499
7509
7520
7530
7540
7551
7561
7571
7582
7592
7604
7614
7625
7635
7645
7656
7666
7676
7687
7697
7707
7718
7728
7738
7749
7759
7769
7780
7790
7800
7811
7821
7831
7842
7852
7862
7873
7883
7893
7904
7914
7924
7935
7945
7955
7966
7976
7986
7997
8007
8017
8028
8038
8048
8059
8069
8079
8090
8100
8110
8121
8131
8141
8151
8162
8172
8183
8193
8203
8213
8224
8234
8245
8255
8265
8276
8286
8296
8307
8317
8327
8338
8348
8358
8369
8379
8389
8400
8410
8420
8431
8441
8451
8462
8472
8482
8493
8503
8513
8524
8534
8544
8555
8565
8575
8586
8597
8608
8618
8628
8639
8649
8659
8670
8680
8690
8701
8711
8721
8732
8744
8755
8766
8777
8788
8799
8810
8821
8832
8844
8854
8865
8875
8885
8896
8906
8916
8927
8937
8947
8958
8968
8978
8989
8999
9009
9020
9030
9040
9051
9061
9071
9082
9092
9102
9113
9123
9133
9144
9154
9164
9175
9185
9195
9206
9216
9226
9237
9247
9257
9268
9278
9288
9299
9309
9319
9330
9340
9350
9361
9371
9381
9392
9402
9412
9423
9433
9443
9454
9464
9474
9485
9495
9505
9516
9526
9536
9547
9557
9567
9578
9588
9599
9609
9619
9630
9640
9650
9661
9671
9681
9692
9702
9712
9723
9733
9743
9754
9764
9775
9785
9795
9806
9816
9826
9837
9847
9857
9868
9878
9888
9899
9909
9919
9930
9940
9950
9961
9971
9981
9992
10002
10016
10026
10037
10047
10057
10068
10078
10088
10099
10109
10119
10130
10140
10150
10160
10171
10181
10191
10202
10212
10222
10233
10243
10253
10264
10274
10284
10295
10305
10315
10325
10336
10346
10356
10367
10377
10387
10398
10408
10418
10429
10439
10449
10459
10470
10480
10490
10501
10511
10521
10532
10542
10552
10563
10573
10583
10594
10604
10614
10625
10635
10645
10655
10666
10676
10686
10697
10707
10717
10728
10738
10748
10759
10769
10779
10790
10800
10810
10821
10831
10841
10852
10862
10873
10883
10893
10904
10914
10924
10935
10945
10955
10966
10976
10986
10997
11007
11017
11028
11038
11048
11059
11069
11079
11090
11100
11110
11121
11131
11141
11152
11162
11172
11183
11193
11203
11214
11224
11234
11245
11255
11265
11276
11286
11297
11307
11317
11328
11338
11348
11358
11369
11379
11389
11400
11410
11420
11431
11441
11451
11462
11472
11483
11493
11503
11514
11524
11534
11545
11555
11565
11576
11586
11597
11608
11618
11628
11639
11650
11660
11670
11681
11691
11701
11712
11722
11732
11743
11753
11763
11774
11784
11794
11805
11815
11825
11836
11846
11856
11867
11877
11887
11898
11908
11918
11929
11939
11949
11960
11970
11980
11991
12001
12011
12022
12032
12042
12053
12063
12073
12084
12094
12104
12115
12125
12135
12146
12156
12166
12177
12187
12197
12208
12218
12228
12239
12249
12259
12270
12281
12292
12303
12314
12325
12336
12348
12359
12370
12381
12392
12403
12414
12425
12435
12445
12456
12466
12476
12487
12497
12507
12518
12528
12538
12548
12559
12569
12579
12590
12600
12611
12621
12631
12641
12652
12662
12672
12683
12693
12703
12714
12724
12734
12745
12755
12765
12776
12786
12796
12807
12817
12827
12838
12848
12858
12869
12879
12889
12900
12910
12920
12931
12941
12951
12962
12972
12982
12993
13003
13013
13024
13034
13044
13055
13065
13075
13086
13096
13106
13117
13127
13137
13148
13158
13168
13179
13189
13199
13210
13220
13230
13241
13251
13261
13272
13282
13292
13303
13313
13323
13334
13344
13354
13365
13376
13386
13397
13407
13417
13428
13438
13448
13459
13469
13479
13490
13501
13511
13521
13532
13542
13552
13563
13574
13584
13594
13605
13615
13625
13636
13646
13657
13667
13677
13688
13698
13708
13719
13729
13739
13750
13760
13770
13782
13793
13803
13813
13824
13834
13844
13855
13865
13875
13886
13897
13907
13917
13928
13938
13948
13959
13969
13979
13990
14002
14012
14022
14033
14043
14054
14064
14074
14084
14095
14105
14115
14126
14136
14146
14157
14167
14177
14188
14198
14208
14219
14229
14239
14250
14260
14270
14281
14291
14301
14312
14322
14332
14343
14353
14363
14374
14384
14394
14404
14415
14425
14435
14446
14456
14466
14477
14487
14497
14508
14518
14528
14539
14549
14559
14570
14580
14590
14600
14611
14621
14632
14642
14653
14663
14674
14684
14695
14705
14715
14726
14736
14746
14757
14767
14777
14788
14798
14808
14818
14832
14842
14853
14863
14873
14884
14894
14904
14914
14925
14935
14945
14956
14966
14976
14987
14997
15007
15017
15028
15038
15048
15059
15069
15079
15090
15100
15110
15120
15130
15141
15151
15161
15171
15181
15192
15202
15212
15222
15232
15242
15253
15263
15273
15283
15293
15303
15314
15324
15334
15344
15354
15365
15375
15385
15395
15405
15415
15426
15436
15446
15456
15466
15477
15487
15497
15507
15517
15527
15538
15548
15558
15568
15578
15588
15599
15609
15619
15629
15639
15649
15660
15670
15680
15690
15700
15711
15721
15731
15741
15751
15761
15772
15782
15792
15802
15812
15822
15833
15843
15853
15863
15873
15883
15894
15904
15914
15924
15934
15944
15955
15965
15975
15985
15995
16005
16016
16026
16036
16046
16056
16067
16077
16087
16097
16107
16117
16128
16138
16148
16158
16168
16178
16189
16199
16209
16219
16229
16239
16250
16260
16270
16280
16290
16300
16311
16321
16331
16341
16351
16361
16372
16382
16392
16402
16412
16422
16433
16443
16453
16463
16473
16483
16494
16504
16514
16524
16534
16545
16555
16565
16575
16585
16595
16606
16616
16626
16636
16647
16657
16667
16678
16688
16700
16711
16722
16733
16743
16753
16764
16774
16784
16794
16805
16815
16825
16836
16846
16856
16867
16877
16887
16898
16908
16918
16929
16939
16949
16960
16970
16980
16990
17001
17011
17021
17032
17042
17052
17063
17073
17084
17094
17104
17114
17125
17135
17145
17155
17165
17176
17186
17196
17206
17216
17226
17237
17247
17257
17267
17277
17288
17298
17308
17318
17328
17339
17349
17359
17369
17379
17390
17400
17410
17420
17430
17440
17451
17461
17471
17481
17491
17502
17512
17522
17532
17543
17553
17563
17573
17584
17594
17604
17614
17625
17635
17645
17656
17666
17676
17687
17697
17707
17717
17728
17738
17748
17759
17769
17779
17790
17800
17810
17821
17831
17841
17851
17862
17872
17883
17893
17903
17913
17924
17934
17944
17955
17965
17975
17986
17996
18006
18017
18027
18037
18047
18058
18068
18078
18089
18099
18109
18120
18130
18140
18150
18161
18171
18181
18192
18202
18212
18222
18233
18243
18253
18264
18282
18293
18303
18313
18324
18335
18345
18356
18366
18376
18387
18397
18407
18418
18428
18438
18449
18459
18469
18480
18490
18500
18511
18521
18532
18542
18553
18563
18573
18584
18594
18604
18615
18625
18635
18646
18656
18666
18677
18687
18697
18707
18718
18728
18738
18749
18759
18769
18780
18790
18800
18811
18821
18831
18842
18852
18862
18872
18883
18893
18903
18914
18924
18934
18945
18955
18965
18976
18986
18996
19006
19017
19027
19037
19048
19058
19068
19079
19089
19099
19109
19120
19130
19141
19151
19162
19172
19183
19193
19204
19214
19225
19235
19246
19257
19267
19278
19288
19299
19309
19320
19330
19341
19351
19362
19373
19383
19394
19404
19415
19425
19436
19446
19457
19467
19477
19487
19498
19508
19518
19529
19539
19549
19560
19570
19580
19590
19601
19611
19621
19632
19642
19652
19663
19673
19683
19693
19704
19714
19724
19735
19745
19755
19766
19777
19787
19797
19807
19818
19828
19838
19849
19859
19869
19880
19890
19900
19910
19921
19931
19941
19952
19962
19972
19982
19993
20003
20013
20024
20034
20044
20055
20065
20075
20086
20096
20106
20117
20127
20137
20147
20158
20168
20178
20189
20199
20209
20220
20230
20240
20250
20261
20271
20281
20292
20302
20312
20323
20333
20343
20353
20364
20375
20385
20396
20406
20416
20427
20437
20447
20458
20468
20478
20489
20499
20509
20519
20530
20540
20550
20561
20571
20581
20592
20602
20612
20622
20633
20643
20653
20664
20674
20684
20695
20705
20715
20726
20736
20746
20757
20767
20777
20787
20798
20808
20818
20829
20839
20849
20860
20870
20880
20890
20901
20911
20921
20932
20942
20952
20963
20973
20983
20994
21004
21014
21024
21035
21045
21055
21066
21076
21086
21096
21107
21117
21127
21138
21148
21158
21169
21179
21189
21200
21210
21220
21231
21241
21251
21262
21272
21282
21293
21303
21313
21324
21334
21344
21354
21365
21375
21385
21396
21406
21416
21427
21437
21447
21458
21468
21478
21489
21499
21509
21519
21530
21540
21550
21561
21571
21581
21592
21602
21612
21622
21633
21643
21653
21664
21674
21684
21695
21705
21715
21726
21736
21746
21756
21767
21777
21787
21798
21808
21818
21829
21839
21849
21860
21870
21880
21890
21901
21911
21921
21932
21942
21952
21963
21973
21983
21994
22004
22014
22025
22035
22045
22055
22066
22076
22086
22097
22107
22117
22128
22138
22148
22159
22169
22179
22189
22200
22210
22220
22231
22241
22252
22262
22272
22282
22293
22304
22315
22326
22337
22348
22358
22369
22379
22389
22400
22410
22420
22430
22441
22451
22461
22472
22482
22492
22503
22513
22523
22533
22544
22554
22564
22575
22586
22597
22607
22620
22630
22641
22651
22661
22671
22682
22692
22702
22713
22723
22733
22743
22754
22765
22776
22787
22798
22809
22820
22831
22842
22853
22864
22875
22886
22897
22908
22918
22929
22939
22949
22959
22969
22980
22990
23000
23010
23021
23031
23041
23051
23061
23072
23082
23092
23102
23112
23123
23133
23143
23153
23164
23174
23184
23194
23204
23214
23225
23235
23245
23255
23266
23276
23286
23296
23306
23316
23327
23337
23347
23357
23368
23378
23388
23398
23408
23419
23429
23439
23449
23459
23470
23480
23490
23501
23511
23521
23531
23541
23552
23562
23572
23582
23592
23602
23613
23623
23633
23643
23654
23664
23674
23685
23695
23706
23717
23727
23738
23749
23760
23770
23781
23792
23804
23814
23824
23835
23845
23855
23866
23876
23886
23897
23907
23918
23928
23938
23948
23959
23969
23979
23990
24000
24011
24021
24031
24041
24052
24062
24072
24083
24093
24103
24114
24124
24134
24144
24155
24165
24175
24185
24195
24206
24216
24226
24236
24246
24257
24267
24277
24287
24297
24308
24318
24328
24338
24348
24359
24369
24379
24389
24399
24410
24420
24430
24440
24450
24461
24471
24481
24491
24501
24512
24522
24532
24542
24553
24563
24573
24583
24593
24604
24614
24624
24634
24644
24655
24665
24675
24685
24696
24706
24716
24726
24736
24747
24757
24767
24778
24788
24798
24809
24819
24829
24840
24850
24860
24870
24881
24891
24901
24911
24922
24932
24942
24953
24963
24973
24983
24993
25004
25014
25024
25034
25045
25055
25065
25075
25085
25096
25106
25116
25126
25136
25147
25157
25167
25177
25187
25198
25208
25218
25228
25238
25249
25259
25269
25279
25290
25300
25310
25320
25331
25341
25351
25361
25372
25382
25392
25402
25413
25423
25433
25443
25453
25464
25474
25484
25494
25505
25515
25525
25535
25545
25556
25566
25576
25586
25597
25607
25617
25627
25637
25648
25658
25668
25678
25688
25698
25709
25719
25729
25739
25750
25760
25770
25780
25791
25801
25811
25822
25832
25842
25852
25863
25873
25883
25894
25904
25914
25924
25935
25945
25955
25965
25976
25986
25996
26006
26017
26027
26037
26048
26058
26068
26078
26089
26099
26109
26119
26130
26140
26150
26160
26171
26181
26191
26201
26212
26222
26232
26242
26253
26263
26273
26283
26294
26304
26314
26324
26335
26345
26355
26366
26376
26386
26397
26407
26418
26428
26439
26449
26459
26469
26480
26490
26500
26511
26521
26531
26541
26551
26562
26572
26582
26592
26603
26613
26623
26634
26644
26654
26664
26674
26684
26695
26705
26715
26725
26735
26746
26756
26766
26776
26786
26796
26807
26817
26827
26837
26847
26858
26868
26878
26888
26898
26908
26919
26929
26939
26949
26959
26969
26980
26990
27001
27011
27021
27031
27042
27052
27062
27072
27083
27093
27103
27113
27124
27134
27144
27154
27164
27175
27185
27195
27205
27215
27225
27236
27246
27256
27266
27276
27286
27297
27307
27318
27328
27338
27348
27358
27369
27379
27389
27399
27409
27419
27430
27440
27450
27460
27470
27481
27491
27501
27511
27521
27532
27542
27552
27562
27572
27583
27593
27603
27613
27624
27635
27646
27657
27667
27677
27688
27698
27708
27719
27729
27739
27750
27760
27770
27780
27791
27801
27811
27822
27832
27842
27853
27863
27874
27885
27895
27906
27916
27926
27937
27947
27957
27968
27978
27988
27998
28009
28019
28029
28040
28050
28061
28071
28082
28092
28103
28113
28124
28134
28145
28155
28166
28176
28187
28197
28208
28218
28229
28239
28249
28260
28270
28280
28291
28301
28311
28322
28332
28342
28352
28363
28373
28383
28394
28404
28414
28425
28435
28445
28456
28466
28476
28487
28497
28507
28518
28528
28538
28549
28560
28570
28581
28591
28601
28612
28622
28633
28643
28654
28664
28674
28684
28695
28705
28715
28726
28736
28747
28758
28768
28778
28789
28799
28809
28819
28830
28840
28850
28861
28871
28881
28891
28902
28912
28922
28933
28943
28953
28964
28974
28984
28994
29005
29015
29025
29036
29046
29056
29067
29077
29087
29097
29108
29118
29128
29139
29149
29159
29170
29180
29190
29201
29211
29222
29233
29243
29254
29264
29275
29285
29296
29306
29317
29327
29337
29348
29358
29369
29379
29390
29401
29411
29422
29432
29443
29453
29464
29474
29485
29495
29506
29516
29527
29537
29548
29558
29569
29579
29592
29602
29613
29623
29633
29644
29654
29664
29675
29685
29696
29706
29717
29727
29738
29748
29758
29769
29779
29790
29800
29811
29821
29831
29842
29852
29863
29873
29884
29894
29905
29915
29925
29936
29946
29957
29967
29978
29988
29999
30009
30019
30030
30040
30051
30061
30071
30081
30092
30102
30112
30123
30133
30143
30153
30164
30174
30184
30195
30205
30215
30225
30236
30246
30256
30267
30277
30287
30298
30308
30318
30329
30339
30349
30359
30370
30380
30390
30401
30411
30421
30432
30442
30452
30462
30473
30483
30494
30504
30514
30525
30535
30545
30556
30566
30576
30587
30597
30607
30617
30628
30638
30648
30659
30669
30679
30690
30700
30710
30721
30731
30741
30752
30762
30772
30782
30793
30803
30813
30824
30834
30844
30855
30865
30875
30886
30896
30906
30917
30927
30937
30947
30958
30968
30978
30989
30999
31009
31019
31030
31040
31050
31061
31071
31081
31091
31102
31112
31122
31133
31143
31153
31163
31174
31184
31194
31205
31215
31225
31235
31246
31256
31266
31276
31287
31297
31307
31318
31328
31338
31348
31359
31369
31379
31390
31400
31410
31420
31431
31441
31451
31462
31472
31482
31492
31503
31513
31523
31534
31544
31554
31564
31575
31585
31595
31605
31616
31626
31636
31647
31657
31667
31677
31688
31698
31708
31719
31729
31739
31749
31760
31770
31780
31791
31801
31811
31821
31832
31842
31852
31863
31873
31883
31893
31904
31914
31924
31935
31945
31955
31965
31976
31986
31996
32007
32017
32027
32037
32048
32058
32068
32079
32089
32099
32110
32120
32130
32140
32151
32161
32171
32182
32192
32202
32212
32223
32233
32243
32254
32264
32274
32285
32295
32305
32316
32326
32336
32346
32357
32367
32377
32388
32398
32408
32419
32429
32439
32450
32460
32470
32481
32491
32501
32512
32522
32532
32542
32553
32563
32573
32584
32594
32604
32614
32625
32635
32645
32656
32666
32676
32687
32697
32707
32717
32728
32738
32748
32759
32769
32779
32789
32800
32810
32820
32831
32841
32851
32862
32872
32882
32893
32903
32913
32923
32934
32944
32954
32965
32975
32985
32996
33006
33016
33026
33037
33047
33057
33068
33078
33088
33098
33109
33119
33129
33140
33150
33160
33171
33181
33191
33202
33212
33222
33232
33243
33253
33263
33274
33284
33294
33305
33315
33325
33336
33346
33356
33367
33377
33387
33398
33408
33418
33429
33439
33449
33460
33470
33480
33490
33501
33511
33521
33532
33542
33552
33563
33573
33583
33594
33604
33614
33625
33635
33645
33655
33666
33676
33686
33697
33707
33717
33728
33738
33748
33759
33769
33779
33790
33800
33810
33821
33831
33841
33852
33862
33873
33883
33893
33904
33914
33924
33935
33945
33955
33966
33976
33986
33997
34007
34017
34027
34038
34049
34059
34069
34079
34090
34100
34110
34121
34131
34141
34152
34162
34172
34182
34193
34203
34213
34224
34234
34244
34254
34265
34275
34285
34296
34306
34316
34327
34337
34347
34357
34368
34378
34388
34399
34409
34419
34430
34440
34450
34461
34471
34481
34492
34502
34512
34522
34533
34543
34554
34564
34574
34585
34597
34608
34618
34628
34638
34649
34659
34669
34680
34690
34700
34710
34721
34731
34741
34752
34762
34772
34783
34793
34803
34813
34824
34834
34844
34855
34865
34875
34886
34896
34906
34916
34927
34937
34947
34958
34968
34978
34989
34999
35009
35019
35030
35040
35050
35061
35072
35082
35092
35103
35113
35123
35133
35144
35154
35164
35175
35185
35195
35206
35216
35226
35236
35247
35257
35267
35278
35288
35298
35308
35319
35329
35339
35350
35360
35370
35381
35391
35401
35411
35422
35432
35442
35453
35463
35473
35483
35494
35504
35514
35525
35535
35545
35556
35566
35576
35586
35597
35607
35617
35628
35638
35648
35658
35669
35679
35689
35700
35710
35720
35731
35741
35751
35762
35772
35782
35793
35803
35813
35823
35834
35844
35854
35865
35875
35885
35895
35906
35916
35926
35937
35947
35957
35968
35978
35988
35998
36009
36019
36029
36040
36050
36060
36071
36081
36091
36101
36112
36122
36132
36142
36152
36163
36173
36183
36193
36203
36213
36224
36234
36244
36254
36264
36274
36285
36295
36305
36315
36325
36335
36346
36356
36366
36376
36386
36397
36407
36417
36427
36437
36447
36458
36468
36478
36488
36498
36508
36519
36529
36539
36549
36559
36570
36580
36590
36600
36610
36620
36631
36641
36651
36661
36671
36682
36692
36702
36712
36722
36732
36743
36753
36763
36773
36783
36793
36804
36814
36824
36834
36844
36855
36865
36875
36885
36895
36906
36916
36926
36936
36946
36957
36967
36977
36987
36997
37008
37018
37028
37038
37048
37059
37069
37079
37089
37099
37110
37120
37130
37141
37151
37161
37171
37182
37192
37202
37213
37223
37233
37243
37254
37264
37274
37285
37295
37305
37315
37326
37336
37346
37357
37367
37377
37387
37398
37408
37418
37429
37439
37449
37460
37470
37480
37490
37501
37511
37521
37532
37542
37552
37562
37573
37583
37593
37604
37615
37626
37637
37648
37659
37670
37681
37692
37702
37713
37723
37733
37744
37754
37764
37775
37785
37795
37805
37816
37826
37836
37847
37857
37867
37878
37888
37898
37909
37919
37929
37939
37950
37960
37970
37981
37991
38001
38011
38022
38032
38042
38053
38063
38073
38084
38094
38104
38114
38125
38135
38145
38156
38166
38176
38187
38197
38207
38218
38228
38238
38249
38259
38269
38280
38290
38300
38310
38321
38331
38341
38352
38362
38372
38383
38393
38403
38414
38424
38434
38444
38455
38465
38475
38486
38496
38506
38517
38527
38537
38547
38558
38568
38578
38589
38599
38609
38620
38630
38640
38650
38661
38671
38681
38692
38702
38712
38723
38733
38743
38754
38764
38774
38785
38795
38805
38815
38826
38836
38846
38857
38867
38877
38887
38898
38908
38918
38929
38939
38949
38960
38970
38980
38990
39001
39011
39021
39032
39042
39052
39062
39073
39083
39093
39104
39114
39124
39134
39145
39155
39165
39176
39186
39196
39207
39217
39227
39238
39248
39258
39268
39279
39289
39299
39310
39320
39330
39341
39351
39361
39371
39382
39392
39402
39413
39423
39433
39444
39454
39464
39475
39485
39495
39506
39516
39526
39536
39547
39557
39567
39578
39588
39598
39609
39619
39629
39640
39650
39660
39670
39681
39691
39701
39712
39722
39732
39743
39753
39763
39773
39784
39794
39804
39815
39825
39835
39845
39856
39866
39876
39887
39897
39907
39918
39928
39938
39949
39959
39969
39979
39990
40000
40010
40021
40031
40041
40052
40062
40072
40082
40093
40103
40113
40124
40134
40144
40154
40165
40175
40185
40196
40206
40216
40227
40237
40247
40257
40268
40278
40288
40299
40309
40319
40330
40340
40350
40360
40371
40381
40391
40402
40412
40422
40433
40443
40454
40464
40475
40485
40495
40505
40516
40526
40536
40547
40557
40567
40578
40588
40598
40608
40619
40630
40640
40650
40661
40671
40681
40691
40702
40712
40722
40733
40743
40753
40764
40774
40784
40795
40805
40816
40826
40836
40847
40857
40867
40878
40888
40898
40909
40919
40929
40939
40950
40960
40970
40981
40991
41001
41011
41022
41032
41042
41053
41063
41073
41084
41094
41104
41114
41125
41135
41145
41156
41166
41176
41187
41197
41208
41218
41228
41239
41249
41259
41270
41280
41291
41301
41311
41322
41332
41343
41353
41364
41374
41384
41395
41405
41416
41426
41436
41447
41457
41468
41478
41488
41499
41509
41520
41530
41540
41551
41561
41571
41582
41592
41603
41613
41623
41633
41643
41653
41664
41674
41684
41694
41704
41715
41725
41735
41745
41755
41766
41776
41786
41796
41806
41817
41827
41837
41847
41857
41868
41878
41888
41898
41908
41919
41929
41939
41949
41959
41970
41980
41990
42000
42010
42021
42031
42041
42051
42061
42072
42082
42092
42102
42113
42123
42133
42143
42154
42164
42174
42185
42195
42205
42216
42226
42236
42247
42257
42267
42278
42288
42298
42309
42319
42329
42339
42350
42360
42370
42381
42391
42401
42411
42422
42432
42442
42453
42463
42473
42484
42494
42504
42515
42525
42535
42546
42556
42566
42577
42589
42599
42610
42620
42630
42640
42651
42661
42671
42682
42692
42702
42712
42723
42736
42746
42757
42767
42777
42787
42798
42808
42818
42829
42839
42849
42859
42870
42880
42890
42901
42911
42921
42931
42942
42952
42962
42973
42983
42993
43003
43014
43024
43034
43044
43055
43065
43075
43086
43096
43106
43117
43127
43137
43147
43158
43168
43178
43188
43199
43209
43219
43230
43240
43250
43261
43271
43281
43291
43302
43312
43322
43333
43343
43353
43363
43374
43384
43394
43405
43415
43425
43436
43446
43456
43466
43477
43487
43497
43508
43518
43528
43538
43549
43559
43569
43579
43590
43600
43610
43621
43631
43641
43651
43662
43672
43682
43692
43703
43713
43723
43733
43744
43754
43764
43774
43785
43795
43805
43816
43826
43836
43846
43857
43867
43877
43888
43898
43908
43918
43929
43939
43949
43960
43970
43980
43990
44001
44011
44021
44031
44042
44052
44062
44073
44083
44093
44104
44114
44124
44134
44145
44155
44165
44176
44186
44196
44206
44217
44227
44237
44248
44258
44268
44278
44289
44299
44309
44320
44330
44340
44350
44361
44371
44381
44392
44402
44412
44422
44433
44443
44453
44464
44474
44484
44494
44505
44515
44525
44536
44546
44556
44567
44577
44587
44597
44608
44618
44628
44638
44648
44658
44669
44679
44689
44699
44709
44719
44730
44740
44750
44760
44770
44780
44791
44801
44811
44821
44831
44841
44852
44862
44872
44882
44892
44902
44912
44923
44933
44943
44953
44963
44974
44984
44994
45004
45014
45025
45035
45045
45056
45066
45076
45087
45097
45107
45117
45127
45138
45148
45158
45169
45179
45189
45200
45210
45220
45230
45241
45251
45261
45271
45282
45292
45302
45313
45323
45333
45343
45354
45364
45374
45385
45395
45405
45415
45426
45436
45446
45456
45467
45477
45487
45498
45508
45518
45528
45539
45549
45559
45570
45580
45590
45600
45611
45621
45631
45641
45651
45661
45672
45682
45692
45702
45712
45723
45733
45743
45753
45763
45773
45784
45794
45804
45814
45824
45834
45845
45855
45865
45875
45885
45895
45906
45916
45926
45936
45946
45956
45967
45977
45987
45997
46007
46017
46028
46038
46048
46058
46068
46078
46089
46099
46109
46119
46130
46140
46150
46161
46171
46181
46191
46202
46212
46222
46232
46243
46253
46263
46274
46284
46294
46304
46315
46325
46335
46346
46356
46366
46376
46387
46397
46407
46418
46428
46438
46449
46459
46469
46479
46490
46500
46510
46521
46531
46541
46551
46562
46572
46582
46593
46603
46613
46623
46634
46644
46654
46665
46675
46685
46696
46706
46716
46726
46737
46747
46757
46767
46778
46788
46799
46809
46819
46830
46840
46851
46861
46871
46882
46892
46902
46913
46923
46933
46944
46954
46964
46975
46985
46995
47005
47016
47026
47036
47047
47057
47067
47077
47088
47098
47108
47119
47129
47139
47149
47160
47170
47180
47191
47201
47211
47221
47232
47242
47252
47263
47273
47283
47293
47304
47314
47324
47334
47345
47355
47365
47376
47386
47396
47406
47417
47427
47437
47448
47458
47468
47478
47489
47499
47509
47520
47530
47540
47550
47561
47571
47581
47591
47602
47612
47622
47633
47643
47653
47663
47674
47684
47694
47704
47715
47725
47735
47746
47756
47766
47776
47787
47797
47807
47818
47828
47838
47848
47859
47869
47879
47889
47900
47910
47920
47930
47941
47951
47961
47972
47982
47992
48002
48013
48023
48033
48043
48054
48064
48074
48085
48095
48105
48115
48126
48136
48146
48157
48167
48177
48187
48198
48208
48218
48229
48239
48249
48259
48270
48280
48290
48301
48311
48321
48331
48342
48352
48362
48373
48383
48393
48403
48414
48424
48434
48445
48455
48465
48475
48486
48496
48506
48516
48527
48537
48547
48558
48568
48578
48589
48599
48609
48619
48630
48640
48650
48661
48671
48681
48691
48702
48712
48722
48733
48743
48753
48763
48774
48784
48794
48805
48815
48825
48836
48846
48856
48867
48877
48887
48897
48908
48918
48928
48939
48949
48959
48970
48980
48990
49000
49011
49021
49031
49042
49052
49062
49073
49083
49093
49103
49114
49124
49134
49144
49154
49165
49175
49185
49195
49205
49216
49226
49236
49246
49256
49267
49277
49287
49297
49307
49318
49328
49338
49348
49358
49369
49379
49389
49399
49409
49420
49430
49440
49450
49460
49471
49481
49491
49501
49511
49522
49532
49542
49552
49562
49573
49583
49593
49603
49613
49624
49634
49644
49655
49665
49675
49685
49696
49706
49716
49727
49737
49747
49757
49768
49778
49788
49799
49809
49819
49830
49840
49850
49861
49871
49881
49891
49902
49912
49922
49933
49943
49953
49963
49974
49984
49994
50005
50015
50025
50036
50046
50058
50069
50080
50091
50102
50113
50123
50133
50143
50154
50164
50174
50185
50195
50205
50215
50226
50236
50246
50257
50267
50277
50287
50298
50308
50318
50329
50339
50349
50359
50370
50380
50390
50401
50411
50421
50431
50442
50452
50463
50473
50483
50493
50504
50514
50524
50535
50545
50555
50566
50576
50586
50597
50607
50617
50627
50638
50648
50658
50668
50678
50689
50699
50709
50719
50729
50739
50750
50760
50770
50780
50790
50801
50811
50821
50831
50841
50851
50862
50872
50882
50892
50903
50913
50923
50933
50944
50954
50964
50974
50984
50995
51005
51016
51026
51036
51046
51056
51067
51077
51087
51097
51108
51118
51128
51138
51148
51159
51169
51179
51189
51199
51210
51220
51230
51240
51250
51260
51271
51281
51291
51301
51311
51322
51332
51342
51352
51362
51373
51383
51393
51403
51413
51424
51434
51444
51454
51464
51475
51485
51495
51505
51516
51526
51536
51546
51556
51567
51577
51587
51597
51608
51618
51628
51638
51648
51659
51669
51679
51689
51700
51710
51720
51730
51740
51751
51761
51771
51781
51791
51802
51812
51822
51832
51842
51852
51863
51873
51883
51893
51903
51914
51924
51934
51944
51954
51965
51975
51985
51995
52005
52016
52026
52036
52046
52056
52066
52077
52087
52097
52107
52117
52128
52138
52148
52158
52168
52179
52189
52199
52209
52219
52230
52240
52250
52260
52271
52281
52291
52302
52312
52323
52333
52344
52354
52364
52375
52385
52395
52405
52415
52425
52436
52446
52456
52466
52476
52487
52497
52507
52517
52527
52538
52548
52558
52568
52578
52589
52599
52609
52619
52630
52640
52650
52661
52671
52681
52692
52702
52712
52722
52733
52744
52754
52765
52776
52786
52797
52807
52817
52828
52838
52848
52858
52869
52879
52890
52900
52910
52920
52931
52941
52951
52962
52972
52982
52993
53003
53013
53024
53034
53044
53055
53065
53075
53086
53096
53106
53116
53126
53137
53147
53157
53167
53178
53188
53198
53208
53219
53229
53239
53249
53259
53270
53280
53290
53300
53310
53321
53331
53341
53351
53361
53372
53382
53392
53402
53412
53422
53433
53443
53453
53463
53473
53483
53494
53504
53514
53524
53534
53545
53555
53565
53575
53585
53595
53606
53616
53626
53636
53646
53656
53667
53677
53687
53697
53707
53717
53728
53738
53748
53758
53768
53778
53789
53799
53809
53819
53829
53840
53850
53860
53871
53881
53891
53901
53911
53922
53932
53942
53952
53962
53973
53983
53993
54003
54013
54024
54034
54044
54054
54064
54075
54085
54095
54105
54116
54126
54136
54146
54156
54167
54177
54187
54197
54207
54218
54228
54238
54248
54258
54269
54279
54289
54299
54309
54319
54330
54340
54350
54360
54370
54380
54391
54401
54411
54421
54431
54442
54452
54462
54472
54482
54492
54503
54513
54523
54533
54543
54554
54564
54574
54584
54594
54605
54615
54625
54636
54646
54656
54667
54677
54687
54697
54708
54718
54728
54739
54749
54759
54770
54780
54790
54800
54811
54821
54831
54842
54852
54862
54873
54883
54893
54903
54914
54924
54934
54945
54955
54965
54975
54986
54996
55006
55017
55027
55037
55047
55058
55068
55078
55089
55099
55109
55120
55130
55140
55151
55161
55171
55182
55192
55202
55213
55223
55233
55243
55254
55264
55274
55285
55295
55305
55316
55326
55336
55346
55357
55367
55377
55388
55398
55409
55419
55429
55440
55450
55461
55471
55481
55492
55502
55513
55523
55534
55545
55555
55565
55576
55586
55596
55607
55617
55627
55637
55648
55658
55668
55678
55689
55699
55709
55720
55730
55740
55750
55760
55770
55781
55791
55801
55811
55821
55832
55842
55852
55862
55872
55883
55893
55903
55913
55923
55934
55944
55954
55964
55974
55984
55995
56005
56015
56025
56035
56046
56056
56066
56076
56086
56096
56107
56117
56127
56137
56148
56158
56168
56179
56189
56199
56209
56220
56230
56240
56251
56261
56271
56281
56292
56302
56312
56322
56333
56343
56353
56364
56374
56384
56394
56405
56415
56425
56436
56446
56456
56466
56477
56487
56497
56508
56518
56528
56538
56549
56559
56569
56579
56590
56600
56610
56620
56631
56641
56651
56661
56671
56682
56692
56702
56712
56722
56732
56743
56753
56763
56773
56783
56794
56804
56814
56824
56835
56845
56855
56865
56875
56885
56896
56906
56916
56926
56936
56946
56957
56967
56977
56987
56997
57008
57018
57028
57038
57048
57058
57069
57079
57089
57099
57109
57120
57130
57140
57151
57161
57171
57182
57192
57202
57212
57223
57233
57243
57254
57264
57274
57285
57295
57305
57315
57326
57336
57346
57357
57367
57377
57388
57398
57408
57418
57429
57439
57449
57460
57470
57480
57490
57501
57511
57521
57532
57542
57552
57562
57573
57583
57593
57603
57614
57624
57634
57645
57655
57665
57676
57686
57696
57706
57717
57727
57737
57747
57758
57768
57778
57792
57802
57813
57823
57833
57844
57854
57865
57875
57885
57896
57907
57917
57927
57938
57948
57958
57968
57979
57989
57999
58010
58020
58030
58040
58051
58061
58071
58082
58092
58102
58112
58123
58133
58143
58154
58164
58174
58185
58195
58207
58217
58228
58238
58248
58259
58269
58279
58289
58300
58310
58320
58330
58341
58351
58361
58372
58382
58392
58402
58413
58423
58433
58444
58454
58464
58475
58485
58495
58505
58516
58526
58536
58547
58557
58567
58577
58588
58598
58608
58619
58629
58639
58649
58660
58670
58680
58691
58701
58711
58721
58732
58742
58752
58762
58773
58783
58793
58804
58814
58824
58834
58845
58855
58865
58876
58886
58896
58906
58917
58927
58937
58948
58958
58968
58978
58989
58999
59009
59019
59030
59040
59050
59061
59071
59081
59092
59102
59112
59122
59133
59143
59153
59164
59174
59184
59194
59205
59215
59225
59235
59246
59256
59266
59277
59287
59297
59307
59318
59328
59338
59349
59359
59369
59379
59390
59400
59410
59420
59431
59441
59452
59462
59472
59483
59493
59503
59514
59524
59534
59545
59555
59565
59575
59586
59596
59606
59616
59627
59637
59647
59658
59668
59678
59688
59699
59709
59719
59730
59740
59750
59760
59771
59781
59791
59802
59812
59822
59832
59843
59853
59863
59874
59884
59894
59905
59915
59925
59935
59946
59956
59966
59977
59987
59997
60007
60018
60028
60038
60049
60059
60069
60079
60090
60100
60110
60120
60131
60141
60151
60162
60172
60182
60192
60203
60213
60223
60234
60244
60254
60264
60275
60285
60295
60306
60316
60326
60336
60347
60357
60367
60378
60388
60398
60408
60419
60429
60439
60450
60460
60470
60480
60491
60501
60511
60522
60532
60542
60553
60563
60573
60583
60594
60604
60614
60625
60635
60645
60655
60666
60676
60686
60696
60707
60717
60727
60738
60748
60758
60768
60779
60789
60799
60810
60820
60830
60840
60851
60861
60871
60882
60892
60902
60913
60923
60933
60943
60954
60964
60976
60986
60997
61007
61017
61027
61038
61048
61058
61072
61082
61092
61103
61113
61123
61133
61143
61153
61164
61174
61184
61194
61204
61214
61224
61235
61245
61255
61265
61276
61286
61296
61306
61317
61327
61337
61348
61358
61368
61378
61389
61399
61409
61420
61430
61440
61450
61461
61471
61481
61491
61502
61512
61522
61533
61543
61553
61563
61574
61584
61594
61605
61615
61625
61635
61646
61656
61666
61677
61687
61697
61707
61718
61728
61738
61748
61759
61769
61779
61790
61800
61810
61820
61831
61841
61851
61862
61872
61882
61893
61903
61913
61923
61934
61944
61954
61965
61975
61985
61995
62006
62016
62026
62037
62047
62057
62067
62078
62088
62098
62108
62119
62129
62139
62150
62160
62170
62180
62191
62201
62211
62222
62232
62242
62253
62263
62273
62283
62294
62304
62314
62324
62335
62345
62355
62366
62376
62386
62396
62407
62417
62427
62438
62448
62458
62469
62479
62489
62499
62510
62520
62530
62541
62551
62561
62571
62582
62592
62602
62613
62623
62633
62643
62654
62664
62674
62685
62695
62705
62715
62726
62736
62746
62757
62767
62777
62787
62798
62808
62818
62829
62839
62849
62859
62870
62880
62890
62901
62911
62921
62931
62942
62952
62962
62973
62983
62993
63003
63014
63024
63034
63045
63055
63065
63075
63086
63096
63106
63117
63127
63137
63147
63158
63168
63178
63189
63199
63209
63219
63230
63240
63250
63261
63271
63281
63291
63302
63312
63322
63332
63343
63353
63363
63374
63384
63394
63404
63415
63425
63435
63445
63456
63466
63476
63486
63497
63507
63517
63528
63538
63548
63558
63569
63579
63589
63600
63610
63620
63630
63641
63651
63661
63672
63682
63692
63702
63713
63723
63733
63743
63754
63764
63774
63785
63795
63805
63815
63826
63836
63846
63857
63867
63877
63887
63898
63908
63918
63929
63939
63949
63959
63970
63980
63990
64001
64011
64021
64031
64042
64052
64062
64072
64083
64093
64103
64114
64124
64134
64144
64155
64165
64175
64186
64196
64206
64216
64227
64237
64247
64257
64268
64278
64288
64298
64309
64319
64329
64339
64350
64360
64370
64381
64391
64401
64412
64422
64432
64443
64453
64463
64473
64484
64494
64504
64514
64525
64535
64545
64556
64566
64576
64586
64597
64607
64617
64627
64638
64648
64658
64669
64679
64689
64700
64710
64720
64730
64741
64751
64761
64771
64782
64792
64802
64813
64823
64833
64844
64854
64864
64874
64885
64895
64905
64916
64926
64936
64947
64957
64967
64977
64988
64998
65008
65018
65029
65039
65049
65060
65070
65080
65090
65101
65111
65121
65131
65142
65152
65162
65173
65183
65193
65203
65214
65224
65234
65245
65255
65265
65275
65286
65296
65306
65316
65327
65337
65347
65358
65368
65378
65388
65399
65409
65419
65430
65440
65450
65460
65471
65481
65491
65502
65512
65522
65532
65543
65553
65563
65574
65584
65594
65604
65615
65625
65635
65646
65656
65666
65677
65687
65697
65707
65718
65728
65738
65749
65759
65769
65779
65790
65800
65810
65821
65831
65841
65851
65862
65872
65882
65893
65903
65913
65923
65934
65944
65954
65965
65975
65985
65995
66006
66016
66026
66037
66047
66057
66067
66078
66088
66098
66109
66120
66131
66141
66151
66162
66172
66182
66192
66203
66213
66223
66234
66244
66254
66264
66275
66285
66295
66306
66316
66326
66336
66347
66357
66367
66377
66388
66398
66408
66419
66429
66439
66449
66460
66470
66480
66490
66501
66511
66521
66531
66542
66552
66562
66573
66583
66593
66603
66614
66624
66634
66645
66655
66665
66675
66686
66696
66706
66716
66727
66737
66747
66758
66768
66778
66788
66799
66809
66819
66830
66840
66850
66860
66871
66881
66891
66901
66912
66922
66932
66942
66953
66963
66973
66983
66994
67004
67014
67024
67035
67045
67055
67066
67076
67086
67096
67107
67117
67127
67137
67148
67158
67168
67179
67189
67199
67209
67220
67230
67240
67250
67261
67271
67281
67291
67302
67312
67322
67333
67343
67353
67363
67374
67384
67394
67405
67415
67425
67436
67446
67456
67466
67477
67487
67497
67508
67518
67528
67538
67549
67559
67569
67580
67590
67600
67611
67621
67631
67641
67652
67662
67672
67682
67693
67703
67713
67724
67735
67745
67755
67766
67776
67786
67796
67807
67817
67827
67838
67848
67858
67868
67879
67889
67899
67910
67920
67930
67940
67951
67961
67971
67981
67992
68002
68012
68022
68033
68043
68053
68063
68074
68084
68094
68105
68115
68125
68135
68146
68156
68166
68176
68187
68197
68207
68218
68228
68238
68248
68259
68269
68279
68290
68300
68310
68320
68331
68341
68351
68362
68372
68382
68392
68403
68413
68423
68434
68444
68454
68464
68475
68485
68495
68505
68516
68526
68536
68547
68557
68567
68577
68588
68598
68609
68619
68629
68639
68650
68660
68670
68680
68691
68701
68711
68722
68732
68748
68758
68769
68779
68789
68799
68810
68820
68830
68840
68851
68861
68871
68882
68892
68902
68912
68923
68933
68943
68953
68964
68974
68984
68995
69005
69015
69025
69036
69046
69056
69067
69077
69087
69097
69108
69118
69128
69139
69149
69159
69169
69180
69190
69200
69211
69221
69231
69241
69252
69262
69272
69282
69293
69303
69313
69324
69334
69344
69354
69365
69375
69385
69395
69406
69416
69426
69437
69447
69457
69467
69478
69488
69498
69508
69519
69529
69539
69550
69560
69570
69580
69591
69601
69611
69622
69632
69642
69653
69663
69673
69683
69694
69704
69714
69724
69735
69745
69755
69765
69776
69786
69796
69806
69817
69827
69837
69848
69858
69868
69878
69889
69899
69909
69919
69930
69940
69950
69961
69971
69981
69991
70002
70012
70022
70032
70043
70053
70063
70074
70084
70094
70105
70115
70125
70135
70146
70156
70166
70177
70187
70197
70207
70218
70228
70238
70249
70259
70269
70279
70290
70300
70310
70320
70331
70341
70351
70362
70372
70383
70393
70403
70414
70424
70434
70444
70455
70465
70475
70486
70496
70506
70516
70527
70537
70547
70558
70568
70578
70588
70599
70609
70619
70629
70640
70650
70660
70671
70681
70691
70701
70712
70722
70732
70743
70753
70763
70773
70784
70794
70804
70814
70825
70835
70845
70856
70866
70876
70886
70897
70907
70917
70927
70938
70948
70958
70969
70979
70989
70999
71010
71020
71030
71041
71051
71061
71071
71082
71092
71102
71113
71123
71133
71143
71154
71164
71174
71184
71195
71205
71215
71225
71236
71246
71256
71267
71277
71287
71297
71308
71318
71328
71338
71349
71359
71369
71379
71390
71400
71410
71420
71431
71441
71451
71462
71472
71482
71492
71503
71513
71523
71533
71544
71554
71564
71575
71585
71595
71605
71616
71626
71636
71647
71657
71667
71677
71688
71698
71708
71718
71729
71739
71749
71760
71770
71780
71790
71801
71811
71821
71831
71842
71852
71862
71873
71883
71893
71903
71914
71924
71934
71944
71955
71965
71975
71986
71996
72006
72017
72027
72037
72047
72058
72068
72078
72088
72099
72109
72119
72130
72140
72150
72160
72171
72181
72191
72202
72212
72222
72232
72243
72253
72263
72274
72284
72294
72304
72315
72325
72335
72346
72356
72366
72376
72387
72397
72407
72418
72428
72438
72449
72459
72469
72479
72490
72500
72510
72521
72531
72541
72551
72562
72572
72582
72592
72603
72613
72623
72634
72644
72654
72664
72675
72685
72695
72706
72716
72726
72736
72747
72757
72767
72778
72788
72798
72808
72819
72829
72839
72850
72860
72870
72880
72891
72901
72911
72921
72932
72942
72952
72963
72973
72983
72993
73004
73014
73024
73034
73045
73055
73065
73076
73086
73096
73106
73117
73127
73137
73147
73158
73168
73178
73189
73199
73209
73219
73230
73240
73250
73260
73271
73281
73291
73302
73312
73322
73332
73343
73353
73363
73373
73384
73394
73404
73414
73425
73435
73445
73455
73466
73476
73486
73496
73507
73517
73527
73538
73548
73558
73568
73579
73589
73599
73610
73620
73630
73640
73651
73661
73671
73681
73692
73702
73712
73723
73733
73743
73753
73764
73774
73784
73795
73805
73815
73825
73836
73846
73856
73866
73877
73887
73897
73908
73918
73928
73938
73949
73959
73969
73979
73990
74000
74010
74021
74031
74041
74051
74062
74072
74082
74093
74103
74113
74123
74134
74144
74154
74165
74175
74185
74195
74206
74216
74226
74236
74247
74257
74267
74278
74288
74298
74308
74319
74329
74340
74350
74360
74371
74381
74391
74401
74412
74423
74434
74444
74454
74465
74475
74485
74496
74506
74516
74527
74537
74548
74558
74568
74579
74589
74599
74610
74620
74630
74640
74651
74661
74671
74681
74692
74702
74712
74722
74733
74743
74753
74763
74774
74784
74794
74804
74815
74825
74835
74845
74856
74866
74876
74886
74897
74907
74917
74928
74938
74948
74958
74969
74979
74989
74999
75010
75020
75030
75040
75051
75061
75071
75082
75092
75102
75112
75123
75133
75143
75154
75164
75174
75184
75195
75205
75215
75226
75236
75246
75257
75267
75277
75287
75298
75308
75318
75329
75339
75349
75359
75370
75380
75390
75401
75411
75421
75431
75442
75452
75462
75473
75483
75493
75503
75514
75524
75534
75545
75555
75565
75575
75586
75596
75606
75617
75627
75637
75648
75658
75668
75678
75689
75699
75709
75719
75730
75740
75750
75761
75771
75781
75792
75802
75812
75822
75833
75843
75853
75863
75874
75884
75894
75905
75915
75925
75935
75946
75956
75966
75977
75987
75997
76007
76018
76028
76038
76049
76059
76069
76079
76090
76100
76110
76121
76131
76141
76151
76162
76172
76182
76193
76203
76213
76224
76234
76244
76254
76265
76275
76285
76296
76306
76316
76326
76337
76347
76357
76368
76378
76388
76399
76409
76419
76429
76440
76450
76460
76471
76481
76491
76501
76512
76522
76532
76543
76553
76563
76573
76584
76594
76604
76615
76625
76635
76645
76656
76666
76676
76687
76697
76707
76717
76728
76738
76748
76759
76769
76779
76789
76800
76810
76820
76831
76841
76851
76861
76872
76882
76892
76903
76913
76923
76933
76944
76954
76964
76975
76985
76995
77005
77016
77026
77036
77046
77057
77067
77077
77088
77098
77108
77118
77129
77139
77149
77159
77170
77180
77190
77201
77211
77221
77231
77242
77252
77262
77272
77283
77293
77303
77314
77324
77334
77344
77355
77365
77375
77386
77396
77406
77417
77427
77437
77448
77458
77468
77478
77489
77499
77509
77520
77530
77540
77550
77561
77571
77581
77592
77602
77612
77622
77633
77643
77653
77664
77674
77684
77694
77705
77715
77725
77735
77746
77756
77766
77777
77787
77797
77807
77818
77828
77838
77849
77859
77869
77879
77890
77900
77910
77921
77931
77941
77951
77962
77972
77982
77993
78003
78013
78023
78034
78044
78054
78064
78075
78085
78095
78106
78116
78126
78136
78147
78157
78167
78178
78188
78198
78208
78219
78229
78239
78250
78260
78270
78280
78291
78301
78311
78322
78332
78342
78352
78363
78373
78383
78394
78404
78414
78424
78435
78445
78455
78466
78476
78486
78496
78507
78517
78527
78538
78548
78558
78568
78579
78589
78599
78609
78620
78630
78640
78651
78661
78672
78682
78692
78702
78713
78723
78733
78743
78754
78764
78774
78785
78795
78805
78815
78826
78836
78846
78857
78867
78877
78887
78898
78908
78920
78930
78940
78950
78961
78971
78981
78991
79002
79012
79022
79033
79043
79053
79063
79074
79084
79094
79104
79115
79125
79135
79146
79156
79166
79177
79187
79197
79207
79218
79228
79238
79249
79259
79269
79279
79290
79300
79310
79320
79331
79341
79351
79362
79372
79382
79392
79403
79413
79423
79434
79444
79454
79465
79475
79485
79495
79506
79516
79526
79537
79547
79557
79567
79578
79588
79598
79608
79619
79629
79639
79650
79660
79671
79681
79692
79702
79713
79723
79733
79744
79754
79764
79775
79785
79795
79806
79816
79826
79836
79847
79857
79867
79878
79888
79898
79908
79919
79929
79939
79950
79960
79970
79980
79991
80001
80011
80021
80032
80042
80052
80063
80073
80083
80094
80104
80114
80124
80135
80145
80156
80167
80177
80187
80198
80208
80218
80228
80239
80249
80259
80270
80280
80290
80300
80311
80321
80331
80341
80352
80362
80372
80382
80393
80403
80413
80424
80434
80444
80454
80465
80475
80485
80495
80506
80516
80526
80536
80547
80557
80567
80577
80588
80598
80608
80619
80629
80639
80649
80660
80670
80680
80690
80701
80711
80721
80731
80742
80752
80762
80773
80783
80793
80803
80814
80824
80834
80844
80855
80865
80875
80885
80896
80906
80916
80927
80937
80947
80957
80968
80978
80988
80999
81009
81019
81029
81040
81050
81060
81070
81081
81091
81101
81112
81122
81132
81142
81153
81163
81173
81184
81194
81204
81214
81225
81235
81245
81256
81266
81276
81286
81297
81307
81317
81328
81338
81348
81358
81369
81379
81389
81399
81410
81420
81430
81441
81451
81461
81472
81482
81493
81503
81514
81524
81535
81545
81555
81566
81576
81587
81597
81607
81617
81628
81638
81648
81658
81669
81679
81689
81700
81711
81721
81731
81741
81752
81762
81772
81783
81793
81803
81813
81824
81834
81844
81854
81865
81875
81885
81896
81906
81916
81926
81937
81947
81957
81968
81978
81988
81998
82009
82019
82029
82039
82050
82060
82070
82081
82091
82101
82112
82122
82132
82142
82153
82163
82173
82183
82194
82204
82214
82225
82235
82245
82255
82266
82276
82286
82297
82307
82317
82327
82338
82348
82358
82369
82379
82389
82399
82410
82420
82430
82441
82451
82461
82471
82482
82492
82502
82513
82523
82533
82543
82554
82564
82574
82585
82595
82605
82615
82626
82636
82646
82656
82667
82677
82687
82698
82708
82718
82729
82739
82749
82759
82770
82780
82790
82800
82811
82821
82831
82842
82852
82862
82872
82883
82893
82903
82914
82924
82934
82944
82955
82965
82975
82986
82996
83006
83016
83027
83037
83047
83058
83068
83078
83088
83099
83109
83119
83130
83140
83150
83160
83171
83181
83191
83202
83212
83222
83232
83243
83253
83263
83274
83284
83294
83304
83315
83325
83335
83346
83356
83366
83376
83387
83397
83407
83418
83428
83438
83449
83459
83469
83479
83490
83500
83510
83521
83531
83541
83552
83562
83572
83582
83593
83603
83613
83623
83634
83644
83654
83665
83675
83685
83695
83706
83716
83726
83737
83747
83757
83768
83778
83788
83798
83809
83819
83829
83839
83850
83860
83870
83881
83891
83901
83911
83922
83932
83942
83953
83963
83973
83983
83994
84004
84014
84025
84035
84045
84056
84066
84076
84087
84097
84107
84118
84128
84138
84149
84159
84169
84179
84190
84200
84210
84220
84231
84241
84251
84262
84272
84282
84292
84303
84313
84323
84333
84344
84354
84364
84375
84385
84395
84405
84416
84426
84436
84447
84457
84467
84477
84488
84498
84508
84518
84529
84539
84549
84560
84570
84580
84590
84601
84611
84621
84631
84641
84652
84662
84672
84682
84692
84703
84713
84723
84733
84743
84754
84764
84774
84784
84794
84804
84815
84825
84835
84845
84855
84866
84876
84886
84896
84906
84916
84927
84937
84947
84957
84967
84978
84988
84998
85008
85018
85029
85039
85049
85059
85069
85080
85090
85100
85110
85120
85131
85141
85151
85161
85172
85182
85192
85203
85213
85223
85234
85244
85254
85264
85275
85285
85295
85306
85316
85326
85336
85347
85357
85367
85377
85388
85398
85408
85419
85429
85439
85449
85460
85470
85480
85491
85501
85511
85521
85532
85542
85552
85563
85573
85583
85593
85604
85614
85624
85635
85645
85655
85665
85676
85686
85696
85707
85717
85727
85737
85748
85758
85768
85779
85789
85799
85809
85820
85830
85840
85850
85861
85871
85881
85892
85902
85912
85922
85933
85943
85953
85964
85974
85984
85994
86005
86015
86025
86035
86046
86056
86066
86077
86087
86097
86108
86118
86129
86139
86150
86160
86171
86181
86191
86202
86212
86223
86233
86244
86254
86265
86275
86286
86296
86307
86317
86328
86338
86349
86359
86370
86380
86391
86401
86412
86422
86433
86443
86454
86464
86475
86485
86496
86506
86517
86527
86537
86548
86558
86569
86579
86590
86600
86611
86621
86632
86642
86652
86662
86673
86683
86693
86703
86714
86724
86734
86745
86755
86765
86775
86786
86796
86806
86817
86827
86837
86847
86858
86868
86878
86888
86899
86909
86919
86930
86940
86950
86961
86971
86981
86991
87002
87012
87022
87033
87043
87053
87063
87074
87084
87094
87104
87115
87125
87135
87146
87156
87166
87177
87187
87197
87207
87218
87228
87238
87249
87259
87269
87279
87290
87300
87310
87320
87331
87341
87351
87362
87372
87382
87392
87403
87413
87423
87434
87444
87454
87464
87475
87485
87495
87506
87516
87526
87537
87547
87557
87567
87578
87588
87598
87609
87619
87629
87639
87650
87660
87670
87681
87691
87701
87711
87722
87732
87742
87753
87763
87773
87783
87794
87804
87814
87825
87835
87845
87855
87866
87876
87886
87897
87907
87917
87927
87938
87948
87958
87969
87979
87989
87999
88010
88020
88030
88041
88051
88061
88071
88082
88092
88102
88113
88123
88133
88143
88154
88164
88174
88185
88195
88205
88215
88226
88236
88246
88257
88267
88277
88287
88298
88308
88318
88329
88339
88349
88359
88370
88380
88390
88401
88411
88421
88432
88442
88452
88462
88473
88483
88493
88503
88514
88524
88534
88545
88555
88565
88575
88586
88596
88606
88616
88627
88637
88647
88658
88668
88678
88688
88699
88709
88719
88730
88740
88750
88761
88771
88781
88792
88802
88812
88822
88833
88843
88853
88864
88874
88884
88894
88905
88915
88925
88936
88946
88956
88966
88977
88987
88997
89007
89018
89028
89038
89049
89059
89069
89079
89090
89100
89110
89121
89131
89141
89151
89162
89172
89182
89193
89203
89213
89223
89234
89244
89254
89265
89275
89285
89295
89306
89316
89326
89337
89347
89357
89367
89378
89388
89398
89409
89419
89429
89439
89450
89460
89470
89481
89491
89501
89511
89522
89532
89542
89553
89563
89573
89584
89594
89604
89614
89625
89635
89645
89656
89666
89676
89686
89697
89707
89717
89728
89738
89748
89758
89769
89779
89789
89800
89810
89821
89831
89841
89852
89862
89872
89883
89893
89903
89913
89924
89934
89944
89955
89965
89975
89985
89996
90006
90017
90027
90037
90047
90058
90068
90078
90089
90099
90109
90120
90130
90140
90150
90161
90171
90181
90191
90202
90212
90222
90233
90243
90253
90263
90274
90284
90294
90305
90315
90325
90335
90346
90356
90366
90376
90387
90397
90407
90417
90428
90438
90448
90458
90469
90479
90489
90499
90510
90520
90530
90540
90551
90561
90571
90581
90592
90602
90612
90622
90633
90643
90653
90663
90673
90683
90694
90704
90714
90724
90734
90745
90755
90765
90775
90785
90796
90806
90816
90826
90836
90847
90857
90867
90877
90887
90898
90908
90918
90928
90938
90948
90959
90969
90979
90989
90999
91010
91020
91030
91040
91050
91061
91071
91081
91091
91101
91111
91122
91132
91142
91152
91163
91173
91183
91194
91204
91214
91224
91235
91245
91255
91266
91276
91286
91296
91307
91317
91327
91337
91348
91358
91368
91379
91389
91399
91409
91420
91430
91440
91451
91461
91471
91481
91492
91502
91512
91523
91533
91543
91554
91564
91574
91585
91595
91605
91615
91626
91636
91646
91657
91667
91677
91687
91698
91708
91718
91728
91739
91749
91759
91770
91780
91790
91801
91811
91821
91831
91842
91852
91862
91873
91883
91893
91904
91914
91924
91934
91945
91955
91965
91976
91986
91996
92006
92017
92027
92037
92048
92058
92068
92078
92089
92099
92109
92119
92130
92140
92150
92161
92171
92181
92191
92202
92212
92222
92232
92243
92253
92263
92274
92284
92294
92304
92315
92325
92335
92345
92356
92366
92376
92386
92397
92407
92417
92427
92438
92448
92458
92468
92479
92489
92499
92510
92520
92530
92540
92551
92561
92571
92582
92592
92602
92612
92623
92633
92643
92653
92664
92674
92684
92694
92705
92715
92725
92735
92746
92756
92766
92777
92787
92797
92807
92818
92828
92838
92848
92859
92869
92879
92889
92900
92910
92920
92930
92941
92951
92961
92971
92982
92992
93002
93013
93023
93033
93043
93054
93064
93074
93084
93095
93105
93115
93126
93136
93146
93156
93167
93177
93187
93198
93208
93218
93228
93239
93249
93259
93270
93280
93290
93301
93311
93321
93331
93342
93352
93362
93373
93383
93393
93403
93414
93424
93434
93445
93455
93465
93475
93486
93496
93506
93517
93527
93537
93547
93558
93568
93578
93589
93599
93609
93619
93630
93640
93650
93661
93671
93681
93692
93702
93712
93722
93733
93743
93753
93763
93774
93784
93794
93805
93815
93825
93835
93846
93856
93866
93877
93887
93897
93908
93918
93928
93938
93949
93959
93969
93979
93990
94000
94010
94021
94031
94041
94051
94062
94072
94082
94093
94103
94113
94123
94134
94144
94154
94165
94175
94185
94195
94206
94216
94226
94237
94247
94257
94267
94278
94288
94298
94309
94319
94329
94339
94350
94360
94370
94381
94391
94401
94411
94422
94432
94442
94453
94463
94473
94483
94494
94504
94514
94525
94535
94545
94555
94566
94576
94586
94597
94607
94617
94627
94638
94648
94658
94669
94679
94689
94699
94710
94720
94730
94740
94751
94761
94771
94782
94792
94802
94812
94823
94833
94843
94854
94864
94874
94884
94895
94905
94915
94926
94936
94946
94957
94967
94977
94987
94998
95008
95018
95029
95039
95049
95059
95070
95080
95090
95100
95111
95121
95131
95142
95152
95162
95173
95184
95194
95205
95215
95225
95236
95246
95256
95266
95277
95287
95297
95308
95318
95328
95338
95349
95359
95369
95379
95390
95400
95410
95421
95431
95441
95451
95462
95472
95482
95492
95503
95513
95523
95534
95544
95554
95564
95575
95585
95595
95606
95616
95626
95636
95647
95657
95668
95678
95689
95699
95709
95719
95730
95740
95750
95761
95771
95781
95791
95802
95812
95822
95833
95843
95853
95864
95874
95884
95894
95905
95915
95925
95935
95946
95956
95966
95977
95987
95997
96007
96018
96028
96038
96049
96059
96069
96079
96090
96100
96110
96121
96131
96141
96151
96162
96172
96182
96193
96203
96213
96223
96234
96244
96254
96265
96275
96285
96295
96306
96316
96326
96337
96347
96357
96367
96378
96388
96398
96409
96419
96429
96439
96450
96460
96470
96481
96491
96501
96511
96522
96532
96542
96553
96563
96573
96583
96594
96604
96614
96624
96635
96645
96655
96666
96676
96686
96696
96707
96717
96727
96738
96748
96758
96768
96779
96789
96799
96810
96820
96830
96840
96851
96861
96871
96881
96892
96903
96913
96923
96933
96944
96954
96964
96975
96985
96995
97005
97016
97026
97036
97047
97057
97067
97077
97088
97098
97108
97119
97129
97139
97149
97160
97170
97180
97191
97201
97211
97222
97232
97242
97252
97263
97273
97283
97294
97304
97314
97325
97335
97345
97355
97366
97376
97386
97397
97407
97417
97427
97438
97448
97458
97469
97479
97489
97500
97510
97520
97530
97541
97551
97561
97572
97582
97592
97602
97613
97623
97633
97644
97654
97664
97674
97685
97695
97705
97716
97726
97736
97747
97757
97767
97778
97788
97798
97808
97819
97829
97839
97850
97860
97870
97880
97891
97901
97911
97922
97932
97942
97952
97963
97973
97983
97994
98004
98014
98024
98035
98045
98055
98066
98076
98086
98096
98107
98117
98127
98138
98148
98158
98168
98179
98189
98199
98210
98220
98230
98240
98251
98261
98271
98282
98292
98302
98312
98323
98333
98343
98354
98364
98374
98384
98395
98405
98415
98426
98436
98446
98456
98467
98477
98487
98498
98508
98518
98528
98539
98549
98559
98570
98580
98590
98600
98611
98621
98631
98642
98652
98662
98672
98683
98693
98703
98714
98724
98734
98744
98755
98765
98775
98786
98796
98806
98817
98827
98837
98847
98858
98868
98878
98889
98899
98909
98919
98930
98940
98950
98961
98971
98981
98991
99002
99012
99022
99032
99043
99053
99063
99074
99084
99094
99105
99115
99126
99136
99146
99157
99167
99177
99187
99198
99208
99218
99229
99239
99249
99259
99270
99280
99290
99301
99311
99321
99331
99342
99352
99362
99372
99383
99393
99403
99414
99424
99434
99444
99455
99465
99475
99486
99496
99506
99517
99527
99537
99547
99558
99568
99578
99589
99599
99609
99619
99630
99640
99650
99661
99671
99681
99691
99702
99712
99722
99733
99743
99753
99763
99774
99784
99794
99805
99815
99825
99835
99846
99856
99866
99877
99887
99897
99907
99918
99928
99938
99949
99959
99969
99979
99990
100000
100010
100021
100031
100041
100051
100062
100072
100082
100093
100103
100113
100123
100134
100144
100154
100165
100175
100185
100195
100206
100216
100226
100237
100247
100257
100268
100278
100288
100298
100309
100319
100329
100339
100350
100360
100370
100381
100391
100401
100412
100422
100432
100442
100453
100463
100473
100484
100494
100504
100514
100525
100535
100545
100555
100566
100576
100586
100597
100607
100617
100627
100638
100648
100658
100669
100679
100689
100699
100710
100720
100732
100742
100752
100762
100773
100783
100793
100803
100814
100824
100834
100844
100855
100865
100875
100886
100896
100906
100916
100927
100937
100947
100958
100968
100978
100988
100999
101009
101019
101030
101040
101050
101061
101071
101081
101091
101102
101112
101122
101132
101143
101153
101163
101174
101184
101194
101205
101215
101225
101235
101246
101256
101266
101277
101287
101297
101307
101318
101328
101338
101348
101359
101369
101379
101390
101400
101410
101421
101431
101441
101451
101462
101472
101482
101493
101503
101513
101523
101534
101544
101554
101565
101575
101585
101595
101606
101616
101626
101637
101647
101657
101667
101678
101688
101698
101709
101719
101729
101739
101750
101760
101770
101781
101791
101801
101811
101822
101832
101842
101853
101863
101873
101884
101894
101904
101915
101925
101935
101945
101956
101966
101977
101987
101997
102008
102018
102028
102039
102049
102059
102069
102080
102090
102100
102110
102121
102131
102141
102152
102162
102172
102182
102193
102203
102213
102223
102234
102244
102254
102265
102275
102285
102295
102306
102316
102326
102337
102347
102357
102367
102378
102388
102398
102408
102419
102429
102439
102450
102460
102470
102480
102491
102501
102511
102522
102532
102542
102552
102563
102573
102583
102594
102604
102614
102624
102635
102645
102655
102666
102676
102686
102696
102707
102717
102727
102738
102748
102758
102768
102779
102789
102799
102810
102820
102830
102841
102851
102862
102872
102883
102894
102904
102914
102925
102935
102945
102955
102966
102976
102986
102997
103007
103017
103027
103038
103048
103058
103068
103079
103089
103099
103110
103120
103130
103141
