time (ms),latency (ms),consume (ms)
0,9,0
4,5,4
6,5,2
8,5,2
10,4,2
12,4,2
13,4,1
15,4,2
16,4,1
18,4,2
19,4,1
21,4,2
23,5,2
24,4,1
26,5,2
27,4,1
29,4,2
31,5,2
32,4,1
34,5,2
36,5,2
37,3,1
39,4,2
40,2,1
43,3,3
45,3,2
47,3,2
49,3,2
50,2,1
52,2,2
54,2,2
56,2,2
58,2,2
60,2,2
62,1,2
64,2,2
66,1,2
68,1,2
70,2,2
73,2,3
74,1,1
77,3,3
79,3,2
80,2,1
82,3,2
84,3,2
86,2,2
89,4,3
90,1,1
92,2,2
94,2,2
96,2,2
97,2,1
99,2,2
100,1,1
102,2,2
104,2,2
105,2,1
107,2,2
109,2,2
111,3,2
113,3,2
114,2,1
116,3,2
118,3,2
119,3,1
121,3,2
122,3,1
124,3,2
125,3,1
127,3,2
129,4,2
130,3,1
132,4,2
133,3,1
135,4,2
136,3,1
138,4,2
139,3,1
140,3,1
141,2,1
143,3,2
145,3,2
146,2,1
147,2,1
148,1,1
149,1,1
151,1,2
152,1,1
154,1,2
155,1,1
157,2,2
158,1,1
160,2,2
161,1,1
163,1,2
164,1,1
166,1,2
167,1,1
169,1,2
170,1,1
172,2,2
173,1,1
174,1,1
176,1,2
178,2,2
179,1,1
181,2,2
182,1,1
184,2,2
185,1,1
187,2,2
188,1,1
190,2,2
191,1,1
193,2,2
194,1,1
196,2,2
198,2,2
199,2,1
201,2,2
203,2,2
204,2,1
206,2,2
207,1,1
209,2,2
211,2,2
213,2,2
214,2,1
216,2,2
218,3,2
220,3,2
221,3,1
222,3,1
224,3,2
225,3,1
227,3,2
228,3,1
230,3,2
231,3,1
233,3,2
234,3,1
236,4,2
237,3,1
239,4,2
240,3,1
241,3,1
243,3,2
244,3,1
246,3,2
247,3,1
249,3,2
250,3,1
251,2,1
253,3,2
254,3,1
256,3,2
257,3,1
259,3,2
260,3,1
262,3,2
264,4,2
265,4,1
266,3,1
268,4,2
269,3,1
271,4,2
272,3,1
273,3,1
275,3,2
276,3,1
278,4,2
279,3,1
280,3,1
282,3,2
283,3,1
285,3,2
286,3,1
288,3,2
289,3,1
291,3,2
292,3,1
294,3,2
296,3,2
298,4,2
300,4,2
301,3,1
303,4,2
305,4,2
306,3,1
307,3,1
309,3,2
311,4,2
313,4,2
314,3,1
316,4,2
317,3,1
319,4,2
320,2,1
322,2,2
324,2,2
325,2,1
327,2,2
328,1,1
329,1,1
331,2,2
332,1,1
334,2,2
335,1,1
336,1,1
338,2,2
339,1,1
341,2,2
342,2,1
343,1,1
345,2,2
346,2,1
359,13,13
360,13,1
362,13,2
363,13,1
365,13,2
366,13,1
367,13,1
369,13,2
370,13,1
372,13,2
373,11,1
376,12,3
377,11,1
379,12,2
380,11,1
382,12,2
383,12,1
384,11,1
386,12,2
388,12,2
389,12,1
391,12,2
392,12,1
394,13,2
395,12,1
397,13,2
399,13,2
400,13,1
404,15,4
405,15,1
407,15,2
409,16,2
410,16,1
411,15,1
413,16,2
414,15,1
415,15,1
417,15,2
419,15,2
420,15,1
422,15,2
423,15,1
424,14,1
425,14,1
427,14,2
428,13,1
429,13,1
430,12,1
432,13,2
433,13,1
434,12,1
436,13,2
437,12,1
438,12,1
440,13,2
441,12,1
442,12,1
444,12,2
445,12,1
447,12,2
448,12,1
449,12,1
451,12,2
452,12,1
454,12,2
455,12,1
456,12,1
458,12,2
460,13,2
461,12,1
463,13,2
464,13,1
466,13,2
467,13,1
469,13,2
470,13,1
472,14,2
473,13,1
474,13,1
476,13,2
477,13,1
479,13,2
480,13,1
482,13,2
483,13,1
484,12,1
486,13,2
487,12,1
489,13,2
490,13,1
491,12,1
493,13,2
494,12,1
496,13,2
497,13,1
499,13,2
500,13,1
502,13,2
503,13,1
504,13,1
506,13,2
507,13,1
510,14,3
511,14,1
512,13,1
514,14,2
515,13,1
516,13,1
518,13,2
519,13,1
520,12,1
522,13,2
523,12,1
525,12,2
526,12,1
528,13,2
529,12,1
531,13,2
532,12,1
533,12,1
535,12,2
536,12,1
537,11,1
538,11,1
539,11,1
541,11,2
542,11,1
543,10,1
545,11,2
546,11,1
547,10,1
548,10,1
549,10,1
550,9,1
552,10,2
553,9,1
554,9,1
555,9,1
557,9,2
558,9,1
560,10,2
561,9,1
562,9,1
563,9,1
564,8,1
566,9,2
567,8,1
569,9,2
570,8,1
572,9,2
573,9,1
574,8,1
576,9,2
577,8,1
579,9,2
580,9,1
581,8,1
583,9,2
584,8,1
585,8,1
587,8,2
588,8,1
590,8,2
591,8,1
593,8,2
594,8,1
607,2,13
611,4,4
612,3,1
613,3,1
615,4,2
616,3,1
617,3,1
618,2,1
619,2,1
619,0,0
620,0,1
622,1,2
623,1,1
624,1,1
625,0,1
626,0,1
628,1,2
629,1,1
630,1,1
631,1,1
632,0,1
633,0,1
635,1,2
636,1,1
637,1,1
638,0,1
639,0,1
641,1,2
642,1,1
643,1,1
644,0,1
645,0,1
647,1,2
648,1,1
649,1,1
650,0,1
651,0,1
653,1,2
654,1,1
655,1,1
657,1,2
658,1,1
659,1,1
660,1,1
661,1,1
662,0,1
663,0,1
665,1,2
666,1,1
667,1,1
668,1,1
669,0,1
671,1,2
672,1,1
673,1,1
674,0,1
676,1,2
678,2,2
679,2,1
680,1,1
681,1,1
683,2,2
684,1,1
686,2,2
687,1,1
688,1,1
690,2,2
691,1,1
693,2,2
694,2,1
695,1,1
697,2,2
698,1,1
699,1,1
701,2,2
702,1,1
703,1,1
705,2,2
706,1,1
707,1,1
709,2,2
710,1,1
711,1,1
713,2,2
714,1,1
715,1,1
717,2,2
718,1,1
720,2,2
721,1,1
722,1,1
724,2,2
725,1,1
726,1,1
728,2,2
729,1,1
731,2,2
732,2,1
733,1,1
735,2,2
736,1,1
737,1,1
739,2,2
740,1,1
741,1,1
743,2,2
744,1,1
746,2,2
748,3,2
749,2,1
750,2,1
752,2,2
753,2,1
754,2,1
755,1,1
756,1,1
758,2,2
759,1,1
761,2,2
762,1,1
763,1,1
765,2,2
766,1,1
768,2,2
770,2,2
771,2,1
772,2,1
774,2,2
776,3,2
777,2,1
779,2,2
780,2,1
781,1,1
783,2,2
784,1,1
785,1,1
787,1,2
788,1,1
790,2,2
791,1,1
792,1,1
794,2,2
795,1,1
797,2,2
798,2,1
799,1,1
801,2,2
802,2,1
803,1,1
805,2,2
806,1,1
808,2,2
809,2,1
810,1,1
812,2,2
813,2,1
814,1,1
816,2,2
817,1,1
818,1,1
820,2,2
821,2,1
823,2,2
825,2,2
826,1,1
827,1,1
829,2,2
830,1,1
831,1,1
833,2,2
834,1,1
835,1,1
837,2,2
838,1,1
839,1,1
840,1,1
842,1,2
843,1,1
844,1,1
846,1,2
847,1,1
848,1,1
850,1,2
851,1,1
853,2,2
854,1,1
855,1,1
857,2,2
858,1,1
859,1,1
861,1,2
862,1,1
864,2,2
865,1,1
866,1,1
868,2,2
869,2,1
870,1,1
872,2,2
873,2,1
874,1,1
875,1,1
876,1,1
878,2,2
879,1,1
880,1,1
882,2,2
883,1,1
885,2,2
886,2,1
887,1,1
888,1,1
890,2,2
891,1,1
893,2,2
894,2,1
895,1,1
898,3,3
900,3,2
902,3,2
903,3,1
904,3,1
905,2,1
907,3,2
908,3,1
910,3,2
911,3,1
912,3,1
914,3,2
915,3,1
917,3,2
918,3,1
919,3,1
920,2,1
922,3,2
923,2,1
924,2,1
926,3,2
927,2,1
929,3,2
930,3,1
932,3,2
933,3,1
934,2,1
936,3,2
937,3,1
938,2,1
940,3,2
941,3,1
942,2,1
944,3,2
945,3,1
947,3,2
948,3,1
950,4,2
951,3,1
953,4,2
954,4,1
956,4,2
957,4,1
958,3,1
959,3,1
961,4,2
962,3,1
963,3,1
965,3,2
966,3,1
967,3,1
968,2,1
970,3,2
971,3,1
972,3,1
974,3,2
975,3,1
976,3,1
977,2,1
978,2,1
979,2,1
981,2,2
982,2,1
983,2,1
984,1,1
985,1,1
987,1,2
988,1,1
990,2,2
991,1,1
992,1,1
994,2,2
995,1,1
996,1,1
998,2,2
999,1,1
1000,1,1
1002,2,2
1003,1,1
1005,2,2
1006,2,1
1007,1,1
1009,2,2
1010,2,1
1011,1,1
1013,2,2
1014,1,1
1016,2,2
1017,2,1
1018,1,1
1020,2,2
1021,2,1
1022,1,1
1024,2,2
1025,1,1
1026,1,1
1028,2,2
1029,1,1
1030,1,1
1032,2,2
1033,1,1
1035,2,2
1036,2,1
1037,1,1
1039,1,2
1040,1,1
1042,1,2
1043,1,1
1045,1,2
1046,1,1
1048,1,2
1049,1,1
1051,1,2
1052,1,1
1054,2,2
1056,2,2
1057,2,1
1059,2,2
1060,2,1
1061,1,1
1062,1,1
1063,1,1
1065,2,2
1066,1,1
1067,1,1
1068,1,1
1070,1,2
1071,1,1
1072,1,1
1074,1,2
1075,1,1
1076,1,1
1077,1,1
1079,1,2
1080,1,1
1081,1,1
1083,1,2
1084,1,1
1086,2,2
1087,1,1
1088,1,1
1090,2,2
1091,1,1
1092,1,1
1094,2,2
1095,1,1
1096,1,1
1097,1,1
1099,1,2
1100,1,1
1101,1,1
1103,1,2
1104,1,1
1105,1,1
1107,2,2
1108,1,1
1109,1,1
1110,1,1
1112,1,2
1113,1,1
1114,1,1
1116,2,2
1117,1,1
1118,1,1
1120,2,2
1121,1,1
1123,2,2
1124,1,1
1126,2,2
1127,1,1
1129,2,2
1130,2,1
1131,1,1
1133,2,2
1134,1,1
1135,1,1
1137,1,2
1138,1,1
1140,2,2
1141,1,1
1143,2,2
1144,1,1
1145,1,1
1147,2,2
1148,1,1
1149,1,1
1151,1,2
1152,1,1
1153,1,1
1159,5,6
1161,6,2
1162,6,1
1164,6,2
1166,7,2
1168,8,2
1169,7,1
1170,7,1
1172,7,2
1173,7,1
1174,7,1
1175,6,1
1176,6,1
1177,6,1
1178,5,1
1180,6,2
1181,6,1
1182,5,1
1183,5,1
1184,5,1
1185,4,1
1186,4,1
1187,3,1
1189,4,2
1190,3,1
1192,4,2
1193,3,1
1195,4,2
1196,3,1
1197,3,1
1198,2,1
1199,2,1
1200,1,1
1201,1,1
1202,0,1
1204,1,2
1205,1,1
1207,1,2
1208,1,1
1209,1,1
1211,1,2
1212,1,1
1213,1,1
1215,1,2
1216,1,1
1217,1,1
1219,1,2
1220,1,1
1221,1,1
1223,1,2
1224,1,1
1225,1,1
1227,1,2
1228,1,1
1229,0,1
1231,1,2
1232,1,1
1234,1,2
1235,1,1
1236,1,1
1238,1,2
1239,1,1
1240,1,1
1242,1,2
1243,1,1
1244,1,1
1246,1,2
1247,1,1
1248,1,1
1250,1,2
1251,1,1
1252,1,1
1254,1,2
1255,1,1
1256,1,1
1258,1,2
1259,1,1
1261,1,2
1262,1,1
1263,1,1
1265,1,2
1266,1,1
1268,2,2
1269,1,1
1270,1,1
1272,1,2
1273,1,1
1275,2,2
1276,1,1
1277,1,1
1282,4,5
1283,1,1
1284,1,1
1286,1,2
1287,1,1
1288,1,1
1290,1,2
1291,1,1
1293,1,2
1294,1,1
1296,2,2
1297,1,1
1298,1,1
1300,1,2
1301,1,1
1302,1,1
1304,1,2
1306,2,2
1307,2,1
1308,1,1
1309,1,1
1311,2,2
1312,1,1
1313,1,1
1315,2,2
1316,1,1
1318,2,2
1319,2,1
1320,1,1
1322,2,2
1323,1,1
1325,2,2
1326,1,1
1327,1,1
1328,1,1
1330,1,2
1331,1,1
1332,1,1
1334,1,2
1335,1,1
1336,1,1
1337,1,1
1339,1,2
1340,1,1
1341,1,1
1342,0,1
1344,1,2
1345,1,1
1346,0,1
1348,1,2
1349,1,1
1350,0,1
1352,1,2
1353,1,1
1355,1,2
1356,1,1
1357,1,1
1359,1,2
1360,1,1
1361,1,1
1363,1,2
1364,1,1
1365,1,1
1367,1,2
1367,0,0
1369,1,2
1370,1,1
1371,1,1
1372,0,1
1373,0,1
1375,1,2
1376,1,1
1377,0,1
1378,0,1
1379,0,1
1381,1,2
1382,1,1
1383,1,1
1384,0,1
1385,0,1
1387,1,2
1388,1,1
1389,1,1
1390,0,1
1391,0,1
1392,0,1
1394,1,2
1395,1,1
1396,0,1
1397,0,1
1399,1,2
1400,1,1
1401,1,1
1402,1,1
1403,0,1
1404,0,1
1405,0,1
1407,1,2
1408,1,1
1409,0,1
1411,1,2
1412,1,1
1413,1,1
1414,0,1
1415,0,1
1417,1,2
1418,1,1
1419,1,1
1420,0,1
1421,0,1
1422,0,1
1424,1,2
1425,1,1
1426,1,1
1427,0,1
1428,0,1
1429,0,1
1431,1,2
1432,1,1
1433,0,1
1434,0,1
1435,0,1
1437,1,2
1438,1,1
1439,0,1
1440,0,1
1441,0,1
1443,1,2
1445,2,2
1445,0,0
1446,0,1
1447,0,1
1449,1,2
1450,1,1
1451,1,1
1452,0,1
1453,0,1
1454,0,1
1456,1,2
1457,1,1
1458,1,1
1459,0,1
1460,0,1
1461,0,1
1462,0,1
1464,1,2
1465,1,1
1467,1,2
1468,1,1
1470,2,2
1471,1,1
1472,1,1
1473,1,1
1475,1,2
1476,1,1
1478,2,2
1479,1,1
1481,2,2
1482,1,1
1483,1,1
1485,2,2
1486,1,1
1487,1,1
1489,2,2
1490,1,1
1490,0,0
1492,1,2
1493,1,1
1494,1,1
1495,0,1
1496,0,1
1497,0,1
1499,1,2
1500,1,1
1501,1,1
1502,0,1
1503,0,1
1504,0,1
1506,1,2
1507,1,1
1508,1,1
1509,0,1
1510,0,1
1511,0,1
1513,1,2
1514,1,1
1515,1,1
1516,0,1
1517,0,1
1519,1,2
1520,1,1
1521,1,1
1522,0,1
1523,0,1
1525,1,2
1526,1,1
1527,1,1
1528,0,1
1529,0,1
1530,0,1
1532,1,2
1533,1,1
1534,0,1
1535,0,1
1536,0,1
1538,1,2
1539,1,1
1540,1,1
1541,0,1
1542,0,1
1543,0,1
1545,1,2
1546,1,1
1547,0,1
1548,0,1
1549,0,1
1551,1,2
1552,1,1
1553,1,1
1554,0,1
1555,0,1
1557,1,2
1558,1,1
1559,1,1
1560,0,1
1562,1,2
1563,1,1
1564,1,1
1565,1,1
1566,0,1
1567,0,1
1569,1,2
1570,1,1
1571,0,1
1572,0,1
1574,1,2
1575,1,1
1576,0,1
1577,0,1
1578,0,1
1580,1,2
1581,1,1
1582,0,1
1583,0,1
1584,0,1
1586,1,2
1587,1,1
1588,1,1
1589,0,1
1590,0,1
1591,0,1
1593,1,2
1594,1,1
1595,1,1
1596,0,1
1597,0,1
1598,0,1
1600,1,2
1601,1,1
1602,1,1
1603,0,1
1604,0,1
1605,0,1
1607,1,2
1608,1,1
1609,0,1
1610,0,1
1611,0,1
1613,1,2
1614,1,1
1615,1,1
1616,0,1
1617,0,1
1618,0,1
1620,1,2
1621,1,1
1622,1,1
1623,0,1
1624,0,1
1625,0,1
1627,1,2
1628,1,1
1629,1,1
1630,0,1
1631,0,1
1632,0,1
1634,1,2
1635,1,1
1636,1,1
1637,0,1
1638,0,1
1639,0,1
1640,0,1
1642,1,2
1643,1,1
1644,0,1
1645,0,1
1646,0,1
1648,1,2
1649,1,1
1650,0,1
1651,0,1
1652,0,1
1654,1,2
1655,1,1
1656,1,1
1657,0,1
1658,0,1
1660,1,2
1661,1,1
1662,1,1
1663,0,1
1664,0,1
1666,1,2
1667,1,1
1668,1,1
1669,0,1
1670,0,1
1671,0,1
1673,1,2
1674,1,1
1675,1,1
1676,0,1
1677,0,1
1679,1,2
1680,1,1
1681,1,1
1682,0,1
1683,0,1
1685,1,2
1686,1,1
1687,1,1
1688,0,1
1689,0,1
1690,0,1
1692,1,2
1693,1,1
1694,0,1
1695,0,1
1697,1,2
1698,1,1
1699,0,1
1700,0,1
1702,1,2
1703,1,1
1704,1,1
1705,0,1
1706,0,1
1707,0,1
1709,1,2
1710,1,1
1711,1,1
1712,0,1
1714,1,2
1714,0,0
1716,1,2
1717,1,1
1718,0,1
1719,0,1
1721,1,2
1722,1,1
1723,1,1
1724,0,1
1725,0,1
1726,0,1
1728,1,2
1729,1,1
1731,1,2
1732,1,1
1733,1,1
1735,1,2
1736,1,1
1737,1,1
1739,2,2
1740,1,1
1741,1,1
1744,3,3
1745,1,1
1746,1,1
1747,1,1
1749,2,2
1750,1,1
1751,1,1
1753,2,2
1754,1,1
1755,1,1
1756,1,1
1758,2,2
1759,1,1
1760,1,1
1761,1,1
1763,1,2
1764,1,1
1765,1,1
1767,1,2
1768,1,1
1769,1,1
1771,1,2
1772,1,1
1773,1,1
1775,1,2
1776,1,1
1777,1,1
1779,2,2
1780,1,1
1782,2,2
1783,2,1
1784,1,1
1785,1,1
1786,1,1
1788,1,2
1789,1,1
1791,2,2
1792,1,1
1793,1,1
1794,1,1
1796,2,2
1797,1,1
1799,2,2
1800,2,1
1801,1,1
1802,1,1
1804,2,2
1805,2,1
1806,1,1
1807,1,1
1809,2,2
1810,1,1
1811,1,1
1812,1,1
1814,2,2
1815,1,1
1817,2,2
1818,2,1
1820,2,2
1821,2,1
1823,3,2
1827,5,4
1829,6,2
1830,5,1
1831,5,1
1833,6,2
1834,5,1
1835,5,1
1836,5,1
1837,5,1
1838,4,1
1841,6,3
1842,5,1
1843,5,1
1844,5,1
1845,4,1
1846,4,1
1847,4,1
1848,3,1
1850,4,2
1851,4,1
1852,3,1
1856,6,4
1858,6,2
1859,6,1
1860,6,1
1862,6,2
1863,6,1
1867,8,4
1869,8,2
1870,8,1
1871,8,1
1872,7,1
1873,7,1
1874,7,1
1875,7,1
1876,6,1
1879,7,3
1880,7,1
1881,6,1
1882,6,1
1883,6,1
1885,7,2
1885,5,0
1887,6,2
1888,6,1
1889,5,1
1890,4,1
1891,4,1
1892,4,1
1893,3,1
1894,3,1
1895,3,1
1896,2,1
1899,4,3
1900,4,1
1901,3,1
1902,2,1
1903,2,1
1904,2,1
1905,1,1
1906,1,1
1908,2,2
1909,1,1
1910,1,1
1912,1,2
1913,1,1
1914,1,1
1916,1,2
1917,1,1
1918,1,1
1920,1,2
1921,1,1
1923,1,2
1924,1,1
1925,1,1
1926,1,1
1928,1,2
1929,1,1
1930,1,1
1932,1,2
1933,1,1
1934,1,1
1936,1,2
1937,1,1
1938,1,1
1940,1,2
1941,1,1
1942,1,1
1944,2,2
1945,1,1
1947,2,2
1948,2,1
1949,1,1
1951,2,2
1952,2,1
1953,1,1
1955,2,2
1956,2,1
1958,2,2
1959,2,1
1960,1,1
1961,1,1
1963,2,2
1965,2,2
1970,2,5
1971,1,1
1973,2,2
1974,2,1
1975,1,1
1977,2,2
1978,2,1
1979,1,1
1980,1,1
1982,1,2
1983,1,1
1985,2,2
1986,1,1
1987,1,1
1989,2,2
1990,2,1
1991,1,1
1992,1,1
1993,1,1
1995,1,2
1996,1,1
1998,1,2
1999,1,1
2000,1,1
2002,1,2
2003,1,1
2004,0,1
2006,1,2
2008,2,2
2009,1,1
2010,1,1
2011,1,1
2013,2,2
2014,1,1
2015,1,1
2016,1,1
2018,1,2
2019,1,1
2021,1,2
2022,1,1
2023,1,1
2025,2,2
2026,1,1
2027,1,1
2028,1,1
2030,1,2
2031,1,1
2032,1,1
2033,1,1
2035,1,2
2036,1,1
2037,1,1
2039,1,2
2040,1,1
2041,1,1
2043,1,2
2044,1,1
2045,1,1
2047,1,2
2048,1,1
2050,2,2
2051,1,1
2052,1,1
2053,1,1
2055,1,2
2056,1,1
2058,2,2
2059,1,1
2060,1,1
2062,2,2
2063,1,1
2064,1,1
2066,2,2
2067,1,1
2068,1,1
2069,1,1
2071,1,2
2072,1,1
2074,2,2
2075,1,1
2076,1,1
2078,2,2
2079,1,1
2080,1,1
2082,2,2
2083,1,1
2084,1,1
2086,2,2
2087,1,1
2088,1,1
2089,1,1
2091,1,2
2092,1,1
2094,2,2
2095,1,1
2096,1,1
2098,2,2
2099,1,1
2100,1,1
2101,1,1
2103,1,2
2104,1,1
2105,1,1
2107,1,2
2108,1,1
2109,1,1
2111,1,2
2112,1,1
2113,1,1
2115,1,2
2116,1,1
2118,2,2
2119,1,1
2120,1,1
2121,1,1
2123,1,2
2124,1,1
2126,1,2
2127,1,1
2129,2,2
2130,1,1
2131,1,1
2132,1,1
2133,1,1
2135,1,2
2136,1,1
2137,1,1
2139,1,2
2140,1,1
2141,1,1
2143,1,2
2144,1,1
2145,1,1
2147,1,2
2148,1,1
2150,1,2
2151,1,1
2152,1,1
2154,2,2
2155,1,1
2156,1,1
2157,1,1
2159,1,2
2160,1,1
2162,2,2
2164,1,2
2165,1,1
2166,1,1
2172,5,6
2173,5,1
2175,6,2
2176,5,1
2177,5,1
2178,5,1
2179,4,1
2180,4,1
2181,4,1
2182,3,1
2184,4,2
2185,4,1
2186,3,1
2187,3,1
2188,2,1
2189,2,1
2190,2,1
2192,2,2
2193,2,1
2194,2,1
2195,1,1
2196,1,1
2197,1,1
2198,0,1
2200,1,2
2201,1,1
2203,1,2
2204,1,1
2205,1,1
2207,1,2
2208,1,1
2209,1,1
2211,1,2
2212,1,1
2213,1,1
2215,1,2
2216,1,1
2218,2,2
2219,1,1
2220,1,1
2222,2,2
2223,1,1
2224,1,1
2225,1,1
2227,2,2
2228,1,1
2229,1,1
2231,1,2
2232,1,1
2233,1,1
2235,1,2
2236,1,1
2237,1,1
2239,1,2
2240,1,1
2241,1,1
2243,1,2
2244,1,1
2245,1,1
2247,1,2
2248,1,1
2250,2,2
2251,1,1
2252,1,1
2254,2,2
2255,1,1
2256,1,1
2258,2,2
2259,1,1
2260,1,1
2262,2,2
2264,2,2
2265,2,1
2266,2,1
2267,1,1
2268,1,1
2269,1,1
2271,1,2
2272,1,1
2273,1,1
2275,1,2
2276,1,1
2277,1,1
2279,1,2
2280,1,1
2281,1,1
2283,1,2
2284,1,1
2285,1,1
2287,1,2
2288,1,1
2289,1,1
2291,1,2
2292,1,1
2293,1,1
2295,1,2
2296,1,1
2298,2,2
2299,1,1
2300,1,1
2301,1,1
2303,1,2
2304,1,1
2305,1,1
2307,1,2
2308,1,1
2309,1,1
2311,1,2
2312,1,1
2313,1,1
2315,1,2
2316,1,1
2317,1,1
2319,1,2
2320,1,1
2321,1,1
2323,1,2
2324,1,1
2325,1,1
2327,1,2
2328,1,1
2329,1,1
2331,1,2
2332,1,1
2333,1,1
2335,1,2
2336,1,1
2337,1,1
2339,1,2
2340,1,1
2341,1,1
2343,1,2
2344,1,1
2346,2,2
2347,1,1
2348,1,1
2350,2,2
2351,1,1
2352,1,1
2354,2,2
2355,1,1
2360,5,5
2361,1,1
2362,1,1
2364,1,2
2365,1,1
2366,1,1
2367,1,1
2369,1,2
2370,1,1
2371,1,1
2373,1,2
2374,1,1
2375,1,1
2377,2,2
2378,1,1
2379,1,1
2380,1,1
2382,1,2
2383,1,1
2384,1,1
2386,1,2
2387,1,1
2388,1,1
2390,2,2
2391,1,1
2392,1,1
2394,2,2
2395,1,1
2396,1,1
2397,1,1
2399,1,2
2400,1,1
2402,2,2
2403,1,1
2404,1,1
2405,1,1
2407,1,2
2408,1,1
2409,1,1
2410,0,1
2412,1,2
2413,1,1
2415,1,2
2416,1,1
2417,1,1
2419,1,2
2420,1,1
2421,1,1
2423,1,2
2424,1,1
2425,1,1
2427,1,2
2428,1,1
2429,1,1
2431,1,2
2432,1,1
2433,1,1
2435,1,2
2436,1,1
2437,1,1
2439,1,2
2440,1,1
2442,2,2
2443,1,1
2444,1,1
2445,1,1
2447,1,2
2448,1,1
2449,1,1
2451,1,2
2452,1,1
2453,1,1
2455,1,2
2456,1,1
2457,1,1
2459,1,2
2460,1,1
2462,2,2
2465,1,3
2467,1,2
2469,2,2
2470,1,1
2471,1,1
2473,2,2
2474,1,1
2479,5,5
2481,5,2
2483,6,2
2484,5,1
2486,6,2
2487,6,1
2488,5,1
2490,6,2
2491,5,1
2492,5,1
2494,5,2
2495,5,1
2496,5,1
2497,4,1
2498,4,1
2500,4,2
2501,4,1
2502,4,1
2503,4,1
2504,2,1
2505,1,1
2507,1,2
2509,1,2
2511,1,2
2513,1,2
2515,1,2
2517,1,2
2519,1,2
2521,1,2
2523,1,2
2525,1,2
2527,1,2
2529,1,2
2531,1,2
2533,1,2
2534,1,1
2536,1,2
2538,1,2
2540,1,2
2542,1,2
2544,1,2
2545,1,1
2547,1,2
2548,1,1
2549,1,1
2551,1,2
2552,1,1
2554,1,2
2556,2,2
2558,3,2
2559,2,1
2561,3,2
2562,3,1
2563,2,1
2564,1,1
2566,2,2
2567,1,1
2569,2,2
2570,2,1
2571,2,1
2572,1,1
2573,1,1
2575,1,2
2576,1,1
2577,1,1
2579,2,2
2580,1,1
2581,1,1
2583,2,2
2584,1,1
2585,1,1
2586,1,1
2588,1,2
2589,1,1
2590,1,1
2591,1,1
2593,1,2
2594,1,1
2595,1,1
2597,1,2
2598,1,1
2600,2,2
2601,1,1
2603,2,2
2605,3,2
2606,2,1
2608,2,2
2609,1,1
2610,1,1
2611,1,1
2613,1,2
2614,1,1
2616,1,2
2617,1,1
2618,1,1
2620,1,2
2621,1,1
2622,0,1
2624,1,2
2625,1,1
2627,1,2
2628,1,1
2630,1,2
2631,1,1
2633,1,2
2634,1,1
2635,0,1
2638,2,3
2639,1,1
2640,1,1
2642,1,2
2643,1,1
2645,1,2
2646,1,1
2648,1,2
2649,1,1
2650,1,1
2652,1,2
2653,1,1
2654,1,1
2656,1,2
2657,1,1
2658,1,1
2660,1,2
2661,1,1
2662,1,1
2663,1,1
2666,2,3
2667,2,1
2668,2,1
2669,1,1
2670,1,1
2671,1,1
2673,1,2
2674,1,1
2675,1,1
2677,1,2
2678,1,1
2679,1,1
2681,1,2
2682,1,1
2683,1,1
2685,1,2
2686,1,1
2687,1,1
2689,1,2
2690,1,1
2691,1,1
2693,2,2
2694,1,1
2695,1,1
2697,2,2
2698,1,1
2699,1,1
2700,1,1
2702,1,2
2703,1,1
2704,1,1
2706,1,2
2707,1,1
2708,1,1
2710,1,2
2711,1,1
2712,1,1
2713,0,1
2715,1,2
2716,1,1
2718,1,2
2719,1,1
2720,1,1
2721,1,1
2723,1,2
2724,1,1
2725,1,1
2727,1,2
2728,1,1
2729,1,1
2731,1,2
2732,1,1
2733,1,1
2735,1,2
2736,1,1
2737,1,1
2739,1,2
2740,1,1
2741,1,1
2743,1,2
2744,1,1
2745,1,1
2747,1,2
2748,1,1
2749,1,1
2751,1,2
2752,1,1
2753,1,1
2755,1,2
2756,1,1
2758,2,2
2760,2,2
2761,2,1
2763,3,2
2764,3,1
2765,2,1
2766,2,1
2767,1,1
2768,1,1
2769,1,1
2771,1,2
2772,1,1
2773,1,1
2774,1,1
2776,1,2
2777,1,1
2779,2,2
2780,1,1
2781,1,1
2782,1,1
2784,1,2
2785,1,1
2786,1,1
2788,1,2
2789,1,1
2790,1,1
2792,1,2
2793,1,1
2794,1,1
2796,1,2
2797,1,1
2798,1,1
2800,1,2
2801,1,1
2802,0,1
2804,1,2
2805,1,1
2807,1,2
2808,1,1
2809,1,1
2811,1,2
2812,1,1
2813,1,1
2815,1,2
2816,1,1
2817,1,1
2818,0,1
2820,1,2
2821,1,1
2822,1,1
2824,1,2
2825,1,1
2826,1,1
2828,1,2
2829,1,1
2830,1,1
2832,1,2
2833,1,1
2834,1,1
2836,1,2
2837,1,1
2838,1,1
2840,1,2
2841,1,1
2842,1,1
2843,1,1
2845,1,2
2846,1,1
2848,2,2
2849,1,1
2850,1,1
2851,1,1
2853,1,2
2854,1,1
2856,2,2
2857,1,1
2858,1,1
2859,1,1
2861,1,2
2862,1,1
2864,2,2
2865,1,1
2866,1,1
2867,1,1
2869,1,2
2870,1,1
2871,1,1
2873,1,2
2874,1,1
2875,1,1
2877,1,2
2878,1,1
2879,1,1
2881,1,2
2882,1,1
2883,1,1
2884,1,1
2886,1,2
2887,1,1
2888,1,1
2890,1,2
2891,1,1
2892,1,1
2894,1,2
2895,1,1
2900,5,5
2901,4,1
2902,4,1
2903,4,1
2904,3,1
2905,3,1
2906,3,1
2907,2,1
2907,1,0
2909,2,2
2910,1,1
2911,1,1
2912,1,1
2914,1,2
2915,1,1
2916,1,1
2918,2,2
2919,1,1
2920,1,1
2921,1,1
2923,1,2
2924,1,1
2925,1,1
2927,1,2
2928,1,1
2929,1,1
2930,0,1
2932,1,2
2933,1,1
2935,1,2
2936,1,1
2937,1,1
2938,1,1
2940,1,2
2941,1,1
2942,1,1
2944,1,2
2945,1,1
2946,1,1
2948,1,2
2949,1,1
2950,1,1
2952,1,2
2953,1,1
2954,1,1
2955,1,1
2957,1,2
2958,1,1
2959,1,1
2961,1,2
2962,1,1
2963,1,1
2964,1,1
2966,1,2
2967,1,1
2969,2,2
2970,1,1
2971,1,1
2972,1,1
2974,1,2
2975,1,1
2976,1,1
2978,1,2
2979,1,1
2980,1,1
2982,2,2
2983,1,1
2984,1,1
2985,1,1
2987,1,2
2988,1,1
2989,1,1
2991,1,2
2992,1,1
2993,1,1
2995,1,2
2996,1,1
2997,1,1
2998,0,1
3000,1,2
3001,1,1
3003,1,2
3004,1,1
3005,1,1
3006,0,1
3008,1,2
3009,1,1
3010,1,1
3012,1,2
3013,1,1
3014,1,1
3016,1,2
3017,1,1
3018,1,1
3020,1,2
3021,1,1
3022,1,1
3024,1,2
3025,1,1
3026,1,1
3028,1,2
3029,1,1
3030,1,1
3032,1,2
3033,1,1
3034,1,1
3036,2,2
3037,1,1
3038,1,1
3039,1,1
3041,1,2
3042,1,1
3043,1,1
3045,1,2
3046,1,1
3047,1,1
3049,1,2
3050,1,1
3051,1,1
3052,1,1
3054,1,2
3055,1,1
3056,1,1
3058,1,2
3059,1,1
3060,1,1
3062,1,2
3063,1,1
3064,1,1
3066,1,2
3067,1,1
3068,1,1
3070,1,2
3071,1,1
3072,1,1
3073,0,1
3075,1,2
3076,1,1
3077,1,1
3079,1,2
3080,1,1
3081,1,1
3083,1,2
3084,1,1
3085,1,1
3087,1,2
3088,1,1
3089,1,1
3091,1,2
3092,1,1
3093,1,1
3095,1,2
3096,1,1
3097,1,1
3099,1,2
3100,1,1
3101,1,1
3103,1,2
3104,1,1
3105,1,1
3106,1,1
3108,1,2
3109,1,1
3110,1,1
3112,1,2
3113,1,1
3114,1,1
3116,1,2
3117,1,1
3119,2,2
3120,1,1
3121,1,1
3122,1,1
3124,1,2
3125,1,1
3126,1,1
3128,1,2
3129,1,1
3130,1,1
3132,1,2
3133,1,1
3134,1,1
3135,1,1
3137,1,2
3138,1,1
3140,2,2
3141,1,1
3142,1,1
3143,1,1
3145,1,2
3146,1,1
3147,1,1
3149,1,2
3150,1,1
3151,1,1
3153,1,2
3154,1,1
3155,1,1
3157,1,2
3158,1,1
3160,2,2
3161,1,1
3162,1,1
3164,2,2
3165,2,1
3166,1,1
3168,2,2
3169,2,1
3170,1,1
3171,1,1
3173,2,2
3174,1,1
3175,1,1
3177,2,2
3178,1,1
3179,1,1
3181,2,2
3182,1,1
3184,2,2
3185,1,1
3186,1,1
3188,2,2
3189,1,1
3190,1,1
3191,1,1
3193,1,2
3194,1,1
3196,2,2
3197,1,1
3198,1,1
3200,2,2
3201,1,1
3202,1,1
3204,2,2
3205,1,1
3207,2,2
3208,1,1
3209,1,1
3211,2,2
3212,1,1
3213,1,1
3215,2,2
3216,1,1
3217,1,1
3219,2,2
3220,1,1
3221,1,1
3223,2,2
3224,1,1
3226,2,2
3227,1,1
3228,1,1
3230,2,2
3231,1,1
3232,1,1
3234,2,2
3235,1,1
3237,2,2
3238,1,1
3239,1,1
3241,2,2
3242,1,1
3243,1,1
3245,2,2
3246,1,1
3247,1,1
3249,2,2
3250,1,1
3251,1,1
3253,2,2
3254,1,1
3255,1,1
3257,2,2
3258,1,1
3260,2,2
3261,1,1
3262,1,1
3264,2,2
3265,1,1
3266,1,1
3267,1,1
3269,2,2
3270,1,1
3271,1,1
3272,1,1
3274,2,2
3275,1,1
3276,1,1
3277,1,1
3279,1,2
3280,1,1
3281,1,1
3283,2,2
3284,1,1
3285,1,1
3287,2,2
3288,1,1
3289,1,1
3290,1,1
3292,1,2
3293,1,1
3294,1,1
3296,2,2
3297,1,1
3298,1,1
3300,2,2
3301,1,1
3302,1,1
3304,2,2
3305,2,1
3306,1,1
3307,1,1
3309,2,2
3310,1,1
3311,1,1
3312,1,1
3314,2,2
3315,1,1
3316,1,1
3317,1,1
3319,1,2
3320,1,1
3321,1,1
3323,2,2
3324,1,1
3325,1,1
3327,2,2
3328,1,1
3329,1,1
3331,2,2
3332,1,1
3333,1,1
3335,2,2
3336,1,1
3337,1,1
3339,2,2
3340,1,1
3341,1,1
3342,1,1
3344,2,2
3345,1,1
3346,1,1
3348,2,2
3349,1,1
3350,1,1
3352,2,2
3353,2,1
3354,1,1
3355,1,1
3357,2,2
3358,1,1
3359,1,1
3360,1,1
3362,2,2
3363,1,1
3364,1,1
3366,2,2
3367,1,1
3368,1,1
3369,1,1
3371,1,2
3372,1,1
3373,1,1
3375,2,2
3376,1,1
3377,1,1
3378,1,1
3380,1,2
3381,1,1
3383,2,2
3384,1,1
3385,1,1
3387,2,2
3388,1,1
3389,1,1
3391,2,2
3392,1,1
3393,1,1
3395,2,2
3396,1,1
3397,1,1
3399,2,2
3400,1,1
3401,1,1
3402,1,1
3404,1,2
3405,1,1
3406,1,1
3408,2,2
3409,1,1
3410,1,1
3412,2,2
3413,1,1
3414,1,1
3415,1,1
3417,2,2
3418,1,1
3419,1,1
3420,1,1
3422,2,2
3423,1,1
3424,1,1
3425,1,1
3427,1,2
3428,1,1
3430,2,2
3431,2,1
3432,1,1
3433,1,1
3435,2,2
3436,1,1
3437,1,1
3439,2,2
3440,1,1
3441,1,1
3443,2,2
3444,1,1
3445,1,1
3446,1,1
3448,2,2
3449,1,1
3450,1,1
3451,1,1
3453,1,2
3454,1,1
3455,1,1
3457,2,2
3458,1,1
3460,2,2
3461,1,1
3462,1,1
3464,2,2
3465,1,1
3466,1,1
3468,2,2
3469,1,1
3471,2,2
3472,1,1
3473,1,1
3475,2,2
3476,1,1
3477,1,1
3479,2,2
3480,1,1
3481,1,1
3483,2,2
3484,1,1
3486,2,2
3487,1,1
3488,1,1
3490,2,2
3491,1,1
3492,1,1
3494,2,2
3495,1,1
3497,2,2
3498,1,1
3499,1,1
3501,2,2
3502,1,1
3503,1,1
3505,2,2
3506,1,1
3508,2,2
3509,1,1
3510,1,1
3512,1,2
3513,1,1
3514,1,1
3516,2,2
3517,1,1
3518,1,1
3519,1,1
3521,2,2
3522,1,1
3523,1,1
3525,2,2
3526,1,1
3527,1,1
3529,2,2
3530,2,1
3531,1,1
3532,1,1
3534,2,2
3535,1,1
3536,1,1
3538,2,2
3539,2,1
3540,1,1
3542,2,2
3543,2,1
3544,1,1
3545,1,1
3547,2,2
3548,1,1
3549,1,1
3551,2,2
3552,1,1
3553,1,1
3555,2,2
3556,1,1
3557,1,1
3559,2,2
3560,1,1
3561,1,1
3563,2,2
3564,1,1
3565,1,1
3566,1,1
3568,2,2
3569,1,1
3572,3,3
3574,4,2
3575,3,1
3576,3,1
3578,4,2
3579,3,1
3580,3,1
3581,3,1
3582,2,1
3584,3,2
3585,3,1
3586,2,1
3588,3,2
3589,3,1
3590,2,1
3592,3,2
3593,3,1
3595,4,2
3596,3,1
3597,3,1
3598,3,1
3599,2,1
3601,3,2
3602,3,1
3604,3,2
3605,3,1
3606,3,1
3608,3,2
3609,3,1
3610,2,1
3612,3,2
3613,3,1
3615,3,2
3616,3,1
3617,3,1
3619,3,2
3620,3,1
3622,3,2
3623,3,1
3625,3,2
3626,3,1
3627,3,1
3628,2,1
3630,3,2
3631,3,1
3632,2,1
3633,2,1
3636,4,3
3637,4,1
3638,3,1
3639,3,1
3640,3,1
3641,2,1
3642,2,1
3644,3,2
3645,2,1
3646,2,1
3647,2,1
3648,1,1
3649,1,1
3650,0,1
3652,1,2
3653,1,1
3655,1,2
3656,1,1
3657,1,1
3659,1,2
3660,1,1
3661,1,1
3663,1,2
3664,1,1
3665,1,1
3667,1,2
3668,1,1
3670,1,2
3671,1,1
3672,1,1
3675,2,3
3676,2,1
3677,1,1
3678,1,1
3680,1,2
3681,1,1
3682,1,1
3684,1,2
3685,1,1
3686,0,1
3688,1,2
3689,1,1
3691,1,2
3692,1,1
3693,1,1
3695,1,2
3696,1,1
3697,1,1
3699,1,2
3700,1,1
3701,0,1
3703,1,2
3704,1,1
3706,1,2
3708,2,2
3710,2,2
3710,1,0
3712,2,2
3713,1,1
3714,1,1
3715,1,1
3716,0,1
3718,1,2
3720,2,2
3721,1,1
3722,1,1
3723,1,1
3725,2,2
3727,2,2
3728,2,1
3729,2,1
3730,1,1
3731,1,1
3733,2,2
3734,1,1
3735,1,1
3736,1,1
3738,2,2
3739,1,1
3740,1,1
3741,1,1
3742,0,1
3744,1,2
3745,1,1
3747,1,2
3748,1,1
3749,1,1
3751,1,2
3752,1,1
3753,1,1
3755,1,2
3759,4,4
3760,4,1
3762,4,2
3763,4,1
3764,4,1
3765,3,1
3767,4,2
3768,1,1
3772,4,4
3773,3,1
3775,4,2
3776,4,1
3777,3,1
3780,5,3
3781,5,1
3782,4,1
3783,3,1
3784,3,1
3785,2,1
3787,3,2
3788,3,1
3789,2,1
3791,3,2
3792,3,1
3793,2,1
3794,2,1
3795,2,1
3796,2,1
3797,1,1
3798,1,1
3799,1,1
3803,4,4
3805,4,2
3806,4,1
3807,4,1
3809,4,2
3810,4,1
3811,4,1
3813,4,2
3814,4,1
3815,4,1
3816,3,1
3817,3,1
3818,3,1
3820,3,2
3821,3,1
3822,3,1
3823,3,1
3825,3,2
3826,3,1
3827,3,1
3828,2,1
3829,2,1
3830,2,1
3831,1,1
3832,1,1
3834,2,2
3835,2,1
3836,1,1
3837,1,1
3839,2,2
3840,2,1
3841,1,1
3842,1,1
3843,1,1
3845,1,2
3846,1,1
3847,1,1
3848,0,1
3850,1,2
3852,1,2
3855,3,3
3856,2,1
3858,3,2
3859,3,1
3860,2,1
3862,3,2
3863,3,1
3864,2,1
3866,3,2
3867,3,1
3868,2,1
3869,2,1
3870,2,1
3871,1,1
3872,1,1
3873,1,1
3875,1,2
3876,1,1
3878,2,2
3879,1,1
3880,1,1
3881,1,1
3883,1,2
3884,1,1
3885,1,1
3887,2,2
3888,1,1
3889,1,1
3890,1,1
3891,1,1
3893,1,2
3894,1,1
3899,5,5
3901,5,2
3903,6,2
3904,6,1
3905,6,1
3906,5,1
3907,5,1
3908,5,1
3910,5,2
3911,5,1
3912,5,1
3913,5,1
3915,5,2
3916,5,1
3917,5,1
3918,4,1
3919,4,1
3920,4,1
3921,3,1
3922,3,1
3923,2,1
3925,3,2
3926,2,1
3927,2,1
3928,1,1
3929,1,1
3931,2,2
3932,2,1
3933,1,1
3934,1,1
3936,2,2
3937,1,1
3938,1,1
3940,2,2
3941,1,1
3943,2,2
3944,1,1
3945,1,1
3947,2,2
3948,1,1
3949,1,1
3952,3,3
3953,2,1
3955,3,2
3956,3,1
3958,3,2
3959,3,1
3961,4,2
3962,4,1
3963,3,1
3964,3,1
3966,4,2
3967,3,1
3969,4,2
3970,4,1
3971,4,1
3973,4,2
3974,4,1
3975,4,1
3976,3,1
3977,3,1
3978,3,1
3979,3,1
3980,2,1
3981,2,1
3982,2,1
3983,2,1
3984,1,1
3985,1,1
3986,1,1
3988,1,2
3989,1,1
3991,2,2
3992,1,1
3993,1,1
3994,1,1
3995,1,1
3997,1,2
3998,1,1
3999,1,1
4000,1,1
4002,1,2
4003,1,1
4004,1,1
4005,0,1
4007,1,2
4008,1,1
4009,1,1
4011,1,2
4012,1,1
4013,1,1
4015,1,2
4016,1,1
4017,1,1
4018,0,1
4020,1,2
4021,1,1
4022,1,1
4024,1,2
4025,1,1
4026,1,1
4028,1,2
4029,1,1
4030,1,1
4031,0,1
4033,1,2
4034,1,1
4035,1,1
4037,1,2
4038,1,1
4039,1,1
4041,1,2
4042,1,1
4043,1,1
4044,1,1
4046,1,2
4047,1,1
4048,1,1
4050,1,2
4051,1,1
4052,1,1
4053,1,1
4054,0,1
4056,1,2
4057,1,1
4058,0,1
4060,1,2
4061,1,1
4062,1,1
4064,1,2
4065,1,1
4066,1,1
4067,0,1
4069,1,2
4070,1,1
4071,1,1
4073,1,2
4074,1,1
4075,1,1
4077,1,2
4078,1,1
4079,1,1
4080,1,1
4081,0,1
4083,1,2
4084,1,1
4085,1,1
4087,1,2
4088,1,1
4089,1,1
4091,1,2
4092,1,1
4094,2,2
4095,1,1
4096,1,1
4098,2,2
4099,2,1
4100,1,1
4102,2,2
4103,2,1
4105,2,2
4106,2,1
4107,2,1
4108,2,1
4110,2,2
4111,2,1
4112,2,1
4113,2,1
4114,1,1
4115,1,1
4116,1,1
4118,2,2
4119,1,1
4120,1,1
4122,2,2
4123,1,1
4124,1,1
4126,2,2
4127,2,1
4128,1,1
4129,1,1
4131,2,2
4132,1,1
4134,2,2
4135,2,1
4136,1,1
4137,1,1
4138,1,1
4140,2,2
4141,1,1
4142,1,1
4144,2,2
4145,1,1
4146,1,1
4147,1,1
4149,2,2
4150,1,1
4151,1,1
4153,2,2
4154,1,1
4155,1,1
4156,1,1
4157,1,1
4159,2,2
4160,1,1
4161,1,1
4162,1,1
4164,2,2
4165,1,1
4166,1,1
4167,1,1
4169,1,2
4170,1,1
4171,1,1
4172,1,1
4174,2,2
4175,1,1
4176,1,1
4177,1,1
4179,1,2
4180,1,1
4181,1,1
4183,1,2
4184,1,1
4185,1,1
4187,1,2
4188,1,1
4189,1,1
4191,1,2
4192,1,1
4193,1,1
4195,2,2
4196,1,1
4197,1,1
4199,2,2
4200,1,1
4201,1,1
4203,2,2
4204,1,1
4206,2,2
4207,2,1
4208,1,1
4209,1,1
4210,1,1
4212,2,2
4213,1,1
4214,1,1
4215,1,1
4216,0,1
4218,1,2
4219,1,1
4221,2,2
4222,1,1
4223,1,1
4224,1,1
4226,2,2
4228,2,2
4229,2,1
4230,2,1
4231,1,1
4232,1,1
4234,2,2
4235,1,1
4237,2,2
4239,3,2
4240,2,1
4241,2,1
4242,2,1
4243,2,1
4244,1,1
4245,1,1
4247,2,2
4248,1,1
4249,1,1
4250,1,1
4252,2,2
4253,1,1
4254,1,1
4255,1,1
4256,0,1
4258,1,2
4259,1,1
4260,1,1
4261,1,1
4263,1,2
4264,1,1
4265,1,1
4266,0,1
4268,1,2
4269,1,1
4270,1,1
4271,0,1
4273,1,2
4274,1,1
4275,0,1
4277,1,2
4278,1,1
4279,1,1
4280,0,1
4282,1,2
4283,1,1
4284,1,1
4285,0,1
4287,1,2
4288,1,1
4289,1,1
4291,1,2
4292,1,1
4293,1,1
4295,1,2
4296,1,1
4297,1,1
4298,0,1
4300,1,2
4301,1,1
4302,1,1
4303,0,1
4305,1,2
4306,1,1
4308,1,2
4309,1,1
4310,1,1
4311,1,1
4313,1,2
4314,1,1
4315,1,1
4316,0,1
4318,1,2
4319,1,1
4321,2,2
4322,1,1
4323,1,1
4324,1,1
4326,2,2
4327,1,1
4328,1,1
4329,1,1
4331,1,2
4332,1,1
4333,1,1
4334,0,1
4336,1,2
4337,1,1
4339,1,2
4340,1,1
4341,1,1
4342,1,1
4344,1,2
4345,1,1
4346,1,1
4347,1,1
4349,1,2
4350,1,1
4351,1,1
4353,1,2
4354,1,1
4355,1,1
4356,0,1
4358,1,2
4359,1,1
4361,1,2
4362,1,1
4363,1,1
4365,1,2
4366,1,1
4367,1,1
4368,1,1
4370,1,2
4371,1,1
4372,1,1
4374,1,2
4375,1,1
4376,1,1
4378,1,2
4379,1,1
4381,2,2
4382,1,1
4383,1,1
4384,1,1
4385,0,1
4387,1,2
4388,1,1
4389,1,1
4390,0,1
4392,1,2
4393,1,1
4395,2,2
4396,1,1
4397,1,1
4399,2,2
4400,1,1
4401,1,1
4402,1,1
4404,2,2
4405,1,1
4406,1,1
4408,2,2
4409,1,1
4410,1,1
4411,1,1
4413,1,2
4414,1,1
4415,1,1
4416,1,1
4418,1,2
4419,1,1
4421,2,2
4422,1,1
4423,1,1
4424,1,1
4426,1,2
4427,1,1
4428,1,1
4429,0,1
4434,4,5
4435,4,1
4436,3,1
4437,3,1
4438,3,1
4439,3,1
4440,2,1
4442,3,2
4443,2,1
4444,2,1
4444,1,0
4446,2,2
4447,1,1
4449,1,2
4450,1,1
4451,1,1
4452,1,1
4454,1,2
4455,1,1
4456,1,1
4458,1,2
4459,1,1
4460,1,1
4461,1,1
4463,1,2
4464,1,1
4465,1,1
4467,1,2
4468,1,1
4469,1,1
4470,0,1
4472,1,2
4473,1,1
4474,1,1
4476,1,2
4477,1,1
4478,1,1
4480,1,2
4481,1,1
4482,1,1
4483,0,1
4485,1,2
4486,1,1
4488,1,2
4489,1,1
4490,1,1
4492,1,2
4493,1,1
4494,0,1
4496,1,2
4497,1,1
4499,2,2
4500,1,1
4501,1,1
4502,1,1
4504,1,2
4505,1,1
4507,1,2
4508,1,1
4509,1,1
4511,1,2
4512,1,1
4513,1,1
4514,0,1
4516,1,2
4517,1,1
4518,0,1
4520,1,2
4521,1,1
4522,1,1
4524,1,2
4525,1,1
4526,1,1
4528,1,2
4529,1,1
4530,0,1
4532,1,2
4533,1,1
4534,1,1
4536,1,2
4537,1,1
4538,1,1
4540,1,2
4541,1,1
4542,1,1
4544,1,2
4545,1,1
4546,1,1
4548,1,2
4549,1,1
4550,1,1
4552,1,2
4553,1,1
4554,1,1
4555,0,1
4557,1,2
4558,1,1
4559,1,1
4561,1,2
4562,1,1
4563,0,1
4565,1,2
4566,1,1
4568,2,2
4569,1,1
4570,1,1
4571,1,1
4573,1,2
4574,1,1
4575,1,1
4577,1,2
4578,1,1
4579,1,1
4581,1,2
4582,1,1
4583,1,1
4585,1,2
4586,1,1
4587,1,1
4588,0,1
4590,1,2
4591,1,1
4592,1,1
4594,1,2
4595,1,1
4596,1,1
4598,1,2
4599,1,1
4600,1,1
4601,0,1
4603,1,2
4604,1,1
4605,1,1
4607,1,2
4608,1,1
4610,1,2
4611,1,1
4612,1,1
4614,1,2
4615,1,1
4616,1,1
4618,1,2
4619,1,1
4620,1,1
4622,1,2
4623,1,1
4624,1,1
4626,1,2
4627,1,1
4628,1,1
4629,0,1
4631,1,2
4632,1,1
4634,1,2
4635,1,1
4636,1,1
4637,0,1
4639,1,2
4640,1,1
4641,1,1
4643,1,2
4644,1,1
4645,1,1
4647,1,2
4648,1,1
4649,1,1
4651,1,2
4652,1,1
4653,1,1
4654,0,1
4656,1,2
4657,1,1
4659,2,2
4660,1,1
4661,1,1
4662,1,1
4664,1,2
4665,1,1
4666,1,1
4668,1,2
4669,1,1
4670,1,1
4671,1,1
4673,1,2
4674,1,1
4675,1,1
4677,1,2
4678,1,1
4679,1,1
4681,1,2
4682,1,1
4683,1,1
4684,1,1
4686,1,2
4687,1,1
4688,1,1
4690,1,2
4691,1,1
4693,1,2
4694,1,1
4695,1,1
4697,1,2
4698,1,1
4699,1,1
4700,1,1
4702,1,2
4703,1,1
4704,1,1
4706,1,2
4707,1,1
4708,1,1
4710,1,2
4711,1,1
4712,1,1
4713,1,1
4715,1,2
4716,1,1
4717,1,1
4719,1,2
4720,1,1
4721,1,1
4723,1,2
4724,1,1
4725,1,1
4726,0,1
4728,1,2
4729,1,1
4730,1,1
4732,1,2
4733,1,1
4734,1,1
4736,1,2
4737,1,1
4738,1,1
4740,1,2
4741,1,1
4742,1,1
4743,1,1
4745,1,2
4746,1,1
4747,1,1
4749,1,2
4750,1,1
4751,1,1
4752,0,1
4754,1,2
4755,1,1
4756,1,1
4758,1,2
4759,1,1
4760,1,1
4762,1,2
4763,1,1
4764,1,1
4765,0,1
4767,1,2
4768,1,1
4769,1,1
4771,1,2
4772,1,1
4773,1,1
4775,1,2
4776,1,1
4777,1,1
4778,0,1
4780,1,2
4782,2,2
4783,1,1
4784,1,1
4785,1,1
4786,1,1
4788,1,2
4789,1,1
4790,1,1
4792,2,2
4793,1,1
4794,1,1
4795,1,1
4797,1,2
4798,1,1
4799,1,1
4800,1,1
4801,0,1
4803,1,2
4804,1,1
4805,0,1
4807,1,2
4808,1,1
4809,1,1
4811,1,2
4812,1,1
4813,1,1
4815,1,2
4816,1,1
4818,2,2
4820,2,2
4821,2,1
4822,1,1
4824,2,2
4825,2,1
4826,1,1
4827,1,1
4828,1,1
4830,1,2
4831,1,1
4832,1,1
4834,1,2
4835,1,1
4836,1,1
4837,1,1
4839,1,2
4840,1,1
4841,1,1
4842,1,1
4844,1,2
4845,1,1
4846,1,1
4848,1,2
4849,1,1
4851,2,2
4852,1,1
4854,2,2
4855,2,1
4856,1,1
4857,1,1
4858,1,1
4861,3,3
4862,2,1
4863,2,1
4864,2,1
4865,1,1
4866,1,1
4867,1,1
4869,1,2
4870,1,1
4871,1,1
4873,1,2
4874,1,1
4875,1,1
4876,1,1
4878,1,2
4879,1,1
4880,1,1
4882,1,2
4883,1,1
4884,1,1
4886,1,2
4887,1,1
4888,1,1
4889,1,1
4891,1,2
4892,1,1
4893,1,1
4895,1,2
4896,1,1
4900,4,4
4901,4,1
4903,4,2
4904,4,1
4905,3,1
4906,3,1
4907,3,1
4908,3,1
4909,2,1
4910,2,1
4911,2,1
4912,1,1
4913,1,1
4914,1,1
4915,0,1
4917,1,2
4918,1,1
4919,1,1
4921,1,2
4922,1,1
4923,1,1
4924,0,1
4926,1,2
4927,1,1
4928,1,1
4930,1,2
4931,1,1
4932,1,1
4934,1,2
4935,1,1
4936,1,1
4938,2,2
4939,1,1
4940,1,1
4942,2,2
4943,2,1
4944,1,1
4945,1,1
4947,2,2
4948,1,1
4949,1,1
4951,2,2
4952,1,1
4953,1,1
4956,3,3
4958,3,2
4959,3,1
4960,3,1
4961,2,1
4963,3,2
4964,3,1
4965,2,1
4966,2,1
4968,3,2
4969,3,1
4970,2,1
4972,3,2
4973,3,1
4974,2,1
4976,3,2
4977,3,1
4978,2,1
4979,2,1
4981,3,2
4982,2,1
4983,2,1
4984,1,1
4985,1,1
4987,2,2
4988,2,1
4989,1,1
4991,2,2
4992,1,1
4994,2,2
4995,2,1
4997,3,2
4998,2,1
4999,2,1
5000,2,1
5001,1,1
5003,2,2
5004,1,1
5005,1,1
5007,2,2
5008,2,1
5009,1,1
5010,1,1
5011,1,1
5013,1,2
5014,1,1
5016,2,2
5017,1,1
5018,1,1
5019,1,1
5020,1,1
5021,0,1
5023,1,2
5024,1,1
5025,0,1
5027,1,2
5028,1,1
5029,1,1
5031,1,2
5032,1,1
5033,1,1
5034,1,1
5036,1,2
5037,1,1
5038,1,1
5040,1,2
5041,1,1
5042,1,1
5044,2,2
5045,1,1
5046,1,1
5047,1,1
5049,1,2
5050,1,1
5051,1,1
5052,1,1
5054,1,2
5055,1,1
5056,1,1
5058,1,2
5059,1,1
5060,1,1
5062,1,2
5063,1,1
5064,1,1
5065,1,1
5067,1,2
5068,1,1
5069,1,1
5071,1,2
5072,1,1
5073,1,1
5075,1,2
5076,1,1
5077,1,1
5078,0,1
5080,1,2
5081,1,1
5082,1,1
5084,1,2
5085,1,1
5086,1,1
5088,1,2
5089,1,1
5090,1,1
5092,1,2
5093,1,1
5094,1,1
5095,0,1
5097,1,2
5098,1,1
5099,1,1
5101,1,2
5102,1,1
5103,1,1
5105,1,2
5106,1,1
5107,1,1
5109,1,2
5110,1,1
5111,1,1
5112,1,1
5114,1,2
5115,1,1
5116,1,1
5118,1,2
5119,1,1
5120,1,1
5121,0,1
5123,1,2
5124,1,1
5125,1,1
5127,1,2
5128,1,1
5129,1,1
5131,1,2
5132,1,1
5133,1,1
5134,0,1
5136,1,2
5137,1,1
5138,0,1
5140,1,2
5141,1,1
5142,1,1
5144,1,2
5145,1,1
5146,1,1
5148,1,2
5149,1,1
5150,1,1
5152,1,2
5153,1,1
5154,1,1
5156,1,2
5157,1,1
5158,1,1
5159,1,1
5161,1,2
5162,1,1
5163,1,1
5165,1,2
5166,1,1
5167,1,1
5169,1,2
5170,1,1
5171,1,1
5172,1,1
5174,1,2
5175,1,1
5176,1,1
5178,1,2
5179,1,1
5180,1,1
5182,1,2
5183,1,1
5184,1,1
5185,1,1
5187,1,2
5188,1,1
5189,1,1
5191,1,2
5194,3,3
5195,3,1
5201,7,6
5202,7,1
5204,8,2
5205,7,1
5206,7,1
5208,8,2
5209,8,1
5210,7,1
5211,7,1
5212,7,1
5213,6,1
5214,6,1
5216,7,2
5217,7,1
5218,6,1
5219,6,1
5221,7,2
5222,6,1
5224,7,2
5225,7,1
5226,6,1
5228,7,2
5229,7,1
5230,6,1
5232,7,2
5233,7,1
5234,6,1
5235,6,1
5237,7,2
5238,7,1
5239,6,1
5241,7,2
5242,7,1
5243,6,1
5245,7,2
5246,7,1
5247,6,1
5248,6,1
5249,6,1
5250,6,1
5251,5,1
5252,5,1
5253,5,1
5254,4,1
5255,4,1
5256,4,1
5257,3,1
5258,3,1
5259,3,1
5260,2,1
5261,2,1
5262,2,1
5263,1,1
5264,1,1
5265,1,1
5266,1,1
5268,1,2
5269,1,1
5270,1,1
5272,1,2
5273,1,1
5274,1,1
5276,1,2
5277,1,1
5278,1,1
5279,1,1
5281,1,2
5282,1,1
5283,1,1
5285,1,2
5286,1,1
5287,1,1
5288,0,1
5290,1,2
5291,1,1
5292,1,1
5294,1,2
5295,1,1
5296,1,1
5298,1,2
5299,1,1
5300,1,1
5302,1,2
5303,1,1
5304,1,1
5306,2,2
5307,1,1
5308,1,1
5310,2,2
5311,1,1
5312,1,1
5314,2,2
5315,1,1
5316,1,1
5318,2,2
5319,1,1
5320,1,1
5321,1,1
5323,2,2
5324,1,1
5325,1,1
5326,1,1
5328,1,2
5329,1,1
5331,2,2
5332,2,1
5333,1,1
5334,1,1
5336,2,2
5337,1,1
5338,1,1
5340,2,2
5341,1,1
5342,1,1
5344,2,2
5345,1,1
5346,1,1
5348,2,2
5349,1,1
5350,1,1
5352,2,2
5353,1,1
5354,1,1
5355,1,1
5357,2,2
5358,1,1
5359,1,1
5361,2,2
5362,1,1
5363,1,1
5364,1,1
5366,1,2
5367,1,1
5368,1,1
5370,2,2
5371,1,1
5372,1,1
5374,2,2
5375,1,1
5376,1,1
5378,2,2
5379,2,1
5380,1,1
5381,1,1
5383,2,2
5384,1,1
5385,1,1
5386,1,1
5388,1,2
5389,1,1
5390,1,1
5392,2,2
5393,1,1
5394,1,1
5396,2,2
5397,1,1
5398,1,1
5399,1,1
5401,1,2
5402,1,1
5403,1,1
5405,2,2
5406,1,1
5407,1,1
5409,2,2
5410,2,1
5411,1,1
5412,1,1
5414,2,2
5415,1,1
5416,1,1
5418,2,2
5419,2,1
5420,1,1
5421,1,1
5423,2,2
5424,1,1
5425,1,1
5427,2,2
5428,2,1
5429,1,1
5430,1,1
5432,2,2
5433,1,1
5434,1,1
5435,1,1
5437,2,2
5438,1,1
5439,1,1
5441,2,2
5442,1,1
5443,1,1
5444,1,1
5446,2,2
5447,1,1
5448,1,1
5450,2,2
5451,1,1
5452,1,1
5453,1,1
5455,2,2
5456,1,1
5457,1,1
5459,1,2
5461,1,2
5463,1,2
5465,1,2
5467,1,2
5469,1,2
5470,0,1
5472,1,2
5474,1,2
5476,1,2
5478,1,2
5480,1,2
5481,0,1
5483,1,2
5485,1,2
5487,1,2
5489,1,2
5491,1,2
5493,1,2
5494,0,1
5496,1,2
5497,0,1
5499,0,2
5501,1,2
5502,1,1
5503,0,1
5504,0,1
5505,0,1
5507,1,2
5508,1,1
5509,1,1
5510,0,1
5511,0,1
5513,1,2
5514,1,1
5516,1,2
5517,1,1
5518,1,1
5519,1,1
5521,2,2
5522,2,1
5523,1,1
5524,1,1
5525,1,1
5526,1,1
5528,2,2
5529,2,1
5530,1,1
5531,1,1
5532,1,1
5534,2,2
5535,1,1
5536,1,1
5537,1,1
5538,1,1
5539,1,1
5541,2,2
5542,1,1
5543,1,1
5544,1,1
5546,2,2
5547,1,1
5548,1,1
5549,1,1
5550,0,1
5552,1,2
5553,1,1
5554,0,1
5556,1,2
5557,1,1
5558,1,1
5560,1,2
5561,1,1
5562,1,1
5564,1,2
5565,1,1
5566,1,1
5567,0,1
5569,1,2
5570,1,1
5572,1,2
5572,0,0
5574,1,2
5575,1,1
5576,0,1
5578,1,2
5579,0,1
5581,1,2
5582,1,1
5583,1,1
5584,0,1
5586,1,2
5587,1,1
5588,0,1
5590,1,2
5591,1,1
5592,0,1
5593,0,1
5595,1,2
5596,1,1
5597,0,1
5599,1,2
5600,1,1
5602,1,2
5603,1,1
5605,2,2
5606,1,1
5607,1,1
5609,2,2
5610,1,1
5611,1,1
5612,1,1
5614,2,2
5615,1,1
5616,1,1
5618,2,2
5619,1,1
5620,1,1
5622,2,2
5623,2,1
5624,1,1
5626,2,2
5627,2,1
5629,2,2
5630,1,1
5631,1,1
5633,2,2
5634,1,1
5635,1,1
5636,1,1
5638,1,2
5639,1,1
5641,2,2
5642,2,1
5643,1,1
5644,1,1
5646,2,2
5647,1,1
5648,1,1
5649,1,1
5651,2,2
5652,1,1
5653,1,1
5654,1,1
5656,1,2
5657,1,1
5658,1,1
5659,1,1
5661,1,2
5662,1,1
5663,1,1
5664,0,1
5666,1,2
5667,1,1
5668,1,1
5670,1,2
5671,1,1
5672,1,1
5673,0,1
5675,1,2
5676,1,1
5677,1,1
5679,1,2
5680,1,1
5681,1,1
5682,1,1
5684,1,2
5685,1,1
5686,1,1
5688,1,2
5689,1,1
5690,1,1
5692,1,2
5693,1,1
5694,1,1
5696,2,2
5697,1,1
5698,1,1
5700,2,2
5701,1,1
5702,1,1
5703,1,1
5704,1,1
5706,1,2
5707,1,1
5708,1,1
5710,2,2
5711,1,1
5712,1,1
5714,2,2
5715,2,1
5716,1,1
5717,1,1
5719,2,2
5720,1,1
5721,1,1
5722,1,1
5724,2,2
5725,1,1
5726,1,1
5728,2,2
5729,1,1
5731,2,2
5732,2,1
5733,1,1
5734,1,1
5736,2,2
5737,1,1
5738,1,1
5740,2,2
5741,1,1
5742,1,1
5743,1,1
5745,2,2
5746,1,1
5747,1,1
5749,2,2
5750,1,1
5751,1,1
5752,1,1
5754,2,2
5755,1,1
5756,1,1
5757,1,1
5759,2,2
5760,1,1
5761,1,1
5763,2,2
5764,1,1
5765,1,1
5767,2,2
5768,2,1
5769,1,1
5770,1,1
5772,2,2
5773,1,1
5774,1,1
5775,1,1
5777,2,2
5778,1,1
5779,1,1
5780,1,1
5782,1,2
5783,1,1
5784,1,1
5786,2,2
5787,1,1
5788,1,1
5789,1,1
5791,2,2
5792,1,1
5793,1,1
5795,2,2
5796,1,1
5797,1,1
5798,1,1
5800,1,2
5801,1,1
5802,1,1
5804,2,2
5805,1,1
5806,1,1
5808,2,2
5809,1,1
5810,1,1
5811,1,1
5813,2,2
5814,1,1
5815,1,1
5817,2,2
5818,1,1
5819,1,1
5821,2,2
5822,1,1
5823,1,1
5824,1,1
5826,2,2
5827,1,1
5828,1,1
5830,2,2
5831,1,1
5832,1,1
5834,2,2
5835,1,1
5836,1,1
5838,2,2
5839,1,1
5840,1,1
5842,2,2
5843,2,1
5844,1,1
5845,1,1
5847,2,2
5848,2,1
5849,1,1
5850,1,1
5852,2,2
5853,2,1
5854,1,1
5855,1,1
5857,2,2
5858,2,1
5859,1,1
5860,1,1
5861,1,1
5863,2,2
5864,1,1
5865,1,1
5866,1,1
5868,2,2
5869,2,1
5870,1,1
5871,1,1
5872,1,1
5874,2,2
5875,1,1
5876,1,1
5877,1,1
5879,2,2
5880,1,1
5881,1,1
5882,1,1
5884,2,2
5885,1,1
5886,1,1
5887,1,1
5889,2,2
5890,2,1
5891,1,1
5892,1,1
5893,1,1
5895,2,2
5896,1,1
5900,4,4
5902,5,2
5903,4,1
5904,4,1
5905,3,1
5906,3,1
5907,3,1
5908,2,1
5909,2,1
5910,2,1
5912,3,2
5915,4,3
5916,4,1
5917,4,1
5918,3,1
5919,3,1
5920,3,1
5922,4,2
5923,4,1
5924,3,1
5925,3,1
5927,4,2
5928,4,1
5929,3,1
5930,3,1
5931,3,1
5932,3,1
5933,2,1
5934,2,1
5934,1,0
5935,1,1
5936,0,1
5938,1,2
5939,1,1
5940,1,1
5941,0,1
5943,1,2
5944,1,1
5945,1,1
5946,1,1
5947,0,1
5949,1,2
5950,1,1
5951,1,1
5952,0,1
5954,1,2
5955,1,1
5956,1,1
5957,1,1
5959,1,2
5960,1,1
5961,1,1
5962,0,1
5964,1,2
5965,1,1
5966,1,1
5968,1,2
5969,1,1
5970,1,1
5971,1,1
5973,1,2
5974,1,1
5975,1,1
5977,1,2
5978,1,1
5979,1,1
5980,1,1
5982,1,2
5983,1,1
5984,1,1
5985,0,1
5987,1,2
5988,1,1
5990,1,2
5991,1,1
5992,1,1
5993,1,1
5995,1,2
5996,1,1
5997,1,1
5998,0,1
6000,1,2
6001,1,1
6002,0,1
6004,1,2
6005,1,1
6006,1,1
6008,1,2
6009,1,1
6010,1,1
6012,1,2
6013,1,1
6014,1,1
6015,0,1
6017,1,2
6018,1,1
6019,0,1
6021,1,2
6022,1,1
6023,0,1
6025,1,2
6026,1,1
6027,1,1
6029,1,2
6030,1,1
6031,1,1
6032,0,1
6034,1,2
6035,1,1
6036,0,1
6038,1,2
6039,1,1
6040,1,1
6042,1,2
6043,1,1
6044,1,1
6045,0,1
6047,1,2
6048,1,1
6049,0,1
6051,1,2
6052,1,1
6054,2,2
6054,0,0
6056,1,2
6057,1,1
6058,0,1
6060,1,2
6061,1,1
6062,0,1
6064,1,2
6065,1,1
6066,1,1
6067,0,1
6069,1,2
6070,1,1
6071,1,1
6073,1,2
6074,1,1
6075,1,1
6076,1,1
6078,1,2
6079,1,1
6080,1,1
6081,0,1
6083,1,2
6084,1,1
6085,1,1
6086,0,1
6088,1,2
6089,1,1
6090,1,1
6092,1,2
6093,1,1
6094,1,1
6095,0,1
6097,1,2
6098,1,1
6099,1,1
6100,0,1
6102,1,2
6103,1,1
6104,1,1
6105,0,1
6107,1,2
6108,1,1
6109,1,1
6111,1,2
6112,1,1
6113,1,1
6114,1,1
6116,1,2
6117,1,1
6118,1,1
6119,0,1
6121,1,2
6122,1,1
6123,1,1
6125,1,2
6126,1,1
6127,1,1
6128,1,1
6130,1,2
6131,1,1
6132,1,1
6133,0,1
6135,1,2
6136,1,1
6137,1,1
6138,0,1
6140,1,2
6141,1,1
6143,2,2
6144,1,1
6145,1,1
6146,1,1
6148,1,2
6149,1,1
6150,1,1
6152,1,2
6153,1,1
6155,2,2
6156,1,1
6157,1,1
6158,0,1
6160,1,2
6163,2,3
6165,1,2
6167,1,2
6168,1,1
6170,1,2
6171,1,1
6172,1,1
6174,1,2
6175,1,1
6176,1,1
6177,1,1
6178,0,1
6180,1,2
6181,1,1
6182,1,1
6183,1,1
6185,1,2
6186,1,1
6187,1,1
6188,1,1
6190,1,2
6191,1,1
6192,1,1
6193,1,1
6195,1,2
6196,1,1
6197,1,1
6198,1,1
6200,1,2
6201,1,1
6202,1,1
6203,1,1
6205,1,2
6207,1,2
6208,1,1
6209,1,1
6210,1,1
6211,0,1
6213,1,2
6214,1,1
6215,1,1
6216,0,1
6218,1,2
6219,1,1
6220,1,1
6221,0,1
6223,1,2
6224,1,1
6225,1,1
6226,0,1
6228,1,2
6229,1,1
6230,1,1
6232,1,2
6233,1,1
6234,1,1
6235,1,1
6237,1,2
6238,1,1
6239,1,1
6240,1,1
6242,1,2
6243,1,1
6244,1,1
6246,1,2
6247,1,1
6248,1,1
6250,1,2
6251,1,1
6252,1,1
6253,1,1
6255,1,2
6256,1,1
6257,1,1
6259,1,2
6260,1,1
6261,1,1
6263,1,2
6264,1,1
6265,1,1
6267,1,2
6268,1,1
6269,1,1
6270,1,1
6272,1,2
6273,1,1
6274,1,1
6276,2,2
6277,1,1
6278,1,1
6282,4,4
6285,5,3
6286,5,1
6287,5,1
6288,4,1
6289,4,1
6290,4,1
6291,4,1
6292,3,1
6293,3,1
6294,3,1
6295,3,1
6296,2,1
6297,2,1
6299,3,2
6300,2,1
6301,2,1
6302,2,1
6303,1,1
6304,1,1
6305,1,1
6307,2,2
6308,1,1
6309,1,1
6310,1,1
6312,1,2
6313,1,1
6314,1,1
6316,1,2
6317,1,1
6318,1,1
6320,1,2
6321,1,1
6322,1,1
6323,1,1
6325,1,2
6326,1,1
6327,1,1
6329,1,2
6330,1,1
6331,1,1
6333,1,2
6334,1,1
6335,1,1
6337,2,2
6338,1,1
6339,1,1
6340,1,1
6341,0,1
6343,1,2
6344,1,1
6345,1,1
6347,1,2
6348,1,1
6349,1,1
6350,0,1
6352,1,2
6353,1,1
6354,0,1
6356,1,2
6357,1,1
6358,1,1
6360,1,2
6361,1,1
6362,1,1
6363,0,1
6365,1,2
6366,1,1
6367,1,1
6369,1,2
6370,1,1
6371,1,1
6373,1,2
6374,1,1
6375,1,1
6376,0,1
6378,1,2
6379,1,1
6380,1,1
6382,1,2
6383,1,1
6385,1,2
6386,1,1
6387,1,1
6389,1,2
6390,1,1
6391,1,1
6393,1,2
6394,1,1
6395,1,1
6397,1,2
6398,1,1
6399,1,1
6401,1,2
6402,1,1
6403,1,1
6405,1,2
6406,1,1
6407,1,1
6409,1,2
6410,1,1
6412,1,2
6413,1,1
6414,1,1
6415,0,1
6417,1,2
6418,1,1
6420,1,2
6421,1,1
6422,1,1
6424,1,2
6425,1,1
6426,1,1
6428,1,2
6429,1,1
6430,0,1
6432,1,2
6433,1,1
6434,0,1
6436,1,2
6437,1,1
6438,0,1
6440,1,2
6441,1,1
6442,1,1
6444,1,2
6445,1,1
6446,1,1
6448,1,2
6449,1,1
6450,1,1
6452,1,2
6453,1,1
6454,1,1
6456,1,2
6457,1,1
6458,1,1
6460,2,2
6461,1,1
6462,1,1
6463,1,1
6465,1,2
6466,1,1
6467,1,1
6469,1,2
6470,1,1
6471,1,1
6472,1,1
6474,1,2
6475,1,1
6476,1,1
6478,1,2
6479,1,1
6480,1,1
6481,0,1
6483,1,2
6484,1,1
6486,2,2
6487,1,1
6488,1,1
6489,1,1
6491,1,2
6492,1,1
6493,1,1
6495,1,2
6496,1,1
6497,1,1
6498,1,1
6500,1,2
6501,1,1
6502,1,1
6504,1,2
6505,1,1
6506,1,1
6508,1,2
6509,1,1
6510,1,1
6512,1,2
6513,1,1
6514,1,1
6516,1,2
6517,1,1
6518,1,1
6519,1,1
6521,1,2
6522,1,1
6523,1,1
6524,0,1
6526,1,2
6527,1,1
6528,1,1
6530,1,2
6531,1,1
6532,1,1
6533,1,1
6535,1,2
6536,1,1
6537,1,1
6538,0,1
6540,1,2
6541,1,1
6542,1,1
6544,1,2
6545,1,1
6546,1,1
6548,1,2
6549,1,1
6550,1,1
6552,2,2
6553,1,1
6554,1,1
6555,1,1
6557,1,2
6558,1,1
6559,1,1
6560,0,1
6562,1,2
6563,1,1
6564,1,1
6566,1,2
6567,1,1
6568,1,1
6570,1,2
6571,1,1
6572,1,1
6573,1,1
6575,1,2
6576,1,1
6577,1,1
6579,1,2
6580,1,1
6581,1,1
6582,1,1
6584,1,2
6585,1,1
6586,1,1
6588,1,2
6589,1,1
6590,1,1
6591,1,1
6592,0,1
6594,1,2
6595,1,1
6596,1,1
6597,0,1
6599,1,2
6600,1,1
6601,1,1
6603,1,2
6604,1,1
6605,1,1
6607,1,2
6608,1,1
6609,1,1
6610,0,1
6612,1,2
6613,1,1
6614,0,1
6616,1,2
6617,1,1
6618,1,1
6620,1,2
6621,1,1
6622,1,1
6624,1,2
6625,1,1
6626,1,1
6628,1,2
6629,1,1
6630,1,1
6631,0,1
6633,1,2
6634,1,1
6635,1,1
6637,1,2
6638,1,1
6639,1,1
6640,1,1
6641,0,1
6643,1,2
6644,1,1
6645,1,1
6647,1,2
6648,1,1
6649,1,1
6650,0,1
6652,1,2
6653,1,1
6654,0,1
6656,1,2
6657,1,1
6658,1,1
6660,1,2
6661,1,1
6662,1,1
6664,1,2
6665,1,1
6666,1,1
6668,1,2
6669,1,1
6670,1,1
6672,1,2
6673,1,1
6674,1,1
6675,0,1
6677,1,2
6678,1,1
6679,1,1
6681,1,2
6682,1,1
6683,1,1
6685,1,2
6686,1,1
6687,1,1
6688,0,1
6690,1,2
6691,1,1
6692,0,1
6694,1,2
6695,1,1
6696,1,1
6698,1,2
6699,1,1
6700,1,1
6702,1,2
6703,1,1
6704,1,1
6706,1,2
6707,1,1
6708,1,1
6710,2,2
6711,1,1
6712,1,1
6713,1,1
6715,1,2
6716,1,1
6717,1,1
6719,1,2
6720,1,1
6721,1,1
6723,1,2
6724,1,1
6725,1,1
6726,0,1
6728,1,2
6729,1,1
6730,1,1
6732,1,2
6733,1,1
6734,1,1
6736,1,2
6737,1,1
6738,1,1
6740,1,2
6741,1,1
6742,1,1
6743,1,1
6745,1,2
6746,1,1
6747,1,1
6748,0,1
6750,1,2
6751,1,1
6752,0,1
6754,1,2
6755,1,1
6756,1,1
6758,1,2
6759,1,1
6760,1,1
6761,0,1
6763,1,2
6764,1,1
6765,0,1
6767,1,2
6768,1,1
6769,1,1
6771,1,2
6772,1,1
6773,1,1
6775,1,2
6776,1,1
6777,1,1
6779,1,2
6780,1,1
6781,1,1
6782,0,1
6784,1,2
6785,1,1
6786,1,1
6788,1,2
6789,1,1
6790,1,1
6792,1,2
6793,1,1
6794,1,1
6796,1,2
6797,1,1
6798,1,1
6799,0,1
6801,1,2
6802,1,1
6804,1,2
6805,1,1
6806,1,1
6807,1,1
6809,1,2
6810,1,1
6811,1,1
6813,1,2
6814,1,1
6815,1,1
6816,0,1
6818,1,2
6819,1,1
6820,0,1
6822,1,2
6823,1,1
6824,1,1
6826,1,2
6827,1,1
6828,1,1
6830,1,2
6831,1,1
6832,1,1
6833,0,1
6835,1,2
6836,1,1
6837,0,1
6839,1,2
6840,1,1
6841,1,1
6843,1,2
6844,1,1
6845,1,1
6847,1,2
6848,1,1
6849,1,1
6850,1,1
6852,1,2
6853,1,1
6854,1,1
6856,1,2
6857,1,1
6858,1,1
6859,1,1
6861,1,2
6862,1,1
6863,1,1
6864,1,1
6866,1,2
6867,1,1
6868,1,1
6870,1,2
6871,1,1
6872,1,1
6873,0,1
6875,1,2
6876,1,1
6877,1,1
6878,0,1
6880,1,2
6882,1,2
6883,1,1
6885,1,2
6886,1,1
6887,1,1
6889,1,2
6890,1,1
6891,1,1
6892,1,1
6894,1,2
6895,1,1
6897,2,2
6898,1,1
6899,1,1
6900,1,1
6902,1,2
6903,1,1
6905,1,2
6906,1,1
6907,1,1
6908,1,1
6910,1,2
6911,1,1
6912,1,1
6913,0,1
6915,1,2
6916,1,1
6918,1,2
6919,1,1
6921,1,2
6922,1,1
6923,1,1
6925,1,2
6926,1,1
6927,1,1
6929,1,2
6930,1,1
6931,1,1
6932,1,1
6934,1,2
6935,1,1
6936,1,1
6937,1,1
6939,1,2
6940,1,1
6941,1,1
6942,1,1
6944,1,2
6945,1,1
6946,1,1
6947,1,1
6949,1,2
6950,1,1
6951,1,1
6952,0,1
6954,1,2
6955,1,1
6957,2,2
6958,1,1
6959,1,1
6960,1,1
6961,0,1
6963,1,2
6964,1,1
6966,2,2
6967,1,1
6968,1,1
6969,1,1
6970,0,1
6972,1,2
6973,1,1
6974,1,1
6976,1,2
6977,1,1
6978,1,1
6980,1,2
6981,1,1
6982,1,1
6983,1,1
6985,1,2
6986,1,1
6987,1,1
6989,1,2
6990,1,1
6991,1,1
6993,2,2
6994,1,1
6995,1,1
6997,2,2
6998,1,1
6999,1,1
7000,1,1
7002,2,2
7003,1,1
7004,1,1
7005,1,1
7007,1,2
7008,1,1
7009,1,1
7011,1,2
7012,1,1
7013,1,1
7015,2,2
7016,1,1
7017,1,1
7018,1,1
7020,1,2
7022,2,2
7023,2,1
7024,2,1
7025,1,1
7026,1,1
7027,1,1
7028,0,1
7030,1,2
7031,1,1
7032,1,1
7034,1,2
7035,1,1
7036,1,1
7037,0,1
7039,1,2
7040,1,1
7041,0,1
7043,1,2
7044,1,1
7045,1,1
7047,1,2
7048,1,1
7049,1,1
7050,0,1
7052,1,2
7053,1,1
7055,1,2
7057,1,2
7059,2,2
7060,1,1
7062,1,2
7064,1,2
7066,1,2
7068,1,2
7069,1,1
7071,1,2
7072,1,1
7073,1,1
7074,1,1
7076,1,2
7077,1,1
7078,1,1
7080,1,2
7081,1,1
7082,1,1
7084,1,2
7085,1,1
7086,1,1
7088,1,2
7089,1,1
7090,1,1
7092,1,2
7093,1,1
7094,1,1
7095,0,1
7097,1,2
7098,1,1
7099,1,1
7101,1,2
7102,1,1
7103,1,1
7105,1,2
7106,1,1
7107,1,1
7109,1,2
7110,1,1
7111,1,1
7112,1,1
7114,1,2
7115,1,1
7116,1,1
7118,1,2
7119,1,1
7120,1,1
7122,1,2
7123,1,1
7124,1,1
7125,0,1
7127,1,2
7128,1,1
7129,1,1
7131,1,2
7132,1,1
7133,1,1
7135,1,2
7136,1,1
7137,1,1
7139,2,2
7141,1,2
7143,1,2
7144,1,1
7146,1,2
7148,1,2
7150,1,2
7152,1,2
7153,1,1
7155,1,2
7156,1,1
7157,1,1
7159,1,2
7160,1,1
7161,1,1
7163,1,2
7165,2,2
7165,1,0
7167,2,2
7168,1,1
7169,1,1
7170,1,1
7172,1,2
7173,1,1
7174,1,1
7175,1,1
7177,1,2
7178,1,1
7179,1,1
7180,0,1
7182,1,2
7183,1,1
7185,2,2
7186,1,1
7187,1,1
7188,1,1
7200,11,12
7201,9,1
7202,8,1
7203,8,1
7205,8,2
7207,9,2
7209,10,2
7210,8,1
7212,9,2
7213,8,1
7215,9,2
7217,10,2
7218,10,1
7219,9,1
7220,9,1
7224,11,4
7225,11,1
7226,11,1
7227,10,1
7229,10,2
7230,8,1
7231,7,1
7232,7,1
7233,7,1
7234,6,1
7235,6,1
7236,6,1
7237,5,1
7238,5,1
7238,4,0
7239,4,1
7240,3,1
7241,3,1
7242,2,1
7243,2,1
7244,2,1
7245,1,1
7246,1,1
7247,0,1
7249,1,2
7250,1,1
7252,1,2
7253,1,1
7255,1,2
7256,1,1
7258,1,2
7259,1,1
7261,2,2
7262,1,1
7263,1,1
7265,1,2
7266,1,1
7267,0,1
7269,1,2
7270,1,1
7272,1,2
7273,1,1
7275,1,2
7276,1,1
7277,0,1
7279,1,2
7280,1,1
7282,1,2
7283,1,1
7285,1,2
7286,1,1
7287,1,1
7289,1,2
7290,1,1
7291,0,1
7293,1,2
7294,1,1
7296,1,2
7297,1,1
7298,0,1
7300,1,2
7301,1,1
7303,1,2
7304,1,1
7305,0,1
7307,1,2
7308,1,1
7310,1,2
7311,1,1
7312,0,1
7314,1,2
7315,1,1
7317,1,2
7318,1,1
7319,0,1
7321,1,2
7322,1,1
7324,1,2
7325,1,1
7326,0,1
7328,1,2
7329,1,1
7331,1,2
7332,1,1
7333,0,1
7335,1,2
7336,1,1
7337,0,1
7339,1,2
7340,1,1
7342,1,2
7344,2,2
7345,1,1
7347,1,2
7348,1,1
7349,0,1
7351,1,2
7352,1,1
7354,1,2
7355,1,1
7356,0,1
7358,1,2
7359,1,1
7361,1,2
7362,1,1
7363,1,1
7365,1,2
7366,1,1
7368,1,2
7369,1,1
7370,0,1
7372,1,2
7373,1,1
7375,1,2
7376,1,1
7378,1,2
7379,1,1
7383,3,4
7385,4,2
7386,4,1
7387,3,1
7388,2,1
7389,2,1
7390,1,1
7391,1,1
7396,4,5
7397,4,1
7398,4,1
7399,3,1
7400,3,1
7402,3,2
7403,3,1
7403,1,0
7404,1,1
7405,1,1
7407,1,2
7408,1,1
7409,1,1
7411,1,2
7412,1,1
7413,1,1
7415,1,2
7416,1,1
7417,1,1
7418,0,1
7420,1,2
7421,1,1
7422,1,1
7424,1,2
7426,1,2
7427,1,1
7428,1,1
7430,1,2
7431,1,1
7432,1,1
7433,1,1
7435,1,2
7436,1,1
7437,1,1
7438,0,1
7440,1,2
7441,1,1
7442,1,1
7444,1,2
7445,1,1
7446,1,1
7448,1,2
7449,1,1
7450,1,1
7451,0,1
7453,1,2
7454,1,1
7456,1,2
7457,1,1
7458,1,1
7460,1,2
7461,1,1
7462,1,1
7464,1,2
7465,1,1
7466,1,1
7468,1,2
7469,1,1
7470,1,1
7472,2,2
7473,1,1
7474,1,1
7476,1,2
7477,1,1
7478,1,1
7480,1,2
7481,1,1
7482,1,1
7484,1,2
7485,1,1
7486,1,1
7488,1,2
7489,1,1
7490,1,1
7492,1,2
7493,1,1
7494,0,1
7496,1,2
7497,1,1
7498,1,1
7500,1,2
7501,1,1
7502,1,1
7504,1,2
7505,1,1
7506,1,1
7507,1,1
7509,1,2
7510,1,1
7511,1,1
7513,1,2
7514,1,1
7515,1,1
7516,1,1
7518,1,2
7519,1,1
7520,1,1
7522,1,2
7523,1,1
7524,1,1
7525,0,1
7527,1,2
7528,1,1
7529,1,1
7530,0,1
7532,1,2
7533,1,1
7534,1,1
7536,1,2
7537,1,1
7538,1,1
7539,1,1
7540,1,1
7541,0,1
7543,1,2
7544,1,1
7548,1,4
7549,1,1
7550,0,1
7552,1,2
7553,1,1
7554,1,1
7556,1,2
7557,1,1
7558,1,1
7560,1,2
7561,1,1
7563,1,2
7564,1,1
7565,1,1
7567,1,2
7568,1,1
7569,1,1
7570,0,1
7572,1,2
7573,1,1
7574,1,1
7576,1,2
7577,1,1
7578,1,1
7580,1,2
7581,1,1
7582,1,1
7583,0,1
7585,1,2
7586,1,1
7587,1,1
7589,1,2
7590,1,1
7591,1,1
7592,1,1
7594,1,2
7595,1,1
7596,1,1
7597,0,1
7599,1,2
7600,1,1
7601,1,1
7603,1,2
7604,1,1
7605,1,1
7606,0,1
7608,1,2
7609,1,1
7610,0,1
7612,1,2
7613,1,1
7614,1,1
7616,1,2
7617,1,1
7618,1,1
7619,0,1
7621,1,2
7622,1,1
7623,1,1
7625,1,2
7626,1,1
7627,1,1
7629,1,2
7630,1,1
7631,1,1
7632,1,1
7634,1,2
7635,1,1
7636,1,1
7637,1,1
7638,0,1
7640,1,2
7641,1,1
7642,0,1
7644,1,2
7645,1,1
7647,2,2
7648,1,1
7649,1,1
7650,1,1
7651,0,1
7653,1,2
7654,1,1
7655,1,1
7656,0,1
7658,1,2
7659,1,1
7660,1,1
7661,0,1
7663,1,2
7664,1,1
7665,1,1
7666,0,1
7668,1,2
7669,1,1
7670,1,1
7671,0,1
7673,1,2
7674,1,1
7675,1,1
7676,0,1
7678,1,2
7679,1,1
7680,1,1
7681,1,1
7682,0,1
7684,1,2
7685,1,1
7686,1,1
7688,1,2
7689,1,1
7690,1,1
7691,1,1
7693,1,2
7694,1,1
7695,1,1
7696,1,1
7697,0,1
7699,1,2
7700,1,1
7701,1,1
7703,1,2
7704,1,1
7705,1,1
7706,0,1
7708,1,2
7709,1,1
7710,1,1
7711,0,1
7713,1,2
7714,1,1
7715,1,1
7716,0,1
7718,1,2
7719,1,1
7720,1,1
7721,0,1
7723,1,2
7724,1,1
7725,1,1
7726,0,1
7728,1,2
7729,1,1
7730,1,1
7732,1,2
7733,1,1
7734,1,1
7735,1,1
7736,0,1
7738,1,2
7739,1,1
7740,1,1
7741,0,1
7743,1,2
7744,1,1
7745,1,1
7746,0,1
7748,1,2
7749,1,1
7750,1,1
7752,1,2
7753,1,1
7754,1,1
7755,1,1
7757,1,2
7758,1,1
7759,1,1
7760,1,1
7761,0,1
7763,1,2
7764,1,1
7765,1,1
7766,0,1
7768,1,2
7769,1,1
7770,1,1
7772,1,2
7773,1,1
7774,1,1
7775,1,1
7777,1,2
7779,2,2
7781,3,2
7782,3,1
7783,2,1
7784,2,1
7786,3,2
7787,2,1
7788,2,1
7790,3,2
7791,3,1
7792,2,1
7793,2,1
7802,10,9
7802,9,0
7803,8,1
7804,8,1
7805,8,1
7806,7,1
7807,7,1
7808,7,1
7809,7,1
7810,6,1
7810,5,0
7811,5,1
7812,4,1
7813,4,1
7814,4,1
7815,3,1
7816,3,1
7817,3,1
7817,2,0
7818,1,1
7819,1,1
7820,1,1
7821,0,1
7823,1,2
7824,1,1
7825,1,1
7826,0,1
7828,1,2
7829,1,1
7830,1,1
7832,1,2
7833,1,1
7834,1,1
7835,1,1
7837,1,2
7838,1,1
7839,1,1
7840,1,1
7842,1,2
7843,1,1
7844,1,1
7845,0,1
7847,1,2
7848,1,1
7849,1,1
7850,0,1
7852,1,2
7853,1,1
7854,0,1
7856,1,2
7857,1,1
7858,1,1
7860,1,2
7861,1,1
7862,1,1
7863,0,1
7865,1,2
7866,1,1
7867,1,1
7868,0,1
7870,1,2
7871,1,1
7872,1,1
7874,1,2
7875,1,1
7876,1,1
7877,0,1
7879,1,2
7880,1,1
7881,1,1
7882,0,1
7884,1,2
7885,1,1
7886,1,1
7888,1,2
7889,1,1
7890,1,1
7891,0,1
7893,1,2
7894,1,1
7895,1,1
7898,2,3
7900,3,2
7901,3,1
7902,3,1
7903,2,1
7904,2,1
7905,2,1
7906,1,1
7907,1,1
7908,1,1
7910,1,2
7911,1,1
7912,1,1
7913,1,1
7915,1,2
7916,1,1
7917,1,1
7918,1,1
7919,0,1
7921,1,2
7922,1,1
7923,1,1
7925,1,2
7926,1,1
7927,1,1
7928,1,1
7929,0,1
7931,1,2
7932,1,1
7933,1,1
7935,1,2
7936,1,1
7937,1,1
7938,1,1
7940,1,2
7941,1,1
7942,1,1
7944,1,2
7945,1,1
7946,1,1
7947,1,1
7949,1,2
7950,1,1
7951,1,1
7952,1,1
7954,1,2
7955,1,1
7956,1,1
7957,0,1
7959,1,2
7960,1,1
7961,1,1
7963,1,2
7964,1,1
7965,1,1
7966,1,1
7968,1,2
7969,1,1
7970,1,1
7971,1,1
7973,1,2
7974,1,1
7975,1,1
7977,1,2
7978,1,1
7979,1,1
7980,1,1
7981,0,1
7983,1,2
7984,1,1
7985,1,1
7986,0,1
7988,1,2
7989,1,1
7990,1,1
7992,1,2
7993,1,1
7994,1,1
7995,1,1
7996,0,1
7998,1,2
7999,1,1
8000,1,1
8001,0,1
8003,1,2
8004,1,1
8005,1,1
8007,1,2
8008,1,1
8009,1,1
8011,2,2
8012,1,1
8013,1,1
8014,1,1
8016,1,2
8017,1,1
8018,1,1
8019,1,1
8021,1,2
8022,1,1
8023,1,1
8024,1,1
8026,1,2
8027,1,1
8028,1,1
8029,1,1
8031,1,2
8032,1,1
8033,1,1
8034,1,1
8036,1,2
8037,1,1
8038,1,1
8039,1,1
8041,1,2
8042,1,1
8043,1,1
8044,1,1
8046,1,2
8047,1,1
8048,1,1
8049,1,1
8051,1,2
8052,1,1
8053,1,1
8054,1,1
8056,1,2
8057,1,1
8058,1,1
8059,1,1
8061,1,2
8062,1,1
8063,1,1
8064,1,1
8066,1,2
8067,1,1
8068,1,1
8069,0,1
8071,1,2
8072,1,1
8073,1,1
8074,0,1
8076,1,2
8077,1,1
8078,0,1
8080,1,2
8081,1,1
8082,1,1
8084,1,2
8085,1,1
8086,1,1
8087,0,1
8089,1,2
8090,1,1
8091,1,1
8092,0,1
8094,1,2
8095,1,1
8097,2,2
8098,1,1
8099,1,1
8100,1,1
8102,1,2
8103,1,1
8104,1,1
8105,1,1
8107,1,2
8108,1,1
8109,1,1
8110,1,1
8112,1,2
8113,1,1
8114,1,1
8116,1,2
8117,1,1
8118,1,1
8120,2,2
8121,1,1
8122,1,1
8123,1,1
8125,1,2
8126,1,1
8127,1,1
8128,1,1
8130,1,2
8131,1,1
8132,1,1
8134,2,2
8135,1,1
8136,1,1
8137,1,1
8139,1,2
8140,1,1
8141,1,1
8142,1,1
8144,1,2
8145,1,1
8146,1,1
8147,1,1
8149,1,2
8150,1,1
8151,1,1
8152,1,1
8153,0,1
8155,1,2
8156,1,1
8157,1,1
8159,1,2
8160,1,1
8161,1,1
8162,1,1
8164,1,2
8165,1,1
8166,1,1
8168,2,2
8169,1,1
8170,1,1
8171,1,1
8172,1,1
8174,1,2
8175,1,1
8176,1,1
8178,2,2
8179,1,1
8180,1,1
8181,1,1
8182,1,1
8184,1,2
8185,1,1
8186,1,1
8188,1,2
8189,1,1
8190,1,1
8191,1,1
8193,1,2
8194,1,1
8195,1,1
8196,1,1
8197,0,1
8199,1,2
8200,1,1
8201,1,1
8203,1,2
8204,1,1
8205,1,1
8206,1,1
8208,1,2
8209,1,1
8210,1,1
8211,0,1
8213,1,2
8214,1,1
8215,1,1
8217,1,2
8218,1,1
8219,1,1
8220,1,1
8222,1,2
8223,1,1
8224,1,1
8225,0,1
8227,1,2
8228,1,1
8229,1,1
8230,0,1
8232,1,2
8233,1,1
8234,0,1
8236,1,2
8237,1,1
8238,1,1
8240,1,2
8241,1,1
8242,1,1
8243,0,1
8245,1,2
8246,1,1
8247,1,1
8249,1,2
8250,1,1
8251,1,1
8252,1,1
8254,1,2
8255,1,1
8256,1,1
8258,1,2
8259,1,1
8260,1,1
8261,1,1
8263,1,2
8264,1,1
8265,1,1
8267,1,2
8268,1,1
8269,1,1
8270,1,1
8272,1,2
8273,1,1
8274,1,1
8275,0,1
8277,1,2
8278,1,1
8279,1,1
8280,0,1
8282,1,2
8283,1,1
8284,1,1
8286,1,2
8287,1,1
8288,1,1
8289,1,1
8291,1,2
8292,1,1
8293,1,1
8294,0,1
8296,1,2
8297,1,1
8298,1,1
8299,0,1
8301,1,2
8302,1,1
8303,0,1
8305,1,2
8306,1,1
8307,1,1
8308,0,1
8310,1,2
8311,1,1
8312,1,1
8313,0,1
8315,1,2
8316,1,1
8317,1,1
8318,0,1
8320,1,2
8321,1,1
8322,0,1
8324,1,2
8325,1,1
8326,1,1
8328,1,2
8329,1,1
8330,1,1
8331,1,1
8333,1,2
8334,1,1
8335,1,1
8337,1,2
8338,1,1
8339,1,1
8340,1,1
8341,0,1
8343,1,2
8344,1,1
8345,0,1
8347,1,2
8348,1,1
8349,1,1
8350,0,1
8352,1,2
8353,1,1
8354,0,1
8356,1,2
8357,1,1
8358,1,1
8359,0,1
8361,1,2
8362,1,1
8364,1,2
8365,1,1
8366,1,1
8367,1,1
8369,1,2
8370,1,1
8371,1,1
8372,0,1
8374,1,2
8375,1,1
8376,1,1
8378,1,2
8379,1,1
8380,1,1
8381,0,1
8383,1,2
8384,1,1
8385,1,1
8386,0,1
8388,1,2
8389,1,1
8390,1,1
8392,1,2
8393,1,1
8395,2,2
8396,1,1
8397,1,1
8398,1,1
8399,0,1
8401,1,2
8402,1,1
8403,1,1
8405,1,2
8406,1,1
8407,1,1
8408,0,1
8410,1,2
8411,1,1
8412,1,1
8414,1,2
8415,1,1
8416,1,1
8417,0,1
8418,0,1
8420,1,2
8421,1,1
8422,0,1
8424,1,2
8425,1,1
8426,0,1
8428,1,2
8429,1,1
8430,1,1
8432,1,2
8433,1,1
8434,1,1
8436,1,2
8437,1,1
8438,1,1
8440,1,2
8441,1,1
8442,1,1
8443,0,1
8445,1,2
8446,1,1
8447,0,1
8449,1,2
8450,1,1
8451,0,1
8453,1,2
8454,1,1
8455,1,1
8457,1,2
8458,1,1
8459,1,1
8461,1,2
8462,1,1
8463,1,1
8464,1,1
8465,0,1
8467,1,2
8468,1,1
8469,1,1
8470,0,1
8472,1,2
8473,1,1
8474,1,1
8475,0,1
8477,1,2
8478,1,1
8479,1,1
8480,1,1
8481,0,1
8483,1,2
8484,1,1
8485,1,1
8486,0,1
8488,1,2
8489,1,1
8490,1,1
8492,1,2
8493,1,1
8494,1,1
8495,0,1
8497,1,2
8498,1,1
8499,1,1
8500,1,1
8502,1,2
8503,1,1
8504,1,1
8505,1,1
8507,1,2
8508,1,1
8509,1,1
8510,0,1
8512,1,2
8513,1,1
8514,1,1
8515,1,1
8517,1,2
8518,1,1
8519,1,1
8520,0,1
8522,1,2
8523,1,1
8524,1,1
8525,1,1
8527,1,2
8528,1,1
8529,1,1
8530,1,1
8532,1,2
8533,1,1
8534,1,1
8535,1,1
8537,1,2
8538,1,1
8539,1,1
8540,1,1
8542,1,2
8543,1,1
8544,1,1
8545,1,1
8547,1,2
8548,1,1
8549,1,1
8550,0,1
8552,1,2
8553,1,1
8554,1,1
8555,1,1
8557,1,2
8558,1,1
8559,1,1
8560,0,1
8562,1,2
8563,1,1
8564,1,1
8565,0,1
8567,1,2
8568,1,1
8569,1,1
8570,0,1
8572,1,2
8573,1,1
8574,1,1
8576,1,2
8577,1,1
8578,1,1
8579,0,1
8581,1,2
8582,1,1
8583,1,1
8584,0,1
8586,1,2
8587,1,1
8588,1,1
8589,0,1
8591,1,2
8592,1,1
8593,1,1
8595,1,2
8596,1,1
8597,1,1
8598,0,1
8600,1,2
8601,1,1
8602,1,1
8603,0,1
8605,1,2
8606,1,1
8607,1,1
8608,1,1
8610,1,2
8611,1,1
8612,1,1
8613,1,1
8614,0,1
8616,1,2
8617,1,1
8618,1,1
8619,1,1
8621,1,2
8622,1,1
8623,1,1
8624,1,1
8625,0,1
8627,1,2
8628,1,1
8629,0,1
8630,0,1
8632,1,2
8633,1,1
8634,1,1
8636,1,2
8637,1,1
8638,1,1
8639,1,1
8640,1,1
8642,1,2
8643,1,1
8644,1,1
8645,1,1
8646,0,1
8648,1,2
8649,1,1
8650,1,1
8652,1,2
8653,1,1
8654,1,1
8655,1,1
8657,1,2
8658,1,1
8659,1,1
8660,1,1
8661,1,1
8662,0,1
8664,1,2
8665,1,1
8666,1,1
8668,1,2
8669,1,1
8670,1,1
8671,1,1
8672,1,1
8674,1,2
8675,1,1
8676,1,1
8677,1,1
8678,0,1
8680,1,2
8681,1,1
8682,1,1
8683,0,1
8685,1,2
8686,1,1
8687,1,1
8688,0,1
8690,1,2
8697,7,7
8698,7,1
8699,6,1
8700,6,1
8702,6,2
8703,5,1
8704,5,1
8705,4,1
8706,4,1
8708,4,2
8709,4,1
8710,4,1
8711,3,1
8713,4,2
8714,4,1
8715,4,1
8716,3,1
8718,4,2
8719,4,1
8720,4,1
8721,3,1
8723,4,2
8724,4,1
8725,3,1
8726,3,1
8727,2,1
8728,2,1
8729,2,1
8730,2,1
8731,1,1
8732,1,1
8733,1,1
8734,1,1
8736,1,2
8737,1,1
8738,1,1
8739,0,1
8741,1,2
8742,1,1
8743,1,1
8744,0,1
8746,1,2
8747,1,1
8748,1,1
8750,1,2
8751,1,1
8752,1,1
8753,1,1
8755,1,2
8756,1,1
8757,1,1
8758,0,1
8760,1,2
8761,1,1
8762,1,1
8764,1,2
8765,1,1
8766,1,1
8767,0,1
8769,1,2
8770,1,1
8771,1,1
8773,1,2
8774,1,1
8775,1,1
8777,1,2
8778,1,1
8783,5,5
8785,5,2
8786,5,1
8787,5,1
8788,5,1
8789,4,1
8790,4,1
8791,4,1
8792,4,1
8793,3,1
8794,3,1
8795,3,1
8795,1,0
8796,1,1
8797,1,1
8798,1,1
8799,0,1
8801,1,2
8802,1,1
8803,1,1
8805,1,2
8806,1,1
8807,1,1
8809,1,2
8810,1,1
8811,1,1
8812,1,1
8814,1,2
8815,1,1
8816,1,1
8818,1,2
8819,1,1
8820,1,1
8822,1,2
8823,1,1
8824,1,1
8826,1,2
8827,1,1
8828,1,1
8829,0,1
8831,1,2
8832,1,1
8833,1,1
8835,1,2
8836,1,1
8837,1,1
8839,1,2
8840,1,1
8841,1,1
8843,1,2
8844,1,1
8845,1,1
8846,0,1
8848,1,2
8849,1,1
8851,1,2
8853,2,2
8855,1,2
8857,1,2
8859,1,2
8864,4,5
8865,3,1
8866,3,1
8867,3,1
8868,2,1
8869,1,1
8871,1,2
8873,1,2
8875,1,2
8877,1,2
8878,0,1
8880,1,2
8882,1,2
8884,1,2
8886,1,2
8888,1,2
8890,1,2
8892,1,2
8894,1,2
8896,1,2
8901,4,5
8904,6,3
8905,6,1
8906,5,1
8907,5,1
8908,5,1
8909,4,1
8910,4,1
8911,4,1
8911,2,0
8912,2,1
8913,2,1
8914,2,1
8915,1,1
8916,1,1
8917,1,1
8918,0,1
8920,1,2
8921,1,1
8922,1,1
8924,1,2
8925,1,1
8926,1,1
8927,1,1
8929,1,2
8930,1,1
8931,1,1
8933,1,2
8934,1,1
8935,1,1
8936,1,1
8938,1,2
8939,1,1
8940,1,1
8941,1,1
8943,1,2
8944,1,1
8945,1,1
8947,1,2
8948,1,1
8949,1,1
8950,1,1
8952,1,2
8953,1,1
8954,1,1
8955,1,1
8957,1,2
8958,1,1
8959,1,1
8960,1,1
8961,0,1
8963,1,2
8964,1,1
8966,2,2
8967,1,1
8968,1,1
8969,1,1
8970,0,1
8972,1,2
8973,1,1
8974,1,1
8976,1,2
8977,1,1
8978,1,1
8979,0,1
8981,1,2
8982,1,1
8983,1,1
8985,1,2
8986,1,1
8987,1,1
8989,1,2
8990,1,1
8991,1,1
8992,1,1
8994,1,2
8995,1,1
8996,1,1
8997,0,1
8999,1,2
9000,1,1
9001,1,1
9002,0,1
9004,1,2
9005,1,1
9006,1,1
9008,1,2
9009,1,1
9010,1,1
9012,1,2
9013,1,1
9014,1,1
9016,1,2
9017,1,1
9018,1,1
9020,1,2
9021,1,1
9022,1,1
9024,1,2
9025,1,1
9026,1,1
9027,1,1
9029,1,2
9030,1,1
9031,1,1
9032,1,1
9033,0,1
9035,1,2
9036,1,1
9037,1,1
9039,1,2
9040,1,1
9041,1,1
9042,1,1
9044,1,2
9045,1,1
9046,1,1
9047,1,1
9049,1,2
9050,1,1
9051,1,1
9052,1,1
9054,1,2
9055,1,1
9056,1,1
9058,2,2
9059,1,1
9060,1,1
9061,1,1
9062,1,1
9064,1,2
9065,1,1
9067,2,2
9068,1,1
9070,1,2
9071,1,1
9072,1,1
9074,2,2
9075,1,1
9076,1,1
9077,1,1
9079,1,2
9080,1,1
9081,1,1
9082,1,1
9084,1,2
9085,1,1
9086,1,1
9088,2,2
9089,1,1
9090,1,1
9091,1,1
9092,1,1
9094,1,2
9095,1,1
9096,1,1
9097,1,1
9099,1,2
9100,1,1
9101,1,1
9102,1,1
9104,1,2
9105,1,1
9106,1,1
9107,1,1
9109,1,2
9110,1,1
9111,1,1
9112,1,1
9114,1,2
9115,1,1
9116,1,1
9117,1,1
9119,1,2
9120,1,1
9121,1,1
9122,1,1
9124,1,2
9125,1,1
9126,1,1
9127,0,1
9129,1,2
9130,1,1
9131,1,1
9132,1,1
9134,1,2
9135,1,1
9136,1,1
9137,1,1
9139,1,2
9140,1,1
9141,1,1
9142,1,1
9144,1,2
9145,1,1
9146,1,1
9147,1,1
9149,1,2
9150,1,1
9151,1,1
9152,1,1
9154,1,2
9155,1,1
9156,1,1
9157,1,1
9159,1,2
9160,1,1
9161,1,1
9162,0,1
9164,1,2
9165,1,1
9166,1,1
9168,1,2
9169,1,1
9170,1,1
9171,0,1
9173,1,2
9174,1,1
9175,1,1
9177,1,2
9178,1,1
9179,1,1
9180,1,1
9181,0,1
9183,1,2
9184,1,1
9185,1,1
9186,1,1
9188,1,2
9189,1,1
9190,1,1
9191,1,1
9193,1,2
9194,1,1
9195,1,1
9197,2,2
9198,1,1
9199,1,1
9200,1,1
9202,1,2
9203,1,1
9204,1,1
9205,1,1
9207,1,2
9208,1,1
9210,2,2
9212,2,2
9213,2,1
9214,2,1
9216,3,2
9217,2,1
9218,2,1
9218,1,0
9220,2,2
9221,1,1
9222,1,1
9223,1,1
9224,1,1
9225,0,1
9227,1,2
9228,1,1
9229,1,1
9230,0,1
9232,1,2
9233,1,1
9234,1,1
9235,0,1
9237,1,2
9238,1,1
9239,1,1
9240,1,1
9241,0,1
9243,1,2
9244,1,1
9245,1,1
9247,1,2
9248,1,1
9249,1,1
9250,0,1
9252,1,2
9253,1,1
9254,1,1
9256,1,2
9257,1,1
9258,1,1
9260,1,2
9261,1,1
9262,1,1
9263,1,1
9265,1,2
9266,1,1
9267,1,1
9268,1,1
9270,1,2
9271,1,1
9272,1,1
9274,2,2
9275,1,1
9276,1,1
9278,2,2
9279,1,1
9280,1,1
9281,1,1
9282,1,1
9284,1,2
9285,1,1
9286,1,1
9288,2,2
9289,1,1
9290,1,1
9291,0,1
9293,1,2
9294,1,1
9296,2,2
9297,1,1
9298,1,1
9299,1,1
9301,2,2
9302,1,1
9303,1,1
9304,1,1
9305,1,1
9307,1,2
9308,1,1
9309,1,1
9310,1,1
9311,0,1
9313,1,2
9314,1,1
9316,1,2
9317,1,1
9318,1,1
9319,1,1
9321,1,2
9322,1,1
9323,1,1
9324,1,1
9326,1,2
9327,1,1
9328,1,1
9329,1,1
9330,0,1
9332,1,2
9333,1,1
9334,1,1
9336,1,2
9337,1,1
9338,1,1
9340,1,2
9341,1,1
9342,1,1
9343,1,1
9345,1,2
9346,1,1
9347,1,1
9349,2,2
9350,1,1
9351,1,1
9352,1,1
9353,1,1
9354,0,1
9356,1,2
9357,1,1
9358,1,1
9360,1,2
9361,1,1
9363,2,2
9364,1,1
9365,1,1
9366,1,1
9367,1,1
9369,1,2
9370,1,1
9371,1,1
9373,1,2
9374,1,1
9375,1,1
9376,1,1
9377,1,1
9379,1,2
9380,1,1
9381,1,1
9382,1,1
9384,1,2
9385,1,1
9387,2,2
9388,1,1
9389,1,1
9391,2,2
9392,2,1
9393,1,1
9394,1,1
9395,1,1
9396,1,1
9398,1,2
9399,1,1
9400,1,1
9401,1,1
9403,1,2
9404,1,1
9405,1,1
9406,1,1
9408,1,2
9409,1,1
9410,1,1
9411,1,1
9413,1,2
9414,1,1
9415,1,1
9416,1,1
9418,1,2
9419,1,1
9420,1,1
9421,1,1
9422,0,1
9424,1,2
9425,1,1
9426,1,1
9428,1,2
9429,1,1
9430,1,1
9431,1,1
9432,0,1
9434,1,2
9435,1,1
9436,1,1
9437,1,1
9438,0,1
9440,1,2
9441,1,1
9442,1,1
9444,1,2
9445,1,1
9446,1,1
9447,0,1
9449,1,2
9450,1,1
9451,1,1
9453,1,2
9454,1,1
9455,1,1
9457,2,2
9458,1,1
9459,1,1
9460,1,1
9462,2,2
9463,1,1
9464,1,1
9465,1,1
9467,1,2
9468,1,1
9469,1,1
9471,1,2
9472,1,1
9473,1,1
9474,1,1
9476,1,2
9481,5,5
9482,5,1
9483,1,1
9484,1,1
9486,2,2
9487,1,1
9488,1,1
9489,1,1
9491,2,2
9492,1,1
9494,2,2
9495,2,1
9496,1,1
9497,1,1
9499,2,2
9500,2,1
9501,1,1
9502,1,1
9503,1,1
9505,2,2
9506,1,1
9507,1,1
9509,2,2
9510,2,1
9511,1,1
9512,1,1
9513,1,1
9515,2,2
9516,1,1
9517,1,1
9518,1,1
9520,1,2
9521,1,1
9522,1,1
9523,1,1
9524,1,1
9525,0,1
9527,1,2
9528,1,1
9529,1,1
9531,1,2
9532,1,1
9533,1,1
9534,1,1
9536,1,2
9537,1,1
9539,2,2
9540,1,1
9541,1,1
9542,1,1
9543,0,1
9545,1,2
9546,1,1
9547,1,1
9549,1,2
9550,1,1
9551,1,1
9553,2,2
9554,1,1
9555,1,1
9556,1,1
9558,2,2
9559,1,1
9560,1,1
9561,1,1
9562,0,1
9564,1,2
9565,1,1
9566,1,1
9568,1,2
9569,1,1
9570,1,1
9571,1,1
9573,1,2
9574,1,1
9575,1,1
9577,1,2
9578,1,1
9579,1,1
9580,1,1
9582,1,2
9583,1,1
9584,1,1
9585,1,1
9587,1,2
9588,1,1
9589,1,1
9591,2,2
9592,1,1
9593,1,1
9595,2,2
9596,1,1
9597,1,1
9598,1,1
9599,1,1
9601,1,2
9602,1,1
9603,1,1
9605,2,2
9606,1,1
9607,1,1
9608,1,1
9609,1,1
9611,1,2
9612,1,1
9613,1,1
9615,2,2
9616,1,1
9617,1,1
9618,1,1
9620,1,2
9621,1,1
9622,1,1
9623,1,1
9625,1,2
9626,1,1
9628,2,2
9631,3,3
9632,3,1
9633,2,1
9634,2,1
9635,2,1
9637,2,2
9638,2,1
9639,2,1
9640,2,1
9641,2,1
9642,1,1
9643,1,1
9644,1,1
9645,1,1
9646,1,1
9648,1,2
9649,1,1
9650,1,1
9651,1,1
9652,1,1
9653,0,1
9655,1,2
9656,1,1
9657,1,1
9658,1,1
9659,1,1
9661,1,2
9662,1,1
9663,1,1
9665,2,2
9666,1,1
9667,1,1
9668,1,1
9670,2,2
9670,0,0
9672,1,2
9673,1,1
9675,1,2
9676,1,1
9677,1,1
9678,1,1
9679,1,1
9681,1,2
9682,1,1
9683,1,1
9685,2,2
9686,1,1
9687,1,1
9688,1,1
9689,1,1
9690,0,1
9692,1,2
9693,1,1
9694,1,1
9695,0,1
9697,1,2
9698,1,1
9699,1,1
9700,1,1
9702,1,2
9703,1,1
9704,1,1
9705,1,1
9707,1,2
9708,1,1
9709,1,1
9711,1,2
9712,1,1
9714,2,2
9715,1,1
9716,1,1
9717,1,1
9719,1,2
9720,1,1
9722,2,2
9723,1,1
9725,2,2
9726,1,1
9727,1,1
9729,2,2
9730,1,1
9731,1,1
9733,2,2
9734,1,1
9735,1,1
9736,1,1
9738,1,2
9739,1,1
9740,1,1
9742,1,2
9743,1,1
9745,1,2
9746,1,1
9747,1,1
9748,1,1
9750,1,2
9751,1,1
9752,1,1
9753,1,1
9755,2,2
9756,1,1
9757,1,1
9758,1,1
9760,1,2
9761,1,1
9762,1,1
9764,1,2
9765,1,1
9766,1,1
9767,1,1
9769,1,2
9770,1,1
9771,1,1
9772,1,1
9774,1,2
9775,1,1
9776,1,1
9777,1,1
9779,1,2
9780,1,1
9781,1,1
9782,1,1
9784,2,2
9785,1,1
9787,2,2
9788,1,1
9789,1,1
9790,1,1
9791,1,1
9793,1,2
9794,1,1
9795,1,1
9796,1,1
9798,2,2
9799,1,1
9800,1,1
9801,1,1
9803,2,2
9804,1,1
9805,1,1
9806,1,1
9808,2,2
9809,1,1
9810,1,1
9811,1,1
9813,2,2
9815,2,2
9816,2,1
9817,2,1
9818,2,1
9819,1,1
9820,1,1
9821,1,1
9823,2,2
9824,1,1
9825,1,1
9827,2,2
9828,2,1
9829,1,1
9830,1,1
9831,1,1
9833,2,2
9834,1,1
9835,1,1
9836,1,1
9838,2,2
9839,2,1
9840,1,1
9841,1,1
9842,1,1
9844,2,2
9845,1,1
9846,1,1
9847,1,1
9849,2,2
9850,1,1
9851,1,1
9852,1,1
9854,1,2
9855,1,1
9856,1,1
9857,1,1
9859,1,2
9860,1,1
9861,1,1
9863,2,2
9864,1,1
9865,1,1
9866,1,1
9868,2,2
9869,1,1
9870,1,1
9871,1,1
9873,2,2
9874,1,1
9875,1,1
9876,1,1
9878,2,2
9879,1,1
9880,1,1
9881,1,1
9883,2,2
9884,1,1
9885,1,1
9886,1,1
9888,2,2
9889,1,1
9890,1,1
9891,1,1
9893,2,2
9894,1,1
9895,1,1
9898,3,3
9900,3,2
9901,3,1
9902,3,1
9903,2,1
9904,2,1
9905,2,1
9906,2,1
9907,1,1
9908,1,1
9909,1,1
9910,0,1
9912,1,2
9913,1,1
9914,1,1
9916,1,2
9917,1,1
9918,1,1
9919,0,1
9921,1,2
9922,1,1
9923,1,1
9925,1,2
9926,1,1
9927,1,1
9928,0,1
9930,1,2
9931,1,1
9932,1,1
9934,1,2
9935,1,1
9936,1,1
9937,0,1
9939,1,2
9940,1,1
9941,1,1
9942,0,1
9944,1,2
9945,1,1
9946,0,1
9948,1,2
9949,1,1
9950,1,1
9952,1,2
9953,1,1
9954,1,1
9955,0,1
9957,1,2
9958,1,1
9959,0,1
9961,1,2
9962,1,1
9963,1,1
9964,0,1
9966,1,2
9967,1,1
9968,0,1
9970,1,2
9971,1,1
9972,1,1
9974,1,2
9975,1,1
9976,1,1
9977,0,1
9979,1,2
9980,1,1
9981,1,1
9983,1,2
9984,1,1
9985,1,1
9986,0,1
9988,1,2
9989,1,1
9991,1,2
9993,2,2
9994,2,1
9995,2,1
9996,1,1
9997,1,1
9998,1,1
10000,1,2
10001,1,1
10002,1,1
10003,1,1
10005,1,2
10006,1,1
10007,1,1
10009,1,2
10010,1,1
10011,1,1
10012,1,1
10014,1,2
10015,1,1
10016,1,1
10017,1,1
10019,1,2
10020,1,1
10021,1,1
10023,1,2
10024,1,1
10025,1,1
10026,1,1
10028,1,2
10029,1,1
10030,1,1
10032,1,2
10033,1,1
10034,1,1
10035,0,1
10037,1,2
10038,1,1
10039,1,1
10041,1,2
10042,1,1
10043,1,1
10044,1,1
10046,1,2
10047,1,1
10048,1,1
10049,1,1
10051,1,2
10052,1,1
10053,1,1
10055,1,2
10056,1,1
10057,1,1
10058,0,1
10060,1,2
10061,1,1
10062,1,1
10064,1,2
10065,1,1
10066,1,1
10068,1,2
10069,1,1
10070,1,1
10071,1,1
10073,1,2
10074,1,1
10075,1,1
10076,0,1
10078,1,2
10079,1,1
10080,1,1
10082,1,2
10083,1,1
10084,1,1
10086,1,2
10087,1,1
10088,1,1
10089,1,1
10091,1,2
10092,1,1
10093,1,1
10094,0,1
10096,1,2
10097,1,1
10098,1,1
10100,1,2
10101,1,1
10102,1,1
10104,1,2
10105,1,1
10106,1,1
10107,1,1
10109,1,2
10110,1,1
10111,1,1
10112,0,1
10114,1,2
10115,1,1
10116,1,1
10117,0,1
10119,1,2
10120,1,1
10121,1,1
10123,1,2
10124,1,1
10125,1,1
10127,1,2
10128,1,1
10129,1,1
10130,0,1
10132,1,2
10133,1,1
10134,1,1
10136,1,2
10137,1,1
10138,1,1
10140,1,2
10141,1,1
10142,1,1
10143,0,1
10145,1,2
10146,1,1
10147,1,1
10148,0,1
10150,1,2
10151,1,1
10152,0,1
10154,1,2
10155,1,1
10156,1,1
10157,0,1
10159,1,2
10160,1,1
10161,1,1
10163,1,2
10164,1,1
10165,1,1
10166,0,1
10168,1,2
10169,1,1
10170,1,1
10172,1,2
10173,1,1
10174,1,1
10176,1,2
10177,1,1
10180,1,3
10187,5,7
10188,0,1
10190,1,2
10191,1,1
10192,1,1
10194,1,2
10195,1,1
10196,1,1
10197,0,1
10199,1,2
10200,1,1
10201,1,1
10202,0,1
10204,1,2
10205,1,1
10206,1,1
10207,0,1
10209,1,2
10210,1,1
10211,1,1
10213,1,2
10214,1,1
10215,1,1
10216,1,1
10218,1,2
10219,1,1
10220,1,1
10221,1,1
10223,1,2
10224,1,1
10225,1,1
10226,1,1
10228,1,2
10229,1,1
10230,1,1
10232,1,2
10233,1,1
10234,1,1
10235,1,1
10237,1,2
10238,1,1
10239,1,1
10240,1,1
10242,1,2
10243,1,1
10244,1,1
10245,0,1
10247,1,2
10248,1,1
10249,1,1
10250,0,1
10252,1,2
10253,1,1
10254,1,1
10255,0,1
10257,1,2
10258,1,1
10259,1,1
10260,0,1
10262,1,2
10263,1,1
10264,1,1
10265,0,1
10267,1,2
10268,1,1
10269,1,1
10270,0,1
10272,1,2
10273,1,1
10274,1,1
10276,1,2
10277,1,1
10278,1,1
10279,1,1
10281,1,2
10282,1,1
10283,1,1
10284,0,1
10286,1,2
10287,1,1
10288,1,1
10289,0,1
10291,1,2
10292,1,1
10293,1,1
10294,0,1
10296,1,2
10297,1,1
10298,1,1
10299,1,1
10300,0,1
10302,1,2
10303,1,1
10304,1,1
10305,1,1
10306,0,1
10308,1,2
10309,1,1
10310,1,1
10312,1,2
10313,1,1
10314,1,1
10315,1,1
10316,0,1
10318,1,2
10319,1,1
10321,2,2
10322,1,1
10323,1,1
10325,2,2
10326,1,1
10327,1,1
10328,1,1
10329,1,1
10330,0,1
10332,1,2
10333,1,1
10334,1,1
10336,1,2
10337,1,1
10338,1,1
10339,1,1
10341,1,2
10342,1,1
10343,1,1
10344,0,1
10346,1,2
10348,1,2
10349,1,1
10350,1,1
10352,2,2
10353,1,1
10354,1,1
10355,1,1
10356,1,1
10358,1,2
10359,1,1
10360,1,1
10361,1,1
10363,1,2
10364,1,1
10365,1,1
10366,1,1
10368,1,2
10369,1,1
10370,1,1
10371,0,1
10373,1,2
10374,1,1
10375,1,1
10376,0,1
10378,1,2
10379,1,1
10380,1,1
10381,0,1
10383,1,2
10384,1,1
10385,1,1
10386,1,1
10388,1,2
10389,1,1
10390,1,1
10391,0,1
10393,1,2
10394,1,1
10395,1,1
10396,0,1
10398,1,2
10399,1,1
10400,1,1
10401,0,1
10403,1,2
10404,1,1
10405,1,1
10406,0,1
10408,1,2
10409,1,1
10410,1,1
10411,0,1
10413,1,2
10414,1,1
10415,1,1
10416,0,1
10418,1,2
10419,1,1
10420,1,1
10421,0,1
10423,1,2
10424,1,1
10425,1,1
10426,0,1
10428,1,2
10429,1,1
10430,1,1
10432,1,2
10433,1,1
10434,1,1
10435,0,1
10437,1,2
10438,1,1
10439,1,1
10440,1,1
10441,0,1
10443,1,2
10444,1,1
10445,1,1
10447,1,2
10448,1,1
10449,1,1
10450,0,1
10452,1,2
10453,1,1
10454,1,1
10456,1,2
10457,1,1
10458,1,1
10459,1,1
10460,0,1
10462,1,2
10463,1,1
10464,1,1
10466,1,2
10467,1,1
10468,1,1
10469,1,1
10470,0,1
10472,1,2
10473,1,1
10474,0,1
10476,1,2
10477,1,1
10478,1,1
10479,0,1
10481,1,2
10482,1,1
10483,1,1
10484,0,1
10486,1,2
10487,1,1
10488,1,1
10489,0,1
10491,1,2
10492,1,1
10493,1,1
10494,0,1
10496,1,2
10497,1,1
10498,1,1
10500,1,2
10501,1,1
10502,1,1
10504,1,2
10505,1,1
10506,1,1
10507,1,1
10509,1,2
10510,1,1
10511,1,1
10512,0,1
10514,1,2
10515,1,1
10516,1,1
10517,1,1
10518,0,1
10520,1,2
10521,1,1
10522,0,1
10524,1,2
10525,1,1
10526,1,1
10527,0,1
10529,1,2
10530,1,1
10531,1,1
10532,0,1
10534,1,2
10535,1,1
10536,1,1
10537,0,1
10539,1,2
10540,1,1
10541,1,1
10542,0,1
10544,1,2
10545,1,1
10546,0,1
10548,1,2
10549,1,1
10550,1,1
10552,1,2
10553,1,1
10554,1,1
10555,1,1
10557,1,2
10558,1,1
10559,1,1
10560,1,1
10562,1,2
10563,1,1
10564,1,1
10565,0,1
10567,1,2
10568,1,1
10569,1,1
10570,0,1
10572,1,2
10573,1,1
10574,1,1
10576,1,2
10577,1,1
10578,1,1
10579,0,1
10581,1,2
10582,1,1
10583,1,1
10584,0,1
10586,1,2
10587,1,1
10588,1,1
10589,0,1
10591,1,2
10592,1,1
10593,1,1
10595,1,2
10596,1,1
10597,1,1
10598,0,1
10600,1,2
10601,1,1
10602,1,1
10604,1,2
10605,1,1
10606,1,1
10607,1,1
10609,1,2
10610,1,1
10611,1,1
10612,0,1
10614,1,2
10615,1,1
10616,1,1
10617,0,1
10619,1,2
10620,1,1
10621,1,1
10622,0,1
10624,1,2
10625,1,1
10626,0,1
10628,1,2
10629,1,1
10630,1,1
10631,0,1
10633,1,2
10634,1,1
10635,1,1
10636,0,1
10638,1,2
10639,1,1
10640,1,1
10641,0,1
10643,1,2
10644,1,1
10645,0,1
10647,1,2
10648,1,1
10649,1,1
10650,0,1
10652,1,2
10653,1,1
10654,0,1
10656,1,2
10657,1,1
10658,1,1
10659,0,1
10661,1,2
10662,1,1
10663,1,1
10665,1,2
10666,1,1
10667,1,1
10668,0,1
10670,1,2
10671,1,1
10672,1,1
10673,0,1
10675,1,2
10676,1,1
10677,1,1
10679,1,2
10680,1,1
10681,1,1
10682,0,1
10684,1,2
10685,1,1
10686,1,1
10688,1,2
10690,2,2
10690,1,0
10691,1,1
10692,0,1
10693,0,1
10694,0,1
10695,0,1
10697,1,2
10698,1,1
10699,1,1
10700,0,1
10701,0,1
10702,0,1
10703,0,1
10705,1,2
10706,1,1
10707,1,1
10708,0,1
10709,0,1
10710,0,1
10711,0,1
10713,1,2
10714,1,1
10715,0,1
10717,1,2
10718,1,1
10719,1,1
10720,0,1
10722,1,2
10723,1,1
10724,1,1
10725,0,1
10727,1,2
10728,1,1
10729,1,1
10730,0,1
10732,1,2
10733,1,1
10734,1,1
10736,1,2
10737,1,1
10738,1,1
10739,0,1
10741,1,2
10742,1,1
10743,1,1
10744,0,1
10746,1,2
10747,1,1
10748,1,1
10749,0,1
10751,1,2
10752,1,1
10753,1,1
10754,1,1
10756,1,2
10757,1,1
10758,1,1
10759,1,1
10761,1,2
10762,1,1
10763,1,1
10764,1,1
10765,0,1
10767,1,2
10768,1,1
10769,0,1
10771,1,2
10772,1,1
10773,1,1
10774,0,1
10776,1,2
10777,1,1
10778,1,1
10779,0,1
10781,1,2
10782,1,1
10783,1,1
10784,0,1
10786,1,2
10787,1,1
10788,1,1
10790,1,2
10791,1,1
10792,1,1
10793,0,1
10795,1,2
10797,2,2
10798,1,1
10799,1,1
10801,1,2
10802,1,1
10803,1,1
10804,0,1
10806,1,2
10807,1,1
10808,1,1
10809,0,1
10811,1,2
10812,1,1
10813,1,1
10815,1,2
10816,1,1
10817,1,1
10818,0,1
10820,1,2
10821,1,1
10822,1,1
10824,1,2
10825,1,1
10826,1,1
10827,1,1
10829,1,2
10830,1,1
10831,1,1
10832,0,1
10834,1,2
10835,1,1
10836,1,1
10837,0,1
10839,1,2
10840,1,1
10841,1,1
10843,1,2
10844,1,1
10845,1,1
10846,0,1
10848,1,2
10849,1,1
10850,1,1
10851,0,1
10853,1,2
10854,1,1
10855,1,1
10857,1,2
10858,1,1
10859,1,1
10860,1,1
10862,1,2
10863,1,1
10864,1,1
10865,0,1
10867,1,2
10868,1,1
10869,1,1
10870,0,1
10872,1,2
10873,1,1
10874,1,1
10875,0,1
10877,1,2
10878,1,1
10879,1,1
10881,1,2
10882,1,1
10883,1,1
10884,0,1
10886,1,2
10887,1,1
10888,1,1
10889,0,1
10891,1,2
10892,1,1
10893,1,1
10895,1,2
10896,1,1
10899,3,3
10901,3,2
10902,3,1
10904,4,2
10905,4,1
10906,3,1
10907,3,1
10908,3,1
10909,3,1
10910,3,1
10911,2,1
10912,2,1
10913,2,1
10914,2,1
10915,1,1
10916,1,1
10918,2,2
10919,1,1
10920,1,1
10921,1,1
10922,1,1
10924,1,2
10925,1,1
10926,1,1
10927,1,1
10928,0,1
10930,1,2
10931,1,1
10932,1,1
10933,0,1
10935,1,2
10936,1,1
10937,1,1
10938,0,1
10940,1,2
10941,1,1
10942,1,1
10943,0,1
10945,1,2
10946,1,1
10947,1,1
10948,0,1
10950,1,2
10951,1,1
10952,1,1
10953,0,1
10955,1,2
10956,1,1
10957,1,1
10958,0,1
10960,1,2
10961,1,1
10963,1,2
10965,1,2
10967,1,2
10968,1,1
10969,1,1
10971,1,2
10972,1,1
10973,1,1
10974,1,1
10975,1,1
10977,1,2
10978,1,1
10979,1,1
10980,1,1
10982,1,2
10983,1,1
10984,1,1
10985,1,1
10987,1,2
10988,1,1
10989,1,1
10990,0,1
10992,1,2
10993,1,1
10994,1,1
10996,1,2
10997,1,1
10998,1,1
10999,1,1
11000,0,1
11002,1,2
11003,1,1
11004,1,1
11005,0,1
11007,1,2
11008,1,1
11009,1,1
11010,0,1
11012,1,2
11013,1,1
11014,1,1
11015,0,1
11017,1,2
11018,1,1
11019,1,1
11020,0,1
11022,1,2
11023,1,1
11024,1,1
11025,0,1
11027,1,2
11028,1,1
11029,0,1
11031,1,2
11032,1,1
11033,1,1
11034,0,1
11036,1,2
11037,1,1
11038,0,1
11040,1,2
11041,1,1
11042,0,1
11044,1,2
11045,1,1
11046,1,1
11048,1,2
11049,1,1
11050,1,1
11051,0,1
11053,1,2
11054,1,1
11056,1,2
11057,1,1
11058,1,1
11059,0,1
11061,1,2
11062,1,1
11063,1,1
11065,1,2
11066,1,1
11067,1,1
11069,1,2
11070,1,1
11071,1,1
11072,0,1
11074,1,2
11075,1,1
11076,1,1
11077,0,1
11079,1,2
11080,1,1
11081,0,1
11083,1,2
11084,1,1
11085,1,1
11086,1,1
11087,0,1
11089,1,2
11090,1,1
11091,1,1
11092,1,1
11093,1,1
11094,0,1
11096,1,2
11097,1,1
11098,1,1
11099,1,1
11101,1,2
11101,0,0
11103,1,2
11104,1,1
11105,1,1
11106,0,1
11108,1,2
11109,1,1
11110,1,1
11111,1,1
11112,0,1
11113,0,1
11115,1,2
11116,1,1
11117,1,1
11118,1,1
11119,0,1
11121,1,2
11122,1,1
11123,1,1
11125,2,2
11126,1,1
11127,1,1
11129,2,2
11130,1,1
11131,1,1
11132,1,1
11134,2,2
11135,1,1
11136,1,1
11137,1,1
11138,0,1
11140,1,2
11141,1,1
11142,1,1
11144,1,2
11145,1,1
11146,1,1
11147,0,1
11149,1,2
11150,1,1
11151,1,1
11153,1,2
11154,1,1
11155,1,1
11156,1,1
11157,0,1
11159,1,2
11160,1,1
11161,1,1
11162,0,1
11164,1,2
11165,1,1
11166,1,1
11168,1,2
11169,1,1
11170,1,1
11171,1,1
11173,1,2
11174,1,1
11175,1,1
11176,1,1
11178,1,2
11179,1,1
11180,1,1
11181,1,1
11183,1,2
11184,1,1
11185,1,1
11186,1,1
11188,1,2
11189,1,1
11190,1,1
11191,1,1
11193,1,2
11194,1,1
11195,1,1
11196,1,1
11198,1,2
11199,1,1
11200,1,1
11201,1,1
11203,1,2
11204,1,1
11205,1,1
11206,1,1
11207,0,1
11209,1,2
11210,1,1
11211,1,1
11212,1,1
11213,0,1
11215,1,2
11216,1,1
11217,1,1
11218,1,1
11220,1,2
11221,1,1
11222,1,1
11223,1,1
11225,1,2
11226,1,1
11227,1,1
11228,1,1
11230,1,2
11231,1,1
11232,1,1
11233,1,1
11234,0,1
11236,1,2
11237,1,1
11238,1,1
11239,1,1
11241,1,2
11242,1,1
11243,1,1
11244,1,1
11245,0,1
11247,1,2
11248,1,1
11249,1,1
11250,1,1
11252,1,2
11253,1,1
11254,1,1
11255,1,1
11257,1,2
11258,1,1
11259,1,1
11260,1,1
11262,1,2
11263,1,1
11264,1,1
11265,1,1
11266,1,1
11268,1,2
11269,1,1
11270,1,1
11271,1,1
11273,1,2
11274,1,1
11275,1,1
11276,1,1
11277,0,1
11281,3,4
11282,3,1
11283,2,1
11284,2,1
11285,2,1
11286,2,1
11287,1,1
11288,1,1
11289,1,1
11290,1,1
11292,2,2
11293,1,1
11294,1,1
11295,1,1
11297,2,2
11298,1,1
11299,1,1
11300,1,1
11302,2,2
11303,2,1
11304,1,1
11305,1,1
11306,1,1
11308,2,2
11309,1,1
11310,1,1
11312,2,2
11313,2,1
11314,1,1
11315,1,1
11316,1,1
11317,1,1
11319,1,2
11320,1,1
11321,1,1
11322,1,1
11324,2,2
11325,1,1
11326,1,1
11327,1,1
11329,2,2
11330,1,1
11331,1,1
11332,1,1
11334,2,2
11335,2,1
11336,1,1
11337,1,1
11339,2,2
11344,6,5
11345,5,1
11346,5,1
11347,5,1
11348,5,1
11349,4,1
11350,4,1
11351,4,1
11352,4,1
11353,3,1
11354,3,1
11356,4,2
11357,4,1
11359,5,2
11360,4,1
11361,4,1
11362,4,1
11363,4,1
11364,3,1
11365,3,1
11367,4,2
11368,4,1
11369,4,1
11370,3,1
11371,3,1
11372,3,1
11373,3,1
11374,2,1
11375,2,1
11376,2,1
11377,2,1
11378,1,1
11379,1,1
11380,1,1
11381,1,1
11383,2,2
11384,1,1
11385,1,1
11386,1,1
11388,2,2
11389,1,1
11390,1,1
11391,1,1
11392,1,1
11394,2,2
11395,1,1
11396,1,1
11397,1,1
11398,1,1
11399,1,1
11401,1,2
11402,1,1
11403,1,1
11405,2,2
11406,1,1
11407,1,1
11408,1,1
11409,1,1
11411,2,2
11412,1,1
11413,1,1
11414,1,1
11416,2,2
11417,1,1
11418,1,1
11419,1,1
11420,1,1
11422,2,2
11423,1,1
11424,1,1
11425,1,1
11426,1,1
11428,2,2
11429,1,1
11430,1,1
11431,1,1
11432,1,1
11434,2,2
11435,1,1
11436,1,1
11437,1,1
11438,1,1
11440,1,2
11441,1,1
11442,1,1
11444,2,2
11445,1,1
11446,1,1
11447,1,1
11449,2,2
11450,2,1
11451,1,1
11452,1,1
11453,1,1
11454,1,1
11456,2,2
11457,1,1
11458,1,1
11459,1,1
11460,1,1
11461,1,1
11463,1,2
11464,1,1
11465,1,1
11466,1,1
11468,1,2
11469,1,1
11470,1,1
11471,1,1
11473,1,2
11474,1,1
11475,1,1
11476,1,1
11477,1,1
11479,1,2
11480,1,1
11481,1,1
11482,1,1
11483,0,1
11485,1,2
11486,1,1
11487,1,1
11489,1,2
11490,1,1
11491,1,1
11492,1,1
11493,0,1
11495,1,2
11496,1,1
11497,1,1
11498,1,1
11500,1,2
11501,1,1
11502,1,1
11503,1,1
11505,1,2
11506,1,1
11507,1,1
11508,0,1
11510,1,2
11511,1,1
11512,1,1
11513,0,1
11515,1,2
11516,1,1
11517,0,1
11519,1,2
11520,1,1
11521,1,1
11523,1,2
11524,1,1
11526,2,2
11527,2,1
11528,1,1
11529,1,1
11531,2,2
11532,1,1
11533,1,1
11534,1,1
11535,0,1
11537,1,2
11538,1,1
11539,1,1
11540,0,1
11542,1,2
11543,1,1
11544,1,1
11545,0,1
11547,1,2
11548,1,1
11549,1,1
11550,0,1
11552,1,2
11553,1,1
11554,0,1
11556,1,2
11557,1,1
11558,1,1
11559,0,1
11561,1,2
11562,1,1
11563,1,1
11565,1,2
11566,1,1
11567,1,1
11569,1,2
11570,1,1
11571,1,1
11573,2,2
11574,1,1
11575,1,1
11577,2,2
11578,2,1
11579,1,1
11580,1,1
11581,0,1
11583,1,2
11584,1,1
11585,1,1
11587,1,2
11588,1,1
11589,1,1
11590,0,1
11592,1,2
11593,1,1
11594,0,1
11596,1,2
11597,1,1
11598,0,1
11600,1,2
11601,1,1
11602,0,1
11604,1,2
11605,1,1
11606,0,1
11608,1,2
11609,1,1
11610,0,1
11612,1,2
11613,1,1
11614,1,1
11616,1,2
11617,1,1
11618,1,1
11620,1,2
11621,1,1
11622,1,1
11623,0,1
11625,1,2
11626,1,1
11627,0,1
11629,1,2
11630,1,1
11631,0,1
11633,1,2
11634,1,1
11635,1,1
11637,1,2
11638,1,1
11639,1,1
11640,0,1
11642,1,2
11643,1,1
11644,0,1
11646,1,2
11647,1,1
11648,1,1
11650,1,2
11651,1,1
11652,1,1
11653,0,1
11655,1,2
11656,1,1
11657,0,1
11659,1,2
11660,1,1
11661,0,1
11663,1,2
11664,1,1
11665,1,1
11666,0,1
11668,1,2
11669,1,1
11670,0,1
11672,1,2
11673,1,1
11674,1,1
11676,1,2
11677,1,1
11678,1,1
11679,1,1
11680,0,1
11682,1,2
11683,1,1
11684,1,1
11685,1,1
11687,1,2
11688,1,1
11689,1,1
11691,2,2
11692,1,1
11693,1,1
11694,1,1
11696,2,2
11697,1,1
11698,1,1
11699,1,1
11700,1,1
11702,1,2
11703,1,1
11704,1,1
11705,1,1
11707,1,2
11708,1,1
11709,1,1
11711,2,2
11712,1,1
11713,1,1
11714,1,1
11716,1,2
11717,1,1
11718,1,1
11719,1,1
11721,1,2
11722,1,1
11723,1,1
11724,1,1
11725,0,1
11727,1,2
11728,1,1
11729,1,1
11730,1,1
11732,1,2
11733,1,1
11734,1,1
11736,1,2
11737,1,1
11738,1,1
11739,1,1
11741,1,2
11742,1,1
11743,1,1
11744,1,1
11746,1,2
11747,1,1
11748,1,1
11749,0,1
11751,1,2
11752,1,1
11753,1,1
11754,0,1
11756,1,2
11757,1,1
11758,1,1
11760,1,2
11761,1,1
11762,1,1
11764,1,2
11765,1,1
11766,1,1
11767,1,1
11768,0,1
11770,1,2
11771,1,1
11772,1,1
11773,0,1
11775,1,2
11776,1,1
11777,1,1
11779,1,2
11780,1,1
11781,1,1
11782,1,1
11784,1,2
11785,1,1
11786,1,1
11787,1,1
11789,1,2
11790,1,1
11791,1,1
11792,1,1
11794,1,2
11795,1,1
11796,1,1
11797,1,1
11799,1,2
11800,1,1
11801,1,1
11802,1,1
11804,1,2
11805,1,1
11806,1,1
11808,2,2
11809,1,1
11810,1,1
11811,1,1
11812,0,1
11814,1,2
11815,1,1
11816,1,1
11818,1,2
11819,1,1
11820,1,1
11821,1,1
11823,1,2
11824,1,1
11825,1,1
11826,1,1
11828,1,2
11829,1,1
11830,1,1
11831,1,1
11833,1,2
11834,1,1
11835,1,1
11837,1,2
11838,1,1
11839,1,1
11840,1,1
11842,1,2
11843,1,1
11844,1,1
11845,1,1
11847,1,2
11848,1,1
11849,1,1
11850,1,1
11852,1,2
11853,1,1
11854,1,1
11855,0,1
11857,1,2
11858,1,1
11859,1,1
11861,1,2
11862,1,1
11863,1,1
11864,1,1
11866,1,2
11867,1,1
11868,1,1
11869,1,1
11871,1,2
11872,1,1
11873,1,1
11874,0,1
11876,1,2
11877,1,1
11878,1,1
11880,1,2
11881,1,1
11882,1,1
11884,1,2
11885,1,1
11886,1,1
11887,1,1
11888,0,1
11890,1,2
11891,1,1
11892,1,1
11893,0,1
11895,1,2
11897,2,2
11901,5,4
11902,4,1
11903,4,1
11904,4,1
11905,4,1
11906,3,1
11907,3,1
11908,3,1
11909,3,1
11910,2,1
11911,2,1
11912,2,1
11913,2,1
11914,1,1
11915,1,1
11916,1,1
11918,2,2
11919,1,1
11920,1,1
11921,1,1
11923,2,2
11924,1,1
11925,1,1
11926,1,1
11927,1,1
11929,2,2
11930,1,1
11931,1,1
11932,1,1
11933,0,1
11935,1,2
11936,1,1
11938,2,2
11939,1,1
11940,1,1
11941,1,1
11942,1,1
11944,1,2
11945,1,1
11946,1,1
11948,2,2
11949,1,1
11950,1,1
11951,1,1
11952,1,1
11954,1,2
11955,1,1
11956,1,1
11957,1,1
11958,1,1
11960,1,2
11961,1,1
11962,1,1
11964,1,2
11965,1,1
11967,2,2
11968,1,1
11969,1,1
11970,1,1
11972,1,2
11973,1,1
11974,1,1
11975,1,1
11977,2,2
11978,1,1
11979,1,1
11980,1,1
11981,0,1
11983,1,2
11984,1,1
11986,2,2
11987,1,1
11988,1,1
11990,2,2
11991,2,1
11992,1,1
11993,1,1
11995,2,2
11996,1,1
11997,1,1
11999,2,2
12000,2,1
12001,1,1
12002,1,1
12003,1,1
12004,1,1
12006,1,2
12007,1,1
12008,1,1
12009,1,1
12011,1,2
12012,1,1
12013,1,1
12014,1,1
12016,1,2
12017,1,1
12018,1,1
12020,2,2
12021,1,1
12022,1,1
12023,1,1
12025,1,2
12026,1,1
12027,1,1
12028,1,1
12030,1,2
12031,1,1
12032,1,1
12034,2,2
12035,1,1
12036,1,1
12037,1,1
12038,1,1
12040,1,2
12041,1,1
12042,1,1
12043,1,1
12045,1,2
12046,1,1
12047,1,1
12049,2,2
12050,1,1
12051,1,1
12052,1,1
12054,2,2
12055,1,1
12056,1,1
12057,1,1
12059,1,2
12060,1,1
12061,1,1
12062,0,1
12064,1,2
12065,1,1
12066,1,1
12068,1,2
12069,1,1
12070,1,1
12072,2,2
12073,1,1
12074,1,1
12075,1,1
12077,1,2
12078,1,1
12079,1,1
12080,1,1
12082,1,2
12083,1,1
12084,1,1
12085,0,1
12087,1,2
12088,1,1
12089,0,1
12091,1,2
12092,1,1
12093,1,1
12095,1,2
12096,1,1
12098,2,2
12099,1,1
12100,1,1
12102,1,2
12103,1,1
12104,1,1
12106,1,2
12107,1,1
12108,1,1
12110,1,2
12111,1,1
12112,1,1
12113,0,1
12115,1,2
12116,1,1
12118,1,2
12119,1,1
12120,1,1
12122,1,2
12123,1,1
12124,1,1
12126,1,2
12127,1,1
12128,1,1
12130,1,2
12131,1,1
12132,1,1
12133,1,1
12135,1,2
12136,1,1
12137,1,1
12138,1,1
12140,1,2
12141,1,1
12142,1,1
12144,1,2
12145,1,1
12146,1,1
12148,2,2
12149,1,1
12150,1,1
12151,1,1
12152,1,1
12154,1,2
12155,1,1
12156,1,1
12157,1,1
12159,1,2
12160,1,1
12161,1,1
12163,1,2
12164,1,1
12165,1,1
12166,0,1
12168,1,2
12169,1,1
12171,1,2
12172,1,1
12173,1,1
12174,0,1
12176,1,2
12177,1,1
12178,1,1
12180,1,2
12181,1,1
12182,1,1
12184,1,2
12185,1,1
12186,1,1
12188,1,2
12189,1,1
12190,1,1
12192,1,2
12193,1,1
12194,1,1
12195,1,1
12197,1,2
12198,1,1
12199,1,1
12200,0,1
12202,1,2
12203,1,1
12204,1,1
12205,0,1
12207,1,2
12208,1,1
12209,0,1
12211,1,2
12212,1,1
12213,1,1
12215,1,2
12216,1,1
12217,1,1
12218,0,1
12220,1,2
12221,1,1
12223,1,2
12224,1,1
12225,1,1
12226,1,1
12228,1,2
12229,1,1
12230,1,1
12232,1,2
12233,1,1
12234,1,1
12236,1,2
12237,1,1
12238,1,1
12240,1,2
12241,1,1
12242,1,1
12244,1,2
12245,1,1
12246,1,1
12247,1,1
12249,1,2
12250,1,1
12251,1,1
12253,1,2
12254,1,1
12255,1,1
12257,1,2
12258,1,1
12259,1,1
12260,1,1
12262,1,2
12263,1,1
12264,1,1
12265,0,1
12267,1,2
12268,1,1
12270,2,2
12271,1,1
12272,1,1
12273,1,1
12275,2,2
12276,1,1
12277,1,1
12278,1,1
12280,2,2
12281,1,1
12282,1,1
12283,1,1
12285,2,2
12286,1,1
12287,1,1
12288,1,1
12290,2,2
12292,2,2
12293,1,1
12294,1,1
12296,2,2
12297,1,1
12298,1,1
12299,1,1
12300,1,1
12302,1,2
12303,1,1
12304,1,1
12305,1,1
12307,1,2
12308,1,1
12309,1,1
12311,2,2
12312,1,1
12313,1,1
12314,1,1
12316,2,2
12317,1,1
12318,1,1
12320,2,2
12321,1,1
12322,1,1
12323,1,1
12325,2,2
12326,1,1
12327,1,1
12328,1,1
12330,2,2
12331,1,1
12332,1,1
12333,1,1
12335,1,2
12336,1,1
12337,1,1
12338,1,1
12340,1,2
12341,1,1
12342,1,1
12343,1,1
12345,1,2
12346,1,1
12347,1,1
12348,1,1
12350,1,2
12351,1,1
12352,1,1
12353,1,1
12355,1,2
12356,1,1
12357,1,1
12358,0,1
12360,1,2
12361,1,1
12362,1,1
12364,1,2
12365,1,1
12366,1,1
12368,1,2
12369,1,1
12370,1,1
12372,1,2
12373,1,1
12374,1,1
12375,1,1
12377,1,2
12378,1,1
12379,1,1
12381,1,2
12382,1,1
12383,1,1
12384,1,1
12386,1,2
12387,1,1
12388,1,1
12389,0,1
12391,1,2
12392,1,1
12393,1,1
12395,1,2
12396,1,1
12397,1,1
12398,0,1
12400,1,2
12401,1,1
12402,1,1
12403,1,1
12405,1,2
12406,1,1
12407,1,1
12409,2,2
12410,1,1
12411,1,1
12412,1,1
12413,1,1
12415,1,2
12416,1,1
12417,1,1
12419,2,2
12420,2,1
12421,1,1
12422,1,1
12424,2,2
12425,1,1
12426,1,1
12427,1,1
12429,2,2
12430,1,1
12431,1,1
12432,1,1
12434,2,2
12435,1,1
12436,1,1
12438,2,2
12439,2,1
12440,1,1
12441,1,1
12443,2,2
12444,1,1
12445,1,1
12446,1,1
12448,2,2
12449,1,1
12450,1,1
12452,2,2
12453,2,1
12454,1,1
12455,1,1
12457,2,2
12458,1,1
12459,1,1
12460,1,1
12461,1,1
12463,1,2
12464,1,1
12465,0,1
12467,1,2
12468,1,1
12469,1,1
12470,1,1
12472,1,2
12473,1,1
12474,1,1
12475,1,1
12476,1,1
12478,1,2
12479,1,1
12480,1,1
12481,1,1
12483,1,2
12484,1,1
12485,1,1
12486,1,1
12487,1,1
12489,1,2
12490,1,1
12491,1,1
12492,1,1
12493,1,1
12495,1,2
12496,1,1
12497,1,1
12498,1,1
12499,0,1
12501,1,2
12502,1,1
12503,1,1
12504,1,1
12506,1,2
12507,1,1
12508,1,1
12509,1,1
12511,2,2
12512,1,1
12514,2,2
12516,2,2
12517,1,1
12518,1,1
12519,1,1
12520,1,1
12522,1,2
12523,1,1
12524,1,1
12525,1,1
12526,0,1
12528,1,2
12529,1,1
12530,0,1
12532,1,2
12533,1,1
12534,1,1
12536,2,2
12537,1,1
12538,1,1
12539,1,1
12540,1,1
12542,1,2
12543,1,1
12544,1,1
12546,1,2
12547,1,1
12548,1,1
12549,1,1
12550,0,1
12552,1,2
12553,1,1
12554,1,1
12556,1,2
12557,1,1
12558,1,1
12559,1,1
12561,1,2
12562,1,1
12563,1,1
12564,1,1
12566,1,2
12567,1,1
12568,1,1
12569,1,1
12570,0,1
12572,1,2
12573,1,1
12574,1,1
12576,1,2
12576,0,0
12578,1,2
12579,1,1
12580,1,1
12581,0,1
12583,1,2
12584,1,1
12585,1,1
12586,0,1
12588,1,2
12589,1,1
12590,1,1
12591,0,1
12593,1,2
12594,1,1
12595,1,1
12596,0,1
12598,1,2
12599,1,1
12600,1,1
12601,0,1
12603,1,2
12604,1,1
12605,1,1
12606,1,1
12608,1,2
12609,1,1
12610,1,1
12611,1,1
12613,1,2
12614,1,1
12615,1,1
12616,1,1
12618,1,2
12619,1,1
12620,1,1
12621,1,1
12623,2,2
12624,1,1
12625,1,1
12626,1,1
12627,1,1
12629,1,2
12630,1,1
12631,1,1
12632,1,1
12633,0,1
12635,1,2
12636,1,1
12637,1,1
12638,1,1
12640,1,2
12641,1,1
12642,1,1
12643,1,1
12645,1,2
12646,1,1
12647,1,1
12648,1,1
12650,1,2
12651,1,1
12652,1,1
12653,1,1
12655,1,2
12656,1,1
12657,1,1
12658,1,1
12660,1,2
12661,1,1
12662,1,1
12663,1,1
12664,1,1
12666,1,2
12667,1,1
12668,1,1
12669,1,1
12671,1,2
12672,1,1
12673,1,1
12674,1,1
12675,0,1
12677,1,2
12678,1,1
12679,1,1
12682,3,3
12683,2,1
12685,3,2
12687,4,2
12688,3,1
12689,3,1
12690,3,1
12691,3,1
12692,2,1
12693,2,1
12694,2,1
12695,1,1
12696,1,1
12697,1,1
12698,1,1
12700,1,2
12701,1,1
12702,1,1
12703,1,1
12705,1,2
12706,1,1
12707,1,1
12708,1,1
12709,0,1
12711,1,2
12712,1,1
12713,1,1
12714,0,1
12716,1,2
12717,1,1
12718,1,1
12720,1,2
12721,1,1
12722,1,1
12724,2,2
12725,1,1
12726,1,1
12727,1,1
12729,2,2
12730,1,1
12731,1,1
12732,1,1
12733,1,1
12735,1,2
12736,1,1
12737,1,1
12738,1,1
12740,1,2
12741,1,1
12742,1,1
12743,1,1
12745,1,2
12746,1,1
12747,1,1
12748,1,1
12750,1,2
12751,1,1
12752,1,1
12753,1,1
12755,1,2
12756,1,1
12757,1,1
12758,1,1
12760,1,2
12761,1,1
12762,1,1
12763,1,1
12765,1,2
12766,1,1
12767,1,1
12769,2,2
12770,1,1
12771,1,1
12772,1,1
12774,1,2
12775,1,1
12776,1,1
12777,1,1
12779,1,2
12780,1,1
12781,1,1
12782,1,1
12784,1,2
12785,1,1
12786,1,1
12788,1,2
12789,1,1
12790,1,1
12791,1,1
12793,1,2
12794,1,1
12796,2,2
12797,2,1
12798,1,1
12799,1,1
12800,1,1
12801,1,1
12803,1,2
12804,1,1
12805,1,1
12806,0,1
12808,1,2
12809,1,1
12810,0,1
12812,1,2
12813,1,1
12815,2,2
12816,1,1
12817,1,1
12818,1,1
12820,2,2
12823,3,3
12826,5,3
12828,6,2
12829,6,1
12831,6,2
12832,6,1
12833,5,1
12834,4,1
12835,4,1
12836,4,1
12837,4,1
12838,3,1
12839,3,1
12840,3,1
12840,2,0
12841,1,1
12842,1,1
12843,1,1
12845,1,2
12846,1,1
12847,1,1
12848,1,1
12849,1,1
12851,1,2
12852,1,1
12853,1,1
12854,1,1
12856,1,2
12857,1,1
12858,1,1
12859,0,1
12861,1,2
12862,1,1
12863,1,1
12864,1,1
12865,0,1
12867,1,2
12868,1,1
12869,1,1
12870,0,1
12872,1,2
12873,1,1
12874,1,1
12875,0,1
12877,1,2
12878,1,1
12879,1,1
12880,0,1
12882,1,2
12883,1,1
12884,1,1
12885,0,1
12887,1,2
12888,1,1
12889,1,1
12890,1,1
12892,1,2
12893,1,1
12894,1,1
12895,1,1
12897,1,2
12899,2,2
12905,7,6
12906,7,1
12907,6,1
12908,6,1
12910,7,2
12911,6,1
12912,6,1
12913,6,1
12914,6,1
12915,5,1
12916,5,1
12917,5,1
12918,5,1
12919,4,1
12920,4,1
12921,4,1
12922,4,1
12923,3,1
12924,3,1
12925,3,1
12926,2,1
12927,2,1
12928,2,1
12929,2,1
12930,1,1
12931,1,1
12932,1,1
12933,0,1
12935,1,2
12936,1,1
12937,1,1
12938,0,1
12940,1,2
12941,1,1
12942,1,1
12944,1,2
12945,1,1
12946,1,1
12947,1,1
12949,1,2
12950,1,1
12951,1,1
12953,1,2
12954,1,1
12955,1,1
12956,1,1
12957,0,1
12959,1,2
12960,1,1
12961,1,1
12962,0,1
12964,1,2
12965,1,1
12966,1,1
12968,1,2
12969,1,1
12970,1,1
12971,1,1
12973,1,2
12974,1,1
12976,2,2
12977,1,1
12978,1,1
12979,1,1
12980,1,1
12981,0,1
12983,1,2
12984,1,1
12985,1,1
12987,1,2
12988,1,1
12989,1,1
12990,0,1
12992,1,2
12993,1,1
12994,1,1
12996,1,2
12997,1,1
12998,1,1
12999,1,1
13001,1,2
13002,1,1
13003,1,1
13004,1,1
13006,1,2
13007,1,1
13008,1,1
13009,1,1
13011,1,2
13012,1,1
13013,1,1
13014,0,1
13016,1,2
13017,1,1
13018,1,1
13020,1,2
13021,1,1
13022,1,1
13023,1,1
13025,1,2
13026,1,1
13027,1,1
13028,1,1
13029,0,1
13031,1,2
13032,1,1
13033,1,1
13034,0,1
13036,1,2
13037,1,1
13038,1,1
13040,1,2
13041,1,1
13042,1,1
13044,2,2
13045,1,1
13046,1,1
13047,1,1
13048,0,1
13050,1,2
13051,1,1
13052,1,1
13054,1,2
13055,1,1
13056,1,1
13057,1,1
13059,1,2
13060,1,1
13061,1,1
13063,1,2
13064,1,1
13065,1,1
13067,1,2
13068,1,1
13069,1,1
13070,0,1
13072,1,2
13073,1,1
13074,0,1
13076,1,2
13077,1,1
13078,0,1
13080,1,2
13081,1,1
13082,0,1
13084,1,2
13085,1,1
13086,0,1
13088,1,2
13089,1,1
13090,1,1
13092,1,2
13093,1,1
13094,1,1
13095,1,1
13097,1,2
13098,1,1
13099,1,1
13101,1,2
13102,1,1
13103,1,1
13104,1,1
13106,1,2
13107,1,1
13108,1,1
13109,1,1
13111,1,2
13112,1,1
13113,1,1
13114,0,1
13116,1,2
