time (ms),latency (ms),consume (ms)
0,14,0
4,13,4
5,13,1
5,11,0
5,10,0
5,7,0
6,4,1
6,2,0
11,6,5
11,2,0
12,1,1
13,1,1
15,1,2
17,2,2
18,1,1
20,2,2
21,1,1
23,2,2
25,2,2
27,3,2
27,1,0
29,2,2
30,1,1
32,2,2
34,2,2
35,2,1
37,2,2
39,2,2
40,2,1
41,1,1
43,2,2
44,1,1
46,1,2
49,2,3
51,2,2
54,2,3
56,2,2
58,2,2
60,1,2
62,1,2
65,2,3
66,1,1
68,2,2
69,1,1
71,2,2
73,2,2
75,2,2
79,4,4
80,1,1
83,2,3
84,1,1
86,2,2
87,1,1
89,1,2
91,2,2
93,2,2
95,2,2
97,2,2
99,2,2
102,3,3
103,2,1
105,1,2
108,2,3
111,1,3
112,1,1
114,1,2
115,1,1
117,1,2
123,6,6
123,5,0
124,4,1
124,3,0
126,2,2
128,2,2
129,1,1
130,1,1
132,1,2
133,1,1
135,2,2
138,3,3
140,2,2
142,2,2
145,3,3
151,6,6
152,1,1
153,1,1
155,2,2
156,1,1
158,2,2
159,1,1
161,2,2
162,1,1
164,2,2
165,1,1
167,2,2
168,1,1
169,1,1
171,1,2
173,2,2
174,1,1
175,1,1
177,2,2
178,1,1
180,2,2
181,1,1
183,2,2
184,1,1
186,2,2
187,1,1
189,2,2
190,1,1
191,1,1
193,2,2
194,1,1
196,2,2
197,1,1
199,2,2
200,1,1
202,2,2
204,2,2
205,2,1
206,1,1
208,2,2
210,2,2
211,2,1
213,2,2
214,2,1
215,1,1
217,1,2
219,2,2
220,2,1
221,1,1
223,2,2
224,1,1
226,2,2
227,1,1
228,1,1
230,1,2
231,1,1
233,2,2
234,1,1
236,2,2
237,1,1
239,2,2
240,1,1
242,2,2
243,1,1
245,2,2
246,1,1
248,2,2
249,1,1
250,1,1
252,2,2
253,1,1
255,2,2
256,1,1
257,1,1
259,1,2
261,2,2
262,2,1
263,1,1
265,2,2
266,1,1
267,1,1
269,1,2
270,1,1
272,1,2
273,1,1
275,2,2
276,1,1
277,1,1
279,1,2
280,1,1
282,2,2
283,1,1
284,1,1
286,1,2
288,2,2
289,1,1
290,1,1
292,1,2
293,1,1
295,1,2
296,1,1
298,2,2
299,1,1
301,2,2
302,1,1
304,1,2
306,2,2
307,1,1
309,1,2
311,2,2
312,1,1
313,1,1
315,1,2
316,1,1
318,1,2
320,2,2
321,1,1
322,1,1
324,2,2
325,1,1
327,2,2
328,1,1
329,1,1
331,1,2
332,1,1
334,1,2
335,1,1
337,1,2
338,1,1
340,1,2
341,1,1
343,1,2
344,1,1
346,2,2
364,18,18
365,18,1
365,16,0
366,16,1
366,14,0
366,13,0
366,11,0
367,11,1
367,9,0
367,8,0
368,7,1
368,6,0
368,4,0
368,3,0
369,2,1
369,1,0
371,1,2
372,1,1
374,1,2
377,3,3
379,2,2
380,1,1
381,1,1
383,1,2
385,2,2
386,1,1
388,2,2
389,1,1
391,2,2
392,1,1
393,1,1
395,2,2
397,2,2
398,1,1
400,1,2
402,1,2
404,2,2
406,1,2
408,1,2
410,1,2
411,1,1
413,1,2
414,1,1
416,1,2
418,2,2
419,1,1
420,1,1
422,1,2
423,1,1
425,1,2
426,1,1
427,1,1
429,1,2
430,1,1
432,1,2
433,1,1
434,1,1
436,1,2
437,1,1
439,1,2
440,1,1
442,2,2
443,1,1
444,1,1
446,1,2
447,1,1
449,1,2
450,1,1
451,1,1
453,1,2
454,1,1
456,1,2
457,1,1
459,1,2
460,1,1
461,1,1
463,1,2
464,1,1
466,2,2
467,1,1
468,1,1
470,1,2
471,1,1
472,1,1
474,1,2
475,1,1
477,1,2
478,1,1
480,1,2
481,1,1
483,2,2
484,1,1
486,2,2
487,1,1
489,2,2
490,1,1
491,1,1
493,1,2
494,1,1
496,2,2
497,1,1
498,1,1
500,1,2
501,1,1
502,1,1
504,1,2
505,1,1
507,2,2
508,1,1
510,2,2
511,1,1
513,2,2
514,2,1
515,1,1
516,1,1
518,2,2
519,1,1
520,1,1
522,1,2
523,1,1
525,2,2
526,1,1
527,1,1
529,2,2
530,1,1
531,1,1
533,2,2
534,1,1
536,2,2
537,2,1
538,1,1
539,1,1
541,1,2
542,1,1
544,2,2
545,1,1
546,1,1
548,2,2
549,1,1
550,1,1
552,2,2
553,1,1
554,1,1
556,2,2
557,1,1
558,1,1
560,2,2
561,1,1
562,1,1
564,2,2
565,1,1
566,1,1
568,2,2
569,1,1
570,1,1
572,2,2
573,1,1
574,1,1
576,2,2
577,1,1
579,2,2
580,1,1
582,2,2
583,1,1
584,1,1
586,2,2
587,1,1
589,2,2
590,1,1
592,2,2
593,1,1
594,1,1
596,1,2
597,1,1
599,1,2
600,1,1
602,2,2
603,1,1
604,1,1
606,1,2
607,1,1
608,1,1
610,1,2
611,1,1
613,1,2
614,1,1
615,1,1
617,1,2
618,1,1
619,1,1
621,1,2
622,1,1
624,2,2
625,1,1
626,1,1
628,1,2
629,1,1
631,2,2
632,1,1
633,1,1
635,1,2
636,1,1
637,1,1
639,1,2
640,1,1
641,1,1
643,1,2
644,1,1
646,1,2
647,1,1
648,1,1
650,1,2
651,1,1
653,1,2
654,1,1
655,1,1
657,1,2
658,1,1
659,1,1
661,1,2
662,1,1
663,1,1
665,1,2
666,1,1
667,1,1
669,1,2
670,1,1
671,1,1
673,1,2
674,1,1
676,2,2
677,1,1
678,1,1
680,1,2
681,1,1
682,1,1
684,1,2
685,1,1
687,2,2
688,1,1
689,1,1
691,1,2
692,1,1
693,1,1
695,1,2
696,1,1
697,1,1
699,1,2
700,1,1
701,1,1
703,1,2
704,1,1
706,2,2
707,1,1
708,1,1
710,1,2
711,1,1
712,1,1
714,1,2
715,1,1
717,2,2
718,1,1
719,1,1
721,1,2
722,1,1
723,1,1
725,1,2
726,1,1
727,1,1
729,1,2
730,1,1
731,1,1
733,1,2
734,1,1
736,1,2
738,2,2
739,1,1
740,1,1
741,1,1
743,1,2
744,1,1
746,2,2
747,1,1
748,1,1
750,1,2
751,1,1
752,1,1
754,1,2
755,1,1
757,2,2
758,1,1
760,2,2
761,1,1
762,1,1
777,3,15
778,2,1
779,1,1
781,2,2
782,1,1
784,2,2
785,1,1
786,1,1
788,2,2
789,1,1
791,2,2
792,1,1
793,1,1
795,2,2
796,1,1
797,1,1
799,2,2
800,1,1
801,1,1
803,2,2
804,1,1
805,1,1
806,1,1
808,1,2
809,1,1
811,2,2
812,1,1
813,1,1
815,2,2
816,1,1
817,1,1
820,3,3
820,2,0
821,1,1
824,3,3
825,3,1
825,1,0
826,1,1
827,1,1
829,1,2
830,1,1
831,1,1
833,1,2
834,1,1
835,1,1
838,2,3
838,1,0
840,2,2
841,1,1
842,1,1
843,1,1
845,1,2
846,1,1
848,2,2
849,1,1
850,1,1
851,1,1
853,1,2
854,1,1
855,1,1
857,1,2
858,1,1
859,1,1
861,2,2
862,1,1
863,1,1
864,1,1
866,1,2
867,1,1
868,1,1
870,1,2
871,1,1
872,1,1
874,1,2
875,1,1
877,2,2
878,1,1
879,1,1
881,2,2
882,1,1
883,1,1
884,1,1
886,1,2
887,1,1
888,1,1
889,1,1
891,1,2
892,1,1
893,1,1
895,1,2
896,1,1
897,1,1
899,1,2
900,1,1
901,1,1
903,1,2
904,1,1
906,2,2
907,1,1
908,1,1
909,1,1
911,1,2
912,1,1
913,1,1
915,1,2
916,1,1
917,1,1
919,1,2
920,1,1
921,1,1
923,1,2
924,1,1
925,1,1
927,1,2
928,1,1
929,1,1
931,1,2
932,1,1
933,1,1
935,1,2
936,1,1
937,1,1
939,1,2
940,1,1
941,1,1
942,0,1
944,1,2
945,1,1
947,1,2
948,1,1
949,1,1
951,1,2
952,1,1
954,2,2
955,1,1
956,1,1
957,1,1
959,1,2
960,1,1
961,1,1
963,1,2
964,1,1
965,1,1
967,2,2
968,1,1
969,1,1
970,1,1
972,1,2
973,1,1
974,1,1
976,1,2
977,1,1
978,1,1
980,1,2
981,1,1
987,6,6
989,6,2
990,6,1
992,7,2
993,7,1
994,6,1
995,6,1
996,6,1
997,5,1
998,5,1
999,5,1
1000,4,1
1001,4,1
1002,4,1
1002,2,0
1003,2,1
1004,1,1
1005,1,1
1007,1,2
1008,1,1
1010,1,2
1011,1,1
1013,1,2
1014,1,1
1015,1,1
1017,1,2
1018,1,1
1020,1,2
1021,1,1
1022,1,1
1023,0,1
1025,1,2
1026,1,1
1028,1,2
1029,1,1
1030,1,1
1032,1,2
1033,1,1
1034,0,1
1036,1,2
1037,1,1
1038,0,1
1040,1,2
1041,1,1
1042,0,1
1044,1,2
1045,1,1
1047,1,2
1048,1,1
1049,1,1
1050,0,1
1052,1,2
1053,1,1
1055,1,2
1056,1,1
1057,1,1
1059,1,2
1060,1,1
1061,1,1
1063,1,2
1064,1,1
1065,0,1
1067,1,2
1068,1,1
1069,0,1
1071,1,2
1072,1,1
1074,1,2
1075,1,1
1076,1,1
1078,1,2
1079,1,1
1080,1,1
1082,1,2
1083,1,1
1084,1,1
1086,1,2
1087,1,1
1088,0,1
1090,1,2
1091,1,1
1093,1,2
1094,1,1
1095,1,1
1097,1,2
1098,1,1
1100,1,2
1101,1,1
1102,1,1
1104,1,2
1105,1,1
1106,1,1
1108,1,2
1109,1,1
1110,1,1
1112,1,2
1113,1,1
1114,1,1
1115,0,1
1117,1,2
1119,2,2
1121,2,2
1121,1,0
1123,2,2
1124,1,1
1125,1,1
1127,1,2
1128,1,1
1129,1,1
1131,1,2
1132,1,1
1134,2,2
1135,1,1
1136,1,1
1137,1,1
1139,1,2
1140,1,1
1141,1,1
1143,1,2
1144,1,1
1146,1,2
1147,1,1
1148,1,1
1150,1,2
1151,1,1
1152,1,1
1154,1,2
1155,1,1
1156,1,1
1158,1,2
1159,1,1
1161,1,2
1162,1,1
1163,1,1
1165,1,2
1166,1,1
1167,1,1
1168,0,1
1170,1,2
1171,1,1
1173,1,2
1174,1,1
1175,1,1
1176,0,1
1178,1,2
1179,1,1
1180,0,1
1182,1,2
1183,1,1
1185,1,2
1186,1,1
1187,1,1
1189,1,2
1190,1,1
1191,1,1
1193,1,2
1195,1,2
1197,1,2
1199,1,2
1201,1,2
1203,1,2
1205,1,2
1207,1,2
1209,1,2
1211,1,2
1213,1,2
1214,1,1
1216,1,2
1217,1,1
1218,1,1
1219,0,1
1221,1,2
1222,1,1
1223,1,1
1225,1,2
1226,1,1
1227,1,1
1229,1,2
1230,1,1
1231,1,1
1232,1,1
1234,1,2
1235,1,1
1236,1,1
1238,1,2
1239,1,1
1240,1,1
1242,1,2
1243,1,1
1244,1,1
1245,1,1
1247,1,2
1248,1,1
1249,1,1
1251,1,2
1252,1,1
1253,1,1
1255,1,2
1256,1,1
1257,1,1
1258,0,1
1260,1,2
1261,1,1
1263,1,2
1264,1,1
1265,1,1
1267,1,2
1268,1,1
1269,1,1
1271,1,2
1272,1,1
1273,1,1
1275,1,2
1276,1,1
1277,1,1
1279,1,2
1280,1,1
1281,1,1
1283,1,2
1284,1,1
1285,1,1
1287,1,2
1288,1,1
1289,1,1
1291,1,2
1292,1,1
1294,2,2
1295,1,1
1296,1,1
1298,2,2
1299,1,1
1300,1,1
1301,0,1
1303,1,2
1304,1,1
1306,1,2
1307,1,1
1308,1,1
1310,1,2
1311,1,1
1312,1,1
1314,1,2
1315,1,1
1316,1,1
1318,1,2
1319,1,1
1320,1,1
1322,1,2
1323,1,1
1325,2,2
1326,1,1
1327,1,1
1329,1,2
1330,1,1
1332,2,2
1333,1,1
1334,1,1
1336,1,2
1337,1,1
1339,2,2
1340,1,1
1342,2,2
1343,2,1
1344,1,1
1345,1,1
1347,1,2
1348,1,1
1349,1,1
1351,1,2
1353,2,2
1353,1,0
1355,1,2
1356,1,1
1357,1,1
1359,1,2
1360,1,1
1361,1,1
1363,1,2
1364,1,1
1365,1,1
1367,1,2
1368,1,1
1369,1,1
1370,1,1
1372,1,2
1373,1,1
1374,1,1
1376,1,2
1377,1,1
1378,1,1
1379,1,1
1381,1,2
1382,1,1
1383,1,1
1385,1,2
1386,1,1
1387,1,1
1389,1,2
1390,1,1
1391,1,1
1393,1,2
1394,1,1
1395,1,1
1397,1,2
1398,1,1
1399,1,1
1401,1,2
1402,1,1
1403,1,1
1405,1,2
1406,1,1
1407,1,1
1409,1,2
1410,1,1
1411,1,1
1413,1,2
1414,1,1
1415,1,1
1417,1,2
1418,1,1
1419,1,1
1420,1,1
1422,1,2
1423,1,1
1425,2,2
1426,1,1
1427,1,1
1429,2,2
1430,1,1
1431,1,1
1432,1,1
1434,1,2
1435,1,1
1436,1,1
1438,1,2
1439,1,1
1441,2,2
1442,1,1
1443,1,1
1444,1,1
1446,1,2
1450,4,4
1450,3,0
1450,1,0
1451,1,1
1453,2,2
1454,1,1
1455,1,1
1456,1,1
1458,1,2
1459,1,1
1460,1,1
1462,1,2
1463,1,1
1464,1,1
1465,1,1
1467,1,2
1468,1,1
1470,1,2
1471,1,1
1472,1,1
1474,1,2
1475,1,1
1476,1,1
1478,1,2
1479,1,1
1480,1,1
1482,1,2
1483,1,1
1485,2,2
1486,1,1
1487,1,1
1488,1,1
1491,2,3
1492,1,1
1493,1,1
1494,1,1
1496,1,2
1497,1,1
1498,1,1
1499,1,1
1501,1,2
1502,1,1
1503,1,1
1505,1,2
1506,1,1
1507,1,1
1509,1,2
1511,1,2
1513,1,2
1514,1,1
1515,1,1
1517,1,2
1518,1,1
1519,1,1
1521,1,2
1523,1,2
1525,1,2
1527,1,2
1529,1,2
1530,1,1
1532,1,2
1534,1,2
1536,1,2
1538,1,2
1540,1,2
1542,1,2
1544,1,2
1545,1,1
1547,1,2
1549,1,2
1551,1,2
1553,1,2
1555,1,2
1556,0,1
1558,1,2
1560,1,2
1562,1,2
1564,1,2
1566,1,2
1568,1,2
1569,1,1
1570,1,1
1573,2,3
1573,1,0
1575,2,2
1576,1,1
1577,1,1
1578,1,1
1580,1,2
1581,1,1
1583,1,2
1584,1,1
1586,1,2
1587,1,1
1589,1,2
1590,1,1
1591,1,1
1593,1,2
1594,1,1
1595,1,1
1597,1,2
1598,1,1
1600,1,2
1601,1,1
1602,1,1
1604,1,2
1605,1,1
1606,0,1
1608,1,2
1609,1,1
1610,0,1
1612,1,2
1613,1,1
1615,1,2
1616,1,1
1617,1,1
1619,1,2
1620,1,1
1621,1,1
1623,1,2
1624,1,1
1626,1,2
1627,1,1
1628,1,1
1630,1,2
1631,1,1
1632,1,1
1634,1,2
1635,1,1
1636,1,1
1638,1,2
1639,1,1
1640,0,1
1642,1,2
1643,1,1
1645,1,2
1646,1,1
1647,1,1
1649,1,2
1650,1,1
1651,0,1
1653,1,2
1654,1,1
1655,0,1
1657,1,2
1658,1,1
1660,1,2
1661,1,1
1663,2,2
1664,1,1
1665,1,1
1667,1,2
1668,1,1
1669,1,1
1671,1,2
1672,1,1
1674,1,2
1675,1,1
1676,1,1
1678,1,2
1679,1,1
1681,1,2
1682,1,1
1683,1,1
1685,1,2
1686,1,1
1687,1,1
1689,1,2
1690,1,1
1691,1,1
1693,1,2
1694,1,1
1696,2,2
1697,1,1
1701,4,4
1702,3,1
1702,2,0
1703,1,1
1704,1,1
1705,1,1
1707,1,2
1708,1,1
1709,1,1
1710,1,1
1712,1,2
1713,1,1
1714,1,1
1716,1,2
1717,1,1
1718,1,1
1719,1,1
1721,1,2
1722,1,1
1723,1,1
1725,2,2
1726,1,1
1727,1,1
1728,1,1
1730,1,2
1731,1,1
1732,1,1
1734,2,2
1735,1,1
1736,1,1
1738,1,2
1739,1,1
1740,1,1
1742,1,2
1743,1,1
1745,1,2
1746,1,1
1749,3,3
1749,1,0
1750,1,1
1751,1,1
1753,1,2
1754,1,1
1757,3,3
1757,1,0
1758,1,1
1759,1,1
1761,1,2
1762,1,1
1767,5,5
1767,3,0
1768,3,1
1768,1,0
1769,1,1
1771,1,2
1772,1,1
1773,1,1
1774,0,1
1776,1,2
1777,1,1
1778,1,1
1779,0,1
1781,1,2
1782,1,1
1783,1,1
1784,0,1
1786,1,2
1787,1,1
1788,1,1
1790,1,2
1791,1,1
1792,1,1
1793,1,1
1795,1,2
1796,1,1
1797,1,1
1799,1,2
1800,1,1
1802,1,2
1803,1,1
1804,1,1
1805,1,1
1807,1,2
1808,1,1
1809,1,1
1811,1,2
1812,1,1
1814,2,2
1815,1,1
1816,1,1
1818,1,2
1819,1,1
1820,1,1
1822,1,2
1823,1,1
1824,0,1
1826,1,2
1827,1,1
1829,1,2
1830,1,1
1831,1,1
1832,0,1
1834,1,2
1835,1,1
1837,1,2
1838,1,1
1840,1,2
1841,1,1
1845,4,4
1846,3,1
1846,2,0
1846,1,0
1848,1,2
1849,1,1
1850,1,1
1851,1,1
1853,1,2
1854,1,1
1856,2,2
1857,1,1
1858,1,1
1860,1,2
1862,2,2
1862,1,0
1864,1,2
1866,2,2
1867,2,1
1868,1,1
1869,1,1
1870,1,1
1871,0,1
1873,1,2
1874,1,1
1876,1,2
1877,1,1
1878,0,1
1882,3,4
1884,2,2
1885,1,1
1886,1,1
1888,1,2
1889,1,1
1890,1,1
1891,1,1
1893,1,2
1895,2,2
1896,2,1
1899,3,3
1899,2,0
1899,1,0
1901,1,2
1903,2,2
1903,1,0
1906,2,3
1907,2,1
1908,2,1
1911,3,3
1912,1,1
1913,1,1
1915,2,2
1916,1,1
1918,2,2
1919,1,1
1920,1,1
1922,2,2
1923,1,1
1925,2,2
1926,1,1
1927,1,1
1929,1,2
1931,2,2
1932,1,1
1933,1,1
1935,2,2
1936,1,1
1937,1,1
1939,2,2
1940,1,1
1941,1,1
1943,2,2
1944,1,1
1945,1,1
1947,2,2
1948,1,1
1949,1,1
1951,2,2
1952,1,1
1954,2,2
1955,1,1
1956,1,1
1957,1,1
1959,1,2
1960,1,1
1961,1,1
1962,1,1
1964,1,2
1965,1,1
1966,1,1
1968,1,2
1969,1,1
1970,1,1
1972,1,2
1973,1,1
1975,2,2
1976,1,1
1977,1,1
1979,2,2
1980,1,1
1981,1,1
1983,2,2
1984,1,1
1985,1,1
1986,1,1
1988,1,2
1989,1,1
1991,2,2
1992,1,1
1993,1,1
1995,2,2
1996,1,1
1997,1,1
1998,1,1
2001,2,3
2001,1,0
2003,2,2
2004,1,1
2005,1,1
2006,1,1
2007,0,1
2009,1,2
2010,1,1
2011,0,1
2013,1,2
2014,1,1
2015,1,1
2017,1,2
2018,1,1
2020,2,2
2021,1,1
2023,2,2
2024,2,1
2025,1,1
2026,1,1
2028,2,2
2029,1,1
2030,1,1
2032,2,2
2033,1,1
2034,1,1
2036,2,2
2037,1,1
2038,1,1
2039,1,1
2041,1,2
2042,1,1
2044,2,2
2045,1,1
2046,1,1
2049,1,3
2051,2,2
2052,1,1
2054,2,2
2054,1,0
2056,1,2
2057,1,1
2058,1,1
2060,2,2
2061,1,1
2062,1,1
2063,1,1
2065,1,2
2066,1,1
2067,1,1
2069,1,2
2070,1,1
2071,1,1
2073,1,2
2074,1,1
2076,2,2
2077,1,1
2078,1,1
2079,1,1
2081,1,2
2082,1,1
2084,2,2
2085,1,1
2086,1,1
2088,2,2
2089,1,1
2090,1,1
2091,1,1
2093,1,2
2094,1,1
2095,1,1
2097,1,2
2098,1,1
2101,3,3
2101,1,0
2102,1,1
2103,1,1
2104,1,1
2106,1,2
2107,1,1
2109,2,2
2110,1,1
2111,1,1
2113,2,2
2114,1,1
2115,1,1
2116,1,1
2118,1,2
2123,5,5
2123,3,0
2124,3,1
2124,2,0
2125,2,1
2126,1,1
2127,1,1
2129,2,2
2130,1,1
2131,1,1
2132,1,1
2134,1,2
2135,1,1
2136,1,1
2138,1,2
2139,1,1
2140,1,1
2141,1,1
2143,1,2
2144,1,1
2145,1,1
2146,1,1
2148,1,2
2149,1,1
2151,1,2
2152,1,1
2154,2,2
2155,1,1
2156,1,1
2157,1,1
2159,1,2
2160,1,1
2161,1,1
2163,2,2
2164,1,1
2165,1,1
2166,1,1
2168,1,2
2169,1,1
2171,2,2
2172,1,1
2173,1,1
2175,2,2
2176,1,1
2178,2,2
2179,1,1
2180,1,1
2182,1,2
2183,1,1
2184,1,1
2186,1,2
2187,1,1
2188,1,1
2190,2,2
2191,1,1
2192,1,1
2193,0,1
2195,1,2
2196,1,1
2198,2,2
2199,1,1
2200,1,1
2202,1,2
2203,1,1
2204,1,1
2206,1,2
2207,1,1
2208,1,1
2210,2,2
2211,1,1
2212,1,1
2213,1,1
2214,1,1
2216,1,2
2218,2,2
2218,1,0
2221,2,3
2222,2,1
2222,1,0
2223,1,1
2225,1,2
2226,1,1
2227,1,1
2229,1,2
2230,1,1
2231,1,1
2233,1,2
2234,1,1
2235,1,1
2237,1,2
2238,1,1
2239,1,1
2240,1,1
2242,1,2
2243,1,1
2244,1,1
2245,1,1
2247,1,2
2248,1,1
2250,2,2
2251,1,1
2252,1,1
2253,1,1
2255,1,2
2256,1,1
2257,1,1
2259,1,2
2260,1,1
2261,1,1
2263,1,2
2264,1,1
2265,1,1
2267,1,2
2268,1,1
2270,2,2
2271,2,1
2272,1,1
2274,2,2
2275,1,1
2276,1,1
2278,2,2
2279,1,1
2280,1,1
2281,1,1
2283,1,2
2284,1,1
2285,1,1
2286,1,1
2288,1,2
2289,1,1
2290,1,1
2292,1,2
2293,1,1
2294,1,1
2296,1,2
2298,2,2
2299,1,1
2300,1,1
2302,2,2
2303,1,1
2304,1,1
2306,2,2
2307,1,1
2308,1,1
2310,2,2
2311,1,1
2312,1,1
2313,1,1
2315,1,2
2316,1,1
2317,1,1
2319,1,2
2320,1,1
2321,1,1
2323,2,2
2324,1,1
2325,1,1
2327,2,2
2328,1,1
2329,1,1
2330,1,1
2332,1,2
2333,1,1
2334,1,1
2336,2,2
2337,1,1
2338,1,1
2340,2,2
2341,1,1
2342,1,1
2343,1,1
2344,1,1
2346,1,2
2347,1,1
2348,1,1
2350,1,2
2351,1,1
2352,1,1
2353,0,1
2355,1,2
2356,1,1
2358,1,2
2359,1,1
2360,1,1
2361,0,1
2363,1,2
2364,1,1
2366,2,2
2368,2,2
2369,2,1
2370,1,1
2371,1,1
2372,1,1
2373,1,1
2375,1,2
2376,1,1
2377,1,1
2379,1,2
2380,1,1
2381,1,1
2383,1,2
2384,1,1
2386,2,2
2387,1,1
2389,1,2
2390,0,1
2393,2,3
2395,2,2
2396,1,1
2398,1,2
2400,1,2
2402,1,2
2403,0,1
2405,1,2
2408,2,3
2409,1,1
2410,1,1
2412,1,2
2413,1,1
2415,2,2
2416,1,1
2417,1,1
2418,1,1
2419,0,1
2420,0,1
2421,0,1
2423,1,2
2424,1,1
2425,0,1
2426,0,1
2427,0,1
2429,1,2
2430,1,1
2431,1,1
2432,0,1
2433,0,1
2434,0,1
2436,1,2
2437,1,1
2438,1,1
2439,0,1
2440,0,1
2441,0,1
2443,1,2
2444,1,1
2445,1,1
2446,0,1
2447,0,1
2448,0,1
2449,0,1
2451,1,2
2452,1,1
2453,1,1
2454,0,1
2456,0,2
2457,0,1
2459,1,2
2460,1,1
2461,1,1
2462,1,1
2464,2,2
2465,1,1
2471,5,6
2472,2,1
2473,1,1
2474,1,1
2476,1,2
2478,2,2
2479,1,1
2481,1,2
2482,1,1
2484,2,2
2485,1,1
2486,1,1
2487,1,1
2489,1,2
2490,1,1
2492,1,2
2493,1,1
2495,1,2
2496,1,1
2498,1,2
2500,1,2
2508,8,8
2508,6,0
2508,5,0
2509,5,1
2512,7,3
2512,5,0
2513,5,1
2513,4,0
2513,2,0
2513,1,0
2514,1,1
2523,8,9
2523,7,0
2523,6,0
2523,4,0
2523,3,0
2523,2,0
2523,0,0
2524,0,1
2526,1,2
2527,1,1
2528,1,1
2529,0,1
2530,0,1
2532,1,2
2533,1,1
2534,1,1
2535,1,1
2536,0,1
2537,0,1
2538,0,1
2540,1,2
2541,1,1
2542,0,1
2543,0,1
2544,0,1
2546,1,2
2547,1,1
2548,1,1
2549,0,1
2550,0,1
2552,1,2
2553,1,1
2554,1,1
2555,0,1
2556,0,1
2557,0,1
2559,1,2
2560,1,1
2561,0,1
2562,0,1
2564,1,2
2565,1,1
2566,1,1
2568,1,2
2569,1,1
2570,1,1
2573,3,3
2573,2,0
2574,1,1
2575,1,1
2577,2,2
2578,2,1
2579,1,1
2580,1,1
2581,1,1
2583,2,2
2583,1,0
2585,1,2
2586,1,1
2587,1,1
2588,1,1
2590,1,2
2591,1,1
2592,1,1
2593,0,1
2595,1,2
2596,1,1
2598,1,2
2599,1,1
2600,1,1
2602,2,2
2603,1,1
2604,1,1
2605,1,1
2607,1,2
2608,1,1
2609,1,1
2611,1,2
2612,1,1
2613,1,1
2614,1,1
2616,1,2
2617,1,1
2618,1,1
2619,0,1
2621,1,2
2622,1,1
2626,4,4
2627,3,1
2627,2,0
2628,1,1
2629,1,1
2630,1,1
2632,2,2
2633,1,1
2635,2,2
2636,2,1
2637,1,1
2638,1,1
2640,2,2
2641,1,1
2642,1,1
2643,1,1
2645,2,2
2646,1,1
2647,1,1
2648,1,1
2650,1,2
2651,1,1
2652,1,1
2654,2,2
2655,1,1
2656,1,1
2657,1,1
2659,2,2
2660,1,1
2661,1,1
2662,1,1
2664,2,2
2665,1,1
2666,1,1
2667,1,1
2669,1,2
2670,1,1
2671,1,1
2673,1,2
2674,1,1
2675,1,1
2677,1,2
2678,1,1
2679,1,1
2680,1,1
2682,1,2
2683,1,1
2685,2,2
2686,1,1
2687,1,1
2688,1,1
2690,1,2
2692,2,2
2693,2,1
2695,2,2
2696,2,1
2697,1,1
2699,2,2
2699,1,0
2701,1,2
2702,1,1
2703,1,1
2704,1,1
2705,0,1
2706,0,1
2708,1,2
2709,1,1
2710,1,1
2711,0,1
2712,0,1
2713,0,1
2715,1,2
2716,1,1
2717,1,1
2718,0,1
2719,0,1
2720,0,1
2722,1,2
2723,1,1
2724,1,1
2725,0,1
2727,1,2
2728,1,1
2729,1,1
2730,0,1
2731,0,1
2732,0,1
2734,1,2
2735,1,1
2736,1,1
2737,0,1
2738,0,1
2740,1,2
2741,1,1
2743,2,2
2747,4,4
2747,3,0
2747,2,0
2748,1,1
2749,1,1
2750,1,1
2751,1,1
2752,0,1
2753,0,1
2754,0,1
2756,1,2
2757,1,1
2758,0,1
2759,0,1
2760,0,1
2762,1,2
2763,1,1
2764,1,1
2765,0,1
2766,0,1
2767,0,1
2769,1,2
2771,2,2
2771,1,0
2773,1,2
2774,1,1
2775,1,1
2776,1,1
2778,2,2
2778,0,0
2780,1,2
2781,1,1
2782,1,1
2783,1,1
2784,1,1
2785,1,1
2786,0,1
2787,0,1
2788,0,1
2791,2,3
2792,1,1
2793,1,1
2794,1,1
2796,1,2
2797,1,1
2798,1,1
2800,2,2
2801,1,1
2802,1,1
2803,1,1
2804,0,1
2805,0,1
2807,1,2
2808,1,1
2809,1,1
2810,0,1
2811,0,1
2812,0,1
2813,0,1
2815,1,2
2816,1,1
2817,0,1
2818,0,1
2819,0,1
2821,1,2
2822,1,1
2823,1,1
2824,0,1
2825,0,1
2827,1,2
2828,1,1
2829,1,1
2830,0,1
2831,0,1
2833,1,2
2834,1,1
2835,1,1
2836,0,1
2837,0,1
2838,0,1
2840,1,2
2841,1,1
2842,0,1
2843,0,1
2844,0,1
2846,1,2
2847,1,1
2848,0,1
2849,0,1
2850,0,1
2852,1,2
2853,1,1
2854,1,1
2855,0,1
2856,0,1
2858,1,2
2859,1,1
2860,1,1
2861,0,1
2863,1,2
2864,1,1
2865,1,1
2867,2,2
2868,1,1
2869,1,1
2870,1,1
2872,1,2
2873,1,1
2874,1,1
2875,1,1
2876,0,1
2878,1,2
2879,1,1
2881,2,2
2882,1,1
2883,1,1
2884,1,1
2886,1,2
2887,1,1
2888,1,1
2889,1,1
2891,1,2
2892,1,1
2893,1,1
2894,1,1
2896,1,2
2897,1,1
2899,2,2
2900,1,1
2901,1,1
2902,1,1
2904,2,2
2905,1,1
2906,1,1
2907,1,1
2909,1,2
2911,2,2
2912,1,1
2913,1,1
2914,1,1
2915,1,1
2917,1,2
2918,1,1
2919,1,1
2921,1,2
2923,2,2
2924,2,1
2925,1,1
2926,1,1
2928,1,2
2929,1,1
2931,2,2
2932,2,1
2933,1,1
2934,1,1
2935,1,1
2937,1,2
2938,1,1
2939,1,1
2941,1,2
2942,1,1
2943,1,1
2945,2,2
2946,1,1
2947,1,1
2948,0,1
2950,1,2
2951,1,1
2953,2,2
2954,1,1
2955,1,1
2956,1,1
2958,1,2
2959,1,1
2960,1,1
2961,1,1
2963,1,2
2964,1,1
2965,1,1
2967,1,2
2968,1,1
2969,1,1
2970,1,1
2972,1,2
2973,1,1
2974,1,1
2976,1,2
2977,1,1
2978,1,1
2980,2,2
2981,1,1
2982,1,1
2983,1,1
2985,1,2
2986,1,1
2987,1,1
2989,1,2
2990,1,1
2991,1,1
2993,1,2
2994,1,1
2995,1,1
2996,1,1
2998,1,2
2999,1,1
3000,1,1
3002,1,2
3003,1,1
3004,1,1
3005,1,1
3007,1,2
3008,1,1
3009,1,1
3011,1,2
3012,1,1
3013,1,1
3015,1,2
3016,1,1
3017,1,1
3018,0,1
3020,1,2
3021,1,1
3023,2,2
3024,1,1
3025,1,1
3026,1,1
3027,0,1
3029,1,2
3030,1,1
3031,1,1
3033,1,2
3034,1,1
3035,1,1
3036,1,1
3038,1,2
3039,1,1
3040,1,1
3042,1,2
3043,1,1
3044,1,1
3046,1,2
3047,1,1
3048,1,1
3050,1,2
3051,1,1
3052,1,1
3054,2,2
3055,1,1
3056,1,1
3057,1,1
3059,1,2
3060,1,1
3061,1,1
3063,1,2
3064,1,1
3065,1,1
3067,1,2
3068,1,1
3069,1,1
3070,0,1
3072,1,2
3073,1,1
3075,2,2
3076,1,1
3077,1,1
3078,1,1
3080,1,2
3081,1,1
3082,1,1
3084,1,2
3085,1,1
3086,1,1
3088,2,2
3089,1,1
3090,1,1
3091,1,1
3093,1,2
3094,1,1
3096,2,2
3097,1,1
3098,1,1
3099,1,1
3100,0,1
3102,1,2
3103,1,1
3105,1,2
3106,1,1
3107,1,1
3108,1,1
3110,1,2
3111,1,1
3112,1,1
3114,1,2
3115,1,1
3116,1,1
3118,1,2
3124,6,6
3124,5,0
3125,4,1
3126,4,1
3127,4,1
3127,2,0
3127,1,0
3128,1,1
3130,1,2
3131,1,1
3132,1,1
3133,1,1
3135,1,2
3136,1,1
3137,1,1
3139,1,2
3140,1,1
3141,1,1
3142,0,1
3144,1,2
3145,1,1
3147,1,2
3148,1,1
3149,1,1
3151,1,2
3152,1,1
3153,1,1
3154,1,1
3156,1,2
3157,1,1
3158,1,1
3160,1,2
3161,1,1
3162,1,1
3164,1,2
3165,1,1
3167,2,2
3167,1,0
3169,1,2
3170,1,1
3172,2,2
3173,1,1
3174,1,1
3175,1,1
3177,1,2
3178,1,1
3179,1,1
3181,1,2
3182,1,1
3183,1,1
3184,1,1
3187,2,3
3188,2,1
3188,1,0
3191,1,3
3192,1,1
3194,2,2
3195,1,1
3196,1,1
3197,1,1
3199,1,2
3200,1,1
3201,0,1
3203,1,2
3204,1,1
3205,0,1
3207,1,2
3208,1,1
3209,0,1
3211,1,2
3212,1,1
3213,0,1
3215,1,2
3216,1,1
3218,1,2
3219,1,1
3221,1,2
3222,1,1
3225,3,3
3226,1,1
3227,1,1
3228,1,1
3230,1,2
3231,1,1
3232,1,1
3234,1,2
3235,1,1
3236,1,1
3238,1,2
3239,1,1
3240,1,1
3241,1,1
3243,1,2
3244,1,1
3245,1,1
3247,2,2
3248,1,1
3249,1,1
3251,2,2
3252,1,1
3253,1,1
3254,1,1
3255,0,1
3257,1,2
3258,1,1
3259,0,1
3261,1,2
3262,1,1
3263,1,1
3265,1,2
3266,1,1
3267,1,1
3269,1,2
3270,1,1
3271,1,1
3272,0,1
3274,1,2
3275,1,1
3276,1,1
3278,1,2
3279,1,1
3281,2,2
3282,1,1
3283,1,1
3284,1,1
3286,2,2
3287,1,1
3288,1,1
3290,2,2
3291,1,1
3292,1,1
3293,1,1
3294,0,1
3296,1,2
3297,1,1
3299,2,2
3300,1,1
3301,1,1
3302,1,1
3304,1,2
3305,1,1
3306,1,1
3308,1,2
3309,1,1
3310,1,1
3311,1,1
3313,1,2
3314,1,1
3315,1,1
3317,1,2
3318,1,1
3319,1,1
3320,0,1
3322,1,2
3323,1,1
3324,1,1
3326,1,2
3327,1,1
3328,1,1
3330,1,2
3331,1,1
3332,1,1
3334,1,2
3335,1,1
3336,1,1
3338,1,2
3339,1,1
3340,1,1
3342,1,2
3343,1,1
3344,1,1
3346,1,2
3347,1,1
3348,1,1
3350,1,2
3351,1,1
3352,1,1
3353,0,1
3355,1,2
3356,1,1
3358,1,2
3359,1,1
3360,1,1
3361,1,1
3363,1,2
3364,1,1
3365,1,1
3366,0,1
3368,1,2
3369,1,1
3371,1,2
3372,1,1
3373,1,1
3375,2,2
3376,1,1
3377,1,1
3379,2,2
3380,1,1
3381,1,1
3382,1,1
3383,1,1
3385,1,2
3386,1,1
3387,1,1
3389,1,2
3390,1,1
3391,1,1
3392,0,1
3394,1,2
3395,1,1
3396,1,1
3398,1,2
3399,1,1
3400,1,1
3402,1,2
3403,1,1
3404,1,1
3405,0,1
3407,1,2
3408,1,1
3410,2,2
3411,1,1
3412,1,1
3413,1,1
3415,1,2
3417,2,2
3419,1,2
3420,1,1
3421,1,1
3423,1,2
3424,1,1
3425,1,1
3427,2,2
3428,1,1
3429,1,1
3430,1,1
3432,1,2
3433,1,1
3434,1,1
3436,1,2
3437,1,1
3438,1,1
3439,0,1
3441,1,2
3442,1,1
3443,1,1
3445,1,2
3446,1,1
3450,4,4
3453,5,3
3453,4,0
3453,3,0
3453,1,0
3455,2,2
3456,1,1
3457,1,1
3459,2,2
3460,1,1
3461,1,1
3463,2,2
3466,3,3
3467,1,1
3468,1,1
3469,1,1
3470,0,1
3472,1,2
3473,1,1
3474,1,1
3476,1,2
3477,1,1
3478,1,1
3479,1,1
3481,1,2
3482,1,1
3483,1,1
3484,0,1
3486,1,2
3487,1,1
3489,2,2
3490,1,1
3491,1,1
3492,1,1
3493,0,1
3495,1,2
3496,1,1
3497,1,1
3498,0,1
3500,1,2
3501,1,1
3502,1,1
3503,1,1
3505,1,2
3506,1,1
3507,1,1
3508,1,1
3510,1,2
3512,1,2
3514,1,2
3515,1,1
3516,1,1
3518,1,2
3519,1,1
3520,1,1
3522,1,2
3523,1,1
3524,1,1
3526,1,2
3527,1,1
3528,1,1
3529,0,1
3531,1,2
3532,1,1
3534,1,2
3535,1,1
3536,1,1
3537,0,1
3539,1,2
3540,1,1
3541,0,1
3543,1,2
3544,1,1
3545,0,1
3547,1,2
3548,1,1
3549,1,1
3551,1,2
3552,1,1
3553,1,1
3555,1,2
3556,1,1
3557,1,1
3559,1,2
3560,1,1
3561,1,1
3563,1,2
3564,1,1
3565,1,1
3566,0,1
3568,1,2
3569,1,1
3571,1,2
3572,1,1
3573,1,1
3575,2,2
3576,1,1
3577,1,1
3579,1,2
3580,1,1
3581,1,1
3582,0,1
3584,1,2
3585,1,1
3587,1,2
3588,1,1
3589,1,1
3591,1,2
3592,1,1
3594,2,2
3595,1,1
3596,1,1
3597,1,1
3599,1,2
3600,1,1
3601,1,1
3602,0,1
3604,1,2
3606,2,2
3607,1,1
3608,1,1
3609,1,1
3610,1,1
3612,1,2
3613,1,1
3614,1,1
3616,1,2
3617,1,1
3618,1,1
3620,1,2
3621,1,1
3622,1,1
3624,1,2
3625,1,1
3626,1,1
3628,1,2
3629,1,1
3630,1,1
3631,0,1
3633,1,2
3634,1,1
3635,1,1
3637,1,2
3638,1,1
3640,1,2
3641,1,1
3642,1,1
3644,1,2
3645,1,1
3646,1,1
3647,1,1
3649,1,2
3650,1,1
3651,1,1
3653,1,2
3654,1,1
3655,1,1
3657,1,2
3658,1,1
3659,1,1
3661,1,2
3662,1,1
3663,1,1
3664,1,1
3666,1,2
3667,1,1
3668,1,1
3670,1,2
3671,1,1
3674,3,3
3676,2,2
3677,1,1
3678,1,1
3679,1,1
3681,1,2
3682,1,1
3684,2,2
3685,1,1
3686,1,1
3688,1,2
3689,1,1
3690,1,1
3691,1,1
3693,1,2
3694,1,1
3695,1,1
3696,0,1
3698,1,2
3699,1,1
3700,1,1
3702,1,2
3703,1,1
3704,1,1
3705,1,1
3707,1,2
3708,1,1
3709,1,1
3710,0,1
3712,1,2
3713,1,1
3715,1,2
3716,1,1
3717,1,1
3719,1,2
3720,1,1
3721,1,1
3723,2,2
3724,1,1
3725,1,1
3726,1,1
3728,1,2
3729,1,1
3730,1,1
3732,2,2
3733,1,1
3734,1,1
3737,1,3
3739,1,2
3741,1,2
3743,2,2
3744,1,1
3745,1,1
3746,1,1
3747,1,1
3749,1,2
3750,1,1
3751,1,1
3752,0,1
3754,1,2
3755,1,1
3756,0,1
3758,1,2
3759,1,1
3760,1,1
3766,5,6
3767,1,1
3769,1,2
3772,3,3
3773,2,1
3774,1,1
3776,1,2
3777,1,1
3780,2,3
3781,1,1
3783,2,2
3784,1,1
3785,1,1
3787,1,2
3789,1,2
3791,1,2
3792,1,1
3793,1,1
3795,2,2
3796,1,1
3797,1,1
3798,1,1
3799,1,1
3801,1,2
3802,1,1
3803,1,1
3805,1,2
3806,1,1
3807,1,1
3808,0,1
3810,1,2
3811,1,1
3812,1,1
3814,1,2
3815,1,1
3816,1,1
3818,1,2
3819,1,1
3820,1,1
3821,0,1
3823,1,2
3826,3,3
3827,2,1
3827,1,0
3828,1,1
3829,1,1
3834,1,5
3835,1,1
3837,1,2
3840,3,3
3841,3,1
3841,1,0
3842,1,1
3844,2,2
3845,2,1
3846,1,1
3847,1,1
3848,1,1
3851,2,3
3852,2,1
3852,1,0
3854,1,2
3855,1,1
3856,1,1
3857,1,1
3859,1,2
3860,1,1
3861,1,1
3863,1,2
3869,4,6
3871,1,2
3872,0,1
3874,1,2
3875,1,1
3877,1,2
3878,1,1
3879,1,1
3880,0,1
3882,1,2
3883,1,1
3884,1,1
3886,1,2
3887,1,1
3888,1,1
3890,1,2
3891,1,1
3892,1,1
3893,0,1
3895,1,2
3896,1,1
3897,0,1
3899,1,2
3900,1,1
3901,1,1
3903,1,2
3904,1,1
3905,1,1
3906,0,1
3908,1,2
3909,1,1
3910,1,1
3912,1,2
3913,1,1
3914,1,1
3915,0,1
3917,1,2
3918,1,1
3920,1,2
3921,1,1
3923,2,2
3924,1,1
3925,1,1
3926,1,1
3927,1,1
3929,1,2
3930,1,1
3931,1,1
3933,2,2
3934,1,1
3935,1,1
3936,0,1
3938,1,2
3939,1,1
3940,1,1
3942,1,2
3943,1,1
3944,1,1
3945,1,1
3947,1,2
3948,1,1
3949,1,1
3951,1,2
3952,1,1
3953,1,1
3954,1,1
3956,1,2
3957,1,1
3958,1,1
3960,2,2
3961,1,1
3962,1,1
3963,1,1
3965,1,2
3966,1,1
3968,2,2
3969,1,1
3970,1,1
3971,1,1
3973,2,2
3974,1,1
3975,1,1
3976,1,1
3978,2,2
3979,1,1
3980,1,1
3981,1,1
3983,1,2
3984,1,1
3985,1,1
3987,1,2
3988,1,1
3989,1,1
3990,1,1
3992,1,2
3993,1,1
3994,1,1
3996,1,2
3997,1,1
3998,1,1
4000,2,2
4001,1,1
4002,1,1
4003,1,1
4005,1,2
4006,1,1
4007,1,1
4009,1,2
4010,1,1
4011,1,1
4012,1,1
4014,1,2
4015,1,1
4016,1,1
4018,1,2
4019,1,1
4020,1,1
4022,1,2
4023,1,1
4024,1,1
4026,2,2
4027,1,1
4028,1,1
4029,1,1
4031,1,2
4032,1,1
4033,1,1
4035,1,2
4036,1,1
4037,1,1
4038,1,1
4040,1,2
4041,1,1
4042,1,1
4044,1,2
4045,1,1
4046,1,1
4048,1,2
4049,1,1
4050,1,1
4051,1,1
4053,1,2
4054,1,1
4055,1,1
4057,1,2
4058,1,1
4059,1,1
4061,1,2
4062,1,1
4064,2,2
4064,1,0
4066,1,2
4067,1,1
4069,2,2
4070,1,1
4071,1,1
4072,1,1
4074,1,2
4075,1,1
4076,1,1
4078,2,2
4079,1,1
4080,1,1
4082,2,2
4083,1,1
4084,1,1
4086,2,2
4087,1,1
4088,1,1
4089,1,1
4091,2,2
4092,1,1
4093,1,1
4095,2,2
4096,1,1
4097,1,1
4099,2,2
4100,1,1
4101,1,1
4102,1,1
4103,1,1
4105,1,2
4106,1,1
4107,1,1
4109,1,2
4110,1,1
4111,1,1
4113,2,2
4114,1,1
4115,1,1
4116,1,1
4118,1,2
4127,9,9
4127,8,0
4127,6,0
4127,4,0
4130,6,3
4131,6,1
4131,4,0
4131,3,0
4131,2,0
4132,1,1
4133,1,1
4135,2,2
4136,1,1
4137,1,1
4138,1,1
4140,2,2
4141,1,1
4142,1,1
4144,2,2
4145,1,1
4146,1,1
4147,1,1
4149,1,2
4150,1,1
4151,1,1
4153,2,2
4154,1,1
4155,1,1
4157,2,2
4158,1,1
4159,1,1
4160,1,1
4162,1,2
4163,1,1
4164,1,1
4166,1,2
4167,1,1
4168,1,1
4170,2,2
4171,1,1
4172,1,1
4174,2,2
4175,1,1
4176,1,1
4177,1,1
4179,1,2
4180,1,1
4181,1,1
4183,1,2
4184,1,1
4185,1,1
4187,1,2
4188,1,1
4189,1,1
4191,1,2
4192,1,1
4193,1,1
4195,1,2
4196,1,1
4197,1,1
4199,1,2
4200,1,1
4201,1,1
4202,1,1
4204,1,2
4205,1,1
4206,1,1
4208,1,2
4209,1,1
4210,1,1
4212,1,2
4213,1,1
4214,1,1
4216,1,2
4217,1,1
4218,1,1
4219,1,1
4221,1,2
4222,1,1
4223,1,1
4225,1,2
4226,1,1
4227,1,1
4229,1,2
4230,1,1
4231,1,1
4233,1,2
4235,2,2
4236,1,1
4237,1,1
4239,2,2
4240,1,1
4241,1,1
4242,1,1
4243,0,1
4245,1,2
4246,1,1
4247,1,1
4249,1,2
4250,1,1
4251,1,1
4253,1,2
4254,1,1
4255,1,1
4257,1,2
4258,1,1
4259,1,1
4261,1,2
4262,1,1
4263,1,1
4264,0,1
4266,1,2
4267,1,1
4269,2,2
4270,1,1
4271,1,1
4272,1,1
4274,1,2
4275,1,1
4277,2,2
4278,1,1
4280,2,2
4281,2,1
4282,1,1
4283,1,1
4285,2,2
4286,1,1
4287,1,1
4289,2,2
4290,1,1
4291,1,1
4292,1,1
4294,1,2
4295,1,1
4296,1,1
4298,2,2
4299,1,1
4300,1,1
4301,1,1
4303,2,2
4304,1,1
4305,1,1
4306,1,1
4308,2,2
4309,1,1
4310,1,1
4312,2,2
4313,1,1
4314,1,1
4315,1,1
4317,2,2
4318,1,1
4319,1,1
4320,1,1
4322,2,2
4323,1,1
4324,1,1
4325,1,1
4327,1,2
4328,1,1
4329,1,1
4331,2,2
4332,1,1
4333,1,1
4334,1,1
4336,1,2
4337,1,1
4338,1,1
4340,2,2
4341,1,1
4342,1,1
4343,1,1
4345,2,2
4346,1,1
4347,1,1
4348,1,1
4350,1,2
4351,1,1
4352,1,1
4353,0,1
4355,1,2
4356,1,1
4357,1,1
4359,1,2
4360,1,1
4361,1,1
4363,1,2
4364,1,1
4365,1,1
4366,0,1
4368,1,2
4369,1,1
4371,2,2
4372,1,1
4373,1,1
4374,1,1
4376,1,2
4377,1,1
4378,1,1
4379,0,1
4381,1,2
4382,1,1
4383,1,1
4385,1,2
4386,1,1
4387,1,1
4389,1,2
4390,1,1
4391,1,1
4393,1,2
4394,1,1
4395,1,1
4397,1,2
4398,1,1
4399,1,1
4401,1,2
4402,1,1
4403,1,1
4405,1,2
4406,1,1
4407,1,1
4409,1,2
4410,1,1
4411,1,1
4412,0,1
4414,1,2
4415,1,1
4417,2,2
4418,1,1
4419,1,1
4420,1,1
4422,1,2
4423,1,1
4424,1,1
4425,0,1
4427,1,2
4428,1,1
4429,1,1
4431,1,2
4432,1,1
4433,1,1
4435,1,2
4436,1,1
4437,1,1
4439,1,2
4440,1,1
4441,1,1
4443,1,2
4444,1,1
4445,1,1
4447,1,2
4448,1,1
4449,1,1
4450,1,1
4452,1,2
4453,1,1
4454,1,1
4456,1,2
4457,1,1
4458,1,1
4459,0,1
4461,1,2
4462,1,1
4463,1,1
4465,1,2
4466,1,1
4467,1,1
4469,1,2
4470,1,1
4471,1,1
4473,1,2
4474,1,1
4475,1,1
4477,1,2
4478,1,1
4479,1,1
4481,1,2
4482,1,1
4483,1,1
4484,1,1
4486,1,2
4487,1,1
4488,1,1
4490,2,2
4491,1,1
4492,1,1
4493,1,1
4495,1,2
4496,1,1
4497,1,1
4498,0,1
4500,1,2
4501,1,1
4502,1,1
4504,1,2
4505,1,1
4506,1,1
4508,1,2
4509,1,1
4510,1,1
4511,0,1
4513,1,2
4514,1,1
4515,1,1
4517,1,2
4518,1,1
4520,2,2
4521,1,1
4523,2,2
4524,2,1
4525,1,1
4526,1,1
4527,1,1
4529,1,2
4530,1,1
4531,1,1
4532,1,1
4534,1,2
4535,1,1
4537,2,2
4540,3,3
4540,2,0
4541,2,1
4543,2,2
4543,1,0
4545,2,2
4546,1,1
4548,2,2
4549,2,1
4551,2,2
4551,1,0
4552,1,1
4554,1,2
4555,1,1
4556,1,1
4558,1,2
4559,1,1
4560,1,1
4561,0,1
4563,1,2
4564,1,1
4565,0,1
4567,1,2
4568,1,1
4569,1,1
4570,0,1
4572,1,2
4573,1,1
4575,1,2
4576,1,1
4577,1,1
4578,1,1
4579,0,1
4581,1,2
4582,1,1
4583,1,1
4585,1,2
4586,1,1
4587,1,1
4588,0,1
4590,1,2
4591,1,1
4592,1,1
4594,1,2
4595,1,1
4596,1,1
4597,1,1
4599,1,2
4600,1,1
4601,1,1
4602,1,1
4603,0,1
4605,1,2
4606,1,1
4607,1,1
4608,0,1
4610,1,2
4611,1,1
4612,1,1
4614,1,2
4615,1,1
4616,1,1
4618,1,2
4619,1,1
4620,1,1
4622,1,2
4623,1,1
4625,1,2
4626,1,1
4627,1,1
4629,1,2
4630,1,1
4631,0,1
4633,1,2
4634,1,1
4635,0,1
4637,1,2
4638,1,1
4640,1,2
4641,1,1
4642,1,1
4644,1,2
4645,1,1
4646,0,1
4648,1,2
4649,1,1
4650,0,1
4652,1,2
4653,1,1
4654,0,1
4656,1,2
4657,1,1
4658,1,1
4660,1,2
4661,1,1
4662,1,1
4664,1,2
4665,1,1
4666,1,1
4668,1,2
4669,1,1
4670,1,1
4672,1,2
4673,1,1
4674,1,1
4675,0,1
4677,1,2
4678,1,1
4679,0,1
4681,1,2
4682,1,1
4683,0,1
4685,1,2
4686,1,1
4687,1,1
4689,1,2
4690,1,1
4691,1,1
4693,1,2
4694,1,1
4696,1,2
4697,1,1
4698,1,1
4700,1,2
4701,1,1
4702,0,1
4704,1,2
4705,1,1
4706,0,1
4708,1,2
4709,1,1
4710,1,1
4712,1,2
4713,1,1
4714,1,1
4715,0,1
4717,1,2
4718,1,1
4720,1,2
4721,1,1
4722,1,1
4723,0,1
4725,1,2
4726,1,1
4727,1,1
4729,1,2
4730,1,1
4731,1,1
4733,1,2
4734,1,1
4735,1,1
4736,0,1
4738,1,2
4739,1,1
4740,0,1
4742,1,2
4743,1,1
4744,0,1
4746,1,2
4747,1,1
4748,0,1
4750,1,2
4751,1,1
4752,0,1
4754,1,2
4755,1,1
4756,0,1
4758,1,2
4759,1,1
4761,1,2
4762,1,1
4763,1,1
4764,1,1
4766,1,2
4767,1,1
4768,1,1
4770,1,2
4771,1,1
4772,1,1
4773,1,1
4775,1,2
4776,1,1
4777,1,1
4779,1,2
4780,1,1
4781,1,1
4783,1,2
4784,1,1
4785,1,1
4786,1,1
4788,1,2
4789,1,1
4790,1,1
4792,1,2
4793,1,1
4794,1,1
4795,1,1
4797,1,2
4798,1,1
4799,1,1
4801,1,2
4802,1,1
4803,1,1
4805,1,2
4806,1,1
4807,1,1
4808,1,1
4810,1,2
4811,1,1
4812,1,1
4814,1,2
4815,1,1
4816,1,1
4818,1,2
4819,1,1
4820,1,1
4821,1,1
4823,1,2
4824,1,1
4825,1,1
4826,0,1
4828,1,2
4829,1,1
4830,1,1
4832,1,2
4833,1,1
4834,1,1
4836,1,2
4837,1,1
4838,1,1
4839,0,1
4841,1,2
4842,1,1
4843,1,1
4845,1,2
4846,1,1
4847,1,1
4849,1,2
4850,1,1
4851,1,1
4853,1,2
4854,1,1
4855,1,1
4856,1,1
4858,1,2
4859,1,1
4860,1,1
4862,1,2
4863,1,1
4864,1,1
4865,0,1
4867,1,2
4868,1,1
4869,1,1
4871,1,2
4872,1,1
4873,1,1
4875,1,2
4876,1,1
4877,1,1
4878,0,1
4881,2,3
4881,1,0
4882,1,1
4884,1,2
4885,1,1
4886,1,1
4888,1,2
4889,1,1
4890,1,1
4891,0,1
4893,1,2
4894,1,1
4895,1,1
4897,1,2
4898,1,1
4899,1,1
4901,1,2
4902,1,1
4903,1,1
4905,1,2
4906,1,1
4907,1,1
4909,2,2
4910,1,1
4911,1,1
4912,1,1
4914,1,2
4915,1,1
4917,2,2
4918,1,1
4919,1,1
4920,1,1
4922,1,2
4923,1,1
4924,1,1
4925,1,1
4927,1,2
4928,1,1
4929,1,1
4931,1,2
4932,1,1
4933,1,1
4935,1,2
4936,1,1
4937,1,1
4938,1,1
4940,1,2
4941,1,1
4942,1,1
4943,0,1
4945,1,2
4946,1,1
4947,1,1
4949,1,2
4950,1,1
4951,1,1
4953,1,2
4954,1,1
4956,1,2
4958,1,2
4959,1,1
4960,1,1
4961,1,1
4963,1,2
4964,1,1
4965,1,1
4967,1,2
4968,1,1
4969,1,1
4971,1,2
4972,1,1
4973,1,1
4974,1,1
4976,1,2
4977,1,1
4978,1,1
4980,1,2
4981,1,1
4982,1,1
4983,1,1
4985,1,2
4986,1,1
4988,2,2
4989,1,1
4991,2,2
4992,1,1
4994,1,2
4996,1,2
4998,1,2
4999,1,1
5002,1,3
5003,1,1
5004,0,1
5006,1,2
5007,1,1
5008,1,1
5010,1,2
5011,1,1
5012,1,1
5013,0,1
5015,1,2
5016,1,1
5017,0,1
5019,1,2
5020,1,1
5021,1,1
5023,1,2
5024,1,1
5025,1,1
5026,0,1
5028,1,2
5029,1,1
5030,1,1
5032,1,2
5033,1,1
5034,1,1
5035,0,1
5037,1,2
5038,1,1
5039,0,1
5041,1,2
5042,1,1
5043,1,1
5045,1,2
5046,1,1
5047,1,1
5048,0,1
5050,1,2
5051,1,1
5052,0,1
5054,1,2
5055,1,1
5056,1,1
5058,1,2
5059,1,1
5060,1,1
5062,1,2
5063,1,1
5064,1,1
5065,0,1
5067,1,2
5068,1,1
5069,0,1
5071,1,2
5072,1,1
5073,1,1
5075,1,2
5076,1,1
5077,1,1
5078,0,1
5080,1,2
5081,1,1
5082,0,1
5084,1,2
5085,1,1
5086,1,1
5087,0,1
5089,1,2
5090,1,1
5091,0,1
5093,1,2
5094,1,1
5095,1,1
5097,1,2
5098,1,1
5099,1,1
5100,0,1
5102,1,2
5103,1,1
5105,1,2
5106,1,1
5107,1,1
5108,1,1
5110,1,2
5111,1,1
5112,1,1
5113,1,1
5115,1,2
5116,1,1
5117,1,1
5119,1,2
5120,1,1
5122,2,2
5123,1,1
5124,1,1
5125,1,1
5126,0,1
5128,1,2
5129,1,1
5130,1,1
5131,0,1
5133,1,2
5134,1,1
5135,1,1
5137,1,2
5138,1,1
5139,1,1
5141,1,2
5142,1,1
5143,1,1
5144,0,1
5146,1,2
5147,1,1
5148,0,1
5150,1,2
5151,1,1
5152,0,1
5154,1,2
5155,1,1
5156,1,1
5158,1,2
5159,1,1
5160,1,1
5162,1,2
5163,1,1
5164,1,1
5165,0,1
5167,1,2
5168,1,1
5169,0,1
5171,1,2
5172,1,1
5173,1,1
5175,1,2
5176,1,1
5177,1,1
5178,0,1
5180,1,2
5181,1,1
5182,1,1
5184,1,2
5185,1,1
5186,1,1
5188,1,2
5189,1,1
5190,1,1
5191,0,1
5193,1,2
5194,1,1
5195,1,1
5197,1,2
5198,1,1
5199,1,1
5201,1,2
5202,1,1
5203,1,1
5204,0,1
5206,1,2
5207,1,1
5208,0,1
5210,1,2
5211,1,1
5212,1,1
5214,1,2
5215,1,1
5216,1,1
5218,1,2
5219,1,1
5220,1,1
5222,1,2
5223,1,1
5224,1,1
5226,1,2
5227,1,1
5228,1,1
5229,1,1
5231,1,2
5232,1,1
5233,1,1
5235,1,2
5236,1,1
5237,1,1
5238,0,1
5240,1,2
5241,1,1
5242,1,1
5243,0,1
5245,1,2
5246,1,1
5247,0,1
5249,1,2
5250,1,1
5251,0,1
5253,1,2
5254,1,1
5255,1,1
5256,0,1
5258,1,2
5259,1,1
5260,0,1
5262,1,2
5263,1,1
5264,0,1
5266,1,2
5267,1,1
5268,0,1
5270,1,2
5271,1,1
5272,1,1
5274,1,2
5275,1,1
5276,1,1
5278,1,2
5279,1,1
5280,1,1
5281,0,1
5283,1,2
5284,1,1
5285,0,1
5287,1,2
5288,1,1
5289,0,1
5291,1,2
5292,1,1
5293,1,1
5294,0,1
5296,1,2
5297,1,1
5298,0,1
5300,1,2
5301,1,1
5302,0,1
5304,1,2
5305,1,1
5306,1,1
5308,1,2
5309,1,1
5310,1,1
5311,0,1
5313,1,2
5314,1,1
5315,0,1
5317,1,2
5318,1,1
5319,1,1
5321,1,2
5322,1,1
5323,1,1
5324,0,1
5326,1,2
5327,1,1
5328,0,1
5330,1,2
5331,1,1
5332,1,1
5334,1,2
5335,1,1
5336,1,1
5338,1,2
5339,1,1
5340,1,1
5341,0,1
5343,1,2
5344,1,1
5345,0,1
5347,1,2
5348,1,1
5349,0,1
5351,1,2
5352,1,1
5353,1,1
5355,1,2
5356,1,1
5357,1,1
5358,0,1
5360,1,2
5361,1,1
5362,0,1
5364,1,2
5365,1,1
5366,1,1
5367,0,1
5369,1,2
5370,1,1
5371,0,1
5373,1,2
5374,1,1
5375,0,1
5377,1,2
5378,1,1
5379,1,1
5380,0,1
5382,1,2
5383,1,1
5384,0,1
5386,1,2
5387,1,1
5388,0,1
5390,1,2
5391,1,1
5392,1,1
5394,1,2
5395,1,1
5396,1,1
5398,1,2
5399,1,1
5400,1,1
5402,1,2
5403,1,1
5404,1,1
5405,0,1
5407,1,2
5408,1,1
5409,0,1
5411,1,2
5412,1,1
5413,1,1
5415,1,2
5416,1,1
5417,1,1
5418,0,1
5420,1,2
5421,1,1
5422,1,1
5423,0,1
5425,1,2
5426,1,1
5427,1,1
5429,1,2
5430,1,1
5431,1,1
5433,1,2
5434,1,1
5435,1,1
5436,0,1
5438,1,2
5439,1,1
5440,0,1
5442,1,2
5443,1,1
5444,1,1
5445,0,1
5447,1,2
5448,1,1
5450,1,2
5451,1,1
5452,1,1
5453,0,1
5455,1,2
5456,1,1
5457,1,1
5459,1,2
5460,1,1
5461,1,1
5463,1,2
5464,1,1
5465,1,1
5467,1,2
5468,1,1
5469,1,1
5470,1,1
5472,1,2
5473,1,1
5474,1,1
5475,0,1
5477,1,2
5478,1,1
5479,1,1
5480,0,1
5482,1,2
5483,1,1
5484,1,1
5486,1,2
5487,1,1
5488,1,1
5489,0,1
5491,1,2
5492,1,1
5493,1,1
5495,1,2
5496,1,1
5497,1,1
5498,0,1
5500,1,2
5501,1,1
5502,1,1
5503,0,1
5505,1,2
5506,1,1
5507,1,1
5508,0,1
5510,1,2
5511,1,1
5513,1,2
5514,1,1
5515,1,1
5516,0,1
5518,1,2
5519,1,1
5520,0,1
5522,1,2
5523,1,1
5524,0,1
5526,1,2
5527,1,1
5528,1,1
5530,1,2
5531,1,1
5532,1,1
5534,1,2
5535,1,1
5536,1,1
5538,1,2
5539,1,1
5540,1,1
5541,0,1
5543,1,2
5544,1,1
5545,1,1
5547,1,2
5548,1,1
5549,1,1
5551,1,2
5552,1,1
5553,1,1
5554,1,1
5556,1,2
5557,1,1
5558,1,1
5559,0,1
5561,1,2
5562,1,1
5563,1,1
5565,1,2
5566,1,1
5567,1,1
5568,0,1
5570,1,2
5571,1,1
5572,0,1
5574,1,2
5575,1,1
5576,1,1
5578,1,2
5579,1,1
5580,1,1
5582,1,2
5583,1,1
5585,2,2
5586,1,1
5587,1,1
5588,1,1
5589,1,1
5591,1,2
5592,1,1
5593,1,1
5594,0,1
5596,1,2
5597,1,1
5598,0,1
5600,1,2
5601,1,1
5602,0,1
5604,1,2
5605,1,1
5606,1,1
5607,0,1
5609,1,2
5610,1,1
5611,0,1
5613,1,2
5614,1,1
5615,0,1
5617,1,2
5618,1,1
5619,1,1
5620,0,1
5622,1,2
5623,1,1
5624,0,1
5626,1,2
5627,1,1
5628,1,1
5630,1,2
5631,1,1
5632,1,1
5633,0,1
5635,1,2
5636,1,1
5637,1,1
5638,0,1
5640,1,2
5641,1,1
5642,0,1
5644,1,2
5645,1,1
5646,1,1
5648,1,2
5649,1,1
5650,1,1
5651,0,1
5653,1,2
5654,1,1
5655,0,1
5657,1,2
5658,1,1
5659,1,1
5661,1,2
5662,1,1
5663,1,1
5664,0,1
5666,1,2
5667,1,1
5668,1,1
5670,1,2
5671,1,1
5672,1,1
5674,1,2
5675,1,1
5676,1,1
5677,0,1
5679,1,2
5680,1,1
5682,1,2
5683,1,1
5684,1,1
5685,1,1
5687,1,2
5688,1,1
5689,1,1
5690,0,1
5692,1,2
5693,1,1
5694,0,1
5696,1,2
5697,1,1
5698,0,1
5700,1,2
5701,1,1
5702,1,1
5703,0,1
5705,1,2
5706,1,1
5707,1,1
5708,0,1
5710,1,2
5711,1,1
5712,0,1
5714,1,2
5715,1,1
5716,1,1
5717,0,1
5719,1,2
5720,1,1
5721,1,1
5723,1,2
5724,1,1
5725,1,1
5726,0,1
5728,1,2
5729,1,1
5730,1,1
5731,0,1
5733,1,2
5734,1,1
5735,1,1
5736,0,1
5738,1,2
5739,1,1
5740,0,1
5742,1,2
5743,1,1
5744,1,1
5746,1,2
5747,1,1
5748,1,1
5749,1,1
5751,1,2
5752,1,1
5754,2,2
5755,1,1
5756,1,1
5757,1,1
5758,0,1
5760,1,2
5761,1,1
5762,1,1
5763,0,1
5765,1,2
5766,1,1
5767,1,1
5768,0,1
5770,1,2
5771,1,1
5772,1,1
5774,1,2
5775,1,1
5776,1,1
5777,0,1
5779,1,2
5780,1,1
5781,1,1
5783,1,2
5784,1,1
5785,1,1
5786,0,1
5788,1,2
5789,1,1
5790,1,1
5792,1,2
5793,1,1
5794,1,1
5795,0,1
5797,1,2
5798,1,1
5799,0,1
5801,1,2
5802,1,1
5803,1,1
5805,1,2
5806,1,1
5807,1,1
5808,0,1
5810,1,2
5811,1,1
5812,0,1
5814,1,2
5815,1,1
5816,1,1
5818,1,2
5819,1,1
5820,1,1
5822,1,2
5823,1,1
5825,2,2
5826,1,1
5827,1,1
5828,1,1
5830,1,2
5831,1,1
5832,1,1
5833,0,1
5835,1,2
5837,2,2
5838,1,1
5839,1,1
5840,1,1
5841,1,1
5843,1,2
5844,1,1
5845,1,1
5847,1,2
5848,1,1
5849,1,1
5850,0,1
5852,1,2
5853,1,1
5854,1,1
5856,1,2
5857,1,1
5858,1,1
5859,0,1
5861,1,2
5862,1,1
5863,1,1
5865,1,2
5866,1,1
5867,1,1
5869,1,2
5870,1,1
5871,1,1
5872,0,1
5874,1,2
5875,1,1
5876,0,1
5878,1,2
5879,1,1
5880,0,1
5882,1,2
5883,1,1
5884,1,1
5886,1,2
5887,1,1
5888,1,1
5890,1,2
5891,1,1
5892,1,1
5894,1,2
5895,1,1
5896,1,1
5897,1,1
5899,1,2
5900,1,1
5901,1,1
5903,1,2
5904,1,1
5905,1,1
5906,1,1
5908,1,2
5909,1,1
5910,1,1
5911,0,1
5913,1,2
5914,1,1
5915,0,1
5917,1,2
5918,1,1
5919,0,1
5921,1,2
5922,1,1
5923,1,1
5925,1,2
5926,1,1
5927,1,1
5929,1,2
5930,1,1
5931,1,1
5932,0,1
5934,1,2
5935,1,1
5936,0,1
5938,1,2
5939,1,1
5941,1,2
5942,1,1
5943,1,1
5944,0,1
5946,1,2
5947,1,1
5948,0,1
5950,1,2
5951,1,1
5953,1,2
5954,1,1
5956,2,2
5957,1,1
5958,1,1
5959,1,1
5961,1,2
5962,1,1
5963,1,1
5965,1,2
5966,1,1
5967,1,1
5969,1,2
5970,1,1
5971,1,1
5973,1,2
5974,1,1
5975,1,1
5976,0,1
5978,1,2
5979,1,1
5980,0,1
5982,1,2
5983,1,1
5984,0,1
5986,1,2
5987,1,1
5989,1,2
5990,1,1
5991,1,1
5993,1,2
5995,1,2
5997,1,2
5999,1,2
6001,1,2
6003,1,2
6005,1,2
6006,0,1
6008,1,2
6010,1,2
6012,1,2
6014,1,2
6016,1,2
6018,1,2
6020,1,2
6022,1,2
6024,1,2
6026,1,2
6028,1,2
6030,1,2
6032,1,2
6033,0,1
6035,1,2
6036,1,1
6037,1,1
6039,1,2
6040,1,1
6041,1,1
6043,1,2
6044,1,1
6045,1,1
6047,1,2
6048,1,1
6049,1,1
6051,2,2
6051,0,0
6053,1,2
6054,1,1
6055,1,1
6057,1,2
6058,1,1
6059,1,1
6060,0,1
6062,1,2
6063,1,1
6064,1,1
6066,1,2
6067,1,1
6068,1,1
6070,1,2
6071,1,1
6072,1,1
6074,1,2
6075,1,1
6076,1,1
6077,1,1
6079,1,2
6080,1,1
6081,1,1
6083,1,2
6084,1,1
6085,1,1
6086,1,1
6088,1,2
6089,1,1
6090,1,1
6091,0,1
6093,1,2
6094,1,1
6095,1,1
6096,0,1
6098,1,2
6099,1,1
6100,0,1
6102,1,2
6103,1,1
6104,1,1
6106,1,2
6107,1,1
6108,1,1
6110,1,2
6111,1,1
6112,1,1
6113,0,1
6115,1,2
6116,1,1
6117,1,1
6119,1,2
6123,4,4
6124,4,1
6124,2,0
6124,1,0
6125,1,1
6126,1,1
6128,1,2
6129,1,1
6130,1,1
6132,1,2
6133,1,1
6135,1,2
6136,1,1
6137,1,1
6139,1,2
6140,1,1
6141,1,1
6142,1,1
6143,0,1
6145,1,2
6146,1,1
6148,1,2
6149,1,1
6150,1,1
6151,1,1
6152,0,1
6154,1,2
6155,1,1
6156,1,1
6158,1,2
6159,1,1
6160,1,1
6161,1,1
6162,0,1
6164,1,2
6165,1,1
6166,1,1
6167,0,1
6169,1,2
6170,1,1
6171,1,1
6172,1,1
6173,0,1
6175,1,2
6176,1,1
6177,1,1
6178,0,1
6179,0,1
6181,1,2
6182,1,1
6183,1,1
6185,1,2
6186,1,1
6187,1,1
6188,1,1
6190,1,2
6191,1,1
6192,1,1
6193,0,1
6195,1,2
6196,1,1
6197,0,1
6198,0,1
6200,1,2
6201,1,1
6202,0,1
6204,1,2
6205,1,1
6206,1,1
6208,1,2
6209,1,1
6210,1,1
6211,0,1
6213,1,2
6214,1,1
6215,1,1
6217,1,2
6218,1,1
6219,1,1
6221,1,2
6222,1,1
6223,1,1
6224,0,1
6226,1,2
6227,1,1
6229,1,2
6230,1,1
6231,1,1
6232,0,1
6234,1,2
6235,1,1
6236,1,1
6237,0,1
6239,1,2
6240,1,1
6241,0,1
6243,1,2
6244,1,1
6246,1,2
6247,1,1
6248,1,1
6250,2,2
6251,1,1
6252,1,1
6254,1,2
6255,1,1
6256,1,1
6257,1,1
6259,1,2
6260,1,1
6261,1,1
6262,1,1
6263,1,1
6265,1,2
6266,1,1
6267,1,1
6269,1,2
6270,1,1
6271,1,1
6272,1,1
6273,1,1
6275,1,2
6276,1,1
6277,1,1
6278,1,1
6279,0,1
6281,1,2
6282,1,1
6283,1,1
6285,1,2
6286,1,1
6287,1,1
6288,1,1
6289,1,1
6290,0,1
6292,1,2
6293,1,1
6294,1,1
6295,0,1
6297,1,2
6298,1,1
6299,1,1
6300,1,1
6301,0,1
6303,1,2
6304,1,1
6305,1,1
6306,0,1
6307,0,1
6309,1,2
6310,1,1
6311,1,1
6312,0,1
6314,1,2
6315,1,1
6316,1,1
6317,0,1
6319,1,2
6320,1,1
6321,1,1
6322,1,1
6323,0,1
6325,1,2
6326,1,1
6327,1,1
6328,0,1
6330,1,2
6331,1,1
6332,1,1
6333,1,1
6334,0,1
6336,1,2
6337,1,1
6338,1,1
6339,0,1
6341,1,2
6342,1,1
6343,1,1
6344,0,1
6346,1,2
6347,1,1
6348,1,1
6349,0,1
6351,1,2
6352,1,1
6353,1,1
6354,0,1
6356,1,2
6357,1,1
6358,1,1
6359,0,1
6361,1,2
6362,1,1
6363,1,1
6364,1,1
6366,1,2
6367,1,1
6368,1,1
6369,0,1
6371,1,2
6372,1,1
6373,1,1
6374,0,1
6376,1,2
6377,1,1
6378,1,1
6379,1,1
6380,0,1
6382,1,2
6383,1,1
6384,1,1
6386,1,2
6387,1,1
6388,1,1
6389,0,1
6391,1,2
6392,1,1
6393,1,1
6394,0,1
6396,1,2
6397,1,1
6398,1,1
6399,1,1
6400,0,1
6402,1,2
6403,1,1
6404,0,1
6406,1,2
6407,1,1
6408,1,1
6409,0,1
6411,1,2
6412,1,1
6413,1,1
6414,0,1
6416,1,2
6417,1,1
6418,1,1
6419,1,1
6421,1,2
6422,1,1
6423,1,1
6424,1,1
6426,1,2
6427,1,1
6428,1,1
6430,1,2
6431,1,1
6432,1,1
6433,1,1
6435,1,2
6436,1,1
6437,1,1
6438,1,1
6440,1,2
6441,1,1
6442,1,1
6443,1,1
6444,0,1
6446,1,2
6447,1,1
6448,1,1
6449,0,1
6451,1,2
6452,1,1
6453,1,1
6455,1,2
6456,1,1
6457,1,1
6458,1,1
6460,1,2
6461,1,1
6462,1,1
6463,1,1
6465,1,2
6466,1,1
6467,1,1
6468,0,1
6470,1,2
6471,1,1
6472,0,1
6474,1,2
6475,1,1
6476,1,1
6478,1,2
6479,1,1
6480,1,1
6481,0,1
6483,1,2
6484,1,1
6486,2,2
6487,1,1
6488,1,1
6489,1,1
6491,1,2
6492,1,1
6493,1,1
6494,1,1
6495,0,1
6497,1,2
6498,1,1
6499,1,1
6501,1,2
6502,1,1
6503,1,1
6505,1,2
6506,1,1
6507,1,1
6508,1,1
6510,1,2
6511,1,1
6512,1,1
6513,0,1
6515,1,2
6516,1,1
6517,1,1
6519,1,2
6520,1,1
6521,1,1
6523,1,2
6524,1,1
6525,1,1
6526,1,1
6527,0,1
6529,1,2
6530,1,1
6531,1,1
6532,0,1
6534,1,2
6535,1,1
6536,0,1
6538,1,2
6539,1,1
6540,0,1
6542,1,2
6543,1,1
6544,1,1
6546,1,2
6547,1,1
6548,1,1
6549,0,1
6551,1,2
6552,1,1
6553,0,1
6555,1,2
6556,1,1
6557,1,1
6559,1,2
6560,1,1
6561,1,1
6562,0,1
6564,1,2
6565,1,1
6566,1,1
6568,1,2
6569,1,1
6570,1,1
6571,0,1
6573,1,2
6574,1,1
6575,1,1
6577,1,2
6578,1,1
6579,1,1
6580,0,1
6582,1,2
6583,1,1
6584,0,1
6586,1,2
6587,1,1
6588,1,1
6590,1,2
6591,1,1
6592,1,1
6594,1,2
6595,1,1
6596,1,1
6597,0,1
6599,1,2
6600,1,1
6601,0,1
6603,1,2
6604,1,1
6605,1,1
6606,0,1
6608,1,2
6609,1,1
6610,1,1
6612,1,2
6613,1,1
6614,1,1
6615,0,1
6617,1,2
6618,1,1
6619,1,1
6621,1,2
6622,1,1
6623,1,1
6624,0,1
6626,1,2
6627,1,1
6628,0,1
6630,1,2
6631,1,1
6632,0,1
6634,1,2
6635,1,1
6636,1,1
6637,0,1
6639,1,2
6640,1,1
6641,0,1
6643,1,2
6644,1,1
6645,1,1
6647,1,2
6648,1,1
6649,1,1
6650,0,1
6652,1,2
6653,1,1
6654,1,1
6656,1,2
6658,1,2
6659,1,1
6660,1,1
6662,1,2
6663,1,1
6664,1,1
6666,1,2
6667,1,1
6668,1,1
6669,0,1
6671,1,2
6672,1,1
6673,1,1
6675,1,2
6676,1,1
6677,1,1
6679,1,2
6680,1,1
6681,1,1
6682,1,1
6683,0,1
6685,1,2
6686,1,1
6687,1,1
6689,1,2
6690,1,1
6691,1,1
6692,0,1
6694,1,2
6695,1,1
6696,1,1
6697,0,1
6699,1,2
6700,1,1
6701,1,1
6702,0,1
6704,1,2
6705,1,1
6706,1,1
6707,0,1
6709,1,2
6710,1,1
6711,1,1
6712,0,1
6714,1,2
6715,1,1
6716,1,1
6717,0,1
6719,1,2
6720,1,1
6721,1,1
6722,0,1
6724,1,2
6725,1,1
6726,1,1
6727,0,1
6729,1,2
6730,1,1
6731,1,1
6732,0,1
6734,1,2
6735,1,1
6736,1,1
6738,1,2
6739,1,1
6740,1,1
6742,1,2
6743,1,1
6744,1,1
6745,1,1
6747,1,2
6748,1,1
6749,1,1
6750,0,1
6752,1,2
6753,1,1
6754,0,1
6756,1,2
6757,1,1
6758,1,1
6759,0,1
6761,1,2
6762,1,1
6763,0,1
6765,1,2
6766,1,1
6767,1,1
6769,1,2
6770,1,1
6771,1,1
6772,0,1
6774,1,2
6775,1,1
6776,0,1
6778,1,2
6779,1,1
6780,0,1
6782,1,2
6783,1,1
6784,1,1
6786,1,2
6787,1,1
6788,1,1
6789,0,1
6791,1,2
6792,1,1
6793,0,1
6795,1,2
6796,1,1
6797,1,1
6798,0,1
6800,1,2
6801,1,1
6802,0,1
6804,1,2
6805,1,1
6806,1,1
6808,1,2
6809,1,1
6810,1,1
6811,0,1
6813,1,2
6814,1,1
6815,1,1
6816,0,1
6818,1,2
6819,1,1
6820,0,1
6822,1,2
6823,1,1
6824,1,1
6826,1,2
6827,1,1
6828,1,1
6830,1,2
6832,2,2
6832,1,0
6834,1,2
6836,1,2
6838,1,2
6840,1,2
6842,1,2
6844,1,2
6846,1,2
6848,1,2
6850,1,2
6852,1,2
6854,1,2
6856,1,2
6858,1,2
6860,1,2
6862,1,2
6864,1,2
6866,1,2
6868,1,2
6870,1,2
6872,1,2
6874,1,2
6876,1,2
6878,1,2
6880,1,2
6882,1,2
6884,1,2
6886,1,2
6888,1,2
6890,1,2
6892,1,2
6894,1,2
6896,1,2
6898,1,2
6900,1,2
6903,2,3
6907,3,4
6907,2,0
6913,6,6
6914,6,1
6914,4,0
6914,3,0
6914,1,0
6918,4,4
6918,2,0
6918,1,0
6919,1,1
6920,1,1
6922,1,2
6923,1,1
6924,1,1
6926,2,2
6927,1,1
6928,1,1
6929,1,1
6931,1,2
6932,1,1
6933,1,1
6934,1,1
6936,1,2
6937,1,1
6938,1,1
6940,2,2
6941,1,1
6942,1,1
6943,1,1
6944,0,1
6946,1,2
6947,1,1
6948,1,1
6950,1,2
6951,1,1
6952,1,1
6953,1,1
6954,1,1
6956,1,2
6957,1,1
6958,1,1
6959,1,1
6960,0,1
6962,1,2
6963,1,1
6964,1,1
6965,1,1
6967,1,2
6968,1,1
6969,1,1
6970,1,1
6972,1,2
6973,1,1
6974,1,1
6975,1,1
6976,0,1
6978,1,2
6979,1,1
6980,1,1
6983,2,3
6984,2,1
6985,2,1
6986,1,1
6987,1,1
6988,1,1
6989,0,1
6991,1,2
6992,1,1
6993,0,1
6995,1,2
6996,1,1
6997,1,1
6999,1,2
7000,1,1
7001,1,1
7002,0,1
7004,1,2
7005,1,1
7006,1,1
7008,1,2
7009,1,1
7010,1,1
7012,1,2
7013,1,1
7014,1,1
7015,1,1
7017,1,2
7018,1,1
7019,1,1
7021,1,2
7022,1,1
7023,1,1
7025,1,2
7026,1,1
7027,1,1
7028,0,1
7030,1,2
7031,1,1
7032,1,1
7034,1,2
7035,1,1
7036,1,1
7038,1,2
7039,1,1
7040,1,1
7041,0,1
7043,1,2
7044,1,1
7045,1,1
7047,1,2
7048,1,1
7049,1,1
7051,1,2
7052,1,1
7053,1,1
7054,1,1
7056,1,2
7057,1,1
7058,1,1
7060,1,2
7061,1,1
7062,1,1
7063,1,1
7065,1,2
7066,1,1
7067,1,1
7068,0,1
7071,2,3
7072,1,1
7073,1,1
7074,1,1
7076,2,2
7077,1,1
7078,1,1
7079,1,1
7081,1,2
7082,1,1
7083,1,1
7084,0,1
7086,1,2
7087,1,1
7088,1,1
7090,1,2
7091,1,1
7092,1,1
7094,1,2
7095,1,1
7096,1,1
7097,1,1
7099,1,2
7100,1,1
7101,1,1
7103,1,2
7104,1,1
7105,1,1
7106,1,1
7108,1,2
7109,1,1
7110,1,1
7112,2,2
7113,1,1
7114,1,1
7115,1,1
7117,1,2
7119,2,2
7123,3,4
7123,2,0
7126,4,3
7126,2,0
7126,1,0
7128,2,2
7129,1,1
7130,1,1
7131,1,1
7132,1,1
7134,1,2
7135,1,1
7136,1,1
7137,1,1
7139,1,2
7140,1,1
7141,1,1
7142,1,1
7144,1,2
7145,1,1
7146,1,1
7147,0,1
7149,1,2
7150,1,1
7151,1,1
7153,1,2
7154,1,1
7155,1,1
7156,0,1
7158,1,2
7159,1,1
7160,1,1
7162,1,2
7163,1,1
7164,1,1
7166,1,2
7167,1,1
7168,1,1
7169,1,1
7170,0,1
7172,1,2
7173,1,1
7174,1,1
7176,1,2
7177,1,1
7178,1,1
7179,0,1
7181,1,2
7182,1,1
7183,1,1
7185,1,2
7186,1,1
7187,1,1
7188,0,1
7190,1,2
7191,1,1
7192,1,1
7194,1,2
7195,1,1
7196,1,1
7198,1,2
7199,1,1
7200,1,1
7202,1,2
7203,1,1
7204,1,1
7205,1,1
7207,1,2
7208,1,1
7211,1,3
7213,1,2
7215,1,2
7217,1,2
7219,1,2
7221,1,2
7223,1,2
7225,1,2
7226,1,1
7228,2,2
7229,2,1
7230,1,1
7231,0,1
7233,1,2
7235,2,2
7236,1,1
7237,1,1
7239,1,2
7240,1,1
7241,1,1
7243,1,2
7244,1,1
7245,1,1
7247,1,2
7248,1,1
7249,1,1
7251,1,2
7252,1,1
7253,1,1
7255,1,2
7256,1,1
7257,1,1
7260,2,3
7260,1,0
7261,0,1
7263,1,2
7264,1,1
7265,1,1
7267,1,2
7268,1,1
7270,1,2
7271,1,1
7272,1,1
7274,1,2
7275,1,1
7276,1,1
7278,1,2
7279,1,1
7280,1,1
7282,1,2
7283,1,1
7284,1,1
7285,1,1
7286,0,1
7288,1,2
7289,1,1
7290,1,1
7292,1,2
7293,1,1
7294,1,1
7296,1,2
7297,1,1
7298,1,1
7300,1,2
7301,1,1
7302,1,1
7304,1,2
7305,1,1
7307,1,2
7308,1,1
7309,1,1
7311,1,2
7312,1,1
7313,1,1
7315,1,2
7316,1,1
7317,1,1
7319,1,2
7320,1,1
7322,1,2
7323,1,1
7324,0,1
7326,1,2
7327,1,1
7328,0,1
7330,1,2
7331,1,1
7332,0,1
7334,1,2
7335,1,1
7336,0,1
7338,1,2
7339,1,1
7340,1,1
7342,1,2
7343,1,1
7344,1,1
7346,1,2
7347,1,1
7348,1,1
7350,1,2
7351,1,1
7352,1,1
7353,0,1
7355,1,2
7356,1,1
7357,0,1
7359,1,2
7360,1,1
7361,1,1
7363,1,2
7364,1,1
7365,1,1
7366,0,1
7368,1,2
7369,1,1
7370,0,1
7372,1,2
7373,1,1
7374,1,1
7376,1,2
7377,1,1
7378,1,1
7379,0,1
7381,1,2
7382,1,1
7383,0,1
7385,1,2
7386,1,1
7387,1,1
7389,1,2
7390,1,1
7391,1,1
7392,0,1
7394,1,2
7395,1,1
7396,0,1
7398,1,2
7399,1,1
7401,1,2
7402,1,1
7403,0,1
7405,1,2
7406,1,1
7408,1,2
7409,1,1
7411,1,2
7412,1,1
7413,1,1
7415,1,2
7416,1,1
7418,1,2
7419,1,1
7420,0,1
7422,1,2
7423,1,1
7425,1,2
7426,1,1
7428,1,2
7429,1,1
7430,0,1
7432,1,2
7433,1,1
7434,1,1
7436,1,2
7437,1,1
7438,1,1
7439,0,1
7441,1,2
7442,1,1
7443,1,1
7444,0,1
7446,1,2
7447,1,1
7449,1,2
7450,1,1
7451,1,1
7452,0,1
7454,1,2
7460,6,6
7460,0,0
7462,1,2
7463,1,1
7464,1,1
7466,1,2
7467,1,1
7468,1,1
7469,1,1
7471,1,2
7472,1,1
7473,1,1
7474,1,1
7479,1,5
7480,1,1
7481,0,1
7484,2,3
7484,1,0
7485,1,1
7486,0,1
7487,0,1
7489,1,2
7490,1,1
7492,1,2
7493,1,1
7494,1,1
7495,1,1
7497,1,2
7498,1,1
7499,1,1
7502,2,3
7502,1,0
7505,1,3
7506,1,1
7507,1,1
7509,1,2
7510,1,1
7511,1,1
7513,1,2
7515,1,2
7517,1,2
7519,1,2
7520,1,1
7522,1,2
7523,1,1
7524,1,1
7525,1,1
7527,1,2
7528,1,1
7529,1,1
7530,1,1
7531,0,1
7533,1,2
7534,1,1
7535,1,1
7536,0,1
7538,1,2
7539,1,1
7540,0,1
7542,1,2
7543,1,1
7544,0,1
7545,0,1
7547,1,2
7548,1,1
7549,0,1
7551,1,2
7552,1,1
7554,1,2
7555,1,1
7556,1,1
7557,1,1
7558,0,1
7560,1,2
7561,1,1
7562,1,1
7563,0,1
7565,1,2
7566,1,1
7567,0,1
7569,1,2
7570,1,1
7571,1,1
7573,1,2
7574,1,1
7575,1,1
7577,1,2
7578,1,1
7579,1,1
7580,0,1
7581,0,1
7583,1,2
7584,1,1
7586,1,2
7587,1,1
7588,1,1
7590,1,2
7591,1,1
7592,1,1
7593,0,1
7595,1,2
7596,1,1
7597,1,1
7599,1,2
7600,1,1
7601,1,1
7602,0,1
7604,1,2
7605,1,1
7606,0,1
7608,1,2
7609,1,1
7610,1,1
7612,1,2
7613,1,1
7614,1,1
7615,0,1
7617,1,2
7618,1,1
7619,0,1
7621,1,2
7622,1,1
7623,1,1
7624,0,1
7626,1,2
7627,1,1
7628,0,1
7630,1,2
7631,1,1
7632,0,1
7634,1,2
7635,1,1
7636,0,1
7638,1,2
7639,1,1
7640,0,1
7642,1,2
7643,1,1
7644,1,1
7646,1,2
7647,1,1
7648,1,1
7650,1,2
7651,1,1
7652,1,1
7654,1,2
7655,1,1
7656,1,1
7658,1,2
7659,1,1
7660,1,1
7662,1,2
7663,1,1
7664,1,1
7666,1,2
7667,1,1
7668,1,1
7669,0,1
7671,1,2
7672,1,1
7673,0,1
7675,1,2
7676,1,1
7679,2,3
7679,1,0
7680,1,1
7681,0,1
7683,1,2
7684,1,1
7686,1,2
7687,1,1
7688,1,1
7689,0,1
7691,1,2
7692,1,1
7694,1,2
7695,1,1
7696,1,1
7697,1,1
7699,1,2
7700,1,1
7701,1,1
7703,1,2
7704,1,1
7705,1,1
7707,1,2
7708,1,1
7709,1,1
7711,1,2
7712,1,1
7713,1,1
7715,1,2
7716,1,1
7717,1,1
7718,0,1
7720,1,2
7721,1,1
7722,1,1
7724,1,2
7725,1,1
7726,1,1
7728,1,2
7729,1,1
7730,1,1
7731,0,1
7733,1,2
7734,1,1
7735,0,1
7737,1,2
7738,1,1
7739,0,1
7741,1,2
7742,1,1
7743,0,1
7745,1,2
7746,1,1
7747,1,1
7749,1,2
7750,1,1
7751,0,1
7753,1,2
7754,1,1
7755,1,1
7756,0,1
7758,1,2
7759,1,1
7760,0,1
7762,1,2
7763,1,1
7764,0,1
7766,1,2
7767,1,1
7768,1,1
7770,1,2
7771,1,1
7772,1,1
7773,0,1
7775,1,2
7776,1,1
7777,0,1
7779,1,2
7780,1,1
7781,0,1
7783,1,2
7784,1,1
7785,1,1
7786,0,1
7788,1,2
7789,1,1
7791,1,2
7792,1,1
7793,1,1
7795,1,2
7796,1,1
7797,1,1
7799,1,2
7800,1,1
7801,1,1
7802,0,1
7804,1,2
7805,1,1
7806,0,1
7808,1,2
7809,1,1
7810,0,1
7812,1,2
7813,1,1
7814,1,1
7816,1,2
7817,1,1
7818,1,1
7820,1,2
7821,1,1
7822,0,1
7824,1,2
7825,1,1
7826,0,1
7828,1,2
7829,1,1
7830,0,1
7832,1,2
7833,1,1
7834,0,1
7836,1,2
7837,1,1
7838,0,1
7840,1,2
7841,1,1
7842,0,1
7844,1,2
7845,1,1
7847,1,2
7848,1,1
7849,1,1
7850,0,1
7852,1,2
7853,1,1
7855,1,2
7856,1,1
7857,1,1
7859,1,2
7860,1,1
7861,1,1
7863,1,2
7864,1,1
7865,1,1
7867,1,2
7868,1,1
7869,1,1
7871,1,2
7872,1,1
7873,1,1
7874,0,1
7876,1,2
7877,1,1
7879,1,2
7880,1,1
7881,1,1
7883,1,2
7884,1,1
7885,1,1
7887,1,2
7888,1,1
7889,1,1
7891,1,2
7892,1,1
7893,1,1
7894,0,1
7896,1,2
7897,1,1
7898,0,1
7900,1,2
7901,1,1
7902,0,1
7904,1,2
7905,1,1
7906,0,1
7908,1,2
7909,1,1
7910,0,1
7912,1,2
7913,1,1
7914,0,1
7916,1,2
7917,1,1
7918,1,1
7920,1,2
7921,1,1
7922,1,1
7924,1,2
7925,1,1
7926,1,1
7928,1,2
7929,1,1
7930,1,1
7932,1,2
7933,1,1
7934,1,1
7936,1,2
7937,1,1
7938,1,1
7940,1,2
7941,1,1
7942,1,1
7943,0,1
7945,1,2
7946,1,1
7947,1,1
7949,1,2
7950,1,1
7951,1,1
7953,1,2
7954,1,1
7956,2,2
7957,1,1
7958,1,1
7959,1,1
7960,0,1
7962,1,2
7963,1,1
7964,1,1
7965,1,1
7966,0,1
7968,1,2
7969,1,1
7970,1,1
7971,0,1
7972,0,1
7974,1,2
7975,1,1
7976,1,1
7977,0,1
7979,1,2
7980,1,1
7981,1,1
7982,1,1
7984,1,2
7985,1,1
7986,1,1
7987,1,1
7988,0,1
7990,1,2
7991,1,1
7992,1,1
7993,0,1
7995,1,2
7996,1,1
7997,1,1
7998,1,1
7999,0,1
8001,1,2
8002,1,1
8003,1,1
8004,1,1
8005,0,1
8007,1,2
8008,1,1
8009,1,1
8011,1,2
8012,1,1
8013,1,1
8014,1,1
8015,0,1
8017,1,2
8018,1,1
8019,1,1
8020,1,1
8022,1,2
8023,1,1
8024,1,1
8025,1,1
8027,1,2
8028,1,1
8030,1,2
8031,1,1
8032,1,1
8033,1,1
8034,0,1
8036,1,2
8037,1,1
8038,1,1
8040,1,2
8041,1,1
8042,1,1
8044,1,2
8045,1,1
8046,1,1
8048,1,2
8049,1,1
8050,1,1
8052,1,2
8053,1,1
8054,1,1
8056,1,2
8057,1,1
8058,1,1
8060,1,2
8061,1,1
8062,1,1
8063,0,1
8065,1,2
8066,1,1
8067,1,1
8068,0,1
8070,1,2
8071,1,1
8072,1,1
8074,1,2
8075,1,1
8076,1,1
8078,1,2
8079,1,1
8080,1,1
8081,1,1
8083,1,2
8084,1,1
8085,1,1
8086,1,1
8088,1,2
8089,1,1
8090,1,1
8091,0,1
8093,1,2
8094,1,1
8095,1,1
8097,1,2
8098,1,1
8099,1,1
8101,1,2
8102,1,1
8103,1,1
8104,0,1
8106,1,2
8108,2,2
8109,1,1
8110,1,1
8112,1,2
8113,1,1
8114,1,1
8115,0,1
8117,1,2
8121,4,4
8122,3,1
8122,2,0
8123,1,1
8124,1,1
8125,1,1
8126,1,1
8128,1,2
8129,1,1
8130,1,1
8131,1,1
8133,1,2
8134,1,1
8135,1,1
8137,2,2
8138,1,1
8139,1,1
8140,1,1
8142,1,2
8143,1,1
8145,2,2
8146,1,1
8147,1,1
8148,1,1
8150,1,2
8151,1,1
8152,1,1
8153,1,1
8155,1,2
8156,1,1
8157,1,1
8158,1,1
8160,1,2
8161,1,1
8162,1,1
8163,1,1
8165,1,2
8166,1,1
8167,1,1
8168,0,1
8170,1,2
8171,1,1
8172,1,1
8173,0,1
8175,1,2
8176,1,1
8178,2,2
8179,1,1
8180,1,1
8181,1,1
8182,0,1
8184,1,2
8185,1,1
8186,1,1
8188,1,2
8189,1,1
8190,1,1
8191,0,1
8193,1,2
8194,1,1
8196,2,2
8197,1,1
8198,1,1
8200,2,2
8201,1,1
8202,1,1
8203,1,1
8204,1,1
8206,1,2
8207,1,1
8208,1,1
8209,1,1
8210,1,1
8211,0,1
8213,1,2
8214,1,1
8215,1,1
8216,0,1
8218,1,2
8219,1,1
8220,1,1
8222,1,2
8223,1,1
8224,1,1
8225,0,1
8226,0,1
8228,1,2
8229,1,1
8230,1,1
8231,0,1
8233,1,2
8234,1,1
8235,1,1
8237,1,2
8238,1,1
8239,1,1
8240,1,1
8241,0,1
8243,1,2
8244,1,1
8245,1,1
8246,1,1
8247,0,1
8249,1,2
8250,1,1
8251,1,1
8253,1,2
8254,1,1
8255,1,1
8256,1,1
8257,0,1
8259,1,2
8260,1,1
8261,1,1
8263,1,2
8264,1,1
8265,1,1
8266,1,1
8268,1,2
8269,1,1
8270,1,1
8271,1,1
8272,0,1
8274,1,2
8275,1,1
8276,1,1
8278,1,2
8279,1,1
8280,1,1
8281,1,1
8283,1,2
8284,1,1
8285,1,1
8286,1,1
8288,1,2
8289,1,1
8290,1,1
8292,1,2
8293,1,1
8294,1,1
8296,1,2
8297,1,1
8298,1,1
8299,0,1
8301,1,2
8302,1,1
8303,1,1
8305,1,2
8306,1,1
8307,1,1
8308,0,1
8310,1,2
8311,1,1
8312,1,1
8314,1,2
8315,1,1
8316,1,1
8318,1,2
8319,1,1
8320,1,1
8322,1,2
8323,1,1
8325,2,2
8326,1,1
8331,5,5
8331,4,0
8331,1,0
8333,1,2
8334,1,1
8335,1,1
8336,1,1
8338,1,2
8339,1,1
8340,1,1
8342,1,2
8343,1,1
8344,1,1
8345,1,1
8347,1,2
8348,1,1
8349,1,1
8350,1,1
8352,1,2
8353,1,1
8354,1,1
8355,1,1
8357,1,2
8358,1,1
8359,1,1
8361,2,2
8362,1,1
8363,1,1
8364,1,1
8366,1,2
8367,1,1
8369,2,2
8370,1,1
8371,1,1
8372,1,1
8374,1,2
8375,1,1
8376,1,1
8378,2,2
8379,1,1
8380,1,1
8381,1,1
8383,2,2
8384,1,1
8385,1,1
8386,1,1
8388,1,2
8389,1,1
8390,1,1
8391,1,1
8393,1,2
8394,1,1
8395,1,1
8397,2,2
8398,1,1
8399,1,1
8400,1,1
8402,2,2
8403,1,1
8404,1,1
8405,1,1
8407,1,2
8408,1,1
8409,1,1
8411,2,2
8412,1,1
8414,1,2
8415,1,1
8417,2,2
8418,2,1
8419,1,1
8420,1,1
8421,1,1
8423,1,2
8424,1,1
8425,1,1
8427,2,2
8428,1,1
8429,1,1
8430,1,1
8432,2,2
8433,1,1
8434,1,1
8435,1,1
8436,1,1
8438,1,2
8439,1,1
8440,1,1
8442,1,2
8443,1,1
8444,1,1
8445,1,1
8447,1,2
8448,1,1
8449,1,1
8451,1,2
8452,1,1
8453,1,1
8454,1,1
8456,1,2
8457,1,1
8458,1,1
8460,1,2
8461,1,1
8462,1,1
8463,0,1
8465,1,2
8466,1,1
8467,1,1
8469,1,2
8470,1,1
8471,1,1
8472,1,1
8474,1,2
8475,1,1
8476,1,1
8478,1,2
8479,1,1
8480,1,1
8481,0,1
8483,1,2
8484,1,1
8485,1,1
8487,1,2
8488,1,1
8489,1,1
8490,1,1
8492,1,2
8493,1,1
8494,1,1
8496,1,2
8497,1,1
8498,1,1
8499,1,1
8501,1,2
8502,1,1
8503,1,1
8505,1,2
8506,1,1
8507,1,1
8508,1,1
8510,1,2
8511,1,1
8512,1,1
8514,1,2
8515,1,1
8516,1,1
8517,1,1
8519,1,2
8520,1,1
8521,1,1
8523,2,2
8524,1,1
8526,1,2
8528,1,2
8529,0,1
8531,1,2
8533,1,2
8534,0,1
8536,1,2
8538,1,2
8540,1,2
8541,0,1
8543,1,2
8545,1,2
8546,0,1
8548,1,2
8550,1,2
8551,0,1
8553,0,2
8555,1,2
8557,1,2
8558,0,1
8560,1,2
8562,1,2
8563,0,1
8565,1,2
8567,1,2
8568,0,1
8570,1,2
8572,1,2
8574,1,2
8576,2,2
8577,1,1
8578,1,1
8579,1,1
8580,0,1
8582,1,2
8583,1,1
8585,2,2
8586,1,1
8587,1,1
8588,1,1
8590,1,2
8591,1,1
8592,0,1
8594,1,2
8595,1,1
8596,1,1
8597,0,1
8599,1,2
8600,1,1
8601,1,1
8602,0,1
8604,1,2
8605,1,1
8606,1,1
8607,0,1
8608,0,1
8610,1,2
8611,1,1
8612,0,1
8613,0,1
8615,1,2
8616,1,1
8617,0,1
8618,0,1
8620,1,2
8621,1,1
8622,1,1
8623,0,1
8625,1,2
8626,1,1
8627,1,1
8628,0,1
8630,1,2
8631,1,1
8632,1,1
8633,1,1
8635,1,2
8636,1,1
8637,1,1
8639,1,2
8640,1,1
8642,2,2
8643,1,1
8644,1,1
8645,1,1
8646,1,1
8647,0,1
8649,1,2
8650,1,1
8651,1,1
8652,0,1
8654,1,2
8655,1,1
8656,0,1
8658,1,2
8659,1,1
8660,1,1
8661,0,1
8663,1,2
8664,1,1
8665,1,1
8666,0,1
8668,1,2
8669,1,1
8671,1,2
8672,1,1
8673,1,1
8675,1,2
8676,1,1
8677,1,1
8679,1,2
8680,1,1
8681,1,1
8682,0,1
8684,1,2
8685,1,1
8686,0,1
8688,1,2
8689,1,1
8690,1,1
8691,0,1
8693,1,2
8694,1,1
8696,1,2
8697,1,1
8698,1,1
8699,0,1
8701,1,2
8702,1,1
8703,0,1
8705,1,2
8706,1,1
8707,1,1
8709,1,2
8710,1,1
8711,1,1
8712,0,1
8714,1,2
8715,1,1
8717,1,2
8718,1,1
8719,1,1
8721,1,2
8722,1,1
8723,1,1
8725,1,2
8726,1,1
8727,1,1
8728,0,1
8730,1,2
8731,1,1
8732,0,1
8734,1,2
8735,1,1
8736,1,1
8737,0,1
8739,1,2
8740,1,1
8741,1,1
8742,0,1
8743,0,1
8745,1,2
8746,1,1
8747,0,1
8750,1,3
8751,1,1
8752,1,1
8753,0,1
8755,1,2
8756,1,1
8757,1,1
8758,1,1
8759,0,1
8761,1,2
8762,1,1
8763,1,1
8764,1,1
8765,0,1
8767,1,2
8768,1,1
8769,1,1
8770,1,1
8771,0,1
8772,0,1
8774,1,2
8775,1,1
8776,1,1
8777,0,1
8778,0,1
8780,1,2
8781,1,1
8782,1,1
8783,0,1
8784,0,1
8786,1,2
8787,1,1
8788,1,1
8789,0,1
8791,1,2
8792,1,1
8793,1,1
8794,0,1
8795,0,1
8797,1,2
8798,1,1
8799,1,1
8800,0,1
8801,0,1
8803,1,2
8804,1,1
8805,1,1
8807,1,2
8808,1,1
8809,1,1
8810,1,1
8811,0,1
8813,1,2
8814,1,1
8815,1,1
8816,1,1
8817,0,1
8818,0,1
8820,1,2
8821,1,1
8822,1,1
8823,0,1
8824,0,1
8826,1,2
8827,1,1
8829,2,2
8830,1,1
8831,1,1
8832,1,1
8833,1,1
8835,1,2
8836,1,1
8837,1,1
8838,1,1
8840,1,2
8841,1,1
8842,1,1
8844,2,2
8844,0,0
8846,1,2
8847,1,1
8848,1,1
8849,0,1
8858,8,9
8858,7,0
8858,6,0
8858,4,0
8858,3,0
8858,2,0
8858,1,0
8861,2,3
8861,1,0
8863,2,2
8863,1,0
8864,0,1
8866,1,2
8867,1,1
8868,1,1
8869,0,1
8871,1,2
8872,1,1
8873,1,1
8874,1,1
8875,0,1
8876,0,1
8878,1,2
8879,1,1
8880,1,1
8882,1,2
8883,1,1
8884,1,1
8885,1,1
8886,0,1
8888,1,2
8889,1,1
8890,1,1
8891,1,1
8892,0,1
8893,0,1
8895,1,2
8896,1,1
8897,1,1
8898,0,1
8899,0,1
8901,1,2
8902,1,1
8903,1,1
8904,0,1
8906,1,2
8907,1,1
8908,1,1
8909,0,1
8910,0,1
8912,1,2
8913,1,1
8914,1,1
8916,1,2
8917,1,1
8919,2,2
8920,1,1
8921,1,1
8922,1,1
8924,2,2
8925,1,1
8926,1,1
8928,1,2
8929,1,1
8930,1,1
8932,1,2
8933,1,1
8934,1,1
8936,1,2
8937,1,1
8938,1,1
8939,1,1
8941,1,2
8942,1,1
8943,1,1
8945,2,2
8946,1,1
8947,1,1
8948,1,1
8950,1,2
8951,1,1
8954,3,3
8954,1,0
8955,1,1
8957,1,2
8958,1,1
8959,1,1
8960,1,1
8961,0,1
8963,1,2
8964,1,1
8965,1,1
8967,1,2
8968,1,1
8969,1,1
8970,0,1
8972,1,2
8973,1,1
8974,1,1
8976,1,2
8977,1,1
8978,1,1
8980,1,2
8981,1,1
8982,1,1
8987,5,5
8987,3,0
8987,2,0
8987,1,0
8989,1,2
8990,1,1
8991,1,1
8992,1,1
8993,0,1
8995,1,2
8996,1,1
8997,1,1
8998,1,1
9000,1,2
9001,1,1
9002,1,1
9003,1,1
9005,1,2
9006,1,1
9007,1,1
9009,1,2
9010,1,1
9011,1,1
9013,1,2
9014,1,1
9015,1,1
9016,1,1
9018,1,2
9019,1,1
9020,1,1
9021,1,1
9023,1,2
9024,1,1
9025,1,1
9026,0,1
9028,1,2
9029,1,1
9030,1,1
9031,1,1
9033,1,2
9034,1,1
9035,1,1
9036,1,1
9038,1,2
9039,1,1
9040,1,1
9041,1,1
9042,1,1
9044,1,2
9045,1,1
9046,1,1
9048,2,2
9049,1,1
9050,1,1
9052,1,2
9053,1,1
9054,1,1
9056,2,2
9057,1,1
9058,1,1
9059,1,1
9061,1,2
9062,1,1
9063,1,1
9064,1,1
9066,1,2
9067,1,1
9068,1,1
9069,1,1
9071,1,2
9072,1,1
9073,1,1
9075,1,2
9076,1,1
9077,1,1
9078,1,1
9080,1,2
9081,1,1
9082,1,1
9084,1,2
9085,1,1
9086,1,1
9087,1,1
9089,1,2
9090,1,1
9091,1,1
9092,0,1
9094,1,2
9095,1,1
9096,1,1
9098,1,2
9099,1,1
9100,1,1
9102,1,2
9103,1,1
9104,1,1
9105,1,1
9107,1,2
9108,1,1
9109,1,1
9110,1,1
9112,1,2
9113,1,1
9114,1,1
9116,1,2
9117,1,1
9121,4,4
9122,4,1
9122,2,0
9122,1,0
9124,1,2
9125,1,1
9127,1,2
9129,1,2
9131,1,2
9133,1,2
9134,0,1
9136,1,2
9138,1,2
9140,1,2
9142,1,2
9144,1,2
9145,1,1
9146,1,1
9148,1,2
9149,1,1
9150,1,1
9151,1,1
9153,1,2
9154,1,1
9155,1,1
9156,0,1
9158,1,2
9159,1,1
9160,1,1
9161,0,1
9163,1,2
9164,1,1
9165,1,1
9167,1,2
9168,1,1
9169,1,1
9170,1,1
9172,1,2
9173,1,1
9174,1,1
9175,0,1
9177,1,2
9178,1,1
9179,1,1
9180,0,1
9182,1,2
9183,1,1
9184,0,1
9186,1,2
9187,1,1
9188,1,1
9190,1,2
9191,1,1
9192,1,1
9193,0,1
9195,1,2
9196,1,1
9197,1,1
9199,1,2
9200,1,1
9201,1,1
9202,1,1
9204,1,2
9205,1,1
9206,1,1
9207,0,1
9209,1,2
9210,1,1
9211,1,1
9212,0,1
9214,1,2
9215,1,1
9216,1,1
9217,0,1
9219,1,2
9220,1,1
9221,1,1
9222,0,1
9224,1,2
9225,1,1
9226,1,1
9227,0,1
9229,1,2
9230,1,1
9231,1,1
9233,2,2
9234,1,1
9235,1,1
9236,1,1
9237,1,1
9238,0,1
9240,1,2
9241,1,1
9242,1,1
9243,0,1
9245,1,2
9246,1,1
9247,1,1
9248,1,1
9249,0,1
9251,1,2
9252,1,1
9253,1,1
9254,0,1
9256,1,2
9257,1,1
9258,1,1
9259,0,1
9261,1,2
9262,1,1
9263,1,1
9264,1,1
9266,1,2
9267,1,1
9268,1,1
9269,1,1
9271,1,2
9272,1,1
9273,1,1
9274,1,1
9276,1,2
9277,1,1
9278,1,1
9280,1,2
9281,1,1
9282,1,1
9284,1,2
9285,1,1
9286,1,1
9288,1,2
9289,1,1
9290,1,1
9292,1,2
9293,1,1
9294,1,1
9296,1,2
9297,1,1
9298,1,1
9299,1,1
9300,0,1
9302,1,2
9303,1,1
9304,1,1
9306,1,2
9307,1,1
9308,1,1
9309,1,1
9310,0,1
9312,1,2
9313,1,1
9314,1,1
9315,1,1
9317,1,2
9318,1,1
9319,1,1
9320,1,1
9322,1,2
9323,1,1
9324,1,1
9325,1,1
9326,0,1
9328,1,2
9329,1,1
9330,1,1
9331,0,1
9333,1,2
9334,1,1
9335,1,1
9337,1,2
9338,1,1
9339,1,1
9340,1,1
9342,1,2
9343,1,1
9344,1,1
9346,1,2
9347,1,1
9348,1,1
9349,1,1
9351,1,2
9352,1,1
9353,1,1
9354,1,1
9356,1,2
9357,1,1
9358,1,1
9360,1,2
9361,1,1
9362,1,1
9363,1,1
9365,1,2
9366,1,1
9367,1,1
9368,1,1
9370,1,2
9371,1,1
9372,1,1
9373,1,1
9375,1,2
9376,1,1
9377,1,1
9378,0,1
9380,1,2
9381,1,1
9382,1,1
9384,1,2
9385,1,1
9386,1,1
9387,1,1
9389,1,2
9390,1,1
9391,1,1
9392,0,1
9394,1,2
9395,1,1
9396,1,1
9398,1,2
9399,1,1
9400,1,1
9401,1,1
9403,1,2
9404,1,1
9405,1,1
9406,1,1
9408,1,2
9409,1,1
9410,1,1
9411,0,1
9413,1,2
9414,1,1
9415,1,1
9417,1,2
9418,1,1
9419,1,1
9420,1,1
9421,0,1
9423,1,2
9424,1,1
9425,1,1
9426,1,1
9427,0,1
9428,0,1
9430,1,2
9431,1,1
9432,1,1
9433,0,1
9434,0,1
9436,1,2
9437,1,1
9438,1,1
9439,0,1
9440,0,1
9442,1,2
9443,1,1
9444,1,1
9445,1,1
9447,1,2
9448,1,1
9449,1,1
9450,1,1
9451,1,1
9452,0,1
9454,1,2
9455,1,1
9456,1,1
9457,1,1
9458,0,1
9460,1,2
9461,1,1
9462,1,1
9463,1,1
9464,0,1
9466,1,2
9467,1,1
9468,1,1
9469,1,1
9470,0,1
9471,0,1
9473,1,2
9474,1,1
9475,1,1
9476,0,1
9478,1,2
9479,1,1
9480,1,1
9481,1,1
9482,0,1
9483,0,1
9485,1,2
9486,1,1
9487,1,1
9488,0,1
9490,1,2
9491,1,1
9492,1,1
9493,1,1
9494,0,1
9495,0,1
9497,1,2
9498,1,1
9499,1,1
9500,0,1
9501,0,1
9503,1,2
9504,1,1
9505,1,1
9506,0,1
9507,0,1
9509,1,2
9510,1,1
9511,1,1
9512,0,1
9513,0,1
9515,1,2
9516,1,1
9517,1,1
9518,0,1
9519,0,1
9521,1,2
9522,1,1
9523,1,1
9524,0,1
9525,0,1
9527,1,2
9528,1,1
9529,1,1
9530,0,1
9531,0,1
9533,1,2
9534,1,1
9535,1,1
9536,1,1
9537,0,1
9539,1,2
9540,1,1
9541,1,1
9542,1,1
9543,0,1
9544,0,1
9546,1,2
9547,1,1
9548,1,1
9549,1,1
9550,0,1
9551,0,1
9553,1,2
9554,1,1
9555,1,1
9556,0,1
9557,0,1
9559,1,2
9560,1,1
9561,1,1
9562,1,1
9563,0,1
9564,0,1
9566,1,2
9567,1,1
9568,1,1
9569,1,1
9570,0,1
9571,0,1
9573,1,2
9574,1,1
9575,1,1
9576,0,1
9577,0,1
9579,1,2
9580,1,1
9581,1,1
9582,0,1
9584,1,2
9585,1,1
9586,1,1
9587,1,1
9588,0,1
9590,1,2
9591,1,1
9592,1,1
9593,1,1
9594,0,1
9595,0,1
9597,1,2
9598,1,1
9599,1,1
9600,1,1
9601,0,1
9602,0,1
9604,1,2
9605,1,1
9606,1,1
9607,0,1
9608,0,1
9610,1,2
9611,1,1
9612,1,1
9613,1,1
9614,0,1
9616,1,2
9617,1,1
9618,1,1
9619,1,1
9620,0,1
9621,0,1
9623,1,2
9624,1,1
9625,1,1
9626,1,1
9627,0,1
9628,0,1
9630,1,2
9631,1,1
9632,1,1
9633,0,1
9634,0,1
9636,1,2
9637,1,1
9638,1,1
9639,1,1
9640,0,1
9641,0,1
9643,1,2
9644,1,1
9645,1,1
9646,1,1
9647,0,1
9649,1,2
9650,1,1
9651,1,1
9652,1,1
9653,0,1
9654,0,1
9656,1,2
9657,1,1
9658,1,1
9659,1,1
9660,0,1
9661,0,1
9663,1,2
9664,1,1
9665,1,1
9666,0,1
9667,0,1
9668,0,1
9670,1,2
9671,1,1
9672,1,1
9673,0,1
9674,0,1
9675,0,1
9677,1,2
9678,1,1
9679,1,1
9680,0,1
9681,0,1
9683,1,2
9684,1,1
9685,1,1
9686,0,1
9687,0,1
9689,1,2
9690,1,1
9691,1,1
9692,1,1
9693,0,1
9694,0,1
9696,1,2
9697,1,1
9698,1,1
9699,1,1
9700,0,1
9702,1,2
9703,1,1
9704,1,1
9705,1,1
9706,0,1
9707,0,1
9709,1,2
9710,1,1
9711,1,1
9712,1,1
9713,0,1
9715,1,2
9716,1,1
9717,1,1
9718,1,1
9719,1,1
9720,0,1
9722,1,2
9723,1,1
9724,1,1
9725,1,1
9726,0,1
9727,0,1
9729,1,2
9730,1,1
9731,1,1
9732,0,1
9733,0,1
9735,1,2
9736,1,1
9737,1,1
9738,1,1
9739,0,1
9740,0,1
9742,1,2
9743,1,1
9744,1,1
9745,1,1
9746,0,1
9748,1,2
9749,1,1
9750,1,1
9751,1,1
9752,0,1
9753,0,1
9755,1,2
9756,1,1
9757,1,1
9758,1,1
9759,0,1
9760,0,1
9762,1,2
9763,1,1
9764,1,1
9765,1,1
9766,0,1
9768,1,2
9769,1,1
9770,1,1
9771,1,1
9772,0,1
9774,1,2
9775,1,1
9776,1,1
9777,1,1
9778,1,1
9779,0,1
9780,0,1
9782,1,2
9783,1,1
9784,1,1
9785,0,1
9786,0,1
9788,1,2
9789,1,1
9790,1,1
9791,1,1
9792,0,1
9793,0,1
9795,1,2
9796,1,1
9797,1,1
9798,1,1
9799,0,1
9801,1,2
9802,1,1
9803,1,1
9804,1,1
9805,0,1
9806,0,1
9808,1,2
9809,1,1
9810,1,1
9811,1,1
9812,0,1
9814,1,2
9815,1,1
9816,1,1
9817,1,1
9818,0,1
9819,0,1
9821,1,2
9822,1,1
9823,1,1
9824,1,1
9825,0,1
9826,0,1
9828,1,2
9829,1,1
9830,1,1
9831,0,1
9832,0,1
9834,1,2
9835,1,1
9836,1,1
9837,0,1
9839,1,2
9840,1,1
9841,1,1
9843,1,2
9844,1,1
9845,1,1
9846,1,1
9847,0,1
9849,1,2
9850,1,1
9851,1,1
9852,0,1
9853,0,1
9855,1,2
9856,1,1
9857,0,1
9858,0,1
9860,1,2
9861,1,1
9862,1,1
9863,0,1
9865,1,2
9866,1,1
9867,1,1
9868,0,1
9870,1,2
9871,1,1
9872,1,1
9873,0,1
9875,1,2
9876,1,1
9877,1,1
9878,0,1
9880,1,2
9881,1,1
9882,1,1
9883,1,1
9884,0,1
9886,1,2
9887,1,1
9888,1,1
9889,0,1
9891,1,2
9892,1,1
9893,1,1
9894,0,1
9896,1,2
9897,1,1
9898,1,1
9899,0,1
9900,0,1
9902,1,2
9903,1,1
9904,1,1
9905,0,1
9907,1,2
9908,1,1
9909,1,1
9910,0,1
9912,1,2
9913,1,1
9914,1,1
9915,0,1
9917,1,2
9918,1,1
9919,1,1
9920,0,1
9922,1,2
9923,1,1
9924,1,1
9925,0,1
9927,1,2
9928,1,1
9929,1,1
9931,1,2
9932,1,1
9933,1,1
9934,1,1
9935,0,1
9937,1,2
9938,1,1
9939,1,1
9940,0,1
9942,1,2
9943,1,1
9944,1,1
9945,0,1
9947,1,2
9948,1,1
9949,1,1
9950,0,1
9952,1,2
9953,1,1
9954,1,1
9955,0,1
9957,1,2
9958,1,1
9959,1,1
9960,0,1
9962,1,2
9963,1,1
9964,1,1
9965,0,1
9967,1,2
9968,1,1
9969,1,1
9971,1,2
9972,1,1
9973,1,1
9974,1,1
9975,0,1
9977,1,2
9978,1,1
9979,1,1
9980,0,1
9982,1,2
9983,1,1
9984,1,1
9986,1,2
9987,1,1
9989,2,2
9989,1,0
9990,0,1
9992,0,2
9994,1,2
9995,1,1
9996,1,1
9998,1,2
9999,1,1
10000,1,1
10001,1,1
10002,0,1
10004,1,2
10005,1,1
10006,1,1
10010,3,4
10010,2,0
10010,1,0
10012,1,2
10013,1,1
10014,0,1
10016,1,2
10017,1,1
10018,1,1
10019,0,1
10021,1,2
10022,1,1
10023,0,1
10025,1,2
10026,1,1
10027,1,1
10028,0,1
10030,1,2
10031,1,1
10032,0,1
10034,1,2
10035,1,1
10036,1,1
10038,1,2
10039,1,1
10040,1,1
10041,0,1
10043,1,2
10044,1,1
10046,2,2
10047,1,1
10048,1,1
10049,1,1
10050,1,1
10051,1,1
10052,0,1
10054,1,2
10055,1,1
10056,1,1
10057,0,1
10059,1,2
10060,1,1
10061,1,1
10062,1,1
10063,0,1
10065,1,2
10066,1,1
10067,1,1
10068,0,1
10070,1,2
10071,1,1
10072,1,1
10073,0,1
10075,1,2
10076,1,1
10077,1,1
10078,1,1
10080,1,2
10081,1,1
10082,1,1
10083,1,1
10084,0,1
10086,1,2
10087,1,1
10088,1,1
10089,1,1
10090,0,1
10092,1,2
10093,1,1
10094,1,1
10095,0,1
10097,1,2
10098,1,1
10099,1,1
10100,1,1
10102,1,2
10103,1,1
10104,1,1
10105,1,1
10107,1,2
10109,1,2
10110,1,1
10111,1,1
10112,1,1
10113,0,1
10115,1,2
10116,1,1
10117,1,1
10119,2,2
10121,1,2
10122,1,1
10123,1,1
10124,1,1
10126,1,2
10127,1,1
10128,1,1
10129,1,1
10130,0,1
10131,0,1
10133,1,2
10134,1,1
10135,1,1
10136,0,1
10138,1,2
10139,1,1
10140,1,1
10142,1,2
10143,1,1
10144,1,1
10146,2,2
10146,0,0
10148,1,2
10149,1,1
10150,1,1
10151,0,1
10153,1,2
10154,1,1
10155,1,1
10156,0,1
10158,1,2
10159,1,1
10160,1,1
10161,0,1
10163,1,2
10164,1,1
10165,1,1
10166,0,1
10168,1,2
10169,1,1
10170,1,1
10171,0,1
10173,1,2
10174,1,1
10175,1,1
10176,0,1
10178,1,2
10179,1,1
10180,1,1
10181,0,1
10183,1,2
10184,1,1
10185,1,1
10186,0,1
10188,1,2
10189,1,1
10190,0,1
10191,0,1
10193,1,2
10194,1,1
10195,0,1
10197,1,2
10198,1,1
10199,1,1
10201,1,2
10202,1,1
10203,1,1
10204,1,1
10206,1,2
10207,1,1
10208,1,1
10209,0,1
10211,1,2
10212,1,1
10213,1,1
10214,0,1
10216,1,2
10217,1,1
10218,1,1
10219,0,1
10221,1,2
10222,1,1
10223,1,1
10224,0,1
10226,1,2
10227,1,1
10228,1,1
10229,1,1
10230,0,1
10232,1,2
10233,1,1
10234,1,1
10235,0,1
10237,1,2
10238,1,1
10239,1,1
10240,0,1
10241,0,1
10243,1,2
10244,1,1
10245,1,1
10246,0,1
10248,1,2
10249,1,1
10250,1,1
10251,1,1
10252,0,1
10253,0,1
10255,1,2
10256,1,1
10257,1,1
10258,1,1
10259,0,1
10261,1,2
10262,1,1
10263,1,1
10266,1,3
10267,1,1
10268,1,1
10269,1,1
10270,1,1
10271,0,1
10273,1,2
10274,1,1
10275,1,1
10276,1,1
10277,0,1
10278,0,1
10280,1,2
10281,1,1
10282,1,1
10283,1,1
10284,0,1
10286,1,2
10287,1,1
10288,1,1
10289,1,1
10290,0,1
10292,1,2
10293,1,1
10294,1,1
10295,1,1
10296,0,1
10298,1,2
10299,1,1
10300,1,1
10301,0,1
10303,1,2
10304,1,1
10305,1,1
10306,0,1
10307,0,1
10309,1,2
10310,1,1
10311,1,1
10312,0,1
10314,1,2
10315,1,1
10316,1,1
10317,1,1
10318,0,1
10319,0,1
10321,1,2
10322,1,1
10323,1,1
10324,1,1
10325,0,1
10327,1,2
10328,1,1
10329,1,1
10330,1,1
10331,0,1
10333,1,2
10334,1,1
10335,1,1
10336,1,1
10337,0,1
10338,0,1
10340,1,2
10341,1,1
10342,1,1
10343,1,1
10344,0,1
10346,1,2
10347,1,1
10348,1,1
10349,1,1
10350,0,1
10351,0,1
10353,1,2
10354,1,1
10355,1,1
10356,0,1
10357,0,1
10359,1,2
10360,1,1
10361,1,1
10362,1,1
10363,0,1
10365,1,2
10366,1,1
10367,1,1
10368,1,1
10369,0,1
10370,0,1
10372,1,2
10373,1,1
10374,1,1
10375,1,1
10376,0,1
10378,1,2
10379,1,1
10380,1,1
10381,1,1
10382,0,1
10384,1,2
10385,1,1
10386,1,1
10387,1,1
10388,0,1
10390,1,2
10391,1,1
10392,1,1
10393,1,1
10394,1,1
10395,0,1
10397,1,2
10398,1,1
10399,1,1
10400,1,1
10401,0,1
10403,1,2
10404,1,1
10405,1,1
10406,1,1
10407,0,1
10409,1,2
10410,1,1
10411,1,1
10412,1,1
10413,0,1
10414,0,1
10416,1,2
10417,1,1
10418,1,1
10419,0,1
10421,1,2
10422,1,1
10423,1,1
10424,1,1
10426,1,2
10427,1,1
10428,1,1
10429,1,1
10430,1,1
10432,1,2
10433,1,1
10434,1,1
10435,0,1
10437,1,2
10438,1,1
10439,1,1
10441,1,2
10442,1,1
10443,1,1
10444,1,1
10446,1,2
10447,1,1
10448,1,1
10449,1,1
10451,1,2
10452,1,1
10453,1,1
10454,1,1
10456,1,2
10457,1,1
10458,1,1
10459,1,1
10461,1,2
10462,1,1
10463,1,1
10464,0,1
10466,1,2
10467,1,1
10468,1,1
10470,1,2
10471,1,1
10472,1,1
10473,1,1
10474,0,1
10476,1,2
10477,1,1
10478,1,1
10479,1,1
10480,0,1
10482,1,2
10483,1,1
10484,1,1
10486,1,2
10487,1,1
10488,1,1
10490,1,2
10491,1,1
10492,1,1
10493,0,1
10495,1,2
10496,1,1
10497,1,1
10499,1,2
10500,1,1
10501,1,1
10502,1,1
10503,0,1
10505,1,2
10506,1,1
10507,1,1
10509,1,2
10510,1,1
10511,1,1
10512,1,1
10514,1,2
10515,1,1
10516,1,1
10518,1,2
10519,1,1
10520,1,1
10521,1,1
10523,1,2
10524,1,1
10525,1,1
10526,1,1
10527,0,1
10529,1,2
10530,1,1
10531,1,1
10532,0,1
10534,1,2
10535,1,1
10536,1,1
10538,1,2
10539,1,1
10540,1,1
10541,1,1
10542,0,1
10544,1,2
10545,1,1
10546,1,1
10547,0,1
10549,1,2
10550,1,1
10551,1,1
10552,0,1
10554,1,2
10555,1,1
10556,1,1
10558,1,2
10559,1,1
10560,1,1
10561,1,1
10562,0,1
10564,1,2
10565,1,1
10566,1,1
10567,0,1
10569,1,2
10570,1,1
10571,1,1
10572,1,1
10574,1,2
10575,1,1
10576,1,1
10577,1,1
10579,1,2
10580,1,1
10581,1,1
10582,1,1
10584,1,2
10585,1,1
10586,1,1
10587,1,1
10589,1,2
10590,1,1
10591,1,1
10592,1,1
10594,1,2
10595,1,1
10596,1,1
10597,0,1
10599,1,2
10600,1,1
10601,1,1
10603,1,2
10604,1,1
10605,1,1
10606,0,1
10608,1,2
10609,1,1
10610,1,1
10611,0,1
10613,1,2
10614,1,1
10615,1,1
10617,1,2
10618,1,1
10619,1,1
10620,0,1
10622,1,2
10623,1,1
10624,1,1
10626,1,2
10627,1,1
10628,1,1
10630,1,2
10631,1,1
10632,1,1
10634,1,2
10635,1,1
10636,0,1
10638,1,2
10639,1,1
10640,0,1
10642,1,2
10643,1,1
10644,0,1
10646,1,2
10647,1,1
10648,0,1
10650,1,2
10651,1,1
10652,1,1
10654,1,2
10655,1,1
10656,1,1
10658,1,2
10659,1,1
10660,1,1
10661,0,1
10663,1,2
10664,1,1
10665,0,1
10667,1,2
10668,1,1
10669,1,1
10671,1,2
10672,1,1
10673,1,1
10674,0,1
10676,1,2
10677,1,1
10678,0,1
10680,1,2
10681,1,1
10682,1,1
10683,0,1
10685,1,2
10686,1,1
10687,0,1
10689,1,2
10690,1,1
10691,1,1
10693,1,2
10694,1,1
10695,1,1
10696,0,1
10698,1,2
10699,1,1
10700,0,1
10702,1,2
10703,1,1
10704,1,1
10706,1,2
10707,1,1
10708,1,1
10710,1,2
10711,1,1
10712,1,1
10713,1,1
10715,1,2
10716,1,1
10717,1,1
10718,1,1
10720,1,2
10721,1,1
10722,1,1
10723,1,1
10725,1,2
10726,1,1
10727,1,1
10728,1,1
10729,1,1
10731,1,2
10732,1,1
10733,1,1
10734,1,1
10736,1,2
10737,1,1
10738,1,1
10739,1,1
10741,1,2
10742,1,1
10743,1,1
10744,1,1
10746,1,2
10747,1,1
10748,1,1
10749,1,1
10751,1,2
10752,1,1
10753,1,1
10754,1,1
10756,1,2
10757,1,1
10758,1,1
10759,1,1
10760,1,1
10762,1,2
10763,1,1
10764,1,1
10765,1,1
10766,0,1
10768,1,2
10769,1,1
10770,1,1
10771,0,1
10773,1,2
10774,1,1
10775,1,1
10776,0,1
10778,1,2
10779,1,1
10780,1,1
10781,1,1
10783,1,2
10784,1,1
10785,1,1
10786,1,1
10788,1,2
10789,1,1
10790,1,1
10791,1,1
10793,1,2
10794,1,1
10795,1,1
10796,1,1
10798,1,2
10799,1,1
10800,1,1
10801,1,1
10803,1,2
10804,1,1
10805,1,1
10806,1,1
10807,1,1
10809,1,2
10810,1,1
10811,1,1
10812,1,1
10814,1,2
10815,1,1
10816,1,1
10817,1,1
10818,1,1
10820,1,2
10821,1,1
10822,1,1
10823,1,1
10825,1,2
10826,1,1
10827,1,1
10828,1,1
10830,1,2
10831,1,1
10832,1,1
10833,1,1
10835,1,2
10836,1,1
10837,1,1
10838,1,1
10839,0,1
10841,1,2
10842,1,1
10843,1,1
10844,1,1
10846,1,2
10847,1,1
10848,1,1
10849,1,1
10851,1,2
10852,1,1
10853,1,1
10854,1,1
10856,1,2
10857,1,1
10858,1,1
10859,1,1
10860,0,1
10862,1,2
10863,1,1
10864,1,1
10866,1,2
10867,1,1
10868,1,1
10869,1,1
10870,0,1
10872,1,2
10873,1,1
10874,1,1
10875,0,1
10877,1,2
10878,1,1
10879,1,1
10880,1,1
10882,1,2
10883,1,1
10884,1,1
10885,1,1
10887,1,2
10888,1,1
10889,1,1
10890,1,1
10892,1,2
10893,1,1
10894,1,1
10895,1,1
10896,0,1
10898,1,2
10899,1,1
10900,1,1
10902,1,2
10903,1,1
10904,1,1
10905,1,1
10906,0,1
10908,1,2
10909,1,1
10910,1,1
10911,1,1
10913,1,2
10914,1,1
10915,1,1
10917,2,2
10918,1,1
10919,1,1
10920,1,1
10921,1,1
10923,1,2
10924,1,1
10925,1,1
10926,1,1
10927,0,1
10929,1,2
10930,1,1
10931,1,1
10932,0,1
10934,1,2
10935,1,1
10936,0,1
10938,1,2
10939,1,1
10940,1,1
10942,2,2
10943,1,1
10944,1,1
10945,1,1
10946,1,1
10948,1,2
10949,1,1
10950,1,1
10951,0,1
10953,1,2
10954,1,1
10955,1,1
10957,1,2
10958,1,1
10959,1,1
10960,1,1
10962,1,2
10963,1,1
10964,1,1
10965,1,1
10967,1,2
10968,1,1
10969,1,1
10971,1,2
10972,1,1
10973,1,1
10974,1,1
10975,0,1
10977,1,2
10978,1,1
10980,2,2
10981,1,1
10982,1,1
10983,1,1
10985,2,2
10986,1,1
10987,1,1
10988,1,1
10990,1,2
10991,1,1
10992,1,1
10993,1,1
10994,0,1
10996,1,2
10997,1,1
10998,1,1
10999,0,1
11000,0,1
11002,1,2
11003,1,1
11004,1,1
11006,1,2
11007,1,1
11008,1,1
11009,1,1
11010,0,1
11012,1,2
11013,1,1
11014,1,1
11015,0,1
11017,1,2
11018,1,1
11019,1,1
11020,1,1
11022,1,2
11023,1,1
11024,1,1
11025,1,1
11027,1,2
11028,1,1
11029,1,1
11030,1,1
11031,0,1
11033,1,2
11034,1,1
11037,3,3
11037,1,0
11038,1,1
11039,1,1
11041,1,2
11042,1,1
11043,1,1
11045,2,2
11046,1,1
11047,1,1
11048,1,1
11050,1,2
11051,1,1
11052,1,1
11053,1,1
11055,1,2
11056,1,1
11057,1,1
11058,0,1
11060,1,2
11061,1,1
11062,1,1
11063,0,1
11065,1,2
11066,1,1
11067,1,1
11068,0,1
11070,1,2
11071,1,1
11072,0,1
11074,1,2
11075,1,1
11076,1,1
11078,1,2
11079,1,1
11080,1,1
11082,1,2
11083,1,1
11084,1,1
11086,2,2
11087,1,1
11088,1,1
11089,1,1
11090,1,1
11091,0,1
11093,1,2
11094,1,1
11095,1,1
11097,1,2
11098,1,1
11099,1,1
11101,1,2
11102,1,1
11104,2,2
11105,1,1
11106,1,1
11107,1,1
11109,2,2
11110,1,1
11111,1,1
11112,1,1
11114,1,2
11115,1,1
11116,1,1
11118,2,2
11120,2,2
11120,1,0
11121,1,1
11122,0,1
11124,1,2
11125,1,1
11127,2,2
11128,1,1
11129,1,1
11131,1,2
11132,1,1
11133,1,1
11134,0,1
11136,1,2
11137,1,1
11138,0,1
11140,1,2
11141,1,1
11142,1,1
11144,1,2
11145,1,1
11146,1,1
11148,1,2
11149,1,1
11150,1,1
11152,1,2
11153,1,1
11155,1,2
11156,1,1
11157,1,1
11158,0,1
11160,1,2
11161,1,1
11163,1,2
11164,1,1
11165,1,1
11166,0,1
11168,1,2
11169,1,1
11171,1,2
11172,1,1
11173,1,1
11175,1,2
11176,1,1
11178,1,2
11179,1,1
11180,1,1
11182,1,2
11183,1,1
11184,1,1
11186,2,2
11187,1,1
11188,1,1
11189,1,1
11191,2,2
11192,1,1
11193,1,1
11195,2,2
11196,1,1
11197,1,1
11198,1,1
11199,1,1
11201,1,2
11202,1,1
11203,1,1
11204,1,1
11206,1,2
11207,1,1
11208,1,1
11209,1,1
11211,1,2
11212,1,1
11213,1,1
11214,1,1
11215,1,1
11217,1,2
11218,1,1
11219,1,1
11221,2,2
11222,1,1
11223,1,1
11224,1,1
11225,1,1
11227,1,2
11228,1,1
11229,1,1
11230,1,1
11232,1,2
11233,1,1
11234,1,1
11235,1,1
11236,0,1
11238,1,2
11239,1,1
11240,1,1
11242,1,2
11243,1,1
11244,1,1
11245,1,1
11247,1,2
11248,1,1
11249,1,1
11250,1,1
11251,0,1
11253,1,2
11254,1,1
11255,1,1
11256,1,1
11258,1,2
11259,1,1
11260,1,1
11261,1,1
11263,1,2
11264,1,1
11265,1,1
11266,1,1
11268,1,2
11269,1,1
11270,1,1
11271,1,1
11272,1,1
11274,1,2
11275,1,1
11276,1,1
11277,1,1
11279,1,2
11280,1,1
11281,1,1
11282,1,1
11283,0,1
11285,1,2
11286,1,1
11287,1,1
11289,1,2
11290,1,1
11291,1,1
11292,1,1
11293,0,1
11295,1,2
11296,1,1
11297,1,1
11298,1,1
11300,1,2
11301,1,1
11302,1,1
11303,1,1
11305,1,2
11306,1,1
11307,1,1
11308,1,1
11310,1,2
11311,1,1
11312,1,1
11313,1,1
11315,1,2
11316,1,1
11317,1,1
11318,1,1
11320,1,2
11321,1,1
11322,1,1
11323,1,1
11325,1,2
11326,1,1
11327,1,1
11328,1,1
11330,1,2
11331,1,1
11332,1,1
11333,1,1
11335,1,2
11336,1,1
11337,1,1
11338,1,1
11339,0,1
11341,1,2
11342,1,1
11343,1,1
11344,0,1
11346,1,2
11347,1,1
11348,1,1
11350,1,2
11351,1,1
11352,1,1
11353,1,1
11354,0,1
11356,1,2
11357,1,1
11358,1,1
11359,1,1
11361,1,2
11362,1,1
11363,1,1
11364,1,1
11366,1,2
11367,1,1
11368,1,1
11369,1,1
11370,0,1
11372,1,2
11373,1,1
11374,1,1
11375,0,1
11377,1,2
11378,1,1
11379,1,1
11380,0,1
11382,1,2
11383,1,1
11384,1,1
11385,1,1
11387,1,2
11388,1,1
11389,1,1
11390,1,1
11391,0,1
11393,1,2
11394,1,1
11395,1,1
11396,0,1
11398,1,2
11399,1,1
11400,1,1
11401,0,1
11403,1,2
11404,1,1
11405,1,1
11406,1,1
11407,0,1
11409,1,2
11410,1,1
11411,1,1
11412,0,1
11414,1,2
11415,1,1
11416,1,1
11417,0,1
11419,1,2
11420,1,1
11421,1,1
11422,0,1
11424,1,2
11425,1,1
11426,1,1
11427,0,1
11429,1,2
11430,1,1
11431,1,1
11432,0,1
11434,1,2
11435,1,1
11436,1,1
11437,1,1
11438,0,1
11440,1,2
11441,1,1
11442,1,1
11443,0,1
11445,1,2
11446,1,1
11447,1,1
11448,0,1
11451,2,3
11451,1,0
11452,1,1
11453,0,1
11455,1,2
11456,1,1
11457,1,1
11458,1,1
11459,0,1
11461,1,2
11462,1,1
11463,0,1
11464,0,1
11466,1,2
11467,1,1
11468,1,1
11469,0,1
11471,1,2
11472,1,1
11474,1,2
11475,1,1
11476,1,1
11477,1,1
11479,1,2
11480,1,1
11481,1,1
11482,1,1
11483,1,1
11485,1,2
11486,1,1
11487,1,1
11488,1,1
11489,0,1
11491,1,2
11492,1,1
11493,1,1
11494,1,1
11495,0,1
11497,1,2
11498,1,1
11499,1,1
11500,0,1
11502,1,2
11503,1,1
11504,1,1
11505,1,1
11507,1,2
11508,1,1
11509,1,1
11510,1,1
11511,0,1
11513,1,2
11514,1,1
11515,1,1
11516,0,1
11518,1,2
11519,1,1
11520,1,1
11521,0,1
11523,1,2
11524,1,1
11525,1,1
11526,0,1
11528,1,2
11529,1,1
11530,1,1
11532,1,2
11533,1,1
11534,1,1
11535,1,1
11537,1,2
11538,1,1
11539,1,1
11541,2,2
11542,1,1
11543,1,1
11544,1,1
11546,1,2
11547,1,1
11548,1,1
11549,1,1
11551,1,2
11552,1,1
11553,1,1
11554,1,1
11555,1,1
11556,0,1
11558,1,2
11559,1,1
11560,1,1
11562,1,2
11563,1,1
11564,1,1
11565,1,1
11566,0,1
11568,1,2
11569,1,1
11570,1,1
11571,0,1
11573,1,2
11574,1,1
11575,1,1
11576,1,1
11578,1,2
11579,1,1
11580,1,1
11581,1,1
11583,1,2
11584,1,1
11585,1,1
11586,1,1
11587,0,1
11589,1,2
11590,1,1
11591,1,1
11592,1,1
11594,1,2
11595,1,1
11596,1,1
11597,1,1
11599,1,2
11600,1,1
11601,1,1
11602,1,1
11603,0,1
11605,1,2
11606,1,1
11607,1,1
11608,0,1
11610,1,2
11611,1,1
11612,1,1
11613,0,1
11615,1,2
11616,1,1
11617,1,1
11618,1,1
11619,0,1
11621,1,2
11622,1,1
11623,1,1
11624,0,1
11626,1,2
11627,1,1
11628,1,1
11629,0,1
11631,1,2
11632,1,1
11633,1,1
11634,1,1
11635,0,1
11637,1,2
11638,1,1
11639,1,1
11640,0,1
11642,1,2
11643,1,1
11644,1,1
11645,0,1
11647,1,2
11648,1,1
11649,1,1
11650,0,1
11652,1,2
11653,1,1
11654,1,1
11655,1,1
11657,1,2
11658,1,1
11659,1,1
11660,1,1
11661,0,1
11663,1,2
11664,1,1
11665,1,1
11666,1,1
11668,1,2
11669,1,1
11670,1,1
11671,0,1
11673,1,2
11674,1,1
11675,1,1
11676,0,1
11678,1,2
11679,1,1
11680,1,1
11682,1,2
11683,1,1
11684,1,1
11685,0,1
11687,1,2
11688,1,1
11689,1,1
11690,0,1
11692,1,2
11693,1,1
11694,0,1
11696,1,2
11697,1,1
11698,1,1
11699,0,1
11701,1,2
11702,1,1
11703,1,1
11705,1,2
11706,1,1
11707,1,1
11708,0,1
11710,1,2
11711,1,1
11712,1,1
11714,1,2
11715,1,1
11716,1,1
11717,0,1
11719,1,2
11720,1,1
11721,1,1
11723,1,2
11724,1,1
11725,1,1
11726,0,1
11728,1,2
11729,1,1
11730,1,1
11731,0,1
11733,1,2
11734,1,1
11735,1,1
11736,0,1
11738,1,2
11739,1,1
11740,0,1
11742,1,2
11743,1,1
11744,1,1
11745,0,1
11747,1,2
11748,1,1
11749,1,1
11751,1,2
11752,1,1
11753,1,1
11754,0,1
11756,1,2
11757,1,1
11758,1,1
11760,1,2
11761,1,1
11762,1,1
11763,0,1
11765,1,2
11766,1,1
11767,1,1
11768,0,1
11770,1,2
11771,1,1
11772,1,1
11774,1,2
11775,1,1
11776,1,1
11777,0,1
11779,1,2
11780,1,1
11781,1,1
11783,1,2
11784,1,1
11785,1,1
11786,0,1
11788,1,2
11789,1,1
11790,1,1
11791,0,1
11793,1,2
11794,1,1
11795,1,1
11797,1,2
11798,1,1
11799,1,1
11800,0,1
11802,1,2
11803,1,1
11804,1,1
11805,0,1
11808,2,3
11809,1,1
11810,1,1
11811,0,1
11813,1,2
11814,1,1
11815,1,1
11816,0,1
11818,1,2
11819,1,1
11820,0,1
11822,1,2
11823,1,1
11824,1,1
11826,1,2
11827,1,1
11828,1,1
11829,0,1
11831,1,2
11832,1,1
11833,1,1
11834,0,1
11836,1,2
11837,1,1
11838,1,1
11839,0,1
11841,1,2
11842,1,1
11843,0,1
11845,1,2
11846,1,1
11847,1,1
11848,0,1
11850,1,2
11851,1,1
11852,0,1
11854,1,2
11855,1,1
11856,1,1
11857,0,1
11859,1,2
11860,1,1
11861,0,1
11863,1,2
11864,1,1
11865,1,1
11866,0,1
11868,1,2
11869,1,1
11870,1,1
11872,1,2
11873,1,1
11874,1,1
11875,0,1
11877,1,2
11878,1,1
11879,1,1
11880,0,1
11882,1,2
11883,1,1
11884,1,1
11886,1,2
11887,1,1
11888,1,1
11889,0,1
11891,1,2
11892,1,1
11893,1,1
11895,1,2
11896,1,1
11897,1,1
11898,1,1
11900,1,2
11901,1,1
11904,3,3
11904,1,0
11905,1,1
11906,1,1
11907,1,1
11908,0,1
11910,1,2
11911,1,1
11912,1,1
11913,0,1
11923,9,10
11923,8,0
11923,7,0
11923,5,0
11924,5,1
11924,4,0
11924,3,0
11925,2,1
11926,2,1
11927,1,1
11928,1,1
11929,1,1
11931,1,2
11932,1,1
11933,1,1
11934,1,1
11935,0,1
11937,1,2
11938,1,1
11939,1,1
11940,0,1
11942,1,2
11943,1,1
11944,1,1
11945,0,1
11946,0,1
11948,1,2
11949,1,1
11950,1,1
11952,1,2
11953,1,1
11954,1,1
11955,0,1
11957,1,2
11958,1,1
11959,1,1
11960,0,1
11962,1,2
11963,1,1
11964,1,1
11966,1,2
11967,1,1
11968,1,1
11969,1,1
11970,0,1
11972,1,2
11973,1,1
11974,1,1
11975,0,1
11977,1,2
11978,1,1
11979,1,1
11980,0,1
11982,1,2
11983,1,1
11984,1,1
11986,1,2
11987,1,1
11988,1,1
11989,1,1
11991,1,2
11992,1,1
11993,1,1
11994,1,1
11995,0,1
11997,1,2
11998,1,1
11999,1,1
12000,0,1
12002,1,2
12003,1,1
12004,1,1
12006,1,2
12007,1,1
12008,1,1
12009,1,1
12011,1,2
12012,1,1
12013,1,1
12014,1,1
12015,0,1
12017,1,2
12018,1,1
12019,1,1
12021,1,2
12022,1,1
12023,1,1
12024,1,1
12026,1,2
12027,1,1
12028,1,1
12029,1,1
12030,0,1
12032,1,2
12033,1,1
12034,1,1
12035,1,1
12037,1,2
12038,1,1
12039,1,1
12040,0,1
12042,1,2
12043,1,1
12044,1,1
12046,1,2
12047,1,1
12048,1,1
12049,1,1
12050,0,1
12052,1,2
12053,1,1
12054,1,1
12056,1,2
12057,1,1
12058,1,1
12059,1,1
12061,1,2
12062,1,1
12063,1,1
12064,0,1
12066,1,2
12067,1,1
12068,1,1
12069,0,1
12071,1,2
12072,1,1
12073,1,1
12075,1,2
12076,1,1
12077,1,1
12078,1,1
12079,0,1
12081,1,2
12082,1,1
12083,1,1
12086,3,3
12086,1,0
12087,1,1
12088,1,1
12089,1,1
12090,0,1
12092,1,2
12093,1,1
12094,1,1
12095,0,1
12097,1,2
12098,1,1
12099,1,1
12100,1,1
12102,1,2
12103,1,1
12104,1,1
12105,0,1
12107,1,2
12108,1,1
12109,1,1
12110,1,1
12111,0,1
12113,1,2
12114,1,1
12115,1,1
12116,0,1
12118,1,2
12120,2,2
12121,2,1
12122,2,1
12123,1,1
12124,1,1
12125,1,1
12126,1,1
12127,0,1
12129,1,2
12130,1,1
12131,1,1
12132,1,1
12134,1,2
12135,1,1
12136,1,1
12137,1,1
12139,1,2
12140,1,1
12141,1,1
12142,1,1
12144,1,2
12145,1,1
12146,1,1
12148,2,2
12149,1,1
12150,1,1
12151,1,1
12152,0,1
12154,1,2
12155,1,1
12156,1,1
12158,1,2
12159,1,1
12160,1,1
12161,1,1
12162,0,1
12164,1,2
12165,1,1
12166,1,1
12168,1,2
12169,1,1
12170,1,1
12171,1,1
12173,1,2
12174,1,1
12175,1,1
12176,0,1
12178,1,2
12179,1,1
12180,1,1
12182,1,2
12183,1,1
12184,1,1
12185,1,1
12186,0,1
12188,1,2
12189,1,1
12190,1,1
12191,0,1
12193,1,2
12194,1,1
12195,1,1
12196,0,1
12198,1,2
12199,1,1
12200,1,1
12202,1,2
12203,1,1
12204,1,1
12206,2,2
12207,1,1
12208,1,1
12209,1,1
12210,1,1
12212,1,2
12213,1,1
12214,1,1
12215,1,1
12217,1,2
12218,1,1
12219,1,1
12220,1,1
12222,1,2
12223,1,1
12224,1,1
12226,1,2
12227,1,1
12228,1,1
12229,1,1
12231,1,2
12232,1,1
12233,1,1
12235,2,2
12236,1,1
12237,1,1
12238,1,1
12239,1,1
12241,1,2
12242,1,1
12243,1,1
12244,1,1
12246,1,2
12247,1,1
12248,1,1
12249,0,1
12251,1,2
12252,1,1
12253,1,1
12254,0,1
12256,1,2
12257,1,1
12258,1,1
12259,0,1
12261,1,2
12262,1,1
12263,1,1
12264,0,1
12266,1,2
12267,1,1
12268,1,1
12269,0,1
12271,1,2
12272,1,1
12273,1,1
12274,0,1
12276,1,2
12277,1,1
12278,1,1
12279,0,1
12281,1,2
12282,1,1
12283,1,1
12285,1,2
12286,1,1
12287,1,1
12288,1,1
12290,1,2
12291,1,1
12292,1,1
12294,2,2
12295,1,1
12296,1,1
12297,1,1
12298,1,1
12300,1,2
12301,1,1
12302,1,1
12304,1,2
12305,1,1
12306,1,1
12307,1,1
12309,1,2
12310,1,1
12311,1,1
12312,1,1
12314,1,2
12315,1,1
12316,1,1
12317,1,1
12319,1,2
12320,1,1
12321,1,1
12322,1,1
12324,1,2
12325,1,1
12326,1,1
12327,1,1
12329,1,2
12330,1,1
12331,1,1
12332,1,1
12334,1,2
12335,1,1
12337,2,2
12338,2,1
12339,1,1
12340,1,1
12341,1,1
12342,1,1
12344,1,2
12345,1,1
12346,1,1
12347,0,1
12349,1,2
12350,1,1
12351,1,1
12352,0,1
12354,1,2
12355,1,1
12356,1,1
12358,1,2
12359,1,1
12360,1,1
12362,1,2
12363,1,1
12364,1,1
12366,1,2
12367,1,1
12368,1,1
12369,1,1
12370,0,1
12372,1,2
12373,1,1
12374,1,1
12376,1,2
12377,1,1
12378,1,1
12379,0,1
12381,1,2
12382,1,1
12383,1,1
12385,1,2
12386,1,1
12387,1,1
12388,1,1
12390,1,2
12391,1,1
12392,1,1
12393,1,1
12395,1,2
12396,1,1
12397,1,1
12398,0,1
12400,1,2
12401,1,1
12402,1,1
12403,0,1
12405,1,2
12406,1,1
12407,1,1
12409,1,2
12410,1,1
12411,1,1
12412,1,1
12414,1,2
12415,1,1
12416,1,1
12417,1,1
12419,1,2
12420,1,1
12421,1,1
12422,1,1
12424,1,2
12425,1,1
12426,1,1
12427,0,1
12429,1,2
12430,1,1
12431,1,1
12433,1,2
12434,1,1
12435,1,1
12436,1,1
12438,1,2
12439,1,1
12440,1,1
12441,1,1
12443,1,2
12444,1,1
12445,1,1
12446,1,1
12447,0,1
12449,1,2
12450,1,1
12451,1,1
12452,0,1
12454,1,2
12455,1,1
12456,1,1
12458,1,2
12459,1,1
12460,1,1
12461,1,1
12463,1,2
12464,1,1
12465,1,1
12466,1,1
12468,1,2
12469,1,1
12470,1,1
12471,1,1
12473,1,2
12474,1,1
12475,1,1
12476,1,1
12478,1,2
12479,1,1
12480,1,1
12481,1,1
12483,1,2
12484,1,1
12485,1,1
12486,1,1
12488,1,2
12489,1,1
12490,1,1
12491,1,1
12493,1,2
12494,1,1
12495,1,1
12496,1,1
12498,1,2
12499,1,1
12501,2,2
12511,10,10
12511,9,0
12511,8,0
12511,7,0
12511,5,0
12511,4,0
12511,3,0
12512,1,1
12513,1,1
12514,1,1
12515,1,1
12516,0,1
12518,1,2
12519,1,1
12520,1,1
12521,1,1
12522,0,1
12524,1,2
12525,1,1
12526,1,1
12527,1,1
12529,1,2
12530,1,1
12531,1,1
12532,0,1
12534,1,2
12535,1,1
12536,1,1
12537,0,1
12539,1,2
12540,1,1
12541,1,1
12543,1,2
12544,1,1
12545,1,1
12547,1,2
12548,1,1
12549,1,1
12550,1,1
12551,0,1
12553,1,2
12554,1,1
12555,1,1
12556,0,1
12558,1,2
12559,1,1
12560,1,1
12562,1,2
12563,1,1
12564,1,1
12565,1,1
12567,1,2
12568,1,1
12569,1,1
12570,1,1
12572,1,2
12573,1,1
12574,1,1
12575,1,1
12577,1,2
12578,1,1
12579,1,1
12580,1,1
12582,1,2
12583,1,1
12584,1,1
12586,1,2
12587,1,1
12588,1,1
12590,1,2
12591,1,1
12592,1,1
12593,1,1
12595,1,2
12596,1,1
12597,1,1
12599,1,2
12600,1,1
12601,1,1
12602,1,1
12604,1,2
12605,1,1
12606,1,1
12607,0,1
12609,1,2
12610,1,1
12611,1,1
12613,1,2
12614,1,1
12615,1,1
12617,1,2
12618,1,1
12619,1,1
12620,0,1
12622,1,2
12623,1,1
12624,0,1
12626,1,2
12627,1,1
12628,1,1
12630,1,2
12631,1,1
12632,1,1
12634,1,2
12635,1,1
12636,1,1
12637,1,1
12639,1,2
12640,1,1
12641,1,1
12643,1,2
12644,1,1
12645,1,1
12646,0,1
12648,1,2
12649,1,1
12650,1,1
12652,1,2
12653,1,1
12654,1,1
12655,0,1
12657,1,2
12658,1,1
12659,1,1
12661,1,2
12662,1,1
12663,1,1
12664,0,1
12666,1,2
12667,1,1
12668,1,1
12670,1,2
12671,1,1
12672,1,1
12673,0,1
12675,1,2
12676,1,1
12677,1,1
12678,0,1
12680,1,2
12681,1,1
12682,1,1
12683,0,1
12685,1,2
12686,1,1
12687,1,1
12689,1,2
12690,1,1
12691,1,1
12693,1,2
12694,1,1
12695,1,1
12696,1,1
12698,1,2
12699,1,1
12700,1,1
12702,2,2
12703,1,1
12704,1,1
12705,1,1
12707,1,2
12708,1,1
12709,1,1
12710,1,1
12712,1,2
12713,1,1
12714,1,1
12715,0,1
12717,1,2
12718,1,1
12719,1,1
12720,0,1
12722,1,2
12723,1,1
12724,1,1
12726,1,2
12727,1,1
12728,1,1
12729,0,1
12731,1,2
12732,1,1
12733,1,1
12735,1,2
12736,1,1
12737,1,1
12738,1,1
12740,1,2
12741,1,1
12742,1,1
12743,1,1
12745,1,2
12746,1,1
12747,1,1
12748,1,1
12750,1,2
12751,1,1
12752,1,1
12753,1,1
12755,1,2
12756,1,1
12757,1,1
12758,1,1
12759,0,1
12761,1,2
12762,1,1
12763,1,1
12765,1,2
12766,1,1
12767,1,1
12769,2,2
12770,1,1
12771,1,1
12772,1,1
12774,1,2
12775,1,1
12776,1,1
12778,2,2
12779,1,1
12780,1,1
12781,1,1
12783,1,2
12784,1,1
12785,1,1
12786,0,1
12788,1,2
12789,1,1
12790,1,1
12792,1,2
12793,1,1
12794,1,1
12796,1,2
12797,1,1
12798,1,1
12799,1,1
12801,1,2
12802,1,1
12803,1,1
12804,0,1
12806,1,2
12807,1,1
12808,1,1
12810,1,2
12811,1,1
12812,0,1
12814,1,2
12815,1,1
12817,1,2
12818,1,1
12819,1,1
12821,1,2
12822,1,1
12823,1,1
12824,0,1
12826,1,2
12827,1,1
12828,0,1
12830,1,2
12831,1,1
12832,1,1
12834,1,2
12838,4,4
12838,3,0
12838,1,0
12839,1,1
12840,1,1
12841,1,1
12843,1,2
12844,1,1
12845,1,1
12846,0,1
12848,1,2
12849,1,1
12850,1,1
12852,1,2
12853,1,1
12854,1,1
12855,1,1
12857,1,2
12858,1,1
12859,1,1
12860,1,1
12862,1,2
12863,1,1
12864,1,1
12866,2,2
12867,1,1
12868,1,1
12869,1,1
12871,2,2
12872,1,1
12873,1,1
12875,2,2
12876,2,1
12877,1,1
12878,1,1
12879,1,1
12881,1,2
12882,1,1
12883,1,1
12884,1,1
12886,1,2
12887,1,1
12888,1,1
12890,2,2
12891,1,1
12892,1,1
12893,1,1
12894,1,1
12896,1,2
12897,1,1
12898,1,1
12899,1,1
12901,1,2
12902,1,1
12903,1,1
12904,1,1
12906,1,2
12907,1,1
12908,1,1
12910,1,2
12911,1,1
12912,1,1
12913,1,1
12915,1,2
12916,1,1
12917,1,1
12919,1,2
12920,1,1
12921,1,1
12922,1,1
12924,1,2
12925,1,1
12927,2,2
12928,1,1
12929,1,1
12930,1,1
12931,1,1
12932,0,1
12934,1,2
12935,1,1
12936,1,1
12938,1,2
12939,1,1
12940,1,1
12941,0,1
12943,1,2
12944,1,1
12945,1,1
12947,1,2
12948,1,1
12949,1,1
12950,1,1
12952,1,2
12953,1,1
12954,1,1
12955,0,1
12957,1,2
12958,1,1
12959,1,1
12960,0,1
12962,1,2
12963,1,1
12964,1,1
12966,1,2
12967,1,1
12968,1,1
12970,2,2
12971,1,1
12972,1,1
12973,1,1
12974,1,1
12976,1,2
12977,1,1
12978,1,1
12979,1,1
12981,1,2
12982,1,1
12983,1,1
12984,0,1
12986,1,2
12987,1,1
12988,1,1
12990,1,2
12991,1,1
12992,1,1
12993,1,1
12995,1,2
12996,1,1
12997,1,1
12998,1,1
12999,0,1
13001,1,2
13002,1,1
13003,1,1
13004,0,1
13006,1,2
13007,1,1
13008,1,1
13009,1,1
13011,1,2
13012,1,1
13013,1,1
13014,1,1
13017,2,3
13017,1,0
13018,1,1
13019,1,1
13021,1,2
13022,1,1
13023,1,1
13024,1,1
13026,1,2
13027,1,1
13028,0,1
13030,1,2
13031,1,1
13032,0,1
13034,1,2
13035,1,1
13036,0,1
13038,1,2
13039,1,1
13041,1,2
13042,1,1
13043,1,1
13044,0,1
13046,1,2
13047,1,1
13049,1,2
13050,1,1
13051,1,1
13052,0,1
13054,1,2
13055,1,1
13056,0,1
13058,1,2
13059,1,1
13060,0,1
13062,1,2
13063,1,1
13064,1,1
13066,1,2
13067,1,1
13068,1,1
13070,1,2
13071,1,1
13072,1,1
13074,1,2
13075,1,1
13076,1,1
13078,1,2
13079,1,1
13081,1,2
13082,1,1
13084,1,2
13085,1,1
13087,1,2
13088,1,1
13089,0,1
13091,1,2
13092,1,1
13093,1,1
13095,1,2
13096,1,1
13097,1,1
13098,0,1
13100,1,2
13101,1,1
13102,1,1
13103,0,1
13105,1,2
13106,1,1
13107,0,1
13109,1,2
13110,1,1
13111,0,1
13113,1,2
