time (ms),latency (ms),consume (ms)
0,11,0
1,7,1
1,5,0
1,4,0
3,4,2
4,3,1
5,2,1
8,4,3
9,3,1
9,2,0
10,1,1
13,2,3
15,2,2
17,1,2
19,1,2
21,1,2
23,1,2
25,1,2
28,2,3
30,2,2
32,2,2
34,2,2
36,2,2
38,2,2
40,1,2
42,1,2
44,1,2
46,1,2
48,1,2
50,1,2
53,2,3
55,2,2
57,1,2
59,1,2
61,1,2
64,1,3
66,1,2
68,1,2
70,1,2
73,2,3
75,1,2
77,1,2
79,2,2
81,2,2
83,2,2
85,2,2
88,2,3
89,1,1
91,1,2
93,2,2
94,1,1
96,2,2
98,2,2
99,1,1
101,2,2
103,2,2
104,1,1
106,2,2
107,1,1
109,1,2
110,1,1
112,1,2
114,2,2
116,2,2
117,1,1
119,2,2
120,1,1
122,2,2
124,2,2
125,1,1
127,2,2
128,1,1
130,2,2
131,1,1
133,2,2
134,1,1
136,2,2
137,1,1
138,1,1
140,1,2
141,1,1
144,3,3
145,2,1
146,1,1
148,2,2
149,1,1
151,2,2
152,2,1
153,1,1
155,2,2
156,1,1
158,2,2
159,1,1
161,2,2
162,1,1
164,2,2
165,1,1
167,2,2
168,1,1
170,2,2
171,1,1
173,2,2
174,1,1
175,1,1
177,1,2
178,1,1
180,2,2
181,1,1
183,2,2
184,1,1
186,2,2
187,1,1
190,3,3
191,1,1
193,2,2
194,1,1
197,2,3
198,1,1
200,2,2
201,1,1
203,2,2
205,2,2
206,1,1
208,1,2
210,2,2
212,2,2
213,1,1
215,2,2
216,1,1
217,1,1
219,1,2
220,1,1
222,2,2
224,2,2
225,1,1
226,1,1
228,2,2
230,2,2
231,1,1
234,1,3
235,1,1
238,2,3
240,2,2
242,2,2
243,1,1
245,1,2
247,2,2
248,1,1
250,1,2
252,1,2
254,1,2
256,1,2
258,1,2
261,2,3
263,2,2
265,2,2
267,1,2
269,1,2
270,1,1
272,1,2
274,2,2
276,2,2
277,1,1
278,1,1
280,1,2
283,2,3
285,2,2
286,1,1
287,1,1
289,1,2
290,1,1
292,1,2
294,1,2
296,1,2
298,1,2
300,1,2
301,1,1
303,2,2
304,1,1
305,1,1
307,1,2
308,1,1
310,2,2
311,1,1
313,2,2
314,1,1
316,2,2
317,1,1
322,4,5
323,2,1
324,2,1
326,2,2
327,1,1
329,1,2
330,1,1
332,1,2
333,1,1
335,1,2
336,1,1
338,1,2
339,1,1
341,1,2
342,1,1
344,1,2
345,1,1
347,1,2
348,1,1
350,1,2
351,1,1
353,1,2
354,1,1
356,1,2
357,1,1
359,1,2
361,2,2
362,1,1
364,2,2
382,18,18
382,17,0
382,15,0
382,13,0
382,12,0
382,10,0
382,7,0
382,5,0
383,5,1
383,4,0
383,2,0
384,2,1
385,1,1
386,1,1
388,1,2
389,1,1
390,1,1
392,1,2
393,1,1
395,2,2
396,1,1
397,1,1
399,2,2
400,1,1
401,1,1
403,2,2
404,1,1
406,1,2
407,1,1
409,1,2
411,2,2
412,1,1
415,1,3
417,2,2
418,1,1
419,1,1
421,1,2
422,1,1
425,2,3
427,2,2
428,1,1
430,2,2
431,1,1
433,2,2
434,1,1
436,2,2
437,1,1
439,2,2
440,1,1
442,2,2
443,1,1
445,2,2
446,1,1
448,2,2
449,1,1
450,1,1
452,2,2
453,1,1
455,2,2
456,1,1
458,2,2
459,1,1
460,1,1
462,2,2
463,1,1
465,2,2
466,1,1
468,2,2
469,1,1
470,1,1
472,2,2
473,1,1
475,2,2
476,1,1
477,1,1
479,2,2
480,1,1
482,2,2
483,1,1
485,2,2
486,2,1
487,1,1
489,2,2
490,1,1
491,1,1
493,2,2
494,1,1
495,1,1
497,1,2
498,1,1
500,2,2
501,1,1
502,1,1
504,2,2
505,1,1
506,1,1
508,1,2
509,1,1
511,2,2
512,1,1
513,1,1
519,6,6
519,4,0
520,3,1
520,2,0
521,2,1
522,1,1
524,2,2
525,1,1
527,2,2
528,1,1
529,1,1
531,2,2
534,3,3
535,1,1
537,2,2
538,1,1
539,1,1
541,2,2
542,1,1
543,1,1
545,2,2
546,1,1
547,1,1
548,1,1
550,1,2
551,1,1
552,1,1
554,1,2
555,1,1
557,2,2
558,1,1
559,1,1
561,2,2
562,1,1
563,1,1
565,2,2
566,1,1
567,1,1
569,2,2
570,1,1
571,1,1
573,2,2
574,1,1
575,1,1
577,2,2
578,1,1
579,1,1
581,1,2
582,1,1
583,1,1
585,1,2
586,1,1
588,2,2
589,1,1
590,1,1
592,2,2
593,1,1
594,1,1
596,2,2
597,1,1
599,2,2
600,1,1
601,1,1
603,1,2
605,2,2
606,1,1
609,3,3
609,2,0
610,1,1
611,1,1
613,1,2
615,1,2
616,1,1
617,1,1
619,1,2
620,1,1
622,1,2
623,1,1
625,2,2
626,1,1
628,1,2
629,1,1
631,2,2
632,1,1
633,1,1
635,2,2
636,1,1
637,1,1
638,1,1
640,2,2
641,1,1
642,1,1
644,2,2
645,1,1
647,2,2
648,2,1
649,1,1
650,1,1
652,2,2
653,1,1
655,2,2
656,2,1
657,1,1
658,1,1
660,2,2
662,2,2
662,1,0
664,2,2
665,1,1
666,1,1
668,2,2
669,1,1
670,1,1
672,2,2
673,1,1
674,1,1
675,1,1
677,1,2
678,1,1
679,1,1
681,1,2
682,1,1
683,1,1
685,1,2
686,1,1
687,1,1
689,1,2
690,1,1
691,1,1
693,1,2
694,1,1
695,1,1
697,1,2
698,1,1
699,1,1
702,3,3
706,5,4
707,5,1
708,4,1
708,3,0
709,2,1
709,1,0
710,1,1
712,2,2
713,1,1
714,1,1
716,1,2
717,1,1
719,2,2
720,1,1
721,1,1
723,2,2
724,1,1
725,1,1
727,2,2
728,1,1
729,1,1
731,2,2
732,1,1
734,2,2
735,1,1
736,1,1
737,1,1
739,1,2
742,1,3
744,2,2
745,1,1
746,1,1
751,1,5
752,1,1
754,1,2
755,1,1
756,1,1
759,2,3
759,1,0
760,1,1
762,1,2
770,8,8
770,7,0
770,5,0
770,4,0
770,3,0
770,1,0
775,5,5
775,4,0
777,5,2
777,3,0
778,3,1
778,2,0
779,1,1
783,4,4
783,3,0
783,1,0
798,3,15
798,1,0
799,1,1
801,1,2
802,1,1
803,1,1
805,1,2
806,1,1
807,1,1
809,1,2
811,2,2
811,1,0
813,1,2
814,1,1
815,1,1
817,1,2
818,1,1
819,1,1
821,1,2
822,1,1
823,1,1
825,1,2
826,1,1
827,1,1
829,1,2
830,1,1
831,1,1
833,2,2
834,1,1
835,1,1
837,2,2
838,1,1
839,1,1
840,1,1
842,1,2
843,1,1
845,1,2
846,1,1
847,1,1
849,1,2
850,1,1
851,1,1
853,1,2
854,1,1
855,1,1
858,2,3
858,1,0
859,1,1
861,1,2
862,1,1
863,1,1
865,1,2
866,1,1
867,1,1
869,1,2
870,1,1
871,1,1
873,1,2
874,1,1
875,1,1
877,1,2
878,1,1
879,1,1
881,1,2
882,1,1
883,1,1
885,1,2
886,1,1
887,1,1
889,1,2
890,1,1
891,1,1
893,1,2
894,1,1
895,1,1
897,1,2
898,1,1
899,1,1
900,0,1
902,1,2
903,1,1
905,2,2
906,1,1
907,1,1
909,2,2
910,1,1
911,1,1
912,1,1
914,1,2
915,1,1
916,1,1
917,1,1
919,1,2
920,1,1
921,1,1
923,1,2
924,1,1
925,1,1
926,1,1
928,1,2
929,1,1
930,1,1
932,2,2
933,1,1
934,1,1
935,1,1
939,3,4
939,1,0
940,1,1
942,2,2
943,1,1
944,1,1
946,1,2
947,1,1
949,2,2
950,1,1
951,1,1
953,1,2
954,1,1
956,2,2
957,1,1
959,2,2
960,1,1
962,2,2
963,1,1
964,1,1
966,1,2
967,1,1
970,2,3
971,2,1
972,1,1
973,1,1
975,2,2
976,1,1
977,1,1
979,2,2
980,1,1
981,1,1
983,2,2
984,1,1
985,1,1
987,2,2
988,1,1
989,1,1
990,1,1
992,1,2
993,1,1
995,1,2
996,1,1
997,0,1
999,1,2
1000,1,1
1002,1,2
1003,1,1
1004,0,1
1006,1,2
1008,2,2
1009,1,1
1010,1,1
1012,2,2
1013,1,1
1014,1,1
1015,1,1
1017,1,2
1018,1,1
1019,1,1
1020,0,1
1022,1,2
1023,1,1
1024,1,1
1026,1,2
1027,1,1
1028,1,1
1030,1,2
1031,1,1
1032,1,1
1034,1,2
1035,1,1
1036,1,1
1038,1,2
1039,1,1
1040,1,1
1041,0,1
1043,1,2
1044,1,1
1046,1,2
1047,1,1
1048,1,1
1050,1,2
1051,1,1
1055,4,4
1056,3,1
1056,2,0
1056,1,0
1058,1,2
1059,1,1
1060,1,1
1062,1,2
1063,1,1
1064,1,1
1066,1,2
1067,1,1
1068,1,1
1070,2,2
1071,1,1
1072,1,1
1074,2,2
1075,1,1
1076,1,1
1078,2,2
1079,1,1
1080,1,1
1081,1,1
1083,1,2
1084,1,1
1085,1,1
1087,2,2
1088,1,1
1089,1,1
1090,1,1
1092,1,2
1093,1,1
1094,1,1
1095,1,1
1097,1,2
1098,1,1
1099,1,1
1101,1,2
1102,1,1
1103,1,1
1105,2,2
1106,1,1
1107,1,1
1108,1,1
1110,1,2
1111,1,1
1112,1,1
1114,1,2
1115,1,1
1116,1,1
1118,2,2
1119,1,1
1120,1,1
1122,2,2
1123,1,1
1124,1,1
1126,1,2
1127,1,1
1128,1,1
1130,1,2
1131,1,1
1132,1,1
1134,1,2
1135,1,1
1136,1,1
1138,1,2
1139,1,1
1140,1,1
1142,1,2
1144,1,2
1146,1,2
1147,1,1
1148,1,1
1150,1,2
1151,1,1
1152,1,1
1153,0,1
1155,1,2
1156,1,1
1157,1,1
1159,1,2
1160,1,1
1161,1,1
1163,1,2
1164,1,1
1165,1,1
1167,1,2
1168,1,1
1169,1,1
1171,1,2
1172,1,1
1173,1,1
1174,0,1
1176,1,2
1177,1,1
1178,1,1
1180,1,2
1181,1,1
1182,1,1
1184,1,2
1185,1,1
1186,1,1
1187,0,1
1189,1,2
1190,1,1
1191,0,1
1193,1,2
1194,1,1
1195,1,1
1197,1,2
1198,1,1
1199,1,1
1201,1,2
1202,1,1
1203,1,1
1205,1,2
1206,1,1
1207,1,1
1209,1,2
1210,1,1
1211,1,1
1213,1,2
1214,1,1
1215,1,1
1216,1,1
1218,1,2
1219,1,1
1220,1,1
1222,1,2
1223,1,1
1224,1,1
1226,1,2
1227,1,1
1228,1,1
1230,1,2
1231,1,1
1232,1,1
1233,0,1
1235,1,2
1236,1,1
1237,0,1
1239,1,2
1240,1,1
1242,1,2
1243,1,1
1244,1,1
1246,1,2
1247,1,1
1248,1,1
1250,1,2
1251,1,1
1252,1,1
1253,0,1
1255,1,2
1256,1,1
1258,1,2
1259,1,1
1260,1,1
1262,1,2
1263,1,1
1264,1,1
1266,1,2
1267,1,1
1268,1,1
1270,1,2
1271,1,1
1272,1,1
1274,1,2
1275,1,1
1276,1,1
1277,0,1
1279,1,2
1280,1,1
1282,1,2
1283,1,1
1284,1,1
1285,0,1
1288,1,3
1290,1,2
1292,1,2
1294,1,2
1296,1,2
1298,1,2
1300,1,2
1302,1,2
1304,1,2
1306,1,2
1308,1,2
1310,1,2
1312,1,2
1314,1,2
1316,1,2
1318,1,2
1320,2,2
1323,3,3
1327,6,4
1327,5,0
1327,3,0
1328,3,1
1328,2,0
1329,1,1
1330,1,1
1332,2,2
1333,1,1
1334,1,1
1335,1,1
1337,1,2
1338,1,1
1339,1,1
1341,1,2
1342,1,1
1343,1,1
1344,1,1
1346,1,2
1347,1,1
1348,1,1
1350,1,2
1351,1,1
1352,1,1
1353,1,1
1355,1,2
1356,1,1
1357,1,1
1359,1,2
1360,1,1
1361,1,1
1363,1,2
1364,1,1
1367,1,3
1368,1,1
1370,1,2
1371,1,1
1373,2,2
1374,1,1
1375,1,1
1377,1,2
1378,1,1
1379,1,1
1381,1,2
1382,1,1
1383,1,1
1385,2,2
1386,1,1
1387,1,1
1389,2,2
1390,1,1
1391,1,1
1392,1,1
1394,1,2
1395,1,1
1396,1,1
1398,1,2
1399,1,1
1400,1,1
1402,1,2
1403,1,1
1404,1,1
1406,1,2
1407,1,1
1408,1,1
1410,1,2
1411,1,1
1412,1,1
1414,1,2
1415,1,1
1416,1,1
1418,1,2
1419,1,1
1420,1,1
1422,1,2
1423,1,1
1424,1,1
1426,1,2
1427,1,1
1428,1,1
1430,2,2
1431,1,1
1432,1,1
1434,2,2
1435,1,1
1436,1,1
1437,1,1
1439,1,2
1440,1,1
1441,1,1
1443,1,2
1444,1,1
1445,1,1
1447,1,2
1448,1,1
1449,1,1
1451,2,2
1452,1,1
1453,1,1
1454,1,1
1456,1,2
1457,1,1
1458,1,1
1460,1,2
1461,1,1
1462,1,1
1463,1,1
1465,1,2
1466,1,1
1467,1,1
1474,6,7
1474,5,0
1474,4,0
1474,2,0
1474,1,0
1475,1,1
1477,1,2
1478,1,1
1479,1,1
1480,0,1
1482,1,2
1483,1,1
1485,2,2
1486,1,1
1487,1,1
1488,1,1
1490,1,2
1491,1,1
1492,1,1
1494,1,2
1495,1,1
1496,1,1
1498,1,2
1499,1,1
1500,1,1
1502,1,2
1503,1,1
1505,1,2
1506,1,1
1507,1,1
1509,1,2
1510,1,1
1511,1,1
1513,1,2
1514,1,1
1515,1,1
1517,1,2
1518,1,1
1520,2,2
1521,1,1
1522,1,1
1524,2,2
1525,1,1
1526,1,1
1528,1,2
1529,1,1
1530,1,1
1532,1,2
1533,1,1
1534,1,1
1536,1,2
1537,1,1
1538,1,1
1540,2,2
1541,1,1
1542,1,1
1544,2,2
1545,1,1
1546,1,1
1547,1,1
1549,1,2
1550,1,1
1551,1,1
1553,2,2
1554,1,1
1555,1,1
1557,2,2
1558,1,1
1559,1,1
1560,1,1
1562,1,2
1563,1,1
1564,1,1
1566,2,2
1567,1,1
1568,1,1
1570,1,2
1571,1,1
1572,1,1
1574,2,2
1575,1,1
1576,1,1
1578,2,2
1579,1,1
1580,1,1
1581,1,1
1583,1,2
1584,1,1
1585,1,1
1587,1,2
1588,1,1
1589,1,1
1591,1,2
1592,1,1
1595,1,3
1596,1,1
1598,1,2
1599,1,1
1601,2,2
1602,1,1
1603,1,1
1605,1,2
1606,1,1
1607,1,1
1609,1,2
1610,1,1
1611,1,1
1613,1,2
1614,1,1
1615,1,1
1617,1,2
1618,1,1
1619,1,1
1621,1,2
1622,1,1
1623,1,1
1625,1,2
1626,1,1
1627,1,1
1629,1,2
1630,1,1
1631,1,1
1633,1,2
1634,1,1
1636,2,2
1637,2,1
1638,1,1
1639,1,1
1640,1,1
1642,1,2
1643,1,1
1644,1,1
1646,1,2
1647,1,1
1648,1,1
1650,1,2
1651,1,1
1652,1,1
1654,1,2
1655,1,1
1656,1,1
1658,2,2
1659,1,1
1660,1,1
1661,1,1
1663,1,2
1664,1,1
1665,1,1
1668,2,3
1668,1,0
1669,1,1
1671,1,2
1672,1,1
1673,1,1
1675,2,2
1676,1,1
1677,1,1
1678,1,1
1680,1,2
1681,1,1
1682,1,1
1684,2,2
1685,1,1
1686,1,1
1687,1,1
1689,1,2
1690,1,1
1691,1,1
1693,2,2
1694,1,1
1695,1,1
1696,1,1
1698,2,2
1699,1,1
1700,1,1
1701,1,1
1703,1,2
1704,1,1
1705,1,1
1707,2,2
1708,1,1
1709,1,1
1710,1,1
1712,1,2
1713,1,1
1714,1,1
1716,2,2
1717,1,1
1718,1,1
1719,1,1
1721,1,2
1722,1,1
1723,1,1
1725,1,2
1726,1,1
1727,1,1
1729,2,2
1730,1,1
1731,1,1
1732,1,1
1734,1,2
1735,1,1
1736,1,1
1738,1,2
1739,1,1
1740,1,1
1742,1,2
1743,1,1
1744,1,1
1746,2,2
1747,1,1
1748,1,1
1749,1,1
1751,1,2
1752,1,1
1753,1,1
1755,1,2
1756,1,1
1757,1,1
1759,1,2
1760,1,1
1761,1,1
1763,1,2
1764,1,1
1765,1,1
1767,1,2
1768,1,1
1770,2,2
1771,1,1
1772,1,1
1773,1,1
1775,1,2
1776,1,1
1777,1,1
1779,2,2
1780,1,1
1781,1,1
1783,2,2
1784,1,1
1785,1,1
1786,1,1
1788,1,2
1789,1,1
1790,1,1
1791,0,1
1793,1,2
1794,1,1
1795,1,1
1797,1,2
1798,1,1
1799,1,1
1801,1,2
1802,1,1
1803,1,1
1805,1,2
1806,1,1
1807,1,1
1809,1,2
1810,1,1
1811,1,1
1813,1,2
1814,1,1
1815,1,1
1817,1,2
1818,1,1
1819,1,1
1821,1,2
1822,1,1
1823,1,1
1825,1,2
1826,1,1
1827,1,1
1829,1,2
1830,1,1
1831,1,1
1833,1,2
1834,1,1
1835,1,1
1837,1,2
1838,1,1
1840,2,2
1841,1,1
1842,1,1
1843,1,1
1845,1,2
1846,1,1
1847,1,1
1849,1,2
1850,1,1
1851,1,1
1853,1,2
1855,2,2
1856,1,1
1857,1,1
1859,1,2
1860,1,1
1861,1,1
1863,1,2
1864,1,1
1865,1,1
1867,1,2
1868,1,1
1869,1,1
1871,1,2
1872,1,1
1873,1,1
1875,1,2
1876,1,1
1877,1,1
1879,1,2
1880,1,1
1881,1,1
1886,4,5
1886,3,0
1886,2,0
1888,2,2
1888,1,0
1889,1,1
1891,1,2
1892,1,1
1893,1,1
1899,5,6
1900,1,1
1902,1,2
1903,1,1
1904,1,1
1906,1,2
1907,1,1
1908,1,1
1910,1,2
1911,1,1
1912,1,1
1914,1,2
1915,1,1
1916,1,1
1918,1,2
1919,1,1
1920,1,1
1922,1,2
1926,4,4
1927,3,1
1927,2,0
1928,1,1
1929,1,1
1931,1,2
1932,1,1
1933,1,1
1935,1,2
1936,1,1
1938,1,2
1939,1,1
1940,1,1
1942,1,2
1943,1,1
1944,1,1
1946,1,2
1947,1,1
1949,1,2
1950,1,1
1951,1,1
1953,1,2
1954,1,1
1955,1,1
1957,1,2
1958,1,1
1960,1,2
1961,1,1
1962,1,1
1965,2,3
1966,2,1
1967,1,1
1968,1,1
1970,1,2
1971,1,1
1972,1,1
1974,1,2
1975,1,1
1976,0,1
1978,1,2
1979,1,1
1981,1,2
1982,1,1
1983,1,1
1985,1,2
1986,1,1
1987,1,1
1989,1,2
1990,1,1
1992,1,2
1993,1,1
1994,1,1
1996,1,2
1997,1,1
1998,1,1
2000,1,2
2001,1,1
2003,2,2
2004,1,1
2005,1,1
2007,1,2
2008,1,1
2009,1,1
2011,1,2
2012,1,1
2013,1,1
2015,1,2
2016,1,1
2018,1,2
2019,1,1
2020,1,1
2022,1,2
2023,1,1
2024,1,1
2026,1,2
2027,1,1
2028,0,1
2030,1,2
2031,1,1
2033,1,2
2034,1,1
2035,1,1
2037,1,2
2038,1,1
2039,1,1
2041,1,2
2042,1,1
2043,1,1
2045,1,2
2046,1,1
2048,1,2
2049,1,1
2050,1,1
2052,1,2
2053,1,1
2054,1,1
2056,1,2
2057,1,1
2058,1,1
2060,1,2
2061,1,1
2063,1,2
2064,1,1
2065,1,1
2067,1,2
2068,1,1
2069,1,1
2071,1,2
2072,1,1
2073,0,1
2075,1,2
2076,1,1
2078,1,2
2079,1,1
2080,1,1
2082,1,2
2083,1,1
2084,1,1
2086,1,2
2087,1,1
2089,1,2
2090,1,1
2091,1,1
2093,1,2
2094,1,1
2095,1,1
2097,1,2
2098,1,1
2099,1,1
2101,1,2
2103,2,2
2104,1,1
2105,1,1
2106,1,1
2108,1,2
2109,1,1
2110,1,1
2112,1,2
2113,1,1
2115,2,2
2116,1,1
2117,1,1
2119,1,2
2120,1,1
2121,1,1
2123,1,2
2124,1,1
2125,1,1
2127,1,2
2128,1,1
2130,1,2
2131,1,1
2132,1,1
2134,1,2
2135,1,1
2136,1,1
2138,1,2
2139,1,1
2140,1,1
2142,1,2
2143,1,1
2144,0,1
2146,1,2
2147,1,1
2149,1,2
2150,1,1
2151,1,1
2153,1,2
2154,1,1
2155,1,1
2157,1,2
2158,1,1
2159,1,1
2161,1,2
2162,1,1
2164,1,2
2165,1,1
2166,1,1
2168,1,2
2169,1,1
2170,1,1
2172,1,2
2173,1,1
2175,2,2
2176,1,1
2177,1,1
2179,1,2
2180,1,1
2181,1,1
2183,1,2
2185,2,2
2186,1,1
2187,1,1
2189,1,2
2190,1,1
2191,1,1
2193,1,2
2194,1,1
2195,1,1
2197,1,2
2198,1,1
2200,1,2
2201,1,1
2202,1,1
2204,1,2
2205,1,1
2207,2,2
2208,1,1
2209,1,1
2211,1,2
2212,1,1
2213,1,1
2215,1,2
2216,1,1
2217,1,1
2219,1,2
2220,1,1
2222,1,2
2223,1,1
2225,2,2
2226,1,1
2227,1,1
2229,1,2
2230,1,1
2231,1,1
2233,1,2
2234,1,1
2236,2,2
2237,1,1
2238,1,1
2240,1,2
2241,1,1
2242,1,1
2244,1,2
2245,1,1
2246,1,1
2248,1,2
2249,1,1
2250,1,1
2252,1,2
2253,1,1
2254,1,1
2256,1,2
2257,1,1
2258,1,1
2260,1,2
2261,1,1
2262,1,1
2264,1,2
2265,1,1
2267,1,2
2268,1,1
2269,1,1
2271,1,2
2272,1,1
2274,1,2
2275,1,1
2277,2,2
2278,1,1
2279,1,1
2281,1,2
2282,1,1
2283,1,1
2285,1,2
2286,1,1
2288,1,2
2289,1,1
2291,2,2
2292,1,1
2293,1,1
2295,1,2
2296,1,1
2298,1,2
2299,1,1
2300,1,1
2302,1,2
2303,1,1
2305,1,2
2306,1,1
2308,2,2
2309,1,1
2311,2,2
2312,1,1
2314,2,2
2315,1,1
2316,1,1
2318,1,2
2322,4,4
2327,8,5
2327,6,0
2329,7,2
2330,6,1
2330,5,0
2330,3,0
2330,2,0
2330,1,0
2332,1,2
2333,1,1
2335,1,2
2336,1,1
2338,2,2
2339,1,1
2340,1,1
2342,1,2
2343,1,1
2345,2,2
2346,1,1
2347,1,1
2349,1,2
2350,1,1
2351,1,1
2353,1,2
2354,1,1
2355,1,1
2357,1,2
2358,1,1
2360,2,2
2361,1,1
2362,1,1
2364,2,2
2365,1,1
2366,1,1
2368,2,2
2369,1,1
2370,1,1
2372,1,2
2373,1,1
2374,1,1
2376,1,2
2377,1,1
2379,2,2
2380,1,1
2381,1,1
2383,1,2
2384,1,1
2385,1,1
2387,1,2
2388,1,1
2390,1,2
2391,1,1
2392,1,1
2394,1,2
2395,1,1
2397,1,2
2398,1,1
2399,1,1
2401,1,2
2402,1,1
2404,1,2
2405,1,1
2407,1,2
2408,1,1
2410,2,2
2411,1,1
2412,1,1
2414,1,2
2415,1,1
2416,1,1
2418,1,2
2419,1,1
2421,1,2
2422,1,1
2423,1,1
2425,1,2
2426,1,1
2428,1,2
2429,1,1
2431,2,2
2432,1,1
2433,1,1
2435,1,2
2436,1,1
2438,2,2
2439,1,1
2440,1,1
2442,1,2
2443,1,1
2444,1,1
2453,8,9
2453,7,0
2453,6,0
2453,4,0
2453,3,0
2453,1,0
2454,1,1
2456,1,2
2457,1,1
2459,2,2
2460,1,1
2461,1,1
2463,1,2
2464,1,1
2465,1,1
2467,1,2
2468,1,1
2470,1,2
2471,1,1
2472,1,1
2474,1,2
2475,1,1
2477,1,2
2478,1,1
2480,2,2
2481,1,1
2482,1,1
2484,1,2
2485,1,1
2486,1,1
2488,1,2
2490,2,2
2491,2,1
2492,1,1
2493,1,1
2495,1,2
2496,1,1
2498,2,2
2499,1,1
2500,1,1
2502,1,2
2503,1,1
2504,1,1
2506,1,2
2507,1,1
2508,0,1
2510,1,2
2511,1,1
2513,1,2
2514,1,1
2516,2,2
2517,1,1
2518,1,1
2520,1,2
2521,1,1
2522,1,1
2524,1,2
2525,1,1
2527,1,2
2528,1,1
2529,1,1
2531,1,2
2532,1,1
2533,1,1
2535,1,2
2536,1,1
2543,7,7
2543,5,0
2543,4,0
2543,2,0
2543,1,0
2544,1,1
2546,1,2
2547,1,1
2549,1,2
2550,1,1
2551,1,1
2552,0,1
2554,1,2
2555,1,1
2556,1,1
2558,1,2
2559,1,1
2560,1,1
2562,1,2
2563,1,1
2564,1,1
2566,1,2
2567,1,1
2568,1,1
2570,1,2
2571,1,1
2572,1,1
2574,1,2
2575,1,1
2576,1,1
2578,1,2
2579,1,1
2580,1,1
2582,1,2
2583,1,1
2584,1,1
2586,1,2
2587,1,1
2588,1,1
2590,1,2
2591,1,1
2592,1,1
2594,1,2
2595,1,1
2596,1,1
2598,1,2
2599,1,1
2600,1,1
2602,1,2
2603,1,1
2604,1,1
2606,1,2
2607,1,1
2608,1,1
2610,1,2
2611,1,1
2612,1,1
2614,1,2
2615,1,1
2616,1,1
2618,1,2
2619,1,1
2620,1,1
2621,0,1
2623,1,2
2624,1,1
2625,0,1
2627,1,2
2628,1,1
2629,0,1
2631,1,2
2632,1,1
2634,1,2
2635,1,1
2636,1,1
2637,0,1
2639,1,2
2640,1,1
2642,1,2
2643,1,1
2644,1,1
2645,0,1
2647,1,2
2648,1,1
2649,0,1
2651,1,2
2652,1,1
2654,1,2
2655,1,1
2656,1,1
2657,1,1
2659,1,2
2660,1,1
2661,1,1
2663,1,2
2664,1,1
2665,1,1
2666,1,1
2668,1,2
2669,1,1
2670,1,1
2672,2,2
2673,1,1
2674,1,1
2675,1,1
2677,1,2
2678,1,1
2679,1,1
2681,1,2
2682,1,1
2683,1,1
2684,1,1
2686,1,2
2687,1,1
2688,1,1
2690,2,2
2691,1,1
2692,1,1
2694,2,2
2695,1,1
2696,1,1
2697,1,1
2699,2,2
2700,1,1
2701,1,1
2703,2,2
2704,2,1
2705,1,1
2706,1,1
2708,2,2
2709,1,1
2710,1,1
2711,1,1
2713,2,2
2714,1,1
2715,1,1
2716,1,1
2718,2,2
2719,1,1
2720,1,1
2722,2,2
2723,1,1
2724,1,1
2725,1,1
2727,2,2
2728,1,1
2729,1,1
2730,1,1
2732,2,2
2733,1,1
2734,1,1
2735,1,1
2737,2,2
2738,1,1
2739,1,1
2740,1,1
2742,2,2
2743,1,1
2744,1,1
2746,2,2
2747,1,1
2748,1,1
2749,1,1
2751,2,2
2752,1,1
2753,1,1
2754,1,1
2756,2,2
2757,1,1
2758,1,1
2760,2,2
2761,2,1
2762,1,1
2763,1,1
2765,2,2
2766,2,1
2767,1,1
2768,1,1
2770,2,2
2771,1,1
2772,1,1
2773,1,1
2775,2,2
2776,1,1
2777,1,1
2778,1,1
2780,2,2
2781,1,1
2782,1,1
2783,1,1
2785,1,2
2786,1,1
2787,1,1
2789,2,2
2790,1,1
2791,1,1
2792,1,1
2794,2,2
2795,1,1
2796,1,1
2798,2,2
2799,1,1
2800,1,1
2801,1,1
2803,2,2
2804,1,1
2805,1,1
2806,1,1
2808,2,2
2809,1,1
2810,1,1
2811,1,1
2813,1,2
2814,1,1
2815,1,1
2817,2,2
2818,1,1
2819,1,1
2820,1,1
2822,2,2
2823,1,1
2824,1,1
2826,2,2
2827,1,1
2828,1,1
2829,1,1
2831,2,2
2832,1,1
2833,1,1
2834,1,1
2836,1,2
2837,1,1
2838,1,1
2840,2,2
2841,1,1
2842,1,1
2843,1,1
2845,2,2
2846,1,1
2847,1,1
2848,1,1
2850,1,2
2851,1,1
2852,1,1
2854,2,2
2855,1,1
2856,1,1
2857,1,1
2859,1,2
2860,1,1
2861,1,1
2863,2,2
2864,1,1
2865,1,1
2866,1,1
2868,2,2
2869,1,1
2870,1,1
2872,2,2
2873,1,1
2874,1,1
2875,1,1
2877,2,2
2878,1,1
2879,1,1
2880,1,1
2882,1,2
2883,1,1
2884,1,1
2886,2,2
2887,1,1
2888,1,1
2889,1,1
2891,2,2
2892,1,1
2893,1,1
2894,1,1
2896,1,2
2897,1,1
2898,1,1
2900,1,2
2901,1,1
2902,1,1
2903,1,1
2905,1,2
2906,1,1
2907,1,1
2908,1,1
2910,1,2
2911,1,1
2912,1,1
2913,0,1
2915,1,2
2916,1,1
2917,1,1
2919,1,2
2920,1,1
2921,1,1
2922,1,1
2924,1,2
2925,1,1
2926,1,1
2927,1,1
2929,1,2
2930,1,1
2931,1,1
2932,1,1
2933,0,1
2935,1,2
2936,1,1
2938,1,2
2939,1,1
2940,1,1
2941,1,1
2943,1,2
2944,1,1
2945,1,1
2946,1,1
2948,1,2
2949,1,1
2950,1,1
2951,0,1
2953,1,2
2954,1,1
2955,1,1
2956,0,1
2958,1,2
2959,1,1
2960,1,1
2962,1,2
2963,1,1
2964,1,1
2965,1,1
2967,1,2
2968,1,1
2969,1,1
2970,1,1
2971,0,1
2973,1,2
2974,1,1
2975,1,1
2976,0,1
2978,1,2
2979,1,1
2980,1,1
2981,0,1
2983,1,2
2984,1,1
2985,1,1
2987,1,2
2988,1,1
2989,1,1
2990,1,1
2991,0,1
2993,1,2
2994,1,1
2995,1,1
2996,0,1
2998,1,2
2999,1,1
3000,1,1
3002,1,2
3003,1,1
3004,1,1
3005,1,1
3007,1,2
3008,1,1
3009,1,1
3010,1,1
3012,1,2
3013,1,1
3014,1,1
3015,1,1
3017,1,2
3018,1,1
3019,1,1
3020,1,1
3021,0,1
3023,1,2
3024,1,1
3026,1,2
3027,1,1
3028,1,1
3029,0,1
3031,1,2
3032,1,1
3033,1,1
3034,0,1
3036,1,2
3037,1,1
3038,1,1
3040,1,2
3041,1,1
3042,1,1
3043,1,1
3044,0,1
3046,1,2
3047,1,1
3048,1,1
3050,1,2
3051,1,1
3052,1,1
3053,1,1
3055,1,2
3056,1,1
3058,1,2
3059,1,1
3060,1,1
3061,1,1
3063,1,2
3064,1,1
3065,1,1
3066,1,1
3068,1,2
3069,1,1
3070,1,1
3071,1,1
3072,0,1
3074,1,2
3075,1,1
3076,1,1
3078,1,2
3079,1,1
3080,1,1
3081,1,1
3083,1,2
3084,1,1
3085,1,1
3087,2,2
3088,1,1
3089,1,1
3090,1,1
3091,1,1
3093,1,2
3094,1,1
3095,1,1
3096,0,1
3098,1,2
3099,1,1
3100,1,1
3101,1,1
3103,1,2
3104,1,1
3105,1,1
3107,2,2
3108,1,1
3109,1,1
3110,1,1
3111,1,1
3113,1,2
3114,1,1
3115,1,1
3116,1,1
3118,1,2
3119,1,1
3120,1,1
3121,0,1
3123,1,2
3124,1,1
3125,1,1
3126,0,1
3128,1,2
3129,1,1
3130,1,1
3131,0,1
3133,1,2
3134,1,1
3135,1,1
3136,1,1
3138,1,2
3139,1,1
3140,1,1
3141,1,1
3143,1,2
3144,1,1
3145,1,1
3147,1,2
3148,1,1
3149,1,1
3150,1,1
3152,1,2
3153,1,1
3154,1,1
3155,1,1
3157,1,2
3158,1,1
3159,1,1
3160,1,1
3162,1,2
3163,1,1
3164,1,1
3165,1,1
3166,0,1
3168,1,2
3169,1,1
3170,1,1
3172,1,2
3173,1,1
3174,1,1
3175,1,1
3177,1,2
3178,1,1
3179,1,1
3180,1,1
3182,1,2
3183,1,1
3184,1,1
3185,1,1
3187,1,2
3188,1,1
3189,1,1
3190,0,1
3192,1,2
3193,1,1
3194,1,1
3195,0,1
3197,1,2
3198,1,1
3199,1,1
3202,3,3
3203,2,1
3205,2,2
3206,2,1
3207,1,1
3208,1,1
3210,1,2
3211,1,1
3213,1,2
3214,1,1
3215,1,1
3217,1,2
3218,1,1
3220,2,2
3221,1,1
3222,1,1
3223,1,1
3225,1,2
3226,1,1
3228,1,2
3229,1,1
3230,1,1
3231,0,1
3233,1,2
3234,1,1
3236,1,2
3237,1,1
3238,1,1
3240,1,2
3241,1,1
3243,2,2
3244,1,1
3245,1,1
3247,1,2
3248,1,1
3250,2,2
3251,1,1
3252,1,1
3254,1,2
3255,1,1
3256,1,1
3258,2,2
3259,1,1
3260,1,1
3261,1,1
3263,1,2
3264,1,1
3265,1,1
3267,1,2
3268,1,1
3269,1,1
3271,2,2
3272,1,1
3273,1,1
3275,2,2
3276,1,1
3277,1,1
3278,1,1
3280,1,2
3281,1,1
3282,1,1
3284,1,2
3285,1,1
3286,1,1
3287,1,1
3289,1,2
3290,1,1
3291,1,1
3293,1,2
3294,1,1
3295,1,1
3297,1,2
3298,1,1
3299,1,1
3300,1,1
3302,1,2
3303,1,1
3304,1,1
3306,1,2
3307,1,1
3308,1,1
3310,1,2
3311,1,1
3312,1,1
3314,1,2
3315,1,1
3316,1,1
3317,1,1
3320,2,3
3322,3,2
3326,5,4
3326,4,0
3326,3,0
3326,1,0
3327,1,1
3328,1,1
3330,1,2
3331,1,1
3332,1,1
3334,2,2
3335,1,1
3336,1,1
3338,2,2
3339,1,1
3341,2,2
3342,1,1
3343,1,1
3345,2,2
3346,1,1
3348,2,2
3349,1,1
3350,1,1
3352,1,2
3353,1,1
3355,1,2
3356,1,1
3358,1,2
3359,1,1
3361,1,2
3362,1,1
3364,1,2
3365,1,1
3367,1,2
3368,1,1
3369,1,1
3371,1,2
3373,2,2
3374,1,1
3375,1,1
3377,1,2
3378,1,1
3380,1,2
3381,1,1
3382,1,1
3384,1,2
3385,1,1
3387,1,2
3388,1,1
3389,1,1
3391,1,2
3392,1,1
3394,1,2
3395,1,1
3397,1,2
3398,1,1
3399,1,1
3401,1,2
3402,1,1
3403,1,1
3405,1,2
3406,1,1
3408,1,2
3409,1,1
3411,1,2
3412,1,1
3414,2,2
3415,1,1
3416,1,1
3417,0,1
3419,1,2
3421,2,2
3422,1,1
3423,1,1
3425,1,2
3426,1,1
3428,2,2
3429,1,1
3430,1,1
3432,2,2
3433,1,1
3434,1,1
3436,1,2
3437,1,1
3438,1,1
3440,1,2
3441,1,1
3443,1,2
3444,1,1
3445,1,1
3447,1,2
3448,1,1
3450,2,2
3451,1,1
3452,1,1
3454,2,2
3455,2,1
3456,1,1
3457,1,1
3458,1,1
3460,2,2
3461,1,1
3462,1,1
3463,1,1
3465,2,2
3466,1,1
3467,1,1
3468,1,1
3470,2,2
3471,1,1
3472,1,1
3473,1,1
3475,2,2
3476,1,1
3477,1,1
3482,5,5
3482,3,0
3482,2,0
3482,1,0
3484,2,2
3485,1,1
3486,1,1
3488,2,2
3489,1,1
3490,1,1
3491,1,1
3493,2,2
3494,1,1
3495,1,1
3497,2,2
3498,1,1
3499,1,1
3501,2,2
3502,1,1
3503,1,1
3505,2,2
3506,1,1
3507,1,1
3508,1,1
3510,2,2
3511,1,1
3512,1,1
3514,1,2
3515,1,1
3517,2,2
3518,1,1
3519,1,1
3521,1,2
3522,1,1
3523,1,1
3525,1,2
3526,1,1
3528,1,2
3529,1,1
3531,2,2
3532,1,1
3533,1,1
3535,1,2
3536,1,1
3538,1,2
3539,1,1
3541,1,2
3545,3,4
3545,2,0
3546,1,1
3547,1,1
3549,2,2
3550,1,1
3551,1,1
3552,1,1
3554,2,2
3555,1,1
3556,1,1
3557,1,1
3559,1,2
3560,1,1
3561,1,1
3563,1,2
3564,1,1
3565,1,1
3567,2,2
3568,1,1
3569,1,1
3570,1,1
3571,1,1
3573,1,2
3574,1,1
3575,1,1
3577,2,2
3578,1,1
3579,1,1
3580,1,1
3582,1,2
3583,1,1
3584,1,1
3585,1,1
3587,1,2
3588,1,1
3589,1,1
3591,1,2
3592,1,1
3593,1,1
3595,2,2
3599,4,4
3600,1,1
3601,1,1
3603,2,2
3604,1,1
3605,1,1
3606,1,1
3608,1,2
3609,1,1
3614,5,5
3614,3,0
3614,2,0
3614,1,0
3616,2,2
3617,1,1
3618,1,1
3619,1,1
3621,1,2
3622,1,1
3624,2,2
3624,1,0
3626,1,2
3627,1,1
3629,2,2
3630,1,1
3631,1,1
3632,1,1
3634,2,2
3635,1,1
3636,1,1
3637,1,1
3639,2,2
3640,1,1
3641,1,1
3642,1,1
3644,2,2
3645,1,1
3646,1,1
3647,1,1
3649,2,2
3650,1,1
3651,1,1
3652,1,1
3654,2,2
3655,1,1
3656,1,1
3657,1,1
3659,2,2
3660,1,1
3661,1,1
3662,1,1
3664,2,2
3665,1,1
3666,1,1
3667,1,1
3669,2,2
3670,1,1
3671,1,1
3672,1,1
3674,1,2
3675,1,1
3676,1,1
3677,1,1
3679,1,2
3680,1,1
3681,1,1
3683,2,2
3684,1,1
3687,3,3
3688,3,1
3688,1,0
3689,1,1
3690,1,1
3692,2,2
3693,1,1
3694,1,1
3695,1,1
3696,1,1
3698,1,2
3699,1,1
3700,1,1
3702,1,2
3703,1,1
3704,1,1
3708,4,4
3708,2,0
3708,1,0
3712,4,4
3712,2,0
3712,1,0
3714,2,2
3715,2,1
3716,1,1
3717,1,1
3718,1,1
3720,2,2
3721,1,1
3722,1,1
3723,1,1
3725,2,2
3726,1,1
3727,1,1
3728,1,1
3730,2,2
3731,1,1
3732,1,1
3733,1,1
3734,1,1
3736,1,2
3737,1,1
3738,1,1
3740,2,2
3741,1,1
3742,1,1
3743,1,1
3744,1,1
3746,1,2
3747,1,1
3748,1,1
3750,2,2
3751,1,1
3752,1,1
3753,1,1
3755,2,2
3756,1,1
3757,1,1
3758,1,1
3760,1,2
3761,1,1
3762,1,1
3763,1,1
3765,1,2
3766,1,1
3767,1,1
3768,1,1
3770,1,2
3771,1,1
3772,1,1
3773,1,1
3775,1,2
3776,1,1
3777,1,1
3778,1,1
3780,1,2
3781,1,1
3782,1,1
3785,3,3
3785,1,0
3786,1,1
3787,1,1
3790,3,3
3793,4,3
3793,3,0
3793,2,0
3794,1,1
3802,8,8
3806,11,4
3806,10,0
3806,8,0
3806,7,0
3806,6,0
3806,4,0
3806,3,0
3806,2,0
3806,1,0
3808,1,2
3809,1,1
3810,1,1
3812,1,2
3813,1,1
3814,1,1
3816,2,2
3817,1,1
3818,1,1
3819,1,1
3821,1,2
3822,1,1
3823,1,1
3824,1,1
3826,1,2
3827,1,1
3828,1,1
3829,1,1
3831,1,2
3832,1,1
3833,1,1
3835,2,2
3836,1,1
3837,1,1
3838,1,1
3840,1,2
3841,1,1
3842,1,1
3844,2,2
3845,1,1
3846,1,1
3847,1,1
3848,1,1
3850,1,2
3851,1,1
3852,1,1
3853,1,1
3859,5,6
3860,5,1
3860,4,0
3860,2,0
3860,1,0
3861,1,1
3862,1,1
3864,1,2
3865,1,1
3866,1,1
3867,1,1
3869,1,2
3870,1,1
3871,1,1
3872,1,1
3873,0,1
3875,1,2
3876,1,1
3877,1,1
3879,1,2
3881,1,2
3882,1,1
3884,1,2
3886,1,2
3887,1,1
3888,1,1
3889,1,1
3891,1,2
3892,1,1
3893,1,1
3895,1,2
3896,1,1
3897,1,1
3899,1,2
3900,1,1
3902,1,2
3903,1,1
3904,1,1
3905,1,1
3907,1,2
3908,1,1
3909,1,1
3911,1,2
3912,1,1
3913,1,1
3915,2,2
3916,1,1
3917,1,1
3918,1,1
3920,1,2
3921,1,1
3922,1,1
3923,1,1
3925,1,2
3926,1,1
3927,1,1
3929,1,2
3930,1,1
3931,1,1
3933,1,2
3934,1,1
3935,0,1
3937,1,2
3938,1,1
3940,1,2
3941,1,1
3943,1,2
3944,1,1
3946,1,2
3947,1,1
3948,1,1
3950,1,2
3951,1,1
3953,2,2
3954,1,1
3955,1,1
3957,1,2
3959,1,2
3960,1,1
3962,2,2
3963,1,1
3964,1,1
3966,2,2
3967,1,1
3968,1,1
3969,1,1
3970,1,1
3972,1,2
3973,1,1
3974,1,1
3976,1,2
3977,1,1
3978,1,1
3980,1,2
3981,1,1
3983,2,2
3984,2,1
3985,1,1
3986,1,1
3988,2,2
3989,1,1
3990,1,1
3991,1,1
3993,2,2
3994,1,1
3995,1,1
3997,2,2
3998,1,1
3999,1,1
4000,1,1
4002,1,2
4003,1,1
4004,1,1
4006,1,2
4007,1,1
4008,1,1
4010,2,2
4011,1,1
4012,1,1
4013,1,1
4015,1,2
4016,1,1
4017,1,1
4018,1,1
4020,1,2
4021,1,1
4022,1,1
4023,1,1
4025,1,2
4026,1,1
4027,1,1
4029,2,2
4030,1,1
4031,1,1
4032,1,1
4034,1,2
4035,1,1
4036,1,1
4037,1,1
4039,1,2
4040,1,1
4041,1,1
4043,1,2
4044,1,1
4045,1,1
4047,2,2
4048,1,1
4049,1,1
4050,1,1
4052,1,2
4053,1,1
4054,1,1
4056,2,2
4057,1,1
4058,1,1
4063,5,5
4063,3,0
4063,2,0
4064,2,1
4065,2,1
4066,1,1
4067,1,1
4069,2,2
4070,1,1
4071,1,1
4073,2,2
4074,1,1
4075,1,1
4076,1,1
4078,2,2
4079,1,1
4080,1,1
4081,1,1
4083,1,2
4084,1,1
4086,2,2
4087,1,1
4088,1,1
4089,1,1
4091,2,2
4092,1,1
4093,1,1
4095,2,2
4096,1,1
4097,1,1
4099,2,2
4100,1,1
4101,1,1
4102,1,1
4104,2,2
4105,1,1
4106,1,1
4108,2,2
4109,1,1
4110,1,1
4111,1,1
4113,2,2
4114,1,1
4115,1,1
4117,2,2
4118,1,1
4120,2,2
4121,2,1
4122,1,1
4123,1,1
4124,1,1
4126,1,2
4127,1,1
4128,1,1
4130,2,2
4131,1,1
4132,1,1
4133,1,1
4135,1,2
4136,1,1
4137,1,1
4139,1,2
4140,1,1
4141,1,1
4142,1,1
4144,1,2
4145,1,1
4146,1,1
4148,1,2
4149,1,1
4150,1,1
4152,2,2
4153,1,1
4154,1,1
4155,1,1
4157,1,2
4158,1,1
4159,1,1
4161,2,2
4162,1,1
4163,1,1
4164,1,1
4166,1,2
4167,1,1
4168,1,1
4169,0,1
4171,1,2
4172,1,1
4174,2,2
4175,1,1
4176,1,1
4177,1,1
4179,1,2
4180,1,1
4181,1,1
4183,2,2
4184,1,1
4185,1,1
4186,1,1
4188,1,2
4189,1,1
4190,1,1
4192,1,2
4193,1,1
4194,1,1
4195,1,1
4197,1,2
4198,1,1
4199,1,1
4200,1,1
4202,1,2
4203,1,1
4205,2,2
4206,1,1
4207,1,1
4208,1,1
4209,0,1
4211,1,2
4212,1,1
4213,1,1
4215,1,2
4216,1,1
4217,1,1
4219,1,2
4220,1,1
4221,1,1
4222,1,1
4224,1,2
4225,1,1
4226,1,1
4228,1,2
4229,1,1
4230,1,1
4231,1,1
4233,1,2
4234,1,1
4235,1,1
4237,1,2
4238,1,1
4239,1,1
4240,1,1
4242,1,2
4243,1,1
4244,1,1
4246,1,2
4247,1,1
4248,1,1
4250,1,2
4251,1,1
4252,1,1
4254,2,2
4255,1,1
4256,1,1
4258,2,2
4259,1,1
4260,1,1
4261,1,1
4263,2,2
4264,1,1
4265,1,1
4268,3,3
4269,2,1
4269,1,0
4270,1,1
4272,1,2
4273,1,1
4274,1,1
4275,1,1
4277,1,2
4278,1,1
4279,1,1
4280,0,1
4282,1,2
4283,1,1
4284,1,1
4286,1,2
4287,1,1
4288,1,1
4289,1,1
4291,1,2
4292,1,1
4294,2,2
4295,2,1
4296,1,1
4297,1,1
4298,1,1
4300,1,2
4301,1,1
4302,1,1
4303,1,1
4305,1,2
4306,1,1
4307,1,1
4309,2,2
4310,1,1
4311,1,1
4312,1,1
4314,1,2
4315,1,1
4316,1,1
4318,2,2
4319,1,1
4322,3,3
4323,3,1
4323,1,0
4332,9,9
4332,8,0
4332,6,0
4332,5,0
4332,4,0
4332,2,0
4332,1,0
4334,1,2
4335,1,1
4336,1,1
4337,1,1
4339,1,2
4343,4,4
4343,3,0
4344,3,1
4344,1,0
4345,1,1
4346,1,1
4347,1,1
4349,1,2
4350,1,1
4351,1,1
4352,1,1
4353,1,1
4355,1,2
4356,1,1
4357,1,1
4358,1,1
4360,2,2
4361,1,1
4362,1,1
4363,1,1
4367,4,4
4367,2,0
4367,1,0
4369,1,2
4370,1,1
4372,1,2
4373,1,1
4374,1,1
4376,2,2
4377,1,1
4378,1,1
4379,1,1
4380,0,1
4382,1,2
4383,1,1
4384,1,1
4386,1,2
4387,1,1
4389,2,2
4390,1,1
4391,1,1
4392,1,1
4395,3,3
4395,1,0
4396,1,1
4398,2,2
4399,1,1
4400,1,1
4402,2,2
4403,1,1
4404,1,1
4406,1,2
4408,1,2
4410,1,2
4412,1,2
4414,1,2
4416,1,2
4418,1,2
4420,1,2
4422,1,2
4424,1,2
4426,1,2
4428,1,2
4430,1,2
4432,1,2
4434,1,2
4436,1,2
4438,1,2
4440,1,2
4442,1,2
4444,1,2
4446,1,2
4448,1,2
4450,1,2
4452,1,2
4454,1,2
4456,1,2
4457,1,1
4458,1,1
4460,1,2
4461,1,1
4462,1,1
4463,0,1
4465,1,2
4466,1,1
4467,1,1
4469,1,2
4470,1,1
4474,4,4
4474,2,0
4474,1,0
4475,1,1
4477,1,2
4478,1,1
4480,1,2
4481,1,1
4482,1,1
4484,2,2
4485,1,1
4486,1,1
4487,1,1
4488,1,1
4490,1,2
4491,1,1
4492,1,1
4494,2,2
4495,1,1
4496,1,1
4497,1,1
4499,2,2
4500,1,1
4501,1,1
4502,1,1
4503,1,1
4505,1,2
4506,1,1
4507,1,1
4508,1,1
4510,1,2
4511,1,1
4512,1,1
4513,1,1
4515,1,2
4516,1,1
4517,1,1
4518,1,1
4519,0,1
4521,1,2
4522,1,1
4523,1,1
4524,1,1
4526,1,2
4527,1,1
4528,1,1
4529,1,1
4531,1,2
4532,1,1
4533,1,1
4534,1,1
4536,1,2
4537,1,1
4538,1,1
4539,1,1
4541,1,2
4542,1,1
4543,1,1
4544,1,1
4546,1,2
4547,1,1
4548,1,1
4549,1,1
4551,2,2
4552,1,1
4553,1,1
4554,1,1
4556,2,2
4557,1,1
4558,1,1
4559,1,1
4560,1,1
4562,1,2
4563,1,1
4564,1,1
4565,1,1
4566,0,1
4568,1,2
4569,1,1
4570,1,1
4571,1,1
4573,1,2
4574,1,1
4575,1,1
4576,1,1
4578,1,2
4579,1,1
4580,1,1
4581,1,1
4583,2,2
4584,1,1
4585,1,1
4586,1,1
4587,1,1
4589,1,2
4590,1,1
4591,1,1
4592,1,1
4593,0,1
4595,1,2
4596,1,1
4597,1,1
4598,1,1
4600,1,2
4601,1,1
4602,1,1
4603,1,1
4605,1,2
4606,1,1
4607,1,1
4608,1,1
4609,0,1
4611,1,2
4612,1,1
4613,1,1
4615,2,2
4616,1,1
4618,2,2
4619,1,1
4620,1,1
4621,1,1
4622,1,1
4624,1,2
4625,1,1
4626,1,1
4627,1,1
4628,0,1
4630,1,2
4631,1,1
4632,1,1
4633,1,1
4635,1,2
4636,1,1
4637,1,1
4638,1,1
4640,1,2
4641,1,1
4642,1,1
4643,1,1
4645,1,2
4646,1,1
4647,1,1
4648,1,1
4650,1,2
4651,1,1
4652,1,1
4653,1,1
4655,1,2
4656,1,1
4657,1,1
4658,1,1
4660,2,2
4661,1,1
4662,1,1
4663,1,1
4664,1,1
4665,0,1
4667,1,2
4668,1,1
4669,1,1
4670,1,1
4672,1,2
4673,1,1
4674,1,1
4676,2,2
4677,1,1
4678,1,1
4679,1,1
4680,1,1
4682,1,2
4683,1,1
4684,1,1
4685,1,1
4687,1,2
4688,1,1
4689,1,1
4690,1,1
4692,2,2
4693,1,1
4694,1,1
4695,1,1
4696,1,1
4698,2,2
4699,1,1
4700,1,1
4701,1,1
4702,1,1
4704,1,2
4705,1,1
4706,1,1
4707,1,1
4709,2,2
4710,1,1
4711,1,1
4712,1,1
4713,1,1
4715,1,2
4716,1,1
4717,1,1
4718,1,1
4719,1,1
4721,1,2
4722,1,1
4723,1,1
4724,1,1
4726,1,2
4727,1,1
4728,1,1
4729,1,1
4730,1,1
4732,1,2
4733,1,1
4734,1,1
4735,1,1
4736,1,1
4738,1,2
4739,1,1
4740,1,1
4741,1,1
4743,1,2
4744,1,1
4745,1,1
4746,1,1
4748,2,2
4749,1,1
4750,1,1
4751,1,1
4753,2,2
4754,1,1
4755,1,1
4756,1,1
4757,1,1
4759,1,2
4760,1,1
4761,1,1
4763,2,2
4764,1,1
4765,1,1
4766,1,1
4767,1,1
4769,1,2
4770,1,1
4771,1,1
4772,1,1
4774,1,2
4775,1,1
4776,1,1
4777,1,1
4779,1,2
4780,1,1
4781,1,1
4782,1,1
4784,2,2
4785,1,1
4786,1,1
4787,1,1
4788,1,1
4790,1,2
4791,1,1
4792,1,1
4793,1,1
4795,1,2
4796,1,1
4797,1,1
4798,1,1
4800,1,2
4801,1,1
4802,1,1
4803,1,1
4804,1,1
4806,1,2
4807,1,1
4808,1,1
4809,1,1
4811,1,2
4812,1,1
4813,1,1
4815,2,2
4816,1,1
4817,1,1
4818,1,1
4819,1,1
4821,1,2
4822,1,1
4823,1,1
4824,1,1
4825,1,1
4827,1,2
4828,1,1
4829,1,1
4830,1,1
4832,1,2
4833,1,1
4834,1,1
4835,1,1
4836,0,1
4838,1,2
4839,1,1
4840,1,1
4842,2,2
4843,1,1
4844,1,1
4845,1,1
4846,1,1
4848,1,2
4849,1,1
4850,1,1
4851,1,1
4852,0,1
4854,1,2
4855,1,1
4856,1,1
4857,1,1
4859,1,2
4860,1,1
4861,1,1
4862,1,1
4864,1,2
4865,1,1
4866,1,1
4867,1,1
4869,1,2
4870,1,1
4871,1,1
4872,1,1
4873,1,1
4875,1,2
4876,1,1
4877,1,1
4878,1,1
4880,1,2
4881,1,1
4882,1,1
4883,1,1
4884,0,1
4886,1,2
4887,1,1
4888,1,1
4889,1,1
4891,1,2
4892,1,1
4893,1,1
4894,1,1
4896,1,2
4897,1,1
4898,1,1
4899,1,1
4901,1,2
4902,1,1
4903,1,1
4904,1,1
4906,1,2
4907,1,1
4908,0,1
4910,1,2
4912,1,2
4914,1,2
4916,1,2
4917,1,1
4919,1,2
4920,1,1
4921,1,1
4923,1,2
4924,1,1
4925,1,1
4926,1,1
4928,1,2
4929,1,1
4930,1,1
4931,1,1
4932,0,1
4934,1,2
4935,1,1
4936,1,1
4937,0,1
4939,1,2
4940,1,1
4941,1,1
4943,1,2
4944,1,1
4945,1,1
4946,1,1
4948,1,2
4949,1,1
4950,1,1
4952,2,2
4953,1,1
4954,1,1
4955,1,1
4956,1,1
4958,1,2
4959,1,1
4960,1,1
4961,1,1
4963,1,2
4964,1,1
4965,1,1
4967,2,2
4968,1,1
4969,1,1
4970,1,1
4972,1,2
4973,1,1
4974,1,1
4975,1,1
4977,1,2
4978,1,1
4979,1,1
4980,1,1
4982,1,2
4983,1,1
4984,1,1
4985,1,1
4987,1,2
4988,1,1
4991,1,3
4992,1,1
4993,1,1
4995,2,2
4996,1,1
4997,1,1
4998,1,1
4999,1,1
5001,1,2
5002,1,1
5003,1,1
5004,1,1
5006,1,2
5007,1,1
5008,1,1
5009,0,1
5011,1,2
5012,1,1
5013,1,1
5015,1,2
5016,1,1
5017,1,1
5018,1,1
5020,1,2
5021,1,1
5022,1,1
5023,1,1
5025,1,2
5026,1,1
5027,1,1
5029,2,2
5030,1,1
5031,1,1
5032,1,1
5033,0,1
5035,1,2
5036,1,1
5037,1,1
5039,1,2
5040,1,1
5041,1,1
5042,1,1
5044,1,2
5045,1,1
5046,1,1
5047,1,1
5049,1,2
5050,1,1
5051,1,1
5052,1,1
5054,1,2
5055,1,1
5056,1,1
5057,1,1
5059,1,2
5060,1,1
5061,1,1
5063,1,2
5064,1,1
5065,1,1
5066,1,1
5068,1,2
5069,1,1
5070,1,1
5071,1,1
5073,1,2
5074,1,1
5075,1,1
5076,1,1
5078,1,2
5079,1,1
5080,1,1
5081,1,1
5083,1,2
5084,1,1
5085,1,1
5087,1,2
5088,1,1
5089,1,1
5090,1,1
5092,1,2
5093,1,1
5094,1,1
5095,1,1
5097,1,2
5098,1,1
5099,1,1
5100,1,1
5102,1,2
5103,1,1
5104,1,1
5105,1,1
5107,1,2
5108,1,1
5109,1,1
5111,2,2
5112,1,1
5113,1,1
5114,1,1
5116,1,2
5117,1,1
5118,1,1
5119,1,1
5121,1,2
5122,1,1
5123,1,1
5124,1,1
5125,0,1
5127,1,2
5128,1,1
5129,1,1
5131,1,2
5132,1,1
5133,1,1
5135,2,2
5136,1,1
5137,1,1
5138,1,1
5139,0,1
5141,1,2
5142,1,1
5143,1,1
5145,1,2
5146,1,1
5147,1,1
5148,1,1
5150,1,2
5151,1,1
5152,1,1
5153,1,1
5155,1,2
5156,1,1
5157,1,1
5159,1,2
5160,1,1
5161,1,1
5163,2,2
5164,1,1
5165,1,1
5166,1,1
5168,2,2
5169,1,1
5170,1,1
5171,1,1
5172,1,1
5174,1,2
5175,1,1
5176,1,1
5178,1,2
5179,1,1
5180,1,1
5181,1,1
5183,1,2
5184,1,1
5185,1,1
5186,1,1
5188,1,2
5189,1,1
5190,1,1
5191,1,1
5193,1,2
5194,1,1
5195,1,1
5196,1,1
5198,1,2
5199,1,1
5200,1,1
5202,1,2
5203,1,1
5204,1,1
5205,1,1
5207,1,2
5208,1,1
5209,1,1
5210,1,1
5212,1,2
5213,1,1
5214,1,1
5216,2,2
5217,1,1
5218,1,1
5219,1,1
5221,1,2
5222,1,1
5223,1,1
5224,1,1
5226,1,2
5227,1,1
5228,1,1
5229,1,1
5231,1,2
5232,1,1
5233,1,1
5235,1,2
5236,1,1
5237,1,1
5238,1,1
5240,1,2
5241,1,1
5242,1,1
5244,2,2
5245,1,1
5246,1,1
5248,2,2
5249,1,1
5250,1,1
5252,2,2
5253,1,1
5254,1,1
5255,1,1
5257,2,2
5258,1,1
5259,1,1
5260,1,1
5262,1,2
5263,1,1
5264,1,1
5266,2,2
5267,1,1
5268,1,1
5269,1,1
5271,1,2
5272,1,1
5274,2,2
5275,1,1
5276,1,1
5277,1,1
5280,2,3
5281,1,1
5282,1,1
5284,2,2
5285,1,1
5286,1,1
5288,2,2
5289,1,1
5290,1,1
5291,1,1
5293,2,2
5294,1,1
5295,1,1
5297,2,2
5298,1,1
5299,1,1
5300,1,1
5302,1,2
5303,1,1
5304,1,1
5306,2,2
5307,1,1
5308,1,1
5310,2,2
5311,1,1
5312,1,1
5313,1,1
5315,1,2
5316,1,1
5317,1,1
5319,2,2
5323,4,4
5324,4,1
5324,2,0
5325,2,1
5325,1,0
5327,1,2
5328,1,1
5329,1,1
5330,1,1
5332,2,2
5333,1,1
5334,1,1
5335,1,1
5336,1,1
5338,1,2
5339,1,1
5340,1,1
5342,2,2
5343,1,1
5344,1,1
5345,1,1
5347,2,2
5348,1,1
5349,1,1
5350,1,1
5351,1,1
5353,1,2
5354,1,1
5355,1,1
5356,1,1
5358,1,2
5359,1,1
5360,1,1
5361,1,1
5363,1,2
5364,1,1
5365,1,1
5366,1,1
5368,1,2
5369,1,1
5370,1,1
5371,1,1
5373,2,2
5374,1,1
5375,1,1
5376,1,1
5378,1,2
5379,1,1
5380,1,1
5381,1,1
5383,2,2
5384,1,1
5385,1,1
5386,1,1
5388,1,2
5389,1,1
5390,1,1
5391,1,1
5393,1,2
5394,1,1
5395,1,1
5396,1,1
5398,1,2
5399,1,1
5401,2,2
5401,1,0
5403,1,2
5404,1,1
5406,1,2
5407,1,1
5408,1,1
5409,0,1
5411,1,2
5412,1,1
5413,1,1
5415,1,2
5416,1,1
5417,1,1
5418,0,1
5420,1,2
5421,1,1
5422,1,1
5424,1,2
5425,1,1
5426,1,1
5427,1,1
5429,1,2
5430,1,1
5431,1,1
5432,0,1
5434,1,2
5435,1,1
5436,1,1
5437,0,1
5439,1,2
5440,1,1
5441,1,1
5443,1,2
5444,1,1
5445,1,1
5447,1,2
5448,1,1
5449,1,1
5450,1,1
5452,1,2
5453,1,1
5454,1,1
5455,1,1
5456,0,1
5458,1,2
5459,1,1
5460,1,1
5461,0,1
5463,1,2
5464,1,1
5465,1,1
5467,1,2
5468,1,1
5469,1,1
5471,1,2
5472,1,1
5473,1,1
5474,1,1
5475,0,1
5477,1,2
5478,1,1
5479,1,1
5481,1,2
5482,1,1
5483,1,1
5485,2,2
5486,1,1
5487,1,1
5488,1,1
5489,0,1
5491,1,2
5492,1,1
5494,1,2
5495,1,1
5496,1,1
5497,1,1
5499,1,2
5500,1,1
5501,1,1
5502,0,1
5504,1,2
5505,1,1
5506,1,1
5507,0,1
5509,1,2
5510,1,1
5511,1,1
5513,1,2
5514,1,1
5515,1,1
5516,1,1
5518,1,2
5519,1,1
5520,1,1
5522,1,2
5523,1,1
5524,1,1
5526,1,2
5527,1,1
5528,1,1
5530,1,2
5531,1,1
5532,1,1
5533,1,1
5535,1,2
5536,1,1
5537,1,1
5539,1,2
5540,1,1
5541,1,1
5543,1,2
5544,1,1
5545,1,1
5546,1,1
5548,1,2
5549,1,1
5550,1,1
5552,1,2
5553,1,1
5554,1,1
5556,1,2
5557,1,1
5558,1,1
5559,1,1
5561,1,2
5562,1,1
5563,1,1
5564,0,1
5566,1,2
5567,1,1
5568,1,1
5570,1,2
5571,1,1
5572,1,1
5574,1,2
5576,1,2
5578,1,2
5580,1,2
5582,1,2
5584,1,2
5586,1,2
5587,1,1
5589,1,2
5591,1,2
5593,1,2
5595,1,2
5596,1,1
5597,0,1
5599,1,2
5600,1,1
5602,1,2
5603,1,1
5604,1,1
5605,1,1
5607,1,2
5608,1,1
5609,1,1
5611,1,2
5612,1,1
5613,1,1
5615,1,2
5616,1,1
5617,1,1
5618,1,1
5620,1,2
5621,1,1
5622,1,1
5624,1,2
5625,1,1
5626,1,1
5628,2,2
5629,1,1
5630,1,1
5631,1,1
5633,1,2
5634,1,1
5635,1,1
5636,1,1
5638,1,2
5639,1,1
5640,1,1
5641,0,1
5643,1,2
5644,1,1
5645,0,1
5647,1,2
5648,1,1
5650,2,2
5651,1,1
5652,1,1
5653,1,1
5655,1,2
5656,1,1
5657,1,1
5659,1,2
5660,1,1
5661,1,1
5663,1,2
5664,1,1
5665,1,1
5667,2,2
5668,1,1
5669,1,1
5670,1,1
5672,1,2
5673,1,1
5674,1,1
5676,1,2
5677,1,1
5678,1,1
5679,1,1
5681,1,2
5682,1,1
5683,1,1
5685,1,2
5686,1,1
5687,1,1
5688,1,1
5690,1,2
5691,1,1
5692,1,1
5693,0,1
5695,1,2
5696,1,1
5697,0,1
5699,1,2
5700,1,1
5704,4,4
5704,2,0
5705,2,1
5705,1,0
5707,1,2
5708,1,1
5709,1,1
5711,1,2
5712,1,1
5713,1,1
5715,1,2
5716,1,1
5717,1,1
5718,1,1
5720,1,2
5721,1,1
5722,1,1
5724,1,2
5725,1,1
5726,1,1
5728,2,2
5729,1,1
5730,1,1
5731,1,1
5733,1,2
5734,1,1
5735,1,1
5737,2,2
5738,1,1
5739,1,1
5740,1,1
5742,1,2
5743,1,1
5744,1,1
5746,1,2
5747,1,1
5748,1,1
5749,1,1
5751,1,2
5752,1,1
5753,1,1
5755,1,2
5756,1,1
5757,1,1
5759,2,2
5760,1,1
5761,1,1
5762,1,1
5764,1,2
5765,1,1
5766,1,1
5768,1,2
5769,1,1
5770,1,1
5771,1,1
5773,1,2
5774,1,1
5775,1,1
5777,1,2
5778,1,1
5779,1,1
5781,2,2
5782,1,1
5783,1,1
5784,1,1
5786,1,2
5787,1,1
5788,1,1
5790,1,2
5791,1,1
5792,1,1
5794,2,2
5795,1,1
5796,1,1
5797,1,1
5799,1,2
5800,1,1
5801,1,1
5803,1,2
5804,1,1
5805,1,1
5807,2,2
5808,1,1
5809,1,1
5810,1,1
5812,1,2
5813,1,1
5814,1,1
5816,1,2
5817,1,1
5818,1,1
5819,1,1
5821,1,2
5822,1,1
5823,1,1
5825,1,2
5826,1,1
5827,1,1
5829,2,2
5830,1,1
5831,1,1
5832,1,1
5834,1,2
5835,1,1
5836,1,1
5838,1,2
5839,1,1
5840,1,1
5842,1,2
5843,1,1
5844,1,1
5846,1,2
5847,1,1
5848,1,1
5850,1,2
5851,1,1
5853,1,2
5854,1,1
5855,1,1
5857,1,2
5858,1,1
5860,1,2
5861,1,1
5862,1,1
5864,1,2
5866,2,2
5867,1,1
5868,1,1
5869,1,1
5871,1,2
5872,1,1
5874,1,2
5875,1,1
5876,1,1
5878,1,2
5879,1,1
5881,1,2
5882,1,1
5883,1,1
5885,1,2
5886,1,1
5887,1,1
5889,1,2
5890,1,1
5892,2,2
5893,1,1
5894,1,1
5896,1,2
5897,1,1
5898,1,1
5900,1,2
5901,1,1
5902,1,1
5904,1,2
5905,1,1
5906,1,1
5908,1,2
5909,1,1
5911,2,2
5912,1,1
5913,1,1
5915,1,2
5916,1,1
5917,1,1
5919,1,2
5921,2,2
5922,2,1
5923,1,1
5924,1,1
5925,1,1
5927,2,2
5928,1,1
5929,1,1
5930,1,1
5932,1,2
5933,1,1
5935,1,2
5937,1,2
5940,2,3
5942,1,2
5946,3,4
5946,2,0
5948,2,2
5949,2,1
5950,1,1
5951,1,1
5952,1,1
5953,1,1
5955,1,2
5956,1,1
5957,1,1
5958,1,1
5960,1,2
5961,1,1
5962,1,1
5963,1,1
5965,1,2
5966,1,1
5967,1,1
5968,1,1
5969,0,1
5971,1,2
5972,1,1
5973,1,1
5975,2,2
5976,1,1
5977,1,1
5978,1,1
5979,1,1
5981,1,2
5982,1,1
5983,1,1
5984,1,1
5985,0,1
5987,1,2
5988,1,1
5989,1,1
5990,0,1
5992,1,2
5993,1,1
5994,1,1
5995,0,1
5997,1,2
5998,1,1
6000,1,2
6001,1,1
6002,1,1
6004,1,2
6005,1,1
6007,1,2
6008,1,1
6009,1,1
6011,1,2
6012,1,1
6013,1,1
6015,1,2
6016,1,1
6017,1,1
6018,0,1
6020,1,2
6021,1,1
6022,1,1
6024,1,2
6025,1,1
6026,1,1
6028,1,2
6029,1,1
6030,1,1
6032,1,2
6033,1,1
6035,2,2
6036,1,1
6037,1,1
6038,1,1
6040,1,2
6041,1,1
6042,1,1
6043,0,1
6045,1,2
6046,1,1
6048,1,2
6049,1,1
6050,1,1
6052,1,2
6053,1,1
6055,1,2
6056,1,1
6057,1,1
6059,2,2
6060,1,1
6061,1,1
6062,0,1
6064,1,2
6065,1,1
6067,1,2
6068,1,1
6070,1,2
6071,1,1
6072,1,1
6074,1,2
6075,1,1
6076,1,1
6078,1,2
6079,1,1
6081,1,2
6082,1,1
6084,1,2
6085,1,1
6086,1,1
6088,1,2
6089,1,1
6090,1,1
6092,1,2
6093,1,1
6095,1,2
6096,1,1
6097,1,1
6099,1,2
6100,1,1
6101,0,1
6103,1,2
6104,1,1
6106,1,2
6107,1,1
6109,2,2
6110,1,1
6111,1,1
6113,1,2
6114,1,1
6115,1,1
6117,1,2
6118,1,1
6120,2,2
6121,1,1
6122,1,1
6124,1,2
6125,1,1
6126,1,1
6128,1,2
6129,1,1
6131,1,2
6132,1,1
6133,1,1
6135,1,2
6136,1,1
6137,0,1
6139,1,2
6140,1,1
6142,1,2
6143,1,1
6145,2,2
6146,1,1
6147,1,1
6149,1,2
6150,1,1
6152,2,2
6153,1,1
6154,1,1
6156,1,2
6157,1,1
6158,1,1
6160,1,2
6161,1,1
6163,1,2
6164,1,1
6165,1,1
6167,1,2
6168,1,1
6170,1,2
6171,1,1
6172,1,1
6174,1,2
6175,1,1
6177,1,2
6178,1,1
6179,1,1
6181,1,2
6182,1,1
6184,2,2
6185,1,1
6186,1,1
6188,1,2
6189,1,1
6190,1,1
6192,1,2
6193,1,1
6195,2,2
6196,1,1
6197,1,1
6199,1,2
6200,1,1
6201,1,1
6203,1,2
6204,1,1
6206,1,2
6207,1,1
6209,2,2
6210,1,1
6211,1,1
6213,1,2
6214,1,1
6215,1,1
6217,1,2
6218,1,1
6219,1,1
6221,1,2
6222,1,1
6224,1,2
6225,1,1
6226,1,1
6228,1,2
6229,1,1
6230,1,1
6232,1,2
6233,1,1
6234,1,1
6236,1,2
6237,1,1
6239,1,2
6240,1,1
6241,1,1
6243,1,2
6244,1,1
6246,1,2
6247,1,1
6248,1,1
6250,1,2
6251,1,1
6253,1,2
6254,1,1
6255,1,1
6257,1,2
6258,1,1
6259,1,1
6261,1,2
6262,1,1
6264,1,2
6265,1,1
6266,1,1
6268,1,2
6269,1,1
6270,1,1
6272,1,2
6273,1,1
6275,1,2
6276,1,1
6277,1,1
6279,1,2
6280,1,1
6282,1,2
6283,1,1
6284,1,1
6286,1,2
6287,1,1
6288,1,1
6290,1,2
6291,1,1
6293,1,2
6294,1,1
6295,1,1
6297,1,2
6298,1,1
6300,1,2
6301,1,1
6302,1,1
6304,1,2
6305,1,1
6306,1,1
6308,1,2
6309,1,1
6311,1,2
6312,1,1
6314,2,2
6315,1,1
6316,1,1
6318,1,2
6319,1,1
6321,2,2
6323,1,2
6324,1,1
6326,1,2
6328,1,2
6330,1,2
6332,1,2
6334,1,2
6335,0,1
6337,1,2
6339,1,2
6341,1,2
6343,1,2
6345,1,2
6347,1,2
6349,1,2
6351,1,2
6352,1,1
6353,0,1
6355,1,2
6356,1,1
6357,1,1
6359,1,2
6360,1,1
6361,1,1
6363,1,2
6364,1,1
6365,1,1
6367,1,2
6368,1,1
6369,1,1
6371,2,2
6372,1,1
6373,1,1
6374,1,1
6376,1,2
6377,1,1
6378,1,1
6380,1,2
6381,1,1
6382,1,1
6383,1,1
6385,1,2
6386,1,1
6387,1,1
6389,1,2
6390,1,1
6391,1,1
6392,1,1
6394,1,2
6395,1,1
6396,1,1
6397,0,1
6399,1,2
6400,1,1
6401,0,1
6403,1,2
6404,1,1
6405,1,1
6407,1,2
6408,1,1
6409,1,1
6411,1,2
6412,1,1
6413,1,1
6415,1,2
6416,1,1
6418,2,2
6419,2,1
6420,1,1
6421,1,1
6422,1,1
6423,0,1
6425,1,2
6426,1,1
6428,1,2
6429,1,1
6430,1,1
6431,1,1
6433,1,2
6434,1,1
6435,1,1
6437,1,2
6438,1,1
6439,1,1
6441,1,2
6442,1,1
6443,1,1
6444,1,1
6446,1,2
6447,1,1
6448,1,1
6449,0,1
6451,1,2
6452,1,1
6454,1,2
6455,1,1
6456,1,1
6457,1,1
6459,1,2
6460,1,1
6461,1,1
6463,1,2
6464,1,1
6465,1,1
6467,1,2
6468,1,1
6469,1,1
6471,1,2
6472,1,1
6473,1,1
6475,2,2
6476,1,1
6477,1,1
6479,2,2
6480,1,1
6481,1,1
6482,1,1
6484,1,2
6485,1,1
6486,1,1
6487,1,1
6489,1,2
6490,1,1
6491,1,1
6493,1,2
6494,1,1
6495,1,1
6496,1,1
6498,1,2
6499,1,1
6500,1,1
6502,1,2
6503,1,1
6504,1,1
6506,1,2
6507,1,1
6508,1,1
6509,0,1
6511,1,2
6512,1,1
6513,0,1
6515,1,2
6516,1,1
6517,1,1
6519,1,2
6520,1,1
6521,1,1
6523,1,2
6524,1,1
6525,1,1
6526,0,1
6528,1,2
6529,1,1
6530,1,1
6532,1,2
6533,1,1
6534,1,1
6535,0,1
6537,1,2
6538,1,1
6539,1,1
6541,1,2
6542,1,1
6543,1,1
6545,1,2
6546,1,1
6547,1,1
6548,1,1
6550,1,2
6551,1,1
6552,1,1
6554,1,2
6555,1,1
6556,1,1
6558,1,2
6559,1,1
6560,1,1
6561,1,1
6563,1,2
6564,1,1
6565,1,1
6567,1,2
6568,1,1
6569,1,1
6571,1,2
6572,1,1
6573,1,1
6575,1,2
6576,1,1
6577,1,1
6578,1,1
6580,1,2
6581,1,1
6582,1,1
6584,1,2
6585,1,1
6586,1,1
6587,0,1
6589,1,2
6590,1,1
6592,1,2
6593,1,1
6594,1,1
6595,0,1
6597,1,2
6598,1,1
6600,1,2
6601,1,1
6602,1,1
6604,1,2
6605,1,1
6607,2,2
6608,1,1
6609,1,1
6611,1,2
6613,2,2
6614,2,1
6615,1,1
6616,1,1
6618,1,2
6619,1,1
6620,1,1
6621,0,1
6623,1,2
6625,2,2
6626,1,1
6627,1,1
6628,1,1
6630,1,2
6631,1,1
6632,1,1
6634,1,2
6635,1,1
6636,1,1
6638,1,2
6639,1,1
6640,1,1
6642,1,2
6643,1,1
6645,2,2
6646,1,1
6647,1,1
6649,1,2
6650,1,1
6651,1,1
6653,1,2
6654,1,1
6655,1,1
6657,1,2
6658,1,1
6660,2,2
6661,1,1
6662,1,1
6664,1,2
6665,1,1
6666,1,1
6668,1,2
6669,1,1
6671,1,2
6672,1,1
6674,2,2
6675,1,1
6676,1,1
6678,1,2
6679,1,1
6681,2,2
6682,1,1
6683,1,1
6685,1,2
6686,1,1
6687,1,1
6689,1,2
6690,1,1
6692,1,2
6693,1,1
6694,1,1
6696,1,2
6697,1,1
6699,2,2
6700,1,1
6701,1,1
6703,1,2
6704,1,1
6705,1,1
6707,1,2
6708,1,1
6710,1,2
6711,1,1
6712,1,1
6714,1,2
6715,1,1
6717,1,2
6718,1,1
6719,1,1
6721,1,2
6722,1,1
6723,1,1
6725,1,2
6726,1,1
6728,2,2
6729,1,1
6730,1,1
6732,1,2
6733,1,1
6735,2,2
6736,1,1
6737,1,1
6739,1,2
6740,1,1
6741,1,1
6743,1,2
6744,1,1
6746,1,2
6747,1,1
6749,2,2
6750,1,1
6751,1,1
6753,1,2
6754,1,1
6756,2,2
6757,1,1
6758,1,1
6760,1,2
6761,1,1
6763,2,2
6764,1,1
6765,1,1
6767,1,2
6768,1,1
6769,1,1
6771,1,2
6772,1,1
6774,1,2
6775,1,1
6776,1,1
6778,1,2
6779,1,1
6781,1,2
6782,1,1
6783,1,1
6785,1,2
6786,1,1
6788,1,2
6789,1,1
6790,1,1
6792,1,2
6793,1,1
6795,2,2
6796,1,1
6797,1,1
6799,1,2
6800,1,1
6801,1,1
6803,1,2
6805,2,2
6806,1,1
6807,1,1
6808,1,1
6810,2,2
6811,1,1
6812,1,1
6813,1,1
6815,1,2
6816,1,1
6817,1,1
6819,1,2
6820,1,1
6821,1,1
6823,2,2
6824,1,1
6825,1,1
6827,2,2
6828,1,1
6829,1,1
6830,1,1
6831,1,1
6833,1,2
6834,1,1
6835,1,1
6836,1,1
6838,1,2
6839,1,1
6841,2,2
6842,1,1
6843,1,1
6844,1,1
6846,2,2
6847,1,1
6848,1,1
6849,1,1
6851,1,2
6852,1,1
6853,1,1
6855,2,2
6856,1,1
6857,1,1
6860,3,3
6860,1,0
6861,1,1
6863,2,2
6864,2,1
6865,1,1
6866,1,1
6868,2,2
6869,1,1
6870,1,1
6872,2,2
6873,1,1
6874,1,1
6876,2,2
6877,1,1
6878,1,1
6880,2,2
6881,1,1
6882,1,1
6883,1,1
6885,2,2
6886,1,1
6887,1,1
6888,1,1
6890,1,2
6891,1,1
6892,1,1
6894,2,2
6895,1,1
6896,1,1
6898,2,2
6899,1,1
6900,1,1
6902,2,2
6903,1,1
6904,1,1
6905,1,1
6906,1,1
6910,3,4
6910,2,0
6910,1,0
6912,1,2
6914,1,2
6916,1,2
6918,1,2
6920,1,2
6922,1,2
6924,1,2
6926,1,2
6928,1,2
6930,1,2
6932,1,2
6934,1,2
6937,2,3
6938,1,1
6939,1,1
6940,1,1
6942,1,2
6944,2,2
6944,1,0
6945,1,1
6947,1,2
6948,1,1
6949,1,1
6951,1,2
6952,1,1
6953,1,1
6954,1,1
6956,1,2
6957,1,1
6958,1,1
6959,1,1
6961,1,2
6962,1,1
6963,1,1
6964,1,1
6966,1,2
6967,1,1
6968,1,1
6969,1,1
6971,1,2
6972,1,1
6973,1,1
6974,1,1
6975,1,1
6977,1,2
6978,1,1
6979,1,1
6980,1,1
6982,1,2
6983,1,1
6984,1,1
6985,0,1
6987,1,2
6988,1,1
6989,1,1
6991,1,2
6992,1,1
6993,1,1
6994,1,1
6996,1,2
6997,1,1
6998,1,1
6999,1,1
7001,1,2
7002,1,1
7003,1,1
7004,0,1
7006,1,2
7007,1,1
7008,1,1
7010,1,2
7011,1,1
7012,1,1
7014,1,2
7015,1,1
7016,1,1
7017,1,1
7019,1,2
7020,1,1
7021,1,1
7022,1,1
7024,1,2
7025,1,1
7026,1,1
7027,1,1
7028,1,1
7031,2,3
7032,1,1
7033,1,1
7035,2,2
7036,1,1
7037,1,1
7038,1,1
7040,1,2
7041,1,1
7042,1,1
7044,2,2
7045,1,1
7046,1,1
7047,1,1
7049,1,2
7050,1,1
7051,1,1
7053,2,2
7054,1,1
7055,1,1
7056,1,1
7058,1,2
7059,1,1
7060,1,1
7062,1,2
7063,1,1
7064,1,1
7066,1,2
7067,1,1
7069,2,2
7070,1,1
7071,1,1
7073,2,2
7074,1,1
7075,1,1
7077,1,2
7078,1,1
7079,1,1
7081,1,2
7082,1,1
7083,1,1
7085,1,2
7086,1,1
7088,1,2
7089,1,1
7090,1,1
7092,1,2
7093,1,1
7094,1,1
7096,1,2
7097,1,1
7099,1,2
7100,1,1
7101,1,1
7103,1,2
7104,1,1
7106,1,2
7107,1,1
7108,1,1
7110,1,2
7111,1,1
7113,2,2
7114,1,1
7116,2,2
7117,1,1
7118,1,1
7119,1,1
7121,1,2
7122,1,1
7124,2,2
7125,1,1
7126,1,1
7128,1,2
7129,1,1
7130,1,1
7132,1,2
7133,1,1
7135,2,2
7136,1,1
7137,1,1
7139,1,2
7140,1,1
7141,1,1
7143,1,2
7144,1,1
7145,1,1
7147,1,2
7148,1,1
7149,1,1
7151,1,2
7152,1,1
7153,1,1
7155,2,2
7156,1,1
7157,1,1
7158,1,1
7160,1,2
7161,1,1
7162,1,1
7163,1,1
7165,1,2
7166,1,1
7167,1,1
7168,0,1
7170,1,2
7171,1,1
7172,1,1
7174,1,2
7175,1,1
7176,1,1
7177,0,1
7179,1,2
7180,1,1
7181,1,1
7183,1,2
7184,1,1
7185,1,1
7187,1,2
7188,1,1
7189,1,1
7190,1,1
7192,1,2
7193,1,1
7194,1,1
7196,1,2
7197,1,1
7198,1,1
7200,2,2
7201,1,1
7202,1,1
7203,1,1
7205,1,2
7206,1,1
7207,1,1
7208,1,1
7210,1,2
7211,1,1
7212,1,1
7213,0,1
7215,1,2
7216,1,1
7217,1,1
7219,1,2
7220,1,1
7221,1,1
7223,1,2
7224,1,1
7225,1,1
7227,2,2
7228,1,1
7229,1,1
7230,1,1
7232,1,2
7233,1,1
7234,1,1
7236,1,2
7237,1,1
7238,1,1
7239,0,1
7241,1,2
7242,1,1
7247,1,5
7248,0,1
7250,1,2
7254,4,4
7254,3,0
7255,2,1
7255,1,0
7257,1,2
7258,1,1
7259,1,1
7265,5,6
7265,4,0
7267,2,2
7268,2,1
7269,1,1
7270,1,1
7272,2,2
7273,1,1
7274,1,1
7275,1,1
7276,1,1
7279,2,3
7281,2,2
7282,1,1
7283,1,1
7285,1,2
7286,1,1
7288,1,2
7289,1,1
7290,1,1
7292,1,2
7293,1,1
7295,1,2
7296,1,1
7298,2,2
7299,1,1
7300,1,1
7302,1,2
7303,1,1
7305,1,2
7306,1,1
7307,1,1
7309,1,2
7310,1,1
7312,1,2
7313,1,1
7315,2,2
7316,1,1
7317,1,1
7320,2,3
7324,5,4
7324,4,0
7326,4,2
7326,3,0
7327,2,1
7327,1,0
7329,1,2
7330,1,1
7331,1,1
7333,1,2
7334,1,1
7336,1,2
7337,1,1
7338,1,1
7340,1,2
7341,1,1
7343,2,2
7344,1,1
7345,1,1
7347,1,2
7348,1,1
7350,2,2
7352,2,2
7352,1,0
7353,1,1
7355,1,2
7356,1,1
7357,1,1
7359,1,2
7360,1,1
7361,1,1
7363,1,2
7367,1,4
7368,1,1
7370,1,2
7371,1,1
7372,1,1
7374,1,2
7375,1,1
7376,1,1
7377,1,1
7379,1,2
7380,1,1
7381,1,1
7383,1,2
7384,1,1
7385,1,1
7387,1,2
7388,1,1
7389,1,1
7390,1,1
7392,1,2
7393,1,1
7394,1,1
7396,2,2
7397,1,1
7398,1,1
7399,1,1
7401,1,2
7402,1,1
7403,1,1
7405,1,2
7406,1,1
7407,1,1
7408,1,1
7410,1,2
7411,1,1
7412,1,1
7414,1,2
7415,1,1
7416,1,1
7417,1,1
7419,1,2
7420,1,1
7421,1,1
7423,1,2
7424,1,1
7425,1,1
7427,1,2
7428,1,1
7429,1,1
7431,1,2
7432,1,1
7433,1,1
7435,2,2
7439,1,4
7440,1,1
7442,2,2
7443,1,1
7444,1,1
7445,1,1
7447,2,2
7448,2,1
7449,1,1
7450,1,1
7451,1,1
7452,1,1
7453,1,1
7455,1,2
7456,1,1
7457,1,1
7458,1,1
7459,1,1
7460,0,1
7462,1,2
7463,1,1
7464,1,1
7465,1,1
7467,1,2
7468,1,1
7469,1,1
7470,1,1
7471,1,1
7472,1,1
7474,1,2
7475,1,1
7476,1,1
7477,1,1
7478,1,1
7480,1,2
7481,1,1
7482,1,1
7483,1,1
7484,1,1
7486,1,2
7487,1,1
7488,1,1
7489,1,1
7490,1,1
7491,0,1
7493,1,2
7494,1,1
7495,1,1
7496,1,1
7498,1,2
7499,1,1
7500,1,1
7501,1,1
7503,1,2
7504,1,1
7505,1,1
7506,0,1
7508,1,2
7509,1,1
7510,1,1
7511,0,1
7513,1,2
7514,1,1
7515,1,1
7516,0,1
7518,1,2
7519,1,1
7520,1,1
7522,1,2
7523,1,1
7524,1,1
7526,1,2
7527,1,1
7529,1,2
7530,1,1
7531,1,1
7533,1,2
7534,0,1
7536,1,2
7537,1,1
7539,1,2
7540,1,1
7542,1,2
7543,1,1
7545,1,2
7546,1,1
7548,1,2
7549,1,1
7550,1,1
7552,1,2
7553,1,1
7554,0,1
7556,1,2
7557,1,1
7559,1,2
7560,1,1
7561,0,1
7563,1,2
7564,0,1
7566,1,2
7568,1,2
7569,1,1
7571,1,2
7572,1,1
7574,1,2
7575,1,1
7576,0,1
7578,1,2
7579,1,1
7581,1,2
7582,1,1
7584,1,2
7585,1,1
7586,1,1
7588,1,2
7589,1,1
7591,1,2
7592,1,1
7593,1,1
7594,0,1
7596,1,2
7597,1,1
7599,1,2
7600,1,1
7602,1,2
7603,1,1
7605,1,2
7606,1,1
7608,1,2
7609,1,1
7611,1,2
7612,1,1
7614,1,2
7615,1,1
7617,1,2
7618,1,1
7620,1,2
7621,1,1
7623,1,2
7624,1,1
7626,1,2
7627,1,1
7629,1,2
7630,1,1
7632,1,2
7633,1,1
7635,1,2
7636,1,1
7638,1,2
7639,1,1
7641,1,2
7642,1,1
7644,1,2
7645,1,1
7647,1,2
7648,1,1
7650,1,2
7651,1,1
7653,1,2
7654,1,1
7656,2,2
7657,1,1
7658,1,1
7660,2,2
7661,1,1
7662,1,1
7664,1,2
7665,1,1
7666,1,1
7667,0,1
7669,1,2
7670,1,1
7671,0,1
7673,1,2
7674,1,1
7676,2,2
7677,1,1
7678,1,1
7679,1,1
7681,1,2
7682,1,1
7683,1,1
7685,1,2
7686,1,1
7687,1,1
7689,1,2
7690,1,1
7691,1,1
7693,1,2
7694,1,1
7696,1,2
7697,1,1
7699,1,2
7700,1,1
7702,1,2
7703,1,1
7704,1,1
7706,1,2
7707,1,1
7709,1,2
7710,1,1
7712,1,2
7713,1,1
7715,1,2
7716,1,1
7717,1,1
7719,1,2
7720,1,1
7722,1,2
7723,1,1
7725,1,2
7726,1,1
7728,1,2
7729,1,1
7730,1,1
7732,1,2
7733,1,1
7735,1,2
7736,1,1
7738,1,2
7739,1,1
7740,1,1
7742,1,2
7743,1,1
7744,1,1
7746,1,2
7747,1,1
7749,1,2
7750,1,1
7752,2,2
7753,1,1
7755,2,2
7756,1,1
7757,1,1
7759,1,2
7760,1,1
7762,1,2
7763,1,1
7764,1,1
7766,1,2
7767,1,1
7769,1,2
7770,1,1
7772,2,2
7773,1,1
7774,1,1
7776,1,2
7777,1,1
7778,1,1
7780,1,2
7781,1,1
7782,1,1
7784,1,2
7785,1,1
7787,2,2
7788,1,1
7789,1,1
7790,0,1
7792,1,2
7793,1,1
7795,1,2
7796,1,1
7798,1,2
7799,1,1
7801,1,2
7802,1,1
7803,1,1
7805,1,2
7806,1,1
7808,1,2
7809,1,1
7810,1,1
7812,1,2
7813,1,1
7814,1,1
7816,1,2
7818,2,2
7819,1,1
7820,1,1
7822,1,2
7823,1,1
7825,1,2
7826,1,1
7828,1,2
7829,1,1
7831,2,2
7832,1,1
7833,1,1
7835,1,2
7836,1,1
7838,1,2
7839,1,1
7840,1,1
7842,1,2
7843,1,1
7845,1,2
7846,1,1
7848,1,2
7849,1,1
7851,2,2
7852,1,1
7853,1,1
7855,1,2
7856,1,1
7857,1,1
7859,1,2
7860,1,1
7862,1,2
7863,1,1
7864,0,1
7866,1,2
7868,2,2
7869,1,1
7870,1,1
7872,1,2
7873,1,1
7875,1,2
7876,1,1
7878,2,2
7879,1,1
7880,1,1
7882,1,2
7883,1,1
7885,1,2
7886,1,1
7887,1,1
7889,1,2
7890,1,1
7892,2,2
7893,1,1
7894,1,1
7896,2,2
7897,1,1
7898,1,1
7900,2,2
7901,1,1
7902,1,1
7903,1,1
7905,1,2
7906,1,1
7907,1,1
7909,1,2
7910,1,1
7912,2,2
7913,1,1
7914,1,1
7916,1,2
7917,1,1
7918,1,1
7920,1,2
7921,1,1
7922,1,1
7924,1,2
7925,1,1
7927,2,2
7928,1,1
7929,1,1
7931,1,2
7933,1,2
7935,1,2
7936,1,1
7938,1,2
7939,1,1
7940,1,1
7942,1,2
7943,1,1
7944,1,1
7946,1,2
7947,1,1
7948,1,1
7950,1,2
7951,1,1
7952,1,1
7954,1,2
7955,1,1
7956,1,1
7958,1,2
7959,1,1
7960,1,1
7962,1,2
7963,1,1
7964,1,1
7966,1,2
7967,1,1
7968,1,1
7970,1,2
7971,1,1
7972,1,1
7974,1,2
7975,1,1
7976,1,1
7978,1,2
7980,2,2
7982,1,2
7984,1,2
7986,1,2
7988,1,2
7990,1,2
7992,1,2
7995,2,3
7995,0,0
7997,1,2
7998,1,1
8000,2,2
8001,1,1
8002,1,1
8004,2,2
8004,1,0
8006,1,2
8007,1,1
8008,1,1
8009,1,1
8011,1,2
8012,1,1
8013,1,1
8014,1,1
8016,1,2
8017,1,1
8018,1,1
8019,1,1
8020,0,1
8022,1,2
8023,1,1
8025,1,2
8026,1,1
8027,1,1
8028,1,1
8029,0,1
8031,1,2
8032,1,1
8033,1,1
8035,2,2
8036,1,1
8037,1,1
8038,1,1
8040,2,2
8041,1,1
8042,1,1
8043,1,1
8045,2,2
8046,1,1
8047,1,1
8049,2,2
8050,1,1
8051,1,1
8052,1,1
8053,1,1
8055,1,2
8056,1,1
8057,1,1
8058,1,1
8060,1,2
8061,1,1
8062,1,1
8063,1,1
8064,1,1
8065,0,1
8067,1,2
8068,1,1
8069,1,1
8071,1,2
8072,1,1
8073,1,1
8075,2,2
8076,1,1
8077,1,1
8078,1,1
8083,5,5
8084,4,1
8084,3,0
8084,2,0
8085,2,1
8086,1,1
8087,1,1
8088,1,1
8090,1,2
8091,1,1
8092,1,1
8093,1,1
8095,1,2
8096,1,1
8097,1,1
8099,2,2
8100,1,1
8101,1,1
8102,1,1
8103,0,1
8105,1,2
8106,1,1
8107,1,1
8109,1,2
8110,1,1
8111,1,1
8113,2,2
8114,1,1
8115,1,1
8116,1,1
8118,1,2
8119,1,1
8120,1,1
8121,1,1
8123,1,2
8124,1,1
8126,2,2
8127,1,1
8128,1,1
8129,1,1
8131,1,2
8132,1,1
8133,1,1
8134,1,1
8136,1,2
8137,1,1
8139,2,2
8140,1,1
8141,1,1
8142,1,1
8144,2,2
8145,1,1
8146,1,1
8147,1,1
8149,1,2
8150,1,1
8151,1,1
8152,1,1
8154,1,2
8155,1,1
8156,1,1
8157,1,1
8159,1,2
8160,1,1
8161,1,1
8163,1,2
8164,1,1
8165,1,1
8167,2,2
8168,1,1
8169,1,1
8170,1,1
8172,2,2
8173,1,1
8174,1,1
8175,1,1
8177,1,2
8178,1,1
8179,1,1
8180,1,1
8182,1,2
8183,1,1
8184,1,1
8186,1,2
8187,1,1
8188,1,1
8189,1,1
8191,1,2
8192,1,1
8193,1,1
8195,2,2
8196,1,1
8197,1,1
8198,1,1
8200,1,2
8203,3,3
8207,5,4
8208,5,1
8208,3,0
8208,2,0
8208,1,0
8209,1,1
8210,0,1
8212,1,2
8213,1,1
8214,0,1
8216,1,2
8217,1,1
8218,0,1
8219,0,1
8221,1,2
8222,0,1
8223,0,1
8225,1,2
8226,1,1
8227,0,1
8229,1,2
8230,1,1
8231,0,1
8233,1,2
8234,1,1
8235,0,1
8237,1,2
8238,1,1
8239,1,1
8240,0,1
8241,0,1
8243,1,2
8244,0,1
8245,0,1
8247,1,2
8248,1,1
8250,1,2
8251,1,1
8252,1,1
8253,0,1
8254,0,1
8256,1,2
8257,1,1
8258,0,1
8259,0,1
8260,0,1
8262,1,2
8263,1,1
8264,1,1
8265,0,1
8266,0,1
8267,0,1
8268,0,1
8270,1,2
8271,1,1
8272,1,1
8273,0,1
8274,0,1
8275,0,1
8277,1,2
8278,1,1
8279,1,1
8280,0,1
8281,0,1
8282,0,1
8284,1,2
8285,1,1
8286,0,1
8287,0,1
8288,0,1
8289,0,1
8291,1,2
8292,1,1
8293,1,1
8294,0,1
8295,0,1
8296,0,1
8297,0,1
8299,1,2
8300,1,1
8301,1,1
8302,0,1
8303,0,1
8304,0,1
8305,0,1
8306,0,1
8308,1,2
8309,1,1
8310,0,1
8311,0,1
8312,0,1
8313,0,1
8314,0,1
8316,1,2
8317,1,1
8318,1,1
8321,2,3
8322,2,1
8322,1,0
8323,1,1
8325,1,2
8326,1,1
8327,1,1
8328,1,1
8329,0,1
8330,0,1
8332,1,2
8333,1,1
8334,1,1
8335,1,1
8336,0,1
8337,0,1
8338,0,1
8339,0,1
8341,1,2
8342,1,1
8343,1,1
8344,0,1
8345,0,1
8346,0,1
8347,0,1
8349,1,2
8350,1,1
8351,1,1
8352,0,1
8353,0,1
8354,0,1
8355,0,1
8357,1,2
8358,1,1
8359,1,1
8360,0,1
8361,0,1
8363,1,2
8364,1,1
8365,1,1
8366,1,1
8367,0,1
8368,0,1
8369,0,1
8370,0,1
8372,1,2
8373,1,1
8374,0,1
8375,0,1
8376,0,1
8377,0,1
8379,1,2
8380,1,1
8381,1,1
8382,1,1
8383,0,1
8384,0,1
8385,0,1
8387,1,2
8388,1,1
8389,1,1
8390,0,1
8391,0,1
8393,1,2
8394,1,1
8395,1,1
8396,1,1
8397,0,1
8398,0,1
8399,0,1
8401,1,2
8402,1,1
8403,1,1
8404,0,1
8405,0,1
8407,1,2
8408,1,1
8409,1,1
8410,1,1
8411,0,1
8412,0,1
8413,0,1
8415,1,2
8416,1,1
8417,1,1
8418,0,1
8419,0,1
8420,0,1
8422,1,2
8423,1,1
8424,1,1
8425,0,1
8426,0,1
8427,0,1
8428,0,1
8430,1,2
8431,1,1
8432,1,1
8433,0,1
8434,0,1
8435,0,1
8437,1,2
8438,1,1
8439,1,1
8440,0,1
8441,0,1
8442,0,1
8444,1,2
8445,1,1
8446,1,1
8447,1,1
8448,0,1
8449,0,1
8450,0,1
8452,1,2
8453,1,1
8454,1,1
8455,0,1
8456,0,1
8457,0,1
8458,0,1
8460,1,2
8461,1,1
8462,1,1
8463,0,1
8464,0,1
8465,0,1
8467,1,2
8468,1,1
8469,1,1
8470,0,1
8471,0,1
8472,0,1
8474,1,2
8475,1,1
8476,1,1
8477,0,1
8478,0,1
8479,0,1
8481,1,2
8482,1,1
8483,1,1
8484,1,1
8485,0,1
8486,0,1
8487,0,1
8488,0,1
8490,1,2
8491,1,1
8492,1,1
8493,0,1
8494,0,1
8495,0,1
8497,1,2
8498,1,1
8499,1,1
8500,0,1
8501,0,1
8503,1,2
8504,1,1
8505,1,1
8506,0,1
8507,0,1
8508,0,1
8509,0,1
8511,1,2
8512,1,1
8513,1,1
8514,1,1
8515,0,1
8516,0,1
8517,0,1
8518,0,1
8520,1,2
8521,1,1
8522,1,1
8523,0,1
8524,0,1
8525,0,1
8526,0,1
8528,1,2
8529,1,1
8530,1,1
8531,0,1
8532,0,1
8533,0,1
8534,0,1
8536,1,2
8537,1,1
8538,0,1
8539,0,1
8540,0,1
8541,0,1
8543,1,2
8544,1,1
8545,1,1
8546,0,1
8547,0,1
8548,0,1
8550,1,2
8551,1,1
8552,1,1
8553,1,1
8554,0,1
8555,0,1
8556,0,1
8558,1,2
8559,1,1
8560,1,1
8561,0,1
8562,0,1
8563,0,1
8564,0,1
8566,1,2
8567,1,1
8568,1,1
8569,0,1
8570,0,1
8571,0,1
8573,1,2
8574,1,1
8575,1,1
8576,0,1
8577,0,1
8578,0,1
8580,1,2
8581,1,1
8582,1,1
8583,0,1
8584,0,1
8585,0,1
8586,0,1
8588,1,2
8589,1,1
8590,1,1
8591,0,1
8592,0,1
8593,0,1
8594,0,1
8596,1,2
8597,1,1
8598,1,1
8599,1,1
8600,0,1
8601,0,1
8602,0,1
8606,3,4
8607,3,1
8607,2,0
8614,7,7
8614,6,0
8614,5,0
8614,4,0
8614,3,0
8614,2,0
8614,1,0
8615,0,1
8616,0,1
8617,0,1
8618,0,1
8620,1,2
8621,1,1
8622,0,1
8623,0,1
8624,0,1
8626,1,2
8627,1,1
8628,1,1
8629,0,1
8630,0,1
8631,0,1
8632,0,1
8634,1,2
8635,1,1
8636,1,1
8637,1,1
8638,0,1
8639,0,1
8640,0,1
8641,0,1
8643,1,2
8644,1,1
8645,1,1
8646,0,1
8647,0,1
8648,0,1
8650,1,2
8651,1,1
8652,1,1
8654,1,2
8655,1,1
8656,1,1
8657,1,1
8659,1,2
8660,1,1
8661,1,1
8662,1,1
8663,1,1
8665,1,2
8666,1,1
8667,1,1
8668,1,1
8670,1,2
8671,1,1
8672,1,1
8674,1,2
8675,1,1
8676,1,1
8677,1,1
8679,1,2
8680,1,1
8681,1,1
8683,1,2
8684,1,1
8685,1,1
8687,2,2
8688,1,1
8689,1,1
8690,1,1
8692,2,2
8693,1,1
8694,1,1
8695,1,1
8696,1,1
8698,1,2
8699,1,1
8700,1,1
8701,1,1
8703,1,2
8704,1,1
8705,1,1
8706,1,1
8708,1,2
8709,1,1
8710,1,1
8711,1,1
8712,0,1
8714,1,2
8715,1,1
8716,1,1
8718,1,2
8719,1,1
8720,1,1
8721,1,1
8723,1,2
8724,1,1
8725,1,1
8726,1,1
8728,1,2
8729,1,1
8730,1,1
8731,1,1
8733,1,2
8734,1,1
8735,1,1
8736,1,1
8738,1,2
8739,1,1
8740,1,1
8742,2,2
8743,1,1
8744,1,1
8745,1,1
8746,1,1
8748,1,2
8749,1,1
8750,1,1
8752,2,2
8753,1,1
8754,1,1
8755,1,1
8756,1,1
8758,1,2
8759,1,1
8761,2,2
8762,1,1
8763,1,1
8764,1,1
8765,1,1
8767,1,2
8768,1,1
8769,1,1
8770,1,1
8772,2,2
8773,1,1
8774,1,1
8775,1,1
8776,1,1
8778,1,2
8780,2,2
8781,1,1
8782,1,1
8783,1,1
8785,1,2
8786,1,1
8787,1,1
8788,1,1
8790,1,2
8791,1,1
8792,1,1
8793,1,1
8795,1,2
8796,1,1
8797,1,1
8798,1,1
8800,1,2
8801,1,1
8802,1,1
8803,1,1
8805,1,2
8806,1,1
8807,1,1
8808,1,1
8809,0,1
8811,1,2
8812,1,1
8813,1,1
8815,1,2
8816,1,1
8817,1,1
8818,1,1
8820,1,2
8821,1,1
8822,1,1
8823,1,1
8825,1,2
8826,1,1
8827,1,1
8828,1,1
8830,1,2
8831,1,1
8832,1,1
8833,1,1
8835,1,2
8836,1,1
8837,1,1
8838,1,1
8840,1,2
8841,1,1
8842,1,1
8843,1,1
8844,0,1
8846,1,2
8847,1,1
8848,1,1
8849,0,1
8851,1,2
8852,1,1
8853,1,1
8855,1,2
8856,1,1
8857,1,1
8858,1,1
8860,1,2
8861,1,1
8862,1,1
8863,1,1
8865,1,2
8866,1,1
8867,1,1
8868,1,1
8870,1,2
8871,1,1
8872,1,1
8874,2,2
8875,1,1
8876,1,1
8877,1,1
8879,1,2
8880,1,1
8881,1,1
8882,1,1
8884,1,2
8885,1,1
8886,1,1
8887,1,1
8889,1,2
8891,2,2
8891,1,0
8892,1,1
8894,1,2
8895,1,1
8896,1,1
8897,1,1
8899,2,2
8900,1,1
8901,1,1
8902,1,1
8903,1,1
8905,1,2
8906,1,1
8907,1,1
8911,1,4
8912,1,1
8913,1,1
8915,1,2
8916,1,1
8917,1,1
8918,1,1
8920,1,2
8921,1,1
8922,1,1
8923,1,1
8924,0,1
8926,1,2
8927,1,1
8928,1,1
8929,1,1
8931,1,2
8932,1,1
8933,1,1
8934,1,1
8936,1,2
8937,1,1
8938,1,1
8939,1,1
8941,1,2
8942,1,1
8943,1,1
8944,1,1
8946,1,2
8947,1,1
8948,1,1
8949,1,1
8951,1,2
8952,1,1
8953,1,1
8954,1,1
8956,1,2
8957,1,1
8958,1,1
8959,1,1
8961,1,2
8962,1,1
8963,1,1
8964,0,1
8966,1,2
8967,1,1
8968,1,1
8969,1,1
8971,1,2
8972,1,1
8973,1,1
8974,1,1
8976,1,2
8977,1,1
8978,1,1
8979,1,1
8980,0,1
8982,1,2
8983,1,1
8984,1,1
8986,2,2
8987,1,1
8988,1,1
8989,1,1
8990,1,1
8992,1,2
8993,1,1
8994,1,1
8996,1,2
8997,1,1
8998,1,1
9000,1,2
9001,1,1
9002,1,1
9003,1,1
9005,1,2
9006,1,1
9007,1,1
9009,1,2
9010,1,1
9011,1,1
9012,1,1
9014,1,2
9015,1,1
9016,1,1
9017,0,1
9019,1,2
9020,1,1
9021,1,1
9023,1,2
9024,1,1
9025,1,1
9027,1,2
9028,1,1
9029,1,1
9030,1,1
9032,1,2
9033,1,1
9034,1,1
9035,1,1
9037,1,2
9038,1,1
9039,1,1
9040,1,1
9041,1,1
9043,1,2
9044,1,1
9045,1,1
9046,1,1
9047,0,1
9049,1,2
9050,1,1
9051,1,1
9053,1,2
9054,1,1
9055,1,1
9056,1,1
9057,0,1
9059,1,2
9060,1,1
9061,1,1
9062,0,1
9064,1,2
9065,1,1
9066,1,1
9067,1,1
9069,1,2
9070,1,1
9071,1,1
9072,1,1
9074,1,2
9075,1,1
9076,1,1
9077,1,1
9079,1,2
9080,1,1
9081,1,1
9082,1,1
9084,1,2
9085,1,1
9086,1,1
9087,1,1
9089,1,2
9090,1,1
9091,1,1
9093,2,2
9094,1,1
9095,1,1
9096,1,1
9097,1,1
9099,1,2
9100,1,1
9101,1,1
9102,1,1
9104,1,2
9105,1,1
9106,1,1
9107,1,1
9109,1,2
9110,1,1
9111,1,1
9112,1,1
9113,0,1
9115,1,2
9116,1,1
9118,2,2
9119,1,1
9120,1,1
9121,1,1
9123,1,2
9124,1,1
9125,1,1
9126,1,1
9127,1,1
9129,1,2
9130,1,1
9131,1,1
9132,1,1
9134,1,2
9135,1,1
9136,1,1
9137,1,1
9138,1,1
9140,1,2
9141,1,1
9142,1,1
9143,1,1
9144,0,1
9146,1,2
9147,1,1
9148,1,1
9149,1,1
9151,1,2
9152,1,1
9153,1,1
9154,1,1
9155,0,1
9157,1,2
9158,1,1
9159,1,1
9160,1,1
9162,1,2
9163,1,1
9164,1,1
9165,1,1
9167,1,2
9168,1,1
9169,1,1
9170,1,1
9171,0,1
9173,1,2
9174,1,1
9175,1,1
9176,1,1
9178,1,2
9179,1,1
9180,1,1
9181,1,1
9183,1,2
9184,1,1
9185,1,1
9186,1,1
9188,1,2
9189,1,1
9190,1,1
9191,1,1
9192,1,1
9194,1,2
9195,1,1
9196,1,1
9197,1,1
9199,1,2
9200,1,1
9201,1,1
9202,1,1
9204,1,2
9205,1,1
9206,1,1
9207,1,1
9208,1,1
9210,1,2
9211,1,1
9212,1,1
9213,1,1
9215,1,2
9216,1,1
9217,1,1
9218,1,1
9220,1,2
9221,1,1
9222,1,1
9223,1,1
9224,0,1
9226,1,2
9227,1,1
9228,1,1
9229,1,1
9231,1,2
9232,1,1
9233,1,1
9234,1,1
9236,1,2
9237,1,1
9238,1,1
9239,1,1
9241,1,2
9242,1,1
9243,1,1
9244,1,1
9245,1,1
9247,1,2
9248,1,1
9249,1,1
9250,1,1
9252,1,2
9253,1,1
9254,1,1
9255,1,1
9257,1,2
9258,1,1
9259,1,1
9260,1,1
9262,1,2
9263,1,1
9264,1,1
9265,1,1
9267,1,2
9268,1,1
9269,1,1
9270,1,1
9272,1,2
9273,1,1
9274,1,1
9275,1,1
9277,1,2
9278,1,1
9279,1,1
9280,1,1
9282,1,2
9283,1,1
9284,1,1
9290,6,6
9291,5,1
9291,4,0
9291,3,0
9291,2,0
9291,0,0
9293,1,2
9294,1,1
9295,1,1
9297,1,2
9298,1,1
9300,1,2
9301,1,1
9302,1,1
9304,1,2
9305,1,1
9306,1,1
9308,1,2
9309,1,1
9310,1,1
9312,1,2
9313,1,1
9314,1,1
9316,1,2
9317,1,1
9319,1,2
9325,6,6
9325,5,0
9329,7,4
9329,6,0
9329,5,0
9329,4,0
9331,4,2
9331,3,0
9331,2,0
9331,1,0
9333,1,2
9334,1,1
9335,1,1
9336,1,1
9338,1,2
9339,1,1
9340,1,1
9341,1,1
9343,1,2
9344,1,1
9345,1,1
9347,1,2
9348,1,1
9349,1,1
9350,1,1
9352,1,2
9353,1,1
9354,1,1
9356,2,2
9357,1,1
9358,1,1
9359,1,1
9360,1,1
9362,1,2
9363,1,1
9364,1,1
9366,1,2
9367,1,1
9368,1,1
9369,1,1
9371,1,2
9372,1,1
9373,1,1
9374,1,1
9376,1,2
9377,1,1
9378,1,1
9379,1,1
9381,1,2
9382,1,1
9383,1,1
9384,1,1
9386,1,2
9387,1,1
9388,1,1
9389,0,1
9391,1,2
9392,1,1
9393,1,1
9394,0,1
9396,1,2
9397,1,1
9398,1,1
9400,1,2
9401,1,1
9402,1,1
9403,1,1
9405,1,2
9406,1,1
9407,1,1
9408,1,1
9410,1,2
9411,1,1
9412,1,1
9413,1,1
9415,1,2
9416,1,1
9417,1,1
9419,1,2
9420,1,1
9421,1,1
9422,1,1
9423,0,1
9425,1,2
9426,1,1
9427,1,1
9429,1,2
9430,1,1
9431,1,1
9432,1,1
9434,1,2
9435,1,1
9436,1,1
9437,1,1
9439,1,2
9440,1,1
9441,1,1
9442,1,1
9444,1,2
9445,1,1
9446,1,1
9447,1,1
9449,1,2
9450,1,1
9451,1,1
9452,1,1
9454,1,2
9455,1,1
9456,1,1
9457,1,1
9459,1,2
9460,1,1
9461,1,1
9463,1,2
9464,1,1
9465,1,1
9466,1,1
9467,1,1
9469,1,2
9470,1,1
9471,1,1
9472,0,1
9474,1,2
9475,1,1
9476,1,1
9478,1,2
9479,1,1
9480,1,1
9481,0,1
9483,1,2
9484,1,1
9485,1,1
9487,1,2
9488,1,1
9489,1,1
9490,1,1
9492,1,2
9493,1,1
9494,1,1
9496,1,2
9497,1,1
9498,1,1
9499,1,1
9500,0,1
9502,1,2
9503,1,1
9504,1,1
9506,1,2
9507,1,1
9508,1,1
9510,1,2
9511,1,1
9512,1,1
9513,1,1
9515,1,2
9516,1,1
9517,1,1
9518,0,1
9520,1,2
9521,1,1
9522,1,1
9524,1,2
9525,1,1
9526,1,1
9528,2,2
9529,1,1
9530,1,1
9531,1,1
9533,1,2
9534,1,1
9535,1,1
9536,1,1
9538,1,2
9539,1,1
9540,1,1
9541,1,1
9543,1,2
9544,1,1
9545,1,1
9547,1,2
9548,1,1
9549,1,1
9550,1,1
9552,1,2
9553,1,1
9554,1,1
9556,2,2
9557,1,1
9558,1,1
9559,1,1
9561,1,2
9562,1,1
9563,1,1
9564,1,1
9566,1,2
9567,1,1
9568,1,1
9569,1,1
9571,1,2
9572,1,1
9573,1,1
9575,1,2
9576,1,1
9577,1,1
9579,1,2
9580,1,1
9581,1,1
9582,1,1
9583,0,1
9585,1,2
9586,1,1
9587,1,1
9589,1,2
9590,1,1
9591,1,1
9592,1,1
9594,1,2
9595,1,1
9596,1,1
9598,1,2
9599,1,1
9600,1,1
9601,1,1
9603,1,2
9604,1,1
9605,1,1
9607,1,2
9608,1,1
9609,1,1
9610,1,1
9612,1,2
9613,1,1
9614,1,1
9615,1,1
9617,1,2
9618,1,1
9619,1,1
9620,1,1
9622,1,2
9623,1,1
9624,1,1
9625,0,1
9627,1,2
9628,1,1
9629,1,1
9631,1,2
9632,1,1
9633,1,1
9635,2,2
9636,1,1
9637,1,1
9638,1,1
9639,1,1
9641,1,2
9642,1,1
9643,1,1
9645,1,2
9646,1,1
9647,1,1
9648,1,1
9650,1,2
9651,1,1
9652,1,1
9654,1,2
9655,1,1
9656,1,1
9657,1,1
9660,2,3
9660,1,0
9661,1,1
9662,1,1
9664,1,2
9665,1,1
9666,1,1
9668,1,2
9669,1,1
9670,1,1
9671,1,1
9673,1,2
9674,1,1
9675,1,1
9676,1,1
9678,1,2
9679,1,1
9680,1,1
9681,0,1
9683,1,2
9684,1,1
9685,1,1
9687,1,2
9688,1,1
9689,1,1
9691,2,2
9692,1,1
9693,1,1
9694,1,1
9696,1,2
9697,1,1
9698,1,1
9699,1,1
9701,1,2
9702,1,1
9703,1,1
9704,1,1
9706,1,2
9707,1,1
9708,1,1
9710,1,2
9711,1,1
9712,1,1
9713,1,1
9715,1,2
9716,1,1
9717,1,1
9719,2,2
9720,1,1
9721,1,1
9722,1,1
9723,0,1
9725,1,2
9726,1,1
9727,1,1
9729,1,2
9730,1,1
9731,1,1
9732,1,1
9734,1,2
9735,1,1
9736,1,1
9737,1,1
9739,1,2
9740,1,1
9741,1,1
9743,1,2
9744,1,1
9745,1,1
9746,1,1
9748,1,2
9749,1,1
9750,1,1
9751,1,1
9753,1,2
9754,1,1
9755,1,1
9757,2,2
9758,1,1
9759,1,1
9760,1,1
9761,1,1
9763,1,2
9764,1,1
9765,1,1
9767,1,2
9768,1,1
9769,1,1
9770,1,1
9772,1,2
9773,1,1
9774,1,1
9775,1,1
9777,1,2
9778,1,1
9779,1,1
9780,1,1
9782,1,2
9783,1,1
9784,1,1
9785,1,1
9787,1,2
9788,1,1
9789,1,1
9791,1,2
9792,1,1
9793,1,1
9794,1,1
9796,1,2
9797,1,1
9798,1,1
9799,1,1
9801,1,2
9802,1,1
9803,1,1
9804,1,1
9806,1,2
9807,1,1
9808,1,1
9810,1,2
9811,1,1
9812,1,1
9813,1,1
9815,1,2
9816,1,1
9817,0,1
9819,1,2
9820,1,1
9822,1,2
9823,1,1
9824,1,1
9826,1,2
9827,1,1
9828,1,1
9830,1,2
9831,1,1
9833,1,2
9834,1,1
9835,1,1
9837,1,2
9838,1,1
9839,1,1
9841,1,2
9842,1,1
9843,1,1
9845,1,2
9846,1,1
9847,1,1
9849,1,2
9850,1,1
9852,1,2
9853,1,1
9854,1,1
9856,1,2
9857,1,1
9858,1,1
9860,1,2
9861,1,1
9862,1,1
9864,1,2
9865,1,1
9866,1,1
9868,1,2
9869,1,1
9871,1,2
9872,1,1
9873,1,1
9875,1,2
9876,1,1
9877,1,1
9879,1,2
9880,1,1
9881,1,1
9883,1,2
9884,1,1
9885,1,1
9887,1,2
9888,1,1
9889,1,1
9891,2,2
9892,1,1
9893,1,1
9894,1,1
9895,1,1
9897,1,2
9898,1,1
9899,1,1
9900,1,1
9902,2,2
9903,1,1
9904,1,1
9905,1,1
9907,1,2
9908,1,1
9909,1,1
9910,1,1
9912,1,2
9913,1,1
9914,1,1
9915,1,1
9917,1,2
9918,1,1
9919,1,1
9920,1,1
9921,1,1
9923,1,2
9924,1,1
9925,1,1
9926,1,1
9928,1,2
9929,1,1
9930,1,1
9931,1,1
9932,1,1
9933,0,1
9935,1,2
9936,1,1
9937,1,1
9938,1,1
9940,1,2
9941,1,1
9942,1,1
9943,1,1
9945,1,2
9946,1,1
9947,1,1
9948,0,1
9950,1,2
9951,1,1
9952,1,1
9954,1,2
9955,1,1
9956,1,1
9957,0,1
9959,1,2
9960,1,1
9961,1,1
9963,1,2
9964,1,1
9965,1,1
9967,1,2
9968,1,1
9969,1,1
9970,1,1
9972,1,2
9973,1,1
9974,1,1
9976,2,2
9977,1,1
9978,1,1
9979,1,1
9980,1,1
9982,1,2
9983,1,1
9984,1,1
9986,1,2
9987,1,1
9989,1,2
9991,2,2
9993,3,2
9994,3,1
9994,1,0
9996,2,2
9997,2,1
9997,1,0
9999,1,2
10000,1,1
10001,1,1
10002,0,1
10004,1,2
10005,1,1
10006,1,1
10007,1,1
10009,1,2
10010,1,1
10011,1,1
10012,0,1
10014,1,2
10015,1,1
10016,1,1
10018,1,2
10019,1,1
10020,1,1
10021,1,1
10023,1,2
10024,1,1
10025,1,1
10027,1,2
10028,1,1
10029,1,1
10031,2,2
10032,1,1
10033,1,1
10035,2,2
10036,1,1
10038,2,2
10038,1,0
10040,1,2
10041,1,1
10042,1,1
10043,1,1
10045,1,2
10046,1,1
10047,1,1
10048,1,1
10050,1,2
10051,1,1
10052,1,1
10053,0,1
10055,1,2
10056,1,1
10057,1,1
10059,1,2
10060,1,1
10062,2,2
10062,1,0
10064,1,2
10065,1,1
10066,1,1
10068,2,2
10069,1,1
10070,1,1
10071,1,1
10073,1,2
10074,1,1
10075,1,1
10076,1,1
10078,1,2
10079,1,1
10080,1,1
10082,1,2
10084,1,2
10086,1,2
10087,1,1
10089,1,2
10091,1,2
10093,1,2
10095,1,2
10096,1,1
10098,1,2
10099,1,1
10100,1,1
10101,1,1
10103,1,2
10104,1,1
10105,1,1
10106,1,1
10108,2,2
10109,1,1
10110,1,1
10111,1,1
10112,1,1
10114,1,2
10115,1,1
10116,1,1
10117,1,1
10118,1,1
10120,1,2
10121,1,1
10122,1,1
10123,1,1
10125,1,2
10126,1,1
10127,1,1
10128,1,1
10130,1,2
10131,1,1
10132,1,1
10134,2,2
10135,1,1
10136,1,1
10137,1,1
10138,1,1
10140,2,2
10141,1,1
10142,1,1
10143,1,1
10144,1,1
10146,1,2
10147,1,1
10148,1,1
10149,1,1
10151,1,2
10152,1,1
10153,1,1
10154,1,1
10155,1,1
10157,1,2
10158,1,1
10159,1,1
10160,1,1
10161,1,1
10163,1,2
10164,1,1
10165,1,1
10166,1,1
10168,2,2
10169,1,1
10170,1,1
10171,1,1
10173,2,2
10174,1,1
10175,1,1
10176,1,1
10178,2,2
10179,1,1
10180,1,1
10181,1,1
10183,1,2
10184,1,1
10185,1,1
10186,1,1
10188,2,2
10189,1,1
10190,1,1
10191,1,1
10192,1,1
10194,2,2
10195,1,1
10196,1,1
10197,1,1
10198,1,1
10200,1,2
10201,1,1
10202,1,1
10203,1,1
10204,1,1
10206,1,2
10207,1,1
10208,1,1
10209,1,1
10211,1,2
10212,1,1
10213,1,1
10214,1,1
10216,2,2
10217,1,1
10218,1,1
10219,1,1
10220,1,1
10222,1,2
10223,1,1
10224,1,1
10225,1,1
10226,1,1
10228,1,2
10229,1,1
10230,1,1
10232,2,2
10233,1,1
10234,1,1
10235,1,1
10237,1,2
10239,2,2
10240,1,1
10241,1,1
10242,1,1
10244,1,2
10245,1,1
10246,1,1
10247,1,1
10249,1,2
10250,1,1
10251,1,1
10252,1,1
10254,1,2
10255,1,1
10256,1,1
10257,1,1
10259,1,2
10260,1,1
10261,1,1
10262,1,1
10264,2,2
10265,1,1
10266,1,1
10267,1,1
10268,1,1
10270,1,2
10271,1,1
10272,1,1
10273,1,1
10275,1,2
10276,1,1
10277,1,1
10278,1,1
10280,1,2
10281,1,1
10282,1,1
10284,2,2
10285,1,1
10286,1,1
10287,1,1
10288,1,1
10290,1,2
10291,1,1
10292,1,1
10293,1,1
10295,2,2
10296,1,1
10297,1,1
10298,1,1
10300,1,2
10301,1,1
10302,1,1
10303,1,1
10305,2,2
10306,1,1
10307,1,1
10308,1,1
10310,2,2
10311,1,1
10312,1,1
10313,1,1
10315,2,2
10316,1,1
10317,1,1
10318,1,1
10321,3,3
10323,1,2
10325,2,2
10326,1,1
10327,1,1
10329,2,2
10330,1,1
10331,1,1
10332,1,1
10333,1,1
10335,1,2
10336,1,1
10337,1,1
10338,1,1
10340,1,2
10341,1,1
10342,1,1
10344,2,2
10345,1,1
10346,1,1
10347,1,1
10349,2,2
10350,1,1
10351,1,1
10352,1,1
10354,2,2
10355,1,1
10356,1,1
10357,1,1
10359,2,2
10360,1,1
10361,1,1
10362,1,1
10364,2,2
10365,1,1
10366,1,1
10367,1,1
10369,2,2
10370,1,1
10371,1,1
10372,1,1
10374,2,2
10375,1,1
10376,1,1
10377,1,1
10379,2,2
10380,1,1
10381,1,1
10382,1,1
10384,2,2
10385,1,1
10386,1,1
10387,1,1
10389,2,2
10390,1,1
10391,1,1
10392,1,1
10394,2,2
10395,1,1
10396,1,1
10397,1,1
10399,2,2
10400,1,1
10401,1,1
10402,1,1
10404,2,2
10405,1,1
10406,1,1
10407,1,1
10409,2,2
10410,1,1
10411,1,1
10412,1,1
10414,1,2
10415,1,1
10416,1,1
10417,1,1
10419,1,2
10420,1,1
10421,1,1
10423,2,2
10424,1,1
10425,1,1
10426,1,1
10428,1,2
10429,1,1
10430,1,1
10432,2,2
10433,1,1
10434,1,1
10435,1,1
10437,2,2
10438,1,1
10439,1,1
10440,1,1
10442,1,2
10443,1,1
10444,1,1
10445,1,1
10447,1,2
10448,1,1
10449,1,1
10451,1,2
10452,1,1
10453,1,1
10455,2,2
10456,1,1
10457,1,1
10458,1,1
10460,2,2
10461,1,1
10462,1,1
10464,2,2
10465,1,1
10466,1,1
10467,1,1
10468,1,1
10470,1,2
10471,1,1
10472,1,1
10474,2,2
10475,1,1
10476,1,1
10477,1,1
10479,1,2
10480,1,1
10481,1,1
10483,2,2
10484,1,1
10485,1,1
10486,1,1
10488,2,2
10489,1,1
10490,1,1
10491,1,1
10493,1,2
10494,1,1
10495,1,1
10496,1,1
10498,1,2
10499,1,1
10500,1,1
10502,1,2
10503,1,1
10504,1,1
10505,1,1
10507,1,2
10508,1,1
10509,1,1
10511,2,2
10512,1,1
10513,1,1
10514,1,1
10516,1,2
10517,1,1
10518,1,1
10519,1,1
10522,2,3
10523,1,1
10524,1,1
10525,1,1
10527,1,2
10528,1,1
10529,1,1
10531,2,2
10532,1,1
10533,1,1
10534,1,1
10536,2,2
10537,1,1
10538,1,1
10539,1,1
10541,1,2
10542,1,1
10543,1,1
10544,1,1
10546,1,2
10547,1,1
10548,1,1
10549,1,1
10551,1,2
10552,1,1
10553,1,1
10555,1,2
10556,1,1
10557,1,1
10558,1,1
10560,2,2
10561,1,1
10562,1,1
10563,1,1
10565,2,2
10566,1,1
10567,1,1
10568,1,1
10570,1,2
10571,1,1
10572,1,1
10573,1,1
10575,1,2
10576,1,1
10577,1,1
10578,1,1
10580,1,2
10581,1,1
10582,1,1
10584,1,2
10585,1,1
10586,1,1
10587,1,1
10589,1,2
10590,1,1
10591,1,1
10592,1,1
10594,1,2
10595,1,1
10596,1,1
10598,1,2
10599,1,1
10600,1,1
10601,1,1
10603,1,2
10604,1,1
10605,1,1
10607,2,2
10608,1,1
10609,1,1
10610,1,1
10612,1,2
10613,1,1
10614,1,1
10615,1,1
10617,1,2
10618,1,1
10619,1,1
10621,2,2
10622,1,1
10623,1,1
10624,1,1
10626,1,2
10627,1,1
10628,1,1
10629,1,1
10631,1,2
10632,1,1
10633,1,1
10634,1,1
10636,1,2
10637,1,1
10638,1,1
10639,1,1
10641,1,2
10642,1,1
10643,1,1
10644,1,1
10646,1,2
10647,1,1
10648,1,1
10650,2,2
10651,1,1
10652,1,1
10654,2,2
10655,1,1
10656,1,1
10657,1,1
10659,1,2
10660,1,1
10661,1,1
10662,1,1
10664,1,2
10665,1,1
10666,1,1
10667,1,1
10669,1,2
10670,1,1
10671,1,1
10672,1,1
10674,1,2
10675,1,1
10676,1,1
10678,2,2
10679,1,1
10680,1,1
10681,1,1
10683,1,2
10684,1,1
10685,1,1
10686,1,1
10688,1,2
10689,1,1
10690,1,1
10691,1,1
10693,1,2
10694,1,1
10695,1,1
10697,2,2
10698,1,1
10699,1,1
10700,1,1
10702,2,2
10704,1,2
10705,1,1
10706,0,1
10708,1,2
10709,1,1
10710,1,1
10711,0,1
10713,1,2
10714,1,1
10715,1,1
10716,1,1
10718,1,2
10719,1,1
10720,1,1
10721,1,1
10723,1,2
10724,1,1
10725,1,1
10726,1,1
10728,2,2
10729,1,1
10730,1,1
10731,1,1
10732,1,1
10734,1,2
10735,1,1
10736,1,1
10737,1,1
10738,1,1
10740,1,2
10741,1,1
10742,1,1
10743,1,1
10744,0,1
10746,1,2
10747,1,1
10748,1,1
10749,1,1
10751,1,2
10752,1,1
10753,1,1
10754,1,1
10755,0,1
10757,1,2
10758,1,1
10759,1,1
10760,1,1
10762,1,2
10763,1,1
10764,1,1
10765,1,1
10766,0,1
10768,1,2
10769,1,1
10770,1,1
10771,1,1
10773,1,2
10774,1,1
10775,1,1
10776,1,1
10778,1,2
10779,1,1
10780,1,1
10781,1,1
10782,1,1
10784,1,2
10785,1,1
10786,1,1
10787,1,1
10789,1,2
10790,1,1
10791,1,1
10792,1,1
10793,1,1
10795,1,2
10796,1,1
10797,1,1
10798,1,1
10799,1,1
10801,1,2
10802,1,1
10803,1,1
10804,1,1
10805,0,1
10807,1,2
10808,1,1
10809,1,1
10810,1,1
10812,1,2
10813,1,1
10814,1,1
10815,1,1
10816,0,1
10818,1,2
10819,1,1
10820,1,1
10821,1,1
10823,1,2
10824,1,1
10825,1,1
10826,1,1
10827,1,1
10829,1,2
10830,1,1
10831,1,1
10832,1,1
10834,1,2
10835,1,1
10836,1,1
10837,1,1
10838,0,1
10840,1,2
10841,1,1
10842,1,1
10843,1,1
10844,0,1
10846,1,2
10847,1,1
10848,1,1
10849,1,1
10851,1,2
10852,1,1
10853,1,1
10854,1,1
10855,0,1
10857,1,2
10858,1,1
10859,1,1
10860,1,1
10862,1,2
10863,1,1
10864,1,1
10865,1,1
10866,0,1
10868,1,2
10869,1,1
10870,1,1
10871,1,1
10873,1,2
10874,1,1
10875,1,1
10876,1,1
10878,1,2
10879,1,1
10880,1,1
10881,1,1
10882,1,1
10884,1,2
10885,1,1
10886,1,1
10887,1,1
10888,1,1
10890,1,2
10891,1,1
10892,1,1
10893,1,1
10894,0,1
10896,1,2
10897,1,1
10898,1,1
10899,1,1
10901,1,2
10902,1,1
10903,1,1
10904,1,1
10905,0,1
10907,1,2
10908,1,1
10909,1,1
10910,1,1
10912,1,2
10913,1,1
10914,1,1
10915,1,1
10916,0,1
10918,1,2
10919,1,1
10920,1,1
10921,1,1
10923,1,2
10924,1,1
10925,1,1
10926,1,1
10928,1,2
10929,1,1
10930,1,1
10931,1,1
10933,1,2
10934,1,1
10935,1,1
10936,1,1
10938,1,2
10939,1,1
10940,1,1
10941,1,1
10949,7,8
10949,6,0
10949,5,0
10949,3,0
10949,2,0
10949,1,0
10953,4,4
10953,3,0
10953,1,0
10954,1,1
10955,1,1
10956,1,1
10958,1,2
10959,1,1
10960,1,1
10961,1,1
10963,1,2
10964,1,1
10965,1,1
10967,2,2
10968,1,1
10969,1,1
10971,2,2
10972,1,1
10973,1,1
10974,1,1
10975,1,1
10977,1,2
10978,1,1
10979,1,1
10981,2,2
10982,1,1
10983,1,1
10984,1,1
10986,1,2
10987,1,1
10988,1,1
10990,2,2
10991,1,1
10992,1,1
10994,2,2
10995,2,1
10996,1,1
10997,1,1
10999,2,2
11000,1,1
11001,1,1
11002,1,1
11004,1,2
11005,1,1
11006,1,1
11008,2,2
11009,1,1
11010,1,1
11011,1,1
11013,2,2
11014,1,1
11015,1,1
11017,2,2
11018,1,1
11019,1,1
11020,1,1
11022,2,2
11023,1,1
11024,1,1
11025,1,1
11027,1,2
11028,1,1
11029,1,1
11030,1,1
11032,1,2
11033,1,1
11034,1,1
11036,2,2
11037,1,1
11038,1,1
11039,1,1
11040,1,1
11042,1,2
11043,1,1
11044,1,1
11046,2,2
11047,1,1
11048,1,1
11049,1,1
11051,2,2
11052,1,1
11053,1,1
11054,1,1
11056,2,2
11057,1,1
11058,1,1
11059,1,1
11060,1,1
11062,1,2
11063,1,1
11064,1,1
11065,1,1
11067,1,2
11068,1,1
11069,1,1
11071,1,2
11072,1,1
11073,1,1
11075,1,2
11076,1,1
11077,1,1
11079,1,2
11080,1,1
11081,1,1
11083,1,2
11084,1,1
11085,1,1
11087,1,2
11088,1,1
11089,1,1
11091,1,2
11092,1,1
11093,1,1
11094,0,1
11096,1,2
11097,1,1
11099,2,2
11100,1,1
11101,1,1
11102,1,1
11104,1,2
11105,1,1
11107,2,2
11108,1,1
11109,1,1
11110,1,1
11112,1,2
11113,1,1
11115,2,2
11116,1,1
11118,2,2
11119,1,1
11121,2,2
11121,1,0
11124,2,3
11124,1,0
11125,1,1
11127,1,2
11128,1,1
11129,1,1
11130,1,1
11132,1,2
11133,1,1
11134,1,1
11135,1,1
11137,1,2
11138,1,1
11139,1,1
11141,2,2
11142,1,1
11143,1,1
11144,1,1
11146,1,2
11147,1,1
11148,1,1
11149,1,1
11151,1,2
11152,1,1
11153,1,1
11154,1,1
11156,1,2
11157,1,1
11158,1,1
11159,1,1
11161,1,2
11162,1,1
11163,1,1
11164,1,1
11166,1,2
11167,1,1
11168,1,1
11169,0,1
11171,1,2
11172,1,1
11173,1,1
11175,1,2
11176,1,1
11177,1,1
11178,1,1
11180,1,2
11181,1,1
11182,1,1
11184,2,2
11185,1,1
11186,1,1
11187,1,1
11188,1,1
11190,1,2
11191,1,1
11192,1,1
11194,1,2
11195,1,1
11196,1,1
11197,1,1
11199,1,2
11200,1,1
11201,1,1
11202,1,1
11204,2,2
11205,1,1
11206,1,1
11207,1,1
11208,1,1
11210,1,2
11211,1,1
11212,1,1
11214,2,2
11215,1,1
11216,1,1
11217,1,1
11218,1,1
11220,1,2
11221,1,1
11222,1,1
11223,1,1
11225,1,2
11226,1,1
11227,1,1
11228,1,1
11230,1,2
11231,1,1
11232,1,1
11233,1,1
11235,2,2
11236,1,1
11237,1,1
11238,1,1
11239,1,1
11241,1,2
11242,1,1
11243,1,1
11244,1,1
11246,2,2
11247,1,1
11248,1,1
11249,1,1
11251,2,2
11252,1,1
11253,1,1
11254,1,1
11255,1,1
11257,1,2
11258,1,1
11259,1,1
11260,1,1
11262,1,2
11263,1,1
11264,1,1
11266,2,2
11267,2,1
11268,1,1
11269,1,1
11270,1,1
11272,2,2
11273,1,1
11274,1,1
11275,1,1
11277,2,2
11278,1,1
11279,1,1
11280,1,1
11282,2,2
11283,1,1
11284,1,1
11285,1,1
11287,2,2
11288,1,1
11289,1,1
11290,1,1
11291,1,1
11293,1,2
11294,1,1
11295,1,1
11297,2,2
11298,1,1
11299,1,1
11300,1,1
11302,2,2
11303,1,1
11304,1,1
11305,1,1
11306,1,1
11308,1,2
11309,1,1
11310,1,1
11311,1,1
11313,1,2
11314,1,1
11315,1,1
11316,1,1
11318,1,2
11319,1,1
11323,4,4
11325,5,2
11325,3,0
11325,2,0
11326,2,1
11326,1,0
11328,1,2
11329,1,1
11330,1,1
11331,1,1
11333,1,2
11334,1,1
11335,1,1
11336,1,1
11337,1,1
11339,1,2
11340,1,1
11341,1,1
11343,2,2
11344,1,1
11345,1,1
11346,1,1
11347,1,1
11349,1,2
11350,1,1
11351,1,1
11352,1,1
11354,1,2
11355,1,1
11356,1,1
11357,1,1
11359,1,2
11360,1,1
11361,1,1
11362,1,1
11364,2,2
11365,1,1
11366,1,1
11367,1,1
11368,1,1
11370,1,2
11371,1,1
11372,1,1
11373,1,1
11375,1,2
11376,1,1
11377,1,1
11378,1,1
11380,2,2
11381,1,1
11382,1,1
11383,1,1
11385,2,2
11386,1,1
11387,1,1
11388,1,1
11390,2,2
11391,1,1
11392,1,1
11393,1,1
11394,1,1
11396,1,2
11397,1,1
11398,1,1
11399,1,1
11401,1,2
11402,1,1
11403,1,1
11405,2,2
11406,1,1
11407,1,1
11408,1,1
11410,2,2
11411,1,1
11412,1,1
11413,1,1
11415,2,2
11416,1,1
11417,1,1
11418,1,1
11419,1,1
11421,1,2
11422,1,1
11423,1,1
11424,1,1
11426,1,2
11427,1,1
11428,1,1
11429,1,1
11431,2,2
11432,1,1
11433,1,1
11434,1,1
11436,2,2
11437,1,1
11438,1,1
11439,1,1
11440,1,1
11442,2,2
11443,1,1
11444,1,1
11445,1,1
11447,1,2
11448,1,1
11449,1,1
11450,1,1
11452,2,2
11453,1,1
11454,1,1
11455,1,1
11456,1,1
11458,1,2
11459,1,1
11460,1,1
11461,1,1
11463,1,2
11464,1,1
11465,1,1
11466,1,1
11468,2,2
11469,1,1
11470,1,1
11471,1,1
11473,2,2
11474,1,1
11475,1,1
11476,1,1
11478,2,2
11479,1,1
11480,1,1
11481,1,1
11482,1,1
11484,2,2
11485,1,1
11486,1,1
11487,1,1
11488,1,1
11490,1,2
11491,1,1
11492,1,1
11493,1,1
11495,1,2
11496,1,1
11497,1,1
11499,2,2
11500,1,1
11501,1,1
11502,1,1
11504,2,2
11505,1,1
11506,1,1
11507,1,1
11508,1,1
11510,2,2
11511,1,1
11512,1,1
11513,1,1
11515,2,2
11516,1,1
11517,1,1
11518,1,1
11519,1,1
11521,1,2
11522,1,1
11523,1,1
11524,1,1
11526,1,2
11527,1,1
11528,1,1
11529,1,1
11531,1,2
11532,1,1
11533,1,1
11534,1,1
11536,2,2
11537,1,1
11538,1,1
11539,1,1
11541,2,2
11542,1,1
11543,1,1
11544,1,1
11545,1,1
11547,2,2
11548,1,1
11549,1,1
11550,1,1
11552,1,2
11553,1,1
11554,1,1
11555,1,1
11556,1,1
11558,1,2
11559,1,1
11560,1,1
11562,2,2
11563,1,1
11564,1,1
11565,1,1
11567,2,2
11568,1,1
11569,1,1
11570,1,1
11572,2,2
11573,1,1
11574,1,1
11575,1,1
11577,2,2
11578,1,1
11579,1,1
11580,1,1
11582,2,2
11583,1,1
11584,1,1
11585,1,1
11587,2,2
11588,1,1
11589,1,1
11590,1,1
11591,1,1
11593,1,2
11594,1,1
11595,1,1
11597,2,2
11598,1,1
11599,1,1
11600,1,1
11601,1,1
11603,1,2
11604,1,1
11605,1,1
11606,1,1
11608,2,2
11609,1,1
11610,1,1
11611,1,1
11612,1,1
11614,1,2
11615,1,1
11616,1,1
11617,1,1
11619,1,2
11620,1,1
11621,1,1
11622,1,1
11624,1,2
11625,1,1
11626,1,1
11628,2,2
11629,1,1
11630,1,1
11631,1,1
11632,1,1
11634,1,2
11635,1,1
11636,1,1
11637,1,1
11639,2,2
11640,1,1
11641,1,1
11642,1,1
11644,2,2
11645,1,1
11646,1,1
11647,1,1
11648,1,1
11650,1,2
11651,1,1
11652,1,1
11654,2,2
11655,1,1
11656,1,1
11657,1,1
11659,2,2
11660,1,1
11661,1,1
11662,1,1
11664,2,2
11665,1,1
11666,1,1
11667,1,1
11668,1,1
11670,1,2
11671,1,1
11672,1,1
11674,2,2
11675,1,1
11676,1,1
11677,1,1
11679,2,2
11680,1,1
11681,1,1
11682,1,1
11684,2,2
11685,1,1
11686,1,1
11687,1,1
11688,1,1
11690,2,2
11691,1,1
11692,1,1
11693,1,1
11695,2,2
11696,1,1
11697,1,1
11698,1,1
11700,2,2
11701,1,1
11702,1,1
11703,1,1
11705,2,2
11706,1,1
11707,1,1
11708,1,1
11709,1,1
11711,1,2
11712,1,1
11713,1,1
11715,2,2
11716,1,1
11718,2,2
11718,1,0
11720,1,2
11721,1,1
11722,1,1
11724,2,2
11725,1,1
11726,1,1
11727,1,1
11728,1,1
11730,1,2
11731,1,1
11732,1,1
11734,2,2
11735,1,1
11736,1,1
11737,1,1
11739,2,2
11740,1,1
11741,1,1
11742,1,1
11743,1,1
11745,1,2
11746,1,1
11747,1,1
11748,1,1
11749,1,1
11751,1,2
11752,1,1
11753,1,1
11755,2,2
11756,1,1
11757,1,1
11758,1,1
11759,1,1
11761,2,2
11762,1,1
11763,1,1
11764,1,1
11766,2,2
11767,1,1
11768,1,1
11769,1,1
11771,2,2
11772,1,1
11773,1,1
11774,1,1
11776,2,2
11777,2,1
11778,1,1
11779,1,1
11780,1,1
11782,2,2
11783,1,1
11784,1,1
11786,2,2
11787,2,1
11788,1,1
11789,1,1
11790,1,1
11792,2,2
11793,1,1
11794,1,1
11795,1,1
11796,1,1
11798,1,2
11799,1,1
11800,1,1
11802,2,2
11803,1,1
11804,1,1
11805,1,1
11807,2,2
11808,1,1
11809,1,1
11810,1,1
11811,1,1
11813,2,2
11814,1,1
11815,1,1
11816,1,1
11818,2,2
11819,1,1
11820,1,1
11821,1,1
11823,1,2
11824,1,1
11825,1,1
11826,1,1
11827,1,1
11829,1,2
11830,1,1
11831,1,1
11832,1,1
11833,0,1
11835,1,2
11836,1,1
11837,1,1
11839,2,2
11840,1,1
11841,1,1
11842,1,1
11843,1,1
11845,1,2
11846,1,1
11847,1,1
11848,1,1
11850,1,2
11851,1,1
11852,1,1
11853,1,1
11855,1,2
11856,1,1
11857,1,1
11858,1,1
11860,1,2
11861,1,1
11862,1,1
11863,1,1
11865,1,2
11866,1,1
11867,1,1
11868,1,1
11870,1,2
11871,1,1
11872,1,1
11873,1,1
11875,1,2
11876,1,1
11877,1,1
11878,1,1
11880,1,2
11881,1,1
11882,1,1
11883,1,1
11884,1,1
11886,1,2
11887,1,1
11888,1,1
11889,0,1
11891,1,2
11892,1,1
11893,1,1
11895,1,2
11896,1,1
11897,1,1
11898,1,1
11900,1,2
11901,1,1
11902,1,1
11903,1,1
11905,1,2
11906,1,1
11907,1,1
11908,1,1
11909,0,1
11911,1,2
11912,1,1
11913,1,1
11915,1,2
11916,1,1
11917,1,1
11918,1,1
11919,1,1
11921,1,2
11922,1,1
11923,1,1
11924,1,1
11926,1,2
11927,1,1
11928,1,1
11929,1,1
11930,1,1
11932,1,2
11933,1,1
11934,1,1
11935,1,1
11937,1,2
11938,1,1
11939,1,1
11940,1,1
11942,2,2
11943,1,1
11944,1,1
11945,1,1
11946,1,1
11948,1,2
11949,1,1
11950,1,1
11951,1,1
11953,1,2
11954,1,1
11955,1,1
11956,1,1
11957,0,1
11959,1,2
11960,1,1
11961,1,1
11962,1,1
11964,1,2
11965,1,1
11966,1,1
11967,1,1
11969,1,2
11970,1,1
11971,1,1
11972,1,1
11974,1,2
11975,1,1
11976,1,1
11977,1,1
11978,1,1
11980,1,2
11981,1,1
11982,1,1
11983,1,1
11985,1,2
11986,1,1
11987,1,1
11988,1,1
11989,0,1
11991,1,2
11992,1,1
11993,1,1
11994,1,1
11995,0,1
11997,1,2
11998,1,1
11999,1,1
12000,1,1
12002,1,2
12003,1,1
12004,1,1
12005,1,1
12007,1,2
12008,1,1
12009,1,1
12010,1,1
12011,0,1
12013,1,2
12014,1,1
12015,1,1
12016,1,1
12018,1,2
12019,1,1
12020,1,1
12021,1,1
12023,1,2
12024,1,1
12025,1,1
12026,1,1
12028,1,2
12029,1,1
12030,1,1
12031,1,1
12032,1,1
12034,1,2
12035,1,1
12036,1,1
12037,1,1
12039,1,2
12040,1,1
12041,1,1
12042,1,1
12044,1,2
12045,1,1
12046,1,1
12047,1,1
12048,1,1
12050,1,2
12051,1,1
12052,1,1
12053,1,1
12054,0,1
12056,1,2
12057,1,1
12058,1,1
12059,1,1
12060,0,1
12062,1,2
12063,1,1
12064,1,1
12065,1,1
12067,1,2
12068,1,1
12069,1,1
12070,1,1
12072,1,2
12073,1,1
12074,1,1
12075,1,1
12076,1,1
12078,1,2
12079,1,1
12080,1,1
12081,1,1
12083,1,2
12084,1,1
12085,1,1
12086,1,1
12088,1,2
12089,1,1
12090,1,1
12091,1,1
12092,1,1
12094,1,2
12095,1,1
12096,1,1
12097,1,1
12099,1,2
12100,1,1
12101,1,1
12102,1,1
12104,1,2
12105,1,1
12106,1,1
12107,1,1
12108,1,1
12110,1,2
12111,1,1
12112,1,1
12113,1,1
12115,1,2
12116,1,1
12124,8,8
12124,7,0
12124,5,0
12124,4,0
12124,3,0
12124,1,0
12125,1,1
12126,1,1
12128,2,2
12128,0,0
12130,1,2
12131,1,1
12132,1,1
12134,2,2
12135,1,1
12136,1,1
12137,1,1
12139,2,2
12140,1,1
12141,1,1
12142,1,1
12143,1,1
12145,1,2
12146,1,1
12147,1,1
12148,1,1
12150,2,2
12151,1,1
12152,1,1
12153,1,1
12154,1,1
12156,1,2
12157,1,1
12158,1,1
12159,1,1
12160,1,1
12162,1,2
12163,1,1
12164,1,1
12165,1,1
12167,1,2
12168,1,1
12169,1,1
12170,1,1
12172,2,2
12173,1,1
12174,1,1
12175,1,1
12177,2,2
12178,1,1
12179,1,1
12180,1,1
12182,2,2
12183,1,1
12184,1,1
12185,1,1
12186,1,1
12188,1,2
12189,1,1
12190,1,1
12191,1,1
12193,2,2
12194,1,1
12195,1,1
12196,1,1
12198,2,2
12199,1,1
12200,1,1
12201,1,1
12202,1,1
12204,1,2
12205,1,1
12206,1,1
12207,1,1
12209,1,2
12210,1,1
12211,1,1
12212,1,1
12213,1,1
12215,1,2
12216,1,1
12217,1,1
12218,1,1
12219,1,1
12221,1,2
12222,1,1
12223,1,1
12224,1,1
12225,1,1
12227,1,2
12228,1,1
12229,1,1
12230,1,1
12233,1,3
12234,1,1
12235,1,1
12236,1,1
12238,1,2
12239,1,1
12240,1,1
12241,1,1
12243,2,2
12244,1,1
12245,1,1
12246,1,1
12247,1,1
12249,1,2
12250,1,1
12251,1,1
12252,1,1
12253,0,1
12255,1,2
12256,1,1
12257,1,1
12258,1,1
12259,0,1
12261,1,2
12262,1,1
12263,1,1
12264,0,1
12266,1,2
12267,1,1
12268,1,1
12269,1,1
12271,1,2
12272,1,1
12273,1,1
12274,1,1
12276,1,2
12277,1,1
12278,1,1
12282,4,4
12282,2,0
12282,1,0
12283,1,1
12284,1,1
12286,1,2
12287,1,1
12288,1,1
12289,1,1
12291,1,2
12292,1,1
12293,1,1
12294,0,1
12296,1,2
12297,1,1
12298,1,1
12300,1,2
12301,1,1
12302,1,1
12304,2,2
12305,1,1
12310,5,5
12311,5,1
12312,5,1
12312,3,0
12312,2,0
12312,1,0
12313,1,1
12314,1,1
12316,1,2
12317,1,1
12318,1,1
12321,3,3
12325,5,4
12325,4,0
12328,6,3
12328,4,0
12328,3,0
12328,2,0
12328,1,0
12330,1,2
12331,1,1
12333,1,2
12334,1,1
12335,1,1
12337,1,2
12338,1,1
12339,1,1
12341,1,2
12342,1,1
12343,1,1
12345,1,2
12346,1,1
12347,1,1
12348,1,1
12350,1,2
12351,1,1
12352,1,1
12354,1,2
12355,1,1
12356,1,1
12358,1,2
12359,1,1
12360,1,1
12362,1,2
12363,1,1
12364,1,1
12366,1,2
12367,1,1
12368,1,1
12369,0,1
12371,1,2
12372,1,1
12374,1,2
12375,1,1
12376,1,1
12377,0,1
12379,1,2
12380,1,1
12381,0,1
12383,1,2
12384,1,1
12386,1,2
12387,1,1
12388,1,1
12389,0,1
12391,1,2
12392,1,1
12394,1,2
12395,1,1
12396,1,1
12398,1,2
12399,1,1
12400,1,1
12401,0,1
12403,1,2
12404,1,1
12406,1,2
12407,1,1
12408,1,1
12409,1,1
12411,1,2
12412,1,1
12413,1,1
12414,1,1
12416,1,2
12417,1,1
12418,1,1
12420,2,2
12421,1,1
12422,1,1
12423,1,1
12424,0,1
12426,1,2
12427,1,1
12428,1,1
12429,0,1
12431,1,2
12432,1,1
12433,1,1
12435,1,2
12436,1,1
12437,1,1
12439,1,2
12440,1,1
12441,1,1
12442,1,1
12444,1,2
12445,1,1
12446,1,1
12447,1,1
12449,1,2
12450,1,1
12451,1,1
12453,1,2
12454,1,1
12455,1,1
12456,1,1
12458,1,2
12459,1,1
12460,1,1
12462,2,2
12463,1,1
12464,1,1
12465,1,1
12467,1,2
12468,1,1
12469,1,1
12471,2,2
12472,1,1
12473,1,1
12474,1,1
12476,1,2
12477,1,1
12478,1,1
12479,1,1
12481,1,2
12482,1,1
12483,1,1
12484,1,1
12486,1,2
12487,1,1
12488,1,1
12490,1,2
12491,1,1
12492,1,1
12493,1,1
12495,1,2
12496,1,1
12497,1,1
12498,1,1
12500,1,2
12501,1,1
12502,1,1
12504,1,2
12505,1,1
12506,1,1
12507,1,1
12509,1,2
12510,1,1
12511,1,1
12512,1,1
12514,1,2
12515,1,1
12516,1,1
12518,2,2
12519,1,1
12520,1,1
12521,1,1
12523,1,2
12524,1,1
12525,1,1
12527,2,2
12528,1,1
12529,1,1
12530,1,1
12532,2,2
12533,1,1
12534,1,1
12535,1,1
12537,1,2
12538,1,1
12539,1,1
12541,2,2
12542,1,1
12543,1,1
12544,1,1
12546,2,2
12547,1,1
12548,1,1
12549,1,1
12551,1,2
12552,1,1
12553,1,1
12554,1,1
12556,1,2
12557,1,1
12558,1,1
12560,1,2
12561,1,1
12562,1,1
12563,1,1
12565,1,2
12566,1,1
12567,1,1
12569,2,2
12570,1,1
12571,1,1
12572,1,1
12574,2,2
12575,1,1
12576,1,1
12577,1,1
12579,1,2
12580,1,1
12581,1,1
12582,1,1
12584,1,2
12585,1,1
12586,1,1
12588,1,2
12589,1,1
12590,1,1
12591,1,1
12593,1,2
12594,1,1
12595,1,1
12597,2,2
12598,1,1
12599,1,1
12600,1,1
12602,2,2
12603,1,1
12604,1,1
12605,1,1
12607,1,2
12608,1,1
12609,1,1
12610,1,1
12612,1,2
12613,1,1
12614,1,1
12616,2,2
12617,1,1
12618,1,1
12619,1,1
12621,1,2
12622,1,1
12623,1,1
12625,2,2
12626,1,1
12627,1,1
12628,1,1
12630,1,2
12631,1,1
12632,1,1
12633,1,1
12635,1,2
12636,1,1
12637,1,1
12639,2,2
12640,1,1
12641,1,1
12642,1,1
12644,1,2
12645,1,1
12646,1,1
12648,2,2
12649,1,1
12650,1,1
12651,1,1
12652,1,1
12654,1,2
12655,1,1
12656,1,1
12658,1,2
12659,1,1
12660,1,1
12661,1,1
12663,1,2
12664,1,1
12665,1,1
12667,2,2
12668,1,1
12669,1,1
12671,2,2
12672,1,1
12673,1,1
12674,1,1
12675,1,1
12677,1,2
12678,1,1
12679,1,1
12681,2,2
12682,1,1
12683,1,1
12684,1,1
12686,1,2
12687,1,1
12688,1,1
12689,1,1
12691,1,2
12692,1,1
12693,1,1
12695,2,2
12696,1,1
12697,1,1
12698,1,1
12700,2,2
12701,1,1
12702,1,1
12703,1,1
12705,2,2
12706,1,1
12707,1,1
12708,1,1
12710,2,2
12711,1,1
12712,1,1
12713,1,1
12715,2,2
12716,1,1
12717,1,1
12718,1,1
12720,2,2
12721,1,1
12722,1,1
12723,1,1
12725,2,2
12726,1,1
12727,1,1
12728,1,1
12730,1,2
12731,1,1
12732,1,1
12734,2,2
12735,1,1
12736,1,1
12737,1,1
12739,2,2
12740,1,1
12741,1,1
12742,1,1
12744,1,2
12745,1,1
12746,1,1
12747,1,1
12749,1,2
12750,1,1
12751,1,1
12753,2,2
12754,1,1
12755,1,1
12756,1,1
12758,1,2
12759,1,1
12760,1,1
12761,1,1
12763,1,2
12764,1,1
12765,1,1
12767,2,2
12768,1,1
12769,1,1
12770,1,1
12772,1,2
12773,1,1
12774,1,1
12775,1,1
12777,1,2
12778,1,1
12779,1,1
12781,2,2
12782,1,1
12783,1,1
12784,1,1
12786,1,2
12787,1,1
12788,1,1
12789,1,1
12791,1,2
12792,1,1
12793,1,1
12795,2,2
12796,1,1
12797,1,1
12798,1,1
12800,1,2
12801,1,1
12802,1,1
12803,1,1
12805,1,2
12806,1,1
12807,1,1
12808,1,1
12810,1,2
12811,1,1
12812,1,1
12814,2,2
12815,1,1
12816,1,1
12817,1,1
12819,2,2
12820,1,1
12821,1,1
12822,1,1
12824,2,2
12825,1,1
12826,1,1
12827,1,1
12829,1,2
12830,1,1
12831,1,1
12833,2,2
12834,1,1
12835,1,1
12836,1,1
12838,2,2
12839,1,1
12840,1,1
12841,1,1
12843,1,2
12844,1,1
12845,1,1
12846,1,1
12848,1,2
12849,1,1
12850,1,1
12851,1,1
12853,1,2
12854,1,1
12855,1,1
12857,2,2
12858,1,1
12859,1,1
12860,1,1
12861,1,1
12863,1,2
12864,1,1
12865,1,1
12866,1,1
12868,1,2
12869,1,1
12870,1,1
12871,1,1
12872,1,1
12874,1,2
12875,1,1
12876,1,1
12878,1,2
12879,1,1
12880,1,1
12881,1,1
12883,1,2
12884,1,1
12885,1,1
12886,1,1
12888,1,2
12889,1,1
12890,1,1
12891,1,1
12893,1,2
12894,1,1
12895,1,1
12896,1,1
12898,1,2
12899,1,1
12900,1,1
12902,2,2
12903,1,1
12904,1,1
12905,1,1
12907,2,2
12908,1,1
12909,1,1
12910,1,1
12912,2,2
12913,1,1
12914,1,1
12915,1,1
12917,2,2
12918,1,1
12919,1,1
12920,1,1
12922,2,2
12923,1,1
12924,1,1
12925,1,1
12927,2,2
12928,1,1
12929,1,1
12930,1,1
12932,2,2
12933,1,1
12934,1,1
12935,1,1
12936,1,1
12938,1,2
12939,1,1
12940,1,1
12942,2,2
12943,1,1
12944,1,1
12945,1,1
12947,2,2
12948,1,1
12949,1,1
12950,1,1
12952,2,2
12953,1,1
12954,1,1
12955,1,1
12957,2,2
12958,1,1
12959,1,1
12960,1,1
12962,2,2
12963,1,1
12964,1,1
12965,1,1
12967,1,2
12968,1,1
12969,1,1
12970,1,1
12972,1,2
12973,1,1
12974,1,1
12976,2,2
12977,1,1
12978,1,1
12979,1,1
12981,1,2
12982,1,1
12983,1,1
12984,1,1
12985,1,1
12987,1,2
12988,1,1
12989,1,1
12991,1,2
12992,1,1
12993,1,1
12994,1,1
12996,1,2
12997,1,1
12998,1,1
13000,2,2
13001,1,1
13002,1,1
13003,1,1
13005,1,2
13006,1,1
13007,1,1
13009,2,2
13010,1,1
13011,1,1
13012,1,1
13014,2,2
13015,1,1
13016,1,1
13017,1,1
13019,1,2
13020,1,1
13021,1,1
13023,2,2
13024,1,1
13025,1,1
13026,1,1
13028,2,2
13029,1,1
13030,1,1
13032,2,2
13033,2,1
13034,1,1
13035,1,1
13036,1,1
13038,1,2
13039,1,1
13040,1,1
13042,2,2
13043,1,1
13044,1,1
13045,1,1
13047,2,2
13048,1,1
13049,1,1
13050,1,1
13052,2,2
13053,1,1
13054,1,1
13055,1,1
13057,1,2
13058,1,1
13059,1,1
13060,1,1
13062,1,2
13063,1,1
13064,1,1
13066,2,2
13067,1,1
13068,1,1
13069,1,1
13070,1,1
13072,1,2
13073,1,1
13074,1,1
13075,1,1
13077,1,2
13078,1,1
13079,1,1
13080,1,1
13082,2,2
13083,1,1
13084,1,1
13085,1,1
13087,2,2
13088,1,1
13089,1,1
13090,1,1
13092,2,2
13093,1,1
13094,1,1
13095,1,1
13097,2,2
13098,1,1
13099,1,1
13100,1,1
13102,1,2
13103,1,1
13104,1,1
13106,2,2
13107,1,1
13108,1,1
13109,1,1
13111,2,2
13112,1,1
13113,1,1
13115,2,2
13116,1,1
13117,1,1
13118,1,1
13119,1,1
13121,1,2
13122,1,1
13123,1,1
