time (ms)
0
14
20
28
35
42
50
56
63
71
78
85
92
99
110
116
123
131
137
146
153
160
167
173
181
188
196
203
211
220
227
236
244
251
258
265
273
279
286
293
300
306
313
319
325
332
339
345
353
360
366
373
379
386
393
400
407
413
420
426
432
439
447
454
461
468
474
481
488
494
501
508
514
520
526
533
540
547
555
562
569
575
582
589
598
604
610
617
623
629
635
641
648
655
661
667
674
680
686
693
699
705
711
717
723
729
736
742
748
755
761
768
777
784
794
802
809
816
823
831
838
845
852
859
866
872
878
885
891
898
904
911
917
923
929
935
942
948
955
961
967
973
980
987
994
1000
1007
1014
1020
1027
1034
1042
1049
1055
1061
1067
1075
1081
1090
1097
1103
1110
1116
1123
1130
1136
1143
1149
1156
1164
1171
1177
1183
1190
1197
1204
1210
1217
1223
1230
1236
1243
1250
1256
1263
1270
1277
1285
1294
1301
1310
1324
1332
1339
1346
1353
1360
1367
1374
1381
1388
1394
1400
1406
1413
1419
1425
1432
1438
1445
1452
1458
1465
1471
1477
1484
1491
1497
1508
1514
1520
1526
1533
1540
1546
1553
1559
1565
1571
1577
1583
1589
1595
1602
1608
1614
1624
1638
1645
1654
1660
1667
1673
1681
1689
1697
1705
1711
1721
1727
1735
1743
1750
1758
1765
1772
1778
1784
1791
1797
1804
1811
1817
1823
1830
1836
1843
1849
1856
1863
1869
1875
1882
1889
1897
1904
1910
1917
1924
1930
1937
1944
1951
1957
1964
1971
1977
1984
1990
1997
2004
2011
2018
2025
2031
2038
2045
2056
2063
2069
2076
2085
2092
2099
2106
2119
2124
2130
2135
2140
2146
2151
2156
2162
2167
2173
2178
2183
2189
2207
2215
2221
2226
2232
2237
2247
2253
2258
2264
2273
2280
2287
2293
2300
2310
2317
2323
2330
2337
2343
2350
2357
2364
2370
2377
2384
2391
2397
2406
2413
2420
2427
2434
2440
2447
2455
2463
2472
2480
2489
2496
2503
2509
2516
2523
2530
2536
2543
2550
2557
2564
2573
2579
2588
2598
2605
2614
2623
2630
2647
2652
2658
2665
2687
2708
2715
2722
2729
2736
2743
2749
2756
2762
2769
2776
2782
2789
2795
2802
2808
2815
2821
2827
2834
2841
2847
2854
2860
2867
2873
2880
2886
2893
2900
2906
2912
2919
2926
2932
2939
2945
2952
2958
2966
2973
2979
2986
2993
3000
3006
3013
3025
3032
3039
3047
3054
3062
3069
3076
3085
3093
3101
3109
3118
3126
3133
3141
3150
3158
3166
3174
3183
3190
3198
3205
3213
3221
3228
3236
3244
3252
3259
3267
3275
3284
3292
3301
3308
3317
3325
3333
3340
3348
3354
3362
3370
3378
3385
3394
3401
3410
3418
3426
3434
3444
3456
3464
3472
3478
3485
3491
3498
3504
3511
3517
3524
3530
3537
3543
3550
3556
3563
3569
3576
3582
3594
3603
3609
3616
3623
3630
3639
3646
3652
3659
3665
3671
3678
3684
3690
3696
3708
3714
3721
3727
3736
3743
3749
3755
3762
3768
3774
3781
3787
3793
3800
3806
3812
3819
3825
3831
3838
3845
3856
3862
3868
3874
3880
3887
3893
3899
3905
3911
3917
3924
3930
3937
3944
3951
3957
3965
3972
3980
3987
3995
4003
4010
4018
4026
4033
4040
4047
4055
4062
4070
4077
4087
4095
4104
4113
4122
4130
4140
4148
4156
4164
4171
4179
4186
4194
4201
4208
4216
4223
4231
4243
4251
4259
4272
4279
4288
4295
4302
4309
4317
4324
4331
4339
4346
4353
4360
4367
4374
4382
4390
4397
4405
4412
4419
4427
4435
4441
4452
4459
4464
4470
4476
4482
4489
4495
4501
4508
4516
4522
4528
4534
4540
4547
4553
4559
4566
4572
4578
4584
4590
4597
4603
4609
4615
4622
4628
4634
4641
4649
4655
4662
4669
4676
4684
4691
4699
4706
4714
4722
4729
4740
4749
4757
4764
4771
4778
4785
4793
4800
4808
4816
4826
4834
4842
4849
4857
4866
4874
4882
4890
4898
4907
4916
4927
4938
4946
4958
4968
4977
4987
4997
5008
5016
5024
5031
5042
5049
5063
5071
5079
5086
5093
5102
5111
5119
5126
5134
5142
5149
5157
5165
5173
5180
5188
5196
5204
5212
5220
5227
5235
5242
5249
5257
5265
5272
5280
5288
5296
5302
5309
5315
5322
5329
5335
5342
5349
5355
5362
5368
5375
5382
5389
5396
5403
5410
5416
5424
5434
5440
5447
5454
5461
5469
5476
5483
5489
5496
5503
5510
5517
5524
5531
5542
5551
5558
5565
5571
5578
5585
5591
5597
5603
5610
5616
5622
5629
5636
5643
5650
5657
5664
5672
5678
5686
5693
5699
5706
5712
5720
5727
5735
5743
5754
5762
5774
5781
5788
5795
5802
5809
5820
5827
5834
5841
5847
5854
5861
5868
5875
5882
5889
5896
5903
5910
5917
5924
5930
5938
5945
5952
5959
5965
5973
5979
5986
5992
5999
6005
6012
6019
6025
6032
6039
6046
6052
6059
6065
6072
6079
6085
6093
6101
6107
6114
6121
6127
6133
6139
6145
6151
6157
6163
6169
6176
6182
6189
6195
6201
6208
6214
6220
6226
6232
6239
6245
6252
6259
6266
6273
6280
6286
6293
6300
6307
6314
6320
6327
6334
6340
6347
6355
6362
6369
6377
6384
6392
6399
6407
6413
6419
6425
6432
6438
6444
6450
6456
6462
6472
6478
6484
6490
6496
6501
6507
6513
6519
6525
6531
6537
6542
6549
6555
6561
6567
6573
6579
6585
6591
6597
6603
6609
6615
6622
6629
6640
6646
6652
6659
6665
6671
6677
6683
6689
6696
6702
6708
6714
6720
6726
6732
6738
6744
6750
6756
6763
6769
6775
6781
6787
6793
6799
6805
6812
6818
6825
6831
6837
6844
6850
6856
6863
6869
6876
6882
6888
6894
6900
6907
6913
6919
6925
6931
6938
6948
6954
6961
6967
6974
6981
6987
6994
7000
7006
7012
7019
7025
7031
7037
7043
7050
7057
7063
7069
7076
7082
7089
7095
7101
7108
7114
7120
7127
7133
7140
7146
7152
7159
7168
7174
7180
7187
7193
7199
7205
7212
7223
7230
7236
7242
7248
7255
7262
7269
7275
7281
7287
7294
7300
7307
7313
7319
7325
7332
7338
7344
7350
7357
7363
7369
7375
7382
7388
7394
7403
7410
7416
7422
7429
7436
7442
7448
7454
7461
7467
7473
7479
7485
7492
7499
7505
7512
7518
7524
7531
7537
7543
7549
7558
7564
7574
7580
7587
7593
7600
7606
7613
7619
7626
7632
7639
7645
7651
7664
7669
7674
7680
7685
7690
7696
7701
7706
7712
7717
7723
7728
7734
7740
7746
7753
7759
7765
7771
7778
7784
7790
7797
7803
7810
7816
7822
7828
7835
7841
7847
7853
7864
7870
7876
7883
7889
7895
7902
7908
7914
7921
7927
7933
7940
7946
7952
7959
7965
7971
7978
7984
7991
7997
8004
8010
8017
8023
8029
8036
8042
8049
8055
8061
8068
8077
8083
8089
8095
8101
8107
8113
8119
8125
8132
8144
8150
8157
8163
8169
8175
8181
8187
8193
8199
8206
8212
8218
8224
8230
8236
8242
8249
8255
8262
8269
8275
8281
8288
8294
8300
8306
8312
8318
8324
8330
8336
8342
8348
8355
8361
8367
8373
8379
8385
8391
8397
8403
8409
8414
8421
8427
8433
8438
8444
8450
8456
8463
8469
8475
8481
8486
8492
8499
8505
8511
8516
8522
8528
8534
8540
8546
8557
8564
8571
8577
8583
8590
8596
8603
8609
8615
8621
8626
8632
8638
8644
8650
8657
8663
8669
8675
8682
8688
8693
8699
8705
8711
8717
8723
8728
8734
8741
8747
8754
8760
8766
8772
8778
8784
8790
8797
8803
8809
8814
8820
8826
8832
8838
8845
8852
8858
8865
8871
8884
8890
8896
8903
8908
8914
8920
8926
8931
8937
8943
8949
8955
8961
8967
8973
8980
8986
8992
8999
9005
9010
9016
9022
9028
9034
9041
9047
9053
9058
9064
9070
9076
9082
9088
9093
9101
9106
9112
9118
9124
9130
9136
9142
9149
9155
9161
9167
9174
9180
9186
9194
9201
9212
9218
9224
9230
9236
9243
9249
9260
9266
9272
9278
9284
9290
9296
9301
9307
9313
9319
9325
9331
9337
9343
9349
9354
9360
9366
9372
9378
9384
9390
9396
9402
9408
9413
9419
9425
9431
9437
9443
9449
9455
9461
9466
9472
9478
9484
9490
9496
9503
9509
9516
9522
9528
9534
9540
9545
9551
9557
9563
9569
9575
9581
9587
9593
9599
9605
9611
9617
9623
9629
9635
9641
9647
9653
9659
9665
9671
9676
9682
9688
9694
9700
9706
9712
9724
9730
9736
9742
9748
9754
9760
9766
9772
9778
9784
9789
9795
9801
9808
9814
9820
9825
9831
9837
9843
9849
9855
9861
9867
9873
9878
9884
9890
9897
9903
9910
9916
9922
9928
9934
9940
9946
9952
9958
9964
9970
9976
9982
9988
9994
10000
10011
10018
10026
10033
10040
10048
10055
10062
10070
10077
10086
10093
10101
10108
10116
10123
10130
10139
10146
10153
10160
10168
10174
10180
10186
10192
10198
10204
10210
10216
10222
10228
10234
10240
10246
10252
10259
10264
10273
10279
10286
10292
10298
10305
10311
10317
10323
10329
10335
10341
10347
10353
10359
10366
10372
10378
10384
10390
10396
10402
10408
10414
10420
10426
10432
10438
10447
10453
10460
10467
10476
10482
10488
10495
10501
10507
10513
10519
10525
10531
10537
10546
10552
10558
10564
10570
10576
10581
10587
10593
10601
10607
10613
10619
10624
10630
10636
10642
10648
10654
10660
10671
10677
10683
10689
10695
10701
10707
10713
10719
10725
10731
10737
10744
10750
10757
10762
10768
10775
10780
10786
10792
10798
10804
10810
10816
10822
10827
10833
10839
10845
10851
10857
10863
10869
10875
10883
10889
10895
10901
10907
10913
10919
10925
10931
10937
10943
10949
10955
10962
10969
10975
10980
10986
10993
10999
11005
11011
11017
11023
11029
11035
11041
11047
11053
11059
11066
11072
11078
11084
11094
11101
11107
11113
11119
11125
11131
11137
11144
11150
11157
11163
11170
11176
11183
11189
11196
11202
11209
11215
11222
11228
11236
11242
11249
11255
11262
11268
11275
11281
11288
11294
11301
11307
11313
11320
11326
11332
11339
11345
11352
11358
11364
11370
11377
11383
11390
11396
11403
11409
11416
11422
11429
11435
11441
11448
11454
11461
11467
11473
11480
11486
11494
11502
11511
11520
11528
11535
11542
11550
11558
11565
11573
11580
11597
11604
11610
11617
11623
11629
11636
11642
11649
11655
11662
11668
11674
11681
11687
11694
11700
11707
11713
11720
11726
11733
11740
11746
11753
11759
11766
11772
11778
11785
11792
11798
11805
11811
11818
11825
11831
11838
11846
11853
11860
11866
11873
11879
11886
11896
11902
11908
11915
11921
11928
11935
11942
11948
11954
11961
11967
11973
11979
11985
11992
11998
12004
12011
12017
12024
12031
12037
12044
12050
12057
12063
12070
12076
12088
12094
12101
12108
12115
12124
12130
12137
12143
12150
12156
12162
12169
12175
12182
12188
12195
12201
12208
12214
12220
12227
12233
12239
12245
12252
12258
12263
12269
12274
12279
12284
12290
12295
12300
12305
12311
12316
12321
12326
12332
12337
12342
12347
12353
12358
12363
12369
12374
12383
12389
12395
12402
12408
12414
12420
12427
12433
12440
12446
12452
12459
12466
12472
12478
12485
12491
12497
12504
12510
12517
12523
12529
12536
12543
12549
12556
12562
12568
12574
12579
12586
12592
12598
12604
12611
12617
12624
12630
12636
12644
12650
12657
12672
12677
12685
12690
12699
12704
12710
12715
12720
12730
12735
12740
12746
12751
12756
12762
12767
12773
12778
12784
12789
12795
12800
12806
12811
12817
12822
12828
12834
12841
12847
12853
12860
12866
12872
12879
12885
12891
12898
12904
12910
12916
12923
12929
12935
12942
12948
12955
12961
12968
12974
12980
12987
12993
12999
13005
13012
13018
13024
13030
13038
13044
13051
13057
13064
13070
13077
13083
13089
13098
13104
13111
13117
13124
13130
13140
13146
13153
13162
13168
13175
13181
13187
13193
13199
13206
13212
13219
13225
13232
13238
13245
13251
13257
13264
13271
13277
13283
13289
13296
13302
13308
13314
13321
13327
13334
13340
13347
13353
13360
13366
13372
13378
13384
13391
13402
13408
13415
13422
13428
13435
13441
13448
13454
13467
13474
13480
13487
13494
13500
13507
13513
13520
13526
13533
13539
13545
13552
13558
13565
13571
13577
13583
13589
13596
13602
13608
13614
13621
13627
13633
13640
13646
13652
13659
13666
13672
13678
13685
13691
13698
13704
13710
13717
13723
13729
13736
13742
13749
13755
13762
13768
13775
13781
13787
13794
13801
13810
13816
13823
13830
13836
13843
13849
13855
13862
13868
13874
13880
13887
13893
13899
13905
13912
13918
13924
13931
13937
13943
13950
13956
13962
13968
13975
13981
13987
13993
14000
14006
14012
14019
14025
14031
14037
14044
14050
14056
14063
14069
14075
14081
14088
14094
14101
14107
14113
14120
14127
14134
14143
14152
14159
14165
14171
14177
14184
14190
14196
14203
14209
14215
14221
14228
14234
14240
14246
14253
14259
14266
14272
14279
14285
14292
14298
14304
14317
14323
14329
14336
14342
14348
14355
14361
14368
14374
14381
14387
14394
14400
14407
14413
14420
14426
14432
14439
14445
14451
14458
14464
14471
14477
14483
14490
14496
14503
14509
14516
14522
14528
14535
14541
14548
14554
14560
14567
14573
14580
14592
14598
14605
14611
14618
14624
14631
14637
14644
14650
14657
14663
14669
14677
14683
14690
14696
14703
14710
14716
14724
14731
14738
14747
14757
14765
14772
14780
14787
14794
14802
14809
14817
14824
14831
14839
14846
14853
14861
14867
14875
14882
14889
14895
14902
14910
14917
14927
14934
14942
14950
14958
14966
14974
14981
14990
14999
15007
15014
15020
15025
15031
15037
15044
15050
15057
15063
15070
15076
15082
15089
15096
15102
15109
15115
15121
15128
15134
15141
15147
15154
15160
15166
15173
15179
15186
15192
15198
15205
15211
15218
15224
15231
15238
15244
15251
15258
15264
15278
15284
15291
15297
15304
15310
15317
15323
15329
15336
15342
15349
15355
15361
15368
15374
15380
15387
15393
15400
15406
15412
15419
15425
15432
15438
15444
15451
15457
15463
15470
15476
15482
15488
15495
15501
15507
15513
15520
15526
15533
15539
15546
15552
15559
15565
15571
15578
15584
15590
15597
15603
15610
15616
15623
15629
15636
15642
15649
15656
15663
15669
15675
15682
15688
15694
15700
15707
15713
15719
15725
15732
15738
15745
15751
15757
15764
15770
15777
15785
15792
15799
15807
15815
15822
15829
15837
15843
15850
15857
15863
15870
15877
15883
15890
15898
15905
15911
15918
15925
15932
15939
15947
15954
15961
15970
15978
15985
15992
15998
16005
16011
16018
16024
16032
16039
16045
16052
16060
16066
16074
16081
16091
16102
16110
16118
16125
16134
16142
16148
16156
16164
16171
16179
16188
16197
16206
16212
16219
16227
16236
16243
16248
16254
16260
16265
16271
16277
16283
16289
16294
16300
16305
16314
16319
16326
16332
16339
16346
16352
16359
16365
16372
16379
16385
16392
16398
16405
16412
16419
16432
16439
16446
16452
16459
16465
16471
16478
16484
16490
16497
16503
16510
16519
16526
16533
16539
16546
16553
16560
16566
16573
16580
16586
16593
16600
16607
16613
16620
16627
16634
16641
16647
16658
16665
16672
16684
16690
16697
16704
16711
16717
16724
16731
16738
16744
16751
16758
16765
16772
16779
16786
16793
16800
16807
16814
16821
16828
16835
16842
16848
16855
16862
16869
16876
16883
16890
16897
16904
16911
16918
16925
16932
16939
16945
16954
16962
16969
16977
16984
16991
16998
17005
17011
17018
17025
17033
17039
17046
17055
17062
17068
17074
17081
17087
17094
17101
17107
17113
17120
17126
17132
17138
17145
17151
17158
17165
17171
17178
17184
17191
17198
17205
17211
17218
17224
17231
17244
17252
17259
17266
17272
17279
17285
17292
17298
17304
17310
17317
17323
17329
17335
17343
17349
17356
17362
17368
17375
17381
17387
17394
17401
17407
17414
17420
17427
17433
17439
17446
17453
17460
17472
17478
17483
17489
17494
17500
17506
17511
17517
17522
17528
17533
17539
17545
17550
17562
17569
17576
17589
17595
17602
17608
17614
17621
17627
17634
17640
17646
17653
17659
17666
17672
17679
17696
17701
17707
17712
17718
17723
17729
17735
17742
17749
17755
17762
17768
17775
17781
17787
17794
17800
17807
17813
17819
17825
17832
17838
17844
17850
17857
17863
17869
17876
17883
17890
17896
17902
17909
17915
17921
17928
17934
17940
17947
17953
17959
17966
17972
17978
17985
17991
17998
18004
18010
18017
18023
18033
18040
18046
18052
18059
18065
18071
18078
18086
18092
18099
18106
18112
18119
18125
18131
18138
18144
18151
18159
18165
18172
18184
18191
18198
18205
18212
18218
18226
18233
18239
18246
18253
18259
18266
18272
18279
18285
18292
18300
18307
18314
18321
18328
18335
18343
18350
18357
18365
18373
18380
18387
18394
18401
18408
18416
18423
18431
18437
18444
18452
18459
18466
18473
18480
18487
18494
18501
18507
18515
18522
18529
18544
18551
18557
18564
18571
18578
18585
18592
18599
18607
18614
18621
18627
18634
18641
18648
18655
18662
18669
18675
18682
18694
18701
18708
18715
18722
18729
18736
18744
18751
18758
18764
18771
18777
18784
18790
18797
18818
18826
18831
18837
18842
18848
18853
18859
18866
18871
18878
18885
18892
18898
18907
18914
18921
18928
18936
18942
18949
18956
18964
18971
18979
18985
18990
19006
19014
19021
19028
19035
19043
19050
19058
19065
19072
19079
19086
19093
19101
19108
19115
19130
19137
19145
19159
19165
19177
19184
19190
19197
19204
19210
19217
19223
19230
19237
19243
19250
19256
19263
19270
19276
19283
19291
19298
19306
19313
19324
19331
19339
19346
19353
19359
19365
19372
19379
19385
19392
19398
19405
19411
19418
19424
19430
19437
19443
19450
19456
19462
19469
19475
19481
19491
19498
19504
19510
19517
19523
19530
19536
19545
19552
19558
19564
19570
19577
19583
19589
19596
19602
19608
19614
19621
19627
19633
19640
19646
19653
19659
19665
19672
19678
19685
19692
19699
19706
19713
19719
19725
19738
19744
19751
19757
19763
19770
19776
19782
19789
19795
19801
19808
19814
19821
19827
19833
19839
19846
19852
19858
19865
19871
19878
19884
19891
19897
19903
19910
19916
19923
19930
19936
19943
19949
19956
19962
19969
19976
19982
19988
19995
20002
20009
20016
20022
20029
20035
20041
20048
20054
20060
20067
20073
20079
20085
20092
20098
20104
20110
20117
20123
20130
20136
20142
20149
20155
20162
20168
20174
20181
20189
20196
20202
20209
20215
20221
20228
20234
20242
20248
20254
20260
20267
20273
20279
20285
20292
20298
20304
20311
20317
20324
20330
20337
20343
20349
20355
20362
20368
20374
20381
20387
20394
20400
20407
20413
20419
20425
20431
20438
20444
20451
20458
20464
20470
20476
20486
20492
20499
20506
20512
20521
20528
20535
20542
20549
20555
20562
20568
20575
20582
20588
20594
20601
20608
20616
20622
20629
20635
20642
20648
20654
20661
20668
20674
20680
20687
20693
20699
20706
20712
20719
20725
20736
20742
20749
20755
20761
20768
20774
20781
20794
20800
20807
20813
20819
20826
20832
20839
20845
20852
20858
20865
20871
20877
20884
20890
20897
20903
20910
20918
20924
20931
20937
20944
20950
20957
20963
20970
20977
20984
20990
20997
21003
21010
21016
21023
21029
21035
21042
21048
21055
21061
21068
21074
21080
21086
21093
21099
21106
21113
21119
21126
21133
21139
21147
21153
21159
21166
21172
21179
21186
21193
21199
21206
21213
21220
21226
21233
21241
21249
21256
21262
21269
21276
21283
21289
21296
21310
21317
21324
21330
21337
21344
21350
21357
21363
21370
21376
21383
21389
21395
21402
21408
21414
21421
21427
21435
21442
21448
21460
21466
21473
21480
21486
21493
21499
21505
21512
21519
21526
21532
21539
21545
21552
21558
21564
21571
21577
21583
21589
21595
21601
21608
21614
21620
21627
21633
21640
21647
21654
21661
21668
21674
21681
21687
21694
21700
21706
21713
21720
21726
21732
21739
21745
21751
21757
21763
21769
21776
21782
21789
21795
21801
21808
21815
21822
21828
21835
21842
21848
21855
21862
21869
21876
21882
21889
21896
21902
21909
21919
21926
21932
21939
21945
21951
21958
21966
21972
21979
21985
21992
21999
22006
22017
22025
22037
22044
22051
22058
22065
22072
22079
22086
22093
22099
22107
22113
22121
22127
22134
22141
22151
22156
22162
22167
22173
22178
22184
22192
22199
22205
22212
22218
22225
22232
22238
22245
22251
22258
22266
22272
22279
22286
22292
22299
22306
22313
22320
22328
22335
22344
22350
22355
22360
22366
22371
22376
22382
22387
22393
22398
22403
22409
22414
22419
22425
22430
22439
22452
22458
22463
22468
22474
22479
22484
22490
22495
22500
22506
22511
22516
22522
22528
22533
22538
22544
22549
22555
22560
22566
22571
22577
22583
22588
22594
22600
22606
22611
22617
22623
22628
22634
22639
22645
22650
22656
22661
22668
22674
22679
22685
22690
22696
22701
22706
22712
22717
22722
22728
22733
22739
22744
22749
22755
22760
22765
22770
22776
22781
22786
22792
22797
22802
22807
22813
22818
22823
22828
22834
22839
22844
22850
22855
22862
22867
22873
22878
22883
22888
22894
22899
22904
22910
22915
22920
22925
22931
22936
22941
22946
22952
22957
22962
22968
22973
22985
22991
22997
23004
23011
23018
23024
23031
23037
23044
23051
23057
23063
23070
23076
23083
23089
23095
23101
23108
23114
23120
23126
23133
23139
23146
23153
23159
23165
23172
23178
23185
23192
23198
23205
23211
23217
23224
23230
23236
23243
23250
23256
23263
23269
23275
23282
23289
23297
23303
23310
23317
23323
23330
23338
23348
23358
23365
23372
23380
23389
23396
23403
23410
23417
23424
23430
23437
23444
23452
23459
23466
23475
23483
23491
23498
23505
23512
23519
23526
23533
23540
23547
23557
23564
23571
23579
23586
23592
23599
23608
23615
23629
23637
23644
23651
23659
23667
23674
23682
23689
23696
23703
23710
23717
23725
23732
23739
23746
23753
23764
23774
23781
23788
23795
23802
23809
23817
23824
23831
23838
23845
23852
23859
23866
23874
23882
23889
23896
23906
23913
23920
23927
23935
23942
23949
23956
23963
23970
23977
23986
23995
24002
24009
24016
24023
24030
24037
24046
24052
24060
24068
24076
24084
24091
24098
24105
24112
24121
24128
24134
24141
24148
24155
24162
24169
24176
24184
24191
24198
24204
24211
24218
24225
24232
24239
24246
24253
24260
24267
24274
24281
24287
24294
24300
24307
24314
24321
24328
24335
24342
24349
24356
24362
24369
24376
24382
24390
24396
24401
24407
24412
24418
24423
24429
24436
24442
24450
24457
24466
24473
24479
24486
24493
24499
24506
24513
24520
24526
24534
24541
24548
24554
24561
24568
24575
24582
24588
24595
24601
24608
24616
24623
24629
24636
24642
24650
24657
24665
24672
24678
24684
24690
24697
24704
24711
24718
24725
24732
24738
24745
24752
24758
24765
24776
24783
24790
24797
24803
24810
24817
24824
24830
24837
24843
24850
24857
24864
24870
24877
24883
24890
24896
24903
24909
24916
24923
24929
24936
24943
24949
24955
24962
24968
24975
24982
24988
24995
25001
25006
25013
25018
25024
25029
25035
25040
25045
25051
25057
25065
25071
25076
25082
25088
25093
25099
25104
25111
25117
25122
25127
25133
25138
25143
25149
25154
25159
25165
25170
25176
25181
25187
25193
25198
25207
25212
25218
25223
25229
25234
25239
25245
25250
25256
25261
25266
25272
25277
25282
25288
25293
25299
25304
25310
25315
25321
25326
25331
25337
25343
25348
25354
25359
25364
25371
25376
25382
25387
25393
25398
25403
25410
25415
25421
25426
25432
25439
25446
25453
25460
25466
25473
25480
25487
25493
25500
25506
25514
25521
25528
25536
25544
25554
25559
25565
25571
25577
25582
25588
25594
25599
25605
25611
25616
25622
25627
25633
25638
25644
25650
25656
25661
25667
25673
25678
25684
25690
25696
25701
25707
25713
25718
25724
25729
25735
25746
25757
25767
25774
25780
25787
25793
25799
25805
25811
25818
25824
25830
25837
25843
25849
25856
25862
25868
25874
25880
25886
25892
25899
25905
25911
25917
25923
25929
25936
25942
25948
25954
25961
25967
25973
25981
25988
25994
26000
26009
26016
26023
26030
26042
26048
26055
26061
26068
26074
26080
26087
26094
26101
26107
26114
26125
26133
26148
26154
26161
26167
26174
26180
26186
26193
26199
26205
26212
26219
26227
26234
26240
26245
26251
26256
26261
26267
26272
26278
26283
26289
26294
26300
26305
26310
26316
26321
26327
26332
26338
26343
26349
26354
26360
26365
26371
26376
26382
26387
26393
26399
26404
26410
26415
26421
26426
26432
26437
26443
26449
26454
26460
26465
26471
26476
26482
26487
26493
26498
26504
26509
26515
26520
26526
26531
26537
26542
26548
26553
26558
26564
26569
26575
26580
26585
26590
26596
26601
26607
26612
26617
26623
26628
26634
26639
26644
26650
26655
26661
26666
26672
26677
26682
26688
26693
26698
26704
26709
26715
26720
26725
26731
26736
26742
26747
26752
26758
26763
26769
26774
26779
26785
26790
26796
26801
26806
26812
26818
26824
26830
26836
26843
26849
26855
26861
26867
26873
26879
26885
26892
26898
26904
26911
26917
26923
26929
26936
26943
26950
26956
26962
26968
26975
26981
26988
26994
27001
27007
27013
27020
27026
27033
27039
27046
27052
27059
27065
27073
27079
27085
27092
27098
27106
27112
27117
27122
27130
27135
27141
27146
27152
27157
27162
27168
27173
27179
27184
27190
27195
27201
27208
27214
27219
27224
27230
27236
27241
27247
27253
27260
27265
27271
27276
27282
27287
27293
27299
27304
27310
27316
27321
27327
27332
27340
27345
27353
27360
27367
27374
27380
27385
27392
27398
27403
27409
27414
27421
27427
27432
27438
27443
27449
27455
27460
27466
27471
27477
27482
27487
27493
27498
27503
27509
27514
27519
27525
27530
27535
27541
27547
27552
27558
27563
27568
27573
27579
27584
27590
27595
27600
27606
27611
27616
27622
27627
27632
27638
27643
27649
27654
27660
27665
27671
27676
27682
27687
27693
27698
27704
27709
27714
27720
27725
27730
27735
27741
27746
27751
27757
27762
27767
27773
27778
27783
27789
27794
27800
27805
27811
27816
27821
27827
27832
27837
27845
27850
27856
27861
27868
27874
27879
27884
27892
27898
27903
27912
27917
27923
27928
27934
27939
27945
27950
27956
27961
27967
27972
27977
27983
27989
27994
28002
28009
28015
28020
28026
28033
28039
28045
28050
28056
28061
28067
28072
28078
28083
28089
28094
28100
28106
28112
28118
28123
28129
28135
28141
28146
28152
28157
28163
28169
28174
28180
28186
28191
28197
28202
28208
28214
28219
28225
28230
28236
28241
28251
28256
28262
28267
28273
28278
28283
28289
28294
28300
28305
28310
28316
28321
28327
28332
28337
28346
28351
28357
28362
28368
28373
28378
28384
28389
28395
28400
28405
28411
28416
28422
28427
28435
28441
28448
28454
28461
28467
28474
28480
28486
28492
28498
28505
28511
28517
28523
28529
28536
28542
28548
28554
28561
28571
28577
28583
28589
28596
28602
28608
28615
28621
28628
28634
28640
28647
28653
28659
28666
28672
28678
28684
28690
28697
28704
28710
28717
28723
28729
28736
28743
28750
28757
28764
28770
28784
28790
28797
28804
28810
28817
28823
28830
28836
28843
28849
28855
28861
28874
28881
28887
28894
28900
28907
28913
28919
28926
28932
28939
28945
28951
28957
28964
28969
28975
28981
28988
28994
29000
29006
29012
29018
29025
29035
29041
29050
29056
29063
29069
29075
29081
29088
29094
29101
29107
29113
29119
29125
29132
29138
29144
29151
29157
29163
29170
29177
29184
29190
29196
29203
29209
29215
29222
29228
29234
29240
29246
29252
29259
29265
29272
29278
29284
29291
29297
29303
29309
29316
29322
29328
29334
29340
29346
29352
29358
29365
29371
29377
29383
29389
29395
29401
29407
29413
29419
29425
29431
29437
29444
29450
29456
29462
29468
29474
29480
29486
29493
29499
29505
29511
29517
29523
29530
29536
29543
29550
29556
29562
29571
29578
29584
29590
29596
29603
29609
29615
29621
29628
29634
29641
29647
29654
29661
29667
29674
29680
29686
29693
29699
29707
29714
29720
29726
29733
29739
29745
29751
29758
29765
29771
29777
29784
29790
29797
29803
29809
29816
29822
29828
29834
29842
29849
29855
29861
29868
29874
29881
29887
29893
29900
29906
29912
29918
29924
29930
29936
29942
29949
29955
29961
29968
29974
29980
29986
29992
29999
30005
30011
30019
30026
30031
30037
30042
30048
30053
30058
30064
30069
30075
30080
30086
30091
30097
30102
30107
30113
30118
30123
30129
30134
30140
30145
30150
30156
30161
30167
30172
30177
30183
30188
30193
30199
30204
30210
30215
30221
30226
30232
30237
30243
30248
30254
30259
30265
30271
30276
30282
30289
30295
30302
30308
30315
30322
30328
30335
30341
30348
30354
30361
30367
30374
30380
30387
30394
30401
30407
30414
30420
30427
30434
30440
30447
30453
30460
30467
30474
30480
30487
30494
30501
30507
30514
30520
30527
30533
30540
30546
30553
30560
30566
30571
30577
30582
30587
30593
30598
30604
30610
30617
30623
30629
30636
30642
30649
30655
30662
30668
30674
30681
30687
30693
30699
30705
30712
30718
30725
30731
30737
30744
30750
30756
30763
30769
30775
30781
30787
30793
30799
30805
30817
30823
30830
30836
30843
30849
30856
30862
30868
30875
30882
30888
30895
30901
30908
30914
30921
30927
30934
30940
30947
30954
30961
30968
30975
30982
30988
30995
31002
31009
31016
31023
31030
31037
31044
31050
31057
31064
31071
31079
31086
31093
31100
31107
31114
31120
31127
31132
31138
31144
31149
31155
31160
31166
31171
31177
31182
31188
31193
31207
31214
31220
31227
31233
31241
31248
31255
31261
31268
31274
31281
31287
31294
31302
31309
31315
31322
31329
31335
31342
31348
31355
31362
31370
31377
31384
31393
31402
31407
31413
31419
31430
31442
31448
31454
31461
31467
31475
31480
31486
31491
31497
31502
31508
31513
31519
31524
31530
31535
31541
31546
31552
31557
31563
31568
31574
31579
31585
31590
31596
31601
31607
31612
31618
31623
31629
31634
31640
31646
31652
31657
31663
31668
31674
31680
31685
31692
31697
31703
31708
31715
31722
31728
31735
31742
31748
31754
31761
31768
31775
31783
31790
31796
31803
31810
31822
31830
31838
31845
31853
31861
31871
31878
31889
31897
31907
31914
31922
31930
31938
31946
31954
31961
31969
31977
31984
31992
32001
32008
32016
32024
32034
32046
32054
32061
32068
32075
32082
32089
32096
32102
32109
32116
32124
32131
32138
32145
32153
32160
32167
32174
32182
32189
32196
32203
32211
32218
32225
32232
32239
32247
32254
32260
32269
32276
32282
32289
32295
32302
32308
32315
32322
32328
32334
32340
32345
32352
32358
32364
32371
32376
32383
32390
32396
32403
32410
32416
32423
32429
32439
32446
32452
32459
32467
32472
32478
32483
32488
32494
32499
32504
32510
32515
32520
32526
32531
32536
32542
32547
32552
32558
32563
32568
32574
32579
32584
32590
32595
32600
32606
32611
32616
32622
32627
32633
32638
32644
32649
32655
32660
32665
32671
32676
32681
32686
32692
32697
32703
32708
32713
32718
32724
32729
32734
32740
32745
32750
32756
32761
32766
32772
32777
32782
32788
32793
32798
32804
32809
32814
32820
32825
32830
32836
32841
32846
32852
32857
32862
32868
32873
32878
32884
32889
32894
32900
32905
32910
32916
32921
32926
32932
32937
32942
32947
32953
32958
32971
32976
32982
32987
32994
33006
33011
33017
33022
33027
33033
33038
33044
33049
33055
33061
33066
33071
33077
33082
33087
33093
33098
33103
33109
33114
33119
33125
33130
33135
33141
33146
33152
33157
33162
33168
33173
33178
33184
33189
33194
33200
33205
33211
33216
33222
33227
33233
33238
33244
33249
33255
33260
33266
33271
33277
33282
33288
33293
33299
33304
33310
33315
33321
33326
33337
33343
33350
33357
33364
33370
33377
33383
33390
33397
33403
33410
33417
33423
33430
33437
33443
33450
33457
33463
33470
33477
33484
33491
33501
33508
33515
33521
33528
33534
33541
33547
33554
33560
33567
33574
33581
33588
33595
33601
33607
33614
33620
33626
33633
33640
33646
33653
33659
33666
33672
33679
33687
33693
33700
33707
33715
33721
33728
33736
33743
33750
33759
33766
33773
33779
33785
33792
33799
33805
33812
33818
33825
33832
33839
33845
33851
33858
33864
33871
33878
33884
33891
33897
33904
33910
33916
33923
33930
33937
33943
33950
33956
33962
33969
33976
33983
33989
33996
34002
34009
34016
34021
34027
34032
34038
34043
34049
34054
34060
34065
34071
34076
34082
34087
34093
34098
34106
34111
34117
34122
34128
34133
34138
34144
34149
34155
34160
34165
34171
34176
34182
34187
34192
34198
34203
34209
34214
34225
34230
34236
34241
34247
34252
34257
34263
34268
34278
34283
34289
34294
34300
34305
34310
34316
34321
34327
34332
34341
34346
34352
34357
34363
34370
34376
34381
34387
34392
34398
34403
34408
34415
34421
34426
34432
34437
34442
34448
34453
34459
34464
34469
34475
34480
34486
34491
34496
34502
34508
34513
34518
34524
34529
34534
34540
34545
34553
34560
34566
34572
34578
34585
34591
34598
34605
34611
34618
34624
34631
34637
34643
34650
34656
34663
34670
34676
34683
34690
34696
34703
34709
34716
34726
34733
34739
34746
34752
34759
34765
34770
34776
34781
34787
34792
34798
34803
34808
34814
34819
34825
34830
34836
34841
34847
34852
34858
34863
34869
34875
34881
34886
34892
34897
34903
34908
34914
34919
34925
34930
34936
34942
34947
34953
34959
34965
34970
34976
34981
34987
34992
34998
35003
35009
35019
35025
35033
35042
35049
35055
35062
35069
35080
35087
35094
35101
35107
35113
35125
35132
35139
35146
35152
35159
35165
35175
35182
35188
35195
35201
35208
35215
35221
35228
35235
35241
35248
35255
35261
35268
35275
35281
35288
35294
35301
35308
35314
35321
35327
35334
35340
35347
35353
35359
35365
35372
35378
35384
35390
35396
35402
35409
35415
35421
35428
35434
35441
35447
35454
35460
35467
35474
35482
35490
35496
35503
35509
35516
35523
35529
35536
35542
35549
35555
35561
35567
35574
35580
35587
35593
35600
35606
35612
35619
35625
35632
35638
35645
35651
35658
35664
35670
35677
35683
35690
35696
35702
35709
35715
35722
35728
35735
35741
35748
35754
35761
35768
35774
35780
35786
35793
35799
35806
35812
35818
35824
35830
35837
35843
35850
35856
35863
35869
35875
35882
35888
35894
35901
35907
35914
35920
35926
35933
35939
35946
35952
35959
35965
35971
35977
35984
35990
36004
36011
36020
36026
36032
36038
36049
36055
36062
36068
36074
36080
36086
36092
36098
36106
36112
36119
36125
36131
36137
36143
36149
36155
36162
36168
36174
36180
36186
36193
36199
36205
36212
36218
36225
36231
36238
36244
36250
36257
36264
36270
36276
36283
36290
36296
36304
36310
36317
36323
36330
36336
36343
36350
36357
36363
36370
36377
36383
36390
36396
36403
36410
36416
36423
36430
36436
36443
36449
36456
36462
36469
36476
36482
36488
36495
36502
36510
36516
36523
36529
36535
36542
36548
36554
36560
36565
36571
36576
36583
36589
36595
36600
36605
36611
36616
36622
36627
36633
36638
36644
36649
36654
36660
36665
36671
36677
36683
36688
36694
36699
36705
36710
36716
36721
36726
36732
36737
36743
36748
36754
36762
36768
36773
36778
36784
36789
36795
36800
36806
36811
36817
36822
36827
36833
36840
36846
36852
36858
36864
36870
36877
36883
36889
36895
36902
36908
36915
36921
36927
36934
36940
36947
36953
36960
36966
36973
36979
36985
36992
36998
37004
37010
37016
37022
37028
37034
37041
37047
37053
37059
37065
37072
37078
37084
37090
37096
37102
37109
37115
37121
37127
37133
37139
37145
37152
37158
37164
37171
37177
37183
37190
37196
37202
37208
37213
37219
37224
37230
37235
37240
37246
37251
37257
37262
37268
37273
37279
37284
37290
37295
37300
37306
37312
37317
37323
37328
37333
37339
37344
37349
37355
37360
37366
37371
37377
37382
37387
37393
37398
37404
37410
37417
37424
37431
37437
37442
37448
37454
37459
37471
37476
37481
37487
37492
37497
37503
37508
37513
37518
37524
37529
37534
37539
37544
37550
37555
37560
37565
37571
37576
37581
37586
37592
37597
37602
37608
37613
37618
37623
37628
37634
37639
37644
37649
37654
37660
37665
37673
37679
37684
37689
37694
37700
37705
37710
37715
37721
37726
37731
37736
37741
37747
37752
37757
37762
37768
37773
37778
37784
37789
37794
37799
37804
37810
37815
37820
37826
37831
37836
37841
37846
37852
37857
37862
37867
37872
37878
37883
37888
37894
37899
37904
37909
37915
37920
37925
37930
37936
37941
37946
37951
37957
37962
37967
37972
37977
37983
37988
37993
37998
38004
38009
38014
38019
38025
38030
38035
38040
38046
38051
38056
38061
38067
38072
38077
38082
38088
38093
38098
38104
38109
38114
38119
38124
38130
38135
38140
38145
38151
38156
38161
38167
38172
38177
38182
38188
38193
38198
38203
38209
38214
38219
38226
38231
38237
38246
38251
38257
38262
38267
38272
38278
38283
38288
38294
38299
38305
38310
38315
38321
38326
38332
38337
38343
38348
38354
38359
38365
38370
38376
38381
38387
38392
38397
38403
38408
38413
38419
38424
38430
38435
38440
38446
38451
38456
38462
38467
38472
38478
38483
38488
38494
38499
38504
38510
38515
38520
38525
38531
38537
38543
38548
38553
38559
38564
38569
38575
38580
38585
38591
38596
38601
38607
38612
38617
38623
38628
38633
38639
38644
38650
38655
38660
38665
38671
38676
38681
38686
38692
38697
38702
38707
38713
38718
38723
38730
38735
38740
38746
38752
38758
38763
38768
38773
38779
38784
38789
38794
38800
38805
38810
38815
38821
38826
38831
38836
38842
38847
38852
38857
38863
38868
38873
38878
38884
38889
38894
38900
38905
38911
38917
38922
38929
38934
38940
38950
38955
38961
38967
38972
38978
38983
38989
38994
38999
39005
39010
39015
39020
39026
39031
39036
39041
39047
39052
39057
39063
39068
39073
39078
39084
39089
39094
39100
39105
39110
39116
39121
39126
39131
39137
39142
39147
39152
39158
39163
39168
39173
39179
39184
39189
39194
39200
39205
39210
39215
39221
39226
39231
39237
39242
39250
39255
39261
39266
39271
39277
39282
39287
39292
39298
39303
39308
39314
39319
39324
39329
39335
39340
39345
39350
39356
39361
39366
39371
39377
39382
39387
39393
39398
39403
39408
39414
39419
39424
39429
39435
39440
39445
39451
39456
39461
39467
39472
39477
39483
39488
39493
39498
39504
39509
39514
39520
39525
39530
39536
39541
39546
39551
39557
39562
39567
39572
39578
39583
39588
39593
39599
39604
39609
39615
39620
39625
39630
39636
39641
39646
39651
39657
39662
39667
39672
39678
39683
39688
39694
39699
39704
39709
39715
39720
39725
39730
39736
39741
39746
39751
39757
39762
39767
39772
39778
39788
39793
39799
39805
39810
39816
39821
39828
39833
39839
39844
39849
39855
39860
39865
39870
39876
39881
39886
39892
39897
39902
39907
39913
39918
39923
39929
39934
39939
39945
39950
39955
39960
39966
39971
39976
39982
39987
39992
39998
40003
40008
40014
40020
40026
40031
40036
40042
40047
40052
40058
40063
40068
40074
40079
40084
40090
40095
40100
40105
40111
40116
40121
40127
40132
40137
40143
40148
40153
40159
40164
40169
40174
40180
40185
40190
40195
40201
40206
40213
40219
40224
40229
40235
40240
40245
40250
40256
40261
40266
40271
40277
40282
40287
40292
40298
40303
40308
40314
40319
40324
40329
40335
40340
40345
40351
40356
40361
40366
40372
40377
40382
40388
40393
40398
40403
40409
40414
40419
40424
40430
40435
40440
40446
40451
40456
40462
40467
40472
40478
40483
40488
40493
40499
40504
40509
40514
40525
40530
40535
40541
40546
40551
40557
40562
40567
40572
40578
40583
40589
40594
40599
40604
40610
40615
40620
40625
40631
40636
40641
40646
40652
40660
40665
40671
40676
40681
40686
40692
40697
40702
40707
40713
40718
40723
40728
40734
40739
40744
40750
40755
40760
40765
40771
40776
40781
40787
40792
40797
40802
40808
40813
40818
40825
40831
40836
40842
40847
40853
40858
40864
40869
40874
40879
40885
40890
40895
40901
40906
40911
40916
40922
40927
40932
40937
40942
40948
40953
40958
40964
40969
40974
40979
40985
40990
40995
41005
41012
41020
41027
41033
41039
41045
41052
41058
41064
41070
41076
41083
41089
41095
41101
41107
41113
41119
41126
41132
41139
41145
41152
41158
41165
41172
41178
41185
41191
41198
41204
41211
41217
41224
41231
41237
41242
41248
41253
41259
41264
41270
41275
41281
41286
41291
41297
41303
41308
41314
41319
41324
41330
41335
41342
41347
41353
41358
41363
41369
41374
41379
41385
41390
41396
41401
41406
41412
41417
41423
41428
41433
41439
41444
41449
41455
41460
41465
41471
41476
41482
41487
41492
41498
41503
41508
41514
41519
41527
41532
41538
41543
41548
41553
41559
41564
41569
41574
41580
41585
41590
41595
41601
41606
41611
41616
41622
41627
41632
41637
41643
41648
41653
41658
41664
41669
41674
41679
41684
41690
41695
41700
41706
41711
41716
41721
41727
41732
41737
41742
41748
41753
41765
41771
41777
41784
41790
41796
41802
41809
41815
41822
41828
41834
41841
41847
41853
41859
41866
41872
41878
41885
41891
41898
41905
41911
41917
41924
41930
41936
41943
41949
41956
41962
41968
41975
41983
41989
41996
42002
42009
42015
42021
42028
42034
42041
42048
42055
42061
42067
42074
42080
42086
42092
42098
42106
42112
42119
42125
42131
42137
42143
42149
42157
42163
42170
42177
42183
42190
42196
42203
42209
42216
42222
42228
42234
42241
42247
42253
42259
42265
42271
42278
42284
42290
42297
42304
42311
42318
42324
42330
42335
42341
42346
42352
42357
42363
42368
42374
42379
42385
42390
42396
42401
42407
42412
42417
42423
42428
42433
42439
42444
42449
42455
42460
42466
42471
42476
42482
42487
42492
42497
42503
42508
42513
42518
42524
42529
42534
42539
42545
42552
42558
42564
42570
42576
42581
42587
42592
42597
42603
42608
42613
42619
42624
42629
42635
42640
42645
42650
42656
42661
42666
42671
42677
42682
42687
42692
42698
42703
42708
42713
42718
42724
42729
42734
42739
42745
42750
42755
42760
42765
42771
42776
42781
42786
42792
42797
42802
42807
42812
42818
42823
42828
42833
42839
42844
42849
42854
42860
42865
42870
42875
42880
42886
42891
42896
42901
42907
42912
42917
42923
42928
42933
42938
42944
42949
42954
42959
42965
42970
42975
42981
42986
42991
42996
43002
43007
43012
43017
43023
43028
43033
43038
43044
43049
43054
43059
43065
43070
43075
43080
43085
43091
43096
43101
43106
43111
43117
43122
43127
43132
43137
43143
43148
43153
43158
43163
43169
43174
43179
43184
43190
43195
43200
43205
43210
43216
43221
43226
43232
43237
43242
43247
43252
43258
43263
43268
43280
43285
43291
43296
43301
43306
43312
43317
43323
43328
43333
43339
43346
43351
43356
43362
43367
43373
43378
43390
43395
43401
43406
43414
43420
43425
43431
43436
43441
43447
43452
43457
43463
43468
43473
43478
43484
43489
43494
43500
43505
43510
43515
43521
43526
43531
43536
43542
43547
43554
43561
43566
43572
43577
43582
43587
43593
43598
43603
43609
43614
43620
43631
43642
43649
43656
43662
43669
43676
43683
43689
43695
43700
43705
43712
43718
43723
43729
43734
43739
43745
43750
43755
43761
43766
43772
43777
43782
43788
43793
43799
43804
43810
43815
43822
43827
43832
43837
43843
43848
43853
43859
43864
43869
43874
43880
43885
43890
43896
43901
43906
43912
43917
43922
43927
43933
43938
43943
43948
43954
43959
43964
43969
43975
43980
43985
43990
43995
44001
44006
44011
44016
44022
44027
44032
44037
44043
44048
44053
44058
44064
44069
44074
44080
44085
44090
44095
44101
44106
44112
44117
44122
44127
44133
44138
44143
44148
44153
44159
44164
44169
44174
44180
44185
44190
44196
44201
44206
44211
44217
44222
44227
44232
44238
44243
44248
44254
44259
44264
44270
44275
44280
44285
44291
44296
44301
44307
44312
44318
44323
44328
44334
44339
44344
44349
44355
44360
44365
44370
44376
44381
44386
44392
44397
44403
44408
44413
44419
44424
44430
44435
44440
44445
44451
44456
44462
44467
44473
44478
44483
44489
44494
44500
44505
44511
44517
44522
44528
44534
44539
44545
44551
44556
44562
44567
44572
44577
44583
44588
44593
44599
44604
44609
44615
44622
44627
44633
44638
44644
44649
44654
44659
44665
44670
44675
44681
44686
44691
44697
44702
44707
44713
44718
44723
44729
44734
44739
44745
44750
44755
44760
44766
44771
44776
44782
44787
44792
44797
44803
44808
44814
44819
44824
44830
44835
44841
44846
44851
44857
44862
44867
44872
44878
44883
44889
44894
44899
44905
44910
44915
44921
44926
44931
44937
44942
44947
44953
44958
44963
44968
44974
44979
44984
44990
44995
45000
45006
45011
45016
45022
45027
45033
45038
45043
45049
45054
45059
45065
45070
45075
45081
45086
45092
45097
45102
45108
45113
45118
45124
45129
45134
45140
45145
45151
45156
45161
45167
45172
45177
45183
45188
45194
45199
45205
45210
45215
45221
45226
45231
45237
45242
45248
45253
45260
45266
45271
45276
45282
45288
45293
45298
45304
45309
45314
45320
45325
45330
45335
45341
45346
45351
45357
45362
45367
45372
45378
45383
45388
45394
45399
45404
45409
45415
45420
45425
45430
45436
45441
45446
45452
45458
45463
45468
45474
45479
45484
45490
45495
45500
45506
45511
45516
45521
45527
45532
45537
45542
45548
45553
45558
45563
45569
45574
45579
45585
45590
45595
45600
45606
45611
45616
45622
45627
45632
45638
45643
45648
45654
45659
45664
45669
45675
45680
45685
45690
45696
45701
45706
45711
45716
45722
45727
45732
45737
45743
45748
45753
45758
45764
45769
45774
45779
45785
45790
45795
45800
45806
45811
45816
45821
45827
45832
45837
45842
45848
45853
45858
45863
45869
45874
45879
45884
45890
45895
45900
45905
45911
45916
45921
45926
45931
45937
45942
45947
45952
45958
45963
45968
45973
45979
45984
45989
45994
46000
46005
46010
46015
46021
46026
46031
46036
46042
46047
46052
46058
46063
46068
46073
46079
46084
46089
46094
46100
46105
46110
46115
46121
46126
46131
46137
46142
46147
46152
46157
46163
46168
46173
46178
46183
46189
46194
46199
46204
46209
46215
46220
46225
46230
46236
46241
46246
46251
46256
46262
46267
46272
46277
46282
46288
46293
46298
46303
46309
46314
46319
46324
46330
46335
46340
46345
46351
46356
46361
46366
46371
46377
46382
46387
46392
46398
46403
46408
46413
46419
46424
46429
46434
46440
46445
46450
46455
46461
46466
46471
46476
46482
46487
46492
46497
46502
46508
46513
46518
46523
46528
46534
46539
46544
46549
46554
46560
46565
46570
46575
46580
46586
46591
46596
46601
46607
46612
46617
46622
46627
46633
46638
46643
46648
46654
46659
46665
46671
46676
46682
46688
46693
46699
46705
46711
46717
46723
46730
46736
46742
46748
46755
46761
46768
46773
46780
46785
46791
46797
46803
46809
46815
46821
46826
46832
46839
46845
46851
46857
46863
46869
46875
46880
46886
46892
46898
46903
46909
46915
46921
46927
46933
46940
46945
46950
46955
46961
46966
46971
46977
46982
46987
46992
46998
47003
47008
47014
47019
47024
47030
47035
47041
47046
47052
47057
47063
47068
47074
47079
47084
47090
47095
47100
47105
47110
47116
47121
47126
47131
47137
47142
47147
47152
47158
47163
47168
47173
47178
47184
47189
47194
47199
47204
47210
47215
47220
47225
47230
47236
47241
47246
47252
47257
47262
47268
47273
47278
47284
47289
47294
47299
47305
47310
47315
47320
47326
47331
47336
47342
47347
47352
47357
47363
47368
47374
47379
47384
47390
47395
47401
47406
47412
47417
47422
47427
47433
47438
47443
47448
47454
47459
47464
47471
47477
47482
47488
47494
47499
47505
47510
47515
47521
47526
47532
47537
47542
47547
47553
47558
47563
47568
47574
47579
47584
47590
47595
47600
47605
47610
47616
47621
47626
47632
47637
47642
47647
47653
47658
47663
47668
47674
47679
47684
47690
47695
47700
47705
47711
47716
47722
47727
47732
47738
47743
47749
47755
47760
47765
47770
47775
47781
47786
47791
47797
47802
47807
47813
47818
47823
47828
47834
47839
47844
47850
47855
47860
47866
47871
47876
47882
47887
47892
47897
47903
47908
47914
47919
47924
47930
47935
47940
47946
47951
47956
47962
47967
47972
47978
47983
47989
47994
47999
48005
48010
48016
48021
48026
48032
48037
48042
48051
48058
48066
48073
48079
48087
48093
48101
48108
48114
48121
48127
48134
48141
48147
48154
48161
48167
48174
48181
48187
48194
48201
48207
48214
48221
48227
48234
48241
48248
48254
48261
48268
48274
48281
48288
48295
48301
48308
48315
48321
48328
48335
48341
48348
48355
48361
48368
48375
48381
48388
48395
48402
48409
48415
48422
48429
48435
48442
48449
48456
48463
48470
48476
48483
48490
48497
48504
48511
48518
48525
48532
48538
48544
48549
48556
48561
48567
48572
48578
48583
48589
48594
48599
48605
48610
48615
48621
48626
48631
48637
48647
48653
48659
48664
48670
48675
48681
48686
48691
48697
48702
48707
48713
48718
48724
48729
48734
48740
48746
48751
48757
48762
48767
48773
48778
48783
48789
48794
48799
48805
48810
48816
48821
48827
48832
48837
48843
48848
48853
48859
48864
48869
48875
48880
48885
48891
48896
48901
48907
48912
48917
48923
48928
48934
48939
48944
48950
48955
48960
48966
48971
48976
48982
48987
48993
48998
49003
49009
49014
49019
49025
49030
49035
49041
49046
49051
49056
49062
49067
49073
49078
49083
49088
49094
49099
49104
49110
49115
49120
49126
49131
49136
49142
49147
49152
49158
49163
49169
49174
49179
49184
49190
49195
49201
49206
49211
49216
49222
49227
49232
49238
49243
49248
49254
49259
49264
49270
49275
49280
49286
49291
49296
49302
49307
49312
49317
49323
49328
49333
49338
49344
49349
49354
49360
49365
49370
49376
49381
49386
49391
49397
49402
49407
49412
49418
49423
49428
49433
49438
49444
49449
49454
49459
49465
49470
49475
49480
49485
49491
49496
49501
49506
49511
49516
49522
49527
49532
49537
49542
49548
49553
49558
49563
49568
49574
49579
49584
49589
49594
49600
49605
49610
49615
49620
49625
49631
49636
49641
49646
49651
49657
49662
49667
49672
49677
49682
49688
49693
49698
49703
49709
49714
49719
49724
49729
49734
49740
49745
49750
49755
49760
49766
49771
49776
49781
49786
49791
49797
49802
49807
49813
49818
49823
49828
49833
49839
49844
49849
49854
49860
49865
49870
49875
49881
49886
49891
49896
49902
49907
49912
49917
49923
49928
49933
49939
49944
49950
49955
49961
49966
49971
49977
49982
49987
49992
49998
50003
50008
50013
50019
50025
50030
50038
50043
50048
50054
50059
50064
50069
50075
50080
50085
50091
50096
50101
50107
50112
50117
50123
50128
50133
50138
50144
50149
50154
50160
50165
50170
50176
50181
50186
50192
50197
50202
50208
50213
50218
50224
50229
50234
50239
50245
50250
50255
50261
50266
50272
50277
50282
50287
50293
50298
50303
50308
50314
50319
50324
50329
50335
50340
50345
50350
50356
50361
50366
50371
50377
50382
50387
50392
50397
50403
50408
50413
50419
50424
50429
50434
50440
50445
50450
50455
50460
50466
50471
50476
50481
50486
50492
50497
50502
50507
50513
50518
50523
50528
50534
50539
50544
50549
50555
50560
50565
50570
50576
50581
50586
50591
50597
50602
50607
50612
50617
50622
50628
50633
50638
50643
50648
50657
50663
50668
50673
50678
50684
50689
50694
50699
50704
50709
50715
50720
50725
50730
50735
50740
50746
50751
50756
50761
50767
50772
50777
50782
50787
50793
50798
50803
50808
50813
50819
50824
50829
50834
50839
50845
50850
50855
50860
50865
50871
50876
50881
50886
50891
50896
50902
50907
50912
50917
50923
50928
50933
50938
50943
50949
50954
50959
50964
50970
50975
50980
50985
50990
50995
51001
51006
51011
51016
51022
51027
51032
51037
51044
51049
51054
51059
51064
51069
51075
51080
51085
51090
51095
51100
51106
51111
51116
51121
51126
51131
51137
51142
51147
51152
51157
51163
51168
51173
51178
51183
51189
51194
51199
51204
51210
51215
51220
51225
51231
51236
51241
51246
51251
51257
51262
51267
51272
51278
51283
51288
51293
51299
51304
51309
51314
51319
51325
51330
51335
51340
51345
51351
51356
51361
51366
51372
51377
51382
51388
51393
51398
51403
51408
51414
51419
51424
51429
51434
51439
51445
51450
51455
51460
51465
51470
51476
51481
51486
51491
51497
51502
51507
51512
51518
51523
51528
51533
51538
51544
51549
51554
51559
51564
51570
51575
51580
51585
51591
51596
51601
51607
51612
51617
51622
51627
51633
51638
51643
51648
51653
51659
51664
51669
51674
51679
51685
51690
51695
51700
51705
51711
51716
51721
51726
51731
51737
51742
51747
51752
51757
51762
51768
51773
51778
51783
51788
51793
51799
51804
51809
51815
51820
51825
51830
51836
51841
51846
51851
51856
51862
51867
51872
51878
51883
51888
51893
51899
51904
51909
51914
51920
51925
51930
51935
51941
51946
51951
51956
51961
51966
51972
51977
51982
51987
51993
51998
52003
52008
52014
52019
52024
52030
52035
52040
52045
52051
52056
52061
52066
52071
52076
52082
52087
52092
52098
52103
52108
52113
52119
52124
52129
52134
52140
52145
52150
52155
52161
52166
52171
52177
52182
52187
52192
52198
52203
52208
52214
52219
52224
52229
52234
52240
52245
52250
52255
52261
52266
52271
52276
52281
52287
52292
52297
52302
52308
52313
52318
52323
52329
52334
52339
52344
52350
52355
52360
52365
52371
52376
52381
52386
52391
52397
52402
52407
52412
52418
52423
52428
52433
52438
52443
52449
52454
52459
52464
52469
52475
52480
52485
52490
52495
52501
52506
52511
52516
52521
52526
52532
52537
52542
52547
52552
52558
52563
52568
52573
52578
52584
52589
52594
52599
52605
52610
52615
52620
52626
52631
52636
52641
52646
52652
52657
52662
52667
52672
52677
52683
52688
52693
52699
52704
52709
52714
52720
52725
52730
52735
52741
52746
52751
52756
52762
52767
52772
52777
52783
52788
52793
52799
52804
52809
52814
52820
52825
52830
52835
52840
52846
52851
52856
52862
52867
52873
52878
52883
52889
52894
52899
52905
52910
52915
52921
52926
52931
52936
52942
52947
52952
52958
52963
52969
52974
52980
52985
52990
52996
53001
53006
53011
53017
53022
53027
53033
53038
53043
53048
53054
53059
53064
53070
53075
53080
53085
53091
53096
53101
53107
53112
53117
53123
53128
53133
53138
53144
53149
53154
53160
53165
53170
53176
53181
53186
53191
53197
53202
53207
53213
53218
53223
53228
53234
53239
53244
53250
53255
53261
53266
53272
53277
53283
53288
53294
53299
53304
53309
53315
53320
53325
53330
53336
53341
53346
53351
53356
53361
53367
53372
53377
53382
53388
53393
53398
53403
53408
53414
53419
53424
53429
53435
53440
53445
53450
53455
53460
53466
53471
53476
53481
53486
53491
53497
53502
53507
53512
53517
53522
53528
53533
53538
53543
53548
53554
53559
53565
53571
53577
53583
53589
53595
53602
53608
53614
53620
53626
53632
53638
53644
53650
53656
53662
53668
53673
53679
53685
53691
53698
53704
53710
53716
53722
53729
53736
53742
53748
53754
53761
53766
53772
53778
53784
53790
53796
53802
53808
53814
53820
53825
53831
53836
53841
53847
53852
53858
53863
53869
53874
53879
53884
53890
53895
53900
53905
53911
53916
53922
53927
53932
53938
53943
53948
53954
53959
53964
53970
53975
53980
53985
53991
53996
54001
54006
54012
54017
54022
54027
54033
54038
54043
54048
54054
54059
54064
54069
54075
54080
54085
54090
54095
54101
54106
54111
54116
54121
54127
54132
54137
54142
54148
54153
54158
54163
54169
54174
54179
54184
54190
54195
54200
54205
54210
54216
54221
54226
54231
54236
54242
54247
54252
54257
54263
54268
54273
54278
54283
54289
54294
54299
54304
54309
54315
54320
54325
54330
54335
54340
54346
54351
54356
54361
54367
54372
54377
54382
54388
54393
54398
54403
54408
54414
54419
54424
54429
54435
54440
54445
54451
54456
54461
54466
54472
54477
54482
54487
54492
54498
54503
54508
54514
54519
54524
54529
54535
54540
54545
54550
54555
54561
54566
54571
54577
54582
54587
54592
54597
54603
54608
54613
54618
54623
54629
54634
54639
54644
54650
54655
54660
54665
54671
54676
54681
54686
54692
54697
54702
54707
54713
54718
54723
54728
54733
54738
54744
54749
54754
54759
54764
54770
54775
54780
54785
54790
54796
54801
54806
54811
54817
54822
54827
54832
54837
54843
54848
54853
54858
54863
54869
54874
54879
54884
54889
54895
54900
54905
54910
54916
54921
54926
54931
54937
54942
54947
54952
54957
54963
54968
54973
54978
54984
54989
54994
55000
55005
55010
55015
55020
55026
55031
55036
55041
55047
55052
55057
55062
55067
55073
55078
55083
55088
55094
55099
55104
55109
55115
55120
55125
55130
55136
55141
55146
55151
55157
55162
55167
55173
55178
55184
55189
55195
55200
55205
55211
55216
55221
55227
55232
55237
55243
55248
55254
55259
55264
55269
55275
55280
55285
55291
55296
55301
55307
55312
55317
55323
55328
55333
55338
55344
55349
55354
55359
55365
55370
55375
55380
55386
55391
55396
55402
55407
55412
55418
55423
55428
55433
55439
55444
55449
55454
55460
55465
55470
55476
55481
55486
55491
55497
55502
55507
55512
55518
55523
55528
55533
55539
55544
55549
55554
55560
55565
55570
55575
55580
55585
55591
55596
55601
55606
55612
55617
55622
55627
55633
55638
55643
55649
55654
55659
55664
55670
55675
55680
55685
55690
55695
55701
55706
55711
55716
55722
55728
55733
55738
55743
55748
55754
55759
55764
55769
55774
55779
55785
55790
55795
55800
55805
55810
55816
55821
55827
55833
55838
55843
55848
55853
55859
55864
55869
55874
55879
55884
55890
55895
55900
55905
55910
55915
55921
55926
55931
55936
55941
55947
55952
55957
55962
55968
55973
55978
55983
55988
55994
55999
56004
56009
56014
56019
56025
56030
56035
56040
56045
56051
56056
56061
56066
56072
56077
56082
56087
56092
56097
56103
56108
56113
56118
56123
56129
56134
56139
56144
56149
56155
56160
56165
56170
56176
56181
56186
56191
56196
56201
56207
56212
56217
56222
56227
56233
56238
56243
56248
56257
56263
56268
56273
56278
56283
56289
56294
56299
56304
56310
56315
56320
56326
56331
56336
56341
56346
56351
56356
56362
56367
56372
56377
56382
56388
56393
56398
56404
56409
56414
56419
56425
56430
56435
56440
56445
56451
56456
56461
56466
56471
56477
56482
56487
56492
56497
56503
56508
56513
56518
56524
56529
56534
56539
56544
56549
56555
56560
56565
56570
56575
56581
56586
56591
56596
56601
56607
56612
56617
56622
56628
56633
56638
56643
56649
56654
56659
56664
56669
56674
56680
56685
56690
56695
56700
56706
56711
56716
56721
56727
56732
56737
56742
56747
56753
56758
56763
56768
56774
56779
56784
56789
56794
56799
56805
56810
56815
56820
56826
56831
56836
56841
56847
56852
56857
56862
56867
56873
56878
56883
56888
56893
56898
56904
56909
56914
56920
56925
56930
56935
56941
56946
56951
56956
56961
56967
56972
56977
56982
56987
56993
56998
57003
57008
57014
57019
57024
57029
57034
57040
57045
57050
57055
57060
57066
57071
57076
57081
57086
57091
57097
57102
57107
57112
57117
57122
57128
57133
57138
57143
57149
57154
57159
57165
57170
57175
57180
57185
57191
57196
57201
57206
57211
57216
57222
57227
57232
57237
57242
57248
57253
57258
57264
57269
57274
57279
57285
57290
57295
57300
57306
57311
57316
57322
57327
57332
57342
57347
57352
57358
57363
57368
57374
57379
57384
57389
57395
57400
57406
57411
57416
57421
57427
57432
57437
57443
57448
57454
57459
57464
57469
57475
57480
57485
57491
57496
57501
57506
57512
57517
57522
57528
57533
57538
57544
57549
57554
57560
57565
57570
57576
57581
57586
57591
57597
57602
57607
57612
57618
57623
57628
57633
57639
57645
57651
57656
57661
57666
57671
57676
57682
57687
57692
57697
57703
57708
57713
57718
57723
57729
57734
57739
57744
57750
57755
57760
57765
57771
57776
57781
57786
57792
57797
57802
57807
57813
57818
57823
57828
57833
57839
57844
57849
57854
57860
57865
57870
57875
57880
57885
57891
57896
57901
57906
57912
57917
57922
57927
57932
57938
57943
57948
57953
57959
57964
57969
57974
57979
57985
57990
57995
58000
58006
58011
58016
58022
58027
58032
58038
58043
58048
58054
58059
58064
58069
58075
58080
58085
58090
58096
58101
58106
58111
58117
58122
58127
58132
58138
58143
58148
58153
58158
58163
58169
58174
58179
58184
58189
58195
58200
58205
58210
58215
58221
58226
58233
58239
58244
58249
58255
58260
58265
58270
58276
58281
58286
58291
58296
58302
58307
58315
58320
58325
58330
58336
58341
58346
58351
58356
58362
58367
58372
58378
58383
58388
58393
58402
58407
58412
58418
58423
58428
58433
58438
58444
58449
58454
58459
58464
58469
58475
58480
58485
58491
58496
58501
58506
58512
58517
58522
58527
58533
58538
58543
58548
58553
58558
58564
58569
58574
58579
58585
58590
58595
58601
58606
58611
58616
58622
58627
58632
58637
58643
58648
58653
58658
58664
58669
58674
58679
58684
58690
58695
58700
58706
58711
58716
58721
58727
58732
58737
58742
58747
58753
58758
58763
58768
58773
58779
58784
58789
58794
58800
58805
58810
58815
58821
58826
58831
58836
58842
58847
58852
58857
58862
58868
58873
58878
58883
58888
58894
58899
58904
58910
58915
58920
58925
58931
58936
58941
58947
58952
58957
58962
58967
58973
58978
58983
58988
58993
58998
59004
59009
59014
59019
59024
59029
59035
59040
59045
59050
59055
59061
59066
59071
59076
59081
59087
59092
59097
59102
59108
59113
59118
59123
59128
59134
59139
59144
59149
59154
59160
59165
59170
59175
59180
59185
59191
59196
59201
59206
59211
59216
59222
59227
59232
59237
59242
59248
59253
59258
59263
59268
59273
59279
59284
59289
59294
59299
59305
59310
59315
59320
59326
59331
59336
59341
59346
59352
59357
59362
59367
59373
59378
59383
59388
59393
59399
59404
59409
59414
59420
59425
59430
59436
59441
59446
59451
59456
59461
59467
59472
59477
59482
59487
59493
59498
59503
59508
59513
59518
59524
59529
59534
59539
59545
59550
59555
59560
59566
59571
59576
59581
59587
59592
59597
59602
59607
59613
59618
59623
59628
59634
59639
59644
59649
59655
59660
59665
59670
59675
59681
59686
59691
59696
59701
59706
59712
59717
59722
59727
59732
59738
59743
59748
59754
59759
59764
59769
59775
59780
59785
59790
59796
59801
59806
59811
59816
59822
59827
59832
59837
59843
59848
59853
59858
59863
59869
59874
59879
59884
59890
59895
59900
59905
59910
59915
59921
59926
59931
59936
59942
59947
59952
59958
59963
59968
59973
59978
59983
59989
59994
59999
60004
60009
60015
60020
60025
60030
60035
60041
60046
60051
60056
60061
60067
60072
60077
60082
60088
60093
60098
60103
60108
60113
60118
60124
60129
60134
60139
60145
60150
60155
60160
60166
60171
60176
60181
60186
60192
60197
60202
60207
60212
60217
60223
60228
60233
60238
60244
60249
60254
60259
60264
60269
60275
60280
60285
60290
60296
60301
60306
60312
60317
60322
60327
60332
60338
60343
60348
60353
60358
60364
60369
60374
60379
60385
60390
60395
