time (ms),latency (ms),consume (ms)
0,10,0
4,5,4
10,5,6
14,3,4
19,3,5
24,2,5
29,1,5
35,2,6
41,2,6
47,2,6
53,2,6
58,2,5
64,2,6
69,1,5
75,2,6
81,2,6
86,2,5
93,2,7
98,2,5
104,2,6
109,2,5
115,2,6
120,1,5
126,2,6
131,1,5
137,2,6
143,2,6
148,2,5
154,2,6
159,2,5
165,2,6
170,2,5
176,2,6
181,1,5
187,2,6
193,2,6
198,1,5
204,2,6
210,2,6
216,2,6
221,1,5
227,2,6
232,1,5
238,2,6
244,2,6
249,2,5
255,2,6
260,1,5
266,2,6
272,2,6
277,1,5
283,2,6
288,1,5
294,2,6
300,2,6
305,2,5
310,1,5
317,2,7
323,2,6
329,2,6
334,2,5
340,2,6
346,2,6
351,1,5
357,2,6
363,2,6
369,2,6
375,2,6
380,1,5
387,2,7
392,1,5
398,2,6
403,1,5
409,1,6
415,2,6
420,1,5
426,2,6
432,2,6
437,1,5
445,4,8
449,2,4
454,2,5
460,2,6
466,2,6
471,1,5
477,2,6
482,1,5
488,2,6
494,2,6
499,1,5
504,1,5
510,1,6
516,2,6
521,1,5
529,4,8
532,1,3
538,2,6
545,2,7
550,2,5
555,1,5
561,2,6
566,1,5
571,1,5
577,1,6
583,2,6
588,2,5
593,1,5
599,2,6
604,1,5
610,2,6
615,1,5
621,2,6
626,1,5
632,2,6
637,1,5
643,2,6
650,2,7
656,2,6
662,2,6
667,1,5
673,1,6
679,2,6
686,2,7
691,1,5
697,1,6
703,2,6
709,2,6
715,2,6
720,1,5
726,2,6
731,1,5
737,2,6
742,1,5
748,2,6
753,1,5
759,2,6
764,1,5
770,2,6
775,1,5
781,2,6
786,1,5
792,2,6
797,2,5
803,2,6
808,2,5
813,1,5
819,2,6
824,1,5
830,2,6
835,1,5
841,2,6
846,1,5
852,2,6
857,2,5
862,1,5
868,2,6
873,1,5
879,2,6
884,1,5
889,1,5
895,2,6
900,1,5
905,1,5
911,1,6
916,1,5
922,2,6
927,1,5
933,1,6
939,2,6
944,2,5
949,1,5
955,2,6
960,1,5
966,2,6
971,1,5
977,2,6
982,1,5
988,2,6
994,2,6
999,2,5
1004,1,5
1010,2,6
1015,1,5
1021,2,6
1026,1,5
1032,2,6
1038,2,6
1044,2,6
1050,2,6
1055,1,5
1061,2,6
1066,2,5
1071,1,5
1077,1,6
1083,2,6
1088,1,5
1093,1,5
1099,2,6
1104,1,5
1110,2,6
1116,1,6
1122,2,6
1127,1,5
1133,2,6
1138,2,5
1143,1,5
1149,2,6
1154,1,5
1160,2,6
1165,1,5
1170,1,5
1176,2,6
1181,1,5
1187,2,6
1192,1,5
1198,2,6
1203,1,5
1220,13,17
1222,9,2
1223,4,1
1225,1,2
1231,2,6
1236,1,5
1242,2,6
1247,1,5
1253,2,6
1258,1,5
1264,2,6
1269,1,5
1275,2,6
1280,1,5
1285,1,5
1291,2,6
1296,1,5
1302,2,6
1307,1,5
1313,2,6
1318,1,5
1324,2,6
1329,1,5
1335,2,6
1340,1,5
1346,2,6
1351,1,5
1357,2,6
1362,1,5
1367,1,5
1373,2,6
1378,1,5
1384,2,6
1389,1,5
1395,2,6
1400,2,5
1406,2,6
1411,1,5
1417,2,6
1422,1,5
1428,2,6
1434,2,6
1440,2,6
1446,2,6
1451,1,5
1456,1,5
1462,2,6
1468,2,6
1473,2,5
1478,1,5
1484,2,6
1489,1,5
1495,2,6
1500,1,5
1505,1,5
1511,2,6
1516,1,5
1522,2,6
1527,1,5
1533,2,6
1538,1,5
1544,2,6
1549,1,5
1555,2,6
1560,1,5
1565,1,5
1571,2,6
1576,1,5
1582,2,6
1587,2,5
1592,1,5
1598,2,6
1603,1,5
1609,2,6
1614,1,5
1619,1,5
1625,2,6
1630,1,5
1636,2,6
1641,1,5
1646,1,5
1652,1,6
1659,2,7
1664,1,5
1669,1,5
1675,1,6
1680,1,5
1686,2,6
1692,2,6
1697,2,5
1703,2,6
1709,2,6
1714,1,5
1720,2,6
1726,2,6
1731,1,5
1737,2,6
1742,1,5
1748,2,6
1753,1,5
1759,1,6
1764,1,5
1771,2,7
1776,2,5
1781,1,5
1787,2,6
1792,1,5
1798,2,6
1803,2,5
1808,1,5
1814,2,6
1819,2,5
1824,1,5
1830,2,6
1835,2,5
1840,1,5
1846,2,6
1851,2,5
1856,1,5
1862,2,6
1867,2,5
1872,1,5
1878,2,6
1883,1,5
1888,1,5
1894,1,6
1900,2,6
1905,1,5
1911,2,6
1916,1,5
1922,2,6
1927,1,5
1933,2,6
1938,1,5
1944,2,6
1950,2,6
1955,2,5
1960,1,5
1966,2,6
1971,1,5
1976,1,5
1982,2,6
1988,2,6
1993,1,5
1999,2,6
2004,1,5
2010,2,6
2015,1,5
2021,2,6
2026,1,5
2032,2,6
2037,1,5
2042,1,5
2048,1,6
2054,2,6
2059,1,5
2064,1,5
2070,2,6
2075,1,5
2081,2,6
2086,1,5
2092,2,6
2097,1,5
2103,2,6
2108,1,5
2114,2,6
2131,2,17
2137,2,6
2142,2,5
2147,1,5
2153,2,6
2158,1,5
2163,1,5
2169,1,6
2174,1,5
2180,2,6
2185,1,5
2190,1,5
2196,2,6
2201,1,5
2210,5,9
2212,1,2
2217,1,5
2222,1,5
2228,1,6
2233,1,5
2239,2,6
2244,1,5
2249,1,5
2255,2,6
2260,1,5
2265,1,5
2270,1,5
2276,1,6
2281,1,5
2286,1,5
2291,1,5
2296,0,5
2302,1,6
2307,1,5
2312,1,5
2317,0,5
2323,1,6
2328,1,5
2333,1,5
2338,1,5
2343,0,5
2349,1,6
2354,1,5
2359,1,5
2364,1,5
2369,0,5
2375,1,6
2380,1,5
2385,1,5
2390,0,5
2395,0,5
2401,1,6
2406,1,5
2412,1,6
2417,1,5
2422,1,5
2427,1,5
2432,0,5
2438,1,6
2443,1,5
2448,1,5
2453,0,5
2459,1,6
2464,1,5
2469,1,5
2474,1,5
2479,0,5
2485,1,6
2490,1,5
2495,1,5
2500,0,5
2506,1,6
2511,1,5
2516,1,5
2522,1,6
2527,1,5
2532,1,5
2537,1,5
2542,0,5
2549,2,7
2553,1,4
2559,1,6
2565,2,6
2570,1,5
2576,2,6
2581,2,5
2586,1,5
2591,1,5
2597,2,6
2603,2,6
2608,1,5
2614,2,6
2619,2,5
2624,1,5
2629,1,5
2635,2,6
2640,1,5
2646,2,6
2652,2,6
2657,2,5
2662,1,5
2669,3,7
2673,1,4
2679,2,6
2684,1,5
2690,2,6
2695,2,5
2700,1,5
2707,3,7
2711,2,4
2716,1,5
2722,2,6
2727,1,5
2733,2,6
2738,2,5
2743,1,5
2749,2,6
2754,1,5
2759,1,5
2765,2,6
2770,1,5
2776,2,6
2781,2,5
2786,1,5
2792,2,6
2798,2,6
2803,2,5
2809,2,6
2814,2,5
2820,2,6
2828,5,8
2834,5,6
2836,2,2
2841,1,5
2846,1,5
2852,1,6
2857,1,5
2863,2,6
2868,1,5
2874,2,6
2879,2,5
2884,1,5
2890,2,6
2895,1,5
2900,1,5
2906,2,6
2911,1,5
2916,1,5
2922,2,6
2927,1,5
2932,1,5
2938,2,6
2943,1,5
2948,1,5
2954,1,6
2959,1,5
2965,2,6
2970,1,5
2977,3,7
2982,3,5
2986,1,4
2991,1,5
2997,2,6
3002,1,5
3007,1,5
3013,1,6
3018,1,5
3024,2,6
3029,1,5
3034,1,5
3040,1,6
3045,1,5
3051,2,6
3056,1,5
3061,1,5
3067,2,6
3072,1,5
3077,1,5
3083,2,6
3088,1,5
3094,2,6
3099,2,5
3104,1,5
3109,1,5
3115,2,6
3120,1,5
3126,2,6
3131,2,5
3136,1,5
3141,1,5
3147,2,6
3152,1,5
3157,1,5
3163,2,6
3168,1,5
3173,1,5
3179,2,6
3184,1,5
3189,1,5
3195,2,6
3200,1,5
3205,1,5
3210,1,5
3216,2,6
3222,2,6
3227,2,5
3232,1,5
3238,2,6
3243,1,5
3249,2,6
3254,1,5
3260,2,6
3265,1,5
3270,1,5
3276,2,6
3281,1,5
3287,2,6
3292,2,5
3297,1,5
3302,1,5
3308,1,6
3313,1,5
3319,2,6
3324,1,5
3330,2,6
3335,2,5
3342,2,7
3347,1,5
3352,1,5
3358,1,6
3364,2,6
3369,1,5
3375,2,6
3380,2,5
3385,1,5
3391,2,6
3396,1,5
3401,1,5
3407,2,6
3412,1,5
3418,2,6
3423,1,5
3428,1,5
3434,2,6
3439,1,5
3448,5,9
3450,1,2
3456,2,6
3461,1,5
3466,1,5
3473,3,7
3478,2,5
3483,2,5
3489,2,6
3494,2,5
3500,2,6
3505,2,5
3511,2,6
3516,2,5
3521,1,5
3527,2,6
3532,2,5
3537,1,5
3543,2,6
3548,1,5
3554,2,6
3559,1,5
3564,1,5
3570,2,6
3575,1,5
3580,1,5
3586,2,6
3591,1,5
3596,1,5
3605,5,9
3607,1,2
3612,1,5
3618,1,6
3623,1,5
3628,1,5
3634,1,6
3639,1,5
3645,2,6
3650,1,5
3655,1,5
3661,1,6
3666,1,5
3671,1,5
3677,1,6
3683,2,6
3688,1,5
3693,1,5
3699,2,6
3704,1,5
3710,2,6
3715,1,5
3721,2,6
3726,1,5
3732,2,6
3737,1,5
3743,1,6
3748,1,5
3754,1,6
3759,1,5
3765,2,6
3770,1,5
3775,1,5
3781,2,6
3786,1,5
3791,1,5
3797,1,6
3802,1,5
3808,2,6
3813,1,5
3818,1,5
3823,1,5
3829,1,6
3834,1,5
3840,2,6
3845,1,5
3851,2,6
3856,1,5
3862,2,6
3868,2,6
3873,1,5
3879,2,6
3884,1,5
3890,1,6
3895,1,5
3901,2,6
3906,1,5
3911,1,5
3917,2,6
3922,1,5
3927,1,5
3933,2,6
3938,1,5
3943,1,5
3949,2,6
3954,1,5
3960,1,6
3966,2,6
3972,1,6
3977,1,5
3983,2,6
3988,1,5
3994,2,6
3999,1,5
4005,2,6
4010,1,5
4016,2,6
4021,1,5
4026,1,5
4032,2,6
4037,1,5
4042,1,5
4048,1,6
4054,2,6
4059,1,5
4065,2,6
4070,1,5
4075,1,5
4081,2,6
4086,1,5
4091,1,5
4097,2,6
4102,1,5
4107,1,5
4113,1,6
4118,1,5
4124,2,6
4129,1,5
4134,1,5
4139,1,5
4145,1,6
4150,1,5
4156,2,6
4161,1,5
4166,1,5
4172,1,6
4177,1,5
4183,2,6
4188,1,5
4193,1,5
4198,1,5
4204,1,6
4210,2,6
4215,2,5
4220,1,5
4225,1,5
4231,2,6
4236,1,5
4241,1,5
4247,2,6
4252,1,5
4257,1,5
4263,2,6
4268,1,5
4273,1,5
4279,2,6
4284,1,5
4289,1,5
4294,1,5
4300,2,6
4305,1,5
4310,1,5
4316,2,6
4321,1,5
4326,1,5
4332,2,6
4337,1,5
4342,1,5
4348,1,6
4354,1,6
4359,1,5
4365,1,6
4370,1,5
4376,2,6
4381,1,5
4386,1,5
4392,2,6
4397,1,5
4402,1,5
4408,2,6
4413,1,5
4418,1,5
4424,2,6
4429,1,5
4435,2,6
4440,2,5
4445,1,5
4450,1,5
4456,2,6
4461,1,5
4466,1,5
4472,2,6
4477,1,5
4482,1,5
4488,1,6
4493,1,5
4498,1,5
4504,1,6
4509,1,5
4514,1,5
4520,1,6
4525,1,5
4531,2,6
4536,1,5
4542,2,6
4547,1,5
4552,1,5
4558,2,6
4563,1,5
4568,1,5
4574,2,6
4579,1,5
4584,1,5
4590,2,6
4595,1,5
4600,1,5
4606,1,6
4611,1,5
4617,2,6
4622,1,5
4627,1,5
4633,2,6
4638,1,5
4643,1,5
4649,1,6
4654,1,5
4660,2,6
4665,1,5
4670,1,5
4676,2,6
4681,1,5
4686,1,5
4693,3,7
4697,1,4
4703,2,6
4708,2,5
4713,1,5
4718,1,5
4724,2,6
4729,1,5
4734,1,5
4740,2,6
4745,1,5
4750,1,5
4756,2,6
4761,1,5
4766,1,5
4772,2,6
4777,1,5
4782,1,5
4787,1,5
4793,1,6
4798,1,5
4804,2,6
4809,1,5
4814,1,5
4820,2,6
4825,1,5
4830,1,5
4836,2,6
4841,1,5
4846,1,5
4852,2,6
4857,1,5
4862,1,5
4868,1,6
4873,1,5
4879,2,6
4884,1,5
4889,1,5
4895,2,6
4900,1,5
4905,1,5
4910,1,5
4916,2,6
4921,1,5
4926,1,5
4932,2,6
4937,1,5
4942,1,5
4948,2,6
4953,1,5
4959,1,6
4964,1,5
4970,1,6
4975,1,5
4981,1,6
4986,1,5
4992,1,6
4998,2,6
5003,1,5
5008,1,5
5014,1,6
5019,1,5
5025,2,6
5030,1,5
5035,1,5
5040,1,5
5046,2,6
5051,1,5
5057,2,6
5062,2,5
5067,1,5
5072,1,5
5078,2,6
5083,1,5
5088,1,5
5094,2,6
5099,1,5
5104,1,5
5110,2,6
5115,1,5
5120,1,5
5126,2,6
5131,1,5
5136,1,5
5142,2,6
5147,1,5
5152,1,5
5158,2,6
5163,1,5
5168,1,5
5174,2,6
5179,1,5
5184,1,5
5190,2,6
5195,1,5
5200,1,5
5206,2,6
5211,1,5
5216,1,5
5222,2,6
5227,1,5
5232,1,5
5238,2,6
5243,1,5
5248,1,5
5254,2,6
5259,1,5
5264,1,5
5270,2,6
5275,1,5
5281,2,6
5286,2,5
5291,1,5
5296,1,5
5302,2,6
5307,1,5
5312,1,5
5318,2,6
5323,1,5
5328,1,5
5334,2,6
5339,1,5
5344,1,5
5350,1,6
5355,1,5
5360,1,5
5366,1,6
5371,1,5
5376,1,5
5382,1,6
5387,1,5
5392,1,5
5398,1,6
5403,1,5
5409,2,6
5414,1,5
5419,1,5
5425,2,6
5430,1,5
5435,1,5
5441,2,6
5446,1,5
5451,1,5
5456,1,5
5462,1,6
5467,1,5
5472,1,5
5478,1,6
5483,1,5
5489,2,6
5494,1,5
5499,1,5
5505,2,6
5510,1,5
5515,1,5
5521,2,6
5526,1,5
5531,1,5
5537,2,6
5542,1,5
5547,1,5
5553,2,6
5558,1,5
5563,1,5
5569,2,6
5574,1,5
5579,1,5
5585,2,6
5590,1,5
5595,1,5
5601,1,6
5606,1,5
5612,2,6
5617,1,5
5622,1,5
5628,2,6
5633,1,5
5638,1,5
5644,2,6
5649,1,5
5654,1,5
5659,1,5
5665,1,6
5670,1,5
5676,1,6
5682,2,6
5687,1,5
5693,2,6
5698,1,5
5704,1,6
5709,1,5
5715,1,6
5720,1,5
5726,1,6
5731,1,5
5737,1,6
5743,2,6
5748,1,5
5754,2,6
5759,1,5
5765,2,6
5770,1,5
5775,1,5
5781,2,6
5786,1,5
5791,1,5
5797,2,6
5802,1,5
5807,1,5
5813,2,6
5818,1,5
5823,1,5
5829,2,6
5834,1,5
5840,2,6
5846,1,6
5852,2,6
5857,1,5
5863,2,6
5868,2,5
5873,1,5
5878,1,5
5884,2,6
5889,1,5
5894,1,5
5900,1,6
5905,1,5
5911,2,6
5916,2,5
5921,1,5
5927,2,6
5932,2,5
5937,1,5
5942,1,5
5948,2,6
5953,1,5
5958,1,5
5964,2,6
5969,1,5
5974,1,5
5980,2,6
5985,1,5
5990,1,5
5996,2,6
6001,1,5
6007,2,6
6012,2,5
6017,1,5
6022,1,5
6028,2,6
6033,1,5
6039,2,6
6044,2,5
6049,1,5
6055,2,6
6060,2,5
6065,1,5
6070,1,5
6076,2,6
6081,1,5
6086,1,5
6092,2,6
6097,1,5
6103,2,6
6108,1,5
6113,1,5
6119,2,6
6124,1,5
6129,1,5
6135,2,6
6140,1,5
6145,1,5
6151,2,6
6156,1,5
6162,2,6
6167,2,5
6172,1,5
6178,2,6
6183,2,5
6188,1,5
6194,2,6
6199,1,5
6204,1,5
6210,2,6
6215,1,5
6220,1,5
6226,2,6
6231,1,5
6236,1,5
6241,1,5
6247,1,6
6252,1,5
6258,2,6
6263,1,5
6268,1,5
6273,1,5
6279,1,6
6284,1,5
6290,2,6
6295,1,5
6300,1,5
6306,1,6
6311,1,5
6317,2,6
6322,1,5
6327,1,5
6333,2,6
6338,1,5
6344,2,6
6349,1,5
6354,1,5
6360,2,6
6365,1,5
6370,1,5
6376,2,6
6381,1,5
6386,1,5
6392,2,6
6397,1,5
6402,1,5
6408,2,6
6413,1,5
6418,1,5
6424,1,6
6429,1,5
6434,1,5
6440,1,6
6446,2,6
6450,1,4
6456,1,6
6461,1,5
6467,2,6
6472,1,5
6477,1,5
6483,2,6
6488,1,5
6493,1,5
6498,1,5
6504,1,6
6509,1,5
6515,2,6
6520,1,5
6525,1,5
6530,1,5
6536,1,6
6541,1,5
6547,2,6
6552,1,5
6557,1,5
6562,1,5
6568,1,6
6573,1,5
6578,1,5
6584,1,6
6589,1,5
6594,1,5
6600,2,6
6605,1,5
6611,2,6
6616,2,5
6621,1,5
6627,2,6
6632,2,5
6637,1,5
6643,2,6
6648,2,5
6653,1,5
6658,1,5
6664,2,6
6669,1,5
6674,1,5
6680,2,6
6685,1,5
6690,1,5
6696,2,6
6701,1,5
6706,1,5
6712,2,6
6717,1,5
6722,1,5
6728,2,6
6733,1,5
6738,1,5
6744,2,6
6749,1,5
6754,1,5
6760,2,6
6765,1,5
6770,1,5
6776,2,6
6781,1,5
6786,1,5
6791,1,5
6797,1,6
6806,5,9
6808,2,2
6814,3,6
6818,1,4
6823,1,5
6829,2,6
6834,1,5
6839,1,5
6845,2,6
6850,1,5
6855,1,5
6861,1,6
6866,1,5
6872,2,6
6877,1,5
6882,1,5
6888,2,6
6893,1,5
6898,1,5
6904,2,6
6909,1,5
6914,1,5
6920,2,6
6925,1,5
6931,2,6
6936,1,5
6941,1,5
6947,2,6
6952,1,5
6957,1,5
6963,2,6
6968,1,5
6974,2,6
6979,2,5
6984,1,5
6989,1,5
6995,2,6
7000,2,5
7005,1,5
7011,2,6
7016,2,5
7021,1,5
7027,2,6
7032,2,5
7037,1,5
7042,1,5
7048,2,6
7053,1,5
7059,2,6
7064,2,5
7069,1,5
7075,2,6
7080,2,5
7085,1,5
7090,1,5
7096,2,6
7101,1,5
7106,1,5
7115,2,9
7120,2,5
7125,1,5
7131,2,6
7136,2,5
7141,1,5
7147,2,6
7152,1,5
7157,1,5
7163,2,6
7168,1,5
7173,1,5
7179,2,6
7184,1,5
7189,1,5
7195,2,6
7202,3,7
7208,2,6
7213,1,5
7218,1,5
7224,2,6
7229,1,5
7234,1,5
7240,2,6
7246,1,6
7252,1,6
7258,1,6
7264,1,6
7269,1,5
7275,2,6
7280,1,5
7286,2,6
7291,2,5
7296,1,5
7302,2,6
7307,1,5
7313,2,6
7318,2,5
7323,1,5
7329,2,6
7334,2,5
7339,1,5
7345,2,6
7350,1,5
7355,1,5
7361,2,6
7366,1,5
7371,1,5
7377,2,6
7382,1,5
7387,1,5
7393,2,6
7398,1,5
7403,1,5
7409,2,6
7414,1,5
7419,1,5
7425,2,6
7430,1,5
7435,1,5
7441,1,6
7450,5,9
7452,1,2
7457,1,5
7463,2,6
7468,1,5
7473,1,5
7478,1,5
7484,1,6
7489,1,5
7494,1,5
7500,2,6
7505,1,5
7510,1,5
7516,1,6
7522,1,6
7528,1,6
7533,1,5
7539,1,6
7544,1,5
7550,1,6
7555,1,5
7561,1,6
7567,1,6
7572,1,5
7578,1,6
7583,1,5
7588,1,5
7594,1,6
7599,1,5
7605,2,6
7610,1,5
7616,2,6
7621,1,5
7627,2,6
7632,1,5
7638,2,6
7643,1,5
7649,2,6
7654,1,5
7660,2,6
7665,1,5
7670,1,5
7676,1,6
7682,2,6
7687,1,5
7692,1,5
7698,1,6
7703,1,5
7709,1,6
7714,1,5
7720,1,6
7725,1,5
7731,2,6
7736,1,5
7742,2,6
7747,1,5
7752,1,5
7758,1,6
7764,2,6
7769,1,5
7774,1,5
7780,1,6
7785,1,5
7791,1,6
7796,1,5
7802,1,6
7807,1,5
7813,1,6
7818,1,5
7824,2,6
7829,1,5
7834,1,5
7840,2,6
7845,1,5
7850,1,5
7856,2,6
7861,1,5
7866,1,5
7872,2,6
7877,1,5
7882,1,5
7888,2,6
7893,1,5
7899,2,6
7904,2,5
7909,1,5
7914,1,5
7920,1,6
7925,1,5
7931,2,6
7936,1,5
7941,1,5
7946,1,5
7952,1,6
7957,1,5
7962,1,5
7968,1,6
7973,1,5
7979,2,6
7984,1,5
7989,1,5
7995,2,6
8000,1,5
8005,1,5
8011,2,6
8016,1,5
8021,1,5
8026,1,5
8032,1,6
8037,1,5
8042,1,5
8048,1,6
8053,1,5
8059,2,6
8064,1,5
8069,1,5
8074,1,5
8080,1,6
8085,1,5
8091,2,6
8096,1,5
8101,1,5
8106,1,5
8112,1,6
8117,1,5
8122,1,5
8128,1,6
8133,1,5
8138,1,5
8144,1,6
8149,1,5
8155,2,6
8160,1,5
8165,1,5
8171,1,6
8177,1,6
8183,1,6
8189,1,6
8195,1,6
8201,1,6
8207,1,6
8213,1,6
8218,1,5
8224,2,6
8229,1,5
8234,1,5
8240,1,6
8245,1,5
8250,1,5
8256,1,6
8261,1,5
8267,2,6
8272,1,5
8277,1,5
8283,2,6
8288,1,5
8293,1,5
8299,2,6
8304,2,5
8309,1,5
8314,1,5
8320,1,6
8325,1,5
8331,2,6
8338,1,7
8344,1,6
8349,1,5
8354,1,5
8360,1,6
8365,1,5
8371,2,6
8376,1,5
8381,1,5
8387,2,6
8392,1,5
8397,1,5
8403,2,6
8408,1,5
8413,1,5
8419,2,6
8424,1,5
8429,1,5
8435,2,6
8440,1,5
8445,1,5
8451,2,6
8456,1,5
8461,1,5
8467,2,6
8472,1,5
8478,2,6
8484,2,6
8489,1,5
8494,1,5
8499,1,5
8505,1,6
8510,1,5
8516,2,6
8521,1,5
8526,1,5
8532,2,6
8537,1,5
8543,2,6
8548,1,5
8554,2,6
8559,1,5
8565,2,6
8570,1,5
8576,1,6
8582,2,6
8587,1,5
8592,1,5
8598,2,6
8603,1,5
8608,1,5
8614,2,6
8619,1,5
8624,1,5
8630,2,6
8635,1,5
8640,1,5
8646,2,6
8651,1,5
8656,1,5
8662,2,6
8667,1,5
8672,1,5
8678,2,6
8683,1,5
8688,1,5
8694,2,6
8699,1,5
8704,1,5
8710,2,6
8715,1,5
8721,2,6
8726,2,5
8731,1,5
8736,1,5
8742,2,6
8747,1,5
8753,2,6
8758,2,5
8763,1,5
8768,1,5
8774,2,6
8779,1,5
8785,2,6
8790,2,5
8795,1,5
8800,1,5
8806,2,6
8811,1,5
8817,2,6
8822,1,5
8827,1,5
8833,2,6
8838,1,5
8843,1,5
8849,2,6
8854,1,5
8859,1,5
8865,2,6
8870,1,5
8875,1,5
8881,1,6
8886,1,5
8892,1,6
8898,2,6
8903,1,5
8908,1,5
8914,2,6
8919,1,5
8924,1,5
8930,2,6
8935,1,5
8940,1,5
8946,2,6
8951,1,5
8956,1,5
8961,1,5
8967,2,6
8972,1,5
8978,2,6
8983,2,5
8988,1,5
8994,2,6
8999,2,5
9004,1,5
9009,1,5
9015,2,6
9020,1,5
9025,1,5
9031,2,6
9036,1,5
9041,1,5
9047,2,6
9052,1,5
9057,1,5
9063,2,6
9068,1,5
9073,1,5
9079,2,6
9084,1,5
9089,1,5
9095,2,6
9100,1,5
9105,1,5
9110,1,5
9116,2,6
9121,1,5
9126,1,5
9131,1,5
9137,1,6
9142,1,5
9148,2,6
9153,1,5
9158,1,5
9164,2,6
9169,1,5
9174,1,5
9180,2,6
9185,1,5
9190,1,5
9195,1,5
9201,1,6
9206,1,5
9211,1,5
9217,1,6
9222,1,5
9227,1,5
9233,2,6
9238,1,5
9243,1,5
9249,1,6
9254,1,5
9259,1,5
9266,2,7
9272,2,6
9277,1,5
9282,1,5
9288,2,6
9293,1,5
9298,1,5
9304,2,6
9309,1,5
9314,1,5
9320,1,6
9325,1,5
9330,1,5
9336,1,6
9341,1,5
9346,1,5
9352,1,6
9357,1,5
9363,2,6
9368,1,5
9373,1,5
9378,1,5
9384,1,6
9389,1,5
9395,2,6
9400,1,5
9405,1,5
9410,1,5
9416,1,6
9422,2,6
9427,2,5
9432,2,5
9437,1,5
9442,1,5
9447,1,5
9453,1,6
9458,1,5
9463,1,5
9469,1,6
9474,1,5
9480,2,6
9485,1,5
9491,2,6
9496,1,5
9501,1,5
9507,2,6
9512,1,5
9517,1,5
9523,2,6
9528,1,5
9534,2,6
9539,2,5
9544,1,5
9549,1,5
9555,2,6
9560,1,5
9566,2,6
9571,1,5
9576,1,5
9582,2,6
9587,1,5
9593,2,6
9598,1,5
9603,1,5
9609,2,6
9614,1,5
9620,2,6
9625,1,5
9631,2,6
9636,1,5
9642,2,6
9647,1,5
9653,2,6
9658,1,5
9664,1,6
9669,1,5
9675,1,6
9680,1,5
9686,1,6
9691,1,5
9697,2,6
9702,1,5
9710,1,8
9716,2,6
9721,1,5
9726,1,5
9732,1,6
9737,1,5
9743,2,6
9748,1,5
9753,1,5
9759,2,6
9764,1,5
9769,1,5
9775,2,6
9780,1,5
9786,2,6
9791,2,5
9796,1,5
9801,1,5
9807,2,6
9812,1,5
9817,1,5
9823,2,6
9828,1,5
9833,1,5
9838,1,5
9844,1,6
9849,1,5
9854,1,5
9860,2,6
9865,1,5
9870,1,5
9876,2,6
9881,1,5
9886,1,5
9892,2,6
9897,1,5
9902,1,5
9908,2,6
9913,1,5
9918,1,5
9924,2,6
9929,1,5
9934,1,5
9940,2,6
9945,1,5
9950,1,5
9956,2,6
9961,1,5
9966,1,5
9972,2,6
9977,1,5
9982,1,5
9988,2,6
9993,1,5
9998,1,5
10004,1,6
10010,1,6
10016,2,6
10021,1,5
10026,1,5
10032,2,6
10037,1,5
10042,1,5
10048,2,6
10053,1,5
10059,2,6
10064,2,5
10069,1,5
10074,1,5
10080,2,6
10085,1,5
10090,1,5
10096,2,6
10101,1,5
10107,2,6
10112,2,5
10117,1,5
10122,1,5
10128,2,6
10133,1,5
10139,2,6
10144,2,5
10149,1,5
10154,1,5
10160,2,6
10165,1,5
10171,2,6
10176,2,5
10181,1,5
10186,1,5
10192,2,6
10197,1,5
10202,1,5
10208,2,6
10213,1,5
10218,1,5
10224,2,6
10229,1,5
10235,2,6
10240,2,5
10245,1,5
10250,1,5
10256,2,6
10261,1,5
10267,2,6
10272,2,5
10277,1,5
10283,2,6
10288,2,5
10293,1,5
10299,2,6
10304,2,5
10309,1,5
10314,1,5
10320,2,6
10326,2,6
10331,2,5
10336,2,5
10341,1,5
10346,1,5
10352,2,6
10357,1,5
10363,2,6
10368,2,5
10373,1,5
10379,2,6
10384,2,5
10389,1,5
10394,1,5
10400,2,6
10406,2,6
10411,2,5
10416,2,5
10421,1,5
10427,2,6
10432,2,5
10437,1,5
10442,1,5
10448,1,6
10453,1,5
10459,2,6
10464,2,5
10469,1,5
10475,2,6
10480,2,5
10485,1,5
10490,1,5
10496,2,6
10501,1,5
10506,1,5
10512,2,6
10517,1,5
10522,1,5
10528,2,6
10533,1,5
10538,1,5
10544,2,6
10549,1,5
10554,1,5
10560,2,6
10565,1,5
10570,1,5
10576,2,6
10581,1,5
10587,2,6
10592,2,5
10597,1,5
10602,1,5
10607,1,5
10613,1,6
10618,1,5
10624,2,6
10629,1,5
10634,1,5
10640,2,6
10645,1,5
10650,1,5
10656,2,6
10661,1,5
10666,1,5
10672,2,6
10677,1,5
10682,1,5
10687,1,5
10693,1,6
10698,1,5
10704,2,6
10709,1,5
10714,1,5
10720,2,6
10725,1,5
10730,1,5
10736,2,6
10741,1,5
10746,1,5
10752,2,6
10757,1,5
10762,1,5
10768,2,6
10773,1,5
10778,1,5
10784,2,6
10789,1,5
10794,1,5
10800,2,6
10805,1,5
10810,1,5
10816,2,6
10821,1,5
10827,2,6
10832,2,5
10837,1,5
10843,2,6
10848,2,5
10853,1,5
10858,1,5
10864,2,6
10869,1,5
10874,1,5
10880,2,6
10885,1,5
10890,1,5
10896,2,6
10901,1,5
10907,2,6
10912,2,5
10917,1,5
10922,1,5
10928,2,6
10933,1,5
10938,1,5
10944,2,6
10949,1,5
10954,1,5
10960,2,6
10965,1,5
10970,1,5
10976,2,6
10981,1,5
10986,1,5
10992,2,6
10997,1,5
11002,1,5
11008,2,6
11013,1,5
11018,1,5
11024,2,6
11029,1,5
11034,1,5
11040,2,6
11045,1,5
11050,1,5
11056,2,6
11061,1,5
11066,1,5
11072,2,6
11077,1,5
11082,1,5
11088,2,6
11093,1,5
11098,1,5
11104,2,6
11109,1,5
11114,1,5
11120,2,6
11125,1,5
11130,1,5
11136,2,6
11141,1,5
11146,1,5
11152,2,6
11157,1,5
11163,2,6
11168,2,5
11173,1,5
11178,1,5
11184,2,6
11189,1,5
11195,2,6
11200,2,5
11205,1,5
11210,1,5
11216,2,6
11221,1,5
11226,1,5
11232,2,6
11237,1,5
11242,1,5
11248,2,6
11253,1,5
11258,1,5
11264,2,6
11269,1,5
11274,1,5
11280,2,6
11285,1,5
11290,1,5
11296,2,6
11301,1,5
11306,1,5
11312,2,6
11317,1,5
11322,1,5
11328,2,6
11333,1,5
11338,1,5
11344,2,6
11349,1,5
11354,1,5
11360,2,6
11365,1,5
11370,1,5
11376,2,6
11381,1,5
11386,1,5
11392,2,6
11397,1,5
11402,1,5
11408,2,6
11413,1,5
11418,1,5
11424,1,6
11430,2,6
11435,1,5
11440,1,5
11446,2,6
11451,1,5
11456,1,5
11462,2,6
11467,1,5
11472,1,5
11478,2,6
11483,1,5
11488,1,5
11494,2,6
11499,1,5
11504,1,5
11510,2,6
11515,1,5
11520,1,5
11526,2,6
11531,1,5
11536,1,5
11542,2,6
11550,4,8
11552,1,2
11557,1,5
11563,1,6
11568,1,5
11573,1,5
11579,2,6
11584,1,5
11589,1,5
11594,1,5
11600,1,6
11605,1,5
11610,1,5
11615,1,5
11621,1,6
11626,1,5
11632,2,6
11637,1,5
11642,1,5
11647,1,5
11653,1,6
11658,1,5
11663,1,5
11669,2,6
11674,1,5
11679,1,5
11684,1,5
11690,1,6
11695,1,5
11700,1,5
11706,1,6
11711,1,5
11716,1,5
11722,1,6
11727,1,5
11732,1,5
11738,2,6
11743,1,5
11748,1,5
11754,1,6
11759,1,5
11765,1,6
11770,1,5
11775,1,5
11781,1,6
11786,1,5
11791,1,5
11797,2,6
11802,1,5
11807,1,5
11813,2,6
11818,1,5
11823,1,5
11828,1,5
11834,1,6
11839,1,5
11845,2,6
11850,1,5
11855,1,5
11860,1,5
11866,1,6
11871,1,5
11876,1,5
11882,2,6
11887,1,5
11892,1,5
11898,2,6
11903,1,5
11908,1,5
11914,2,6
11919,1,5
11924,1,5
11929,1,5
11935,1,6
11940,1,5
11945,1,5
11951,1,6
11956,1,5
11961,1,5
11967,1,6
11972,1,5
11977,1,5
11983,2,6
11988,1,5
11993,1,5
11998,1,5
12004,1,6
12009,1,5
12014,1,5
12020,1,6
12025,1,5
12030,1,5
12036,1,6
12041,1,5
12046,1,5
12051,1,5
12057,1,6
12062,1,5
12068,2,6
12073,1,5
12078,1,5
12084,2,6
12089,1,5
12094,1,5
12100,2,6
12105,1,5
12110,1,5
12116,2,6
12121,1,5
12126,1,5
12132,2,6
12137,1,5
12142,1,5
12148,2,6
12153,1,5
12158,1,5
12164,2,6
12169,1,5
12174,1,5
12180,1,6
12185,1,5
12190,1,5
12196,1,6
12201,1,5
12207,2,6
12212,1,5
12217,1,5
12222,1,5
12228,1,6
12233,1,5
12239,2,6
12244,1,5
12249,1,5
12255,2,6
12260,1,5
12265,1,5
12270,1,5
12276,1,6
12281,1,5
12286,1,5
12292,1,6
12297,1,5
12303,2,6
12308,1,5
12314,2,6
12319,1,5
12325,2,6
12330,1,5
12336,2,6
12341,1,5
12347,1,6
12353,2,6
12359,1,6
12365,1,6
12370,1,5
12376,1,6
12381,1,5
12386,1,5
12392,2,6
12397,1,5
12403,2,6
12408,2,5
12413,1,5
12418,1,5
12424,1,6
12429,1,5
12435,2,6
12440,1,5
12445,1,5
12450,1,5
12456,1,6
12461,1,5
12467,2,6
12472,1,5
12477,1,5
12483,2,6
12488,1,5
12493,1,5
12499,2,6
12504,1,5
12509,1,5
12514,1,5
12520,1,6
12525,1,5
12531,2,6
12536,1,5
12541,1,5
12547,2,6
12552,1,5
12557,1,5
12563,2,6
12568,1,5
12573,1,5
12579,2,6
12584,1,5
12589,1,5
12595,2,6
12600,1,5
12605,1,5
12611,2,6
12616,1,5
12621,1,5
12626,1,5
12632,2,6
12637,1,5
12642,1,5
12648,2,6
12653,1,5
12659,2,6
12664,2,5
12669,1,5
12675,2,6
12680,2,5
12685,1,5
12691,2,6
12696,2,5
12701,1,5
12706,1,5
12712,2,6
12717,1,5
12723,2,6
12728,2,5
12733,1,5
12738,1,5
12744,2,6
12749,1,5
12757,4,8
12759,1,2
12765,1,6
12770,1,5
12776,1,6
12781,1,5
12787,1,6
12792,1,5
12798,2,6
12803,1,5
12808,1,5
12813,1,5
12819,1,6
12824,1,5
12830,2,6
12835,1,5
12841,2,6
12846,1,5
12852,1,6
12857,1,5
12863,2,6
12868,1,5
12873,1,5
12878,1,5
12884,1,6
12889,1,5
12894,1,5
12900,2,6
12905,1,5
12910,1,5
12916,1,6
12921,1,5
12927,2,6
12932,2,5
12937,1,5
12943,2,6
12948,1,5
12953,1,5
12959,2,6
12964,1,5
12969,1,5
12975,2,6
12980,1,5
12985,1,5
12990,1,5
12996,1,6
13001,1,5
13007,2,6
13012,1,5
13017,1,5
13022,1,5
13028,1,6
13033,1,5
13038,1,5
13044,1,6
13049,1,5
13054,1,5
13060,1,6
13065,1,5
13070,1,5
13076,1,6
13081,1,5
13087,2,6
13092,1,5
13097,1,5
13102,1,5
13108,2,6
13113,1,5
13118,1,5
13124,2,6
13129,1,5
13134,1,5
13140,2,6
13145,1,5
13150,1,5
13156,2,6
13161,1,5
13166,1,5
13172,2,6
13177,1,5
13182,1,5
13188,2,6
13193,1,5
13198,1,5
13204,2,6
13209,1,5
13215,2,6
13220,2,5
13225,1,5
13230,1,5
13236,2,6
13241,1,5
13247,2,6
13252,2,5
13257,1,5
13262,1,5
13268,2,6
13273,1,5
13279,2,6
13284,2,5
13289,1,5
13294,1,5
13300,2,6
13305,1,5
13310,1,5
13316,1,6
13321,1,5
13326,1,5
13332,1,6
13337,1,5
13342,1,5
13348,1,6
13353,1,5
13358,1,5
13364,1,6
13369,1,5
13375,2,6
13380,1,5
13385,1,5
13391,2,6
13396,1,5
13401,1,5
13407,2,6
13412,1,5
13417,1,5
13423,2,6
13428,1,5
13433,1,5
13439,1,6
13445,1,6
13450,1,5
13456,2,6
13461,1,5
13466,1,5
13472,2,6
13477,1,5
13484,1,7
13490,1,6
13495,1,5
13501,1,6
13506,1,5
13512,2,6
13517,1,5
13522,1,5
13528,1,6
13533,1,5
13539,1,6
13544,1,5
13550,1,6
13555,1,5
13561,2,6
13566,1,5
13572,2,6
13577,1,5
13583,2,6
13588,1,5
13593,1,5
13599,1,6
13604,1,5
13610,1,6
13615,1,5
13621,1,6
13626,1,5
13632,1,6
13638,2,6
13643,1,5
13649,2,6
13654,1,5
13660,2,6
13665,1,5
13671,2,6
13676,1,5
13682,2,6
13687,1,5
13693,2,6
13698,1,5
13703,1,5
13709,1,6
13715,2,6
13720,1,5
13725,1,5
13731,2,6
13736,1,5
13741,1,5
13747,2,6
13752,1,5
13757,1,5
13762,1,5
13768,1,6
13773,1,5
13778,1,5
13784,1,6
13789,1,5
13795,2,6
13800,1,5
13805,1,5
13811,2,6
13816,1,5
13821,1,5
13827,1,6
13832,1,5
13837,1,5
13843,1,6
13848,1,5
13853,1,5
13859,1,6
13864,1,5
13869,1,5
13875,1,6
13880,1,5
13886,2,6
13891,1,5
13896,1,5
13902,2,6
13907,1,5
13912,1,5
13918,2,6
13923,1,5
13929,2,6
13934,2,5
13939,1,5
13944,1,5
13950,2,6
13955,1,5
13960,1,5
13966,2,6
13972,1,6
13977,1,5
13983,2,6
13988,1,5
13993,1,5
13998,1,5
14004,1,6
14009,1,5
14014,1,5
14020,2,6
14025,1,5
14030,1,5
14036,2,6
14041,1,5
14046,1,5
14052,2,6
14057,1,5
14062,1,5
14068,2,6
14073,1,5
14081,4,8
14088,2,7
14093,1,5
14098,1,5
14104,2,6
14109,1,5
14114,1,5
14120,2,6
14125,1,5
14130,1,5
14136,2,6
14141,1,5
14146,1,5
14151,1,5
14157,1,6
14162,1,5
14168,2,6
14173,1,5
14179,2,6
14184,2,5
14189,1,5
14194,1,5
14200,2,6
14205,1,5
14210,1,5
14216,2,6
14221,1,5
14226,1,5
14232,2,6
14237,1,5
14242,1,5
14248,2,6
14253,1,5
14258,1,5
14264,2,6
14269,1,5
14274,1,5
14279,1,5
14285,1,6
14290,1,5
14296,2,6
14301,1,5
14306,1,5
14312,2,6
14317,1,5
14322,1,5
14328,2,6
14333,1,5
14338,1,5
14344,2,6
14349,1,5
14354,1,5
14360,2,6
14365,1,5
14370,1,5
14376,2,6
14381,1,5
14386,1,5
14392,2,6
14397,1,5
14402,1,5
14408,2,6
14413,1,5
14418,1,5
14424,1,6
14430,1,6
14436,1,6
14443,1,7
14449,1,6
14454,1,5
14460,1,6
14465,1,5
14471,1,6
14476,1,5
14481,1,5
14487,1,6
14492,1,5
14498,2,6
14503,1,5
14508,1,5
14514,2,6
14519,1,5
14525,2,6
14530,1,5
14535,1,5
14540,1,5
14546,1,6
14551,1,5
14556,1,5
14562,1,6
14567,1,5
14573,1,6
14578,1,5
14584,2,6
14590,2,6
14594,1,4
14600,1,6
14605,1,5
14611,2,6
14616,1,5
14621,1,5
14626,1,5
14632,1,6
14637,1,5
14643,2,6
14648,1,5
14654,1,6
14659,1,5
14665,2,6
14670,1,5
14675,1,5
14680,1,5
14686,1,6
14691,1,5
14697,2,6
14702,1,5
14707,1,5
14712,1,5
14718,1,6
14723,1,5
14729,2,6
14734,1,5
14739,1,5
14745,2,6
14750,1,5
14755,1,5
14761,2,6
14766,1,5
14771,1,5
14777,2,6
14782,1,5
14787,1,5
14793,2,6
14798,1,5
14803,1,5
14809,2,6
14814,1,5
14819,1,5
14825,2,6
14830,1,5
14835,1,5
14841,2,6
14846,1,5
14851,1,5
14857,2,6
14862,1,5
14867,1,5
14873,2,6
14878,1,5
14884,2,6
14889,1,5
14894,1,5
14900,2,6
14905,1,5
14910,1,5
14916,2,6
14921,1,5
14926,1,5
14932,2,6
14937,1,5
14942,1,5
14948,2,6
14954,1,6
14959,1,5
14965,1,6
14970,1,5
14975,1,5
14981,1,6
14986,1,5
14991,1,5
14997,1,6
15002,1,5
15008,2,6
15013,1,5
15018,1,5
15023,1,5
15029,1,6
15034,1,5
15040,2,6
15045,1,5
15050,1,5
15055,1,5
15061,1,6
15066,1,5
15071,1,5
15079,3,8
15083,2,4
15088,1,5
15094,2,6
15099,1,5
15104,1,5
15110,2,6
15115,1,5
15120,1,5
15126,2,6
15131,1,5
15136,1,5
15141,1,5
15147,2,6
15152,1,5
15157,1,5
15163,2,6
15168,1,5
15173,1,5
15179,2,6
15184,1,5
15189,1,5
15195,2,6
15203,2,8
15208,2,5
15214,1,6
15219,1,5
15225,1,6
15230,1,5
15235,1,5
15241,1,6
15247,1,6
15253,1,6
15258,1,5
15263,1,5
15269,1,6
15274,1,5
15279,1,5
15285,1,6
15290,1,5
15295,1,5
15301,1,6
15306,1,5
15311,1,5
15317,1,6
15322,1,5
15330,4,8
15333,1,3
15338,1,5
15344,2,6
15349,1,5
15354,1,5
15359,1,5
15365,1,6
15370,1,5
15375,1,5
15381,1,6
15386,1,5
15391,1,5
15397,1,6
15402,1,5
15407,1,5
15413,1,6
15418,1,5
15424,2,6
15429,1,5
15434,1,5
15440,2,6
15445,1,5
15450,1,5
15456,2,6
15461,1,5
15466,1,5
15472,2,6
15478,2,6
15483,1,5
15488,1,5
15494,2,6
15499,1,5
15504,1,5
15510,2,6
15515,1,5
15520,1,5
15526,2,6
15531,1,5
15536,1,5
15541,1,5
15547,1,6
15552,1,5
15558,2,6
15563,1,5
15568,1,5
15573,1,5
15579,1,6
15584,1,5
15589,1,5
15595,2,6
15600,1,5
15605,1,5
15611,1,6
15616,1,5
15621,1,5
15627,2,6
15632,1,5
15637,1,5
15643,2,6
15648,1,5
15653,1,5
15659,2,6
15664,1,5
15669,1,5
15674,1,5
15680,1,6
15685,1,5
15691,2,6
15696,1,5
15701,1,5
15707,2,6
15712,1,5
15717,1,5
15722,1,5
15728,1,6
15733,1,5
15738,1,5
15744,1,6
15749,1,5
15754,1,5
15760,1,6
15765,1,5
15770,1,5
15776,1,6
15781,1,5
15786,1,5
15792,1,6
15797,1,5
15802,1,5
15808,2,6
15813,1,5
15818,1,5
15824,2,6
15829,1,5
15834,1,5
15840,2,6
15845,1,5
15850,1,5
15855,1,5
15861,1,6
15866,1,5
15871,1,5
15877,1,6
15882,1,5
15887,1,5
15893,1,6
15898,1,5
15903,1,5
15909,1,6
15914,1,5
15920,2,6
15925,1,5
15930,1,5
15935,1,5
15941,1,6
15946,1,5
15951,1,5
15957,1,6
15962,1,5
15967,1,5
15973,1,6
15978,1,5
15984,2,6
15989,1,5
15994,1,5
15999,1,5
16005,1,6
16010,1,5
16015,1,5
16021,1,6
16026,1,5
16031,1,5
16037,1,6
16042,1,5
16047,1,5
16053,1,6
16058,1,5
16064,2,6
16069,1,5
16074,1,5
16080,2,6
16085,1,5
16090,1,5
16095,1,5
16101,1,6
16106,1,5
16111,1,5
16117,1,6
16122,1,5
16127,1,5
16133,1,6
16138,1,5
16144,2,6
16149,1,5
16154,1,5
16159,1,5
16165,1,6
16170,1,5
16175,1,5
16181,1,6
16186,1,5
16191,1,5
16197,1,6
16202,1,5
16207,1,5
16213,1,6
16218,1,5
16224,2,6
16229,1,5
16234,1,5
16240,2,6
16245,1,5
16250,1,5
16255,1,5
16261,1,6
16266,1,5
16271,1,5
16277,1,6
16282,1,5
16287,1,5
16293,1,6
16298,1,5
16304,2,6
16309,1,5
16314,1,5
16319,1,5
16325,1,6
16330,1,5
16335,1,5
16341,1,6
16346,1,5
16351,1,5
16357,1,6
16362,1,5
16367,1,5
16373,1,6
16378,1,5
16384,2,6
16389,1,5
16394,1,5
16400,2,6
16405,1,5
16410,1,5
16415,1,5
16421,1,6
16426,1,5
16432,2,6
16437,1,5
16442,1,5
16448,2,6
16453,1,5
16458,1,5
16464,2,6
16469,1,5
16474,1,5
16480,2,6
16485,1,5
16490,1,5
16496,2,6
16501,1,5
16506,1,5
16512,2,6
16517,1,5
16522,1,5
16527,1,5
16533,1,6
16538,1,5
16544,2,6
16549,1,5
16554,1,5
16560,2,6
16565,1,5
16570,1,5
16576,2,6
16581,1,5
16586,1,5
16592,2,6
16597,1,5
16602,1,5
16608,2,6
16613,1,5
16618,1,5
16624,2,6
16629,1,5
16634,1,5
16640,2,6
16645,1,5
16650,1,5
16656,2,6
16661,1,5
16666,1,5
16672,2,6
16677,1,5
16682,1,5
16688,2,6
16693,1,5
16698,1,5
16704,2,6
16709,1,5
16714,1,5
16720,2,6
16725,1,5
16730,1,5
16736,2,6
16741,1,5
16746,1,5
16752,2,6
16757,1,5
16763,2,6
16768,2,5
16773,1,5
16778,1,5
16784,2,6
16789,1,5
16795,2,6
16800,2,5
16805,1,5
16811,2,6
16817,3,6
16821,1,4
16827,2,6
16832,2,5
16837,1,5
16843,2,6
16848,2,5
16853,1,5
16858,1,5
16864,2,6
16869,1,5
16874,1,5
16880,2,6
16885,1,5
16890,1,5
16895,1,5
16901,1,6
16906,1,5
16912,2,6
16917,1,5
16922,1,5
16927,1,5
16933,1,6
16938,1,5
16944,2,6
16949,1,5
16954,1,5
16959,1,5
16965,1,6
16970,1,5
16975,1,5
16981,1,6
16986,1,5
16991,1,5
16997,1,6
17002,1,5
17008,2,6
17013,1,5
17018,1,5
17024,2,6
17029,1,5
17034,1,5
17040,2,6
17045,1,5
17050,1,5
17055,1,5
17061,1,6
17066,1,5
17071,1,5
17077,2,6
17082,1,5
17087,1,5
17093,2,6
17098,1,5
17103,1,5
17108,1,5
17114,1,6
17119,1,5
17125,1,6
17131,1,6
17136,1,5
17142,1,6
17147,1,5
17152,1,5
17158,2,6
17163,1,5
17168,1,5
17174,2,6
17179,1,5
17184,1,5
17190,2,6
17195,1,5
17200,1,5
17205,1,5
17211,2,6
17216,1,5
17221,1,5
17227,2,6
17232,1,5
17237,1,5
17242,1,5
17248,1,6
17253,1,5
17258,1,5
17264,2,6
17269,1,5
17274,1,5
17279,1,5
17285,1,6
17290,1,5
17295,1,5
17301,1,6
17306,1,5
17311,1,5
17317,2,6
17322,1,5
17327,1,5
17333,2,6
17338,1,5
17343,1,5
17348,1,5
17354,1,6
17359,1,5
17364,1,5
17370,1,6
17375,1,5
17380,1,5
17386,1,6
17391,1,5
17396,1,5
17402,1,6
17407,1,5
17412,1,5
17418,1,6
17423,1,5
17428,1,5
17433,1,5
17439,1,6
17445,2,6
17449,1,4
17455,1,6
17460,1,5
17465,1,5
17471,1,6
17476,1,5
17481,1,5
17487,2,6
17492,1,5
17497,1,5
17502,1,5
17508,1,6
17513,1,5
17518,1,5
17524,1,6
17529,1,5
17534,1,5
17540,1,6
17545,1,5
17550,1,5
17556,2,6
17561,1,5
17566,1,5
17572,1,6
17577,1,5
17582,1,5
17588,1,6
17596,2,8
17601,1,5
17606,1,5
17612,2,6
17617,1,5
17622,1,5
17628,2,6
17633,1,5
17638,1,5
17643,1,5
17649,1,6
17654,1,5
17660,2,6
17665,1,5
17670,1,5
17675,1,5
17681,1,6
17686,1,5
17691,1,5
17697,1,6
17703,2,6
17707,1,4
17713,1,6
17718,1,5
17724,2,6
17729,1,5
17734,1,5
17739,1,5
17745,1,6
17750,1,5
17756,2,6
17761,1,5
17766,1,5
17771,1,5
17777,1,6
17782,1,5
17788,2,6
17793,1,5
17798,1,5
17804,2,6
17809,1,5
17814,1,5
17820,2,6
17831,7,11
17834,5,3
17836,1,2
17841,1,5
17846,1,5
17852,1,6
17857,1,5
17862,1,5
17868,1,6
17873,1,5
17878,1,5
17884,1,6
17889,1,5
17894,1,5
17900,1,6
17905,1,5
17911,2,6
17916,1,5
17921,1,5
17927,2,6
17932,1,5
17938,2,6
17945,3,7
17948,1,3
17953,1,5
17959,1,6
17964,1,5
17970,2,6
17975,1,5
17980,1,5
17986,2,6
17991,1,5
17996,1,5
18002,2,6
18007,1,5
18012,1,5
18018,2,6
18023,1,5
18028,1,5
18034,2,6
18039,1,5
18044,1,5
18050,2,6
18055,1,5
18060,1,5
18066,2,6
18071,1,5
18076,1,5
18082,2,6
18087,1,5
18092,1,5
18098,2,6
18103,2,5
18108,1,5
18113,1,5
18119,2,6
18124,1,5
18129,1,5
18135,2,6
18140,1,5
18145,1,5
18151,2,6
18156,1,5
18161,1,5
18167,2,6
18172,1,5
18177,1,5
18183,2,6
18188,1,5
18193,1,5
18199,2,6
18204,1,5
18209,1,5
18215,2,6
18220,1,5
18225,1,5
18231,2,6
18236,1,5
18241,1,5
18246,1,5
18252,2,6
18257,1,5
18262,1,5
18268,2,6
18273,1,5
18278,1,5
18284,2,6
18289,1,5
18294,1,5
18300,2,6
18305,1,5
18310,1,5
18316,2,6
18321,1,5
18326,1,5
18332,2,6
18337,1,5
18342,1,5
18347,1,5
18353,1,6
18358,1,5
18364,2,6
18369,1,5
18374,1,5
18380,2,6
18385,1,5
18390,1,5
18396,2,6
18401,1,5
18406,1,5
18412,2,6
18417,1,5
18422,1,5
18428,2,6
18433,1,5
18438,1,5
18450,1,12
18456,2,6
18461,1,5
18466,1,5
18472,2,6
18477,1,5
18482,1,5
18488,1,6
18493,1,5
18499,1,6
18504,1,5
18510,1,6
18515,1,5
18521,1,6
18526,1,5
18532,1,6
18538,2,6
18543,1,5
18549,2,6
18554,1,5
18560,2,6
18565,1,5
18571,2,6
18576,1,5
18582,1,6
18587,1,5
18593,1,6
18598,1,5
18604,1,6
18609,1,5
18615,1,6
18620,1,5
18626,1,6
18632,2,6
18637,1,5
18643,2,6
18648,1,5
18653,1,5
18659,2,6
18664,1,5
18669,1,5
18675,2,6
18680,2,5
18685,1,5
18690,1,5
18696,2,6
18701,1,5
18706,1,5
18712,2,6
18719,3,7
18722,1,3
18728,2,6
18733,1,5
18738,1,5
18743,1,5
18749,1,6
18754,1,5
18759,1,5
18765,1,6
18770,1,5
18775,1,5
18781,1,6
18786,1,5
18792,2,6
18797,2,5
18802,1,5
18807,1,5
18813,1,6
18818,1,5
18823,1,5
18829,1,6
18834,1,5
18839,1,5
18845,1,6
18850,1,5
18855,1,5
18861,1,6
18866,1,5
18871,1,5
18877,1,6
18882,1,5
18887,1,5
18893,1,6
18898,1,5
18903,1,5
18909,1,6
18914,1,5
18919,1,5
18925,1,6
18930,1,5
18936,1,6
18941,1,5
18947,1,6
18952,1,5
18958,1,6
18964,2,6
18969,1,5
18978,5,9
18980,1,2
18985,1,5
18991,2,6
18996,1,5
19001,1,5
19007,2,6
19012,1,5
19017,1,5
19023,2,6
19028,1,5
19033,1,5
19039,2,6
19044,1,5
19049,1,5
19054,1,5
19060,1,6
19065,1,5
19071,2,6
19076,1,5
19081,1,5
19087,2,6
19092,1,5
19097,1,5
19103,2,6
19108,1,5
19114,2,6
19119,2,5
19124,1,5
19130,2,6
19135,2,5
19140,1,5
19146,2,6
19151,1,5
19156,1,5
19162,2,6
19167,1,5
19172,1,5
19178,2,6
19183,1,5
19188,1,5
19193,1,5
19199,1,6
19204,1,5
19209,1,5
19215,1,6
19220,1,5
19226,2,6
19231,1,5
19236,1,5
19242,2,6
19247,1,5
19252,1,5
19258,1,6
19263,1,5
19268,1,5
19274,2,6
19279,1,5
19284,1,5
19290,2,6
19295,1,5
19300,1,5
19306,2,6
19311,1,5
19316,1,5
19323,2,7
19327,1,4
19332,1,5
19338,1,6
19343,1,5
19348,1,5
19354,2,6
19359,1,5
19364,1,5
19370,2,6
19375,1,5
19380,1,5
19386,2,6
19391,1,5
19396,1,5
19402,2,6
19407,1,5
19412,1,5
19417,1,5
19423,1,6
19428,1,5
19433,1,5
19439,1,6
19444,1,5
19450,1,6
19455,1,5
19460,1,5
19466,1,6
19471,1,5
19476,1,5
19482,1,6
19487,1,5
19492,1,5
19498,1,6
19503,1,5
19509,2,6
19514,1,5
19519,1,5
19525,2,6
19530,1,5
19535,1,5
19540,1,5
19546,2,6
19551,1,5
19556,1,5
19562,2,6
19567,1,5
19572,1,5
19578,2,6
19583,1,5
19588,1,5
19593,1,5
19599,1,6
19604,1,5
19609,1,5
19615,2,6
19620,1,5
19625,1,5
19630,1,5
19636,1,6
19641,1,5
19646,1,5
19652,1,6
19657,1,5
19662,1,5
19668,1,6
19673,1,5
19678,1,5
19684,1,6
19689,1,5
19694,1,5
19700,1,6
19705,1,5
19710,1,5
19716,1,6
19721,1,5
19726,1,5
19732,1,6
19737,1,5
19742,1,5
19748,2,6
19753,1,5
19758,1,5
19764,2,6
19769,1,5
19774,1,5
19780,2,6
19785,1,5
19790,1,5
19795,1,5
19801,1,6
19806,1,5
19811,1,5
19817,1,6
19822,1,5
19828,2,6
19833,1,5
19838,1,5
19843,1,5
19849,1,6
19854,1,5
19860,2,6
19865,1,5
19870,1,5
19875,1,5
19881,1,6
19886,1,5
19892,1,6
19898,1,6
19904,1,6
19910,2,6
19915,1,5
19920,1,5
19926,2,6
19931,1,5
19936,1,5
19942,2,6
19947,1,5
19952,1,5
19958,2,6
19963,2,5
19968,1,5
19973,1,5
19979,2,6
19984,1,5
19989,1,5
19994,1,5
20003,3,9
20007,1,4
20012,1,5
20017,1,5
20023,1,6
20028,1,5
20033,1,5
20038,1,5
20044,1,6
20049,1,5
20055,2,6
20060,1,5
20065,1,5
20070,1,5
20076,1,6
20081,1,5
20086,1,5
20091,1,5
20099,3,8
20102,1,3
20108,2,6
20113,1,5
20118,1,5
20124,2,6
20129,1,5
20134,1,5
20139,1,5
20145,1,6
20150,1,5
20155,1,5
20161,1,6
20166,1,5
20172,2,6
20177,1,5
20182,1,5
20188,2,6
20193,1,5
20198,1,5
20204,2,6
20209,1,5
20214,1,5
20219,1,5
20225,1,6
20230,1,5
20236,1,6
20242,1,6
20248,1,6
20254,2,6
20259,1,5
20264,1,5
20270,2,6
20275,1,5
20280,1,5
20285,1,5
20291,1,6
20296,1,5
20301,1,5
20307,2,6
20312,1,5
20317,1,5
20323,2,6
20328,1,5
20333,1,5
20338,1,5
20344,2,6
20349,1,5
20354,1,5
20360,2,6
20365,1,5
20370,1,5
20376,2,6
20381,1,5
20386,1,5
20392,2,6
20397,1,5
20402,1,5
20408,2,6
20413,1,5
20418,1,5
20423,1,5
20429,1,6
20434,1,5
20439,1,5
20449,5,10
20453,4,4
20455,1,2
20460,1,5
20466,1,6
20471,1,5
20476,1,5
20482,1,6
20487,1,5
20493,2,6
20498,1,5
20503,1,5
20508,1,5
20514,1,6
20519,1,5
20524,1,5
20530,1,6
20535,1,5
20540,1,5
20546,1,6
20551,1,5
20556,1,5
20562,1,6
20567,1,5
20572,1,5
20578,2,6
20583,1,5
20588,1,5
20593,1,5
20599,1,6
20604,1,5
20609,1,5
20615,2,6
20620,1,5
20625,1,5
20631,2,6
20636,1,5
20641,1,5
20646,1,5
20652,2,6
20657,1,5
20662,1,5
20667,1,5
20673,1,6
20678,1,5
20683,1,5
20689,2,6
20694,1,5
20699,1,5
20705,2,6
20710,1,5
20715,1,5
20720,1,5
20726,1,6
20731,1,5
20736,1,5
20742,2,6
20747,1,5
20752,1,5
20758,2,6
20763,1,5
20768,1,5
20773,1,5
20779,1,6
20784,1,5
20789,1,5
20794,1,5
20800,1,6
20805,1,5
20810,1,5
20816,1,6
20821,1,5
20826,1,5
20831,1,5
20837,1,6
20842,1,5
20847,1,5
20853,1,6
20858,1,5
20863,1,5
20869,2,6
20874,1,5
20879,1,5
20885,2,6
20890,1,5
20895,1,5
20901,2,6
20906,1,5
20911,1,5
20917,2,6
20922,1,5
20928,2,6
20933,2,5
20938,1,5
20943,1,5
20949,2,6
20954,1,5
20959,1,5
20965,2,6
20970,1,5
20975,1,5
20981,2,6
20986,1,5
20991,1,5
20997,2,6
21002,1,5
21007,1,5
21013,2,6
21018,1,5
21024,2,6
21029,2,5
21034,1,5
21039,1,5
21045,2,6
21050,1,5
21055,1,5
21061,2,6
21066,1,5
21071,1,5
21077,2,6
21082,1,5
21087,1,5
21093,2,6
21098,1,5
21103,1,5
21109,2,6
21114,1,5
21119,1,5
21125,2,6
21130,1,5
21135,1,5
21141,2,6
21146,1,5
21151,1,5
21157,2,6
21162,1,5
21167,1,5
21173,2,6
21178,1,5
21183,1,5
21189,2,6
21194,1,5
21199,1,5
21205,2,6
21210,1,5
21215,1,5
21221,2,6
21226,1,5
21231,1,5
21237,2,6
21242,1,5
21247,1,5
21253,2,6
21258,1,5
21263,1,5
21269,2,6
21274,1,5
21279,1,5
21285,2,6
21290,1,5
21295,1,5
21301,2,6
21306,1,5
21311,1,5
21317,2,6
21322,1,5
21327,1,5
21333,2,6
21338,1,5
21343,1,5
21349,2,6
21354,1,5
21359,1,5
21365,2,6
21370,1,5
21375,1,5
21381,2,6
21386,1,5
21391,1,5
21397,2,6
21402,1,5
21407,1,5
21412,1,5
21418,1,6
21423,1,5
21429,2,6
21434,1,5
21439,1,5
21450,5,11
21451,1,1
21457,1,6
21462,1,5
21467,1,5
21472,0,5
21478,1,6
21483,1,5
21489,2,6
21494,1,5
21499,1,5
21505,2,6
21510,1,5
21515,1,5
21520,1,5
21526,1,6
21531,1,5
21536,1,5
21542,1,6
21547,1,5
21552,1,5
21558,2,6
21563,1,5
21568,1,5
21574,2,6
21579,1,5
21584,1,5
21589,1,5
21595,1,6
21600,1,5
21605,1,5
21611,2,6
21616,1,5
21621,1,5
21627,2,6
21632,1,5
21637,1,5
21642,1,5
21648,1,6
21653,1,5
21658,1,5
21664,1,6
21669,1,5
21674,1,5
21680,2,6
21685,1,5
21690,1,5
21696,2,6
21701,1,5
21706,1,5
21711,1,5
21717,1,6
21722,1,5
21728,2,6
21733,1,5
21738,1,5
21744,2,6
21749,1,5
21754,1,5
21759,1,5
21765,1,6
21770,1,5
21776,2,6
21781,1,5
21786,1,5
21792,2,6
21797,1,5
21802,1,5
21808,2,6
21813,1,5
21818,1,5
21824,2,6
21829,1,5
21834,1,5
21840,2,6
21845,1,5
21850,1,5
21856,2,6
21861,1,5
21866,1,5
21872,2,6
21877,1,5
21882,1,5
21888,2,6
21893,1,5
21898,1,5
21904,2,6
21909,1,5
21914,1,5
21919,1,5
21925,1,6
21930,1,5
21935,1,5
21941,1,6
21946,1,5
21952,2,6
21957,1,5
21962,1,5
21968,2,6
21973,1,5
21978,1,5
21984,2,6
21989,1,5
21994,1,5
22000,2,6
22005,1,5
22010,1,5
22016,2,6
22021,1,5
22026,1,5
22032,2,6
22037,1,5
22042,1,5
22047,1,5
22053,1,6
22058,1,5
22064,2,6
22069,1,5
22074,1,5
22080,2,6
22085,1,5
22090,1,5
22096,2,6
22101,1,5
22106,1,5
22112,2,6
22117,1,5
22123,2,6
22128,1,5
22133,1,5
22139,1,6
22145,1,6
22151,1,6
22156,0,5
22162,1,6
22168,1,6
22174,1,6
22181,2,7
22186,1,5
22191,1,5
22196,1,5
22202,1,6
22207,1,5
22213,2,6
22218,1,5
22224,2,6
22229,1,5
22234,1,5
22240,1,6
22245,1,5
22251,2,6
22256,1,5
22261,1,5
22267,2,6
22272,1,5
22277,1,5
22283,1,6
22288,1,5
22293,1,5
22299,1,6
22304,1,5
22310,2,6
22315,1,5
22320,1,5
22326,2,6
22331,1,5
22336,1,5
22341,1,5
22347,2,6
22352,1,5
22357,1,5
22362,1,5
22368,1,6
22373,1,5
22378,1,5
22384,2,6
22389,1,5
22394,1,5
22400,2,6
22405,1,5
22410,1,5
22416,2,6
22421,1,5
22426,1,5
22431,1,5
22437,1,6
22442,1,5
22452,6,10
22453,1,1
22459,1,6
22464,1,5
22469,1,5
22475,2,6
22480,1,5
22485,1,5
22491,2,6
22496,1,5
22501,1,5
22507,2,6
22512,1,5
22517,1,5
22522,1,5
22528,2,6
22533,1,5
22538,1,5
22544,2,6
22549,1,5
22554,1,5
22560,2,6
22565,1,5
22570,1,5
22576,2,6
22581,1,5
22586,1,5
22592,2,6
22597,1,5
22602,1,5
22608,2,6
22613,1,5
22618,1,5
22624,2,6
22629,1,5
22634,1,5
22640,2,6
22645,1,5
22650,1,5
22656,2,6
22661,1,5
22666,1,5
22672,2,6
22677,1,5
22682,1,5
22687,1,5
22693,1,6
22698,1,5
22704,2,6
22709,2,5
22714,1,5
22719,1,5
22725,2,6
22730,1,5
22735,1,5
22741,1,6
22746,1,5
22751,1,5
22757,1,6
22762,1,5
22767,1,5
22773,1,6
22778,1,5
22783,1,5
22789,1,6
22794,1,5
22800,2,6
22805,1,5
22810,1,5
22815,1,5
22821,1,6
22827,2,6
22832,2,5
22837,1,5
22843,2,6
22848,1,5
22854,2,6
22859,1,5
22865,2,6
22870,1,5
22875,1,5
22881,1,6
22886,1,5
22891,1,5
22897,1,6
22902,1,5
22908,2,6
22913,1,5
22918,1,5
22924,2,6
22929,1,5
22934,1,5
22940,2,6
22945,1,5
22950,1,5
22956,2,6
22961,1,5
22966,1,5
22972,2,6
22977,1,5
22982,1,5
22988,2,6
22993,1,5
22998,1,5
23004,2,6
23009,1,5
23014,1,5
23020,2,6
23025,1,5
23030,1,5
23036,2,6
23041,1,5
23046,1,5
23051,1,5
23057,1,6
23062,1,5
23067,1,5
23073,1,6
23078,1,5
23083,1,5
23089,1,6
23094,1,5
23099,1,5
23105,1,6
23110,1,5
23115,1,5
23121,1,6
23126,1,5
23131,1,5
23137,1,6
23142,1,5
23148,1,6
23153,1,5
23159,1,6
23164,1,5
23169,1,5
23175,1,6
23180,1,5
23185,1,5
23191,2,6
23196,1,5
23201,1,5
23206,1,5
23212,1,6
23217,1,5
23222,1,5
23228,2,6
23233,1,5
23238,1,5
23244,2,6
23249,1,5
23254,1,5
23260,1,6
23265,1,5
23270,1,5
23276,1,6
23281,1,5
23286,1,5
23292,2,6
23297,1,5
23302,1,5
23308,2,6
23313,1,5
23318,1,5
23324,1,6
23330,2,6
23335,1,5
23341,2,6
23346,1,5
23352,2,6
23357,1,5
23362,1,5
23368,2,6
23373,1,5
23378,1,5
23384,1,6
23390,2,6
23395,1,5
23400,1,5
23406,1,6
23412,2,6
23417,1,5
23422,1,5
23428,1,6
23433,1,5
23439,2,6
23446,3,7
23449,1,3
23455,1,6
23460,1,5
23466,2,6
23471,1,5
23476,1,5
23482,2,6
23487,1,5
23492,1,5
23498,2,6
23503,1,5
23508,1,5
23514,2,6
23519,1,5
23525,2,6
23530,1,5
23535,1,5
23541,2,6
23546,1,5
23551,1,5
23557,2,6
23562,1,5
23567,1,5
23572,1,5
23578,1,6
23583,1,5
23588,1,5
23594,1,6
23599,1,5
23604,1,5
23610,2,6
23615,1,5
23620,1,5
23626,2,6
23631,1,5
23636,1,5
23642,2,6
23647,1,5
23652,1,5
23658,2,6
23663,1,5
23668,1,5
23673,1,5
23679,2,6
23684,1,5
23689,1,5
23695,2,6
23700,1,5
23705,1,5
23711,2,6
23716,1,5
23722,2,6
23726,1,4
23732,1,6
23737,1,5
23742,1,5
23748,1,6
23753,1,5
23758,1,5
23764,1,6
23769,1,5
23774,1,5
23780,2,6
23785,1,5
23790,1,5
23796,2,6
23801,1,5
23806,1,5
23812,2,6
23817,1,5
23822,1,5
23828,2,6
23833,1,5
23838,1,5
23844,2,6
23849,1,5
23854,1,5
23860,2,6
23865,1,5
23870,1,5
23876,2,6
23881,1,5
23886,1,5
23892,2,6
23897,1,5
23902,1,5
23908,2,6
23913,1,5
23918,1,5
23924,2,6
23929,1,5
23934,1,5
23939,1,5
23945,2,6
23950,1,5
23955,1,5
23961,2,6
23966,1,5
23971,1,5
23977,1,6
23982,1,5
23987,1,5
23993,1,6
23998,1,5
24003,1,5
24009,1,6
24014,1,5
24019,1,5
24025,1,6
24030,1,5
24036,2,6
24041,1,5
24046,1,5
24052,2,6
24057,1,5
24062,1,5
24067,1,5
24073,1,6
24079,1,6
24085,1,6
24090,1,5
24096,2,6
24101,1,5
24106,1,5
24111,1,5
24117,1,6
24122,1,5
24127,1,5
24133,1,6
24138,1,5
24143,1,5
24149,2,6
24154,1,5
24159,1,5
24164,1,5
24170,1,6
24175,1,5
24181,2,6
24186,1,5
24191,1,5
24197,2,6
24202,1,5
24207,1,5
24213,2,6
24218,1,5
24223,1,5
24228,1,5
24234,2,6
24239,1,5
24244,1,5
24250,2,6
24255,1,5
24260,1,5
24266,2,6
24271,1,5
24276,1,5
24281,1,5
24287,1,6
24292,1,5
24297,1,5
24303,2,6
24308,1,5
24313,1,5
24319,2,6
24324,1,5
24329,1,5
24334,1,5
24340,1,6
24345,1,5
24350,1,5
24356,2,6
24361,1,5
24366,1,5
24372,2,6
24377,1,5
24382,1,5
24388,2,6
24393,1,5
24398,1,5
24404,2,6
24409,1,5
24414,1,5
24420,2,6
24425,1,5
24430,1,5
24436,2,6
24441,1,5
24447,2,6
24452,2,5
24457,1,5
24462,1,5
24468,2,6
24473,1,5
24478,1,5
24484,2,6
24489,1,5
24494,1,5
24500,2,6
24505,1,5
24510,1,5
24516,2,6
24521,1,5
24526,1,5
24532,2,6
24537,1,5
24542,1,5
24548,2,6
24553,1,5
24558,1,5
24564,2,6
24569,1,5
24574,1,5
24580,2,6
24585,1,5
24590,1,5
24596,2,6
24601,1,5
24606,1,5
24612,2,6
24617,1,5
24622,1,5
24628,2,6
24633,1,5
24638,1,5
24643,1,5
24649,1,6
24654,1,5
24660,2,6
24665,1,5
24670,1,5
24676,2,6
24681,1,5
24686,1,5
24692,2,6
24697,1,5
24702,1,5
24708,1,6
24713,1,5
24718,1,5
24724,1,6
24729,1,5
24734,1,5
24740,1,6
24745,1,5
24750,1,5
24756,2,6
24761,1,5
24766,1,5
24772,2,6
24777,1,5
24782,1,5
24788,2,6
24793,1,5
24798,1,5
24803,1,5
24809,1,6
24814,1,5
24819,1,5
24825,2,6
24830,1,5
24835,1,5
24841,2,6
24846,1,5
24851,1,5
24856,1,5
24862,1,6
24867,1,5
24873,2,6
24878,1,5
24883,1,5
24889,2,6
24894,1,5
24899,1,5
24905,2,6
24910,1,5
24915,1,5
24920,1,5
24926,1,6
24931,1,5
24936,1,5
24942,1,6
24947,1,5
24952,1,5
24958,1,6
24963,1,5
24968,1,5
24974,2,6
24979,1,5
24984,1,5
24990,2,6
24995,1,5
25000,1,5
25006,2,6
25011,1,5
25016,1,5
25022,2,6
25027,1,5
25032,1,5
25038,2,6
25043,1,5
25048,1,5
25054,2,6
25059,2,5
25064,1,5
25069,1,5
25074,1,5
25080,1,6
25085,1,5
25091,2,6
25096,1,5
25101,1,5
25106,1,5
25112,1,6
25120,3,8
25123,1,3
25129,1,6
25134,1,5
25140,2,6
25145,1,5
25150,1,5
25156,2,6
25161,1,5
25166,1,5
25172,2,6
25177,1,5
25182,1,5
25188,2,6
25193,1,5
25198,1,5
25204,2,6
25209,1,5
25214,1,5
25219,1,5
25225,1,6
25230,1,5
25236,2,6
25241,1,5
25246,1,5
25251,1,5
25257,1,6
25262,1,5
25268,2,6
25273,1,5
25278,1,5
25284,2,6
25289,1,5
25294,1,5
25300,2,6
25305,1,5
25310,1,5
25316,2,6
25321,1,5
25326,1,5
25332,2,6
25337,1,5
25342,1,5
25348,2,6
25353,1,5
25358,1,5
25364,2,6
25369,1,5
25374,1,5
25380,2,6
25385,1,5
25390,1,5
25396,2,6
25401,1,5
25406,1,5
25411,1,5
25417,1,6
25422,1,5
25428,2,6
25433,1,5
25438,1,5
25444,2,6
25449,1,5
25454,1,5
25460,2,6
25465,1,5
25470,1,5
25476,2,6
25481,1,5
25486,1,5
25492,2,6
25497,1,5
25502,1,5
25508,2,6
25513,1,5
25518,1,5
25524,2,6
25529,1,5
25534,1,5
25540,2,6
25545,1,5
25550,1,5
25556,2,6
25561,1,5
25566,1,5
25572,2,6
25577,1,5
25582,1,5
25588,2,6
25593,1,5
25598,1,5
25604,2,6
25609,1,5
25614,1,5
25620,2,6
25625,1,5
25630,1,5
25636,2,6
25641,1,5
25646,1,5
25652,2,6
25657,1,5
25662,1,5
25668,2,6
25673,1,5
25678,1,5
25684,2,6
25689,1,5
25694,1,5
25700,2,6
25705,1,5
25710,1,5
25716,2,6
25721,1,5
25726,1,5
25732,2,6
25737,1,5
25742,1,5
25748,2,6
25753,1,5
25758,1,5
25764,2,6
25769,1,5
25774,1,5
25780,2,6
25785,1,5
25790,1,5
25796,2,6
25801,1,5
25806,1,5
25812,2,6
25817,1,5
25822,1,5
25828,2,6
25833,1,5
25838,1,5
25844,2,6
25849,1,5
25854,1,5
25860,2,6
25865,1,5
25870,1,5
25876,2,6
25881,1,5
25886,1,5
25892,2,6
25897,1,5
25903,1,6
25909,1,6
25914,1,5
25920,2,6
25925,1,5
25930,1,5
25936,2,6
25941,1,5
25946,1,5
25952,2,6
25957,1,5
25962,1,5
25968,2,6
25973,1,5
25978,1,5
25984,2,6
25989,1,5
25994,1,5
26000,2,6
26005,1,5
26010,1,5
26016,2,6
26021,1,5
26026,1,5
26032,2,6
26037,1,5
26042,1,5
26048,2,6
26053,1,5
26058,1,5
26063,1,5
26069,1,6
26074,1,5
26080,2,6
26085,1,5
26090,1,5
26096,2,6
26101,1,5
26106,1,5
26112,2,6
26117,1,5
26122,1,5
26128,2,6
26133,1,5
26138,1,5
26144,2,6
26149,1,5
26154,1,5
26160,2,6
26165,1,5
26170,1,5
26175,1,5
26181,1,6
26186,1,5
26191,1,5
26197,1,6
26202,1,5
26207,1,5
26213,1,6
26218,1,5
26224,2,6
26229,1,5
26234,1,5
26239,1,5
26245,1,6
26250,1,5
26255,1,5
26261,1,6
26266,1,5
26271,1,5
26277,1,6
26282,1,5
26288,2,6
26293,1,5
26298,1,5
26304,2,6
26309,1,5
26314,1,5
26320,2,6
26325,1,5
26330,1,5
26336,2,6
26341,1,5
26346,1,5
26352,2,6
26357,1,5
26362,1,5
26368,2,6
26373,1,5
26378,1,5
26383,1,5
26389,1,6
26394,1,5
26399,1,5
26405,1,6
26410,1,5
26416,2,6
26421,1,5
26426,1,5
26431,1,5
26437,1,6
26443,2,6
26448,1,5
26453,1,5
26460,2,7
26465,1,5
26470,1,5
26476,2,6
26481,1,5
26486,1,5
26492,2,6
26497,1,5
26502,1,5
26508,2,6
26513,1,5
26518,1,5
26523,1,5
26529,1,6
26534,1,5
26540,2,6
26545,1,5
26550,1,5
26555,1,5
26560,1,5
26565,0,5
26570,0,5
26576,1,6
26581,1,5
26586,1,5
26591,0,5
26596,0,5
26601,0,5
26607,1,6
26612,1,5
26617,1,5
26622,0,5
26627,0,5
26633,1,6
26638,1,5
26643,1,5
26648,0,5
26653,0,5
26659,1,6
26664,1,5
26669,1,5
26674,0,5
26679,0,5
26685,1,6
26690,1,5
26695,1,5
26700,0,5
26705,0,5
26710,0,5
26716,1,6
26721,1,5
26726,0,5
26731,0,5
26737,1,6
26742,1,5
26747,1,5
26752,0,5
26757,0,5
26763,1,6
26768,1,5
26773,1,5
26778,0,5
26783,0,5
26789,1,6
26794,1,5
26799,1,5
26804,0,5
26809,0,5
26815,1,6
26820,1,5
26825,1,5
26830,0,5
26835,0,5
26841,1,6
26846,1,5
26851,1,5
26856,0,5
26861,0,5
26866,0,5
26872,1,6
26877,1,5
26882,1,5
26887,0,5
26892,0,5
26897,0,5
26903,1,6
26908,1,5
26913,0,5
26918,0,5
26923,0,5
26929,1,6
26934,1,5
26939,1,5
26944,0,5
26949,0,5
26955,1,6
26960,1,5
26965,1,5
26970,0,5
26975,0,5
26980,0,5
26986,1,6
26991,1,5
26996,0,5
27001,0,5
27007,1,6
27012,1,5
27017,1,5
27022,0,5
27027,0,5
27033,1,6
27038,1,5
27043,1,5
27048,0,5
27053,0,5
27059,1,6
27064,1,5
27069,1,5
27074,0,5
27079,0,5
27084,0,5
27090,1,6
27095,1,5
27100,0,5
27105,0,5
27110,0,5
27116,1,6
27121,1,5
27126,1,5
27131,0,5
27136,0,5
27142,1,6
27147,1,5
27152,1,5
27157,0,5
27162,0,5
27168,1,6
27173,1,5
27178,1,5
27183,0,5
27188,0,5
27193,0,5
27199,1,6
27204,1,5
27209,1,5
27214,0,5
27219,0,5
27225,1,6
27230,1,5
27235,1,5
27240,0,5
27245,0,5
27250,0,5
27256,1,6
27261,1,5
27266,0,5
27271,0,5
27277,1,6
27282,1,5
27287,1,5
27292,1,5
27297,0,5
27302,0,5
27308,1,6
27313,1,5
27318,1,5
27323,0,5
27328,0,5
27334,1,6
27339,1,5
27344,1,5
27349,0,5
27354,0,5
27360,1,6
27365,1,5
27370,1,5
27375,0,5
27380,0,5
27386,1,6
27391,1,5
27397,0,6
27403,1,6
27408,1,5
27413,0,5
27418,0,5
27424,1,6
27429,1,5
27434,1,5
27439,0,5
27445,1,6
27450,1,5
27455,1,5
27460,1,5
27465,0,5
27471,1,6
27476,1,5
27481,1,5
27486,1,5
27491,0,5
27496,0,5
27502,1,6
27507,1,5
27512,1,5
27517,0,5
27522,0,5
27528,1,6
27533,1,5
27538,1,5
27543,1,5
27548,0,5
27554,1,6
27559,1,5
27565,1,6
27570,1,5
27575,1,5
27581,1,6
27586,1,5
27592,2,6
27597,2,5
27602,1,5
27608,2,6
27613,1,5
27618,1,5
27624,2,6
27629,1,5
27634,1,5
27639,1,5
27645,1,6
27650,1,5
27655,1,5
27661,2,6
27666,1,5
27671,1,5
27677,2,6
27682,1,5
27687,1,5
27693,2,6
27698,1,5
27703,1,5
27709,2,6
27714,1,5
27719,1,5
27725,2,6
27730,1,5
27735,1,5
27741,2,6
27746,1,5
27751,1,5
27756,1,5
27762,1,6
27767,1,5
27772,1,5
27778,2,6
27783,1,5
27788,1,5
27794,2,6
27799,1,5
27804,1,5
27809,1,5
27815,1,6
27820,1,5
27828,4,8
27832,3,4
27836,1,4
27841,1,5
27847,2,6
27852,1,5
27857,1,5
27862,1,5
27868,2,6
27873,1,5
27878,1,5
27884,2,6
27889,1,5
27894,1,5
27900,2,6
27905,1,5
27910,1,5
27915,1,5
27921,1,6
27926,1,5
27932,2,6
27937,1,5
27942,1,5
27948,2,6
27953,1,5
27958,1,5
27964,2,6
27969,1,5
27974,1,5
27980,2,6
27985,1,5
27990,1,5
27996,2,6
28001,1,5
28006,1,5
28012,2,6
28017,1,5
28022,1,5
28028,2,6
28033,1,5
28038,1,5
28044,2,6
28049,1,5
28054,1,5
28060,2,6
28065,1,5
28070,1,5
28076,2,6
28081,1,5
28086,1,5
28092,2,6
28097,1,5
28102,1,5
28108,2,6
28113,1,5
28118,1,5
28124,2,6
28129,1,5
28134,1,5
28140,2,6
28145,1,5
28150,1,5
28156,2,6
28161,1,5
28166,1,5
28172,2,6
28178,2,6
28182,1,4
28188,2,6
28193,1,5
28198,1,5
28204,2,6
28209,1,5
28214,1,5
28220,2,6
28225,1,5
28230,1,5
28236,2,6
28241,1,5
28246,1,5
28251,1,5
28257,1,6
28262,1,5
28267,1,5
28273,1,6
28278,1,5
28283,1,5
28289,1,6
28294,1,5
28301,3,7
28305,1,4
28310,1,5
28316,2,6
28321,1,5
28327,1,6
28332,1,5
28338,1,6
28343,1,5
28349,1,6
28354,1,5
28360,1,6
28365,1,5
28371,2,6
28376,1,5
28382,2,6
28387,1,5
28392,1,5
28398,1,6
28403,1,5
28408,1,5
28414,1,6
28419,1,5
28425,2,6
28430,1,5
28435,1,5
28441,2,6
28448,3,7
28452,2,4
28457,1,5
28462,1,5
28468,2,6
28473,1,5
28478,1,5
28484,1,6
28489,1,5
28494,1,5
28500,1,6
28505,1,5
28510,1,5
28516,1,6
28521,1,5
28526,1,5
28532,1,6
28537,1,5
28543,2,6
28548,1,5
28553,1,5
28558,1,5
28564,1,6
28569,1,5
28575,2,6
28580,1,5
28585,1,5
28590,1,5
28596,2,6
28601,1,5
28606,1,5
28612,2,6
28617,1,5
28622,1,5
28628,2,6
28633,1,5
28638,1,5
28643,1,5
28649,1,6
28654,1,5
28660,2,6
28665,1,5
28670,1,5
28676,2,6
28681,1,5
28686,1,5
28692,2,6
28697,1,5
28702,1,5
28708,1,6
28713,1,5
28719,1,6
28726,1,7
28732,2,6
28737,1,5
28742,1,5
28747,1,5
28753,1,6
28758,1,5
28764,2,6
28769,1,5
28774,1,5
28780,1,6
28785,1,5
28790,1,5
28796,2,6
28801,1,5
28806,1,5
28812,2,6
28817,1,5
28822,1,5
28827,1,5
28833,1,6
28842,3,9
28848,2,6
28853,1,5
28859,1,6
28864,1,5
28870,1,6
28875,1,5
28880,1,5
28886,1,6
28891,1,5
28897,2,6
28908,7,11
28909,3,1
28913,1,4
28918,1,5
28924,1,6
28929,1,5
28935,2,6
28940,1,5
28946,2,6
28951,1,5
28956,1,5
28962,1,6
28967,1,5
28972,1,5
28978,1,6
28983,1,5
28988,1,5
28994,1,6
28999,1,5
29004,1,5
29010,1,6
29015,1,5
29020,1,5
29026,2,6
29031,1,5
29036,1,5
29041,1,5
29047,1,6
29052,1,5
29058,2,6
29063,1,5
29068,1,5
29073,1,5
29079,2,6
29084,1,5
29089,1,5
29095,2,6
29100,1,5
29105,1,5
29111,1,6
29116,1,5
29121,1,5
29126,1,5
29132,1,6
29137,1,5
29143,1,6
29148,1,5
29153,1,5
29159,2,6
29164,1,5
29169,1,5
29175,2,6
29180,1,5
29186,2,6
29191,1,5
29196,1,5
29202,2,6
29207,1,5
29212,1,5
29217,1,5
29223,2,6
29228,1,5
29233,1,5
29239,1,6
29244,1,5
29250,1,6
29255,1,5
29261,1,6
29266,1,5
29272,1,6
29277,1,5
29283,1,6
29288,1,5
29294,1,6
29299,1,5
29305,1,6
29310,1,5
29316,1,6
29321,1,5
29327,1,6
29332,1,5
29338,1,6
29343,1,5
29349,1,6
29354,1,5
29360,1,6
29365,1,5
29371,1,6
29376,1,5
29382,1,6
29387,1,5
29393,1,6
29398,1,5
29405,1,7
29410,1,5
29416,1,6
29421,1,5
29427,1,6
29432,1,5
29438,1,6
29448,6,10
29450,2,2
29454,1,4
29459,1,5
29465,1,6
29470,1,5
29475,1,5
29481,1,6
29486,1,5
29491,1,5
29496,1,5
29502,1,6
29507,1,5
29513,1,6
29518,1,5
29523,1,5
29530,1,7
29536,2,6
29541,1,5
29546,1,5
29552,2,6
29557,1,5
29563,1,6
29569,2,6
29574,1,5
29580,2,6
29585,1,5
29590,1,5
29596,2,6
29601,1,5
29606,1,5
29612,2,6
29617,1,5
29622,1,5
29627,1,5
29633,2,6
29638,1,5
29643,1,5
29649,2,6
29654,1,5
29659,1,5
29665,2,6
29670,1,5
29675,1,5
29681,1,6
29686,1,5
29692,2,6
29697,1,5
29702,1,5
29708,2,6
29713,1,5
29718,1,5
29723,1,5
29729,1,6
29734,1,5
29739,1,5
29744,0,5
29749,0,5
29755,1,6
29760,1,5
29765,1,5
29770,0,5
29775,0,5
29780,0,5
29786,1,6
29791,1,5
29797,1,6
29802,1,5
29808,2,6
29813,1,5
29818,1,5
29823,1,5
29829,1,6
29834,1,5
29839,1,5
29845,2,6
29850,1,5
29855,1,5
29861,2,6
29866,1,5
29871,1,5
29876,1,5
29882,1,6
29887,1,5
29893,2,6
29898,1,5
29903,1,5
29908,1,5
29914,1,6
29919,1,5
29924,1,5
29930,1,6
29935,1,5
29940,1,5
29946,2,6
29951,1,5
29956,1,5
29962,2,6
29967,1,5
29972,1,5
29977,1,5
29983,1,6
29988,1,5
29993,1,5
29999,1,6
30004,1,5
30009,1,5
30015,2,6
30020,1,5
30025,1,5
30030,1,5
30036,1,6
30041,1,5
30047,2,6
30052,1,5
30057,1,5
30062,1,5
30068,1,6
30073,1,5
30078,1,5
30084,1,6
30089,1,5
30094,1,5
30100,2,6
30105,1,5
30110,1,5
30115,1,5
30121,1,6
30126,1,5
30131,1,5
30139,3,8
30146,5,7
30147,1,1
30153,1,6
30158,1,5
30164,1,6
30169,1,5
30175,1,6
30180,1,5
30186,1,6
30191,1,5
30197,2,6
30202,1,5
30208,2,6
30213,1,5
30218,1,5
30225,3,7
30229,1,4
30234,1,5
30240,2,6
30245,1,5
30250,1,5
30256,2,6
30261,1,5
30266,1,5
30272,2,6
30277,1,5
30282,1,5
30288,2,6
30293,1,5
30298,1,5
30304,2,6
30309,1,5
30314,1,5
30320,2,6
30328,4,8
30331,2,3
30336,1,5
30341,1,5
30347,2,6
30352,1,5
30357,1,5
30362,1,5
30368,1,6
30373,1,5
30378,1,5
30384,2,6
30389,1,5
30394,1,5
30400,2,6
30405,1,5
30410,1,5
30416,2,6
30421,1,5
30426,1,5
30431,1,5
30437,1,6
30442,1,5
30448,2,6
30453,1,5
30458,1,5
30463,1,5
30469,1,6
30474,1,5
30480,2,6
30485,1,5
30490,1,5
30496,2,6
30501,1,5
30507,1,6
30513,1,6
30519,1,6
30524,1,5
30530,2,6
30535,1,5
30540,1,5
30546,1,6
30551,1,5
30556,1,5
30562,1,6
30567,1,5
30572,1,5
30578,1,6
30583,1,5
30588,1,5
30594,2,6
30599,1,5
30604,1,5
30609,1,5
30615,1,6
30620,1,5
30625,1,5
30631,2,6
30636,1,5
30641,1,5
30646,1,5
30652,1,6
30657,1,5
30662,1,5
30667,1,5
30673,1,6
30678,1,5
30683,1,5
30689,1,6
30694,1,5
30699,1,5
30705,1,6
30710,1,5
30718,4,8
30721,2,3
30726,1,5
30731,1,5
30737,2,6
30742,1,5
30747,1,5
30753,2,6
30758,1,5
30763,1,5
30768,1,5
30774,1,6
30779,1,5
30784,1,5
30790,1,6
30795,1,5
30800,1,5
30806,2,6
30811,1,5
30816,1,5
30821,1,5
30827,1,6
30832,1,5
30837,1,5
30843,2,6
30848,1,5
30853,1,5
30859,2,6
30864,1,5
30869,1,5
30874,1,5
30880,1,6
30885,1,5
30890,1,5
30896,2,6
30901,1,5
30906,1,5
30912,2,6
30917,1,5
30922,1,5
30928,2,6
30933,1,5
30938,1,5
30944,2,6
30949,1,5
30954,1,5
30960,2,6
30965,1,5
30970,1,5
30975,1,5
30981,1,6
30986,1,5
30991,1,5
30997,1,6
31002,1,5
31007,1,5
31013,1,6
31018,1,5
31023,1,5
31029,1,6
31034,1,5
31039,1,5
31045,1,6
31050,1,5
31055,1,5
31061,1,6
31066,1,5
31071,1,5
31077,2,6
31082,1,5
31087,1,5
31093,2,6
31098,1,5
31103,1,5
31108,1,5
31114,1,6
31119,1,5
31125,2,6
31130,1,5
31135,1,5
31141,2,6
31146,1,5
31151,1,5
31156,1,5
31162,1,6
31167,1,5
31172,1,5
31178,1,6
31183,1,5
31188,1,5
31194,1,6
31199,1,5
31205,1,6
31210,1,5
31216,1,6
31221,1,5
31227,2,6
31232,1,5
31238,2,6
31243,1,5
31248,1,5
31254,1,6
31259,1,5
31264,1,5
31270,2,6
31275,1,5
31280,1,5
31286,2,6
31291,1,5
31296,1,5
31301,1,5
31307,2,6
31312,1,5
31317,1,5
31323,2,6
31328,1,5
31333,1,5
31339,2,6
31344,1,5
31349,1,5
31354,1,5
31360,1,6
31365,1,5
31370,1,5
31376,2,6
31381,1,5
31386,1,5
31392,2,6
31397,1,5
31402,1,5
31408,2,6
31413,1,5
31418,1,5
31424,2,6
31429,1,5
31434,1,5
31440,2,6
31447,3,7
31450,1,3
31456,2,6
31461,1,5
31466,1,5
31471,1,5
31477,1,6
31482,1,5
31487,1,5
31493,1,6
31498,1,5
31503,1,5
31509,1,6
31514,1,5
31519,1,5
31525,2,6
31530,1,5
31535,1,5
31541,2,6
31546,1,5
31551,1,5
31556,1,5
31562,1,6
31567,1,5
31573,1,6
31578,1,5
31583,1,5
31589,1,6
31595,2,6
31600,1,5
31606,2,6
31611,1,5
31616,1,5
31622,1,6
31628,2,6
31633,1,5
31638,1,5
31643,1,5
31649,1,6
31654,1,5
31659,1,5
31665,1,6
31670,1,5
31675,1,5
31681,1,6
31686,1,5
31691,1,5
31696,0,5
31702,1,6
31707,1,5
31713,2,6
31718,1,5
31723,1,5
31728,1,5
31734,1,6
31739,1,5
31744,1,5
31750,1,6
31755,1,5
31760,1,5
31766,1,6
31771,1,5
31776,1,5
31782,1,6
31787,1,5
31792,1,5
31798,1,6
31803,1,5
31808,1,5
31814,1,6
31819,1,5
31824,1,5
31830,1,6
31835,1,5
31840,1,5
31846,1,6
31851,1,5
31856,1,5
31862,1,6
31867,1,5
31872,1,5
31877,1,5
31883,1,6
31888,1,5
31893,1,5
31899,1,6
31904,1,5
31909,1,5
31914,1,5
31920,1,6
31925,1,5
31930,1,5
31936,1,6
31941,1,5
31946,1,5
31952,2,6
31957,1,5
31962,1,5
31968,2,6
31973,1,5
31978,1,5
31983,1,5
31989,1,6
31994,1,5
31999,1,5
32005,1,6
32010,1,5
32016,2,6
32021,1,5
32026,1,5
32031,1,5
32036,0,5
32042,1,6
32047,1,5
32053,1,6
32058,1,5
32063,1,5
32069,1,6
32074,1,5
32079,1,5
32084,1,5
32090,1,6
32095,1,5
32100,1,5
32105,1,5
32111,1,6
32116,1,5
32121,1,5
32126,1,5
32132,1,6
32137,1,5
32142,1,5
32147,1,5
32152,0,5
32158,1,6
32163,1,5
32168,1,5
32174,1,6
32179,1,5
32184,1,5
32189,1,5
32195,1,6
32200,1,5
32205,1,5
32211,1,6
32216,1,5
32221,1,5
32227,2,6
32232,1,5
32237,1,5
32243,2,6
32248,1,5
32253,1,5
32258,1,5
32264,2,6
32269,1,5
32274,1,5
32279,1,5
32285,2,6
32290,1,5
32295,1,5
32301,2,6
32306,1,5
32311,1,5
32317,2,6
32322,1,5
32327,1,5
32332,1,5
32338,1,6
32343,1,5
32348,1,5
32354,2,6
32359,1,5
32364,1,5
32369,1,5
32375,2,6
32381,1,6
32386,1,5
32392,1,6
32397,1,5
32403,1,6
32408,1,5
32414,1,6
32419,1,5
32425,1,6
32430,1,5
32435,1,5
32441,1,6
32450,5,9
32452,1,2
32457,1,5
32462,1,5
32468,2,6
32473,1,5
32478,1,5
32484,2,6
32489,1,5
32494,1,5
32499,1,5
32505,1,6
32510,1,5
32515,1,5
32521,1,6
32526,1,5
32531,1,5
32536,1,5
32542,1,6
32547,1,5
32552,1,5
32558,1,6
32563,1,5
32568,1,5
32573,1,5
32579,1,6
32584,1,5
32589,1,5
32594,1,5
32600,1,6
32605,1,5
32610,1,5
32616,1,6
32621,1,5
32626,1,5
32631,1,5
32637,1,6
32642,1,5
32647,1,5
32653,1,6
32658,1,5
32663,1,5
32669,2,6
32674,1,5
32679,1,5
32684,1,5
32690,1,6
32695,1,5
32700,1,5
32706,1,6
32711,1,5
32716,1,5
32722,2,6
32727,1,5
32732,1,5
32738,2,6
32743,1,5
32748,1,5
32754,2,6
32759,1,5
32764,1,5
32769,1,5
32775,1,6
32780,1,5
32785,1,5
32791,2,6
32796,1,5
32801,1,5
32806,1,5
32812,1,6
32817,1,5
32822,1,5
32830,4,8
32833,1,3
32838,1,5
32843,1,5
32849,1,6
32854,1,5
32859,1,5
32865,2,6
32870,1,5
32875,1,5
32880,1,5
32886,1,6
32891,1,5
32896,1,5
32902,2,6
32907,1,5
32912,1,5
32918,2,6
32923,1,5
32928,1,5
32933,1,5
32939,1,6
32944,1,5
32949,1,5
32955,2,6
32960,1,5
32965,1,5
32971,2,6
32976,1,5
32981,1,5
32986,1,5
32992,1,6
32997,1,5
33002,1,5
33008,2,6
33013,1,5
33018,1,5
33024,2,6
33029,1,5
33034,1,5
33039,1,5
33045,1,6
33050,1,5
33055,1,5
33061,1,6
33066,1,5
33071,1,5
33077,2,6
33082,1,5
33087,1,5
33093,2,6
33098,1,5
33103,1,5
33109,2,6
33114,1,5
33119,1,5
33125,2,6
33139,10,14
33140,6,1
33141,2,1
33146,1,5
33151,1,5
33156,1,5
33162,1,6
33167,1,5
33172,1,5
33178,2,6
33183,1,5
33188,1,5
33194,2,6
33199,1,5
33204,1,5
33209,1,5
33215,1,6
33220,1,5
33225,1,5
33231,2,6
33236,1,5
33241,1,5
33247,2,6
33252,1,5
33257,1,5
33262,1,5
33268,1,6
33273,1,5
33278,1,5
33284,2,6
33289,1,5
33294,1,5
33299,1,5
33305,1,6
33310,1,5
33315,1,5
33321,1,6
33326,1,5
33331,1,5
33337,1,6
33342,1,5
33347,1,5
33353,1,6
33358,1,5
33364,2,6
33369,1,5
33374,1,5
33380,1,6
33385,1,5
33391,1,6
33396,1,5
33402,2,6
33407,1,5
33412,1,5
33418,1,6
33423,1,5
33429,1,6
33434,1,5
33440,1,6
33445,1,5
33451,1,6
33456,1,5
33462,1,6
33467,1,5
33473,1,6
33478,1,5
33484,2,6
33489,1,5
33494,1,5
33499,1,5
33505,1,6
33510,1,5
33516,2,6
33521,1,5
33526,1,5
33532,2,6
33537,1,5
33542,1,5
33547,1,5
33553,1,6
33558,1,5
33564,2,6
33569,1,5
33574,1,5
33579,1,5
33585,2,6
33590,1,5
33595,1,5
33601,2,6
33606,1,5
33611,1,5
33616,1,5
33622,1,6
33627,1,5
33632,1,5
33638,1,6
33643,1,5
33648,1,5
33654,2,6
33659,1,5
33664,1,5
33670,2,6
33675,2,5
33680,1,5
33685,1,5
33691,2,6
33696,1,5
33701,1,5
33706,1,5
33712,2,6
33717,1,5
33723,2,6
33728,2,5
33733,1,5
33738,1,5
33744,2,6
33749,1,5
33754,1,5
33760,2,6
33765,1,5
33770,1,5
33776,2,6
33781,2,5
33786,1,5
33791,1,5
33797,2,6
33802,1,5
33807,1,5
33813,2,6
33818,1,5
33823,1,5
33829,2,6
33834,1,5
33839,1,5
33845,2,6
33850,1,5
33855,1,5
33861,2,6
33866,1,5
33871,1,5
33877,2,6
33882,1,5
33887,1,5
33892,1,5
33898,1,6
33903,1,5
33909,2,6
33915,2,6
33919,1,4
33925,2,6
33930,1,5
33935,1,5
33940,1,5
33946,1,6
33951,1,5
33956,1,5
33962,2,6
33967,1,5
33972,1,5
33977,1,5
33982,1,5
33988,1,6
33993,1,5
33998,1,5
34004,2,6
34009,1,5
34014,1,5
34019,1,5
34025,1,6
34030,1,5
34035,1,5
34041,1,6
34046,1,5
34051,1,5
34057,1,6
34062,1,5
34067,1,5
34073,2,6
34078,1,5
34086,4,8
34089,2,3
34094,1,5
34099,1,5
34104,1,5
34110,1,6
34115,1,5
34121,2,6
34126,1,5
34131,1,5
34137,2,6
34142,1,5
34147,1,5
34153,2,6
34158,1,5
34163,1,5
34169,2,6
34174,1,5
34179,1,5
34184,1,5
34190,1,6
34195,1,5
34200,1,5
34206,1,6
34211,1,5
34217,2,6
34222,1,5
34227,1,5
34232,1,5
34238,2,6
34243,1,5
34248,1,5
34254,2,6
34259,1,5
34264,1,5
34269,1,5
34275,1,6
34280,1,5
34285,1,5
34291,2,6
34296,1,5
34301,1,5
34307,2,6
34312,1,5
34317,1,5
34322,1,5
34328,1,6
34333,1,5
34338,1,5
34343,1,5
34349,1,6
34354,1,5
34359,1,5
34365,1,6
34370,1,5
34375,1,5
34381,1,6
34387,1,6
34393,1,6
34398,1,5
34403,1,5
34409,1,6
34414,1,5
34420,2,6
34425,1,5
34430,1,5
34436,2,6
34441,1,5
34446,1,5
34452,1,6
34457,1,5
34462,1,5
34468,2,6
34473,1,5
34478,1,5
34483,1,5
34489,1,6
34494,1,5
34499,1,5
34505,2,6
34510,1,5
34515,1,5
34521,2,6
34526,1,5
34531,1,5
34536,1,5
34542,2,6
34547,1,5
34552,1,5
34558,2,6
34563,1,5
34568,1,5
34574,2,6
34579,1,5
34584,1,5
34590,2,6
34595,2,5
34600,1,5
34605,1,5
34611,2,6
34616,1,5
34621,1,5
34627,2,6
34632,1,5
34637,1,5
34642,1,5
34648,2,6
34653,1,5
34658,1,5
34664,2,6
34669,1,5
34674,1,5
34680,2,6
34685,1,5
34690,1,5
34695,1,5
34701,1,6
34706,1,5
34712,2,6
34717,1,5
34722,1,5
34728,2,6
34733,1,5
34738,1,5
34743,1,5
34749,2,6
34754,1,5
34759,1,5
34765,2,6
34770,1,5
34775,1,5
34781,2,6
34786,1,5
34791,1,5
34797,2,6
34802,1,5
34807,1,5
34812,1,5
34818,1,6
34823,1,5
34828,1,5
34833,1,5
34839,1,6
34844,1,5
34849,1,5
34855,1,6
34860,1,5
34866,2,6
34871,2,5
34876,1,5
34881,1,5
34887,2,6
34892,1,5
34897,1,5
34902,1,5
34908,2,6
34913,1,5
34918,1,5
34924,2,6
34929,1,5
34934,1,5
34940,2,6
34945,1,5
34950,1,5
34955,1,5
34961,1,6
34966,1,5
34971,1,5
34977,2,6
34982,1,5
34987,1,5
34993,2,6
34998,1,5
35003,1,5
35008,1,5
35026,13,18
35034,1,8
35040,2,6
35045,1,5
35051,2,6
35056,1,5
35062,1,6
35067,1,5
35073,1,6
35078,1,5
35084,1,6
35090,2,6
35095,1,5
35101,2,6
35106,1,5
35111,1,5
35117,1,6
35122,1,5
35128,1,6
35133,1,5
35139,1,6
35144,1,5
35150,1,6
35155,1,5
35163,3,8
35168,3,5
35172,2,4
35177,1,5
35182,1,5
35188,2,6
35193,1,5
35198,1,5
35203,1,5
35209,1,6
35214,1,5
35219,1,5
35225,1,6
35230,1,5
35236,1,6
35241,1,5
35247,1,6
35252,1,5
35258,1,6
35263,1,5
35269,1,6
35274,1,5
35280,1,6
35285,1,5
35291,1,6
35296,1,5
35302,1,6
35307,1,5
35313,1,6
35318,1,5
35324,1,6
35330,2,6
35335,1,5
35341,1,6
35347,1,6
35353,1,6
35359,1,6
35364,1,5
35370,2,6
35375,1,5
35380,1,5
35386,2,6
35391,1,5
35396,1,5
35402,2,6
35407,1,5
35412,1,5
35417,1,5
35423,2,6
35428,1,5
35433,1,5
35438,1,5
35446,3,8
35449,1,3
35454,1,5
35460,2,6
35465,1,5
35470,1,5
35476,2,6
35481,1,5
35486,1,5
35491,1,5
35497,1,6
35502,1,5
35507,1,5
35513,2,6
35518,1,5
35523,1,5
35529,2,6
35534,1,5
35539,1,5
35544,1,5
35550,1,6
35555,1,5
35560,1,5
35566,1,6
35571,1,5
35576,1,5
35582,2,6
35587,1,5
35592,1,5
35598,2,6
35603,1,5
35608,1,5
35613,1,5
35619,1,6
35624,1,5
35629,1,5
35635,2,6
35640,1,5
35645,1,5
35651,2,6
35656,1,5
35661,1,5
35667,2,6
35672,1,5
35677,1,5
35682,1,5
35688,2,6
35693,1,5
35699,2,6
35704,2,5
35709,1,5
35714,1,5
35720,2,6
35725,1,5
35730,1,5
35736,2,6
35741,1,5
35746,1,5
35752,2,6
35757,1,5
35762,1,5
35767,1,5
35773,1,6
35778,1,5
35784,2,6
35789,1,5
35794,1,5
35799,1,5
35805,1,6
35810,1,5
35815,1,5
35821,1,6
35826,1,5
35831,1,5
35837,1,6
35842,1,5
35847,1,5
35853,1,6
35858,1,5
35863,1,5
35869,2,6
35874,1,5
35879,1,5
35884,1,5
35890,1,6
35895,1,5
35900,1,5
35906,1,6
35911,1,5
35916,1,5
35922,2,6
35927,1,5
35932,1,5
35938,2,6
35943,1,5
35948,1,5
35953,1,5
35959,1,6
35964,1,5
35969,1,5
35975,2,6
35980,1,5
35985,1,5
35990,1,5
35996,1,6
36001,1,5
36006,1,5
36012,2,6
36017,1,5
36022,1,5
36028,2,6
36033,1,5
36038,1,5
36044,2,6
36049,1,5
36054,1,5
36059,1,5
36065,1,6
36070,1,5
36075,1,5
36081,1,6
36086,1,5
36091,1,5
36097,1,6
36102,1,5
36107,1,5
36113,1,6
36119,2,6
36124,1,5
36129,1,5
36134,1,5
36140,1,6
36145,1,5
36150,1,5
36156,2,6
36161,1,5
36166,1,5
36172,2,6
36177,1,5
36182,1,5
36188,2,6
36193,1,5
36198,1,5
36203,1,5
36209,2,6
36214,1,5
36219,1,5
36224,1,5
36230,1,6
36235,1,5
36240,1,5
36246,2,6
36251,1,5
36256,1,5
36262,2,6
36267,1,5
36272,1,5
36277,1,5
36283,2,6
36288,1,5
36293,1,5
36298,1,5
36304,1,6
36309,1,5
36314,1,5
36320,2,6
36325,1,5
36330,1,5
36335,1,5
36341,1,6
36346,1,5
36352,2,6
36357,1,5
36362,1,5
36367,1,5
36373,2,6
36378,1,5
36383,1,5
36389,2,6
36394,1,5
36399,1,5
36405,2,6
36410,1,5
36415,1,5
36420,1,5
36426,2,6
36431,1,5
36436,1,5
36441,1,5
36454,9,13
36455,4,1
36457,1,2
36462,1,5
36468,1,6
36473,1,5
36478,1,5
36484,2,6
36489,1,5
36494,1,5
36500,2,6
36505,1,5
36510,1,5
36516,2,6
36521,1,5
36526,1,5
36532,1,6
36538,2,6
36543,1,5
36548,1,5
36554,2,6
36559,2,5
36564,1,5
36569,1,5
36574,1,5
36579,1,5
36585,1,6
36590,1,5
36596,2,6
36601,2,5
36606,1,5
36611,1,5
36616,1,5
36622,2,6
36627,1,5
36632,1,5
36638,2,6
36643,1,5
36648,1,5
36654,2,6
36659,1,5
36664,1,5
36669,1,5
36675,2,6
36680,1,5
36685,1,5
36691,2,6
36696,1,5
36701,1,5
36707,2,6
36712,1,5
36717,1,5
36722,1,5
36728,2,6
36733,1,5
36738,1,5
36744,2,6
36749,1,5
36754,1,5
36759,1,5
36765,1,6
36770,1,5
36775,1,5
36781,1,6
36786,1,5
36791,1,5
36797,2,6
36802,1,5
36807,1,5
36812,1,5
36818,1,6
36823,1,5
36828,1,5
36834,1,6
36839,1,5
36844,1,5
36850,1,6
36855,1,5
36860,1,5
36866,2,6
36871,1,5
36876,1,5
36881,1,5
36887,1,6
36892,1,5
36897,1,5
36903,2,6
36908,1,5
36913,1,5
36918,1,5
36924,1,6
36929,1,5
36934,1,5
36940,2,6
36945,1,5
36950,1,5
36955,1,5
36961,1,6
36966,1,5
36971,1,5
36977,2,6
36982,1,5
36987,1,5
36992,1,5
36998,1,6
37003,1,5
37008,1,5
37014,1,6
37020,1,6
37026,1,6
37032,1,6
37038,1,6
37043,1,5
37048,1,5
37054,1,6
37059,1,5
37064,1,5
37070,1,6
37075,1,5
37080,1,5
37086,2,6
37091,1,5
37096,1,5
37101,1,5
37107,1,6
37112,1,5
37117,1,5
37123,2,6
37128,1,5
37133,1,5
37138,1,5
37144,1,6
37150,2,6
37154,1,4
37160,2,6
37165,1,5
37170,1,5
37176,2,6
37181,1,5
37186,1,5
37191,1,5
37197,2,6
37202,1,5
37207,1,5
37212,1,5
37218,1,6
37223,1,5
37228,1,5
37234,1,6
37239,1,5
37244,1,5
37250,1,6
37255,1,5
37260,1,5
37266,2,6
37271,1,5
37276,1,5
37282,2,6
37287,1,5
37292,1,5
37297,1,5
37303,1,6
37308,1,5
37313,1,5
37319,2,6
37324,1,5
37329,1,5
37335,2,6
37340,1,5
37345,1,5
37350,1,5
37356,1,6
37361,1,5
37367,1,6
37372,1,5
37378,2,6
37383,1,5
37388,1,5
37393,1,5
37399,1,6
37404,1,5
37410,2,6
37415,1,5
37420,1,5
37426,2,6
37431,1,5
37436,1,5
37443,3,7
37449,4,6
37452,1,3
37457,1,5
37462,1,5
37468,1,6
37473,1,5
37479,2,6
37484,2,5
37489,1,5
37494,1,5
37500,2,6
37505,1,5
37510,1,5
37515,1,5
37521,1,6
37526,1,5
37531,1,5
37537,1,6
37542,1,5
37547,1,5
37553,2,6
37558,1,5
37563,1,5
37569,1,6
37574,1,5
37579,1,5
37585,1,6
37590,1,5
37595,1,5
37601,2,6
37606,1,5
37611,1,5
37616,1,5
37622,1,6
37627,1,5
37632,1,5
37638,1,6
37644,1,6
37650,1,6
37656,1,6
37663,2,7
37669,1,6
37675,1,6
37681,1,6
37687,1,6
37693,1,6
37699,1,6
37705,1,6
37711,1,6
37717,1,6
37723,1,6
37729,1,6
37734,1,5
37739,1,5
37745,1,6
37750,1,5
37755,1,5
37761,2,6
37766,1,5
37771,1,5
37777,2,6
37782,1,5
37787,1,5
37792,1,5
37798,1,6
37803,1,5
37809,2,6
37814,1,5
37819,1,5
37827,3,8
37830,1,3
37836,2,6
37841,1,5
37846,1,5
37851,1,5
37857,1,6
37862,1,5
37867,1,5
37873,1,6
37878,1,5
37884,2,6
37889,2,5
37894,1,5
37899,1,5
37905,2,6
37910,1,5
37915,1,5
37921,2,6
37926,1,5
37931,1,5
37937,2,6
37942,1,5
37947,1,5
37953,2,6
37958,2,5
37963,1,5
37968,1,5
37974,2,6
37979,1,5
37984,1,5
37990,2,6
37995,1,5
38000,1,5
38005,1,5
38011,2,6
38016,1,5
38021,1,5
38027,2,6
38032,1,5
38037,1,5
38042,1,5
38048,1,6
38053,1,5
38058,1,5
38064,2,6
38069,1,5
38074,1,5
38080,2,6
38085,1,5
38090,1,5
38095,1,5
38101,1,6
38106,1,5
38111,1,5
38117,1,6
38122,1,5
38127,1,5
38133,2,6
38138,1,5
38143,1,5
38149,2,6
38154,1,5
38159,1,5
38165,2,6
38170,1,5
38175,1,5
38180,1,5
38186,1,6
38191,1,5
38196,1,5
38201,1,5
38207,1,6
38212,1,5
38217,1,5
38223,1,6
38228,1,5
38233,1,5
38238,1,5
38244,1,6
38249,1,5
38254,1,5
38260,1,6
38265,1,5
38270,1,5
38275,1,5
38281,1,6
38286,1,5
38291,1,5
38296,0,5
38302,1,6
38307,1,5
38313,2,6
38318,1,5
38323,1,5
38328,1,5
38334,1,6
38339,1,5
38344,1,5
38350,1,6
38355,1,5
38360,1,5
38366,2,6
38371,1,5
38376,1,5
38381,1,5
38387,1,6
38392,1,5
38397,1,5
38403,2,6
38408,1,5
38413,1,5
38418,1,5
38424,2,6
38429,1,5
38434,1,5
38440,2,6
38450,6,10
38451,2,1
38455,1,4
38461,1,6
38466,1,5
38471,1,5
38477,2,6
38482,1,5
38487,1,5
38492,1,5
38498,2,6
38503,1,5
38508,1,5
38514,2,6
38519,1,5
38524,1,5
38530,2,6
38535,1,5
38540,1,5
38545,1,5
38551,2,6
38556,1,5
38561,1,5
38566,1,5
38572,1,6
38577,1,5
38582,1,5
38588,2,6
38593,1,5
38598,1,5
38603,1,5
38609,2,6
38614,1,5
38619,1,5
38624,1,5
38630,1,6
38635,1,5
38640,1,5
38646,2,6
38651,1,5
38656,1,5
38662,2,6
38667,1,5
38672,1,5
38677,1,5
38683,2,6
38688,1,5
38693,1,5
38699,2,6
38704,1,5
38709,1,5
38715,2,6
38720,1,5
38725,1,5
38731,2,6
38736,1,5
38741,1,5
38746,1,5
38752,1,6
38757,1,5
38762,1,5
38768,2,6
38773,1,5
38778,1,5
38784,1,6
38789,1,5
38794,1,5
38800,1,6
38805,1,5
38811,2,6
38816,1,5
38821,1,5
38826,1,5
38832,2,6
38837,1,5
38842,1,5
38848,2,6
38853,1,5
38858,1,5
38864,2,6
38869,1,5
38874,1,5
38880,2,6
38885,1,5
38890,1,5
38895,1,5
38901,1,6
38906,1,5
38911,1,5
38917,2,6
38922,1,5
38927,1,5
38932,1,5
38938,1,6
38943,1,5
38948,1,5
38954,2,6
38959,1,5
38964,1,5
38970,2,6
38975,1,5
38980,1,5
38985,1,5
38991,2,6
38996,1,5
39001,1,5
39007,2,6
39012,1,5
39017,1,5
39022,1,5
39028,1,6
39033,1,5
39038,1,5
39044,2,6
39049,1,5
39054,1,5
39059,1,5
39064,1,5
39069,1,5
39074,0,5
39079,0,5
39085,1,6
39090,1,5
39095,1,5
39100,1,5
39105,1,5
39110,0,5
39115,0,5
39120,0,5
39126,1,6
39131,1,5
39136,1,5
39141,0,5
39146,0,5
39151,0,5
39157,1,6
39162,1,5
39167,1,5
39172,0,5
39177,0,5
39182,0,5
39188,1,6
39193,1,5
39198,1,5
39203,0,5
39208,0,5
39214,1,6
39219,1,5
39224,1,5
39229,0,5
39234,0,5
39240,1,6
39245,1,5
39250,1,5
39255,0,5
39260,0,5
39265,0,5
39270,0,5
39276,1,6
39281,1,5
39286,0,5
39291,0,5
39296,0,5
39301,0,5
39307,1,6
39312,1,5
39317,0,5
39322,0,5
39328,1,6
39333,1,5
39338,1,5
39343,0,5
39348,0,5
39354,1,6
39359,1,5
39364,1,5
39369,0,5
39374,0,5
39380,1,6
39385,1,5
39390,1,5
39395,0,5
39400,0,5
39405,0,5
39411,1,6
39416,1,5
39421,1,5
39426,0,5
39431,0,5
39436,0,5
39444,2,8
39450,3,6
39452,0,2
39458,1,6
39463,1,5
39468,1,5
39473,1,5
39478,0,5
39483,0,5
39488,0,5
39494,1,6
39499,1,5
39504,1,5
39509,0,5
39514,0,5
39520,1,6
39525,1,5
39530,1,5
39535,1,5
39540,0,5
39545,0,5
39550,0,5
39556,1,6
39561,1,5
39566,1,5
39571,0,5
39576,0,5
39581,0,5
39587,1,6
39592,1,5
39597,1,5
39602,0,5
39607,0,5
39613,1,6
39618,1,5
39623,1,5
39628,0,5
39633,0,5
39638,0,5
39643,0,5
39649,1,6
39654,1,5
39659,1,5
39664,0,5
39669,0,5
39675,1,6
39680,1,5
39685,1,5
39690,1,5
39695,0,5
39700,0,5
39705,0,5
39711,1,6
39716,1,5
39721,0,5
39726,0,5
39731,0,5
39737,1,6
39742,1,5
39747,1,5
39752,0,5
39757,0,5
39762,0,5
39768,1,6
39773,1,5
39778,1,5
39783,0,5
39788,0,5
39794,1,6
39799,1,5
39804,1,5
39809,0,5
39814,0,5
39819,0,5
39825,1,6
39830,1,5
39835,1,5
39840,0,5
39845,0,5
39850,0,5
39856,1,6
39861,1,5
39866,1,5
39871,1,5
39876,0,5
39882,1,6
39887,1,5
39892,1,5
39897,1,5
39902,0,5
39908,1,6
39913,1,5
39918,1,5
39923,1,5
39928,0,5
39933,0,5
39939,1,6
39944,1,5
39949,1,5
39954,0,5
39959,0,5
39965,1,6
39970,1,5
39975,1,5
39980,0,5
39985,0,5
39990,0,5
39996,1,6
40001,1,5
40006,1,5
40011,0,5
40016,0,5
40022,1,6
40027,1,5
40032,1,5
40037,0,5
40042,0,5
40048,1,6
40053,1,5
40058,1,5
40063,0,5
40068,0,5
40073,0,5
40079,1,6
40084,1,5
40089,0,5
40094,0,5
40099,0,5
40105,1,6
40110,1,5
40115,1,5
40120,0,5
40125,0,5
40130,0,5
40136,1,6
40141,1,5
40146,1,5
40151,1,5
40156,0,5
40161,0,5
40167,1,6
40172,1,5
40177,1,5
40183,2,6
40187,0,4
40192,0,5
40197,0,5
40202,0,5
40208,1,6
40213,1,5
40218,1,5
40223,0,5
40228,0,5
40233,0,5
40238,0,5
40244,1,6
40249,1,5
40254,1,5
40259,1,5
40264,0,5
40269,0,5
40274,0,5
40279,0,5
40285,1,6
40290,1,5
40295,1,5
40300,0,5
40305,0,5
40310,0,5
40315,0,5
40321,1,6
40329,4,8
40331,1,2
40336,1,5
40341,0,5
40346,0,5
40352,1,6
40357,1,5
40362,1,5
40367,0,5
40372,0,5
40378,1,6
40383,1,5
40388,1,5
40393,0,5
40398,0,5
40404,1,6
40409,1,5
40414,1,5
40419,0,5
40424,0,5
40430,1,6
40435,1,5
40440,1,5
40445,0,5
40450,0,5
40456,1,6
40461,1,5
40466,1,5
40471,1,5
40476,0,5
40481,0,5
40487,1,6
40492,1,5
40497,1,5
40502,0,5
40507,0,5
40513,1,6
40518,1,5
40523,1,5
40528,1,5
40533,0,5
40538,0,5
40544,1,6
40549,1,5
40554,1,5
40560,1,6
40565,1,5
40570,1,5
40575,1,5
40581,1,6
40586,1,5
40591,1,5
40597,1,6
40602,1,5
40607,1,5
40613,2,6
40618,1,5
40623,1,5
40628,1,5
40634,1,6
40639,1,5
40644,1,5
40650,2,6
40655,1,5
40660,1,5
40665,1,5
40671,1,6
40676,1,5
40681,1,5
40686,1,5
40692,1,6
40697,1,5
40702,1,5
40707,1,5
40713,1,6
40718,1,5
40723,1,5
40729,1,6
40734,1,5
40739,1,5
40745,1,6
40750,1,5
40755,1,5
40761,2,6
40766,1,5
40771,1,5
40776,1,5
40782,1,6
40787,1,5
40792,1,5
40798,1,6
40803,1,5
40808,1,5
40814,2,6
40819,1,5
40824,1,5
40829,1,5
40835,2,6
40840,1,5
40845,1,5
40850,1,5
40856,1,6
40861,1,5
40866,1,5
40872,2,6
40877,1,5
40882,1,5
40887,1,5
40893,1,6
40898,1,5
40903,1,5
40909,1,6
40914,1,5
40919,1,5
40925,2,6
40930,1,5
40935,1,5
40940,1,5
40946,1,6
40951,1,5
40956,1,5
40962,2,6
40967,1,5
40972,1,5
40978,2,6
40983,1,5
40988,1,5
40993,1,5
40999,2,6
41004,1,5
41009,1,5
41014,1,5
41020,1,6
41025,1,5
41030,1,5
41036,2,6
41041,1,5
41046,1,5
41051,1,5
41057,1,6
41062,1,5
41067,1,5
41073,1,6
41078,1,5
41083,1,5
41089,1,6
41094,1,5
41099,1,5
41105,1,6
41110,1,5
41115,1,5
41120,1,5
41126,1,6
41131,1,5
41137,2,6
41142,1,5
41147,1,5
41152,1,5
41158,1,6
41163,1,5
41168,1,5
41173,1,5
41179,1,6
41184,1,5
41189,1,5
41195,1,6
41200,1,5
41205,1,5
41211,2,6
41216,1,5
41221,1,5
41226,1,5
41232,1,6
41237,1,5
41242,1,5
41248,2,6
41253,1,5
41258,1,5
41264,2,6
41269,1,5
41274,1,5
41279,1,5
41285,1,6
41290,1,5
41295,1,5
41301,2,6
41306,1,5
41311,1,5
41316,1,5
41322,1,6
41327,1,5
41332,1,5
41338,1,6
41343,1,5
41348,1,5
41354,2,6
41359,1,5
41364,1,5
41370,2,6
41375,1,5
41380,1,5
41385,1,5
41391,2,6
41396,1,5
41401,1,5
41407,2,6
41412,1,5
41417,1,5
41423,2,6
41428,1,5
41433,1,5
41438,1,5
41446,3,8
41449,1,3
41454,1,5
41459,1,5
41465,1,6
41470,1,5
41475,1,5
41480,1,5
41486,1,6
41491,1,5
41496,1,5
41502,1,6
41507,1,5
41512,1,5
41518,1,6
41523,1,5
41528,1,5
41534,2,6
41539,1,5
41544,1,5
41550,2,6
41555,1,5
41560,1,5
41565,1,5
41571,2,6
41576,1,5
41581,1,5
41586,1,5
41592,1,6
41597,1,5
41602,1,5
41608,2,6
41613,1,5
41618,1,5
41624,2,6
41629,1,5
41634,1,5
41640,2,6
41645,1,5
41650,1,5
41655,1,5
41661,1,6
41666,1,5
41671,1,5
41677,2,6
41682,1,5
41687,1,5
41693,2,6
41698,1,5
41703,1,5
41708,1,5
41714,1,6
41719,1,5
41724,1,5
41730,2,6
41735,1,5
41740,1,5
41746,2,6
41751,1,5
41756,1,5
41761,1,5
41767,2,6
41772,1,5
41777,1,5
41783,2,6
41788,1,5
41793,1,5
41799,2,6
41804,1,5
41809,1,5
41814,1,5
41820,2,6
41825,1,5
41830,1,5
41835,1,5
41841,1,6
41846,1,5
41851,1,5
41857,1,6
41862,1,5
41867,1,5
41872,1,5
41878,1,6
41883,1,5
41889,2,6
41894,1,5
41899,1,5
41904,1,5
41910,1,6
41915,1,5
41920,1,5
41925,1,5
41931,1,6
41936,1,5
41941,1,5
41947,1,6
41952,1,5
41957,1,5
41962,1,5
41968,1,6
41973,1,5
41978,1,5
41983,1,5
41989,1,6
41994,1,5
41999,1,5
42004,1,5
42010,1,6
42015,1,5
42020,1,5
42026,1,6
42031,1,5
42036,1,5
42042,2,6
42047,1,5
42052,1,5
42058,2,6
42063,1,5
42068,1,5
42074,2,6
42079,1,5
42084,1,5
42089,1,5
42095,2,6
42100,1,5
42105,1,5
42111,2,6
42116,1,5
42121,1,5
42126,1,5
42132,1,6
42137,1,5
42143,2,6
42148,1,5
42153,1,5
42158,1,5
42164,1,6
42169,1,5
42174,1,5
42180,2,6
42185,1,5
42190,1,5
42195,1,5
42201,1,6
42206,1,5
42211,1,5
42217,2,6
42222,1,5
42227,1,5
42232,1,5
42238,2,6
42243,1,5
42248,1,5
42254,2,6
42259,1,5
42264,1,5
42270,2,6
42275,1,5
42280,1,5
42285,1,5
42291,2,6
42296,1,5
42301,1,5
42307,2,6
42312,1,5
42317,1,5
42323,2,6
42328,1,5
42333,1,5
42339,2,6
42344,1,5
42349,1,5
42354,1,5
42360,2,6
42365,1,5
42370,1,5
42376,2,6
42381,2,5
42386,1,5
42391,1,5
42397,2,6
42402,1,5
42407,1,5
42412,1,5
42418,2,6
42423,1,5
42428,1,5
42434,2,6
42439,1,5
42444,1,5
42450,1,6
42455,1,5
42460,1,5
42466,1,6
42471,1,5
42476,1,5
42482,2,6
42487,1,5
42492,1,5
42498,2,6
42503,1,5
42508,1,5
42513,1,5
42519,1,6
42524,1,5
42529,1,5
42535,2,6
42540,1,5
42545,1,5
42551,2,6
42556,1,5
42562,2,6
42567,2,5
42572,1,5
42577,1,5
42583,2,6
42588,1,5
42593,1,5
42598,1,5
42604,1,6
42609,1,5
42614,1,5
42620,2,6
42625,1,5
42630,1,5
42635,1,5
42641,1,6
42646,1,5
42651,1,5
42657,2,6
42662,1,5
42667,1,5
42672,1,5
42678,1,6
42683,1,5
42688,1,5
42694,2,6
42699,1,5
42704,1,5
42709,1,5
42715,1,6
42720,1,5
42725,1,5
42731,2,6
42736,1,5
42741,1,5
42746,1,5
42752,1,6
42757,1,5
42762,1,5
42768,2,6
42773,1,5
42778,1,5
42783,1,5
42789,1,6
42794,1,5
42799,1,5
42805,2,6
42810,1,5
42815,1,5
42821,2,6
42827,2,6
42831,1,4
42836,1,5
42842,1,6
42847,1,5
42852,1,5
42858,2,6
42863,1,5
42868,1,5
42874,2,6
42879,1,5
42884,1,5
42889,1,5
42895,1,6
42900,1,5
42905,1,5
42911,2,6
42916,1,5
42921,1,5
42926,1,5
42932,1,6
42937,1,5
42942,1,5
42948,1,6
42953,1,5
42958,1,5
42964,1,6
42969,1,5
42974,1,5
42980,2,6
42985,1,5
42990,1,5
42995,1,5
43001,1,6
43006,1,5
43011,1,5
43017,1,6
43022,1,5
43027,1,5
43033,1,6
43038,1,5
43044,1,6
43049,1,5
43054,1,5
43059,0,5
43064,0,5
43069,0,5
43075,1,6
43080,1,5
43085,0,5
43090,0,5
43095,0,5
43100,0,5
43106,1,6
43111,1,5
43116,0,5
43121,0,5
43126,0,5
43132,1,6
43137,1,5
43142,1,5
43147,0,5
43152,0,5
43157,0,5
43163,1,6
43168,1,5
43173,0,5
43178,0,5
43183,0,5
43189,1,6
43194,1,5
43199,1,5
43204,0,5
43209,0,5
43215,1,6
43220,1,5
43225,1,5
43230,0,5
43235,0,5
43241,1,6
43246,1,5
43251,1,5
43256,0,5
43261,0,5
43266,0,5
43272,1,6
43277,1,5
43282,1,5
43287,0,5
43292,0,5
43298,1,6
43303,1,5
43308,1,5
43313,0,5
43318,0,5
43324,1,6
43329,1,5
43334,1,5
43339,0,5
43344,0,5
43349,0,5
43355,1,6
43360,1,5
43365,1,5
43370,0,5
43375,0,5
43381,1,6
43386,1,5
43391,0,5
43396,0,5
43401,0,5
43407,1,6
43412,1,5
43417,0,5
43422,0,5
43428,1,6
43433,1,5
43438,1,5
43445,2,7
43448,0,3
43453,0,5
43459,1,6
43464,1,5
43469,0,5
43474,0,5
43480,1,6
43485,1,5
43490,1,5
43495,0,5
43500,0,5
43506,1,6
43511,1,5
43516,1,5
43521,0,5
43526,0,5
43531,0,5
43537,1,6
43542,1,5
43547,0,5
43552,0,5
43558,1,6
43563,1,5
43569,1,6
43574,1,5
43579,1,5
43585,1,6
43590,1,5
43595,1,5
43601,1,6
43606,1,5
43611,1,5
43617,2,6
43622,1,5
43627,1,5
43632,1,5
43638,1,6
43643,1,5
43648,1,5
43654,1,6
43659,1,5
43664,1,5
43670,2,6
43675,1,5
43680,1,5
43685,1,5
43691,1,6
43697,2,6
43702,1,5
43707,1,5
43713,1,6
43718,1,5
43723,1,5
43728,1,5
43734,1,6
43739,1,5
43744,1,5
43750,1,6
43755,1,5
43760,1,5
43766,1,6
43771,1,5
43776,1,5
43781,1,5
43787,1,6
43792,1,5
43797,1,5
43803,2,6
43808,1,5
43813,1,5
43819,2,6
43824,1,5
43829,1,5
43834,1,5
43840,2,6
43845,1,5
43850,1,5
43855,1,5
43861,1,6
43866,1,5
43872,2,6
43877,1,5
43882,1,5
43887,1,5
43893,1,6
43898,1,5
43903,1,5
43909,2,6
43914,1,5
43919,1,5
43925,2,6
43930,1,5
43935,1,5
43940,1,5
43946,1,6
43951,1,5
43957,1,6
43962,1,5
43967,1,5
43973,1,6
43978,1,5
43984,2,6
43989,1,5
43995,1,6
44000,1,5
44005,1,5
44011,2,6
44016,1,5
44021,1,5
44026,1,5
44032,2,6
44037,1,5
44042,1,5
44048,2,6
44053,1,5
44058,1,5
44063,1,5
44069,1,6
44074,1,5
44079,1,5
44086,1,7
44091,1,5
44097,1,6
44102,1,5
44107,1,5
44113,2,6
44118,1,5
44123,1,5
44128,1,5
44134,2,6
44139,1,5
44144,1,5
44150,2,6
44155,1,5
44160,1,5
44166,2,6
44171,1,5
44176,1,5
44181,1,5
44187,1,6
44192,1,5
44197,1,5
44202,1,5
44208,1,6
44213,1,5
44218,1,5
44223,0,5
44229,1,6
44234,1,5
44239,1,5
44245,1,6
44250,1,5
44255,1,5
44261,1,6
44267,2,6
44271,1,4
44277,1,6
44282,1,5
44287,1,5
44293,2,6
44298,1,5
44303,1,5
44309,2,6
44314,1,5
44319,1,5
44324,1,5
44330,1,6
44335,1,5
44340,1,5
44346,1,6
44351,1,5
44356,1,5
44362,1,6
44367,1,5
44372,1,5
44378,2,6
44383,1,5
44388,1,5
44393,1,5
44399,1,6
44404,1,5
44409,1,5
44415,1,6
44420,1,5
44426,2,6
44431,1,5
44436,1,5
44441,1,5
44446,1,5
44452,1,6
44457,1,5
44462,1,5
44468,1,6
44473,1,5
44478,1,5
44484,2,6
44489,1,5
44494,1,5
44499,1,5
44505,1,6
44510,1,5
44515,1,5
44521,1,6
44526,1,5
44531,1,5
44537,2,6
44542,1,5
44547,1,5
44552,1,5
44558,1,6
44563,1,5
44568,1,5
44574,2,6
44579,1,5
44584,1,5
44589,1,5
44595,1,6
44600,1,5
44605,1,5
44611,2,6
44616,1,5
44621,1,5
44626,1,5
44632,1,6
44637,1,5
44642,1,5
44648,2,6
44653,1,5
44658,1,5
44663,1,5
44669,1,6
44674,1,5
44679,1,5
44685,2,6
44690,1,5
44695,1,5
44700,1,5
44706,1,6
44711,1,5
44717,2,6
44722,1,5
44727,1,5
44732,1,5
44738,1,6
44743,1,5
44748,1,5
44754,2,6
44759,1,5
44764,1,5
44770,2,6
44775,1,5
44780,1,5
44785,1,5
44791,2,6
44796,1,5
44801,1,5
44807,2,6
44812,1,5
44817,1,5
44822,1,5
44828,2,6
44833,1,5
44838,1,5
44844,2,6
44849,1,5
44854,1,5
44860,2,6
44865,1,5
44870,1,5
44875,1,5
44881,2,6
44886,1,5
44892,2,6
44897,1,5
44902,1,5
44908,2,6
44913,1,5
44918,1,5
44924,2,6
44929,1,5
44934,1,5
44940,2,6
44945,1,5
44950,1,5
44956,2,6
44961,1,5
44966,1,5
44972,2,6
44977,1,5
44982,1,5
44988,2,6
44993,1,5
44998,1,5
45004,2,6
45009,1,5
45014,1,5
45020,2,6
45025,1,5
45030,1,5
45036,2,6
45041,1,5
45046,1,5
45051,1,5
45057,2,6
45062,1,5
45067,1,5
45073,2,6
45078,1,5
45083,1,5
45089,2,6
45094,1,5
45099,1,5
45105,1,6
45110,1,5
45115,1,5
45121,1,6
45126,1,5
45131,1,5
45137,1,6
45142,1,5
45147,1,5
45153,1,6
45158,1,5
45164,2,6
45169,1,5
45175,2,6
45180,1,5
45185,1,5
45193,3,8
45196,1,3
45206,5,10
45209,3,3
45213,1,4
45218,1,5
45224,1,6
45229,1,5
45235,1,6
45240,1,5
45246,2,6
45251,1,5
45257,2,6
45262,1,5
45268,1,6
45273,1,5
45279,2,6
45284,1,5
45290,2,6
45295,1,5
45301,1,6
45306,1,5
45312,2,6
45317,1,5
45322,1,5
45328,1,6
45334,1,6
45340,1,6
45346,1,6
45352,1,6
45359,1,7
45365,1,6
45371,1,6
45377,1,6
45383,1,6
45389,1,6
45395,1,6
45401,1,6
45406,1,5
45411,1,5
45417,1,6
45422,1,5
45427,1,5
45433,2,6
45438,1,5
45446,4,8
45448,1,2
45454,1,6
45459,1,5
45464,1,5
45470,1,6
45475,1,5
45480,1,5
45486,2,6
45491,1,5
45496,1,5
45502,2,6
45507,1,5
45512,1,5
45517,1,5
45523,2,6
45528,1,5
45533,1,5
45538,1,5
45544,1,6
45549,1,5
45554,1,5
45560,1,6
45565,1,5
45570,1,5
45576,2,6
45581,1,5
45586,1,5
45591,1,5
45597,1,6
45602,1,5
45608,2,6
45613,1,5
45618,1,5
45624,2,6
45629,1,5
45634,1,5
45639,1,5
45644,1,5
45650,1,6
45655,1,5
45660,1,5
45666,1,6
45671,1,5
45677,2,6
45682,1,5
45687,1,5
45692,1,5
45698,1,6
45703,1,5
45708,1,5
45714,1,6
45719,1,5
45725,2,6
45730,1,5
45735,1,5
45740,1,5
45746,2,6
45751,1,5
45756,1,5
45762,2,6
45767,1,5
45772,1,5
45777,1,5
45783,2,6
45788,1,5
45793,1,5
45799,2,6
45804,1,5
45809,1,5
45815,2,6
45820,1,5
45825,1,5
45830,1,5
45835,1,5
45841,1,6
45846,1,5
45851,1,5
45857,2,6
45862,1,5
45867,1,5
45873,2,6
45878,1,5
45883,1,5
45889,2,6
45894,1,5
45899,1,5
45904,1,5
45910,1,6
45915,1,5
45920,1,5
45926,2,6
45931,1,5
45936,1,5
45941,1,5
45947,1,6
45952,1,5
45957,1,5
45963,2,6
45968,1,5
45973,1,5
45978,1,5
45984,1,6
45989,1,5
45994,1,5
46000,2,6
46005,1,5
46010,1,5
46015,1,5
46021,1,6
46026,1,5
46031,1,5
46036,1,5
46042,1,6
46047,1,5
46052,1,5
46058,1,6
46063,1,5
46069,2,6
46074,2,5
46079,1,5
46084,1,5
46089,1,5
46095,1,6
46100,1,5
46105,1,5
46110,1,5
46116,1,6
46121,1,5
46126,1,5
46132,2,6
46137,1,5
46142,1,5
46147,1,5
46153,2,6
46158,1,5
46163,1,5
46169,2,6
46174,1,5
46179,1,5
46184,1,5
46190,1,6
46195,1,5
46200,1,5
46206,1,6
46211,1,5
46216,1,5
46221,1,5
46227,2,6
46232,1,5
46237,1,5
46243,2,6
46248,1,5
46253,1,5
46258,1,5
46264,2,6
46269,1,5
46274,1,5
46280,2,6
46285,1,5
46290,1,5
46296,2,6
46301,1,5
46306,1,5
46311,1,5
46317,1,6
46322,1,5
46327,1,5
46333,2,6
46338,1,5
46343,1,5
46349,2,6
46354,1,5
46359,1,5
46365,2,6
46370,1,5
46375,1,5
46380,1,5
46386,2,6
46391,1,5
46396,1,5
46402,2,6
46407,1,5
46412,1,5
46417,1,5
46423,2,6
46428,1,5
46433,1,5
46438,1,5
46447,4,9
46450,2,3
46454,1,4
46459,1,5
46465,1,6
46470,1,5
46475,1,5
46481,1,6
46486,1,5
46491,1,5
46497,2,6
46502,1,5
46507,1,5
46513,2,6
46518,1,5
46523,1,5
46528,1,5
46534,1,6
46539,1,5
46544,1,5
46550,2,6
46555,1,5
46560,1,5
46565,1,5
46571,1,6
46576,1,5
46581,1,5
46586,1,5
46592,1,6
46597,1,5
46602,1,5
46608,1,6
46613,1,5
46618,1,5
46624,2,6
46629,1,5
46634,1,5
46639,1,5
46645,1,6
46650,1,5
46655,1,5
46661,2,6
46666,1,5
46671,1,5
46677,2,6
46682,1,5
46687,1,5
46692,1,5
46698,1,6
46703,1,5
46708,1,5
46714,1,6
46719,1,5
46724,1,5
46730,2,6
46735,1,5
46740,1,5
46745,1,5
46751,1,6
46756,1,5
46761,1,5
46766,1,5
46772,1,6
46777,1,5
46782,1,5
46788,2,6
46793,1,5
46798,1,5
46803,1,5
46809,1,6
46814,1,5
46819,1,5
46825,1,6
46830,1,5
46835,1,5
46841,2,6
46846,1,5
46851,1,5
46856,1,5
46862,1,6
46867,1,5
46872,1,5
46878,2,6
46883,1,5
46888,1,5
46893,1,5
46899,1,6
46904,1,5
46909,1,5
46915,1,6
46920,1,5
46925,1,5
46931,2,6
46936,1,5
46941,1,5
46947,2,6
46952,1,5
46957,1,5
46962,1,5
46968,1,6
46973,1,5
46978,1,5
46983,1,5
46989,1,6
46994,1,5
46999,1,5
47005,1,6
47010,1,5
47015,1,5
47021,1,6
47026,1,5
47031,1,5
47036,1,5
47042,1,6
47047,1,5
47052,1,5
47058,1,6
47063,1,5
47068,1,5
47074,1,6
47079,1,5
47084,1,5
47090,2,6
47095,1,5
47100,1,5
47105,1,5
47111,1,6
47116,1,5
47121,1,5
47126,1,5
47132,1,6
47137,1,5
47142,1,5
47148,1,6
47153,1,5
47158,1,5
47164,2,6
47169,1,5
47174,1,5
47179,1,5
47185,1,6
47190,1,5
47195,1,5
47201,1,6
47206,1,5
47211,1,5
47217,1,6
47222,1,5
47227,1,5
47233,2,6
47238,1,5
47243,1,5
47248,1,5
47254,1,6
47259,1,5
47265,2,6
47270,1,5
47275,1,5
47281,2,6
47286,1,5
47291,1,5
47296,1,5
47302,2,6
47307,1,5
47312,1,5
47318,1,6
47323,1,5
47328,1,5
47334,2,6
47339,1,5
47344,1,5
47349,1,5
47355,1,6
47360,1,5
47365,1,5
47371,2,6
47376,1,5
47381,1,5
47387,2,6
47392,1,5
47397,1,5
47403,2,6
47408,1,5
47413,1,5
47418,1,5
47424,2,6
47429,1,5
47434,1,5
47440,2,6
47445,1,5
47450,1,5
47456,2,6
47461,1,5
47466,1,5
47471,1,5
47477,1,6
47482,1,5
47487,1,5
47493,2,6
47498,1,5
47503,1,5
47509,2,6
47514,1,5
47519,1,5
47525,2,6
47530,1,5
47535,1,5
47541,1,6
47546,1,5
47552,1,6
47557,1,5
47563,1,6
47568,1,5
47574,1,6
47579,1,5
47585,1,6
47590,1,5
47595,1,5
47601,1,6
47606,1,5
47612,1,6
47617,1,5
47623,1,6
47628,1,5
47634,2,6
47639,1,5
47644,1,5
47651,2,7
47657,1,6
47662,1,5
47668,2,6
47673,1,5
47678,1,5
47683,1,5
47689,1,6
47694,1,5
47699,1,5
47705,1,6
47710,1,5
47715,1,5
47721,1,6
47726,1,5
47731,1,5
47737,1,6
47742,1,5
47747,1,5
47753,2,6
47758,1,5
47763,1,5
47769,2,6
47774,1,5
47779,1,5
47785,2,6
47790,1,5
47795,1,5
47800,1,5
47806,2,6
47811,1,5
47816,1,5
47822,2,6
47829,3,7
47834,3,5
47838,2,4
47843,1,5
47848,1,5
47853,1,5
47859,2,6
47864,1,5
47869,1,5
47875,2,6
47880,1,5
47885,1,5
47890,1,5
47896,1,6
47901,1,5
47906,1,5
47912,2,6
47917,1,5
47922,1,5
47927,1,5
47933,1,6
47938,1,5
47943,1,5
47949,1,6
47954,1,5
47959,1,5
47965,1,6
47970,1,5
47975,1,5
47981,1,6
47986,1,5
47991,1,5
47997,1,6
48002,1,5
48007,1,5
48013,1,6
48018,1,5
48023,1,5
48029,1,6
48034,1,5
48039,1,5
48045,1,6
48050,1,5
48055,1,5
48061,1,6
48066,1,5
48071,1,5
48077,2,6
48082,1,5
48087,1,5
48093,2,6
48098,1,5
48103,1,5
48109,2,6
48114,1,5
48119,1,5
48124,1,5
48130,1,6
48135,1,5
48140,1,5
48145,1,5
48151,1,6
48156,1,5
48161,1,5
48167,1,6
48172,1,5
48177,1,5
48182,1,5
48188,1,6
48193,1,5
48198,1,5
48203,1,5
48209,1,6
48214,1,5
48219,1,5
48224,1,5
48230,1,6
48235,1,5
48240,1,5
48246,2,6
48251,1,5
48256,1,5
48261,1,5
48267,1,6
48272,1,5
48277,1,5
48282,1,5
48288,1,6
48293,1,5
48298,1,5
48304,1,6
48309,1,5
48314,1,5
48320,1,6
48325,1,5
48330,1,5
48336,1,6
48341,1,5
48346,1,5
48352,2,6
48357,1,5
48362,1,5
48368,2,6
48373,1,5
48378,1,5
48384,2,6
48389,1,5
48394,1,5
48400,2,6
48405,1,5
48410,1,5
48416,2,6
48421,1,5
48426,1,5
48431,1,5
48437,2,6
48442,1,5
48451,5,9
48455,4,4
48458,1,3
48463,1,5
48468,1,5
48473,1,5
48479,1,6
48484,1,5
48489,1,5
48494,1,5
48500,1,6
48505,1,5
48510,1,5
48515,1,5
48521,1,6
48526,1,5
48532,2,6
48537,1,5
48542,1,5
48547,1,5
48553,1,6
48558,1,5
48564,2,6
48569,1,5
48575,2,6
48581,2,6
48587,2,6
48593,3,6
48597,1,4
48602,1,5
48608,2,6
48613,1,5
48620,3,7
48624,2,4
48631,3,7
48634,1,3
48640,1,6
48645,1,5
48650,1,5
48656,1,6
48661,1,5
48666,1,5
48672,2,6
48677,1,5
48682,1,5
48688,2,6
48693,1,5
48698,1,5
48703,1,5
48709,1,6
48714,1,5
48719,1,5
48724,1,5
48730,1,6
48735,1,5
48741,2,6
48746,1,5
48751,1,5
48757,2,6
48762,1,5
48767,1,5
48772,1,5
48778,1,6
48783,1,5
48789,1,6
48794,1,5
48800,1,6
48805,1,5
48810,1,5
48816,1,6
48821,1,5
48826,1,5
48832,2,6
48837,1,5
48842,1,5
48847,1,5
48853,2,6
48858,1,5
48863,1,5
48869,2,6
48874,1,5
48879,1,5
48884,1,5
48890,2,6
48895,1,5
48900,1,5
48906,2,6
48911,1,5
48916,1,5
48922,2,6
48927,1,5
48932,1,5
48937,1,5
48943,2,6
48948,1,5
48953,1,5
48959,2,6
48964,1,5
48969,1,5
48974,1,5
48979,1,5
48985,1,6
48990,1,5
48995,1,5
49001,1,6
49006,1,5
49012,2,6
49017,2,5
49022,1,5
49027,1,5
49032,1,5
49038,1,6
49043,1,5
49048,1,5
49054,1,6
49059,1,5
49064,1,5
49070,1,6
49075,1,5
49080,1,5
49085,1,5
49091,1,6
49096,1,5
49101,1,5
49107,1,6
49112,1,5
49118,1,6
49123,1,5
49129,2,6
49134,1,5
49139,1,5
49144,1,5
49150,1,6
49155,1,5
49160,1,5
49166,1,6
49171,1,5
49177,2,6
49182,1,5
49187,1,5
49192,1,5
49198,1,6
49203,1,5
49208,1,5
49214,2,6
49219,1,5
49224,1,5
49230,2,6
49235,1,5
49240,1,5
49245,1,5
49251,1,6
49256,1,5
49261,1,5
49267,2,6
49272,1,5
49277,1,5
49282,1,5
49288,1,6
49293,1,5
49298,1,5
49304,2,6
49309,1,5
49314,1,5
49320,2,6
49325,1,5
49330,1,5
49336,2,6
49341,1,5
49346,1,5
49351,1,5
49357,1,6
49362,1,5
49367,1,5
49373,1,6
49378,1,5
49383,1,5
49389,2,6
49394,1,5
49399,1,5
49404,1,5
49410,1,6
49415,1,5
49420,1,5
49426,1,6
49431,1,5
49436,1,5
49442,2,6
49447,1,5
49452,1,5
49457,1,5
49463,1,6
49468,1,5
49473,1,5
49479,2,6
49484,1,5
49489,1,5
49495,2,6
49500,1,5
49505,1,5
49510,1,5
49516,2,6
49521,1,5
49526,1,5
49532,2,6
49537,1,5
49542,1,5
49548,2,6
49553,1,5
49558,1,5
49563,1,5
49569,2,6
49574,1,5
49579,1,5
49585,2,6
49590,1,5
49595,1,5
49600,1,5
49606,1,6
49611,1,5
49616,1,5
49622,1,6
49627,1,5
49632,1,5
49638,2,6
49643,1,5
49648,1,5
49654,2,6
49659,1,5
49664,1,5
49669,1,5
49675,2,6
49680,1,5
49685,1,5
49690,1,5
49695,0,5
49701,1,6
49706,1,5
49711,1,5
49717,1,6
49722,1,5
49728,2,6
49733,1,5
49738,1,5
49743,1,5
49749,1,6
49754,1,5
49759,1,5
49765,2,6
49770,1,5
49775,1,5
49780,1,5
49786,1,6
49791,1,5
49796,1,5
49802,1,6
49807,1,5
49812,1,5
49817,1,5
49823,1,6
49828,1,5
49834,2,6
49839,1,5
49844,1,5
49850,2,6
49855,1,5
49860,1,5
49865,1,5
49871,2,6
49876,1,5
49881,1,5
49886,1,5
49891,1,5
49897,1,6
49902,1,5
49908,2,6
49913,1,5
49918,1,5
49923,1,5
49929,1,6
49934,1,5
49939,1,5
49945,2,6
49950,1,5
49955,1,5
49961,2,6
49966,1,5
49971,1,5
49977,2,6
49982,1,5
49987,1,5
49992,1,5
49998,2,6
50003,1,5
50008,1,5
50014,2,6
50019,1,5
50024,1,5
50029,1,5
50035,2,6
50040,1,5
50045,1,5
50051,2,6
50056,1,5
50061,1,5
50066,1,5
50072,2,6
50077,1,5
50082,1,5
50088,2,6
50093,1,5
50098,1,5
50103,1,5
50109,1,6
50114,1,5
50119,1,5
50125,2,6
50130,1,5
50135,1,5
50140,1,5
50146,1,6
50151,1,5
50156,1,5
50162,1,6
50167,1,5
50172,1,5
50178,2,6
50183,1,5
50188,1,5
50194,2,6
50199,1,5
50204,1,5
50212,4,8
50215,1,3
50221,2,6
50226,1,5
50232,2,6
50237,1,5
50242,1,5
50248,1,6
50253,1,5
50259,2,6
50264,1,5
50269,1,5
50275,1,6
50280,1,5
50285,1,5
50291,2,6
50296,1,5
50301,1,5
50306,1,5
50312,1,6
50317,1,5
50322,1,5
50330,3,8
50333,1,3
50338,1,5
50344,1,6
50349,1,5
50354,1,5
50360,1,6
50365,1,5
50371,2,6
50376,1,5
50381,1,5
50386,1,5
50392,1,6
50397,1,5
50402,1,5
50408,1,6
50413,1,5
50418,1,5
50424,2,6
50429,1,5
50434,1,5
50440,2,6
50445,1,5
50451,2,6
50456,1,5
50461,1,5
50466,1,5
50472,1,6
50477,1,5
50482,1,5
50488,1,6
50493,1,5
50498,1,5
50504,1,6
50509,1,5
50514,1,5
50520,1,6
50526,2,6
50531,1,5
50536,1,5
50542,1,6
50547,1,5
50552,1,5
50557,0,5
50562,0,5
50567,0,5
50573,1,6
50578,1,5
50583,1,5
50588,0,5
50593,0,5
50599,1,6
50604,1,5
50609,1,5
50614,0,5
50619,0,5
50625,1,6
50630,1,5
50635,1,5
50640,0,5
50645,0,5
50650,0,5
50656,1,6
50661,1,5
50666,1,5
50671,0,5
50676,0,5
50682,1,6
50687,1,5
50692,1,5
50697,0,5
50702,0,5
50707,0,5
50713,1,6
50718,1,5
50723,1,5
50728,0,5
50733,0,5
50738,0,5
50744,1,6
50749,1,5
50754,0,5
50759,0,5
50764,0,5
50770,1,6
50775,1,5
50780,0,5
50785,0,5
50790,0,5
50796,1,6
50801,1,5
50806,1,5
50811,0,5
50816,0,5
50822,1,6
50827,1,5
50832,1,5
50837,1,5
50842,0,5
50847,0,5
50853,1,6
50858,1,5
50863,1,5
50868,0,5
50873,0,5
50879,1,6
50884,1,5
50889,1,5
50894,1,5
50899,0,5
50904,0,5
50909,0,5
50915,1,6
50920,0,5
50926,1,6
50931,1,5
50936,1,5
50941,0,5
50946,0,5
50951,0,5
50957,1,6
50962,1,5
50967,1,5
50972,0,5
50977,0,5
50983,1,6
50988,1,5
50993,1,5
50998,0,5
51003,0,5
51008,0,5
51014,1,6
51019,1,5
51024,1,5
51029,0,5
51034,0,5
51040,1,6
51045,1,5
51050,0,5
51056,1,6
51061,1,5
51067,2,6
51072,1,5
51077,1,5
51083,2,6
51088,1,5
51093,1,5
51098,1,5
51104,2,6
51109,1,5
51114,1,5
51120,2,6
51125,1,5
51130,1,5
51136,2,6
51141,1,5
51146,1,5
51151,1,5
51157,1,6
51162,1,5
51168,2,6
51173,1,5
51178,1,5
51183,1,5
51189,2,6
51194,1,5
51199,1,5
51204,1,5
51210,1,6
51215,1,5
51220,1,5
51225,1,5
51231,1,6
51236,1,5
51241,1,5
51247,2,6
51252,1,5
51257,1,5
51262,1,5
51268,1,6
51273,1,5
51278,1,5
51283,1,5
51289,1,6
51294,1,5
51299,1,5
51305,1,6
51310,1,5
51315,1,5
51321,2,6
51326,1,5
51331,1,5
51336,1,5
51342,1,6
51347,1,5
51352,1,5
51357,1,5
51363,1,6
51368,1,5
51373,1,5
51379,2,6
51384,1,5
51389,1,5
51394,1,5
51399,1,5
51405,1,6
51410,1,5
51415,1,5
51421,1,6
51426,1,5
51431,1,5
51437,2,6
51442,1,5
51450,4,8
51452,1,2
51458,1,6
51463,1,5
51468,1,5
51474,1,6
51479,1,5
51484,1,5
51490,1,6
51495,1,5
51500,1,5
51506,2,6
51511,1,5
51516,1,5
51521,1,5
51527,1,6
51532,1,5
51537,1,5
51543,1,6
51548,1,5
51553,1,5
51558,1,5
51564,1,6
51569,1,5
51574,1,5
51580,1,6
51585,1,5
51590,1,5
51596,2,6
51601,1,5
51606,1,5
51611,1,5
51617,1,6
51622,1,5
51627,1,5
51633,2,6
51638,1,5
51643,1,5
51649,2,6
51654,1,5
51659,1,5
51664,1,5
51670,1,6
51675,1,5
51680,1,5
51686,2,6
51691,1,5
51696,1,5
51702,2,6
51707,1,5
51712,1,5
51717,1,5
51723,2,6
51728,1,5
51733,1,5
51738,1,5
51744,2,6
51749,1,5
51754,1,5
51759,1,5
51765,1,6
51770,1,5
51775,1,5
51781,1,6
51786,1,5
51792,2,6
51797,1,5
51802,1,5
51808,2,6
51813,1,5
51818,1,5
51824,2,6
51829,1,5
51834,1,5
51839,1,5
51845,1,6
51850,1,5
51855,1,5
51861,2,6
51866,1,5
51871,1,5
51876,1,5
51882,1,6
51887,1,5
51892,1,5
51898,2,6
51903,1,5
51908,1,5
51913,1,5
51918,1,5
51924,1,6
51929,1,5
51934,1,5
51940,1,6
51945,1,5
51950,1,5
51955,1,5
51961,1,6
51966,1,5
51971,1,5
51977,1,6
51982,1,5
51988,2,6
51993,1,5
51998,1,5
52004,2,6
52009,1,5
52014,1,5
52019,1,5
52025,2,6
52030,1,5
52035,1,5
52040,1,5
52046,1,6
52051,1,5
52056,1,5
52062,1,6
52067,1,5
52072,1,5
52078,2,6
52083,1,5
52088,1,5
52094,2,6
52099,1,5
52104,1,5
52109,1,5
52115,2,6
52120,1,5
52125,1,5
52131,2,6
52136,1,5
52141,1,5
52147,2,6
52152,1,5
52157,1,5
52163,2,6
52168,1,5
52173,1,5
52178,1,5
52184,1,6
52189,1,5
52195,1,6
52200,1,5
52206,2,6
52211,1,5
52216,1,5
52222,1,6
52228,1,6
52234,1,6
52239,1,5
52245,1,6
52250,1,5
52256,2,6
52261,1,5
52266,1,5
52271,1,5
52277,1,6
52282,1,5
52287,1,5
52293,1,6
52298,1,5
52303,1,5
52309,1,6
52314,1,5
52319,1,5
52325,1,6
52330,1,5
52335,1,5
52341,2,6
52346,1,5
52351,1,5
52357,2,6
52362,1,5
52367,1,5
52372,1,5
52378,1,6
52383,1,5
52388,1,5
52394,2,6
52399,1,5
52404,1,5
52410,2,6
52415,1,5
52420,1,5
52425,1,5
52431,1,6
52436,1,5
52442,2,6
52449,4,7
52452,1,3
52457,1,5
52463,2,6
52468,1,5
52473,1,5
52478,1,5
52484,1,6
52489,1,5
52495,2,6
52500,1,5
52505,1,5
52510,1,5
52516,2,6
52521,1,5
52526,1,5
52532,2,6
52537,1,5
52542,1,5
52548,2,6
52553,1,5
52558,1,5
52564,2,6
52569,1,5
52574,1,5
52580,2,6
52585,1,5
52590,1,5
52596,1,6
52601,1,5
52607,2,6
52612,1,5
52617,1,5
52623,2,6
52628,1,5
52633,1,5
52639,2,6
52644,1,5
52649,1,5
52655,1,6
52660,1,5
52665,1,5
52671,2,6
52676,1,5
52681,1,5
52686,1,5
52692,1,6
52697,1,5
52702,1,5
52708,1,6
52713,1,5
52718,1,5
52723,1,5
52729,1,6
52734,1,5
52739,1,5
52745,1,6
52750,1,5
52755,1,5
52761,1,6
52766,1,5
52772,2,6
52777,1,5
52782,1,5
52787,1,5
52793,1,6
52799,1,6
52805,1,6
52810,1,5
52815,1,5
52821,1,6
52829,4,8
52832,2,3
52836,1,4
52842,1,6
52847,1,5
52852,1,5
52858,1,6
52863,1,5
52868,1,5
52874,2,6
52879,1,5
52884,1,5
52889,1,5
52895,1,6
52900,1,5
52905,1,5
52911,2,6
52916,1,5
52921,1,5
52927,2,6
52932,1,5
52937,1,5
52942,1,5
52948,1,6
52953,1,5
52958,1,5
52964,1,6
52969,1,5
52974,1,5
52980,2,6
52985,1,5
52990,1,5
52995,1,5
53001,2,6
53006,1,5
53011,1,5
53016,1,5
53022,1,6
53027,1,5
53032,1,5
53037,1,5
53043,1,6
53048,1,5
53053,1,5
53059,2,6
53064,1,5
53069,1,5
53074,1,5
53080,1,6
53085,1,5
53090,1,5
53096,1,6
53101,1,5
53106,1,5
53112,1,6
53117,1,5
53122,1,5
53128,2,6
53133,1,5
53138,1,5
53143,1,5
53149,1,6
53154,1,5
53159,1,5
53165,1,6
53170,1,5
53176,2,6
53181,1,5
53186,1,5
53191,1,5
53197,1,6
53202,1,5
53207,1,5
53213,2,6
53218,1,5
53223,1,5
53228,1,5
53234,1,6
53239,1,5
53244,1,5
53250,1,6
53255,1,5
53260,1,5
53266,1,6
53271,1,5
53276,1,5
53282,1,6
53287,1,5
53292,1,5
53298,1,6
53303,1,5
53308,1,5
53314,2,6
53319,1,5
53324,1,5
53329,1,5
53335,1,6
53340,1,5
53345,1,5
53351,1,6
53356,1,5
53361,1,5
53367,2,6
53372,1,5
53377,1,5
53383,2,6
53388,1,5
53393,1,5
53398,1,5
53404,1,6
53409,1,5
53415,2,6
53420,1,5
53425,1,5
53430,1,5
53436,2,6
