time (ms),latency (ms),consume (ms)
0,22,0
11,22,11
11,21,0
12,20,1
12,15,0
12,11,0
12,9,0
12,9,0
18,12,6
18,9,0
18,5,0
19,4,1
30,14,11
38,14,8
38,8,0
39,3,1
40,1,1
43,2,3
49,6,6
53,3,4
55,2,2
56,1,1
57,0,1
59,1,2
61,1,2
63,2,2
70,2,7
72,2,2
73,1,1
77,1,4
78,1,1
85,1,7
87,1,2
88,1,1
89,1,1
90,1,1
93,2,3
94,1,1
95,1,1
97,1,2
98,1,1
101,1,3
103,1,2
105,2,2
109,1,4
121,11,12
122,9,1
122,8,0
122,6,0
122,5,0
122,5,0
122,2,0
125,1,3
126,1,1
127,0,1
129,1,2
134,2,5
137,1,3
138,1,1
139,0,1
144,2,5
145,1,1
149,1,4
150,1,1
151,0,1
153,1,2
154,1,1
155,1,1
157,1,2
161,1,4
165,1,4
166,1,1
167,0,1
168,1,1
169,1,1
170,1,1
171,1,1
173,1,2
177,1,4
181,2,4
182,1,1
184,1,2
185,1,1
186,1,1
186,0,0
189,1,3
190,1,1
193,1,3
194,1,1
196,1,2
198,1,2
199,1,1
201,1,2
203,1,2
208,2,5
213,2,5
214,1,1
215,1,1
217,1,2
218,1,1
219,0,1
224,1,5
228,2,4
229,1,1
230,1,1
232,1,2
233,1,1
234,1,1
236,1,2
241,2,5
242,1,1
246,4,4
247,1,1
249,1,2
254,4,5
258,1,4
261,1,3
273,1,12
275,1,2
277,1,2
279,1,2
284,2,5
287,1,3
289,1,2
291,1,2
295,2,4
300,1,5
302,2,2
305,1,3
307,1,2
309,1,2
311,2,2
316,2,5
320,1,4
322,2,2
323,1,1
324,1,1
326,1,2
327,1,1
328,1,1
334,2,6
336,1,2
337,1,1
338,1,1
339,1,1
340,1,1
341,1,1
342,1,1
345,3,3
346,1,1
347,1,1
348,0,1
353,2,5
355,2,2
356,1,1
358,2,2
359,1,1
360,1,1
361,1,1
363,1,2
365,1,2
366,1,1
369,1,3
372,3,3
390,14,18
390,13,0
390,12,0
390,12,0
390,10,0
390,9,0
391,9,1
391,9,0
391,8,0
391,8,0
391,7,0
391,7,0
393,1,2
395,1,2
397,1,2
398,1,1
401,1,3
403,1,2
408,5,5
413,1,5
415,1,2
416,1,1
421,4,5
423,2,2
426,1,3
429,1,3
433,1,4
437,1,4
439,1,2
441,2,2
442,1,1
445,1,3
446,1,1
449,1,3
450,1,1
451,1,1
453,1,2
454,1,1
457,1,3
461,1,4
462,1,1
463,1,1
463,0,0
464,0,1
465,1,1
466,1,1
466,0,0
467,1,1
468,1,1
470,1,2
471,1,1
472,1,1
478,2,6
480,1,2
481,1,1
482,1,1
483,1,1
484,1,1
490,5,6
492,1,2
493,1,1
494,1,1
496,1,2
501,1,5
502,1,1
503,1,1
504,1,1
505,1,1
505,0,0
506,0,1
507,1,1
508,1,1
510,2,2
512,1,2
513,1,1
514,0,1
515,0,1
516,1,1
520,2,4
523,3,3
525,1,2
526,1,1
527,1,1
528,1,1
529,1,1
536,4,7
541,5,5
545,1,4
546,1,1
549,1,3
549,0,0
551,1,2
552,0,1
553,1,1
556,0,3
557,0,1
558,1,1
560,0,2
561,0,1
562,1,1
563,1,1
563,0,0
564,0,1
565,1,1
566,1,1
569,1,3
570,1,1
571,1,1
571,0,0
577,1,6
578,1,1
580,0,2
581,0,1
582,0,1
583,1,1
584,1,1
585,1,1
586,1,1
587,1,1
588,0,1
589,0,1
590,1,1
593,1,3
594,1,1
594,0,0
595,0,1
596,0,1
599,1,3
600,1,1
605,1,5
606,1,1
606,0,0
607,0,1
608,0,1
609,0,1
610,0,1
612,2,2
614,0,2
615,0,1
616,1,1
617,1,1
618,1,1
618,0,0
619,1,1
620,1,1
621,1,1
621,0,0
622,1,1
623,1,1
624,1,1
625,1,1
626,1,1
626,0,0
627,1,1
628,0,1
641,1,13
642,1,1
643,1,1
644,1,1
645,1,1
646,1,1
647,1,1
648,1,1
648,0,0
653,4,5
654,1,1
655,1,1
655,0,0
656,1,1
657,1,1
657,0,0
658,1,1
659,1,1
659,0,0
665,1,6
669,1,4
669,0,0
670,1,1
672,0,2
673,1,1
674,1,1
674,0,0
675,0,1
676,1,1
678,0,2
679,0,1
680,1,1
685,1,5
685,0,0
686,1,1
687,1,1
688,1,1
688,0,0
689,1,1
690,1,1
690,0,0
691,1,1
692,1,1
692,0,0
693,1,1
693,0,0
694,0,1
695,1,1
695,0,0
696,1,1
697,1,1
699,2,2
699,0,0
700,0,1
701,1,1
701,0,0
702,0,1
704,2,2
705,1,1
706,1,1
709,1,3
710,1,1
710,0,0
711,1,1
715,3,4
717,1,2
721,1,4
721,0,0
724,0,3
725,0,1
726,1,1
727,1,1
727,0,0
728,1,1
729,1,1
730,1,1
730,0,0
731,0,1
732,0,1
733,0,1
734,1,1
735,1,1
738,2,3
745,1,7
746,1,1
747,0,1
748,0,1
753,1,5
754,1,1
755,1,1
756,1,1
757,1,1
758,1,1
759,1,1
760,1,1
761,1,1
762,1,1
763,1,1
763,0,0
764,0,1
765,0,1
769,1,4
770,1,1
771,1,1
774,1,3
778,1,4
779,1,1
779,0,0
780,0,1
781,1,1
784,0,3
785,0,1
786,1,1
787,1,1
787,0,0
788,1,1
788,0,0
789,0,1
790,1,1
790,0,0
791,1,1
792,1,1
792,0,0
793,1,1
794,1,1
795,1,1
795,0,0
796,0,1
797,1,1
798,1,1
798,0,0
799,1,1
800,1,1
801,1,1
805,1,4
805,0,0
806,0,1
807,1,1
807,0,0
808,1,1
809,1,1
809,0,0
810,1,1
811,1,1
811,0,0
812,1,1
813,1,1
813,0,0
814,1,1
814,0,0
815,1,1
816,1,1
816,0,0
817,1,1
817,0,0
818,0,1
819,1,1
819,0,0
820,0,1
821,1,1
822,1,1
825,1,3
826,1,1
826,0,0
827,0,1
828,1,1
829,1,1
830,1,1
831,1,1
832,1,1
837,1,5
838,1,1
839,1,1
840,1,1
840,0,0
841,1,1
842,1,1
842,0,0
843,0,1
845,2,2
846,1,1
847,1,1
848,1,1
848,0,0
861,13,13
861,12,0
861,11,0
861,11,0
861,9,0
861,9,0
861,7,0
862,7,1
889,7,27
891,1,2
893,1,2
893,0,0
894,1,1
895,1,1
896,0,1
898,1,2
898,0,0
899,0,1
900,0,1
901,0,1
905,1,4
910,3,5
911,1,1
912,1,1
913,1,1
914,1,1
915,1,1
916,1,1
917,1,1
918,1,1
919,1,1
920,1,1
921,1,1
922,1,1
925,1,3
929,1,4
930,1,1
931,1,1
932,1,1
933,1,1
934,1,1
935,1,1
941,1,6
942,0,1
943,0,1
944,0,1
948,1,4
949,0,1
957,1,8
958,1,1
961,1,3
962,1,1
963,1,1
964,1,1
964,0,0
965,0,1
966,0,1
967,1,1
968,1,1
973,1,5
977,1,4
978,1,1
979,1,1
980,1,1
980,0,0
981,1,1
982,1,1
983,1,1
983,0,0
984,0,1
985,1,1
986,1,1
987,1,1
987,0,0
988,1,1
992,0,4
993,0,1
994,1,1
994,0,0
996,0,2
997,0,1
998,1,1
999,1,1
1000,1,1
1004,2,4
1005,1,1
1005,0,0
1006,1,1
1009,1,3
1009,0,0
1010,0,1
1011,1,1
1012,1,1
1013,1,1
1014,1,1
1014,0,0
1016,1,2
1016,0,0
1017,0,1
1021,1,4
1025,1,4
1026,1,1
1027,1,1
1027,0,0
1028,1,1
1029,1,1
1030,1,1
1031,1,1
1031,0,0
1032,1,1
1033,1,1
1034,1,1
1034,0,0
1035,1,1
1036,1,1
1037,1,1
1038,1,1
1038,0,0
1040,0,2
1041,0,1
1042,1,1
1043,1,1
1044,1,1
1044,0,0
1045,0,1
1046,1,1
1048,1,2
1049,1,1
1053,1,4
1054,1,1
1055,1,1
1055,0,0
1056,1,1
1056,0,0
1060,2,4
1061,1,1
1062,1,1
1062,0,0
1063,1,1
1063,0,0
1064,1,1
1064,0,0
1065,1,1
1065,0,0
1066,0,1
1067,1,1
1067,0,0
1068,1,1
1068,0,0
1069,1,1
1069,0,0
1070,1,1
1070,0,0
1071,1,1
1072,1,1
1072,0,0
1077,1,5
1081,1,4
1082,1,1
1082,0,0
1083,0,1
1084,0,1
1089,5,5
1091,0,2
1095,3,4
1096,1,1
1098,1,2
1099,1,1
1100,1,1
1100,0,0
1101,1,1
1102,1,1
1102,0,0
1103,0,1
1104,1,1
1105,1,1
1105,0,0
1109,1,4
1110,1,1
1110,0,0
1113,1,3
1117,1,4
1118,1,1
1118,0,0
1119,0,1
1120,1,1
1121,1,1
1121,0,0
1122,1,1
1123,1,1
1124,0,1
1125,1,1
1126,1,1
1127,1,1
1128,1,1
1128,0,0
1129,1,1
1133,1,4
1137,1,4
1138,1,1
1139,1,1
1139,0,0
1140,0,1
1141,1,1
1145,1,4
1146,1,1
1146,0,0
1147,1,1
1148,1,1
1149,1,1
1149,0,0
1150,0,1
1151,1,1
1151,0,0
1152,0,1
1157,1,5
1158,1,1
1159,0,1
1160,1,1
1161,1,1
1161,0,0
1162,1,1
1164,0,2
1169,1,5
1170,1,1
1178,8,8
1256,78,78
1256,72,0
1256,71,0
1256,71,0
1256,70,0
1256,70,0
1256,69,0
1256,69,0
1256,60,0
1256,58,0
1256,57,0
1256,57,0
1256,56,0
1256,55,0
1256,55,0
1257,53,1
1257,53,0
1257,52,0
1257,51,0
1257,51,0
1257,50,0
1257,48,0
1257,48,0
1257,47,0
1257,46,0
1257,45,0
1257,45,0
1257,37,0
1257,36,0
1257,36,0
1257,35,0
1257,34,0
1257,33,0
1257,32,0
1257,32,0
1257,31,0
1257,29,0
1257,29,0
1257,26,0
1257,25,0
1257,24,0
1257,23,0
1257,23,0
1257,21,0
1257,21,0
1257,20,0
1257,19,0
1257,19,0
1257,18,0
1257,13,0
1257,12,0
1258,12,1
1258,11,0
1258,10,0
1258,9,0
1258,8,0
1258,6,0
1258,6,0
1258,5,0
1258,4,0
1272,13,14
1273,13,1
1273,13,0
1273,12,0
1273,11,0
1273,9,0
1273,9,0
1273,5,0
1273,5,0
1273,4,0
1273,4,0
1273,3,0
1273,3,0
1273,2,0
1273,2,0
1273,1,0
1276,3,3
1276,2,0
1276,2,0
1276,0,0
1277,1,1
1280,0,3
1281,1,1
1282,1,1
1282,0,0
1283,1,1
1284,1,1
1289,1,5
1289,0,0
1290,1,1
1291,1,1
1291,0,0
1292,0,1
1293,1,1
1293,0,0
1294,1,1
1296,0,2
1297,1,1
1298,1,1
1298,0,0
1299,1,1
1299,0,0
1300,1,1
1300,0,0
1301,1,1
1301,0,0
1304,0,3
1305,1,1
1306,1,1
1306,0,0
1308,0,2
1309,1,1
1310,1,1
1311,1,1
1311,0,0
1312,1,1
1313,1,1
1313,0,0
1314,1,1
1314,0,0
1315,1,1
1315,0,0
1316,0,1
1325,1,9
1329,1,4
1330,1,1
1330,0,0
1331,1,1
1332,1,1
1333,1,1
1333,0,0
1334,1,1
1335,1,1
1336,1,1
1336,0,0
1337,1,1
1338,1,1
1339,1,1
1339,0,0
1340,1,1
1341,1,1
1341,0,0
1342,1,1
1343,1,1
1343,0,0
1344,0,1
1345,1,1
1345,0,0
1348,0,3
1353,1,5
1353,0,0
1354,0,1
1356,1,2
1356,0,0
1357,1,1
1358,1,1
1358,0,0
1359,1,1
1360,1,1
1360,0,0
1361,1,1
1362,1,1
1362,0,0
1363,0,1
1364,1,1
1364,0,0
1365,1,1
1365,0,0
1366,1,1
1366,0,0
1367,1,1
1367,0,0
1368,0,1
1369,1,1
1369,0,0
1370,1,1
1370,0,0
1371,0,1
1372,1,1
1381,1,9
1381,0,0
1382,1,1
1382,0,0
1383,1,1
1384,1,1
1384,0,0
1385,1,1
1385,0,0
1386,1,1
1387,1,1
1387,0,0
1388,1,1
1389,1,1
1389,0,0
1391,2,2
1392,0,1
1393,1,1
1393,0,0
1394,1,1
1399,1,5
1400,0,1
1401,0,1
1402,1,1
1403,1,1
1403,0,0
1404,1,1
1405,1,1
1405,0,0
1406,1,1
1406,0,0
1407,1,1
1407,0,0
1408,1,1
1408,0,0
1409,0,1
1410,1,1
1410,0,0
1412,0,2
1413,1,1
1414,1,1
1417,1,3
1417,0,0
1418,1,1
1418,0,0
1419,0,1
1420,1,1
1420,0,0
1421,0,1
1421,0,0
1422,0,1
1424,0,2
1425,1,1
1425,0,0
1426,1,1
1426,0,0
1427,1,1
1427,0,0
1428,1,1
1428,0,0
1429,0,1
1430,1,1
1430,0,0
1432,0,2
1433,1,1
1433,0,0
1434,1,1
1434,0,0
1435,1,1
1436,0,1
1437,1,1
1438,1,1
1438,0,0
1439,1,1
1440,1,1
1445,2,5
1446,0,1
1447,1,1
1447,0,0
1448,1,1
1449,1,1
1450,1,1
1450,0,0
1451,1,1
1451,0,0
1452,1,1
1457,1,5
1457,0,0
1458,1,1
1459,1,1
1460,1,1
1460,0,0
1468,8,8
1469,1,1
1470,1,1
1470,0,0
1471,1,1
1472,1,1
1472,0,0
1473,1,1
1474,1,1
1474,0,0
1475,1,1
1476,1,1
1476,0,0
1477,1,1
1477,0,0
1480,0,3
1481,0,1
1482,1,1
1482,0,0
1483,1,1
1484,1,1
1484,0,0
1485,1,1
1485,0,0
1486,1,1
1487,1,1
1487,0,0
1488,0,1
1492,0,4
1493,0,1
1496,0,3
1497,1,1
1497,0,0
1498,0,1
1499,1,1
1499,0,0
1500,1,1
1509,1,9
1512,0,3
1513,0,1
1513,0,0
1514,0,1
1514,0,0
1515,0,1
1515,0,0
1516,0,1
1516,0,0
1518,2,2
1519,1,1
1520,1,1
1520,0,0
1521,1,1
1522,1,1
1522,0,0
1524,0,2
1525,1,1
1526,1,1
1526,0,0
1528,0,2
1529,1,1
1529,0,0
1533,1,4
1533,0,0
1534,1,1
1536,0,2
1537,1,1
1537,0,0
1538,1,1
1538,0,0
1539,1,1
1540,0,1
1541,1,1
1542,1,1
1542,0,0
1543,1,1
1544,0,1
1545,1,1
1549,1,4
1549,0,0
1552,0,3
1553,1,1
1553,0,0
1554,1,1
1556,1,2
1561,1,5
1561,0,0
1562,1,1
1563,1,1
1563,0,0
1564,1,1
1565,1,1
1565,0,0
1566,1,1
1566,0,0
1567,1,1
1568,1,1
1568,0,0
1569,1,1
1570,1,1
1570,0,0
1571,1,1
1572,1,1
1572,0,0
1580,1,8
1581,1,1
1582,1,1
1582,0,0
1583,1,1
1584,1,1
1584,0,0
1585,1,1
1585,0,0
1586,1,1
1586,0,0
1587,1,1
1588,1,1
1588,0,0
1589,1,1
1593,1,4
1593,0,0
1594,0,1
1595,1,1
1595,0,0
1596,1,1
1597,1,1
1597,0,0
1598,1,1
1598,0,0
1599,1,1
1600,1,1
1600,0,0
1601,1,1
1602,1,1
1602,0,0
1603,1,1
1604,1,1
1608,0,4
1609,1,1
1610,0,1
1611,1,1
1611,0,0
1612,0,1
1613,1,1
1614,1,1
1614,0,0
1616,0,2
1617,1,1
1621,1,4
1621,0,0
1622,0,1
1623,1,1
1624,1,1
1624,0,0
1625,1,1
1626,1,1
1626,0,0
1627,1,1
1628,1,1
1633,1,5
1633,0,0
1634,0,1
1635,1,1
1635,0,0
1636,0,1
1637,1,1
1637,0,0
1638,0,1
1639,1,1
1639,0,0
1640,1,1
1640,0,0
1641,1,1
1641,0,0
1642,1,1
1644,0,2
1645,1,1
1645,0,0
1646,1,1
1646,0,0
1648,0,2
1649,1,1
1649,0,0
1650,1,1
1650,0,0
1651,1,1
1651,0,0
1651,0,0
1652,0,1
1653,1,1
1653,0,0
1654,1,1
1654,0,0
1655,1,1
1656,1,1
1656,0,0
1657,0,1
1658,1,1
1660,0,2
1665,1,5
1665,0,0
1666,1,1
1667,1,1
1667,0,0
1668,0,1
1669,1,1
1669,0,0
1670,1,1
1672,0,2
1673,1,1
1673,0,0
1674,0,1
1675,1,1
1675,0,0
1676,0,1
1677,1,1
1678,1,1
1679,1,1
1679,0,0
1680,1,1
1681,1,1
1681,0,0
1682,1,1
1682,0,0
1683,1,1
1684,1,1
1689,1,5
1689,0,0
1690,1,1
1690,0,0
1691,1,1
1696,1,5
1700,1,4
1701,1,1
1702,1,1
1702,0,0
1703,1,1
1703,0,0
1704,1,1
1704,0,0
1705,1,1
1705,0,0
1705,0,0
1706,0,1
1706,0,0
1707,1,1
1707,0,0
1708,1,1
1708,0,0
1709,1,1
1709,0,0
1710,1,1
1710,0,0
1711,1,1
1711,0,0
1711,0,0
1712,0,1
1713,1,1
1713,0,0
1714,1,1
1714,0,0
1715,1,1
1715,0,0
1716,1,1
1716,0,0
1717,1,1
1717,0,0
1718,1,1
1718,0,0
1719,1,1
1719,0,0
1720,1,1
1720,0,0
1725,1,5
1729,1,4
1730,1,1
1730,0,0
1731,1,1
1731,0,0
1732,1,1
1732,0,0
1733,1,1
1733,0,0
1734,1,1
1734,0,0
1735,0,1
1736,1,1
1736,0,0
1737,1,1
1738,1,1
1738,0,0
1739,1,1
1739,0,0
1740,0,1
1741,1,1
1741,0,0
1742,1,1
1742,0,0
1743,1,1
1744,1,1
1744,0,0
1745,1,1
1745,0,0
1746,1,1
1746,0,0
1747,1,1
1748,1,1
1748,0,0
1749,1,1
1750,1,1
1750,0,0
1751,1,1
1751,0,0
1752,1,1
1761,1,9
1761,0,0
1762,1,1
1762,0,0
1763,1,1
1764,1,1
1764,0,0
1765,1,1
1765,0,0
1766,1,1
1766,0,0
1767,1,1
1767,0,0
1768,1,1
1772,4,4
1774,1,2
1774,0,0
1775,1,1
1775,0,0
1776,1,1
1776,0,0
1777,1,1
1777,0,0
1780,0,3
1782,1,2
1783,1,1
1783,0,0
1784,1,1
1785,1,1
1785,0,0
1786,1,1
1787,1,1
1787,0,0
1788,1,1
1788,0,0
1789,1,1
1789,0,0
1790,1,1
1790,0,0
1791,1,1
1791,0,0
1792,1,1
1792,0,0
1793,1,1
1793,0,0
1794,1,1
1794,0,0
1795,1,1
1795,0,0
1796,1,1
1796,0,0
1799,1,3
1800,1,1
1800,0,0
1801,1,1
1804,0,3
1807,1,3
1807,0,0
1808,0,1
1809,1,1
1809,0,0
1810,1,1
1810,0,0
1810,0,0
1811,1,1
1811,0,0
1812,1,1
1812,0,0
1813,1,1
1813,0,0
1814,1,1
1814,0,0
1815,1,1
1815,0,0
1816,1,1
1816,0,0
1817,1,1
1817,0,0
1817,0,0
1818,1,1
1818,0,0
1819,1,1
1820,0,1
1821,1,1
1821,0,0
1822,1,1
1822,0,0
1823,0,1
1824,1,1
1824,0,0
1828,0,4
1829,1,1
1832,0,3
1833,1,1
1833,0,0
1834,0,1
1835,1,1
1835,0,0
1836,1,1
1837,1,1
1837,0,0
1838,1,1
1838,0,0
1839,1,1
1840,1,1
1840,0,0
1841,1,1
1842,1,1
1842,0,0
1843,1,1
1843,0,0
1844,1,1
1845,1,1
1845,0,0
1846,1,1
1846,0,0
1847,0,1
1848,1,1
1848,0,0
1849,1,1
1850,1,1
1852,0,2
1853,1,1
1853,0,0
1854,1,1
1854,0,0
1854,0,0
1856,0,2
1856,0,0
1857,0,1
1857,0,0
1858,1,1
1858,0,0
1859,1,1
1859,0,0
1860,1,1
1860,0,0
1861,1,1
1861,0,0
1862,1,1
1862,0,0
1863,1,1
1863,0,0
1864,0,1
1864,0,0
1865,0,1
1865,0,0
1866,1,1
1866,0,0
1867,1,1
1867,0,0
1868,1,1
1873,1,5
1873,0,0
1874,1,1
1875,1,1
1875,0,0
1876,1,1
1877,1,1
1877,0,0
1878,1,1
1878,0,0
1879,1,1
1879,0,0
1880,1,1
1880,0,0
1880,0,0
1881,0,1
1881,0,0
1882,1,1
1882,0,0
1883,0,1
1883,0,0
1884,1,1
1884,0,0
1885,0,1
1886,1,1
1886,0,0
1887,1,1
1887,0,0
1888,1,1
1888,0,0
1889,1,1
1889,0,0
1890,1,1
1891,1,1
1891,0,0
1892,1,1
1892,0,0
1893,0,1
1894,1,1
1894,0,0
1895,1,1
1896,1,1
1896,0,0
1897,1,1
1898,1,1
1898,0,0
1899,1,1
1900,0,1
1900,0,0
1901,0,1
1901,0,0
1902,1,1
1902,0,0
1903,1,1
1903,0,0
1904,1,1
1904,0,0
1905,1,1
1905,0,0
1905,0,0
1906,1,1
1908,0,2
1909,1,1
1909,0,0
1909,0,0
1910,1,1
1911,1,1
1911,0,0
1912,1,1
1912,0,0
1914,1,2
1915,1,1
1915,0,0
1916,1,1
1916,0,0
1917,1,1
1918,1,1
1918,0,0
1919,1,1
1919,0,0
1920,0,1
1924,0,4
1925,0,1
1926,1,1
1926,0,0
1927,1,1
1928,1,1
1928,0,0
1929,1,1
1930,1,1
1930,0,0
1931,1,1
1931,0,0
1932,1,1
1933,1,1
1933,0,0
1934,1,1
1934,0,0
1935,1,1
1936,1,1
1936,0,0
1937,1,1
1937,0,0
1938,0,1
1939,1,1
1940,1,1
1940,0,0
1941,1,1
1941,0,0
1942,0,1
1942,0,0
1943,0,1
1944,1,1
1945,1,1
1946,1,1
1947,1,1
1947,0,0
1948,1,1
1949,1,1
1950,1,1
1951,1,1
1951,0,0
1952,1,1
1952,0,0
1956,0,4
1957,0,1
1958,1,1
1958,0,0
1959,1,1
1959,0,0
1960,0,1
1961,1,1
1961,0,0
1962,1,1
1963,1,1
1964,1,1
1964,0,0
1965,1,1
1965,0,0
1966,1,1
1966,0,0
1967,0,1
1968,1,1
1969,1,1
1969,0,0
1970,1,1
1970,0,0
1971,1,1
1972,1,1
1972,0,0
1973,1,1
1973,0,0
1974,1,1
1974,0,0
1975,1,1
1976,1,1
1976,0,0
1977,1,1
1977,0,0
1978,0,1
1979,1,1
1979,0,0
1980,0,1
1981,1,1
1984,0,3
1985,1,1
1993,1,8
1993,0,0
1994,1,1
1994,0,0
1995,0,1
1996,1,1
1996,0,0
1997,1,1
1998,1,1
1998,0,0
1999,1,1
2000,1,1
2000,0,0
2001,0,1
2002,1,1
2002,0,0
2003,1,1
2003,0,0
2004,0,1
2005,1,1
2005,0,0
2006,1,1
2006,0,0
2007,0,1
2008,1,1
2008,0,0
2009,1,1
2009,0,0
2009,0,0
2011,0,2
2012,0,1
2013,1,1
2013,0,0
2013,0,0
2017,1,4
2017,0,0
2018,1,1
2019,1,1
2019,0,0
2020,1,1
2020,0,0
2021,1,1
2022,1,1
2022,0,0
2024,0,2
2025,1,1
2025,0,0
2026,0,1
2027,1,1
2027,0,0
2028,1,1
2028,0,0
2029,0,1
2030,1,1
2030,0,0
2031,1,1
2031,0,0
2032,0,1
2033,1,1
2036,0,3
2040,0,4
2041,0,1
2042,1,1
2042,0,0
2043,0,1
2044,1,1
2044,0,0
2045,1,1
2046,1,1
2046,0,0
2047,1,1
2047,0,0
2048,0,1
2049,1,1
2049,0,0
2050,1,1
2051,1,1
2052,1,1
2052,0,0
2053,1,1
2053,0,0
2054,1,1
2054,0,0
2054,0,0
2055,1,1
2055,0,0
2056,1,1
2056,0,0
2057,1,1
2057,0,0
2058,1,1
2058,0,0
2058,0,0
2059,1,1
2059,0,0
2060,0,1
2060,0,0
2061,1,1
2062,1,1
2063,0,1
2064,1,1
2069,1,5
2069,0,0
2070,0,1
2071,1,1
2072,0,1
2073,1,1
2073,0,0
2074,1,1
2075,1,1
2075,0,0
2076,1,1
2077,1,1
2077,0,0
2080,0,3
2081,0,1
2082,1,1
2082,0,0
2083,1,1
2084,1,1
2084,0,0
2085,1,1
2085,0,0
2086,0,1
2087,1,1
2087,0,0
2088,1,1
2089,1,1
2089,0,0
2090,1,1
2090,0,0
2091,1,1
2092,1,1
2092,0,0
2093,1,1
2093,0,0
2094,0,1
2095,1,1
2095,0,0
2096,1,1
2097,1,1
2100,0,3
2104,0,4
2105,1,1
2105,0,0
2106,1,1
2106,0,0
2107,1,1
2107,0,0
2107,0,0
2108,1,1
2108,0,0
2109,1,1
2109,0,0
2110,1,1
2110,0,0
2110,0,0
2111,1,1
2111,0,0
2112,1,1
2112,0,0
2113,1,1
2113,0,0
2114,1,1
2114,0,0
2115,1,1
2115,0,0
2116,1,1
2116,0,0
2117,1,1
2117,0,0
2118,1,1
2118,0,0
2119,1,1
2119,0,0
2120,0,1
2120,0,0
2121,0,1
2122,1,1
2122,0,0
2123,1,1
2124,1,1
2129,1,5
2132,0,3
2133,1,1
2134,1,1
2134,0,0
2135,1,1
2136,1,1
2136,0,0
2137,1,1
2138,1,1
2138,0,0
2139,1,1
2139,0,0
2140,1,1
2141,1,1
2141,0,0
2142,1,1
2142,0,0
2143,1,1
2143,0,0
2144,1,1
2144,0,0
2145,1,1
2145,0,0
2146,1,1
2146,0,0
2147,1,1
2147,0,0
2148,1,1
2148,0,0
2149,1,1
2149,0,0
2150,1,1
2150,0,0
2150,0,0
2151,0,1
2151,0,0
2152,0,1
2153,1,1
2153,0,0
2154,1,1
2157,1,3
2158,1,1
2158,0,0
2159,1,1
2159,0,0
2160,1,1
2160,0,0
2161,1,1
2162,1,1
2162,0,0
2163,1,1
2163,0,0
2164,1,1
2168,0,4
2169,1,1
2169,0,0
2170,1,1
2170,0,0
2171,1,1
2171,0,0
2172,0,1
2173,1,1
2173,0,0
2173,0,0
2174,0,1
2174,0,0
2175,1,1
2176,0,1
2177,1,1
2177,0,0
2177,0,0
2178,0,1
2178,0,0
2179,1,1
2179,0,0
2180,1,1
2180,0,0
2183,0,3
2184,0,1
2185,1,1
2185,0,0
2185,0,0
2186,0,1
2186,0,0
2187,0,1
2187,0,0
2188,1,1
2188,0,0
2189,1,1
2189,0,0
2190,1,1
2190,0,0
2191,0,1
2191,0,0
2192,1,1
2192,0,0
2193,0,1
2193,0,0
2194,0,1
2194,0,0
2195,0,1
2196,1,1
2196,0,0
2197,1,1
2197,0,0
2198,0,1
2199,1,1
2199,0,0
2200,1,1
2201,0,1
2201,0,0
2202,0,1
2204,0,2
2205,1,1
2205,0,0
2206,1,1
2206,0,0
2207,1,1
2207,0,0
2207,0,0
2208,0,1
2212,1,4
2213,1,1
2213,0,0
2214,1,1
2214,0,0
2215,1,1
2215,0,0
2216,1,1
2216,0,0
2217,1,1
2217,0,0
2217,0,0
2218,1,1
2218,0,0
2220,0,2
2221,1,1
2221,0,0
2222,1,1
2222,0,0
2222,0,0
2223,1,1
2224,1,1
2224,0,0
2225,1,1
2225,0,0
2225,0,0
2226,0,1
2226,0,0
2227,1,1
2227,0,0
2228,1,1
2232,0,4
2233,1,1
2233,0,0
2234,1,1
2235,1,1
2235,0,0
2236,1,1
2236,0,0
2237,0,1
2238,1,1
2238,0,0
2239,1,1
2240,0,1
2241,1,1
2241,0,0
2242,0,1
2243,1,1
2243,0,0
2244,1,1
2248,0,4
2249,0,1
2250,1,1
2250,0,0
2251,1,1
2252,1,1
2252,0,0
2253,1,1
2253,0,0
2254,0,1
2255,1,1
2255,0,0
2256,1,1
2256,0,0
2257,0,1
2258,1,1
2258,0,0
2259,1,1
2259,0,0
2260,0,1
2261,1,1
2262,1,1
2262,0,0
2264,0,2
2264,0,0
2265,0,1
2265,0,0
2266,1,1
2266,0,0
2267,1,1
2267,0,0
2268,1,1
2268,0,0
2268,0,0
2269,1,1
2269,0,0
2270,1,1
2270,0,0
2270,0,0
2271,1,1
2271,0,0
2272,1,1
2272,0,0
2273,1,1
2276,0,3
2277,1,1
2280,0,3
2281,1,1
2281,0,0
2282,1,1
2282,0,0
2283,1,1
2283,0,0
2283,0,0
2284,0,1
2284,0,0
2285,1,1
2285,0,0
2286,1,1
2286,0,0
2287,1,1
2287,0,0
2288,1,1
2288,0,0
2289,1,1
2289,0,0
2290,1,1
2290,0,0
2291,1,1
2291,0,0
2292,1,1
2292,0,0
2292,0,0
2293,1,1
2293,0,0
2294,1,1
2294,0,0
2295,1,1
2295,0,0
2296,1,1
2296,0,0
2297,1,1
2298,1,1
2298,0,0
2299,1,1
2299,0,0
2300,0,1
2304,0,4
2305,1,1
2306,1,1
2306,0,0
2307,1,1
2308,1,1
2308,0,0
2309,1,1
2312,1,3
2313,1,1
2313,0,0
2314,0,1
2315,1,1
2315,0,0
2316,1,1
2316,0,0
2317,0,1
2318,1,1
2318,0,0
2319,1,1
2319,0,0
2320,1,1
2320,0,0
2321,0,1
2322,1,1
2322,0,0
2323,1,1
2323,0,0
2324,0,1
2325,1,1
2328,0,3
2329,0,1
2330,1,1
2330,0,0
2331,0,1
2332,1,1
2336,0,4
2337,0,1
2338,1,1
2339,1,1
2339,0,0
2341,0,2
2342,1,1
2342,0,0
2343,1,1
2343,0,0
2344,1,1
2344,0,0
2345,1,1
2345,0,0
2346,0,1
2346,0,0
2347,1,1
2347,0,0
2348,1,1
2348,0,0
2349,1,1
2349,0,0
2350,1,1
2350,0,0
2351,1,1
2351,0,0
2352,1,1
2352,0,0
2353,1,1
2353,0,0
2353,0,0
2356,0,3
2357,1,1
2357,0,0
2358,1,1
2358,0,0
2359,1,1
2359,0,0
2360,1,1
2360,0,0
2361,0,1
2362,1,1
2362,0,0
2363,1,1
2363,0,0
2364,0,1
2365,1,1
2365,0,0
2366,1,1
2366,0,0
2367,1,1
2368,1,1
2372,0,4
2373,0,1
2373,0,0
2374,1,1
2374,0,0
2375,1,1
2375,0,0
2376,0,1
2377,1,1
2377,0,0
2377,0,0
2378,0,1
2380,0,2
2381,1,1
2381,0,0
2382,1,1
2382,0,0
2383,1,1
2383,0,0
2383,0,0
2384,1,1
2385,1,1
2385,0,0
2386,1,1
2386,0,0
2387,0,1
2388,1,1
2388,0,0
2389,0,1
2390,1,1
2390,0,0
2391,1,1
2391,0,0
2392,0,1
2396,0,4
2397,0,1
2398,1,1
2398,0,0
2399,1,1
2399,0,0
2400,0,1
2401,1,1
2401,0,0
2402,1,1
2402,0,0
2403,1,1
2403,0,0
2404,1,1
2404,0,0
2405,1,1
2405,0,0
2406,1,1
2408,0,2
2409,1,1
2409,0,0
2409,0,0
2410,0,1
2410,0,0
2411,1,1
2411,0,0
2412,1,1
2412,0,0
2413,0,1
2414,1,1
2414,0,0
2415,1,1
2415,0,0
2416,1,1
2417,1,1
2417,0,0
2418,1,1
2419,1,1
2419,0,0
2420,1,1
2420,0,0
2421,1,1
2424,0,3
2425,1,1
2428,0,3
2429,0,1
2430,1,1
2430,0,0
2431,1,1
2431,0,0
2432,0,1
2433,1,1
2433,0,0
2434,1,1
2435,1,1
2435,0,0
2436,1,1
2437,1,1
2437,0,0
2438,1,1
2438,0,0
2439,1,1
2439,0,0
2440,0,1
2441,1,1
2441,0,0
2442,1,1
2442,0,0
2443,0,1
2444,1,1
2444,0,0
2448,0,4
2449,1,1
2452,1,3
2453,1,1
2454,1,1
2454,0,0
2455,1,1
2455,0,0
2456,0,1
2457,1,1
2457,0,0
2458,1,1
2459,1,1
2459,0,0
2460,1,1
2461,1,1
2461,0,0
2462,1,1
2462,0,0
2463,0,1
2464,1,1
2464,0,0
2465,0,1
2466,1,1
2466,0,0
2467,1,1
2467,0,0
2468,0,1
2469,1,1
2472,0,3
2473,0,1
2474,1,1
2474,0,0
2475,1,1
2476,1,1
2476,0,0
2480,0,4
2481,0,1
2482,1,1
2482,0,0
2483,1,1
2483,0,0
2484,0,1
2485,1,1
2485,0,0
2486,1,1
2486,0,0
2487,1,1
2488,1,1
2488,0,0
2489,1,1
2489,0,0
2490,1,1
2490,0,0
2491,1,1
2492,1,1
2492,0,0
2493,1,1
2493,0,0
2494,1,1
2494,0,0
2495,1,1
2496,0,1
2496,0,0
2497,1,1
2497,0,0
2498,1,1
2498,0,0
2499,1,1
2499,0,0
2499,0,0
2500,0,1
2500,0,0
2502,1,2
2502,0,0
2503,1,1
2503,0,0
2504,1,1
2504,0,0
2505,1,1
2505,0,0
2508,0,3
2509,1,1
2509,0,0
2510,1,1
2510,0,0
2512,0,2
2513,1,1
2513,0,0
2514,1,1
2515,1,1
2515,0,0
2516,1,1
2516,0,0
2517,1,1
2518,1,1
2518,0,0
2519,1,1
2519,0,0
2520,1,1
2520,0,0
2521,1,1
2521,0,0
2521,0,0
2522,1,1
2522,0,0
2523,1,1
2523,0,0
2524,1,1
2528,0,4
2529,1,1
2529,0,0
2530,1,1
2530,0,0
2532,0,2
2533,1,1
2533,0,0
2534,1,1
2534,0,0
2534,0,0
2535,1,1
2535,0,0
2536,1,1
2536,0,0
2537,1,1
2537,0,0
2538,1,1
2538,0,0
2539,1,1
2539,0,0
2539,0,0
2540,0,1
2540,0,0
2541,1,1
2544,0,3
2545,1,1
2546,1,1
2546,0,0
2547,1,1
2548,1,1
2548,0,0
2549,1,1
2549,0,0
2550,1,1
2550,0,0
2551,0,1
2552,1,1
2552,0,0
2553,1,1
2553,0,0
2554,1,1
2554,0,0
2555,0,1
2556,1,1
2556,0,0
2557,1,1
2557,0,0
2558,1,1
2558,0,0
2559,1,1
2559,0,0
2560,0,1
2561,1,1
2563,1,2
2563,0,0
2564,1,1
2568,0,4
2569,0,1
2570,1,1
2570,0,0
2571,1,1
2571,0,0
2572,1,1
2572,0,0
2573,0,1
2574,1,1
2574,0,0
2575,1,1
2575,0,0
2576,1,1
2580,0,4
2581,1,1
2581,0,0
2582,1,1
2582,0,0
2582,0,0
2583,0,1
2583,0,0
2584,1,1
2584,0,0
2585,1,1
2585,0,0
2586,1,1
2586,0,0
2586,0,0
2587,1,1
2587,0,0
2588,1,1
2588,0,0
2588,0,0
2589,1,1
2589,0,0
2590,1,1
2590,0,0
2590,0,0
2591,0,1
2591,0,0
2592,1,1
2592,0,0
2593,1,1
2593,0,0
2593,0,0
2594,1,1
2594,0,0
2595,1,1
2595,0,0
2595,0,0
2596,1,1
2596,0,0
2597,1,1
2597,0,0
2600,0,3
2601,1,1
2601,0,0
2602,1,1
2603,1,1
2604,1,1
2605,0,1
2606,1,1
2606,0,0
2607,1,1
2607,0,0
2608,1,1
2609,1,1
2609,0,0
2610,1,1
2610,0,0
2611,1,1
2612,0,1
2613,1,1
2613,0,0
2614,0,1
2615,1,1
2615,0,0
2616,1,1
2617,1,1
2620,0,3
2621,0,1
2622,1,1
2622,0,0
2623,0,1
2624,0,1
2625,1,1
2625,0,0
2626,0,1
2627,1,1
2628,0,1
2629,1,1
2629,0,0
2630,0,1
2631,1,1
2631,0,0
2632,1,1
2633,1,1
2633,0,0
2634,1,1
2636,0,2
2637,1,1
2638,1,1
2638,0,0
2639,1,1
2640,1,1
2640,0,0
2641,1,1
2641,0,0
2642,0,1
2643,1,1
2643,0,0
2644,1,1
2644,0,0
2649,1,5
2649,0,0
2650,1,1
2650,0,0
2651,1,1
2652,1,1
2653,1,1
2653,0,0
2656,0,3
2657,1,1
2658,1,1
2658,0,0
2659,1,1
2659,0,0
2660,0,1
2661,1,1
2661,0,0
2662,0,1
2663,1,1
2663,0,0
2664,1,1
2664,0,0
2665,1,1
2665,0,0
2666,0,1
2667,1,1
2667,0,0
2668,1,1
2668,0,0
2669,0,1
2670,1,1
2670,0,0
2671,1,1
2671,0,0
2672,1,1
2673,1,1
2677,1,4
2681,1,4
2681,0,0
2682,1,1
2683,1,1
2683,0,0
2684,1,1
2684,0,0
2685,0,1
2686,1,1
2686,0,0
2687,1,1
2688,1,1
2688,0,0
2689,1,1
2690,1,1
2690,0,0
2691,1,1
2691,0,0
2692,1,1
2692,0,0
2693,0,1
2694,1,1
2694,0,0
2695,1,1
2695,0,0
2696,1,1
2697,1,1
2697,0,0
2698,1,1
2698,0,0
2699,1,1
2700,1,1
2700,0,0
2704,0,4
2705,0,1
2706,1,1
2706,0,0
2707,1,1
2708,1,1
2708,0,0
2709,1,1
2709,0,0
2710,1,1
2710,0,0
2711,0,1
2712,1,1
2712,0,0
2713,1,1
2714,1,1
2714,0,0
2715,1,1
2716,0,1
2717,1,1
2718,1,1
2720,0,2
2721,1,1
2721,0,0
2722,0,1
2723,1,1
2724,0,1
2725,1,1
2725,0,0
2726,1,1
2727,1,1
2727,0,0
2728,1,1
2728,0,0
2729,1,1
2729,0,0
2730,1,1
2730,0,0
2732,0,2
2733,1,1
2733,0,0
2734,1,1
2734,0,0
2735,1,1
2735,0,0
2735,0,0
2736,0,1
2740,0,4
2741,1,1
2741,0,0
2742,1,1
2742,0,0
2742,0,0
2743,0,1
2743,0,0
2744,0,1
2748,0,4
2749,0,1
2750,1,1
2750,0,0
2751,1,1
2752,1,1
2752,0,0
2753,1,1
2754,1,1
2754,0,0
2755,1,1
2755,0,0
2756,0,1
2757,1,1
2757,0,0
2758,1,1
2758,0,0
2759,1,1
2759,0,0
2760,1,1
2761,1,1
2761,0,0
2762,1,1
2762,0,0
2763,1,1
2763,0,0
2764,1,1
2764,0,0
2765,0,1
2766,1,1
2766,0,0
2767,1,1
2767,0,0
2768,1,1
2768,0,0
2768,0,0
2769,0,1
2770,1,1
2772,0,2
2773,1,1
2773,0,0
2774,1,1
2774,0,0
2774,0,0
2775,0,1
2775,0,0
2776,1,1
2776,0,0
2780,0,4
2781,0,1
2781,0,0
2782,0,1
2782,0,0
2783,1,1
2783,0,0
2784,1,1
2784,0,0
2785,1,1
2785,0,0
2785,0,0
2786,1,1
2786,0,0
2787,1,1
2787,0,0
2788,1,1
2792,0,4
2793,1,1
2793,0,0
2794,1,1
2794,0,0
2794,0,0
2795,0,1
2795,0,0
2796,0,1
2796,0,0
2797,1,1
2797,0,0
2798,1,1
2798,0,0
2798,0,0
2799,1,1
2799,0,0
2800,1,1
2800,0,0
2801,1,1
2801,0,0
2801,0,0
2802,1,1
2802,0,0
2803,1,1
2803,0,0
2803,0,0
2804,0,1
2804,0,0
2805,1,1
2805,0,0
2806,1,1
2806,0,0
2806,0,0
2807,1,1
2807,0,0
2808,1,1
2812,0,4
2813,1,1
2813,0,0
2814,1,1
2814,0,0
2815,1,1
2815,0,0
2816,1,1
2816,0,0
2817,1,1
2817,0,0
2817,0,0
2818,1,1
2818,0,0
2819,1,1
2819,0,0
2820,1,1
2820,0,0
2820,0,0
2821,0,1
2821,0,0
2822,1,1
2822,0,0
2823,1,1
2824,0,1
2824,0,0
2825,0,1
2825,0,0
2826,1,1
2826,0,0
2827,1,1
2827,0,0
2827,0,0
2828,0,1
2828,0,0
2829,1,1
2829,0,0
2830,1,1
2830,0,0
2831,1,1
2831,0,0
2831,0,0
2836,0,5
2837,0,1
2838,1,1
2838,0,0
2839,0,1
2840,1,1
2840,0,0
2841,1,1
2842,1,1
2842,0,0
2843,1,1
2843,0,0
2844,1,1
2845,1,1
2845,0,0
2846,1,1
2846,0,0
2848,0,2
2849,1,1
2849,0,0
2849,0,0
2850,1,1
2850,0,0
2851,1,1
2851,0,0
2852,1,1
2853,1,1
2853,0,0
2854,1,1
2854,0,0
2854,0,0
2855,0,1
2856,1,1
2856,0,0
2857,1,1
2857,0,0
2858,1,1
2860,0,2
2861,1,1
2861,0,0
2862,1,1
2862,0,0
2863,1,1
2863,0,0
2864,0,1
2865,1,1
2865,0,0
2866,1,1
2867,1,1
2867,0,0
2868,1,1
2868,0,0
2869,1,1
2872,0,3
2873,1,1
2873,0,0
2876,0,3
2877,1,1
2877,0,0
2878,1,1
2878,0,0
2878,0,0
2879,1,1
2879,0,0
2880,1,1
2880,0,0
2881,1,1
2882,1,1
2882,0,0
2883,1,1
2883,0,0
2883,0,0
2884,1,1
2884,0,0
2885,1,1
2885,0,0
2886,1,1
2886,0,0
2887,1,1
2887,0,0
2888,1,1
2889,1,1
2889,0,0
2890,1,1
2890,0,0
2890,0,0
2892,0,2
2893,1,1
2893,0,0
2893,0,0
2894,0,1
2894,0,0
2896,0,2
2897,1,1
2897,0,0
2898,1,1
2898,0,0
2899,1,1
2899,0,0
2900,1,1
2901,1,1
2904,1,3
2904,0,0
2905,1,1
2905,0,0
2906,1,1
2906,0,0
2907,1,1
2908,0,1
2909,1,1
2909,0,0
2909,0,0
2910,1,1
2910,0,0
2911,1,1
2911,0,0
2912,1,1
2912,0,0
2913,1,1
2913,0,0
2914,1,1
2914,0,0
2914,0,0
2916,0,2
2917,1,1
2917,0,0
2918,1,1
2918,0,0
2919,1,1
2919,0,0
2920,1,1
2920,0,0
2925,1,5
2926,1,1
2928,0,2
2929,1,1
2929,0,0
2930,1,1
2930,0,0
2931,1,1
2931,0,0
2932,1,1
2933,1,1
2933,0,0
2934,1,1
2934,0,0
2935,1,1
2935,0,0
2936,0,1
2937,1,1
2937,0,0
2938,1,1
2939,1,1
2939,0,0
2940,1,1
2940,0,0
2941,0,1
2942,1,1
2942,0,0
2944,0,2
2945,1,1
2945,0,0
2946,0,1
2947,1,1
2947,0,0
2948,1,1
2948,0,0
2949,1,1
2949,0,0
2950,1,1
2950,0,0
2951,0,1
2952,1,1
2952,0,0
2953,1,1
2953,0,0
2956,0,3
2960,0,4
2961,1,1
2961,0,0
2962,1,1
2962,0,0
2963,1,1
2963,0,0
2964,1,1
2964,0,0
2965,1,1
2965,0,0
2966,1,1
2966,0,0
2967,1,1
2967,0,0
2967,0,0
2968,1,1
2968,0,0
2969,1,1
2969,0,0
2970,1,1
2970,0,0
2971,1,1
2971,0,0
2972,0,1
2972,0,0
2973,0,1
2973,0,0
2974,1,1
2974,0,0
2975,1,1
2975,0,0
2976,1,1
2980,0,4
2981,1,1
2981,0,0
2982,1,1
2982,0,0
2983,1,1
2983,0,0
2984,1,1
2984,0,0
2985,1,1
2985,0,0
2988,0,3
2989,1,1
2989,0,0
2990,1,1
2990,0,0
2991,1,1
2991,0,0
2992,1,1
2992,0,0
2993,0,1
2994,1,1
2994,0,0
2995,1,1
2995,0,0
2996,0,1
2997,1,1
2997,0,0
2998,1,1
2998,0,0
2999,1,1
3000,1,1
3000,0,0
3001,1,1
3001,0,0
3002,0,1
3003,1,1
3003,0,0
3004,1,1
3005,1,1
3005,0,0
3006,1,1
3006,0,0
3008,0,2
3009,1,1
3009,0,0
3010,0,1
3012,0,2
3013,1,1
3014,1,1
3014,0,0
3015,1,1
3015,0,0
3016,1,1
3016,0,0
3017,1,1
3018,1,1
3018,0,0
3020,0,2
3021,1,1
3022,1,1
3022,0,0
3023,1,1
3023,0,0
3024,0,1
3025,1,1
3028,0,3
3029,0,1
3030,1,1
3030,0,0
3031,1,1
3032,1,1
3032,0,0
3033,1,1
3036,0,3
3037,0,1
3038,1,1
3038,0,0
3039,1,1
3040,1,1
3040,0,0
3041,1,1
3042,1,1
3042,0,0
3043,1,1
3044,1,1
3044,0,0
3045,1,1
3045,0,0
3046,0,1
3047,1,1
3047,0,0
3048,1,1
3049,1,1
3049,0,0
3050,1,1
3051,1,1
3051,0,0
3052,0,1
3053,1,1
3054,1,1
3054,0,0
3056,0,2
3061,1,5
3061,0,0
3062,1,1
3062,0,0
3063,0,1
3064,1,1
3064,0,0
3065,1,1
3066,1,1
3066,0,0
3067,1,1
3068,1,1
3068,0,0
3069,1,1
3070,1,1
3073,1,3
3073,0,0
3074,1,1
3075,1,1
3075,0,0
3076,1,1
3077,1,1
3077,0,0
3078,1,1
3078,0,0
3079,1,1
3080,1,1
3080,0,0
3081,1,1
3082,1,1
3082,0,0
3083,1,1
3083,0,0
3084,0,1
3085,1,1
3085,0,0
3086,1,1
3089,1,3
3093,1,4
3093,0,0
3094,0,1
3095,1,1
3095,0,0
3096,1,1
3097,1,1
3097,0,0
3098,1,1
3099,1,1
3099,0,0
3100,1,1
3101,1,1
3101,0,0
3102,1,1
3104,0,2
3105,1,1
3106,1,1
3106,0,0
3107,1,1
3107,0,0
3108,0,1
3109,1,1
3109,0,0
3110,1,1
3111,1,1
3111,0,0
3112,0,1
3113,1,1
3113,0,0
3116,1,3
3116,0,0
3117,0,1
3120,0,3
3121,0,1
3122,1,1
3122,0,0
3123,1,1
3124,1,1
3124,0,0
3125,0,1
3126,1,1
3126,0,0
3128,2,2
3129,1,1
3129,0,0
3132,0,3
3133,0,1
3134,1,1
3134,0,0
3135,1,1
3136,1,1
3136,0,0
3137,1,1
3138,1,1
3138,0,0
3139,1,1
3140,1,1
3140,0,0
3141,1,1
3141,0,0
3145,1,4
3145,0,0
3146,1,1
3147,1,1
3147,0,0
3148,1,1
3149,1,1
3149,0,0
3150,1,1
3150,0,0
3151,1,1
3152,1,1
3153,0,1
3154,1,1
3155,1,1
3155,0,0
3156,1,1
3157,1,1
3157,0,0
3158,1,1
3160,0,2
3161,1,1
3162,1,1
3162,0,0
3164,0,2
3165,1,1
3166,1,1
3166,0,0
3167,1,1
3168,1,1
3168,0,0
3169,1,1
3169,0,0
3170,1,1
3171,1,1
3171,0,0
3172,1,1
3173,1,1
3181,1,8
3181,0,0
3182,0,1
3183,1,1
3183,0,0
3184,0,1
3185,1,1
3185,0,0
3186,1,1
3187,1,1
3187,0,0
3188,1,1
3189,1,1
3189,0,0
3190,1,1
3191,1,1
3191,0,0
3192,1,1
3192,0,0
3193,1,1
3194,1,1
3194,0,0
3195,1,1
3196,1,1
3196,0,0
3197,1,1
3198,1,1
3198,0,0
3199,1,1
3199,0,0
3200,1,1
3201,1,1
3201,0,0
3204,0,3
3205,0,1
3206,1,1
3206,0,0
3207,1,1
3208,1,1
3208,0,0
3209,1,1
3210,1,1
3210,0,0
3211,1,1
3212,1,1
3212,0,0
3216,1,4
3217,1,1
3217,0,0
3218,1,1
3219,1,1
3219,0,0
3220,1,1
3221,1,1
3221,0,0
3222,1,1
3222,0,0
3223,1,1
3224,1,1
3229,1,5
3229,0,0
3230,1,1
3231,1,1
3231,0,0
3232,1,1
3233,1,1
3233,0,0
3234,1,1
3235,1,1
3235,0,0
3236,1,1
3236,0,0
3237,1,1
3238,1,1
3238,0,0
3239,1,1
3239,0,0
3240,0,1
3241,1,1
3241,0,0
3244,0,3
3245,1,1
3246,1,1
3246,0,0
3247,1,1
3247,0,0
3248,0,1
3249,1,1
3249,0,0
3250,1,1
3251,1,1
3251,0,0
3252,1,1
3252,0,0
3253,0,1
3254,1,1
3254,0,0
3255,1,1
3256,1,1
3256,0,0
3257,1,1
3257,0,0
3258,0,1
3259,1,1
3260,0,1
3261,1,1
3265,1,4
3265,0,0
3266,1,1
3267,1,1
3267,0,0
3268,1,1
3273,1,5
3273,0,0
3274,0,1
3275,1,1
3275,0,0
3276,1,1
3277,1,1
3277,0,0
3278,1,1
3278,0,0
3279,0,1
3280,1,1
3280,0,0
3281,1,1
3282,1,1
3282,0,0
3283,1,1
3285,2,2
3286,1,1
3286,0,0
3287,1,1
3287,0,0
3293,1,6
3293,0,0
3300,7,7
3340,40,40
3340,40,0
3340,40,0
3340,40,0
3340,39,0
3340,39,0
3340,39,0
3340,39,0
3340,39,0
3340,39,0
3346,44,6
3346,44,0
3346,44,0
3346,44,0
3346,44,0
3346,44,0
3346,42,0
3346,38,0
3346,38,0
3346,38,0
3347,39,1
3347,39,0
3347,38,0
3347,38,0
3347,38,0
3347,38,0
3347,38,0
3347,38,0
3347,35,0
3347,32,0
3350,34,3
3350,34,0
3350,34,0
3350,34,0
3350,34,0
3350,34,0
3350,34,0
3350,33,0
3350,33,0
3350,33,0
3350,30,0
3350,26,0
3350,26,0
3350,26,0
3350,26,0
3350,26,0
3350,25,0
3350,25,0
3350,25,0
3350,25,0
3350,22,0
3350,18,0
3350,18,0
3354,22,4
3354,22,0
3354,22,0
3354,22,0
3354,21,0
3354,21,0
3354,21,0
3354,21,0
3354,21,0
3354,21,0
3354,20,0
3354,20,0
3354,20,0
3354,20,0
3354,20,0
3354,18,0
3354,18,0
3354,18,0
3354,18,0
3354,18,0
3354,18,0
3354,17,0
3354,17,0
3354,14,0
3354,13,0
3354,13,0
3354,13,0
3354,13,0
3354,13,0
3354,8,0
3355,1,1
3355,0,0
3356,1,1
3356,0,0
3357,0,1
3358,1,1
3358,0,0
3359,1,1
3359,0,0
3360,1,1
3361,1,1
3362,1,1
3363,1,1
3363,0,0
3365,1,2
3365,0,0
3366,1,1
3366,0,0
3367,0,1
3368,0,1
3369,1,1
3369,0,0
3370,1,1
3370,0,0
3372,0,2
3373,1,1
3376,0,3
3377,1,1
3377,0,0
3378,1,1
3378,0,0
3379,0,1
3380,1,1
3380,0,0
3381,1,1
3381,0,0
3382,1,1
3383,1,1
3383,0,0
3384,0,1
3385,1,1
3385,0,0
3386,1,1
3386,0,0
3388,0,2
3389,1,1
3389,0,0
3390,0,1
3391,1,1
3391,0,0
3392,1,1
3393,1,1
3393,0,0
3394,1,1
3394,0,0
3395,1,1
3396,1,1
3396,0,0
3400,0,4
3401,0,1
3402,1,1
3402,0,0
3403,1,1
3403,0,0
3404,0,1
3405,1,1
3405,0,0
3406,1,1
3408,0,2
3409,1,1
3409,0,0
3409,0,0
3410,1,1
3410,0,0
3411,1,1
3411,0,0
3412,1,1
3412,0,0
3413,1,1
3413,0,0
3414,1,1
3414,0,0
3415,1,1
3415,0,0
3416,1,1
3417,1,1
3417,0,0
3418,1,1
3418,0,0
3419,0,1
3420,1,1
3421,1,1
3421,0,0
3422,1,1
3422,0,0
3423,1,1
3424,0,1
3425,1,1
3426,1,1
3426,0,0
3427,1,1
3428,0,1
3429,1,1
3429,0,0
3432,0,3
3433,1,1
3433,0,0
3434,1,1
3434,0,0
3434,0,0
3435,0,1
3435,0,0
3436,0,1
3436,0,0
3437,1,1
3437,0,0
3440,0,3
3441,1,1
3441,0,0
3442,1,1
3442,0,0
3443,1,1
3443,0,0
3444,1,1
3445,1,1
3445,0,0
3446,1,1
3446,0,0
3447,1,1
3447,0,0
3448,1,1
3448,0,0
3449,0,1
3450,1,1
3450,0,0
3451,1,1
3452,0,1
3453,1,1
3453,0,0
3454,1,1
3455,1,1
3455,0,0
3456,1,1
3456,0,0
3457,1,1
3458,1,1
3458,0,0
3460,0,2
3465,1,5
3465,0,0
3466,1,1
3466,0,0
3467,1,1
3468,1,1
3468,0,0
3469,1,1
3469,0,0
3470,1,1
3470,0,0
3471,0,1
3472,1,1
3472,0,0
3473,1,1
3473,0,0
3476,0,3
3477,1,1
3478,1,1
3478,0,0
3479,1,1
3479,0,0
3480,1,1
3480,0,0
3481,1,1
3481,0,0
3482,0,1
3483,1,1
3483,0,0
3484,1,1
3484,0,0
3485,1,1
3485,0,0
3486,0,1
3487,1,1
3487,0,0
3488,1,1
3489,1,1
3489,0,0
3490,1,1
3490,0,0
3491,1,1
3491,0,0
3492,1,1
3497,1,5
3500,0,3
3501,1,1
3502,1,1
3502,0,0
3503,1,1
3504,1,1
3504,0,0
3505,1,1
3505,0,0
3506,1,1
3506,0,0
3507,0,1
3508,1,1
3508,0,0
3509,1,1
3509,0,0
3510,1,1
3510,0,0
3511,0,1
3512,1,1
3512,0,0
3513,0,1
3514,1,1
3514,0,0
3515,1,1
3515,0,0
3516,0,1
3517,1,1
3518,1,1
3519,1,1
3519,0,0
3520,1,1
3521,1,1
3521,0,0
3522,1,1
3522,0,0
3524,0,2
3525,1,1
3525,0,0
3526,0,1
3527,1,1
3527,0,0
3528,1,1
3533,1,5
3533,0,0
3534,1,1
3534,0,0
3535,1,1
3536,1,1
3536,0,0
3540,0,4
3541,0,1
3542,1,1
3542,0,0
3543,1,1
3543,0,0
3544,1,1
3545,1,1
3545,0,0
3546,1,1
3546,0,0
3547,1,1
3547,0,0
3548,0,1
3549,1,1
3549,0,0
3550,1,1
3550,0,0
3551,1,1
3551,0,0
3552,0,1
3553,1,1
3553,0,0
3554,1,1
3554,0,0
3555,0,1
3556,1,1
3556,0,0
3557,1,1
3557,0,0
3558,1,1
3559,1,1
3559,0,0
3560,1,1
3560,0,0
3561,0,1
3562,1,1
3562,0,0
3563,1,1
3564,1,1
3564,0,0
3565,1,1
3567,0,2
3568,1,1
3569,1,1
3572,0,3
3573,0,1
3574,1,1
3574,0,0
3575,1,1
3576,1,1
3576,0,0
3577,1,1
3577,0,0
3578,0,1
3579,1,1
3579,0,0
3580,1,1
3580,0,0
3581,1,1
3582,1,1
3582,0,0
3583,1,1
3583,0,0
3584,0,1
3585,1,1
3585,0,0
3588,0,3
3589,0,1
3590,1,1
3590,0,0
3591,1,1
3591,0,0
3592,0,1
3593,1,1
3593,0,0
3594,1,1
3594,0,0
3595,1,1
3596,1,1
3596,0,0
3601,1,5
3601,0,0
3602,1,1
3602,0,0
3603,0,1
3604,1,1
3604,0,0
3605,1,1
3605,0,0
3606,0,1
3607,1,1
3607,0,0
3608,1,1
3608,0,0
3613,1,5
3613,0,0
3614,1,1
3615,1,1
3615,0,0
3616,1,1
3616,0,0
3617,0,1
3618,1,1
3618,0,0
3619,1,1
3619,0,0
3620,0,1
3621,1,1
3621,0,0
3622,1,1
3622,0,0
3623,0,1
3624,1,1
3624,0,0
3625,1,1
3625,0,0
3626,1,1
3626,0,0
3627,0,1
3628,1,1
3628,0,0
3632,0,4
3633,1,1
3633,0,0
3634,0,1
3635,1,1
3635,0,0
3636,1,1
3637,1,1
3637,0,0
3638,1,1
3640,0,2
3641,1,1
3641,0,0
3642,0,1
3642,0,0
3643,0,1
3643,0,0
3644,1,1
3645,1,1
3645,0,0
3646,1,1
3646,0,0
3647,1,1
3647,0,0
3648,0,1
3649,1,1
3649,0,0
3650,1,1
3651,1,1
3651,0,0
3652,1,1
3652,0,0
3653,1,1
3653,0,0
3656,0,3
3657,1,1
3658,1,1
3658,0,0
3659,1,1
3659,0,0
3660,0,1
3661,1,1
3661,0,0
3664,0,3
3665,1,1
3666,1,1
3666,0,0
3667,1,1
3667,0,0
3668,1,1
3669,1,1
3669,0,0
3670,1,1
3670,0,0
3671,1,1
3671,0,0
3672,1,1
3673,1,1
3673,0,0
3674,1,1
3674,0,0
3676,0,2
3677,1,1
3677,0,0
3678,0,1
3679,1,1
3679,0,0
3680,1,1
3681,1,1
3681,0,0
3682,1,1
3682,0,0
3683,1,1
3683,0,0
3684,0,1
3684,0,0
3685,0,1
3688,0,3
3689,1,1
3692,0,3
3693,1,1
3693,0,0
3693,0,0
3694,1,1
3694,0,0
3695,1,1
3695,0,0
3696,1,1
3696,0,0
3696,0,0
3697,1,1
3697,0,0
3698,1,1
3698,0,0
3698,0,0
3699,1,1
3699,0,0
3700,1,1
3700,0,0
3700,0,0
3701,1,1
3701,0,0
3702,1,1
3702,0,0
3702,0,0
3703,1,1
3703,0,0
3704,1,1
3704,0,0
3704,0,0
3705,1,1
3705,0,0
3706,1,1
3706,0,0
3706,0,0
3707,1,1
3707,0,0
3708,1,1
3708,0,0
3708,0,0
3709,1,1
3709,0,0
3710,1,1
3710,0,0
3710,0,0
3711,1,1
3711,0,0
3712,1,1
3712,0,0
3716,0,4
3717,1,1
3717,0,0
3718,1,1
3718,0,0
3718,0,0
3719,1,1
3720,0,1
3720,0,0
3721,1,1
3721,0,0
3722,1,1
3722,0,0
3722,0,0
3723,0,1
3723,0,0
3724,1,1
3724,0,0
3725,1,1
3725,0,0
3728,0,3
3729,1,1
3729,0,0
3730,1,1
3730,0,0
3731,1,1
3731,0,0
3731,0,0
3732,1,1
3732,0,0
3733,1,1
3733,0,0
3733,0,0
3734,1,1
3734,0,0
3735,1,1
3735,0,0
3735,0,0
3736,0,1
3736,0,0
3737,1,1
3737,0,0
3738,1,1
3738,0,0
3738,0,0
3739,1,1
3739,0,0
3740,1,1
3740,0,0
3740,0,0
3741,0,1
3741,0,0
3742,1,1
3742,0,0
3743,1,1
3743,0,0
3743,0,0
3744,1,1
3744,0,0
3745,1,1
3745,0,0
3745,0,0
3746,1,1
3746,0,0
3748,0,2
3748,0,0
3749,0,1
3749,0,0
3752,0,3
3753,1,1
3753,0,0
3754,1,1
3754,0,0
3755,1,1
3755,0,0
3756,1,1
3756,0,0
3757,1,1
3757,0,0
3758,1,1
3758,0,0
3759,0,1
3760,1,1
3760,0,0
3764,0,4
3765,0,1
3765,0,0
3766,1,1
3766,0,0
3767,1,1
3768,1,1
3768,0,0
3769,1,1
3769,0,0
3770,1,1
3770,0,0
3771,1,1
3771,0,0
3772,1,1
3774,1,2
3774,0,0
3775,1,1
3775,0,0
3776,1,1
3776,0,0
3777,1,1
3777,0,0
3777,0,0
3778,1,1
3779,1,1
3779,0,0
3780,1,1
3780,0,0
3781,1,1
3782,1,1
3782,0,0
3782,0,0
3783,1,1
3783,0,0
3784,1,1
3785,1,1
3785,0,0
3786,0,1
3787,1,1
3787,0,0
3788,1,1
3788,0,0
3788,0,0
3789,0,1
3790,1,1
3790,0,0
3791,1,1
3791,0,0
3792,1,1
3796,0,4
3797,1,1
3798,1,1
3798,0,0
3799,1,1
3800,1,1
3800,0,0
3801,1,1
3801,0,0
3802,1,1
3802,0,0
3803,0,1
3804,1,1
3804,0,0
3805,1,1
3805,0,0
3805,0,0
3806,1,1
3806,0,0
3807,1,1
3807,0,0
3808,1,1
3808,0,0
3809,1,1
3809,0,0
3810,0,1
3810,0,0
3811,0,1
3812,1,1
3812,0,0
3813,1,1
3813,0,0
3814,1,1
3814,0,0
3815,1,1
3816,1,1
3816,0,0
3817,1,1
3817,0,0
3818,1,1
3818,0,0
3819,1,1
3819,0,0
3820,1,1
3820,0,0
3821,1,1
3821,0,0
3822,1,1
3822,0,0
3823,1,1
3823,0,0
3824,1,1
3829,1,5
3829,0,0
3830,1,1
3830,0,0
3831,1,1
3831,0,0
3832,1,1
3832,0,0
3833,1,1
3833,0,0
3834,1,1
3834,0,0
3835,1,1
3835,0,0
3835,0,0
3836,1,1
3836,0,0
3837,1,1
3837,0,0
3838,1,1
3838,0,0
3838,0,0
3839,1,1
3839,0,0
3840,1,1
3840,0,0
3841,1,1
3841,0,0
3842,1,1
3842,0,0
3843,1,1
3843,0,0
3845,2,2
3846,1,1
3846,0,0
3847,1,1
3847,0,0
3849,2,2
3849,0,0
3849,0,0
3850,1,1
3850,0,0
3851,1,1
3851,0,0
3852,1,1
3852,0,0
3853,1,1
3854,1,1
3854,0,0
3855,1,1
3855,0,0
3856,1,1
3856,0,0
3857,1,1
3857,0,0
3858,1,1
3858,0,0
3860,1,2
3860,0,0
3861,1,1
3861,0,0
3862,0,1
3863,1,1
3863,0,0
3864,0,1
3865,1,1
3865,0,0
3866,1,1
3868,0,2
3869,1,1
3870,1,1
3870,0,0
3871,1,1
3872,1,1
3874,2,2
3875,1,1
3875,0,0
3876,1,1
3877,1,1
3877,0,0
3878,1,1
3878,0,0
3879,0,1
3880,1,1
3880,0,0
3881,1,1
3884,0,3
3885,1,1
3885,0,0
3886,0,1
3887,1,1
3887,0,0
3888,1,1
3888,0,0
3889,1,1
3889,0,0
3890,0,1
3891,1,1
3891,0,0
3892,1,1
3892,0,0
3893,0,1
3894,1,1
3894,0,0
3895,1,1
3895,0,0
3896,1,1
3896,0,0
3897,0,1
3898,1,1
3898,0,0
3899,1,1
3899,0,0
3904,5,5
3908,0,4
3909,0,1
3912,0,3
3913,1,1
3914,1,1
3914,0,0
3915,1,1
3916,1,1
3916,0,0
3917,1,1
3917,0,0
3918,1,1
3918,0,0
3919,1,1
3920,1,1
3920,0,0
3921,1,1
3921,0,0
3922,1,1
3922,0,0
3923,0,1
3924,1,1
3924,0,0
3925,1,1
3925,0,0
3926,1,1
3926,0,0
3927,1,1
3928,1,1
3928,0,0
3929,1,1
3929,0,0
3930,0,1
3932,0,2
3933,1,1
3934,1,1
3936,0,2
3937,1,1
3938,1,1
3938,0,0
3939,1,1
3940,1,1
3940,0,0
3945,1,5
3945,0,0
3946,1,1
3946,0,0
3947,0,1
3948,1,1
3953,1,5
3953,0,0
3954,1,1
3954,0,0
3955,1,1
3955,0,0
3956,0,1
3957,1,1
3957,0,0
3958,1,1
3958,0,0
3959,1,1
3960,1,1
3960,0,0
3960,0,0
3961,0,1
3961,0,0
3962,1,1
3962,0,0
3963,1,1
3963,0,0
3964,1,1
3964,0,0
3965,1,1
3965,0,0
3966,1,1
3966,0,0
3966,0,0
3967,0,1
3967,0,0
3968,0,1
3968,0,0
3969,1,1
3969,0,0
3970,1,1
3970,0,0
3971,1,1
3971,0,0
3972,1,1
3972,0,0
3975,0,3
3976,1,1
3976,0,0
3977,0,1
3978,1,1
3978,0,0
3979,1,1
3979,0,0
3980,1,1
3981,1,1
3984,0,3
3988,0,4
3989,1,1
3989,0,0
3990,1,1
3990,0,0
3991,1,1
3991,0,0
3992,1,1
3992,0,0
3993,1,1
3993,0,0
3994,1,1
3994,0,0
3995,1,1
3995,0,0
3996,1,1
3996,0,0
3997,1,1
3997,0,0
3998,1,1
3998,0,0
3999,1,1
3999,0,0
4000,1,1
4000,0,0
4001,1,1
4001,0,0
4002,1,1
4002,0,0
4003,1,1
4003,0,0
4004,1,1
4004,0,0
4005,1,1
4005,0,0
4006,1,1
4006,0,0
4007,1,1
4007,0,0
4008,1,1
4008,0,0
4010,1,2
4010,0,0
4011,1,1
4011,0,0
4012,0,1
4016,0,4
4017,0,1
4018,1,1
4018,0,0
4019,1,1
4019,0,0
4020,1,1
4020,0,0
4021,1,1
4021,0,0
4021,0,0
4022,0,1
4024,0,2
4025,1,1
4025,0,0
4026,1,1
4026,0,0
4026,0,0
4027,0,1
4027,0,0
4028,1,1
4028,0,0
4029,1,1
4029,0,0
4030,1,1
4030,0,0
4031,1,1
4031,0,0
4031,0,0
4032,1,1
4032,0,0
4033,1,1
4033,0,0
4034,1,1
4034,0,0
4034,0,0
4035,1,1
4035,0,0
4036,1,1
4040,0,4
4041,1,1
4041,0,0
4042,1,1
4042,0,0
4043,1,1
4043,0,0
4044,1,1
4044,0,0
4045,1,1
4045,0,0
4045,0,0
4046,1,1
4046,0,0
4047,0,1
4048,1,1
4048,0,0
4052,0,4
4053,1,1
4053,0,0
4054,1,1
4054,0,0
4055,1,1
4056,1,1
4056,0,0
4057,1,1
4058,1,1
4058,0,0
4058,0,0
4059,1,1
4059,0,0
4060,1,1
4060,0,0
4061,0,1
4061,0,0
4062,1,1
4062,0,0
4063,1,1
4063,0,0
4064,1,1
4064,0,0
4065,1,1
4065,0,0
4066,1,1
4066,0,0
4066,0,0
4067,1,1
4067,0,0
4068,1,1
4068,0,0
4069,1,1
4069,0,0
4070,1,1
4070,0,0
4071,1,1
4071,0,0
4071,0,0
4072,0,1
4076,0,4
4077,1,1
4077,0,0
4078,0,1
4079,1,1
4079,0,0
4080,1,1
4080,0,0
4084,0,4
4085,1,1
4086,1,1
4086,0,0
4087,1,1
4087,0,0
4088,1,1
4089,1,1
4089,0,0
4090,1,1
4090,0,0
4091,1,1
4092,1,1
4092,0,0
4093,1,1
4093,0,0
4094,1,1
4095,1,1
4095,0,0
4096,1,1
4096,0,0
4097,1,1
4097,0,0
4098,0,1
4099,1,1
4099,0,0
4100,1,1
4101,1,1
4101,0,0
4102,1,1
4102,0,0
4103,1,1
4103,0,0
4104,1,1
4105,1,1
4105,0,0
4106,1,1
4106,0,0
4108,0,2
4109,1,1
4109,0,0
4110,0,1
4110,0,0
4111,0,1
4111,0,0
4112,1,1
4116,0,4
4117,0,1
4117,0,0
4118,1,1
4118,0,0
4119,1,1
4119,0,0
4120,1,1
4120,0,0
4125,1,5
4125,0,0
4126,1,1
4126,0,0
4127,1,1
4127,0,0
4129,1,2
4129,0,0
4130,1,1
4130,0,0
4131,1,1
4132,1,1
4132,0,0
4133,1,1
4133,0,0
4134,1,1
4135,1,1
4135,0,0
4136,1,1
4136,0,0
4137,1,1
4138,1,1
4138,0,0
4139,1,1
4140,1,1
4140,0,0
4141,1,1
4142,1,1
4142,0,0
4143,1,1
4143,0,0
4144,1,1
4145,1,1
4145,0,0
4146,1,1
4146,0,0
4147,1,1
4148,0,1
4149,1,1
4149,0,0
4150,1,1
4151,1,1
4152,0,1
4153,1,1
4154,1,1
4156,0,2
4157,1,1
4158,1,1
4158,0,0
4159,1,1
4159,0,0
4160,1,1
4161,1,1
4165,1,4
4165,0,0
4166,1,1
4166,0,0
4167,1,1
4168,1,1
4168,0,0
4169,1,1
4169,0,0
4170,0,1
4171,1,1
4171,0,0
4172,1,1
4172,0,0
4173,1,1
4173,0,0
4174,1,1
4176,0,2
4177,0,1
4177,0,0
4178,1,1
4178,0,0
4179,1,1
4179,0,0
4180,0,1
4181,1,1
4181,0,0
4181,0,0
4182,1,1
4182,0,0
4183,1,1
4183,0,0
4184,1,1
4184,0,0
4184,0,0
4185,1,1
4185,0,0
4186,1,1
4186,0,0
4186,0,0
4187,1,1
4187,0,0
4188,1,1
4192,0,4
4196,0,4
4197,1,1
4197,0,0
4198,1,1
4198,0,0
4199,1,1
4199,0,0
4200,1,1
4200,0,0
4201,1,1
4201,0,0
4201,0,0
4202,0,1
4202,0,0
4203,1,1
4203,0,0
4204,1,1
4204,0,0
4205,1,1
4206,1,1
4206,0,0
4207,1,1
4207,0,0
4208,1,1
4208,0,0
4209,1,1
4209,0,0
4210,1,1
4210,0,0
4211,1,1
4211,0,0
4212,1,1
4212,0,0
4213,1,1
4214,1,1
4214,0,0
4215,1,1
4215,0,0
4216,1,1
4216,0,0
4217,1,1
4217,0,0
4218,0,1
4218,0,0
4219,1,1
4219,0,0
4220,0,1
4220,0,0
4221,1,1
4221,0,0
4222,1,1
4224,0,2
4228,1,4
4229,1,1
4229,0,0
4230,1,1
4230,0,0
4231,1,1
4231,0,0
4232,1,1
4232,0,0
4233,1,1
4233,0,0
4234,1,1
4234,0,0
4235,1,1
4235,0,0
4235,0,0
4236,1,1
4236,0,0
4237,1,1
4237,0,0
4238,1,1
4238,0,0
4238,0,0
4239,1,1
4239,0,0
4240,1,1
4244,0,4
4245,0,1
4245,0,0
4246,1,1
4246,0,0
4247,1,1
4247,0,0
4248,1,1
4249,1,1
4249,0,0
4250,1,1
4250,0,0
4251,1,1
4251,0,0
4251,0,0
4252,1,1
4252,0,0
4253,0,1
4253,0,0
4254,1,1
4254,0,0
4255,1,1
4255,0,0
4256,1,1
4256,0,0
4256,0,0
4257,0,1
4257,0,0
4258,1,1
4258,0,0
4259,1,1
4259,0,0
4259,0,0
4260,0,1
4260,0,0
4261,1,1
4261,0,0
4263,1,2
4263,0,0
4264,0,1
4268,0,4
4269,1,1
4270,1,1
4270,0,0
4271,1,1
4271,0,0
4272,0,1
4273,1,1
4273,0,0
4274,1,1
4274,0,0
4275,1,1
4275,0,0
4276,0,1
4277,1,1
4277,0,0
4280,0,3
4281,1,1
4281,0,0
4282,1,1
4282,0,0
4282,0,0
4283,1,1
4283,0,0
4284,1,1
4284,0,0
4285,1,1
4285,0,0
4286,1,1
4286,0,0
4286,0,0
4287,0,1
4287,0,0
4288,1,1
4288,0,0
4289,1,1
4289,0,0
4290,1,1
4290,0,0
4290,0,0
4291,1,1
4291,0,0
4292,1,1
4292,0,0
4293,1,1
4293,0,0
4293,0,0
4294,1,1
4294,0,0
4295,1,1
4295,0,0
4296,1,1
4296,0,0
4300,0,4
4304,0,4
4305,1,1
4305,0,0
4306,1,1
4306,0,0
4307,1,1
4307,0,0
4308,1,1
4308,0,0
4309,1,1
4309,0,0
4309,0,0
4310,1,1
4310,0,0
4311,1,1
4311,0,0
4312,1,1
4312,0,0
4312,0,0
4313,0,1
4314,1,1
4314,0,0
4314,0,0
4315,1,1
4315,0,0
4316,1,1
4317,0,1
4318,1,1
4318,0,0
4319,1,1
4319,0,0
4319,0,0
4320,1,1
4320,0,0
4321,1,1
4321,0,0
4322,1,1
4322,0,0
4323,1,1
4323,0,0
4324,1,1
4324,0,0
4325,1,1
4325,0,0
4326,1,1
4326,0,0
4327,1,1
4327,0,0
4328,1,1
4333,1,5
4336,0,3
4337,1,1
4337,0,0
4338,1,1
4338,0,0
4339,1,1
4339,0,0
4340,1,1
4340,0,0
4340,0,0
4341,1,1
4341,0,0
4342,1,1
4342,0,0
4342,0,0
4343,1,1
4343,0,0
4344,1,1
4344,0,0
4344,0,0
4345,0,1
4345,0,0
4346,1,1
4346,0,0
4347,1,1
4347,0,0
4348,1,1
4348,0,0
4348,0,0
4349,0,1
4349,0,0
4350,1,1
4350,0,0
4351,1,1
4351,0,0
4352,1,1
4352,0,0
4353,1,1
4353,0,0
4354,1,1
4354,0,0
4354,0,0
4355,1,1
4355,0,0
4356,1,1
4357,1,1
4357,0,0
4358,1,1
4358,0,0
4360,0,2
4361,1,1
4361,0,0
4362,1,1
4362,0,0
4362,0,0
4363,1,1
4363,0,0
4364,0,1
4364,0,0
4365,0,1
4366,1,1
4366,0,0
4368,0,2
4369,1,1
4369,0,0
4370,1,1
4371,1,1
4371,0,0
4372,1,1
4373,1,1
4373,0,0
4376,0,3
4377,1,1
4378,1,1
4378,0,0
4378,0,0
4379,0,1
4379,0,0
4380,0,1
4381,1,1
4381,0,0
4382,1,1
4384,0,2
4385,1,1
4385,0,0
4386,1,1
4386,0,0
4387,1,1
4388,1,1
4388,0,0
4389,1,1
4389,0,0
4390,1,1
4390,0,0
4390,0,0
4391,1,1
4391,0,0
4392,1,1
4392,0,0
4392,0,0
4393,0,1
4393,0,0
4394,1,1
4394,0,0
4395,1,1
4395,0,0
4395,0,0
4396,1,1
4396,0,0
4400,0,4
4404,0,4
4405,1,1
4405,0,0
4406,1,1
4406,0,0
4407,1,1
4407,0,0
4408,1,1
4408,0,0
4409,1,1
4409,0,0
4410,1,1
4410,0,0
4411,1,1
4411,0,0
4412,1,1
4412,0,0
4413,0,1
4413,0,0
4414,1,1
4414,0,0
4415,1,1
4415,0,0
4416,1,1
4416,0,0
4417,1,1
4417,0,0
4418,1,1
4419,1,1
4419,0,0
4420,1,1
4420,0,0
4421,1,1
4421,0,0
4422,1,1
4422,0,0
4423,1,1
4423,0,0
4424,1,1
4425,1,1
4425,0,0
4426,1,1
4426,0,0
4427,1,1
4428,1,1
4428,0,0
4429,1,1
4437,1,8
4437,0,0
4438,1,1
4438,0,0
4439,1,1
4439,0,0
4440,1,1
4440,0,0
4441,1,1
4441,0,0
4442,1,1
4442,0,0
4443,1,1
4443,0,0
4443,0,0
4444,1,1
4445,1,1
4445,0,0
4446,1,1
4446,0,0
4447,1,1
4448,1,1
4448,0,0
4449,1,1
4450,1,1
4450,0,0
4451,1,1
4451,0,0
4452,1,1
4452,0,0
4452,0,0
4453,1,1
4453,0,0
4454,1,1
4454,0,0
4455,1,1
4455,0,0
4456,1,1
4460,0,4
4461,0,1
4461,0,0
4462,1,1
4462,0,0
4463,1,1
4463,0,0
4463,0,0
4464,0,1
4465,1,1
4465,0,0
4466,1,1
4466,0,0
4466,0,0
4467,0,1
4467,0,0
4468,1,1
4468,0,0
4469,1,1
4469,0,0
4470,1,1
4470,0,0
4472,0,2
4473,1,1
4473,0,0
4474,1,1
4474,0,0
4474,0,0
4475,1,1
4475,0,0
4476,1,1
4476,0,0
4477,1,1
4477,0,0
4478,1,1
4478,0,0
4479,1,1
4479,0,0
4480,1,1
4480,0,0
4481,1,1
4481,0,0
4484,0,3
4485,1,1
4486,1,1
4486,0,0
4487,1,1
4487,0,0
4488,1,1
4488,0,0
4489,1,1
4489,0,0
4490,1,1
4490,0,0
4491,0,1
4492,1,1
4492,0,0
4496,0,4
4497,0,1
4498,1,1
4498,0,0
4499,1,1
4499,0,0
4500,1,1
4501,1,1
4501,0,0
4502,1,1
4502,0,0
4503,1,1
4504,0,1
4505,1,1
4505,0,0
4506,1,1
4507,1,1
4507,0,0
4508,1,1
4508,0,0
4509,1,1
4510,1,1
4510,0,0
4511,1,1
4511,0,0
4512,0,1
4517,1,5
4518,1,1
4518,0,0
4519,0,1
4520,1,1
4520,0,0
4521,1,1
4521,0,0
4522,1,1
4522,0,0
4523,0,1
4524,1,1
4524,0,0
4525,1,1
4525,0,0
4526,1,1
4526,0,0
4528,0,2
4529,1,1
4530,1,1
4530,0,0
4531,1,1
4531,0,0
4532,1,1
4533,1,1
4533,0,0
4534,1,1
4534,0,0
4535,1,1
4535,0,0
4536,1,1
4541,1,5
4541,0,0
4542,1,1
4542,0,0
4543,1,1
4543,0,0
4544,1,1
4544,0,0
4545,1,1
4545,0,0
4546,0,1
4547,1,1
4547,0,0
4548,0,1
4549,1,1
4549,0,0
4551,2,2
4552,1,1
4556,0,4
4557,0,1
4558,1,1
4558,0,0
4559,1,1
4559,0,0
4560,1,1
4561,1,1
4561,0,0
4562,1,1
4562,0,0
4563,1,1
4563,0,0
4564,1,1
4565,1,1
4565,0,0
4566,1,1
4566,0,0
4567,1,1
4567,0,0
4568,1,1
4569,1,1
4569,0,0
4570,1,1
4570,0,0
4571,1,1
4571,0,0
4572,1,1
4572,0,0
4576,0,4
4577,1,1
4577,0,0
4578,0,1
4579,1,1
4579,0,0
4580,1,1
4580,0,0
4581,1,1
4582,1,1
4582,0,0
4583,1,1
4583,0,0
4584,1,1
4584,0,0
4585,1,1
4585,0,0
4586,1,1
4586,0,0
4587,1,1
4587,0,0
4588,1,1
4588,0,0
4591,1,3
4591,0,0
4592,1,1
4592,0,0
4593,1,1
4593,0,0
4594,1,1
4594,0,0
4595,0,1
4596,1,1
4596,0,0
4597,1,1
4598,1,1
4598,0,0
4599,1,1
4599,0,0
4599,0,0
4600,0,1
4600,0,0
4601,1,1
4601,0,0
4604,0,3
4605,1,1
4605,0,0
4606,1,1
4606,0,0
4607,1,1
4607,0,0
4608,1,1
4608,0,0
4609,1,1
4609,0,0
4610,1,1
4610,0,0
4611,1,1
4611,0,0
4611,0,0
4612,1,1
4612,0,0
4613,1,1
4613,0,0
4614,1,1
4614,0,0
4614,0,0
4615,1,1
4615,0,0
4616,1,1
4616,0,0
4617,1,1
4617,0,0
4618,1,1
4618,0,0
4619,1,1
4619,0,0
4619,0,0
4620,1,1
4620,0,0
4621,0,1
4622,1,1
4622,0,0
4622,0,0
4623,1,1
4624,0,1
4624,0,0
4625,1,1
4625,0,0
4626,1,1
4626,0,0
4627,1,1
4627,0,0
4628,0,1
4629,1,1
4629,0,0
4635,3,6
4636,1,1
4636,0,0
4637,1,1
4637,0,0
4638,1,1
4638,0,0
4640,0,2
4641,1,1
4641,0,0
4642,1,1
4644,0,2
4645,1,1
4645,0,0
4646,0,1
4647,1,1
4647,0,0
4648,1,1
4648,0,0
4649,1,1
4649,0,0
4650,1,1
4650,0,0
4651,0,1
4652,1,1
4652,0,0
4653,1,1
4653,0,0
4654,1,1
4655,1,1
4656,0,1
4657,1,1
4657,0,0
4658,1,1
4660,0,2
4661,1,1
4661,0,0
4662,1,1
4663,1,1
4663,0,0
4664,1,1
4664,0,0
4665,1,1
4668,0,3
4669,1,1
4669,0,0
4670,0,1
4671,1,1
4671,0,0
4672,1,1
4672,0,0
4673,0,1
4674,1,1
4674,0,0
4675,1,1
4675,0,0
4676,1,1
4676,0,0
4680,0,4
4681,1,1
4682,1,1
4682,0,0
4683,1,1
4683,0,0
4684,1,1
4685,1,1
4685,0,0
4686,1,1
4686,0,0
4687,1,1
4687,0,0
4688,1,1
4689,1,1
4689,0,0
4690,1,1
4690,0,0
4691,1,1
4691,0,0
4692,1,1
4697,1,5
4697,0,0
4698,1,1
4698,0,0
4699,1,1
4700,1,1
4700,0,0
4701,1,1
4701,0,0
4702,1,1
4702,0,0
4703,1,1
4703,0,0
4704,1,1
4705,1,1
4705,0,0
4706,1,1
4706,0,0
4707,1,1
4708,0,1
4709,1,1
4709,0,0
4709,0,0
4710,0,1
4710,0,0
4711,1,1
4712,1,1
4712,0,0
4713,1,1
4713,0,0
4714,1,1
4716,0,2
4717,1,1
4717,0,0
4718,1,1
4718,0,0
4719,0,1
4720,1,1
4720,0,0
4721,1,1
4721,0,0
4722,1,1
4723,1,1
4723,0,0
4724,1,1
4724,0,0
4725,1,1
4725,0,0
4726,0,1
4728,0,2
4729,1,1
4729,0,0
4730,1,1
4731,1,1
4731,0,0
4732,0,1
4733,1,1
4733,0,0
4734,1,1
4734,0,0
4736,0,2
4737,1,1
4737,0,0
4738,0,1
4739,1,1
4739,0,0
4740,1,1
4740,0,0
4741,1,1
4744,0,3
4745,1,1
4745,0,0
4746,1,1
4747,1,1
4748,0,1
4749,1,1
4749,0,0
4750,1,1
4750,0,0
4751,1,1
4752,1,1
4752,0,0
4753,1,1
4753,0,0
4754,1,1
4754,0,0
4755,1,1
4755,0,0
4756,0,1
4757,1,1
4757,0,0
4758,1,1
4760,0,2
4761,1,1
4761,0,0
4762,1,1
4763,1,1
4763,0,0
4764,1,1
4764,0,0
4765,1,1
4765,0,0
4766,1,1
4766,0,0
4767,1,1
4767,0,0
4768,1,1
4768,0,0
4772,1,4
4772,0,0
4773,1,1
4773,0,0
4774,1,1
4775,1,1
4775,0,0
4776,1,1
4780,0,4
4781,0,1
4782,1,1
4782,0,0
4783,1,1
4783,0,0
4784,1,1
4785,1,1
4785,0,0
4786,1,1
4786,0,0
4787,1,1
4787,0,0
4788,1,1
4788,0,0
4789,1,1
4790,1,1
4790,0,0
4791,1,1
4791,0,0
4792,1,1
4792,0,0
4793,1,1
4793,0,0
4794,1,1
4796,0,2
4797,1,1
4797,0,0
4798,1,1
4798,0,0
4799,1,1
4799,0,0
4800,1,1
4800,0,0
4801,1,1
4801,0,0
4802,1,1
4802,0,0
4802,0,0
4803,0,1
4803,0,0
4804,1,1
4804,0,0
4805,1,1
4805,0,0
4806,1,1
4806,0,0
4807,1,1
4807,0,0
4808,0,1
4809,1,1
4809,0,0
4810,1,1
4812,0,2
4813,1,1
4813,0,0
4816,0,3
4817,1,1
4818,1,1
4818,0,0
4819,1,1
4819,0,0
4820,1,1
4820,0,0
4821,0,1
4822,1,1
4822,0,0
4823,1,1
4824,1,1
4824,0,0
4825,1,1
4825,0,0
4826,1,1
4826,0,0
4827,0,1
4828,1,1
4828,0,0
4829,1,1
4830,1,1
4832,0,2
4833,1,1
4833,0,0
4834,0,1
4835,1,1
4836,0,1
4837,1,1
4837,0,0
4838,1,1
4839,1,1
4839,0,0
4840,1,1
4840,0,0
4841,1,1
4842,1,1
4842,0,0
4843,1,1
4844,0,1
4845,1,1
4845,0,0
4846,1,1
4846,0,0
4847,0,1
4848,1,1
4848,0,0
4849,1,1
4852,0,3
4853,1,1
4857,1,4
4857,0,0
4858,1,1
4858,0,0
4859,1,1
4860,1,1
4860,0,0
4861,1,1
4861,0,0
4862,1,1
4863,1,1
4863,0,0
4864,1,1
4864,0,0
4865,1,1
4866,1,1
4866,0,0
4867,1,1
4867,0,0
4868,1,1
4868,0,0
4869,1,1
4870,1,1
4870,0,0
4871,1,1
4871,0,0
4872,1,1
4873,1,1
4873,0,0
4874,1,1
4874,0,0
4875,1,1
4875,0,0
4876,0,1
4880,0,4
4884,0,4
4885,0,1
4886,1,1
4886,0,0
4887,1,1
4888,1,1
4889,1,1
4889,0,0
4890,1,1
4890,0,0
4891,1,1
4892,1,1
4892,0,0
4893,1,1
4893,0,0
4894,0,1
4895,1,1
4895,0,0
4896,1,1
4896,0,0
4897,0,1
4898,1,1
4898,0,0
4899,1,1
4899,0,0
4900,1,1
4901,1,1
4901,0,0
4902,1,1
4902,0,0
4903,0,1
4904,1,1
4904,0,0
4905,1,1
4905,0,0
4906,0,1
4907,1,1
4907,0,0
4908,0,1
4909,1,1
4909,0,0
4913,1,4
4917,1,4
4917,0,0
4918,1,1
4919,1,1
4919,0,0
4920,1,1
4921,1,1
4921,0,0
4922,1,1
4922,0,0
4923,1,1
4924,1,1
4924,0,0
4925,1,1
4926,1,1
4926,0,0
4927,1,1
4927,0,0
4928,1,1
4928,0,0
4929,0,1
4930,1,1
4930,0,0
4931,1,1
4932,1,1
4937,1,5
4937,0,0
4938,1,1
4939,1,1
4940,1,1
4940,0,0
4945,1,5
4945,0,0
4946,1,1
4946,0,0
4947,1,1
4947,0,0
4948,1,1
4949,1,1
4949,0,0
4950,1,1
4950,0,0
4951,1,1
4951,0,0
4952,1,1
4952,0,0
4953,1,1
4954,1,1
4955,1,1
4956,1,1
4957,1,1
4957,0,0
4958,1,1
4959,1,1
4960,1,1
4960,0,0
4961,1,1
4962,1,1
4963,1,1
4963,0,0
4964,1,1
4969,1,5
4970,1,1
4970,0,0
4971,1,1
4972,1,1
4977,1,5
4978,1,1
4979,0,1
4980,0,1
4981,1,1
4982,1,1
4982,0,0
4984,2,2
4985,1,1
4986,1,1
4987,1,1
4987,0,0
4988,0,1
4989,1,1
4990,1,1
4991,1,1
4992,1,1
4992,0,0
4993,1,1
4994,1,1
4994,0,0
4995,0,1
4996,1,1
4997,1,1
4997,0,0
4998,1,1
4999,1,1
5000,1,1
5000,0,0
5001,0,1
5005,1,4
5006,1,1
5007,1,1
5007,0,0
5008,0,1
5009,1,1
5010,1,1
5010,0,0
5013,1,3
5013,0,0
5014,1,1
5015,1,1
5015,0,0
5016,1,1
5017,1,1
5018,1,1
5018,0,0
5019,1,1
5020,1,1
5020,0,0
5021,1,1
5023,1,2
5024,1,1
5024,0,0
5029,1,5
5030,1,1
5033,1,3
5034,1,1
5034,0,0
5035,1,1
5036,1,1
5037,1,1
5037,0,0
5038,1,1
5038,0,0
5039,1,1
5040,1,1
5040,0,0
5041,1,1
5042,1,1
5042,0,0
5043,0,1
5044,1,1
5045,1,1
5046,1,1
5046,0,0
5047,1,1
5048,1,1
5053,1,5
5053,0,0
5054,0,1
5055,1,1
5056,1,1
5056,0,0
5057,1,1
5058,1,1
5061,1,3
5062,1,1
5062,0,0
5063,1,1
5064,1,1
5065,1,1
5065,0,0
5066,1,1
5067,1,1
5067,0,0
5068,1,1
5069,1,1
5070,1,1
5070,0,0
5071,1,1
5072,1,1
5072,0,0
5073,0,1
5074,1,1
5077,1,3
5078,1,1
5079,1,1
5080,1,1
5081,1,1
5081,0,0
5082,1,1
5083,1,1
5085,1,2
5085,0,0
5086,0,1
5089,1,3
5090,1,1
5093,1,3
5094,1,1
5095,1,1
5095,0,0
5096,0,1
5097,1,1
5098,1,1
5099,1,1
5101,1,2
5102,1,1
5102,0,0
5103,1,1
5104,1,1
5105,1,1
5106,1,1
5113,1,7
5114,1,1
5115,1,1
5116,1,1
5117,1,1
5118,1,1
5118,0,0
5119,1,1
5120,1,1
5121,1,1
5121,0,0
5122,0,1
5123,1,1
5124,1,1
5125,1,1
5126,1,1
5126,0,0
5127,1,1
5130,2,3
5131,1,1
5133,1,2
5133,0,0
5134,0,1
5137,1,3
5138,1,1
5139,1,1
5139,0,0
5140,1,1
5141,1,1
5142,1,1
5143,1,1
5144,1,1
5144,0,0
5145,0,1
5149,1,4
5153,1,4
5154,1,1
5155,1,1
5156,1,1
5157,1,1
5158,1,1
5159,1,1
5159,0,0
5160,0,1
5161,1,1
5162,1,1
5163,1,1
5164,1,1
5165,1,1
5166,1,1
5166,0,0
5167,0,1
5168,1,1
5173,1,5
5177,1,4
5178,1,1
5179,1,1
5180,1,1
5181,1,1
5182,1,1
5183,1,1
5183,0,0
5184,0,1
5185,1,1
5186,1,1
5187,1,1
5188,1,1
5189,1,1
5190,1,1
5190,0,0
5191,1,1
5192,1,1
5193,1,1
5194,1,1
5195,1,1
5195,0,0
5196,0,1
5201,1,5
5202,1,1
5203,1,1
5204,1,1
5209,1,5
5209,0,0
5210,0,1
5210,0,0
5211,0,1
5211,0,0
5212,0,1
5213,1,1
5213,0,0
5214,1,1
5214,0,0
5215,0,1
5216,1,1
5216,0,0
5217,1,1
5217,0,0
5218,1,1
5218,0,0
5219,1,1
5220,1,1
5220,0,0
5221,1,1
5221,0,0
5222,1,1
5222,0,0
5223,0,1
5224,1,1
5224,0,0
5225,1,1
5225,0,0
5226,1,1
5226,0,0
5227,1,1
5228,0,1
5228,0,0
5229,0,1
5229,0,0
5230,1,1
5230,0,0
5231,1,1
5231,0,0
5232,1,1
5232,0,0
5236,0,4
5237,1,1
5237,0,0
5238,1,1
5238,0,0
5239,1,1
5239,0,0
5240,0,1
5240,0,0
5241,0,1
5241,0,0
5242,0,1
5242,0,0
5243,1,1
5244,0,1
5245,1,1
5245,0,0
5245,0,0
5246,0,1
5246,0,0
5247,1,1
5247,0,0
5248,1,1
5248,0,0
5249,1,1
5249,0,0
5252,0,3
5253,1,1
5253,0,0
5254,1,1
5254,0,0
5255,1,1
5255,0,0
5256,1,1
5256,0,0
5257,1,1
5257,0,0
5258,1,1
5258,0,0
5259,1,1
5259,0,0
5260,1,1
5260,0,0
5261,1,1
5261,0,0
5262,1,1
5262,0,0
5262,0,0
5263,0,1
5263,0,0
5264,1,1
5264,0,0
5265,1,1
5265,0,0
5268,0,3
5269,1,1
5269,0,0
5270,1,1
5270,0,0
5271,1,1
5271,0,0
5272,1,1
5272,0,0
5274,1,2
5274,0,0
5275,1,1
5275,0,0
5275,0,0
5276,0,1
5277,1,1
5277,0,0
5278,1,1
5278,0,0
5279,1,1
5279,0,0
5280,1,1
5280,0,0
5284,0,4
5285,1,1
5285,0,0
5286,1,1
5286,0,0
5287,1,1
5287,0,0
5289,2,2
5290,1,1
5292,0,2
5293,1,1
5294,1,1
5295,1,1
5295,0,0
5296,1,1
5296,0,0
5297,1,1
5298,1,1
5298,0,0
5299,1,1
5299,0,0
5300,1,1
5300,0,0
5301,0,1
5302,1,1
5302,0,0
5303,1,1
5303,0,0
5304,1,1
5305,1,1
5305,0,0
5308,0,3
5309,1,1
5309,0,0
5310,1,1
5311,1,1
5311,0,0
5312,1,1
5312,0,0
5313,1,1
5314,1,1
5314,0,0
5315,1,1
5315,0,0
5316,0,1
5317,1,1
5320,0,3
5321,1,1
5322,1,1
5322,0,0
5323,1,1
5323,0,0
5324,1,1
5325,1,1
5325,0,0
5326,1,1
5326,0,0
5327,1,1
5327,0,0
5328,0,1
5329,1,1
5329,0,0
5332,0,3
5333,1,1
5333,0,0
5334,1,1
5335,1,1
5335,0,0
5336,1,1
5336,0,0
5337,1,1
5338,1,1
5338,0,0
5339,1,1
5339,0,0
5340,1,1
5341,1,1
5341,0,0
5342,1,1
5342,0,0
5343,1,1
5343,0,0
5344,0,1
5345,1,1
5348,0,3
5349,0,1
5350,1,1
5350,0,0
5351,1,1
5351,0,0
5352,0,1
5353,1,1
5356,0,3
5357,1,1
5358,1,1
5358,0,0
5359,1,1
5359,0,0
5360,1,1
5361,1,1
5361,0,0
5362,1,1
5362,0,0
5363,1,1
5363,0,0
5364,1,1
5365,1,1
5365,0,0
5366,1,1
5366,0,0
5367,1,1
5368,1,1
5368,0,0
5369,1,1
5369,0,0
5370,1,1
5371,1,1
5371,0,0
5372,1,1
5372,0,0
5373,1,1
5374,1,1
5374,0,0
5376,0,2
5377,1,1
5378,1,1
5378,0,0
5379,1,1
5379,0,0
5381,1,2
5382,1,1
5382,0,0
5383,1,1
5384,0,1
5385,1,1
5385,0,0
5386,1,1
5386,0,0
5388,0,2
5389,1,1
5391,0,2
5392,0,1
5393,1,1
5393,0,0
5394,1,1
5395,1,1
5395,0,0
5396,1,1
5396,0,0
5397,1,1
5397,0,0
5400,0,3
5401,1,1
5401,0,0
5402,0,1
5403,1,1
5403,0,0
5404,1,1
5404,0,0
5405,1,1
5406,1,1
5406,0,0
5407,1,1
5407,0,0
5408,1,1
5408,0,0
5409,0,1
5410,1,1
5410,0,0
5411,1,1
5411,0,0
5412,1,1
5412,0,0
5413,0,1
5414,1,1
5414,0,0
5415,1,1
5415,0,0
5416,1,1
5421,1,5
5421,0,0
5422,1,1
5422,0,0
5423,1,1
5424,1,1
5424,0,0
5425,1,1
5425,0,0
5426,1,1
5426,0,0
5427,1,1
5428,1,1
5428,0,0
5429,1,1
5429,0,0
5430,1,1
5430,0,0
5431,1,1
5431,0,0
5432,0,1
5433,1,1
5433,0,0
5434,1,1
5434,0,0
5435,1,1
5435,0,0
5436,1,1
5436,0,0
5437,1,1
5437,0,0
5438,1,1
5438,0,0
5439,1,1
5440,1,1
5440,0,0
5441,1,1
5441,0,0
5442,1,1
5442,0,0
5443,1,1
5443,0,0
5445,2,2
5445,0,0
5446,1,1
5446,0,0
5447,1,1
5447,0,0
5448,0,1
5449,1,1
5449,0,0
5450,1,1
5452,0,2
5453,1,1
5453,0,0
5454,1,1
5454,0,0
5455,1,1
5455,0,0
5456,1,1
5457,1,1
5457,0,0
5458,1,1
5458,0,0
5459,1,1
5459,0,0
5460,1,1
5461,1,1
5461,0,0
5462,1,1
5462,0,0
5463,1,1
5463,0,0
5464,1,1
5464,0,0
5465,1,1
5465,0,0
5466,1,1
5466,0,0
5468,0,2
5472,4,4
5474,1,2
5475,1,1
5475,0,0
5476,1,1
5476,0,0
5480,0,4
5481,1,1
5481,0,0
5482,1,1
5482,0,0
5483,1,1
5483,0,0
5484,1,1
5485,1,1
5488,0,3
5489,1,1
5489,0,0
5490,1,1
5490,0,0
5491,1,1
5492,1,1
5492,0,0
5493,1,1
5493,0,0
5494,1,1
5494,0,0
5495,1,1
5495,0,0
5496,0,1
5497,1,1
5497,0,0
5498,1,1
5498,0,0
5499,1,1
5499,0,0
5500,0,1
5501,1,1
5501,0,0
5502,1,1
5502,0,0
5503,1,1
5503,0,0
5504,1,1
5504,0,0
5505,0,1
5506,1,1
5506,0,0
5507,1,1
5507,0,0
5508,1,1
5508,0,0
5509,1,1
5512,0,3
5513,1,1
5513,0,0
5514,0,1
5515,0,1
5516,1,1
5517,1,1
5518,1,1
5518,0,0
5519,1,1
5520,1,1
5520,0,0
5521,1,1
5524,0,3
5525,1,1
5526,1,1
5526,0,0
5527,1,1
5527,0,0
5528,1,1
5528,0,0
5529,1,1
5529,0,0
5530,1,1
5531,1,1
5531,0,0
5532,1,1
5532,0,0
5533,1,1
5533,0,0
5534,1,1
5534,0,0
5539,5,5
5548,9,9
5548,8,0
5548,8,0
5548,8,0
5549,1,1
5550,1,1
5550,0,0
5551,1,1
5551,0,0
5552,1,1
5552,0,0
5553,0,1
5554,1,1
5554,0,0
5555,1,1
5556,0,1
5565,5,9
5566,6,1
5566,6,0
5566,6,0
5566,6,0
5566,6,0
5566,5,0
5566,5,0
5566,5,0
5566,2,0
5568,3,2
5568,2,0
5568,0,0
5569,1,1
5569,0,0
5570,1,1
5570,0,0
5571,0,1
5572,1,1
5572,0,0
5573,1,1
5573,0,0
5574,1,1
5575,1,1
5575,1,0
5584,9,9
5584,8,0
5584,8,0
5584,8,0
5584,8,0
5584,8,0
5584,8,0
5585,1,1
5586,1,1
5586,0,0
5587,1,1
5587,0,0
5588,1,1
5589,1,1
5589,0,0
5590,1,1
5590,0,0
5604,8,14
5604,8,0
5604,8,0
5604,8,0
5604,8,0
5604,8,0
5604,7,0
5604,7,0
5604,7,0
5604,7,0
5604,7,0
5612,15,8
5612,15,0
5612,15,0
5612,14,0
5612,14,0
5612,14,0
5612,14,0
5612,14,0
5612,12,0
5612,11,0
5612,11,0
5612,11,0
5612,11,0
5612,11,0
5612,11,0
5612,10,0
5612,10,0
5612,10,0
5612,10,0
5612,10,0
5615,11,3
5615,3,0
5624,9,9
5624,9,0
5624,9,0
5624,8,0
5630,6,6
5630,6,0
5630,6,0
5630,5,0
5630,5,0
5630,5,0
5630,5,0
5630,5,0
5630,5,0
5630,5,0
5630,4,0
5633,6,3
5633,6,0
5633,6,0
5633,6,0
5633,6,0
5633,5,0
5633,5,0
5633,5,0
5633,5,0
5633,5,0
5633,5,0
5644,16,11
5644,15,0
5644,15,0
5644,15,0
5644,14,0
5644,13,0
5644,13,0
5644,13,0
5644,13,0
5644,13,0
5644,13,0
5644,13,0
5644,11,0
5644,11,0
5644,11,0
5644,10,0
5644,10,0
5644,10,0
5644,10,0
5644,10,0
5646,2,2
5646,1,0
5646,1,0
5646,1,0
5647,1,1
5647,1,0
5647,1,0
5647,1,0
5648,1,1
5648,1,0
5648,0,0
5649,1,1
5649,0,0
5650,1,1
5664,8,14
5664,8,0
5664,8,0
5664,8,0
5664,8,0
5664,8,0
5664,7,0
5664,7,0
5664,7,0
5664,7,0
5666,9,2
5666,9,0
5666,9,0
5666,8,0
5666,8,0
5666,8,0
5666,8,0
5666,8,0
5666,8,0
5666,8,0
5666,8,0
5666,7,0
5676,16,10
5676,15,0
5676,15,0
5676,15,0
5676,15,0
5676,15,0
5676,15,0
5676,14,0
5676,14,0
5676,14,0
5676,14,0
5677,12,1
5678,12,1
5678,10,0
5678,10,0
5678,10,0
5678,10,0
5684,8,6
5684,8,0
5684,7,0
5684,7,0
5684,7,0
5684,7,0
5694,10,10
5694,10,0
5694,10,0
5694,10,0
5694,9,0
5694,9,0
5694,9,0
5694,9,0
5694,9,0
5694,9,0
5694,9,0
5694,9,0
5694,8,0
5694,8,0
5694,8,0
5694,8,0
5694,8,0
5694,8,0
5694,8,0
5694,8,0
5694,7,0
5696,8,2
5696,8,0
5696,8,0
5696,8,0
5696,8,0
5696,8,0
5696,7,0
5700,5,4
5705,5,5
5705,5,0
5706,6,1
5706,6,0
5706,6,0
5706,6,0
5706,5,0
5706,5,0
5706,5,0
5706,5,0
5706,5,0
5708,4,2
5708,2,0
5711,3,3
5711,3,0
5711,3,0
5711,3,0
5711,3,0
5711,2,0
5711,2,0
5711,2,0
5711,2,0
5711,2,0
5711,2,0
5720,11,9
5720,10,0
5720,8,0
5720,8,0
5720,8,0
5720,8,0
5720,8,0
5720,8,0
5720,8,0
5720,8,0
5720,7,0
5725,5,5
5725,5,0
5725,4,0
5725,4,0
5728,3,3
5738,10,10
5738,10,0
5738,10,0
5738,10,0
5738,10,0
5738,10,0
5738,9,0
5738,9,0
5738,9,0
5738,9,0
5738,9,0
5738,9,0
5738,9,0
5738,8,0
5738,8,0
5738,8,0
5738,8,0
5738,8,0
5738,6,0
5738,6,0
5738,6,0
5738,6,0
5738,6,0
5738,6,0
5738,6,0
5738,6,0
5738,5,0
5740,2,2
5749,5,9
5749,5,0
5749,5,0
5749,5,0
5749,5,0
5749,5,0
5749,4,0
5749,4,0
5750,5,1
5750,2,0
5751,1,1
5751,1,0
5751,1,0
5751,1,0
5752,1,1
5753,2,1
5753,2,0
5753,1,0
5753,1,0
5754,2,1
5754,2,0
5754,1,0
5754,0,0
5755,1,1
5755,0,0
5757,2,2
5757,1,0
5757,1,0
5757,1,0
5765,8,8
5765,8,0
5765,8,0
5765,8,0
5765,5,0
5765,5,0
5765,5,0
5768,3,3
5771,3,3
5771,3,0
5771,3,0
5771,3,0
5771,3,0
5771,2,0
5771,2,0
5771,1,0
5772,1,1
5772,0,0
5773,1,1
5773,0,0
5774,1,1
5774,0,0
5775,1,1
5775,0,0
5776,1,1
5776,0,0
5777,1,1
5784,7,7
5796,12,12
5796,12,0
5796,12,0
5796,12,0
5796,11,0
5796,11,0
5796,11,0
5796,11,0
5796,11,0
5796,11,0
5796,11,0
5796,11,0
5796,10,0
5796,10,0
5796,10,0
5796,10,0
5796,10,0
5796,10,0
5796,10,0
5796,10,0
5796,10,0
5796,9,0
5796,9,0
5796,9,0
5796,9,0
5796,9,0
5796,9,0
5796,9,0
5797,1,1
5815,7,18
5815,7,0
5815,7,0
5815,7,0
5815,7,0
5815,7,0
5815,6,0
5815,6,0
5815,6,0
5815,6,0
5815,6,0
5818,9,3
5818,9,0
5818,9,0
5818,8,0
5818,8,0
5818,8,0
5818,8,0
5818,8,0
5818,8,0
5818,8,0
5818,8,0
5829,17,11
5829,17,0
5829,17,0
5829,17,0
5829,17,0
5829,17,0
5829,17,0
5829,17,0
5829,16,0
5829,16,0
5829,16,0
5834,21,5
5834,21,0
5834,21,0
5834,21,0
5834,20,0
5834,19,0
5834,18,0
5834,18,0
5834,18,0
5834,18,0
5834,18,0
5834,18,0
5834,18,0
5834,17,0
5834,17,0
5834,16,0
5834,16,0
5834,15,0
5834,15,0
5834,15,0
5834,15,0
5834,15,0
5834,15,0
5835,15,1
5835,7,0
5840,5,5
5851,11,11
5851,11,0
5851,11,0
5851,11,0
5851,10,0
5851,10,0
5851,10,0
5851,10,0
5851,10,0
5851,10,0
5851,10,0
5851,9,0
5851,9,0
5851,9,0
5851,9,0
5851,9,0
5851,9,0
5851,9,0
5851,8,0
5851,8,0
5851,8,0
5851,8,0
5856,13,5
5856,13,0
5856,13,0
5856,13,0
5856,12,0
5856,5,0
5868,12,12
5868,12,0
5868,12,0
5868,11,0
5868,11,0
5868,11,0
5868,11,0
5868,11,0
5868,11,0
5868,11,0
5868,10,0
5868,10,0
5868,10,0
5868,10,0
5868,10,0
5868,10,0
5868,10,0
5868,9,0
5868,9,0
5868,9,0
5868,9,0
5868,9,0
5869,1,1
5874,3,5
5874,3,0
5874,3,0
5874,2,0
5874,2,0
5874,2,0
5874,2,0
5874,2,0
5874,2,0
5874,1,0
5877,2,3
5877,2,0
5877,2,0
5877,2,0
5877,2,0
5877,2,0
5877,2,0
5877,2,0
5877,1,0
5879,2,2
5879,2,0
5879,1,0
5879,1,0
5879,1,0
5879,1,0
5880,1,1
5880,0,0
5880,0,0
5881,1,1
5881,0,0
5887,2,6
5890,3,3
5890,2,0
5890,2,0
5890,2,0
5890,2,0
5890,2,0
5890,2,0
5892,2,2
5892,2,0
5892,2,0
5892,2,0
5892,2,0
5892,1,0
5893,1,1
5893,1,0
5893,1,0
5893,1,0
5895,2,2
5895,2,0
5895,2,0
5895,1,0
5895,1,0
5897,2,2
5897,2,0
5897,2,0
5897,1,0
5897,0,0
5898,1,1
5898,0,0
5900,0,2
5901,1,1
5901,0,0
5904,0,3
5905,1,1
5905,0,0
5906,1,1
5906,0,0
5907,1,1
5907,0,0
5908,0,1
5909,1,1
5909,0,0
5910,0,1
5911,1,1
5911,0,0
5912,1,1
5912,0,0
5913,1,1
5916,0,3
5917,1,1
5917,0,0
5918,0,1
5919,1,1
5919,0,0
5920,1,1
5920,0,0
5921,1,1
5922,1,1
5922,0,0
5923,1,1
5923,0,0
5924,1,1
5924,0,0
5925,0,1
5925,0,0
5928,0,3
5929,1,1
5929,0,0
5930,1,1
5930,0,0
5931,1,1
5931,0,0
5932,0,1
5933,1,1
5933,0,0
5934,1,1
5934,0,0
5935,1,1
5935,0,0
5936,1,1
5936,0,0
5937,1,1
5937,0,0
5938,1,1
5938,0,0
5939,1,1
5939,0,0
5940,1,1
5940,0,0
5944,0,4
5945,1,1
5945,0,0
5946,0,1
5947,1,1
5947,0,0
5948,1,1
5948,0,0
5949,1,1
5952,0,3
5953,0,1
5954,1,1
5954,0,0
5955,1,1
5955,0,0
5956,0,1
5957,1,1
5957,0,0
5958,1,1
5958,0,0
5959,1,1
5961,2,2
5961,0,0
5962,1,1
5962,0,0
5963,0,1
5964,1,1
5964,0,0
5965,1,1
5965,0,0
5966,1,1
5966,0,0
5967,1,1
5968,1,1
5968,0,0
5969,1,1
5969,0,0
5970,1,1
5970,0,0
5971,1,1
5971,0,0
5972,1,1
5972,0,0
5973,1,1
5973,0,0
5974,1,1
5974,0,0
5975,1,1
5976,0,1
5979,1,3
5980,1,1
5980,0,0
5981,1,1
5981,0,0
5982,1,1
5982,0,0
5983,0,1
5984,0,1
5985,1,1
5985,0,0
5986,1,1
5986,0,0
5987,1,1
5987,0,0
5987,0,0
5988,0,1
5992,0,4
5993,1,1
5993,0,0
5994,1,1
5994,0,0
5995,1,1
5995,0,0
5996,1,1
5996,0,0
5997,0,1
5998,1,1
5998,0,0
5999,1,1
5999,0,0
6000,0,1
6001,1,1
6001,0,0
6002,1,1
6002,0,0
6003,1,1
6003,0,0
6003,0,0
6004,0,1
6008,0,4
6009,0,1
6010,1,1
6010,0,0
6011,1,1
6011,0,0
6012,1,1
6012,0,0
6012,0,0
6013,0,1
6013,0,0
6014,0,1
6014,0,0
6015,1,1
6015,0,0
6016,1,1
6016,0,0
6017,1,1
6017,0,0
6018,1,1
6018,0,0
6019,1,1
6019,0,0
6020,1,1
6020,0,0
6021,1,1
6021,0,0
6022,1,1
6022,0,0
6023,1,1
6023,0,0
6024,1,1
6024,0,0
6025,1,1
6025,0,0
6026,1,1
6026,0,0
6028,0,2
6029,1,1
6029,0,0
6030,1,1
6030,0,0
6031,1,1
6031,0,0
6032,1,1
6032,0,0
6033,1,1
6033,0,0
6034,1,1
6034,0,0
6035,1,1
6035,0,0
6036,1,1
6036,0,0
6037,1,1
6037,0,0
6038,1,1
6038,0,0
6038,0,0
6039,0,1
6039,0,0
6040,1,1
6049,1,9
6049,0,0
6050,1,1
6050,0,0
6051,1,1
6051,0,0
6052,1,1
6052,0,0
6053,1,1
6053,0,0
6054,1,1
6054,0,0
6055,1,1
6055,0,0
6056,1,1
6056,0,0
6057,1,1
6057,0,0
6058,1,1
6058,0,0
6059,1,1
6059,0,0
6060,1,1
6060,0,0
6061,1,1
6061,0,0
6061,0,0
6062,0,1
6062,0,0
6063,1,1
6063,0,0
6064,1,1
6064,0,0
6065,1,1
6065,0,0
6066,1,1
6066,0,0
6067,0,1
6068,1,1
6068,0,0
6069,1,1
6069,0,0
6070,1,1
6070,0,0
6070,0,0
6071,0,1
6071,0,0
6072,1,1
6072,0,0
6073,1,1
6073,0,0
6074,1,1
6074,0,0
6075,1,1
6075,0,0
6076,1,1
6076,0,0
6077,0,1
6077,0,0
6078,1,1
6078,0,0
6079,1,1
6079,0,0
6080,0,1
6084,0,4
6085,1,1
6085,0,0
6086,1,1
6086,0,0
6088,0,2
6089,1,1
6089,0,0
6090,1,1
6090,0,0
6091,1,1
6091,0,0
6092,1,1
6092,0,0
6093,0,1
6094,1,1
6094,0,0
6095,1,1
6095,0,0
6096,1,1
6096,0,0
6097,0,1
6097,0,0
6098,0,1
6098,0,0
6099,0,1
6100,0,1
6101,1,1
6101,0,0
6102,1,1
6102,0,0
6103,1,1
6103,0,0
6104,1,1
6104,0,0
6105,1,1
6108,0,3
6109,1,1
6110,1,1
6110,0,0
6111,1,1
6111,0,0
6112,1,1
6112,0,0
6113,1,1
6113,0,0
6114,1,1
6114,0,0
6115,1,1
6115,0,0
6116,1,1
6116,0,0
6117,1,1
6117,0,0
6118,1,1
6118,0,0
6119,1,1
6119,0,0
6120,0,1
6123,1,3
6123,0,0
6124,1,1
6124,0,0
6125,1,1
6125,0,0
6126,1,1
6126,0,0
6127,1,1
6127,0,0
6128,1,1
6128,0,0
6129,1,1
6129,0,0
6131,2,2
6131,0,0
6132,1,1
6132,0,0
6133,1,1
6133,0,0
6134,1,1
6136,0,2
6137,1,1
6137,0,0
6138,1,1
6138,0,0
6139,1,1
6139,0,0
6140,1,1
6140,0,0
6141,0,1
6144,0,3
6145,1,1
6145,0,0
6146,1,1
6146,0,0
6147,1,1
6147,0,0
6148,1,1
6148,0,0
6149,1,1
6149,0,0
6150,1,1
6150,0,0
6151,0,1
6152,1,1
6152,0,0
6153,1,1
6156,0,3
6157,1,1
6157,0,0
6158,1,1
6158,0,0
6159,1,1
6159,0,0
6160,1,1
6160,0,0
6161,1,1
6161,0,0
6162,1,1
6162,0,0
6163,1,1
6163,0,0
6164,1,1
6165,1,1
6165,0,0
6166,1,1
6166,0,0
6167,1,1
6167,0,0
6168,1,1
6168,0,0
6169,1,1
6169,0,0
6172,0,3
6173,1,1
6173,0,0
6174,1,1
6174,0,0
6175,1,1
6175,0,0
6176,1,1
6176,0,0
6177,1,1
6177,0,0
6178,1,1
6178,0,0
6179,1,1
6179,0,0
6180,1,1
6180,0,0
6181,1,1
6181,0,0
6182,1,1
6182,0,0
6183,1,1
6183,0,0
6184,0,1
6188,0,4
6189,1,1
6189,0,0
6190,1,1
6190,0,0
6191,1,1
6191,0,0
6192,1,1
6192,0,0
6193,1,1
6193,0,0
6194,1,1
6194,0,0
6195,0,1
6196,1,1
6200,0,4
6201,1,1
6201,0,0
6202,1,1
6202,0,0
6203,1,1
6203,0,0
6204,1,1
6204,0,0
6205,1,1
6205,0,0
6206,1,1
6206,0,0
6207,1,1
6207,0,0
6208,0,1
6209,1,1
6209,0,0
6210,1,1
6210,0,0
6211,1,1
6211,0,0
6212,1,1
6212,0,0
6213,1,1
6213,0,0
6214,0,1
6215,1,1
6215,0,0
6216,1,1
6216,0,0
6217,1,1
6217,0,0
6218,0,1
6219,1,1
6219,0,0
6220,1,1
6220,0,0
6221,1,1
6221,0,0
6222,1,1
6222,0,0
6223,1,1
6223,0,0
6224,0,1
6225,1,1
6225,0,0
6226,1,1
6226,0,0
6227,1,1
6228,0,1
6229,1,1
6229,0,0
6230,1,1
6230,0,0
6231,1,1
6231,0,0
6232,1,1
6232,0,0
6236,0,4
6237,1,1
6237,0,0
6238,1,1
6238,0,0
6239,1,1
6239,0,0
6240,1,1
6244,0,4
6245,0,1
6245,0,0
6246,0,1
6247,1,1
6247,0,0
6248,1,1
6248,0,0
6249,1,1
6249,0,0
6249,0,0
6250,0,1
6250,0,0
6251,1,1
6251,0,0
6252,1,1
6252,0,0
6253,1,1
6253,0,0
6254,1,1
6254,0,0
6255,1,1
6255,0,0
6256,1,1
6256,0,0
6257,1,1
6257,0,0
6258,1,1
6258,0,0
6259,1,1
6259,0,0
6260,1,1
6260,0,0
6261,0,1
6261,0,0
6262,1,1
6262,0,0
6263,0,1
6263,0,0
6264,0,1
6264,0,0
6265,0,1
6265,0,0
6266,0,1
6266,0,0
6267,1,1
6268,0,1
6269,1,1
6269,0,0
6270,1,1
6270,0,0
6271,1,1
6271,0,0
6272,1,1
6272,0,0
6276,0,4
6277,1,1
6277,0,0
6278,1,1
6278,0,0
6279,1,1
6280,1,1
6280,0,0
6281,1,1
6284,0,3
6285,1,1
6285,0,0
6286,1,1
6286,0,0
6287,1,1
6287,0,0
6288,1,1
6288,0,0
6289,1,1
6289,0,0
6290,1,1
6290,0,0
6291,1,1
6291,0,0
6292,1,1
6292,0,0
6293,1,1
6293,0,0
6294,1,1
6294,0,0
6295,1,1
6296,1,1
6296,0,0
6297,1,1
6297,0,0
6298,1,1
6298,0,0
6299,1,1
6299,0,0
6300,1,1
6300,0,0
6301,1,1
6301,0,0
6302,1,1
6302,0,0
6303,1,1
6303,0,0
6304,1,1
6308,0,4
6309,1,1
6310,1,1
6312,0,2
6313,1,1
6313,0,0
6314,1,1
6314,0,0
6315,1,1
6315,0,0
6316,1,1
6316,0,0
6317,1,1
6317,0,0
6318,1,1
6318,0,0
6319,1,1
6319,0,0
6320,1,1
6320,0,0
6321,1,1
6321,0,0
6322,1,1
6322,0,0
6323,1,1
6323,0,0
6324,1,1
6324,0,0
6325,1,1
6328,0,3
6329,1,1
6329,0,0
6330,1,1
6330,0,0
6331,1,1
6332,1,1
6332,0,0
6332,0,0
6333,1,1
6333,0,0
6334,1,1
6334,0,0
6334,0,0
6335,1,1
6335,0,0
6335,0,0
6336,0,1
6336,0,0
6337,0,1
6337,0,0
6338,1,1
6338,0,0
6338,0,0
6339,1,1
6339,0,0
6340,1,1
6340,0,0
6340,0,0
6341,1,1
6341,0,0
6341,0,0
6342,1,1
6342,0,0
6343,1,1
6343,0,0
6343,0,0
6344,1,1
6344,0,0
6348,0,4
6349,1,1
6349,0,0
6350,1,1
6350,0,0
6351,0,1
6352,1,1
6352,0,0
6353,1,1
6353,0,0
6354,1,1
6356,0,2
6357,1,1
6357,0,0
6358,1,1
6358,0,0
6359,0,1
6360,1,1
6360,0,0
6361,1,1
6361,0,0
6362,1,1
6363,1,1
6363,0,0
6364,1,1
6364,0,0
6365,1,1
6365,0,0
6366,1,1
6366,0,0
6367,0,1
6368,1,1
6368,0,0
6369,1,1
6373,1,4
6373,0,0
6374,1,1
6374,0,0
6375,1,1
6376,1,1
6376,0,0
6377,1,1
6377,0,0
6378,1,1
6379,1,1
6379,0,0
6380,0,1
6381,1,1
6381,0,0
6382,1,1
6382,0,0
6383,1,1
6384,0,1
6385,1,1
6385,0,0
6385,0,0
6386,1,1
6386,0,0
6387,1,1
6387,0,0
6387,0,0
6388,1,1
6388,0,0
6389,1,1
6389,0,0
6392,0,3
6393,1,1
6393,0,0
6394,1,1
6394,0,0
6395,1,1
6395,0,0
6396,1,1
6396,0,0
6397,1,1
6400,0,3
6401,1,1
6401,0,0
6402,1,1
6402,0,0
6403,1,1
6404,1,1
6404,0,0
6405,1,1
6405,0,0
6406,1,1
6406,0,0
6407,1,1
6407,0,0
6408,1,1
6408,0,0
6409,1,1
6409,0,0
6410,0,1
6411,1,1
6411,0,0
6412,0,1
6412,0,0
6413,1,1
6413,0,0
6414,1,1
6414,0,0
6416,0,2
6417,1,1
6417,0,0
6417,0,0
6418,0,1
6418,0,0
6419,1,1
6419,0,0
6420,1,1
6420,0,0
6420,0,0
6421,1,1
6421,0,0
6422,1,1
6423,0,1
6423,0,0
6424,1,1
6424,0,0
6425,1,1
6425,0,0
6426,1,1
6426,0,0
6426,0,0
6427,1,1
6427,0,0
6428,1,1
6428,0,0
6428,0,0
6431,1,3
6432,0,1
6432,0,0
6433,1,1
6433,0,0
6434,1,1
6434,0,0
6435,1,1
6435,0,0
6436,1,1
6436,0,0
6436,0,0
6437,1,1
6437,0,0
6438,1,1
6438,0,0
6438,0,0
6439,1,1
6439,0,0
6440,0,1
6440,0,0
6441,1,1
6441,0,0
6442,1,1
6442,0,0
6442,0,0
6444,0,2
6444,0,0
6445,1,1
6445,0,0
6446,1,1
6446,0,0
6446,0,0
6447,1,1
6448,0,1
6448,0,0
6449,1,1
6449,0,0
6450,1,1
6450,0,0
6451,1,1
6451,0,0
6452,1,1
6452,0,0
6453,1,1
6457,1,4
6460,0,3
6461,1,1
6461,0,0
6462,1,1
6462,0,0
6462,0,0
6463,1,1
6463,0,0
6464,1,1
6464,0,0
6464,0,0
6465,1,1
6465,0,0
6466,1,1
6466,0,0
6466,0,0
6467,1,1
6467,0,0
6468,1,1
6468,0,0
6468,0,0
6469,0,1
6469,0,0
6470,1,1
6470,0,0
6470,0,0
6471,1,1
6471,0,0
6472,1,1
6473,1,1
6473,0,0
6474,1,1
6474,0,0
6475,1,1
6476,1,1
6476,0,0
6477,1,1
6477,0,0
6478,1,1
6478,0,0
6479,0,1
6480,1,1
6480,0,0
6484,0,4
6485,1,1
6486,1,1
6486,0,0
6488,0,2
6489,1,1
6489,0,0
6490,1,1
6491,1,1
6491,0,0
6492,1,1
6492,0,0
6493,1,1
6493,0,0
6494,1,1
6495,1,1
6495,0,0
6496,1,1
6496,0,0
6497,1,1
6497,0,0
6498,1,1
6500,0,2
6501,1,1
6501,0,0
6502,1,1
6503,1,1
6503,0,0
6504,1,1
6504,0,0
6505,1,1
6505,0,0
6506,0,1
6506,0,0
6507,1,1
6507,0,0
6508,1,1
6508,0,0
6508,0,0
6509,1,1
6509,0,0
6510,1,1
6510,0,0
6510,0,0
6511,1,1
6511,0,0
6511,0,0
6512,0,1
6516,0,4
6518,0,2
6519,1,1
6519,0,0
6520,1,1
6520,0,0
6521,1,1
6521,0,0
6522,1,1
6522,0,0
6523,1,1
6523,0,0
6524,1,1
6528,0,4
6529,1,1
6530,1,1
6530,0,0
6531,1,1
6532,1,1
6532,0,0
6533,1,1
6533,0,0
6533,0,0
6534,1,1
6534,0,0
6535,1,1
6535,0,0
6536,1,1
6536,0,0
6537,1,1
6537,0,0
6538,1,1
6538,0,0
6539,1,1
6541,2,2
6541,0,0
6542,1,1
6542,0,0
6543,1,1
6543,0,0
6544,1,1
6545,1,1
6545,0,0
6546,1,1
6546,0,0
6547,1,1
6547,0,0
6547,0,0
6548,0,1
6548,0,0
6549,1,1
6549,0,0
6550,1,1
6550,0,0
6551,1,1
6551,0,0
6552,0,1
6553,1,1
6553,0,0
6553,0,0
6554,1,1
6556,0,2
6556,0,0
6557,1,1
6557,0,0
6558,1,1
6558,0,0
6558,0,0
6559,0,1
6560,1,1
6560,0,0
6561,1,1
6564,0,3
6565,1,1
6565,0,0
6566,0,1
6567,1,1
6567,0,0
6568,1,1
6568,0,0
6569,1,1
6570,1,1
6570,0,0
6571,1,1
6571,0,0
6572,1,1
6572,0,0
6573,0,1
6574,1,1
6574,0,0
6575,1,1
6576,0,1
6577,1,1
6577,0,0
6578,1,1
6578,0,0
6579,1,1
6579,0,0
6580,1,1
6580,0,0
6581,1,1
6581,0,0
6582,1,1
6582,0,0
6582,0,0
6584,0,2
6584,0,0
6585,1,1
6585,0,0
6586,1,1
6586,0,0
6586,0,0
6587,1,1
6587,0,0
6588,1,1
6588,0,0
6588,0,0
6589,1,1
6589,0,0
6590,1,1
6592,0,2
6592,0,0
6593,1,1
6593,0,0
6594,1,1
6594,0,0
6596,0,2
6596,0,0
6597,0,1
6597,0,0
6598,1,1
6598,0,0
6598,0,0
6599,0,1
6599,0,0
6600,1,1
6600,0,0
6601,1,1
6601,0,0
6602,1,1
6602,0,0
6602,0,0
6603,0,1
6603,0,0
6604,1,1
6604,0,0
6605,1,1
6605,0,0
6606,1,1
6606,0,0
6608,0,2
6609,1,1
6609,0,0
6609,0,0
6612,0,3
6613,1,1
6613,0,0
6614,1,1
6614,0,0
6615,1,1
6615,0,0
6616,1,1
6616,0,0
6617,1,1
6617,0,0
6617,0,0
6618,1,1
6619,1,1
6619,0,0
6620,0,1
6621,1,1
6621,0,0
6622,1,1
6622,0,0
6623,0,1
6624,1,1
6624,0,0
6625,1,1
6625,0,0
6628,0,3
6629,0,1
6630,1,1
6630,0,0
6631,1,1
6632,1,1
6632,0,0
6636,0,4
6637,0,1
6638,1,1
6638,0,0
6638,0,0
6639,1,1
6639,0,0
6640,1,1
6640,0,0
6641,1,1
6641,0,0
6642,1,1
6642,0,0
6643,1,1
6643,0,0
6644,0,1
6645,1,1
6645,0,0
6646,1,1
6646,0,0
6646,0,0
6647,0,1
6648,1,1
6648,0,0
6649,1,1
6649,0,0
6650,1,1
6650,0,0
6651,1,1
6651,0,0
6652,1,1
6656,0,4
6657,0,1
6657,0,0
6658,1,1
6658,0,0
6659,1,1
6660,1,1
6660,0,0
6661,1,1
6661,0,0
6662,1,1
6662,0,0
6663,1,1
6663,0,0
6664,0,1
6664,0,0
6665,0,1
6666,1,1
6666,0,0
6667,1,1
6667,0,0
6668,1,1
6672,0,4
6673,1,1
6674,1,1
6674,0,0
6675,1,1
6675,0,0
6676,1,1
6676,0,0
6677,1,1
6677,0,0
6678,1,1
6678,0,0
6679,1,1
6679,0,0
6680,1,1
6680,0,0
6680,0,0
6681,1,1
6681,0,0
6682,1,1
6682,0,0
6683,1,1
6683,0,0
6683,0,0
6684,0,1
6684,0,0
6685,1,1
6685,0,0
6686,1,1
6686,0,0
6686,0,0
6687,0,1
6687,0,0
6688,0,1
6688,0,0
6689,1,1
6689,0,0
6692,0,3
6693,1,1
6693,0,0
6694,1,1
6694,0,0
6694,0,0
6695,1,1
6695,0,0
6696,1,1
6696,0,0
6697,1,1
6697,0,0
6697,0,0
6698,1,1
6698,0,0
6699,1,1
6699,0,0
6699,0,0
6700,1,1
6700,0,0
6701,1,1
6701,0,0
6701,0,0
6702,1,1
6702,0,0
6703,1,1
6703,0,0
6703,0,0
6704,1,1
6704,0,0
6705,1,1
6708,0,3
6709,1,1
6709,0,0
6709,0,0
6710,1,1
6710,0,0
6711,1,1
6711,0,0
6711,0,0
6712,1,1
6712,0,0
6713,1,1
6713,0,0
6714,1,1
6716,0,2
6717,1,1
6717,0,0
6717,0,0
6718,1,1
6718,0,0
6719,1,1
6719,0,0
6720,1,1
6720,0,0
6720,0,0
6721,1,1
6721,0,0
6722,1,1
6723,1,1
6723,0,0
6724,1,1
6724,0,0
6725,1,1
6725,0,0
6726,1,1
6727,1,1
6727,0,0
6728,1,1
6728,0,0
6729,1,1
6729,0,0
6730,1,1
6730,0,0
6731,1,1
6732,1,1
6736,0,4
6737,1,1
6737,0,0
6738,1,1
6740,0,2
6741,0,1
6741,0,0
6742,1,1
6742,0,0
6743,1,1
6743,0,0
6743,0,0
6744,1,1
6744,0,0
6745,1,1
6745,0,0
6745,0,0
6746,1,1
6746,0,0
6747,1,1
6747,0,0
6748,1,1
6748,0,0
6749,1,1
6749,0,0
6750,1,1
6750,0,0
6751,1,1
6751,0,0
6752,1,1
6752,0,0
6752,0,0
6753,1,1
6753,0,0
6754,1,1
6754,0,0
6754,0,0
6755,1,1
6755,0,0
6756,1,1
6760,0,4
6761,0,1
6762,1,1
6762,0,0
6763,1,1
6763,0,0
6763,0,0
6764,1,1
6764,0,0
6765,1,1
6765,0,0
6766,1,1
6766,0,0
6766,0,0
6767,1,1
6767,0,0
6768,1,1
6768,0,0
6768,0,0
6769,1,1
6769,0,0
6770,1,1
6770,0,0
6771,1,1
6771,0,0
6772,1,1
6773,1,1
6773,0,0
6774,0,1
6776,0,2
6777,1,1
6777,0,0
6778,1,1
6779,1,1
6779,0,0
6780,1,1
6781,0,1
6782,1,1
6782,0,0
6783,1,1
6783,0,0
6784,1,1
6785,1,1
6785,0,0
6786,1,1
6786,0,0
6787,1,1
6787,0,0
6788,1,1
6789,1,1
6792,0,3
6793,1,1
6794,1,1
6794,0,0
6795,1,1
6795,0,0
6796,1,1
6797,1,1
6800,0,3
6801,0,1
6802,1,1
6802,0,0
6803,1,1
6804,1,1
6804,0,0
6805,1,1
6805,0,0
6806,0,1
6806,0,0
6807,1,1
6807,0,0
6808,1,1
6808,0,0
6808,0,0
6809,1,1
6809,0,0
6810,1,1
6810,0,0
6811,1,1
6811,0,0
6811,0,0
6812,1,1
6812,0,0
6813,1,1
6813,0,0
6813,0,0
6814,1,1
6814,0,0
6815,1,1
6815,0,0
6816,1,1
6817,1,1
6820,0,3
6821,1,1
6822,1,1
6822,0,0
6823,1,1
6823,0,0
6824,1,1
6825,1,1
6825,0,0
6826,1,1
6828,0,2
6829,1,1
6829,0,0
6830,1,1
6830,0,0
6831,0,1
6832,1,1
6832,0,0
6833,1,1
6834,1,1
6834,0,0
6835,1,1
6835,0,0
6836,1,1
6836,0,0
6837,1,1
6837,0,0
6838,1,1
6839,1,1
6839,0,0
6840,1,1
6840,0,0
6841,1,1
6841,0,0
6842,1,1
6842,0,0
6843,1,1
6844,0,1
6845,1,1
6845,0,0
6848,0,3
6849,1,1
6849,0,0
6850,1,1
6852,0,2
6853,1,1
6853,0,0
6853,0,0
6854,1,1
6854,0,0
6855,1,1
6855,0,0
6855,0,0
6856,1,1
6856,0,0
6857,1,1
6857,0,0
6858,1,1
6858,0,0
6859,0,1
6860,1,1
6860,0,0
6861,1,1
6861,0,0
6862,1,1
6863,1,1
6863,0,0
6864,1,1
6864,0,0
6865,1,1
6865,0,0
6866,1,1
6867,1,1
6867,0,0
6868,0,1
6869,1,1
6872,0,3
6873,1,1
6874,1,1
6874,0,0
6876,0,2
6876,0,0
6877,0,1
6877,0,0
6878,1,1
6878,0,0
6879,1,1
6879,0,0
6879,0,0
6880,0,1
6881,1,1
6881,0,0
6882,1,1
6882,0,0
6882,0,0
6883,1,1
6883,0,0
6884,1,1
6884,0,0
6885,1,1
6885,0,0
6885,0,0
6886,1,1
6886,0,0
6887,1,1
6887,0,0
6888,0,1
6888,0,0
6889,1,1
6889,0,0
6890,1,1
6890,0,0
6890,0,0
6891,1,1
6891,0,0
6892,1,1
6896,0,4
6897,1,1
6898,1,1
6898,0,0
6899,1,1
6900,1,1
6900,0,0
6901,1,1
6904,0,3
6905,0,1
6906,1,1
6906,0,0
6907,1,1
6907,0,0
6908,1,1
6909,1,1
6909,0,0
6910,1,1
6910,0,0
6911,1,1
6911,0,0
6912,1,1
6913,1,1
6913,0,0
6914,1,1
6914,0,0
6915,1,1
6915,0,0
6916,1,1
6916,0,0
6917,1,1
6918,1,1
6918,0,0
6919,1,1
6919,0,0
6920,1,1
6920,0,0
6921,0,1
6922,1,1
6922,0,0
6923,1,1
6923,0,0
6924,1,1
6924,0,0
6925,1,1
6926,1,1
6928,0,2
6929,0,1
6930,1,1
6930,0,0
6931,1,1
6932,1,1
6932,0,0
6937,1,5
6937,0,0
6938,1,1
6938,0,0
6939,1,1
6940,1,1
6940,0,0
6941,1,1
6941,0,0
6942,1,1
6942,0,0
6943,0,1
6944,1,1
6944,0,0
6945,1,1
6945,0,0
6946,0,1
6947,1,1
6947,0,0
6948,0,1
6949,1,1
6949,0,0
6950,1,1
6952,0,2
6953,1,1
6953,0,0
6954,1,1
6955,1,1
6955,0,0
6956,1,1
6956,0,0
6957,1,1
6957,0,0
6958,0,1
6959,1,1
6959,0,0
6960,1,1
6960,0,0
6961,1,1
6962,1,1
6962,0,0
6963,1,1
6963,0,0
6964,1,1
6965,1,1
6968,0,3
6972,0,4
6973,0,1
6973,0,0
6974,1,1
6974,0,0
6975,1,1
6975,0,0
6975,0,0
6976,1,1
6976,0,0
6977,1,1
6977,0,0
6977,0,0
6978,1,1
6978,0,0
6979,1,1
6979,0,0
6979,0,0
6980,1,1
6980,0,0
6981,1,1
6981,0,0
6981,0,0
6982,1,1
6982,0,0
6983,1,1
6983,0,0
6983,0,0
6984,1,1
6984,0,0
6985,1,1
6985,0,0
6985,0,0
6986,1,1
6986,0,0
6986,0,0
6987,1,1
6987,0,0
6988,1,1
6988,0,0
6988,0,0
6989,1,1
6989,0,0
6990,1,1
6990,0,0
6990,0,0
6991,1,1
6991,0,0
6992,1,1
6992,0,0
6992,0,0
6993,1,1
6993,0,0
6994,1,1
6995,1,1
6996,0,1
6997,1,1
6997,0,0
7000,0,3
7001,1,1
7001,0,0
7002,0,1
7003,1,1
7003,0,0
7004,1,1
7004,0,0
7008,0,4
7009,1,1
7009,0,0
7010,0,1
7011,1,1
7011,0,0
7012,1,1
7012,0,0
7013,1,1
7014,1,1
7014,0,0
7015,1,1
7015,0,0
7016,1,1
7016,0,0
7017,0,1
7018,1,1
7018,0,0
7019,1,1
7019,0,0
7020,1,1
7021,1,1
7024,0,3
7025,1,1
7026,1,1
7026,0,0
7027,1,1
7027,0,0
7028,1,1
7028,0,0
7029,1,1
7029,0,0
7030,1,1
7030,0,0
7031,1,1
7031,0,0
7032,0,1
7033,1,1
7033,0,0
7034,1,1
7034,0,0
7035,1,1
7035,0,0
7036,0,1
7041,1,5
7041,0,0
7042,1,1
7042,0,0
7043,1,1
7044,1,1
7044,0,0
7045,1,1
7045,0,0
7046,1,1
7046,0,0
7047,1,1
7047,0,0
7048,1,1
7048,0,0
7049,1,1
7049,0,0
7050,0,1
7051,1,1
7051,0,0
7052,1,1
7056,0,4
7057,1,1
7057,0,0
7058,0,1
7059,1,1
7059,0,0
7060,1,1
7060,0,0
7061,1,1
7061,0,0
7062,0,1
7063,1,1
7063,0,0
7064,1,1
7064,0,0
7065,1,1
7066,1,1
7066,0,0
7067,1,1
7067,0,0
7068,1,1
7068,0,0
7069,1,1
7070,1,1
7070,0,0
7071,1,1
7071,0,0
7072,0,1
7073,1,1
7073,0,0
7075,0,2
7076,0,1
7077,1,1
7077,0,0
7078,1,1
7078,0,0
7079,1,1
7079,0,0
7080,0,1
7081,1,1
7081,0,0
7082,1,1
7082,0,0
7083,1,1
7083,0,0
7084,1,1
7084,0,0
7085,1,1
7085,0,0
7085,0,0
7086,1,1
7086,0,0
7087,1,1
7087,0,0
7087,0,0
7088,0,1
7088,0,0
7089,1,1
7092,0,3
7094,0,2
7094,0,0
7095,1,1
7095,0,0
7096,1,1
7096,0,0
7097,1,1
7097,0,0
7098,1,1
7098,0,0
7099,0,1
7100,1,1
7104,0,4
7105,1,1
7105,0,0
7106,1,1
7106,0,0
7106,0,0
7107,1,1
7107,0,0
7107,0,0
7108,0,1
7109,1,1
7109,0,0
7109,0,0
7110,0,1
7110,0,0
7111,1,1
7111,0,0
7112,1,1
7112,0,0
7113,1,1
7114,1,1
7114,0,0
7115,1,1
7115,0,0
7116,1,1
7116,0,0
7117,1,1
7117,0,0
7118,1,1
7118,0,0
7119,0,1
7120,1,1
7124,0,4
7125,1,1
7126,1,1
7126,0,0
7127,1,1
7127,0,0
7128,1,1
7130,2,2
7131,1,1
7132,1,1
7132,0,0
7133,1,1
7133,0,0
7134,0,1
7135,1,1
7135,0,0
7136,1,1
7136,0,0
7137,1,1
7137,0,0
7138,1,1
7139,1,1
7139,0,0
7140,1,1
7140,0,0
7141,1,1
7141,0,0
7142,1,1
7144,0,2
7145,1,1
7145,0,0
7146,1,1
7146,0,0
7147,0,1
7147,0,0
7148,0,1
7149,1,1
7149,0,0
7150,1,1
7150,0,0
7151,1,1
7151,0,0
7152,1,1
7152,0,0
7153,1,1
7153,0,0
7154,0,1
7155,1,1
7155,0,0
7156,1,1
7156,0,0
7157,1,1
7157,0,0
7158,1,1
7160,0,2
7161,1,1
7164,0,3
7165,1,1
7165,0,0
7166,1,1
7166,0,0
7166,0,0
7167,1,1
7167,0,0
7168,1,1
7168,0,0
7168,0,0
7169,1,1
7169,0,0
7170,1,1
7170,0,0
7170,0,0
7171,1,1
7171,0,0
7172,1,1
7172,0,0
7172,0,0
7173,1,1
7173,0,0
7174,1,1
7174,0,0
7175,1,1
7175,0,0
7175,0,0
7176,1,1
7176,0,0
7177,1,1
7177,0,0
7180,0,3
7181,0,1
7181,0,0
7182,1,1
7182,0,0
7183,1,1
7183,0,0
7184,1,1
7184,0,0
7184,0,0
7185,1,1
7185,0,0
7186,1,1
7186,0,0
7186,0,0
7187,1,1
7187,0,0
7187,0,0
7188,0,1
7192,0,4
7193,1,1
7193,0,0
7194,1,1
7194,0,0
7195,1,1
7195,0,0
7196,1,1
7196,0,0
7197,1,1
7197,0,0
7197,0,0
7198,1,1
7198,0,0
7199,1,1
7199,0,0
7200,1,1
7200,0,0
7200,0,0
7201,1,1
7201,0,0
7202,1,1
7202,0,0
7202,0,0
7203,1,1
7203,0,0
7204,0,1
7204,0,0
7206,2,2
7206,0,0
7206,0,0
7207,1,1
7207,0,0
7208,0,1
7208,0,0
7209,0,1
7209,0,0
7210,1,1
7210,0,0
7212,0,2
7212,0,0
7213,1,1
7213,0,0
7214,1,1
7214,0,0
7214,0,0
7215,1,1
7215,0,0
7216,1,1
7216,0,0
7216,0,0
7217,0,1
7217,0,0
7218,1,1
7218,0,0
7219,1,1
7219,0,0
7220,1,1
7220,0,0
7220,0,0
7221,0,1
7221,0,0
7222,1,1
7222,0,0
7224,0,2
7225,1,1
7226,1,1
7226,0,0
7227,1,1
7227,0,0
7228,1,1
7228,0,0
7228,0,0
7229,1,1
7229,0,0
7230,1,1
7230,0,0
7230,0,0
7231,1,1
7232,0,1
7232,0,0
7233,0,1
7233,0,0
7234,1,1
7234,0,0
7235,1,1
7235,0,0
7236,1,1
7236,0,0
7236,0,0
7237,1,1
7237,0,0
7240,0,3
7244,0,4
7245,1,1
7245,0,0
7246,1,1
7246,0,0
7247,1,1
7247,0,0
7247,0,0
7248,1,1
7248,0,0
7249,1,1
7249,0,0
7250,1,1
7250,0,0
7251,1,1
7251,0,0
7251,0,0
7252,0,1
7252,0,0
7253,1,1
7253,0,0
7254,1,1
7254,0,0
7255,1,1
7255,0,0
7255,0,0
7256,1,1
7256,0,0
7257,1,1
7257,0,0
7258,1,1
7258,0,0
7259,1,1
7259,0,0
7259,0,0
7260,1,1
7260,0,0
7261,1,1
7261,0,0
7262,1,1
7262,0,0
7264,0,2
7265,1,1
7265,0,0
7265,0,0
7266,0,1
7266,0,0
7267,1,1
7267,0,0
7268,1,1
7268,0,0
7269,1,1
7269,0,0
7269,0,0
7270,0,1
7270,0,0
7271,1,1
7271,0,0
7272,1,1
7272,0,0
7272,0,0
7273,0,1
7273,0,0
7276,1,3
7276,0,0
7277,1,1
7277,0,0
7280,0,3
7281,1,1
7281,0,0
7281,0,0
7282,1,1
7282,0,0
7283,1,1
7283,0,0
7284,1,1
7284,0,0
7285,1,1
7285,0,0
7285,0,0
7286,1,1
7286,0,0
7287,1,1
7287,0,0
7287,0,0
7288,1,1
7288,0,0
7289,1,1
7289,0,0
7290,1,1
7290,0,0
7290,0,0
7291,1,1
7291,0,0
7292,1,1
7292,0,0
7292,0,0
7293,0,1
7293,0,0
7294,1,1
7294,0,0
7296,0,2
7297,1,1
7297,0,0
7298,1,1
7298,0,0
7299,1,1
7299,0,0
7300,1,1
7304,0,4
7305,1,1
7305,0,0
7306,1,1
7306,0,0
7307,1,1
7307,0,0
7307,0,0
7308,0,1
7308,0,0
7309,1,1
7309,0,0
7310,1,1
7310,0,0
7312,0,2
7313,1,1
7313,0,0
7313,0,0
7314,1,1
7314,0,0
7315,1,1
7315,0,0
7316,1,1
7316,0,0
7316,0,0
7317,0,1
7317,0,0
7318,1,1
7318,0,0
7319,1,1
7319,0,0
7320,1,1
7320,0,0
7321,1,1
7321,0,0
7321,0,0
7322,1,1
7322,0,0
7323,1,1
7323,0,0
7323,0,0
7324,0,1
7324,0,0
7325,1,1
7325,0,0
7326,0,1
7326,0,0
7327,1,1
7327,0,0
7328,0,1
7328,0,0
7329,1,1
7329,0,0
7330,1,1
7330,0,0
7331,1,1
7332,0,1
7332,0,0
7333,1,1
7333,0,0
7334,1,1
7334,0,0
7335,1,1
7335,0,0
7335,0,0
7336,1,1
7336,0,0
7337,1,1
7337,0,0
7337,0,0
7338,1,1
7340,0,2
7340,0,0
7341,1,1
7344,0,3
7344,0,0
7345,0,1
7345,0,0
7346,1,1
7346,0,0
7347,1,1
7347,0,0
7347,0,0
7348,1,1
7348,0,0
7349,1,1
7349,0,0
7349,0,0
7350,1,1
7350,0,0
7351,1,1
7351,0,0
7351,0,0
7352,1,1
7352,0,0
7353,1,1
7353,0,0
7353,0,0
7354,1,1
7355,1,1
7355,0,0
7356,1,1
7356,0,0
7357,1,1
7358,0,1
7359,1,1
7359,0,0
7360,1,1
7360,0,0
7361,1,1
7361,0,0
7362,1,1
7362,0,0
7363,1,1
7363,0,0
7364,1,1
7364,0,0
7368,0,4
7369,1,1
7369,0,0
7372,0,3
7373,1,1
7373,0,0
7374,1,1
7374,0,0
7375,1,1
7375,0,0
7375,0,0
7376,1,1
7376,0,0
7377,1,1
7377,0,0
7378,1,1
7378,0,0
7378,0,0
7379,1,1
7379,0,0
7380,1,1
7380,0,0
7381,1,1
7381,0,0
7382,1,1
7382,0,0
7383,1,1
7383,0,0
7383,0,0
7384,1,1
7384,0,0
7385,1,1
7385,0,0
7385,0,0
7386,1,1
7386,0,0
7387,1,1
7387,0,0
7388,1,1
7393,1,5
7393,0,0
7394,1,1
7394,0,0
7395,1,1
7396,1,1
7396,0,0
7397,1,1
7397,0,0
7398,1,1
7398,0,0
7399,1,1
7399,0,0
7400,1,1
7401,1,1
7401,0,0
7404,0,3
7405,1,1
7406,1,1
7406,0,0
7407,1,1
7407,0,0
7408,1,1
7408,0,0
7409,1,1
7410,1,1
7410,0,0
7411,1,1
7411,0,0
7412,1,1
7412,0,0
7413,1,1
7413,0,0
7414,1,1
7414,0,0
7415,1,1
7415,0,0
7416,1,1
7417,1,1
7417,0,0
7418,1,1
7418,0,0
7419,1,1
7419,0,0
7420,1,1
7420,0,0
7421,1,1
7422,1,1
7422,0,0
7423,1,1
7423,0,0
7424,1,1
7424,0,0
7427,1,3
7427,0,0
7428,0,1
7429,1,1
7429,0,0
7430,1,1
7430,0,0
7431,1,1
7432,0,1
7433,1,1
7433,0,0
7434,1,1
7434,0,0
7435,1,1
7435,0,0
7436,1,1
7436,0,0
7437,1,1
7437,0,0
7438,1,1
7440,0,2
7441,1,1
7441,0,0
7444,0,3
7445,1,1
7445,0,0
7445,0,0
7446,0,1
7446,0,0
7447,1,1
7447,0,0
7448,1,1
7448,0,0
7449,1,1
7450,1,1
7450,0,0
7451,1,1
7451,0,0
7452,1,1
7452,0,0
7453,1,1
7453,0,0
7454,1,1
7455,1,1
7455,0,0
7456,1,1
7456,0,0
7457,1,1
7460,0,3
7461,1,1
7461,0,0
7462,0,1
7463,1,1
7463,0,0
7464,1,1
7469,1,5
7469,0,0
7470,1,1
7470,0,0
7470,0,0
7471,0,1
7472,1,1
7472,0,0
7473,1,1
7473,0,0
7474,1,1
7474,0,0
7474,0,0
7475,0,1
7475,0,0
7476,1,1
7476,0,0
7477,1,1
7477,0,0
7478,1,1
7478,0,0
7479,1,1
7480,1,1
7480,0,0
7481,1,1
7481,0,0
7482,1,1
7482,0,0
7482,0,0
7483,0,1
7484,1,1
7484,0,0
7484,0,0
7485,1,1
7485,0,0
7486,1,1
7488,0,2
7489,0,1
7489,0,0
7490,1,1
7490,0,0
7491,1,1
7491,0,0
7492,1,1
7492,0,0
7493,1,1
7493,0,0
7494,1,1
7494,0,0
7495,0,1
7496,1,1
7496,0,0
7497,1,1
7497,0,0
7498,1,1
7498,0,0
7499,1,1
7499,0,0
7500,0,1
7501,1,1
7501,0,0
7502,1,1
7502,0,0
7504,0,2
7508,0,4
7509,1,1
7510,1,1
7510,0,0
7511,1,1
7511,0,0
7512,1,1
7512,0,0
7513,1,1
7514,1,1
7514,0,0
7515,1,1
7515,0,0
7516,1,1
7516,0,0
7518,0,2
7519,1,1
7519,0,0
7520,1,1
7520,0,0
7521,1,1
7521,0,0
7521,0,0
7522,0,1
7522,0,0
7523,1,1
7523,0,0
7524,1,1
7527,1,3
7527,0,0
7528,1,1
7528,0,0
7529,1,1
7529,0,0
7530,1,1
7531,1,1
7531,0,0
7532,1,1
7532,0,0
7533,1,1
7533,0,0
7534,1,1
7535,1,1
7535,0,0
7536,1,1
7536,0,0
7536,0,0
7537,1,1
7537,0,0
7537,0,0
7538,0,1
7540,0,2
7541,1,1
7541,0,0
7541,0,0
7542,1,1
7542,0,0
7543,1,1
7543,0,0
7543,0,0
7544,1,1
7544,0,0
7545,1,1
7545,0,0
7545,0,0
7546,1,1
7548,0,2
7549,1,1
7549,0,0
7550,1,1
7551,1,1
7551,0,0
7552,1,1
7552,0,0
7553,1,1
7554,1,1
7554,0,0
7555,1,1
7555,0,0
7556,1,1
7556,0,0
7560,0,4
7561,1,1
7561,0,0
7562,1,1
7562,0,0
7563,1,1
7564,1,1
7564,0,0
7565,1,1
7565,0,0
7566,1,1
7568,0,2
7569,1,1
7570,1,1
7570,0,0
7571,1,1
7571,0,0
7572,1,1
7573,1,1
7573,0,0
7573,0,0
7574,0,1
7574,0,0
7575,1,1
7575,0,0
7576,1,1
7576,0,0
7577,1,1
7577,0,0
7578,1,1
7578,0,0
7579,1,1
7579,0,0
7580,1,1
7580,0,0
7581,1,1
7581,0,0
7581,0,0
7582,1,1
7582,0,0
7583,1,1
7584,0,1
7585,1,1
7585,0,0
7585,0,0
7586,1,1
7586,0,0
7587,1,1
7587,0,0
7588,0,1
7588,0,0
7589,1,1
7589,0,0
7590,1,1
7592,0,2
7592,0,0
7593,0,1
7593,0,0
7594,1,1
7596,0,2
7597,1,1
7597,0,0
7598,1,1
7598,0,0
7599,1,1
7599,0,0
7600,1,1
7600,0,0
7601,1,1
7601,0,0
7602,1,1
7602,0,0
7603,1,1
7603,0,0
7603,0,0
7604,1,1
7604,0,0
7605,1,1
7605,0,0
7606,1,1
7606,0,0
7606,0,0
7607,1,1
7607,0,0
7607,0,0
7608,0,1
7609,1,1
7612,0,3
7613,1,1
7613,0,0
7616,0,3
7617,1,1
7617,0,0
7618,0,1
7618,0,0
7619,0,1
7620,1,1
7620,0,0
7621,1,1
7621,0,0
7622,1,1
7622,0,0
7623,1,1
7623,0,0
7624,1,1
7624,0,0
7625,0,1
7625,0,0
7626,0,1
7627,1,1
7627,0,0
7628,1,1
7628,0,0
7628,0,0
7629,1,1
7629,0,0
7630,1,1
7630,0,0
7631,1,1
7631,0,0
7632,1,1
7632,0,0
7633,1,1
7633,0,0
7633,0,0
7634,1,1
7634,0,0
7635,1,1
7636,0,1
7637,1,1
7637,0,0
7637,0,0
7638,1,1
7640,0,2
7641,1,1
7641,0,0
7642,1,1
7642,0,0
7642,0,0
7643,0,1
7643,0,0
7644,1,1
7648,0,4
7649,0,1
7650,1,1
7650,0,0
7651,1,1
7652,1,1
7652,0,0
7653,1,1
7653,0,0
7654,1,1
7654,0,0
7655,1,1
7655,0,0
7656,1,1
7657,1,1
7657,0,0
7660,0,3
7661,0,1
7662,1,1
7662,0,0
7663,1,1
7663,0,0
7664,1,1
7664,0,0
7665,1,1
7665,0,0
7666,0,1
7666,0,0
7667,0,1
7668,1,1
7668,0,0
7669,1,1
7669,0,0
7670,1,1
7670,0,0
7671,1,1
7671,0,0
7672,1,1
7672,0,0
7673,1,1
7673,0,0
7674,1,1
7674,0,0
7675,1,1
7675,0,0
7676,1,1
7676,0,0
7676,0,0
7677,1,1
7677,0,0
7678,1,1
7678,0,0
7679,1,1
7679,0,0
7680,0,1
7684,0,4
7686,1,2
7687,1,1
7687,0,0
7688,1,1
7688,0,0
7692,0,4
7693,1,1
7693,0,0
7694,1,1
7694,0,0
7694,0,0
7695,1,1
7695,0,0
7696,1,1
7696,0,0
7697,1,1
7697,0,0
7698,1,1
7698,0,0
7698,0,0
7699,1,1
7699,0,0
7700,1,1
7700,0,0
7701,1,1
7701,0,0
7701,0,0
7702,1,1
7702,0,0
7703,1,1
7703,0,0
7703,0,0
7704,1,1
7704,0,0
7705,1,1
7705,0,0
7705,0,0
7706,0,1
7706,0,0
7707,1,1
7707,0,0
7708,1,1
7708,0,0
7708,0,0
7709,1,1
7709,0,0
7710,1,1
7710,0,0
7710,0,0
7711,1,1
7711,0,0
7712,0,1
7713,1,1
7713,0,0
7714,1,1
7714,0,0
7715,1,1
7715,0,0
7716,1,1
7716,0,0
7720,0,4
7721,0,1
7722,1,1
7722,0,0
7723,1,1
7723,0,0
7724,1,1
7724,0,0
7728,1,4
7736,8,8
7736,0,0
7737,1,1
7737,0,0
7738,1,1
7738,0,0
7739,1,1
7740,1,1
7740,0,0
7741,1,1
7741,0,0
7742,1,1
7745,3,3
7745,3,0
7745,3,0
7745,2,0
7745,2,0
7745,2,0
7746,3,1
7746,3,0
7746,2,0
7746,2,0
7746,2,0
7747,2,1
7747,0,0
7747,0,0
7749,2,2
7749,1,0
7749,1,0
7749,0,0
7750,1,1
7750,0,0
7751,1,1
7752,1,1
7752,1,0
7764,1,12
7764,0,0
7765,1,1
7765,0,0
7766,1,1
7766,0,0
7767,0,1
7768,1,1
7768,0,0
7769,1,1
7769,0,0
7770,1,1
7770,0,0
7771,1,1
7771,0,0
7772,1,1
7772,0,0
7773,0,1
7774,1,1
7774,0,0
7775,1,1
7775,0,0
7776,1,1
7777,1,1
7777,0,0
7778,1,1
7778,0,0
7779,1,1
7779,0,0
7780,1,1
7781,1,1
7781,0,0
7782,1,1
7782,0,0
7783,1,1
7783,0,0
7784,1,1
7785,1,1
7785,0,0
7786,1,1
7786,0,0
7787,1,1
7787,0,0
7788,1,1
7788,0,0
7789,0,1
7790,1,1
7790,0,0
7791,1,1
7792,1,1
7792,0,0
7793,1,1
7793,0,0
7794,1,1
7794,0,0
7795,1,1
7795,0,0
7796,0,1
7797,1,1
7800,0,3
7801,1,1
7801,0,0
7802,1,1
7802,0,0
7803,0,1
7804,1,1
