time (ms)
0
7
10
12
14
17
19
21
23
25
27
29
31
33
37
39
41
44
46
49
51
53
55
57
59
60
63
65
67
70
72
78
80
83
84
86
88
90
93
95
97
99
100
102
104
106
108
110
114
116
118
119
121
123
125
127
128
131
133
134
136
138
140
142
144
145
147
149
151
152
154
156
158
160
162
163
165
167
169
170
173
175
177
179
181
182
185
186
188
190
192
193
195
197
199
200
202
204
206
207
209
211
213
215
216
218
220
222
224
226
228
230
235
237
239
242
246
248
250
252
254
256
258
260
262
265
269
271
273
275
277
278
280
282
284
285
287
289
291
293
295
297
299
301
304
306
308
309
311
313
315
317
318
320
322
323
325
327
329
330
332
334
336
338
340
342
343
345
347
348
350
352
353
355
357
359
360
362
364
365
367
369
371
373
375
376
378
381
383
385
387
392
394
396
398
399
401
403
404
406
408
410
416
418
420
421
423
425
427
429
430
432
434
435
437
439
440
442
449
451
453
455
456
460
462
463
465
467
468
470
472
473
475
476
478
480
482
485
487
489
491
493
495
498
501
503
505
507
511
513
516
520
522
523
525
527
529
531
533
534
536
538
540
542
544
545
547
549
550
552
554
555
557
558
561
562
564
566
567
569
571
576
578
580
582
583
585
587
588
590
592
593
595
597
598
600
602
603
605
607
609
612
614
616
617
619
621
623
624
626
627
629
631
633
634
636
638
640
642
645
647
648
650
652
653
658
660
661
663
666
667
669
671
673
674
676
678
679
681
682
684
688
690
692
694
696
698
699
701
703
704
707
708
710
712
714
715
717
718
720
722
723
725
727
728
730
732
733
735
737
739
743
744
746
748
750
752
756
758
763
769
771
772
783
790
793
795
797
798
800
802
803
805
806
808
811
812
814
815
817
819
820
822
824
825
827
828
830
832
834
836
838
840
842
843
845
847
848
850
852
853
855
857
860
862
864
866
868
870
871
873
875
877
878
880
882
884
886
887
889
891
893
895
897
898
900
902
903
905
907
909
911
912
914
916
917
919
920
922
924
926
927
929
931
932
934
936
938
940
941
943
945
946
948
950
951
953
955
956
958
960
962
963
965
967
974
976
978
980
981
983
985
986
988
990
992
993
995
997
998
1000
1002
1004
1005
1007
1008
1013
1015
1020
1022
1023
1030
1032
1034
1036
1037
1039
1041
1042
1044
1046
1047
1049
1051
1052
1055
1057
1059
1060
1062
1064
1065
1067
1068
1070
1072
1073
1075
1076
1078
1079
1081
1083
1086
1088
1089
1091
1092
1094
1096
1097
1099
1101
1102
1106
1107
1109
1110
1112
1114
1115
1117
1118
1120
1121
1123
1125
1126
1128
1129
1131
1132
1134
1136
1137
1139
1141
1142
1144
1146
1147
1149
1151
1152
1154
1156
1157
1159
1161
1162
1164
1165
1167
1169
1171
1172
1174
1175
1177
1179
1180
1182
1183
1185
1187
1188
1190
1191
1193
1194
1196
1198
1199
1201
1202
1204
1206
1207
1209
1210
1212
1214
1215
1217
1218
1220
1221
1223
1225
1226
1228
1229
1231
1233
1235
1237
1239
1240
1242
1244
1246
1248
1249
1251
1253
1254
1256
1258
1260
1261
1263
1264
1266
1267
1269
1271
1272
1274
1275
1277
1278
1280
1282
1283
1285
1286
1294
1298
1299
1301
1302
1304
1306
1307
1309
1310
1312
1313
1315
1317
1318
1320
1321
1323
1324
1326
1327
1329
1330
1332
1334
1335
1337
1338
1340
1342
1343
1345
1346
1348
1350
1351
1353
1354
1356
1357
1359
1360
1362
1363
1365
1367
1368
1370
1371
1373
1374
1376
1378
1379
1381
1383
1384
1386
1387
1389
1391
1392
1394
1397
1398
1400
1402
1403
1405
1406
1408
1409
1411
1413
1414
1416
1417
1419
1420
1422
1424
1425
1427
1428
1430
1431
1433
1435
1436
1438
1439
1441
1442
1444
1445
1447
1449
1450
1458
1459
1461
1463
1466
1467
1469
1471
1472
1474
1475
1477
1478
1480
1481
1483
1484
1486
1488
1489
1491
1492
1494
1495
1497
1499
1500
1502
1503
1505
1506
1508
1510
1511
1513
1514
1516
1517
1519
1521
1522
1524
1525
1527
1528
1530
1531
1533
1535
1536
1538
1540
1541
1543
1545
1546
1548
1549
1551
1552
1554
1562
1563
1565
1566
1568
1570
1571
1573
1574
1576
1577
1579
1581
1582
1584
1585
1587
1588
1590
1591
1593
1595
1596
1598
1599
1601
1602
1604
1606
1607
1609
1610
1612
1614
1615
1617
1618
1620
1621
1623
1624
1626
1627
1629
1631
1632
1634
1635
1637
1638
1640
1641
1643
1645
1646
1648
1649
1651
1653
1654
1656
1657
1661
1662
1664
1667
1668
1670
1671
1673
1674
1676
1678
1679
1681
1682
1684
1690
1691
1693
1695
1696
1698
1699
1701
1703
1705
1707
1708
1710
1712
1714
1716
1718
1719
1721
1723
1724
1726
1728
1730
1732
1734
1738
1742
1744
1746
1747
1749
1751
1752
1754
1756
1758
1759
1761
1763
1765
1766
1768
1770
1772
1773
1775
1777
1778
1780
1782
1784
1785
1787
1789
1791
1792
1797
1799
1800
1802
1803
1805
1807
1808
1810
1811
1813
1814
1816
1818
1819
1820
1822
1823
1825
1826
1828
1829
1831
1832
1833
1835
1836
1838
1839
1841
1843
1844
1846
1848
1849
1851
1852
1854
1856
1862
1864
1865
1867
1869
1871
1874
1876
1878
1880
1881
1883
1885
1887
1888
1890
1891
1893
1894
1896
1898
1899
1902
1903
1905
1906
1908
1910
1911
1913
1914
1916
1918
1919
1921
1922
1924
1925
1927
1929
1930
1932
1933
1935
1936
1938
1939
1941
1943
1944
1946
1948
1949
1951
1952
1954
1956
1957
1959
1960
1962
1964
1965
1967
1968
1970
1972
1973
1975
1977
1978
1980
1982
1983
1985
1987
1995
1998
1999
2001
2002
2004
2005
2007
2008
2010
2012
2013
2015
2016
2018
2020
2021
2023
2025
2026
2028
2030
2031
2033
2035
2036
2038
2042
2044
2045
2047
2048
2050
2052
2054
2056
2058
2060
2061
2063
2065
2066
2068
2070
2071
2073
2075
2082
2084
2085
2087
2088
2090
2091
2093
2094
2096
2098
2099
2101
2102
2104
2105
2107
2109
2110
2112
2113
2116
2118
2120
2121
2123
2124
2126
2128
2129
2131
2132
2134
2135
2137
2139
2140
2142
2144
2145
2147
2148
2150
2152
2153
2155
2157
2158
2160
2161
2163
2165
2166
2168
2169
2171
2173
2174
2176
2177
2179
2181
2183
2184
2187
2189
2190
2192
2193
2195
2197
2198
2200
2201
2203
2204
2206
2207
2209
2211
2212
2214
2215
2217
2218
2220
2222
2223
2225
2226
2228
2229
2231
2233
2234
2236
2237
2239
2240
2242
2244
2245
2248
2249
2251
2253
2254
2256
2257
2262
2263
2265
2267
2268
2270
2271
2273
2274
2276
2278
2279
2281
2282
2284
2285
2287
2289
2290
2292
2293
2295
2296
2298
2300
2301
2303
2304
2306
2307
2309
2311
2312
2314
2315
2317
2318
2320
2321
2323
2325
2326
2328
2329
2331
2333
2335
2336
2338
2340
2341
2343
2348
2350
2351
2353
2355
2356
2358
2360
2361
2366
2367
2369
2371
2372
2374
2376
2377
2379
2381
2383
2384
2386
2388
2389
2391
2393
2395
2396
2398
2400
2401
2403
2405
2406
2409
2411
2414
2416
2418
2420
2422
2423
2425
2427
2429
2430
2434
2436
2438
2440
2442
2443
2445
2447
2449
2451
2452
2454
2456
2457
2459
2461
2462
2464
2466
2468
2469
2471
2473
2474
2476
2478
2480
2481
2483
2485
2486
2488
2490
2492
2494
2496
2497
2499
2501
2503
2504
2506
2508
2510
2511
2513
2515
2516
2518
2519
2521
2522
2524
2526
2528
2529
2531
2532
2534
2535
2537
2538
2540
2541
2543
2545
2546
2548
2549
2551
2552
2554
2556
2557
2559
2561
2563
2564
2566
2567
2569
2571
2573
2574
2576
2577
2579
2581
2582
2584
2585
2590
2591
2593
2595
2596
2598
2600
2601
2603
2604
2606
2608
2609
2611
2612
2614
2615
2617
2619
2620
2622
2623
2625
2626
2628
2629
2631
2633
2635
2636
2638
2639
2641
2642
2644
2645
2647
2648
2650
2652
2653
2655
2656
2658
2659
2661
2662
2664
2665
2667
2668
2670
2671
2673
2675
2676
2678
2679
2681
2682
2684
2685
2687
2688
2690
2691
2693
2695
2696
2698
2699
2701
2702
2704
2706
2708
2710
2711
2713
2715
2716
2718
2720
2721
2723
2725
2726
2728
2730
2732
2733
2735
2737
2738
2740
2741
2743
2744
2746
2748
2749
2751
2753
2755
2756
2758
2760
2762
2763
2765
2767
2768
2770
2772
2774
2778
2781
2783
2785
2786
2788
2789
2791
2793
2795
2796
2798
2800
2802
2803
2805
2807
2808
2810
2812
2813
2815
2817
2819
2820
2822
2823
2825
2827
2828
2830
2832
2834
2839
2841
2845
2847
2849
2850
2852
2854
2855
2857
2858
2860
2861
2863
2865
2866
2868
2869
2871
2873
2874
2876
2878
2879
2881
2882
2884
2886
2887
2889
2891
2892
2898
2900
2902
2903
2905
2907
2908
2910
2912
2913
2915
2917
2918
2920
2921
2923
2924
2926
2927
2929
2931
2932
2934
2935
2937
2938
2940
2941
2943
2944
2946
2948
2949
2951
2952
2954
2955
2960
2962
2963
2965
2967
2968
2970
2971
2973
2974
2976
2978
2979
2981
2983
2984
2986
2988
2989
2991
2992
2994
2996
2997
2999
3001
3002
3004
3006
3008
3009
3011
3013
3014
3016
3018
3020
3021
3023
3024
3026
3028
3029
3031
3033
3034
3036
3037
3039
3040
3042
3044
3045
3047
3048
3050
3051
3053
3055
3056
3058
3059
3061
3063
3064
3066
3067
3069
3071
3072
3074
3075
3077
3078
3083
3085
3086
3088
3090
3091
3093
3094
3096
3098
3099
3101
3103
3104
3106
3108
3109
3111
3112
3114
3115
3117
3119
3120
3122
3123
3125
3127
3128
3130
3132
3133
3135
3136
3138
3139
3141
3142
3146
3147
3149
3151
3152
3154
3155
3163
3164
3166
3167
3169
3170
3172
3174
3175
3177
3178
3180
3181
3183
3185
3186
3188
3189
3191
3192
3194
3195
3197
3198
3200
3201
3203
3204
3206
3210
3211
3213
3214
3216
3217
3219
3220
3222
3223
3225
3226
3228
3229
3231
3232
3234
3236
3237
3239
3240
3242
3243
3245
3246
3248
3249
3251
3252
3254
3255
3257
3258
3260
3261
3263
3265
3266
3268
3269
3271
3272
3274
3276
3277
3279
3280
3282
3283
3290
3292
3293
3295
3296
3298
3299
3301
3303
3304
3306
3307
3309
3310
3312
3313
3315
3316
3318
3319
3321
3323
3324
3326
3327
3329
3330
3332
3333
3335
3336
3338
3339
3341
3343
3345
3346
3348
3349
3351
3352
3354
3356
3357
3359
3360
3362
3363
3365
3366
3368
3369
3371
3373
3374
3376
3377
3379
3380
3382
3383
3385
3387
3388
3390
3392
3393
3395
3397
3398
3400
3401
3403
3404
3406
3407
3409
3411
3412
3414
3415
3417
3419
3420
3422
3423
3425
3426
3428
3429
3431
3433
3434
3436
3438
3439
3441
3443
3444
3446
3448
3449
3451
3452
3454
3456
3457
3459
3460
3462
3463
3465
3466
3468
3469
3471
3472
3474
3475
3477
3479
3481
3482
3484
3485
3487
3489
3490
3492
3493
3495
3497
3498
3500
3501
3503
3504
3506
3507
3509
3510
3512
3513
3515
3517
3519
3520
3522
3523
3525
3526
3528
3529
3531
3533
3534
3536
3537
3539
3540
3542
3543
3545
3547
3548
3550
3551
3553
3554
3556
3557
3559
3560
3562
3564
3565
3567
3569
3570
3572
3573
3575
3576
3578
3579
3581
3582
3584
3585
3587
3589
3590
3593
3595
3596
3598
3599
3601
3603
3604
3606
3607
3609
3611
3612
3614
3615
3617
3619
3621
3622
3624
3626
3627
3629
3630
3632
3633
3635
3637
3638
3640
3642
3643
3645
3646
3648
3649
3651
3652
3654
3655
3657
3659
3660
3662
3663
3665
3666
3668
3670
3671
3673
3674
3676
3677
3679
3681
3682
3684
3686
3687
3689
3691
3692
3694
3696
3697
3699
3700
3702
3703
3705
3707
3708
3710
3712
3714
3716
3717
3719
3720
3722
3723
3725
3727
3728
3731
3732
3734
3735
3737
3739
3740
3742
3744
3745
3747
3748
3750
3752
3753
3755
3756
3758
3767
3768
3770
3772
3774
3778
3779
3781
3783
3784
3786
3787
3789
3790
3792
3793
3795
3796
3798
3800
3801
3803
3804
3806
3808
3809
3811
3812
3814
3815
3817
3818
3820
3822
3823
3825
3826
3828
3829
3831
3832
3834
3836
3837
3839
3840
3845
3847
3848
3850
3851
3853
3854
3856
3857
3859
3860
3862
3863
3865
3869
3870
3872
3873
3875
3877
3878
3880
3881
3883
3884
3886
3888
3889
3891
3893
3894
3896
3898
3899
3901
3903
3904
3906
3907
3909
3910
3912
3913
3915
3917
3918
3920
3921
3923
3924
3926
3928
3929
3931
3933
3936
3937
3939
3940
3942
3943
3945
3947
3948
3950
3952
3953
3955
3956
3958
3959
3961
3962
3969
3970
3971
3972
3973
3974
3976
3977
3978
3979
3980
3981
3982
3984
3985
3986
3987
3988
3989
3991
3992
3993
3994
3995
3996
3998
3999
4000
4001
4002
4003
4005
4006
4007
4008
4009
4010
4012
4013
4014
4015
4016
4017
4019
4020
4021
4022
4023
4024
4026
4027
4028
4029
4030
4031
4033
4034
4035
4036
4037
4038
4040
4041
4042
4043
4045
4046
4047
4048
4049
4051
4052
4053
4054
4055
4057
4058
4059
4060
4061
4063
4068
4069
4070
4072
4073
4074
4075
4077
4078
4079
4080
4082
4083
4084
4085
4086
4088
4089
4090
4091
4093
4094
4095
4096
4097
4099
4100
4101
4102
4104
4106
4107
4109
4111
4112
4114
4115
4117
4118
4120
4121
4123
4124
4126
4127
4129
4131
4132
4134
4135
4137
4139
4140
4142
4144
4146
4147
4149
4151
4153
4154
4156
4158
4159
4161
4163
4164
4166
4168
4169
4171
4173
4174
4176
4178
4179
4181
4182
4184
4185
4188
4189
4191
4193
4194
4196
4197
4199
4201
4202
4204
4205
4207
4208
4210
4211
4213
4215
4216
4218
4219
4221
4222
4224
4226
4227
4229
4230
4232
4234
4235
4237
4239
4241
4243
4245
4246
4248
4249
4250
4251
4252
4254
4255
4256
4257
4258
4260
4261
4262
4265
4266
4268
4269
4271
4273
4275
4277
4279
4280
4282
4284
4285
4287
4289
4290
4292
4294
4295
4297
4299
4302
4303
4305
4306
4308
4314
4315
4317
4319
4320
4322
4323
4325
4327
4328
4330
4331
4333
4335
4336
4338
4340
4341
4343
4344
4346
4348
4349
4351
4352
4354
4356
4357
4360
4362
4363
4365
4367
4368
4370
4372
4373
4375
4377
4378
4380
4382
4383
4385
4387
4389
4390
4392
4394
4395
4397
4399
4400
4402
4404
4405
4407
4409
4411
4412
4414
4416
4417
4419
4421
4422
4424
4426
4427
4429
4431
4432
4434
4436
4437
4446
4450
4452
4453
4455
4457
4458
4460
4462
4463
4465
4467
4468
4470
4472
4473
4475
4477
4478
4480
4482
4483
4485
4487
4488
4490
4492
4493
4495
4497
4498
4500
4502
4503
4505
4507
4509
4510
4512
4513
4515
4517
4518
4520
4522
4524
4525
4527
4529
4535
4536
4538
4540
4541
4543
4544
4546
4548
4549
4551
4552
4554
4556
4557
4559
4560
4562
4563
4565
4566
4568
4570
4574
4576
4578
4579
4581
4583
4584
4586
4588
4589
4591
4593
4594
4596
4597
4599
4600
4602
4603
4605
4606
4608
4610
4611
4613
4616
4617
4619
4621
4622
4624
4626
4628
4629
4631
4632
4634
4636
4637
4639
4642
4643
4646
4647
4649
4650
4652
4654
4655
4662
4665
4666
4668
4669
4671
4672
4674
4678
4679
4681
4683
4684
4686
4687
4689
4690
4692
4693
4695
4696
4698
4700
4702
4704
4705
4708
4710
4712
4713
4715
4717
4718
4720
4721
4723
4724
4726
4728
4729
4731
4732
4734
4736
4737
4739
4740
4742
4744
4745
4747
4748
4750
4751
4753
4755
4756
4758
4759
4761
4762
4764
4765
4767
4768
4770
4772
4777
4779
4780
4782
4790
4792
4793
4797
4799
4801
4803
4804
4810
4812
4813
4815
4816
4818
4819
4821
4822
4824
4825
4826
4828
4829
4831
4832
4834
4835
4837
4838
4840
4841
4843
4844
4846
4847
4849
4851
4853
4855
4856
4858
4860
4861
4863
4864
4866
4867
4869
4870
4872
4873
4875
4876
4878
4879
4881
4882
4884
4885
4887
4888
4890
4892
4893
4895
4898
4899
4901
4902
4904
4905
4907
4908
4910
4911
4913
4914
4916
4917
4919
4920
4922
4923
4925
4926
4928
4929
4931
4932
4934
4935
4937
4938
4940
4941
4943
4944
4946
4947
4949
4950
4952
4953
4955
4957
4958
4960
4961
4963
4964
4966
4967
4969
4970
4972
4973
4975
4976
4978
4980
4981
4983
4984
4986
4987
4989
4990
4992
4994
4995
4997
4998
5001
5004
5005
5007
5010
5012
5013
5015
5017
5019
5020
5022
5024
5025
5027
5028
5030
5032
5033
5035
5037
5038
5040
5041
5043
5045
5046
5048
5049
5051
5052
5054
5056
5057
5059
5061
5062
5064
5065
5067
5068
5070
5071
5073
5074
5076
5077
5079
5081
5082
5084
5085
5087
5088
5090
5091
5093
5094
5096
5097
5099
5100
5102
5104
5105
5107
5108
5110
5111
5113
5115
5116
5118
5119
5121
5122
5124
5126
5127
5129
5130
5132
5133
5135
5136
5138
5139
5141
5143
5144
5146
5147
5149
5150
5152
5153
5155
5157
5158
5160
5161
5163
5164
5166
5167
5169
5171
5172
5174
5176
5177
5179
5181
5182
5184
5185
5187
5188
5190
5191
5193
5194
5196
5197
5199
5200
5202
5203
5205
5206
5208
5209
5211
5212
5214
5216
5217
5219
5220
5222
5223
5225
5226
5228
5229
5231
5232
5234
5235
5237
5238
5240
5241
5243
5245
5246
5248
5249
5251
5252
5254
5255
5257
5258
5260
5261
5263
5264
5266
5267
5269
5270
5272
5274
5275
5277
5279
5280
5282
5284
5285
5287
5289
5290
5292
5293
5295
5296
5298
5300
5306
5307
5309
5310
5312
5313
5315
5317
5318
5320
5321
5323
5324
5326
5327
5329
5331
5332
5334
5335
5337
5339
5340
5342
5344
5345
5347
5349
5350
5352
5353
5355
5356
5358
5359
5361
5363
5364
5366
5367
5369
5370
5372
5373
5375
5376
5378
5379
5381
5382
5384
5385
5387
5389
5390
5393
5395
5396
5398
5400
5401
5403
5404
5406
5407
5409
5410
5412
5414
5415
5417
5418
5420
5421
5423
5424
5426
5427
5429
5430
5432
5434
5435
5437
5438
5440
5441
5443
5445
5446
5448
5449
5451
5452
5454
5455
5457
5458
5460
5461
5463
5464
5466
5468
5469
5471
5472
5475
5476
5478
5480
5481
5483
5484
5486
5487
5489
5490
5492
5494
5495
5497
5498
5500
5501
5504
5505
5507
5508
5510
5512
5514
5516
5517
5519
5521
5522
5524
5525
5527
5528
5530
5531
5533
5534
5536
5538
5539
5541
5543
5545
5546
5548
5549
5551
5552
5554
5555
5557
5559
5560
5562
5563
5567
5569
5570
5572
5573
5575
5576
5578
5579
5581
5582
5584
5585
5587
5589
5590
5592
5593
5595
5596
5598
5599
5601
5602
5604
5605
5607
5609
5614
5616
5617
5619
5620
5622
5623
5625
5626
5628
5629
5631
5633
5634
5636
5637
5639
5640
5642
5644
5645
5647
5648
5655
5657
5659
5660
5662
5664
5666
5667
5669
5670
5672
5673
5675
5677
5678
5680
5681
5683
5685
5687
5689
5690
5692
5694
5696
5697
5699
5701
5702
5704
5706
5708
5709
5711
5713
5714
5716
5717
5719
5720
5722
5730
5733
5735
5736
5738
5740
5741
5743
5745
5746
5748
5750
5751
5753
5754
5756
5758
5760
5761
5763
5764
5766
5767
5769
5770
5772
5773
5775
5776
5778
5779
5781
5782
5784
5785
5787
5789
5790
5792
5793
5795
5796
5798
5799
5801
5802
5804
5805
5807
5808
5810
5811
5813
5814
5816
5818
5820
5821
5823
5825
5826
5828
5829
5831
5833
5834
5836
5838
5839
5842
5843
5845
5846
5848
5851
5853
5854
5856
5858
5859
5861
5862
5864
5866
5867
5869
5870
5872
5873
5875
5876
5878
5880
5881
5883
5885
5886
5888
5894
5896
5897
5899
5901
5902
5904
5906
5907
5909
5911
5912
5914
5915
5917
5918
5920
5921
5923
5924
5926
5927
5929
5930
5932
5933
5935
5936
5938
5940
5942
5943
5945
5947
5948
5950
5951
5953
5954
5956
5957
5959
5960
5962
5963
5965
5967
5968
5970
5971
5973
5974
5976
5977
5979
5980
5982
5983
5985
5986
5988
5989
5991
5993
5994
5996
5997
5999
6000
6003
6005
6008
6009
6011
6012
6014
6015
6017
6018
6020
6022
6025
6026
6028
6029
6031
6032
6034
6035
6037
6038
6040
6041
6043
6044
6046
6047
6049
6051
6052
6054
6055
6057
6059
6060
6062
6063
6065
6067
6068
6070
6071
6073
6074
6076
6077
6079
6080
6082
6084
6085
6087
6088
6090
6091
6093
6094
6096
6097
6099
6100
6102
6103
6105
6107
6108
6110
6111
6113
6114
6116
6117
6119
6120
6122
6124
6125
6127
6128
6130
6131
6133
6134
6136
6137
6139
6141
6142
6144
6145
6147
6148
6150
6152
6153
6155
6156
6158
6160
6161
6163
6164
6166
6168
6169
6171
6173
6174
6176
6177
6179
6181
6182
6184
6186
6188
6189
6191
6193
6200
6202
6203
6208
6209
6210
6211
6212
6214
6215
6216
6217
6218
6220
6221
6223
6224
6226
6228
6229
6231
6233
6234
6236
6237
6239
6241
6242
6244
6245
6247
6249
6250
6252
6253
6255
6257
6258
6260
6261
6263
6265
6266
6268
6269
6271
6273
6274
6276
6277
6279
6281
6282
6284
6285
6287
6289
6290
6292
6293
6295
6297
6298
6300
6301
6303
6305
6306
6308
6309
6311
6313
6314
6316
6317
6319
6321
6322
6324
6325
6327
6329
6330
6332
6333
6335
6337
6338
6340
6341
6343
6345
6346
6348
6349
6351
6353
6354
6356
6357
6359
6361
6362
6364
6365
6367
6369
6373
6374
6375
6376
6377
6378
6380
6381
6382
6383
6384
6385
6386
6387
6389
6390
6391
6392
6393
6394
6395
6396
6397
6399
6400
6401
6402
6403
6404
6405
6406
6408
6409
6410
6411
6412
6413
6414
6415
6416
6418
6419
6420
6421
6422
6423
6424
6425
6426
6428
6429
6430
6431
6432
6433
6434
6435
6436
6438
6439
6440
6441
6442
6443
6444
6445
6446
6448
6449
6450
6451
6452
6453
6454
6455
6456
6458
6459
6460
6461
6462
6463
6464
6465
6466
6468
6469
6470
6471
6472
6473
6474
6475
6477
6478
6479
6480
6481
6482
6484
6485
6486
6487
6488
6489
6490
6492
6493
6494
6495
6496
6497
6499
6500
6501
6502
6503
6504
6508
6510
6511
6514
6515
6517
6518
6520
6521
6523
6525
6526
6528
6530
6531
6533
6535
6537
6539
6540
6542
6544
6545
6547
6549
6550
6552
6553
6555
6556
6558
6559
6561
6562
6564
6565
6567
6568
6570
6571
6573
6575
6577
6578
6580
6581
6583
6585
6586
6588
6589
6591
6592
6594
6596
6597
6599
6600
6602
6603
6605
6606
6608
6609
6611
6612
6614
6615
6617
6619
6621
6622
6624
6626
6627
6629
6630
6632
6634
6635
6637
6638
6640
6641
6643
6645
6646
6648
6650
6651
6653
6655
6656
6658
6660
6661
6663
6664
6666
6667
6669
6670
6672
6673
6675
6676
6678
6679
6681
6682
6684
6686
6687
6689
6690
6692
6693
6695
6696
6698
6700
6701
6703
6704
6707
6708
6710
6711
6713
6714
6716
6717
6719
6720
6722
6724
6725
6727
6728
6730
6731
6733
6734
6736
6737
6739
6740
6742
6743
6745
6746
6748
6749
6751
6752
6754
6755
6757
6758
6760
6761
6763
6765
6766
6768
6769
6771
6772
6774
6775
6777
6778
6780
6781
6783
6784
6786
6788
6789
6791
6793
6794
6796
6797
6799
6800
6802
6803
6805
6806
6808
6810
6811
6813
6814
6816
6817
6819
6820
6822
6823
6825
6826
6828
6830
6831
6833
6835
6836
6838
6840
6842
6844
6845
6847
6849
6850
6853
6854
6856
6858
6859
6861
6863
6864
6866
6868
6869
6871
6873
6874
6876
6878
6879
6881
6882
6884
6885
6887
6889
6891
6892
6894
6896
6897
6899
6901
6903
6904
6906
6907
6909
6911
6912
6914
6916
6917
6919
6920
6922
6923
6925
6927
6928
6930
6931
6933
6934
6936
6937
6939
6940
6942
6943
6945
6946
6948
6950
6951
6953
6954
6956
6957
6959
6961
6962
6964
6965
6967
6968
6970
6971
6973
6974
6976
6978
6979
6981
6982
6984
6985
6987
6988
6990
6992
6994
6995
6997
6998
7000
7001
7003
7004
7006
7007
7009
7010
7012
7014
7015
7017
7018
7020
7021
7023
7024
7026
7027
7029
7030
7032
7034
7035
7037
7038
7040
7041
7043
7045
7046
7048
7049
7051
7052
7054
7055
7057
7058
7060
7061
7063
7065
7066
7068
7069
7071
7072
7074
7075
7077
7078
7080
7081
7083
7085
7086
7088
7089
7091
7093
7094
7096
7097
7099
7100
7102
7103
7105
7106
7108
7109
7111
7112
7114
7116
7117
7119
7120
7122
7123
7125
7127
7128
7130
7131
7133
7134
7136
7137
7139
7140
7142
7143
7145
7146
7148
7149
7151
7153
7154
7156
7157
7159
7160
7162
7163
7165
7167
7168
7170
7171
7173
7174
7176
7177
7179
7180
7182
7183
7185
7186
7188
7189
7191
7193
7194
7196
7198
7199
7201
7202
7204
7205
7207
7208
7210
7211
7213
7214
7216
7218
7219
7221
7223
7224
7226
7228
7229
7231
7236
7237
7239
7240
7242
7244
7245
7247
7248
7250
7251
7253
7254
7256
7257
7259
7260
7262
7263
7265
7266
7271
7273
7275
7276
7278
7279
7281
7282
7284
7285
7287
7288
7290
7291
7293
7294
7296
7297
7299
7301
7302
7304
7305
7307
7308
7310
7311
7313
7315
7316
7318
7319
7321
7322
7324
7325
7327
7328
7334
7335
7337
7338
7340
7341
7343
7344
7346
7347
7349
7350
7352
7353
7355
7356
7358
7359
7361
7362
7364
7365
7367
7368
7370
7372
7373
7375
7376
7378
7379
7381
7382
7384
7385
7387
7389
7390
7392
7393
7395
7397
7398
7400
7401
7403
7404
7406
7407
7409
7411
7412
7414
7415
7418
7419
7421
7423
7424
7426
7427
7429
7430
7432
7433
7435
7436
7438
7439
7441
7442
7444
7445
7447
7448
7450
7451
7453
7455
7456
7458
7459
7461
7462
7464
7465
7467
7468
7470
7471
7473
7474
7476
7477
7479
7481
7482
7484
7485
7487
7488
7490
7491
7493
7494
7496
7497
7499
7500
7502
7503
7505
7507
7508
7510
7511
7513
7514
7516
7518
7519
7521
7522
7524
7525
7527
7528
7530
7531
7533
7535
7536
7538
7539
7541
7542
7544
7545
7547
7549
7550
7552
7553
7555
7556
7558
7559
7561
7562
7564
7565
7567
7568
7570
7571
7573
7576
7578
7579
7581
7582
7584
7585
7587
7589
7590
7592
7593
7595
7597
7598
7600
7601
7603
7604
7606
7607
7609
7610
7612
7613
7615
7616
7618
7619
7621
7623
7624
7626
7627
7629
7630
7632
7633
7635
7636
7638
7639
7641
7642
7644
7646
7647
7649
7650
7652
7654
7655
7657
7658
7660
7661
7663
7664
7666
7667
7669
7670
7672
7673
7675
7677
7678
7680
7681
7683
7684
7686
7688
7689
7691
7693
7694
7696
7697
7699
7701
7702
7704
7705
7708
7709
7711
7713
7714
7716
7717
7719
7720
7722
7723
7725
7726
7728
7730
7731
7733
7734
7736
7737
7739
7740
7742
7743
7745
7746
7748
7749
7751
7752
7754
7755
7757
7758
7760
7762
7763
7765
7766
7768
7769
7771
7773
7774
7776
7777
7779
7780
7782
7783
7785
7786
7788
7790
7791
7793
7794
7796
7797
7799
7800
7802
7803
7805
7806
7808
7809
7811
7812
7814
7816
7817
7819
7820
7822
7823
7825
7826
7828
7829
7831
7832
7834
7835
7837
7838
7840
7841
7843
7845
7846
7848
7849
7851
7852
7854
7855
7857
7858
7860
7861
7863
7864
7866
7868
7869
7871
7872
7874
7875
7877
7878
7880
7881
7883
7884
7886
7887
7889
7891
7892
7894
7895
7897
7898
7900
7901
7903
7904
7906
7907
7909
7910
7912
7913
7915
7917
7918
7920
7922
7923
7925
7926
7928
7930
7931
7933
7935
7936
7938
7940
7941
7943
7945
7946
7948
7949
7951
7952
7954
7955
7957
7958
7960
7962
7963
7965
7966
7968
7969
7971
7972
7974
7975
7977
7978
7980
7981
7983
7985
7986
7988
7989
7991
7992
7994
7996
7997
7999
8000
8002
8003
8005
8006
8008
8009
8011
8012
8014
8015
8017
8018
8020
8021
8023
8024
8026
8028
8029
8031
8032
8034
8035
8037
8038
8040
8042
8043
8045
8046
8048
8049
8051
8052
8054
8055
8057
8058
8060
8061
8063
8064
8066
8068
8069
8071
8072
8074
8075
8077
8078
8080
8081
8083
8084
8086
8087
8089
8092
8093
8095
8097
8098
8100
8101
8103
8104
8106
8107
8109
8110
8112
8113
8115
8116
8118
8119
8121
8122
8124
8125
8127
8128
8130
8132
8133
8135
8136
8138
8139
8141
8142
8144
8145
8147
8148
8150
8151
8153
8154
8156
8157
8159
8160
8162
8163
8165
8166
8168
8169
8171
8173
8174
8176
8177
8179
8180
8182
8183
8185
8186
8189
8190
8192
8193
8195
8196
8198
8199
8201
8202
8204
8206
8207
8209
8210
8212
8213
8215
8216
8218
8219
8221
8222
8224
8225
8227
8229
8230
8232
8233
8235
8236
8238
8240
8241
8243
8244
8246
8247
8250
8251
8253
8254
8256
8257
8259
8261
8262
8264
8266
8267
8269
8271
8272
8274
8276
8277
8279
8281
8282
8284
8286
8287
8289
8292
8293
8295
8296
8298
8300
8301
8303
8304
8306
8308
8310
8312
8313
8315
8317
8318
8320
8322
8323
8325
8327
8328
8330
8332
8333
8335
8337
8338
8340
8343
8344
8345
8347
8348
8349
8350
8352
8353
8354
8355
8357
8358
8359
8360
8362
8363
8364
8365
8367
8368
8369
8371
8372
8374
8375
8377
8378
8379
8381
8382
8383
8384
8386
8387
8389
8390
8392
8393
8394
8396
8397
8398
8400
8401
8403
8404
8405
8407
8408
8410
8411
8412
8414
8415
8416
8418
8419
8421
8422
8424
8425
8426
8428
8429
8431
8432
8433
8435
8436
8437
8439
8440
8441
8446
8448
8450
8451
8453
8455
8456
8458
8460
8461
8463
8465
8467
8468
8470
8472
8473
8475
8477
8478
8480
8482
8483
8485
8487
8488
8490
8492
8493
8502
8503
8505
8507
8508
8510
8512
8514
8515
8517
8518
8520
8522
8523
8525
8527
8528
8530
8532
8533
8535
8537
8538
8540
8542
8543
8545
8546
8548
8550
8551
8553
8555
8558
8560
8562
8563
8565
8567
8569
8570
8572
8574
8575
8577
8578
8580
8582
8583
8585
8587
8588
8590
8592
8594
8595
8597
8598
8600
8602
8603
8605
8607
8608
8610
8612
8614
8615
8617
8619
8620
8622
8624
8625
8627
8629
8630
8632
8634
8635
8638
8640
8641
8643
8645
8647
8648
8650
8652
8653
8655
8657
8658
8660
8662
8663
8665
8667
8669
8670
8673
8675
8677
8678
8680
8682
8683
8685
8687
8688
8690
8691
8693
8695
8696
8698
8700
8701
8703
8705
8707
8708
8711
8713
8715
8716
8718
8720
8721
8723
8725
8726
8728
8730
8731
8733
8735
8736
8738
8740
8741
8743
8745
8746
8748
8750
8751
8753
8755
8756
8758
8760
8761
8763
8765
8766
8768
8770
8771
8773
8775
8776
8778
8780
8781
8783
8787
8788
8790
8791
8793
8794
8796
8797
8799
8801
8802
8804
8805
8807
8808
8810
8811
8813
8814
8816
8817
8819
8820
8822
8823
8825
8826
8828
8830
8831
8833
8835
8836
8838
8840
8841
8843
8844
8846
8847
8849
8850
8852
8854
8855
8856
8858
8859
8861
8862
8864
8865
8867
8868
8870
8871
8873
8875
8876
8878
8879
8881
8882
8884
8885
8887
8888
8890
8891
8893
8895
8896
8898
8899
8901
8902
8904
8905
8907
8909
8910
8912
8913
8915
8916
8918
8921
8923
8924
8926
8927
8933
8935
8936
8938
8939
8941
8942
8946
8947
8949
8950
8952
8953
8955
8956
8958
8959
8961
8962
8964
8965
8967
8968
8970
8971
8973
8974
8982
8983
8984
8988
8990
8991
8993
8994
8996
8997
9000
9001
9003
9004
9006
9007
9009
9010
9012
9013
9015
9016
9018
9019
9020
9022
9023
9025
9026
9028
9029
9031
9032
9034
9035
9037
9038
9040
9041
9042
9044
9045
9047
9048
9050
9051
9053
9054
9056
9057
9059
9060
9062
9063
9064
9066
9067
9069
9070
9072
9073
9075
9076
9078
9079
9081
9082
9083
9085
9086
9088
9089
9091
9092
9094
9095
9097
9098
9100
9101
9102
9104
9105
9107
9108
9110
9111
9113
9114
9116
9118
9119
9121
9122
9124
9126
9128
9130
9131
9133
9135
9136
9138
9139
9141
9142
9144
9145
9147
9154
9156
9161
9162
9164
9165
9167
9168
9170
9171
9173
9174
9176
9177
9179
9180
9181
9183
9184
9186
9187
9189
9190
9192
9193
9195
9196
9198
9199
9201
9202
9204
9205
9207
9208
9210
9211
9213
9214
9216
9217
9219
9220
9222
9223
9225
9226
9228
9229
9230
9232
9233
9235
9236
9238
9239
9241
9242
9244
9245
9247
9248
9250
9252
9253
9255
9256
9258
9259
9261
9262
9264
9265
9266
9268
9269
9271
9272
9274
9275
9277
9278
9280
9281
9282
9284
9285
9287
9288
9290
9291
9293
9294
9296
9297
9298
9300
9301
9303
9304
9306
9307
9309
9310
9312
9313
9315
9316
9318
9319
9321
9322
9324
9326
9327
9329
9330
9332
9333
9335
9337
9338
9340
9341
9343
9345
9346
9350
9352
9353
9355
9357
9358
9360
9361
9363
9364
9366
9368
9369
9371
9372
9374
9375
9377
9378
9380
9381
9383
9384
9386
9387
9389
9391
9392
9394
9395
9397
9398
9400
9402
9403
9405
9406
9408
9409
9411
9413
9414
9416
9417
9419
9420
9422
9423
9425
9426
9428
9429
9431
9433
9434
9436
9437
9439
9440
9442
9443
9445
9447
9448
9450
9451
9453
9454
9456
9457
9459
9460
9462
9463
9465
9466
9468
9469
9471
9472
9474
9475
9477
9479
9480
9482
9483
9485
9486
9488
9489
9491
9493
9494
9496
9497
9499
9500
9503
9505
9506
9508
9509
9511
9513
9514
9516
9517
9519
9520
9522
9523
9525
9526
9528
9529
9531
9532
9534
9535
9537
9540
9542
9544
9546
9547
9549
9550
9552
9553
9555
9557
9558
9560
9561
9563
9564
9566
9568
9569
9571
9572
9574
9575
9577
9578
9580
9581
9583
9584
9586
9587
9589
9591
9592
9594
9596
9598
9599
9601
9603
9604
9606
9608
9610
9611
9613
9615
9616
9618
9619
9621
9622
9624
9626
9627
9629
9630
9632
9633
9635
9636
9638
9639
9642
9644
9645
9647
9649
9650
9652
9656
9660
9662
9664
9665
9667
9669
9670
9672
9674
9676
9677
9679
9680
9682
9684
9685
9687
9689
9690
9692
9694
9695
9697
9698
9700
9701
9703
9704
9706
9708
9709
9711
9713
9714
9716
9717
9719
9720
9722
9723
9725
9726
9728
9729
9731
9732
9734
9736
9737
9739
9740
9742
9744
9745
9747
9749
9750
9752
9754
9755
9757
9759
9760
9762
9763
9765
9766
9768
9769
9771
9772
9774
9776
9777
9779
9780
9782
9783
9785
9786
9788
9789
9791
9793
9795
9796
9798
9800
9801
9802
9804
9806
9807
9809
9810
9812
9813
9815
9816
9818
9819
9821
9822
9824
9825
9827
9828
9830
9831
9833
9834
9836
9837
9839
9840
9842
9843
9845
9846
9848
9849
9851
9852
9854
9855
9857
9858
9860
9861
9863
9865
9866
9873
9874
9875
9877
9878
9879
9880
9881
9882
9883
9885
9886
9887
9888
9889
9890
9891
9893
9894
9895
9896
9897
9898
9900
9901
9902
9903
9905
9908
9909
9910
9911
9913
9914
9915
9916
9917
9918
9920
9921
9922
9923
9924
9926
9927
9928
9929
9930
9932
9933
9934
9935
9936
9937
9939
9940
9941
9943
9944
9945
9946
9947
9949
9950
9951
9952
9954
9955
9956
9957
9959
9960
9961
9962
9963
9965
9966
9967
9968
9969
9971
9972
9973
9974
9976
9977
9978
9979
9981
9982
9983
9985
9986
9987
9988
9989
9991
9992
9993
9994
9995
9997
9998
9999
10000
10001
10002
10004
10005
10006
10007
10008
10009
10010
10012
10013
10014
10015
10016
10017
10019
10020
10021
10022
10023
10024
10025
10026
10028
10029
10030
10031
10032
10033
10034
10036
10037
10038
10039
10040
10041
10042
10044
10045
10046
10047
10048
10049
10051
10052
10053
10054
10055
10056
10057
10059
10060
10061
10062
10063
10064
10065
10066
10068
10069
10070
10071
10073
10074
10075
10076
10077
10079
10080
10081
10082
10083
10085
10086
10087
10088
10089
10091
10092
10093
10094
10096
10097
10098
10099
10100
10102
10103
10104
10105
10106
10108
10109
10110
10111
10113
10114
10115
10116
10118
10119
10120
10121
10122
10124
10125
10126
10127
10128
10129
10130
10132
10133
10134
10135
10136
10137
10138
10140
10141
10142
10143
10144
10145
10146
10148
10149
10150
10151
10152
10153
10154
10156
10157
10158
10159
10160
10161
10162
10164
10165
10166
10167
10168
10169
10170
10172
10173
10174
10175
10176
10177
10178
10180
10181
10182
10183
10184
10185
10186
10188
10189
10190
10191
10192
10193
10194
10196
10197
10198
10199
10200
10201
10202
10203
10205
10206
10207
10208
10209
10210
10211
10213
10214
10215
10216
10217
10218
10219
10221
10222
10223
10224
10225
10226
10227
10229
10230
10231
10232
10233
10234
10236
10237
10238
10240
10241
10242
10243
10245
10246
10247
10248
10250
10251
10252
10253
10254
10255
10257
10258
10259
10260
10261
10262
10264
10265
10266
10267
10268
10269
10270
10272
10273
10274
10275
10276
10277
10278
10280
10281
10282
10283
10284
10285
10286
10288
10289
10290
10291
10292
10293
10295
10296
10297
10298
10299
10300
10301
10302
10304
10305
10306
10307
10308
10309
10310
10312
10313
10314
10315
10316
10317
10318
10320
10321
10322
10323
10324
10325
10326
10328
10329
10330
10331
10332
10333
10334
10336
10337
10338
10339
10340
10341
10342
10343
10345
10346
10347
10348
10349
10350
10351
10353
10354
10355
10356
10357
10358
10359
10361
10362
10363
10364
10365
10366
10367
10368
10370
10371
10372
10373
10374
10375
10376
10378
10379
10380
10381
10382
10383
10384
10386
10387
10388
10389
10390
10391
10392
10394
10395
10402
10404
10405
10407
10408
10410
10411
10413
10414
10416
10417
10419
10420
10422
10423
10424
10426
10427
10429
10430
10432
10433
10435
10436
10438
10439
10441
10443
10444
10446
10447
10449
10450
10452
10453
10455
10456
10458
10459
10461
10462
10464
10465
10467
10468
10469
10471
10472
10474
10475
10477
10478
10480
10481
10483
10484
10485
10487
10488
10490
10491
10493
10494
10496
10497
10499
10500
10502
10503
10505
10506
10508
10509
10511
10512
10514
10515
10517
10518
10520
10521
10523
10524
10525
10527
10528
10530
10531
10533
10534
10536
10537
10539
10540
10542
10543
10544
10546
10548
10549
10550
10552
10553
10555
10556
10558
10559
10561
10562
10564
10565
10566
10568
10569
10571
10572
10574
10575
10577
10578
10579
10581
10582
10584
10585
10587
10588
10590
10591
10593
10594
10596
10597
10599
10602
10603
10605
10606
10608
10609
10611
10612
10613
10615
10616
10618
10620
10621
10623
10624
10626
10627
10629
10630
10632
10633
10635
10636
10638
10639
10641
10642
10644
10645
10647
10648
10650
10651
10653
10654
10656
10657
10659
10660
10662
10664
10665
10667
10668
10670
10671
10673
10674
10676
10677
10679
10680
10682
10683
10684
10686
10687
10689
10691
10692
10694
10695
10697
10698
10700
10701
10703
10704
10706
10708
10709
10711
10712
10714
10715
10717
10719
10720
10721
10723
10724
10726
10727
10730
10732
10733
10735
10736
10738
10739
10741
10742
10744
10745
10747
10748
10750
10751
10753
10754
10756
10757
10759
10761
10762
10764
10765
10767
10768
10770
10771
10773
10774
10776
10777
10779
10780
10782
10783
10785
10786
10788
10789
10791
10793
10794
10796
10797
10799
10800
10802
10803
10805
10806
10808
10809
10811
10812
10814
10815
10817
10819
10821
10822
10824
10825
10827
10829
10830
10832
10833
10835
10837
10838
10840
10842
10843
10845
10846
10848
10850
10851
10853
10854
10856
10858
10859
10861
10862
10864
10866
10867
10869
10870
10872
10873
10875
10876
10878
10880
10881
10883
10884
10886
10888
10889
10891
10892
10894
10895
10897
10899
10900
10902
10903
10905
10907
10908
10910
10911
10913
10914
10916
10918
10919
10921
10922
10924
10925
10927
10928
10930
10931
10933
10935
10936
10938
10939
10941
10942
10944
10945
10947
10948
10950
10951
10953
10954
10955
10957
10958
10959
10960
10962
10963
10964
10965
10966
10968
10969
10970
10972
10973
10974
10976
10977
10978
10979
10981
10982
10983
10984
10986
10987
10988
10989
10991
10992
10993
10994
10996
10997
10998
10999
11000
11002
11003
11004
11005
11006
11008
11009
11010
11011
11013
11014
11015
11016
11018
11019
11020
11021
11022
11024
11025
11026
11027
11029
11030
11031
11032
11034
11035
11036
11037
11039
11040
11041
11042
11043
11045
11046
11047
11048
11050
11051
11052
11053
11054
11056
11057
11058
11059
11061
11062
11063
11064
11066
11067
11068
11069
11071
11072
11073
11074
11075
11077
11078
11079
11080
11082
11083
11084
11085
11086
11088
11089
11090
11091
11092
11094
11095
11096
11097
11099
11100
11101
11102
11103
11105
11106
11107
11108
11110
11111
11112
11113
11114
11116
11117
11118
11119
11121
11122
11123
11124
11126
11127
11128
11129
11130
11132
11133
11134
11135
11137
11138
11139
11140
11142
11143
11144
11145
11146
11148
11149
11150
11151
11153
11154
11155
11156
11158
11159
11160
11161
11162
11164
11165
11166
11167
11169
11170
11171
11172
11174
11175
11176
11177
11178
11180
11181
11182
11183
11185
11186
11187
11188
11190
11191
11192
11193
11194
11195
11197
11198
11199
11200
11201
11202
11204
11205
11206
11207
11208
11209
11210
11212
11213
11214
11215
11216
11217
11218
11220
11221
11222
11223
11224
11225
11226
11228
11229
11230
11231
11232
11233
11234
11236
11237
11238
11239
11240
11241
11243
11244
11245
11246
11247
11248
11249
11251
11252
11253
11254
11255
11256
11257
11258
11260
11261
11262
11263
11264
11265
11266
11268
11269
11270
11271
11272
11273
11274
11276
11277
11278
11279
11280
11281
11282
11284
11285
11287
11288
11289
11290
11291
11293
11294
11295
11296
11298
11299
11300
11301
11302
11304
11305
11306
11307
11308
11309
11311
11312
11313
11314
11315
11316
11317
11319
11320
11321
11322
11323
11324
11325
11326
11328
11329
11330
11331
11332
11333
11334
11336
11337
11338
11339
11340
11341
11342
11344
11345
11346
11347
11348
11349
11350
11352
11353
11354
11355
11356
11357
11358
11360
11361
11362
11363
11364
11365
11366
11368
11369
11370
11371
11372
11373
11374
11376
11377
11378
11379
11380
11381
11382
11384
11385
11386
11387
11388
11389
11390
11392
11393
11394
11395
11396
11397
11398
11400
11401
11402
11403
11404
11405
11406
11408
11409
11410
11411
11412
11413
11414
11416
11417
11418
11419
11420
11421
11422
11423
11425
11426
11427
11428
11429
11430
11431
11433
11434
11435
11436
11437
11438
11439
11441
11442
11443
11444
11445
11446
11447
11449
11450
11451
11453
11454
11455
11457
11458
11459
11460
11461
11463
11464
11465
11466
11467
11469
11470
11471
11472
11473
11475
11476
11477
11478
11479
11480
11481
11483
11484
11485
11486
11487
11488
11489
11491
11492
11493
11494
11495
11496
11497
11499
11500
11501
11502
11503
11504
11505
11506
11508
11509
11510
11511
11512
11513
11514
11516
11517
11518
11519
11520
11521
11523
11524
11525
11526
11527
11528
11529
11531
11532
11533
11534
11535
11536
11537
11538
11540
11541
11542
11543
11544
11545
11546
11548
11549
11550
11551
11552
11553
11554
11556
11557
11558
11559
11560
11561
11563
11564
11565
11566
11567
11568
11569
11571
11572
11573
11574
11575
11576
11577
11579
11580
11581
11582
11583
11584
11585
11587
11588
11589
11590
11591
11592
11593
11595
11596
11597
11598
11599
11600
11601
11603
11604
11605
11606
11607
11608
11609
11611
11612
11613
11614
11615
11616
11617
11619
11620
11621
11622
11623
11624
11625
11627
11628
11629
11630
11631
11632
11633
11635
11636
11637
11638
11639
11640
11641
11643
11644
11645
11646
11647
11648
11649
11651
11652
11653
11654
11655
11656
11657
11658
11660
11661
11662
11663
11664
11665
11666
11668
11669
11670
11671
11672
11673
11674
11675
11677
11678
11679
11680
11681
11682
11683
11685
11686
11687
11688
11689
11690
11691
11693
11694
11695
11696
11697
11698
11699
11701
11702
11703
11704
11705
11706
11707
11709
11710
11711
11712
11713
11714
11715
11717
11718
11719
11720
11721
11722
11723
11725
11726
11727
11728
11729
11730
11731
11733
11734
11735
11736
11737
11738
11739
11741
11742
11743
11744
11745
11746
11747
11749
11750
11751
11752
11753
11754
11755
11757
11758
11759
11760
11761
11762
11763
11765
11766
11767
11768
11769
11770
11771
11773
11774
11775
11776
11777
11778
11779
11781
11782
11783
11784
11785
11786
11787
11789
11790
11791
11792
11793
11794
11795
11797
11798
11799
11800
11801
11802
11803
11805
11806
11807
11808
11809
11810
11811
11813
11814
11815
11816
11817
11818
11819
11821
11822
11823
11824
11825
11826
11827
11829
11830
11831
11832
11833
11834
11835
11836
11838
11839
11840
11841
11842
11843
11845
11846
11847
11848
11849
11850
11851
11852
11854
11855
11856
11857
11858
11859
11860
11861
11863
11864
11865
11866
11867
11868
11869
11871
11872
11873
11874
11875
11876
11878
11879
11880
11881
11886
11888
11889
11891
11892
11894
11896
11897
11899
11900
11902
11903
11905
11906
11908
11909
11911
11912
11914
11915
11917
11918
11920
11922
11923
11925
11926
11928
11929
11930
11932
11933
11935
11936
11938
11939
11941
11942
11944
11945
11947
11949
11950
11952
11953
11955
11956
11958
11959
11961
11962
11964
11965
11967
11968
11970
11971
11973
11974
11976
11977
11979
11980
11982
11983
11985
11986
11988
11989
11991
11993
11994
11996
11997
11999
12001
12002
12004
12005
12007
12008
12010
12011
12013
12014
12016
12017
12019
12020
12022
12023
12025
12026
12028
12030
12031
12033
12034
12036
12037
12039
12040
12042
12043
12045
12046
12048
12049
12051
12052
12054
12055
12057
12058
12060
12061
12063
12065
12066
12068
12070
12071
12073
12074
12076
12077
12079
12080
12082
12087
12089
12090
12092
12094
12095
12097
12098
12100
12101
12103
12104
12105
12107
12108
12110
12111
12113
12115
12116
12118
12119
12120
12122
12123
12125
12126
12128
12129
12131
12132
12133
12135
12136
12138
12139
12141
12142
12144
12145
12147
12148
12150
12151
12152
12154
12155
12157
12158
12160
12161
12163
12164
12166
12167
12168
12170
12171
12173
12174
12176
12177
12179
12180
12182
12183
12184
12186
12187
12189
12191
12192
12194
12195
12197
12198
12199
12201
12202
12204
12205
12207
12208
12210
12211
12213
12214
12215
12217
12218
12220
12221
12223
12224
12226
12227
12229
12230
12232
12233
12235
12236
12238
12240
12241
12243
12244
12246
12247
12249
12250
12252
12254
12255
12257
12258
12260
12261
12263
12264
12266
12267
12269
12270
12272
12273
12275
12276
12278
12279
12281
12282
12284
12290
12292
12293
12295
12296
12298
12300
12301
12303
12304
12306
12307
12309
12310
12312
12313
12315
12316
12318
12319
12321
12322
12324
12325
12327
12328
12330
12332
12333
12335
12336
12338
12339
12341
12342
12344
12345
12347
12348
12350
12351
12353
12355
12356
12358
12359
12361
12362
12364
12365
12367
12368
12370
12371
12373
12374
12376
12377
12379
12380
12382
12383
12385
12386
12388
12389
12391
12393
12394
12396
12397
12399
12400
12402
12403
12405
12406
12408
12410
12412
12413
12415
12416
12418
12419
12421
12423
12424
12425
12426
12427
12429
12430
12431
12432
12434
12435
12436
12437
12438
12440
12441
12442
12443
12444
12446
12447
12448
12449
12450
12452
12453
12454
12455
12456
12458
12459
12460
12461
12462
12464
12465
12466
12467
12468
12470
12471
12473
12474
12476
12477
12479
12480
12482
12483
12485
12487
12488
12490
12492
12493
12495
12496
12498
12499
12500
12501
12503
12504
12505
12506
12507
12509
12510
12511
12512
12513
12515
12516
12517
12518
12519
12521
12522
12523
12524
12525
12527
12528
12529
12530
12532
12533
12534
12535
12542
12544
12545
12547
12548
12550
12552
12553
12555
12556
12558
12559
12561
12562
12564
12566
12567
12568
12570
12572
12573
12575
12576
12578
12579
12581
12582
12584
12585
12587
12588
12590
12592
12593
12595
12596
12598
12600
12601
12603
12604
12606
12607
12609
12610
12612
12613
12616
12617
12619
12620
12622
12623
12625
12626
12628
12629
12630
12632
12633
12635
12636
12638
12639
12641
12642
12644
12645
12647
12649
12650
12652
12653
12655
12656
12659
12660
12662
12664
12665
12667
12668
12670
12671
12673
12674
12676
12678
12679
12681
12683
12685
12686
12688
12690
12691
12693
12694
12696
12698
12699
12701
12702
12704
12705
12709
12710
12711
12712
12714
12715
12716
12717
12718
12720
12721
12722
12723
12724
12726
12727
12728
12729
12731
12732
12733
12734
12735
12737
12738
12739
12740
12741
12743
12744
12745
12746
12747
12748
12750
12751
12752
12754
12755
12756
12757
12758
12759
12761
12762
12763
12764
12765
12766
12768
12769
12770
12771
12773
12774
12775
12776
12777
12778
12780
12781
12782
12783
12784
12786
12787
12788
12789
12790
12792
12793
12794
12795
12796
12797
12799
12800
12801
12802
12803
12804
12806
12807
12808
12809
12810
12811
12813
12814
12815
12816
12817
12818
12819
12821
12822
12823
12824
12825
12826
12827
12829
12830
12831
12832
12833
12834
12835
12836
12838
12839
12840
12841
12842
12843
12844
12846
12847
12848
12849
12850
12851
12853
12854
12855
12856
12857
12858
12859
12861
12862
12863
12864
12865
12866
12867
12869
12870
12871
12872
12873
12874
12875
12876
12878
12879
12880
12881
12882
12883
12884
12885
12887
12888
12889
12890
12891
12892
12893
12895
12896
12897
12898
12899
12900
12901
12903
12904
12905
12906
12907
12908
12909
12911
12912
12913
12914
12915
12916
12917
12919
12920
12921
12922
12923
12924
12925
12927
12928
12929
12930
12931
12932
12933
12935
12936
12937
12938
12939
12940
12941
12943
12944
12945
12946
12947
12948
12949
12950
12952
12953
12954
12955
12956
12957
12958
12959
12961
12962
12963
12964
12965
12966
12967
12969
12970
12971
12972
12973
12974
12975
12976
12978
12979
12980
12981
12982
12983
12984
12986
12987
12988
12989
12990
12991
12992
12993
12995
12996
12997
12998
12999
13000
13001
13003
13004
13005
13006
13007
13008
13009
13011
13012
13013
13014
13015
13016
13017
13018
13020
13021
13022
13023
13024
13025
13026
13027
13029
13030
13031
13032
13033
13034
13036
13037
13038
13039
13040
13041
13042
13044
13045
13046
13047
13049
13050
13051
13052
13053
13054
13056
13057
13058
13059
13060
13061
13062
13064
13065
13066
13067
13068
13069
13070
13072
13073
13074
13075
13076
13077
13078
13080
13081
13082
13083
13084
13085
13087
13088
13089
13090
13091
13092
13093
13095
13096
13097
13098
13099
13100
13101
13103
13104
13105
13106
13107
13108
13110
13111
13112
13113
13114
13115
13117
13118
13120
13121
13122
13123
13125
13126
13127
13128
13129
13131
13132
13133
13134
13136
13137
13138
13139
13140
13142
13143
13144
13145
13146
13148
13149
13150
13151
13153
13154
13155
13156
13157
13159
13160
13161
13162
13164
13165
13166
13167
13168
13169
13170
13172
13173
13174
13175
13176
13177
13179
13180
13181
13182
13183
13184
13185
13187
13188
13189
13190
13191
13192
13193
13195
13196
13197
13198
13199
13200
13202
13203
13204
13205
13206
13207
13208
13210
13211
13212
13213
13214
13215
13216
13218
13219
13220
13221
13222
13223
13224
13226
13227
13228
13229
13230
13231
13233
13234
13235
13236
13237
13238
13239
13241
13242
13243
13244
13245
13246
13248
13249
13250
13251
13252
13253
13254
13256
13257
13258
13259
13260
13261
13262
13264
13265
13266
13267
13268
13269
13270
13272
13273
13274
13275
13276
13277
13279
13280
13281
13282
13283
13284
13285
13287
13288
13289
13290
13291
13292
13293
13295
13296
13297
13298
13299
13301
13302
13303
13304
13305
13306
13308
13309
13310
13311
13312
13313
13314
13316
13317
13318
13319
13320
13321
13322
13323
13325
13326
13327
13328
13329
13330
13332
13333
13334
13335
13336
13337
13338
13339
13341
13342
13343
13344
13345
13346
13347
13349
13350
13351
13352
13353
13354
13355
13357
13358
13359
13360
13361
13362
13363
13365
13366
13367
13368
13369
13370
13371
13373
13374
13375
13376
13377
13378
13379
13381
13382
13383
13384
13385
13386
13387
13389
13390
13391
13392
13393
13394
13395
13397
13398
13399
13400
13401
13402
13403
13405
13406
13407
13408
13409
13410
13411
13413
13414
13415
13421
13422
13424
13426
13427
13429
13431
13432
13434
13435
13437
13438
13440
13441
13443
13445
13446
13448
13449
13451
13452
13454
13456
13457
13459
13460
13462
13464
13465
13467
13468
13470
13472
13473
13475
13476
13478
13479
13481
13482
13484
13486
13487
13489
13491
13493
13495
13496
13498
13500
13501
13503
13505
13506
13508
13510
13512
13514
13515
13517
13519
13521
13522
13524
13526
13527
13529
13530
13532
13533
13535
13536
13538
13539
13544
13546
13548
13550
13551
13553
13555
13556
13558
13560
13561
13563
13565
13566
13568
13570
13571
13573
13575
13576
13578
13580
13581
13583
13585
13586
13588
13590
13591
13593
13595
13596
13598
13599
13601
13603
13604
13606
13608
13609
13611
13613
13614
13616
13617
13619
13620
13622
13624
13625
13627
13628
13630
13632
13633
13635
13636
13638
13639
13641
13643
13644
13646
13647
13649
13650
13651
13652
13653
13655
13656
13657
13658
13659
13661
13662
13663
13664
13666
13667
13669
13670
13672
13673
13675
13676
13678
13679
13681
13682
13684
13685
13687
13688
13690
13691
13693
13694
13696
13697
13699
13700
13702
13703
13705
13707
13708
13709
13710
13711
13712
13714
13715
13716
13717
13718
13720
13721
13722
13723
13724
13726
13727
13728
13729
13730
13732
13733
13734
13735
13737
13738
13739
13741
13742
13743
13744
13746
13747
13748
13749
13750
13752
13753
13754
13756
13757
13758
13759
13760
13761
13763
13764
13765
13766
13767
13769
13770
13771
13772
13773
13775
13776
13777
13778
13779
13781
13782
13783
13784
13785
13787
13788
13789
13790
13791
13792
13793
13794
13796
13797
13798
13799
13800
13801
13802
13804
13805
13806
13807
13808
13809
13810
13811
13813
13814
13815
13816
13817
13818
13819
13821
13822
13823
13824
13825
13826
13827
13829
13830
13831
13832
13833
13834
13835
13837
13838
13839
13840
13841
13842
13843
13845
13846
13847
13848
13849
13850
13851
13853
13854
13855
13856
13857
13858
13859
13861
13862
13863
13864
13865
13866
13867
13869
13870
13871
13872
13873
13874
13875
13877
13878
13879
13880
13881
13882
13883
13885
13886
13887
13888
13889
13890
13891
13892
13894
13895
13896
13897
13898
13899
13900
13902
13903
13904
13905
13906
13907
13908
13910
13911
13912
13913
13914
13915
13916
13917
13919
13920
13921
13922
13923
13924
13925
13927
13928
13929
13930
13931
13932
13933
13935
13936
13937
13938
13939
13940
13941
13942
13944
13945
13946
13947
13948
13949
13950
13952
13953
13954
13955
13956
13957
13958
13960
13961
13962
13963
13964
13965
13966
13968
13969
13970
13971
13972
13973
13974
13975
13977
13978
13979
13980
13981
13982
13983
13984
13986
13987
13988
13989
13991
13992
13993
13994
13995
13996
13997
13998
14000
14001
14002
14003
14004
14005
14006
14007
14009
14010
14011
14012
14013
14014
14015
14017
14018
14019
14020
14021
14022
14023
14025
14026
14027
14028
14029
14030
14031
14033
14034
14035
14036
14037
14038
14039
14041
14042
14043
14044
14045
14046
14047
14049
14050
14051
14052
14053
14054
14055
14057
14058
14059
14060
14061
14062
14063
14065
14066
14067
14068
14069
14070
14071
14073
14074
14075
14076
14077
14078
14079
14081
14082
14083
14084
14085
14086
14087
14089
14090
14091
14092
14093
14094
14095
14097
14098
14099
14100
14101
14102
14103
14105
14106
14107
14108
14109
14110
14111
14112
14114
14115
14116
14117
14118
14119
14120
14122
14123
14124
14125
14126
14127
14128
14130
14131
14132
14133
14134
14135
14137
14138
14139
14140
14141
14142
14143
14145
14146
14147
14148
14149
14150
14151
14152
14154
14155
14156
14157
14158
14159
14160
14162
14163
14164
14165
14166
14167
14168
14169
14171
14172
14173
14174
14175
14176
14177
14179
14180
14181
14182
14183
14184
14185
14187
14188
14189
14190
14191
14192
14193
14195
14196
14197
14198
14199
14200
14201
14203
14204
14205
14206
14207
14208
14209
14211
14212
14213
14214
14215
14216
14218
14219
14220
14221
14222
14223
14224
14226
14227
14228
14229
14230
14231
14232
14233
14235
14236
14237
14238
14239
14240
14241
14242
14244
14245
14246
14247
14248
14249
14250
14252
14253
14254
14255
14256
14257
14258
14259
14261
14262
14263
14264
14265
14266
14267
14269
14270
14271
14272
14273
14274
14275
14277
14278
14279
14280
14281
14282
14283
14285
14286
14287
14288
14289
14290
14291
14293
14294
14295
14296
14297
14298
14299
14301
14302
14303
14304
14305
14306
14307
14309
14310
14311
14312
14313
14314
14315
14317
14318
14319
14320
14321
14322
14323
14324
14326
14327
14328
14329
14330
14331
14332
14334
14335
14336
14337
14338
14339
14340
14342
14343
14344
14345
14346
14347
14348
14350
14351
14352
14353
14354
14355
14356
14358
14359
14360
14361
14362
14363
14364
14366
14367
14368
14369
14370
14371
14372
14374
14375
14376
14377
14378
14379
14380
14382
14383
14384
14385
14386
14387
14390
14391
14392
14394
14395
14396
14397
14398
14399
14401
14402
14403
14404
14406
14407
14408
14409
14410
14412
14413
14414
14415
14416
14417
14418
14420
14421
14422
14423
14424
14425
14427
14428
14429
14430
14431
14432
14433
14434
14436
14437
14438
14439
14440
14441
14442
14444
14445
14446
14447
14448
14449
14450
14451
14453
14454
14455
14456
14457
14458
14459
14461
14462
14463
14464
14465
14466
14468
14469
14470
14471
14472
14473
14474
14476
14477
14478
14479
14480
14481
14482
14483
14485
14486
14487
14488
14489
14490
14491
14493
14494
14495
14496
14497
14498
14499
14501
14502
14503
14504
14505
14506
14507
14509
14510
14511
14512
14513
14514
14515
14516
14518
14519
14520
14521
14522
14523
14524
14526
14527
14528
14529
14530
14531
14532
14534
14535
14536
14537
14538
14539
14540
14542
14543
14544
14545
14546
14547
14548
14550
14551
14552
14553
14554
14555
14557
14558
14559
14560
14561
14562
14563
14564
14566
14567
14568
14569
14570
14571
14572
14574
14575
14576
14577
14578
14579
14580
14581
14583
14584
14585
14586
14587
14588
14589
14590
14592
14593
14594
14595
14596
14597
14598
14600
14601
14602
14603
14604
14605
14606
14608
14609
14610
14611
14612
14613
14614
14616
14617
14618
14619
14620
14621
14622
14623
14625
14626
14627
14628
14629
14630
14631
14633
14634
14635
14636
14637
14638
14639
14641
14642
14643
14644
14645
14646
14647
14649
14650
14651
14652
14653
14654
14655
14657
14658
14659
14660
14661
14662
14664
14665
14666
14667
14668
14669
14670
14672
14673
14674
14675
14676
14677
14679
14680
14681
14682
14683
14684
14685
14687
14688
14689
14690
14691
14692
14693
14695
14696
14697
14698
14699
14700
14702
14703
14704
14705
14706
14707
14709
14710
14711
14712
14713
14714
14715
14717
14718
14719
14720
14721
14722
14723
14725
14726
14727
14728
14730
14731
14732
14733
14735
14736
14737
14738
14740
14741
14742
14743
14745
14746
14748
14749
14750
14752
14753
14754
14755
14757
14758
14759
14760
14761
14763
14764
14765
14766
14767
14768
14770
14771
14772
14773
14774
14775
14776
14778
14779
14780
14781
14782
14783
14784
14786
14787
14788
14789
14790
14791
14793
14794
14795
14796
14797
14798
14799
14801
14802
14803
14804
14805
14806
14807
14809
14810
14811
14812
14813
14814
14816
14817
14818
14819
14820
14821
14822
14824
14825
14826
14827
14828
14829
14830
14832
14833
14834
14835
14836
14838
14839
14840
14841
14842
14843
14845
14846
14847
14848
14849
14850
14851
14853
14854
14855
14856
14857
14858
14859
14861
14862
14863
14864
14865
14866
14868
14869
14870
14871
14872
14873
14874
14876
14877
14878
14879
14880
14881
14882
14883
14885
14886
14887
14888
14889
14890
14891
14893
14894
14895
14896
14897
14898
14899
14901
14902
14903
14904
14905
14906
14907
14909
14910
14911
14912
14913
14914
14916
14917
14918
14919
14920
14921
14922
14923
14925
14926
14927
14928
14929
14930
14931
14932
14934
14935
14936
14937
14938
14939
14940
14942
14943
14944
14945
14946
14947
14948
14949
14951
14952
14953
14954
14955
14956
14957
14958
14960
14961
14962
14963
14964
14965
14966
14968
14969
14970
14971
14972
14973
14974
14975
14977
14978
14979
14980
14981
14982
14983
14984
14986
14987
14988
14989
14990
14991
