time (ms),latency (ms),consume (ms)
0,13,0
0,7,0
1,7,1
2,7,1
2,6,0
11,13,9
11,10,0
12,10,1
12,9,0
13,8,1
13,7,0
14,8,1
14,7,0
21,13,7
21,8,0
22,7,1
22,6,0
23,7,1
24,7,1
25,6,1
25,5,0
31,11,6
31,8,0
32,7,1
32,6,0
33,7,1
38,11,5
39,11,1
39,10,0
39,9,0
40,10,1
40,7,0
41,1,1
42,0,1
43,0,1
44,1,1
45,0,1
48,1,3
50,1,2
51,1,1
52,1,1
53,1,1
54,1,1
54,0,0
55,0,1
57,1,2
59,1,2
62,3,3
64,2,2
65,1,1
68,1,3
68,0,0
69,0,1
70,0,1
71,1,1
72,0,1
74,1,2
77,1,3
78,1,1
79,1,1
80,0,1
81,0,1
83,1,2
84,1,1
85,1,1
88,0,3
89,0,1
90,1,1
91,1,1
91,0,0
92,0,1
93,1,1
95,1,2
95,0,0
96,0,1
97,1,1
98,1,1
99,1,1
99,0,0
101,1,2
102,1,1
103,1,1
104,0,1
110,2,6
111,0,1
112,0,1
113,1,1
114,1,1
115,1,1
115,0,0
118,0,3
119,0,1
120,0,1
121,1,1
122,1,1
122,0,0
123,0,1
124,1,1
125,1,1
126,1,1
126,0,0
127,0,1
128,1,1
132,0,4
133,0,1
134,0,1
135,1,1
136,1,1
136,0,0
137,0,1
138,1,1
139,1,1
139,0,0
140,0,1
141,1,1
142,0,1
143,0,1
144,1,1
148,1,4
153,1,5
154,1,1
154,0,0
155,0,1
156,1,1
157,1,1
158,1,1
158,0,0
159,0,1
160,0,1
161,1,1
161,0,0
162,0,1
163,1,1
164,1,1
164,0,0
165,0,1
166,1,1
168,0,2
169,0,1
170,1,1
171,0,1
172,0,1
173,1,1
174,1,1
176,0,2
177,1,1
178,1,1
178,0,0
180,0,2
181,0,1
182,0,1
183,0,1
184,0,1
185,0,1
188,0,3
190,1,2
192,1,2
193,1,1
194,1,1
195,1,1
196,1,1
197,1,1
198,0,1
199,0,1
201,1,2
215,11,14
215,11,0
216,11,1
216,10,0
216,10,0
216,9,0
217,10,1
217,9,0
217,9,0
217,8,0
217,8,0
218,6,1
218,6,0
218,5,0
218,5,0
218,4,0
220,0,2
221,0,1
222,1,1
223,1,1
223,0,0
224,0,1
228,0,4
229,0,1
231,1,2
232,1,1
233,1,1
233,0,0
234,0,1
235,1,1
236,0,1
237,1,1
238,1,1
238,0,0
240,0,2
241,1,1
244,1,3
245,0,1
246,1,1
247,1,1
247,0,0
248,0,1
252,0,4
253,0,1
254,1,1
255,1,1
255,0,0
256,0,1
257,1,1
258,1,1
258,0,0
259,0,1
260,1,1
260,0,0
263,1,3
264,1,1
265,1,1
269,3,4
270,1,1
270,0,0
271,0,1
272,1,1
273,1,1
273,0,0
274,0,1
275,1,1
275,0,0
276,0,1
277,1,1
280,0,3
281,0,1
283,2,2
283,0,0
284,0,1
285,1,1
286,1,1
286,0,0
287,0,1
289,1,2
290,0,1
291,0,1
292,1,1
292,0,0
293,0,1
294,0,1
296,1,2
297,1,1
297,0,0
298,0,1
299,1,1
300,0,1
304,0,4
308,0,4
309,0,1
310,0,1
311,1,1
311,0,0
312,0,1
313,1,1
313,0,0
314,0,1
315,1,1
316,1,1
316,0,0
317,0,1
318,1,1
318,0,0
319,0,1
320,1,1
321,1,1
321,0,0
322,0,1
323,1,1
323,0,0
324,0,1
325,1,1
325,0,0
326,0,1
327,1,1
328,1,1
328,0,0
332,0,4
333,0,1
334,1,1
334,0,0
335,0,1
336,1,1
337,1,1
337,0,0
338,0,1
339,1,1
339,0,0
340,0,1
341,1,1
342,1,1
344,2,2
345,0,1
346,1,1
346,0,0
347,0,1
348,1,1
349,1,1
349,0,0
350,1,1
351,1,1
351,0,0
352,0,1
356,0,4
357,0,1
358,0,1
363,0,5
364,0,1
365,0,1
366,1,1
373,1,7
373,0,0
374,0,1
375,1,1
376,1,1
376,0,0
377,0,1
378,1,1
378,0,0
382,3,4
383,1,1
383,0,0
384,0,1
385,1,1
385,0,0
386,0,1
387,1,1
387,0,0
388,0,1
391,0,3
392,0,1
393,0,1
394,1,1
394,0,0
395,0,1
396,1,1
396,0,0
397,0,1
398,1,1
398,0,0
399,0,1
400,1,1
404,1,4
405,1,1
405,0,0
408,1,3
409,1,1
409,0,0
410,0,1
411,1,1
411,0,0
412,0,1
413,1,1
413,0,0
421,1,8
421,0,0
422,0,1
423,1,1
424,1,1
424,0,0
425,1,1
426,1,1
427,1,1
428,0,1
429,1,1
429,0,0
430,0,1
431,1,1
432,1,1
434,0,2
435,1,1
436,1,1
440,0,4
441,0,1
442,0,1
444,2,2
445,0,1
446,1,1
447,1,1
447,0,0
448,0,1
449,1,1
449,0,0
450,0,1
451,1,1
455,1,4
456,0,1
457,1,1
457,0,0
458,0,1
459,1,1
459,0,0
460,0,1
461,1,1
461,0,0
462,0,1
463,1,1
463,0,0
464,0,1
465,1,1
465,0,0
466,0,1
467,1,1
467,0,0
470,1,3
470,0,0
471,1,1
471,0,0
472,0,1
473,1,1
473,0,0
474,0,1
476,0,2
477,1,1
477,0,0
478,0,1
479,1,1
479,0,0
480,0,1
481,1,1
481,0,0
482,0,1
483,1,1
483,0,0
484,0,1
485,1,1
485,0,0
488,0,3
489,1,1
490,1,1
490,0,0
491,0,1
492,1,1
492,0,0
493,1,1
494,1,1
494,0,0
495,1,1
496,1,1
496,0,0
497,0,1
498,1,1
498,0,0
499,0,1
500,1,1
500,0,0
501,0,1
502,1,1
502,0,0
504,0,2
505,1,1
506,1,1
506,0,0
507,1,1
508,1,1
508,0,0
509,1,1
510,1,1
510,0,0
511,1,1
511,0,0
516,0,5
517,1,1
518,1,1
518,0,0
519,1,1
520,1,1
520,0,0
521,0,1
522,1,1
522,0,0
523,0,1
524,1,1
524,0,0
525,1,1
526,1,1
526,0,0
527,1,1
528,1,1
529,0,1
530,0,1
531,1,1
531,0,0
532,0,1
533,1,1
533,0,0
534,1,1
535,1,1
535,0,0
536,1,1
537,1,1
537,0,0
538,1,1
538,0,0
539,0,1
540,1,1
541,1,1
541,0,0
543,2,2
545,2,2
546,1,1
552,6,6
583,19,31
583,11,0
583,11,0
584,11,1
584,11,0
584,11,0
584,10,0
584,10,0
585,11,1
585,10,0
585,10,0
585,10,0
585,9,0
585,9,0
586,10,1
586,9,0
586,9,0
586,9,0
586,9,0
587,9,1
587,9,0
587,9,0
587,8,0
587,8,0
588,8,1
594,1,6
595,0,1
596,1,1
596,0,0
597,0,1
598,1,1
598,0,0
599,1,1
599,0,0
602,1,3
602,0,0
603,0,1
604,1,1
604,0,0
605,0,1
606,1,1
606,0,0
608,2,2
612,0,4
613,1,1
614,1,1
614,0,0
615,1,1
615,0,0
616,0,1
617,1,1
617,0,0
618,0,1
618,0,0
619,0,1
620,1,1
620,0,0
621,0,1
622,1,1
622,0,0
623,1,1
623,0,0
624,0,1
625,1,1
625,0,0
626,0,1
627,1,1
627,0,0
628,0,1
632,0,4
636,0,4
637,0,1
638,1,1
638,0,0
639,1,1
639,0,0
644,4,5
648,0,4
649,1,1
649,0,0
650,0,1
651,1,1
651,0,0
652,0,1
653,1,1
653,0,0
654,1,1
654,0,0
655,0,1
656,1,1
693,37,37
694,34,1
695,34,1
704,43,9
704,43,0
704,42,0
704,42,0
708,46,4
709,46,1
709,46,0
709,46,0
710,46,1
711,45,1
712,45,1
712,45,0
712,45,0
716,48,4
716,45,0
717,46,1
718,46,1
718,46,0
719,46,1
719,46,0
720,47,1
721,45,1
722,46,1
722,46,0
723,46,1
723,46,0
724,47,1
725,47,1
728,50,3
732,54,4
733,54,1
734,55,1
734,55,0
735,54,1
735,51,0
736,48,1
737,49,1
737,49,0
738,49,1
739,50,1
739,49,0
740,50,1
740,50,0
741,50,1
744,53,3
744,51,0
745,51,1
746,52,1
746,51,0
747,52,1
747,51,0
748,52,1
749,53,1
749,52,0
750,42,1
751,42,1
751,41,0
752,42,1
753,42,1
756,45,3
757,45,1
757,44,0
758,42,1
759,42,1
759,42,0
760,42,1
760,42,0
761,42,1
762,42,1
762,42,0
763,42,1
763,42,0
764,42,1
766,44,2
767,44,1
768,44,1
768,44,0
769,44,1
770,38,1
772,39,2
772,39,0
773,39,1
773,39,0
774,39,1
775,39,1
776,40,1
776,39,0
777,39,1
778,40,1
778,39,0
780,41,2
780,40,0
781,41,1
782,41,1
782,38,0
784,39,2
788,43,4
788,42,0
789,43,1
791,44,2
792,44,1
793,45,1
794,45,1
794,45,0
795,45,1
795,45,0
796,45,1
797,45,1
797,45,0
798,42,1
798,42,0
800,43,2
801,43,1
801,43,0
801,42,0
802,43,1
803,43,1
803,42,0
804,43,1
804,42,0
805,43,1
806,43,1
806,42,0
807,43,1
807,40,0
812,45,5
812,44,0
813,45,1
814,45,1
815,45,1
815,43,0
816,44,1
817,44,1
817,43,0
818,44,1
820,45,2
820,45,0
821,45,1
821,44,0
822,45,1
823,45,1
824,46,1
824,44,0
825,44,1
826,45,1
826,44,0
827,43,1
827,43,0
828,40,1
829,40,1
829,40,0
830,39,1
832,40,2
833,40,1
833,40,0
834,40,1
835,41,1
835,40,0
836,40,1
837,41,1
837,40,0
838,41,1
838,40,0
839,39,1
840,39,1
841,39,1
841,39,0
842,39,1
842,39,0
843,39,1
844,39,1
844,39,0
848,42,4
852,46,4
852,45,0
853,45,1
854,42,1
854,41,0
855,42,1
855,41,0
856,42,1
857,42,1
857,41,0
858,42,1
859,42,1
859,42,0
860,42,1
861,41,1
861,41,0
862,41,1
862,40,0
863,41,1
863,40,0
864,41,1
865,41,1
865,40,0
866,41,1
866,40,0
868,42,2
868,41,0
869,41,1
869,41,0
870,41,1
871,42,1
871,39,0
872,40,1
873,40,1
874,41,1
875,41,1
875,41,0
876,41,1
876,40,0
877,41,1
878,41,1
878,41,0
880,42,2
881,42,1
881,42,0
882,42,1
882,42,0
884,43,2
885,44,1
885,43,0
886,43,1
886,43,0
887,43,1
888,44,1
888,40,0
890,38,2
890,37,0
891,38,1
892,38,1
896,42,4
896,41,0
897,41,1
898,42,1
898,41,0
899,42,1
900,42,1
900,42,0
901,42,1
903,43,2
904,44,1
904,43,0
905,44,1
906,44,1
906,44,0
907,44,1
907,43,0
908,44,1
909,44,1
909,44,0
910,44,1
910,43,0
911,43,1
912,44,1
912,43,0
913,43,1
913,43,0
914,43,1
914,43,0
915,43,1
916,43,1
916,42,0
917,43,1
917,42,0
918,43,1
920,44,2
923,46,3
923,46,0
924,46,1
925,45,1
928,48,3
928,47,0
929,48,1
930,48,1
931,47,1
931,47,0
932,47,1
932,47,0
933,47,1
934,47,1
934,47,0
935,47,1
935,47,0
936,46,1
940,48,4
940,48,0
941,45,1
942,45,1
943,46,1
943,45,0
944,45,1
948,49,4
949,49,1
949,49,0
950,49,1
951,48,1
951,48,0
952,48,1
952,47,0
953,48,1
954,48,1
954,48,0
955,48,1
955,47,0
956,48,1
957,48,1
957,48,0
958,48,1
958,47,0
959,48,1
960,48,1
961,49,1
961,48,0
962,48,1
962,48,0
963,48,1
964,49,1
965,49,1
965,49,0
966,49,1
966,48,0
967,49,1
968,47,1
972,48,4
973,49,1
974,48,1
975,47,1
975,46,0
976,47,1
976,46,0
977,47,1
980,49,3
981,50,1
982,50,1
982,49,0
983,50,1
984,50,1
984,50,0
985,50,1
985,49,0
986,50,1
987,47,1
987,47,0
988,47,1
988,46,0
989,47,1
990,47,1
991,48,1
991,47,0
992,44,1
992,44,0
993,44,1
994,44,1
994,44,0
995,44,1
995,44,0
996,44,1
997,44,1
997,44,0
998,44,1
1004,50,6
1005,50,1
1008,52,3
1009,53,1
1009,52,0
1010,53,1
1010,52,0
1011,52,1
1016,57,5
1017,57,1
1017,57,0
1018,57,1
1019,58,1
1019,57,0
1020,57,1
1023,60,3
1024,60,1
1025,61,1
1025,60,0
1026,61,1
1027,61,1
1028,62,1
1028,61,0
1029,61,1
1030,58,1
1030,57,0
1031,57,1
1031,57,0
1032,57,1
1032,57,0
1033,57,1
1034,57,1
1035,55,1
1035,54,0
1036,55,1
1036,54,0
1037,54,1
1038,55,1
1039,55,1
1040,56,1
1041,56,1
1041,55,0
1042,56,1
1042,55,0
1043,56,1
1044,56,1
1044,55,0
1045,56,1
1045,55,0
1046,56,1
1048,57,2
1048,57,0
1052,60,4
1052,59,0
1053,60,1
1054,60,1
1054,60,0
1055,60,1
1056,60,1
1056,60,0
1060,63,4
1060,63,0
1064,66,4
1065,61,1
1066,58,1
1067,59,1
1067,58,0
1068,58,1
1069,58,1
1069,58,0
1070,54,1
1070,53,0
1071,53,1
1072,54,1
1072,53,0
1073,54,1
1074,54,1
1074,50,0
1075,51,1
1075,50,0
1076,50,1
1077,51,1
1077,50,0
1078,51,1
1078,50,0
1079,51,1
1079,50,0
1080,50,1
1084,54,4
1085,54,1
1086,55,1
1086,54,0
1087,54,1
1088,55,1
1092,58,4
1096,62,4
1096,61,0
1097,62,1
1098,62,1
1098,61,0
1099,62,1
1100,62,1
1100,62,0
1101,61,1
1101,61,0
1102,61,1
1103,62,1
1103,61,0
1104,61,1
1104,61,0
1105,61,1
1106,62,1
1106,61,0
1107,61,1
1108,62,1
1108,60,0
1109,61,1
1109,57,0
1110,58,1
1111,58,1
1111,57,0
1112,58,1
1112,57,0
1113,58,1
1116,60,3
1116,59,0
1117,57,1
1118,57,1
1118,53,0
1119,54,1
1119,53,0
1120,54,1
1124,57,4
1124,56,0
1126,58,2
1126,57,0
1127,58,1
1127,57,0
1128,57,1
1132,61,4
1132,60,0
1133,61,1
1134,61,1
1134,60,0
1135,61,1
1135,60,0
1136,60,1
1137,61,1
1137,60,0
1138,61,1
1138,60,0
1140,62,2
1141,62,1
1141,61,0
1142,62,1
1142,58,0
1143,58,1
1144,59,1
1145,59,1
1145,59,0
1146,59,1
1146,58,0
1147,55,1
1147,55,0
1148,52,1
1150,53,2
1151,54,1
1151,53,0
1152,53,1
1153,54,1
1153,53,0
1156,56,3
1157,56,1
1158,56,1
1158,56,0
1160,57,2
1161,58,1
1161,57,0
1162,57,1
1163,58,1
1164,58,1
1165,59,1
1165,58,0
1166,59,1
1166,58,0
1167,59,1
1168,59,1
1173,63,5
1176,66,3
1176,65,0
1178,67,2
1178,66,0
1179,66,1
1179,66,0
1180,64,1
1181,64,1
1181,64,0
1184,66,3
1184,66,0
1185,66,1
1186,66,1
1186,66,0
1187,63,1
1187,62,0
1188,63,1
1188,62,0
1189,63,1
1190,63,1
1190,62,0
1191,60,1
1192,60,1
1192,59,0
1193,60,1
1193,59,0
1194,60,1
1195,60,1
1195,59,0
1196,60,1
1196,59,0
1197,60,1
1197,59,0
1198,58,1
1200,60,2
1201,60,1
1201,60,0
1202,60,1
1202,59,0
1203,60,1
1203,59,0
1204,60,1
1205,60,1
1205,60,0
1206,60,1
1206,59,0
1206,59,0
1207,59,1
1208,60,1
1208,58,0
1209,58,1
1209,57,0
1210,58,1
1210,57,0
1212,56,2
1216,60,4
1217,60,1
1218,61,1
1218,60,0
1219,59,1
1220,60,1
1224,63,4
1224,62,0
1225,63,1
1226,63,1
1226,63,0
1227,63,1
1227,63,0
1228,63,1
1229,64,1
1229,63,0
1230,64,1
1230,63,0
1231,63,1
1232,60,1
1233,60,1
1233,57,0
1234,58,1
1234,56,0
1235,57,1
1235,56,0
1236,56,1
1236,56,0
1237,56,1
1238,57,1
1238,54,0
1242,58,4
1243,58,1
1243,57,0
1244,58,1
1244,57,0
1245,58,1
1246,58,1
1246,57,0
1247,58,1
1247,57,0
1248,58,1
1248,57,0
1252,60,4
1252,60,0
1253,60,1
1253,59,0
1254,60,1
1255,60,1
1256,61,1
1257,61,1
1257,61,0
1258,61,1
1258,60,0
1260,60,2
1264,64,4
1264,63,0
1265,64,1
1266,64,1
1266,63,0
1267,64,1
1267,63,0
1268,64,1
1272,67,4
1272,67,0
1273,67,1
1274,68,1
1274,67,0
1276,68,2
1277,69,1
1278,69,1
1278,68,0
1279,69,1
1279,68,0
1280,64,1
1280,64,0
1281,64,1
1282,65,1
1282,64,0
1283,64,1
1283,64,0
1285,65,2
1285,61,0
1286,61,1
1287,62,1
1288,62,1
1288,62,0
1289,62,1
1289,61,0
1290,62,1
1291,62,1
1292,63,1
1293,63,1
1293,62,0
1293,62,0
1294,62,1
1295,63,1
1295,62,0
1300,67,5
1301,67,1
1302,68,1
1302,67,0
1304,68,2
1304,68,0
1305,68,1
1305,68,0
1306,68,1
1308,70,2
1308,65,0
1309,66,1
1309,65,0
1310,65,1
1310,65,0
1312,66,2
1313,67,1
1313,66,0
1314,67,1
1314,66,0
1315,66,1
1315,63,0
1316,63,1
1317,63,1
1317,63,0
1317,62,0
1318,62,1
1319,63,1
1319,62,0
1320,63,1
1320,62,0
1324,64,4
1324,64,0
1325,61,1
1326,62,1
1326,61,0
1327,61,1
1327,61,0
1328,61,1
1328,61,0
1329,61,1
1330,58,1
1330,57,0
1331,58,1
1331,57,0
1332,56,1
1332,56,0
1333,56,1
1333,56,0
1334,56,1
1335,57,1
1335,56,0
1335,55,0
1336,56,1
1338,57,2
1338,57,0
1339,57,1
1340,58,1
1340,57,0
1344,61,4
1345,60,1
1345,59,0
1346,60,1
1347,60,1
1347,59,0
1348,60,1
1348,59,0
1349,59,1
1349,59,0
1350,58,1
1350,58,0
1352,59,2
1353,59,1
1353,59,0
1354,59,1
1354,59,0
1355,55,1
1355,55,0
1356,55,1
1356,55,0
1357,55,1
1357,54,0
1358,54,1
1358,54,0
1359,54,1
1360,54,1
1360,52,0
1361,52,1
1364,55,3
1364,54,0
1365,53,1
1365,53,0
1366,53,1
1367,54,1
1367,53,0
1368,53,1
1368,52,0
1369,53,1
1369,52,0
1370,52,1
1371,53,1
1371,52,0
1372,53,1
1372,52,0
1373,52,1
1373,49,0
1374,49,1
1374,49,0
1376,50,2
1376,50,0
1377,50,1
1377,49,0
1378,50,1
1378,49,0
1379,50,1
1379,49,0
1380,50,1
1384,53,4
1384,53,0
1385,53,1
1386,53,1
1386,53,0
1388,54,2
1389,55,1
1389,54,0
1390,54,1
1390,54,0
1390,52,0
1391,52,1
1392,53,1
1392,52,0
1393,49,1
1393,49,0
1394,49,1
1394,48,0
1395,49,1
1395,48,0
1396,49,1
1400,52,4
1401,52,1
1401,52,0
1402,52,1
1402,50,0
1403,51,1
1404,51,1
1404,51,0
1405,51,1
1405,51,0
1406,51,1
1406,50,0
1407,51,1
1407,50,0
1408,50,1
1408,50,0
1409,50,1
1409,50,0
1410,50,1
1410,50,0
1411,50,1
1412,48,1
1412,48,0
1412,47,0
1413,47,1
1414,48,1
1414,47,0
1414,47,0
1415,47,1
1416,48,1
1416,47,0
1419,49,3
1419,49,0
1420,49,1
1421,50,1
1421,49,0
1422,50,1
1422,49,0
1422,48,0
1423,49,1
1424,49,1
1424,48,0
1425,49,1
1425,48,0
1425,48,0
1426,48,1
1427,48,1
1427,48,0
1428,48,1
1428,44,0
1429,45,1
1429,44,0
1430,45,1
1430,44,0
1432,44,2
1432,44,0
1433,44,1
1433,44,0
1434,44,1
1434,43,0
1435,44,1
1435,43,0
1436,44,1
1440,47,4
1441,48,1
1442,48,1
1442,47,0
1443,48,1
1444,48,1
1444,44,0
1445,45,1
1445,44,0
1446,45,1
1446,44,0
1447,44,1
1448,45,1
1448,44,0
1449,45,1
1449,44,0
1450,45,1
1450,44,0
1451,44,1
1452,45,1
1452,44,0
1453,45,1
1453,44,0
1454,44,1
1454,43,0
1455,44,1
1456,44,1
1457,44,1
1457,43,0
1458,43,1
1464,49,6
1465,49,1
1465,47,0
1468,49,3
1469,49,1
1469,49,0
1470,49,1
1470,49,0
1470,48,0
1471,48,1
1472,49,1
1472,48,0
1473,49,1
1473,48,0
1474,48,1
1474,48,0
1475,48,1
1475,48,0
1476,48,1
1476,48,0
1480,51,4
1484,54,4
1484,54,0
1484,52,0
1485,53,1
1485,52,0
1485,51,0
1486,52,1
1486,51,0
1487,52,1
1487,51,0
1488,48,1
1488,48,0
1489,48,1
1489,48,0
1490,48,1
1490,47,0
1491,47,1
1491,47,0
1492,47,1
1492,47,0
1493,47,1
1493,46,0
1494,46,1
1494,46,0
1494,45,0
1495,46,1
1496,46,1
1496,45,0
1497,45,1
1500,48,3
1500,47,0
1501,48,1
1501,47,0
1502,47,1
1502,46,0
1503,47,1
1503,46,0
1504,47,1
1504,46,0
1505,41,1
1505,37,0
1506,37,1
1506,37,0
1507,37,1
1507,36,0
1507,36,0
1508,36,1
1509,37,1
1509,36,0
1512,38,3
1512,38,0
1513,38,1
1513,38,0
1514,38,1
1516,36,2
1517,34,1
1517,33,0
1518,33,1
1518,32,0
1519,33,1
1519,32,0
1520,33,1
1520,32,0
1521,32,1
1521,32,0
1522,32,1
1522,32,0
1523,32,1
1523,32,0
1524,32,1
1524,31,0
1525,32,1
1525,31,0
1526,31,1
1526,31,0
1526,30,0
1527,31,1
1528,28,1
1537,37,9
1537,36,0
1537,35,0
1538,36,1
1538,35,0
1539,36,1
1539,35,0
1540,35,1
1540,35,0
1541,35,1
1542,36,1
1542,35,0
1543,35,1
1543,35,0
1544,35,1
1544,32,0
1545,32,1
1545,32,0
1546,32,1
1546,30,0
1547,31,1
1547,30,0
1548,31,1
1549,31,1
1549,30,0
1550,31,1
1550,30,0
1551,31,1
1551,30,0
1552,30,1
1552,30,0
1553,30,1
1553,30,0
1554,30,1
1554,29,0
1555,30,1
1555,29,0
1555,28,0
1556,29,1
1556,20,0
1557,20,1
1557,19,0
1558,20,1
1558,19,0
1559,19,1
1559,19,0
1561,19,2
1562,19,1
1562,19,0
1562,18,0
1563,18,1
1563,18,0
1564,18,1
1565,19,1
1565,18,0
1565,17,0
1566,17,1
1566,16,0
1567,16,1
1567,16,0
1568,16,1
1568,16,0
1568,15,0
1569,15,1
1569,15,0
1570,15,1
1570,15,0
1571,15,1
1571,14,0
1571,14,0
1572,14,1
1573,15,1
1573,14,0
1573,11,0
1574,11,1
1576,13,2
1577,13,1
1578,14,1
1578,13,0
1579,14,1
1579,13,0
1580,13,1
1580,13,0
1581,13,1
1581,12,0
1582,13,1
1582,12,0
1583,13,1
1583,12,0
1583,11,0
1584,12,1
1585,12,1
1585,12,0
1585,10,0
1586,10,1
1588,11,2
1589,11,1
1589,10,0
1589,10,0
1590,10,1
1590,9,0
1591,10,1
1591,9,0
1592,10,1
1596,13,4
1596,12,0
1597,13,1
1597,12,0
1597,12,0
1598,10,1
1598,10,0
1599,10,1
1599,9,0
1600,10,1
1600,9,0
1601,10,1
1601,9,0
1602,5,1
1602,4,0
1603,5,1
1603,4,0
1603,4,0
1604,4,1
1604,4,0
1605,4,1
1605,3,0
1606,4,1
1608,5,2
1608,5,0
1608,4,0
1610,5,2
1611,6,1
1611,5,0
1612,4,1
1612,2,0
1613,3,1
1613,2,0
1614,2,1
1614,2,0
1615,2,1
1616,3,1
1616,2,0
1617,2,1
1617,1,0
1617,1,0
1618,1,1
1619,1,1
1619,1,0
1619,0,0
1624,5,5
1624,0,0
1625,1,1
1626,1,1
1626,0,0
1628,0,2
1629,1,1
1629,0,0
1630,1,1
1630,0,0
1631,1,1
1631,0,0
1632,0,1
1633,1,1
1633,0,0
1634,1,1
1634,0,0
1635,1,1
1635,0,0
1636,1,1
1636,0,0
1637,1,1
1637,0,0
1638,0,1
1638,0,0
1640,0,2
1641,1,1
1641,0,0
1642,1,1
1642,0,0
1643,1,1
1643,0,0
1644,0,1
1644,0,0
1645,0,1
1645,0,0
1646,0,1
1647,1,1
1647,0,0
1648,1,1
1652,0,4
1653,1,1
1653,0,0
1654,1,1
1654,0,0
1655,1,1
1655,0,0
1656,0,1
1657,1,1
1657,0,0
1658,1,1
1658,0,0
1659,1,1
1659,0,0
1660,1,1
1660,0,0
1664,0,4
1665,1,1
1665,0,0
1666,1,1
1666,0,0
1667,0,1
1667,0,0
1668,0,1
1669,1,1
1669,0,0
1670,1,1
1670,0,0
1671,1,1
1671,0,0
1672,1,1
1672,0,0
1673,0,1
1673,0,0
1674,0,1
1675,1,1
1675,0,0
1676,1,1
1676,0,0
1677,1,1
1677,0,0
1678,1,1
1678,0,0
1679,0,1
1679,0,0
1680,0,1
1681,1,1
1681,0,0
1682,1,1
1682,0,0
1683,1,1
1683,0,0
1684,0,1
1685,1,1
1685,0,0
1686,1,1
1686,0,0
1687,1,1
1688,0,1
1689,1,1
1689,0,0
1690,1,1
1690,0,0
1691,1,1
1692,0,1
1693,1,1
1693,0,0
1694,1,1
1694,0,0
1696,0,2
1697,1,1
1697,0,0
1700,0,3
1701,1,1
1701,0,0
1702,1,1
1702,0,0
1703,1,1
1703,0,0
1704,0,1
1704,0,0
1705,0,1
1706,1,1
1706,0,0
1707,1,1
1707,0,0
1708,1,1
1708,0,0
1711,1,3
1711,0,0
1712,0,1
1713,1,1
1713,0,0
1714,1,1
1714,0,0
1715,1,1
1715,0,0
1716,0,1
1717,1,1
1717,0,0
1718,1,1
1718,0,0
1719,1,1
1719,0,0
1720,1,1
1720,0,0
1724,0,4
1725,1,1
1725,0,0
1726,1,1
1726,0,0
1727,0,1
1727,0,0
1728,0,1
1729,1,1
1729,0,0
1732,0,3
1733,1,1
1733,0,0
1734,1,1
1734,0,0
1735,1,1
1735,0,0
1736,0,1
1736,0,0
1737,0,1
1738,1,1
1738,0,0
1739,1,1
1739,0,0
1740,1,1
1740,0,0
1741,1,1
1741,0,0
1742,1,1
1742,0,0
1743,0,1
1743,0,0
1744,0,1
1744,0,0
1745,0,1
1746,1,1
1746,0,0
1747,1,1
1747,0,0
1748,1,1
1748,0,0
1749,1,1
1749,0,0
1750,0,1
1750,0,0
1751,0,1
1752,0,1
1753,1,1
1753,0,0
1756,0,3
1757,1,1
1760,0,3
1761,1,1
1761,0,0
1762,0,1
1763,1,1
1763,0,0
1764,1,1
1764,0,0
1765,1,1
1765,0,0
1766,1,1
1766,0,0
1767,1,1
1767,0,0
1768,0,1
1768,0,0
1769,0,1
1770,1,1
1770,0,0
1771,1,1
1771,0,0
1772,1,1
1772,0,0
1773,1,1
1773,0,0
1774,0,1
1774,0,0
1775,0,1
1776,1,1
1776,0,0
1777,1,1
1777,0,0
1778,1,1
1778,0,0
1779,1,1
1780,0,1
1781,1,1
1781,0,0
1782,1,1
1782,0,0
1783,1,1
1783,0,0
1784,1,1
1784,0,0
1788,0,4
1792,0,4
1793,1,1
1793,0,0
1794,1,1
1794,0,0
1795,0,1
1795,0,0
1796,0,1
1797,1,1
1797,0,0
1798,1,1
1798,0,0
1799,1,1
1799,0,0
1800,1,1
1800,0,0
1801,1,1
1801,0,0
1802,1,1
1802,0,0
1803,0,1
1803,0,0
1804,0,1
1805,1,1
1805,0,0
1806,1,1
1806,0,0
1807,1,1
1807,0,0
1808,1,1
1808,0,0
1809,0,1
1809,0,0
1810,0,1
1810,0,0
1811,0,1
1812,1,1
1812,0,0
1813,1,1
1813,0,0
1814,1,1
1814,0,0
1815,0,1
1815,0,0
1816,0,1
1817,1,1
1817,0,0
1818,1,1
1818,0,0
1819,1,1
1819,0,0
1820,0,1
1824,0,4
1825,1,1
1826,0,1
1826,0,0
1827,0,1
1828,1,1
1828,0,0
1829,1,1
1829,0,0
1832,0,3
1833,1,1
1833,0,0
1834,1,1
1834,0,0
1835,1,1
1835,0,0
1836,1,1
1836,0,0
1837,0,1
1837,0,0
1838,0,1
1838,0,0
1839,0,1
1840,1,1
1840,0,0
1841,1,1
1841,0,0
1842,1,1
1842,0,0
1843,1,1
1843,0,0
1844,1,1
1844,0,0
1845,0,1
1845,0,0
1846,0,1
1846,0,0
1847,0,1
1848,1,1
1848,0,0
1849,1,1
1849,0,0
1850,1,1
1850,0,0
1851,1,1
1851,0,0
1852,0,1
1856,0,4
1857,1,1
1857,0,0
1858,1,1
1858,0,0
1859,0,1
1859,0,0
1860,0,1
1860,0,0
1864,0,4
1865,1,1
1865,0,0
1866,1,1
1866,0,0
1867,1,1
1867,0,0
1868,0,1
1868,0,0
1869,0,1
1870,1,1
1870,0,0
1871,1,1
1871,0,0
1872,1,1
1872,0,0
1873,1,1
1873,0,0
1874,1,1
1874,0,0
1875,1,1
1875,0,0
1876,0,1
1876,0,0
1877,0,1
1878,1,1
1878,0,0
1879,1,1
1879,0,0
1880,1,1
1880,0,0
1881,1,1
1881,0,0
1882,1,1
1882,0,0
1883,0,1
1883,0,0
1884,0,1
1885,1,1
1885,0,0
1886,1,1
1886,0,0
1887,1,1
1887,0,0
1888,1,1
1888,0,0
1889,0,1
1889,0,0
1890,0,1
1892,0,2
1896,0,4
1897,1,1
1897,0,0
1898,1,1
1898,0,0
1899,1,1
1899,0,0
1900,0,1
1900,0,0
1901,0,1
1901,0,0
1902,0,1
1903,1,1
1903,0,0
1904,1,1
1904,0,0
1905,1,1
1905,0,0
1906,1,1
1906,0,0
1907,1,1
1907,0,0
1908,0,1
1912,0,4
1913,1,1
1913,0,0
1915,1,2
1915,0,0
1916,0,1
1917,1,1
1917,0,0
1918,1,1
1918,0,0
1919,1,1
1919,0,0
1920,1,1
1920,0,0
1921,1,1
1922,1,1
1922,0,0
1923,1,1
1923,0,0
1924,1,1
1924,0,0
1927,2,3
1927,0,0
1928,1,1
1928,0,0
1929,0,1
1929,0,0
1930,0,1
1930,0,0
1931,0,1
1932,1,1
1932,0,0
1936,0,4
1937,1,1
1937,0,0
1938,0,1
1938,0,0
1939,0,1
1939,0,0
1940,0,1
1941,1,1
1941,0,0
1942,1,1
1942,0,0
1943,1,1
1943,0,0
1944,1,1
1944,0,0
1945,1,1
1945,0,0
1946,1,1
1946,0,0
1947,1,1
1947,0,0
1948,0,1
1948,0,0
1949,0,1
1950,1,1
1950,0,0
1951,0,1
1951,0,0
1952,0,1
1952,0,0
1953,0,1
1954,1,1
1954,0,0
1955,1,1
1955,0,0
1956,1,1
1956,0,0
1957,1,1
1957,0,0
1958,0,1
1958,0,0
1959,0,1
1960,1,1
1960,0,0
1961,1,1
1961,0,0
1962,1,1
1962,0,0
1963,1,1
1963,0,0
1964,0,1
1964,0,0
1965,0,1
1965,0,0
1966,0,1
1967,1,1
1968,0,1
1969,1,1
1969,0,0
1970,1,1
1970,0,0
1971,1,1
1971,0,0
1972,0,1
1972,0,0
1973,0,1
1974,1,1
1974,0,0
1975,1,1
1975,0,0
1976,1,1
1977,0,1
1978,1,1
1978,0,0
1979,1,1
1979,0,0
1980,1,1
1980,0,0
1981,0,1
1981,0,0
1982,0,1
1982,0,0
1983,0,1
1984,0,1
1985,1,1
1985,0,0
1986,1,1
1986,0,0
1987,1,1
1988,0,1
1989,1,1
1989,0,0
1990,1,1
1990,0,0
1991,1,1
1991,0,0
1992,1,1
1992,0,0
1993,0,1
1993,0,0
1996,0,3
1997,1,1
1997,0,0
1998,1,1
1998,0,0
1999,1,1
1999,0,0
2000,1,1
2000,0,0
2001,0,1
2001,0,0
2002,0,1
2003,1,1
2003,0,0
2004,1,1
2004,0,0
2005,1,1
2005,0,0
2006,1,1
2006,0,0
2007,0,1
2007,0,0
2008,0,1
2008,0,0
2009,0,1
2010,1,1
2010,0,0
2011,1,1
2011,0,0
2012,1,1
2012,0,0
2013,1,1
2013,0,0
2014,0,1
2016,0,2
2017,1,1
2017,0,0
2018,1,1
2018,0,0
2019,1,1
2019,0,0
2020,0,1
2021,1,1
2021,0,0
2022,1,1
2022,0,0
2023,1,1
2023,0,0
2024,1,1
2024,0,0
2025,0,1
2025,0,0
2026,0,1
2026,0,0
2027,0,1
2028,1,1
2028,0,0
2029,1,1
2029,0,0
2030,1,1
2030,0,0
2032,0,2
2033,1,1
2033,0,0
2034,1,1
2034,0,0
2035,0,1
2035,0,0
2036,0,1
2037,1,1
2037,0,0
2038,1,1
2038,0,0
2039,1,1
2039,0,0
2040,1,1
2040,0,0
2041,0,1
2041,0,0
2042,0,1
2044,0,2
2045,1,1
2045,0,0
2046,1,1
2046,0,0
2047,1,1
2047,0,0
2048,0,1
2048,0,0
2049,0,1
2050,1,1
2050,0,0
2051,1,1
2051,0,0
2052,1,1
2052,0,0
2053,0,1
2053,0,0
2054,0,1
2055,1,1
2055,0,0
2056,1,1
2056,0,0
2061,1,5
2061,0,0
2062,0,1
2063,1,1
2063,0,0
2064,1,1
2064,0,0
2065,1,1
2065,0,0
2066,1,1
2066,0,0
2067,0,1
2067,0,0
2068,0,1
2069,1,1
2069,0,0
2070,1,1
2070,0,0
2071,1,1
2071,0,0
2072,1,1
2072,0,0
2073,1,1
2073,0,0
2077,3,4
2080,0,3
2081,1,1
2082,1,1
2082,0,0
2083,1,1
2083,0,0
2084,1,1
2084,0,0
2085,1,1
2085,0,0
2086,0,1
2086,0,0
2087,0,1
2087,0,0
2088,0,1
2089,1,1
2089,0,0
2090,1,1
2092,0,2
2093,1,1
2093,0,0
2094,1,1
2094,0,0
2095,1,1
2095,0,0
2096,1,1
2096,0,0
2097,1,1
2097,0,0
2100,0,3
2101,1,1
2101,0,0
2102,1,1
2102,0,0
2103,1,1
2103,0,0
2104,0,1
2104,0,0
2105,0,1
2105,0,0
2106,0,1
2106,0,0
2107,0,1
2108,1,1
2108,0,0
2109,1,1
2109,0,0
2110,1,1
2110,0,0
2111,1,1
2112,0,1
2112,0,0
2113,0,1
2114,1,1
2114,0,0
2115,1,1
2115,0,0
2116,1,1
2116,0,0
2117,1,1
2117,0,0
2118,1,1
2120,0,2
2121,1,1
2124,0,3
2125,1,1
2125,0,0
2126,1,1
2126,0,0
2127,0,1
2127,0,0
2128,0,1
2128,0,0
2129,0,1
2130,1,1
2130,0,0
2131,1,1
2131,0,0
2132,1,1
2132,0,0
2133,1,1
2133,0,0
2134,1,1
2134,0,0
2135,1,1
2135,0,0
2136,0,1
2140,0,4
2141,1,1
2141,0,0
2142,0,1
2143,0,1
2144,1,1
2144,0,0
2145,1,1
2145,0,0
2146,1,1
2146,0,0
2147,1,1
2147,0,0
2148,1,1
2148,0,0
2149,0,1
2149,0,0
2150,0,1
2150,0,0
2151,0,1
2151,0,0
2152,0,1
2153,1,1
2156,0,3
2157,1,1
2157,0,0
2158,1,1
2158,0,0
2159,1,1
2159,0,0
2160,1,1
2160,0,0
2161,0,1
2161,0,0
2162,0,1
2163,1,1
2163,0,0
2164,1,1
2164,0,0
2165,1,1
2165,0,0
2166,1,1
2166,0,0
2167,1,1
2167,0,0
2168,1,1
2168,0,0
2169,0,1
2169,0,0
2170,0,1
2171,1,1
2171,0,0
2172,1,1
2172,0,0
2173,1,1
2173,0,0
2174,1,1
2176,0,2
2177,1,1
2177,0,0
2178,1,1
2178,0,0
2179,1,1
2179,0,0
2180,1,1
2180,0,0
2181,0,1
2181,0,0
2182,0,1
2182,0,0
2183,0,1
2183,0,0
2184,0,1
2188,0,4
2189,1,1
2189,0,0
2190,1,1
2190,0,0
2191,1,1
2191,0,0
2192,0,1
2192,0,0
2193,0,1
2193,0,0
2194,0,1
2194,0,0
2196,0,2
2196,0,0
2197,0,1
2198,1,1
2198,0,0
2199,1,1
2199,0,0
2200,1,1
2200,0,0
2201,1,1
2201,0,0
2202,1,1
2202,0,0
2203,0,1
2203,0,0
2204,0,1
2208,0,4
2209,1,1
2209,0,0
2210,1,1
2210,0,0
2211,1,1
2211,0,0
2212,1,1
2212,0,0
2213,0,1
2213,0,0
2214,0,1
2214,0,0
2215,0,1
2215,0,0
2216,0,1
2217,1,1
2217,0,0
2218,1,1
2218,0,0
2219,1,1
2219,0,0
2220,0,1
2220,0,0
2221,0,1
2222,1,1
2222,0,0
2223,1,1
2223,0,0
2224,0,1
2225,1,1
2225,0,0
2226,0,1
2226,0,0
2228,1,2
2228,0,0
2229,1,1
2229,0,0
2230,1,1
2230,0,0
2231,1,1
2231,0,0
2232,0,1
2232,0,0
2236,0,4
2237,1,1
2237,0,0
2238,1,1
2238,0,0
2239,1,1
2239,0,0
2240,1,1
2240,0,0
2241,1,1
2241,0,0
2242,0,1
2242,0,0
2243,0,1
2243,0,0
2244,0,1
2244,0,0
2248,0,4
2249,1,1
2249,0,0
2250,1,1
2250,0,0
2251,1,1
2251,0,0
2252,1,1
2252,0,0
2253,0,1
2253,0,0
2254,0,1
2254,0,0
2255,0,1
2255,0,0
2256,0,1
2256,0,0
2257,0,1
2258,1,1
2258,0,0
2259,1,1
2259,0,0
2260,1,1
2260,0,0
2261,1,1
2261,0,0
2262,0,1
2262,0,0
2263,0,1
2264,1,1
2264,0,0
2265,1,1
2265,0,0
2266,1,1
2268,0,2
2269,1,1
2269,0,0
2270,1,1
2270,0,0
2271,1,1
2271,0,0
2272,1,1
2272,0,0
2273,1,1
2273,0,0
2274,0,1
2274,0,0
2275,0,1
2275,0,0
2276,0,1
2277,1,1
2278,1,1
2278,0,0
2279,1,1
2279,0,0
2280,1,1
2280,0,0
2281,1,1
2281,0,0
2284,0,3
2285,1,1
2285,0,0
2286,1,1
2286,0,0
2287,1,1
2288,0,1
2288,0,0
2289,0,1
2290,1,1
2290,0,0
2291,1,1
2291,0,0
2292,1,1
2292,0,0
2293,1,1
2293,0,0
2294,1,1
2296,0,2
2297,1,1
2297,0,0
2298,1,1
2298,0,0
2299,1,1
2299,0,0
2300,1,1
2300,0,0
2301,0,1
2301,0,0
2302,0,1
2302,0,0
2303,0,1
2303,0,0
2304,0,1
2305,1,1
2305,0,0
2306,1,1
2308,0,2
2309,1,1
2309,0,0
2310,1,1
2310,0,0
2311,1,1
2311,0,0
2312,1,1
2312,0,0
2316,0,4
2317,1,1
2317,0,0
2318,1,1
2318,0,0
2319,1,1
2319,0,0
2320,1,1
2320,0,0
2321,1,1
2321,0,0
2322,0,1
2322,0,0
2323,0,1
2323,0,0
2324,0,1
2325,1,1
2325,0,0
2326,1,1
2326,0,0
2327,1,1
2327,0,0
2328,1,1
2332,0,4
2333,1,1
2333,0,0
2334,1,1
2334,0,0
2335,1,1
2335,0,0
2336,1,1
2336,0,0
2337,0,1
2337,0,0
2338,0,1
2338,0,0
2339,0,1
2340,1,1
2340,0,0
2341,1,1
2341,0,0
2342,1,1
2342,0,0
2343,1,1
2343,0,0
2344,1,1
2344,0,0
2345,0,1
2345,0,0
2346,0,1
2346,0,0
2347,0,1
2347,0,0
2348,0,1
2349,1,1
2352,0,3
2353,1,1
2353,0,0
2354,1,1
2354,0,0
2355,1,1
2355,0,0
2356,1,1
2356,0,0
2357,1,1
2357,0,0
2358,0,1
2358,0,0
2359,0,1
2359,0,0
2360,0,1
2360,0,0
2361,0,1
2362,1,1
2362,0,0
2363,1,1
2363,0,0
2364,1,1
2364,0,0
2365,1,1
2365,0,0
2366,1,1
2366,0,0
2367,0,1
2367,0,0
2368,0,1
2368,0,0
2369,0,1
2371,0,2
2372,1,1
2372,0,0
2373,0,1
2373,0,0
2374,0,1
2374,0,0
2375,0,1
2376,1,1
2376,0,0
2377,1,1
2377,0,0
2378,1,1
2378,0,0
2379,1,1
2379,0,0
2380,1,1
2380,0,0
2384,0,4
2385,1,1
2385,0,0
2386,1,1
2386,0,0
2387,1,1
2387,0,0
2388,0,1
2388,0,0
2389,0,1
2389,0,0
2392,0,3
2393,1,1
2393,0,0
2394,1,1
2394,0,0
2395,1,1
2395,0,0
2396,1,1
2396,0,0
2397,0,1
2397,0,0
2398,0,1
2398,0,0
2399,0,1
2399,0,0
2400,0,1
2401,1,1
2401,0,0
2402,1,1
2402,0,0
2403,1,1
2403,0,0
2404,1,1
2404,0,0
2405,1,1
2405,0,0
2406,0,1
2406,0,0
2407,0,1
2408,1,1
2408,0,0
2409,1,1
2409,0,0
2411,1,2
2411,0,0
2412,1,1
2412,0,0
2413,1,1
2413,0,0
2414,0,1
2414,0,0
2415,0,1
2416,0,1
2417,1,1
2417,0,0
2418,1,1
2418,0,0
2419,1,1
2420,0,1
2420,0,0
2421,0,1
2422,1,1
2422,0,0
2423,1,1
2423,0,0
2424,1,1
2424,0,0
2425,1,1
2425,0,0
2426,1,1
2426,0,0
2428,0,2
2429,1,1
2429,0,0
2430,1,1
2430,0,0
2431,1,1
2431,0,0
2432,1,1
2432,0,0
2433,1,1
2433,0,0
2434,1,1
2434,0,0
2435,0,1
2436,1,1
2437,1,1
2437,0,0
2438,0,1
2438,0,0
2439,0,1
2440,0,1
2440,0,0
2441,0,1
2442,1,1
2442,0,0
2443,1,1
2443,0,0
2444,1,1
2448,0,4
2449,1,1
2449,0,0
2450,0,1
2450,0,0
2451,0,1
2452,1,1
2452,0,0
2453,1,1
2453,0,0
2454,1,1
2454,0,0
2455,1,1
2455,0,0
2456,1,1
2456,0,0
2458,2,2
2458,0,0
2459,1,1
2459,0,0
2460,1,1
2460,0,0
2461,0,1
2461,0,0
2462,0,1
2462,0,0
2463,0,1
2464,1,1
2464,0,0
2465,1,1
2465,0,0
2466,1,1
2466,0,0
2467,1,1
2467,0,0
2468,0,1
2468,0,0
2469,0,1
2469,0,0
2471,1,2
2476,0,5
2477,1,1
2477,0,0
2478,1,1
2478,0,0
2480,1,2
2480,0,0
2481,0,1
2481,0,0
2482,0,1
2482,0,0
2483,0,1
2484,1,1
2484,0,0
2485,1,1
2485,0,0
2486,1,1
2486,0,0
2487,1,1
2487,0,0
2488,0,1
2488,0,0
2496,0,8
2497,0,1
2497,0,0
2498,0,1
2499,1,1
2499,0,0
2500,1,1
2500,0,0
2501,1,1
2501,0,0
2502,1,1
2502,0,0
2503,1,1
2503,0,0
2504,1,1
2504,0,0
2505,0,1
2505,0,0
2506,0,1
2506,0,0
2507,0,1
2508,1,1
2508,0,0
2509,1,1
2509,0,0
2510,1,1
2510,0,0
2511,0,1
2511,0,0
2512,0,1
2513,1,1
2513,0,0
2514,1,1
2514,0,0
2515,1,1
2515,0,0
2516,1,1
2516,0,0
2517,1,1
2517,0,0
2518,0,1
2518,0,0
2519,0,1
2519,0,0
2520,0,1
2521,1,1
2521,0,0
2522,1,1
2522,0,0
2524,0,2
2525,1,1
2525,0,0
2526,1,1
2526,0,0
2527,1,1
2527,0,0
2528,0,1
2529,1,1
2529,0,0
2530,1,1
2530,0,0
2531,1,1
2531,0,0
2532,1,1
2532,0,0
2533,1,1
2533,0,0
2536,0,3
2537,1,1
2537,0,0
2538,1,1
2540,0,2
2541,1,1
2541,0,0
2542,1,1
2542,0,0
2543,1,1
2543,0,0
2544,1,1
2544,0,0
2545,1,1
2545,0,0
2546,1,1
2546,0,0
2547,0,1
2547,0,0
2548,0,1
2548,0,0
2549,0,1
2549,0,0
2550,0,1
2551,1,1
2551,0,0
2552,1,1
2552,0,0
2553,1,1
2553,0,0
2554,1,1
2554,0,0
2555,0,1
2555,0,0
2561,1,6
2564,0,3
2565,1,1
2565,0,0
2566,1,1
2566,0,0
2567,0,1
2567,0,0
2568,0,1
2568,0,0
2569,0,1
2569,0,0
2570,0,1
2571,1,1
2571,0,0
2572,1,1
2572,0,0
2573,1,1
2573,0,0
2574,1,1
2574,0,0
2575,1,1
2575,0,0
2576,1,1
2576,0,0
2577,0,1
2577,0,0
2578,0,1
2578,0,0
2579,0,1
2580,1,1
2580,0,0
2581,1,1
2581,0,0
2582,1,1
2582,0,0
2583,1,1
2583,0,0
2584,0,1
2584,0,0
2585,0,1
2586,1,1
2588,0,2
2589,1,1
2589,0,0
2590,1,1
2590,0,0
2591,1,1
2591,0,0
2592,1,1
2592,0,0
2593,1,1
2593,0,0
2594,0,1
2594,0,0
2595,0,1
2595,0,0
2596,0,1
2597,1,1
2597,0,0
2598,1,1
2598,0,0
2599,1,1
2599,0,0
2600,1,1
2600,0,0
2601,1,1
2601,0,0
2604,0,3
2605,1,1
2605,0,0
2606,1,1
2606,0,0
2607,1,1
2607,0,0
2608,1,1
2612,0,4
2613,1,1
2613,0,0
2614,1,1
2614,0,0
2615,1,1
2615,0,0
2616,1,1
2616,0,0
2617,0,1
2617,0,0
2618,0,1
2618,0,0
2619,0,1
2619,0,0
2620,0,1
2620,0,0
2621,0,1
2622,1,1
2622,0,0
2623,1,1
2623,0,0
2624,1,1
2624,0,0
2625,1,1
2625,0,0
2626,1,1
2626,0,0
2627,1,1
2627,0,0
2628,0,1
2632,0,4
2633,0,1
2634,1,1
2634,0,0
2635,1,1
2635,0,0
2636,1,1
2636,0,0
2637,1,1
2637,0,0
2638,1,1
2638,0,0
2639,1,1
2639,0,0
2640,0,1
2640,0,0
2641,0,1
2641,0,0
2642,0,1
2643,1,1
2643,0,0
2644,1,1
2644,0,0
2645,1,1
2645,0,0
2646,1,1
2646,0,0
2647,0,1
2647,0,0
2648,0,1
2649,1,1
2649,0,0
2652,0,3
2653,1,1
2653,0,0
2654,1,1
2654,0,0
2655,1,1
2655,0,0
2656,1,1
2656,0,0
2657,0,1
2657,0,0
2658,0,1
2658,0,0
2659,0,1
2659,0,0
2660,0,1
2661,1,1
2661,0,0
2662,1,1
2663,0,1
2663,0,0
2664,0,1
2665,1,1
2665,0,0
2666,1,1
2666,0,0
2667,1,1
2667,0,0
2668,0,1
2668,0,0
2669,0,1
2670,1,1
2670,0,0
2671,1,1
2672,0,1
2672,0,0
2673,0,1
2674,1,1
2674,0,0
2675,1,1
2675,0,0
2676,1,1
2676,0,0
2679,1,3
2679,0,0
2680,1,1
2680,0,0
2684,0,4
2685,1,1
2685,0,0
2686,1,1
2686,0,0
2687,1,1
2687,0,0
2688,1,1
2688,0,0
2689,1,1
2689,0,0
2690,0,1
2690,0,0
2691,0,1
2691,0,0
2692,0,1
2692,0,0
2693,0,1
2693,0,0
2694,0,1
2695,1,1
2695,0,0
2696,1,1
2696,0,0
2697,1,1
2697,0,0
2698,1,1
2698,0,0
2699,1,1
2700,0,1
2701,1,1
2701,0,0
2702,1,1
2702,0,0
2703,1,1
2703,0,0
2704,1,1
2704,0,0
2705,0,1
2705,0,0
2708,0,3
2709,1,1
2709,0,0
2710,1,1
2710,0,0
2711,1,1
2711,0,0
2712,0,1
2712,0,0
2713,0,1
2714,1,1
2714,0,0
2715,1,1
2715,0,0
2716,0,1
2716,0,0
2717,0,1
2718,1,1
2718,0,0
2719,1,1
2720,0,1
2721,1,1
2721,0,0
2722,1,1
2722,0,0
2723,1,1
2723,0,0
2724,1,1
2724,0,0
2725,1,1
2725,0,0
2726,1,1
2726,0,0
2727,0,1
2727,0,0
2732,0,5
2733,1,1
2733,0,0
2734,0,1
2734,0,0
2735,0,1
2735,0,0
2736,0,1
2737,1,1
2737,0,0
2738,1,1
2738,0,0
2740,0,2
2741,1,1
2741,0,0
2742,1,1
2742,0,0
2743,1,1
2743,0,0
2744,1,1
2744,0,0
2745,0,1
2745,0,0
2746,0,1
2746,0,0
2747,0,1
2747,0,0
2748,0,1
2748,0,0
2749,0,1
2749,0,0
2750,0,1
2751,1,1
2751,0,0
2752,1,1
2756,0,4
2757,1,1
2757,0,0
2758,0,1
2758,0,0
2759,0,1
2759,0,0
2760,0,1
2761,1,1
2761,0,0
2762,1,1
2762,0,0
2763,1,1
2763,0,0
2764,1,1
2764,0,0
2765,1,1
2765,0,0
2766,1,1
2766,0,0
2767,1,1
2767,0,0
2768,0,1
2771,1,3
2771,0,0
2772,0,1
2773,1,1
2773,0,0
2774,1,1
2774,0,0
2775,1,1
2775,0,0
2776,1,1
2776,0,0
2777,1,1
2777,0,0
2778,1,1
2778,0,0
2779,1,1
2779,0,0
2780,0,1
2780,0,0
2781,0,1
2781,0,0
2782,0,1
2783,1,1
2783,0,0
2784,1,1
2784,0,0
2785,1,1
2785,0,0
2786,1,1
2786,0,0
2787,1,1
2787,0,0
2788,0,1
2788,0,0
2789,0,1
2789,0,0
2790,0,1
2791,1,1
2791,0,0
2792,1,1
2792,0,0
2793,1,1
2793,0,0
2794,1,1
2796,0,2
2797,1,1
2797,0,0
2798,1,1
2798,0,0
2799,1,1
2799,0,0
2800,0,1
2800,0,0
2801,0,1
2802,1,1
2802,0,0
2803,1,1
2803,0,0
2804,1,1
2804,0,0
2805,1,1
2805,0,0
2806,1,1
2806,0,0
2807,0,1
2807,0,0
2808,0,1
2809,1,1
2809,0,0
2810,1,1
2810,0,0
2811,1,1
2811,0,0
2812,0,1
2816,0,4
2817,1,1
2817,0,0
2818,1,1
2818,0,0
2819,1,1
2819,0,0
2820,1,1
2820,0,0
2821,0,1
2821,0,0
2822,0,1
2822,0,0
2823,0,1
2823,0,0
2824,0,1
2825,1,1
2825,0,0
2828,3,3
2843,11,15
2843,11,0
2844,12,1
2844,12,0
2844,12,0
2845,13,1
2845,13,0
2845,13,0
2845,13,0
2846,13,1
2846,13,0
2846,13,0
2847,14,1
2847,14,0
2847,14,0
2847,14,0
2847,14,0
2847,14,0
2847,14,0
2847,14,0
2847,13,0
2847,13,0
2847,13,0
2847,13,0
2847,13,0
2848,14,1
2848,14,0
2848,14,0
2848,14,0
2848,14,0
2848,14,0
2848,13,0
2849,14,1
2849,14,0
2849,14,0
2849,14,0
2849,14,0
2849,14,0
2849,14,0
2849,14,0
2849,14,0
2850,14,1
2850,14,0
2850,14,0
2850,14,0
2850,14,0
2850,14,0
2851,1,1
2852,1,1
2852,0,0
2853,1,1
2853,0,0
2854,1,1
2854,0,0
2855,1,1
2855,0,0
2856,1,1
2856,0,0
2857,1,1
2857,0,0
2858,1,1
2858,0,0
2859,1,1
2859,0,0
2860,1,1
2860,0,0
2861,1,1
2861,0,0
2862,1,1
2862,0,0
2863,1,1
2863,0,0
2864,0,1
2864,0,0
2865,0,1
2865,0,0
2866,0,1
2866,0,0
2867,1,1
2867,0,0
2868,1,1
2868,0,0
2869,1,1
2869,0,0
2870,1,1
2870,0,0
2871,1,1
2872,1,1
2872,1,0
2872,0,0
2873,1,1
2873,0,0
2873,0,0
2874,0,1
2875,1,1
2875,1,0
2875,0,0
2876,1,1
2876,0,0
2877,1,1
2877,1,0
2877,0,0
2878,1,1
2878,0,0
2878,0,0
2879,1,1
2880,1,1
2880,1,0
2882,0,2
2883,1,1
2883,0,0
2884,1,1
2884,0,0
2885,0,1
2885,0,0
2886,0,1
2887,1,1
2887,0,0
2888,1,1
2888,0,0
2889,1,1
2889,0,0
2890,1,1
2890,0,0
2891,1,1
2891,0,0
2892,1,1
2892,0,0
2893,1,1
2893,0,0
2894,1,1
2894,0,0
2895,1,1
2895,0,0
2896,1,1
2896,0,0
2897,1,1
2897,0,0
2898,1,1
2898,0,0
2899,1,1
2899,0,0
2900,0,1
2904,0,4
2905,0,1
2905,0,0
2906,0,1
2907,1,1
2907,0,0
2908,1,1
2908,0,0
2909,1,1
2909,0,0
2910,1,1
2910,0,0
2911,1,1
2911,0,0
2912,1,1
2912,0,0
2913,1,1
2913,0,0
2914,0,1
2914,0,0
2915,0,1
2920,5,5
2921,0,1
2921,0,0
2922,0,1
2923,1,1
2923,0,0
2924,0,1
2924,0,0
2926,0,2
2927,1,1
2927,0,0
2928,0,1
2928,0,0
2929,0,1
2930,1,1
2932,0,2
2933,1,1
2933,0,0
2934,1,1
2934,0,0
2935,1,1
2935,0,0
2936,0,1
2936,0,0
2937,0,1
2937,0,0
2938,0,1
2938,0,0
2939,0,1
2939,0,0
2940,0,1
2940,0,0
2941,0,1
2942,1,1
2942,0,0
2943,1,1
2943,0,0
2944,0,1
2945,1,1
2945,0,0
2948,0,3
2949,1,1
2949,0,0
2950,1,1
2950,0,0
2951,1,1
2951,0,0
2956,0,5
2957,1,1
2957,0,0
2958,0,1
2958,0,0
2959,0,1
2959,0,0
2960,0,1
2961,1,1
2962,0,1
2963,1,1
2963,0,0
2964,1,1
2964,0,0
2965,1,1
2965,0,0
2966,1,1
2966,0,0
2967,1,1
2967,0,0
2968,1,1
2968,0,0
2969,1,1
2969,0,0
2970,0,1
2970,0,0
2971,0,1
2971,0,0
2972,0,1
2972,0,0
2973,0,1
2976,0,3
2977,1,1
2977,0,0
2978,1,1
2978,0,0
2979,0,1
2979,0,0
2980,0,1
2980,0,0
2981,0,1
2981,0,0
2982,0,1
2983,1,1
2983,0,0
2984,1,1
2984,0,0
2985,1,1
2985,0,0
2986,1,1
2986,0,0
2987,1,1
2987,0,0
2988,1,1
2988,0,0
2989,0,1
2989,0,0
2990,0,1
2990,0,0
2991,0,1
2991,0,0
2992,0,1
2993,1,1
2993,0,0
2994,1,1
2994,0,0
2995,1,1
2995,0,0
2996,1,1
2996,0,0
2997,1,1
2997,0,0
2998,1,1
3000,0,2
3001,1,1
3001,0,0
3003,0,2
3004,0,1
3004,0,0
3005,0,1
3005,0,0
3006,0,1
3007,1,1
3007,0,0
3008,1,1
3008,0,0
3009,1,1
3009,0,0
3010,1,1
3010,0,0
3011,1,1
3011,0,0
3012,1,1
3012,0,0
3013,0,1
3013,0,0
3014,0,1
3014,0,0
3015,0,1
3016,1,1
3016,0,0
3017,1,1
3017,0,0
3020,0,3
3022,1,2
3022,0,0
3023,1,1
3023,0,0
3024,0,1
3024,0,0
3025,0,1
3026,1,1
3026,0,0
3027,1,1
3027,0,0
3028,1,1
3032,0,4
3033,0,1
3034,1,1
3034,0,0
3035,1,1
3035,0,0
3036,1,1
3036,0,0
3037,1,1
3037,0,0
3038,1,1
3038,0,0
3039,1,1
3039,0,0
3040,0,1
3040,0,0
3041,0,1
3041,0,0
3042,0,1
3042,0,0
3043,0,1
3044,1,1
3044,0,0
3045,1,1
3045,0,0
3048,0,3
3049,1,1
3049,0,0
3050,1,1
3050,0,0
3051,1,1
3051,0,0
3052,0,1
3052,0,0
3053,0,1
3053,0,0
3054,0,1
3054,0,0
3055,0,1
3055,0,0
3056,0,1
3057,1,1
3057,0,0
3058,1,1
3058,0,0
3059,1,1
3059,0,0
3060,1,1
3060,0,0
3062,2,2
3062,0,0
3063,1,1
3063,0,0
3064,1,1
3064,0,0
3065,1,1
3065,0,0
3066,1,1
3066,0,0
3067,0,1
3067,0,0
3068,0,1
3068,0,0
3069,0,1
3069,0,0
3070,0,1
3070,0,0
3071,0,1
3072,0,1
3073,0,1
3074,1,1
3074,0,0
3075,1,1
3075,0,0
3076,0,1
3076,0,0
3080,0,4
3081,1,1
3081,0,0
3082,0,1
3083,1,1
3083,0,0
3084,1,1
3084,0,0
3085,1,1
3085,0,0
3086,0,1
3086,0,0
3087,0,1
3087,0,0
3088,0,1
3088,0,0
3089,0,1
3089,0,0
3090,0,1
3091,1,1
3091,0,0
3092,1,1
3092,0,0
3093,1,1
3093,0,0
3094,1,1
3094,0,0
3095,1,1
3095,0,0
3096,0,1
3096,0,0
3097,0,1
3097,0,0
3098,0,1
3098,0,0
3099,0,1
3100,1,1
3100,0,0
3101,1,1
3101,0,0
3102,1,1
3102,0,0
3103,1,1
3103,0,0
3104,1,1
3104,0,0
3105,1,1
3105,0,0
3106,0,1
3106,0,0
3107,0,1
3107,0,0
3108,0,1
3108,0,0
3109,0,1
3109,0,0
3110,0,1
3112,0,2
3113,1,1
3113,0,0
3114,1,1
3114,0,0
3115,1,1
3115,0,0
3116,0,1
3116,0,0
3117,0,1
3117,0,0
3118,0,1
3119,1,1
3119,0,0
3120,1,1
3120,0,0
3121,1,1
3121,0,0
3122,1,1
3122,0,0
3123,1,1
3123,0,0
3124,1,1
3124,0,0
3125,0,1
3125,0,0
3126,1,1
3126,0,0
3127,0,1
3128,0,1
3129,1,1
3129,0,0
3130,1,1
3130,0,0
3131,1,1
3131,0,0
3132,1,1
3132,0,0
3133,1,1
3133,0,0
3136,0,3
3137,1,1
3137,0,0
3138,1,1
3138,0,0
3139,0,1
3139,0,0
3140,0,1
3141,1,1
3141,0,0
3142,1,1
3142,0,0
3143,1,1
3143,0,0
3144,1,1
3144,0,0
3145,1,1
3145,0,0
3146,0,1
3146,0,0
3147,0,1
3147,0,0
3148,0,1
3148,0,0
3149,0,1
3150,1,1
3150,0,0
3151,1,1
3151,0,0
3152,1,1
3152,0,0
3153,1,1
3153,0,0
3154,1,1
3154,0,0
3155,1,1
3155,0,0
3156,1,1
3156,0,0
3157,1,1
3160,0,3
3161,1,1
3161,0,0
3162,0,1
3162,0,0
3163,0,1
3164,1,1
3164,0,0
3165,1,1
3165,0,0
3166,1,1
3166,0,0
3167,1,1
3167,0,0
3168,1,1
3168,0,0
3169,1,1
3169,0,0
3170,0,1
3170,0,0
3171,0,1
3171,0,0
3172,0,1
3173,1,1
3173,0,0
3174,1,1
3174,0,0
3175,1,1
3175,0,0
3176,1,1
3176,0,0
3177,1,1
3177,0,0
3178,0,1
3178,0,0
3179,0,1
3179,0,0
3180,0,1
3181,1,1
3181,0,0
3182,1,1
3182,0,0
3183,1,1
3183,0,0
3184,1,1
3184,0,0
3185,1,1
3185,0,0
3186,1,1
3186,0,0
3187,1,1
3187,0,0
3188,0,1
3189,1,1
3189,0,0
3190,1,1
3190,0,0
3191,1,1
3191,0,0
3192,0,1
3193,1,1
3193,0,0
3194,1,1
3194,0,0
3195,1,1
3195,0,0
3196,0,1
3196,0,0
3197,0,1
3200,0,3
3201,1,1
3201,0,0
3202,1,1
3202,0,0
3203,1,1
3203,0,0
3204,1,1
3204,0,0
3205,0,1
3205,0,0
3206,0,1
3206,0,0
3207,0,1
3208,1,1
3208,0,0
3209,1,1
3209,0,0
3210,1,1
3210,0,0
3211,1,1
3211,0,0
3212,1,1
3212,0,0
3213,0,1
3213,0,0
3214,0,1
3214,0,0
3215,0,1
3215,0,0
3216,0,1
3217,1,1
3217,0,0
3218,1,1
3218,0,0
3219,1,1
3219,0,0
3220,1,1
3220,0,0
3221,1,1
3221,0,0
3222,1,1
3222,0,0
3223,1,1
3223,0,0
3224,1,1
3224,0,0
3225,0,1
3225,0,0
3228,0,3
3229,1,1
3229,0,0
3230,1,1
3230,0,0
3231,0,1
3232,1,1
3232,0,0
3233,1,1
3233,0,0
3234,1,1
3234,0,0
3235,1,1
3235,0,0
3236,1,1
3236,0,0
3237,0,1
3237,0,0
3238,0,1
3238,0,0
3239,0,1
3240,1,1
3240,0,0
3241,1,1
3241,0,0
3242,1,1
3242,0,0
3248,0,6
3249,0,1
3250,1,1
3250,0,0
3251,1,1
3251,0,0
3252,1,1
3252,0,0
3256,0,4
3257,0,1
3258,1,1
3258,0,0
3259,1,1
3259,0,0
3260,1,1
3260,0,0
3261,1,1
3261,0,0
3262,1,1
3264,0,2
3265,1,1
3265,0,0
3266,0,1
3267,1,1
3267,0,0
3268,0,1
3269,1,1
3269,0,0
3270,0,1
3271,1,1
3272,1,1
3272,0,0
3273,1,1
3274,1,1
3274,0,0
3275,1,1
3276,1,1
3276,0,0
3277,1,1
3277,0,0
3278,1,1
3278,0,0
3279,0,1
3279,0,0
3280,0,1
3284,1,4
3284,0,0
3286,0,2
3287,1,1
3287,0,0
3288,1,1
3288,0,0
3289,1,1
3289,0,0
3290,1,1
3290,0,0
3291,0,1
3291,0,0
3292,0,1
3296,0,4
3297,0,1
3297,0,0
3298,0,1
3298,0,0
3299,0,1
3300,1,1
3300,0,0
3301,1,1
3301,0,0
3302,1,1
3302,0,0
3303,1,1
3303,0,0
3304,1,1
3304,0,0
3305,1,1
3305,0,0
3306,1,1
3306,0,0
3307,0,1
3307,0,0
3308,0,1
3308,0,0
3309,0,1
3310,1,1
3310,0,0
3311,1,1
3311,0,0
3312,1,1
3312,0,0
3313,1,1
3313,0,0
3314,1,1
3314,0,0
3315,1,1
3315,0,0
3316,0,1
3316,0,0
3320,0,4
3321,1,1
3321,0,0
3322,0,1
3322,0,0
3323,0,1
3324,1,1
3324,0,0
3325,1,1
3325,0,0
3326,1,1
3326,0,0
3327,1,1
3327,0,0
3328,1,1
3328,0,0
3329,1,1
3329,0,0
3330,0,1
3330,0,0
3331,0,1
3331,0,0
3334,1,3
3334,0,0
3335,1,1
3335,0,0
3336,0,1
3336,0,0
3337,0,1
3337,0,0
3338,0,1
3338,0,0
3339,0,1
3340,1,1
3340,0,0
3341,1,1
3341,0,0
3342,1,1
3342,0,0
3343,1,1
3343,0,0
3344,1,1
3344,0,0
3345,0,1
3345,0,0
3346,0,1
3346,0,0
3347,0,1
3348,1,1
3349,1,1
3352,0,3
3353,0,1
3353,0,0
3354,0,1
3356,0,2
3357,1,1
3357,0,0
3358,1,1
3358,0,0
3359,1,1
3359,0,0
3360,1,1
3360,0,0
3361,1,1
3361,0,0
3362,0,1
3362,0,0
3363,0,1
3363,0,0
3364,0,1
3364,0,0
3365,0,1
3366,0,1
3367,0,1
3367,0,0
3368,0,1
3368,0,0
3369,0,1
3372,0,3
3373,1,1
3373,0,0
3374,1,1
3374,0,0
3375,1,1
3376,1,1
3376,0,0
3377,1,1
3378,1,1
3378,0,0
3379,1,1
3380,1,1
3380,0,0
3381,1,1
3382,1,1
3382,0,0
3383,1,1
3384,1,1
3384,0,0
3388,0,4
3389,1,1
3389,0,0
3390,1,1
3390,0,0
3391,1,1
3391,0,0
3392,0,1
3392,0,0
3393,0,1
3393,0,0
3394,0,1
3395,1,1
3395,0,0
3396,1,1
3396,0,0
3397,1,1
3397,0,0
3398,1,1
3398,0,0
3399,1,1
3399,0,0
3400,0,1
3400,0,0
3404,0,4
3405,1,1
3405,0,0
3406,1,1
3406,0,0
3407,0,1
3407,0,0
3408,0,1
3409,1,1
3409,0,0
3410,1,1
3410,0,0
3411,1,1
3411,0,0
3412,1,1
3412,0,0
3413,0,1
3413,0,0
3414,0,1
3415,1,1
3415,0,0
3416,1,1
3416,0,0
3417,1,1
3417,0,0
3418,1,1
3418,0,0
3419,0,1
3419,0,0
3420,0,1
3421,1,1
3421,0,0
3422,1,1
3422,0,0
3423,1,1
3423,0,0
3424,1,1
3424,0,0
3425,1,1
3428,0,3
3429,1,1
3429,0,0
3430,1,1
3430,0,0
3431,1,1
3432,1,1
3432,0,0
3433,1,1
3433,0,0
3434,1,1
3434,0,0
3435,0,1
3435,0,0
3436,0,1
3440,0,4
3441,1,1
3441,0,0
3442,1,1
3442,0,0
3443,1,1
3443,0,0
3444,1,1
3444,0,0
3445,0,1
3445,0,0
3446,0,1
3446,0,0
3447,0,1
3447,0,0
3448,0,1
3449,1,1
3449,0,0
3450,1,1
3450,0,0
3451,1,1
3451,0,0
3452,1,1
3452,0,0
3453,1,1
3453,0,0
3454,0,1
3454,0,0
3455,0,1
3455,0,0
3456,0,1
3460,0,4
3461,1,1
3461,0,0
3462,1,1
3462,0,0
3463,0,1
3463,0,0
3464,0,1
3464,0,0
3465,0,1
3466,1,1
3466,0,0
3467,1,1
3467,0,0
3468,1,1
3468,0,0
3469,1,1
3469,0,0
3470,1,1
3470,0,0
3471,1,1
3471,0,0
3472,1,1
3472,0,0
3473,0,1
3473,0,0
3474,0,1
3475,1,1
3475,0,0
3477,1,2
3477,0,0
3478,1,1
3480,0,2
3481,1,1
3481,0,0
3482,1,1
3482,0,0
3483,1,1
3483,0,0
3484,1,1
3484,0,0
3485,0,1
3485,0,0
3486,0,1
3486,0,0
3487,0,1
3487,0,0
3488,0,1
3489,1,1
3489,0,0
3490,1,1
3490,0,0
3491,1,1
3491,0,0
3492,1,1
3492,0,0
3493,1,1
3493,0,0
3494,1,1
3494,0,0
3495,1,1
3496,0,1
3497,0,1
3497,0,0
3498,0,1
3499,1,1
3499,0,0
3500,1,1
3500,0,0
3501,1,1
3501,0,0
3502,1,1
3508,0,6
3509,0,1
3510,1,1
3510,0,0
3511,1,1
3511,0,0
3512,1,1
3512,0,0
3513,0,1
3513,0,0
3514,0,1
3514,0,0
3515,0,1
3515,0,0
3516,0,1
3516,0,0
3517,0,1
3518,1,1
3518,0,0
3519,1,1
3519,0,0
3520,1,1
3520,0,0
3521,1,1
3521,0,0
3522,1,1
3522,0,0
3523,1,1
3523,0,0
3524,0,1
3528,0,4
3529,1,1
3529,0,0
3530,0,1
3530,0,0
3531,0,1
3532,1,1
3532,0,0
3533,1,1
3533,0,0
3534,0,1
3534,0,0
3535,0,1
3536,1,1
3536,0,0
3537,1,1
3537,0,0
3538,1,1
3538,0,0
3539,1,1
3539,0,0
3540,1,1
3540,0,0
3541,1,1
3541,0,0
3542,1,1
3542,0,0
3543,0,1
3543,0,0
3544,0,1
3544,0,0
3545,0,1
3545,0,0
3546,0,1
3547,1,1
3547,0,0
3548,1,1
3548,0,0
3549,1,1
3549,0,0
3550,1,1
3550,0,0
3551,1,1
3551,0,0
3552,0,1
3552,0,0
3556,0,4
3557,1,1
3557,0,0
3558,1,1
3558,0,0
3559,1,1
3559,0,0
3560,0,1
3560,0,0
3561,0,1
3561,0,0
3562,0,1
3562,0,0
3563,0,1
3564,1,1
3564,0,0
3565,1,1
3565,0,0
3566,1,1
3568,0,2
3569,1,1
3569,0,0
3570,1,1
3570,0,0
3571,1,1
3571,0,0
3572,1,1
3572,0,0
3573,0,1
3573,0,0
3574,0,1
3574,0,0
3575,0,1
3575,0,0
3576,0,1
3577,1,1
3577,0,0
3578,1,1
3578,0,0
3579,1,1
3580,1,1
3580,0,0
3581,1,1
3581,0,0
3582,1,1
3582,0,0
3583,0,1
3583,0,0
3584,0,1
3585,1,1
3585,0,0
3586,1,1
3588,0,2
3592,0,4
3593,1,1
3593,0,0
3594,0,1
3594,0,0
3595,0,1
3595,0,0
3596,0,1
3597,1,1
3597,0,0
3598,1,1
3598,0,0
3599,1,1
3599,0,0
3600,1,1
3600,0,0
3601,1,1
3601,0,0
3602,0,1
3602,0,0
3603,0,1
3604,1,1
3604,0,0
3605,1,1
3605,0,0
3606,1,1
3606,0,0
3607,1,1
3607,0,0
3608,1,1
3608,0,0
3612,0,4
3613,1,1
3613,0,0
3614,0,1
3614,0,0
3615,0,1
3616,1,1
3616,0,0
3617,1,1
3617,0,0
3618,1,1
3618,0,0
3619,1,1
3619,0,0
3620,1,1
3620,0,0
3621,0,1
3621,0,0
3622,0,1
3622,0,0
3623,0,1
3624,1,1
3624,0,0
3625,1,1
3625,0,0
3628,0,3
3629,1,1
3629,0,0
3630,1,1
3630,0,0
3631,0,1
3631,0,0
3632,0,1
3633,1,1
3633,0,0
3634,1,1
3635,1,1
3635,0,0
3636,1,1
3636,0,0
3637,1,1
3637,0,0
3638,1,1
3638,0,0
3639,1,1
3639,0,0
3640,1,1
3640,0,0
3641,0,1
3641,0,0
3642,0,1
3643,1,1
3643,0,0
3644,1,1
3644,0,0
3645,1,1
3645,0,0
3648,0,3
3649,1,1
3649,0,0
3650,1,1
3650,0,0
3651,0,1
3651,0,0
3656,0,5
3657,1,1
3657,0,0
3658,0,1
3658,0,0
3659,0,1
3660,1,1
3660,0,0
3661,1,1
3661,0,0
3662,1,1
3662,0,0
3663,1,1
3663,0,0
3664,1,1
3664,0,0
3665,0,1
3665,0,0
3666,0,1
3666,0,0
3667,0,1
3668,1,1
3668,0,0
3669,1,1
3669,0,0
3670,1,1
3670,0,0
3671,1,1
3671,0,0
3672,0,1
3672,0,0
3673,0,1
3675,0,2
3676,1,1
3676,0,0
3677,1,1
3677,0,0
3678,0,1
3678,0,0
3679,0,1
3680,1,1
3680,0,0
3681,1,1
3681,0,0
3682,1,1
3682,0,0
3683,0,1
3684,1,1
3684,0,0
3685,1,1
3685,0,0
3686,1,1
3686,0,0
3687,1,1
3688,1,1
3688,0,0
3689,1,1
3690,1,1
3690,0,0
3691,1,1
3692,0,1
3693,1,1
3693,0,0
3694,1,1
3694,0,0
3695,1,1
3695,0,0
3696,1,1
3696,0,0
3697,1,1
3700,0,3
3701,1,1
3701,0,0
3704,0,3
3705,1,1
3705,0,0
3706,1,1
3706,0,0
3707,1,1
3707,0,0
3708,1,1
3708,0,0
3709,0,1
3709,0,0
3710,0,1
3710,0,0
3711,0,1
3711,0,0
3712,0,1
3713,1,1
3713,0,0
3714,1,1
3714,0,0
3715,1,1
3715,0,0
3716,1,1
3716,0,0
3717,1,1
3717,0,0
3718,1,1
3718,0,0
3719,1,1
3719,0,0
3720,0,1
3720,0,0
3721,0,1
3721,0,0
3722,0,1
3723,1,1
3723,0,0
3724,1,1
3724,0,0
3725,1,1
3725,0,0
3726,1,1
3726,0,0
3728,0,2
3729,1,1
3729,0,0
3732,0,3
3733,1,1
3733,0,0
3734,1,1
3734,0,0
3735,1,1
3735,0,0
3736,0,1
3736,0,0
3737,0,1
3737,0,0
3738,0,1
3738,0,0
3739,0,1
3739,0,0
3740,0,1
3741,1,1
3744,0,3
3745,1,1
3745,0,0
3746,0,1
3746,0,0
3747,0,1
3747,0,0
3748,0,1
3749,1,1
3749,0,0
3750,1,1
3750,0,0
3751,1,1
3751,0,0
3752,1,1
3752,0,0
3753,1,1
3753,0,0
3754,1,1
3754,0,0
3755,1,1
3755,0,0
3756,0,1
3756,0,0
3757,0,1
3758,1,1
3760,0,2
3761,1,1
3761,0,0
3762,0,1
3763,1,1
3763,0,0
3764,1,1
3764,0,0
3765,1,1
3765,0,0
3766,1,1
3766,0,0
3767,1,1
3767,0,0
3768,1,1
3768,0,0
3769,0,1
3769,0,0
3770,0,1
3771,1,1
3771,0,0
3772,1,1
3772,0,0
3773,0,1
3774,1,1
3774,0,0
3775,1,1
3776,0,1
3777,1,1
3777,0,0
3780,0,3
3781,1,1
3781,0,0
3782,1,1
3782,0,0
3784,0,2
3785,1,1
3785,0,0
3786,1,1
3786,0,0
3787,1,1
3787,0,0
3788,1,1
3788,0,0
3789,1,1
3789,0,0
3790,0,1
3790,0,0
3791,0,1
3791,0,0
3792,0,1
3793,1,1
3793,0,0
3794,1,1
3794,0,0
3795,1,1
3796,0,1
3797,1,1
3797,0,0
3798,1,1
3798,0,0
3799,1,1
3799,0,0
3800,1,1
3800,0,0
3801,1,1
3801,0,0
3802,0,1
3802,0,0
3803,0,1
3803,0,0
3808,0,5
3809,0,1
3812,0,3
3813,1,1
3813,0,0
3814,1,1
3814,0,0
3815,1,1
3815,0,0
3816,0,1
3816,0,0
3817,0,1
3817,0,0
3818,0,1
3818,0,0
3819,0,1
3820,1,1
3820,0,0
3821,1,1
3821,0,0
3822,1,1
3822,0,0
3823,1,1
3823,0,0
3824,1,1
3824,0,0
3825,1,1
3825,0,0
3826,0,1
3826,0,0
3827,0,1
3827,0,0
3828,0,1
3828,0,0
3829,0,1
3830,1,1
3830,0,0
3831,1,1
3831,0,0
3832,1,1
3832,0,0
3833,1,1
3833,0,0
3834,1,1
3834,0,0
3835,1,1
3835,0,0
3836,1,1
3836,0,0
3840,0,4
3841,1,1
3841,0,0
3842,1,1
3842,0,0
3843,1,1
3843,0,0
3844,1,1
3844,0,0
3845,0,1
3845,0,0
3846,0,1
3846,0,0
3847,0,1
3847,0,0
3848,0,1
3848,0,0
3849,0,1
3850,1,1
3850,0,0
3851,1,1
3851,0,0
3852,1,1
3852,0,0
3853,1,1
3856,0,3
3857,1,1
3857,0,0
3858,1,1
3858,0,0
3859,1,1
3859,0,0
3860,0,1
3860,0,0
3861,0,1
3861,0,0
3862,0,1
3862,0,0
3863,0,1
3863,0,0
3864,0,1
3864,0,0
3865,0,1
3865,0,0
3866,0,1
3867,1,1
3867,0,0
3868,1,1
3868,0,0
3869,1,1
3869,0,0
3870,1,1
3870,0,0
3871,1,1
3871,0,0
3872,1,1
3872,0,0
3873,1,1
3876,1,3
3876,0,0
3877,0,1
3877,0,0
3878,0,1
3879,1,1
3879,0,0
3880,1,1
3880,0,0
3881,1,1
3881,0,0
3882,1,1
3882,0,0
3883,1,1
3883,0,0
3884,1,1
3884,0,0
3885,1,1
3888,0,3
3889,1,1
3889,0,0
3890,1,1
3890,0,0
3891,1,1
3891,0,0
3892,1,1
3892,0,0
3893,1,1
3893,0,0
3894,1,1
3894,0,0
3895,1,1
3895,0,0
3896,1,1
3896,0,0
3897,1,1
3897,0,0
3898,1,1
3898,0,0
3899,0,1
3899,0,0
3900,0,1
3900,0,0
3901,0,1
3901,0,0
3902,0,1
3904,0,2
3905,1,1
3905,0,0
3906,1,1
3906,0,0
3907,1,1
3907,0,0
3908,1,1
3908,0,0
3909,1,1
3909,0,0
3910,0,1
3910,0,0
3911,0,1
3911,0,0
3912,0,1
3912,0,0
3913,0,1
3913,0,0
3914,0,1
3915,1,1
3915,0,0
3916,1,1
3916,0,0
3920,0,4
3924,0,4
3926,2,2
3926,0,0
3927,1,1
3927,0,0
3928,0,1
3928,0,0
3929,0,1
3929,0,0
3930,0,1
3931,1,1
3931,0,0
3932,1,1
3932,0,0
3933,1,1
3933,0,0
3934,1,1
3934,0,0
3935,1,1
3935,0,0
3936,1,1
3936,0,0
3937,1,1
3937,0,0
3938,0,1
3938,0,0
3939,0,1
3939,0,0
3940,0,1
3940,0,0
3941,0,1
3942,1,1
3942,0,0
3942,0,0
3943,0,1
3943,0,0
3944,0,1
3944,0,0
3945,0,1
3945,0,0
3946,0,1
3946,0,0
3947,0,1
3947,0,0
3948,0,1
3948,0,0
3949,1,1
3949,0,0
3950,1,1
3950,0,0
3951,1,1
3951,0,0
3952,1,1
3952,0,0
3953,1,1
3953,0,0
3954,1,1
3954,0,0
3955,1,1
3959,1,4
3959,0,0
3962,2,3
3962,0,0
3963,1,1
3963,0,0
3964,1,1
3964,0,0
3965,0,1
3965,0,0
3966,0,1
3968,0,2
3969,1,1
3969,0,0
3970,1,1
3970,0,0
3971,1,1
3971,0,0
3972,1,1
3972,0,0
3973,0,1
3973,0,0
3974,0,1
3974,0,0
3975,0,1
3975,0,0
3976,0,1
3977,1,1
3977,0,0
3978,1,1
3978,0,0
3979,1,1
3979,0,0
3980,1,1
3980,0,0
3981,1,1
3981,0,0
3982,1,1
3982,0,0
3984,2,2
3986,2,2
3986,1,0
3986,0,0
3987,1,1
3987,0,0
3988,0,1
3989,1,1
3989,0,0
3990,1,1
3992,0,2
3993,1,1
3993,0,0
3994,1,1
3994,0,0
3995,0,1
3995,0,0
3996,0,1
3996,0,0
3997,0,1
3998,1,1
4000,0,2
4001,1,1
4001,0,0
4002,1,1
4003,1,1
4003,0,0
4004,0,1
4005,1,1
4005,0,0
4006,1,1
4006,0,0
4007,1,1
4007,0,0
4008,1,1
4008,0,0
4009,1,1
4009,0,0
4010,1,1
4010,0,0
4011,1,1
4011,0,0
4012,1,1
4012,0,0
4013,1,1
4013,0,0
4014,1,1
4016,0,2
4017,1,1
4017,0,0
4018,1,1
4018,0,0
4019,1,1
4019,0,0
4020,1,1
4020,0,0
4024,0,4
4025,1,1
4025,0,0
4026,1,1
4026,0,0
4027,1,1
4027,0,0
4028,1,1
4028,0,0
4029,1,1
4029,0,0
4030,0,1
4030,0,0
4031,0,1
4031,0,0
4032,0,1
4032,0,0
4033,0,1
4034,1,1
4034,0,0
4035,1,1
4035,0,0
4036,1,1
4036,0,0
4040,0,4
4041,1,1
4041,0,0
4042,1,1
4042,0,0
4043,1,1
4043,0,0
4044,1,1
4044,0,0
4045,0,1
4045,0,0
4046,0,1
4046,0,0
4047,0,1
4047,0,0
4048,0,1
4048,0,0
4049,0,1
4050,1,1
4050,0,0
4051,1,1
4051,0,0
4052,1,1
4052,0,0
4053,1,1
4053,0,0
4054,1,1
4054,0,0
4055,1,1
4055,0,0
4056,1,1
4056,0,0
4057,1,1
4057,0,0
4058,0,1
4058,0,0
4059,0,1
4059,0,0
4060,0,1
4060,0,0
4063,0,3
4064,1,1
4064,0,0
4065,1,1
4065,0,0
4066,1,1
4066,0,0
4067,1,1
4067,0,0
4068,1,1
4068,0,0
4069,1,1
4069,0,0
4070,1,1
4070,0,0
4071,1,1
4071,0,0
4072,1,1
4072,0,0
4073,1,1
4073,0,0
4074,1,1
4076,0,2
4080,0,4
4081,1,1
4081,0,0
4082,1,1
4082,0,0
4083,1,1
4083,0,0
4084,0,1
4084,0,0
4085,0,1
4085,0,0
4086,0,1
4086,0,0
4087,0,1
4087,0,0
4088,0,1
4089,1,1
4089,0,0
4090,1,1
4090,0,0
4091,1,1
4091,0,0
4092,1,1
4092,0,0
4093,1,1
4093,0,0
4094,1,1
4094,0,0
4095,1,1
4095,0,0
4096,1,1
4100,0,4
4101,1,1
4101,0,0
4102,1,1
4102,0,0
4103,0,1
4103,0,0
4104,0,1
4104,0,0
4105,0,1
4105,0,0
4106,0,1
4106,0,0
4107,0,1
4107,0,0
4108,0,1
4108,0,0
4109,0,1
4110,1,1
4110,0,0
4111,1,1
4111,0,0
4112,1,1
4112,0,0
4113,1,1
4113,0,0
4114,1,1
4114,0,0
4115,1,1
4115,0,0
4116,0,1
4116,0,0
4120,0,4
4121,1,1
4121,0,0
4122,1,1
4122,0,0
4123,1,1
4123,0,0
4124,1,1
4124,0,0
4125,1,1
4125,0,0
4126,1,1
4126,0,0
4127,1,1
4127,0,0
4128,1,1
4128,0,0
4129,1,1
4129,0,0
4130,1,1
4130,0,0
4131,0,1
4131,0,0
4132,0,1
4132,0,0
4133,0,1
4134,1,1
4134,0,0
4135,1,1
4135,0,0
4136,1,1
4136,0,0
4137,1,1
4137,0,0
4138,1,1
4138,0,0
4139,1,1
4139,0,0
4140,1,1
4144,0,4
4145,1,1
4145,0,0
4146,1,1
4146,0,0
4147,1,1
4147,0,0
4148,1,1
4148,0,0
4149,1,1
4149,0,0
4150,1,1
4150,0,0
4151,1,1
4151,0,0
4152,0,1
4152,0,0
4153,0,1
4154,1,1
4156,0,2
4156,0,0
4157,0,1
4158,1,1
4158,0,0
4159,1,1
4159,0,0
4160,1,1
4160,0,0
4161,1,1
4161,0,0
4162,1,1
4162,0,0
4163,1,1
4163,0,0
4164,1,1
4164,0,0
4165,1,1
4165,0,0
4166,1,1
4166,0,0
4167,1,1
4167,0,0
4168,0,1
4168,0,0
4169,0,1
4169,0,0
4170,0,1
4170,0,0
4171,0,1
4171,0,0
4172,0,1
4173,1,1
4173,0,0
4174,1,1
4174,0,0
4175,1,1
4175,0,0
4176,0,1
4176,0,0
4177,0,1
4177,0,0
4178,0,1
4179,1,1
4180,0,1
4181,1,1
4181,0,0
4182,1,1
4182,0,0
4183,1,1
4183,0,0
4184,1,1
4186,1,2
4186,0,0
4187,1,1
4187,0,0
4188,1,1
4188,0,0
4189,0,1
4189,0,0
4190,0,1
4192,0,2
4193,1,1
4193,0,0
4194,1,1
4194,0,0
4195,1,1
4195,0,0
4196,1,1
4196,0,0
4197,1,1
4197,0,0
4198,1,1
4198,0,0
4199,1,1
4199,0,0
4200,1,1
4200,0,0
4204,0,4
4205,0,1
4205,0,0
4206,0,1
4207,1,1
4207,0,0
4208,1,1
4208,0,0
4209,1,1
4209,0,0
4212,0,3
4213,1,1
4213,0,0
4214,1,1
4214,0,0
4215,1,1
4215,0,0
4216,1,1
4216,0,0
4217,1,1
4217,0,0
4218,1,1
4218,0,0
4219,1,1
4219,0,0
4220,0,1
4221,1,1
4221,0,0
4222,1,1
4222,0,0
4223,1,1
4223,0,0
4224,1,1
4224,0,0
4225,1,1
4225,0,0
4226,1,1
4226,0,0
4227,1,1
4227,0,0
4228,1,1
4228,0,0
4229,1,1
4229,0,0
4230,0,1
4230,0,0
4231,0,1
4231,0,0
4232,0,1
4232,0,0
4233,0,1
4233,0,0
4234,0,1
4234,0,0
4235,0,1
4236,1,1
4236,0,0
4237,0,1
4237,0,0
4238,0,1
4244,0,6
4245,1,1
4245,0,0
4246,1,1
4246,0,0
4247,1,1
4247,0,0
4248,1,1
4248,0,0
4249,1,1
4249,0,0
4250,0,1
4250,0,0
4251,0,1
4251,0,0
4252,0,1
4252,0,0
4253,0,1
4253,0,0
4254,0,1
4254,0,0
4255,0,1
4256,1,1
4256,0,0
4257,1,1
4257,0,0
4258,1,1
4259,1,1
4259,0,0
4260,1,1
4260,0,0
4261,0,1
4261,0,0
4262,0,1
4262,0,0
4263,0,1
4263,0,0
4264,0,1
4264,0,0
4265,0,1
4266,1,1
4266,0,0
4267,1,1
4268,0,1
4268,0,0
4269,0,1
4269,0,0
4270,0,1
4271,1,1
4271,0,0
4272,1,1
4272,0,0
4273,1,1
4273,0,0
4274,1,1
4274,0,0
4275,1,1
4275,0,0
4276,1,1
4276,0,0
4277,1,1
4277,0,0
4278,1,1
4278,0,0
4279,1,1
4279,0,0
4280,1,1
4280,0,0
4281,1,1
4281,0,0
4282,1,1
4282,0,0
4283,1,1
4283,0,0
4284,1,1
4284,0,0
4285,1,1
4285,0,0
4286,1,1
4286,0,0
4287,1,1
4287,0,0
4288,0,1
4289,1,1
4289,0,0
4290,1,1
4290,0,0
4291,1,1
4291,0,0
4292,0,1
4292,0,0
4293,0,1
4293,0,0
4294,0,1
4294,0,0
4295,0,1
4296,0,1
4297,1,1
4297,0,0
4298,1,1
4298,0,0
4299,1,1
4299,0,0
4300,1,1
4300,0,0
4301,1,1
4301,0,0
4304,0,3
4305,1,1
4305,0,0
4306,1,1
4306,0,0
4307,1,1
4307,0,0
4308,1,1
4308,0,0
4309,0,1
4309,0,0
4310,0,1
4310,0,0
4311,0,1
4311,0,0
4312,0,1
4313,1,1
4313,0,0
4314,1,1
4314,0,0
4315,1,1
4315,0,0
4316,1,1
4316,0,0
4317,1,1
4317,0,0
4318,1,1
4318,0,0
4319,1,1
4319,0,0
4320,1,1
4320,0,0
4321,1,1
4321,0,0
4322,1,1
4322,0,0
4323,1,1
4323,0,0
4324,1,1
4324,0,0
4325,1,1
4325,0,0
4326,1,1
4326,0,0
4327,1,1
4327,0,0
4328,1,1
4328,0,0
4332,0,4
4333,1,1
4333,0,0
4334,1,1
4334,0,0
4335,1,1
4335,0,0
4336,0,1
4336,0,0
4337,0,1
4338,1,1
4338,0,0
4339,1,1
4339,0,0
4340,1,1
4340,0,0
4341,1,1
4341,0,0
4342,1,1
4342,0,0
4343,1,1
4343,0,0
4344,1,1
4344,0,0
4345,0,1
4345,0,0
4346,0,1
4346,0,0
4347,0,1
4348,1,1
4348,0,0
4349,1,1
4349,0,0
4350,1,1
4350,0,0
4351,1,1
4351,0,0
4352,1,1
4352,0,0
4353,1,1
4353,0,0
4354,1,1
4354,0,0
4355,1,1
4355,0,0
4356,1,1
4356,0,0
4357,1,1
4357,0,0
4358,1,1
4358,0,0
4359,1,1
4359,0,0
4360,1,1
4360,0,0
4361,1,1
4361,0,0
4361,0,0
4362,0,1
4362,0,0
4363,0,1
4363,0,0
4364,1,1
4364,0,0
4365,1,1
4365,0,0
4368,0,3
4369,0,1
4370,1,1
4370,0,0
4371,1,1
4371,0,0
4372,1,1
4372,0,0
4373,0,1
4373,0,0
4374,0,1
4374,0,0
4375,0,1
4375,0,0
4376,0,1
4376,0,0
4377,0,1
4378,1,1
4378,0,0
4379,1,1
4379,0,0
4380,1,1
4380,0,0
4381,1,1
4381,0,0
4382,1,1
4382,0,0
4382,0,0
4383,0,1
4383,0,0
4384,0,1
4384,0,0
4385,0,1
4385,0,0
4386,0,1
4386,0,0
4387,1,1
4387,0,0
4388,1,1
4388,0,0
4389,1,1
4389,0,0
4390,1,1
4390,0,0
4391,1,1
4391,0,0
4392,1,1
4392,0,0
4396,0,4
4397,1,1
4397,0,0
4398,1,1
4398,0,0
4399,1,1
4399,0,0
4400,1,1
4400,0,0
4401,1,1
4401,0,0
4402,1,1
4402,0,0
4403,0,1
4403,0,0
4404,0,1
4404,0,0
4405,0,1
4405,0,0
4406,0,1
4406,0,0
4407,0,1
4408,1,1
4408,0,0
4409,1,1
4409,0,0
4410,1,1
4410,0,0
4411,1,1
4411,0,0
4412,1,1
4412,0,0
4413,1,1
4413,0,0
4414,1,1
4414,0,0
4415,1,1
4415,0,0
4416,1,1
4416,0,0
4417,1,1
4417,0,0
4417,0,0
4418,0,1
4418,0,0
4419,1,1
4419,0,0
4420,1,1
4420,0,0
4421,1,1
4421,0,0
4422,1,1
4422,0,0
4423,1,1
4423,0,0
4424,1,1
4424,0,0
4425,1,1
4425,0,0
4426,1,1
4426,0,0
4427,1,1
4427,0,0
4428,1,1
4428,0,0
4429,1,1
4432,0,3
4433,1,1
4433,0,0
4434,1,1
4434,0,0
4435,1,1
4435,0,0
4436,0,1
4436,0,0
4437,0,1
4437,0,0
4438,0,1
4438,0,0
4439,0,1
4439,0,0
4440,0,1
4441,1,1
4441,0,0
4442,1,1
4442,0,0
4443,1,1
4443,0,0
4444,1,1
4445,1,1
4446,0,1
4446,0,0
4447,0,1
4448,1,1
4448,0,0
4449,1,1
4449,0,0
4450,1,1
4450,0,0
4451,1,1
4451,0,0
4452,1,1
4452,0,0
4453,1,1
4453,0,0
4454,1,1
4454,0,0
4455,1,1
4455,0,0
4456,1,1
4456,0,0
4457,1,1
4457,0,0
4458,1,1
4458,0,0
4459,1,1
4459,0,0
4460,1,1
4460,0,0
4461,1,1
4461,0,0
4462,1,1
4462,0,0
4463,1,1
4463,0,0
4464,1,1
4464,0,0
4468,0,4
4469,1,1
4469,0,0
4470,1,1
4470,0,0
4471,1,1
4471,0,0
4472,0,1
4472,0,0
4473,0,1
4473,0,0
4474,0,1
4474,0,0
4475,0,1
4475,0,0
4476,0,1
4476,0,0
4477,0,1
4478,1,1
4478,0,0
4479,1,1
4479,0,0
4480,1,1
4480,0,0
4481,1,1
4482,0,1
4483,1,1
4483,0,0
4484,1,1
4484,0,0
4485,1,1
4485,0,0
4486,1,1
4486,0,0
4487,0,1
4487,0,0
4488,0,1
4488,0,0
4489,0,1
4489,0,0
4490,0,1
4491,1,1
4491,0,0
4492,1,1
4492,0,0
4493,1,1
4493,0,0
4494,1,1
4494,0,0
4495,1,1
4495,0,0
4496,1,1
4496,0,0
4497,1,1
4497,0,0
4498,1,1
4498,0,0
4499,1,1
4499,0,0
4499,0,0
4500,0,1
4500,0,0
4501,0,1
4504,0,3
4505,1,1
4505,0,0
4506,1,1
4506,0,0
4507,1,1
4507,0,0
4508,0,1
4508,0,0
4509,0,1
4509,0,0
4510,0,1
4510,0,0
4511,0,1
4512,1,1
4512,0,0
4513,1,1
4513,0,0
4514,1,1
4514,0,0
4515,1,1
4515,0,0
4516,1,1
4516,0,0
4517,1,1
4517,0,0
4518,0,1
4518,0,0
4519,1,1
4519,0,0
4520,1,1
4520,0,0
4521,1,1
4521,0,0
4522,1,1
4522,0,0
4523,1,1
4523,0,0
4524,1,1
4524,0,0
4525,1,1
4525,0,0
4526,1,1
4526,0,0
4527,1,1
4527,0,0
4528,1,1
4528,0,0
4529,1,1
4532,0,3
4533,1,1
4533,0,0
4534,1,1
4534,0,0
4535,0,1
4535,0,0
4536,0,1
4537,1,1
4537,0,0
4538,1,1
4538,0,0
4539,1,1
4539,0,0
4540,1,1
4540,0,0
4541,1,1
4541,0,0
4542,1,1
4542,0,0
4543,1,1
4543,0,0
4544,1,1
4544,0,0
4545,1,1
4545,0,0
4546,1,1
4546,0,0
4547,1,1
4547,0,0
4548,1,1
4548,0,0
4549,1,1
4549,0,0
4550,1,1
4550,0,0
4551,1,1
4551,0,0
4552,1,1
4552,0,0
4553,1,1
4553,0,0
4554,1,1
4554,0,0
4555,1,1
4555,0,0
4556,1,1
4556,0,0
4557,1,1
4558,1,1
4558,1,0
4558,1,0
4560,2,2
4560,2,0
4561,3,1
4561,3,0
4562,1,1
4562,0,0
4563,1,1
4563,0,0
4564,1,1
4564,0,0
4565,1,1
4565,0,0
4566,1,1
4566,0,0
4567,1,1
4567,0,0
4568,1,1
4568,1,0
4568,0,0
4569,1,1
4569,1,0
4569,0,0
4570,1,1
4570,1,0
4570,0,0
4571,1,1
4571,1,0
4571,0,0
4572,1,1
4576,4,4
4580,4,4
4582,0,2
4583,1,1
4583,0,0
4584,1,1
4584,0,0
4585,1,1
4587,0,2
4587,0,0
4588,0,1
4589,1,1
4589,0,0
4590,1,1
4590,0,0
4591,1,1
4591,0,0
4592,1,1
4592,0,0
4593,1,1
4593,0,0
4594,1,1
4594,0,0
4595,1,1
4595,0,0
4596,1,1
4596,0,0
4597,1,1
4597,0,0
4598,1,1
4598,0,0
4599,1,1
4599,0,0
4600,0,1
4600,0,0
4601,0,1
4601,0,0
4604,0,3
4605,1,1
4605,0,0
4606,1,1
4606,0,0
4607,1,1
4607,0,0
4608,1,1
4608,0,0
4609,1,1
4609,0,0
4610,1,1
4610,0,0
4611,1,1
4611,0,0
4612,0,1
4612,0,0
4613,0,1
4613,0,0
4614,0,1
4614,0,0
4615,0,1
4615,0,0
4616,0,1
4616,0,0
4617,0,1
4618,1,1
4618,0,0
4619,1,1
4619,0,0
4620,1,1
4620,0,0
4621,1,1
4621,0,0
4624,0,3
4625,1,1
4625,0,0
4628,0,3
4629,1,1
4629,0,0
4630,1,1
4630,0,0
4631,1,1
4631,0,0
4632,1,1
4632,0,0
4633,1,1
4633,0,0
4634,1,1
4634,0,0
4635,1,1
4635,0,0
4636,1,1
4636,0,0
4637,1,1
4637,0,0
4638,1,1
4638,0,0
4639,1,1
4639,0,0
4640,1,1
4640,0,0
4641,0,1
4641,0,0
4642,0,1
4642,0,0
4643,0,1
4643,0,0
4644,0,1
4645,1,1
4645,0,0
4646,1,1
4646,0,0
4647,1,1
4647,0,0
4648,1,1
4648,0,0
4649,1,1
4652,0,3
4653,1,1
4653,0,0
4654,1,1
4656,0,2
4657,1,1
4657,0,0
4658,1,1
4658,0,0
4659,1,1
4659,0,0
4660,1,1
4660,0,0
4661,1,1
4661,0,0
4662,1,1
4662,0,0
4663,1,1
4663,0,0
4664,1,1
4664,0,0
4665,1,1
4665,0,0
4666,1,1
4666,0,0
4667,1,1
4667,0,0
4668,0,1
4668,0,0
4669,0,1
4669,0,0
4670,0,1
4670,0,0
4671,0,1
4671,0,0
4672,0,1
4672,0,0
4673,0,1
4673,0,0
4674,0,1
4676,0,2
4677,1,1
4677,0,0
4678,1,1
4678,0,0
4679,1,1
4679,0,0
4680,1,1
4680,0,0
4681,1,1
4681,0,0
4682,1,1
4682,0,0
4683,1,1
4683,0,0
4684,1,1
4687,0,3
4688,1,1
4688,0,0
4689,0,1
4689,0,0
4690,0,1
4690,0,0
4691,0,1
4691,0,0
4692,0,1
4692,0,0
4696,0,4
4697,1,1
4697,0,0
4698,1,1
4698,0,0
4699,1,1
4699,0,0
4700,1,1
4700,0,0
4701,1,1
4701,0,0
4702,1,1
4702,0,0
4703,1,1
4703,0,0
4704,1,1
4704,0,0
4705,0,1
4705,0,0
4706,0,1
4706,0,0
4707,0,1
4707,0,0
4708,0,1
4708,0,0
4709,0,1
4709,0,0
4710,0,1
4711,1,1
4711,0,0
4712,1,1
4712,0,0
4713,1,1
4713,0,0
4714,1,1
4714,0,0
4715,1,1
4715,0,0
4716,1,1
4716,0,0
4717,1,1
4717,0,0
4718,1,1
4720,0,2
4721,1,1
4721,0,0
4722,1,1
4722,0,0
4723,1,1
4723,0,0
4724,1,1
4724,0,0
4725,1,1
4725,0,0
4726,1,1
4726,0,0
4727,1,1
4727,0,0
4728,0,1
4728,0,0
4732,0,4
4733,1,1
4733,0,0
4734,1,1
4734,0,0
4735,0,1
4735,0,0
4736,0,1
4736,0,0
4737,0,1
4737,0,0
4738,0,1
4738,0,0
4739,0,1
4740,1,1
4757,13,17
4757,13,0
4757,13,0
4758,6,1
4758,6,0
4758,6,0
4758,6,0
4758,6,0
4758,6,0
4758,6,0
4766,14,8
4766,14,0
4766,13,0
4766,13,0
4766,13,0
4766,13,0
4767,14,1
4767,14,0
4767,14,0
4767,14,0
4768,15,1
4768,15,0
4768,15,0
4768,15,0
4768,14,0
4768,14,0
4768,14,0
4769,11,1
4769,11,0
4769,11,0
4769,11,0
4769,10,0
4769,10,0
4769,10,0
4769,10,0
4770,11,1
4770,11,0
4770,11,0
4770,11,0
4770,11,0
4770,11,0
4770,11,0
4770,11,0
4771,11,1
4771,11,0
4771,0,0
4772,0,1
4772,0,0
4773,0,1
4773,0,0
4774,0,1
4774,0,0
4775,0,1
4775,0,0
4776,0,1
4776,0,0
4777,0,1
4777,0,0
4778,1,1
4778,0,0
4779,1,1
4779,0,0
4780,1,1
4780,0,0
4781,1,1
4781,0,0
4782,1,1
4782,0,0
4783,1,1
4783,0,0
4784,1,1
4784,0,0
4785,1,1
4785,0,0
4786,1,1
4786,0,0
4787,0,1
4788,1,1
4788,0,0
4789,1,1
4789,0,0
4790,1,1
4790,0,0
4791,1,1
4791,0,0
4792,1,1
4792,0,0
4793,1,1
4793,0,0
4794,1,1
4796,0,2
4797,1,1
4797,0,0
4798,1,1
4798,0,0
4799,1,1
4799,0,0
4800,0,1
4800,0,0
4801,0,1
4802,1,1
4802,0,0
4803,1,1
4803,0,0
4804,1,1
4804,0,0
4805,1,1
4805,0,0
4806,1,1
4806,0,0
4807,1,1
4807,0,0
4808,1,1
4808,0,0
4809,1,1
4809,0,0
4810,1,1
4810,0,0
4811,1,1
4811,0,0
4812,0,1
4813,1,1
4813,0,0
4816,0,3
4817,0,1
4820,0,3
4821,1,1
4821,0,0
4822,1,1
4822,0,0
4823,1,1
4823,0,0
4824,1,1
4824,0,0
4825,0,1
4825,0,0
4826,0,1
4826,0,0
4827,0,1
4827,0,0
4828,0,1
4828,0,0
4829,0,1
4830,1,1
4830,0,0
4831,1,1
4831,0,0
4832,1,1
4832,0,0
4833,1,1
4833,0,0
4834,1,1
4834,0,0
4835,1,1
4835,0,0
4836,1,1
4836,0,0
4837,0,1
4837,0,0
4838,0,1
4838,0,0
4839,0,1
4839,0,0
4840,0,1
4841,1,1
4841,0,0
4842,1,1
4842,0,0
4843,1,1
4843,0,0
4844,1,1
4848,0,4
4849,1,1
4849,0,0
4850,1,1
4852,0,2
4853,1,1
4853,0,0
4854,1,1
4854,0,0
4855,1,1
4855,0,0
4856,1,1
4856,0,0
4857,1,1
4857,0,0
4858,1,1
4858,0,0
4859,1,1
4859,0,0
4860,1,1
4860,0,0
4861,0,1
4861,0,0
4862,0,1
4862,0,0
4863,0,1
4863,0,0
4864,0,1
4864,0,0
4865,0,1
4866,1,1
4866,0,0
4867,1,1
4867,0,0
4868,1,1
4868,0,0
4872,0,4
4873,1,1
4873,0,0
4874,1,1
4874,0,0
4875,1,1
4875,0,0
4876,1,1
4876,0,0
4877,1,1
4877,0,0
4878,1,1
4878,0,0
4879,1,1
4879,0,0
4880,0,1
4880,0,0
4881,0,1
4881,0,0
4882,0,1
4882,0,0
4883,0,1
4883,0,0
4884,0,1
4885,1,1
4885,0,0
4886,1,1
4886,0,0
4887,1,1
4887,0,0
4888,1,1
4888,0,0
4889,1,1
4889,0,0
4890,1,1
4890,0,0
4891,1,1
4891,0,0
4892,0,1
4892,0,0
4893,0,1
4896,0,3
4897,1,1
4897,0,0
4898,1,1
4898,0,0
4899,1,1
4899,0,0
4900,1,1
4900,0,0
4901,0,1
4901,0,0
4902,0,1
4902,0,0
4903,0,1
4903,0,0
4904,0,1
4905,1,1
4905,0,0
4906,1,1
4906,0,0
4907,1,1
4907,0,0
4908,1,1
4908,0,0
4909,1,1
4912,0,3
4913,1,1
4913,0,0
4914,1,1
4914,0,0
4915,0,1
4916,1,1
4916,0,0
4917,0,1
4918,1,1
4918,0,0
4919,0,1
4920,1,1
4920,0,0
4921,0,1
4922,1,1
4922,0,0
4923,1,1
4923,0,0
4924,1,1
4924,0,0
4926,2,2
4926,0,0
4927,1,1
4928,0,1
4929,1,1
4929,0,0
4930,1,1
4930,0,0
4931,1,1
4931,0,0
4932,1,1
4932,0,0
4933,1,1
4933,0,0
4934,1,1
4934,0,0
4935,1,1
4935,0,0
4936,1,1
4938,1,2
4938,0,0
4939,1,1
4939,0,0
4940,1,1
4940,0,0
4941,0,1
4941,0,0
4942,0,1
4942,0,0
4943,0,1
4943,0,0
4948,0,5
4949,1,1
4949,0,0
4950,1,1
4950,0,0
4951,1,1
4951,0,0
4952,1,1
4952,0,0
4953,0,1
4953,0,0
4956,0,3
4957,1,1
4957,0,0
4958,1,1
4958,0,0
4959,1,1
4959,0,0
4960,1,1
4960,0,0
4961,1,1
4961,0,0
4962,1,1
4962,0,0
4963,1,1
4963,0,0
4964,1,1
4964,0,0
4965,0,1
4965,0,0
4966,0,1
4966,0,0
4967,0,1
4967,0,0
4968,0,1
4968,0,0
4969,0,1
4970,1,1
4970,0,0
4971,1,1
4971,0,0
4972,1,1
4972,0,0
4973,1,1
4973,0,0
4974,1,1
4974,0,0
4975,1,1
4975,0,0
4976,1,1
4976,0,0
4977,1,1
4977,0,0
4978,1,1
4978,0,0
4979,1,1
4980,0,1
4981,1,1
4981,0,0
4982,1,1
4983,0,1
4984,1,1
4984,0,0
4985,1,1
4985,0,0
4987,2,2
4988,1,1
4988,0,0
4990,2,2
4992,0,2
4993,1,1
4993,0,0
4994,1,1
4994,0,0
4995,1,1
4995,0,0
4996,1,1
4996,0,0
5000,0,4
5001,1,1
5001,0,0
5002,1,1
5002,0,0
5003,1,1
5003,0,0
5004,1,1
5004,0,0
5005,1,1
5005,0,0
5006,1,1
5006,0,0
5007,1,1
5007,0,0
5008,1,1
5008,0,0
5009,1,1
5009,0,0
5010,1,1
5010,0,0
5011,1,1
5011,0,0
5012,0,1
5012,0,0
5013,0,1
5016,0,3
5017,1,1
5017,0,0
5018,1,1
5018,0,0
5019,1,1
5019,0,0
5020,1,1
5020,0,0
5021,1,1
5021,0,0
5022,1,1
5022,0,0
5023,1,1
5023,0,0
5024,1,1
5024,0,0
5025,0,1
5025,0,0
5026,0,1
5026,0,0
5027,0,1
5027,0,0
5028,0,1
5029,1,1
5029,0,0
5030,1,1
5030,0,0
5031,1,1
5031,0,0
5032,1,1
5032,0,0
5033,1,1
5033,0,0
5034,1,1
5034,0,0
5035,1,1
5035,0,0
5036,1,1
5036,0,0
5037,1,1
5037,0,0
5038,1,1
5038,0,0
5039,1,1
5039,0,0
5040,0,1
5040,0,0
5041,0,1
5041,0,0
5042,0,1
5044,0,2
5048,0,4
5049,1,1
5049,0,0
5050,1,1
5050,0,0
5051,1,1
5051,0,0
5052,1,1
5052,0,0
5053,1,1
5053,0,0
5054,1,1
5054,0,0
5055,1,1
5055,0,0
5056,1,1
5056,0,0
5057,1,1
5057,0,0
5058,1,1
5058,0,0
5059,1,1
5059,0,0
5060,1,1
5060,0,0
5061,1,1
5061,0,0
5062,1,1
5062,0,0
5064,0,2
5064,0,0
5065,0,1
5066,1,1
5066,0,0
5067,1,1
5067,0,0
5068,1,1
5068,0,0
5069,1,1
5069,0,0
5070,1,1
5070,0,0
5071,1,1
5071,0,0
5072,0,1
5072,0,0
5073,0,1
5073,0,0
5074,0,1
5074,0,0
5075,0,1
5076,0,1
5076,0,0
5077,0,1
5078,1,1
5078,0,0
5079,1,1
5079,0,0
5080,1,1
5080,0,0
5081,1,1
5081,0,0
5084,0,3
5085,0,1
5085,0,0
5088,0,3
5089,1,1
5089,0,0
5090,1,1
5090,0,0
5091,1,1
5091,0,0
5092,1,1
5092,0,0
5093,1,1
5093,0,0
5094,1,1
5094,0,0
5095,1,1
5095,0,0
5096,1,1
5096,0,0
5097,1,1
5097,0,0
5098,1,1
5098,0,0
5099,1,1
5099,0,0
5100,0,1
5100,0,0
5101,0,1
5101,0,0
5102,0,1
5102,0,0
5103,0,1
5104,1,1
5104,0,0
5105,1,1
5105,0,0
5106,1,1
5107,1,1
5107,0,0
5108,0,1
5108,0,0
5109,0,1
5116,0,7
5117,1,1
5117,0,0
5118,0,1
5118,0,0
5119,0,1
5119,0,0
5120,0,1
5120,0,0
5121,0,1
5122,1,1
5122,0,0
5123,1,1
5123,0,0
5124,1,1
5124,0,0
5125,1,1
5125,0,0
5126,1,1
5126,0,0
5127,1,1
5127,0,0
5128,1,1
5128,0,0
5129,1,1
5129,0,0
5130,0,1
5130,0,0
5131,0,1
5131,0,0
5132,0,1
5132,0,0
5133,0,1
5134,1,1
5134,0,0
5135,1,1
5135,0,0
5136,1,1
5136,0,0
5137,1,1
5137,0,0
5138,1,1
5138,0,0
5139,1,1
5139,0,0
5140,1,1
5140,0,0
5140,0,0
5141,0,1
5142,1,1
5142,0,0
5143,1,1
5143,0,0
5144,0,1
5144,0,0
5145,0,1
5145,0,0
5146,0,1
5146,0,0
5147,0,1
5147,0,0
5148,0,1
5152,0,4
5153,1,1
5153,0,0
5154,1,1
5154,0,0
5155,1,1
5155,0,0
5156,1,1
5156,0,0
5157,1,1
5157,0,0
5158,1,1
5158,0,0
5159,1,1
5159,0,0
5160,0,1
5164,0,4
5165,1,1
5165,0,0
5166,1,1
5166,0,0
5167,1,1
5167,0,0
5168,1,1
5168,0,0
5169,1,1
5169,0,0
5170,1,1
5170,0,0
5171,1,1
5171,0,0
5172,1,1
5172,0,0
5173,0,1
5173,0,0
5174,0,1
5174,0,0
5175,0,1
5175,0,0
5176,0,1
5176,0,0
5177,0,1
5177,0,0
5178,0,1
5179,1,1
5179,0,0
5180,1,1
5180,0,0
5181,1,1
5181,0,0
5182,0,1
5183,1,1
5183,0,0
5184,1,1
5184,0,0
5185,1,1
5185,0,0
5186,1,1
5186,0,0
5187,1,1
5187,0,0
5187,0,0
5188,0,1
5189,1,1
5189,0,0
5189,0,0
5190,0,1
5190,0,0
5191,0,1
5192,1,1
5196,0,4
5197,1,1
5197,0,0
5198,1,1
5198,0,0
5199,1,1
5199,0,0
5200,1,1
5200,0,0
5201,0,1
5201,0,0
5202,0,1
5202,0,0
5203,0,1
5203,0,0
5204,0,1
5208,0,4
5209,1,1
5209,0,0
5210,1,1
5210,0,0
5211,1,1
5211,0,0
5212,1,1
5212,0,0
5213,1,1
5213,0,0
5214,1,1
5214,0,0
5215,1,1
5215,0,0
5216,1,1
5216,0,0
5217,0,1
5217,0,0
5218,0,1
5218,0,0
5219,0,1
5219,0,0
5220,0,1
5220,0,0
5221,0,1
5221,0,0
5222,0,1
5223,1,1
5223,0,0
5224,1,1
5224,0,0
5225,1,1
5225,0,0
5226,1,1
5226,0,0
5227,1,1
5227,0,0
5228,1,1
5228,0,0
5229,1,1
5229,0,0
5230,1,1
5230,0,0
5231,1,1
5231,0,0
5232,1,1
5232,0,0
5233,1,1
5233,0,0
5234,1,1
5234,0,0
5235,1,1
5235,0,0
5236,1,1
5236,0,0
5237,1,1
5237,0,0
5238,1,1
5238,0,0
5238,0,0
5239,0,1
5239,0,0
5240,0,1
5244,0,4
5245,1,1
5245,0,0
5246,1,1
5246,0,0
5248,0,2
5249,1,1
5249,0,0
5250,1,1
5250,0,0
5251,1,1
5251,0,0
5252,1,1
5252,0,0
5253,1,1
5253,0,0
5254,1,1
5254,0,0
5255,1,1
5255,0,0
5256,1,1
5256,0,0
5257,1,1
5257,0,0
5258,1,1
5258,0,0
5259,1,1
5259,0,0
5260,0,1
5264,0,4
5265,1,1
5265,0,0
5266,1,1
5266,0,0
5267,1,1
5267,0,0
5268,1,1
5268,0,0
5269,1,1
5269,0,0
5270,1,1
5270,0,0
5271,1,1
5271,0,0
5272,0,1
5272,0,0
5273,0,1
5273,0,0
5274,0,1
5274,0,0
5275,0,1
5275,0,0
5276,0,1
5277,1,1
5277,0,0
5278,1,1
5278,0,0
5279,1,1
5279,0,0
5280,1,1
5281,1,1
5281,0,0
5282,1,1
5282,0,0
5283,1,1
5283,0,0
5284,1,1
5284,0,0
5285,1,1
5285,0,0
5287,2,2
5288,0,1
5289,1,1
5289,0,0
5290,1,1
5290,0,0
5291,1,1
5291,0,0
5292,1,1
5292,0,0
5293,1,1
5293,0,0
5293,0,0
5294,0,1
5294,0,0
5295,0,1
5295,0,0
5296,0,1
5296,0,0
5297,0,1
5297,0,0
5300,0,3
5301,1,1
5301,0,0
5302,1,1
5302,0,0
5303,1,1
5304,0,1
5305,1,1
5305,0,0
5306,1,1
5306,0,0
5307,1,1
5307,0,0
5308,1,1
5308,0,0
5309,1,1
5309,0,0
5310,1,1
5310,0,0
5312,0,2
5313,1,1
5313,0,0
5314,1,1
5314,0,0
5315,1,1
5315,0,0
5316,1,1
5316,0,0
5317,1,1
5317,0,0
5318,1,1
5318,0,0
5319,1,1
5319,0,0
5320,1,1
5320,0,0
5321,1,1
5321,0,0
5322,1,1
5322,0,0
5323,1,1
5323,0,0
5324,0,1
5328,0,4
5330,0,2
5331,0,1
5331,0,0
5332,0,1
5332,0,0
5333,0,1
5333,0,0
5334,0,1
5335,1,1
5335,0,0
5335,0,0
5336,0,1
5337,1,1
5337,0,0
5338,1,1
5338,0,0
5339,1,1
5339,0,0
5340,1,1
5340,0,0
5341,1,1
5341,0,0
5342,1,1
5342,0,0
5343,1,1
5343,0,0
5344,1,1
5344,0,0
5345,0,1
5345,0,0
5346,0,1
5346,0,0
5347,0,1
5347,0,0
5348,0,1
5352,0,4
5353,1,1
5353,0,0
5354,0,1
5354,0,0
5355,0,1
5356,1,1
5356,0,0
5357,1,1
5357,0,0
5358,1,1
5358,0,0
5359,1,1
5359,0,0
5360,1,1
5360,0,0
5361,1,1
5361,0,0
5362,0,1
5362,0,0
5363,0,1
5363,0,0
5364,0,1
5364,0,0
5365,0,1
5365,0,0
5366,0,1
5366,0,0
5367,0,1
5367,0,0
5372,0,5
5373,1,1
5373,0,0
5374,0,1
5374,0,0
5375,0,1
5375,0,0
5376,0,1
5376,0,0
5377,0,1
5377,0,0
5378,0,1
5378,0,0
5379,0,1
5380,1,1
5380,0,0
5381,0,1
5382,1,1
5382,0,0
5383,1,1
5383,0,0
5384,0,1
5384,0,0
5385,0,1
5385,0,0
5386,0,1
5386,0,0
5387,0,1
5387,0,0
5388,0,1
5389,1,1
5389,0,0
5390,1,1
5390,0,0
5391,1,1
5392,0,1
5392,0,0
5393,0,1
5394,1,1
5394,0,0
5395,1,1
5395,0,0
5396,1,1
5396,0,0
5397,1,1
5397,0,0
5398,1,1
5398,0,0
5399,1,1
5399,0,0
5400,1,1
5400,0,0
5404,0,4
5405,1,1
5405,0,0
5406,0,1
5406,0,0
5407,0,1
5407,0,0
5408,0,1
5408,0,0
5409,0,1
5409,0,0
5410,0,1
5410,0,0
5411,0,1
5411,0,0
5412,0,1
5412,0,0
5413,0,1
5414,1,1
5414,0,0
5415,1,1
5415,0,0
5416,1,1
5420,0,4
5421,1,1
5421,0,0
5422,1,1
5422,0,0
5423,1,1
5423,0,0
5424,1,1
5424,0,0
5425,1,1
5425,0,0
5426,1,1
5426,0,0
5427,1,1
5427,0,0
5428,1,1
5428,0,0
5429,0,1
5429,0,0
5430,0,1
5430,0,0
5431,0,1
5431,0,0
5432,0,1
5432,0,0
5433,0,1
5433,0,0
5434,0,1
5434,0,0
5435,0,1
5436,1,1
5436,0,0
5437,1,1
5437,0,0
5438,1,1
5438,0,0
5439,1,1
5439,0,0
5440,1,1
5440,0,0
5441,1,1
5441,0,0
5442,1,1
5442,0,0
5443,1,1
5443,0,0
5444,0,1
5445,1,1
5445,0,0
5446,1,1
5446,0,0
5447,1,1
5448,0,1
5449,1,1
5449,0,0
5450,1,1
5450,0,0
5451,1,1
5451,0,0
5452,1,1
5452,0,0
5453,1,1
5453,0,0
5454,1,1
5454,0,0
5455,1,1
5455,0,0
5456,1,1
5456,0,0
5457,1,1
5457,0,0
5458,1,1
5460,0,2
5461,1,1
5461,0,0
5462,1,1
5464,0,2
5465,1,1
5465,0,0
5466,1,1
5466,0,0
5467,1,1
5467,0,0
5468,1,1
5468,0,0
5469,1,1
5469,0,0
5470,1,1
5470,0,0
5471,1,1
5471,0,0
5472,1,1
5472,0,0
5473,1,1
5473,0,0
5474,1,1
5474,0,0
5475,1,1
5475,0,0
5476,1,1
5476,0,0
5477,1,1
5477,0,0
5478,0,1
5478,0,0
5479,0,1
5480,1,1
5480,0,0
5481,1,1
5488,0,7
5489,1,1
5489,0,0
5490,0,1
5490,0,0
5491,0,1
5491,0,0
5492,0,1
5493,0,1
5494,0,1
5494,0,0
5495,0,1
5495,0,0
5496,0,1
5496,0,0
5497,0,1
5497,0,0
5498,0,1
5499,1,1
5499,0,0
5499,0,0
5500,0,1
5501,1,1
5501,0,0
5502,1,1
5502,0,0
5503,1,1
5503,0,0
5504,1,1
5504,0,0
5505,1,1
5505,0,0
5506,1,1
5506,0,0
5507,1,1
5507,0,0
5508,1,1
5508,0,0
5509,1,1
5509,0,0
5510,1,1
5510,0,0
5511,1,1
5511,0,0
5512,1,1
5512,0,0
5513,1,1
5513,0,0
5514,1,1
5514,0,0
5515,1,1
5515,0,0
5516,0,1
5517,1,1
5517,0,0
5518,1,1
5518,0,0
5518,0,0
5519,0,1
5520,0,1
5521,1,1
5521,0,0
5522,1,1
5522,0,0
5523,1,1
5523,0,0
5524,1,1
5524,0,0
5525,1,1
5528,0,3
5529,1,1
5529,0,0
5530,1,1
5530,0,0
5531,1,1
5531,0,0
5532,0,1
5532,0,0
5536,0,4
5537,1,1
5537,0,0
5538,1,1
5538,0,0
5539,1,1
5539,0,0
5540,1,1
5540,0,0
5541,1,1
5541,0,0
5542,1,1
5542,0,0
5543,1,1
5543,0,0
5544,1,1
5544,0,0
5545,1,1
5545,0,0
5546,1,1
5546,0,0
5547,1,1
5547,0,0
5548,0,1
5548,0,0
5549,0,1
5549,0,0
5550,0,1
5550,0,0
5551,0,1
5551,0,0
5552,0,1
5552,0,0
5553,0,1
5553,0,0
5554,0,1
5554,0,0
5555,0,1
5555,0,0
5556,0,1
5557,1,1
5558,1,1
5558,0,0
5559,1,1
5559,0,0
5559,0,0
5560,0,1
5560,0,0
5561,0,1
5561,0,0
5564,0,3
5565,1,1
5565,0,0
5566,1,1
5566,0,0
5567,1,1
5567,0,0
5568,0,1
5568,0,0
5569,0,1
5572,0,3
5572,0,0
5573,0,1
5573,0,0
5574,0,1
5575,1,1
5575,0,0
5576,1,1
5576,0,0
5577,1,1
5577,0,0
5578,1,1
5578,0,0
5579,1,1
5579,0,0
5580,0,1
5581,1,1
5581,0,0
5582,0,1
5582,0,0
5583,0,1
5584,1,1
5584,0,0
5585,1,1
5585,0,0
5586,1,1
5586,0,0
5587,1,1
5587,0,0
5588,1,1
5590,1,2
5590,0,0
5591,1,1
5591,0,0
5592,0,1
5592,0,0
5593,0,1
5594,1,1
5594,0,0
5595,1,1
5595,0,0
5596,1,1
5596,0,0
5597,1,1
5597,0,0
5598,0,1
5598,0,0
5599,0,1
5600,0,1
5600,0,0
5601,0,1
5602,1,1
5602,0,0
5604,0,2
5605,1,1
5605,0,0
5608,0,3
5609,1,1
5610,1,1
5610,0,0
5611,1,1
5611,0,0
5612,0,1
5612,0,0
5613,0,1
5613,0,0
5614,0,1
5615,1,1
5615,0,0
5616,1,1
5616,0,0
5620,0,4
5621,1,1
5621,0,0
5622,0,1
5622,0,0
5623,0,1
5624,1,1
5624,0,0
5625,1,1
5625,0,0
5626,1,1
5626,0,0
5627,1,1
5627,0,0
5628,0,1
5628,0,0
5629,0,1
5631,0,2
5632,0,1
5633,1,1
5633,0,0
5634,1,1
5634,0,0
5635,1,1
5635,0,0
5636,1,1
5636,0,0
5637,1,1
5637,0,0
5638,1,1
5638,0,0
5639,1,1
5639,0,0
5640,1,1
5640,0,0
5641,0,1
5641,0,0
5642,0,1
5642,0,0
5643,0,1
5643,0,0
5644,0,1
5644,0,0
5645,0,1
5645,0,0
5646,0,1
5646,0,0
5647,0,1
5648,1,1
5648,0,0
5649,1,1
5649,0,0
5650,1,1
5650,0,0
5652,0,2
5653,1,1
5653,0,0
5654,1,1
5654,0,0
5655,1,1
5655,0,0
5656,0,1
5656,0,0
5660,0,4
5661,0,1
5662,1,1
5662,0,0
5663,1,1
5663,0,0
5664,1,1
5664,0,0
5665,1,1
5665,0,0
5666,0,1
5666,0,0
5667,0,1
5667,0,0
5668,0,1
5672,0,4
5673,0,1
5674,1,1
5674,0,0
5675,1,1
5675,0,0
5676,1,1
5676,0,0
5677,1,1
5677,0,0
5678,1,1
5678,0,0
5679,1,1
5679,0,0
5680,0,1
5680,0,0
5681,0,1
5681,0,0
5682,0,1
5682,0,0
5683,0,1
5684,1,1
5684,0,0
5685,1,1
5685,0,0
5686,1,1
5686,0,0
5687,1,1
5687,0,0
5688,1,1
5688,0,0
5689,0,1
5689,0,0
5690,0,1
5690,0,0
5691,0,1
5692,1,1
5692,0,0
5693,1,1
5693,0,0
5694,1,1
5694,0,0
5695,1,1
5696,0,1
5697,1,1
5697,0,0
5698,1,1
5698,0,0
5699,0,1
5699,0,0
5700,0,1
5701,1,1
5701,0,0
5702,1,1
5702,0,0
5703,1,1
5703,0,0
5704,1,1
5704,0,0
5705,1,1
5705,0,0
5706,1,1
5706,0,0
5708,0,2
5712,0,4
5713,0,1
5714,1,1
5714,0,0
5715,1,1
5715,0,0
5716,1,1
5716,0,0
5717,0,1
5717,0,0
5718,0,1
5718,0,0
5719,0,1
5719,0,0
5720,0,1
5721,1,1
5721,0,0
5722,1,1
5722,0,0
5724,0,2
5725,1,1
5725,0,0
5726,0,1
5726,0,0
5727,0,1
5727,0,0
5728,0,1
5729,1,1
5729,0,0
5730,1,1
5730,0,0
5731,1,1
5731,0,0
5732,1,1
5732,0,0
5733,1,1
5733,0,0
5734,0,1
5734,0,0
5735,0,1
5735,0,0
5736,0,1
5740,0,4
5741,0,1
5741,0,0
5742,0,1
5742,0,0
5743,0,1
5743,0,0
5744,0,1
5745,1,1
5745,0,0
5748,0,3
5749,0,1
5750,1,1
5750,0,0
5751,1,1
5751,0,0
5752,1,1
5752,0,0
5753,1,1
5753,0,0
5754,1,1
5754,0,0
5755,0,1
5755,0,0
5756,0,1
5757,1,1
5757,0,0
5758,1,1
5758,0,0
5759,1,1
5759,0,0
5760,1,1
5760,0,0
5761,1,1
5761,0,0
5762,1,1
5762,0,0
5763,1,1
5763,0,0
5764,1,1
5764,0,0
5765,0,1
5765,0,0
5766,0,1
5766,0,0
5767,0,1
5768,1,1
5768,0,0
5769,1,1
5769,0,0
5770,1,1
5770,0,0
5771,1,1
5771,0,0
5772,1,1
5772,0,0
5776,0,4
5780,0,4
5781,0,1
5782,1,1
5782,0,0
5783,1,1
5783,0,0
5784,1,1
5784,0,0
5785,1,1
5785,0,0
5786,1,1
5786,0,0
5787,1,1
5787,0,0
5788,1,1
5788,0,0
5789,0,1
5789,0,0
5790,0,1
5790,0,0
5791,0,1
5792,1,1
5792,0,0
5793,1,1
5793,0,0
5794,1,1
5794,0,0
5795,1,1
5795,0,0
5796,1,1
5796,0,0
5797,1,1
5797,0,0
5798,1,1
5798,0,0
5799,0,1
5799,0,0
5800,0,1
5800,0,0
5801,0,1
5801,0,0
5802,0,1
5802,0,0
5803,1,1
5803,0,0
5804,1,1
5804,0,0
5805,1,1
5805,0,0
5806,1,1
5806,0,0
5807,1,1
5807,0,0
5808,1,1
5808,0,0
5809,1,1
5812,0,3
5813,0,1
5814,1,1
5814,0,0
5816,0,2
5817,1,1
5817,0,0
5818,1,1
5818,0,0
5819,1,1
5819,0,0
5820,1,1
5820,0,0
5821,1,1
5821,0,0
5822,1,1
5822,0,0
5823,1,1
5823,0,0
5824,1,1
5824,0,0
5825,1,1
5825,0,0
5826,1,1
5826,0,0
5827,0,1
5827,0,0
5828,0,1
5828,0,0
5832,0,4
5833,0,1
5833,0,0
5834,0,1
5834,0,0
5835,0,1
5836,1,1
5836,0,0
5837,1,1
5837,0,0
5838,1,1
5838,0,0
5839,1,1
5839,0,0
5840,1,1
5840,0,0
5841,1,1
5841,0,0
5842,1,1
5842,0,0
5843,1,1
5844,0,1
5845,1,1
5845,0,0
5846,1,1
5846,0,0
5847,1,1
5847,0,0
5848,1,1
5848,0,0
5849,1,1
5849,0,0
5850,1,1
5850,0,0
5851,0,1
5852,0,1
5853,1,1
5853,0,0
5854,1,1
5854,0,0
5855,1,1
5855,0,0
5856,1,1
5856,0,0
5857,1,1
5857,0,0
5860,0,3
5861,1,1
5861,0,0
5862,0,1
5862,0,0
5863,0,1
5863,0,0
5864,0,1
5864,0,0
5865,0,1
5866,1,1
5868,0,2
5869,1,1
5869,0,0
5870,1,1
5870,0,0
5871,0,1
5871,0,0
5872,0,1
5872,0,0
5873,0,1
5873,0,0
5874,0,1
5874,0,0
5875,0,1
5876,1,1
5876,0,0
5877,1,1
5877,0,0
5878,1,1
5878,0,0
5879,1,1
5879,0,0
5880,1,1
5880,0,0
5881,1,1
5881,0,0
5882,0,1
5882,0,0
5883,0,1
5883,0,0
5888,0,5
5889,0,1
5890,1,1
5890,0,0
5892,0,2
5893,1,1
5893,0,0
5894,1,1
5894,0,0
5895,1,1
5895,0,0
5896,1,1
5896,0,0
5897,1,1
5897,0,0
5898,1,1
5898,0,0
5899,1,1
5899,0,0
5900,1,1
5900,0,0
5901,0,1
5901,0,0
5902,0,1
5902,0,0
5903,0,1
5904,0,1
5904,0,0
5905,0,1
5906,1,1
5906,0,0
5907,1,1
5907,0,0
5908,1,1
5908,0,0
5909,1,1
5912,0,3
5913,0,1
5914,1,1
5914,0,0
5915,1,1
5915,0,0
5916,1,1
5916,0,0
5917,1,1
5917,0,0
5918,1,1
5918,0,0
5919,1,1
5919,0,0
5920,0,1
5920,0,0
5921,0,1
5921,0,0
5922,0,1
5923,1,1
5923,0,0
5924,1,1
5924,0,0
5926,2,2
5926,0,0
5927,1,1
5927,0,0
5928,1,1
5928,0,0
5929,1,1
5929,0,0
5930,1,1
5930,0,0
5931,1,1
5931,0,0
5932,1,1
5937,1,5
5937,0,0
5938,1,1
5938,0,0
5939,1,1
5939,0,0
5940,0,1
5940,0,0
5941,0,1
5941,0,0
5942,0,1
5942,0,0
5944,0,2
5945,1,1
5945,0,0
5946,1,1
5946,0,0
5947,1,1
5947,0,0
5948,1,1
5948,0,0
5949,1,1
5949,0,0
5950,0,1
5950,0,0
5951,0,1
5951,0,0
5952,0,1
5956,0,4
5957,0,1
5958,1,1
5958,0,0
5959,1,1
5959,0,0
5960,1,1
5960,0,0
5961,1,1
5961,0,0
5962,1,1
5962,0,0
5963,1,1
5963,0,0
5964,1,1
5964,0,0
5965,0,1
5965,0,0
5966,0,1
5966,0,0
5967,0,1
5968,1,1
5968,0,0
5969,1,1
5969,0,0
5970,1,1
5970,0,0
5971,1,1
5971,0,0
5972,1,1
5972,0,0
5973,1,1
5973,0,0
5974,1,1
5974,0,0
5975,0,1
5976,1,1
5976,0,0
5977,1,1
5977,0,0
5978,1,1
5980,0,2
5981,0,1
5982,1,1
5982,0,0
5983,1,1
5983,0,0
5984,1,1
5984,0,0
5985,0,1
5985,0,0
5986,0,1
5986,0,0
5987,0,1
5988,1,1
5988,0,0
5989,1,1
5989,0,0
5990,1,1
5990,0,0
5991,1,1
5992,1,1
5996,0,4
5997,0,1
5998,1,1
5998,0,0
5999,1,1
5999,0,0
6000,1,1
6000,0,0
6001,1,1
6001,0,0
6004,0,3
6005,0,1
6006,1,1
6006,0,0
6007,1,1
6007,0,0
6008,1,1
6008,0,0
6009,1,1
6009,0,0
6010,1,1
6010,0,0
6011,1,1
6011,0,0
6012,0,1
6012,0,0
6013,0,1
6014,1,1
6015,0,1
6016,1,1
6016,0,0
6017,1,1
6017,0,0
6018,1,1
6018,0,0
6019,1,1
6019,0,0
6020,1,1
6020,0,0
6021,0,1
6021,0,0
6022,0,1
6022,0,0
6023,0,1
6024,1,1
6024,0,0
6025,1,1
6025,0,0
6026,1,1
6028,0,2
6029,1,1
6029,0,0
6030,1,1
6030,0,0
6031,1,1
6031,0,0
6032,0,1
6032,0,0
6033,0,1
6036,0,3
6037,1,1
6037,0,0
6038,0,1
6038,0,0
6039,0,1
6039,0,0
6040,0,1
6040,0,0
6041,0,1
6041,0,0
6042,0,1
6042,0,0
6043,0,1
6043,0,0
6044,0,1
6044,0,0
6045,0,1
6046,1,1
6046,0,0
6047,1,1
6047,0,0
6048,1,1
6048,0,0
6052,0,4
6053,1,1
6053,0,0
6054,1,1
6054,0,0
6055,1,1
6055,0,0
6056,0,1
6056,0,0
6057,0,1
6058,1,1
6058,0,0
6059,0,1
6060,1,1
6060,0,0
6061,1,1
6061,0,0
6062,1,1
6062,0,0
6064,0,2
6065,1,1
6065,0,0
6066,1,1
6066,0,0
6067,1,1
6067,0,0
6068,1,1
6068,0,0
6069,0,1
6069,0,0
6070,0,1
6070,0,0
6071,0,1
6071,0,0
6072,0,1
6072,0,0
6073,0,1
6073,0,0
6074,0,1
6074,0,0
6075,0,1
6075,0,0
6076,0,1
6076,0,0
6080,0,4
6081,1,1
6081,0,0
6082,1,1
6082,0,0
6083,0,1
6083,0,0
6084,0,1
6084,0,0
6085,0,1
6085,0,0
6086,0,1
6086,0,0
6087,0,1
6087,0,0
6088,0,1
6088,0,0
6089,0,1
6091,1,2
6091,0,0
6092,1,1
6092,0,0
6093,1,1
6093,0,0
6094,1,1
6094,0,0
6095,1,1
6095,0,0
6096,1,1
6096,0,0
6097,1,1
6097,0,0
6098,0,1
6098,0,0
6099,0,1
6099,0,0
6100,0,1
6100,0,0
6101,0,1
6101,0,0
6104,0,3
6105,1,1
6105,0,0
6106,1,1
6106,0,0
6107,1,1
6107,0,0
6108,1,1
6108,0,0
6109,1,1
6109,0,0
6110,1,1
6110,0,0
6111,1,1
6111,0,0
6112,1,1
6112,0,0
6113,1,1
6113,0,0
6116,0,3
6117,1,1
6117,0,0
6118,1,1
6118,0,0
6119,1,1
6119,0,0
6120,1,1
6120,0,0
6121,1,1
6121,0,0
6122,1,1
6122,0,0
6123,1,1
6123,0,0
6124,1,1
6124,0,0
6125,1,1
6125,0,0
6126,1,1
6126,0,0
6127,1,1
6128,0,1
6129,1,1
6129,0,0
6130,1,1
6130,0,0
6131,1,1
6131,0,0
6132,1,1
6132,0,0
6133,1,1
6133,0,0
6134,1,1
6134,0,0
6135,1,1
6136,0,1
6137,1,1
6137,0,0
6138,1,1
6138,0,0
6139,1,1
6139,0,0
6140,1,1
6141,1,1
6141,0,0
6142,1,1
6142,0,0
6143,1,1
6143,0,0
6144,0,1
6144,0,0
6145,0,1
6152,0,7
6153,1,1
6153,0,0
6154,0,1
6154,0,0
6155,0,1
6155,0,0
6156,0,1
6156,0,0
6157,0,1
6157,0,0
6158,0,1
6158,0,0
6159,0,1
6159,0,0
6160,0,1
6160,0,0
6161,0,1
6161,0,0
6162,0,1
6162,0,0
6163,0,1
6163,0,0
6164,0,1
6164,0,0
6165,0,1
6165,0,0
6166,0,1
6166,0,0
6167,0,1
6167,0,0
6168,0,1
6168,0,0
6169,0,1
6169,0,0
6170,0,1
6171,1,1
6171,0,0
6171,0,0
6172,0,1
6172,0,0
6173,0,1
6173,0,0
6174,1,1
6174,0,0
6175,1,1
6175,0,0
6176,1,1
6176,0,0
6180,0,4
6181,0,1
6181,0,0
6182,0,1
6182,0,0
6183,0,1
6183,0,0
6184,0,1
6184,0,0
6185,0,1
6186,1,1
6186,0,0
6187,1,1
6187,0,0
6188,1,1
6188,0,0
6189,1,1
6189,0,0
6190,1,1
6190,0,0
6191,1,1
6191,0,0
6192,1,1
6192,0,0
6193,1,1
6193,0,0
6194,1,1
6194,0,0
6195,1,1
6195,0,0
6196,0,1
6200,0,4
6201,1,1
6201,0,0
6202,1,1
6202,0,0
6203,1,1
6203,0,0
6204,0,1
6204,0,0
6205,0,1
6205,0,0
6206,0,1
6206,0,0
6207,0,1
6207,0,0
6208,0,1
6208,0,0
6209,0,1
6209,0,0
6210,0,1
6210,0,0
6211,0,1
6212,1,1
6212,0,0
6213,1,1
6213,0,0
6214,1,1
6214,0,0
6215,1,1
6215,0,0
6216,0,1
6216,0,0
6217,0,1
6217,0,0
6218,0,1
6219,1,1
6220,0,1
6221,1,1
6221,0,0
6222,1,1
6222,0,0
6223,1,1
6223,0,0
6224,1,1
6224,0,0
6225,1,1
6225,0,0
6226,1,1
6226,0,0
6227,1,1
6227,0,0
6228,1,1
6228,0,0
6229,1,1
6229,0,0
6230,1,1
6232,0,2
6233,1,1
6233,0,0
6234,1,1
6234,0,0
6235,1,1
6235,0,0
6236,1,1
6236,0,0
6237,1,1
6237,0,0
6238,0,1
6238,0,0
6240,0,2
6241,1,1
6241,0,0
6242,1,1
6242,0,0
6243,1,1
6243,0,0
6244,1,1
6244,0,0
6245,1,1
6245,0,0
6246,1,1
6246,0,0
6247,1,1
6247,0,0
6248,1,1
6248,0,0
6249,1,1
6249,0,0
6250,1,1
6250,0,0
6251,1,1
6256,0,5
6257,0,1
6258,1,1
6258,0,0
6259,1,1
6259,0,0
6260,1,1
6260,0,0
6261,1,1
6261,0,0
6262,1,1
6262,0,0
6264,0,2
6264,0,0
6265,0,1
6265,0,0
6266,0,1
6267,1,1
6267,0,0
6268,1,1
6268,0,0
6269,1,1
6269,0,0
6270,1,1
6270,0,0
6271,1,1
6271,0,0
6272,1,1
6272,0,0
6273,1,1
6273,0,0
6274,1,1
6274,0,0
6275,1,1
6275,0,0
6276,1,1
6276,0,0
6277,1,1
6277,0,0
6280,0,3
6281,0,1
6281,0,0
6282,0,1
6282,0,0
6283,0,1
6283,0,0
6284,0,1
6284,0,0
6285,0,1
6286,1,1
6286,0,0
6287,1,1
6287,0,0
6288,1,1
6288,0,0
6289,1,1
6289,0,0
6290,1,1
6290,0,0
6291,1,1
6291,0,0
6292,1,1
6292,0,0
6293,1,1
6293,0,0
6294,1,1
6294,0,0
6295,1,1
6295,0,0
6296,0,1
6296,0,0
6297,0,1
6297,0,0
6298,1,1
6298,0,0
6299,1,1
6299,0,0
6300,0,1
6304,0,4
6308,0,4
6309,1,1
6309,0,0
6310,1,1
6310,0,0
6311,1,1
6311,0,0
6312,1,1
6312,0,0
6313,1,1
6313,0,0
6314,1,1
6314,0,0
6315,0,1
6315,0,0
6316,0,1
6316,0,0
6317,0,1
6317,0,0
6318,0,1
6318,0,0
6319,0,1
6319,0,0
6320,0,1
6321,1,1
6321,0,0
6322,1,1
6322,0,0
6323,1,1
6323,0,0
6324,1,1
6324,0,0
6325,1,1
6325,0,0
6326,1,1
6326,0,0
6327,1,1
6327,0,0
6328,1,1
6328,0,0
6329,1,1
6329,0,0
6329,0,0
6330,0,1
6330,0,0
6331,1,1
6331,0,0
6332,1,1
6332,0,0
6333,1,1
6333,0,0
6334,1,1
6334,0,0
6335,1,1
6335,0,0
6336,1,1
6336,0,0
6337,1,1
6337,0,0
6338,1,1
6338,1,0
6338,1,0
6339,1,1
6340,1,1
6340,0,0
6341,1,1
6341,0,0
6342,1,1
6342,0,0
6343,1,1
6343,0,0
6344,1,1
6344,0,0
6348,0,4
6349,1,1
6349,0,0
6350,0,1
6350,0,0
6352,0,2
6352,0,0
6353,0,1
6354,1,1
6354,0,0
6355,1,1
6355,0,0
6356,1,1
6356,0,0
6357,1,1
6357,0,0
6358,1,1
6358,0,0
6359,1,1
6359,0,0
6360,1,1
6360,0,0
6361,1,1
6361,0,0
6362,1,1
6362,0,0
6364,0,2
6364,0,0
6365,0,1
6365,0,0
6366,0,1
6366,0,0
6367,0,1
6367,0,0
6368,0,1
6369,1,1
6369,0,0
6370,1,1
6370,0,0
6371,1,1
6371,0,0
6372,1,1
6372,0,0
6373,1,1
6373,0,0
6374,1,1
6374,0,0
6375,1,1
6375,0,0
6376,1,1
6376,0,0
6380,0,4
6381,1,1
6381,0,0
6382,1,1
6382,0,0
6383,1,1
6383,0,0
6384,1,1
6384,0,0
6385,1,1
6385,0,0
6386,1,1
6388,0,2
6389,1,1
6389,0,0
6390,1,1
6390,0,0
6391,1,1
6391,0,0
6392,1,1
6392,0,0
6393,1,1
6393,0,0
6394,1,1
6394,0,0
6395,1,1
6395,0,0
6396,1,1
6396,0,0
6397,1,1
6397,0,0
6398,1,1
6398,0,0
6399,1,1
6399,0,0
6400,1,1
6400,0,0
6401,1,1
6401,0,0
6402,1,1
6402,0,0
6403,1,1
6403,0,0
6404,1,1
6404,0,0
6405,1,1
6405,0,0
6406,1,1
6406,0,0
6407,1,1
6408,0,1
6409,1,1
6409,0,0
6410,1,1
6410,0,0
6411,1,1
6411,0,0
6412,1,1
6412,0,0
6413,1,1
6413,0,0
6414,1,1
6414,0,0
6416,0,2
6420,0,4
6421,1,1
6421,0,0
6422,1,1
6422,0,0
6423,1,1
6423,0,0
6424,0,1
6424,0,0
6425,0,1
6425,0,0
6426,0,1
6426,0,0
6427,0,1
6427,0,0
6428,0,1
6428,0,0
6429,0,1
6429,0,0
6430,0,1
6431,1,1
6431,0,0
6432,1,1
6432,0,0
6434,0,2
6434,0,0
6435,0,1
6435,0,0
6436,0,1
6437,1,1
6437,0,0
6438,1,1
6438,0,0
6439,1,1
6439,0,0
6440,1,1
6440,0,0
6441,1,1
6441,0,0
6442,1,1
6442,0,0
6443,1,1
6443,0,0
6444,1,1
6444,0,0
6445,1,1
6445,0,0
6446,1,1
6446,0,0
6448,0,2
6449,1,1
6449,0,0
6450,1,1
6450,0,0
6451,1,1
6451,0,0
6452,1,1
6452,0,0
6453,1,1
6453,0,0
6454,1,1
6454,0,0
6455,0,1
6455,0,0
6456,0,1
6460,0,4
6461,1,1
6461,0,0
6462,1,1
6462,0,0
6463,1,1
6463,0,0
6464,1,1
6468,0,4
6469,1,1
6469,0,0
6470,0,1
6470,0,0
6471,0,1
6471,0,0
6472,0,1
6472,0,0
6473,0,1
6473,0,0
6474,0,1
6474,0,0
6475,0,1
6475,0,0
6476,0,1
6476,0,0
6477,0,1
6477,0,0
6478,0,1
6478,0,0
6479,0,1
6479,0,0
6480,0,1
6480,0,0
6481,0,1
6481,0,0
6482,0,1
6482,0,0
6483,0,1
6483,0,0
6484,0,1
6485,1,1
6485,0,0
6486,1,1
6486,0,0
6487,1,1
6487,0,0
6488,1,1
6488,0,0
6489,1,1
6490,1,1
6490,0,0
6491,1,1
6491,0,0
6492,1,1
6492,0,0
6493,1,1
6493,0,0
6494,1,1
6494,0,0
6495,1,1
6495,0,0
6496,1,1
6496,0,0
6497,1,1
6497,0,0
6498,1,1
6498,0,0
6499,1,1
6499,0,0
6500,0,1
6501,1,1
6501,0,0
6501,0,0
6502,0,1
6502,0,0
6503,0,1
6503,0,0
6512,0,9
6513,0,1
6513,0,0
6514,0,1
6515,1,1
6515,0,0
6516,1,1
6517,0,1
6518,1,1
6518,0,0
6519,1,1
6519,0,0
6520,1,1
6520,0,0
6521,1,1
6521,0,0
6522,1,1
6522,0,0
6523,1,1
6523,0,0
6524,1,1
6524,0,0
6525,1,1
6525,0,0
6526,1,1
6526,0,0
6527,1,1
6527,0,0
6528,1,1
6528,0,0
6529,1,1
6529,0,0
6530,1,1
6530,0,0
6531,1,1
6531,0,0
6532,1,1
6532,0,0
6533,1,1
6533,0,0
6534,0,1
6534,0,0
6535,0,1
6535,0,0
6536,1,1
6536,0,0
6537,1,1
6537,0,0
6538,1,1
6538,0,0
6539,1,1
6539,0,0
6540,1,1
6540,0,0
6541,1,1
6541,0,0
6542,1,1
6542,0,0
6543,1,1
6543,0,0
6544,1,1
6544,0,0
6544,0,0
6545,0,1
6545,0,0
6546,0,1
6546,0,0
6547,1,1
6547,1,0
6547,1,0
6552,5,5
6553,6,1
6553,6,0
6553,0,0
6554,1,1
6554,0,0
6556,0,2
6557,1,1
6557,0,0
6559,2,2
6559,0,0
6560,1,1
6560,0,0
6561,1,1
6561,0,0
6562,1,1
6562,0,0
6563,1,1
6563,0,0
6564,1,1
6564,0,0
6565,1,1
6565,0,0
6566,1,1
6566,0,0
6567,1,1
6567,0,0
6568,1,1
6568,0,0
6569,1,1
6572,0,3
6573,1,1
6573,0,0
6574,1,1
6574,0,0
6575,1,1
6575,0,0
6576,1,1
6576,0,0
6577,1,1
6577,0,0
6578,1,1
6578,0,0
6579,1,1
6579,0,0
6580,1,1
6580,0,0
6581,0,1
6581,0,0
6582,0,1
6582,0,0
6583,0,1
6584,1,1
6584,0,0
6585,1,1
6585,0,0
6586,1,1
6586,0,0
6587,1,1
6587,0,0
6588,1,1
6588,0,0
6589,1,1
6589,0,0
6590,1,1
6590,0,0
6591,1,1
6591,0,0
6592,1,1
6592,0,0
6593,1,1
6593,0,0
6593,0,0
6594,0,1
6594,0,0
6595,1,1
6595,0,0
6596,1,1
6596,0,0
6597,1,1
6597,0,0
6598,1,1
6600,0,2
6604,0,4
6605,1,1
6605,0,0
6606,1,1
6606,0,0
6607,1,1
6607,0,0
6608,1,1
6608,0,0
6609,1,1
6609,0,0
6610,1,1
6610,0,0
6611,1,1
6611,0,0
6612,1,1
6612,0,0
6613,1,1
6613,0,0
6614,1,1
6614,0,0
6615,1,1
6615,0,0
6616,1,1
6616,0,0
6617,1,1
6617,0,0
6618,1,1
6618,0,0
6619,1,1
6619,0,0
6620,1,1
6620,0,0
6624,0,4
6625,0,1
6625,0,0
6626,0,1
6626,0,0
6627,0,1
6627,0,0
6628,0,1
6628,0,0
6629,0,1
6629,0,0
6630,0,1
6630,0,0
6631,0,1
6631,0,0
6632,0,1
6632,0,0
6633,0,1
6634,1,1
6634,0,0
6635,1,1
6635,0,0
6636,1,1
6636,0,0
6637,1,1
6637,0,0
6638,1,1
6638,0,0
6640,0,2
6641,1,1
6641,0,0
6642,1,1
6642,0,0
6643,1,1
6643,0,0
6644,1,1
6644,0,0
6645,1,1
6645,0,0
6646,1,1
6646,0,0
6647,1,1
6647,0,0
6648,1,1
6648,0,0
6649,0,1
6649,0,0
6650,0,1
6650,0,0
6651,0,1
6651,0,0
6652,1,1
6652,0,0
6653,1,1
6653,0,0
6654,1,1
6656,0,2
6657,1,1
6657,0,0
6658,1,1
6658,0,0
6659,1,1
6659,0,0
6660,1,1
6664,0,4
6665,1,1
6665,0,0
6666,0,1
6666,0,0
6667,0,1
6667,0,0
6668,0,1
6668,0,0
6669,0,1
6669,0,0
6670,0,1
6670,0,0
6671,0,1
6671,0,0
6672,0,1
6672,0,0
6673,0,1
6673,0,0
6674,0,1
6674,0,0
6675,0,1
6675,0,0
6676,0,1
6676,0,0
6680,0,4
6681,1,1
6681,0,0
6682,1,1
6682,0,0
6683,1,1
6683,0,0
6684,1,1
6684,0,0
6685,1,1
6685,0,0
6686,1,1
6686,0,0
6687,1,1
6687,0,0
6688,0,1
6688,0,0
6689,0,1
6690,1,1
6690,0,0
6691,1,1
6691,0,0
6692,1,1
6692,0,0
6693,1,1
6693,0,0
6694,1,1
6694,0,0
6695,1,1
6695,0,0
6696,1,1
6696,0,0
6697,1,1
6697,0,0
6698,1,1
6698,0,0
6699,1,1
6699,0,0
6700,1,1
6700,0,0
6701,1,1
6701,0,0
6701,0,0
6702,0,1
6702,0,0
6703,1,1
6703,0,0
6704,1,1
6708,0,4
6709,1,1
6709,0,0
6710,1,1
6710,0,0
6711,1,1
6711,0,0
6712,0,1
6712,0,0
6713,1,1
6716,0,3
6717,1,1
6717,0,0
6718,1,1
6718,0,0
6719,1,1
6719,0,0
6720,1,1
6720,0,0
6721,1,1
6721,0,0
6722,1,1
6722,0,0
6723,1,1
6723,0,0
6724,1,1
6724,0,0
6725,1,1
6725,0,0
6726,1,1
6726,0,0
6727,1,1
6727,0,0
6728,1,1
6728,0,0
6729,1,1
6729,0,0
6730,1,1
6730,0,0
6731,1,1
6731,0,0
6732,1,1
6732,0,0
6733,1,1
6733,0,0
6734,1,1
6734,0,0
6735,1,1
6735,0,0
6735,0,0
6736,0,1
6736,0,0
6737,0,1
6737,0,0
6738,1,1
6738,0,0
6739,1,1
6739,0,0
6740,1,1
6740,0,0
6741,1,1
6741,0,0
6741,0,0
6742,0,1
6742,0,0
6744,1,2
6744,0,0
6745,1,1
6745,0,0
6746,1,1
6746,0,0
6747,1,1
6747,0,0
6747,0,0
6748,0,1
6748,0,0
6749,0,1
6749,0,0
6750,0,1
6751,1,1
6751,0,0
6752,1,1
6752,0,0
6753,1,1
6756,0,3
6760,0,4
6761,0,1
6762,1,1
6762,0,0
6763,1,1
6763,0,0
6764,1,1
6764,0,0
6765,1,1
6765,0,0
6766,1,1
6766,0,0
6767,1,1
6767,0,0
6768,1,1
6768,0,0
6769,1,1
6769,0,0
6770,1,1
6770,0,0
6771,1,1
6771,0,0
6772,1,1
6772,0,0
6773,1,1
6773,0,0
6774,1,1
6774,0,0
6775,1,1
6775,0,0
6776,1,1
6776,0,0
6777,1,1
6777,0,0
6778,1,1
6778,0,0
6779,1,1
6779,0,0
6780,1,1
6780,0,0
6781,1,1
6781,0,0
6782,1,1
6782,0,0
6782,0,0
6783,0,1
6783,0,0
6784,0,1
6785,1,1
6785,0,0
6786,1,1
6786,0,0
6787,1,1
6787,0,0
6788,1,1
6788,1,0
6788,0,0
6792,4,4
6793,1,1
6793,0,0
6794,1,1
6794,0,0
6795,1,1
6796,0,1
6796,0,0
6797,0,1
6797,0,0
6798,0,1
6798,0,0
6799,0,1
6799,0,0
6800,0,1
6800,0,0
6801,0,1
6801,0,0
6802,0,1
6802,0,0
6803,0,1
6803,0,0
6808,0,5
6809,1,1
6809,0,0
6810,1,1
6810,0,0
6811,1,1
6811,0,0
6812,1,1
6812,0,0
6813,1,1
6813,0,0
6814,1,1
6814,0,0
6815,1,1
6815,0,0
6816,1,1
6816,0,0
6817,1,1
6817,0,0
6818,1,1
6818,0,0
6819,1,1
6819,0,0
6820,0,1
6820,0,0
6821,0,1
6821,0,0
6822,0,1
6822,0,0
6823,0,1
6823,0,0
6824,0,1
6824,0,0
6825,0,1
6825,0,0
6826,0,1
6826,0,0
6827,1,1
6827,0,0
6828,1,1
6828,0,0
6829,1,1
6829,0,0
6830,1,1
6830,0,0
6831,1,1
6831,0,0
6832,1,1
6832,0,0
6833,1,1
6835,0,2
6836,1,1
6836,0,0
6837,1,1
6837,0,0
6838,1,1
6838,0,0
6839,1,1
6839,0,0
6840,1,1
6840,0,0
6841,1,1
6841,0,0
6842,0,1
6842,0,0
6843,0,1
6843,0,0
6844,1,1
6844,0,0
6845,1,1
6845,0,0
6846,1,1
6846,0,0
6847,1,1
6847,0,0
6848,1,1
6848,0,0
6849,1,1
6849,0,0
