time (ms)
12
26
36
47
57
68
78
89
100
110
121
131
142
153
164
175
185
195
206
216
227
237
247
258
268
279
290
300
311
322
332
343
353
364
375
385
395
405
417
427
438
449
459
469
480
490
501
511
521
531
542
553
563
574
586
596
607
617
627
637
648
659
669
679
689
700
712
722
732
742
753
763
774
785
795
805
816
828
838
849
859
870
881
892
902
912
922
932
942
952
964
974
984
995
1005
1016
1026
1036
1046
1056
1066
1077
1087
1098
1108
1118
1128
1139
1149
1160
1170
1180
1190
1200
1210
1221
1231
1242
1252
1263
1273
1284
1294
1304
1314
1328
1338
1348
1360
1371
1388
1399
1413
1423
1434
1444
1455
1465
1476
1486
1496
1507
1517
1528
1538
1549
1559
1569
1580
1590
1600
1610
1621
1631
1642
1652
1663
1673
1683
1694
1704
1715
1725
1736
1746
1757
1767
1777
1788
1798
1809
1820
1830
1841
1851
1862
1872
1883
1893
1904
1914
1925
1935
1945
1956
1966
1976
1987
1997
2008
2018
2029
2039
2050
2064
2074
2085
2095
2106
2116
2126
2136
2146
2156
2166
2176
2187
2197
2207
2218
2228
2238
2248
2258
2268
2278
2290
2300
2310
2320
2330
2340
2352
2362
2372
2382
2392
2402
2414
2424
2434
2445
2455
2465
2476
2486
2497
2507
2517
2527
2538
2552
2562
2573
2583
2593
2604
2614
2624
2635
2645
2655
2665
2675
2685
2696
2706
2717
2727
2738
2748
2759
2769
2780
2790
2801
2811
2822
2832
2843
2853
2863
2874
2884
2895
2905
2916
2926
2936
2947
2957
2968
2978
2989
2999
3010
3021
3031
3042
3052
3063
3073
3084
3094
3105
3115
3125
3136
3147
3157
3168
3178
3188
3199
3209
3220
3230
3241
3251
3261
3272
3282
3293
3303
3314
3324
3335
3345
3355
3366
3376
3387
3397
3408
3418
3429
3439
3450
3461
3471
3481
3492
3502
3513
3523
3533
3543
3554
3564
3574
3585
3595
3606
3616
3626
3637
3647
3658
3668
3679
3689
3700
3710
3721
3732
3742
3752
3762
3773
3783
3793
3804
3814
3824
3834
3845
3855
3866
3876
3887
3897
3908
3918
3929
3939
3950
3961
3971
3982
3992
4003
4013
4023
4033
4044
4054
4065
4077
4089
4099
4110
4121
4131
4143
4168
4178
4188
4198
4208
4218
4228
4240
4250
4260
4270
4280
4290
4301
4313
4323
4333
4343
4353
4363
4374
4384
4394
4404
4415
4425
4435
4446
4456
4467
4477
4488
4498
4508
4519
4529
4540
4550
4561
4571
4581
4591
4602
4612
4622
4633
4643
4654
4664
4675
4685
4695
4706
4716
4727
4737
4748
4758
4768
4779
4789
4800
4810
4821
4831
4841
4852
4862
4873
4883
4893
4904
4914
4925
4935
4945
4955
4965
4975
4986
4997
5007
5018
5028
5039
5049
5059
5069
5080
5090
5100
5111
5121
5131
5141
5152
5162
5172
5183
5193
5203
5213
5223
5234
5244
5254
5265
5275
5286
5296
5307
5317
5328
5338
5348
5359
5369
5379
5389
5400
5410
5421
5431
5442
5452
5463
5473
5485
5495
5505
5516
5526
5537
5547
5557
5567
5578
5588
5599
5609
5620
5630
5640
5651
5661
5671
5681
5692
5702
5712
5723
5733
5743
5753
5764
5774
5785
5795
5805
5816
5826
5837
5847
5858
5868
5878
5889
5899
5909
5919
5930
5940
5950
5960
5970
5981
5991
6001
6011
6022
6032
6043
6053
6063
6074
6084
6095
6105
6116
6126
6136
6147
6157
6167
6177
6188
6198
6208
6219
6229
6240
6250
6261
6271
6281
6292
6302
6313
6324
6335
6345
6356
6367
6377
6387
6397
6407
6418
6428
6439
6449
6459
6470
6480
6491
6501
6512
6522
6533
6543
6553
6564
6574
6585
6595
6605
6616
6626
6637
6647
6658
6668
6678
6689
6699
6710
6720
6731
6741
6751
6762
6772
6783
6793
6804
6814
6825
6835
6845
6856
6866
6876
6886
6897
6907
6917
6928
6938
6949
6959
6970
6980
6990
7001
7011
7022
7032
7043
7053
7065
7076
7086
7096
7106
7117
7127
7137
7148
7158
7168
7178
7189
7199
7210
7220
7230
7241
7251
7261
7271
7282
7292
7303
7313
7323
7334
7345
7355
7365
7375
7386
7396
7406
7417
7427
7438
7448
7459
7469
7480
7490
7501
7511
7522
7532
7543
7553
7563
7574
7584
7594
7604
7614
7625
7635
7645
7655
7666
7676
7686
7697
7707
7717
7727
7738
7748
7759
7769
7780
7791
7801
7811
7821
7831
7842
7853
7864
7874
7884
7894
7905
7915
7926
7936
7946
7957
7967
7977
7987
7998
8008
8018
8029
8039
8050
8060
8070
8080
8091
8101
8112
8122
8132
8143
8153
8164
8174
8185
8195
8205
8216
8226
8237
8248
8258
8269
8279
8289
8300
8310
8321
8331
8341
8352
8362
8373
8383
8394
8404
8415
8425
8436
8446
8456
8467
8477
8488
8498
8509
8519
8529
8539
8550
8560
8570
8580
8590
8601
8611
8621
8631
8642
8652
8662
8673
8683
8694
8705
8715
8725
8736
8746
8756
8766
8777
8787
8798
8808
8819
8829
8840
8850
8861
8871
8881
8892
8903
8913
8923
8934
8944
8955
8965
8976
8986
8997
9007
9017
9028
9038
9049
9059
9070
9080
9090
9101
9111
9121
9131
9142
9152
9162
9172
9183
9193
9203
9214
9224
9235
9245
9256
9266
9276
9287
9297
9308
9318
9329
9339
9349
9360
9370
9381
9391
9402
9412
9422
9433
9443
9453
9463
9474
9484
9494
9505
9515
9526
9536
9547
9557
9568
9578
9589
9599
9609
9620
9630
9641
9651
9661
9671
9682
9692
9702
9713
9723
9733
9743
9754
9764
9774
9785
9796
9807
9817
9828
9838
9848
9859
9869
9880
9890
9901
9911
9921
9932
9942
9953
9963
9973
9983
9994
10004
10015
10025
10036
10046
10057
10067
10077
10088
10098
10108
10118
10129
10139
10149
10160
10170
10181
10191
10202
10212
10223
10233
10244
10254
10265
10275
10285
10296
10306
10317
10327
10338
10348
10358
10368
10379
10389
10400
10410
10420
10431
10441
10451
10461
10472
10482
10493
10503
10513
10524
10534
10545
10555
10566
10576
10586
10597
10607
10617
10627
10638
10648
10658
10669
10679
10689
10699
10710
10720
10730
10741
10751
10762
10772
10783
10793
10804
10814
10825
10835
10846
10856
10866
10877
10887
10897
10907
10918
10928
10938
10949
10959
10970
10981
10992
11002
11012
11023
11033
11043
11053
11064
11074
11084
11095
11105
11116
11126
11137
11147
11158
11168
11179
11189
11200
11210
11220
11231
11241
11251
11261
11272
11282
11292
11303
11313
11324
11334
11345
11355
11366
11376
11387
11397
11407
11418
11428
11439
11450
11460
11471
11481
11492
11502
11513
11523
11533
11544
11554
11565
11575
11586
11596
11606
11617
11627
11638
11648
11659
11669
11679
11690
11700
11711
11721
11732
11742
11753
11763
11774
11784
11795
11805
11815
11826
11836
11847
11857
11868
11878
11888
11899
11909
11920
11930
11941
11951
11962
11972
11982
11993
12003
12014
12024
12035
12045
12056
12067
12078
12088
12099
12109
12120
12130
12141
12151
12161
12172
12182
12192
12202
12213
12223
12233
12243
12253
12264
12274
12285
12295
12306
12316
12327
12337
12348
12359
12369
12379
12389
12400
12410
12420
12431
12441
12452
12462
12472
12483
12493
12504
12514
12524
12535
12545
12556
12566
12577
12587
12597
12607
12617
12627
12638
12648
12658
12669
12679
12689
12700
12710
12721
12731
12742
12752
12763
12773
12783
12794
12804
12815
12825
12835
12846
12856
12866
12876
12887
12897
12907
12918
12928
12938
12948
12959
12969
12980
12990
13001
13011
13022
13032
13042
13053
13063
13074
13084
13094
13104
13114
13125
13135
13146
13156
13166
13176
13187
13197
13207
13218
13228
13238
13248
13259
13269
13280
13290
13300
13311
13321
13331
13341
13352
13362
13372
13383
13393
13403
13413
13424
13434
13444
13455
13465
13476
13486
13496
13507
13517
13528
13538
13549
13559
13569
13580
13591
13601
13612
13622
13633
13643
13653
13664
13674
13685
13695
13705
13715
13726
13736
13746
13757
13767
13778
13788
13798
13809
13819
13829
13839
13849
13860
13870
13881
13891
13902
13912
13922
13933
13943
13953
13963
13974
13984
13994
14005
14015
14026
14036
14046
14057
14067
14078
14088
14098
14109
14119
14130
14140
14151
14161
14172
14182
14193
14203
14213
14224
14234
14245
14255
14265
14275
14286
14296
14306
14317
14327
14338
14348
14359
14369
14380
14390
14400
14411
14421
14432
14442
14452
14463
14473
14484
14494
14504
14514
14524
14534
14545
14555
14565
14576
14586
14596
14606
14617
14627
14637
14648
14658
14669
14679
14689
14700
14710
14721
14731
14742
14752
14762
14773
14783
14793
14803
14814
14824
14834
14845
14855
14866
14876
14886
14897
14907
14918
14928
14939
14949
14959
14970
14980
14990
15000
15011
15021
15032
15042
15053
15063
15073
15084
15094
15105
15115
15126
15136
15146
15157
15167
15178
15188
15199
15209
15219
15229
15240
15250
15260
15271
15281
15292
15302
15312
15323
15333
15344
15354
15364
15374
15385
15395
15405
15416
15426
15437
15447
15457
15468
15478
15489
15499
15510
15520
15530
15541
15551
15561
15571
15581
15591
15601
15612
15622
15633
15643
15654
15665
15675
15685
15696
15706
15716
15726
15737
15747
15757
15768
15778
15789
15799
15810
15820
15830
15841
15851
15861
15871
15882
15892
15902
15912
15923
15933
15944
15954
15964
15975
15985
15996
16006
16017
16027
16038
16048
16058
16069
16079
16090
16100
16111
16121
16132
16142
16152
16163
16173
16184
16194
16205
16215
16225
16236
16246
16257
16267
16278
16288
16298
16309
16319
16330
16340
16351
16361
16371
16382
16392
16403
16413
16424
16434
16444
16455
16465
16475
16485
16496
16506
16516
16527
16537
16548
16558
16569
16579
16589
16600
16610
16621
16631
16642
16652
16662
16673
16683
16694
16704
16715
16725
16736
16746
16756
16767
16777
16787
16797
16808
16818
16828
16839
16849
16860
16870
16881
16891
16901
16912
16922
16932
16942
16953
16963
16973
16984
16994
17005
17015
17026
17037
17047
17057
17068
17078
17088
17098
17109
17119
17130
17140
17151
17161
17172
17182
17193
17203
17213
17224
17234
17245
17255
17266
17276
17286
17296
17307
17317
17328
17338
17348
17359
17369
17380
17390
17400
17410
17421
17432
17442
17453
17464
17475
17485
17495
17505
17515
17525
17536
17547
17557
17568
17579
17589
17600
17610
17621
17631
17642
17652
17662
17673
17683
17694
17704
17715
17726
17736
17747
17758
17768
17779
17789
17799
17810
17820
17830
17840
17851
17861
17871
17882
17892
17902
17913
17923
17934
17944
17955
17965
17976
17986
17997
18007
18017
18028
18038
18049
18059
18069
18080
18090
18101
18111
18122
18132
18142
18153
18163
18174
18184
18195
18205
18216
18226
18237
18247
18258
18268
18278
18289
18299
18310
18320
18331
18341
18352
18362
18373
18383
18393
18404
18414
18425
18435
18445
18456
18466
18477
18487
18498
18508
18518
18529
18539
18549
18560
18571
18581
18592
18603
18613
18623
18633
18643
18653
18664
18674
18685
18696
18706
18717
18727
18738
18748
18759
18769
18780
18790
18800
18811
18821
18831
18841
18852
18862
18872
18883
18893
18903
18914
18924
18935
18945
18956
18966
18977
18987
18998
19008
19019
19029
19040
19050
19060
19071
19081
19092
19102
19113
19123
19134
19144
19155
19165
19176
19186
19197
19207
19217
19228
19238
19249
19259
19270
19280
19291
19301
19311
19321
19332
19342
19352
19363
19373
19384
19394
19405
19415
19425
19436
19446
19457
19467
19478
19488
19499
19509
19520
19530
19540
19551
19561
19572
19582
19593
19603
19613
19624
19634
19645
19655
19666
19676
19687
19697
19707
19717
19727
19737
19748
19758
19769
19779
19789
19800
19810
19821
19831
19842
19852
19863
19873
19883
19894
19904
19915
19925
19936
19946
19957
19967
19977
19988
19998
20009
20019
20029
20039
20049
20059
20070
20080
20090
20101
20111
20122
20132
20142
20152
20162
20173
20183
20194
20204
20215
20225
20236
20246
20257
20267
20278
20288
20298
20309
20319
20330
20340
20351
20361
20372
20382
20392
20403
20413
20424
20434
20445
20455
20466
20476
20486
20497
20507
20518
20528
20539
20549
20559
20570
20580
20591
20601
20611
20621
20632
20642
20653
20663
20674
20684
20695
20705
20716
20726
20736
20747
20757
20767
20777
20788
20798
20808
20819
20829
20840
20850
20861
20871
20882
20892
20903
20913
20924
20935
20945
20956
20966
20977
20987
20998
21008
21018
21029
21039
21049
21060
21070
21081
21091
21101
21112
21122
21133
21143
21153
21164
21174
21184
21194
21205
21215
21226
21236
21246
21257
21267
21278
21288
21298
21309
21319
21330
21340
21350
21361
21371
21382
21392
21403
21413
21423
21434
21444
21455
21465
21475
21486
21496
21507
21517
21528
21538
21548
21559
21569
21580
21590
21601
21611
21621
21632
21642
21653
21663
21673
21684
21694
21705
21715
21726
21736
21746
21757
21767
21778
21788
21799
21809
21819
21829
21840
21850
21860
21871
21881
21891
21901
21912
21922
21932
21943
21953
21964
21974
21985
21995
22005
22016
22026
22037
22047
22057
22069
22079
22089
22100
22110
22120
22131
22141
22151
22161
22172
22182
22192
22203
22213
22224
22234
22245
22255
22265
22276
22286
22297
22307
22317
22327
22337
22348
22358
22368
22378
22389
22399
22409
22420
22430
22441
22451
22461
22472
22482
22493
22503
22513
22524
22534
22545
22555
22565
22576
22586
22597
22607
22618
22628
22638
22649
22659
22670
22680
22690
22701
22711
22721
22732
22742
22753
22764
22774
22785
22795
22805
22816
22827
22837
22847
22858
22868
22882
22892
22903
22913
22923
22934
22944
22955
22965
22975
22986
22996
23007
23017
23027
23038
23048
23058
23069
23079
23089
23099
23109
23119
23130
23140
23150
23161
23172
23182
23193
23203
23213
23224
23234
23245
23255
23266
23276
23286
23297
23307
23318
23328
23338
23348
23358
23369
23379
23390
23400
23410
23420
23431
23441
23452
23462
23472
23483
23493
23504
23514
23525
23535
23545
23556
23566
23576
23587
23597
23608
23618
23629
23639
23649
23660
23670
23680
23690
23701
23711
23721
23731
23742
23752
23763
23773
23783
23794
23804
23815
23825
23836
23846
23856
23867
23877
23887
23897
23908
23918
23928
23939
23949
23960
23970
23981
23991
24001
24012
24022
24033
24043
24053
24064
24074
24085
24095
24106
24116
24126
24137
24148
24158
24168
24179
24189
24200
24210
24220
24231
24241
24252
24262
24273
24283
24293
24303
24313
24324
24334
24344
24355
24365
24376
24386
24396
24407
24417
24428
24438
24448
24459
24469
24480
24490
24500
24510
24521
24531
24541
24551
24561
24571
24582
24592
24603
24613
24624
24634
24644
24655
24666
24676
24687
24697
24707
24718
24728
24739
24749
24759
24770
24780
24791
24801
24812
24822
24833
24843
24853
24864
24874
24885
24895
24905
24916
24926
24937
24947
24957
24968
24979
24989
24999
25010
25020
25030
25041
25051
25062
25072
25082
25093
25103
25113
25123
25133
25144
25154
25165
25175
25186
25196
25206
25217
25227
25238
25248
25258
25269
25279
25290
25300
25311
25321
25331
25342
25352
25363
25373
25384
25394
25405
25415
25425
25436
25446
25456
25466
25477
25487
25497
25508
25518
25529
25539
25549
25559
25570
25580
25590
25601
25611
25622
25632
25642
25653
25663
25674
25684
25694
25705
25715
25726
25736
25747
25757
25767
25778
25788
25799
25809
25819
25830
25840
25851
25861
25872
25882
25892
25903
25913
25924
25934
25945
25955
25966
25976
25986
25997
26007
26017
26027
26038
26048
26058
26069
26079
26090
26100
26110
26121
26131
26142
26152
26163
26173
26184
26194
26204
26215
26225
26236
26246
26257
26267
26277
26287
26297
26308
26318
26328
26339
26349
26360
26370
26380
26391
26401
26412
26422
26432
26443
26453
26463
26473
26483
26493
26504
26514
26524
26535
26545
26556
26566
26577
26587
26598
26608
26618
26629
26639
26650
26660
26670
26681
26691
26702
26712
26722
26733
26743
26754
26764
26775
26785
26796
26806
26816
26827
26837
26847
26857
26868
26878
26888
26899
26909
26919
26929
26940
26950
26960
26971
26981
26992
27002
27012
27023
27033
27043
27053
27064
27075
27085
27096
27106
27117
27127
27137
27148
27158
27169
27179
27190
27200
27210
27221
27231
27242
27252
27262
27273
27283
27293
27303
27313
27324
27334
27345
27355
27366
27376
27386
27397
27407
27417
27427
27437
27448
27458
27469
27479
27490
27500
27510
27521
27531
27542
27552
27562
27572
27583
27593
27603
27614
27624
27635
27648
27658
27669
27679
27690
27700
27710
27721
27731
27741
27752
27762
27773
27783
27794
27804
27814
27825
27835
27846
27856
27867
27877
27888
27898
27909
27919
27929
27939
27949
27960
27970
27981
27991
28001
28011
28021
28032
28042
28052
28062
28072
28082
28093
28103
28113
28123
28133
28144
28154
28165
28175
28186
28196
28207
28217
28228
28238
28248
28258
28269
28279
28289
28300
28310
28320
28330
28340
28350
28360
28370
28380
28390
28400
28410
28420
28431
28441
28451
28462
28472
28482
28493
28503
28513
28523
28534
28544
28554
28564
28574
28584
28594
28604
28614
28624
28634
28644
28654
28664
28674
28685
28695
28705
28716
28726
28736
28747
28757
28768
28778
28788
28798
28809
28819
28830
28844
28854
28864
28874
28884
28894
28904
28914
28924
28934
28945
28955
28966
28976
28986
28996
29007
29017
29027
29038
29048
29059
29069
29080
29090
29101
29111
29122
29132
29142
29153
29163
29174
29184
29195
29206
29217
29227
29238
29248
29258
29269
29280
29290
29300
29310
29320
29331
29341
29351
29361
29372
29382
29392
29402
29413
29423
29433
29443
29454
29464
29474
29484
29494
29504
29514
29524
29534
29544
29554
29564
29574
29585
29595
29605
29616
29626
29636
29646
29657
29667
29678
29688
29698
29709
29719
29729
29739
29749
29759
29770
29780
29790
29801
29811
29821
29832
29842
29852
29863
29873
29883
29894
29904
29914
29925
29935
29945
29956
29966
29976
29987
29997
30007
30018
30028
30038
30049
30059
30069
30080
30090
30100
30110
30121
30131
30141
30151
30161
30171
30181
30191
30201
30211
30222
30232
30242
30252
30263
30273
30283
30294
30304
30314
30325
30335
30345
30355
30366
30376
30387
30398
30409
30419
30429
30441
30451
30461
30472
30482
30492
30502
30512
30523
30533
30543
30554
30564
30574
30584
30595
30605
30616
30627
30637
30648
30658
30669
30679
30690
30701
30711
30721
30732
30742
30752
30763
30773
30783
30793
30804
30815
30825
30836
30846
30856
30867
30877
30888
30898
30909
30920
30930
30940
30950
30961
30972
30982
30992
31003
31013
31024
31035
31045
31056
31066
31076
31087
31097
31108
31119
31129
31139
31150
31160
31171
31181
31192
31202
31213
31224
31234
31244
31255
31266
31276
31286
31297
31307
31317
31327
31338
31349
31359
31369
31379
31389
31399
31410
31420
31431
31441
31451
31461
31471
31481
31491
31501
31511
31522
31532
31543
31553
31564
31574
31585
31595
31605
31616
31627
31637
31648
31658
31668
31679
31689
31699
31710
31720
31731
31741
31752
31762
31773
31783
31794
31804
31815
31825
31836
31846
31857
31867
31878
31889
31899
31910
31920
31930
31941
31951
31962
31972
31982
31993
32003
32013
32023
32033
32044
32054
32065
32077
32087
32098
32108
32118
32129
32139
32150
32160
32170
32181
32191
32201
32211
32222
32232
32242
32253
32263
32273
32283
32294
32304
32314
32325
32335
32345
32355
32365
32376
32386
32397
32407
32418
32428
32439
32449
32459
32470
32480
32491
32501
32511
32522
32533
32543
32553
32564
32574
32585
32595
32605
32616
32626
32637
32647
32658
32668
32679
32689
32700
32710
32721
32732
32742
32752
32762
32773
32783
32794
32804
32815
32825
32835
32846
32856
32867
32877
32887
32898
32908
32919
32929
32939
32950
32960
32971
32981
32992
33002
33013
33023
33033
33044
33054
33065
33075
33085
33096
33106
33117
33127
33138
33148
33158
33169
33179
33189
33199
33210
33220
33230
33241
33251
33262
33272
33282
33293
33303
33314
33324
33335
33345
33356
33366
33376
33387
33397
33407
33417
33428
33438
33448
33459
33469
33480
33490
33500
33511
33521
33532
33542
33552
33563
33573
33584
33594
33604
33615
33625
33636
33646
33656
33667
33677
33687
33697
33708
33718
33728
33739
33749
33760
33770
33780
33791
33801
33811
33821
33832
33842
33852
33863
33873
33883
33894
33905
33915
33926
33936
33947
33957
33967
33978
33988
33999
34009
34019
34029
34040
34050
34060
34071
34082
34092
34102
34112
34122
34132
34143
34153
34164
34174
34185
34195
34206
34216
34227
34237
34247
34257
34267
34278
34288
34299
34309
34320
34330
34341
34351
34362
34372
34383
34393
34404
34414
34425
34435
34446
34456
34466
34476
34487
34497
34508
34519
34531
34541
34551
34562
34573
34583
34593
34604
34614
34625
34635
34646
34656
34667
34677
34688
34699
34709
34720
34730
34741
34752
34762
34772
34782
34793
34804
34814
34824
34834
34845
34855
34866
34876
34887
34897
34908
34918
34929
34940
34950
34960
34970
34981
34991
35001
35012
35022
35033
35043
35054
35064
35074
35085
35095
35106
35117
35127
35137
35147
35157
35167
35178
35188
35199
35209
35219
35229
35240
35250
35261
35271
35281
35291
35301
35311
35322
35332
35344
35355
35365
35375
35385
35395
35405
35415
35426
35436
35446
35456
35467
35477
35487
35498
35508
35518
35529
35539
35550
35560
35571
35581
35591
35601
35612
35623
35633
35643
35653
35663
35673
35683
35694
35704
35715
35725
35736
35747
35757
35768
35778
35789
35799
35810
35820
35831
35841
35852
35863
35873
35884
35894
35904
35915
35925
35936
35946
35957
35967
35977
35988
35999
36010
36021
36031
36042
36052
36063
36074
36084
36094
36104
36114
36125
36135
36146
36156
36167
36177
36188
36198
36209
36220
36230
36241
36251
36262
36272
36282
36292
36303
36314
36325
36336
36346
36357
36368
36378
36390
36400
36411
36422
36432
36444
36454
36465
36475
36486
36496
36507
36517
36528
36539
36549
36559
36569
36579
36589
36600
36610
36621
36631
36641
36652
36662
36673
36683
36694
36704
36714
36724
36734
36744
36755
36766
36776
36786
36796
36807
36818
36828
36838
36848
36859
36869
36879
36889
36899
36909
36919
36929
36939
36949
36960
36970
36981
36991
37002
37012
37022
37032
37043
37054
37065
37076
37087
37097
37108
37118
37128
37139
37149
37160
37170
37180
37191
37201
37212
37222
37232
37243
37253
37263
37273
37284
37294
37304
37315
37325
37335
37345
37356
37366
37376
37387
37397
37408
37418
37428
37439
37449
37460
37470
37481
37491
37501
37512
37522
37533
37543
37553
37564
37574
37585
37595
37605
37616
37626
37637
37647
37657
37668
37684
37694
37705
37715
37726
37736
37746
37757
37767
37777
37788
37798
37809
37819
37830
37840
37850
37861
37871
37882
37892
37903
37913
37924
37934
37944
37955
37965
37976
37986
37996
38007
38018
38029
38039
38049
38060
38070
38081
38091
38101
38112
38122
38133
38143
38153
38164
38174
38184
38194
38205
38215
38225
38236
38246
38257
38267
38278
38288
38299
38309
38320
38330
38340
38351
38361
38372
38382
38392
38403
38413
38423
38433
38444
38454
38464
38475
38485
38496
38506
38516
38527
38537
38548
38558
38568
38579
38589
38600
38610
38620
38631
38641
38652
38662
38672
38683
38693
38703
38713
38723
38733
38744
38754
38764
38775
38785
38796
38806
38817
38827
38837
38848
38858
38869
38879
38889
38900
38910
38921
38931
38941
38952
38962
38973
38983
38993
39004
39014
39025
39035
39045
39055
39065
39075
39085
39095
39105
39116
39127
39137
39147
39157
39167
39177
39188
39198
39208
39219
39229
39240
39250
39260
39270
39281
39291
39301
39312
39322
39333
39343
39354
39364
39375
39385
39396
39406
39416
39427
39437
39447
39457
39468
39478
39488
39499
39509
39520
39530
39540
39551
39561
39572
39582
39593
39603
39613
39624
39634
39644
39654
39664
39674
39685
39695
39705
39716
39726
39737
39747
39757
39768
39778
39789
39799
39810
39820
39830
39841
39851
39862
39872
39882
39893
39903
39914
39924
39934
39945
39955
39966
39976
39986
39997
40007
40018
40028
40038
40049
40059
40069
40079
40090
40100
40111
40121
40132
40142
40152
40163
40173
40184
40194
40205
40215
40225
40236
40246
40257
40267
40277
40288
40298
40309
40319
40329
40340
40350
40361
40371
40381
40392
40402
40413
40423
40433
40444
40454
40465
40475
40486
40496
40506
40517
40527
40537
40547
40557
40568
40578
40589
40600
40610
40620
40630
40641
40651
40662
40672
40682
40693
40703
40714
40724
40734
40745
40755
40766
40776
40786
40797
40807
40818
40828
40839
40849
40860
40870
40881
40891
40901
40912
40922
40933
40943
40954
40964
40974
40985
40995
41006
41016
41027
41037
41048
41058
41068
41079
41089
41100
41110
41120
41131
41141
41152
41162
41172
41183
41193
41204
41214
41224
41235
41245
41255
41265
41276
41286
41296
41307
41317
41328
41338
41349
41359
41369
41379
41389
41400
41410
41420
41431
41441
41452
41462
41472
41483
41493
41504
41514
41525
41535
41545
41556
41566
41577
41587
41598
41608
41619
41629
41639
41649
41660
41670
41681
41691
41701
41712
41722
41733
41743
41754
41764
41774
41785
41795
41806
41816
41827
41837
41848
41858
41869
41879
41889
41900
41910
41920
41930
41941
41951
41962
41972
41982
41993
42003
42014
42024
42034
42045
42055
42065
42076
42086
42097
42107
42118
42128
42139
42149
42160
42170
42180
42191
42201
42212
42222
42232
42243
42253
42263
42273
42284
42294
42304
42315
42325
42336
42346
42357
42367
42377
42388
42398
42409
42419
42429
42440
42450
42461
42471
42481
42492
42502
42513
42523
42533
42544
42554
42565
42575
42585
42596
42606
42617
42627
42637
42648
42658
42669
42679
42689
42700
42710
42721
42731
42742
42752
42762
42773
42784
42794
42804
42814
42825
42835
42846
42856
42867
42877
42887
42898
42908
42919
42929
42939
42950
42960
42970
42980
42991
43001
43012
43022
43033
43043
43053
43064
43074
43085
43095
43105
43116
43126
43137
43147
43158
43168
43178
43189
43199
43210
43220
43231
43241
43251
43262
43272
43283
43293
43304
43314
43324
43335
43345
43356
43366
43376
43387
43397
43407
43417
43428
43438
43448
43459
43469
43480
43490
43500
43511
43521
43532
43542
43553
43563
43573
43584
43594
43604
43614
43625
43635
43645
43656
43666
43677
43687
43697
43708
43718
43728
43738
43749
43759
43769
43780
43790
43801
43811
43821
43832
43842
43853
43863
43873
43884
43895
43905
43915
43926
43936
43947
43957
43967
43978
43988
43998
44008
44019
44029
44040
44050
44060
44071
44081
44092
44102
44113
44123
44133
44144
44154
44165
44175
44185
44196
44206
44217
44227
44237
44248
44258
44269
44279
44289
44300
44310
44321
44331
44341
44352
44362
44373
44383
44393
44404
44414
44425
44435
44445
44456
44466
44477
44487
44498
44508
44518
44529
44539
44550
44560
44571
44581
44591
44602
44612
44623
44633
44643
44654
44664
44675
44685
44695
44706
44716
44727
44737
44747
44758
44768
44778
44788
44799
44809
44819
44830
44840
44851
44861
44872
44882
44893
44903
44914
44924
44935
44945
44956
44966
44977
44987
44998
45008
45018
45029
45039
45051
45062
45072
45083
45093
45104
45114
45124
45135
45145
45156
45166
45176
45187
45197
45208
45218
45229
45239
45249
45260
45270
45280
45290
45301
45311
45321
45332
45342
45353
45363
45373
45384
45394
45405
45415
45425
45436
45446
45457
45467
45477
45488
45498
45509
45519
45529
45540
45550
45561
45571
45581
45592
45602
45613
45623
45633
45644
45654
45665
45675
45685
45696
45706
45717
45727
45737
45748
45758
45769
45779
45789
45800
45810
45821
45831
45841
45852
45862
45873
45883
45893
45904
45914
45925
45935
45945
45956
45966
45976
45986
45996
46006
46017
46027
46037
46048
46058
46069
46079
46089
46100
46110
46121
46131
46142
46152
46162
46173
46183
46194
46204
46215
46225
46235
46246
46256
46267
46277
46288
46298
46308
46319
46329
46340
46350
46361
46371
46381
46392
46402
46413
46423
46433
46444
46454
46465
46475
46485
46496
46506
46517
46527
46538
46548
46558
46569
46579
46590
46600
46611
46621
46632
46642
46652
46663
46673
46683
46693
46704
46714
46725
46735
46745
46756
46766
46777
46787
46797
46808
46818
46828
46838
46849
46859
46869
46880
46890
46901
46911
46922
46932
46942
46953
46963
46974
46984
46995
47005
47015
47026
47036
47047
47057
47067
47079
47090
47100
47111
47121
47131
47141
47151
47162
47172
47182
47193
47203
47214
47224
47234
47245
47255
47266
47276
47287
47297
47308
47318
47329
47339
47349
47360
47370
47381
47391
47401
47412
47422
47433
47443
47454
47464
47474
47485
47495
47506
47516
47526
47537
47547
47558
47568
47579
47589
47599
47610
47620
47631
47641
47652
47662
47673
47683
47694
47704
47720
47730
47741
47751
47762
47772
47782
47793
47803
47813
47824
47834
47845
47855
47866
47876
47886
47897
47907
47918
47928
47938
47949
47959
47970
47980
47991
48001
48011
48022
48032
48043
48053
48064
48074
48084
48095
48105
48116
48126
48136
48147
48157
48167
48177
48188
48198
48208
48219
48229
48240
48250
48261
48271
48281
48292
48302
48313
48323
48333
48344
48354
48365
48375
48386
48396
48406
48417
48427
48437
48447
48458
48468
48478
48489
48499
48510
48520
48531
48541
48551
48562
48572
48583
48593
48604
48614
48625
48635
48645
48656
48666
48677
48687
48698
48708
48718
48729
48739
48749
48760
48770
48781
48791
48801
48812
48822
48832
48842
48853
48863
48873
48884
48894
48905
48915
48925
48936
48946
48956
48966
48977
48987
48998
49008
49019
49029
49039
49050
49061
49071
49082
49092
49103
49113
49124
49134
49144
49155
49165
49175
49185
49195
49206
49216
49226
49236
49246
49256
49267
49277
49287
49298
49308
49318
49329
49339
49349
49360
49370
49381
49391
49402
49412
49422
49433
49443
49453
49463
49474
49484
49494
49505
49515
49526
49536
49546
49557
49567
49578
49588
49598
49609
49619
49630
49640
49650
49661
49671
49682
49692
49702
49713
49723
49734
49744
49754
49765
49775
49785
49795
49805
49816
49826
49837
49847
49858
49868
49879
49889
49899
49910
49920
49931
49941
49952
49962
49973
49983
49993
50004
50014
50025
50035
50045
50056
50066
50077
50087
50098
50108
50118
50129
50139
50150
50160
50171
50181
50192
50202
50212
50223
50233
50243
50253
50264
50274
50284
50295
50305
50315
50325
50336
50346
50357
50367
50377
50388
50398
50409
50419
50430
50440
50450
50461
50471
50482
50492
50502
50513
50523
50534
50544
50555
50565
50576
50586
50596
50607
50617
50628
50638
50648
50659
50669
50680
50690
50701
50711
50722
50732
50743
50753
50764
50774
50785
50795
50805
50816
50826
50837
50847
50857
50868
50878
50889
50899
50909
50920
50930
50941
50951
50961
50972
50982
50993
51003
51014
51024
51034
51044
51055
51065
51075
51086
51097
51107
51117
51128
51138
51149
51159
51170
51180
51190
51201
51211
51222
51232
51242
51253
51263
51274
51284
51294
51305
51315
51326
51336
51346
51357
51367
51378
51388
51399
51409
51419
51430
51440
51450
51461
51471
51481
51492
51502
51513
51523
51533
51544
51554
51565
51575
51585
51596
51606
51617
51627
51637
51648
51658
51668
51678
51689
51699
51709
51720
51730
51741
51751
51761
51772
51782
51792
51802
51812
51822
51833
51844
51854
51865
51876
51886
51896
51906
51917
51928
51938
51948
51959
51969
51979
51989
52000
52010
52021
52031
52042
52052
52062
52073
52084
52095
52105
52115
52126
52136
52147
52157
52168
52178
52189
52199
52209
52220
52230
52240
52251
52261
52272
52282
52293
52303
52314
52324
52335
52345
52356
52366
52377
52387
52397
52408
52418
52429
52439
52449
52460
52470
52481
52491
52501
52512
52522
52533
52543
52553
52564
52574
52585
52595
52606
52616
52626
52637
52647
52658
52668
52678
52689
52699
52710
52720
52731
52741
52752
52762
52773
52783
52793
52804
52814
52825
52836
52846
52857
52867
52878
52888
52899
52909
52919
52930
52940
52950
52960
52970
52980
52990
53001
53012
53022
53033
53044
53055
53065
53075
53086
53096
53107
53117
53127
53138
53148
53159
53169
53180
53190
53200
53211
53221
53231
53241
53251
53261
53271
53281
53292
53302
53313
53323
53333
53344
53354
53364
53374
53385
53395
53405
53416
53426
53436
53446
53456
53466
53477
53487
53497
53508
53518
53529
53540
53550
53561
53571
53582
53592
53603
53613
53623
53634
53644
53655
53665
53675
53686
53696
53707
53717
53728
53738
53748
53759
53770
53780
53791
53801
53812
53822
53832
53843
53853
53863
53873
53884
53894
53904
53915
53925
53936
53946
53956
53967
53977
53988
53999
54009
54019
54029
54040
54050
54061
54071
54081
54092
54102
54113
54123
54133
54144
54154
54165
54175
54185
54196
54206
54217
54227
54238
54248
54259
54269
54279
54290
54300
54311
54321
54331
54342
54352
54362
54373
54383
54394
54404
54414
54425
54435
54446
54456
54466
54476
54486
54497
54507
54518
54528
54538
54549
54559
54569
54579
54589
54600
54610
54621
54631
54642
54652
54662
54673
54683
54694
54704
54714
54725
54735
54746
54756
54766
54777
54787
54798
54808
54819
54829
54839
54850
54861
54871
54881
54892
54902
54913
54923
54933
54944
54954
54965
54975
54985
54996
55006
55017
55027
55037
55048
55058
55068
55078
55090
55100
55110
55121
55131
55142
55152
55162
55173
55183
55194
55204
55215
55225
55235
55245
55256
55266
55276
55287
55297
55308
55318
55329
55339
55349
55360
55370
55381
55391
55401
55412
55422
55433
55443
55453
55464
55474
55485
55495
55505
55516
55526
55537
55547
55558
55568
55578
55589
55600
55610
55620
55631
55641
55652
55662
55673
55683
55694
55704
55714
55725
55735
55746
55756
55766
55777
55787
55797
55807
55817
55828
55838
55848
55858
55869
55879
55889
55900
55910
55921
55931
55941
55952
55962
55973
55983
55994
56004
56014
56025
56035
56046
56056
56067
56077
56088
56098
56108
56119
56129
56140
56150
56160
56171
56181
56192
56202
56212
56222
56233
56243
56253
56264
56274
56285
56295
56306
56316
56326
56337
56347
56358
56368
56379
56389
56400
56410
56420
56431
56441
56452
56462
56472
56483
56493
56504
56514
56524
56535
56545
56556
56566
56576
56587
56597
56608
56618
56628
56639
56649
56659
56669
56680
56690
56700
56711
56721
56732
56742
56753
56763
56773
56784
56794
56805
56815
56826
56836
56846
56857
56867
56878
56888
56898
56909
56919
56930
56940
56951
56961
56972
56982
56992
57003
57013
57024
57034
57044
57055
57065
57076
57087
57098
57108
57119
57129
57140
57150
57161
57171
57181
57192
57202
57212
57222
57233
57243
57253
57264
57274
57285
57295
57306
57316
57326
57337
57347
57358
57368
57378
57389
57399
57410
57420
57431
57441
57451
57462
57472
57483
57493
57503
57514
57524
57535
57545
57556
57566
57576
57587
57597
57608
57618
57628
57639
57649
57660
57670
57681
57691
57702
57712
57722
57733
57743
57756
57766
57776
57786
57796
57806
57817
57828
57838
57848
57859
57869
57880
57890
57901
57911
57922
57932
57943
57953
57964
57974
57984
57995
58005
58015
58025
58036
58046
58056
58067
58077
58088
58098
58108
58119
58129
58140
58150
58160
58171
58181
58192
58202
58213
58223
58233
58244
58254
58265
58275
58285
58295
58306
58316
58326
58337
58347
58357
58367
58378
58388
58398
58409
58419
58430
58440
58450
58461
58471
58482
58492
58503
58513
58523
58534
58544
58555
58565
58576
58586
58596
58607
58617
58627
58637
58648
58658
58669
58679
58689
58700
58710
58720
58730
58741
58751
58761
58772
58782
58793
58803
58814
58824
58834
58845
58855
58866
58876
58887
58897
58907
58918
58928
58939
58949
58960
58970
58980
58991
59001
59011
59021
59032
59042
59053
59063
59073
59084
59094
59105
59115
59125
59136
59146
59157
59168
59178
59189
59199
59209
59220
59230
59241
59251
59262
59272
59282
59292
59302
59313
59323
59333
59343
59353
59364
59374
59384
59394
59405
59416
59426
59437
59448
59458
59468
59479
59489
59500
59510
59521
59531
59542
59552
59563
59573
59584
59594
59604
59615
59625
59636
59646
59656
59667
59677
59688
59698
59709
59719
59729
59740
59750
59761
59771
59781
59792
59802
59813
59823
59834
59844
59855
59865
59876
59886
59897
59907
59917
59928
59938
59949
59959
59970
59980
59991
60001
60012
60022
60032
60043
60053
60064
60074
60085
60095
60105
60116
60126
60137
60147
60157
60168
60178
60189
60199
60209
60219
60230
60240
60251
60261
60272
60282
60292
60303
60313
60324
60334
60345
60355
60366
60376
60386
60397
60407
60418
60428
60438
60449
60459
60470
60480
60490
60501
60511
60522
60532
60543
60553
60564
60574
60584
60595
60605
60616
60626
60636
60647
60657
60668
60678
60689
60699
60709
60720
60730
60741
60751
60761
60772
60782
60792
60802
60813
60823
60833
60844
60854
60864
60874
60885
60895
60905
60915
60925
60935
60946
60956
60966
60977
60987
60998
61009
61019
61030
61041
61051
61061
61072
61082
61093
61103
61113
61124
61134
61145
61155
61166
61176
61187
61197
61208
61218
61228
61239
61249
61260
61270
61281
61291
61301
61312
61322
61333
61343
61354
61364
61375
61385
61395
61406
61416
61427
61437
61447
61458
61468
61479
61489
61500
61510
61521
61531
61541
61552
61562
61573
61583
61593
61604
61614
61625
61635
61645
61656
61666
61677
61687
61697
61708
61718
61728
61738
61749
61759
61769
61780
61790
61801
61811
61821
61832
61842
61853
61863
61873
61884
61894
61905
61915
61925
61936
61946
61957
61967
61978
61988
61998
62008
62018
62029
62039
62050
62060
62070
62081
62093
62103
62114
62124
62135
62145
62156
62166
62176
62187
62197
62207
62217
62228
62238
62248
62259
62269
62280
62290
62300
62311
62321
62332
62342
62352
62363
62373
62383
62393
62404
62414
62424
62435
62445
62456
62466
62477
62487
62498
62508
62518
62529
62539
62550
62560
62571
62581
62592
62602
62612
62623
62633
62644
62654
62664
62675
62685
62696
62706
62716
62726
62737
62747
62757
62768
62778
62788
62798
62808
62818
62829
62839
62849
62860
62870
62880
62891
62901
62911
62922
62932
62943
62953
62964
62974
62984
62995
63005
63016
63026
63036
63047
63057
63068
63078
63089
63099
63110
63120
63130
63141
63151
63162
63172
63182
63193
63203
63213
63223
63233
63244
63254
63265
63275
63285
63296
63306
63316
63326
63337
63347
63357
63368
63378
63388
63398
63409
63419
63429
63440
63450
63461
63471
63482
63492
63502
63513
63523
63533
63543
63554
63564
63574
63585
63595
63606
63616
63627
63638
63648
63659
63669
63679
63690
63700
63710
63720
63731
63741
63751
63762
63772
63783
63793
63804
63814
63824
63835
63845
63856
63866
63876
63887
63897
63908
63918
63928
63939
63949
63960
63970
63980
63991
64001
64011
64021
64032
64042
64053
64063
64074
64084
64094
64105
64115
64125
64135
64145
64156
64166
64177
64187
64197
64208
64218
64229
64239
64249
64259
64270
64281
64291
64302
64313
64323
64333
64343
64354
64365
64375
64386
64396
64407
64417
64428
64438
64448
64459
64469
64480
64490
64500
64511
64521
64532
64542
64553
64563
64574
64584
64594
64605
64616
64626
64636
64647
64657
64668
64678
64688
64698
64709
64719
64730
64740
64751
64761
64771
64782
64792
64803
64813
64824
64834
64844
64854
64864
64874
64885
64895
64905
64915
64925
64936
64946
64957
64967
64977
64988
64998
65009
65019
65029
65040
65050
65061
65071
65081
65092
65102
65113
65123
65134
65144
65154
65165
65175
65186
65196
65206
65217
65227
65238
65248
65258
65269
65279
65290
65300
65310
65321
65331
65342
65352
65362
65372
65383
65393
65403
65413
65423
65433
65444
65454
65465
65476
65486
65496
65507
65518
65528
65539
65549
65559
65570
65580
65591
65601
65611
65621
65631
65642
65652
65662
65673
65683
65694
65704
65715
65725
65735
65746
65756
65767
65777
65787
65798
65808
65819
65829
65840
65850
65860
65871
65881
65892
65902
65912
65923
65933
65944
65954
65964
65975
65985
65996
66006
66017
66027
66037
66048
66058
66069
66079
66089
66100
66110
66121
66131
66142
66152
66163
66173
66183
66194
66204
66214
66224
66234
66245
66255
66266
66276
66287
66297
66308
66318
66328
66339
66349
66360
66370
66380
66391
66401
66412
66422
66432
66443
66453
66464
66474
66484
66495
66505
66515
66525
66536
66546
66556
66567
66578
66588
66598
66609
66619
66629
66639
66649
66660
66670
66681
66691
66701
66712
66722
66733
66744
66754
66765
66776
66787
66797
66808
66818
66829
66840
66850
66860
66870
66881
66891
66902
66912
66923
66933
66943
66954
66964
66975
66985
66995
67006
67016
67026
67036
67046
67057
67067
67078
67088
67100
67110
67121
67131
67141
67151
67161
67172
67182
67193
67203
67213
67224
67234
67245
67255
67265
67276
67286
67297
67307
67318
67328
67339
67349
67359
67370
67380
67390
67400
67411
67421
67432
67442
67452
67463
67473
67484
67494
67504
67515
67525
67536
67546
67556
67567
67577
67587
67597
67608
67618
67628
67639
67649
67659
67669
67679
67690
67701
67711
67722
67733
67743
67753
67763
67774
67785
67795
67806
67816
67827
67838
67848
67858
67869
67879
67889
67900
67910
67920
67931
67941
67951
67961
67972
67982
67992
68003
68013
68024
68034
68044
68055
68065
68075
68085
68096
68106
68116
68127
68137
68148
68158
68169
68179
68189
68200
68210
68220
68230
68241
68251
68261
68272
68282
68293
68303
68313
68324
68334
68345
68355
68365
68376
68386
68397
68407
68417
68428
68438
68448
68458
68469
68479
68489
68500
68510
68521
68531
68541
68552
68562
68573
68583
68593
68604
68614
68625
68635
68645
68656
68666
68677
68687
68698
68708
68718
68729
68739
68750
68760
68771
68781
68792
68802
68812
68823
68833
68844
68854
68864
68875
68885
68896
68906
68916
68927
68937
68948
68958
68968
68979
68989
69000
69010
69020
69030
69041
69051
69061
69072
69082
69093
69103
69113
69124
69134
69145
69155
69165
69176
69186
69196
69206
69217
69227
69237
69248
69258
69269
69279
69289
69300
69310
69321
69331
69341
69352
69365
69375
69386
69396
69406
69416
69426
69437
69447
69458
69468
69478
69488
69498
69509
69519
69530
69540
69551
69561
69571
69581
69592
69602
69612
69623
69633
69644
69654
69665
69675
69685
69696
69706
69717
69727
69738
69748
69758
69769
69779
69790
69800
69810
69821
69831
69841
69851
69861
69872
69882
69893
69903
69913
69924
69934
69945
69955
69966
69976
69986
69997
70007
70018
70028
70038
70049
70059
70070
70080
70090
70101
70111
70122
70132
70143
70153
70163
70174
70184
70194
70204
70214
70225
70235
70246
70256
70267
70277
70287
70298
70308
70319
70330
70340
70350
70361
70371
70382
70392
70402
70413
70423
70434
70444
70455
70465
70475
70486
70496
70507
70517
70527
70538
70548
70559
70569
70579
70590
70600
70610
70620
70630
70640
70651
70661
70671
70681
70692
70702
70712
70723
70733
70744
70754
70764
70775
70785
70796
70806
70816
70827
70837
70847
70857
70868
70878
70888
70899
70909
70919
70929
70940
70950
70960
70971
70981
70991
71001
71012
71022
71032
71043
71053
71063
71073
71083
71093
71104
71114
71125
71135
71145
71156
71166
71177
71187
71197
71208
71218
71228
71238
71249
71259
71269
71280
71290
71301
71311
71321
71332
71342
71353
71363
71373
71384
71394
71405
71415
71425
71436
71446
71457
71467
71477
71488
71498
71509
71519
71529
71540
71550
71561
71571
71581
71592
71602
71613
71623
71633
71644
71654
71665
71675
71685
71696
71706
71717
71727
71737
71748
71758
71769
71779
71789
71800
71810
71821
71831
71841
71852
71862
71873
71883
71893
71904
71914
71925
71935
71945
71956
71966
71977
71987
71997
72008
72018
72029
72039
72049
72060
72070
72081
72091
72103
72113
72124
72134
72144
72155
72166
72177
72188
72198
72208
72219
72229
72240
72250
72261
72271
72281
72292
72302
72312
72322
72333
72343
72353
72364
72374
72385
72395
72406
72416
72426
72437
72447
72458
72468
72478
72489
72499
72510
72520
72531
72541
72551
72562
72572
72583
72593
72604
72614
72625
72635
72645
72656
72666
72677
72687
72697
72708
72718
72728
72738
72749
72759
72769
72780
72790
72801
72811
72828
72838
72849
72859
72870
72880
72890
72901
72911
72921
72932
72942
72952
72962
72972
72983
72993
73004
73014
73025
73035
73045
73056
73066
73077
73087
73098
73108
73118
73129
73139
73149
73159
73170
73180
73190
73201
73211
73222
73232
73242
73253
73263
73274
73284
73295
73305
73315
73326
73336
73347
73357
73367
73378
73388
73399
73409
73420
73430
73440
73451
73461
73472
73482
73492
73503
73513
73524
73534
73544
73555
73565
73576
73586
73596
73607
73617
73628
73638
73649
73659
73669
73680
73690
73701
73711
73722
73732
73742
73753
73763
73774
73784
73794
73805
73815
73825
73835
73845
73855
73865
73876
73886
73897
73907
73918
73928
73938
73949
73959
73970
73980
73990
74001
74011
74022
74032
74042
74053
74063
74073
74083
74093
74104
74114
74124
74135
74145
74155
74165
74175
74185
74196
74206
74217
74227
74238
74248
74258
74269
74279
74290
74300
74310
74321
74331
74342
74352
74362
74373
74383
74394
74404
74414
74425
74435
74445
74455
74465
74476
74486
74497
74507
74518
74528
74539
74549
74560
74570
74580
74591
74601
74612
74622
74632
74643
74653
74664
74674
74684
74695
74705
74716
74726
74737
74747
74757
74768
74778
74789
74799
74809
74820
74830
74841
74851
74861
74871
74882
74892
74903
74913
74924
74934
74944
74955
74965
74976
74986
74996
75007
75017
75027
75037
75048
75058
75068
75079
75089
75100
75110
75120
75131
75141
75152
75162
75173
75183
75193
75204
75214
75225
75235
75246
75256
75266
75277
75287
75298
75308
75319
75329
75340
75350
75360
75371
75381
75392
75402
75412
75423
75433
75444
75454
75464
75475
75485
75495
75506
75516
75526
75536
75547
75557
75568
75578
75589
75599
75609
75620
75630
75640
75650
75660
75670
75681
75692
75702
75712
75723
75733
75744
75755
75765
75776
75787
75797
75807
75817
75827
75837
75847
75857
75868
75879
75889
75899
75909
75919
75929
75939
75949
75960
75970
75980
75990
76001
76011
76021
76031
76042
76052
76063
76073
76084
76094
76105
76115
76126
76136
76147
76157
76167
76177
76188
76199
76209
76220
76230
76242
76252
76262
76272
76283
76294
76304
76315
76325
76335
76346
76356
76366
76377
76387
76398
76408
76418
76429
76439
76449
76459
76470
76480
76491
76501
76511
76522
76532
76543
76553
76564
76574
76585
76595
76605
76616
76626
76637
76647
76658
76668
76678
76689
76699
76710
76720
76730
76741
76751
76762
76772
76782
76792
76802
76813
76823
76834
76844
76855
76865
76875
76886
76896
76907
76917
76928
76938
76948
76959
76969
76979
76989
77000
77010
77021
77031
77041
77052
77062
77072
77082
77092
77104
77115
77125
77135
77146
77156
77166
77176
77187
77197
77207
77218
77228
77239
77249
77260
77270
77281
77291
77301
77312
77322
77333
77343
77353
77364
77374
77384
77394
77405
77415
77425
77436
77446
77457
77467
77477
77488
77498
77509
77519
77530
77540
77550
77561
77571
77582
77592
77602
77613
77623
77634
77644
77655
77665
77676
77686
77697
77707
77717
77728
77738
77749
77759
77769
77780
77790
77801
77811
77821
77832
77844
77854
77865
77875
77886
77896
77907
77918
77928
77938
77948
77959
77969
77979
77989
78000
78010
78021
78031
78041
78052
78062
78073
78083
78094
78104
78115
78125
78136
78146
78157
78167
78177
78188
78198
78209
78220
78231
78241
78251
78262
78272
78283
78293
78304
78314
78324
78335
78345
78356
78366
78377
78387
78397
78408
78418
78429
78439
78449
78460
78470
78481
78491
78502
78512
78523
78533
78543
78554
78564
78575
78585
78596
78606
78616
78627
78637
78647
78657
78668
78678
78688
78699
78709
78720
78730
78740
78751
78761
78772
78782
78793
78803
78813
78824
78834
78845
78855
78865
78876
78886
78897
78907
78917
78928
78938
78949
78960
78970
78980
78991
79001
79011
79021
79031
79042
79052
79063
79073
79084
79094
79104
79115
79125
79136
79146
79156
79167
79177
79188
79198
79208
79219
79229
79240
79250
79261
79271
79282
79292
79302
79313
79323
79333
79343
79354
79364
79374
79385
79395
79406
79416
79427
79437
79447
79458
79468
79479
79489
79500
79510
79520
79530
79541
79551
79562
79572
79582
79593
79603
79614
79624
79634
79645
79655
79666
79676
79687
79697
79707
79717
79728
79739
79749
79760
79770
79781
79791
79801
79811
79822
79832
79842
79853
79863
79874
79884
79894
79905
79915
79925
79935
79945
79956
79966
79977
79987
79997
80008
80018
80029
80039
80050
80060
80070
80081
80092
80102
80113
80123
80133
80144
80154
80165
80175
80185
80196
80206
80217
80227
80237
80248
80258
80269
80279
80289
80300
80310
80321
80331
80341
80352
80362
80373
80383
80393
80404
80414
80425
80435
80445
80456
80466
80477
80487
80497
80508
80518
80529
80539
80549
80560
80570
80581
80591
80601
80611
80621
80632
80642
80652
80663
80673
80684
80694
80705
80716
80726
80737
80747
80757
80768
80778
80789
80799
80810
80820
80831
80841
80851
80862
80872
80883
80893
80903
80914
80924
80935
80945
80955
80966
80976
80987
80997
81007
81018
81028
81038
81048
81059
81069
81080
81090
81101
81111
81121
81132
81142
81153
81163
81174
81184
81194
81205
81215
81226
81236
81246
81257
81267
81278
81288
81298
81309
81319
81330
81340
81350
81361
81371
81381
81391
81401
81412
81422
81433
81443
81454
81464
81474
81485
81495
81506
81516
81526
81537
81547
81557
81567
81577
81588
81598
81609
81619
81630
81640
81650
81661
81671
81682
81692
81703
81713
81724
81734
81744
81755
81765
81776
81786
81797
81807
81817
81828
81838
81848
81858
81868
81878
81889
81899
81909
81920
81930
81941
81951
81961
81971
81982
81992
82002
82013
82023
82034
82044
82054
82065
82075
82086
82096
82108
82118
82129
82139
82150
82160
82171
82181
82191
82201
82212
82222
82232
82243
82253
82264
82274
82284
82294
82305
82315
82325
82336
82346
82357
82367
82378
82388
82398
82409
82419
82430
82440
82451
82461
82471
82482
82492
82503
82513
82524
82534
82544
82554
82565
82575
82585
82596
82606
82617
82627
82637
82648
82658
82668
82678
82689
82699
82709
82720
82730
82741
82751
82762
82772
82782
82793
82803
82814
82824
82835
82845
82856
82866
82876
82886
82896
82906
82917
82927
82937
82948
82958
82969
82979
82990
83001
83011
83022
83032
83043
83053
83064
83074
83084
83095
83105
83115
83125
83136
83146
83156
83167
83177
83187
83197
83208
83218
83228
83239
83249
83259
83269
83280
83290
83300
83311
83321
83332
83342
83352
83363
83373
83383
83393
83404
83414
83425
83435
83446
83456
83466
83477
83487
83497
83507
83518
83528
83539
83549
83560
83570
83581
83591
83602
83612
83623
83633
83644
83654
83664
83675
83685
83695
83706
83716
83726
83736
83746
83757
83767
83778
83788
83798
83809
83819
83830
83840
83851
83861
83872
83882
83892
83903
83913
83924
83934
83944
83955
83965
83975
83985
83996
84006
84017
84027
84037
84048
84058
84069
84079
84090
84100
84110
84121
84131
84141
84151
84162
84172
84182
84193
84203
84213
84223
84234
84244
84254
84265
84275
84286
84296
84306
84317
84327
84338
84348
84359
84369
84380
84390
84400
84411
84421
84432
84442
84453
84463
84474
84484
84495
84505
84516
84526
84537
84547
84557
84568
84578
84589
84599
84610
84620
84630
84641
84651
84662
84672
84682
84693
84703
84714
84724
84734
84745
84755
84766
84776
84787
84797
84808
84818
84829
84839
84849
84860
84870
84880
84890
84901
84911
84922
84932
84943
84953
84964
84974
84984
84995
85005
85015
85025
85035
85045
85055
85065
85076
85086
85096
85107
85117
85127
85137
85148
85158
85168
85179
85189
85200
85210
85221
85231
85242
85252
85263
85273
85284
85294
85304
85315
85325
85335
85345
85356
85366
85376
85387
85397
85408
85418
85429
85439
85450
85461
85471
85481
85492
85502
85513
85523
85533
85544
85554
85565
85575
85585
85596
85607
85617
85627
85638
85648
85659
85669
85679
85690
85700
85710
85720
85730
85741
85751
85762
85772
85783
85793
85804
85814
85825
85835
85846
85856
85866
85877
85887
85898
85908
85919
85929
85939
85950
85960
85971
85981
85992
86002
86013
86023
86033
86043
86054
86064
86075
86085
86096
86106
86116
86127
86137
86147
86157
86168
86178
86189
86199
86210
86220
86231
86241
86251
86262
86272
86283
86293
86304
86314
86324
86334
86344
86355
86365
86376
86386
86397
86407
86418
86428
86438
86449
86459
86469
86479
86490
86500
86510
86521
86531
86542
86552
86562
86573
86583
86594
86604
86614
86625
86635
86645
86655
86666
86676
86686
86697
86707
86718
86728
86739
86749
86760
86770
86780
86791
86801
86812
86822
86832
86843
86853
86863
86873
86884
86894
86904
86915
86925
86935
86945
86956
86966
86977
86987
86997
87008
87018
87029
87039
87049
87060
87070
87081
87091
87101
87113
87124
87134
87145
87155
87166
87176
87187
87197
87207
87218
87228
87239
87249
87260
87270
87280
87291
87301
87312
87322
87332
87343
87353
87364
87374
87385
87395
87405
87416
87426
87437
87447
87458
87468
87478
87489
87499
87510
87520
87530
87541
87551
87562
87572
87583
87593
87604
87614
87624
87635
87645
87656
87666
87676
87687
87697
87708
87718
87728
87739
87749
87760
87770
87781
87791
87802
87812
87822
87833
87843
87854
87864
87875
87885
87895
87906
87916
87927
87937
87948
87958
87968
87979
87989
87999
88009
88020
88030
88040
88051
88061
88071
88081
88092
88102
88112
88123
88133
88144
88154
88164
88175
88185
88196
88206
88216
88227
88237
88248
88258
88268
88279
88289
88300
88310
88320
88331
88341
88352
88362
88372
88383
88393
88403
88413
88424
88434
88444
88455
88465
88476
88486
88496
88507
88517
88528
88538
88548
88559
88569
88580
88590
88601
88611
88621
88631
88641
88652
88662
88672
88683
88693
88704
88714
88725
88735
88745
88756
88766
88777
88787
88797
88808
88818
88829
88839
88849
88860
88870
88880
88890
88901
88911
88921
88932
88942
88952
88962
88973
88983
88993
89004
89014
89025
89035
89046
89056
89067
89077
89087
89098
89108
89118
89129
89139
89150
89160
89170
89181
89191
89202
89213
89224
89234
89244
89255
89265
89276
89286
89296
89307
89317
89328
89338
89349
89359
89369
89380
89390
89401
89411
89421
89432
89442
89452
89462
89473
89484
89494
89505
89515
89525
89536
89546
89556
89566
89577
89587
89597
89608
89618
89629
89639
89649
89660
89670
89680
89691
89701
89712
89722
89732
89743
89753
89764
89774
89784
89795
89805
89816
89826
89836
89846
89856
89867
89877
89887
89898
89908
89918
89929
89940
89950
89960
89971
89981
89991
90001
90011
90021
90032
90042
90052
90063
90073
90083
90093
90103
90113
90124
90134
90145
90155
90165
90176
90186
90197
90207
90217
90227
90238
90248
90258
90269
90279
90290
90300
90311
90321
90331
90342
90352
90363
90373
90384
90394
90404
90415
90425
90436
90446
90457
90467
90477
90488
90498
90509
90519
90529
90539
90549
90559
90570
90581
90591
90602
90613
90623
90633
90643
90653
90664
90674
90685
90695
90705
90716
90726
90736
90746
90757
90767
90777
90788
90798
90808
90818
90829
90839
90849
90860
90870
90881
90891
90901
90912
90922
90933
90943
90954
90964
90974
90985
90995
91006
91016
91027
91037
91047
91058
91068
91079
91089
91099
91109
91120
91130
91140
91151
91161
91172
91182
91192
91203
91213
91223
91233
91244
91254
91264
91275
91285
91296
91306
91316
91326
91337
91347
91357
91368
91378
91388
91398
91409
91419
91429
91440
91450
91461
91471
91481
91492
91502
91512
91522
91533
91543
91553
91564
91574
91584
91594
91605
91615
91625
91636
91646
91656
91667
91677
91688
91698
91708
91719
91729
91740
91750
91761
91771
91782
91792
91803
91813
91824
91834
91844
91854
91864
91874
91885
91895
91905
91916
91926
91937
91947
91957
91968
91978
91989
91999
92009
92019
92029
92040
92050
92060
92071
92081
92092
92102
92114
92124
92134
92145
92155
92166
92176
92187
92197
92208
92218
92228
92239
92249
92259
92269
92280
92290
92300
92311
92321
92332
92342
92352
92363
92373
92384
92394
92405
92415
92425
92436
92446
92457
92467
92478
92488
92498
92509
92519
92530
92540
92550
92561
92571
92582
92592
92603
92613
92623
92633
92643
92653
92663
92674
92685
92695
92705
92716
92726
92737
92747
92758
92768
92779
92789
92799
92809
92820
92830
92840
92851
92861
92872
92883
92894
92904
92914
92925
92935
92946
92956
92966
92977
92987
92997
93008
93018
93029
93039
93049
93059
93070
93080
93091
93101
93112
93122
93132
93143
93153
93164
93174
93184
93195
93205
93216
93226
93236
93247
93257
93267
93277
93288
93298
93308
93319
93329
93340
93350
93360
93371
93381
93392
93402
93412
93423
93433
93444
93454
93464
93475
93485
93495
93505
93516
93526
93537
93547
93557
93568
93578
93589
93599
93609
93620
93630
93641
93651
93662
93672
93683
93693
93704
93714
93724
93735
93745
93755
93765
93776
93786
93796
93807
93817
93828
93838
93848
93859
93869
93880
93890
93900
93911
93921
93932
93942
93953
93963
93973
93984
93994
94005
94015
94025
94036
94047
94057
94067
94078
94088
94098
94108
94118
94129
94139
94150
94160
94171
94181
94191
94202
94212
94223
94233
94244
94254
94264
94275
94285
94296
94306
94316
94327
94337
94348
94358
94369
94379
94389
94400
94410
94420
94430
94441
94451
94461
94472
94482
94493
94503
94513
94524
94534
94545
94555
94565
94576
94586
94597
94607
94617
94628
94638
94649
94659
94669
94680
94690
94701
94711
94721
94732
94742
94753
94763
94773
94784
94794
94805
94815
94825
94836
94846
94857
94867
94877
94888
94898
94909
94919
94929
94940
94950
94961
94971
94981
94992
95002
95013
95023
95033
95044
95054
95065
95075
95085
95096
95106
95116
95126
95137
95147
95157
95168
95178
95189
95199
95209
95220
95230
95241
95251
95261
95272
95282
95293
95303
95313
95324
95334
95345
95355
95365
95376
95386
95397
95407
95417
95428
95438
95449
95459
95469
95480
95490
95501
95511
95521
95532
95542
95552
95562
95573
95583
95594
95604
95615
95625
95636
95646
95657
95667
95677
95688
95698
95709
95719
95730
95740
95752
95762
95772
95783
95793
95803
95813
95824
95834
95844
95855
95866
95877
95887
95897
95908
95918
95929
95939
95949
95960
95970
95981
95991
96001
96012
96022
96032
96042
96053
96063
96073
96084
96094
96105
96115
96125
96136
96146
96157
96167
96177
96188
96198
96208
96218
96228
96238
96248
96258
96268
96279
96289
96299
96310
96320
96331
96341
96352
96362
96372
96383
96393
96404
96414
96424
96435
96445
96455
96465
96476
96486
96497
96507
96518
96528
96538
96549
96559
96570
96580
96590
96601
96611
96622
96632
96642
96653
96663
96674
96684
96695
96705
96716
96726
96737
96747
96757
96768
96778
96789
96799
96810
96820
96830
96841
96851
96862
96872
96883
96893
96903
96914
96924
96935
96945
96955
96966
96976
96987
96997
97008
97018
97028
97039
97049
97060
97070
97080
97091
97101
97113
97123
97133
97144
97154
97164
97174
97185
97195
97206
97216
97226
97237
97247
97258
97268
97278
97289
97299
97310
97320
97330
97341
97351
97362
97372
97383
97393
97404
97414
97424
97435
97445
97456
97466
97477
97487
97497
97508
97518
97529
97539
97550
97560
97570
97581
97592
97602
97612
97622
97632
97643
97654
97664
97675
97686
97696
97706
97717
97728
97739
97749
97759
97770
97781
97791
97801
97811
97822
97832
97842
97853
97863
97873
97884
97895
97905
97915
97925
97935
97946
97956
97967
97977
97987
97998
98008
98018
98029
98039
98050
98060
98071
98081
98092
98102
98113
98123
98133
98144
98154
98165
98175
98185
98196
98206
98216
98226
98237
98247
98257
98268
98278
98289
98299
98310
98320
98331
98341
98352
98362
98372
98383
98393
98404
98414
98425
98435
98445
98456
98466
98477
98487
98497
98508
98518
98529
98539
98550
98560
98571
98581
98591
98602
98612
98623
98633
98643
98654
98664
98675
98685
98696
98706
98716
98727
98737
98748
98758
98768
98779
98789
98800
98810
98820
98831
98841
98851
98861
98872
98882
98892
98903
98913
98924
98934
98944
98955
98965
98976
98986
98997
99007
99017
99028
99038
99049
99059
99069
99080
99090
99101
99111
99121
99132
99142
99153
99163
99173
99184
99194
99205
99215
99225
99236
99246
99257
99267
99278
99288
99298
99309
99319
99329
99339
99349
99360
99370
99381
99391
99401
99412
99422
99432
99442
99453
99463
99473
99484
99494
99505
99515
99525
99536
99546
99557
99567
99577
99588
99598
99609
99619
99629
99640
99650
99660
99670
99681
99691
99701
99712
99722
99734
99744
99755
99765
99775
99786
99796
99806
99816
99826
99837
99847
99857
99867
99877
99888
99898
99909
99919
99929
99940
99950
99961
99971
99982
99992
100003
100013
100023
100033
100044
100054
100064
100075
100086
100096
100106
100117
100127
100137
100147
100158
100168
100178
100189
100199
100209
100219
100230
100240
100250
100261
100271
100282
100292
100303
100313
100323
100334
100344
100355
100365
100376
100386
100396
100407
100417
100428
100438
100449
100459
100469
100480
100490
100501
100511
100521
100532
100542
100552
100562
100573
100584
100594
100605
100615
100625
100636
100647
100657
100667
100678
100691
100701
100712
100722
100732
100742
100752
100762
100773
100783
100793
100804
100814
100825
100835
100845
100856
100866
100877
100887
100897
100908
100918
100929
100939
100949
100960
100970
100981
100991
101001
101012
101022
101033
101043
101053
101064
101074
101085
101095
101106
101116
101127
101137
101147
101158
101168
101179
101189
101199
101210
101220
101231
101241
101252
101262
101272
101283
101293
101303
101314
101324
101334
101344
101355
101365
101375
101386
101397
101407
101418
101428
101438
101449
101459
101470
101480
101490
101501
101511
101522
101532
101543
101553
101563
101574
101585
101595
101605
101616
101626
101637
101647
101657
101668
101678
101689
101699
101709
101720
101730
101741
101751
101761
101772
101782
101793
101803
101813
101824
101834
101845
101855
101866
101876
101886
101897
101907
101918
101928
101938
101949
101959
101969
101979
101990
102000
102011
102021
102032
102042
102052
102063
102073
102084
102094
102104
102115
102125
102136
102146
102156
102166
102177
102187
102197
102208
102218
102228
102238
102249
102259
102269
102280
102290
102301
102311
102321
102332
102343
102353
102363
102374
102384
102394
102404
102414
102424
102435
102445
102456
102466
102476
102487
102497
102507
102517
102528
102538
102548
102559
102569
102580
102590
102601
102611
102621
102632
102643
102653
102663
102674
102684
102695
102705
102716
102726
102737
102747
102757
102768
102778
102789
102799
102809
102820
102830
102841
102851
102861
102872
102883
102894
102905
102916
102926
102937
102947
102957
102967
102977
102987
102997
103008
103018
103029
103039
103049
103060
103070
103080
103090
103101
103111
103121
103132
103142
103153
103163
103174
103184
103195
103205
103216
103226
103237
103247
103257
103268
103278
103289
103299
103310
103320
103331
103341
103351
103362
103372
103383
103393
103403
103414
103425
103435
103445
103456
103466
103477
103487
103497
103508
103518
103528
103538
103549
103559
103569
103580
103590
103601
103611
103621
103632
103642
103653
103663
103673
103684
103694
103704
103714
103725
103735
103745
103756
103766
103776
103786
103797
103807
103817
103828
103838
103849
103859
103869
103880
103890
103901
103911
103921
103932
103942
103953
103963
103973
103984
103994
