time (ms),latency (ms),consume (ms)
0,8,0
3,2,3
7,4,4
9,1,2
12,2,3
15,1,3
17,1,2
19,1,2
21,1,2
23,1,2
26,1,3
28,1,2
30,1,2
35,4,5
37,1,2
39,1,2
41,0,2
44,1,3
47,2,3
50,1,3
52,1,2
54,1,2
56,1,2
58,1,2
60,0,2
63,1,3
65,1,2
67,0,2
70,1,3
73,1,3
75,1,2
77,1,2
79,1,2
81,0,2
83,0,2
85,0,2
87,0,2
90,1,3
92,1,2
94,1,2
96,1,2
98,0,2
100,0,2
102,0,2
104,0,2
107,1,3
109,0,2
115,4,6
117,1,2
119,0,2
121,0,2
123,0,2
125,0,2
127,1,2
129,0,2
131,0,2
134,1,3
137,1,3
139,1,2
141,1,2
143,1,2
145,0,2
147,1,2
150,1,3
152,1,2
154,1,2
156,1,2
158,1,2
160,1,2
162,1,2
164,1,2
167,1,3
169,1,2
171,1,2
173,1,2
175,1,2
177,1,2
179,1,2
181,0,2
185,2,4
188,2,3
191,2,3
194,1,3
197,1,3
199,1,2
202,1,3
204,1,2
207,1,3
209,1,2
212,1,3
214,1,2
216,1,2
219,1,3
221,1,2
224,1,3
226,1,2
229,1,3
231,1,2
233,1,2
236,1,3
237,0,1
239,0,2
241,0,2
243,0,2
245,0,2
248,1,3
250,1,2
252,0,2
255,1,3
257,1,2
259,1,2
263,2,4
266,1,3
268,1,2
270,1,2
273,1,3
276,0,3
279,1,3
281,1,2
283,1,2
285,0,2
287,0,2
289,0,2
291,0,2
293,0,2
295,0,2
297,0,2
300,1,3
302,1,2
304,1,2
306,1,2
308,1,2
309,0,1
311,0,2
313,0,2
315,0,2
317,0,2
319,0,2
322,1,3
324,1,2
326,1,2
328,1,2
330,1,2
332,1,2
334,0,2
336,0,2
339,1,3
341,1,2
343,1,2
345,1,2
347,1,2
349,1,2
351,1,2
352,0,1
354,0,2
356,0,2
358,0,2
360,0,2
362,0,2
364,0,2
366,0,2
368,0,2
370,1,2
372,0,2
374,0,2
376,0,2
378,1,2
380,1,2
382,1,2
384,1,2
385,0,1
387,0,2
389,0,2
391,1,2
393,1,2
395,1,2
396,0,1
398,0,2
400,0,2
402,0,2
404,1,2
406,1,2
408,0,2
410,0,2
412,0,2
414,1,2
417,1,3
420,1,3
422,1,2
424,0,2
426,0,2
429,1,3
431,1,2
433,1,2
435,1,2
437,0,2
439,0,2
441,0,2
443,0,2
446,1,3
448,1,2
450,1,2
452,1,2
454,1,2
456,1,2
458,1,2
460,1,2
462,0,2
464,0,2
466,0,2
468,0,2
470,0,2
472,0,2
474,0,2
476,0,2
478,1,2
481,1,3
489,7,8
490,2,1
490,1,0
491,0,1
493,1,2
498,4,5
498,2,0
499,2,1
499,0,0
501,1,2
503,1,2
504,0,1
506,0,2
508,1,2
510,1,2
511,0,1
514,2,3
515,0,1
518,2,3
521,2,3
522,0,1
524,1,2
526,1,2
527,0,1
530,1,3
533,2,3
536,2,3
537,0,1
540,2,3
541,1,1
544,2,3
545,1,1
549,4,4
549,2,0
550,2,1
551,1,1
552,1,1
554,1,2
557,2,3
558,1,1
559,0,1
561,1,2
563,1,2
564,0,1
566,1,2
568,1,2
570,1,2
572,1,2
573,0,1
575,1,2
577,1,2
579,1,2
581,1,2
583,1,2
585,1,2
588,1,3
590,1,2
592,1,2
594,1,2
596,1,2
598,0,2
601,1,3
603,1,2
605,1,2
607,1,2
609,0,2
611,0,2
614,1,3
616,1,2
618,1,2
620,1,2
622,1,2
624,1,2
626,1,2
628,0,2
630,0,2
632,0,2
634,0,2
637,1,3
638,0,1
641,1,3
642,0,1
647,3,5
651,3,4
651,0,0
653,0,2
655,0,2
657,0,2
660,1,3
662,1,2
664,1,2
666,1,2
668,1,2
670,1,2
672,1,2
674,1,2
675,0,1
677,0,2
679,0,2
681,1,2
684,1,3
686,1,2
697,1,11
699,1,2
701,1,2
702,0,1
704,0,2
707,1,3
708,0,1
710,0,2
712,0,2
714,1,2
716,0,2
718,0,2
720,1,2
722,0,2
724,0,2
726,1,2
728,1,2
729,0,1
731,0,2
733,0,2
735,0,2
737,1,2
739,1,2
740,0,1
742,0,2
744,0,2
746,1,2
748,1,2
750,1,2
751,0,1
753,0,2
755,0,2
757,0,2
759,1,2
761,1,2
762,0,1
764,0,2
766,0,2
768,0,2
770,0,2
772,0,2
774,0,2
776,0,2
778,1,2
780,1,2
782,1,2
783,0,1
786,1,3
788,1,2
789,0,1
791,0,2
793,1,2
795,1,2
797,0,2
799,0,2
802,1,3
804,1,2
807,2,3
811,2,4
832,13,21
832,9,0
833,5,1
834,5,1
835,0,1
837,0,2
842,2,5
844,1,2
846,1,2
848,1,2
850,1,2
852,1,2
854,1,2
856,1,2
858,1,2
860,1,2
862,1,2
864,1,2
867,2,3
869,1,2
871,1,2
873,0,2
875,1,2
877,1,2
879,1,2
881,1,2
883,1,2
885,0,2
888,0,3
890,0,2
892,0,2
894,0,2
897,1,3
898,1,1
900,1,2
902,0,2
904,0,2
906,0,2
908,0,2
910,0,2
912,0,2
915,1,3
917,1,2
919,1,2
920,0,1
924,1,4
925,0,1
927,0,2
929,0,2
931,1,2
936,0,5
938,0,2
940,1,2
942,1,2
944,1,2
946,1,2
948,1,2
950,1,2
952,1,2
954,1,2
956,0,2
958,0,2
960,0,2
962,0,2
964,0,2
966,0,2
968,0,2
970,0,2
972,0,2
974,0,2
976,1,2
978,1,2
979,0,1
981,0,2
983,1,2
985,0,2
987,1,2
988,0,1
989,0,1
991,1,2
993,1,2
994,0,1
996,0,2
998,0,2
1000,1,2
1002,1,2
1003,0,1
1005,0,2
1007,0,2
1009,1,2
1011,1,2
1012,0,1
1014,0,2
1016,0,2
1018,1,2
1019,0,1
1021,0,2
1023,0,2
1025,0,2
1027,1,2
1029,0,2
1031,1,2
1033,1,2
1034,0,1
1036,0,2
1038,0,2
1043,3,5
1049,1,6
1051,1,2
1053,1,2
1055,1,2
1056,0,1
1058,0,2
1060,0,2
1062,0,2
1064,1,2
1066,1,2
1067,0,1
1069,0,2
1071,0,2
1073,1,2
1075,1,2
1076,0,1
1078,0,2
1080,1,2
1082,1,2
1085,2,3
1089,3,4
1091,0,2
1093,0,2
1095,0,2
1097,1,2
1100,2,3
1117,7,17
1123,1,6
1124,0,1
1126,0,2
1128,0,2
1130,1,2
1132,1,2
1134,1,2
1135,0,1
1137,0,2
1139,0,2
1141,0,2
1143,1,2
1144,0,1
1148,1,4
1150,1,2
1151,0,1
1153,1,2
1154,0,1
1156,0,2
1158,1,2
1159,0,1
1161,0,2
1163,0,2
1165,1,2
1167,1,2
1168,0,1
1170,0,2
1172,1,2
1174,1,2
1175,0,1
1179,2,4
1180,0,1
1182,0,2
1184,1,2
1185,0,1
1187,0,2
1189,1,2
1191,1,2
1192,0,1
1194,0,2
1196,1,2
1198,1,2
1199,0,1
1201,0,2
1204,1,3
1206,1,2
1207,0,1
1209,0,2
1211,1,2
1212,0,1
1214,0,2
1216,1,2
1217,0,1
1219,0,2
1221,0,2
1223,1,2
1224,0,1
1226,0,2
1228,1,2
1229,0,1
1231,0,2
1233,1,2
1234,0,1
1236,0,2
1238,0,2
1240,1,2
1243,2,3
1248,0,5
1250,0,2
1252,1,2
1254,0,2
1256,0,2
1258,0,2
1260,1,2
1262,1,2
1263,0,1
1265,0,2
1267,0,2
1269,1,2
1271,1,2
1272,0,1
1274,0,2
1278,3,4
1280,1,2
1281,0,1
1283,0,2
1285,1,2
1287,1,2
1289,1,2
1290,0,1
1292,0,2
1294,1,2
1295,0,1
1297,0,2
1299,0,2
1301,1,2
1303,1,2
1304,0,1
1306,0,2
1308,1,2
1310,1,2
1312,1,2
1313,0,1
1315,0,2
1317,0,2
1319,1,2
1320,0,1
1322,0,2
1324,0,2
1331,5,7
1333,1,2
1335,1,2
1337,1,2
1338,0,1
1340,0,2
1342,0,2
1344,1,2
1346,1,2
1348,1,2
1350,1,2
1351,0,1
1354,1,3
1356,1,2
1358,1,2
1360,1,2
1362,1,2
1371,7,9
1373,0,2
1376,1,3
1378,1,2
1379,0,1
1381,0,2
1383,0,2
1385,0,2
1388,1,3
1389,0,1
1392,1,3
1394,1,2
1396,1,2
1398,1,2
1399,0,1
1402,0,3
1404,0,2
1406,0,2
1408,1,2
1410,1,2
1411,0,1
1413,0,2
1415,1,2
1417,1,2
1419,1,2
1421,1,2
1422,0,1
1431,5,9
1433,0,2
1435,0,2
1437,1,2
1438,0,1
1440,0,2
1442,1,2
1444,1,2
1445,0,1
1447,0,2
1449,1,2
1451,1,2
1453,1,2
1455,0,2
1457,0,2
1459,1,2
1461,1,2
1462,0,1
1464,0,2
1466,0,2
1468,1,2
1470,1,2
1472,1,2
1473,0,1
1475,0,2
1477,0,2
1479,1,2
1481,0,2
1483,0,2
1485,0,2
1487,1,2
1489,1,2
1490,0,1
1492,0,2
1494,1,2
1495,0,1
1499,2,4
1501,1,2
1502,0,1
1504,0,2
1506,1,2
1508,1,2
1510,1,2
1511,0,1
1513,0,2
1515,0,2
1517,1,2
1518,0,1
1520,0,2
1522,1,2
1524,1,2
1526,1,2
1528,1,2
1530,1,2
1531,0,1
1533,0,2
1535,1,2
1537,1,2
1539,1,2
1540,0,1
1542,0,2
1544,1,2
1546,1,2
1548,1,2
1550,1,2
1551,0,1
1553,0,2
1555,1,2
1556,0,1
1558,0,2
1560,0,2
1562,1,2
1564,1,2
1565,0,1
1567,0,2
1569,1,2
1571,1,2
1572,0,1
1574,0,2
1576,0,2
1578,1,2
1580,1,2
1581,0,1
1583,0,2
1585,1,2
1587,1,2
1589,1,2
1591,1,2
1593,1,2
1595,1,2
1597,1,2
1599,1,2
1601,1,2
1602,0,1
1604,0,2
1606,0,2
1608,0,2
1610,0,2
1612,1,2
1614,1,2
1615,0,1
1617,0,2
1620,1,3
1622,0,2
1625,1,3
1626,0,1
1628,0,2
1630,0,2
1632,0,2
1634,0,2
1636,0,2
1638,0,2
1640,0,2
1642,1,2
1644,1,2
1645,0,1
1647,0,2
1649,1,2
1651,1,2
1652,0,1
1654,0,2
1656,1,2
1657,0,1
1659,0,2
1661,1,2
1662,0,1
1664,0,2
1666,0,2
1668,1,2
1669,0,1
1671,0,2
1673,1,2
1675,1,2
1676,0,1
1678,0,2
1680,0,2
1682,1,2
1683,0,1
1685,0,2
1687,1,2
1689,1,2
1690,0,1
1692,0,2
1694,1,2
1695,0,1
1697,0,2
1699,1,2
1701,1,2
1702,0,1
1704,0,2
1706,0,2
1708,1,2
1710,1,2
1712,1,2
1714,1,2
1716,1,2
1717,0,1
1719,0,2
1724,0,5
1726,0,2
1728,1,2
1730,1,2
1731,0,1
1733,0,2
1735,1,2
1737,1,2
1738,0,1
1740,0,2
1742,1,2
1743,0,1
1745,0,2
1747,1,2
1749,1,2
1750,0,1
1752,0,2
1754,1,2
1756,1,2
1757,0,1
1759,0,2
1761,1,2
1763,1,2
1765,1,2
1767,1,2
1768,0,1
1770,0,2
1772,1,2
1776,1,4
1778,1,2
1780,1,2
1782,1,2
1786,3,4
1788,0,2
1790,0,2
1792,0,2
1794,1,2
1798,3,4
1800,1,2
1801,0,1
1803,1,2
1805,1,2
1806,0,1
1808,1,2
1809,0,1
1811,1,2
1813,1,2
1814,0,1
1816,1,2
1817,0,1
1822,1,5
1823,1,1
1824,0,1
1826,1,2
1827,1,1
1828,1,1
1829,0,1
1831,1,2
1832,1,1
1833,0,1
1834,0,1
1836,1,2
1837,1,1
1838,0,1
1840,1,2
1841,1,1
1843,2,2
1845,0,2
1847,0,2
1849,0,2
1851,0,2
1853,0,2
1855,0,2
1857,0,2
1859,0,2
1861,0,2
1863,1,2
1865,0,2
1867,0,2
1877,5,10
1879,1,2
1880,0,1
1882,0,2
1884,1,2
1886,1,2
1888,0,2
1890,1,2
1891,0,1
1893,0,2
1895,1,2
1897,1,2
1898,0,1
1900,0,2
1902,1,2
1903,0,1
1905,0,2
1907,1,2
1908,0,1
1910,0,2
1912,0,2
1914,1,2
1916,1,2
1917,0,1
1919,0,2
1921,1,2
1925,1,4
1926,0,1
1928,0,2
1930,1,2
1931,0,1
1933,0,2
1935,1,2
1937,1,2
1939,1,2
1940,0,1
1942,1,2
1943,0,1
1945,0,2
1947,0,2
1949,1,2
1950,0,1
1952,0,2
1954,0,2
1956,0,2
1958,0,2
1960,1,2
1962,1,2
1964,1,2
1966,1,2
1968,1,2
1969,0,1
1971,0,2
1973,0,2
1975,0,2
1977,1,2
1979,1,2
1981,1,2
1983,1,2
1984,0,1
1986,0,2
1988,0,2
1990,1,2
1991,0,1
1993,0,2
1995,0,2
1997,1,2
1998,0,1
2000,0,2
2002,1,2
2004,1,2
2005,0,1
2007,0,2
2009,1,2
2011,1,2
2012,0,1
2014,0,2
2016,0,2
2018,1,2
2019,0,1
2021,0,2
2023,0,2
2025,1,2
2026,0,1
2028,0,2
2030,0,2
2032,1,2
2033,0,1
2035,0,2
2037,1,2
2039,1,2
2040,0,1
2042,0,2
2044,1,2
2053,1,9
2055,0,2
2057,0,2
2059,0,2
2061,0,2
2063,0,2
2066,0,3
2068,0,2
2070,0,2
2072,1,2
2074,0,2
2076,1,2
2078,1,2
2080,0,2
2082,0,2
2084,1,2
2086,1,2
2087,0,1
2089,0,2
2091,0,2
2093,0,2
2095,0,2
2097,0,2
2099,1,2
2101,1,2
2103,1,2
2105,1,2
2107,1,2
2109,1,2
2111,1,2
2113,1,2
2114,0,1
2116,0,2
2118,1,2
2119,0,1
2121,0,2
2123,0,2
2125,0,2
2127,0,2
2129,0,2
2131,1,2
2133,1,2
2135,1,2
2137,1,2
2139,1,2
2141,0,2
2143,1,2
2145,1,2
2146,0,1
2148,0,2
2156,1,8
2158,0,2
2164,1,6
2166,1,2
2168,0,2
2170,0,2
2172,0,2
2175,1,3
2177,1,2
2179,1,2
2181,1,2
2183,1,2
2184,0,1
2186,0,2
2188,0,2
2190,0,2
2192,0,2
2194,1,2
2196,1,2
2198,1,2
2200,1,2
2202,1,2
2204,1,2
2206,1,2
2207,0,1
2209,0,2
2211,0,2
2213,0,2
2221,1,8
2223,1,2
2225,0,2
2227,0,2
2229,0,2
2231,1,2
2233,1,2
2235,1,2
2236,0,1
2238,0,2
2240,1,2
2242,1,2
2244,1,2
2246,1,2
2247,0,1
2249,0,2
2251,0,2
2253,0,2
2255,0,2
2257,0,2
2259,1,2
2261,1,2
2263,1,2
2267,0,4
2269,0,2
2271,0,2
2273,0,2
2278,1,5
2280,1,2
2282,1,2
2284,1,2
2286,1,2
2288,1,2
2290,1,2
2291,0,1
2293,0,2
2295,0,2
2297,0,2
2299,0,2
2301,0,2
2303,0,2
2305,0,2
2307,0,2
2309,0,2
2312,1,3
2313,0,1
2315,0,2
2317,0,2
2319,1,2
2325,1,6
2327,1,2
2329,1,2
2331,1,2
2333,1,2
2335,1,2
2337,1,2
2339,1,2
2340,0,1
2342,0,2
2344,0,2
2346,0,2
2349,1,3
2351,1,2
2352,0,1
2354,0,2
2356,0,2
2358,0,2
2360,1,2
2361,0,1
2363,0,2
2365,0,2
2367,1,2
2369,1,2
2370,0,1
2372,0,2
2374,0,2
2376,1,2
2378,1,2
2380,1,2
2382,1,2
2384,1,2
2386,1,2
2388,1,2
2390,1,2
2392,1,2
2393,0,1
2395,0,2
2397,0,2
2399,0,2
2401,0,2
2403,1,2
2405,1,2
2406,0,1
2408,0,2
2410,0,2
2412,0,2
2414,0,2
2416,0,2
2419,1,3
2421,1,2
2423,1,2
2424,0,1
2426,0,2
2428,0,2
2430,1,2
2432,1,2
2434,1,2
2435,0,1
2437,0,2
2439,1,2
2441,1,2
2442,0,1
2444,1,2
2446,1,2
2447,0,1
2449,0,2
2451,1,2
2452,0,1
2454,0,2
2456,1,2
2457,0,1
2459,0,2
2461,1,2
2463,1,2
2465,1,2
2467,1,2
2468,0,1
2470,0,2
2472,1,2
2474,1,2
2476,1,2
2478,0,2
2481,0,3
2483,0,2
2486,1,3
2488,1,2
2490,1,2
2492,1,2
2494,0,2
2496,0,2
2498,0,2
2500,0,2
2502,1,2
2504,1,2
2507,1,3
2509,1,2
2511,1,2
2513,1,2
2515,0,2
2518,1,3
2520,1,2
2522,1,2
2524,1,2
2526,1,2
2528,1,2
2530,1,2
2535,0,5
2537,0,2
2539,1,2
2541,0,2
2543,0,2
2545,0,2
2547,0,2
2549,0,2
2551,0,2
2554,1,3
2555,0,1
2557,0,2
2563,1,6
2564,0,1
2565,0,1
2567,1,2
2568,1,1
2569,0,1
2571,1,2
2572,1,1
2573,0,1
2575,1,2
2576,1,1
2577,1,1
2579,1,2
2580,1,1
2581,0,1
2583,1,2
2584,1,1
2585,1,1
2586,0,1
2587,0,1
2588,0,1
2590,1,2
2591,1,1
2593,1,2
2594,1,1
2595,0,1
2596,0,1
2597,0,1
2599,1,2
2600,1,1
2601,0,1
2602,0,1
2604,1,2
2607,1,3
2608,1,1
2609,0,1
2611,1,2
2612,1,1
2613,1,1
2615,1,2
2620,1,5
2622,1,2
2623,0,1
2625,0,2
2627,0,2
2629,1,2
2631,1,2
2633,1,2
2634,0,1
2636,0,2
2638,0,2
2640,1,2
2642,1,2
2644,1,2
2645,0,1
2647,0,2
2649,0,2
2651,1,2
2653,1,2
2655,1,2
2656,0,1
2658,0,2
2660,1,2
2662,1,2
2663,0,1
2665,0,2
2667,1,2
2669,1,2
2670,0,1
2672,0,2
2674,0,2
2676,1,2
2677,0,1
2679,0,2
2681,1,2
2687,5,6
2688,0,1
2690,0,2
2692,1,2
2694,1,2
2695,0,1
2697,0,2
2699,1,2
2700,0,1
2702,0,2
2707,4,5
2708,0,1
2710,0,2
2712,1,2
2713,0,1
2715,0,2
2717,1,2
2718,0,1
2720,0,2
2722,1,2
2727,4,5
2728,0,1
2730,0,2
2732,0,2
2734,1,2
2735,0,1
2737,0,2
2739,1,2
2740,0,1
2742,0,2
2744,1,2
2745,0,1
2747,0,2
2749,1,2
2750,0,1
2752,0,2
2754,1,2
2755,0,1
2757,0,2
2759,1,2
2761,1,2
2762,0,1
2764,0,2
2766,1,2
2768,1,2
2769,0,1
2771,0,2
2773,1,2
2774,0,1
2776,0,2
2778,1,2
2780,1,2
2781,0,1
2783,0,2
2785,1,2
2787,1,2
2788,0,1
2790,1,2
2792,1,2
2794,1,2
2795,0,1
2797,0,2
2799,1,2
2800,0,1
2802,0,2
2804,1,2
2807,2,3
2808,0,1
2810,1,2
2811,0,1
2813,0,2
2815,1,2
2816,0,1
2818,0,2
2820,1,2
2821,0,1
2823,0,2
2825,1,2
2826,0,1
2828,0,2
2830,1,2
2832,1,2
2833,0,1
2835,0,2
2837,1,2
2839,1,2
2841,1,2
2842,0,1
2844,0,2
2846,0,2
2848,1,2
2849,0,1
2851,0,2
2853,1,2
2854,0,1
2856,0,2
2858,1,2
2860,1,2
2861,0,1
2863,0,2
2865,1,2
2867,1,2
2872,0,5
2874,0,2
2876,1,2
2877,0,1
2879,0,2
2881,1,2
2882,0,1
2884,0,2
2886,0,2
2888,1,2
2889,0,1
2891,0,2
2893,1,2
2895,1,2
2896,0,1
2898,0,2
2900,1,2
2902,1,2
2903,0,1
2905,0,2
2907,1,2
2908,0,1
2910,0,2
2912,0,2
2914,1,2
2916,1,2
2917,0,1
2919,0,2
2921,1,2
2922,0,1
2924,0,2
2926,0,2
2928,0,2
2930,1,2
2932,1,2
2934,1,2
2936,1,2
2938,1,2
2940,1,2
2941,0,1
2943,0,2
2945,0,2
2947,0,2
2949,0,2
2951,0,2
2953,0,2
2955,1,2
2957,1,2
2959,1,2
2961,1,2
2963,1,2
2965,1,2
2966,0,1
2968,0,2
2970,1,2
2972,1,2
2974,1,2
2975,0,1
2977,0,2
2979,1,2
2980,0,1
2982,0,2
2984,1,2
2986,1,2
2987,0,1
2989,0,2
2991,1,2
2992,0,1
2994,0,2
2996,0,2
2998,1,2
2999,0,1
3001,0,2
3003,1,2
3005,1,2
3006,0,1
3008,0,2
3010,0,2
3012,1,2
3014,1,2
3016,1,2
3017,0,1
3019,0,2
3021,1,2
3023,1,2
3024,0,1
3026,0,2
3028,1,2
3029,1,1
3030,0,1
3031,0,1
3033,1,2
3034,0,1
3035,0,1
3037,1,2
3038,1,1
3039,0,1
3040,0,1
3041,0,1
3043,1,2
3044,1,1
3045,0,1
3046,0,1
3048,1,2
3049,1,1
3050,0,1
3051,0,1
3052,0,1
3054,1,2
3055,1,1
3056,0,1
3057,0,1
3063,5,6
3064,1,1
3066,1,2
3068,1,2
3070,1,2
3072,0,2
3074,0,2
3076,0,2
3078,1,2
3079,0,1
3081,0,2
3083,1,2
3085,1,2
3086,0,1
3088,0,2
3090,0,2
3092,1,2
3094,1,2
3095,0,1
3097,0,2
3099,1,2
3100,0,1
3102,0,2
3104,1,2
3106,1,2
3107,0,1
3109,0,2
3111,1,2
3113,1,2
3115,1,2
3117,0,2
3119,1,2
3121,1,2
3123,1,2
3125,1,2
3126,0,1
3128,0,2
3130,0,2
3132,0,2
3134,0,2
3136,1,2
3138,0,2
3140,1,2
3141,0,1
3143,0,2
3145,1,2
3147,1,2
3149,1,2
3151,1,2
3153,1,2
3155,1,2
3157,1,2
3158,0,1
3160,0,2
3162,0,2
3164,0,2
3166,1,2
3168,1,2
3170,1,2
3171,0,1
3173,0,2
3175,1,2
3177,1,2
3178,0,1
3180,0,2
3182,1,2
3184,1,2
3185,0,1
3187,0,2
3189,1,2
3192,1,3
3194,1,2
3195,0,1
3197,0,2
3199,1,2
3200,0,1
3202,0,2
3204,0,2
3206,1,2
3207,0,1
3209,0,2
3211,0,2
3213,0,2
3215,0,2
3217,1,2
3218,0,1
3220,0,2
3222,0,2
3224,1,2
3225,0,1
3227,0,2
3229,0,2
3231,0,2
3233,1,2
3234,0,1
3236,0,2
3238,1,2
3240,1,2
3241,0,1
3243,0,2
3245,1,2
3247,1,2
3248,0,1
3250,0,2
3252,0,2
3258,1,6
3260,0,2
3262,1,2
3263,0,1
3265,0,2
3267,1,2
3269,1,2
3270,0,1
3272,1,2
3274,1,2
3275,0,1
3277,0,2
3279,1,2
3281,1,2
3282,0,1
3284,0,2
3286,1,2
3287,0,1
3289,0,2
3291,1,2
3292,0,1
3294,0,2
3296,1,2
3297,0,1
3299,0,2
3301,0,2
3303,1,2
3304,0,1
3306,0,2
3308,1,2
3310,1,2
3311,0,1
3313,0,2
3315,1,2
3317,1,2
3318,0,1
3320,0,2
3322,1,2
3323,0,1
3325,0,2
3327,0,2
3329,1,2
3330,0,1
3332,0,2
3334,1,2
3336,1,2
3337,0,1
3339,0,2
3341,0,2
3343,1,2
3345,1,2
3346,0,1
3348,0,2
3350,1,2
3352,1,2
3353,0,1
3355,0,2
3357,1,2
3359,1,2
3361,1,2
3362,0,1
3364,0,2
3366,0,2
3368,0,2
3371,1,3
3373,1,2
3375,1,2
3377,0,2
3379,0,2
3382,1,3
3384,1,2
3386,1,2
3387,0,1
3393,4,6
3395,1,2
3396,0,1
3398,0,2
3400,1,2
3402,1,2
3404,1,2
3405,0,1
3407,0,2
3409,0,2
3411,1,2
3413,1,2
3414,0,1
3416,0,2
3419,1,3
3420,0,1
3422,0,2
3424,1,2
3425,0,1
3427,0,2
3429,0,2
3432,1,3
3434,1,2
3436,1,2
3438,1,2
3440,1,2
3442,1,2
3444,1,2
3446,1,2
3448,1,2
3450,1,2
3452,1,2
3454,1,2
3455,0,1
3457,0,2
3459,1,2
3461,1,2
3463,1,2
3467,3,4
3469,0,2
3471,0,2
3473,0,2
3475,0,2
3477,0,2
3479,0,2
3487,5,8
3489,0,2
3491,0,2
3493,1,2
3495,1,2
3497,0,2
3499,0,2
3501,0,2
3503,0,2
3506,1,3
3507,0,1
3509,0,2
3512,1,3
3514,1,2
3516,1,2
3518,1,2
3520,1,2
3522,1,2
3524,1,2
3526,1,2
3528,1,2
3529,0,1
3531,0,2
3533,1,2
3535,1,2
3537,1,2
3539,1,2
3541,1,2
3543,1,2
3547,2,4
3549,1,2
3551,1,2
3553,0,2
3555,0,2
3557,0,2
3559,0,2
3561,0,2
3564,1,3
3566,1,2
3568,1,2
3570,1,2
3572,1,2
3574,1,2
3576,1,2
3578,1,2
3580,1,2
3582,1,2
3584,1,2
3586,1,2
3588,1,2
3590,1,2
3592,1,2
3594,1,2
3596,1,2
3598,1,2
3600,1,2
3602,1,2
3604,1,2
3606,1,2
3608,1,2
3610,1,2
3612,0,2
3614,0,2
3616,1,2
3618,1,2
3619,0,1
3621,0,2
3623,1,2
3624,0,1
3626,0,2
3628,1,2
3630,1,2
3631,0,1
3633,0,2
3635,1,2
3636,0,1
3638,0,2
3640,1,2
3643,2,3
3643,0,0
3645,1,2
3646,0,1
3648,0,2
3650,1,2
3652,1,2
3653,0,1
3656,1,3
3657,0,1
3659,1,2
3661,1,2
3662,0,1
3664,0,2
3666,1,2
3668,1,2
3669,0,1
3671,1,2
3672,0,1
3674,0,2
3676,1,2
3677,0,1
3679,0,2
3681,1,2
3682,0,1
3684,1,2
3685,0,1
3687,0,2
3689,0,2
3691,1,2
3692,0,1
3694,1,2
3696,1,2
3697,0,1
3699,0,2
3701,1,2
3702,0,1
3704,0,2
3706,1,2
3707,0,1
3709,0,2
3711,1,2
3712,0,1
3714,0,2
3716,1,2
3718,1,2
3719,0,1
3721,1,2
3722,0,1
3724,0,2
3726,1,2
3727,0,1
3729,0,2
3731,0,2
3733,0,2
3735,0,2
3737,0,2
3739,0,2
3741,0,2
3743,1,2
3744,0,1
3746,0,2
3748,1,2
3750,1,2
3751,0,1
3753,1,2
3755,1,2
3756,0,1
3758,0,2
3760,1,2
3762,1,2
3763,0,1
3765,0,2
3767,0,2
3769,0,2
3771,0,2
3773,1,2
3775,1,2
3776,0,1
3780,2,4
3782,1,2
3784,1,2
3786,1,2
3787,0,1
3789,0,2
3791,0,2
3793,1,2
3795,1,2
3797,1,2
3799,1,2
3800,0,1
3802,0,2
3804,1,2
3806,1,2
3808,1,2
3809,0,1
3811,0,2
3813,0,2
3815,1,2
3817,1,2
3819,1,2
3820,0,1
3822,0,2
3824,1,2
3825,0,1
3827,0,2
3829,1,2
3830,0,1
3832,0,2
3834,1,2
3835,0,1
3837,0,2
3839,0,2
3841,1,2
3843,1,2
3844,0,1
3846,0,2
3848,1,2
3849,0,1
3851,0,2
3853,1,2
3854,0,1
3856,0,2
3857,0,1
3858,0,1
3860,1,2
3861,1,1
3862,0,1
3863,0,1
3864,0,1
3866,1,2
3867,0,1
3868,0,1
3869,0,1
3871,1,2
3872,1,1
3873,0,1
3874,0,1
3875,0,1
3877,1,2
3878,1,1
3879,0,1
3880,0,1
3881,0,1
3883,1,2
3884,1,1
3885,0,1
3886,0,1
3887,0,1
3889,1,2
3890,1,1
3891,0,1
3892,0,1
3893,0,1
3895,1,2
3896,1,1
3897,0,1
3898,0,1
3899,0,1
3901,1,2
3902,1,1
3903,0,1
3904,0,1
3905,0,1
3907,1,2
3908,1,1
3909,0,1
3910,0,1
3911,0,1
3913,1,2
3914,0,1
3915,0,1
3916,0,1
3918,1,2
3919,1,1
3920,0,1
3921,0,1
3922,0,1
3924,1,2
3925,1,1
3926,0,1
3927,0,1
3928,0,1
3929,0,1
3931,1,2
3932,1,1
3933,0,1
3934,0,1
3936,1,2
3937,1,1
3938,0,1
3939,0,1
3940,0,1
3941,0,1
3943,1,2
3944,1,1
3945,0,1
3946,0,1
3947,0,1
3948,0,1
3950,1,2
3951,1,1
3952,1,1
3953,0,1
3954,0,1
3955,0,1
3956,0,1
3958,1,2
3959,1,1
3960,0,1
3961,0,1
3962,0,1
3963,0,1
3965,1,2
3966,1,1
3967,0,1
3968,0,1
3969,0,1
3970,0,1
3972,1,2
3973,1,1
3974,1,1
3975,0,1
3976,0,1
3977,0,1
3979,1,2
3980,1,1
3981,1,1
3982,0,1
3983,0,1
3984,0,1
3985,0,1
3987,1,2
3988,1,1
3989,1,1
3990,0,1
3991,0,1
3992,0,1
3994,1,2
3995,1,1
3996,0,1
3997,0,1
3998,0,1
4000,1,2
4001,1,1
4002,1,1
4003,0,1
4004,0,1
4005,0,1
4007,1,2
4008,1,1
4009,1,1
4010,0,1
4011,0,1
4012,0,1
4013,0,1
4015,1,2
4016,1,1
4017,0,1
4018,0,1
4019,0,1
4020,0,1
4021,0,1
4023,1,2
4024,1,1
4025,0,1
4026,0,1
4027,0,1
4029,1,2
4030,1,1
4031,1,1
4032,0,1
4033,0,1
4034,0,1
4035,0,1
4037,1,2
4038,1,1
4039,1,1
4040,0,1
4041,0,1
4042,0,1
4044,1,2
4045,1,1
4046,1,1
4047,0,1
4048,0,1
4049,0,1
4050,0,1
4052,1,2
4053,1,1
4054,1,1
4055,0,1
4056,0,1
4057,0,1
4059,1,2
4063,4,4
4065,0,2
4067,0,2
4071,1,4
4072,0,1
4074,0,2
4076,1,2
4077,0,1
4079,1,2
4081,1,2
4083,1,2
4084,0,1
4086,0,2
4088,1,2
4090,1,2
4091,0,1
4093,0,2
4095,1,2
4096,0,1
4098,0,2
4100,0,2
4102,1,2
4104,1,2
4106,1,2
4108,1,2
4109,0,1
4111,1,2
4113,1,2
4115,1,2
4118,1,3
4119,0,1
4121,0,2
4123,1,2
4125,1,2
4127,1,2
4129,1,2
4131,1,2
4133,1,2
4134,0,1
4136,0,2
4138,1,2
4140,1,2
4142,0,2
4144,1,2
4145,0,1
4147,0,2
4149,0,2
4151,1,2
4153,0,2
4155,1,2
4159,3,4
4163,1,4
4165,1,2
4167,1,2
4170,2,3
4172,1,2
4173,0,1
4175,0,2
4178,1,3
4179,0,1
4181,0,2
4183,1,2
4185,1,2
4186,0,1
4188,0,2
4190,1,2
4192,1,2
4193,0,1
4195,0,2
4197,1,2
4198,0,1
4200,0,2
4202,1,2
4204,1,2
4206,1,2
4207,0,1
4209,0,2
4211,1,2
4213,1,2
4214,0,1
4216,0,2
4218,1,2
4219,0,1
4221,0,2
4223,1,2
4225,1,2
4226,0,1
4228,1,2
4230,1,2
4232,1,2
4233,0,1
4235,0,2
4237,0,2
4239,1,2
4240,0,1
4242,0,2
4244,0,2
4246,0,2
4248,0,2
4250,0,2
4252,0,2
4254,0,2
4256,0,2
4258,1,2
4260,1,2
4261,0,1
4263,0,2
4265,0,2
4267,1,2
4268,0,1
4270,0,2
4272,1,2
4274,1,2
4275,0,1
4277,0,2
4279,0,2
4281,1,2
4283,1,2
4284,0,1
4286,0,2
4288,1,2
4289,0,1
4291,0,2
4293,1,2
4295,1,2
4297,1,2
4298,0,1
4300,0,2
4302,0,2
4304,1,2
4305,0,1
4307,0,2
4309,1,2
4311,1,2
4313,1,2
4314,0,1
4316,0,2
4318,1,2
4319,0,1
4321,0,2
4323,1,2
4324,0,1
4325,0,1
4327,1,2
4328,1,1
4329,0,1
4331,1,2
4332,1,1
4333,0,1
4334,0,1
4335,0,1
4337,1,2
4338,1,1
4340,1,2
4342,0,2
4344,0,2
4346,0,2
4348,0,2
4350,1,2
4352,1,2
4353,0,1
4355,0,2
4357,0,2
4359,1,2
4361,1,2
4363,1,2
4364,0,1
4366,0,2
4368,1,2
4369,0,1
4371,0,2
4373,1,2
4375,1,2
4377,0,2
4378,0,1
4379,0,1
4381,1,2
4382,1,1
4383,0,1
4384,0,1
4385,0,1
4387,1,2
4388,1,1
4389,0,1
4390,0,1
4391,0,1
4393,1,2
4394,1,1
4395,0,1
4396,0,1
4398,1,2
4399,1,1
4400,0,1
4401,0,1
4402,0,1
4403,0,1
4405,1,2
4406,1,1
4407,0,1
4408,0,1
4409,0,1
4411,1,2
4412,1,1
4413,0,1
4414,0,1
4416,1,2
4417,1,1
4418,0,1
4419,0,1
4420,0,1
4422,1,2
4423,1,1
4424,0,1
4425,0,1
4426,0,1
4428,1,2
4429,1,1
4430,0,1
4431,0,1
4432,0,1
4434,1,2
4435,1,1
4436,0,1
4437,0,1
4439,1,2
4440,1,1
4441,0,1
4442,0,1
4444,1,2
4445,1,1
4446,0,1
4447,0,1
4465,1,18
4467,1,2
4470,1,3
4471,1,1
4472,1,1
4473,0,1
4475,1,2
4476,1,1
4477,0,1
4478,0,1
4479,0,1
4481,1,2
4482,1,1
4483,0,1
4484,0,1
4485,0,1
4486,0,1
4488,1,2
4489,1,1
4490,1,1
4491,0,1
4492,0,1
4493,0,1
4494,0,1
4496,1,2
4497,1,1
4498,0,1
4499,0,1
4500,0,1
4501,0,1
4503,1,2
4504,1,1
4505,1,1
4506,0,1
4507,0,1
4508,0,1
4510,1,2
4511,1,1
4512,1,1
4513,0,1
4514,0,1
4515,0,1
4517,1,2
4518,1,1
4519,1,1
4520,0,1
4521,0,1
4522,0,1
4523,0,1
4524,0,1
4526,1,2
4527,1,1
4528,0,1
4529,0,1
4530,0,1
4531,0,1
4533,1,2
4534,1,1
4535,0,1
4536,0,1
4537,0,1
4538,0,1
4540,1,2
4541,1,1
4542,0,1
4543,0,1
4544,0,1
4545,0,1
4546,0,1
4548,1,2
4549,1,1
4550,0,1
4551,0,1
4552,0,1
4553,0,1
4555,1,2
4556,1,1
4557,0,1
4558,0,1
4559,0,1
4560,0,1
4562,1,2
4563,1,1
4564,1,1
4565,0,1
4566,0,1
4567,0,1
4568,0,1
4570,1,2
4571,1,1
4572,0,1
4573,0,1
4574,0,1
4575,0,1
4576,0,1
4578,1,2
4579,1,1
4580,0,1
4581,0,1
4582,0,1
4583,0,1
4585,1,2
4586,1,1
4587,1,1
4588,0,1
4589,0,1
4590,0,1
4592,1,2
4593,1,1
4594,1,1
4595,0,1
4596,0,1
4597,0,1
4598,0,1
4603,4,5
4605,1,2
4606,0,1
4608,0,2
4610,1,2
4612,0,2
4614,0,2
4616,0,2
4618,1,2
4619,0,1
4621,0,2
4623,1,2
4624,0,1
4626,1,2
4627,0,1
4629,0,2
4631,1,2
4632,0,1
4634,0,2
4636,1,2
4637,0,1
4639,0,2
4641,1,2
4642,0,1
4644,1,2
4645,0,1
4647,0,2
4649,1,2
4651,1,2
4652,0,1
4654,0,2
4656,1,2
4657,0,1
4659,0,2
4661,1,2
4663,1,2
4664,0,1
4666,0,2
4668,1,2
4669,0,1
4671,0,2
4673,1,2
4675,1,2
4676,0,1
4678,0,2
4680,1,2
4682,1,2
4683,0,1
4685,0,2
4687,1,2
4689,1,2
4690,0,1
4692,0,2
4694,1,2
4695,0,1
4697,0,2
4699,1,2
4701,0,2
4703,1,2
4705,1,2
4706,0,1
4708,0,2
4710,1,2
4711,0,1
4713,0,2
4715,0,2
4717,1,2
4718,0,1
4720,0,2
4722,1,2
4724,1,2
4726,1,2
4728,1,2
4730,1,2
4732,1,2
4733,0,1
4735,0,2
4737,0,2
4739,0,2
4741,0,2
4743,0,2
4745,1,2
4747,1,2
4749,1,2
4751,1,2
4753,1,2
4761,1,8
4764,0,3
4766,0,2
4768,0,2
4770,0,2
4772,1,2
4774,1,2
4775,0,1
4777,0,2
4779,1,2
4780,0,1
4782,0,2
4784,1,2
4786,1,2
4787,0,1
4789,0,2
4791,1,2
4792,0,1
4794,0,2
4796,1,2
4797,0,1
4799,0,2
4801,1,2
4802,0,1
4804,0,2
4806,1,2
4808,1,2
4809,0,1
4811,0,2
4813,1,2
4815,1,2
4816,0,1
4818,0,2
4820,1,2
4821,0,1
4823,0,2
4825,1,2
4826,0,1
4828,0,2
4830,1,2
4832,1,2
4833,0,1
4835,0,2
4837,1,2
4838,0,1
4840,0,2
4842,0,2
4844,1,2
4847,2,3
4849,1,2
4850,0,1
4852,0,2
4854,1,2
4855,0,1
4857,0,2
4859,1,2
4861,1,2
4862,0,1
4864,0,2
4866,1,2
4867,0,1
4870,0,3
4872,1,2
4874,1,2
4875,0,1
4877,0,2
4879,1,2
4880,0,1
4882,0,2
4884,0,2
4887,2,3
4891,3,4
4892,0,1
4894,0,2
4896,1,2
4897,0,1
4899,0,2
4901,1,2
4903,1,2
4904,0,1
4906,1,2
4907,0,1
4909,0,2
4911,1,2
4913,1,2
4914,0,1
4916,0,2
4918,1,2
4919,0,1
4921,0,2
4923,1,2
4925,1,2
4926,0,1
4928,0,2
4930,1,2
4932,1,2
4935,2,3
4937,1,2
4939,1,2
4940,0,1
4942,0,2
4944,1,2
4945,0,1
4947,0,2
4949,1,2
4950,0,1
4952,0,2
4954,1,2
4956,1,2
4957,0,1
4959,0,2
4961,1,2
4963,1,2
4965,1,2
4966,0,1
4968,0,2
4970,1,2
4972,1,2
4973,0,1
4979,4,6
4981,0,2
4983,1,2
4984,0,1
4987,1,3
4988,0,1
4990,0,2
4992,1,2
4994,1,2
4996,0,2
4998,1,2
5000,1,2
5001,0,1
5011,4,10
5015,7,4
5015,3,0
5019,6,4
5027,8,8
5035,15,8
5036,15,1
5037,15,1
5037,9,0
5037,8,0
5038,8,1
5038,2,0
5039,2,1
5039,1,0
5040,0,1
5041,0,1
5042,0,1
5043,0,1
5044,0,1
5046,1,2
5047,1,1
5048,1,1
5049,0,1
5050,0,1
5051,0,1
5052,0,1
5053,0,1
5055,1,2
5056,1,1
5057,1,1
5058,0,1
5059,0,1
5060,0,1
5061,0,1
5062,0,1
5064,1,2
5065,1,1
5066,1,1
5067,0,1
5068,0,1
5069,0,1
5070,0,1
5072,1,2
5073,1,1
5074,1,1
5075,0,1
5076,0,1
5077,0,1
5078,0,1
5079,0,1
5081,1,2
5082,1,1
5083,1,1
5084,0,1
5085,0,1
5086,0,1
5087,0,1
5088,0,1
5089,0,1
5099,9,10
5102,2,3
5107,6,5
5111,4,4
5115,7,4
5119,10,4
5127,17,8
5131,18,4
5135,19,4
5139,19,4
5143,22,4
5147,19,4
5150,18,3
5150,17,0
5155,19,5
5162,22,7
5163,22,1
5166,22,3
5168,20,2
5168,19,0
5170,15,2
5171,15,1
5171,14,0
5172,14,1
5172,13,0
5173,10,1
5173,9,0
5174,7,1
5174,5,0
5175,3,1
5175,2,0
5175,0,0
5177,1,2
5178,0,1
5180,1,2
5181,0,1
5183,0,2
5185,1,2
5186,0,1
5188,0,2
5190,1,2
5191,0,1
5193,0,2
5195,1,2
5196,0,1
5198,0,2
5200,1,2
5201,0,1
5203,0,2
5205,1,2
5206,0,1
5208,0,2
5210,1,2
5211,0,1
5213,0,2
5215,1,2
5217,1,2
5218,0,1
5220,0,2
5222,1,2
5223,0,1
5225,0,2
5227,1,2
5229,1,2
5235,5,6
5236,0,1
5238,0,2
5240,1,2
5242,1,2
5243,0,1
5245,1,2
5247,1,2
5248,0,1
5250,0,2
5252,1,2
5254,1,2
5255,0,1
5258,1,3
5260,1,2
5262,0,2
5265,1,3
5267,1,2
5269,1,2
5271,0,2
5274,1,3
5276,1,2
5279,1,3
5281,1,2
5283,1,2
5286,1,3
5288,1,2
5291,1,3
5293,1,2
5296,1,3
5298,1,2
5301,1,3
5303,1,2
5305,0,2
5308,1,3
5310,1,2
5312,1,2
5314,0,2
5317,1,3
5319,1,2
5321,0,2
5324,1,3
5326,1,2
5329,1,3
5331,1,2
5334,1,3
5336,1,2
5339,2,3
5342,1,3
5345,1,3
5348,2,3
5351,2,3
5354,2,3
5356,1,2
5359,1,3
5361,1,2
5363,1,2
5366,1,3
5368,1,2
5370,1,2
5373,1,3
5375,1,2
5378,1,3
5380,1,2
5382,0,2
5385,1,3
5387,1,2
5389,0,2
5392,1,3
5394,1,2
5397,1,3
5399,1,2
5402,1,3
5404,1,2
5407,1,3
5409,1,2
5411,1,2
5414,1,3
5416,1,2
5419,1,3
5421,1,2
5424,1,3
5426,1,2
5428,1,2
5430,0,2
5433,1,3
5435,1,2
5437,0,2
5440,1,3
5442,1,2
5444,1,2
5447,1,3
5449,1,2
5451,1,2
5453,0,2
5456,1,3
5458,1,2
5460,1,2
5463,1,3
5465,1,2
5467,0,2
5470,1,3
5472,1,2
5474,0,2
5477,1,3
5479,1,2
5481,0,2
5484,1,3
5486,1,2
5489,1,3
5492,2,3
5494,1,2
5497,1,3
5500,1,3
5503,1,3
5506,1,3
5509,1,3
5512,1,3
5515,1,3
5518,1,3
5521,1,3
5524,1,3
5527,1,3
5530,1,3
5533,1,3
5536,1,3
5539,1,3
5542,1,3
5545,1,3
5548,1,3
5551,1,3
5554,1,3
5557,1,3
5560,1,3
5563,1,3
5566,1,3
5570,1,4
5573,1,3
5576,1,3
5579,1,3
5582,1,3
5585,1,3
5587,1,2
5590,1,3
5593,1,3
5596,1,3
5599,1,3
5601,2,2
5603,1,2
5605,2,2
5606,1,1
5608,1,2
5609,1,1
5611,1,2
5613,2,2
5614,1,1
5616,1,2
5618,2,2
5619,1,1
5620,1,1
5622,2,2
5623,1,1
5625,1,2
5626,1,1
5628,1,2
5629,1,1
5631,1,2
5632,1,1
5633,1,1
5636,2,3
5637,0,1
5640,1,3
5642,1,2
5644,0,2
5646,1,2
5647,1,1
5649,1,2
5650,1,1
5652,2,2
5653,1,1
5655,1,2
5657,2,2
5658,1,1
5660,1,2
5662,1,2
5664,2,2
5665,1,1
5666,1,1
5668,1,2
5670,2,2
5671,1,1
5673,1,2
5675,2,2
5676,1,1
5678,1,2
5679,1,1
5681,1,2
5682,1,1
5684,1,2
5685,1,1
5686,1,1
5688,1,2
5689,1,1
5690,1,1
5692,1,2
5693,1,1
5694,1,1
5696,1,2
5697,1,1
5698,1,1
5700,1,2
5701,1,1
5702,0,1
5704,1,2
5705,1,1
5706,0,1
5708,1,2
5709,1,1
5711,1,2
5712,1,1
5713,1,1
5715,1,2
5716,1,1
5717,1,1
5719,1,2
5720,1,1
5721,1,1
5723,1,2
5724,1,1
5725,0,1
5727,1,2
5728,1,1
5729,0,1
5731,1,2
5732,1,1
5733,0,1
5735,1,2
5736,1,1
5737,1,1
5738,1,1
5739,0,1
5741,1,2
5742,1,1
5743,1,1
5744,0,1
5745,0,1
5747,1,2
5748,1,1
5749,1,1
5750,0,1
5752,1,2
5753,1,1
5754,1,1
5755,1,1
5756,0,1
5758,1,2
5759,1,1
5760,1,1
5768,1,8
5770,1,2
5772,0,2
5775,1,3
5777,1,2
5779,0,2
5782,1,3
5784,1,2
5786,0,2
5789,1,3
5791,1,2
5793,1,2
5795,0,2
5798,1,3
5801,2,3
5804,2,3
5806,1,2
5809,1,3
5811,1,2
5814,1,3
5817,1,3
5819,1,2
5822,1,3
5824,1,2
5827,1,3
5829,1,2
5835,4,6
5858,21,23
5859,21,1
5860,16,1
5862,17,2
5863,17,1
5864,17,1
5865,16,1
5866,16,1
5867,16,1
5868,16,1
5869,16,1
5870,15,1
5871,15,1
5872,15,1
5873,15,1
5874,14,1
5876,15,2
5877,15,1
5878,15,1
5879,15,1
5880,15,1
5881,14,1
5882,14,1
5883,14,1
5884,14,1
5885,14,1
5886,13,1
5887,13,1
5888,13,1
5889,13,1
5891,13,2
5892,13,1
5892,12,0
5894,13,2
5895,13,1
5896,12,1
5897,12,1
5898,12,1
5899,11,1
5900,11,1
5901,11,1
5903,12,2
5905,12,2
5906,12,1
5908,13,2
5909,13,1
5911,14,2
5913,15,2
5916,16,3
5918,17,2
5920,18,2
5922,19,2
5924,19,2
5926,20,2
5928,20,2
5930,20,2
5932,21,2
5934,22,2
5935,21,1
5937,22,2
5939,23,2
5940,22,1
5942,23,2
5947,27,5
5948,27,1
5949,26,1
5950,26,1
5952,27,2
5953,26,1
5955,27,2
5956,26,1
5958,27,2
5960,28,2
5962,28,2
5964,28,2
5966,29,2
5968,29,2
5970,29,2
5972,30,2
5973,30,1
5975,21,2
5977,20,2
5979,20,2
5981,20,2
5983,21,2
5984,20,1
5986,20,2
5988,20,2
5990,20,2
5992,20,2
5997,23,5
5999,23,2
6001,24,2
6003,24,2
6008,27,5
6009,26,1
6010,25,1
6011,25,1
6012,24,1
6014,25,2
6015,24,1
6016,24,1
6017,24,1
6018,19,1
6018,17,0
6021,1,3
6023,1,2
6026,1,3
6028,1,2
6031,1,3
6033,1,2
6036,1,3
6038,1,2
6041,1,3
6043,1,2
6045,0,2
6048,1,3
6050,1,2
6052,0,2
6055,1,3
6057,0,2
6061,1,4
6064,1,3
6067,1,3
6070,1,3
6072,1,2
6074,0,2
6076,1,2
6077,1,1
6079,1,2
6080,1,1
6082,1,2
6083,1,1
6084,0,1
6086,1,2
6087,1,1
6088,0,1
6090,1,2
6091,1,1
6094,2,3
6095,1,1
6097,1,2
6099,2,2
6100,1,1
6102,1,2
6104,2,2
6105,1,1
6107,1,2
6109,2,2
6110,1,1
6112,1,2
6114,2,2
6115,1,1
6117,1,2
6119,2,2
6120,1,1
6122,1,2
6124,2,2
6125,1,1
6127,1,2
6129,2,2
6130,1,1
6132,2,2
6133,1,1
6135,1,2
6137,2,2
6138,1,1
6140,1,2
6142,2,2
6143,1,1
6145,1,2
6146,1,1
6148,1,2
6150,2,2
6151,1,1
6153,1,2
6155,2,2
6156,1,1
6158,1,2
6159,1,1
6161,2,2
6162,1,1
6163,1,1
6164,1,1
6166,1,2
6167,1,1
6169,2,2
6172,3,3
6173,3,1
6176,5,3
6178,6,2
6180,6,2
6181,6,1
6184,8,3
6186,8,2
6187,8,1
6189,9,2
6190,8,1
6192,9,2
6193,9,1
6195,9,2
6197,10,2
6198,9,1
6200,10,2
6201,9,1
6203,9,2
6205,10,2
6206,9,1
6208,10,2
6209,9,1
6211,9,2
6212,9,1
6214,9,2
6215,9,1
6217,9,2
6218,9,1
6220,9,2
6222,10,2
6223,9,1
6225,10,2
6226,9,1
6229,10,3
6231,11,2
6232,10,1
6233,10,1
6234,9,1
6235,8,1
6236,8,1
6244,15,8
6245,14,1
6246,14,1
6246,13,0
6247,13,1
6248,12,1
6249,1,1
6251,0,2
6254,1,3
6255,0,1
6257,0,2
6259,1,2
6260,0,1
6262,0,2
6264,1,2
6266,1,2
6268,1,2
6269,0,1
6271,1,2
6273,1,2
6274,0,1
6276,0,2
6278,0,2
6280,0,2
6282,1,2
6283,0,1
6285,0,2
6287,1,2
6288,0,1
6290,1,2
6291,0,1
6293,0,2
6295,1,2
6296,0,1
6298,0,2
6300,1,2
6301,0,1
6303,0,2
6305,1,2
6306,0,1
6308,0,2
6310,0,2
6312,1,2
6313,0,1
6315,0,2
6317,1,2
6319,1,2
6320,0,1
6322,0,2
6324,1,2
6325,0,1
6327,0,2
6329,1,2
6330,0,1
6332,0,2
6334,1,2
6335,0,1
6337,0,2
6339,1,2
6340,0,1
6342,0,2
6344,1,2
6346,1,2
6347,0,1
6349,1,2
6351,1,2
6352,0,1
6354,0,2
6356,1,2
6357,0,1
6359,0,2
6361,1,2
6363,1,2
6364,0,1
6366,0,2
6368,1,2
6369,0,1
6371,0,2
6373,1,2
6375,1,2
6377,1,2
6378,0,1
6380,0,2
6382,0,2
6384,1,2
6385,0,1
6387,0,2
6389,1,2
6390,0,1
6392,0,2
6394,0,2
6396,1,2
6397,1,1
6398,0,1
6399,0,1
6400,0,1
6402,1,2
6407,5,5
6409,1,2
6411,1,2
6412,0,1
6414,0,2
6416,1,2
6418,1,2
6419,0,1
6421,0,2
6423,1,2
6424,0,1
6426,0,2
6428,1,2
6430,1,2
6432,0,2
6434,1,2
6436,1,2
6438,1,2
6440,1,2
6441,0,1
6443,0,2
6445,0,2
6447,0,2
6449,1,2
6451,1,2
6453,1,2
6455,1,2
6457,1,2
6458,0,1
6460,0,2
6462,1,2
6463,0,1
6465,0,2
6467,1,2
6469,0,2
6471,1,2
6473,1,2
6475,1,2
6477,1,2
6478,0,1
6481,0,3
6482,0,1
6484,1,2
6485,1,1
6486,0,1
6487,0,1
6488,0,1
6490,1,2
6491,0,1
6492,0,1
6493,0,1
6495,1,2
6496,1,1
6497,0,1
6498,0,1
6500,1,2
6501,1,1
6502,0,1
6503,0,1
6505,1,2
6506,1,1
6507,0,1
6508,0,1
6510,1,2
6511,1,1
6512,0,1
6513,0,1
6515,1,2
6516,1,1
6517,0,1
6518,0,1
6519,0,1
6523,0,4
6525,0,2
6527,0,2
6529,1,2
6531,1,2
6532,0,1
6534,0,2
6536,1,2
6538,1,2
6539,0,1
6541,0,2
6543,1,2
6545,1,2
6546,0,1
6549,1,3
6551,1,2
6553,1,2
6554,0,1
6556,0,2
6558,0,2
6560,0,2
6562,1,2
6563,1,1
6565,1,2
6566,1,1
6567,0,1
6572,4,5
6574,1,2
6576,1,2
6578,1,2
6580,1,2
6582,1,2
6584,1,2
6585,0,1
6587,0,2
6589,0,2
6591,0,2
6593,0,2
6595,0,2
6597,0,2
6599,1,2
6601,1,2
6603,1,2
6605,1,2
6607,1,2
6609,1,2
6610,0,1
6612,0,2
6614,0,2
6616,0,2
6619,0,3
6621,1,2
6623,1,2
6625,1,2
6626,1,1
6627,1,1
6628,0,1
6629,0,1
6631,1,2
6632,1,1
6633,0,1
6634,0,1
6636,1,2
6637,1,1
6638,0,1
6639,0,1
6640,0,1
6641,0,1
6643,1,2
6644,0,1
6645,0,1
6646,0,1
6647,0,1
6649,1,2
6650,1,1
6651,0,1
6652,0,1
6654,1,2
6655,1,1
6656,0,1
6657,0,1
6659,1,2
6660,0,1
6661,0,1
6662,0,1
6664,1,2
6665,1,1
6666,0,1
6667,0,1
6668,0,1
6670,1,2
6671,1,1
6672,0,1
6673,0,1
6674,0,1
6676,1,2
6677,1,1
6678,0,1
6679,0,1
6680,0,1
6682,1,2
6683,1,1
6684,0,1
6685,0,1
6686,0,1
6688,1,2
6689,1,1
6690,0,1
6691,0,1
6693,1,2
6694,1,1
6695,1,1
6696,1,1
6697,1,1
6698,0,1
6699,0,1
6700,0,1
6701,0,1
6703,1,2
6704,1,1
6705,1,1
6706,0,1
6707,0,1
6708,0,1
6709,0,1
6711,1,2
6712,1,1
6713,1,1
6714,0,1
6715,0,1
6716,0,1
6717,0,1
6719,1,2
6720,1,1
6721,1,1
6722,0,1
6723,0,1
6724,0,1
6725,0,1
6727,1,2
6728,1,1
6729,1,1
6730,0,1
6731,0,1
6732,0,1
6733,0,1
6735,1,2
6736,1,1
6737,0,1
6738,0,1
6739,0,1
6740,0,1
6742,1,2
6743,1,1
6744,1,1
6745,0,1
6746,0,1
6747,0,1
6748,0,1
6750,1,2
6751,1,1
6752,1,1
6753,0,1
6754,0,1
6756,1,2
6757,1,1
6758,1,1
6759,0,1
6762,2,3
6763,0,1
6764,0,1
6766,1,2
6767,1,1
6768,0,1
6770,1,2
6771,1,1
6772,0,1
6774,1,2
6775,1,1
6776,0,1
6777,0,1
6779,1,2
6780,1,1
6781,1,1
6782,0,1
6783,0,1
6785,1,2
6786,1,1
6787,1,1
6788,0,1
6789,0,1
6791,1,2
6792,1,1
6793,1,1
6794,0,1
6796,1,2
6797,1,1
6798,1,1
6799,1,1
6800,1,1
6801,0,1
6802,0,1
6804,1,2
6805,1,1
6806,1,1
6807,0,1
6808,0,1
6810,1,2
6811,1,1
6812,1,1
6813,0,1
6814,0,1
6816,1,2
6817,1,1
6818,1,1
6820,1,2
6821,1,1
6822,1,1
6823,1,1
6824,1,1
6826,1,2
6827,1,1
6828,1,1
6829,1,1
6830,0,1
6832,1,2
6833,1,1
6834,1,1
6835,1,1
6836,1,1
6837,0,1
6838,0,1
6840,1,2
6841,1,1
6842,1,1
6843,0,1
6845,1,2
6846,1,1
6847,1,1
6848,1,1
6850,1,2
6851,1,1
6852,1,1
6853,1,1
6854,0,1
6856,1,2
6857,1,1
6858,1,1
6859,1,1
6861,1,2
6862,1,1
6863,1,1
6864,1,1
6866,1,2
6867,1,1
6868,1,1
6869,1,1
6871,2,2
6872,1,1
6873,1,1
6874,1,1
6876,1,2
6877,1,1
6878,1,1
6879,1,1
6880,1,1
6881,0,1
6882,0,1
6884,1,2
6885,1,1
6886,0,1
6887,0,1
6888,0,1
6890,1,2
6891,1,1
6892,1,1
6893,0,1
6894,0,1
6896,1,2
6897,1,1
6898,1,1
6899,0,1
6900,0,1
6902,1,2
6903,1,1
6904,1,1
6905,0,1
6906,0,1
6908,1,2
6909,1,1
6910,1,1
6912,0,2
6914,1,2
6915,1,1
6916,0,1
6918,1,2
6919,1,1
6920,0,1
6921,0,1
6923,1,2
6924,1,1
6926,1,2
6927,1,1
6928,1,1
6929,0,1
6930,0,1
6932,1,2
6933,1,1
6934,1,1
6935,0,1
6936,0,1
6938,1,2
6939,1,1
6940,1,1
6941,0,1
6943,1,2
6944,1,1
6945,1,1
6946,1,1
6947,0,1
6948,0,1
6950,1,2
6951,1,1
6952,1,1
6953,0,1
6955,1,2
6956,1,1
6957,1,1
6958,1,1
6959,0,1
6960,0,1
6962,1,2
6963,1,1
6964,1,1
6965,0,1
6967,1,2
6968,1,1
6969,1,1
6970,1,1
6971,0,1
6972,0,1
6974,1,2
6975,1,1
6980,1,5
6982,1,2
6984,1,2
6986,1,2
6988,1,2
6990,1,2
6992,0,2
6994,0,2
6997,1,3
6999,1,2
7001,1,2
7003,1,2
7005,1,2
7007,1,2
7009,1,2
7011,1,2
7013,1,2
7015,0,2
7017,0,2
7019,0,2
7021,0,2
7023,0,2
7025,0,2
7028,1,3
7030,1,2
7032,1,2
7034,1,2
7036,1,2
7038,1,2
7040,0,2
7043,1,3
7045,1,2
7048,1,3
7050,1,2
7052,0,2
7054,0,2
7057,1,3
7059,1,2
7060,0,1
7062,0,2
7064,0,2
7066,0,2
7068,0,2
7071,1,3
7073,1,2
7075,1,2
7077,1,2
7079,1,2
7081,0,2
7084,1,3
7086,1,2
7088,0,2
7091,1,3
7093,1,2
7095,0,2
7098,1,3
7100,1,2
7102,1,2
7104,1,2
7107,1,3
7109,1,2
7111,1,2
7113,0,2
7116,0,3
7119,1,3
7122,1,3
7124,1,2
7126,1,2
7129,1,3
7131,1,2
7133,0,2
7136,1,3
7138,1,2
7140,1,2
7142,1,2
7144,1,2
7146,0,2
7148,0,2
7151,1,3
7153,1,2
7155,1,2
7157,0,2
7160,1,3
7162,1,2
7164,0,2
7167,1,3
7169,1,2
7171,0,2
7174,1,3
7176,0,2
7178,0,2
7181,1,3
7183,1,2
7185,0,2
7188,1,3
7190,1,2
7193,1,3
7194,1,1
7196,1,2
7197,1,1
7198,0,1
7200,1,2
7201,1,1
7203,1,2
7204,1,1
7205,0,1
7207,1,2
7208,1,1
7210,1,2
7211,1,1
7212,1,1
7213,0,1
7214,0,1
7216,1,2
7217,0,1
7219,1,2
7220,1,1
7221,0,1
7223,1,2
7224,1,1
7225,0,1
7226,0,1
7228,1,2
7229,1,1
7230,0,1
7232,1,2
7233,1,1
7234,0,1
7236,1,2
7237,1,1
7238,1,1
7239,1,1
7240,0,1
7241,0,1
7243,1,2
7244,1,1
7245,1,1
7246,0,1
7247,0,1
7249,1,2
7250,1,1
7251,1,1
7253,1,2
7254,1,1
7254,0,0
7256,1,2
7257,1,1
7258,1,1
7259,0,1
7260,0,1
7261,0,1
7262,0,1
7264,1,2
7265,1,1
7266,1,1
7267,0,1
7268,0,1
7269,0,1
7270,0,1
7272,1,2
7273,1,1
7274,1,1
7275,0,1
7276,0,1
7277,0,1
7278,0,1
7280,1,2
7281,1,1
7282,0,1
7283,0,1
7284,0,1
7285,0,1
7287,1,2
7288,1,1
7289,0,1
7290,0,1
7291,0,1
7292,0,1
7294,1,2
7295,1,1
7296,0,1
7297,0,1
7298,0,1
7299,0,1
7301,1,2
7302,1,1
7303,0,1
7304,0,1
7305,0,1
7306,0,1
7308,1,2
7309,1,1
7310,1,1
7311,0,1
7312,0,1
7314,1,2
7315,1,1
7316,1,1
7317,0,1
7318,0,1
7319,0,1
7321,1,2
7322,1,1
7323,1,1
7324,0,1
7325,0,1
7326,0,1
7328,1,2
7329,1,1
7330,1,1
7331,0,1
7332,0,1
7333,0,1
7335,1,2
7336,1,1
7337,1,1
7338,0,1
7339,0,1
7340,0,1
7342,1,2
7343,1,1
7344,1,1
7345,0,1
7346,0,1
7347,0,1
7349,1,2
7350,1,1
7351,1,1
7352,0,1
7353,0,1
7354,0,1
7355,0,1
7357,1,2
7358,1,1
7359,0,1
7360,0,1
7362,1,2
7363,1,1
7364,1,1
7365,1,1
7366,0,1
7367,0,1
7368,0,1
7370,1,2
7371,1,1
7372,1,1
7373,0,1
7374,0,1
7375,0,1
7377,1,2
7378,1,1
7379,1,1
7380,0,1
7381,0,1
7382,0,1
7384,1,2
7385,1,1
7386,1,1
7387,0,1
7388,0,1
7389,0,1
7390,0,1
7392,1,2
7393,1,1
7394,1,1
7395,0,1
7396,0,1
7397,0,1
7398,0,1
7400,1,2
7401,1,1
7402,0,1
7403,0,1
7404,0,1
7406,1,2
7407,1,1
7408,1,1
7409,1,1
7410,0,1
7411,0,1
7413,1,2
7414,1,1
7415,1,1
7416,0,1
7417,0,1
7418,0,1
7420,1,2
7421,1,1
7422,1,1
7423,1,1
7424,0,1
7425,0,1
7426,0,1
7428,1,2
7429,1,1
7430,1,1
7431,0,1
7433,1,2
7436,1,3
7438,0,2
7439,0,1
7441,1,2
7442,1,1
7443,0,1
7444,0,1
7446,1,2
7447,1,1
7448,0,1
7449,0,1
7451,1,2
7452,1,1
7453,0,1
7454,0,1
7456,1,2
7457,1,1
7458,0,1
7459,0,1
7460,0,1
7462,1,2
7463,1,1
7464,0,1
7465,0,1
7466,0,1
7468,1,2
7469,0,1
7470,0,1
7472,1,2
7473,1,1
7474,0,1
7475,0,1
7477,1,2
7478,1,1
7479,1,1
7480,0,1
7482,1,2
7483,1,1
7484,1,1
7485,0,1
7486,0,1
7487,0,1
7489,1,2
7490,1,1
7491,1,1
7492,0,1
7493,0,1
7494,0,1
7495,0,1
7497,1,2
7498,1,1
7499,1,1
7500,0,1
7501,0,1
7502,0,1
7504,1,2
7505,1,1
7506,1,1
7507,0,1
7508,0,1
7509,0,1
7510,0,1
7512,1,2
7513,1,1
7514,0,1
7515,0,1
7516,0,1
7517,0,1
7519,1,2
7520,1,1
7521,1,1
7522,0,1
7523,0,1
7524,0,1
7525,0,1
7527,1,2
7528,1,1
7529,0,1
7530,0,1
7531,0,1
7532,0,1
7534,1,2
7535,1,1
7536,1,1
7537,0,1
7538,0,1
7539,0,1
7541,1,2
7542,1,1
7543,1,1
7544,1,1
7545,0,1
7546,0,1
7547,0,1
7548,0,1
7549,0,1
7551,1,2
7552,1,1
7553,0,1
7554,0,1
7555,0,1
7556,0,1
7558,1,2
7559,1,1
7560,1,1
7561,0,1
7562,0,1
7563,0,1
7564,0,1
7566,1,2
7567,1,1
7568,1,1
7569,0,1
7570,0,1
7571,0,1
7572,0,1
7574,1,2
7575,1,1
7576,0,1
7577,0,1
7578,0,1
7579,0,1
7581,1,2
7582,1,1
7583,1,1
7584,0,1
7585,0,1
7586,0,1
7587,0,1
7588,0,1
7590,1,2
7591,1,1
7592,0,1
7593,0,1
7594,0,1
7595,0,1
7597,1,2
7598,1,1
7599,1,1
7600,0,1
7601,0,1
7602,0,1
7604,1,2
7605,1,1
7606,1,1
7607,0,1
7608,0,1
7609,0,1
7610,0,1
7611,0,1
7613,1,2
7614,1,1
7615,0,1
7616,0,1
7617,0,1
7618,0,1
7619,0,1
7621,1,2
7622,1,1
7623,1,1
7624,0,1
7628,0,4
7630,0,2
7632,1,2
7634,1,2
7635,0,1
7637,0,2
7639,1,2
7641,1,2
7642,0,1
7644,0,2
7646,1,2
7648,1,2
7649,0,1
7651,1,2
7652,1,1
7653,0,1
7654,0,1
7655,0,1
7656,0,1
7658,1,2
7662,4,4
7664,0,2
7666,1,2
7667,0,1
7669,0,2
7671,1,2
7672,0,1
7674,0,2
7676,1,2
7677,0,1
7679,0,2
7681,0,2
7683,1,2
7684,0,1
7686,0,2
7688,1,2
7690,1,2
7692,1,2
7693,0,1
7695,0,2
7697,1,2
7699,1,2
7700,0,1
7702,0,2
7704,1,2
7706,1,2
7707,0,1
7709,0,2
7711,0,2
7713,1,2
7714,0,1
7716,0,2
7718,1,2
7724,0,6
7726,0,2
7728,1,2
7730,1,2
7732,1,2
7733,0,1
7735,0,2
7737,0,2
7739,0,2
7741,1,2
7743,1,2
7745,1,2
7747,1,2
7748,0,1
7750,1,2
7752,1,2
7754,1,2
7756,1,2
7759,1,3
7761,1,2
7763,0,2
7766,1,3
7768,1,2
7770,1,2
7772,0,2
7775,1,3
7777,1,2
7779,0,2
7782,1,3
7784,1,2
7787,1,3
7789,1,2
7792,1,3
7794,1,2
7796,0,2
7799,1,3
7802,1,3
7804,1,2
7807,1,3
7810,1,3
7813,1,3
7815,1,2
7817,1,2
7819,0,2
7822,1,3
7824,1,2
7827,1,3
7829,1,2
7832,1,3
7834,0,2
7837,1,3
7839,1,2
7842,1,3
7844,1,2
7846,1,2
7848,0,2
7851,1,3
7854,1,3
7857,2,3
7859,1,2
7865,2,6
7867,1,2
7870,1,3
7873,1,3
7875,1,2
7880,3,5
7882,1,2
7885,1,3
7887,1,2
7889,0,2
7891,0,2
7894,1,3
7897,1,3
7899,1,2
7902,1,3
7904,0,2
7906,0,2
7908,0,2
7910,1,2
7911,1,1
7912,0,1
7914,1,2
7915,1,1
7916,0,1
7918,1,2
7919,1,1
7920,0,1
7922,1,2
7923,1,1
7924,0,1
7926,1,2
7927,1,1
7928,1,1
7929,0,1
7931,1,2
7932,1,1
7933,0,1
7935,1,2
7936,1,1
7937,0,1
7939,1,2
7940,1,1
7941,0,1
7943,1,2
7944,1,1
7945,1,1
7946,0,1
7948,1,2
7949,1,1
7950,0,1
7952,1,2
7953,1,1
7954,0,1
7956,1,2
7957,1,1
7958,1,1
7959,0,1
7961,1,2
7962,1,1
7963,1,1
7964,0,1
7966,1,2
7967,1,1
7968,1,1
7969,0,1
7971,1,2
7972,1,1
7973,1,1
7974,1,1
7975,0,1
7977,1,2
7978,1,1
7979,1,1
7980,0,1
7981,0,1
7983,1,2
7984,1,1
7985,1,1
7987,1,2
7988,1,1
7989,1,1
7990,1,1
7991,0,1
7992,0,1
7994,1,2
7995,1,1
7996,1,1
7997,0,1
7998,0,1
8000,1,2
8001,1,1
8002,1,1
8003,0,1
8004,0,1
8006,1,2
8007,1,1
8009,2,2
8010,1,1
8011,1,1
8012,1,1
8014,2,2
8015,1,1
8016,1,1
8017,1,1
8018,0,1
8019,0,1
8021,1,2
8022,1,1
8024,2,2
8025,1,1
8026,1,1
8027,1,1
8029,1,2
8030,1,1
8031,1,1
8032,0,1
8034,1,2
8035,1,1
8036,1,1
8038,1,2
8039,1,1
8040,1,1
8041,1,1
8042,1,1
8043,0,1
8045,1,2
8046,1,1
8047,1,1
8048,1,1
8049,0,1
8051,1,2
8052,1,1
8053,1,1
8054,1,1
8056,1,2
8057,1,1
8058,1,1
8059,1,1
8060,1,1
8061,0,1
8063,1,2
8064,1,1
8065,1,1
8066,0,1
8068,1,2
8069,1,1
8070,1,1
8071,1,1
8072,0,1
8074,1,2
8075,1,1
8076,1,1
8077,1,1
8078,0,1
8080,1,2
8081,1,1
8082,1,1
8083,0,1
8085,1,2
8086,1,1
8087,1,1
8088,1,1
8089,0,1
8090,0,1
8092,1,2
8093,1,1
8094,1,1
8096,1,2
8097,1,1
8098,1,1
8099,1,1
8100,1,1
8101,0,1
8103,1,2
8104,1,1
8105,1,1
8106,1,1
8107,0,1
8109,1,2
8110,1,1
8112,1,2
8113,0,1
8115,1,2
8116,1,1
8118,1,2
8119,1,1
8120,1,1
8121,0,1
8123,1,2
8124,1,1
8125,1,1
8126,0,1
8128,1,2
8129,1,1
8130,1,1
8131,1,1
8133,1,2
8134,1,1
8135,1,1
8136,1,1
8137,0,1
8138,0,1
8140,1,2
8141,1,1
8142,1,1
8143,0,1
8144,0,1
8146,1,2
8147,1,1
8148,1,1
8149,0,1
8150,0,1
8152,1,2
8153,1,1
8154,1,1
8155,0,1
8156,0,1
8158,1,2
8159,1,1
8160,1,1
8161,0,1
8162,0,1
8164,1,2
8165,1,1
8166,1,1
8167,0,1
8168,0,1
8170,1,2
8171,1,1
8172,1,1
8173,0,1
8175,1,2
8176,1,1
8177,1,1
8178,1,1
8180,1,2
8181,1,1
8182,1,1
8183,0,1
8184,0,1
8186,1,2
8187,1,1
8188,1,1
8189,0,1
8191,1,2
8192,1,1
8193,1,1
8194,1,1
8195,0,1
8197,1,2
8198,1,1
8199,1,1
8200,1,1
8201,0,1
8203,1,2
8204,1,1
8205,1,1
8206,0,1
8207,0,1
8209,1,2
8210,1,1
8211,1,1
8212,0,1
8214,1,2
8215,1,1
8216,1,1
8218,1,2
8219,1,1
8220,1,1
8221,1,1
8223,1,2
8224,1,1
8225,1,1
8226,1,1
8228,2,2
8229,1,1
8230,1,1
8231,1,1
8232,1,1
8233,0,1
8234,0,1
8236,1,2
8237,1,1
8238,1,1
8239,0,1
8241,1,2
8242,1,1
8243,1,1
8244,0,1
8246,1,2
8247,1,1
8248,1,1
8249,1,1
8250,0,1
8252,1,2
8253,1,1
8254,1,1
8255,1,1
8256,0,1
8257,0,1
8258,0,1
8260,1,2
8261,1,1
8262,1,1
8263,0,1
8264,0,1
8265,0,1
8266,0,1
8268,1,2
8269,1,1
8270,1,1
8271,0,1
8272,0,1
8273,0,1
8275,1,2
8276,1,1
8277,1,1
8278,0,1
8279,0,1
8280,0,1
8282,1,2
8283,1,1
8284,0,1
8285,0,1
8286,0,1
8288,1,2
8289,1,1
8290,1,1
8291,0,1
8292,0,1
8293,0,1
8295,1,2
8296,1,1
8297,1,1
8298,0,1
8299,0,1
8300,0,1
8301,0,1
8303,1,2
8304,1,1
8305,1,1
8306,0,1
8307,0,1
8308,0,1
8309,0,1
8311,1,2
8312,1,1
8313,1,1
8314,0,1
8315,0,1
8316,0,1
8317,0,1
8318,0,1
8320,1,2
8321,1,1
8322,0,1
8323,0,1
8324,0,1
8325,0,1
8326,0,1
8328,1,2
8329,1,1
8330,0,1
8331,0,1
8332,0,1
8333,0,1
8335,1,2
8336,1,1
8337,1,1
8338,0,1
8339,0,1
8340,0,1
8342,1,2
8343,1,1
8344,1,1
8345,1,1
8346,0,1
8347,0,1
8348,0,1
8349,0,1
8351,1,2
8352,1,1
8353,1,1
8354,0,1
8355,0,1
8357,0,2
8358,0,1
8360,1,2
8361,1,1
8362,1,1
8363,0,1
8364,0,1
8366,1,2
8367,1,1
8368,1,1
8369,1,1
8370,0,1
8371,0,1
8372,0,1
8374,1,2
8375,1,1
8376,1,1
8377,0,1
8378,0,1
8379,0,1
8380,0,1
8382,1,2
8383,1,1
8384,1,1
8385,0,1
8386,0,1
8387,0,1
8389,1,2
8390,1,1
8391,1,1
8392,0,1
8393,0,1
8394,0,1
8395,0,1
8397,1,2
8398,1,1
8399,1,1
8400,0,1
8401,0,1
8402,0,1
8404,1,2
8405,1,1
8406,1,1
8407,0,1
8408,0,1
8409,0,1
8411,1,2
8412,1,1
8413,1,1
8414,0,1
8415,0,1
8416,0,1
8418,1,2
8419,1,1
8420,1,1
8421,0,1
8422,0,1
8423,0,1
8424,0,1
8426,1,2
8427,1,1
8428,0,1
8429,0,1
8430,0,1
8431,0,1
8433,1,2
8434,1,1
8435,1,1
8437,1,2
8437,0,0
8438,0,1
8440,1,2
8441,1,1
8442,1,1
8443,0,1
8444,0,1
8445,0,1
8447,1,2
8448,1,1
8449,1,1
8450,0,1
8451,0,1
8452,0,1
8453,0,1
8455,1,2
8456,1,1
8457,1,1
8458,0,1
8459,0,1
8460,0,1
8462,1,2
8463,1,1
8464,1,1
8465,0,1
8466,0,1
8467,0,1
8469,1,2
8470,1,1
8471,1,1
8472,0,1
8473,0,1
8474,0,1
8476,1,2
8477,1,1
8478,1,1
8479,0,1
8480,0,1
8481,0,1
8482,0,1
8484,1,2
8485,1,1
8486,0,1
8487,0,1
8488,0,1
8489,0,1
8491,1,2
8492,1,1
8493,1,1
8494,0,1
8495,0,1
8496,0,1
8497,0,1
8499,1,2
8500,1,1
8501,1,1
8502,0,1
8503,0,1
8504,0,1
8505,0,1
8506,0,1
8508,1,2
8509,1,1
8510,0,1
8511,0,1
8512,0,1
8513,0,1
8514,0,1
8516,1,2
8517,1,1
8518,0,1
8519,0,1
8520,0,1
8521,0,1
8523,1,2
8524,1,1
8525,1,1
8526,0,1
8527,0,1
8530,0,3
8532,1,2
8533,1,1
8534,1,1
8535,1,1
8536,0,1
8537,0,1
8538,0,1
8540,1,2
8541,1,1
8542,1,1
8543,0,1
8544,0,1
8545,0,1
8546,0,1
8548,1,2
8549,1,1
8550,1,1
8551,0,1
8552,0,1
8553,0,1
8554,0,1
8556,1,2
8557,1,1
8558,1,1
8559,0,1
8560,0,1
8561,0,1
8562,0,1
8563,0,1
8565,1,2
8566,1,1
8567,0,1
8568,0,1
8569,0,1
8571,1,2
8572,1,1
8573,1,1
8574,1,1
8575,0,1
8576,0,1
8577,0,1
8578,0,1
8580,1,2
8581,1,1
8582,1,1
8583,0,1
8584,0,1
8585,0,1
8586,0,1
8588,1,2
8589,1,1
8590,0,1
8591,0,1
8592,0,1
8593,0,1
8594,0,1
8596,1,2
8597,1,1
8598,0,1
8599,0,1
8600,0,1
8601,0,1
8603,1,2
8604,1,1
8605,1,1
8606,0,1
8607,0,1
8608,0,1
8610,1,2
8611,1,1
8612,1,1
8613,0,1
8614,0,1
8615,0,1
8616,0,1
8618,1,2
8619,1,1
8620,1,1
8621,0,1
8622,0,1
8623,0,1
8624,0,1
8626,1,2
8627,1,1
8628,0,1
8629,0,1
8630,0,1
8631,0,1
8632,0,1
8634,1,2
8635,1,1
8636,0,1
8637,0,1
8638,0,1
8640,1,2
8641,1,1
8642,1,1
8643,0,1
8644,0,1
8645,0,1
8646,0,1
8648,1,2
8649,1,1
8651,1,2
8653,1,2
8654,1,1
8655,0,1
8657,0,2
8658,0,1
8660,1,2
8661,1,1
8662,0,1
8663,0,1
8665,1,2
8666,1,1
8667,0,1
8668,0,1
8670,1,2
8671,1,1
8672,1,1
8673,0,1
8674,0,1
8675,0,1
8677,1,2
8678,1,1
8679,1,1
8680,0,1
8681,0,1
8682,0,1
8684,1,2
8687,3,3
8688,0,1
8690,1,2
8691,0,1
8692,0,1
8693,0,1
8694,0,1
8696,1,2
8697,0,1
8698,0,1
8699,0,1
8701,1,2
8702,1,1
8703,0,1
8704,0,1
8706,1,2
8707,1,1
8708,0,1
8709,0,1
8710,0,1
8711,0,1
8713,1,2
8714,1,1
8715,0,1
8716,0,1
8723,0,7
8725,0,2
8727,1,2
8728,0,1
8730,0,2
8732,1,2
8733,0,1
8735,0,2
8737,0,2
8739,1,2
8740,0,1
8742,0,2
8744,1,2
8745,0,1
8747,0,2
8749,1,2
8750,0,1
8752,0,2
8754,1,2
8756,1,2
8757,0,1
8759,0,2
8761,1,2
8763,0,2
8765,0,2
8767,1,2
8768,0,1
8770,0,2
8772,1,2
8774,1,2
8776,1,2
8778,1,2
8779,0,1
8781,0,2
8783,0,2
8785,0,2
8787,1,2
8790,2,3
8793,1,3
8795,1,2
8797,1,2
8798,0,1
8800,0,2
8802,0,2
8804,0,2
8806,1,2
8808,1,2
8810,1,2
8812,1,2
8813,0,1
8815,0,2
8817,0,2
8818,0,1
8820,0,2
8822,0,2
8823,0,1
8825,0,2
8827,0,2
8829,1,2
8830,0,1
8832,0,2
8834,1,2
8835,0,1
8837,0,2
8839,1,2
8840,0,1
8842,0,2
8844,1,2
8846,1,2
8847,0,1
8849,0,2
8851,1,2
8852,0,1
8854,1,2
8855,1,1
8856,0,1
8857,0,1
8858,0,1
8860,1,2
8861,1,1
8862,0,1
8863,0,1
8864,0,1
8866,1,2
8867,1,1
8868,0,1
8869,0,1
8871,1,2
8872,0,1
8873,0,1
8874,0,1
8876,1,2
8877,1,1
8878,0,1
8879,0,1
8880,0,1
8882,1,2
8883,1,1
8884,0,1
8885,0,1
8887,1,2
8888,1,1
8889,1,1
8890,0,1
8891,0,1
8892,0,1
8893,0,1
8894,0,1
8896,1,2
8897,1,1
8898,0,1
8899,0,1
8900,0,1
8901,0,1
8903,1,2
8904,1,1
8905,1,1
8906,0,1
8907,0,1
8909,1,2
8910,1,1
8911,1,1
8912,0,1
8913,0,1
8919,1,6
8920,1,1
8921,1,1
8922,0,1
8923,0,1
8925,1,2
8926,1,1
8927,1,1
8928,0,1
8929,0,1
8930,0,1
8932,1,2
8933,1,1
8934,1,1
8935,0,1
8936,0,1
8937,0,1
8939,1,2
8940,1,1
8941,1,1
8942,0,1
8943,0,1
8944,0,1
8945,0,1
8947,1,2
8948,1,1
8949,1,1
8950,0,1
8951,0,1
8952,0,1
8954,1,2
8955,1,1
8956,1,1
8957,0,1
8958,0,1
8959,0,1
8961,1,2
8962,1,1
8963,1,1
8964,0,1
8965,0,1
8966,0,1
8967,0,1
8969,1,2
8970,1,1
8971,1,1
8972,0,1
8975,1,3
8976,1,1
8977,1,1
8978,0,1
8979,0,1
8980,0,1
8981,0,1
8983,1,2
8984,0,1
8985,0,1
8986,0,1
8988,1,2
8989,1,1
8990,0,1
8991,0,1
8992,0,1
8994,1,2
8995,1,1
8997,1,2
8998,1,1
8999,1,1
9000,0,1
9001,0,1
9002,0,1
9003,0,1
9005,1,2
9006,1,1
9007,1,1
9008,0,1
9009,0,1
9010,0,1
9012,1,2
9013,1,1
9014,1,1
9015,0,1
9016,0,1
9017,0,1
9018,0,1
9019,0,1
9021,1,2
9022,1,1
9023,0,1
9024,0,1
9025,0,1
9026,0,1
9028,1,2
9029,1,1
9030,1,1
9031,0,1
9032,0,1
9033,0,1
9034,0,1
9036,1,2
9037,1,1
9038,1,1
9039,0,1
9040,0,1
9041,0,1
9043,1,2
9044,1,1
9045,1,1
9046,0,1
9047,0,1
9048,0,1
9049,0,1
9050,0,1
9052,1,2
9053,1,1
9054,1,1
9055,0,1
9056,0,1
9057,0,1
9059,1,2
9060,1,1
9061,1,1
9062,0,1
9063,0,1
9064,0,1
9071,1,7
9072,0,1
9074,0,2
9076,1,2
9078,1,2
9079,0,1
9081,0,2
9085,3,4
9087,1,2
9089,1,2
9090,0,1
9092,1,2
9093,0,1
9095,0,2
9099,3,4
9101,1,2
9103,1,2
9104,0,1
9106,0,2
9108,0,2
9110,1,2
9112,0,2
9114,1,2
9116,1,2
9118,1,2
9120,1,2
9122,1,2
9123,0,1
9125,0,2
9127,1,2
9128,0,1
9130,0,2
9132,1,2
9134,1,2
9135,0,1
9137,0,2
9139,1,2
9141,1,2
9143,1,2
9144,0,1
9147,1,3
9149,1,2
9151,1,2
9153,1,2
9154,0,1
9156,0,2
9159,2,3
9160,0,1
9162,0,2
9164,1,2
9166,0,2
9168,0,2
9170,0,2
9172,1,2
9174,1,2
9176,1,2
9178,1,2
9180,1,2
9182,1,2
9183,0,1
9185,0,2
9187,1,2
9188,0,1
9190,0,2
9192,1,2
9193,0,1
9195,0,2
9197,1,2
9198,0,1
9200,1,2
9201,0,1
9203,1,2
9204,0,1
9206,0,2
9208,1,2
9209,0,1
9211,0,2
9213,1,2
9215,1,2
9216,0,1
9218,1,2
9220,1,2
9221,0,1
9223,1,2
9224,0,1
9226,0,2
9228,1,2
9229,0,1
9231,0,2
9233,1,2
9234,0,1
9236,0,2
9238,1,2
9239,0,1
9241,0,2
9243,1,2
9244,0,1
9246,0,2
9248,1,2
9249,0,1
9251,1,2
9253,1,2
9254,0,1
9256,1,2
9257,0,1
9259,0,2
9261,1,2
9262,0,1
9264,1,2
9265,0,1
9267,0,2
9269,1,2
9270,0,1
9272,0,2
9274,1,2
9275,0,1
9277,0,2
9279,1,2
9280,0,1
9282,0,2
9284,1,2
9285,0,1
9287,0,2
9289,1,2
9290,0,1
9292,0,2
9294,1,2
9295,0,1
9297,1,2
9298,0,1
9300,0,2
9302,1,2
9303,0,1
9305,0,2
9307,1,2
9308,0,1
9310,1,2
9311,0,1
9313,0,2
9315,1,2
9316,0,1
9318,0,2
9319,0,1
9321,0,2
9323,1,2
9324,0,1
9326,0,2
9328,1,2
9332,0,4
9334,1,2
9335,0,1
9337,0,2
9339,1,2
9340,0,1
9342,0,2
9344,1,2
9345,0,1
9347,0,2
9349,1,2
9350,0,1
9352,0,2
9354,1,2
9355,0,1
9359,2,4
9360,0,1
9362,0,2
9364,1,2
9365,0,1
9367,0,2
9369,1,2
9370,0,1
9372,0,2
9374,1,2
9375,0,1
9377,1,2
9379,1,2
9380,0,1
9382,0,2
9384,1,2
9385,0,1
9387,1,2
9388,0,1
9390,0,2
9392,0,2
9394,1,2
9395,0,1
9397,0,2
9399,1,2
9400,0,1
9402,0,2
9404,1,2
9405,0,1
9407,0,2
9409,1,2
9410,0,1
9412,1,2
9413,0,1
9415,0,2
9417,1,2
9418,0,1
9420,0,2
9422,1,2
9423,0,1
9425,0,2
9427,1,2
9428,0,1
9430,0,2
9432,1,2
9433,0,1
9435,1,2
9437,1,2
9438,0,1
9440,0,2
9441,0,1
9443,0,2
9445,1,2
9446,0,1
9448,0,2
9450,1,2
9451,0,1
9453,1,2
9455,1,2
9456,0,1
9458,1,2
9459,0,1
9461,1,2
9462,0,1
9464,0,2
9466,1,2
9468,1,2
9469,0,1
9471,1,2
9472,0,1
9474,0,2
9476,1,2
9477,0,1
9479,0,2
9481,0,2
9483,1,2
9484,0,1
9486,0,2
9488,1,2
9489,0,1
9491,1,2
9492,0,1
9494,0,2
9496,1,2
9497,0,1
9499,1,2
9500,0,1
9502,0,2
9504,1,2
9505,0,1
9507,1,2
9508,0,1
9510,0,2
9512,1,2
9513,0,1
9515,0,2
9517,1,2
9518,0,1
9520,1,2
9521,0,1
9523,0,2
9525,1,2
9526,0,1
9528,1,2
9529,0,1
9531,0,2
9533,1,2
9534,0,1
9536,0,2
9538,1,2
9540,1,2
9541,0,1
9543,0,2
9545,1,2
9548,0,3
9550,1,2
9551,0,1
9553,0,2
9555,1,2
9557,1,2
9558,0,1
9560,1,2
9561,0,1
9563,0,2
9565,1,2
9567,1,2
9568,0,1
9570,1,2
9571,0,1
9573,0,2
9575,1,2
9576,0,1
9578,1,2
9580,1,2
9581,0,1
9583,1,2
9584,0,1
9586,0,2
9588,1,2
9589,0,1
9591,1,2
9592,0,1
9594,0,2
9596,1,2
9597,0,1
9599,0,2
9601,1,2
9602,0,1
9604,1,2
9605,0,1
9607,0,2
9609,1,2
9610,0,1
9612,0,2
9614,1,2
9616,0,2
9618,1,2
9619,0,1
9621,0,2
9623,1,2
9624,0,1
9626,1,2
9628,1,2
9629,0,1
9631,0,2
9632,0,1
9634,0,2
9636,1,2
9637,0,1
9639,0,2
9641,1,2
9642,0,1
9644,1,2
9645,0,1
9647,0,2
9649,1,2
9650,0,1
9652,0,2
9654,1,2
9655,0,1
9657,0,2
9659,0,2
9661,0,2
9663,0,2
9665,0,2
9667,0,2
9669,0,2
9671,0,2
9673,1,2
9675,1,2
9677,1,2
9679,1,2
9681,1,2
9682,0,1
9684,0,2
9686,0,2
9688,0,2
9690,1,2
9692,1,2
9694,1,2
9696,1,2
9698,1,2
9699,0,1
9701,0,2
9703,0,2
9705,1,2
9707,1,2
9708,0,1
9710,0,2
9712,1,2
9714,1,2
9715,0,1
9717,0,2
9719,1,2
9720,0,1
9722,0,2
9724,1,2
9726,1,2
9728,1,2
9730,1,2
9732,1,2
9734,1,2
9735,0,1
9737,0,2
9739,0,2
9741,0,2
9743,0,2
9745,1,2
9747,1,2
9749,1,2
9751,1,2
9752,0,1
9754,0,2
9756,0,2
9758,1,2
9760,1,2
9761,0,1
9763,1,2
9765,0,2
9767,0,2
9769,1,2
9771,1,2
9772,0,1
9774,1,2
9775,0,1
9777,0,2
9779,1,2
9780,0,1
9782,0,2
9784,1,2
9785,0,1
9787,0,2
9789,1,2
9791,1,2
9792,0,1
9794,1,2
9796,1,2
9797,0,1
9799,0,2
9801,1,2
9802,0,1
9804,1,2
9806,1,2
9808,1,2
9810,1,2
9812,1,2
9813,0,1
9816,1,3
9817,0,1
9819,0,2
9821,0,2
9823,0,2
9825,0,2
9827,0,2
9829,1,2
9831,1,2
9833,1,2
9835,1,2
9837,0,2
9839,1,2
9840,0,1
9842,1,2
9843,0,1
9845,0,2
9847,0,2
9849,0,2
9851,1,2
9853,1,2
9855,1,2
9857,1,2
9858,0,1
9860,0,2
9862,0,2
9864,1,2
9866,1,2
9867,0,1
9869,0,2
9871,0,2
9873,1,2
9875,1,2
9876,0,1
9878,0,2
9880,1,2
9881,0,1
9883,0,2
9885,1,2
9887,1,2
9889,1,2
9891,0,2
9893,1,2
9895,1,2
9896,0,1
9898,1,2
9899,0,1
9901,0,2
9903,1,2
9904,0,1
9906,0,2
9907,0,1
9909,0,2
9911,1,2
9912,0,1
9914,0,2
9916,1,2
9917,0,1
9919,1,2
9920,0,1
9922,0,2
9924,1,2
9925,0,1
9927,1,2
9928,0,1
9930,0,2
9932,1,2
9933,0,1
9935,0,2
9937,1,2
9938,0,1
9940,1,2
9942,1,2
9944,1,2
9945,0,1
9947,0,2
9949,1,2
9950,0,1
9952,1,2
9953,0,1
9955,0,2
9957,1,2
9958,0,1
9960,0,2
9962,1,2
9963,0,1
9965,0,2
9967,1,2
9968,0,1
9970,0,2
9972,1,2
9973,0,1
9975,1,2
9976,0,1
9978,0,2
9979,0,1
9981,0,2
9983,1,2
9984,0,1
9986,0,2
9988,1,2
9989,0,1
9991,0,2
9994,0,3
9997,0,3
9999,1,2
10000,0,1
10002,0,2
10004,1,2
10005,0,1
10007,0,2
10008,0,1
10009,0,1
10011,1,2
10012,1,1
10013,0,1
10014,0,1
10015,0,1
10017,1,2
10018,1,1
10019,0,1
10020,0,1
10021,0,1
10022,0,1
10024,1,2
10025,1,1
10026,0,1
10027,0,1
10028,0,1
10030,1,2
10031,1,1
10032,0,1
10034,1,2
10035,1,1
10036,0,1
10037,0,1
10039,1,2
10040,1,1
10041,0,1
10042,0,1
10043,0,1
10044,0,1
10046,1,2
10047,1,1
10048,0,1
10049,0,1
10050,0,1
10051,0,1
10053,1,2
10054,1,1
10055,0,1
10056,0,1
10057,0,1
10058,0,1
10060,1,2
10061,1,1
10062,1,1
10067,4,5
10067,0,0
10070,1,3
10071,0,1
10073,0,2
10075,1,2
10077,1,2
10078,0,1
10080,0,2
10082,1,2
10083,0,1
10084,0,1
10086,1,2
10087,1,1
10088,0,1
10089,0,1
10090,0,1
10092,1,2
10093,0,1
10094,0,1
10095,0,1
10096,0,1
10098,1,2
10099,1,1
10100,0,1
10101,0,1
10103,1,2
10104,1,1
10105,0,1
10106,0,1
10107,0,1
10109,1,2
10110,1,1
10111,1,1
10112,0,1
10113,0,1
10114,0,1
10116,1,2
10117,1,1
10118,0,1
10119,0,1
10120,0,1
10121,0,1
10123,1,2
10124,1,1
10125,1,1
10126,0,1
10127,0,1
10128,0,1
10129,0,1
10131,1,2
10132,1,1
10133,1,1
10134,0,1
10135,0,1
10136,0,1
10137,0,1
10139,1,2
10140,1,1
10141,1,1
10142,0,1
10143,0,1
10144,0,1
10145,0,1
10147,1,2
10148,1,1
10149,1,1
10150,1,1
10151,0,1
10152,0,1
10153,0,1
10154,0,1
10156,1,2
10157,1,1
10158,1,1
10159,0,1
10160,0,1
10161,0,1
10162,0,1
10163,0,1
10165,1,2
10166,1,1
10167,0,1
10168,0,1
10170,1,2
10170,0,0
10171,0,1
10173,1,2
10174,1,1
10175,1,1
10176,0,1
10177,0,1
10178,0,1
10179,0,1
10181,1,2
10182,1,1
10183,1,1
10184,0,1
10185,0,1
10186,0,1
10187,0,1
10188,0,1
10190,1,2
10191,1,1
10192,0,1
10193,0,1
10194,0,1
10195,0,1
10197,1,2
10198,1,1
10199,1,1
10200,0,1
10201,0,1
10202,0,1
10203,0,1
10204,0,1
10206,1,2
10207,1,1
10208,0,1
10209,0,1
10210,0,1
10211,0,1
10212,0,1
10214,1,2
10215,1,1
10216,1,1
10217,0,1
10218,0,1
10219,0,1
10220,0,1
10222,1,2
10223,1,1
10224,1,1
10225,0,1
10226,0,1
10227,0,1
10228,0,1
10229,0,1
10231,1,2
10232,1,1
10233,0,1
10234,0,1
10235,0,1
10236,0,1
10237,0,1
10239,1,2
10240,1,1
10241,1,1
10242,0,1
10243,0,1
10244,0,1
10245,0,1
10246,0,1
10248,1,2
10249,1,1
10250,1,1
10251,0,1
10252,0,1
10253,0,1
10255,1,2
10256,1,1
10257,1,1
10258,0,1
10259,0,1
10260,0,1
10262,1,2
10263,1,1
10264,1,1
10265,0,1
10267,1,2
10268,1,1
10269,1,1
10270,1,1
10271,0,1
10272,0,1
10273,0,1
10275,1,2
10276,1,1
10277,1,1
10278,0,1
10279,0,1
10281,1,2
10282,1,1
10283,1,1
10284,0,1
10285,0,1
10286,0,1
10288,1,2
10289,1,1
10290,1,1
10291,0,1
10293,1,2
10294,1,1
10295,1,1
10296,1,1
10297,0,1
10298,0,1
10300,1,2
10301,1,1
10302,1,1
10303,0,1
10305,1,2
10306,1,1
10307,1,1
10308,0,1
10309,0,1
10311,1,2
10312,1,1
10313,1,1
10314,1,1
10315,0,1
10316,0,1
10317,0,1
10319,1,2
10320,1,1
10321,1,1
10322,0,1
10323,0,1
10324,0,1
10326,1,2
10327,1,1
10328,1,1
10329,0,1
10330,0,1
10331,0,1
10333,1,2
10334,1,1
10335,1,1
10336,0,1
10337,0,1
10339,1,2
10340,1,1
10341,1,1
10342,0,1
10343,0,1
10345,1,2
10346,1,1
10347,1,1
10348,1,1
10349,0,1
10350,0,1
10352,1,2
10353,1,1
10354,1,1
10355,0,1
10357,1,2
10358,1,1
10359,1,1
10360,1,1
10361,0,1
10362,0,1
10364,1,2
10365,1,1
10366,1,1
10367,0,1
10368,0,1
10369,0,1
10371,1,2
10372,1,1
10373,0,1
10374,0,1
10375,0,1
10377,1,2
10378,1,1
10379,1,1
10381,1,2
10382,0,1
10384,1,2
10385,1,1
10386,1,1
10387,0,1
10389,1,2
10390,1,1
10391,1,1
10392,0,1
10393,0,1
10394,0,1
10396,1,2
10397,1,1
10398,1,1
10399,0,1
10400,0,1
10401,0,1
10403,1,2
10404,1,1
10405,0,1
10406,0,1
10407,0,1
10409,1,2
10410,1,1
10411,1,1
10412,0,1
10413,0,1
10414,0,1
10416,1,2
10417,1,1
10418,1,1
10419,0,1
10420,0,1
10421,0,1
10423,1,2
10424,1,1
10425,0,1
10427,1,2
10428,1,1
10429,1,1
10430,1,1
10431,0,1
10432,0,1
10433,0,1
10435,1,2
10436,1,1
10437,1,1
10438,0,1
10439,0,1
10441,1,2
10442,1,1
10443,1,1
10444,1,1
10445,0,1
10446,0,1
10448,1,2
10449,1,1
10450,1,1
10451,0,1
10453,1,2
10453,0,0
10455,1,2
10456,1,1
10457,1,1
10458,0,1
10460,1,2
10461,1,1
10462,1,1
10463,0,1
10464,0,1
10466,1,2
10467,1,1
10468,1,1
10469,0,1
10470,0,1
10472,1,2
10473,1,1
10474,1,1
10475,1,1
10477,1,2
10478,1,1
10479,1,1
10480,1,1
10481,1,1
10482,0,1
10484,1,2
10485,1,1
10486,1,1
10487,0,1
10488,0,1
10490,1,2
10491,1,1
10492,1,1
10493,1,1
10494,0,1
10495,0,1
10496,0,1
10498,1,2
10499,1,1
10500,1,1
10501,0,1
10502,0,1
10503,0,1
10505,1,2
10506,1,1
10507,1,1
10508,0,1
10509,0,1
10511,1,2
10512,1,1
10513,1,1
10514,1,1
10515,0,1
10516,0,1
10518,1,2
10519,1,1
10520,1,1
10521,0,1
10522,0,1
10524,1,2
10525,1,1
10526,1,1
10527,0,1
10528,0,1
10529,0,1
10531,1,2
10532,1,1
10533,0,1
10534,0,1
10535,0,1
10537,1,2
10538,1,1
10539,1,1
10540,0,1
10541,0,1
10542,0,1
10544,1,2
10545,1,1
10546,0,1
10547,0,1
10548,0,1
10550,1,2
10551,1,1
10552,1,1
10553,1,1
10554,0,1
10555,0,1
10557,1,2
10558,1,1
10559,1,1
10560,0,1
10561,0,1
10563,1,2
10564,1,1
10565,1,1
10566,1,1
10568,1,2
10569,1,1
10570,1,1
10571,1,1
10572,1,1
10573,0,1
10575,1,2
10576,1,1
10577,1,1
10578,1,1
10579,0,1
10581,1,2
10582,1,1
10583,1,1
10584,1,1
10585,0,1
10586,0,1
10588,1,2
10589,1,1
10590,1,1
10591,0,1
10592,0,1
10594,1,2
10595,1,1
10596,1,1
10597,0,1
10598,0,1
10600,1,2
10601,1,1
10602,1,1
10603,0,1
10604,0,1
10610,1,6
10613,1,3
10615,1,2
10617,0,2
10623,1,6
10625,1,2
10627,0,2
10629,0,2
10631,1,2
10634,1,3
10635,1,1
10636,1,1
10639,1,3
10644,1,5
10646,1,2
10648,0,2
10650,0,2
10653,1,3
10655,1,2
10657,1,2
10659,0,2
10661,0,2
10664,1,3
10665,1,1
10666,0,1
10668,1,2
10669,1,1
10670,1,1
10671,0,1
10673,1,2
10674,1,1
10675,0,1
10677,1,2
10678,1,1
10679,0,1
10681,1,2
10682,1,1
10683,0,1
10685,1,2
10686,1,1
10687,1,1
10688,1,1
10689,0,1
10690,0,1
10691,0,1
10693,1,2
10694,1,1
10695,1,1
10696,0,1
10697,0,1
10698,0,1
10700,1,2
10701,1,1
10702,1,1
10703,0,1
10704,0,1
10706,1,2
10707,1,1
10708,1,1
10709,1,1
10710,0,1
10711,0,1
10712,0,1
10714,1,2
10715,1,1
10716,1,1
10717,0,1
10718,0,1
10720,1,2
10721,1,1
10723,2,2
10725,1,2
10726,1,1
10727,0,1
10728,0,1
10730,1,2
10731,1,1
10732,1,1
10733,0,1
10734,0,1
10735,0,1
10737,1,2
10738,1,1
10739,1,1
10740,0,1
10741,0,1
10742,0,1
10744,1,2
10745,1,1
10746,1,1
10747,0,1
10749,1,2
10750,1,1
10751,1,1
10752,1,1
10753,0,1
10754,0,1
10755,0,1
10756,0,1
10758,1,2
10759,1,1
10760,1,1
10761,0,1
10762,0,1
10763,0,1
10764,0,1
10766,1,2
10767,1,1
10768,1,1
10769,0,1
10770,0,1
10771,0,1
10772,0,1
10774,1,2
10775,1,1
10776,1,1
10777,0,1
10778,0,1
10779,0,1
10780,0,1
10781,0,1
10783,1,2
10784,1,1
10785,0,1
10786,0,1
10787,0,1
10788,0,1
10789,0,1
10791,1,2
10792,1,1
10793,0,1
10799,0,6
10801,0,2
10803,1,2
10805,1,2
10806,0,1
10808,0,2
10811,0,3
10813,1,2
10815,1,2
10816,0,1
10818,0,2
10820,1,2
10821,0,1
10823,0,2
10825,1,2
10826,0,1
10828,1,2
10829,0,1
10831,0,2
10833,1,2
10834,0,1
10836,1,2
10837,0,1
10839,0,2
10841,1,2
10842,0,1
10844,1,2
10845,0,1
10847,0,2
10849,1,2
10850,0,1
10852,1,2
10853,0,1
10859,4,6
10869,9,10
10873,9,4
10873,8,0
10874,8,1
10875,4,1
10875,3,0
10876,2,1
10877,1,1
10879,1,2
10881,1,2
10882,0,1
10884,1,2
10886,1,2
10887,0,1
10889,0,2
10891,1,2
10893,0,2
10895,1,2
10897,1,2
10899,1,2
10900,0,1
10902,1,2
10903,0,1
10905,0,2
10907,1,2
10909,1,2
10910,0,1
10912,0,2
10914,1,2
10916,1,2
10917,0,1
10919,0,2
10921,1,2
10923,1,2
10924,0,1
10926,0,2
10927,0,1
10929,0,2
10931,1,2
10933,1,2
10935,1,2
10936,0,1
10938,0,2
10940,0,2
10942,1,2
10944,1,2
10946,1,2
10948,1,2
10949,0,1
10951,0,2
10953,1,2
10954,0,1
10956,0,2
10958,1,2
10959,0,1
10961,0,2
10963,1,2
10965,1,2
10966,0,1
10968,0,2
10970,1,2
10972,1,2
10973,0,1
10975,1,2
10977,1,2
10978,0,1
10980,0,2
10982,1,2
10983,0,1
10985,0,2
10987,1,2
10988,0,1
10990,0,2
10992,1,2
10993,0,1
10995,0,2
10997,1,2
10998,0,1
11000,0,2
11002,1,2
11003,0,1
11005,0,2
11007,1,2
11008,0,1
11010,0,2
11012,1,2
11013,0,1
11015,0,2
11017,1,2
11018,0,1
11020,0,2
11022,1,2
11023,0,1
11025,0,2
11027,1,2
11028,0,1
11030,0,2
11032,1,2
11033,0,1
11035,0,2
11037,1,2
11040,0,3
11042,1,2
11043,0,1
11045,0,2
11047,1,2
11048,0,1
11050,0,2
11052,1,2
11053,0,1
11055,0,2
11057,1,2
11058,0,1
11060,0,2
11062,0,2
11064,1,2
11067,2,3
11068,0,1
11070,1,2
11072,1,2
11074,1,2
11075,0,1
11077,0,2
11079,1,2
11081,1,2
11082,0,1
11084,0,2
11086,1,2
11087,0,1
11089,0,2
11091,1,2
11093,1,2
11094,0,1
11096,0,2
11098,1,2
11100,1,2
11101,0,1
11103,0,2
11105,0,2
11107,0,2
11109,0,2
11111,1,2
11113,1,2
11115,1,2
11116,0,1
11118,0,2
11120,0,2
11122,0,2
11124,0,2
11126,0,2
11128,1,2
11129,0,1
11130,0,1
11132,1,2
11133,1,1
11134,0,1
11135,0,1
11136,0,1
11138,1,2
11139,1,1
11140,0,1
11144,3,4
11146,1,2
11148,0,2
11154,1,6
11156,1,2
11158,1,2
11159,0,1
11161,0,2
11163,0,2
11165,0,2
11167,0,2
11169,0,2
11171,0,2
11174,1,3
11176,1,2
11177,0,1
11179,1,2
11180,1,1
11181,0,1
11182,0,1
11184,1,2
11185,1,1
11186,0,1
11187,0,1
11188,0,1
11190,1,2
11191,1,1
11192,0,1
11193,0,1
11195,1,2
11196,1,1
11197,0,1
11198,0,1
11200,1,2
11201,1,1
11202,0,1
11203,0,1
11204,0,1
11206,1,2
11207,1,1
11208,1,1
11209,0,1
11210,0,1
11211,0,1
11213,1,2
11214,1,1
11215,1,1
11216,0,1
11217,0,1
11218,0,1
11219,0,1
11221,1,2
11222,1,1
11223,1,1
11224,0,1
11225,0,1
11226,0,1
11228,1,2
11229,1,1
11230,1,1
11231,0,1
11232,0,1
11233,0,1
11234,0,1
11236,1,2
11237,1,1
11238,1,1
11239,0,1
11240,0,1
11241,0,1
11242,0,1
11244,1,2
11245,1,1
11246,1,1
11247,0,1
11248,0,1
11249,0,1
11251,1,2
11252,1,1
11253,1,1
11254,0,1
11255,0,1
11256,0,1
11258,1,2
11259,1,1
11260,1,1
11261,0,1
11262,0,1
11263,0,1
11264,0,1
11266,1,2
11267,1,1
11268,1,1
11269,0,1
11270,0,1
11271,0,1
11272,0,1
11273,0,1
11275,1,2
11276,1,1
11277,0,1
11278,0,1
11279,0,1
11280,0,1
11282,1,2
11283,1,1
11284,1,1
11285,0,1
11286,0,1
11287,0,1
11289,1,2
11290,1,1
11291,1,1
11292,0,1
11293,0,1
11294,0,1
11296,1,2
11297,1,1
11298,1,1
11299,0,1
11300,0,1
11301,0,1
11302,0,1
11303,0,1
11305,1,2
11306,1,1
11307,1,1
11308,0,1
11309,0,1
11310,0,1
11312,1,2
11313,1,1
11314,1,1
11315,1,1
11316,0,1
11317,0,1
11318,0,1
11319,0,1
11321,1,2
11322,1,1
11323,1,1
11324,0,1
11325,0,1
11326,0,1
11327,0,1
11329,1,2
11330,1,1
11331,1,1
11332,0,1
11333,0,1
11334,0,1
11335,0,1
11336,0,1
11338,1,2
11339,1,1
11340,1,1
11341,0,1
11342,0,1
11343,0,1
11345,1,2
11346,1,1
11347,1,1
11348,1,1
11349,0,1
11350,0,1
11351,0,1
11352,0,1
11354,1,2
11355,1,1
11356,1,1
11357,0,1
11358,0,1
11359,0,1
11360,0,1
11361,0,1
11362,0,1
11364,1,2
11365,1,1
11366,0,1
11367,0,1
11368,0,1
11369,0,1
11370,0,1
11372,1,2
11373,1,1
11374,0,1
11375,0,1
11377,1,2
11377,0,0
11378,0,1
11380,1,2
11381,1,1
11382,0,1
11383,0,1
11384,0,1
11385,0,1
11386,0,1
11388,1,2
11389,1,1
11390,1,1
11391,0,1
11392,0,1
11393,0,1
11394,0,1
11396,1,2
11397,1,1
11398,1,1
11399,0,1
11400,0,1
11401,0,1
11402,0,1
11404,1,2
11405,1,1
11406,1,1
11407,0,1
11408,0,1
11409,0,1
11410,0,1
11412,1,2
11413,1,1
11414,0,1
11415,0,1
11416,0,1
11418,1,2
11419,1,1
11420,0,1
11421,0,1
11422,0,1
11423,0,1
11424,0,1
11426,1,2
11427,1,1
11428,0,1
11429,0,1
11430,0,1
11431,0,1
11432,0,1
11434,1,2
11435,1,1
11436,0,1
11437,0,1
11438,0,1
11440,1,2
11441,1,1
11442,1,1
11443,1,1
11444,0,1
11445,0,1
11446,0,1
11447,0,1
11449,1,2
11450,1,1
11451,1,1
11452,0,1
11453,0,1
11454,0,1
11456,1,2
11457,1,1
11458,1,1
11459,0,1
11460,0,1
11461,0,1
11462,0,1
11464,1,2
11465,1,1
11466,0,1
11467,0,1
11468,0,1
11469,0,1
11471,1,2
11472,1,1
11473,1,1
11474,1,1
11475,0,1
11476,0,1
11477,0,1
11478,0,1
11480,1,2
11481,1,1
11482,1,1
11483,0,1
11484,0,1
11485,0,1
11486,0,1
11487,0,1
11489,1,2
11490,1,1
11491,0,1
11492,0,1
11493,0,1
11494,0,1
11495,0,1
11497,1,2
11498,1,1
11499,1,1
11500,0,1
11502,1,2
11503,1,1
11504,0,1
11505,0,1
11506,0,1
11508,1,2
11509,1,1
11510,1,1
11511,0,1
11512,0,1
11513,0,1
11514,0,1
11516,1,2
11517,1,1
11518,1,1
11519,0,1
11520,0,1
11521,0,1
11523,1,2
11524,1,1
11525,0,1
11526,0,1
11527,0,1
11529,1,2
11530,1,1
11531,1,1
11532,1,1
11533,0,1
11535,1,2
11536,1,1
11537,1,1
11538,0,1
11539,0,1
11540,0,1
11542,1,2
11543,1,1
11544,1,1
11545,0,1
11546,0,1
11547,0,1
11549,1,2
11550,0,1
11551,0,1
11552,0,1
11554,1,2
11555,1,1
11556,1,1
11557,0,1
11564,1,7
11565,1,1
11566,1,1
11567,0,1
11568,0,1
11569,0,1
11571,1,2
11572,1,1
11573,1,1
11574,0,1
11575,0,1
11576,0,1
11578,1,2
11579,1,1
11580,0,1
11581,0,1
11582,0,1
11583,0,1
11585,1,2
11586,1,1
11587,0,1
11588,0,1
11590,1,2
11592,1,2
11594,1,2
11594,0,0
11596,1,2
11597,1,1
11598,1,1
11599,0,1
11600,0,1
11601,0,1
11603,1,2
11604,1,1
11605,1,1
11606,0,1
11607,0,1
11608,0,1
11609,0,1
11611,1,2
11612,1,1
11613,1,1
11614,0,1
11615,0,1
11616,0,1
11617,0,1
11620,1,3
11621,1,1
11622,1,1
11623,1,1
11624,1,1
11625,0,1
11626,0,1
11627,0,1
11628,0,1
11629,0,1
11631,1,2
11632,1,1
11633,0,1
11634,0,1
11635,0,1
11636,0,1
11637,0,1
11639,1,2
11640,1,1
11641,1,1
11642,0,1
11643,0,1
11644,0,1
11645,0,1
11647,1,2
11648,1,1
11649,1,1
11650,1,1
11651,0,1
11652,0,1
11653,0,1
11654,0,1
11656,1,2
11657,1,1
11658,1,1
11659,0,1
11660,0,1
11661,0,1
11662,0,1
11664,1,2
11665,1,1
11666,1,1
11667,0,1
11668,0,1
11669,0,1
11671,1,2
11672,1,1
11673,1,1
11674,0,1
11675,0,1
11676,0,1
11677,0,1
11679,1,2
11680,1,1
11681,1,1
11682,0,1
11683,0,1
11684,0,1
11685,0,1
11687,1,2
11688,1,1
11689,1,1
11690,0,1
11691,0,1
11692,0,1
11693,0,1
11695,1,2
11696,1,1
11697,1,1
11698,1,1
11699,0,1
11700,0,1
11701,0,1
11703,1,2
11704,1,1
11705,1,1
11706,0,1
11707,0,1
11708,0,1
11709,0,1
11711,1,2
11712,1,1
11713,1,1
11714,0,1
11715,0,1
11716,0,1
11717,0,1
11718,0,1
11720,1,2
11721,1,1
11722,0,1
11723,0,1
11724,0,1
11725,0,1
11726,0,1
11728,1,2
11729,1,1
11730,0,1
11731,0,1
11732,0,1
11733,0,1
11735,1,2
11736,1,1
11737,1,1
11738,0,1
11739,0,1
11740,0,1
11741,0,1
11743,1,2
11744,1,1
11745,1,1
11746,0,1
11747,0,1
11748,0,1
11749,0,1
11751,1,2
11752,1,1
11753,1,1
11754,0,1
11755,0,1
11756,0,1
11758,1,2
11759,1,1
11760,1,1
11761,0,1
11762,0,1
11763,0,1
11765,1,2
11766,1,1
11767,1,1
11768,0,1
11769,0,1
11770,0,1
11772,1,2
11773,1,1
11774,1,1
11775,0,1
11776,0,1
11778,1,2
11779,1,1
11780,1,1
11781,1,1
11782,0,1
11783,0,1
11784,0,1
11786,1,2
11787,1,1
11788,1,1
11789,0,1
11790,0,1
11792,1,2
11793,1,1
11794,1,1
11795,0,1
11796,0,1
11798,1,2
11799,1,1
11800,1,1
11801,1,1
11802,0,1
11803,0,1
11805,1,2
11806,1,1
11807,1,1
11808,1,1
11809,0,1
11810,0,1
11812,1,2
11813,1,1
11814,1,1
11815,0,1
11816,0,1
11817,0,1
11819,1,2
11820,1,1
11821,1,1
11822,0,1
11823,0,1
11824,0,1
11826,1,2
11827,1,1
11828,1,1
11829,0,1
11830,0,1
11832,1,2
11833,1,1
11834,1,1
11835,1,1
11836,0,1
11837,0,1
11839,1,2
11840,1,1
11841,1,1
11842,1,1
11843,0,1
11844,0,1
11846,1,2
11847,1,1
11848,1,1
11849,0,1
11850,0,1
11851,0,1
11853,1,2
11854,1,1
11855,1,1
11856,0,1
11857,0,1
11858,0,1
11860,1,2
11861,1,1
11862,1,1
11863,0,1
11864,0,1
11866,1,2
11867,1,1
11868,1,1
11869,1,1
11870,0,1
11871,0,1
11873,1,2
11874,1,1
11875,1,1
11876,0,1
11877,0,1
11878,0,1
11880,1,2
11881,1,1
11882,1,1
11883,0,1
11884,0,1
11886,1,2
11887,1,1
11888,1,1
11889,1,1
11890,0,1
11891,0,1
11893,1,2
11894,1,1
11895,1,1
11896,0,1
11897,0,1
11898,0,1
11900,1,2
11901,1,1
11902,1,1
11903,0,1
11904,0,1
11906,1,2
11907,1,1
11908,1,1
11909,0,1
11910,0,1
11911,0,1
11913,1,2
11914,1,1
11915,1,1
11916,0,1
11917,0,1
11918,0,1
11920,1,2
11921,1,1
11922,1,1
11923,0,1
11924,0,1
11926,1,2
11927,1,1
11928,1,1
11929,0,1
11930,0,1
11931,0,1
11933,1,2
11934,1,1
11935,1,1
11936,0,1
11937,0,1
11938,0,1
11940,1,2
11941,1,1
11942,1,1
11943,0,1
11944,0,1
11945,0,1
11947,1,2
11948,1,1
11949,1,1
11950,0,1
11951,0,1
11953,1,2
11954,1,1
11955,1,1
11956,1,1
11957,0,1
11958,0,1
11960,1,2
11961,1,1
11962,1,1
11963,1,1
11964,0,1
11965,0,1
11967,1,2
11968,1,1
11969,1,1
11970,1,1
11971,0,1
11972,0,1
11974,1,2
11975,1,1
11976,1,1
11977,1,1
11978,0,1
11979,0,1
11981,1,2
11982,1,1
11983,1,1
11984,0,1
11985,0,1
11986,0,1
11988,1,2
11989,1,1
11990,1,1
11991,0,1
11992,0,1
11994,1,2
11995,1,1
11996,1,1
11997,1,1
11998,0,1
11999,0,1
12001,1,2
12002,1,1
12003,1,1
12004,1,1
12005,0,1
12006,0,1
12007,0,1
12009,1,2
12010,1,1
12011,1,1
12012,0,1
12013,0,1
12015,1,2
12016,1,1
12017,1,1
12018,1,1
12019,0,1
12020,0,1
12022,1,2
12023,1,1
12024,1,1
12025,1,1
12026,0,1
12027,0,1
12028,0,1
12030,1,2
12031,1,1
12032,1,1
12033,0,1
12034,0,1
12035,0,1
12036,0,1
12038,1,2
12039,1,1
12040,1,1
12041,0,1
12042,0,1
12043,0,1
12044,0,1
12046,1,2
12048,1,2
12049,1,1
12050,0,1
12051,0,1
12052,0,1
12053,0,1
12055,1,2
12056,1,1
12057,0,1
12058,0,1
12059,0,1
12061,1,2
12062,1,1
12063,1,1
12064,1,1
12065,0,1
12066,0,1
12067,0,1
12069,1,2
12070,1,1
12071,1,1
12072,0,1
12073,0,1
12074,0,1
12075,0,1
12077,1,2
12078,1,1
12079,1,1
12080,0,1
12081,0,1
12082,0,1
12083,0,1
12085,1,2
12086,1,1
12087,1,1
12088,0,1
12089,0,1
12090,0,1
12092,1,2
12093,1,1
12094,1,1
12095,0,1
12096,0,1
12097,0,1
12098,0,1
12100,1,2
12101,1,1
12102,1,1
12103,0,1
12104,0,1
12105,0,1
12106,0,1
12108,1,2
12109,1,1
12110,1,1
12111,0,1
12112,0,1
12113,0,1
12114,0,1
12116,1,2
12117,1,1
12118,1,1
12119,0,1
12120,0,1
12121,0,1
12122,0,1
12124,1,2
12125,1,1
12126,1,1
12127,0,1
12128,0,1
12129,0,1
12131,1,2
12132,1,1
12133,1,1
12134,0,1
12135,0,1
12136,0,1
12137,0,1
12139,1,2
12140,1,1
12141,1,1
12142,0,1
12143,0,1
12144,0,1
12145,0,1
12147,1,2
12148,1,1
12149,1,1
12150,0,1
12151,0,1
12152,0,1
12154,1,2
12160,1,6
12162,1,2
12164,1,2
12166,0,2
12168,0,2
12170,0,2
12172,0,2
12174,0,2
12176,1,2
12178,1,2
12180,1,2
12182,1,2
12183,0,1
12185,0,2
12188,1,3
12190,1,2
12192,1,2
12194,1,2
12196,1,2
12197,0,1
12200,1,3
12202,1,2
12204,1,2
12206,1,2
12207,0,1
12209,0,2
12211,0,2
12214,1,3
12215,0,1
12217,0,2
12219,0,2
12221,1,2
12223,1,2
12225,1,2
12226,0,1
12228,0,2
12230,0,2
12232,0,2
12234,1,2
12236,1,2
12238,1,2
12239,0,1
12241,0,2
12243,0,2
12245,0,2
12247,1,2
12249,1,2
12250,1,1
12251,0,1
12252,0,1
12254,1,2
12255,1,1
12259,0,4
12261,1,2
12262,0,1
12264,0,2
12266,1,2
12267,0,1
12269,0,2
12271,1,2
12272,0,1
12274,1,2
12275,0,1
12277,1,2
12279,1,2
12281,1,2
12282,0,1
12284,0,2
12286,1,2
12287,0,1
12289,1,2
12290,0,1
12292,0,2
12294,1,2
12295,0,1
12297,1,2
12298,0,1
12300,1,2
12302,1,2
12303,0,1
12305,0,2
12307,1,2
12309,1,2
12310,0,1
12312,0,2
12314,0,2
12317,1,3
12319,1,2
12320,0,1
12322,0,2
12324,0,2
12326,0,2
12328,1,2
12330,1,2
12332,1,2
12334,1,2
12335,0,1
12337,0,2
12339,1,2
12341,1,2
12342,0,1
12344,0,2
12346,0,2
12348,1,2
12349,0,1
12350,0,1
12351,0,1
12353,1,2
12354,1,1
12355,0,1
12356,0,1
12358,1,2
12359,0,1
12361,0,2
12363,1,2
12365,1,2
12373,1,8
12375,0,2
12377,0,2
12379,0,2
12381,1,2
12383,1,2
12385,1,2
12387,1,2
12391,3,4
12393,1,2
12394,0,1
12396,0,2
12398,0,2
12400,1,2
12401,0,1
12403,0,2
12405,0,2
12407,0,2
12409,0,2
12411,0,2
12413,0,2
12415,1,2
12417,1,2
12419,1,2
12421,1,2
12422,0,1
12424,0,2
12426,0,2
12428,1,2
12429,0,1
12431,1,2
12433,1,2
12434,0,1
12436,0,2
12438,1,2
12439,0,1
12441,0,2
12443,1,2
12445,1,2
12446,0,1
12448,0,2
12450,1,2
12451,0,1
12453,0,2
12455,1,2
12456,0,1
12458,1,2
12459,0,1
12461,0,2
12463,1,2
12464,0,1
12466,0,2
12468,1,2
12469,0,1
12471,1,2
12473,1,2
12474,0,1
12476,1,2
12477,0,1
12479,0,2
12481,0,2
12483,1,2
12484,0,1
12486,0,2
12488,1,2
12489,0,1
12491,1,2
12492,0,1
12494,0,2
12495,0,1
12497,0,2
12499,1,2
12500,0,1
12502,0,2
12504,1,2
12505,0,1
12507,1,2
12508,0,1
12510,0,2
12512,0,2
12514,0,2
12516,1,2
12517,0,1
12519,1,2
12520,0,1
12522,0,2
12524,1,2
12525,0,1
12527,0,2
12529,1,2
12530,0,1
12532,0,2
12533,0,1
12535,0,2
12537,1,2
12538,0,1
12540,0,2
12542,1,2
12543,0,1
12545,1,2
12546,0,1
12548,0,2
12550,1,2
12551,0,1
12553,0,2
12555,1,2
12556,0,1
12558,1,2
12559,0,1
12561,0,2
12563,1,2
12564,0,1
12566,0,2
12568,1,2
12570,1,2
12571,0,1
12573,0,2
12575,0,2
12577,1,2
12579,1,2
12581,1,2
12583,1,2
12584,0,1
12586,0,2
12588,1,2
12589,0,1
12591,0,2
12593,1,2
12594,0,1
12596,1,2
12597,0,1
12599,0,2
12601,1,2
12602,0,1
12604,0,2
12606,1,2
12607,0,1
12609,1,2
12610,0,1
12612,0,2
12614,1,2
12616,0,2
12618,1,2
12619,0,1
12621,0,2
12623,1,2
12625,1,2
12626,0,1
12628,0,2
12630,0,2
12632,1,2
12634,1,2
12636,1,2
12637,0,1
12639,0,2
12641,1,2
12642,0,1
12644,0,2
12646,1,2
12648,1,2
12650,1,2
12652,1,2
12653,0,1
12655,0,2
12657,0,2
12659,1,2
12660,0,1
12662,0,2
12664,0,2
12666,0,2
12668,1,2
12670,1,2
12671,1,1
12672,0,1
12673,0,1
12675,1,2
12676,1,1
12677,1,1
12678,0,1
12680,1,2
12681,1,1
12682,1,1
12683,0,1
12684,0,1
12686,1,2
12687,0,1
12688,0,1
12689,0,1
12691,1,2
12692,1,1
12693,0,1
12694,0,1
12695,0,1
12696,0,1
12698,1,2
12699,1,1
12700,1,1
12701,0,1
12702,0,1
12703,0,1
12705,1,2
12706,1,1
12707,1,1
12708,1,1
12709,0,1
12710,0,1
12711,0,1
12713,1,2
12714,1,1
12715,1,1
12716,0,1
12717,0,1
12718,0,1
12719,0,1
12721,1,2
12722,1,1
12723,1,1
12724,0,1
12725,0,1
12726,0,1
12727,0,1
12729,1,2
12730,1,1
12731,1,1
12732,0,1
12733,0,1
12734,0,1
12735,0,1
12737,1,2
12738,1,1
12739,1,1
12740,0,1
12741,0,1
12743,1,2
12744,0,1
12746,1,2
12747,1,1
12748,1,1
12749,0,1
12750,0,1
12751,0,1
12753,1,2
12754,1,1
12755,1,1
12756,0,1
12757,0,1
12758,0,1
12759,0,1
12760,0,1
12762,1,2
12763,1,1
12764,0,1
12765,0,1
12766,0,1
12767,0,1
12769,1,2
12770,1,1
12771,1,1
12772,1,1
12773,0,1
12774,0,1
12775,0,1
12777,1,2
12778,1,1
12779,1,1
12780,1,1
12781,0,1
12782,0,1
12783,0,1
12784,0,1
12785,0,1
12787,1,2
12788,1,1
12789,0,1
12790,0,1
12792,1,2
12793,1,1
12794,1,1
12795,0,1
12796,0,1
12797,0,1
12798,0,1
12800,1,2
12801,1,1
12802,1,1
12803,0,1
12804,0,1
12805,0,1
12806,0,1
12808,1,2
12809,1,1
12810,1,1
12811,0,1
12812,0,1
12813,0,1
12815,1,2
12816,1,1
12817,1,1
12818,1,1
12819,0,1
12820,0,1
12821,0,1
12823,1,2
12824,1,1
12825,1,1
12826,0,1
12827,0,1
12828,0,1
12829,0,1
12831,1,2
12832,1,1
12833,1,1
12834,0,1
12835,0,1
12836,0,1
12837,0,1
12839,1,2
12840,1,1
12841,1,1
12842,0,1
12843,0,1
12844,0,1
12845,0,1
12847,1,2
12848,1,1
12849,1,1
12850,0,1
12851,0,1
12852,0,1
12853,0,1
12855,1,2
12856,1,1
12857,1,1
12858,0,1
12859,0,1
12860,0,1
12861,0,1
12862,0,1
12864,1,2
12865,1,1
12866,1,1
12867,0,1
12868,0,1
12869,0,1
12871,1,2
12872,1,1
12873,1,1
12874,1,1
12875,0,1
12876,0,1
12877,0,1
12879,1,2
12880,1,1
12881,1,1
12882,0,1
12883,0,1
12884,0,1
12885,0,1
12886,0,1
12888,1,2
12889,1,1
12890,1,1
12891,0,1
12892,0,1
12893,0,1
12895,1,2
12896,1,1
12897,1,1
12898,0,1
12899,0,1
12900,0,1
12901,0,1
12903,1,2
12904,1,1
12905,1,1
12906,1,1
12907,0,1
12908,0,1
12909,0,1
12910,0,1
12912,1,2
12913,1,1
12914,1,1
12915,0,1
12916,0,1
12917,0,1
12918,0,1
12919,0,1
12921,1,2
12922,1,1
12923,0,1
12924,0,1
12925,0,1
12926,0,1
12928,1,2
12929,1,1
12930,1,1
12931,0,1
12932,0,1
12933,0,1
12934,0,1
12935,0,1
12937,1,2
12938,1,1
12939,1,1
12940,0,1
12941,0,1
12942,0,1
12944,1,2
12945,1,1
12946,1,1
12947,1,1
12948,0,1
12949,0,1
12950,0,1
12951,0,1
12953,1,2
12954,1,1
12955,1,1
12956,0,1
12957,0,1
12958,0,1
12960,1,2
12961,1,1
12962,1,1
12963,1,1
12964,0,1
12965,0,1
12966,0,1
12967,0,1
12968,0,1
12970,1,2
12971,1,1
12972,0,1
12973,0,1
12974,0,1
12975,0,1
12976,0,1
12978,1,2
12979,1,1
12980,1,1
12981,0,1
12982,0,1
12983,0,1
12984,0,1
12986,1,2
12987,1,1
12988,1,1
12989,0,1
12990,0,1
12991,0,1
12992,0,1
12993,0,1
12995,1,2
12996,1,1
12997,1,1
12998,0,1
12999,0,1
13000,0,1
13001,0,1
13003,1,2
13004,1,1
13005,0,1
13007,1,2
13008,1,1
13010,2,2
13010,1,0
13011,0,1
13012,0,1
13013,0,1
13014,0,1
13015,0,1
13017,1,2
13018,1,1
13019,1,1
13020,0,1
13021,0,1
13022,0,1
13023,0,1
13025,1,2
13026,1,1
13027,1,1
13028,0,1
13029,0,1
13030,0,1
13031,0,1
13033,1,2
13034,1,1
13035,1,1
13036,0,1
13037,0,1
13038,0,1
13039,0,1
13040,0,1
13042,1,2
13043,1,1
13044,0,1
13045,0,1
13046,0,1
13048,1,2
13049,1,1
13050,1,1
13051,1,1
13052,0,1
13053,0,1
13054,0,1
13055,0,1
13056,0,1
13058,1,2
13059,1,1
13060,1,1
13061,0,1
13062,0,1
13063,0,1
13064,0,1
13065,0,1
13067,1,2
13068,1,1
13069,1,1
13070,0,1
13071,0,1
13072,0,1
13073,0,1
13075,1,2
13076,1,1
13077,1,1
13078,0,1
13079,0,1
13080,0,1
13081,0,1
13083,1,2
13084,1,1
13085,1,1
13086,0,1
13087,0,1
13088,0,1
13090,1,2
13091,1,1
13092,1,1
13093,0,1
13094,0,1
13095,0,1
13096,0,1
13098,1,2
13099,1,1
13101,1,2
13102,1,1
13103,1,1
13104,0,1
13105,0,1
13106,0,1
13107,0,1
13108,0,1
13110,1,2
13111,1,1
13112,1,1
13113,0,1
13114,0,1
13115,0,1
13116,0,1
13118,1,2
13119,1,1
13120,0,1
13121,0,1
13122,0,1
13123,0,1
13125,1,2
13126,1,1
13127,1,1
13128,0,1
13129,0,1
13130,0,1
13131,0,1
13133,1,2
13134,1,1
13135,1,1
13136,0,1
13137,0,1
13138,0,1
13140,1,2
13141,1,1
13142,1,1
13143,0,1
13144,0,1
13145,0,1
13147,1,2
13148,1,1
13149,1,1
13150,1,1
13151,0,1
13152,0,1
13153,0,1
13154,0,1
13156,1,2
13157,1,1
13158,1,1
13159,0,1
13160,0,1
13161,0,1
13162,0,1
13163,0,1
13165,1,2
13166,1,1
13167,0,1
13168,0,1
13169,0,1
13170,0,1
13172,1,2
13173,1,1
13174,1,1
13175,0,1
13176,0,1
13177,0,1
13178,0,1
13179,0,1
13181,1,2
13182,1,1
13183,1,1
13184,0,1
13185,0,1
13186,0,1
13188,1,2
13189,1,1
13190,1,1
13191,0,1
13192,0,1
13193,0,1
13195,1,2
13196,1,1
13197,1,1
13198,0,1
13199,0,1
13200,0,1
13202,1,2
13203,1,1
13204,1,1
13205,0,1
13206,0,1
13207,0,1
13208,0,1
13209,0,1
13211,1,2
13212,1,1
13213,0,1
13214,0,1
13215,0,1
13216,0,1
13217,0,1
13219,1,2
13220,1,1
13221,1,1
13223,1,2
13223,0,0
13224,0,1
13226,1,2
13227,1,1
13228,1,1
13229,0,1
13230,0,1
13232,1,2
13233,1,1
13234,1,1
13235,0,1
13236,0,1
13237,0,1
13239,1,2
13240,1,1
13241,0,1
13242,0,1
13244,1,2
13245,1,1
13246,1,1
13247,0,1
13248,0,1
13249,0,1
13251,1,2
13252,1,1
13253,1,1
13254,0,1
13255,0,1
13256,0,1
13257,0,1
13258,0,1
13260,1,2
13261,1,1
13262,1,1
13263,0,1
13264,0,1
13265,0,1
13266,0,1
13268,1,2
13269,1,1
13270,1,1
13271,0,1
13272,0,1
13273,0,1
13274,0,1
13276,1,2
13277,1,1
13278,1,1
13279,0,1
13280,0,1
13281,0,1
13282,0,1
13283,0,1
13285,1,2
13286,1,1
13287,0,1
13288,0,1
13289,0,1
13290,0,1
13291,0,1
13293,1,2
13294,1,1
13295,0,1
13296,0,1
13297,0,1
13298,0,1
13299,0,1
13301,1,2
13302,1,1
13303,0,1
13304,0,1
13305,0,1
13306,0,1
13308,1,2
13309,1,1
13310,1,1
13311,0,1
13312,0,1
13313,0,1
13314,0,1
13316,1,2
13317,1,1
13318,1,1
13319,0,1
13320,0,1
13321,0,1
13322,0,1
13324,1,2
13325,1,1
13326,1,1
13327,0,1
13328,0,1
13329,0,1
13331,1,2
13332,1,1
13333,1,1
13334,1,1
13335,0,1
13336,0,1
13337,0,1
13339,1,2
13340,1,1
13341,1,1
13342,0,1
13344,1,2
13345,1,1
13346,1,1
13347,0,1
13348,0,1
13349,0,1
13350,0,1
13351,0,1
13353,1,2
13354,1,1
13355,0,1
13356,0,1
13357,0,1
13358,0,1
13360,1,2
13361,1,1
13362,1,1
13363,0,1
13364,0,1
13365,0,1
13366,0,1
13368,1,2
13369,1,1
13370,1,1
13371,0,1
13372,0,1
13373,0,1
13374,0,1
13375,0,1
13377,1,2
13378,1,1
13379,1,1
13380,0,1
13381,0,1
13382,0,1
13383,0,1
13384,0,1
13386,1,2
13387,1,1
13388,0,1
13389,0,1
13390,0,1
13391,0,1
13392,0,1
13393,0,1
13395,1,2
13396,1,1
13397,0,1
13399,1,2
13400,1,1
13400,0,0
13402,1,2
13403,1,1
13404,0,1
13405,0,1
13406,0,1
13407,0,1
13408,0,1
13409,0,1
13411,1,2
13412,1,1
13413,0,1
13414,0,1
13415,0,1
13416,0,1
13417,0,1
13419,1,2
13420,1,1
13421,0,1
13422,0,1
13423,0,1
13424,0,1
13425,0,1
13427,1,2
13428,1,1
13429,0,1
13430,0,1
13431,0,1
13432,0,1
13434,1,2
13435,1,1
13436,1,1
13437,0,1
13438,0,1
13439,0,1
13440,0,1
13441,0,1
13443,1,2
13444,1,1
13445,1,1
13446,0,1
13447,0,1
13448,0,1
13449,0,1
13451,1,2
13452,1,1
13453,1,1
13454,0,1
13455,0,1
13456,0,1
13457,0,1
13459,1,2
13460,1,1
13461,1,1
13462,0,1
13463,0,1
13464,0,1
13465,0,1
13467,1,2
13468,1,1
13469,0,1
13470,0,1
13471,0,1
13472,0,1
13473,0,1
13475,1,2
13476,1,1
13477,1,1
13478,0,1
13479,0,1
13480,0,1
13481,0,1
13482,0,1
13484,1,2
13485,1,1
13486,0,1
13487,0,1
13488,0,1
13489,0,1
13491,1,2
13492,1,1
13493,1,1
13494,0,1
13495,0,1
13496,0,1
13497,0,1
13498,0,1
13500,1,2
13501,1,1
13502,1,1
13503,0,1
13504,0,1
13505,0,1
13506,0,1
13507,0,1
13509,1,2
13510,1,1
13511,1,1
13512,0,1
13513,0,1
13514,0,1
13515,0,1
13516,0,1
13518,1,2
13519,1,1
13520,0,1
13521,0,1
13522,0,1
13523,0,1
13524,0,1
13526,1,2
13527,1,1
13528,0,1
13529,0,1
13530,0,1
13531,0,1
13532,0,1
13534,1,2
13535,1,1
13536,1,1
13537,0,1
13538,0,1
13539,0,1
13540,0,1
13541,0,1
13543,1,2
13544,1,1
13545,0,1
13546,0,1
13547,0,1
13548,0,1
13549,0,1
13551,1,2
13552,1,1
13553,1,1
13554,0,1
13555,0,1
13556,0,1
13557,0,1
13558,0,1
13560,1,2
13561,1,1
13562,0,1
13563,0,1
13564,0,1
13566,1,2
13567,1,1
13568,0,1
13569,0,1
13570,0,1
13572,1,2
13573,1,1
13574,1,1
13575,1,1
13576,0,1
13577,0,1
13579,1,2
13580,1,1
13581,1,1
13582,1,1
13583,0,1
13584,0,1
13585,0,1
13586,0,1
13588,1,2
13589,1,1
13590,1,1
13591,0,1
13592,0,1
13593,0,1
13594,0,1
13596,1,2
13597,1,1
13598,1,1
13599,0,1
13600,0,1
13601,0,1
13602,0,1
13603,0,1
13605,1,2
13606,0,1
13607,0,1
13608,0,1
13609,0,1
13611,1,2
13612,1,1
13613,1,1
13614,0,1
13615,0,1
13616,0,1
13617,0,1
13619,1,2
13620,1,1
13621,1,1
13622,0,1
13623,0,1
13624,0,1
13626,1,2
13627,1,1
13628,1,1
13629,0,1
13630,0,1
13631,0,1
13633,1,2
13634,1,1
13635,1,1
13636,1,1
13637,0,1
13638,0,1
13639,0,1
13641,1,2
13642,1,1
13643,1,1
13644,0,1
13650,0,6
13652,1,2
13653,0,1
13655,0,2
13656,0,1
13658,0,2
13660,1,2
13661,0,1
13663,0,2
13664,0,1
13666,0,2
13668,1,2
13669,0,1
13671,0,2
13673,1,2
13675,1,2
13676,0,1
13678,1,2
13679,0,1
13681,0,2
13683,1,2
13684,0,1
13686,0,2
13688,1,2
13689,0,1
13691,1,2
13692,0,1
13694,0,2
13696,1,2
13697,0,1
13699,0,2
13701,1,2
13702,0,1
13704,0,2
13706,0,2
13707,0,1
13709,0,2
13711,1,2
13712,0,1
13714,0,2
13716,1,2
13718,1,2
13719,0,1
13721,0,2
13723,1,2
13724,0,1
13726,0,2
13728,1,2
13730,1,2
13731,0,1
13733,0,2
13735,1,2
13736,0,1
13738,0,2
13740,1,2
13742,1,2
13743,0,1
13745,0,2
13747,0,2
13749,1,2
13751,1,2
13752,0,1
13754,1,2
13755,1,1
13756,1,1
13757,0,1
13758,0,1
13760,1,2
13761,0,1
13762,0,1
13763,0,1
13765,1,2
13766,1,1
13767,0,1
13768,0,1
13770,1,2
13771,1,1
13772,0,1
13773,0,1
13775,1,2
13776,1,1
13777,0,1
13778,0,1
13779,0,1
13781,1,2
13782,1,1
13783,1,1
13784,0,1
13785,0,1
13786,0,1
13788,1,2
13789,1,1
13790,1,1
13791,0,1
13792,0,1
13793,0,1
13794,0,1
13796,1,2
13797,1,1
13798,1,1
13799,0,1
13800,0,1
13801,0,1
13803,1,2
13804,1,1
13805,1,1
13806,0,1
13807,0,1
13808,0,1
13809,0,1
13811,1,2
13812,1,1
13813,1,1
13814,0,1
13815,0,1
13816,0,1
13818,1,2
13819,1,1
13820,1,1
13821,0,1
13822,0,1
13823,0,1
13825,1,2
13826,1,1
13827,1,1
13828,1,1
13829,0,1
13830,0,1
13831,0,1
13833,1,2
13834,1,1
13835,1,1
13836,0,1
13837,0,1
13838,0,1
13839,0,1
13841,1,2
13842,1,1
13843,1,1
13844,0,1
13845,0,1
13846,0,1
13847,0,1
13848,0,1
13849,0,1
13851,1,2
13852,1,1
13853,0,1
13854,0,1
13855,0,1
13856,0,1
13857,0,1
13859,1,2
13860,1,1
13861,1,1
13862,0,1
13867,1,5
13868,1,1
13869,1,1
13870,1,1
13871,0,1
13872,0,1
13873,0,1
13875,1,2
13876,1,1
13877,1,1
13878,0,1
13879,0,1
13880,0,1
13881,0,1
13883,1,2
13884,1,1
13885,1,1
13886,0,1
13887,0,1
13888,0,1
13889,0,1
13891,1,2
13892,1,1
13893,1,1
13894,0,1
13895,0,1
13896,0,1
13897,0,1
13899,1,2
13900,1,1
13901,1,1
13902,0,1
13903,0,1
13904,0,1
13905,0,1
13907,1,2
13908,1,1
13909,1,1
13910,0,1
13911,0,1
13912,0,1
13913,0,1
13915,1,2
13916,1,1
13917,0,1
13918,0,1
13919,0,1
13920,0,1
13921,0,1
13922,0,1
13924,1,2
13925,1,1
13926,0,1
13927,0,1
13928,0,1
13929,0,1
13930,0,1
13932,1,2
13933,1,1
13934,1,1
13935,0,1
13936,0,1
13937,0,1
13938,0,1
13939,0,1
13941,1,2
13942,1,1
13943,1,1
13944,0,1
13945,0,1
13946,0,1
13947,0,1
13948,0,1
13950,1,2
13951,1,1
13952,1,1
13953,0,1
13954,0,1
13955,0,1
13956,0,1
13957,0,1
13959,1,2
13960,1,1
13961,1,1
13962,0,1
13963,0,1
13964,0,1
13965,0,1
13966,0,1
13968,1,2
13969,1,1
13970,1,1
13971,0,1
13972,0,1
13973,0,1
13974,0,1
13975,0,1
13977,1,2
13978,1,1
13979,0,1
13980,0,1
13981,0,1
13982,0,1
13983,0,1
13985,1,2
13986,1,1
13987,0,1
13988,0,1
13989,0,1
13990,0,1
13991,0,1
13992,0,1
13994,1,2
13995,1,1
13996,0,1
13997,0,1
13998,0,1
13999,0,1
14000,0,1
14002,1,2
14003,1,1
14004,0,1
14005,0,1
14006,0,1
14007,0,1
14008,0,1
14010,1,2
14011,1,1
14012,1,1
14013,0,1
14014,0,1
14015,0,1
14016,0,1
14017,0,1
14019,1,2
14020,1,1
14021,1,1
14022,0,1
14023,0,1
14024,0,1
14025,0,1
14026,0,1
14028,1,2
14029,1,1
14030,1,1
14031,0,1
14032,0,1
14033,0,1
14034,0,1
14036,1,2
14037,1,1
14038,1,1
14039,0,1
14040,0,1
14041,0,1
14042,0,1
14044,1,2
14045,1,1
14046,1,1
14047,0,1
14048,0,1
14049,0,1
14050,0,1
14052,1,2
14053,1,1
14054,0,1
14055,0,1
14056,0,1
14057,0,1
14059,1,2
14060,1,1
14061,1,1
14062,0,1
14063,0,1
14064,0,1
14065,0,1
14066,0,1
14068,1,2
14069,1,1
14070,1,1
14071,0,1
14072,0,1
14073,0,1
14075,1,2
14076,1,1
14077,1,1
14078,1,1
14079,0,1
14080,0,1
14081,0,1
14082,0,1
14084,1,2
14085,1,1
14086,1,1
14087,0,1
14088,0,1
14089,0,1
14091,1,2
14092,1,1
14093,1,1
14094,0,1
14095,0,1
14096,0,1
14097,0,1
14099,1,2
14100,1,1
14101,1,1
14102,1,1
14103,0,1
14104,0,1
14105,0,1
14107,1,2
14108,1,1
14109,1,1
14110,1,1
14111,0,1
14112,0,1
14113,0,1
14114,0,1
14115,0,1
14117,1,2
14118,1,1
14119,1,1
14120,0,1
14121,0,1
14122,0,1
14123,0,1
14125,1,2
14126,1,1
14127,1,1
14128,0,1
14129,0,1
14130,0,1
14131,0,1
14132,0,1
14134,1,2
14135,1,1
14136,1,1
14137,0,1
14138,0,1
14139,0,1
14140,0,1
14141,0,1
14143,1,2
14144,1,1
14145,0,1
14146,0,1
14147,0,1
14148,0,1
14149,0,1
14151,1,2
14152,1,1
14153,0,1
14154,0,1
14155,0,1
14156,0,1
14158,1,2
14159,1,1
14160,1,1
14161,0,1
14162,0,1
14163,0,1
14164,0,1
14165,0,1
14167,1,2
14168,1,1
14169,0,1
14170,0,1
14171,0,1
14172,0,1
14174,1,2
14175,1,1
14176,1,1
14177,0,1
14178,0,1
14179,0,1
14180,0,1
14182,1,2
14183,1,1
14184,1,1
14185,0,1
14186,0,1
14187,0,1
14189,1,2
14190,1,1
14191,1,1
14192,0,1
14193,0,1
14194,0,1
14195,0,1
14197,1,2
14198,1,1
14199,1,1
14200,0,1
14201,0,1
14202,0,1
14203,0,1
14204,0,1
14206,1,2
14207,1,1
14208,1,1
14209,0,1
14210,0,1
14211,0,1
14212,0,1
14214,1,2
14215,1,1
14216,1,1
14217,0,1
14218,0,1
14219,0,1
14221,1,2
14222,1,1
14223,1,1
14224,0,1
14225,0,1
14226,0,1
14227,0,1
14229,1,2
14230,1,1
14231,1,1
14232,0,1
14233,0,1
14234,0,1
14235,0,1
14237,1,2
14238,1,1
14239,1,1
14240,0,1
14241,0,1
14242,0,1
14243,0,1
14245,1,2
14246,1,1
14247,1,1
14248,0,1
14249,0,1
14250,0,1
14251,0,1
14253,1,2
14254,1,1
14255,1,1
14256,0,1
14258,1,2
14259,1,1
14260,1,1
14261,1,1
14262,0,1
14263,0,1
14265,1,2
14266,1,1
14267,1,1
14268,0,1
14269,0,1
14271,1,2
14272,1,1
14273,1,1
14274,0,1
14276,1,2
14277,1,1
14278,1,1
14279,1,1
14280,1,1
14281,0,1
14283,1,2
14284,1,1
14285,1,1
14286,1,1
14287,0,1
14288,0,1
14290,1,2
14291,1,1
14292,1,1
14293,0,1
14294,0,1
14295,0,1
14297,1,2
14298,1,1
14299,1,1
14300,0,1
14302,1,2
14303,1,1
14304,1,1
14305,1,1
14306,0,1
14307,0,1
14308,0,1
14310,1,2
14311,1,1
14312,1,1
14313,0,1
14315,1,2
14316,1,1
14317,1,1
14318,1,1
14319,0,1
14320,0,1
14322,1,2
14323,1,1
14324,0,1
14325,0,1
14327,1,2
14328,1,1
14329,1,1
14330,0,1
14331,0,1
14333,1,2
14334,1,1
14335,1,1
14336,0,1
14337,0,1
14338,0,1
14340,1,2
14341,1,1
14342,1,1
14343,0,1
14344,0,1
14346,1,2
14347,1,1
14348,1,1
14349,0,1
14350,0,1
14351,0,1
14353,1,2
14354,1,1
14355,1,1
14356,0,1
14358,1,2
14358,0,0
14360,1,2
14361,1,1
14362,1,1
14363,0,1
14364,0,1
14366,1,2
14367,1,1
14368,1,1
14369,1,1
14370,0,1
14371,0,1
14372,0,1
14374,1,2
14375,1,1
14376,1,1
14377,0,1
14378,0,1
14380,1,2
14381,1,1
14382,1,1
14383,1,1
14384,0,1
14385,0,1
14387,1,2
14388,1,1
14389,1,1
14390,0,1
14391,0,1
14393,1,2
14394,1,1
14395,1,1
14396,0,1
14397,0,1
14398,0,1
14400,1,2
14401,1,1
14402,1,1
14403,0,1
14404,0,1
14405,0,1
14407,1,2
14408,1,1
14409,1,1
14410,0,1
14411,0,1
14412,0,1
14414,1,2
14415,1,1
14416,1,1
14417,0,1
14419,1,2
14420,1,1
14421,1,1
14422,1,1
14423,0,1
14424,0,1
14426,1,2
14427,1,1
14428,1,1
14429,0,1
14431,1,2
14432,1,1
14433,1,1
14434,0,1
14435,0,1
14437,1,2
14438,1,1
14439,1,1
14440,1,1
14441,0,1
14442,0,1
14444,1,2
14445,1,1
14446,1,1
14447,1,1
14448,0,1
14449,0,1
14451,1,2
14452,1,1
14453,1,1
14454,0,1
14455,0,1
14456,0,1
14457,0,1
14459,1,2
14460,1,1
14462,2,2
14463,0,1
14464,0,1
14466,1,2
14467,1,1
14468,1,1
14469,0,1
14470,0,1
14472,1,2
14473,1,1
14474,1,1
14475,0,1
14476,0,1
14477,0,1
14479,1,2
14480,1,1
14481,1,1
14482,0,1
14483,0,1
14484,0,1
14486,1,2
14488,2,2
14488,1,0
14489,1,1
14490,0,1
14492,1,2
14493,1,1
14494,1,1
14495,1,1
14497,0,2
14498,0,1
14500,1,2
14501,1,1
14502,1,1
14503,1,1
14504,0,1
14505,0,1
14507,1,2
14508,1,1
14509,1,1
14510,0,1
14511,0,1
14512,0,1
14514,1,2
14515,1,1
14516,1,1
14517,0,1
14518,0,1
14520,1,2
14521,1,1
14522,1,1
14523,1,1
14524,0,1
14525,0,1
14527,1,2
14528,1,1
14529,1,1
14530,0,1
14531,0,1
14533,1,2
14534,1,1
14535,1,1
14536,1,1
14537,0,1
14539,1,2
14540,1,1
14541,1,1
14542,1,1
14545,1,3
14546,0,1
14548,1,2
14549,1,1
14550,0,1
14552,1,2
14553,1,1
14555,1,2
14556,1,1
14557,1,1
14558,0,1
14560,1,2
14561,1,1
14562,1,1
14563,1,1
14564,0,1
14566,1,2
14567,1,1
14568,1,1
14569,1,1
14570,0,1
14571,0,1
14572,0,1
14574,1,2
14575,1,1
14576,0,1
14577,0,1
14578,0,1
14580,1,2
14581,1,1
14582,1,1
14583,0,1
14584,0,1
14586,1,2
14587,1,1
14588,1,1
14589,1,1
14590,0,1
14591,0,1
14593,1,2
14594,1,1
14595,1,1
14596,0,1
14597,0,1
14598,0,1
14600,1,2
14601,1,1
14602,1,1
14603,0,1
14604,0,1
14605,0,1
14607,1,2
14608,1,1
14609,1,1
14610,0,1
14611,0,1
14613,1,2
14614,1,1
14615,1,1
14616,1,1
14617,0,1
14618,0,1
14619,0,1
14621,1,2
14622,1,1
14623,1,1
14624,0,1
14625,0,1
14626,0,1
14628,1,2
14629,1,1
14630,1,1
14631,0,1
14632,0,1
14633,0,1
14635,1,2
14636,1,1
14637,1,1
14638,0,1
14639,0,1
14641,1,2
14642,1,1
14643,1,1
14644,1,1
14645,0,1
14647,1,2
14648,1,1
14649,1,1
14650,0,1
14652,1,2
14653,1,1
14654,1,1
14655,1,1
14656,0,1
14657,0,1
14659,1,2
14660,1,1
14661,1,1
14662,1,1
14663,0,1
14665,1,2
14666,1,1
14667,1,1
14668,1,1
14669,0,1
14671,1,2
14672,1,1
14673,1,1
14674,1,1
14675,0,1
14676,0,1
14677,0,1
14679,1,2
14680,1,1
14681,1,1
14682,0,1
14683,0,1
14684,0,1
14686,1,2
14687,1,1
14688,1,1
14689,0,1
14690,0,1
14691,0,1
14693,1,2
14694,1,1
14695,1,1
14696,0,1
14697,0,1
14699,1,2
14700,1,1
14701,1,1
14702,0,1
14703,0,1
14704,0,1
14706,1,2
14707,1,1
14708,1,1
14709,0,1
14711,1,2
14712,1,1
14716,4,4
14716,2,0
14717,2,1
14717,1,0
14718,0,1
14719,0,1
14720,0,1
14721,0,1
14723,1,2
14724,1,1
14725,1,1
14726,0,1
14727,0,1
14728,0,1
14729,0,1
14731,1,2
14732,1,1
14733,1,1
14734,0,1
14735,0,1
14736,0,1
14737,0,1
14739,1,2
14740,1,1
14741,0,1
14743,1,2
14744,1,1
14745,1,1
14746,0,1
14747,0,1
14748,0,1
14749,0,1
14750,0,1
14752,1,2
14753,1,1
14754,1,1
14755,0,1
14756,0,1
14757,0,1
14758,0,1
14760,1,2
14761,1,1
14762,1,1
14763,0,1
14764,0,1
14765,0,1
14766,0,1
14767,0,1
14769,1,2
14770,1,1
14771,0,1
14772,0,1
14773,0,1
14775,1,2
14777,2,2
14780,4,3
14782,4,2
14785,6,3
14787,7,2
14788,7,1
14790,7,2
14791,7,1
14793,8,2
14794,7,1
14795,7,1
14797,7,2
14798,6,1
14800,7,2
14801,7,1
14802,6,1
14803,6,1
14805,7,2
14806,6,1
14807,6,1
14808,6,1
14809,5,1
14811,6,2
14812,6,1
14813,6,1
14814,6,1
14815,5,1
14817,6,2
14818,6,1
14820,7,2
14821,6,1
14822,6,1
14824,7,2
14826,7,2
14828,8,2
14829,8,1
14830,7,1
14832,8,2
14833,8,1
14834,8,1
14836,8,2
14837,8,1
14839,9,2
14840,8,1
14841,8,1
14843,8,2
14844,8,1
14846,8,2
14847,8,1
14848,8,1
14850,9,2
14852,9,2
14853,9,1
14855,9,2
14856,9,1
14857,9,1
14858,8,1
14859,8,1
14860,8,1
14861,7,1
14861,6,0
14863,7,2
14864,7,1
14864,6,0
14865,5,1
14866,5,1
14867,5,1
14868,5,1
14869,5,1
14870,4,1
14871,4,1
14872,4,1
14873,4,1
14874,3,1
14875,3,1
14876,3,1
14877,3,1
14878,3,1
14879,2,1
14880,2,1
14881,2,1
14882,2,1
14883,1,1
14884,1,1
14885,1,1
14886,1,1
14887,1,1
14888,0,1
14890,1,2
14891,1,1
14896,1,5
14899,2,3
14902,1,3
14904,1,2
14906,1,2
14908,0,2
14911,1,3
14913,1,2
14915,1,2
14917,0,2
14919,0,2
14922,1,3
14924,1,2
14926,1,2
14928,1,2
14930,0,2
14932,0,2
14935,1,3
14937,1,2
14939,1,2
14941,0,2
14943,0,2
14946,1,3
14948,1,2
14950,1,2
14952,0,2
14955,1,3
14957,1,2
14959,1,2
14961,1,2
14963,0,2
14965,1,2
14967,0,2
14970,1,3
14972,1,2
14974,1,2
14976,1,2
14978,0,2
14981,1,3
14983,1,2
14985,1,2
14987,0,2
14989,0,2
14992,1,3
14995,1,3
14998,1,3
15000,0,2
15002,0,2
15005,1,3
15007,1,2
15009,0,2
15012,1,3
15014,0,2
15017,1,3
15019,1,2
15021,0,2
15024,1,3
15026,1,2
15028,1,2
15030,1,2
15033,1,3
15035,1,2
15038,1,3
15040,1,2
15042,1,2
15045,1,3
15047,1,2
15049,0,2
15051,1,2
15052,1,1
15053,0,1
15055,1,2
15056,1,1
15058,1,2
15059,1,1
15060,1,1
15062,1,2
15063,1,1
15067,4,4
15068,1,1
15068,0,0
15070,1,2
15071,1,1
15072,1,1
15073,0,1
15074,0,1
15075,0,1
15076,0,1
15078,1,2
15079,1,1
15080,1,1
15081,0,1
15082,0,1
15083,0,1
15084,0,1
15086,1,2
15087,1,1
15088,0,1
15089,0,1
15090,0,1
15091,0,1
15093,1,2
15094,1,1
15095,1,1
15096,0,1
15097,0,1
15098,0,1
15099,0,1
15101,1,2
15102,1,1
15103,1,1
15104,0,1
15105,0,1
15106,0,1
15108,1,2
15109,1,1
15110,1,1
15111,1,1
15112,0,1
15113,0,1
15114,0,1
15115,0,1
15117,1,2
15118,1,1
15119,1,1
15120,0,1
15121,0,1
15122,0,1
15124,1,2
15125,1,1
15126,1,1
15127,0,1
15128,0,1
15129,0,1
15130,0,1
15132,1,2
15133,1,1
15134,1,1
15135,0,1
15136,0,1
15137,0,1
15139,1,2
15140,1,1
15141,1,1
15142,1,1
15143,0,1
15144,0,1
15145,0,1
15147,1,2
15148,1,1
15149,1,1
15150,1,1
15151,0,1
15152,0,1
15153,0,1
15155,1,2
15156,1,1
15157,1,1
15158,0,1
15159,0,1
15160,0,1
15161,0,1
15162,0,1
15164,1,2
15165,1,1
15166,1,1
15167,0,1
15168,0,1
15169,0,1
15170,0,1
15172,1,2
15173,1,1
15174,1,1
15175,1,1
15176,0,1
15177,0,1
15178,0,1
15179,0,1
15180,0,1
15182,1,2
15183,1,1
15184,1,1
15185,0,1
15186,0,1
15187,0,1
15188,0,1
15189,0,1
15191,1,2
15192,1,1
15193,1,1
15194,0,1
15195,0,1
15196,0,1
15197,0,1
15198,0,1
15199,0,1
15200,0,1
15202,1,2
15203,1,1
15204,1,1
15205,0,1
15206,0,1
15207,0,1
15208,0,1
15209,0,1
15210,0,1
15211,0,1
15213,1,2
15214,1,1
15215,1,1
15216,0,1
15217,0,1
15218,0,1
15219,0,1
15220,0,1
15221,0,1
15223,1,2
15224,1,1
15225,1,1
15226,0,1
15227,0,1
15228,0,1
15229,0,1
15230,0,1
15231,0,1
15232,0,1
15234,1,2
15235,1,1
15236,1,1
15237,0,1
15238,0,1
15239,0,1
15240,0,1
15241,0,1
15242,0,1
15244,1,2
15245,1,1
15246,1,1
15247,0,1
15248,0,1
15249,0,1
15250,0,1
15251,0,1
15252,0,1
15254,1,2
15255,1,1
15256,1,1
15257,0,1
15258,0,1
15259,0,1
15260,0,1
15261,0,1
15263,1,2
15264,1,1
15265,1,1
15266,0,1
15267,0,1
15268,0,1
15269,0,1
15270,0,1
15272,1,2
15273,1,1
15274,1,1
15275,0,1
15276,0,1
15277,0,1
15278,0,1
15279,0,1
15281,1,2
15282,1,1
15283,1,1
15284,0,1
15285,0,1
