time (ms)
0
8
14
20
25
31
37
42
48
53
59
64
70
76
81
87
93
98
104
110
115
122
127
133
139
145
151
156
162
168
174
180
185
192
197
203
210
215
221
227
232
238
243
249
254
260
266
271
277
283
288
294
299
305
310
316
321
327
333
338
344
349
355
361
366
372
377
382
388
393
399
404
410
416
421
427
432
438
443
449
456
461
468
474
484
490
495
501
506
512
518
523
529
534
541
546
552
557
563
568
574
579
585
590
596
601
607
612
617
623
628
634
639
645
650
656
661
667
672
678
684
689
695
701
706
712
717
723
729
734
740
745
751
756
762
768
773
779
784
790
796
801
807
812
818
824
829
835
840
846
851
857
862
868
873
879
884
890
895
901
906
912
917
923
928
934
940
945
951
956
962
967
973
978
984
989
995
1001
1006
1012
1017
1023
1028
1034
1039
1045
1050
1056
1061
1067
1072
1078
1084
1089
1095
1100
1106
1111
1116
1122
1128
1134
1139
1145
1150
1156
1161
1166
1172
1177
1183
1188
1193
1199
1204
1210
1215
1221
1226
1232
1237
1243
1248
1257
1262
1268
1273
1279
1284
1290
1295
1301
1306
1312
1317
1323
1329
1334
1340
1345
1351
1356
1362
1367
1373
1378
1383
1389
1394
1400
1405
1411
1416
1422
1427
1433
1438
1444
1449
1455
1461
1466
1472
1477
1483
1488
1493
1499
1504
1510
1515
1520
1526
1531
1536
1542
1547
1553
1558
1563
1569
1574
1579
1585
1590
1596
1601
1606
1612
1617
1623
1628
1633
1639
1644
1650
1655
1660
1666
1671
1677
1682
1687
1693
1698
1703
1709
1714
1720
1725
1730
1736
1741
1746
1752
1757
1763
1768
1774
1780
1785
1790
1796
1801
1806
1812
1817
1823
1828
1833
1839
1845
1852
1858
1864
1870
1876
1882
1887
1892
1898
1903
1909
1914
1919
1925
1930
1935
1941
1946
1952
1957
1962
1968
1973
1978
1984
1990
1995
2000
2006
2011
2017
2022
2027
2033
2039
2045
2051
2058
2063
2068
2074
2079
2085
2090
2095
2101
2106
2112
2117
2123
2128
2145
2151
2156
2162
2167
2173
2178
2184
2189
2195
2201
2206
2211
2217
2222
2227
2233
2238
2243
2249
2254
2259
2265
2270
2276
2281
2286
2292
2297
2302
2308
2313
2319
2324
2330
2335
2340
2346
2351
2356
2362
2367
2373
2378
2383
2389
2394
2399
2405
2410
2415
2421
2426
2431
2437
2442
2447
2453
2458
2464
2470
2475
2480
2485
2491
2496
2501
2507
2512
2517
2522
2528
2533
2538
2543
2549
2554
2559
2565
2570
2575
2580
2586
2591
2596
2601
2607
2612
2617
2623
2628
2634
2639
2644
2650
2655
2660
2666
2671
2676
2682
2687
2693
2699
2705
2711
2717
2723
2730
2735
2741
2747
2753
2759
2765
2771
2777
2783
2789
2795
2801
2807
2813
2819
2824
2830
2835
2841
2846
2851
2857
2862
2868
2873
2878
2884
2889
2895
2900
2905
2911
2917
2922
2927
2933
2938
2943
2949
2954
2959
2965
2970
2975
2981
2986
2991
2997
3002
3007
3013
3018
3023
3029
3034
3040
3045
3050
3056
3062
3068
3073
3079
3084
3090
3095
3101
3106
3112
3117
3123
3128
3134
3139
3145
3150
3156
3161
3167
3172
3178
3183
3189
3194
3199
3205
3210
3215
3221
3226
3232
3237
3243
3248
3254
3259
3265
3270
3276
3281
3287
3292
3298
3303
3309
3314
3320
3325
3331
3336
3342
3347
3352
3358
3363
3368
3374
3379
3384
3390
3395
3401
3406
3411
3417
3422
3427
3433
3438
3443
3451
3456
3462
3467
3473
3478
3483
3489
3494
3499
3505
3510
3515
3521
3526
3531
3537
3542
3548
3553
3558
3564
3569
3574
3580
3585
3590
3596
3601
3606
3612
3617
3622
3628
3633
3638
3644
3649
3654
3660
3665
3670
3676
3681
3687
3692
3697
3703
3708
3713
3719
3724
3729
3735
3740
3745
3751
3756
3761
3767
3772
3777
3783
3788
3793
3799
3804
3809
3815
3820
3825
3831
3836
3841
3847
3853
3860
3866
3871
3876
3883
3888
3894
3899
3905
3911
3916
3921
3927
3932
3938
3943
3949
3954
3960
3965
3971
3976
3982
3987
3993
3999
4004
4010
4015
4021
4026
4031
4037
4042
4048
4053
4059
4064
4069
4075
4080
4086
4091
4096
4102
4107
4112
4118
4123
4128
4134
4139
4144
4150
4155
4160
4166
4171
4176
4182
4187
4192
4198
4203
4208
4214
4219
4224
4230
4235
4240
4246
4251
4256
4262
4267
4273
4278
4283
4289
4294
4300
4305
4310
4316
4321
4327
4332
4337
4343
4348
4354
4359
4365
4370
4375
4381
4386
4391
4397
4402
4407
4413
4418
4423
4429
4434
4439
4445
4450
4455
4461
4466
4471
4477
4482
4487
4493
4498
4503
4509
4514
4519
4525
4530
4536
4541
4547
4552
4558
4563
4569
4574
4580
4585
4591
4596
4602
4607
4613
4618
4623
4629
4634
4640
4645
4651
4656
4662
4667
4673
4678
4683
4689
4694
4700
4705
4711
4716
4722
4727
4733
4738
4743
4749
4754
4760
4765
4771
4776
4782
4787
4792
4798
4803
4808
4814
4819
4824
4830
4835
4841
4846
4851
4857
4862
4867
4873
4878
4883
4889
4894
4899
4905
4910
4915
4921
4926
4931
4937
4942
4947
4953
4958
4963
4969
4974
4979
4985
4990
4996
5001
5006
5012
5017
5022
5028
5033
5038
5044
5049
5054
5060
5065
5070
5076
5081
5086
5092
5097
5103
5108
5114
5119
5124
5130
5135
5140
5146
5151
5156
5162
5167
5172
5178
5183
5188
5194
5199
5204
5210
5215
5220
5226
5231
5237
5242
5248
5253
5258
5264
5269
5274
5280
5285
5290
5296
5301
5306
5312
5317
5322
5328
5333
5338
5344
5349
5354
5360
5365
5370
5376
5381
5386
5392
5397
5402
5408
5413
5418
5424
5429
5434
5440
5445
5450
5456
5461
5466
5472
5477
5482
5488
5493
5498
5504
5509
5514
5520
5525
5530
5536
5541
5546
5551
5557
5562
5567
5573
5578
5583
5589
5595
5600
5606
5611
5616
5622
5627
5632
5638
5643
5648
5654
5659
5665
5670
5675
5681
5686
5692
5697
5703
5708
5714
5719
5724
5730
5736
5741
5746
5752
5757
5762
5768
5773
5778
5784
5789
5794
5800
5805
5810
5816
5821
5826
5832
5837
5842
5848
5853
5858
5864
5869
5874
5880
5885
5891
5896
5901
5907
5912
5918
5923
5928
5934
5939
5944
5950
5955
5961
5966
5972
5978
5984
5990
5995
6001
6006
6012
6017
6023
6028
6034
6039
6044
6050
6055
6060
6066
6071
6077
6082
6087
6093
6098
6103
6109
6114
6119
6125
6130
6135
6141
6146
6151
6156
6162
6167
6172
6178
6183
6188
6194
6199
6205
6210
6216
6221
6227
6232
6238
6244
6250
6256
6262
6267
6273
6278
6283
6289
6294
6300
6305
6310
6316
6321
6326
6332
6337
6342
6348
6353
6358
6363
6369
6374
6379
6385
6390
6395
6401
6406
6411
6416
6422
6427
6432
6437
6443
6448
6453
6459
6464
6469
6475
6480
6485
6491
6496
6501
6507
6512
6517
6523
6528
6533
6539
6545
6550
6556
6561
6566
6572
6577
6582
6587
6593
6598
6604
6609
6614
6619
6625
6630
6635
6641
6646
6652
6657
6662
6667
6673
6678
6683
6689
6694
6699
6705
6710
6715
6721
6726
6732
6737
6742
6748
6753
6758
6764
6769
6774
6780
6785
6790
6796
6801
6806
6812
6817
6822
6828
6833
6838
6844
6849
6854
6860
6865
6870
6876
6881
6886
6892
6897
6902
6908
6913
6918
6924
6929
6934
6940
6945
6950
6956
6961
6966
6972
6977
6982
6988
6993
6998
7004
7009
7014
7020
7025
7030
7036
7041
7046
7052
7057
7062
7068
7073
7078
7084
7089
7094
7100
7105
7110
7116
7121
7126
7132
7137
7142
7148
7153
7158
7164
7169
7174
7180
7185
7190
7196
7201
7207
7212
7217
7223
7228
7233
7239
7244
7250
7255
7260
7266
7271
7276
7282
7287
7292
7298
7304
7310
7315
7320
7326
7331
7336
7342
7348
7353
7358
7364
7369
7374
7380
7385
7390
7396
7401
7406
7412
7417
7422
7428
7433
7438
7444
7449
7454
7460
7465
7470
7476
7481
7486
7492
7497
7502
7508
7513
7518
7523
7529
7534
7539
7545
7550
7555
7561
7566
7571
7577
7582
7587
7593
7598
7603
7609
7614
7619
7625
7630
7635
7641
7646
7652
7657
7662
7668
7673
7678
7683
7689
7694
7700
7705
7710
7716
7721
7726
7732
7737
7742
7748
7753
7759
7764
7769
7775
7780
7785
7791
7796
7801
7807
7812
7817
7823
7828
7834
7839
7844
7850
7855
7860
7866
7871
7877
7882
7887
7893
7898
7903
7909
7914
7919
7924
7930
7935
7940
7946
7951
7956
7962
7967
7972
7978
7983
7988
7994
7999
8004
8010
8015
8020
8026
8031
8036
8042
8047
8052
8058
8063
8068
8074
8079
8084
8090
8095
8100
8106
8111
8116
8121
8127
8132
8137
8143
8148
8153
8159
8164
8169
8175
8180
8185
8191
8196
8201
8206
8212
8217
8222
8228
8233
8238
8244
8249
8254
8259
8265
8270
8275
8281
8286
8291
8297
8302
8307
8312
8318
8323
8328
8334
8339
8344
8350
8355
8360
8366
8371
8377
8382
8387
8393
8398
8403
8409
8414
8419
8425
8430
8435
8441
8446
8451
8457
8462
8467
8473
8478
8483
8489
8494
8499
8505
8511
8516
8521
8527
8532
8537
8543
8548
8553
8559
8564
8569
8575
8580
8585
8591
8596
8601
8607
8612
8617
8623
8628
8633
8639
8644
8649
8655
8660
8665
8671
8676
8681
8687
8692
8697
8703
8708
8713
8719
8724
8729
8734
8740
8745
8750
8756
8761
8766
8772
8777
8782
8788
8793
8798
8804
8809
8814
8819
8825
8830
8835
8841
8846
8851
8857
8862
8867
8873
8878
8883
8889
8894
8901
8906
8911
8917
8922
8927
8932
8938
8943
8948
8954
8959
8964
8970
8975
8980
8986
8991
8996
9002
9007
9012
9018
9023
9028
9034
9039
9044
9050
9055
9060
9066
9071
9076
9082
9087
9092
9098
9103
9108
9114
9119
9124
9130
9135
9140
9146
9151
9156
9162
9167
9172
9178
9183
9188
9194
9199
9204
9210
9215
9220
9226
9231
9236
9242
9247
9252
9258
9263
9269
9274
9279
9285
9290
9295
9301
9306
9311
9317
9322
9327
9333
9338
9343
9348
9354
9359
9364
9370
9375
9380
9386
9391
9396
9402
9407
9412
9418
9423
9428
9434
9439
9444
9450
9455
9460
9465
9471
9476
9481
9487
9492
9498
9503
9509
9514
9520
9526
9532
9539
9545
9550
9556
9561
9567
9572
9578
9584
9589
9595
9600
9606
9611
9617
9622
9628
9633
9639
9644
9650
9656
9661
9666
9672
9677
9682
9688
9693
9698
9704
9709
9715
9720
9727
9732
9738
9743
9749
9754
9760
9765
9770
9775
9781
9786
9791
9796
9802
9807
9812
9818
9823
9828
9834
9839
9844
9850
9855
9861
9866
9872
9878
9884
9890
9896
9902
9908
9914
9920
9926
9932
9938
9943
9949
9954
9959
9964
9970
9975
9981
9986
9991
9997
10002
10007
10013
10018
10023
10028
10034
10039
10044
10050
10055
10060
10066
10071
10076
10082
10087
10092
10098
10103
10108
10114
10119
10124
10130
10135
10140
10146
10151
10157
10162
10167
10172
10178
10183
10188
10194
10199
10204
10210
10215
10221
10226
10231
10236
10242
10247
10252
10258
10263
10268
10274
10279
10285
10290
10295
10301
10306
10311
10317
10322
10327
10333
10338
10343
10348
10354
10359
10364
10370
10375
10381
10386
10391
10397
10402
10408
10413
10419
10424
10430
10435
10441
10446
10452
10457
10463
10468
10474
10479
10484
10490
10495
10500
10506
10511
10516
10522
10527
10532
10538
10543
10548
10554
10559
10564
10570
10575
10580
10586
10591
10596
10602
10607
10612
10618
10623
10628
10634
10639
10645
10650
10655
10660
10666
10671
10676
10682
10687
10692
10698
10703
10708
10713
10719
10724
10729
10735
10740
10745
10750
10756
10761
10766
10772
10777
10782
10788
10793
10798
10803
10809
10814
10819
10825
10830
10835
10841
10846
10851
10857
10862
10867
10873
10878
10883
10888
10894
10899
10904
10910
10915
10920
10926
10931
10936
10942
10947
10952
10958
10963
10968
10973
10979
10984
10989
10995
11000
11005
11011
11016
11021
11027
11032
11037
11042
11048
11053
11058
11064
11069
11074
11079
11085
11090
11095
11101
11106
11111
11116
11122
11127
11132
11138
11143
11148
11154
11159
11164
11170
11175
11180
11186
11191
11196
11202
11207
11212
11218
11223
11228
11234
11239
11244
11250
11255
11260
11266
11271
11276
11282
11287
11292
11298
11303
11308
11314
11319
11324
11330
11335
11340
11346
11351
11356
11362
11367
11372
11378
11383
11388
11394
11399
11405
11410
11416
11421
11427
11432
11438
11443
11449
11454
11459
11465
11470
11475
11481
11486
11491
11497
11502
11507
11513
11518
11523
11528
11534
11539
11544
11550
11555
11560
11566
11571
11576
11582
11587
11592
11598
11603
11608
11614
11619
11625
11630
11635
11641
11646
11651
11657
11662
11667
11673
11678
11683
11688
11694
11699
11704
11710
11715
11720
11726
11731
11736
11742
11747
11752
11758
11763
11768
11773
11779
11784
11789
11795
11800
11805
11811
11816
11821
11827
11832
11837
11842
11848
11853
11858
11864
11869
11874
11880
11885
11891
11896
11902
11907
11913
11918
11923
11929
11934
11939
11944
11950
11955
11960
11966
11971
11976
11982
11987
11992
11998
12003
12008
12013
12019
12024
12029
12035
12040
12046
12051
12056
12062
12067
12072
12078
12083
12088
12094
12099
12104
12109
12115
12120
12126
12131
12137
12142
12148
12153
12158
12164
12169
12175
12180
12186
12191
12196
12202
12207
12212
12218
12223
12228
12233
12239
12244
12249
12255
12260
12265
12271
12276
12281
12287
12292
12297
12302
12308
12313
12318
12324
12329
12334
12340
12345
12350
12356
12361
12366
12371
12377
12382
12387
12392
12398
12403
12408
12413
12419
12424
12429
12435
12440
12445
12451
12456
12461
12467
12472
12477
12483
12488
12493
12499
12504
12509
12514
12520
12525
12530
12536
12541
12546
12552
12557
12562
12568
12573
12578
12584
12589
12594
12599
12605
12610
12615
12621
12626
12631
12637
12642
12647
12653
12658
12663
12669
12674
12679
12685
12690
12695
12701
12706
12711
12716
12722
12727
12732
12738
12743
12748
12754
12759
12764
12770
12775
12780
12786
12791
12796
12802
12807
12812
12817
12823
12828
12833
12839
12844
12849
12855
12860
12865
12871
12876
12881
12887
12892
12897
12903
12908
12913
12919
12924
12929
12935
12940
12945
12951
12956
12961
12967
12972
12977
12983
12988
12993
12999
13004
13009
13015
13020
13025
13031
13036
13041
13047
13052
13057
13063
13068
13073
13078
13084
13089
13095
13100
13105
13111
13116
13121
13127
13132
13137
13143
13148
13153
13159
13164
13169
13175
13180
13185
13191
13196
13201
13207
13212
13217
13223
13228
13233
13239
13244
13249
13255
13260
13265
13271
13276
13281
13287
13292
13297
13303
13308
13313
13318
13324
13329
13334
13339
13345
13350
13355
13361
13366
13371
13377
13382
13387
13393
13398
13403
13408
13414
13419
13424
13430
13435
13440
13446
13451
13456
13462
13467
13472
13478
13483
13488
13494
13499
13504
13509
13515
13520
13525
13531
13536
13541
13547
13552
13557
13563
13568
13574
13579
13584
13590
13595
13600
13605
13611
13616
13622
13627
13632
13638
13643
13649
13654
13660
13665
13671
13676
13682
13687
13693
13698
13703
13709
13714
13720
13725
13731
13736
13742
13748
13753
13758
13764
13769
13774
13779
13785
13790
13795
13801
13806
13811
13817
13822
13827
13833
13838
13843
13849
13854
13859
13865
13870
13875
13881
13886
13891
13896
13902
13907
13912
13918
13923
13928
13934
13939
13944
13950
13955
13960
13966
13971
13976
13981
13987
13992
13999
14004
14010
14015
14020
14026
14031
14036
14042
14047
14052
14057
14063
14068
14073
14079
14084
14089
14095
14100
14105
14111
14116
14122
14127
14132
14138
14143
14148
14154
14159
14164
14170
14175
14181
14186
14191
14197
14202
14208
14213
14218
14224
14229
14234
14240
14245
14250
14256
14261
14266
14272
14277
14282
14288
14293
14298
14304
14309
14314
14320
14325
14330
14335
14341
14346
14351
14357
14362
14367
14373
14378
14383
14389
14394
14399
14404
14410
14415
14420
14426
14431
14436
14442
14447
14452
14458
14463
14468
14474
14479
14484
14490
14495
14504
14510
14516
14522
14527
14532
14538
14543
14548
14554
14559
14564
14570
14575
14580
14586
14591
14596
14602
14607
14612
14618
14623
14628
14634
14639
14644
14650
14655
14660
14666
14671
14676
14682
14687
14692
14698
14703
14708
14714
14719
14724
14730
14735
14740
14746
14751
14756
14762
14767
14772
14778
14783
14788
14794
14799
14804
14809
14815
14820
14825
14831
14836
14841
14847
14852
14857
14862
14871
14876
14882
14887
14892
14898
14903
14908
14914
14919
14924
14930
14935
14940
14946
14951
14956
14962
14967
14972
14978
14983
14988
14994
14999
15007
15014
15019
15025
15030
15035
15041
15046
15051
15056
15062
15067
15072
15078
15083
15088
15094
15099
15104
15110
15115
15120
15126
15131
15136
15141
15147
15152
15157
15163
15168
15173
15179
15184
15189
15195
15200
15205
15211
15216
15221
15227
15232
15238
15243
15248
15254
15259
15264
15270
15275
15280
15285
15291
15296
15301
15307
15312
15317
15323
15328
15334
15339
15344
15350
15355
15360
15366
15371
15376
15382
15387
15392
15398
15403
15408
15414
15419
15424
15429
15435
15440
15445
15451
15456
15461
15467
15472
15477
15482
15489
15494
15499
15504
15510
15515
15520
15526
15531
15536
15542
15547
15552
15557
15563
15569
15574
15580
15585
15590
15596
15601
15606
15611
15617
15622
15627
15633
15638
15643
15649
15654
15659
15665
15670
15675
15680
15686
15691
15697
15702
15708
15713
15718
15724
15729
15735
15740
15745
15751
15757
15762
15768
15773
15778
15783
15789
15794
15799
15805
15810
15815
15820
15826
15831
15836
15842
15847
15852
15858
15863
15868
15874
15879
15884
15889
15895
15900
15906
15911
15916
15921
15927
15932
15937
15943
15948
15954
15959
15964
15970
15975
15980
15986
15991
15996
16002
16007
16012
16017
16023
16028
16033
16039
16044
16049
16055
16060
16065
16070
16076
16081
16086
16092
16097
16102
16107
16113
16118
16123
16128
16134
16139
16144
16150
16155
16160
16166
16171
16176
16182
16187
16192
16198
16203
16208
16214
16219
16224
16230
16235
16241
16246
16251
16257
16262
16268
16273
16279
16284
16289
16295
16300
16306
16311
16316
16322
16327
16332
16338
16343
16348
16353
16359
16364
16369
16375
16380
16385
16391
16396
16401
16406
16412
16417
16422
16428
16433
16438
16444
16449
16454
16459
16465
16470
16476
16481
16486
16491
16497
16502
16507
16513
16518
16523
16528
16534
16539
16544
16550
16555
16560
16566
16571
16576
16582
16587
16592
16599
16604
16610
16615
16620
16626
16631
16636
16642
16647
16652
16658
16663
16668
16673
16679
16684
16689
16695
16700
16705
16710
16716
16721
16726
16732
16737
16742
16748
16753
16758
16763
16769
16774
16779
16785
16790
16795
16801
16806
16811
16816
16822
16827
16832
16838
16844
16849
16854
16860
16865
16870
16876
16881
16886
16892
16897
16902
16908
16913
16918
16923
16929
16934
16939
16945
16950
16955
16961
16966
16971
16977
16982
16987
16993
16998
17003
17009
17014
17019
17025
17030
17035
17040
17046
17051
17056
17062
17067
17072
17078
17083
17088
17094
17099
17104
17110
17115
17120
17126
17131
17136
17142
17147
17153
17158
17163
17169
17174
17179
17185
17190
17195
17200
17206
17211
17216
17222
17227
17232
17238
17243
17248
17254
17259
17267
17272
17278
17283
17289
17294
17300
17305
17310
17316
17321
17327
17332
17338
17343
17348
17354
17359
17365
17370
17376
17381
17387
17392
17398
17403
17409
17414
17419
17425
17430
17435
17441
17446
17451
17456
17462
17467
17473
17478
17484
17490
17496
17501
17507
17512
17518
17523
17528
17534
17539
17545
17550
17556
17562
17567
17572
17578
17583
17588
17594
17599
17604
17610
17615
17621
17627
17632
17638
17643
17648
17654
17659
17665
17670
17676
17681
17686
17692
17697
17703
17708
17714
17719
17725
17730
17735
17741
17746
17751
17757
17762
17767
17773
17778
17783
17788
17794
17799
17804
17810
17815
17820
17826
17831
17836
17842
17847
17852
17858
17863
17868
17874
17879
17884
17889
17895
17900
17905
17911
17916
17921
17927
17932
17937
17943
17948
17953
17959
17964
17970
17975
17980
17986
17991
17996
18002
18007
18012
18017
18023
18028
18033
18039
18044
18049
18055
18060
18065
18071
18076
18081
18087
18092
18097
18102
18108
18113
18118
18124
18129
18134
18139
18145
18150
18155
18161
18166
18171
18176
18182
18187
18192
18198
18203
18208
18214
18219
18224
18230
18235
18240
18246
18251
18256
18262
18267
18272
18278
18283
18288
18294
18299
18304
18310
18315
18320
18325
18331
18336
18342
18347
18352
18358
18363
18368
18374
18379
18384
18389
18395
18400
18405
18411
18416
18421
18427
18432
18437
18443
18448
18453
18459
18464
18469
18475
18480
18485
18491
18496
18501
18507
18512
18517
18523
18528
18533
18539
18544
18549
18555
18560
18565
18571
18576
18581
18586
18592
18597
18602
18608
18613
18618
18624
18629
18634
18639
18645
18650
18655
18661
18666
18671
18677
18682
18687
18692
18698
18703
18708
18714
18719
18724
18730
18735
18740
18746
18751
18756
18762
18767
18772
18778
18783
18788
18794
18799
18804
18810
18815
18820
18826
18831
18836
18842
18847
18852
18857
18863
18868
18873
18879
18884
18889
18894
18900
18905
18910
18916
18921
18926
18932
18937
18942
18947
18953
18958
18963
18969
18974
18979
18984
18990
18995
19000
19005
19011
19016
19021
19027
19032
19037
19043
19048
19053
19059
19064
19069
19074
19080
19085
19090
19096
19101
19106
19112
19117
19122
19127
19133
19138
19143
19149
19154
19159
19165
19170
19175
19181
19186
19191
19196
19202
19207
19212
19218
19223
19228
19234
19239
19244
19249
19255
19260
19265
19271
19276
19281
19287
19292
19297
19303
19308
19313
19319
19324
19329
19334
19340
19345
19351
19356
19362
19367
19372
19377
19383
19388
19393
19399
19404
19409
19415
19420
19425
19431
19436
19441
19447
19452
19457
19463
19468
19473
19478
19484
19489
19494
19500
19505
19510
19516
19521
19526
19532
19537
19542
19548
19553
19558
19564
19569
19574
19579
19585
19590
19595
19602
19607
19613
19619
19625
19630
19636
19641
19647
19652
19657
19663
19668
19673
19679
19684
19689
19695
19700
19705
19711
19716
19721
19727
19732
19738
19743
19748
19754
19759
19764
19770
19775
19780
19785
19791
19796
19801
19807
19812
19817
19823
19828
19833
19839
19844
19849
19855
19860
19865
19871
19876
19881
19886
19892
19897
19902
19907
19913
19918
19923
19928
19934
19939
19944
19949
19955
19960
19965
19970
19976
19981
19986
19992
19997
20002
20008
20013
20018
20024
20029
20034
20040
20045
20050
20055
20061
20066
20071
20077
20082
20087
20093
20098
20103
20109
20114
20119
20125
20130
20135
20140
20146
20151
20156
20162
20167
20173
20178
20183
20189
20194
20199
20205
20210
20215
20221
20226
20231
20237
20242
20247
20253
20258
20263
20269
20274
20279
20285
20290
20295
20300
20306
20311
20316
20322
20327
20332
20338
20343
20348
20354
20360
20365
20370
20376
20381
20386
20392
20397
20402
20407
20413
20418
20423
20429
20434
20439
20445
20450
20455
20460
20466
20471
20476
20482
20487
20492
20498
20503
20508
20514
20519
20524
20530
20535
20540
20546
20551
20556
20562
20567
20572
20577
20583
20588
20593
20599
20604
20609
20615
20620
20625
20631
20636
20641
20646
20652
20657
20662
20668
20673
20678
20687
20692
20698
20703
20708
20714
20719
20724
20730
20735
20740
20745
20751
20756
20761
20767
20772
20777
20782
20788
20793
20798
20804
20809
20814
20819
20825
20830
20835
20841
20846
20851
20857
20862
20867
20872
20878
20883
20888
20894
20899
20904
20910
20915
20920
20926
20931
20936
20942
20947
20952
20958
20963
20968
20974
20979
20984
20990
20995
21000
21006
21011
21016
21022
21027
21032
21038
21043
21048
21054
21059
21064
21070
21075
21080
21085
21091
21096
21101
21107
21112
21117
21123
21128
21133
21139
21144
21149
21155
21160
21166
21171
21176
21182
21187
21192
21197
21203
21208
21213
21219
21224
21229
21235
21240
21245
21251
21256
21261
21267
21272
21277
21283
21288
21293
21299
21304
21309
21314
21320
21325
21330
21336
21341
21346
21352
21357
21362
21368
21373
21378
21384
21389
21394
21399
21405
21410
21416
21422
21427
21432
21438
21443
21449
21454
21460
21465
21470
21476
21481
21486
21491
21497
21502
21507
21513
21518
21523
21528
21534
21539
21544
21550
21555
21560
21566
21571
21576
21581
21587
21592
21597
21603
21608
21613
21619
21624
21629
21635
21640
21645
21651
21656
21661
21666
21672
21677
21682
21688
21693
21698
21704
21709
21714
21720
21725
21730
21736
21741
21746
21751
21757
21762
21767
21773
21778
21783
21788
21794
21799
21804
21810
21815
21820
21826
21831
21836
21842
21847
21852
21858
21863
21868
21873
21879
21884
21889
21895
21900
21905
21911
21916
21921
21927
21932
21937
21943
21948
21953
21959
21964
21969
21975
21980
21985
21990
21996
22001
22006
22011
22017
22022
22027
22033
22038
22043
22049
22054
22059
22064
22070
22075
22080
22086
22091
22096
22102
22107
22112
22118
22123
22128
22134
22139
22144
22150
22155
22160
22165
22171
22176
22181
22187
22192
22197
22203
22208
22213
22219
22224
22229
22235
22240
22245
22250
22256
22261
22266
22272
22277
22282
22288
22293
22298
22303
22309
22314
22319
22325
22330
22335
22341
22346
22351
22357
22362
22367
22372
22378
22383
22388
22394
22399
22404
22409
22415
22420
22425
22430
22436
22441
22447
22452
22458
22463
22468
22474
22479
22484
22490
22495
22500
22506
22511
22516
22522
22527
22532
22537
22543
22548
22553
22559
22564
22569
22575
22580
22585
22591
22596
22601
22607
22612
22617
22622
22628
22633
22638
22644
22649
22654
22660
22665
22670
22676
22681
22686
22691
22697
22702
22707
22713
22718
22723
22729
22734
22739
22745
22750
22755
22761
22766
22771
22777
22782
22787
22793
22798
22803
22808
22814
22819
22824
22830
22835
22840
22846
22851
22856
22862
22867
22872
22878
22883
22888
22893
22899
22904
22909
22915
22920
22925
22931
22936
22941
22947
22952
22957
22963
22968
22973
22979
22984
22989
22995
23000
23005
23011
23016
23021
23027
23032
23037
23043
23048
23053
23059
23064
23069
23075
23080
23085
23090
23096
23101
23106
23112
23117
23122
23128
23133
23138
23144
23149
23154
23159
23165
23170
23175
23181
23186
23191
23197
23202
23207
23213
23218
23223
23229
23234
23239
23245
23250
23255
23261
23266
23271
23277
23282
23287
23293
23298
23303
23308
23314
23319
23324
23330
23335
23340
23346
23351
23356
23362
23367
23372
23378
23383
23388
23394
23399
23404
23410
23415
23420
23426
23431
23436
23442
23447
23452
23458
23463
23468
23474
23479
23484
23490
23495
23500
23506
23511
23516
23522
23527
23533
23539
23544
23549
23555
23560
23565
23570
23576
23581
23586
23591
23597
23602
23607
23613
23618
23623
23629
23634
23639
23645
23650
23655
23661
23666
23671
23676
23682
23687
23692
23698
23703
23708
23714
23719
23724
23730
23735
23740
23746
23751
23756
23761
23767
23772
23777
23783
23788
23793
23799
23804
23809
23815
23820
23825
23830
23836
23841
23846
23852
23857
23862
23867
23873
23878
23883
23889
23894
23899
23904
23910
23915
23920
23926
23931
23936
23942
23947
23952
23958
23963
23968
23974
23979
23984
23990
23995
24000
24006
24011
24016
24022
24027
24032
24038
24043
24048
24054
24059
24064
24070
24075
24080
24086
24091
24096
24102
24107
24112
24118
24123
24128
24133
24139
24144
24149
24155
24160
24165
24171
24176
24181
24187
24192
24197
24203
24208
24213
24219
24224
24229
24235
24240
24245
24250
24256
24261
24266
24272
24277
24282
24288
24293
24298
24304
24309
24314
24320
24325
24330
24336
24341
24346
24351
24357
24362
24367
24373
24378
24383
24388
24394
24399
24404
24410
24415
24420
24426
24431
24436
24442
24447
24452
24458
24463
24468
24474
24479
24485
24490
24496
24501
24506
24512
24517
24523
24528
24534
24539
24544
24550
24555
24560
24566
24571
24576
24582
24587
24592
24598
24603
24608
24613
24619
24624
24629
24635
24640
24645
24651
24656
24661
24667
24672
24677
24683
24688
24693
24699
24704
24709
24714
24720
24725
24730
24736
24741
24746
24752
24757
24762
24767
24773
24778
24783
24789
24794
24799
24805
24810
24815
24820
24826
24831
24836
24842
24847
24852
24858
24863
24868
24873
24879
24884
24889
24895
24900
24905
24911
24916
24921
24927
24932
24937
24943
24948
24953
24959
24964
24969
24974
24980
24985
24990
24996
25001
25006
25012
25017
25022
25027
25033
25038
25043
25049
25054
25059
25064
25070
25075
25080
25086
25091
25096
25102
25107
25113
25118
25123
25129
25134
25140
25145
25151
25156
25161
25167
25172
25178
25183
25189
25194
25199
25205
25210
25216
25221
25227
25232
25237
25243
25248
25254
25259
25264
25270
25275
25280
25286
25291
25296
25302
25307
25312
25318
25323
25328
25334
25339
25345
25350
25355
25361
25366
25372
25377
25383
25388
25393
25399
25404
25409
25415
25420
25425
25431
25436
25441
25447
25452
25457
25462
25468
25473
25478
25484
25489
25494
25500
25505
25510
25516
25521
25526
25531
25537
25542
25547
25553
25558
25563
25568
25574
25579
25584
25590
25595
25600
25606
25611
25616
25622
25627
25632
25638
25643
25648
25654
25659
25664
25669
25675
25680
25685
25691
25696
25701
25707
25712
25718
25723
25728
25733
25739
25744
25749
25755
25760
25766
25771
25777
25782
25787
25793
25798
25804
25809
25815
25820
25825
25831
25836
25842
25847
25852
25858
25863
25868
25874
25879
25884
25890
25895
25900
25906
25911
25916
25922
25928
25934
25940
25946
25952
25958
25964
25970
25976
25982
25988
25994
26000
26006
26012
26018
26024
26030
26036
26042
26047
26052
26058
26063
26068
26073
26079
26084
26089
26095
26100
26105
26111
26116
26121
26127
26132
26137
26143
26148
26156
26162
26167
26172
26178
26183
26188
26194
26199
26204
26209
26215
26220
26225
26231
26236
26241
26247
26252
26257
26263
26268
26273
26279
26284
26289
26295
26300
26305
26311
26316
26321
26327
26332
26337
26342
26348
26353
26358
26364
26369
26374
26380
26385
26390
26395
26401
26406
26411
26417
26422
26427
26433
26438
26443
26449
26454
26459
26464
26470
26475
26480
26486
26491
26496
26502
26507
26512
26518
26523
26528
26533
26539
26544
26549
26555
26560
26565
26571
26576
26581
26587
26592
26597
26603
26608
26613
26619
26624
26629
26635
26640
26645
26651
26656
26661
26666
26672
26677
26682
26688
26693
26698
26704
26709
26714
26719
26725
26730
26735
26741
26746
26751
26757
26762
26767
26772
26778
26783
26788
26794
26799
26804
26810
26815
26820
26826
26831
26836
26842
26847
26852
26857
26863
26868
26873
26879
26884
26889
26895
26900
26905
26911
26916
26921
26927
26932
26937
26943
26948
26953
26959
26964
26969
26975
26980
26985
26991
26996
27001
27007
27012
27017
27023
27028
27033
27039
27044
27049
27055
27060
27065
27071
27076
27081
27087
27092
27097
27103
27108
27113
27118
27124
27129
27134
27140
27145
27150
27156
27161
27166
27172
27177
27182
27188
27193
27198
27203
27209
27214
27219
27225
27230
27235
27241
27246
27251
27257
27262
27267
27272
27278
27283
27288
27294
27299
27304
27310
27315
27320
27326
27331
27336
27342
27347
27352
27358
27363
27368
27373
27379
27384
27389
27394
27400
27405
27410
27415
27421
27426
27431
27437
27442
27448
27453
27459
27464
27469
27475
27480
27486
27491
27497
27502
27507
27513
27518
27524
27529
27535
27540
27546
27551
27556
27562
27567
27572
27578
27583
27588
27594
27599
27604
27609
27615
27620
27626
27631
27636
27642
27647
27652
27657
27663
27668
27673
27679
27684
27689
27695
27700
27705
27710
27716
27721
27726
27731
27737
27742
27747
27753
27758
27763
27768
27774
27779
27784
27790
27795
27800
27806
27811
27816
27821
27827
27832
27837
27843
27848
27853
27858
27864
27869
27874
27880
27885
27890
27895
27901
27906
27911
27917
27922
27927
27932
27938
27943
27948
27954
27959
27964
27970
27975
27980
27985
27991
27996
28001
28007
28012
28017
28023
28028
28033
28039
28044
28049
28055
28060
28065
28070
28076
28081
28086
28092
28097
28102
28108
28113
28118
28123
28129
28134
28139
28145
28150
28155
28161
28166
28171
28176
28182
28187
28192
28198
28203
28208
28214
28219
28224
28230
28235
28240
28246
28251
28256
28262
28267
28272
28278
28283
28288
28294
28299
28304
28310
28315
28320
28326
28331
28336
28342
28347
28352
28358
28363
28368
28374
28379
28384
28390
28395
28400
28405
28411
28416
28421
28427
28432
28437
28443
28448
28453
28459
28464
28469
28474
28480
28485
28490
28496
28501
28506
28511
28517
28522
28527
28533
28538
28543
28548
28554
28559
28564
28570
28575
28580
28586
28591
28596
28601
28607
28612
28617
28623
28628
28634
28639
28644
28649
28655
28660
28665
28671
28676
28681
28687
28692
28697
28703
28708
28713
28718
28724
28729
28734
28740
28745
28750
28755
28761
28766
28771
28777
28782
28787
28793
28798
28803
28809
28814
28820
28825
28831
28836
28841
28847
28855
28860
28868
28874
28879
28884
28890
28895
28900
28906
28911
28916
28922
28927
28932
28938
28943
28948
28954
28959
28964
28969
28975
28981
28986
28992
28997
29003
29008
29014
29019
29024
29030
29035
29040
29046
29051
29057
29062
29067
29073
29078
29084
29089
29095
29100
29106
29111
29117
29122
29127
29133
29139
29144
29150
29155
29161
29166
29171
29177
29182
29187
29192
29198
29203
29208
29214
29219
29224
29230
29235
29240
29246
29251
29256
29261
29267
29272
29277
29283
29288
29293
29298
29304
29309
29314
29320
29325
29330
29335
29341
29346
29351
29356
29362
29367
29372
29378
29383
29388
29393
29399
29404
29409
29415
29421
29426
29431
29437
29442
29447
29452
29458
29463
29468
29474
29479
29484
29490
29495
29500
29505
29511
29516
29522
29527
29532
29538
29543
29548
29553
29559
29564
29569
29575
29580
29585
29591
29596
29601
29606
29612
29617
29622
29628
29633
29638
29644
29649
29655
29661
29667
29674
29679
29686
29692
29698
29704
29710
29715
29720
29726
29731
29736
29742
29747
29752
29757
29763
29768
29773
29779
29784
29789
29795
29800
29805
29810
29816
29821
29826
29832
29837
29842
29847
29853
29858
29863
29869
29874
29879
29884
29890
29895
29900
29906
29911
29916
29922
29927
29932
29937
29943
29948
29953
29959
29964
29969
29975
29980
29985
29991
29996
30001
30006
30012
30017
30022
30028
30033
30038
30044
30049
30054
30059
30065
30070
30075
30081
30086
30091
30097
30102
30107
30112
30118
30123
30128
30134
30139
30144
30150
30155
30160
30165
30171
30176
30181
30187
30192
30197
30203
30208
30213
30218
30224
30229
30234
30239
30245
30250
30259
30268
30274
30279
30284
30290
30295
30300
30306
30311
30316
30321
30327
30332
30337
30343
30348
30353
30358
30364
30369
30374
30380
30385
30390
30395
30401
30406
30412
30417
30422
30427
30433
30438
30443
30449
30454
30459
30464
30470
30475
30480
30486
30491
30496
30502
30507
30512
30517
30523
30528
30533
30539
30544
30549
30554
30560
30565
30570
30575
30581
30586
30591
30597
30602
30607
30612
30618
30623
30628
30634
30639
30644
30649
30655
30660
30665
30670
30676
30681
30686
30691
30697
30702
30707
30713
30718
30723
30728
30734
30739
30744
30749
30755
30760
30765
30771
30776
30781
30786
30792
30797
30802
30807
30813
30818
30823
30828
30834
30839
30844
30850
30855
30860
30865
30871
30876
30881
30886
30892
30897
30902
30908
30913
30918
30923
30929
30934
30939
30944
30950
30955
30960
30965
30971
30976
30981
30987
30992
30997
31002
31008
31013
31018
31024
31029
31034
31039
31045
31050
31055
31060
31066
31071
31076
31082
31087
31092
31097
31103
31108
31115
31120
31126
31131
31136
31141
31147
31152
31157
31163
31168
31173
31179
31184
31189
31194
31200
31205
31210
31215
31221
31226
31231
31236
31241
31247
31252
31257
31263
31268
31273
31279
31284
31289
31294
31300
31305
31310
31316
31321
31326
31331
31337
31342
31347
31353
31358
31363
31368
31374
31379
31384
31390
31395
31400
31405
31411
31416
31421
31427
31432
31437
31442
31448
31453
31458
31464
31469
31474
31479
31485
31490
31495
31501
31506
31511
31516
31522
31527
31532
31538
31543
31548
31554
31559
31564
31570
31575
31580
31586
31591
31596
31602
31607
31613
31618
31624
31629
31635
31640
31646
31651
31657
31662
31668
31673
31679
31684
31690
31695
31700
31706
31711
31716
31721
31727
31732
31737
31743
31748
31753
31758
31764
31770
31776
31781
31786
31791
31797
31802
31807
31813
31818
31823
31828
31834
31839
31844
31850
31855
31860
31866
31871
31876
31881
31887
31892
31897
31902
31908
31913
31918
31924
31929
31934
31939
31945
31950
31955
31961
31966
31971
31976
31982
31987
31992
31997
32003
32008
32013
32018
32024
32029
32034
32039
32045
32050
32055
32060
32066
32071
32076
32082
32087
32092
32097
32103
32108
32113
32118
32124
32129
32134
32140
32145
32150
32155
32161
32166
32171
32176
32182
32187
32192
32198
32203
32208
32213
32219
32224
32229
32234
32240
32245
32250
32256
32261
32266
32271
32277
32282
32287
32292
32298
32303
32308
32314
32319
32324
32330
32335
32340
32345
32351
32356
32361
32367
32372
32377
32382
32388
32393
32398
32403
32409
32414
32419
32425
32430
32435
32440
32446
32451
32456
32462
32467
32472
32477
32483
32488
32493
32499
32504
32509
32514
32520
32525
32530
32535
32541
32546
32551
32557
32562
32567
32572
32578
32583
32588
32593
32599
32604
32609
32615
32620
32625
32630
32636
32641
32646
32651
32657
32662
32667
32672
32678
32683
32688
32694
32699
32704
32709
32715
32720
32725
32731
32736
32741
32746
32752
32757
32762
32767
32773
32778
32783
32788
32794
32799
32804
32810
32815
32820
32825
32831
32836
32841
32847
32852
32857
32862
32868
32873
32878
32883
32889
32894
32899
32904
32910
32915
32920
32926
32931
32936
32942
32947
32952
32957
32963
32968
32973
32979
32984
32989
32994
33000
33005
33010
33016
33021
33026
33031
33037
33042
33047
33052
33058
33063
33068
33074
33079
33084
33090
33095
33100
33106
33111
33116
33121
33127
33132
33137
33143
33148
33153
33158
33164
33169
33174
33179
33185
33190
33195
33200
33206
33211
33216
33222
33227
33232
33238
33243
33248
33253
33259
33264
33269
33275
33280
33285
33290
33296
33301
33306
33311
33317
33322
33327
33333
33338
33343
33348
33354
33359
33364
33369
33375
33380
33385
33391
33396
33401
33406
33412
33417
33422
33427
33432
33438
33443
33448
33454
33459
33464
33469
33475
33480
33485
33491
33496
33501
33506
33512
33517
33522
33528
33533
33538
33543
33549
33554
33559
33564
33570
33575
33580
33586
33591
33596
33601
33607
33612
33617
33623
33628
33633
33639
33644
33650
33655
33661
33666
33672
33677
33682
33688
33693
33698
33703
33709
33714
33719
33724
33730
33735
33740
33746
33751
33756
33761
33767
33772
33777
33782
33788
33793
33798
33804
33809
33814
33819
33825
33830
33835
33840
33846
33851
33856
33862
33867
33872
33877
33883
33888
33894
33899
33904
33910
33915
33920
33926
33931
33936
33942
33947
33952
33957
33963
33968
33973
33979
33984
33989
33994
34000
34005
34010
34016
34021
34026
34031
34037
34042
34047
34053
34058
34063
34068
34074
34079
34084
34090
34095
34100
34105
34111
34116
34121
34127
34132
34137
34143
34148
34153
34158
34164
34169
34174
34180
34185
34190
34195
34201
34206
34211
34217
34222
34227
34232
34238
34243
34248
34254
34259
34264
34269
34275
34280
34285
34291
34296
34301
34307
34312
34317
34322
34328
34333
34338
34344
34349
34354
34359
34365
34370
34375
34381
34386
34391
34396
34402
34407
34412
34418
34423
34428
34434
34439
34444
34449
34455
34460
34465
34471
34476
34481
34487
34492
34497
34502
34508
34513
34518
34524
34529
34534
34540
34545
34550
34555
34561
34566
34571
34577
34582
34587
34592
34598
34603
34608
34614
34619
34624
34629
34635
34640
34645
34651
34656
34661
34667
34672
34677
34682
34688
34693
34698
34704
34709
34714
34720
34725
34730
34735
34741
34746
34751
34757
34762
34767
34772
34778
34783
34788
34794
34799
34804
34810
34815
34820
34825
34831
34836
34841
34847
34852
34857
34863
34868
34873
34878
34884
34889
34894
34900
34905
34910
34915
34921
34926
34931
34937
34942
34947
34952
34958
34963
34968
34974
34979
34984
34990
34995
35000
35006
35011
35016
35022
35027
35032
35038
35043
35048
35053
35059
35064
35069
35075
35080
35085
35091
35096
35101
35107
35112
35117
35122
35128
35133
35138
35143
35149
35154
35159
35165
35170
35175
35181
35186
35191
35196
35202
35207
35212
35218
35223
35228
35234
35239
35244
35250
35255
35260
35266
35271
35276
35281
35287
35292
35297
35303
35308
35313
35318
35324
35329
35334
35339
35345
35350
35355
35361
35366
35371
35377
35382
35387
35392
35398
35403
35408
35414
35419
35424
35429
35435
35440
35445
35451
35456
35461
35466
35472
35477
35482
35487
35493
35498
35503
35509
35514
35519
35524
35530
35535
35540
35546
35551
35556
35561
35567
35572
35577
35583
35588
35593
35598
35604
35609
35614
35620
35625
35630
35635
35641
35646
35651
35656
35662
35667
35672
35678
35683
35688
35693
35699
35704
35709
35715
35720
35725
35731
35736
35741
35746
35752
35757
35762
35768
35773
35778
35783
35789
35794
35799
35805
35810
35815
35820
35826
35831
35836
35842
35847
35852
35857
35863
35868
35873
35879
35884
35889
35895
35900
35905
35911
35917
35923
35929
35935
35941
35946
35951
35956
35962
35967
35972
35978
35983
35988
35994
35999
36004
36010
36015
36020
36025
36031
36036
36041
36047
36052
36057
36063
36068
36073
36078
36084
36089
36094
36100
36105
36110
36115
36121
36126
36131
36136
36142
36147
36152
36158
36163
36169
36174
36179
36185
36190
36195
36201
36206
36211
36217
36222
36227
36232
36238
36243
36249
36254
36259
36265
36270
36275
36281
36286
36291
36297
36302
36307
36313
36318
36323
36329
36334
36339
36345
36350
36356
36361
36366
36371
36377
36382
36387
36393
36398
36403
36408
36414
36419
36424
36430
36435
36440
36445
36451
36456
36461
36467
36472
36477
36483
36488
36493
36498
36505
36510
36515
36521
36526
36531
36536
36542
36547
36552
36557
36563
36568
36573
36579
36584
36589
36595
36600
36605
36610
36616
36621
36626
36631
36637
36642
36647
36652
36658
36663
36668
36674
36679
36684
36690
36695
36700
36706
36711
36716
36722
36727
36732
36738
36743
36748
36754
36759
36764
36770
36775
36780
36786
36791
36796
36802
36807
36812
36818
36824
36830
36836
36842
36848
36853
36859
36864
36869
36875
36880
36885
36891
36896
36901
36906
36912
36917
36922
36927
36933
36938
36943
36949
36954
36959
36964
36970
36975
36980
36986
36991
36996
37002
37007
37012
37018
37023
37028
37033
37039
37044
37049
37054
37060
37065
37070
37075
37081
37086
37091
37097
37102
37107
37112
37118
37123
37128
37134
37139
37144
37150
37155
37160
37166
37171
37176
37181
37187
37192
37197
37203
37208
37213
37219
37224
37229
37234
37240
37245
37250
37256
37261
37266
37271
37277
37282
37287
37293
37298
37303
37308
37314
37319
37324
37329
37335
37340
37345
37351
37356
37361
37366
37372
37377
37382
37387
37393
37398
37403
37409
37414
37419
37424
37430
37435
37440
37445
37451
37456
37461
37467
37472
37477
37483
37488
37493
37498
37504
37509
37514
37520
37525
37530
37535
37541
37546
37551
37557
37562
37568
37573
37578
37584
37589
37595
37600
37605
37611
37616
37621
37626
37632
37637
37642
37647
37653
37658
37663
37669
37674
37679
37684
37690
37695
37700
37706
37711
37716
37721
37727
37732
37737
37743
37748
37753
37758
37764
37769
37774
37779
37785
37790
37795
37801
37806
37811
37817
37822
37827
37832
37838
37843
37848
37854
37859
37864
37870
37875
37880
37885
37891
37896
37901
37907
37912
37917
37922
37928
37933
37938
37944
37949
37954
37959
37965
37970
37975
37980
37986
37991
37996
38002
38007
38012
38018
38023
38028
38033
38039
38044
38049
38054
38060
38065
38070
38076
38081
38086
38091
38097
38102
38107
38112
38118
38123
38128
38134
38139
38144
38150
38155
38160
38165
38171
38176
38181
38187
38192
38197
38202
38208
38213
38219
38224
38229
38235
38240
38246
38251
38256
38262
38267
38273
38278
38283
38289
38294
38299
38305
38310
38316
38321
38326
38332
38337
38342
38348
38353
38358
38364
38369
38374
38379
38385
38390
38395
38401
38406
38411
38417
38422
38427
38432
38438
38443
38448
38454
38459
38464
38469
38475
38480
38485
38491
38496
38501
38507
38512
38517
38522
38528
38533
38538
38544
38549
38554
38559
38565
38570
38575
38581
38586
38591
38596
38602
38607
38614
38619
38624
38630
38635
38640
38645
38651
38656
38661
38667
38672
38677
38682
38688
38693
38698
38704
38709
38714
38719
38725
38731
38736
38742
38747
38752
38757
38763
38768
38773
38779
38784
38789
38794
38800
38805
38810
38815
38821
38826
38831
38837
38842
38847
38852
38858
38863
38868
38873
38879
38884
38889
38895
38900
38905
38910
38916
38921
38926
38931
38937
38942
38947
38952
38958
38963
38968
38973
38979
38984
38989
38995
39000
39005
39010
39016
39021
39026
39031
39037
39042
39047
39052
39058
39063
39068
39074
39079
39084
39089
39095
39100
39105
39110
39116
39121
39126
39131
39137
39142
39147
39152
39158
39163
39168
39174
39179
39184
39189
39195
39200
39205
39211
39216
39221
39226
39232
39237
39242
39248
39253
39258
39263
39269
39274
39279
39284
39290
39295
39300
39306
39311
39316
39321
39327
39332
39337
39343
39348
39353
39358
39364
39369
39374
39379
39385
39390
39395
39400
39406
39411
39416
39422
39427
39432
39437
39443
39448
39453
39459
39464
39469
39474
39480
39485
39490
39496
39501
39506
39512
39517
39522
39528
39533
39538
39543
39549
39554
39559
39565
39570
39575
39581
39586
39591
39596
39602
39607
39612
39618
39623
39628
39634
39639
39644
39649
39655
39660
39665
39671
39676
39681
39686
39692
39697
39702
39708
39713
39718
39723
39729
39734
39739
39745
39750
39755
39760
39766
39771
39776
39782
39787
39792
39797
39803
39808
39813
39819
39824
39829
39834
39840
39845
39850
39856
39861
39866
39872
39877
39882
39887
39893
39898
39903
39908
39914
39919
39924
39930
39935
39940
39945
39951
39956
39961
39967
39972
39977
39982
39988
39993
39998
40004
40009
40014
40019
40025
40030
40035
40041
40046
40051
40056
40062
40067
40072
40077
40083
40088
40093
40099
40104
40109
40114
40120
40125
40130
40135
40141
40146
40151
40157
40162
40167
40172
40178
40183
40188
40193
40199
40204
40209
40215
40220
40225
40230
40236
40241
40246
40252
40257
40262
40267
40273
40278
40283
40289
40294
40299
40304
40310
40315
40320
40326
40331
40336
40341
40347
40352
40357
40363
40368
40373
40379
40384
40389
40394
40401
40407
40412
40417
40423
40428
40433
40438
40444
40449
40454
40460
40465
40470
40475
40481
40486
40491
40497
40502
40507
40513
40518
40523
40528
40534
40539
40544
40550
40555
40561
40566
40572
40577
40582
40588
40593
40599
40604
40610
40615
40621
40626
40632
40637
40642
40648
40653
40659
40664
40669
40675
40680
40685
40691
40696
40701
40706
40712
40717
40722
40728
40734
40739
40745
40750
40755
40760
40766
40771
40776
40782
40787
40792
40797
40803
40808
40813
40819
40824
40829
40835
40840
40845
40851
40856
40861
40866
40872
40877
40882
40888
40893
40898
40903
40909
40914
40919
40925
40930
40935
40940
40946
40951
40956
40962
40967
40972
40978
40983
40988
40994
40999
41004
41009
41015
41020
41025
41031
41036
41041
41046
41052
41057
41062
41068
41073
41078
41083
41089
41094
41099
41105
41110
41115
41120
41126
41135
41140
41146
41151
41156
41161
41167
41172
41177
41183
41188
41193
41199
41204
41209
41214
41220
41225
41230
41236
41241
41246
41251
41257
41262
41267
41273
41278
41283
41288
41294
41299
41304
41310
41315
41320
41326
41331
41336
41342
41347
41352
41358
41363
41369
41374
41379
41385
41390
41396
41401
41406
41412
41417
41423
41428
41433
41439
41444
41450
41455
41460
41466
41471
41476
41482
41487
41493
41498
41503
41509
41514
41520
41525
41530
41536
41541
41546
41551
41557
41562
41567
41572
41578
41583
41588
41593
41599
41604
41609
41615
41620
41625
41631
41636
41641
41646
41652
41657
41662
41668
41673
41678
41683
41689
41694
41699
41705
41710
41715
41720
41726
41731
41737
41742
41747
41753
41758
41763
41769
41774
41779
41784
41790
41795
41800
41806
41811
41816
41821
41827
41832
41837
41843
41848
41853
41858
41864
41869
41874
41880
41885
41890
41895
41901
41906
41911
41916
41922
41927
41932
41937
41943
41948
41953
41959
41964
41969
41974
41980
41985
41990
41996
42001
42006
42011
42017
42022
42027
42032
42038
42043
42048
42054
42059
42064
42069
42075
42080
42085
42090
42096
42101
42106
42112
42117
42122
42127
42133
42138
42143
42148
42154
42159
42164
42169
42175
42180
42185
42190
42196
42201
42206
42211
42217
42222
42227
42232
42238
42243
42248
42253
42259
42264
42269
42275
42280
42285
42290
42296
42301
42306
42311
42317
42322
42327
42332
42338
42343
42348
42353
42359
42364
42369
42375
42380
42385
42390
42396
42401
42406
42412
42417
42422
42427
42433
42438
42443
42449
42454
42459
42464
42470
42475
42480
42486
42491
42496
42501
42507
42512
42517
42523
42528
42533
42538
42544
42549
42554
42560
42565
42570
42575
42581
42586
42591
42597
42602
42607
42612
42618
42623
42628
42634
42639
42644
42649
42655
42660
42665
42671
42676
42681
42687
42692
42697
42703
42708
42713
42718
42724
42729
42734
42740
42745
42750
42755
42761
42766
42771
42777
42782
42787
42792
42798
42803
42808
42814
42819
42824
42830
42835
42840
42846
42851
42856
42862
42867
42872
42878
42883
42888
42894
42899
42905
42910
42915
42921
42926
42932
42937
42943
42948
42953
42958
42964
42969
42974
42980
42985
42990
42995
43001
43006
43011
43016
43022
43027
43032
43038
43043
43048
43053
43059
43064
43069
43074
43080
43085
43090
43096
43101
43106
43111
43117
43122
43127
43133
43138
43143
43148
43154
43159
43164
43169
43175
43180
43185
43191
43196
43201
43207
43212
43217
43222
43228
43233
43238
43244
43249
43254
43259
43265
43270
43275
43281
43286
43291
43297
43302
43307
43312
43318
43323
43328
43334
43339
43344
43349
43355
43360
43365
43371
43376
43381
43386
43392
43397
43402
43408
43413
43418
43423
43429
43434
43439
43444
43450
43455
43460
43465
43471
43476
43481
43486
43491
43497
43502
43507
43513
43518
43523
43528
43534
43539
43544
43549
43555
43560
43565
43570
43576
43581
43586
43592
43597
43602
43607
43613
43618
43623
43629
43634
43639
43644
43650
43655
43660
43666
43671
43676
43682
43687
43692
43697
43703
43709
43714
43720
43725
43730
43735
43741
43746
43751
43757
43762
43767
43772
43778
43783
43788
43794
43799
43804
43809
43815
43820
43825
43831
43836
43841
43846
43852
43857
43862
43868
43874
43880
43886
43892
43897
43903
43908
43913
43919
43924
43929
43935
43940
43945
43951
43956
43961
43967
43972
43977
43982
43988
43993
43998
44004
44009
44014
44019
44025
44030
44035
44041
44046
44051
44057
44062
44067
44072
44078
44083
44088
44093
44099
44104
44109
44114
44120
44125
44130
44136
44141
44146
44151
44157
44162
44167
44173
44178
44183
44188
44194
44199
44204
44210
44215
44220
44225
44231
44236
44241
44247
44252
44257
44263
44268
44273
44278
44284
44289
44294
44300
44305
44310
44315
44321
44326
44331
44336
44342
44347
44352
44357
44363
44368
44373
44379
44384
44389
44394
44399
44405
44410
44415
44420
44425
44431
44436
44441
44446
44452
44457
44462
44468
44473
44478
44483
44489
44494
44499
44505
44510
44515
44520
44526
44531
44536
44542
44547
44552
44557
44563
44568
44573
44579
44584
44589
44594
44600
44605
44610
44615
44621
44626
44631
44637
44642
44647
44652
44658
44663
44668
44674
44679
44684
44689
44695
44700
44705
44711
44716
44721
44727
44732
44737
44742
44748
44753
44758
44763
44769
44774
44779
44785
44790
44795
44800
44806
44811
44816
44822
44827
44832
44837
44843
44848
44853
44859
44864
44869
44874
44880
44885
44890
44896
44901
44906
44911
44917
44922
44927
44933
44938
44943
44948
44954
44959
44964
44970
44975
44980
44985
44991
44996
45001
45007
45012
45017
45022
45028
45033
45038
45044
45049
45054
45059
45065
45070
45075
45081
45086
45091
45096
45102
45107
45112
45118
45123
45128
45134
45139
45144
45149
45155
45160
45165
45171
45176
45181
45186
45192
45197
45202
45207
45213
45218
45223
45229
45234
45239
45244
45250
45255
45260
45266
45271
45276
45281
45287
45292
45297
45302
45308
45313
45318
45323
45329
45334
45339
45344
45350
45355
45360
45366
45371
45376
45381
45387
45392
45397
45403
45408
45413
45418
45424
45429
45434
45440
45445
45450
45455
45461
45466
45471
45476
45482
45487
45492
45498
45503
45508
45513
45519
45524
45529
45535
45540
45545
45551
45556
45561
45566
45572
45577
45582
45587
45593
45598
45603
45609
45614
45619
45625
45630
45635
45640
45646
45651
45656
45662
45667
45672
45678
45683
45688
45694
45699
45704
45709
45715
45720
45725
45730
45736
45741
45746
45752
45757
45762
45767
45773
45778
45783
45789
45794
45799
45804
45810
45815
45820
45826
45831
45836
45842
45847
45853
45858
45863
45869
45874
45879
45885
45890
45895
45900
45906
45911
45916
45922
45927
45932
45938
45943
45948
45953
45959
45964
45969
45975
45980
45985
45991
45996
46001
46007
46012
46017
46022
46028
46033
46038
46044
46049
46054
46059
46065
46070
46075
46081
46086
46091
46096
46102
46107
46112
46118
46123
46128
46133
46139
46144
46149
46155
46160
46165
46171
46176
46182
46187
46192
46198
46203
46209
46214
46219
46225
46230
46235
46241
46246
46252
46257
46262
46268
46273
46279
46284
46289
46295
46300
46306
46311
46316
46322
46327
46332
46338
46343
46349
46354
46359
46365
46370
46376
46381
46386
46392
46397
46403
46408
46413
46419
46424
46430
46435
46440
46446
46451
46456
46462
46467
46473
46478
46483
46489
46494
46500
46505
46510
46516
46521
46527
46532
46538
46543
46549
46554
46559
46565
46570
46576
46581
46587
46592
46598
46603
46609
46614
46619
46625
46630
46636
46641
46646
46652
46657
46662
46667
46673
46678
46683
46689
46694
46699
46704
46710
46715
46720
46726
46731
46736
46741
46747
46752
46757
46763
46768
46773
46778
46784
46789
46794
46799
46805
46810
46815
46821
46826
46831
46836
46842
46847
46852
46858
46863
46868
46873
46879
46884
46889
46894
46900
46905
46910
46915
46921
46926
46931
46937
46942
46947
46952
46958
46963
46968
46974
46979
46984
46990
46995
47000
47005
47011
47016
47021
47026
47032
47037
47042
47047
47053
47058
47063
47069
47074
47079
47084
47090
47095
47100
47106
47111
47116
47121
47127
47132
47137
47142
47148
47153
47158
47164
47169
47174
47179
47185
47190
47195
47200
47206
47211
47216
47221
47227
47232
47237
47243
47248
47253
47259
47264
47269
47274
47280
47285
47290
47295
47301
47306
47311
47317
47322
47327
47332
47338
47343
47348
47354
47359
47364
47370
47375
47380
47385
47391
47396
47401
47407
47412
47417
47423
47428
47433
47438
47444
47449
47454
47460
47465
47470
47475
47481
47486
47491
47499
47504
47510
47515
47520
47525
47531
47536
47541
47547
47552
47557
47562
47568
47573
47578
47583
47589
47594
47599
47604
47610
47615
47620
47626
47631
47636
47641
47647
47652
47657
47663
47668
47673
47678
47684
47689
47694
47699
47705
47710
47715
47720
47726
47731
47736
47742
47747
47752
47757
47763
47768
47773
47778
47784
47789
47794
47799
47805
47810
47815
47820
47826
47831
47836
47842
47847
47852
47857
47862
47867
47873
47878
47883
47888
47894
47899
47904
47909
47915
47920
47925
47931
47936
47941
47946
47952
47957
47962
47967
47973
47978
47983
47988
47994
47999
48004
48010
48015
48020
48025
48031
48036
48041
48047
48052
48057
48062
48068
48073
48078
48083
48089
48094
48099
48104
48110
48115
48120
48126
48131
48136
48141
48147
48152
48157
48162
48168
48173
48178
48184
48189
48194
48199
48205
48210
48215
48220
48226
48231
48236
48242
48247
48252
48257
48263
48268
48273
48279
48284
48289
48294
48300
48305
48310
48315
48321
48326
48331
48336
48342
48347
48352
48357
48363
48368
48373
48379
48384
48389
48394
48400
48405
48410
48415
48421
48426
48431
48436
48442
48447
48452
48458
48463
48468
48473
48479
48484
48489
48495
48500
48505
48510
48516
48521
48526
48531
48537
48542
48547
48553
48558
48563
48568
48574
48579
48584
48589
48595
48600
48605
48611
48616
48621
48627
48632
48637
48642
48648
48653
48658
48664
48669
48674
48679
48685
48690
48695
48700
48706
48711
48716
48722
48727
48732
48738
48743
48748
48753
48759
48764
48769
48775
48780
48785
48790
48796
48801
48806
48812
48817
48822
48827
48833
48838
48843
48849
48854
48859
48864
48870
48875
48880
48885
48891
48896
48901
48907
48912
48917
48922
48928
48933
48938
48944
48949
48954
48959
48965
48970
48975
48981
48986
48991
48996
49002
49007
49012
49017
49023
49028
49033
49039
49044
49049
49054
49060
49065
49070
49076
49081
49086
49091
49097
49102
49107
49113
49118
49124
49129
49134
49140
49145
49150
49155
49161
49166
49171
49176
49182
49187
49192
49198
49203
49208
49213
49219
49224
49230
49235
49240
49246
49251
49256
49262
49267
49273
49278
49283
49289
49294
49300
49305
49310
49316
49321
49326
49332
49337
49343
49348
49354
49359
49364
49370
49375
49381
49386
49391
49397
49402
49408
49413
49418
49424
49429
49434
49440
49445
49450
49455
49461
49466
49471
49477
49482
49487
49492
49498
49503
49508
49514
49519
49525
49530
49535
49541
49546
49552
49557
49562
49567
49573
49578
49583
49588
49594
49599
49604
49610
49615
49620
49626
49631
49636
49641
49647
49652
49658
49664
49670
49676
49682
49688
49694
49700
49706
49712
49718
49724
49729
49735
49740
49746
49752
49758
49764
49769
49775
49780
49785
49791
49796
49802
49807
49812
49817
49823
49828
49833
49839
49844
49849
49854
49860
49865
49870
49875
49881
49886
49891
49896
49902
49907
49912
49917
49923
49928
49933
49939
49944
49949
49954
49960
49965
49970
49975
49981
49986
49991
49997
50002
50007
50012
50018
50023
50028
50033
50039
50044
50049
50055
50060
50065
50070
50076
50081
50086
50091
50097
50102
50107
50113
50118
50123
50128
50134
50139
50144
50149
50155
50160
50165
50170
50176
50181
50186
50191
50197
50202
50207
50213
50218
50223
50228
50234
50239
50244
50249
50255
50260
50265
50271
50276
50281
50286
50292
50297
50302
50308
50313
50318
50323
50329
50334
50339
50344
50350
50355
50360
50365
50371
50376
50381
50387
50392
50397
50402
50408
50413
50418
50423
50429
50434
50439
50444
50450
50455
50460
50465
50471
50476
50481
50487
50492
50497
50502
50508
50513
50518
50523
50529
50534
50539
50544
50550
50555
50560
50565
50571
50576
50581
50586
50592
50597
50602
50608
50613
50618
50623
50629
50634
50639
50645
50650
50655
50660
50666
50671
50676
50682
50687
50692
50697
50703
50708
50713
50719
50724
50729
50734
50740
50745
50750
50756
50761
50766
50771
50777
50782
50787
50792
50797
50803
50808
50813
50818
50824
50829
50834
50839
50845
50850
50855
50860
50866
50871
50876
50881
50887
50892
50897
50903
50908
50913
50919
50925
50930
50935
50941
50946
50951
50956
50962
50967
50972
50978
50983
50988
50993
50999
51004
51009
51015
51020
51025
51030
51036
51041
51046
51051
51057
51062
51067
51072
51078
51083
51088
51094
51099
51104
51109
51115
51120
51125
51131
51136
51141
51147
51152
51157
51162
51168
51173
51178
51184
51190
51195
51200
51205
51211
51216
51221
51227
51232
51237
51242
51248
51253
51258
51264
51269
51274
51279
51285
51290
51295
51300
51306
51311
51316
51322
51327
51332
51338
51343
51348
51353
51359
51364
51369
51375
51380
51385
51390
51396
51401
51406
51412
51417
51422
51427
51433
51438
51443
51449
51454
51459
51464
51470
51475
51480
51486
51491
51496
51501
51507
51512
51517
51523
51528
51533
51538
51544
51549
51554
51560
51565
51570
51575
51581
51586
51591
51597
51602
51607
51613
51618
51623
51628
51634
51639
51644
51650
51655
51660
51665
51671
51676
51681
51687
51692
51697
51703
51708
51713
51718
51724
51729
51734
51739
51745
51750
51755
51761
51766
51771
51776
51782
51787
51792
51798
51803
51808
51814
51819
51824
51829
51835
51840
51845
51851
51856
51861
51867
51872
51877
51883
51888
51893
51898
51904
51909
51914
51920
51925
51930
51936
51941
51946
51951
51957
51962
51967
51973
51978
51983
51988
51994
51999
52004
52010
52015
52020
52025
52031
52036
52041
52047
52052
52057
52063
52068
52073
52078
52084
52089
52094
52100
52105
52110
52116
52121
52126
52131
52137
52142
52147
52152
52158
52163
52168
52174
52179
52184
52190
52195
52200
52205
52211
52216
52221
52227
52232
52237
52242
52248
52253
52258
52264
52269
52274
52279
52285
52290
52295
52301
52306
52311
52316
52322
52327
52332
52338
52343
52349
52354
52360
52365
52371
52376
52381
52387
52392
52398
52403
52409
52414
52419
52425
52430
52436
52441
52447
52452
52458
52463
52469
52474
52479
52485
52490
52495
52500
52506
52511
52516
52521
52527
52532
52537
52543
52548
52553
52559
52564
52569
52574
52580
52585
52590
52596
52601
52606
52612
52617
52622
52627
52633
52638
52643
52648
52654
52659
52664
52670
52675
52680
52686
52691
52696
52702
52707
52712
52718
52723
52729
52734
52740
52746
52752
52759
52765
52771
52777
52783
52789
52795
52801
52807
52814
52820
52826
52832
52838
52845
52851
52857
52863
52868
52874
52879
52884
52890
52895
52901
52906
52911
52917
52922
52928
52933
52939
52944
52950
52955
52960
52966
52971
52977
52982
52987
52993
52998
53003
53008
53014
53019
53024
53029
53035
53040
53045
53051
53056
53061
53066
53072
53077
53082
53087
53093
53098
53103
53109
53114
53119
53124
53130
53135
53140
53145
53151
53156
53161
53167
53172
53177
53182
53187
53193
53198
53203
53209
53214
53219
53224
53230
53235
53240
53245
53251
53256
53261
53267
53272
53277
53282
53288
53293
53298
53304
53309
53314
53319
53325
53330
53335
53341
53346
53351
53356
53362
53367
53372
53378
53383
53388
53393
53399
53404
53409
53415
53420
53425
53430
53436
53441
53446
