time (ms)
0
8
15
21
26
32
38
43
49
54
60
65
71
76
82
87
93
98
105
112
118
123
129
134
140
145
151
156
162
169
174
180
185
191
196
202
207
213
219
224
230
235
241
246
252
258
263
269
274
280
286
291
297
302
308
313
319
324
330
335
341
346
352
358
363
369
374
380
385
390
396
401
407
412
418
423
429
434
440
445
451
456
462
467
473
479
484
490
495
500
506
511
517
522
528
533
539
544
550
555
561
566
571
577
582
588
593
599
604
610
615
621
626
632
637
643
648
654
659
665
670
676
681
687
693
698
704
709
715
721
726
732
737
743
748
754
759
765
770
776
781
787
792
798
803
809
814
820
825
831
836
841
847
852
858
863
869
874
880
885
890
896
901
907
912
918
923
929
934
940
945
951
956
962
967
973
978
984
989
995
1000
1006
1011
1017
1022
1028
1033
1039
1044
1050
1055
1061
1067
1073
1079
1085
1091
1097
1103
1109
1115
1121
1127
1133
1139
1145
1150
1156
1162
1167
1173
1178
1184
1190
1195
1201
1206
1212
1218
1223
1229
1234
1240
1246
1252
1258
1264
1270
1276
1282
1287
1293
1298
1303
1309
1314
1320
1325
1331
1336
1341
1347
1352
1358
1363
1369
1374
1380
1385
1390
1396
1402
1407
1413
1419
1424
1430
1436
1441
1446
1452
1457
1463
1468
1473
1479
1484
1490
1495
1500
1506
1511
1517
1522
1527
1533
1538
1544
1549
1555
1560
1565
1571
1576
1582
1587
1592
1598
1603
1609
1614
1619
1625
1630
1636
1641
1646
1652
1657
1663
1668
1673
1679
1684
1690
1695
1700
1706
1711
1717
1722
1727
1733
1738
1744
1749
1754
1760
1765
1771
1776
1782
1787
1793
1798
1807
1812
1818
1823
1829
1834
1840
1845
1850
1856
1861
1866
1872
1877
1883
1888
1893
1899
1904
1910
1915
1921
1926
1932
1937
1942
1948
1953
1958
1964
1969
1975
1980
1985
1991
1997
2003
2008
2014
2020
2026
2032
2038
2043
2049
2054
2059
2065
2070
2076
2081
2086
2093
2098
2104
2109
2115
2120
2138
2143
2149
2154
2163
2168
2174
2179
2185
2190
2195
2201
2206
2211
2217
2222
2228
2233
2238
2244
2249
2254
2260
2266
2271
2277
2282
2287
2293
2298
2303
2309
2314
2319
2325
2330
2335
2341
2346
2352
2357
2362
2368
2373
2378
2384
2389
2394
2400
2405
2410
2416
2421
2426
2432
2437
2443
2448
2453
2459
2464
2470
2475
2480
2486
2491
2496
2502
2507
2512
2518
2523
2528
2534
2539
2544
2550
2555
2560
2566
2571
2577
2582
2587
2593
2598
2603
2609
2614
2619
2625
2630
2635
2641
2646
2651
2657
2662
2667
2673
2678
2683
2689
2694
2699
2705
2710
2716
2721
2727
2732
2738
2743
2748
2754
2759
2765
2770
2776
2781
2786
2792
2799
2805
2810
2816
2821
2827
2832
2838
2843
2849
2855
2860
2865
2871
2876
2881
2887
2892
2898
2903
2909
2914
2919
2925
2930
2935
2941
2946
2951
2957
2962
2968
2973
2978
2984
2989
2994
3000
3007
3013
3018
3023
3029
3034
3040
3045
3051
3056
3061
3067
3072
3078
3083
3088
3094
3099
3104
3110
3115
3121
3126
3131
3137
3142
3147
3153
3158
3163
3169
3174
3179
3185
3190
3196
3201
3206
3211
3217
3222
3227
3233
3238
3244
3249
3254
3260
3265
3270
3276
3281
3287
3292
3297
3303
3308
3313
3319
3324
3329
3335
3340
3346
3351
3356
3362
3367
3372
3378
3383
3388
3394
3399
3404
3410
3415
3421
3426
3431
3437
3442
3447
3453
3458
3463
3469
3474
3480
3485
3490
3496
3502
3508
3513
3518
3524
3530
3535
3540
3546
3551
3557
3562
3568
3573
3579
3584
3593
3598
3604
3609
3615
3620
3625
3631
3636
3642
3647
3652
3658
3663
3668
3674
3680
3686
3691
3696
3702
3707
3713
3718
3724
3729
3734
3740
3745
3750
3756
3761
3766
3772
3777
3783
3788
3793
3799
3804
3809
3815
3820
3826
3831
3836
3842
3847
3853
3858
3864
3870
3875
3880
3886
3891
3897
3902
3907
3913
3918
3923
3929
3934
3939
3945
3950
3955
3961
3966
3971
3977
3982
3987
3993
3998
4004
4009
4014
4020
4025
4030
4036
4041
4047
4052
4057
4063
4068
4074
4079
4084
4090
4095
4100
4106
4111
4116
4122
4127
4132
4138
4143
4149
4154
4159
4165
4170
4175
4180
4186
4191
4197
4202
4207
4213
4218
4223
4229
4234
4240
4245
4251
4256
4262
4267
4272
4278
4283
4288
4294
4299
4304
4310
4315
4320
4326
4331
4337
4342
4347
4353
4358
4363
4369
4374
4379
4385
4390
4395
4401
4406
4411
4417
4422
4428
4433
4438
4444
4449
4455
4460
4465
4471
4476
4481
4487
4492
4498
4503
4509
4514
4519
4525
4530
4535
4541
4546
4551
4557
4562
4568
4573
4578
4584
4589
4594
4600
4605
4610
4616
4621
4626
4632
4637
4643
4648
4653
4659
4664
4669
4675
4680
4686
4691
4696
4702
4707
4713
4718
4724
4729
4735
4740
4746
4751
4756
4762
4767
4773
4778
4783
4789
4794
4799
4805
4810
4816
4822
4827
4833
4838
4843
4849
4854
4860
4865
4871
4877
4882
4888
4893
4898
4904
4909
4915
4920
4925
4931
4936
4942
4947
4952
4958
4963
4969
4974
4980
4985
4991
4996
5002
5007
5013
5018
5024
5029
5035
5040
5046
5051
5057
5063
5068
5074
5079
5085
5090
5096
5101
5107
5112
5118
5123
5128
5134
5139
5144
5150
5155
5160
5166
5171
5176
5182
5187
5193
5198
5204
5209
5215
5220
5226
5231
5237
5242
5248
5253
5258
5264
5269
5275
5280
5286
5291
5297
5302
5308
5313
5319
5324
5330
5335
5340
5346
5351
5356
5362
5367
5373
5378
5383
5389
5394
5399
5405
5410
5415
5421
5426
5431
5437
5442
5448
5453
5458
5464
5469
5474
5479
5485
5490
5495
5501
5506
5511
5517
5522
5527
5532
5538
5543
5548
5554
5559
5564
5570
5575
5580
5586
5591
5596
5602
5607
5613
5618
5623
5629
5634
5639
5645
5650
5655
5661
5666
5672
5677
5684
5689
5695
5700
5706
5711
5717
5722
5728
5733
5739
5744
5750
5755
5761
5766
5772
5783
5788
5793
5799
5804
5810
5815
5821
5826
5832
5837
5843
5849
5854
5860
5865
5871
5876
5882
5887
5893
5898
5904
5909
5914
5920
5925
5930
5936
5941
5946
5952
5957
5963
5968
5973
5979
5984
5989
5995
6000
6005
6011
6016
6022
6027
6033
6038
6043
6049
6054
6059
6065
6070
6075
6081
6086
6091
6096
6102
6107
6112
6118
6123
6128
6134
6139
6144
6150
6155
6160
6166
6171
6176
6182
6187
6192
6198
6203
6208
6214
6219
6224
6230
6235
6240
6246
6251
6256
6262
6267
6272
6278
6283
6288
6294
6299
6304
6310
6315
6320
6326
6331
6336
6342
6347
6352
6358
6363
6368
6374
6379
6384
6390
6395
6400
6406
6411
6416
6422
6427
6432
6438
6443
6449
6454
6459
6465
6470
6475
6481
6486
6491
6497
6502
6508
6513
6518
6524
6529
6534
6540
6545
6550
6556
6561
6566
6572
6577
6582
6588
6593
6598
6604
6609
6614
6620
6625
6631
6636
6641
6647
6652
6658
6663
6668
6674
6679
6684
6690
6695
6701
6706
6711
6717
6722
6728
6734
6739
6744
6750
6755
6761
6766
6771
6777
6782
6787
6793
6798
6803
6809
6814
6820
6825
6830
6836
6841
6846
6852
6857
6862
6868
6873
6878
6884
6889
6894
6900
6905
6913
6918
6923
6929
6934
6939
6945
6950
6955
6961
6966
6971
6977
6982
6988
6993
6998
7004
7009
7014
7020
7025
7030
7035
7041
7046
7051
7057
7062
7068
7073
7078
7083
7089
7094
7099
7105
7110
7115
7121
7126
7131
7137
7142
7148
7154
7160
7166
7172
7178
7183
7189
7195
7201
7207
7212
7218
7223
7228
7234
7239
7244
7250
7255
7260
7266
7271
7277
7282
7287
7293
7298
7303
7309
7314
7319
7325
7332
7338
7343
7348
7354
7359
7364
7370
7375
7380
7386
7391
7396
7402
7407
7412
7418
7423
7428
7433
7439
7444
7449
7455
7460
7466
7471
7477
7482
7488
7494
7499
7505
7510
7515
7521
7526
7531
7537
7542
7547
7553
7558
7563
7569
7574
7580
7585
7590
7596
7601
7606
7612
7617
7622
7627
7633
7638
7643
7649
7654
7660
7665
7670
7675
7681
7686
7691
7697
7702
7708
7713
7719
7724
7729
7735
7740
7745
7751
7756
7761
7767
7772
7777
7783
7788
7794
7799
7804
7810
7815
7821
7826
7831
7837
7842
7847
7853
7858
7863
7869
7874
7879
7885
7890
7895
7901
7906
7911
7917
7922
7927
7933
7938
7943
7949
7954
7959
7965
7970
7975
7981
7986
7991
7997
8002
8007
8013
8018
8023
8029
8034
8039
8044
8050
8055
8060
8066
8071
8076
8082
8087
8092
8098
8103
8108
8114
8119
8124
8130
8136
8141
8147
8152
8158
8163
8169
8174
8180
8185
8191
8196
8202
8207
8212
8218
8223
8228
8234
8239
8244
8250
8255
8260
8266
8271
8276
8282
8287
8292
8298
8303
8308
8314
8319
8324
8330
8335
8340
8346
8351
8356
8362
8367
8372
8378
8383
8389
8394
8399
8405
8410
8415
8421
8426
8432
8437
8442
8448
8453
8459
8464
8469
8475
8480
8486
8491
8496
8502
8507
8512
8518
8523
8529
8534
8540
8545
8551
8556
8561
8567
8572
8578
8583
8589
8594
8600
8605
8611
8616
8622
8627
8632
8638
8643
8648
8654
8659
8664
8670
8675
8680
8686
8691
8696
8702
8707
8712
8718
8723
8728
8734
8739
8744
8750
8755
8760
8766
8771
8776
8782
8787
8792
8798
8803
8808
8813
8819
8824
8829
8835
8840
8845
8851
8856
8861
8867
8872
8877
8883
8888
8894
8899
8904
8909
8915
8920
8926
8931
8936
8942
8947
8952
8958
8963
8968
8974
8979
8984
8990
8995
9000
9006
9011
9016
9022
9027
9032
9038
9043
9048
9054
9059
9064
9070
9075
9080
9086
9091
9096
9102
9107
9112
9118
9123
9128
9134
9139
9144
9150
9155
9161
9167
9173
9179
9185
9191
9196
9201
9207
9212
9217
9223
9228
9233
9238
9244
9249
9256
9261
9267
9272
9277
9283
9288
9293
9299
9304
9312
9318
9323
9328
9334
9339
9344
9350
9355
9360
9366
9371
9376
9382
9387
9392
9398
9403
9409
9415
9420
9426
9431
9436
9442
9447
9453
9458
9464
9469
9474
9480
9485
9490
9495
9501
9506
9511
9516
9522
9527
9532
9538
9543
9548
9553
9559
9564
9569
9574
9580
9585
9590
9596
9601
9606
9612
9617
9622
9628
9633
9638
9643
9649
9654
9659
9665
9670
9675
9680
9685
9691
9696
9701
9706
9711
9717
9724
9730
9735
9741
9746
9751
9756
9762
9767
9773
9778
9784
9789
9795
9800
9806
9812
9818
9824
9829
9835
9840
9845
9851
9856
9861
9866
9872
9877
9882
9887
9893
9898
9903
9908
9913
9919
9924
9929
9935
9940
9945
9950
9955
9960
9966
9971
9976
9982
9987
9992
9998
10003
10008
10014
10019
10024
10030
10035
10040
10046
10051
10057
10062
10067
10073
10078
10084
10089
10095
10100
10105
10111
10116
10122
10127
10132
10138
10143
10149
10154
10159
10165
10170
10175
10181
10186
10191
10197
10202
10208
10213
10218
10224
10229
10234
10240
10245
10250
10256
10261
10267
10272
10277
10283
10288
10293
10299
10304
10309
10315
10320
10326
10331
10336
10342
10347
10352
10358
10363
10368
10374
10379
10384
10390
10395
10400
10406
10411
10416
10422
10427
10432
10438
10443
10448
10454
10459
10464
10470
10475
10480
10486
10491
10496
10502
10507
10512
10518
10523
10528
10534
10539
10544
10550
10555
10560
10566
10571
10576
10582
10587
10593
10598
10603
10609
10614
10619
10625
10630
10635
10641
10646
10652
10657
10662
10668
10673
10679
10684
10690
10695
10700
10706
10711
10717
10722
10727
10733
10738
10743
10749
10754
10759
10765
10770
10775
10781
10786
10792
10797
10802
10808
10813
10818
10824
10829
10835
10840
10845
10851
10856
10861
10867
10872
10878
10883
10888
10894
10899
10904
10910
10915
10920
10926
10931
10936
10942
10947
10952
10958
10963
10968
10973
10979
10984
10989
10994
10999
11005
11010
11015
11020
11025
11030
11036
11041
11046
11051
11056
11062
11067
11072
11077
11082
11088
11093
11098
11103
11108
11114
11119
11124
11129
11134
11139
11145
11150
11155
11161
11166
11171
11176
11181
11187
11192
11197
11202
11207
11213
11218
11223
11228
11233
11238
11244
11249
11254
11259
11264
11270
11275
11280
11285
11290
11296
11301
11306
11311
11316
11321
11327
11332
11337
11342
11347
11353
11358
11363
11368
11373
11379
11384
11389
11394
11399
11404
11410
11415
11420
11425
11430
11436
11441
11446
11451
11456
11462
11467
11472
11478
11484
11490
11496
11502
11507
11512
11518
11523
11529
11534
11540
11545
11551
11556
11562
11567
11573
11578
11584
11589
11595
11600
11606
11611
11616
11622
11627
11632
11638
11643
11648
11654
11659
11664
11670
11675
11681
11686
11692
11697
11702
11708
11713
11719
11724
11730
11735
11741
11746
11752
11757
11763
11768
11774
11779
11784
11790
11796
11802
11808
11814
11820
11826
11831
11836
11842
11847
11852
11858
11863
11868
11874
11879
11884
11890
11895
11900
11906
11911
11916
11922
11927
11932
11938
11943
11948
11954
11959
11964
11970
11975
11980
11986
11991
11996
12002
12007
12012
12018
12023
12029
12034
12039
12045
12050
12056
12061
12067
12072
12077
12083
12088
12093
12099
12104
12109
12115
12120
12126
12131
12136
12142
12147
12152
12158
12163
12168
12173
12179
12184
12189
12195
12200
12205
12211
12216
12221
12226
12232
12237
12242
12248
12253
12258
12264
12269
12274
12280
12285
12290
12296
12301
12306
12312
12317
12323
12328
12333
12339
12344
12349
12355
12360
12365
12371
12376
12381
12387
12392
12397
12403
12408
12413
12419
12424
12429
12435
12440
12446
12451
12457
12462
12468
12473
12479
12484
12490
12495
12501
12506
12512
12517
12523
12528
12534
12539
12545
12550
12555
12561
12566
12571
12576
12582
12587
12592
12598
12603
12608
12614
12619
12624
12630
12635
12640
12646
12651
12656
12662
12667
12672
12678
12683
12689
12695
12700
12705
12711
12716
12721
12727
12732
12738
12744
12750
12755
12761
12766
12771
12776
12782
12787
12792
12798
12803
12808
12814
12819
12824
12830
12835
12840
12845
12851
12856
12862
12867
12872
12878
12883
12888
12893
12899
12904
12909
12915
12920
12925
12931
12936
12941
12947
12952
12957
12962
12968
12973
12978
12984
12989
12994
12999
13005
13010
13015
13021
13026
13031
13037
13042
13047
13052
13058
13063
13068
13074
13079
13084
13090
13095
13100
13106
13111
13116
13122
13127
13132
13138
13143
13148
13154
13159
13164
13170
13175
13180
13186
13191
13196
13202
13207
13212
13217
13223
13228
13233
13238
13243
13249
13254
13259
13264
13269
13275
13280
13285
13290
13295
13301
13306
13311
13316
13321
13327
13332
13337
13342
13347
13353
13358
13363
13368
13373
13379
13384
13389
13394
13399
13405
13410
13415
13420
13425
13431
13436
13441
13446
13451
13457
13462
13467
13472
13478
13483
13488
13494
13499
13504
13510
13515
13520
13526
13531
13536
13542
13547
13552
13558
13563
13568
13574
13579
13584
13590
13595
13600
13606
13611
13616
13622
13627
13632
13638
13643
13648
13654
13659
13664
13670
13675
13680
13686
13691
13696
13701
13707
13712
13717
13723
13728
13733
13739
13744
13749
13755
13760
13765
13771
13776
13781
13787
13792
13797
13803
13808
13813
13818
13824
13829
13834
13840
13845
13851
13856
13861
13866
13872
13877
13882
13888
13893
13898
13904
13909
13914
13919
13925
13930
13935
13941
13946
13951
13957
13962
13967
13973
13978
13983
13988
13994
13999
14004
14010
14015
14020
14026
14031
14036
14042
14047
14052
14058
14063
14068
14074
14079
14084
14090
14095
14100
14106
14111
14117
14122
14127
14133
14138
14143
14149
14154
14159
14165
14170
14175
14180
14186
14191
14197
14202
14207
14212
14218
14223
14228
14234
14239
14244
14250
14255
14260
14266
14271
14276
14281
14287
14292
14298
14303
14308
14314
14319
14324
14329
14335
14340
14345
14351
14356
14361
14367
14372
14377
14383
14388
14393
14399
14404
14409
14415
14420
14425
14431
14436
14441
14446
14452
14457
14462
14468
14473
14478
14484
14489
14494
14500
14505
14510
14516
14521
14527
14532
14538
14543
14549
14554
14560
14565
14570
14576
14581
14586
14592
14597
14602
14607
14613
14618
14623
14629
14634
14639
14644
14650
14655
14660
14666
14671
14676
14682
14687
14692
14698
14703
14708
14714
14719
14724
14730
14735
14740
14746
14751
14756
14762
14767
14772
14778
14783
14788
14794
14799
14804
14810
14815
14820
14826
14831
14836
14842
14847
14853
14858
14863
14869
14874
14880
14885
14891
14896
14902
14907
14913
14918
14923
14929
14934
14940
14945
14951
14956
14962
14967
14972
14978
14983
14988
14993
14999
15004
15010
15015
15020
15026
15031
15036
15041
15047
15052
15058
15063
15068
15073
15079
15084
15089
15094
15099
15105
15110
15115
15120
15125
15131
15136
15141
15146
15151
15157
15162
15167
15172
15177
15183
15188
15193
15198
15203
15209
15215
15220
15225
15230
15235
15241
15246
15251
15256
15261
15267
15272
15277
15282
15288
15293
15298
15303
15308
15313
15319
15324
15329
15334
15340
15345
15350
15355
15360
15366
15371
15376
15381
15386
15392
15397
15402
15407
15412
15418
15423
15428
15433
15438
15444
15449
15454
15459
15464
15470
15475
15480
15486
15491
15497
15503
15509
15514
15520
15525
15530
15535
15541
15546
15551
15557
15562
15567
15573
15578
15583
15589
15594
15599
15604
15610
15615
15620
15626
15631
15637
15643
15648
15654
15659
15664
15670
15675
15681
15686
15691
15697
15702
15708
15713
15719
15724
15729
15735
15740
15746
15751
15757
15762
15768
15773
15778
15784
15789
15795
15800
15806
15811
15816
15822
15827
15833
15839
15845
15850
15856
15863
15869
15875
15881
15886
15891
15897
15902
15907
15912
15918
15923
15928
15934
15939
15944
15950
15955
15960
15965
15971
15976
15981
15987
15992
15997
16003
16008
16013
16019
16024
16029
16035
16040
16045
16051
16056
16061
16066
16072
16077
16082
16088
16093
16098
16104
16109
16114
16120
16125
16130
16135
16141
16146
16151
16157
16162
16167
16172
16178
16183
16188
16194
16199
16204
16210
16215
16220
16225
16231
16236
16241
16247
16252
16257
16263
16268
16273
16279
16284
16289
16294
16300
16305
16310
16315
16321
16326
16331
16337
16342
16347
16352
16358
16363
16368
16373
16379
16384
16389
16395
16400
16405
16411
16416
16421
16426
16432
16437
16442
16448
16453
16458
16464
16469
16474
16479
16485
16490
16495
16501
16506
16511
16516
16522
16527
16532
16538
16543
16548
16554
16559
16564
16570
16575
16580
16586
16591
16596
16602
16607
16612
16618
16623
16628
16634
16639
16644
16650
16655
16660
16666
16671
16676
16682
16687
16693
16698
16703
16709
16714
16719
16725
16730
16736
16741
16747
16752
16757
16763
16768
16774
16779
16784
16790
16795
16801
16806
16812
16817
16822
16828
16833
16839
16844
16849
16854
16860
16865
16870
16876
16881
16886
16892
16897
16902
16908
16913
16918
16923
16929
16934
16939
16945
16950
16955
16961
16966
16971
16977
16982
16987
16992
16998
17003
17008
17013
17019
17024
17029
17035
17040
17045
17050
17056
17061
17066
17071
17077
17082
17087
17092
17098
17103
17108
17113
17119
17124
17129
17135
17140
17145
17150
17156
17161
17166
17171
17177
17182
17187
17192
17198
17203
17208
17214
17219
17224
17229
17235
17240
17245
17250
17256
17261
17266
17272
17277
17282
17287
17293
17298
17303
17309
17314
17319
17325
17330
17335
17340
17346
17351
17356
17362
17367
17372
17377
17383
17388
17393
17398
17404
17409
17414
17420
17425
17430
17435
17441
17446
17451
17457
17462
17468
17473
17478
17484
17489
17495
17500
17505
17511
17516
17522
17527
17532
17538
17543
17548
17553
17559
17564
17569
17575
17580
17585
17591
17596
17601
17607
17612
17618
17623
17629
17634
17640
17645
17651
17657
17662
17667
17673
17678
17683
17689
17694
17699
17705
17710
17715
17721
17726
17731
17737
17742
17748
17754
17759
17764
17769
17775
17780
17785
17791
17796
17801
17807
17812
17817
17823
17828
17833
17838
17844
17849
17854
17860
17865
17870
17875
17881
17886
17891
17897
17902
17907
17913
17918
17923
17928
17934
17939
17944
17950
17955
17960
17966
17971
17977
17982
17987
17993
17998
18003
18009
18014
18019
18024
18029
18035
18040
18045
18050
18056
18061
18066
18071
18076
18081
18087
18092
18097
18102
18107
18113
18118
18123
18128
18134
18139
18144
18149
18154
18160
18165
18170
18175
18180
18186
18191
18196
18201
18207
18212
18217
18222
18228
18233
18238
18244
18249
18254
18260
18265
18270
18275
18280
18286
18291
18296
18301
18306
18312
18317
18322
18327
18332
18337
18343
18348
18353
18358
18363
18369
18374
18379
18384
18389
18395
18400
18405
18410
18415
18421
18426
18431
18436
18441
18447
18452
18457
18462
18467
18473
18478
18483
18488
18493
18499
18504
18509
18514
18519
18524
18530
18535
18540
18545
18550
18556
18561
18566
18571
18576
18581
18587
18592
18597
18602
18608
18613
18618
18623
18628
18634
18639
18644
18649
18654
18660
18665
18670
18675
18680
18686
18691
18696
18701
18706
18712
18717
18722
18727
18732
18738
18743
18748
18753
18759
18764
18769
18774
18779
18784
18790
18795
18800
18805
18810
18816
18821
18826
18831
18837
18842
18847
18852
18858
18863
18868
18873
18878
18884
18889
18894
18899
18904
18910
18915
18920
18925
18930
18936
18941
18946
18951
18956
18961
18967
18972
18978
18983
18988
18993
18999
19004
19009
19014
19020
19025
19030
19036
19041
19047
19052
19059
19064
19069
19075
19080
19085
19090
19095
19101
19106
19111
19116
19122
19127
19132
19137
19143
19148
19153
19158
19163
19169
19174
19179
19184
19189
19195
19200
19205
19210
19215
19221
19226
19231
19236
19241
19246
19252
19257
19262
19267
19272
19277
19283
19288
19293
19298
19303
19308
19314
19319
19324
19329
19334
19339
19345
19350
19355
19360
19365
19370
19376
19381
19386
19391
19396
19402
19407
19412
19417
19422
19427
19433
19438
19443
19448
19453
19458
19464
19469
19474
19479
19485
19490
19495
19501
19506
19511
19516
19522
19527
19532
19537
19543
19548
19553
19559
19564
19569
19574
19580
19585
19590
19597
19602
19607
19612
19618
19623
19628
19633
19639
19644
19649
19655
19660
19665
19670
19676
19681
19686
19692
19697
19702
19707
19713
19718
19723
19728
19734
19739
19744
19750
19755
19760
19766
19771
19776
19781
19787
19792
19797
19803
19808
19813
19818
19824
19829
19834
19839
19845
19850
19855
19861
19866
19871
19876
19882
19887
19892
19898
19903
19908
19914
19919
19924
19929
19935
19940
19945
19951
19956
19961
19966
19972
19977
19982
19988
19993
19998
20003
20009
20014
20019
20025
20030
20035
20040
20046
20051
20056
20062
20067
20072
20077
20083
20088
20093
20099
20104
20109
20115
20120
20125
20130
20136
20141
20146
20152
20157
20162
20167
20173
20178
20183
20189
20194
20199
20205
20210
20215
20221
20226
20231
20237
20242
20247
20253
20258
20263
20269
20274
20279
20285
20290
20295
20301
20306
20311
20316
20322
20327
20332
20338
20343
20348
20354
20359
20364
20370
20375
20380
20386
20391
20396
20402
20407
20412
20418
20423
20428
20434
20439
20444
20450
20455
20460
20466
20471
20476
20482
20487
20492
20498
20503
20508
20514
20519
20524
20530
20535
20540
20546
20551
20556
20562
20567
20572
20578
20583
20588
20594
20599
20604
20610
20615
20620
20626
20631
20636
20642
20647
20652
20658
20663
20668
20674
20679
20684
20689
20695
20700
20705
20711
20716
20721
20727
20732
20737
20743
20748
20753
20759
20764
20769
20774
20780
20785
20790
20796
20801
20806
20812
20817
20822
20827
20833
20838
20843
20849
20854
20859
20865
20870
20875
20881
20886
20891
20896
20902
20907
20912
20918
20923
20928
20934
20939
20944
20950
20955
20960
20966
20971
20976
20982
20987
20992
20998
21003
21008
21014
21019
21024
21030
21035
21040
21045
21051
21056
21061
21067
21072
21077
21082
21088
21093
21098
21104
21109
21114
21119
21125
21130
21135
21141
21146
21151
21156
21162
21167
21172
21178
21183
21188
21194
21199
21204
21209
21215
21220
21225
21231
21236
21241
21247
21252
21257
21262
21268
21273
21278
21283
21289
21294
21299
21305
21310
21315
21320
21326
21331
21336
21341
21347
21352
21357
21363
21368
21373
21379
21384
21389
21395
21400
21405
21410
21416
21421
21426
21432
21437
21442
21447
21453
21458
21463
21469
21474
21479
21484
21490
21495
21500
21506
21511
21516
21522
21527
21532
21538
21543
21548
21553
21559
21564
21569
21575
21580
21585
21590
21596
21601
21606
21611
21617
21622
21627
21632
21638
21643
21648
21654
21659
21664
21669
21675
21680
21685
21690
21696
21701
21706
21712
21717
21722
21727
21733
21738
21743
21748
21754
21759
21764
21770
21775
21780
21785
21791
21796
21801
21806
21812
21817
21822
21827
21833
21838
21843
21848
21854
21859
21864
21869
21875
21880
21885
21891
21896
21901
21906
21912
21917
21922
21927
21933
21938
21943
21948
21954
21959
21964
21969
21975
21980
21985
21990
21996
22001
22006
22011
22017
22022
22027
22032
22038
22043
22048
22053
22059
22064
22069
22074
22080
22085
22090
22096
22101
22106
22111
22117
22122
22127
22132
22138
22143
22148
22154
22159
22164
22169
22175
22180
22185
22190
22196
22201
22206
22212
22217
22222
22227
22233
22238
22243
22248
22254
22259
22264
22270
22275
22280
22285
22291
22296
22302
22307
22313
22319
22325
22330
22336
22342
22348
22354
22359
22365
22371
22376
22382
22387
22392
22398
22403
22408
22414
22419
22424
22429
22435
22440
22445
22451
22456
22461
22467
22472
22477
22482
22488
22493
22498
22504
22509
22514
22520
22525
22530
22536
22541
22546
22551
22557
22562
22567
22573
22578
22583
22588
22594
22599
22604
22610
22615
22620
22626
22631
22636
22642
22647
22652
22658
22663
22668
22674
22679
22684
22690
22695
22700
22705
22711
22716
22721
22727
22732
22737
22743
22748
22753
22759
22764
22769
22774
22780
22785
22790
22796
22801
22806
22811
22817
22822
22827
22833
22838
22843
22849
22854
22859
22864
22870
22875
22880
22886
22891
22896
22902
22907
22912
22917
22923
22928
22933
22939
22944
22949
22955
22960
22965
22970
22976
22981
22986
22992
22997
23002
23007
23013
23018
23023
23029
23034
23039
23044
23050
23055
23060
23066
23071
23076
23082
23087
23092
23098
23103
23108
23114
23119
23124
23130
23135
23140
23146
23151
23156
23162
23167
23172
23177
23183
23188
23194
23199
23204
23209
23215
23220
23225
23231
23236
23241
23247
23252
23257
23262
23268
23273
23278
23283
23289
23294
23299
23305
23310
23315
23321
23326
23331
23336
23342
23347
23352
23358
23363
23368
23374
23379
23384
23389
23395
23400
23405
23411
23416
23421
23427
23432
23437
23442
23448
23453
23458
23464
23469
23474
23479
23485
23490
23495
23501
23506
23511
23516
23522
23527
23532
23538
23543
23548
23554
23559
23564
23570
23575
23580
23585
23591
23596
23601
23607
23612
23617
23623
23628
23633
23639
23644
23649
23654
23660
23665
23671
23676
23681
23686
23692
23697
23702
23708
23713
23718
23723
23729
23734
23739
23744
23750
23755
23760
23766
23771
23776
23781
23787
23792
23797
23803
23808
23813
23819
23824
23829
23835
23840
23845
23851
23856
23861
23866
23872
23877
23882
23888
23893
23898
23903
23909
23914
23919
23925
23930
23935
23940
23946
23951
23956
23962
23967
23972
23978
23983
23989
23994
23999
24005
24010
24016
24022
24027
24032
24038
24043
24048
24054
24059
24064
24070
24075
24080
24086
24091
24096
24101
24107
24112
24117
24123
24128
24133
24138
24144
24149
24154
24160
24165
24170
24175
24181
24186
24191
24197
24203
24209
24215
24220
24225
24230
24236
24241
24246
24252
24257
24262
24267
24273
24278
24283
24289
24294
24299
24305
24310
24315
24320
24326
24331
24336
24342
24347
24352
24357
24363
24368
24373
24379
24384
24389
24395
24400
24405
24410
24416
24421
24426
24432
24437
24442
24447
24453
24458
24463
24469
24474
24479
24484
24490
24495
24500
24506
24511
24516
24522
24527
24532
24538
24543
24548
24554
24559
24564
24570
24575
24581
24586
24591
24597
24602
24607
24612
24618
24623
24629
24635
24641
24647
24653
24659
24665
24671
24677
24683
24689
24695
24701
24707
24713
24719
24725
24731
24736
24741
24746
24752
24757
24762
24768
24773
24778
24783
24789
24794
24799
24804
24810
24815
24820
24826
24831
24836
24841
24847
24852
24857
24863
24868
24873
24879
24884
24889
24894
24900
24905
24910
24916
24921
24926
24931
24937
24942
24947
24953
24958
24963
24968
24974
24979
24984
24990
24995
25000
25006
25011
25016
25021
25027
25032
25037
25043
25048
25053
25059
25064
25069
25075
25080
25085
25091
25096
25101
25107
25112
25117
25123
25128
25133
25139
25144
25149
25154
25160
25165
25170
25176
25181
25186
25192
25197
25202
25208
25213
25218
25223
25229
25234
25239
25245
25250
25255
25261
25266
25271
25276
25282
25287
25292
25298
25303
25308
25314
25319
25324
25330
25335
25340
25346
25351
25356
25362
25367
25372
25378
25383
25388
25393
25399
25404
25409
25415
25420
25425
25431
25436
25441
25447
25452
25457
25463
25468
25473
25478
25484
25489
25494
25500
25505
25510
25516
25521
25526
25531
25537
25542
25547
25553
25558
25563
25569
25574
25579
25585
25590
25595
25601
25606
25611
25617
25622
25627
25633
25638
25643
25649
25654
25659
25664
25670
25675
25680
25686
25691
25696
25702
25707
25712
25718
25723
25728
25733
25739
25744
25749
25755
25760
25765
25771
25776
25781
25787
25792
25797
25803
25808
25813
25819
25824
25829
25834
25840
25845
25850
25856
25861
25866
25872
25877
25882
25887
25893
25898
25903
25909
25914
25919
25925
25930
25935
25941
25946
25951
25956
25962
25967
25972
25978
25983
25988
25994
25999
26004
26009
26015
26020
26025
26031
26036
26041
26046
26052
26057
26062
26068
26073
26078
26084
26089
26094
26099
26105
26110
26115
26121
26126
26131
26137
26142
26147
26153
26158
26163
26169
26174
26179
26185
26190
26195
26200
26206
26211
26216
26222
26227
26232
26238
26243
26248
26254
26259
26264
26270
26275
26281
26286
26291
26297
26302
26307
26313
26319
26325
26331
26336
26341
26347
26352
26357
26362
26368
26373
26378
26384
26389
26394
26399
26405
26410
26415
26420
26426
26431
26436
26442
26447
26452
26458
26463
26468
26473
26478
26484
26489
26494
26499
26504
26510
26515
26521
26526
26532
26538
26543
26549
26554
26560
26565
26570
26576
26582
26587
26593
26598
26603
26609
26615
26620
26625
26631
26636
26642
26648
26653
26659
26664
26670
26675
26680
26685
26691
26696
26701
26706
26711
26717
26722
26727
26732
26738
26743
26748
26753
26759
26764
26769
26774
26779
26785
26790
26795
26800
26805
26811
26816
26821
26826
26831
26836
26842
26847
26852
26857
26862
26868
26873
26878
26883
26888
26893
26899
26904
26909
26914
26919
26925
26930
26935
26940
26945
26951
26956
26961
26966
26972
26977
26982
26987
26993
26998
27003
27009
27014
27019
27025
27030
27035
27041
27046
27051
27056
27062
27067
27072
27078
27083
27088
27093
27099
27104
27109
27115
27120
27125
27130
27136
27141
27146
27152
27157
27162
27168
27173
27178
27184
27189
27194
27199
27205
27210
27215
27221
27226
27231
27236
27242
27247
27252
27258
27263
27268
27274
27279
27284
27290
27295
27300
27306
27311
27316
27322
27327
27332
27338
27343
27348
27353
27359
27364
27369
27375
27380
27385
27391
27396
27401
27407
27412
27417
27422
27428
27433
27439
27444
27450
27456
27462
27467
27472
27478
27483
27489
27495
27500
27505
27511
27516
27521
27526
27532
27537
27542
27548
27553
27558
27564
27569
27574
27580
27585
27590
27595
27601
27606
27611
27617
27622
27627
27632
27638
27643
27648
27654
27659
27664
27670
27675
27680
27686
27691
27697
27702
27708
27713
27719
27724
27730
27735
27741
27746
27751
27757
27762
27768
27773
27779
27784
27790
27795
27801
27806
27812
27817
27822
27828
27833
27839
27844
27850
27855
27861
27866
27871
27877
27882
27887
27892
27898
27903
27908
27914
27919
27924
27929
27935
27940
27945
27951
27956
27961
27967
27972
27977
27982
27987
27992
27998
28003
28008
28013
28018
28024
28029
28034
28039
28044
28049
28055
28060
28065
28070
28075
28080
28086
28091
28096
28101
28106
28112
28117
28122
28127
28132
28138
28143
28148
28153
28158
28163
28169
28174
28179
28184
28189
28194
28200
28205
28210
28215
28220
28225
28231
28236
28241
28246
28251
28257
28262
28267
28272
28277
28283
28288
28293
28298
28303
28309
28314
28319
28324
28329
28334
28340
28345
28350
28355
28360
28366
28371
28376
28381
28386
28391
28397
28402
28407
28412
28417
28423
28428
28433
28438
28443
28449
28454
28459
28464
28469
28475
28480
28485
28491
28496
28501
28507
28512
28517
28523
28528
28533
28539
28544
28549
28555
28560
28565
28571
28576
28581
28586
28592
28597
28602
28608
28613
28618
28624
28629
28634
28639
28645
28650
28655
28661
28666
28671
28677
28682
28687
28693
28698
28703
28709
28714
28719
28724
28730
28736
28741
28747
28752
28757
28763
28773
28781
28787
28792
28797
28803
28808
28814
28819
28824
28830
28835
28840
28846
28851
28856
28862
28867
28872
28878
28883
28888
28894
28899
28904
28910
28915
28920
28926
28931
28936
28942
28947
28952
28958
28963
28968
28973
28979
28984
28990
28995
29000
29006
29011
29017
29022
29028
29033
29039
29044
29050
29055
29060
29066
29071
29077
29083
29088
29093
29099
29104
29110
29115
29120
29126
29132
29137
29142
29148
29154
29159
29164
29169
29175
29180
29185
29191
29196
29201
29207
29212
29217
29223
29228
29233
29238
29244
29249
29254
29260
29265
29270
29275
29281
29286
29291
29296
29302
29307
29312
29318
29323
29328
29333
29339
29344
29349
29354
29360
29365
29370
29376
29381
29386
29391
29397
29402
29407
29413
29418
29423
29429
29435
29441
29447
29452
29458
29463
29469
29475
29480
29485
29491
29496
29502
29507
29513
29518
29523
29529
29534
29540
29545
29551
29556
29562
29567
29572
29578
29583
29589
29594
29599
29605
29610
29616
29621
29627
29635
29640
29646
29651
29656
29661
29667
29672
29677
29683
29688
29693
29698
29704
29709
29714
29719
29725
29730
29735
29740
29746
29751
29756
29762
29767
29772
29777
29783
29788
29793
29799
29804
29809
29814
29820
29825
29830
29836
29841
29846
29851
29857
29862
29867
29873
29878
29883
29888
29894
29899
29904
29909
29915
29920
29925
29931
29936
29941
29946
29952
29957
29962
29967
29973
29978
29983
29988
29993
29998
30004
30009
30014
30019
30024
30029
30034
30040
30045
30050
30055
30060
30065
30071
30076
30081
30086
30091
30096
30102
30107
30112
30117
30122
30127
30132
30138
30143
30148
30153
30158
30163
30169
30174
30179
30184
30189
30195
30200
30205
30210
30215
30220
30226
30231
30236
30241
30246
30251
30257
30262
30267
30272
30277
30283
30288
30293
30298
30303
30308
30314
30319
30324
30329
30335
30340
30345
30350
30356
30361
30367
30372
30377
30383
30388
30393
30399
30404
30409
30415
30420
30425
30430
30436
30441
30448
30454
30459
30464
30469
30475
30480
30485
30491
30496
30501
30506
30512
30517
30523
30528
30533
30538
30544
30549
30554
30559
30565
30570
30575
30581
30586
30591
30596
30602
30607
30612
30618
30623
30628
30633
30639
30644
30649
30655
30660
30666
30672
30677
30682
30687
30693
30698
30703
30709
30714
30719
30724
30730
30735
30740
30746
30751
30756
30762
30767
30772
30778
30783
30788
30793
30799
30804
30809
30815
30820
30825
30830
30836
30841
30846
30852
30857
30862
30867
30873
30878
30883
30889
30894
30899
30904
30910
30915
30920
30926
30931
30936
30941
30947
30952
30957
30963
30968
30973
30979
30984
30989
30994
31000
31005
31010
31016
31021
31026
31032
31037
31042
31048
31054
31059
31064
31070
31075
31080
31085
31091
31096
31101
31107
31112
31117
31123
31128
31133
31138
31144
31149
31154
31160
31165
31170
31175
31181
31186
31191
31197
31202
31207
31213
31218
31223
31229
31234
31239
31244
31250
31255
31260
31266
31271
31276
31282
31287
31292
31297
31303
31308
31313
31319
31324
31329
31334
31340
31345
31350
31356
31361
31366
31371
31377
31382
31387
31392
31398
31403
31408
31414
31419
31424
31429
31435
31440
31445
31450
31456
31461
31466
31472
31477
31482
31487
31493
31498
31503
31509
31514
31519
31524
31530
31535
31540
31546
31551
31556
31561
31567
31572
31577
31583
31588
31593
31598
31604
31609
31614
31620
31625
31630
31635
31641
31646
31651
31657
31662
31667
31672
31678
31683
31688
31694
31699
31704
31710
31715
31720
31725
31731
31736
31741
31747
31752
31757
31762
31768
31773
31778
31784
31789
31794
31799
31805
31810
31815
31821
31826
31831
31836
31842
31847
31852
31858
31863
31868
31874
31879
31884
31889
31895
31900
31905
31911
31916
31921
31926
31932
31937
31942
31947
31953
31958
31963
31969
31974
31979
31984
31990
31995
32000
32006
32011
32016
32021
32027
32032
32037
32042
32048
32053
32058
32063
32069
32074
32079
32084
32090
32095
32100
32105
32111
32116
32121
32126
32132
32137
32142
32148
32153
32158
32163
32169
32174
32179
32184
32190
32195
32200
32206
32211
32216
32221
32227
32232
32237
32243
32248
32253
32258
32264
32269
32274
32279
32285
32290
32295
32300
32306
32311
32316
32321
32327
32332
32337
32343
32348
32353
32358
32364
32369
32374
32379
32385
32390
32395
32401
32406
32411
32416
32422
32427
32432
32438
32443
32448
32454
32459
32464
32469
32475
32480
32485
32491
32496
32501
32506
32512
32517
32522
32528
32533
32538
32543
32549
32554
32559
32565
32570
32575
32580
32586
32591
32596
32602
32607
32612
32617
32623
32628
32633
32639
32644
32649
32654
32660
32665
32670
32675
32681
32686
32691
32697
32702
32707
32712
32718
32723
32728
32734
32739
32744
32749
32755
32760
32765
32771
32776
32781
32786
32792
32797
32802
32808
32813
32818
32823
32829
32834
32839
32845
32850
32855
32860
32866
32871
32876
32882
32887
32892
32897
32903
32908
32913
32919
32924
32929
32934
32940
32945
32950
32956
32961
32966
32971
32977
32982
32987
32992
32998
33003
33008
33014
33019
33024
33029
33035
33040
33045
33051
33057
33062
33067
33072
33078
33083
33088
33094
33099
33104
33109
33115
33120
33125
33131
33136
33141
33146
33152
33157
33162
33168
33173
33178
33183
33189
33194
33199
33205
33210
33215
33220
33226
33231
33236
33241
33247
33252
33257
33263
33268
33273
33279
33284
33289
33294
33300
33305
33310
33316
33321
33326
33331
33337
33342
33347
33353
33358
33363
33368
33374
33379
33384
33390
33395
33400
33405
33411
33416
33421
33427
33432
33437
33443
33448
33453
33458
33464
33469
33474
33480
33485
33490
33495
33501
33506
33511
33517
33522
33527
33532
33538
33543
33548
33554
33559
33564
33570
33575
33580
33586
33591
33596
33602
33607
33612
33618
33624
33629
33634
33640
33645
33650
33655
33661
33666
33671
33677
33682
33687
33692
33698
33703
33708
33714
33719
33724
33730
33735
33740
33745
33751
33756
33761
33767
33772
33777
33783
33788
33793
33798
33804
33809
33814
33819
33825
33830
33835
33840
33846
33851
33856
33862
33867
33872
33877
33883
33888
33893
33899
33904
33909
33914
33920
33925
33930
33936
33941
33946
33951
33957
33962
33967
33972
33978
33983
33988
33994
33999
34004
34010
34015
34020
34025
34031
34036
34041
34047
34053
34059
34064
34070
34075
34080
34086
34091
34096
34101
34107
34112
34117
34123
34128
34133
34138
34144
34149
34154
34159
34165
34170
34175
34180
34186
34191
34196
34202
34207
34212
34218
34223
34228
34233
34238
34244
34249
34254
34260
34265
34270
34276
34281
34286
34291
34297
34302
34307
34312
34318
34323
34328
34334
34339
34344
34349
34355
34360
34365
34371
34376
34381
34387
34392
34397
34402
34408
34413
34418
34424
34429
34434
34439
34445
34450
34455
34461
34466
34471
34476
34482
34487
34492
34498
34503
34508
34514
34519
34524
34529
34535
34540
34545
34551
34556
34561
34566
34572
34577
34582
34588
34593
34598
34603
34609
34614
34619
34625
34631
34636
34644
34650
34655
34660
34665
34671
34676
34681
34687
34692
34697
34703
34708
34713
34718
34724
34729
34734
34739
34745
34750
34755
34760
34766
34771
34776
34781
34787
34792
34797
34802
34808
34813
34818
34823
34829
34834
34839
34845
34850
34855
34860
34866
34871
34876
34882
34887
34892
34898
34903
34908
34913
34919
34924
34929
34935
34940
34945
34950
34956
34961
34966
34971
34977
34982
34987
34992
34998
35003
35008
35013
35019
35024
35029
35034
35040
35045
35050
35055
35061
35066
35071
35077
35082
35087
35092
35098
35103
35108
35114
35119
35124
35129
35135
35140
35145
35151
35156
35161
35166
35172
35177
35182
35187
35193
35198
35203
35209
35214
35219
35224
35230
35235
35240
35246
35251
35256
35261
35267
35272
35277
35283
35288
35293
35298
35304
35309
35314
35320
35325
35330
35335
35341
35346
35351
35356
35362
35367
35372
35378
35383
35388
35393
35399
35404
35409
35415
35420
35425
35430
35436
35441
35446
35452
35457
35462
35467
35473
35478
35483
35489
35494
35499
35505
35510
35515
35520
35526
35531
35536
35542
35547
35552
35557
35563
35568
35573
35579
35584
35591
35596
35602
35607
35612
35617
35623
35628
35633
35638
35644
35649
35654
35660
35665
35670
35675
35681
35686
35691
35697
35702
35707
35713
35718
35723
35728
35734
35739
35744
35749
35755
35760
35765
35770
35776
35781
35786
35792
35798
35803
35808
35814
35819
35824
35830
35835
35840
35846
35851
35856
35862
35868
35874
35880
35885
35890
35895
35901
35906
35912
35917
35923
35928
35933
35939
35944
35950
35955
35960
35966
35971
35976
35982
35987
35992
35997
36003
36008
36013
36018
36024
36030
36035
36041
36047
36053
36059
36064
36069
36074
36080
36085
36090
36096
36101
36106
36111
36117
36122
36127
36132
36138
36143
36148
36154
36159
36164
36169
36175
36180
36185
36191
36196
36201
36206
36212
36217
36222
36227
36233
36238
36243
36248
36254
36259
36264
36270
36275
36280
36286
36291
36296
36301
36307
36312
36317
36323
36328
36333
36338
36344
36349
36354
36360
36365
36370
36375
36381
36386
36391
36396
36402
36407
36412
36418
36423
36428
36434
36439
36444
36450
36455
36460
36465
36471
36476
36481
36486
36492
36497
36502
36508
36513
36518
36523
36529
36534
36539
36545
36550
36555
36560
36566
36571
36576
36581
36587
36592
36597
36603
36608
36613
36618
36624
36629
36634
36639
36645
36650
36655
36660
36666
36671
36676
36682
36687
36692
36698
36703
36708
36713
36719
36724
36729
36735
36740
36745
36750
36756
36761
36766
36771
36777
36782
36787
36793
36798
36803
36808
36814
36819
36824
36830
36835
36840
36846
36851
36856
36862
36867
36872
36877
36883
36888
36893
36899
36904
36909
36915
36920
36925
36930
36936
36941
36946
36951
36957
36962
36967
36972
36978
36983
36988
36994
36999
37004
37010
37015
37020
37025
37031
37036
37041
37047
37052
37057
37062
37068
37073
37078
37083
37089
37094
37099
37104
37110
37115
37120
37126
37131
37136
37141
37147
37152
37157
37162
37168
37173
37178
37183
37189
37194
37199
37205
37210
37215
37220
37226
37231
37236
37241
37247
37252
37257
37263
37268
37273
37278
37284
37289
37294
37299
37305
37310
37315
37320
37326
37331
37336
37342
37347
37352
37357
37363
37368
37373
37379
37384
37389
37394
37400
37405
37410
37415
37421
37426
37431
37437
37442
37447
37452
37458
37463
37468
37473
37479
37484
37489
37495
37500
37505
37510
37516
37521
37526
37532
37537
37542
37547
37553
37558
37563
37568
37574
37579
37584
37589
37595
37600
37605
37611
37616
37621
37626
37632
37637
37642
37647
37653
37658
37663
37668
37674
37679
37684
37690
37695
37700
37705
37711
37716
37721
37727
37732
37737
37742
37748
37753
37758
37763
37769
37774
37779
37784
37790
37795
37800
37806
37811
37816
37821
37827
37832
37837
37843
37848
37853
37858
37864
37869
37874
37880
37885
37890
37895
37901
37906
37911
37916
37922
37927
37932
37938
37943
37948
37953
37959
37964
37969
37975
37980
37985
37990
37996
38001
38006
38012
38017
38022
38027
38033
38038
38043
38048
38055
38060
38066
38072
38078
38083
38088
38093
38099
38104
38109
38115
38120
38125
38130
38136
38141
38146
38151
38157
38162
38167
38173
38179
38184
38189
38195
38200
38206
38211
38216
38222
38227
38233
38238
38243
38249
38254
38259
38264
38270
38275
38280
38286
38291
38296
38302
38307
38312
38318
38323
38328
38334
38340
38346
38352
38358
38364
38370
38376
38382
38388
38394
38400
38406
38412
38418
38424
38430
38436
38442
38447
38453
38458
38463
38469
38476
38482
38488
38494
38500
38506
38512
38518
38524
38530
38536
38542
38547
38552
38557
38563
38568
38573
38579
38584
38589
38594
38600
38605
38610
38616
38621
38626
38632
38637
38642
38647
38653
38658
38663
38669
38674
38679
38684
38690
38695
38700
38705
38711
38716
38721
38726
38732
38737
38742
38748
38753
38758
38763
38769
38774
38779
38785
38790
38795
38800
38806
38811
38816
38822
38827
38832
38837
38843
38848
38853
38858
38864
38869
38874
38880
38885
38890
38895
38901
38906
38911
38916
38922
38927
38932
38938
38943
38948
38953
38959
38964
38969
38974
38980
38985
38990
38995
39001
39006
39011
39016
39022
39027
39032
39037
39043
39048
39053
39059
39064
39069
39074
39080
39085
39090
39095
39101
39106
39111
39117
39122
39127
39132
39138
39143
39148
39154
39159
39164
39169
39174
39180
39185
39190
39195
39201
39206
39211
39216
39221
39227
39232
39237
39242
39248
39253
39258
39263
39269
39274
39279
39285
39290
39295
39300
39306
39311
39316
39322
39327
39332
39338
39343
39348
39354
39359
39364
39370
39375
39380
39386
39391
39396
39401
39407
39412
39417
39423
39428
39433
39438
39444
39449
39454
39460
39465
39470
39475
39481
39486
39491
39496
39502
39507
39512
39518
39523
39528
39533
39539
39544
39549
39555
39560
39565
39570
39576
39581
39586
39591
39597
39602
39607
39612
39618
39623
39628
39633
39639
39644
39649
39654
39660
39665
39670
39675
39681
39686
39691
39696
39702
39707
39712
39718
39723
39728
39733
39739
39744
39749
39754
39760
39765
39770
39775
39781
39786
39791
39796
39802
39807
39812
39817
39823
39828
39833
39839
39844
39849
39854
39860
39865
39870
39875
39881
39886
39891
39897
39902
39907
39912
39918
39923
39928
39933
39939
39944
39949
39954
39960
39965
39970
39975
39981
39986
39991
39996
40002
40007
40012
40017
40023
40028
40033
40039
40044
40049
40055
40060
40065
40070
40076
40081
40086
40092
40097
40102
40107
40113
40118
40123
40129
40134
40139
40144
40150
40155
40160
40165
40171
40176
40181
40187
40192
40197
40202
40208
40213
40218
40224
40229
40234
40239
40245
40250
40255
40261
40266
40271
40276
40282
40287
40292
40298
40303
40308
40314
40319
40324
40329
40335
40340
40345
40351
40356
40361
40367
40372
40377
40382
40388
40393
40398
40403
40409
40414
40419
40425
40430
40435
40440
40446
40451
40456
40462
40467
40472
40477
40483
40488
40493
40498
40504
40509
40514
40519
40525
40530
40535
40540
40546
40551
40556
40562
40567
40572
40577
40583
40588
40593
40598
40604
40609
40614
40620
40625
40630
40635
40641
40646
40651
40656
40662
40667
40672
40678
40683
40688
40694
40699
40704
40710
40715
40721
40726
40732
40738
40743
40749
40755
40761
40767
40772
40778
40783
40788
40794
40799
40804
40809
40815
40820
40825
40830
40837
40842
40847
40852
40858
40863
40868
40873
40879
40884
40889
40895
40900
40905
40910
40916
40921
40926
40932
40937
40942
40947
40953
40958
40963
40968
40974
40979
40984
40989
40995
41000
41005
41011
41016
41021
41026
41032
41037
41042
41047
41053
41058
41063
41069
41074
41079
41084
41090
41095
41100
41105
41111
41116
41121
41127
41132
41137
41142
41148
41153
41158
41164
41169
41174
41179
41185
41190
41195
41201
41206
41211
41216
41222
41227
41232
41238
41243
41248
41254
41259
41264
41269
41275
41280
41285
41291
41296
41301
41306
41312
41317
41322
41327
41333
41338
41343
41349
41354
41359
41364
41370
41375
41380
41386
41391
41396
41401
41407
41412
41418
41423
41428
41434
41439
41444
41449
41455
41460
41465
41471
41476
41481
41486
41492
41497
41502
41508
41513
41519
41524
41529
41535
41540
41546
41551
41556
41562
41567
41573
41578
41583
41589
41594
41599
41605
41610
41616
41621
41626
41632
41637
41642
41648
41653
41659
41664
41669
41675
41680
41686
41691
41696
41702
41707
41712
41717
41723
41728
41733
41738
41744
41749
41754
41759
41765
41770
41775
41780
41786
41791
41796
41802
41807
41812
41818
41823
41829
41834
41839
41844
41850
41856
41862
41868
41874
41879
41885
41890
41896
41901
41906
41912
41917
41922
41928
41933
41938
41943
41949
41954
41959
41964
41970
41975
41980
41985
41991
41996
42001
42006
42011
42017
42022
42027
42032
42038
42043
42048
42053
42059
42064
42069
42074
42080
42085
42090
42095
42100
42106
42111
42116
42121
42127
42132
42137
42142
42148
42153
42158
42163
42169
42174
42179
42184
42189
42195
42200
42205
42210
42216
42221
42226
42231
42236
42242
42247
42252
42257
42263
42268
42273
42278
42284
42289
42294
42299
42305
42310
42315
42320
42325
42331
42336
42341
42346
42352
42357
42362
42367
42373
42378
42383
42388
42394
42399
42404
42409
42415
42420
42425
42430
42436
42441
42446
42451
42457
42462
42467
42472
42478
42483
42488
42494
42499
42504
42509
42515
42520
42525
42531
42536
42541
42546
42552
42557
42562
42567
42573
42578
42583
42589
42594
42599
42604
42610
42615
42620
42626
42631
42636
42641
42647
42652
42657
42663
42668
42673
42678
42684
42689
42694
42700
42705
42710
42715
42721
42726
42731
42737
42742
42747
42752
42758
42763
42768
42774
42779
42784
42789
42795
42800
42805
42811
42816
42821
42826
42832
42837
42842
42848
42853
42858
42863
42869
42874
42879
42885
42890
42895
42900
42906
42911
42916
42922
42927
42932
42938
42943
42948
42954
42960
42966
42972
42978
42984
42989
42994
43000
43005
43010
43015
43021
43026
43031
43037
43042
43047
43052
43058
43063
43068
43073
43079
43084
43089
43094
43100
43105
43110
43116
43121
43126
43131
43137
43142
43147
43152
43158
43163
43168
43173
43179
43184
43189
43195
43200
43205
43210
43216
43221
43226
43231
43237
43242
43247
43252
43258
43263
43268
43274
43279
43284
43289
43295
43300
43305
43310
43316
43321
43326
43331
43337
43342
43347
43352
43358
43363
43368
43374
43379
43384
43389
43395
43400
43405
43410
43416
43421
43426
43431
43437
43442
43447
43452
43458
43463
43468
43474
43479
43484
43489
43495
43500
43505
43511
43516
43521
43526
43532
43537
43542
43548
43553
43558
43563
43569
43574
43579
43585
43590
43595
43600
43606
43611
43616
43622
43627
43632
43637
43643
43648
43653
43659
43664
43669
43674
43680
43685
43690
43695
43701
43706
43711
43716
43722
43727
43732
43738
43743
43748
43753
43759
43764
43769
43775
43780
43785
43790
43796
43801
43806
43811
43817
43822
43827
43833
43838
43843
43849
43854
43859
43865
43870
43875
43881
43886
43892
43897
43902
43908
43913
43918
43923
43929
43934
43939
43945
43950
43955
43961
43966
43972
43977
43982
43988
43993
43999
44004
44009
44015
44020
44026
44031
44036
44042
44047
44053
44058
44063
44069
44074
44079
44084
44090
44095
44100
44106
44111
44116
44122
44127
44132
44137
44143
44148
44153
44159
44164
44169
44174
44180
44185
44190
44196
44201
44206
44211
44217
44222
44227
44232
44238
44243
44248
44254
44259
44264
44269
44275
44280
44285
44291
44296
44301
44307
44312
44317
44322
44328
44333
44338
44344
44349
44354
44360
44365
44370
44375
44381
44386
44391
44397
44402
44407
44412
44418
44423
44429
44434
44439
44445
44450
44455
44461
44466
44471
44477
44482
44487
44492
44498
44503
44508
44514
44519
44524
44529
44535
44540
44545
44551
44556
44561
44567
44572
44577
44582
44588
44593
44598
44603
44609
44614
44619
44625
44630
44635
44640
44646
44651
44656
44662
44667
44672
44677
44683
44688
44693
44699
44704
44709
44714
44720
44725
44730
44736
44741
44746
44752
44757
44762
44767
44773
44778
44783
44789
44794
44799
44805
44810
44815
44821
44826
44831
44836
44842
44847
44852
44857
44863
44868
44873
44879
44884
44889
44894
44900
44905
44910
44916
44921
44926
44931
44937
44942
44947
44953
44958
44963
44968
44974
44979
44984
44990
44995
45000
45005
45011
45016
45021
45027
45032
45037
45042
45048
45053
45058
45064
45069
45074
45079
45085
45090
45095
45101
45106
45111
45116
45122
45127
45132
45138
45143
45148
45153
45159
45164
45169
45175
45180
45185
45191
45196
45201
45206
45212
45217
45222
45227
45233
45238
45243
45249
45254
45259
45264
45270
45275
45280
45286
45291
45296
45301
45307
45312
45317
45323
45328
45333
45338
45344
45349
45354
45360
45365
45370
45375
45381
45386
45391
45396
45402
45407
45412
45418
45423
45428
45433
45439
45444
45449
45455
45460
45465
45470
45476
45481
45486
45492
45497
45502
45507
45513
45518
45523
45529
45534
45539
45544
45550
45555
45560
45566
45571
45576
45581
45587
45592
45597
45603
45608
45613
45618
45624
45629
45634
45640
45645
45650
45655
45661
45666
45671
45677
45682
45687
45692
45698
45703
45708
45714
45719
45724
45730
45735
45740
45745
45751
45756
45761
45766
45772
45777
45782
45788
45793
45798
45804
45809
45814
45820
45825
45830
45836
45841
45846
45852
45857
45863
45868
45874
45879
45884
45890
45895
45901
45906
45912
45917
45922
45928
45933
45938
45943
45949
45954
45959
45965
45970
45975
45980
45986
45991
45996
46002
46007
46012
46018
46023
46028
46033
46039
46044
46049
46054
46060
46065
46070
46076
46081
46086
46091
46097
46102
46107
46113
46118
46123
46128
46134
46139
46144
46150
46155
46160
46165
46171
46176
46181
46186
46192
46197
46202
46208
46213
46218
46223
46229
46234
46239
46245
46250
46255
46260
46266
46271
46276
46282
46287
46292
46298
46303
46308
46313
46319
46324
46329
46335
46340
46345
46350
46356
46361
46366
46372
46377
46382
46387
46393
46398
46403
46409
46414
46419
46424
46430
46435
46440
46446
46451
46456
46462
46467
46472
46477
46483
46488
46493
46499
46504
46509
46515
46520
46525
46531
46536
46541
46547
46552
46557
46562
46568
46573
46578
46584
46589
46594
46599
46605
46610
46615
46621
46626
46631
46636
46642
46647
46652
46658
46663
46668
46674
46679
46684
46689
46695
46700
46705
46711
46716
46721
46727
46732
46737
46742
46748
46753
46758
46764
46769
46774
46779
46785
46790
46795
46801
46806
46811
46816
46822
46827
46832
46838
46843
46848
46854
46859
46864
46869
46875
46880
46885
46891
46896
46901
46907
46912
46917
46923
46928
46933
46938
46944
46949
46954
46960
46965
46970
46975
46981
46986
46991
46996
47002
47007
47012
47018
47023
47028
47034
47039
47044
47049
47055
47060
47066
47071
47076
47081
47087
47092
47097
47103
47108
47113
47118
47124
47129
47134
47139
47145
47150
47155
47161
47166
47171
47176
47182
47187
47192
47198
47203
47208
47213
47219
47224
47229
47235
47240
47245
47250
47256
47261
47266
47272
47277
47282
47288
47293
47298
47303
47309
47314
47319
47325
47330
47335
47340
47346
47351
47356
47362
47367
47372
47378
47383
47388
47393
47399
47404
47409
47415
47420
47425
47430
47436
47441
47446
47451
47457
47462
47467
47473
47478
47483
47488
47494
47499
47504
47510
47515
47520
47526
47531
47536
47541
47547
47552
47557
47563
47568
47573
47578
47584
47589
47594
47600
47605
47610
47615
47621
47626
47631
47636
47642
47647
47652
47658
47663
47668
47673
47679
47684
47689
47694
47700
47705
47710
47715
47721
47726
47731
47737
47742
47747
47752
47758
47763
47768
47774
47779
47784
47789
47795
47800
47805
47811
47816
47821
47827
47832
47837
47843
47848
47853
47859
47864
47869
47875
47880
47885
47890
47896
47901
47906
47912
47917
47922
47927
47933
47938
47943
47949
47954
47959
47964
47970
47975
47980
47986
47991
47996
48001
48007
48012
48017
48023
48029
48034
48039
48045
48050
48055
48060
48066
48071
48076
48082
48087
48092
48097
48103
48108
48113
48119
48124
48129
48135
48140
48145
48150
48156
48161
48166
48171
48177
48182
48187
48193
48198
48203
48208
48214
48219
48224
48230
48235
48240
48245
48251
48256
48261
48267
48272
48277
48282
48288
48293
48298
48304
48309
48314
48319
48325
48330
48335
48341
48346
48351
48356
48362
48367
48372
48377
48383
48388
48393
48399
48404
48409
48414
48420
48425
48430
48436
48441
48446
48451
48457
48462
48467
48472
48477
48483
48488
48493
48498
48503
48508
48514
48519
48524
48529
48534
48540
48545
48550
48555
48560
48565
48570
48576
48581
48586
48591
48596
48601
48607
48612
48617
48622
48627
48632
48638
48643
48648
48653
48658
48663
48669
48674
48679
48684
48689
48694
48699
48705
48710
48715
48720
48725
48730
48736
48741
48746
48751
48756
48761
48767
48772
48777
48782
48787
48792
48798
48803
48808
48813
48818
48823
48829
48834
48839
48844
48849
48854
48860
48865
48870
48875
48880
48885
48891
48896
48901
48906
48911
48916
48921
48927
48932
48937
48942
48947
48952
48958
48963
48968
48973
48978
48984
48989
48994
49000
49005
49010
49015
49021
49027
49033
49039
49044
49050
49055
49060
49065
49071
49076
49081
49087
49092
49097
49102
49108
49113
49118
49124
49129
49134
49139
49145
49150
49155
49161
49166
49171
49177
49182
49187
49192
49198
49203
49208
49214
49219
49224
49230
49235
49241
49246
49251
49257
49262
49267
49273
49278
49284
49289
49294
49300
49306
49311
49316
49321
49327
49332
49337
49342
49348
49353
49358
49364
49369
49374
49379
49385
49390
49395
49400
49406
49411
49416
49422
49427
49432
49437
49443
49448
49453
49458
49464
49469
49474
49480
49485
49490
49495
49501
49506
49511
49517
49522
49527
49532
49538
49543
49548
49553
49559
49564
49569
49575
49580
49585
49590
49596
49601
49606
49612
49617
49622
49627
49633
49638
49643
49649
49654
49659
49664
49670
49675
49680
49686
49691
49696
49702
49707
49712
49718
49723
49728
49733
49739
49744
49749
49755
49760
49765
49771
49776
49781
49787
49792
49797
49802
49808
49813
49818
49824
49829
49834
49840
49845
49850
49855
49861
49866
49871
49877
49882
49887
49893
49898
49903
49908
49914
49919
49924
49930
49935
49940
49946
49951
49956
49961
49967
49972
49977
49983
49988
49993
49999
50004
50009
50015
50020
50025
50031
50036
50041
50046
50052
50057
50062
50068
50073
50078
50083
50089
50094
50099
50105
50110
50115
50120
50126
50131
50136
50142
50147
50152
50157
50163
50168
50173
50179
50184
50189
50194
50200
50205
50210
50216
50221
50226
50231
50237
50242
50247
50253
50258
50263
50269
50274
50279
50284
50290
50295
50300
50306
50311
50316
50321
50327
50332
50337
50343
50348
50353
50359
50364
50369
50374
50380
50385
50390
50395
50401
50406
50411
50417
50422
50427
50432
50438
50443
50448
50453
50459
50464
50469
50475
50480
50485
50490
50496
50501
50506
50512
50517
50522
50527
50533
50538
50543
50549
50554
50559
50564
50570
50575
50580
50586
50591
50596
50601
50607
50612
50617
50622
50628
50633
50638
50644
50649
50654
50659
50665
50670
50675
50680
50686
50691
50696
50702
50707
50712
50717
50723
50728
50733
50739
50744
50749
50754
50760
50765
50770
50776
50781
50786
50792
50797
50803
50809
50815
50820
50825
50831
50836
50841
50847
50852
50857
50862
50868
50873
50878
50883
50889
50894
50899
50905
50910
50915
50920
50926
50931
50936
50941
50947
50952
50957
50963
50968
50973
50978
50984
50989
50994
51000
51005
51010
51015
51021
51026
51031
51037
51042
51047
51052
51058
51063
51068
51074
51079
51084
51089
51095
51100
51105
51111
51116
51121
51127
51132
51137
51142
51148
51153
51158
51164
51169
51174
51180
51185
51190
51196
51201
51206
51212
51217
51222
51228
51233
51238
51243
51249
51254
51259
51265
51270
51275
51281
51286
51291
51297
51302
51307
51313
51318
51323
51329
51334
51339
51344
51350
51355
51360
51366
51371
51376
51382
51387
51392
51398
51403
51408
51413
51419
51424
51429
51434
51440
51445
51450
51456
51461
51466
51471
51477
51482
51487
51492
51497
51502
51508
51513
51518
51523
51528
51533
51539
51544
51549
51554
51559
51564
51570
51575
51580
51585
51590
51595
51601
51606
51611
51616
51621
51626
51632
51637
51642
51647
51652
51657
51663
51668
51673
51678
51683
51688
51694
51699
51704
51709
51714
51719
51725
51730
51735
51740
51745
51751
51756
51761
51766
51771
51776
51782
51787
51792
51797
51802
51807
51812
51818
51823
51828
51833
51838
51843
51849
51854
51859
51864
51869
51874
51880
51885
51890
51895
51900
51906
51911
51916
51921
51926
51931
51936
51942
51947
51952
51957
51962
51967
51973
51978
51983
51988
51994
51999
52004
52009
52015
52020
52025
52030
52036
52041
52046
52051
52057
52062
52067
52072
52078
52083
52088
52093
52099
52104
52109
52115
52120
52125
52130
52135
52141
52146
52151
52156
52162
52167
52172
52177
52183
52188
52193
52199
52204
52209
52215
52220
52225
52230
52236
52241
52246
52251
52257
52262
52267
52272
52278
52283
52288
52293
52299
52304
52309
52315
52320
52325
52330
52336
52341
52346
52352
52357
52362
52367
52373
52378
52383
52388
52394
52399
52404
52410
52415
52420
52425
52431
52436
52442
52447
52452
52457
52463
52468
52473
52478
52484
52489
52494
52500
52505
52510
52515
52521
52526
52531
52537
52542
52547
52552
52558
52563
52568
52574
52579
52584
52589
52595
52600
52605
52611
52616
52621
52627
52632
52637
52643
52648
52653
52658
52664
52669
52674
52680
52685
52690
52696
52701
52706
52711
52717
52722
52727
52733
52738
52743
52748
52754
52759
52764
52770
52775
52780
52786
52791
52796
52801
52807
52812
52818
52823
52828
52834
52839
52844
52849
52855
52860
52865
52870
52876
52881
52886
52892
52897
52902
52907
52913
52918
52923
52928
52934
52939
52944
52949
52955
52960
52965
52971
52976
52981
52987
52992
52997
53002
53008
53013
53018
53023
53029
53034
53039
53045
53050
53055
53060
53066
53071
53076
53082
53087
53092
53097
53103
53108
53113
53119
53124
53129
53134
53140
53145
53150
53156
53161
53166
53171
53177
53182
53187
53193
53198
53203
53208
53214
53219
53224
53229
53235
53240
53245
53251
53256
53261
53266
53272
53277
53282
53287
53293
53298
