time (ms),latency (ms),consume (ms)
0,7,0
8,3,8
13,2,5
20,2,7
27,3,7
33,1,6
41,1,8
47,1,6
54,2,7
61,2,7
68,1,7
75,2,7
82,1,7
93,3,11
100,1,7
107,1,7
114,1,7
121,1,7
128,1,7
135,1,7
141,1,6
148,1,7
154,1,6
161,1,7
168,1,7
176,2,8
183,1,7
190,1,7
197,1,7
204,1,7
211,1,7
218,1,7
225,1,7
233,2,8
240,1,7
246,1,6
252,0,6
259,1,7
266,1,7
273,1,7
280,1,7
287,2,7
293,1,6
300,1,7
307,1,7
314,1,7
321,1,7
330,4,9
337,1,7
345,1,8
351,1,6
357,1,6
363,1,6
369,0,6
376,1,7
383,1,7
390,1,7
397,1,7
404,1,7
411,1,7
418,1,7
426,1,8
434,2,8
441,1,7
448,1,7
455,2,7
461,1,6
467,1,6
473,1,6
479,1,6
485,1,6
492,1,7
498,1,6
504,1,6
511,1,7
518,1,7
525,1,7
534,2,9
540,1,6
548,2,8
555,1,7
563,2,8
570,2,7
578,3,8
586,2,8
592,1,6
598,0,6
605,1,7
612,1,7
618,1,6
625,1,7
632,1,7
640,1,8
646,1,6
653,1,7
661,2,8
667,1,6
673,0,6
680,1,7
686,1,6
692,1,6
698,1,6
704,0,6
710,0,6
716,0,6
724,2,8
730,1,6
736,1,6
743,1,7
750,1,7
756,0,6
765,3,9
771,1,6
777,1,6
787,1,10
794,1,7
801,1,7
807,1,6
814,1,7
822,2,8
829,1,7
837,1,8
844,0,7
851,1,7
858,1,7
866,1,8
872,1,6
879,1,7
885,0,6
892,1,7
898,1,6
904,1,6
910,1,6
916,1,6
922,1,6
928,1,6
935,1,7
941,1,6
948,1,7
954,1,6
961,1,7
967,1,6
973,1,6
981,2,8
987,0,6
993,0,6
1000,1,7
1006,0,6
1012,0,6
1018,0,6
1024,1,6
1031,1,7
1038,1,7
1044,1,6
1051,1,7
1057,1,6
1064,1,7
1070,1,6
1079,1,9
1086,1,7
1092,0,6
1099,1,7
1104,0,5
1110,0,6
1116,0,6
1122,0,6
1128,0,6
1134,0,6
1141,1,7
1149,1,8
1156,1,7
1163,2,7
1169,1,6
1176,1,7
1183,2,7
1189,1,6
1195,1,6
1202,1,7
1208,1,6
1216,1,8
1223,1,7
1231,2,8
1238,1,7
1245,2,7
1253,2,8
1260,1,7
1268,2,8
1275,1,7
1282,1,7
1288,1,6
1296,1,8
1308,1,12
1316,1,8
1323,2,7
1329,1,6
1336,1,7
1343,1,7
1350,2,7
1356,1,6
1363,1,7
1369,1,6
1376,1,7
1382,1,6
1388,0,6
1394,0,6
1400,0,6
1407,1,7
1413,1,6
1419,0,6
1425,0,6
1432,1,7
1438,1,6
1445,1,7
1451,1,6
1457,1,6
1464,1,7
1470,1,6
1489,13,19
1489,2,0
1494,1,5
1500,0,6
1506,0,6
1514,3,8
1520,1,6
1525,0,5
1531,1,6
1537,1,6
1543,1,6
1549,1,6
1555,1,6
1561,1,6
1567,1,6
1573,1,6
1579,1,6
1585,1,6
1593,3,8
1600,2,7
1606,1,6
1612,1,6
1617,0,5
1623,1,6
1629,1,6
1635,1,6
1643,3,8
1649,1,6
1656,2,7
1663,2,7
1670,2,7
1674,0,4
1682,2,8
1690,3,8
1697,2,7
1705,2,8
1712,2,7
1719,2,7
1726,1,7
1733,1,7
1739,1,6
1745,1,6
1752,1,7
1758,1,6
1765,1,7
1772,1,7
1778,1,6
1785,1,7
1791,1,6
1798,1,7
1804,1,6
1811,1,7
1819,3,8
1827,1,8
1834,1,7
1840,1,6
1846,1,6
1853,2,7
1859,1,6
1866,1,7
1872,1,6
1878,1,6
1884,1,6
1890,1,6
1896,1,6
1903,1,7
1909,1,6
1915,0,6
1922,1,7
1929,1,7
1935,1,6
1942,1,7
1949,1,7
1955,1,6
1962,1,7
1968,1,6
1975,1,7
1981,0,6
1988,1,7
1995,2,7
2003,1,8
2010,1,7
2016,1,6
2025,3,9
2031,0,6
2037,0,6
2044,1,7
2050,1,6
2056,1,6
2063,1,7
2069,1,6
2076,1,7
2082,1,6
2088,0,6
2094,0,6
2101,1,7
2107,1,6
2113,1,6
2128,6,15
2128,1,0
2133,1,5
2138,0,5
2144,1,6
2149,0,5
2156,1,7
2163,1,7
2170,1,7
2182,5,12
2189,1,7
2195,1,6
2202,1,7
2210,2,8
2217,1,7
2224,1,7
2230,1,6
2236,0,6
2243,1,7
2250,1,7
2257,1,7
2263,1,6
2270,1,7
2277,1,7
2283,1,6
2290,1,7
2297,1,7
2307,1,10
2314,2,7
2319,1,5
2326,2,7
2332,2,6
2338,2,6
2353,2,15
2358,0,5
2364,1,6
2369,0,5
2375,1,6
2382,1,7
2388,1,6
2395,2,7
2401,1,6
2407,0,6
2413,0,6
2419,0,6
2426,1,7
2432,1,6
2439,1,7
2446,1,7
2453,1,7
2460,1,7
2466,1,6
2472,0,6
2481,3,9
2488,2,7
2496,3,8
2503,1,7
2510,1,7
2517,1,7
2526,1,9
2533,1,7
2544,3,11
2552,3,8
2560,2,8
2569,2,9
2575,1,6
2584,1,9
2591,1,7
2618,7,27
2630,3,12
2637,1,7
2644,1,7
2651,2,7
2657,1,6
2664,1,7
2670,1,6
2677,1,7
2683,1,6
2690,1,7
2696,1,6
2702,1,6
2709,2,7
2716,1,7
2722,1,6
2728,0,6
2734,0,6
2741,1,7
2747,1,6
2753,0,6
2760,1,7
2766,1,6
2772,0,6
2779,1,7
2785,1,6
2791,0,6
2798,1,7
2804,0,6
2811,1,7
2817,1,6
2823,1,6
2829,1,6
2835,1,6
2841,1,6
2848,1,7
2854,1,6
2861,1,7
2867,1,6
2874,1,7
2883,1,9
2889,1,6
2896,1,7
2903,1,7
2910,1,7
2916,0,6
2923,1,7
2930,1,7
2936,1,6
2942,0,6
2949,1,7
2955,0,6
2962,1,7
2968,1,6
2975,1,7
2981,1,6
2988,1,7
2994,1,6
3001,1,7
3008,2,7
3014,1,6
3021,1,7
3027,1,6
3034,1,7
3041,1,7
3048,1,7
3054,1,6
3060,1,6
3066,0,6
3073,1,7
3079,1,6
3085,1,6
3092,1,7
3098,0,6
3105,1,7
3111,1,6
3118,1,7
3124,1,6
3131,1,7
3137,1,6
3144,1,7
3150,1,6
3157,1,7
3163,1,6
3170,1,7
3178,2,8
3186,2,8
3193,1,7
3201,2,8
3208,1,7
3216,2,8
3224,2,8
3231,1,7
3239,2,8
3246,2,7
3254,2,8
3263,3,9
3272,3,9
3280,2,8
3287,1,7
3295,2,8
3305,4,10
3317,2,12
3324,1,7
3331,1,7
3339,2,8
3346,2,7
3354,2,8
3361,1,7
3368,1,7
3376,2,8
3383,1,7
3390,1,7
3398,2,8
3405,1,7
3413,2,8
3420,2,7
3427,2,7
3434,1,7
3441,2,7
3447,1,6
3454,2,7
3461,1,7
3469,2,8
3478,3,9
3488,1,10
3495,1,7
3503,2,8
3510,1,7
3516,1,6
3522,1,6
3528,1,6
3534,0,6
3540,0,6
3546,0,6
3553,1,7
3560,2,7
3566,1,6
3573,1,7
3579,1,6
3586,1,7
3597,5,11
3604,1,7
3611,1,7
3618,1,7
3624,1,6
3630,1,6
3636,1,6
3642,1,6
3649,1,7
3655,1,6
3662,1,7
3668,1,6
3675,1,7
3682,1,7
3688,1,6
3695,1,7
3705,1,10
3712,1,7
3722,5,10
3728,1,6
3735,1,7
3741,1,6
3747,1,6
3753,1,6
3760,1,7
3766,1,6
3772,1,6
3778,1,6
3785,1,7
3791,1,6
3797,1,6
3804,1,7
3810,0,6
3816,0,6
3823,1,7
3829,0,6
3836,1,7
3842,1,6
3848,1,6
3854,1,6
3861,1,7
3867,1,6
3873,1,6
3879,1,6
3886,1,7
3892,1,6
3898,0,6
3905,1,7
3911,1,6
3918,1,7
3924,1,6
3931,1,7
3937,1,6
3943,1,6
3949,1,6
3955,0,6
3961,0,6
3968,1,7
3975,1,7
3981,1,6
3987,1,6
3993,0,6
4000,1,7
4007,1,7
4013,1,6
4019,1,6
4026,1,7
4032,1,6
4038,1,6
4046,1,8
4054,3,8
4060,0,6
4067,1,7
4072,0,5
4079,1,7
4085,1,6
4092,1,7
4098,1,6
4104,1,6
4110,1,6
4117,1,7
4123,1,6
4129,0,6
4135,0,6
4141,0,6
4147,0,6
4154,1,7
4160,1,6
4167,1,7
4174,1,7
4181,1,7
4187,0,6
4194,1,7
4201,2,7
4207,1,6
4214,1,7
4221,1,7
4230,3,9
4239,1,9
4246,1,7
4252,1,6
4258,0,6
4265,1,7
4271,1,6
4277,0,6
4284,1,7
4290,1,6
4296,1,6
4302,1,6
4308,0,6
4315,1,7
4321,0,6
4328,1,7
4335,1,7
4341,1,6
4350,4,9
4360,1,10
4367,2,7
4373,1,6
4379,1,6
4386,1,7
4392,1,6
4398,1,6
4404,0,6
4410,0,6
4417,2,7
4423,1,6
4429,1,6
4436,1,7
4442,1,6
4448,1,6
4455,1,7
4461,1,6
4468,1,7
4474,1,6
4480,1,6
4486,0,6
4493,1,7
4499,1,6
4505,1,6
4512,1,7
4526,6,14
4533,1,7
4539,0,6
4546,1,7
4552,1,6
4558,1,6
4564,1,6
4570,1,6
4577,2,7
4583,1,6
4590,1,7
4596,1,6
4602,1,6
4609,1,7
4615,1,6
4621,1,6
4627,1,6
4633,1,6
4639,1,6
4646,1,7
4652,1,6
4658,1,6
4664,1,6
4670,1,6
4677,0,7
4684,1,7
4690,1,6
4697,1,7
4703,1,6
4709,1,6
4716,1,7
4723,2,7
4729,1,6
4735,1,6
4741,1,6
4747,1,6
4758,5,11
4765,1,7
4772,2,7
4778,1,6
4784,0,6
4791,1,7
4797,1,6
4803,1,6
4809,0,6
4815,0,6
4830,5,15
4836,1,6
4842,0,6
4848,0,6
4854,0,6
4860,0,6
4867,1,7
4873,1,6
4879,1,6
4886,1,7
4892,1,6
4899,1,7
4905,1,6
4911,1,6
4917,0,6
4923,0,6
4929,0,6
4940,1,11
4946,1,6
4952,1,6
4958,0,6
4966,2,8
4973,1,7
4980,1,7
4986,1,6
4993,1,7
5001,1,8
5007,1,6
5013,1,6
5019,0,6
5025,0,6
5032,1,7
5038,1,6
5044,1,6
5050,1,6
5056,1,6
5063,1,7
5069,1,6
5075,0,6
5082,1,7
5090,1,8
5096,0,6
5103,1,7
5109,0,6
5116,1,7
5122,1,6
5129,1,7
5135,1,6
5141,1,6
5147,1,6
5153,1,6
5159,1,6
5165,1,6
5172,1,7
5178,1,6
5185,1,7
5194,3,9
5204,1,10
5211,1,7
5217,1,6
5223,0,6
5230,1,7
5237,1,7
5244,2,7
5250,1,6
5257,1,7
5263,1,6
5270,1,7
5276,1,6
5283,1,7
5289,1,6
5295,1,6
5301,0,6
5308,1,7
5314,1,6
5321,1,7
5327,1,6
5334,1,7
5340,1,6
5346,0,6
5353,1,7
5359,1,6
5365,0,6
5372,1,7
5378,1,6
5385,1,7
5391,1,6
5397,1,6
5404,1,7
5411,1,7
5417,1,6
5424,1,7
5430,1,6
5436,0,6
5442,0,6
5456,1,14
5462,1,6
5468,1,6
5475,1,7
5481,1,6
5487,0,6
5494,1,7
5500,1,6
5506,1,6
5512,1,6
5519,1,7
5525,1,6
5531,1,6
5537,0,6
5544,1,7
5550,1,6
5556,1,6
5563,1,7
5569,1,6
5575,1,6
5582,1,7
5588,1,6
5594,0,6
5600,0,6
5607,1,7
5613,1,6
5619,1,6
5626,1,7
5632,1,6
5639,1,7
5645,1,6
5651,1,6
5657,0,6
5664,1,7
5670,1,6
5677,1,7
5684,1,7
5690,1,6
5697,1,7
5703,1,6
5710,1,7
5716,1,6
5723,1,7
5730,1,7
5740,1,10
5747,1,7
5754,1,7
5760,1,6
5767,1,7
5774,1,7
5780,0,6
5787,1,7
5794,1,7
5801,1,7
5808,1,7
5815,1,7
5822,1,7
5828,1,6
5835,1,7
5841,1,6
5848,1,7
5854,1,6
5861,1,7
5867,0,6
5874,1,7
5881,1,7
5887,1,6
5894,1,7
5901,1,7
5908,2,7
5914,1,6
5921,1,7
5927,1,6
5934,1,7
5940,1,6
5947,1,7
5953,1,6
5960,1,7
5967,1,7
5973,1,6
5980,1,7
5987,1,7
5993,1,6
6000,1,7
6008,1,8
6015,1,7
6022,1,7
6028,1,6
6035,1,7
6041,1,6
6047,1,6
6054,1,7
6060,1,6
6066,0,6
6073,1,7
6079,1,6
6092,1,13
6098,1,6
6104,1,6
6111,1,7
6117,1,6
6123,1,6
6129,0,6
6136,1,7
6142,1,6
6148,1,6
6154,1,6
6160,1,6
6166,1,6
6173,1,7
6180,1,7
6186,1,6
6193,1,7
6200,1,7
6207,1,7
6213,1,6
6219,0,6
6226,1,7
6233,2,7
6239,1,6
6246,1,7
6252,1,6
6262,2,10
6272,1,10
6279,2,7
6285,1,6
6291,0,6
6298,1,7
6304,1,6
6310,1,6
6316,1,6
6322,1,6
6328,1,6
6335,1,7
6341,1,6
6348,1,7
6354,1,6
6360,0,6
6366,0,6
6373,1,7
6379,1,6
6386,1,7
6392,1,6
6399,1,7
6405,1,6
6411,0,6
6417,0,6
6424,1,7
6430,1,6
6436,1,6
6442,0,6
6449,1,7
6455,1,6
6461,0,6
6467,0,6
6474,1,7
6480,1,6
6486,1,6
6492,1,6
6498,1,6
6504,0,6
6510,0,6
6517,1,7
6523,1,6
6530,1,7
6536,1,6
6542,1,6
6548,1,6
6554,0,6
6561,1,7
6567,1,6
6573,1,6
6584,1,11
6590,1,6
6597,1,7
6603,1,6
6609,0,6
6615,0,6
6621,0,6
6627,0,6
6634,1,7
6640,1,6
6646,1,6
6652,1,6
6659,1,7
6665,1,6
6671,0,6
6677,0,6
6684,1,7
6690,1,6
6697,1,7
6703,1,6
6710,1,7
6716,1,6
6722,0,6
6728,0,6
6735,1,7
6741,1,6
6747,1,6
6754,1,7
6760,1,6
6766,1,6
6773,1,7
6779,1,6
6785,0,6
6792,1,7
6798,1,6
6804,0,6
6811,1,7
6817,1,6
6823,0,6
6829,0,6
6835,0,6
6842,1,7
6848,1,6
6854,1,6
6860,1,6
6866,1,6
6872,1,6
6879,1,7
6885,1,6
6892,1,7
6898,1,6
6905,1,7
6911,1,6
6918,2,7
6924,1,6
6930,0,6
6937,1,7
6943,1,6
6949,0,6
6963,1,14
6969,1,6
6976,1,7
6982,1,6
6989,1,7
6995,1,6
7002,1,7
7008,1,6
7015,2,7
7021,1,6
7027,0,6
7036,0,9
7043,1,7
7049,1,6
7055,1,6
7061,0,6
7067,0,6
7074,0,7
7081,1,7
7087,1,6
7093,1,6
7099,1,6
7105,0,6
7112,1,7
7118,1,6
7125,1,7
7137,3,12
7140,1,3
7145,1,5
7151,1,6
7156,1,5
7161,1,5
7167,1,6
7172,1,5
7178,2,6
7183,1,5
7190,1,7
7201,1,11
7207,0,6
7213,0,6
7220,1,7
7226,1,6
7232,1,6
7238,1,6
7244,1,6
7251,1,7
7257,1,6
7263,0,6
7269,0,6
7276,1,7
7282,1,6
7288,1,6
7294,0,6
7301,1,7
7307,1,6
7312,0,5
7318,0,6
7325,1,7
7331,1,6
7337,1,6
7343,1,6
7349,1,6
7359,1,10
7366,1,7
7372,1,6
7378,1,6
7384,1,6
7391,1,7
7397,1,6
7402,0,5
7408,0,6
7415,1,7
7421,1,6
7427,1,6
7433,1,6
7439,1,6
7445,1,6
7451,1,6
7457,1,6
7463,0,6
7470,1,7
7476,1,6
7482,1,6
7492,1,10
7498,1,6
7504,1,6
7511,1,7
7518,1,7
7524,1,6
7531,1,7
7537,1,6
7544,1,7
7551,1,7
7557,1,6
7563,1,6
7570,1,7
7576,1,6
7582,1,6
7588,0,6
7595,1,7
7602,1,7
7609,1,7
7615,1,6
7622,1,7
7628,1,6
7634,1,6
7640,1,6
7646,0,6
7653,1,7
7659,1,6
7666,1,7
7672,1,6
7678,1,6
7685,1,7
7691,1,6
7698,1,7
7707,1,9
7713,1,6
7719,0,6
7725,0,6
7732,1,7
7738,1,6
7744,0,6
7750,0,6
7756,0,6
7763,1,7
7771,0,8
7778,1,7
7785,1,7
7791,1,6
7797,1,6
7803,0,6
7809,1,6
7815,1,6
7821,1,6
7827,1,6
7833,1,6
7839,0,6
7846,1,7
7852,1,6
7858,1,6
7864,1,6
7870,1,6
7876,1,6
7882,1,6
7888,1,6
7895,1,7
7901,1,6
7907,1,6
7913,0,6
7919,0,6
7925,1,6
7931,1,6
7937,1,6
7943,0,6
7950,1,7
7956,1,6
7962,1,6
7969,1,7
7975,1,6
7985,5,10
7991,1,6
7997,1,6
8003,1,6
8009,1,6
8015,1,6
8021,1,6
8027,1,6
8033,1,6
8040,2,7
8046,1,6
8052,1,6
8058,1,6
8064,1,6
8070,1,6
8076,0,6
8083,1,7
8090,1,7
8096,1,6
8103,1,7
8109,1,6
8116,1,7
8122,1,6
8128,0,6
8135,1,7
8141,1,6
8147,1,6
8154,1,7
8160,1,6
8166,1,6
8173,1,7
8180,1,7
8186,1,6
8197,1,11
8203,1,6
8210,1,7
8216,1,6
8223,1,7
8230,1,7
8237,1,7
8243,1,6
8250,1,7
8256,1,6
8264,1,8
8271,1,7
8277,1,6
8284,1,7
8290,1,6
8297,1,7
8304,2,7
8311,2,7
8318,2,7
8325,2,7
8331,1,6
8338,1,7
8345,1,7
8352,1,7
8359,1,7
8365,1,6
8371,1,6
8378,1,7
8385,1,7
8391,1,6
8398,1,7
8405,1,7
8411,1,6
8418,1,7
8424,0,6
8431,1,7
8438,2,7
8445,2,7
8452,1,7
8459,1,7
8467,2,8
8474,2,7
8481,2,7
8488,1,7
8494,0,6
8501,1,7
8507,1,6
8513,1,6
8519,1,6
8525,1,6
8531,1,6
8540,3,9
8547,1,7
8553,1,6
8559,0,6
8565,0,6
8572,1,7
8578,1,6
8585,2,7
8591,1,6
8600,1,9
8606,1,6
8612,1,6
8618,1,6
8624,1,6
8630,1,6
8636,1,6
8642,1,6
8648,0,6
8655,1,7
8661,1,6
8667,0,6
8673,0,6
8680,1,7
8686,1,6
8692,1,6
8698,1,6
8704,0,6
8710,0,6
8716,0,6
8722,0,6
8729,1,7
8735,1,6
8741,1,6
8747,1,6
8753,0,6
8760,1,7
8769,4,9
8775,1,6
8781,0,6
8787,1,6
8793,0,6
8800,1,7
8806,1,6
8812,1,6
8817,0,5
8823,0,6
8830,1,7
8836,1,6
8842,1,6
8848,1,6
8854,1,6
8860,1,6
8867,1,7
8874,2,7
8880,1,6
8886,1,6
8892,1,6
8898,1,6
8903,0,5
8909,0,6
8915,0,6
8923,0,8
8929,0,6
8936,0,7
8942,0,6
8948,0,6
8954,0,6
8960,1,6
8966,1,6
8972,0,6
8978,0,6
8984,1,6
8991,1,7
8997,1,6
9003,1,6
9008,0,5
9014,0,6
9020,0,6
9026,1,6
9032,1,6
9037,0,5
9043,0,6
9050,1,7
9056,1,6
9062,1,6
9068,0,6
9075,1,7
9081,1,6
9087,1,6
9093,1,6
9099,1,6
9105,0,6
9111,1,6
9117,1,6
9123,1,6
9129,1,6
9134,0,5
9140,0,6
9146,0,6
9152,1,6
9158,0,6
9165,1,7
9171,1,6
9177,0,6
9184,1,7
9192,3,8
9199,1,7
9206,1,7
9213,2,7
9219,1,6
9225,1,6
9231,0,6
9237,0,6
9243,0,6
9249,0,6
9256,1,7
9262,1,6
9269,1,7
9275,1,6
9281,1,6
9288,2,7
9294,0,6
9301,1,7
9307,1,6
9314,1,7
9320,1,6
9327,1,7
9334,1,7
9340,1,6
9347,1,7
9352,0,5
9358,0,6
9364,0,6
9370,0,6
9376,0,6
9382,1,6
9388,1,6
9394,1,6
9403,0,9
9409,0,6
9415,0,6
9421,0,6
9427,0,6
9434,1,7
9440,1,6
9446,1,6
9452,1,6
9458,1,6
9464,1,6
9470,0,6
9477,1,7
9483,1,6
9489,1,6
9496,1,7
9502,1,6
9508,1,6
9513,0,5
9519,0,6
9525,0,6
9531,1,6
9537,1,6
9543,1,6
9548,0,5
9554,0,6
9560,0,6
9567,1,7
9573,1,6
9579,1,6
9585,1,6
9591,1,6
9597,1,6
9603,1,6
9609,1,6
9615,0,6
9622,1,7
9628,1,6
9635,1,7
9641,0,6
9647,0,6
9653,0,6
9659,1,6
9665,1,6
9671,1,6
9677,0,6
9684,1,7
9690,1,6
9696,1,6
9702,1,6
9710,1,8
9716,1,6
9723,1,7
9730,1,7
9736,1,6
9743,1,7
9749,1,6
9756,1,7
9762,1,6
9769,1,7
9775,1,6
9781,0,6
9788,1,7
9794,1,6
9800,1,6
9806,1,6
9812,1,6
9820,2,8
9827,1,7
9834,1,7
9841,1,7
9849,2,8
9856,2,7
9863,1,7
9870,1,7
9877,1,7
9885,2,8
9891,1,6
9898,1,7
9905,1,7
9913,2,8
9921,2,8
9926,1,5
9931,1,5
9936,1,5
9942,1,6
9947,1,5
9953,2,6
9958,1,5
9964,2,6
9969,1,5
9974,1,5
9980,2,6
9985,1,5
9990,1,5
9995,1,5
10000,1,5
10006,1,6
10011,1,5
10016,1,5
10022,1,6
10027,1,5
10032,1,5
10038,2,6
10043,1,5
10048,1,5
10054,2,6
10059,1,5
10064,1,5
10070,2,6
10076,2,6
10080,1,4
10090,5,10
10091,1,1
10098,1,7
10105,1,7
10115,2,10
10121,1,6
10127,1,6
10133,1,6
10139,0,6
10146,1,7
10152,1,6
10159,1,7
10165,1,6
10171,1,6
10177,0,6
10183,0,6
10190,1,7
10196,1,6
10202,1,6
10208,1,6
10214,1,6
10220,1,6
10226,1,6
10232,1,6
10238,1,6
10244,1,6
10250,0,6
10257,1,7
10263,1,6
10269,0,6
10275,0,6
10282,1,7
10288,1,6
10294,1,6
10300,0,6
10306,0,6
10316,1,10
10323,2,7
10329,1,6
10336,1,7
10342,1,6
10349,1,7
10355,1,6
10361,1,6
10367,0,6
10373,1,6
10379,1,6
10385,1,6
10390,0,5
10396,0,6
10402,1,6
10409,1,7
10415,1,6
10421,1,6
10427,0,6
10434,1,7
10440,1,6
10446,1,6
10452,0,6
10459,1,7
10465,1,6
10471,1,6
10476,0,5
10482,0,6
10488,0,6
10495,1,7
10501,1,6
10507,1,6
10513,1,6
10524,1,11
10530,1,6
10536,1,6
10543,1,7
10549,1,6
10555,1,6
10562,1,7
10568,1,6
10575,1,7
10581,1,6
10587,1,6
10593,1,6
10599,1,6
10605,1,6
10611,1,6
10617,1,6
10623,1,6
10630,1,7
10637,1,7
10643,1,6
10650,1,7
10656,1,6
10662,0,6
10669,1,7
10675,1,6
10682,1,7
10688,1,6
10694,1,6
10701,1,7
10707,1,6
10713,1,6
10719,0,6
10725,1,6
10731,1,6
10737,1,6
10744,1,7
10755,1,11
10761,1,6
10767,0,6
10773,0,6
10780,1,7
10786,1,6
10792,1,6
10798,1,6
10804,0,6
10811,1,7
10816,0,5
10822,0,6
10828,0,6
10835,1,7
10841,1,6
10847,1,6
10853,0,6
10859,1,6
10865,0,6
10872,1,7
10878,1,6
10884,1,6
10890,0,6
10896,0,6
10902,0,6
10908,0,6
10914,0,6
10921,0,7
10927,0,6
10933,0,6
10939,0,6
10946,1,7
10952,1,6
10958,1,6
10964,1,6
10970,1,6
10976,1,6
10982,0,6
10989,1,7
10995,1,6
11001,1,6
11007,1,6
11013,1,6
11020,1,7
11026,1,6
11032,1,6
11038,1,6
11044,0,6
11051,1,7
11057,1,6
11063,1,6
11069,1,6
11075,1,6
11082,1,7
11088,1,6
11094,1,6
11100,0,6
11106,0,6
11112,0,6
11118,0,6
11124,1,6
11130,1,6
11136,1,6
11142,1,6
11148,1,6
11154,1,6
11160,0,6
11166,0,6
11173,1,7
11179,1,6
11185,1,6
11191,1,6
11197,1,6
11207,5,10
11214,1,7
11220,1,6
11226,1,6
11232,1,6
11238,0,6
11245,1,7
11251,1,6
11257,1,6
11263,0,6
11269,0,6
11275,0,6
11281,0,6
11287,0,6
11294,1,7
11300,1,6
11307,1,7
11313,1,6
11319,1,6
11325,0,6
11331,0,6
11337,0,6
11344,1,7
11350,1,6
11356,0,6
11363,1,7
11369,1,6
11376,1,7
11382,1,6
11388,1,6
11394,0,6
11401,1,7
11407,1,6
11412,0,5
11418,0,6
11424,0,6
11430,0,6
11436,0,6
11444,3,8
11451,2,7
11457,1,6
11464,1,7
11471,2,7
11477,1,6
11484,1,7
11495,5,11
11502,2,7
11508,1,6
11514,1,6
11521,1,7
11527,1,6
11533,1,6
11539,0,6
11546,1,7
11552,1,6
11558,1,6
11564,0,6
11571,1,7
11577,1,6
11584,1,7
11591,1,7
11598,1,7
11605,1,7
11611,1,6
11618,1,7
11624,0,6
11632,2,8
11638,1,6
11645,1,7
11652,1,7
11658,1,6
11664,1,6
11671,1,7
11681,1,10
11690,4,9
11700,1,10
11706,1,6
11714,2,8
11720,1,6
11727,1,7
11736,1,9
11742,1,6
11748,1,6
11754,1,6
11760,1,6
11766,1,6
11772,1,6
11777,0,5
11789,2,12
11798,3,9
11806,2,8
11813,1,7
11819,1,6
11825,1,6
11832,1,7
11838,1,6
11845,1,7
11851,1,6
11857,1,6
11863,1,6
11869,1,6
11875,1,6
11881,1,6
11894,1,13
11899,0,5
11906,1,7
11912,1,6
11919,1,7
11925,1,6
11931,0,6
11938,1,7
11944,1,6
11950,0,6
11956,0,6
11962,0,6
11968,1,6
11974,1,6
11980,1,6
11986,1,6
11992,1,6
11998,1,6
12003,0,5
12009,0,6
12018,3,9
12028,1,10
12034,1,6
12041,1,7
12047,1,6
12054,1,7
12061,1,7
12067,1,6
12074,1,7
12080,1,6
12086,1,6
12092,1,6
12098,1,6
12104,1,6
12112,1,8
12118,1,6
12124,1,6
12132,1,8
12152,10,20
12152,5,0
12153,1,1
12159,1,6
12164,1,5
12169,1,5
12175,1,6
12180,1,5
12185,1,5
12191,1,6
12196,1,5
12202,1,6
12207,1,5
12212,0,5
12218,1,6
12223,1,5
12229,1,6
12235,2,6
12240,1,5
12245,1,5
12251,0,6
12258,1,7
12264,1,6
12270,1,6
12276,1,6
12282,1,6
12288,1,6
12295,1,7
12301,1,6
12308,1,7
12314,1,6
12321,1,7
12327,1,6
12334,1,7
12340,1,6
12346,0,6
12353,1,7
12359,1,6
12366,1,7
12372,1,6
12379,1,7
12385,1,6
12391,1,6
12397,0,6
12404,1,7
12410,1,6
12416,1,6
12423,1,7
12429,1,6
12436,1,7
12442,1,6
12448,1,6
12455,1,7
12461,1,6
12467,1,6
12473,0,6
12479,0,6
12485,0,6
12491,0,6
12497,0,6
12503,0,6
12509,1,6
12515,1,6
12522,1,7
12528,1,6
12534,1,6
12540,1,6
12546,1,6
12553,1,7
12559,1,6
12566,1,7
12572,1,6
12578,1,6
12584,1,6
12591,1,7
12596,0,5
12603,1,7
12608,0,5
12614,0,6
12620,0,6
12626,0,6
12632,0,6
12638,0,6
12644,0,6
12650,1,6
12657,1,7
12663,1,6
12670,1,7
12677,1,7
12683,1,6
12689,1,6
12695,1,6
12701,1,6
12707,0,6
12713,1,6
12719,0,6
12725,1,6
12731,1,6
12737,0,6
12743,0,6
12749,0,6
12756,1,7
12762,1,6
12768,1,6
12774,1,6
12780,0,6
12786,0,6
12792,0,6
12798,0,6
12804,0,6
12810,0,6
12816,1,6
12822,1,6
12828,1,6
12835,1,7
12842,1,7
12848,1,6
12854,1,6
12860,1,6
12866,0,6
12873,1,7
12879,1,6
12886,1,7
12892,1,6
12900,1,8
12906,1,6
12912,0,6
12919,1,7
12925,1,6
12931,1,6
12937,1,6
12943,0,6
12950,1,7
12957,1,7
12963,1,6
12969,1,6
12976,1,7
12983,1,7
12989,1,6
12996,1,7
13002,1,6
13008,1,6
13014,1,6
13020,0,6
13027,1,7
13033,1,6
13040,2,7
13046,1,6
13052,0,6
13059,1,7
13065,1,6
13071,1,6
13077,0,6
13084,1,7
13090,1,6
13096,0,6
13103,0,7
13110,1,7
13116,1,6
13122,0,6
13128,0,6
13134,0,6
13140,0,6
13146,0,6
13152,0,6
13159,1,7
13165,1,6
13172,1,7
13178,1,6
13184,1,6
13191,1,7
13197,1,6
13203,1,6
13217,1,14
13224,1,7
13231,1,7
13237,1,6
13244,1,7
13250,1,6
13256,1,6
13262,0,6
13269,1,7
13276,2,7
13282,1,6
13292,1,10
13299,1,7
13305,1,6
13311,1,6
13318,1,7
13324,1,6
13330,1,6
13336,0,6
13343,1,7
13349,1,6
13355,0,6
13362,1,7
13368,1,6
13375,1,7
13381,1,6
13387,1,6
13393,0,6
13399,0,6
13406,1,7
13412,1,6
13418,0,6
13425,1,7
13431,1,6
13437,1,6
13443,0,6
13449,0,6
13455,0,6
13461,0,6
13467,0,6
13473,0,6
13479,0,6
13485,0,6
13491,0,6
13497,0,6
13504,1,7
13510,1,6
13516,0,6
13523,1,7
13529,1,6
13535,1,6
13541,0,6
13548,1,7
13554,1,6
13560,1,6
13566,1,6
13572,0,6
13578,1,6
13584,1,6
13590,1,6
13596,0,6
13603,1,7
13609,1,6
13616,1,7
13622,1,6
13628,1,6
13635,1,7
13641,1,6
13647,1,6
13653,0,6
13660,1,7
13666,1,6
13673,1,7
13679,1,6
13685,1,6
13692,1,7
13698,1,6
13704,0,6
13711,1,7
13717,1,6
13723,1,6
13729,0,6
13736,1,7
13742,1,6
13749,1,7
13755,1,6
13762,1,7
13769,1,7
13775,1,6
13782,2,7
13788,0,6
13794,0,6
13800,0,6
13806,0,6
13812,0,6
13818,0,6
13825,1,7
13831,1,6
13838,1,7
13844,1,6
13850,1,6
13856,1,6
13862,0,6
13869,1,7
13875,0,6
13882,1,7
13888,1,6
13894,1,6
13906,7,12
13912,0,6
13919,1,7
13925,1,6
13931,0,6
13938,1,7
13944,1,6
13951,1,7
13957,1,6
13963,1,6
13969,1,6
13975,0,6
13981,0,6
13987,0,6
13994,1,7
14000,1,6
14006,1,6
14012,1,6
14018,1,6
14024,1,6
14030,1,6
14037,1,7
14044,1,7
14050,1,6
14058,1,8
14064,1,6
14071,1,7
14077,1,6
14083,0,6
14089,0,6
14096,1,7
14102,1,6
14108,0,6
14114,0,6
14120,0,6
14126,0,6
14132,1,6
14138,1,6
14144,1,6
14150,1,6
14156,0,6
14162,0,6
14170,2,8
14180,1,10
14186,1,6
14193,1,7
14199,1,6
14206,1,7
14213,1,7
14219,0,6
14226,1,7
14233,1,7
14240,1,7
14247,2,7
14254,2,7
14261,2,7
14268,1,7
14274,1,6
14280,1,6
14286,1,6
14292,1,6
14298,1,6
14305,1,7
14311,1,6
14317,1,6
14323,1,6
14329,0,6
14336,1,7
14342,1,6
14348,1,6
14354,1,6
14360,1,6
14366,0,6
14373,1,7
14379,1,6
14385,1,6
14391,1,6
14397,1,6
14403,1,6
14409,1,6
14416,1,7
14422,1,6
14428,1,6
14434,1,6
14440,0,6
14447,1,7
14453,1,6
14459,1,6
14465,1,6
14471,0,6
14478,1,7
14484,1,6
14490,1,6
14498,2,8
14504,1,6
14510,0,6
14517,1,7
14523,1,6
14529,1,6
14535,1,6
14541,1,6
14547,1,6
14553,1,6
14559,0,6
14566,1,7
14572,1,6
14577,0,5
14584,1,7
14590,1,6
14596,1,6
14602,1,6
14608,1,6
14614,1,6
14620,0,6
14627,1,7
14633,1,6
14639,1,6
14645,1,6
14651,1,6
14657,1,6
14663,1,6
14670,1,7
14677,2,7
14683,1,6
14689,1,6
14695,0,6
14702,1,7
14708,1,6
14714,1,6
14720,1,6
14726,1,6
14733,1,7
14739,1,6
14747,2,8
14753,1,6
14760,1,7
14767,1,7
14774,2,7
14780,1,6
14787,1,7
14794,2,7
14801,2,7
14807,1,6
14814,1,7
14821,1,7
14828,1,7
14834,1,6
14841,1,7
14847,1,6
14853,0,6
14860,1,7
14866,1,6
14873,1,7
14880,1,7
14886,1,6
14893,1,7
14899,0,6
14906,1,7
14912,1,6
14919,1,7
14925,1,6
14932,1,7
14938,1,6
14945,1,7
14952,1,7
14958,1,6
14965,1,7
14971,0,6
14978,1,7
14985,1,7
14992,1,7
14998,1,6
15008,2,10
15012,1,4
15019,2,7
15023,0,4
15029,1,6
15034,1,5
15039,0,5
15045,1,6
15050,1,5
15055,0,5
15061,1,6
15066,1,5
15071,0,5
15077,1,6
15082,1,5
15089,2,7
15093,0,4
15099,1,6
15104,1,5
15110,1,6
15115,1,5
15120,1,5
15126,1,6
15131,1,5
15136,1,5
15142,2,6
15147,1,5
15152,1,5
15158,1,6
15163,1,5
15168,1,5
15173,1,5
15179,1,6
15184,1,5
15189,1,5
15194,1,5
15200,1,6
15205,1,5
15211,2,6
15216,1,5
15221,1,5
15226,1,5
15232,1,6
15237,1,5
15243,1,6
15248,1,5
15253,1,5
15259,1,6
15264,1,5
15269,1,5
15275,1,6
15280,1,5
15285,1,5
15291,1,6
15296,1,5
15301,1,5
15306,0,5
15311,0,5
15317,1,6
15322,0,5
15328,1,6
15333,1,5
15338,1,5
15344,1,6
15349,1,5
15354,0,5
15360,1,6
15365,1,5
15371,1,6
15376,1,5
15381,0,5
15387,1,6
15392,1,5
15398,1,6
15403,1,5
15409,1,6
15414,1,5
15419,0,5
15424,0,5
15430,1,6
15436,1,6
15441,1,5
15446,1,5
15452,1,6
15457,1,5
15462,0,5
15467,0,5
15473,1,6
15478,0,5
15483,0,5
15489,1,6
15494,1,5
15500,1,6
15505,1,5
15511,1,6
15517,1,6
15523,1,6
15529,1,6
15536,1,7
15542,1,6
15548,1,6
15554,1,6
15560,1,6
15567,1,7
15573,1,6
15578,0,5
15584,0,6
15590,0,6
15597,1,7
15603,1,6
15610,1,7
15615,0,5
15621,0,6
15627,0,6
15634,1,7
15640,1,6
15647,1,7
15653,1,6
15659,1,6
15666,1,7
15672,1,6
15678,1,6
15684,1,6
15690,1,6
15696,1,6
15702,0,6
15709,1,7
15715,1,6
15722,1,7
15728,1,6
15734,1,6
15740,0,6
15747,1,7
15753,1,6
15760,1,7
15766,1,6
15773,1,7
15779,1,6
15785,0,6
15791,1,6
15798,1,7
15804,1,6
15810,1,6
15816,0,6
15822,0,6
15828,0,6
15834,0,6
15840,0,6
15847,1,7
15853,1,6
15859,1,6
15872,1,13
15878,1,6
15883,0,5
15889,0,6
15895,0,6
15901,1,6
15907,0,6
15913,0,6
15919,0,6
15926,1,7
15932,1,6
15938,0,6
15945,1,7
15951,1,6
15957,1,6
15963,1,6
15970,2,7
15976,1,6
15982,0,6
15989,1,7
15995,1,6
16001,1,6
16007,1,6
16013,0,6
16019,0,6
16025,0,6
16031,0,6
16037,1,6
16043,1,6
16049,1,6
16055,1,6
16061,1,6
16067,1,6
16073,1,6
16078,0,5
16084,0,6
16090,0,6
16096,0,6
16102,0,6
16108,0,6
16114,0,6
16120,0,6
16126,0,6
16132,0,6
16138,1,6
16144,1,6
16150,1,6
16156,1,6
16161,0,5
16167,0,6
16174,1,7
16180,1,6
16186,1,6
16192,1,6
16198,0,6
16205,1,7
16211,1,6
16217,1,6
16223,1,6
16230,1,7
16236,1,6
16243,1,7
16249,1,6
16256,1,7
16262,1,6
16269,1,7
16275,1,6
16281,1,6
16287,0,6
16293,1,6
16299,1,6
16305,1,6
16311,0,6
16318,1,7
16324,1,6
16331,1,7
16337,1,6
16343,1,6
16349,1,6
16355,0,6
16361,0,6
16368,1,7
16374,1,6
16381,1,7
16387,1,6
16393,1,6
16399,1,6
16405,0,6
16411,0,6
16418,1,7
16424,1,6
16430,0,6
16437,1,7
16443,1,6
16449,0,6
16456,1,7
16462,1,6
16468,1,6
16474,0,6
16481,1,7
16487,1,6
16494,1,7
16500,1,6
16506,1,6
16512,0,6
16524,1,12
16532,1,8
16538,1,6
16544,1,6
16551,1,7
16558,1,7
16564,1,6
16570,1,6
16577,1,7
16583,1,6
16590,1,7
16596,1,6
16602,1,6
16609,1,7
16615,1,6
16622,1,7
16628,1,6
16635,1,7
16641,1,6
16648,1,7
16654,1,6
16660,1,6
16667,1,7
16673,1,6
16679,1,6
16685,0,6
16692,1,7
16698,1,6
16705,1,7
16711,1,6
16717,1,6
16723,1,6
16729,0,6
16736,1,7
16742,1,6
16748,0,6
16755,1,7
16761,1,6
16767,1,6
16773,1,6
16780,1,7
16786,1,6
16792,1,6
16798,1,6
16804,1,6
16809,0,5
16815,0,6
16821,0,6
16832,6,11
16838,1,6
16844,1,6
16850,0,6
16857,1,7
16863,1,6
16869,1,6
16875,1,6
16881,0,6
16888,1,7
16894,1,6
16900,1,6
16906,1,6
16912,1,6
16917,0,5
16923,0,6
16929,0,6
16935,0,6
16942,1,7
16948,1,6
16958,5,10
16964,1,6
16970,1,6
16976,1,6
16982,1,6
16990,2,8
16996,1,6
17002,1,6
17008,1,6
17014,0,6
17021,1,7
17027,1,6
17033,1,6
17040,0,7
17047,1,7
17053,1,6
17059,1,6
17065,1,6
17071,0,6
17077,0,6
17083,0,6
17090,1,7
17096,1,6
17102,1,6
17108,1,6
17113,0,5
17119,0,6
17125,1,6
17133,3,8
17139,1,6
17145,1,6
17154,4,9
17163,0,9
17169,1,6
17174,1,5
17179,1,5
17185,1,6
17190,1,5
17195,1,5
17200,0,5
17206,1,6
17211,1,5
17216,1,5
17221,0,5
17226,0,5
17231,0,5
17237,1,6
17242,1,5
17247,0,5
17253,1,6
17258,1,5
17266,4,8
17272,0,6
17279,1,7
17285,1,6
17291,1,6
17297,1,6
17304,1,7
17310,1,6
17317,1,7
17325,3,8
17332,1,7
17338,1,6
17344,1,6
17350,1,6
17356,0,6
17362,0,6
17368,1,6
17374,1,6
17380,1,6
17386,0,6
17392,1,6
17398,1,6
17404,1,6
17411,1,7
17417,1,6
17423,1,6
17429,1,6
17434,0,5
17440,0,6
17446,0,6
17452,0,6
17458,0,6
17464,0,6
17470,0,6
17476,0,6
17482,0,6
17488,0,6
17494,0,6
17500,0,6
17507,1,7
17513,1,6
17519,1,6
17526,1,7
17532,1,6
17538,1,6
17544,1,6
17550,1,6
17556,0,6
17562,0,6
17568,1,6
17574,1,6
17581,1,7
17587,1,6
17593,1,6
17599,0,6
17606,1,7
17612,1,6
17618,0,6
17624,0,6
17631,1,7
17637,1,6
17643,0,6
17650,1,7
17656,1,6
17662,1,6
17668,0,6
17675,1,7
17681,1,6
17687,0,6
17694,1,7
17700,1,6
17706,1,6
17712,1,6
17724,1,12
17730,1,6
17740,1,10
17746,1,6
17752,1,6
17758,1,6
17764,1,6
17770,0,6
17777,1,7
17783,1,6
17789,1,6
17795,1,6
17801,0,6
17808,1,7
17814,1,6
17820,1,6
17826,0,6
17832,0,6
17839,1,7
17845,1,6
17852,1,7
17858,1,6
17864,1,6
17870,1,6
17876,0,6
17882,0,6
17888,1,6
17894,1,6
17900,0,6
17907,1,7
17913,1,6
17919,1,6
17925,1,6
17931,1,6
17937,1,6
17944,1,7
17950,1,6
17956,1,6
17962,0,6
17968,0,6
17975,1,7
17981,1,6
17987,0,6
17993,0,6
17999,0,6
18006,1,7
18012,1,6
18018,1,6
18024,1,6
18030,1,6
18036,1,6
18042,1,6
18048,1,6
18054,1,6
18060,0,6
18067,1,7
18073,1,6
18080,2,7
18086,1,6
18093,1,7
18099,1,6
18105,1,6
18111,1,6
18118,1,7
18131,0,13
18138,1,7
18144,1,6
18150,1,6
18155,0,5
18162,1,7
18168,1,6
18174,0,6
18181,1,7
18187,1,6
18193,1,6
18199,0,6
18206,1,7
18212,1,6
18218,1,6
18224,0,6
18231,1,7
18237,0,6
18244,1,7
18250,1,6
18256,1,6
18262,1,6
18268,1,6
18274,1,6
18280,0,6
18286,0,6
18292,0,6
18298,0,6
18304,0,6
18311,1,7
18317,1,6
18324,1,7
18330,1,6
18336,1,6
18342,1,6
18348,0,6
18355,1,7
18361,1,6
18367,1,6
18373,0,6
18379,0,6
18385,0,6
18391,1,6
18397,1,6
18402,0,5
18408,0,6
18414,1,6
18420,1,6
18426,1,6
18432,1,6
18438,1,6
18444,1,6
18450,1,6
18456,1,6
18462,1,6
18468,1,6
18474,1,6
18480,1,6
18486,1,6
18492,1,6
18498,1,6
18504,1,6
18509,0,5
18515,0,6
18521,1,6
18526,0,5
18532,0,6
18539,1,7
18545,1,6
18551,1,6
18557,0,6
18563,0,6
18570,1,7
18576,1,6
18582,1,6
18588,1,6
18594,1,6
18601,1,7
18607,1,6
18613,1,6
18619,0,6
18626,1,7
18632,1,6
18638,0,6
18645,1,7
18651,1,6
18657,1,6
18663,1,6
18669,0,6
18676,0,7
18683,1,7
18689,1,6
18696,1,7
18702,1,6
18708,1,6
18714,1,6
18720,1,6
18726,1,6
18732,0,6
18739,1,7
18745,1,6
18751,0,6
18758,1,7
18764,0,6
18771,1,7
18777,1,6
18784,1,7
18790,1,6
18797,1,7
18803,1,6
18809,1,6
18815,0,6
18822,1,7
18828,1,6
18834,1,6
18841,1,7
18847,1,6
18853,1,6
18860,1,7
18866,1,6
18872,1,6
18878,1,6
18885,1,7
18891,1,6
18897,1,6
18903,1,6
18910,1,7
18916,1,6
18923,1,7
18929,1,6
18935,0,6
18942,1,7
18947,1,5
18952,0,5
18958,1,6
18963,1,5
18969,1,6
18974,1,5
18980,1,6
18985,1,5
18990,1,5
18996,1,6
19001,1,5
19006,0,5
19012,1,6
19017,1,5
19023,1,6
19028,1,5
19034,1,6
19039,1,5
19044,0,5
19049,0,5
19055,1,6
19060,1,5
19065,0,5
19071,1,6
19077,2,6
19082,1,5
19087,1,5
19093,1,6
19098,1,5
19103,0,5
19109,1,6
19114,1,5
19119,0,5
19124,0,5
19130,1,6
19135,1,5
19141,1,6
19146,1,5
19152,1,6
19157,1,5
19162,1,5
19168,1,6
19173,1,5
19180,2,7
19184,1,4
19190,1,6
19197,1,7
19203,1,6
19209,1,6
19216,1,7
19222,1,6
19228,0,6
19234,0,6
19240,0,6
19246,0,6
19253,1,7
19259,1,6
19265,1,6
19271,1,6
19278,1,7
19285,1,7
19290,1,5
19295,1,5
19301,1,6
19306,1,5
19311,0,5
19318,1,7
19323,1,5
19329,1,6
19334,1,5
19339,0,5
19345,1,6
19350,1,5
19356,1,6
19361,1,5
19366,0,5
19372,1,6
19377,1,5
19382,1,5
19387,0,5
19393,1,6
19398,1,5
19404,1,6
19409,1,5
19414,1,5
19420,1,6
19425,1,5
19431,1,6
19436,1,5
19441,1,5
19446,0,5
19452,1,6
19457,0,5
19463,1,6
19468,1,5
19473,0,5
19479,1,6
19484,1,5
19489,0,5
19494,0,5
19500,1,6
19505,1,5
19511,1,6
19516,1,5
19521,1,5
19527,1,6
19532,1,5
19537,0,5
19543,1,6
19548,1,5
19553,0,5
19559,1,6
19564,1,5
19569,0,5
19574,0,5
19580,1,6
19585,1,5
19590,0,5
19595,0,5
19601,1,6
19606,1,5
19611,0,5
19617,1,6
19622,1,5
19627,0,5
19633,1,6
19639,1,6
19645,1,6
19651,0,6
19657,0,6
19663,0,6
19669,0,6
19675,0,6
19682,0,7
19688,1,6
19694,1,6
19700,1,6
19706,1,6
19712,1,6
19718,1,6
19724,1,6
19730,1,6
19736,0,6
19742,0,6
19748,1,6
19754,0,6
19760,0,6
19767,1,7
19773,1,6
19779,0,6
19786,1,7
19792,1,6
19799,1,7
19805,1,6
19811,0,6
19817,0,6
19823,0,6
19829,1,6
19836,1,7
19842,1,6
19849,1,7
19855,1,6
19861,1,6
19868,1,7
19874,1,6
19880,1,6
19886,1,6
19893,1,7
19898,0,5
19904,0,6
19910,0,6
19916,0,6
19922,1,6
19928,1,6
19934,1,6
19940,0,6
19947,1,7
19953,1,6
19959,0,6
19965,0,6
19972,1,7
19977,0,5
19984,1,7
19990,1,6
19996,1,6
20002,0,6
20009,0,7
20015,1,6
20021,1,6
20026,0,5
20032,0,6
20038,1,6
20045,0,7
20051,0,6
20058,1,7
20064,1,6
20070,1,6
20078,0,8
20083,0,5
20089,1,6
20094,1,5
20099,0,5
20105,1,6
20110,1,5
20115,1,5
20120,0,5
20126,1,6
20131,1,5
20136,1,5
20141,1,5
20146,0,5
20151,0,5
20157,1,6
20162,1,5
20168,1,6
20174,2,6
20179,1,5
20184,1,5
20189,1,5
20195,1,6
20200,1,5
20210,1,10
20215,1,5
20220,1,5
20225,0,5
20231,1,6
20236,1,5
20241,1,5
20247,1,6
20252,1,5
20257,1,5
20263,2,6
20269,1,6
20274,1,5
20279,0,5
20285,1,6
20290,1,5
20295,0,5
20300,0,5
20306,1,6
20311,0,5
20317,1,6
20322,1,5
20328,1,6
20333,1,5
20338,1,5
20343,0,5
20349,1,6
20354,1,5
20359,0,5
20364,0,5
20370,1,6
20377,3,7
20380,0,3
20386,0,6
20392,0,6
20398,0,6
20405,1,7
20411,1,6
20417,1,6
20423,1,6
20430,1,7
20436,1,6
20442,1,6
20448,1,6
20454,1,6
20460,1,6
20466,1,6
20472,0,6
20478,0,6
20485,1,7
20491,1,6
20497,1,6
20503,1,6
20509,1,6
20514,0,5
20521,1,7
20527,1,6
20533,1,6
20539,1,6
20545,1,6
20550,0,5
20556,0,6
20562,0,6
20568,1,6
20574,1,6
20580,1,6
20586,1,6
20592,1,6
20599,1,7
20605,1,6
20612,1,7
20617,0,5
20624,1,7
20630,1,6
20636,1,6
20642,0,6
20648,0,6
20654,1,6
20660,1,6
20666,1,6
20672,1,6
20678,1,6
20685,0,7
20691,0,6
20697,1,6
20703,1,6
20709,1,6
20715,1,6
20721,1,6
20727,1,6
20733,0,6
20740,1,7
20746,1,6
20752,1,6
20758,0,6
20769,1,11
20775,1,6
20781,0,6
20787,0,6
20793,0,6
20799,1,6
20805,1,6
20812,1,7
20818,1,6
20823,0,5
20830,1,7
20836,1,6
20842,0,6
20848,0,6
20855,1,7
20861,1,6
20867,1,6
20872,0,5
20879,1,7
20885,1,6
20891,1,6
20897,1,6
20902,0,5
20908,0,6
20914,0,6
20920,0,6
20926,0,6
20932,1,6
20938,1,6
20945,1,7
20951,1,6
20958,2,7
20965,1,7
20971,1,6
20978,1,7
20984,1,6
20990,1,6
20996,0,6
21002,0,6
21009,1,7
21015,1,6
21021,0,6
21027,0,6
21034,1,7
21041,1,7
21047,1,6
21053,1,6
21060,1,7
21066,1,6
21073,1,7
21079,1,6
21085,1,6
21092,1,7
21098,1,6
21104,0,6
21111,1,7
21117,1,6
21124,1,7
21130,1,6
21136,0,6
21143,1,7
21149,0,6
21156,1,7
21162,1,6
21172,1,10
21178,1,6
21184,1,6
21190,1,6
21197,1,7
21203,1,6
21210,1,7
21216,1,6
21223,1,7
21229,1,6
21236,1,7
21242,1,6
21249,1,7
21256,2,7
21262,1,6
21268,1,6
21274,0,6
21280,0,6
21286,0,6
21293,1,7
21300,1,7
21307,2,7
21314,2,7
21320,1,6
21326,0,6
21333,1,7
21339,1,6
21345,1,6
21352,1,7
21358,1,6
21365,1,7
21371,1,6
21377,1,6
21383,0,6
21390,1,7
21396,1,6
21402,1,6
21409,1,7
21415,1,6
21422,1,7
21429,2,7
21435,1,6
21442,1,7
21448,1,6
21455,1,7
21461,1,6
21468,2,7
21474,1,6
21481,1,7
21487,1,6
21494,1,7
21500,0,6
21507,1,7
21514,2,7
21520,1,6
21526,0,6
21533,1,7
21539,1,6
21545,1,6
21552,1,7
21558,1,6
21564,1,6
21570,1,6
21576,1,6
21582,1,6
21588,0,6
21595,1,7
21601,1,6
21607,1,6
21613,1,6
21619,1,6
21625,1,6
21632,1,7
21638,1,6
21644,1,6
21651,1,7
21657,1,6
21664,1,7
21670,0,6
21677,1,7
21683,1,6
21690,1,7
21696,1,6
21703,1,7
21709,1,6
21716,1,7
21723,1,7
21729,1,6
21735,1,6
21741,0,6
21747,0,6
21753,0,6
21760,1,7
21766,1,6
21772,0,6
21779,1,7
21785,1,6
21791,1,6
21796,0,5
21802,0,6
21808,0,6
21814,1,6
21820,1,6
21825,0,5
21832,1,7
21838,1,6
21844,1,6
21850,1,6
21856,1,6
21862,1,6
21869,1,7
21875,1,6
21881,1,6
21887,1,6
21893,1,6
21899,1,6
21905,0,6
21912,1,7
21918,1,6
21924,1,6
21930,1,6
21936,1,6
21943,2,7
21949,1,6
21955,1,6
21962,1,7
21968,1,6
21974,1,6
21980,0,6
21986,0,6
21992,0,6
21999,1,7
22005,1,6
22011,0,6
22018,1,7
22024,1,6
22030,1,6
22036,1,6
22042,1,6
22047,1,5
22052,0,5
22057,0,5
22063,1,6
22068,1,5
22073,0,5
22079,1,6
22084,1,5
22089,0,5
22095,1,6
22100,1,5
22106,1,6
22112,1,6
22118,1,6
22123,1,5
22128,0,5
22134,1,6
22139,0,5
22145,0,6
22152,1,7
22158,1,6
22171,8,13
22171,3,0
22174,0,3
22180,1,6
22185,1,5
22190,1,5
22195,0,5
22201,1,6
22207,2,6
22212,1,5
22218,1,6
22223,1,5
22228,1,5
22233,0,5
22239,1,6
22244,1,5
22249,1,5
22254,0,5
22260,1,6
22265,1,5
22270,1,5
22275,0,5
22280,0,5
22286,1,6
22291,1,5
22296,1,5
22302,1,6
22308,1,6
22313,1,5
22318,0,5
22324,1,6
22329,1,5
22334,0,5
22340,1,6
22345,1,5
22351,1,6
22356,1,5
22361,0,5
22367,1,6
22372,1,5
22377,0,5
22382,0,5
22388,1,6
22393,0,5
22399,1,6
22404,1,5
22409,0,5
22415,1,6
22421,1,6
22426,1,5
22432,1,6
22438,1,6
22445,1,7
22451,1,6
22457,0,6
22464,1,7
22469,0,5
22475,0,6
22481,0,6
22487,0,6
22493,0,6
22499,0,6
22505,1,6
22511,0,6
22518,1,7
22524,1,6
22530,1,6
22536,0,6
22542,0,6
22549,1,7
22555,1,6
22561,1,6
22567,1,6
22572,0,5
22578,0,6
22584,1,6
22590,1,6
22595,0,5
22601,0,6
22607,0,6
22613,0,6
22619,0,6
22625,0,6
22631,0,6
22638,1,7
22644,1,6
22650,0,6
22656,1,6
22662,0,6
22668,0,6
22675,0,7
22681,0,6
22687,0,6
22693,1,6
22699,1,6
22705,1,6
22711,1,6
22717,1,6
22723,1,6
22730,1,7
22736,1,6
22742,1,6
22748,0,6
22754,0,6
22761,1,7
22767,1,6
22773,1,6
22779,1,6
22785,1,6
22791,1,6
22797,1,6
22804,1,7
22810,1,6
22816,1,6
22822,1,6
22828,1,6
22834,1,6
22839,0,5
22846,1,7
22852,1,6
22858,1,6
22863,0,5
22869,0,6
22875,0,6
22881,0,6
22887,0,6
22893,1,6
22899,1,6
22905,0,6
22912,1,7
22918,1,6
22924,1,6
22930,1,6
22935,0,5
22941,0,6
22947,0,6
22953,1,6
22958,0,5
22964,0,6
22969,0,5
22975,1,6
22980,1,5
22985,0,5
22991,1,6
22996,1,5
23002,1,6
23007,0,5
23013,1,6
23018,1,5
23024,1,6
23031,1,7
23037,1,6
23043,1,6
23048,0,5
23054,1,6
23059,1,5
23064,0,5
23069,0,5
23075,1,6
23080,1,5
23086,1,6
23091,1,5
23096,1,5
23101,0,5
23106,0,5
23112,1,6
23117,1,5
23123,1,6
23128,1,5
23133,1,5
23139,1,6
23145,1,6
23151,1,6
23156,1,5
23161,0,5
23167,1,6
23173,1,6
23179,1,6
23185,1,6
23190,0,5
23195,0,5
23201,1,6
23206,1,5
23212,1,6
23218,1,6
23224,1,6
23230,1,6
23237,1,7
23243,1,6
23249,1,6
23256,1,7
23262,1,6
23268,0,6
23274,0,6
23282,1,8
23287,1,5
23292,0,5
23297,0,5
23303,1,6
23308,1,5
23313,0,5
23319,1,6
23324,1,5
23330,1,6
23335,1,5
23340,0,5
23346,1,6
23351,1,5
23357,1,6
23362,1,5
23367,0,5
23378,1,11
23383,1,5
23389,1,6
23394,1,5
23400,1,6
23405,1,5
23410,1,5
23416,1,6
23421,1,5
23426,0,5
23432,1,6
23437,1,5
23442,0,5
23448,1,6
23453,1,5
23458,0,5
23464,1,6
23469,1,5
23474,0,5
23479,0,5
23485,1,6
23490,1,5
23495,0,5
23501,1,6
23506,1,5
23511,0,5
23517,1,6
23522,1,5
23527,1,5
23532,0,5
23538,1,6
23543,1,5
23548,0,5
23554,1,6
23559,1,5
23564,0,5
23569,0,5
23575,1,6
23580,1,5
23585,0,5
23591,1,6
23596,1,5
23601,0,5
23607,1,6
23612,1,5
23617,0,5
23623,1,6
23628,1,5
23633,0,5
23639,1,6
23644,1,5
23650,1,6
23655,1,5
23660,0,5
23665,0,5
23671,1,6
23676,0,5
23681,0,5
23687,1,6
23692,1,5
23698,1,6
23703,1,5
23709,1,6
23714,1,5
23719,0,5
23725,1,6
23730,1,5
23735,0,5
23741,1,6
23747,1,6
23752,1,5
23757,1,5
23763,1,6
23768,1,5
23774,1,6
23779,1,5
23786,3,7
23796,1,10
23802,1,6
23808,0,6
23815,1,7
23821,1,6
23827,1,6
23833,1,6
23839,1,6
23845,1,6
23851,0,6
23857,0,6
23863,0,6
23869,0,6
23875,0,6
23882,1,7
23888,1,6
23894,1,6
23901,0,7
23907,0,6
23913,0,6
23919,0,6
23925,0,6
23931,1,6
23937,0,6
23943,0,6
23949,0,6
23955,0,6
23962,1,7
23968,1,6
23974,1,6
23980,1,6
23986,1,6
23993,1,7
23999,1,6
24005,1,6
24012,1,7
24018,1,6
24023,0,5
24029,0,6
24035,0,6
24041,1,6
24047,1,6
24053,1,6
24058,0,5
24064,0,6
24070,0,6
24076,0,6
24082,0,6
24089,1,7
24095,1,6
24101,1,6
24107,1,6
24113,1,6
24119,1,6
24124,0,5
24130,0,6
24136,1,6
24142,1,6
24148,1,6
24154,0,6
24161,1,7
24167,1,6
24174,1,7
24180,1,6
24192,1,12
24198,1,6
24205,1,7
24211,1,6
24217,1,6
24223,0,6
24230,1,7
24236,1,6
24243,1,7
24249,1,6
24255,1,6
24262,1,7
24268,1,6
24274,0,6
24281,1,7
24287,1,6
24293,1,6
24300,1,7
24306,1,6
24311,0,5
24317,0,6
24323,0,6
24330,1,7
24336,1,6
24342,1,6
24348,1,6
24354,0,6
24360,0,6
24366,0,6
24373,1,7
24380,1,7
24387,1,7
24394,2,7
24400,1,6
24407,1,7
24415,2,8
24421,1,6
24427,1,6
24433,1,6
24439,1,6
24445,1,6
24451,0,6
24458,1,7
24464,1,6
24470,1,6
24477,1,7
24483,1,6
24489,1,6
24495,1,6
24501,1,6
24508,1,7
24514,1,6
24520,1,6
24526,1,6
24531,0,5
24537,0,6
24543,0,6
24548,0,5
24554,1,6
24559,1,5
24564,0,5
24570,1,6
24575,0,5
24580,0,5
24586,1,6
24591,1,5
24596,0,5
24601,0,5
24607,1,6
24612,1,5
24618,1,6
24622,0,4
24628,1,6
24634,1,6
24639,1,5
24644,0,5
24651,1,7
24657,1,6
24662,1,5
24668,0,6
24674,0,6
24679,0,5
24685,1,6
24690,1,5
24695,0,5
24701,1,6
24706,1,5
24711,1,5
24716,0,5
24722,1,6
24727,0,5
24732,0,5
24738,1,6
24743,0,5
24748,0,5
24754,1,6
24761,1,7
24767,1,6
24772,1,5
24777,1,5
24783,1,6
24788,1,5
24793,1,5
24798,0,5
24804,1,6
24809,1,5
24814,0,5
24819,0,5
24825,1,6
24830,1,5
24835,0,5
24841,1,6
24846,1,5
24851,0,5
24857,1,6
24862,1,5
24868,1,6
24873,1,5
24878,0,5
24883,0,5
24889,1,6
24894,0,5
24900,1,6
24905,1,5
24911,1,6
24916,1,5
24921,1,5
24927,1,6
24932,1,5
24937,0,5
24943,1,6
24948,1,5
24954,1,6
24959,1,5
24964,1,5
24970,1,6
24975,1,5
24980,1,5
24985,0,5
24991,1,6
24996,1,5
25001,0,5
25007,1,6
25012,1,5
25017,1,5
25022,0,5
25028,1,6
25032,0,4
25038,1,6
25043,1,5
25048,0,5
25054,1,6
25059,1,5
25064,1,5
25069,0,5
25074,0,5
25080,1,6
25085,1,5
25090,1,5
25095,0,5
25100,0,5
25106,1,6
25111,1,5
25116,0,5
25122,1,6
25127,1,5
25132,1,5
25138,1,6
25143,1,5
25148,1,5
25153,1,5
25158,0,5
25163,0,5
25169,1,6
25174,1,5
25179,0,5
25185,1,6
25190,1,5
25195,1,5
25200,0,5
25205,0,5
25211,1,6
25216,1,5
25221,0,5
25227,1,6
25232,1,5
25237,1,5
25242,0,5
25248,1,6
25253,1,5
25258,0,5
25263,0,5
25268,0,5
25274,1,6
25279,1,5
25284,1,5
25289,0,5
25294,0,5
25300,1,6
25305,1,5
25310,1,5
25315,0,5
25320,0,5
25325,0,5
25331,1,6
25336,1,5
25341,0,5
25347,1,6
25352,1,5
25357,1,5
25363,1,6
25368,1,5
25373,1,5
25378,1,5
25384,1,6
25389,1,5
25394,1,5
25399,1,5
25404,0,5
25409,0,5
25415,1,6
25420,1,5
25426,1,6
25430,0,4
25436,1,6
25441,1,5
25446,0,5
25451,0,5
25457,1,6
25462,1,5
25467,0,5
25472,0,5
25478,1,6
25483,1,5
25488,1,5
25493,1,5
25498,0,5
25504,1,6
25509,1,5
25514,1,5
25519,0,5
25525,1,6
25530,1,5
25535,1,5
25540,0,5
25546,1,6
25551,1,5
25556,1,5
25562,1,6
25567,1,5
25572,1,5
25578,1,6
25585,3,7
25588,1,3
25594,1,6
25600,2,6
25605,1,5
25611,1,6
25616,1,5
25622,1,6
25627,1,5
25632,1,5
25638,1,6
25643,1,5
25648,0,5
25654,1,6
25659,1,5
25665,1,6
25670,1,5
25676,1,6
25681,1,5
25687,1,6
25692,1,5
25698,1,6
25703,1,5
25708,1,5
25713,0,5
25719,1,6
25725,1,6
25731,1,6
25737,0,6
25744,1,7
25750,1,6
25755,1,5
25760,1,5
25765,0,5
25771,1,6
25776,1,5
25781,1,5
25786,0,5
25792,1,6
25797,1,5
25803,1,6
25808,1,5
25814,1,6
25820,1,6
25825,1,5
25830,0,5
25835,0,5
25840,0,5
25846,1,6
25851,0,5
25856,0,5
25862,1,6
25867,1,5
25873,1,6
25878,1,5
25883,1,5
25890,2,7
25894,1,4
25900,1,6
25906,0,6
25912,0,6
25918,0,6
25925,1,7
25931,1,6
25937,1,6
25943,0,6
25949,0,6
25955,0,6
25961,0,6
25967,0,6
25973,0,6
25979,0,6
25985,0,6
25991,0,6
25997,1,6
26004,1,7
26010,1,6
26016,0,6
26023,1,7
26029,1,6
26035,1,6
26041,1,6
26047,1,6
26052,1,5
26057,0,5
26063,1,6
26068,1,5
26073,0,5
26079,1,6
26084,1,5
26089,0,5
26095,1,6
26100,1,5
26105,0,5
26111,1,6
26116,1,5
26122,1,6
26127,1,5
26132,0,5
26138,1,6
26143,1,5
26149,1,6
26154,1,5
26159,0,5
26164,0,5
26170,1,6
26175,1,5
26181,1,6
26186,1,5
26191,0,5
26196,0,5
26202,1,6
26207,1,5
26212,0,5
26217,0,5
26223,1,6
26228,1,5
26233,0,5
26239,1,6
26244,1,5
26250,1,6
26255,1,5
26260,0,5
26266,1,6
26271,1,5
26276,1,5
26281,0,5
26287,1,6
26292,1,5
26297,0,5
26302,0,5
26308,1,6
26313,1,5
26319,1,6
26324,1,5
26329,0,5
26335,1,6
26340,1,5
26345,0,5
26353,3,8
26361,1,8
26367,1,6
26373,1,6
26379,1,6
26386,1,7
26392,1,6
26398,1,6
26405,1,7
26411,1,6
26417,1,6
26423,1,6
26429,1,6
26435,1,6
26442,1,7
26448,1,6
26454,1,6
26460,0,6
26466,0,6
26472,1,6
26478,1,6
26483,0,5
26489,1,6
26494,1,5
26499,0,5
26504,0,5
26510,1,6
26515,0,5
26521,1,6
26526,1,5
26532,1,6
26537,1,5
26542,1,5
26548,1,6
26553,1,5
26558,0,5
26564,1,6
26569,1,5
26574,0,5
26580,1,6
26585,1,5
26590,0,5
26595,0,5
26601,1,6
26606,1,5
26611,0,5
26617,1,6
26622,1,5
26627,0,5
26632,0,5
26638,1,6
26644,1,6
26649,1,5
26654,1,5
26659,0,5
26666,2,7
26671,1,5
26676,1,5
26681,1,5
26686,0,5
26692,1,6
26697,1,5
26702,0,5
26708,1,6
26713,1,5
26718,1,5
26723,0,5
26729,1,6
26734,0,5
26740,0,6
26747,1,7
26753,1,6
26759,1,6
26765,1,6
26771,1,6
26777,0,6
26784,1,7
26789,0,5
26796,1,7
26802,1,6
26808,1,6
26814,0,6
26821,1,7
26827,1,6
26833,1,6
26839,0,6
26846,1,7
26852,1,6
26858,1,6
26864,0,6
26870,0,6
26877,1,7
26883,1,6
26889,0,6
26896,1,7
26902,1,6
26908,1,6
26914,1,6
26920,1,6
26926,1,6
26932,1,6
26937,0,5
26943,0,6
26949,0,6
26955,0,6
26961,1,6
26967,0,6
26973,0,6
26980,1,7
26986,1,6
26992,1,6
26998,0,6
27005,0,7
27012,1,7
27018,1,6
27024,1,6
27031,1,7
27037,1,6
27043,1,6
27049,1,6
27055,0,6
27061,0,6
27068,1,7
27074,1,6
27080,1,6
27086,1,6
27093,1,7
27100,1,7
27106,1,6
27111,0,5
27117,0,6
27124,1,7
27130,1,6
27136,1,6
27142,1,6
27149,1,7
27155,1,6
27161,1,6
27169,2,8
27183,9,14
27183,3,0
27186,1,3
27191,1,5
27196,1,5
27202,1,6
27207,1,5
27212,1,5
27218,1,6
27223,1,5
27228,1,5
27233,0,5
27238,0,5
27244,1,6
27249,1,5
27254,0,5
27259,0,5
27264,0,5
27270,1,6
27275,1,5
27280,0,5
27286,1,6
27291,1,5
27296,1,5
27301,0,5
27306,0,5
27312,1,6
27317,1,5
27322,0,5
27328,1,6
27333,1,5
27339,1,6
27344,1,5
27349,1,5
27354,0,5
27360,1,6
27365,1,5
27370,0,5
27376,1,6
27381,1,5
27386,1,5
27391,0,5
27397,1,6
27402,1,5
27407,0,5
27412,0,5
27418,1,6
27423,1,5
27429,1,6
27434,1,5
27439,1,5
27444,0,5
27449,0,5
27455,1,6
27460,1,5
27465,0,5
27471,1,6
27476,1,5
27481,0,5
27487,1,6
27492,1,5
27497,0,5
27502,0,5
27507,0,5
27513,1,6
27518,1,5
27524,1,6
27529,1,5
27534,0,5
27540,1,6
27545,1,5
27550,0,5
27555,0,5
27561,1,6
27566,1,5
27571,0,5
27577,1,6
27582,1,5
27588,1,6
27593,1,5
27598,1,5
27604,1,6
27609,1,5
27614,0,5
27620,1,6
27625,1,5
27631,1,6
27636,1,5
27642,1,6
27647,1,5
27652,1,5
27657,0,5
27663,1,6
27668,1,5
27674,1,6
27679,1,5
27684,1,5
27689,0,5
27695,1,6
27700,1,5
27705,1,5
27710,0,5
27716,1,6
27721,1,5
27726,1,5
27732,1,6
27737,1,5
27742,1,5
27747,0,5
27753,1,6
27758,1,5
27763,1,5
27769,1,6
27774,1,5
27779,1,5
27784,1,5
27790,1,6
27795,1,5
27800,1,5
27805,0,5
27811,1,6
27816,1,5
27821,0,5
27827,1,6
27832,1,5
27837,1,5
27843,1,6
27848,1,5
27853,1,5
27858,1,5
27864,1,6
27869,1,5
27874,1,5
27879,1,5
27884,0,5
27889,0,5
27895,1,6
27900,1,5
27905,1,5
27910,0,5
27915,0,5
27921,1,6
27926,1,5
27931,0,5
27936,0,5
27942,1,6
27947,1,5
27952,1,5
27958,1,6
27963,1,5
27968,1,5
27974,1,6
27979,1,5
27984,1,5
27989,1,5
27995,1,6
28000,1,5
28005,1,5
28011,1,6
28016,1,5
28021,1,5
28026,1,5
28031,0,5
28037,1,6
28042,1,5
28047,1,5
28052,0,5
28058,1,6
28063,1,5
28068,1,5
28074,1,6
28079,1,5
28084,1,5
28090,1,6
28095,1,5
28100,1,5
28106,1,6
28111,1,5
28116,1,5
28121,1,5
28127,1,6
28132,1,5
28137,1,5
28142,1,5
28147,0,5
28153,1,6
28158,1,5
28163,1,5
28169,1,6
28174,1,5
28179,1,5
28185,1,6
28190,1,5
28195,1,5
28201,1,6
28206,1,5
28211,1,5
28216,1,5
28221,0,5
28227,1,6
28232,1,5
28237,1,5
28242,1,5
28248,1,6
28253,1,5
28258,1,5
28263,1,5
28268,0,5
28273,0,5
28278,0,5
28284,1,6
28289,1,5
28294,1,5
28299,0,5
28306,1,7
28311,1,5
28316,1,5
28321,0,5
28326,0,5
28332,1,6
28337,1,5
28342,1,5
28347,0,5
28353,1,6
28358,1,5
28363,0,5
28369,1,6
28374,1,5
28379,0,5
28385,1,6
28390,1,5
28395,1,5
28401,1,6
28406,1,5
28411,0,5
28417,1,6
28422,1,5
28427,0,5
28433,1,6
28438,1,5
28443,0,5
28449,1,6
28454,1,5
28459,0,5
28465,1,6
28470,1,5
28475,0,5
28481,1,6
28486,1,5
28491,0,5
28496,0,5
28502,1,6
28507,1,5
28512,0,5
28518,1,6
28523,1,5
28528,0,5
28534,1,6
28539,1,5
28544,0,5
28550,1,6
28555,1,5
28560,0,5
28566,1,6
28571,1,5
28576,1,5
28581,0,5
28587,1,6
28592,1,5
28597,1,5
28602,0,5
28607,0,5
28613,1,6
28618,1,5
28623,1,5
28628,1,5
28633,0,5
28638,0,5
28643,0,5
28649,1,6
28654,1,5
28659,0,5
28664,0,5
28670,1,6
28675,1,5
28680,1,5
28685,0,5
28690,0,5
28696,1,6
28701,1,5
28706,0,5
28712,1,6
28717,1,5
28722,1,5
28727,0,5
28732,0,5
28738,1,6
28743,1,5
28748,1,5
28753,0,5
28759,1,6
28764,1,5
28769,1,5
28774,0,5
28780,1,6
28785,1,5
28790,1,5
28795,0,5
28800,0,5
28806,1,6
28811,1,5
28816,1,5
28821,0,5
28826,0,5
28832,1,6
28837,1,5
28842,0,5
28847,0,5
28852,0,5
28858,1,6
28863,1,5
28868,1,5
28873,0,5
28879,1,6
28884,1,5
28889,1,5
28894,0,5
28899,0,5
28905,1,6
28910,1,5
28915,1,5
28920,0,5
28925,0,5
28930,0,5
28935,0,5
28941,1,6
28946,1,5
28951,0,5
28956,0,5
28962,1,6
28967,1,5
28972,1,5
28977,0,5
28982,0,5
28987,0,5
28993,1,6
28998,1,5
29003,0,5
29009,1,6
29014,1,5
29019,1,5
29024,0,5
29029,0,5
29035,1,6
29040,1,5
29045,1,5
29051,1,6
29056,1,5
29061,1,5
29066,1,5
29072,1,6
29077,1,5
29082,1,5
29087,1,5
29092,0,5
29097,0,5
29103,1,6
29108,1,5
29113,1,5
29118,0,5
29123,0,5
29128,0,5
29134,1,6
29139,1,5
29144,1,5
29149,0,5
29154,0,5
29160,1,6
29165,1,5
29170,1,5
29175,0,5
29181,1,6
29186,1,5
29191,1,5
29196,1,5
29201,0,5
29207,1,6
29212,1,5
29217,1,5
29222,0,5
29227,0,5
29232,0,5
29238,1,6
29243,1,5
29248,0,5
29253,0,5
29259,1,6
29264,1,5
29269,1,5
29274,0,5
29279,0,5
29284,0,5
29290,1,6
29295,1,5
29300,1,5
29305,0,5
29311,1,6
29316,1,5
29321,1,5
29326,0,5
29331,0,5
29337,1,6
29342,1,5
29347,1,5
29352,0,5
29358,1,6
29363,1,5
29368,1,5
29373,0,5
29378,0,5
29383,0,5
29389,1,6
29394,1,5
29399,0,5
29405,1,6
29410,1,5
29415,1,5
29420,0,5
29425,0,5
29430,0,5
29436,1,6
29441,1,5
29446,0,5
29451,0,5
29457,1,6
29462,1,5
29467,1,5
29472,0,5
29477,0,5
29483,1,6
29488,1,5
29493,1,5
29498,0,5
29503,0,5
29508,0,5
29514,1,6
29519,1,5
29524,0,5
29529,0,5
29535,1,6
29540,1,5
29546,2,6
29551,1,5
29556,1,5
29562,1,6
29567,1,5
29572,1,5
29577,1,5
29582,0,5
29588,1,6
29594,2,6
29599,1,5
29604,1,5
29609,1,5
29615,2,6
29619,0,4
29625,1,6
29630,1,5
29635,1,5
29641,1,6
29646,1,5
29652,2,6
29657,1,5
29662,1,5
29668,2,6
29673,1,5
29679,2,6
29684,2,5
29689,1,5
29694,1,5
29700,1,6
29705,1,5
29710,1,5
29715,1,5
29720,0,5
29726,1,6
29731,1,5
29736,1,5
29742,1,6
29746,0,4
29752,1,6
29757,1,5
29762,0,5
29767,0,5
29773,1,6
29780,3,7
29783,1,3
29788,0,5
29793,0,5
29799,1,6
29804,1,5
29810,1,6
29815,1,5
29820,1,5
29825,0,5
29831,1,6
29837,2,6
29842,1,5
29847,1,5
29853,0,6
29862,3,9
29868,1,6
29874,0,6
29880,0,6
29886,0,6
29892,0,6
29899,1,7
29905,1,6
29912,1,7
29917,0,5
29923,0,6
29929,1,6
29935,1,6
29941,1,6
29947,1,6
29953,1,6
29959,0,6
29966,1,7
29972,1,6
29978,1,6
29984,1,6
29990,0,6
29997,1,7
30003,1,6
30010,1,7
30016,1,6
30021,0,5
30026,0,5
30032,1,6
30037,1,5
30042,0,5
30048,1,6
30053,1,5
30059,1,6
30064,1,5
30069,1,5
30075,1,6
30080,1,5
30085,1,5
30091,1,6
30096,1,5
30102,2,6
30107,1,5
30113,1,6
30118,1,5
30124,1,6
30129,1,5
30134,1,5
30140,1,6
30145,1,5
30150,1,5
30156,1,6
30161,1,5
30166,1,5
30171,1,5
30176,0,5
30181,0,5
30187,1,6
30192,1,5
30197,1,5
30202,0,5
30208,1,6
30213,1,5
30218,1,5
30223,0,5
30228,0,5
30234,1,6
30239,1,5
30244,1,5
30249,0,5
30255,1,6
30260,1,5
30265,1,5
30270,0,5
30275,0,5
30281,1,6
30293,2,12
30298,1,5
30303,1,5
30308,1,5
30313,0,5
30320,1,7
30325,1,5
30330,1,5
30335,0,5
30341,1,6
30346,1,5
30352,1,6
30357,1,5
30362,1,5
30367,0,5
30373,1,6
30378,1,5
30383,0,5
30389,1,6
30394,1,5
30399,1,5
30405,1,6
30410,1,5
30415,1,5
30420,0,5
30426,1,6
30431,1,5
30436,1,5
30441,0,5
30447,1,6
30452,1,5
30457,1,5
30462,0,5
30468,1,6
30473,1,5
30478,1,5
30484,1,6
30489,1,5
30494,1,5
30499,0,5
30504,0,5
30510,1,6
30515,1,5
30520,1,5
30526,1,6
30531,1,5
30536,1,5
30541,1,5
30547,1,6
30552,1,5
30557,1,5
30562,1,5
30567,0,5
30573,1,6
30578,1,5
30584,1,6
30589,1,5
30594,1,5
30602,1,8
30608,1,6
30613,1,5
30618,1,5
30624,1,6
30629,1,5
30635,2,6
30640,1,5
30645,1,5
30650,1,5
30655,0,5
30660,0,5
30666,1,6
30671,1,5
30676,0,5
30681,0,5
30686,0,5
30692,1,6
30697,1,5
30702,1,5
30707,0,5
30713,1,6
30718,1,5
30723,0,5
30729,1,6
30734,1,5
30739,1,5
30744,0,5
30750,1,6
30755,1,5
30760,1,5
30765,0,5
30771,1,6
30776,1,5
30781,1,5
30787,1,6
30792,1,5
30797,1,5
30802,0,5
30807,0,5
30813,1,6
30818,1,5
30823,1,5
30828,0,5
30834,1,6
30839,1,5
30844,1,5
30849,0,5
30855,1,6
30860,1,5
30865,1,5
30870,0,5
30876,1,6
30881,1,5
30886,1,5
30892,1,6
30897,1,5
30902,1,5
30908,2,6
30913,1,5
30918,1,5
30923,1,5
30932,4,9
30938,1,6
30944,1,6
30950,0,6
30957,1,7
30964,1,7
30970,1,6
30975,0,5
30981,1,6
30988,2,7
30993,1,5
30998,1,5
31003,0,5
31009,1,6
31014,1,5
31019,0,5
31025,1,6
31030,1,5
31036,1,6
31041,1,5
31047,1,6
31052,1,5
31057,1,5
31063,1,6
31068,1,5
31074,1,6
31079,1,5
31084,0,5
31090,1,6
31098,1,8
31104,1,6
31111,1,7
31117,1,6
31124,1,7
31130,1,6
31136,0,6
31143,1,7
31149,1,6
31155,1,6
31161,1,6
31167,1,6
31174,1,7
31180,1,6
31187,1,7
31196,3,9
31202,0,6
31209,1,7
31215,1,6
31221,1,6
31227,1,6
31233,1,6
31240,1,7
31246,1,6
31252,1,6
31258,1,6
31264,0,6
31270,1,6
31275,0,5
31285,4,10
31291,0,6
31297,1,6
31303,1,6
31309,1,6
31315,1,6
31321,1,6
31327,0,6
31333,1,6
31339,1,6
31344,0,5
31350,0,6
31356,1,6
31362,1,6
31368,1,6
31373,0,5
31379,0,6
31385,0,6
31391,0,6
31397,0,6
31403,0,6
31409,1,6
31415,1,6
31421,1,6
31427,1,6
31433,1,6
31439,1,6
31445,1,6
31451,1,6
31457,1,6
31463,1,6
31468,0,5
31474,0,6
31480,0,6
31486,1,6
31492,1,6
31498,1,6
31504,1,6
31509,0,5
31515,0,6
31521,0,6
31527,1,6
31533,1,6
31539,1,6
31545,1,6
31550,0,5
31556,0,6
31562,1,6
31568,0,6
31574,0,6
31581,1,7
31587,1,6
31593,1,6
31599,1,6
31605,1,6
31611,1,6
31617,1,6
31623,1,6
31629,1,6
31635,1,6
31641,1,6
31647,1,6
31653,1,6
31659,1,6
31665,1,6
31671,1,6
31677,1,6
31683,1,6
31689,0,6
31696,1,7
31702,1,6
31708,1,6
31713,0,5
31719,0,6
31725,1,6
31731,1,6
31736,0,5
31742,0,6
31748,1,6
31754,1,6
31760,1,6
31766,1,6
31771,0,5
31777,0,6
31783,0,6
31789,1,6
31795,1,6
31801,1,6
31807,0,6
31813,0,6
31819,0,6
31825,0,6
31831,0,6
31837,1,6
31843,0,6
31849,0,6
31856,1,7
31862,1,6
31868,1,6
31874,1,6
31880,1,6
31886,1,6
31892,1,6
31898,1,6
31906,1,8
31912,1,6
31918,0,6
31924,0,6
31929,0,5
31935,1,6
31940,1,5
31945,0,5
31951,1,6
31956,1,5
31961,0,5
31967,1,6
31972,1,5
31978,1,6
31983,1,5
31988,1,5
31994,1,6
31999,1,5
32004,0,5
32010,1,6
32015,1,5
32021,1,6
32026,1,5
32031,1,5
32037,1,6
32042,1,5
32047,1,5
32052,0,5
32060,3,8
32063,1,3
32068,1,5
32073,0,5
32078,0,5
32084,1,6
32089,1,5
32095,1,6
32100,1,5
32105,1,5
32111,1,6
32116,1,5
32121,0,5
32126,0,5
32132,1,6
32137,1,5
32143,1,6
32148,1,5
32153,1,5
32158,0,5
32164,1,6
32169,1,5
32174,0,5
32180,1,6
32197,13,17
32197,7,0
32197,2,0
32201,1,4
32206,1,5
32211,1,5
32216,0,5
32221,0,5
32227,1,6
32232,1,5
32237,1,5
32242,0,5
32247,0,5
32253,1,6
32258,1,5
32263,1,5
32268,0,5
32273,0,5
32279,1,6
32284,1,5
32289,1,5
32294,0,5
32300,1,6
32305,1,5
32310,1,5
32315,1,5
32320,0,5
32326,1,6
32331,1,5
32336,1,5
32342,1,6
32347,1,5
32352,1,5
32357,1,5
32362,1,5
32367,0,5
32373,1,6
32378,1,5
32383,1,5
32389,1,6
32394,1,5
32399,1,5
32404,0,5
32409,0,5
32414,0,5
32420,1,6
32425,1,5
32430,1,5
32435,0,5
32440,0,5
32445,0,5
32450,0,5
32456,1,6
32461,1,5
32466,0,5
32471,0,5
32476,0,5
32482,1,6
32487,1,5
32492,0,5
32497,0,5
32503,0,6
32510,1,7
32516,1,6
32522,0,6
32529,1,7
32535,1,6
32544,1,9
32550,1,6
32556,1,6
32562,0,6
32568,0,6
32575,1,7
32581,1,6
32587,1,6
32593,1,6
32599,1,6
32605,0,6
32611,0,6
32617,0,6
32626,3,9
32632,1,6
32642,5,10
32648,1,6
32654,1,6
32660,1,6
32666,1,6
32672,0,6
32678,1,6
32684,1,6
32690,1,6
32695,0,5
32701,0,6
32707,1,6
32713,1,6
32719,1,6
32725,1,6
32731,1,6
32737,1,6
32743,1,6
32748,0,5
32755,1,7
32761,1,6
32767,1,6
32773,1,6
32778,0,5
32785,2,7
32790,0,5
32796,1,6
32802,1,6
32808,1,6
32813,0,5
32819,0,6
32825,1,6
32831,1,6
32836,0,5
32842,0,6
32848,1,6
32853,0,5
32859,0,6
32865,1,6
32871,1,6
32877,1,6
32883,1,6
32888,0,5
32894,0,6
32900,1,6
32905,0,5
32911,0,6
32917,0,6
32923,1,6
32928,0,5
32934,0,6
32940,0,6
32946,0,6
32952,1,6
32958,1,6
32963,0,5
32969,0,6
32975,1,6
32981,1,6
32986,0,5
32992,0,6
32998,1,6
33004,1,6
33010,1,6
33015,0,5
33021,0,6
33027,1,6
33033,1,6
33038,0,5
33045,0,7
33050,0,5
33056,1,6
33061,0,5
33066,0,5
33071,0,5
33077,1,6
33082,1,5
33087,0,5
33092,0,5
33098,1,6
33103,1,5
33108,0,5
33113,0,5
33119,1,6
33124,1,5
33129,0,5
33134,0,5
33140,1,6
33145,1,5
33150,0,5
33155,0,5
33161,1,6
33166,1,5
33171,0,5
33177,1,6
33182,1,5
33187,1,5
33192,0,5
33197,0,5
33203,1,6
33208,1,5
33213,0,5
33218,0,5
33224,1,6
33229,1,5
33234,1,5
33239,0,5
33244,0,5
33250,1,6
33255,1,5
33260,0,5
33266,1,6
33271,1,5
33276,0,5
33282,1,6
33287,1,5
33292,1,5
33297,0,5
33303,1,6
33308,1,5
33313,1,5
33318,1,5
33323,0,5
33328,0,5
33334,1,6
33342,4,8
33346,3,4
33352,1,6
33358,1,6
33364,1,6
33370,0,6
33376,0,6
33386,4,10
33392,1,6
33398,0,6
33404,0,6
33410,0,6
33416,0,6
33422,1,6
33428,1,6
33434,1,6
33439,0,5
33445,0,6
33451,1,6
33457,1,6
33463,1,6
33469,1,6
33474,0,5
33480,0,6
33486,0,6
33492,1,6
33498,1,6
33504,1,6
33510,1,6
33515,0,5
33521,0,6
33527,0,6
33533,0,6
33539,1,6
33545,1,6
33550,0,5
33556,0,6
33562,1,6
33568,1,6
33573,0,5
33579,0,6
33585,0,6
33591,0,6
33597,0,6
33603,0,6
33609,0,6
33615,1,6
33621,1,6
33627,1,6
33633,1,6
33638,0,5
33644,0,6
33650,0,6
33656,1,6
33662,1,6
33668,1,6
33674,1,6
33679,0,5
33685,0,6
33691,0,6
33697,0,6
33703,0,6
33709,0,6
33716,1,7
33722,1,6
33728,1,6
33733,1,5
33738,1,5
33743,0,5
33748,0,5
33753,0,5
33759,1,6
33764,1,5
33769,0,5
33774,0,5
33780,1,6
33785,1,5
33790,0,5
33795,0,5
33801,1,6
33806,1,5
33811,1,5
33816,0,5
33821,0,5
33827,1,6
33832,1,5
33837,0,5
33842,0,5
33848,1,6
33853,1,5
33859,1,6
33863,0,4
33869,1,6
33874,1,5
33879,0,5
33885,1,6
33890,1,5
33895,0,5
33900,0,5
33906,1,6
33911,1,5
33916,0,5
33921,0,5
33927,1,6
33932,1,5
33937,0,5
33943,1,6
33947,0,4
33953,1,6
33958,1,5
33963,0,5
33968,0,5
33974,1,6
33979,1,5
33984,1,5
33989,0,5
33995,1,6
34000,1,5
34005,1,5
34010,0,5
34016,1,6
34021,1,5
34026,1,5
34031,1,5
34036,0,5
34041,0,5
34047,1,6
34052,1,5
34057,1,5
34062,0,5
34068,1,6
34073,1,5
34078,1,5
34083,1,5
34088,0,5
34094,1,6
34100,1,6
34106,1,6
34112,1,6
34118,1,6
34124,1,6
34130,1,6
34136,1,6
34142,1,6
34148,1,6
34153,0,5
34159,0,6
34165,0,6
34171,0,6
34177,0,6
34183,0,6
34189,1,6
34195,1,6
34200,0,5
34207,1,7
34213,1,6
34218,0,5
34224,0,6
34230,1,6
34236,1,6
34241,0,5
34247,0,6
34253,0,6
34259,1,6
34265,1,6
34270,0,5
34276,0,6
34282,0,6
34288,0,6
34294,1,6
34300,1,6
34306,1,6
34312,1,6
34317,0,5
34323,0,6
34329,1,6
34335,1,6
34341,1,6
34347,1,6
34354,2,7
34361,1,7
34367,1,6
34373,1,6
34379,1,6
34386,1,7
34392,1,6
34397,0,5
34404,1,7
34410,1,6
34416,1,6
34422,1,6
34427,0,5
34433,0,6
34439,1,6
34444,0,5
34450,1,6
34455,1,5
34460,0,5
34466,1,6
34471,1,5
34476,0,5
34482,1,6
34487,1,5
34492,1,5
34497,0,5
34503,1,6
34508,1,5
34513,0,5
34519,1,6
34524,1,5
34529,0,5
34535,1,6
34540,1,5
34545,1,5
34550,0,5
34556,1,6
34561,1,5
34566,0,5
34572,1,6
34577,1,5
34582,1,5
34587,0,5
34592,0,5
34598,1,6
34603,1,5
34608,1,5
34613,0,5
34619,1,6
34624,1,5
34629,0,5
34634,0,5
34639,0,5
34644,0,5
34650,1,6
34655,1,5
34660,1,5
34665,0,5
34670,0,5
34675,0,5
34681,1,6
34686,1,5
34691,1,5
34696,0,5
34701,0,5
34706,0,5
34712,1,6
34717,1,5
34722,1,5
34727,0,5
34732,0,5
34737,0,5
34742,0,5
34748,1,6
34753,1,5
34758,0,5
34763,0,5
34768,0,5
34773,0,5
34779,1,6
34784,1,5
34789,1,5
34794,0,5
34799,0,5
34804,0,5
34810,1,6
34815,1,5
34820,1,5
34825,0,5
34830,0,5
34835,0,5
34841,1,6
34846,1,5
34851,1,5
34856,0,5
34861,0,5
34866,0,5
34872,1,6
34877,1,5
34882,1,5
34887,0,5
34892,0,5
34897,0,5
34902,0,5
34908,1,6
34913,1,5
34918,1,5
34923,0,5
34928,0,5
34933,0,5
34939,1,6
34944,1,5
34949,1,5
34954,0,5
34959,0,5
34964,0,5
34970,1,6
34975,1,5
34980,1,5
34985,0,5
34990,0,5
34995,0,5
35001,1,6
35006,1,5
35011,1,5
35016,0,5
35021,0,5
35026,0,5
35032,1,6
35037,1,5
35042,0,5
35047,0,5
35052,0,5
35058,1,6
35063,1,5
35068,1,5
35073,0,5
35078,0,5
35083,0,5
35089,1,6
35094,1,5
35099,1,5
35104,0,5
35109,0,5
35115,1,6
35120,1,5
35125,1,5
35130,0,5
35135,0,5
35141,1,6
35146,1,5
35152,2,6
35156,0,4
35162,1,6
35167,1,5
35172,0,5
35178,1,6
35183,1,5
35188,1,5
35193,1,5
35198,0,5
35203,0,5
35209,1,6
35214,1,5
35219,1,5
35224,1,5
35229,0,5
35234,0,5
35240,1,6
35245,1,5
35250,1,5
35255,1,5
35260,0,5
35265,0,5
35270,0,5
35275,0,5
35281,1,6
35286,1,5
35291,0,5
35296,0,5
35301,0,5
35306,0,5
35312,1,6
35317,1,5
35322,1,5
35327,0,5
35332,0,5
35337,0,5
35342,0,5
35348,1,6
35353,1,5
35358,0,5
35363,0,5
35368,0,5
35373,0,5
35379,1,6
35384,1,5
35389,1,5
35394,0,5
35399,0,5
35404,0,5
35409,0,5
35415,1,6
35420,1,5
35425,1,5
35430,0,5
35435,0,5
35440,0,5
35446,1,6
35451,1,5
35456,0,5
35461,0,5
35466,0,5
35472,1,6
35477,1,5
35482,1,5
35487,0,5
35492,0,5
35497,0,5
35503,1,6
35508,1,5
35513,0,5
35518,0,5
35523,0,5
35528,0,5
35534,1,6
35539,1,5
35544,1,5
35549,0,5
35554,0,5
35559,0,5
35564,0,5
35570,1,6
35575,1,5
35580,0,5
35585,0,5
35590,0,5
35595,0,5
35601,1,6
35606,0,5
35611,0,5
35616,0,5
35622,1,6
35627,1,5
35632,0,5
35638,1,6
35643,1,5
35648,1,5
35653,0,5
35658,0,5
35663,0,5
35668,0,5
35674,1,6
35679,1,5
35684,1,5
35689,0,5
35694,0,5
35699,0,5
35705,1,6
35710,1,5
35715,1,5
35720,0,5
35725,0,5
35731,1,6
35736,1,5
35741,1,5
35747,1,6
35752,1,5
35757,1,5
35762,0,5
35768,1,6
35773,1,5
35778,1,5
35783,0,5
35788,0,5
35793,0,5
35799,1,6
35804,1,5
35809,1,5
35814,0,5
35819,0,5
35825,1,6
35830,1,5
35835,1,5
35840,0,5
35845,0,5
35850,0,5
35856,1,6
35861,1,5
35866,1,5
35871,0,5
35876,0,5
35881,0,5
35886,0,5
35892,1,6
35897,1,5
35902,0,5
35907,0,5
35912,0,5
35918,1,6
35923,1,5
35928,1,5
35933,0,5
35938,0,5
35944,1,6
35949,1,5
35954,1,5
35959,0,5
35964,0,5
35970,1,6
35975,1,5
35980,1,5
35985,0,5
35990,0,5
35995,0,5
36001,1,6
36006,1,5
36011,1,5
36016,0,5
36021,0,5
36026,0,5
36032,1,6
36037,1,5
36042,1,5
36047,0,5
36053,1,6
36058,1,5
36063,1,5
36068,0,5
36073,0,5
36079,1,6
36084,1,5
36089,1,5
36094,0,5
36100,1,6
36105,1,5
36110,1,5
36115,1,5
36120,0,5
36126,1,6
36131,1,5
36136,1,5
36141,0,5
36146,0,5
36152,1,6
36157,1,5
36162,1,5
36167,1,5
36172,0,5
36177,0,5
36183,1,6
36188,1,5
36193,1,5
36198,0,5
36204,1,6
36209,1,5
36214,1,5
36219,1,5
36224,0,5
36229,0,5
36234,0,5
36240,1,6
36245,1,5
36250,0,5
36255,0,5
36260,0,5
36266,1,6
36271,1,5
36276,1,5
36281,0,5
36286,0,5
36291,0,5
36297,1,6
36302,1,5
36307,1,5
36312,0,5
36317,0,5
36323,1,6
36328,1,5
36333,1,5
36338,0,5
36343,0,5
36348,0,5
36354,1,6
36359,1,5
36364,1,5
36369,0,5
36375,1,6
36380,1,5
36385,1,5
36390,0,5
36395,0,5
36400,0,5
36406,1,6
36411,1,5
36416,1,5
36421,0,5
36427,1,6
36432,1,5
36437,1,5
36442,1,5
36447,0,5
36452,0,5
36458,1,6
36463,1,5
36468,1,5
36473,0,5
36478,0,5
36483,0,5
36488,0,5
36494,1,6
36499,1,5
36504,1,5
36509,0,5
36514,0,5
36519,0,5
36524,0,5
36530,1,6
36535,1,5
36540,0,5
36545,0,5
36550,0,5
36556,1,6
36561,1,5
36566,1,5
36571,0,5
36576,0,5
36582,1,6
36587,1,5
36592,1,5
36597,0,5
36602,0,5
36607,0,5
36612,0,5
36618,1,6
36623,1,5
36628,1,5
36633,0,5
36638,0,5
36643,0,5
36649,1,6
36654,1,5
36659,1,5
36664,0,5
36669,0,5
36675,1,6
36680,1,5
36685,1,5
36690,0,5
36696,1,6
36701,1,5
36706,1,5
36711,0,5
36716,0,5
36721,0,5
36727,1,6
36732,1,5
36737,1,5
36742,0,5
36747,0,5
36753,1,6
36758,1,5
36763,1,5
36768,0,5
36774,1,6
36779,1,5
36784,1,5
36789,1,5
36794,0,5
36799,0,5
36804,0,5
36809,0,5
36815,1,6
36820,1,5
36825,1,5
36830,0,5
36835,0,5
36841,1,6
36846,1,5
36851,1,5
36856,1,5
36861,0,5
36870,4,9
36876,1,6
36882,1,6
36887,0,5
36893,0,6
36899,1,6
36905,1,6
36910,0,5
36916,0,6
36922,1,6
36928,1,6
36934,1,6
36940,1,6
36946,1,6
36952,1,6
36958,1,6
36964,1,6
36969,0,5
36975,0,6
36981,0,6
36987,0,6
36993,0,6
36999,1,6
37005,1,6
37014,1,9
37020,0,6
37026,0,6
37034,1,8
37040,0,6
37046,0,6
37053,1,7
37059,1,6
37064,0,5
37071,1,7
37077,1,6
37083,1,6
37089,1,6
37095,1,6
37101,1,6
37107,1,6
37112,1,5
37117,1,5
37122,0,5
37128,1,6
37133,1,5
37138,1,5
37143,0,5
37148,0,5
37154,1,6
37159,1,5
37164,0,5
37170,1,6
37174,0,4
37180,1,6
37185,1,5
37190,0,5
37196,1,6
37204,4,8
37206,1,2
37211,0,5
37217,1,6
37222,1,5
37227,1,5
37232,1,5
37237,0,5
37243,1,6
37248,1,5
37253,1,5
37258,0,5
37264,1,6
37269,1,5
37274,1,5
37280,1,6
37285,1,5
37290,1,5
37296,2,6
37301,1,5
37306,1,5
37311,1,5
37317,1,6
37322,1,5
37327,1,5
37333,2,6
37338,1,5
37343,1,5
37349,2,6
37354,1,5
37359,1,5
37364,1,5
37369,1,5
37375,1,6
37380,1,5
37385,1,5
37390,1,5
37396,1,6
37401,1,5
37406,1,5
37411,0,5
37417,1,6
37422,1,5
37427,1,5
37432,1,5
37438,1,6
37443,1,5
37448,1,5
37454,2,6
37459,1,5
37464,1,5
37469,1,5
37475,2,6
37480,1,5
37485,1,5
37490,1,5
37495,0,5
37501,1,6
37506,1,5
37511,1,5
37516,0,5
37522,1,6
37527,1,5
37532,1,5
37538,1,6
37543,1,5
37548,1,5
37553,1,5
37559,1,6
37564,1,5
37569,1,5
37575,1,6
37580,1,5
37586,2,6
37591,1,5
37596,1,5
37601,1,5
37607,1,6
37615,1,8
37623,2,8
37628,2,5
37633,1,5
37638,1,5
37644,2,6
37649,1,5
37654,1,5
37659,1,5
37665,2,6
37670,1,5
37675,1,5
37680,1,5
37686,1,6
37691,1,5
37696,1,5
37702,2,6
37707,1,5
37712,1,5
37717,1,5
37722,1,5
37727,1,5
37732,0,5
37737,0,5
37743,1,6
37748,1,5
37754,2,6
37759,0,5
37765,1,6
37770,1,5
37775,1,5
37780,0,5
37786,1,6
37791,1,5
37796,1,5
37801,0,5
37806,0,5
37812,1,6
37817,1,5
37822,1,5
37827,0,5
37832,0,5
37838,1,6
37843,1,5
37849,1,6
37854,1,5
37859,1,5
37864,1,5
37869,0,5
37875,1,6
37880,1,5
37885,1,5
37890,0,5
37895,0,5
37901,1,6
37906,1,5
37911,0,5
37916,0,5
37922,1,6
37927,1,5
37932,1,5
37937,0,5
37943,1,6
37948,1,5
37953,1,5
37958,1,5
37963,0,5
37968,0,5
37973,0,5
37979,1,6
37984,1,5
37989,0,5
37994,0,5
37999,0,5
38005,1,6
38010,1,5
38015,1,5
38020,0,5
38025,0,5
38031,1,6
38036,1,5
38041,1,5
38046,0,5
38052,1,6
38057,1,5
38062,1,5
38067,0,5
38072,0,5
38078,1,6
38083,1,5
38088,1,5
38093,0,5
38098,0,5
38104,1,6
38109,1,5
38114,1,5
38119,1,5
38124,0,5
38129,0,5
38135,1,6
38140,1,5
38145,1,5
38151,1,6
38156,1,5
38161,1,5
38166,1,5
38171,0,5
38178,2,7
38182,1,4
38188,1,6
38194,1,6
38200,1,6
38206,1,6
38212,1,6
38218,0,6
38224,1,6
38229,0,5
38235,1,6
38241,1,6
38247,1,6
38253,0,6
38259,0,6
38265,0,6
38271,1,6
38277,1,6
38283,1,6
38289,1,6
38295,1,6
38301,1,6
38308,1,7
38314,1,6
38320,1,6
38326,0,6
38332,0,6
38338,0,6
38344,0,6
38350,0,6
38356,0,6
38362,0,6
38368,0,6
38374,1,6
38380,1,6
38386,1,6
38392,1,6
38397,0,5
38403,0,6
38409,0,6
38415,1,6
38421,1,6
38427,1,6
38433,1,6
38439,1,6
38445,1,6
38450,1,5
38455,0,5
38461,1,6
38466,1,5
38471,1,5
38476,0,5
38481,0,5
38486,0,5
38492,1,6
38497,1,5
38502,0,5
38507,0,5
38513,1,6
38518,1,5
38524,1,6
38529,1,5
38534,0,5
38540,1,6
38545,1,5
38550,1,5
38557,2,7
38561,1,4
38566,1,5
38571,0,5
38576,0,5
38582,1,6
38587,1,5
38592,1,5
38597,0,5
38602,0,5
38607,0,5
38612,0,5
38618,1,6
38623,1,5
38628,1,5
38633,0,5
38638,0,5
38644,1,6
38649,1,5
38654,1,5
38660,1,6
38665,1,5
38670,1,5
38675,1,5
38680,0,5
38685,0,5
38691,1,6
38696,1,5
38701,1,5
38706,0,5
38711,0,5
38716,0,5
38721,0,5
38727,1,6
38732,1,5
38738,1,6
38743,1,5
38748,1,5
38753,1,5
38758,0,5
38763,0,5
38770,2,7
38774,1,4
38779,0,5
38784,0,5
38790,1,6
38795,1,5
38800,1,5
38805,0,5
38810,0,5
38815,0,5
38821,1,6
38826,1,5
38831,1,5
38836,0,5
38841,0,5
38847,1,6
38852,1,5
38857,1,5
38862,0,5
38867,0,5
38872,0,5
38878,1,6
38884,1,6
38889,0,5
38895,0,6
38901,0,6
38907,0,6
38913,0,6
38919,0,6
38925,0,6
38931,0,6
38937,1,6
38942,0,5
38949,0,7
38954,0,5
38960,1,6
38965,1,5
38970,0,5
38975,0,5
38981,1,6
38986,1,5
38991,0,5
38996,0,5
39002,1,6
39007,1,5
39012,0,5
39018,1,6
39024,1,6
39029,0,5
39035,0,6
39040,0,5
39045,0,5
39051,1,6
39056,1,5
39061,0,5
39066,0,5
39072,1,6
39077,1,5
39082,0,5
39087,0,5
39093,1,6
39098,1,5
39103,0,5
39109,1,6
39114,1,5
39119,0,5
39124,0,5
39130,1,6
39135,1,5
39140,0,5
39145,0,5
39151,1,6
39156,1,5
39161,0,5
39167,1,6
39172,1,5
39177,0,5
39183,1,6
39188,1,5
39193,1,5
39198,0,5
39203,0,5
39208,0,5
39213,0,5
39219,1,6
39224,1,5
39229,0,5
39234,0,5
39239,0,5
39245,1,6
39250,1,5
39255,1,5
39260,1,5
39265,0,5
39270,0,5
39275,0,5
39280,0,5
39286,1,6
39291,1,5
39296,0,5
39301,0,5
39307,1,6
39312,1,5
39317,1,5
39322,1,5
39327,0,5
39332,0,5
39337,0,5
39343,1,6
39348,1,5
39353,0,5
39358,0,5
39364,1,6
39369,1,5
39374,1,5
39379,0,5
39384,0,5
39390,1,6
39395,1,5
39400,1,5
39405,1,5
39410,0,5
39415,0,5
39421,1,6
39426,1,5
39431,1,5
39436,0,5
39441,0,5
39447,1,6
39452,1,5
39457,1,5
39462,0,5
39468,1,6
39473,1,5
39478,1,5
39483,0,5
39488,0,5
39494,1,6
39499,1,5
39504,1,5
39509,0,5
39514,0,5
39520,1,6
39525,1,5
39530,1,5
39535,0,5
39540,0,5
39546,1,6
39551,1,5
39556,1,5
39561,0,5
39567,0,6
39573,0,6
39579,1,6
39585,1,6
39591,1,6
39597,1,6
39603,0,6
39609,0,6
39615,0,6
39621,0,6
39627,0,6
39633,0,6
39639,0,6
39645,1,6
39651,0,6
39658,1,7
39664,1,6
39670,1,6
39676,0,6
39683,0,7
39689,0,6
39695,1,6
39701,1,6
39707,1,6
39713,1,6
39719,1,6
39725,1,6
39730,0,5
39736,1,6
39741,1,5
39746,0,5
39751,0,5
39757,1,6
39762,1,5
39767,0,5
39772,0,5
39778,1,6
39783,1,5
39788,0,5
39793,0,5
39799,1,6
39804,1,5
39809,0,5
39814,0,5
39820,1,6
39825,1,5
39830,1,5
39835,0,5
39840,0,5
39846,1,6
39851,1,5
39856,1,5
39861,0,5
39866,0,5
39872,1,6
39877,1,5
39882,1,5
39887,0,5
39892,0,5
39897,0,5
39903,1,6
39908,1,5
39913,1,5
39918,0,5
39923,0,5
39928,0,5
39934,1,6
39939,1,5
39944,1,5
39949,0,5
39954,0,5
39960,1,6
39965,1,5
39970,1,5
39975,0,5
39980,0,5
39986,1,6
39991,1,5
39996,1,5
40001,1,5
40006,0,5
40012,1,6
40044,28,32
40050,1,6
40055,0,5
40061,1,6
40066,1,5
40071,1,5
40076,0,5
40081,0,5
40087,1,6
40092,1,5
40097,1,5
40102,0,5
40107,0,5
40113,1,6
40118,1,5
40123,1,5
40129,1,6
40134,1,5
40139,1,5
40145,1,6
40149,0,4
40155,1,6
40160,1,5
40165,1,5
40171,1,6
40176,1,5
40181,1,5
40186,1,5
40192,1,6
40197,1,5
40202,1,5
40207,0,5
40213,1,6
40218,1,5
40223,1,5
40228,0,5
40233,0,5
40238,0,5
40244,1,6
40249,1,5
40254,1,5
40259,0,5
40264,0,5
40269,0,5
40275,1,6
40280,1,5
40285,1,5
40290,0,5
40295,0,5
40300,0,5
40305,0,5
40311,1,6
40316,1,5
40321,1,5
40326,0,5
40331,0,5
40336,0,5
40342,1,6
40347,1,5
40352,0,5
40357,0,5
40362,0,5
40367,0,5
40373,1,6
40378,1,5
40383,0,5
40388,0,5
40394,1,6
40399,1,5
40404,1,5
40409,0,5
40414,0,5
40420,1,6
40425,1,5
40432,1,7
40437,1,5
40443,2,6
40448,0,5
40453,0,5
40458,0,5
40464,1,6
40469,1,5
40474,1,5
40479,0,5
40484,0,5
40489,0,5
40495,1,6
40500,0,5
40506,1,6
40511,0,5
40516,0,5
40521,0,5
40526,0,5
40532,1,6
40537,1,5
40542,0,5
40547,0,5
40553,1,6
40558,1,5
40563,1,5
40568,0,5
40573,0,5
40579,1,6
40584,1,5
40590,1,6
40595,1,5
40600,1,5
40605,1,5
40610,0,5
40615,0,5
40621,1,6
40626,1,5
40631,1,5
40636,0,5
40642,1,6
40647,1,5
40652,1,5
40657,1,5
40662,0,5
40667,0,5
40672,0,5
40678,1,6
40683,1,5
40688,0,5
40694,1,6
40699,1,5
40704,1,5
40709,1,5
40715,1,6
40720,1,5
40725,0,5
40730,0,5
40736,1,6
40741,1,5
40746,0,5
40751,0,5
40757,1,6
40762,1,5
40767,1,5
40772,0,5
40778,1,6
40783,1,5
40788,1,5
40793,0,5
40798,0,5
40804,1,6
40809,1,5
40814,1,5
40819,0,5
40824,0,5
40830,1,6
40835,1,5
40840,1,5
40845,1,5
40850,0,5
40855,0,5
40861,1,6
40866,1,5
40871,1,5
40876,0,5
40881,0,5
40886,0,5
40892,1,6
40897,1,5
40902,0,5
40907,0,5
40912,0,5
40918,1,6
40923,1,5
40928,1,5
40934,1,6
40939,1,5
40944,1,5
40949,1,5
40954,0,5
40960,1,6
40965,1,5
40970,1,5
40975,1,5
40981,1,6
40986,1,5
40991,1,5
40996,1,5
41002,1,6
41007,1,5
41012,1,5
41017,1,5
41022,0,5
41027,0,5
41033,1,6
41038,1,5
41043,1,5
41048,0,5
41054,1,6
41059,1,5
41064,1,5
41069,0,5
41075,1,6
41081,2,6
41086,1,5
41091,0,5
41097,1,6
41102,1,5
41107,1,5
41112,1,5
41117,0,5
41122,0,5
41128,1,6
41133,1,5
41138,1,5
41143,0,5
41148,0,5
41154,1,6
41159,1,5
41164,1,5
41169,0,5
41174,0,5
41180,1,6
41185,1,5
41190,0,5
41196,1,6
41201,1,5
41206,1,5
41211,1,5
41216,0,5
41222,1,6
41227,1,5
41233,2,6
41237,0,4
41243,1,6
41248,1,5
41253,0,5
41258,0,5
41263,0,5
41269,1,6
41274,1,5
41279,1,5
41284,0,5
41289,0,5
41295,1,6
41300,1,5
41305,1,5
41310,0,5
41315,0,5
41320,0,5
41325,0,5
41331,1,6
41336,1,5
41341,0,5
41346,0,5
41351,0,5
41357,1,6
41362,1,5
41367,1,5
41372,0,5
41377,0,5
41382,0,5
41387,0,5
41393,1,6
41398,1,5
41404,1,6
41409,1,5
41414,1,5
41419,1,5
41424,0,5
41429,0,5
41435,1,6
41440,1,5
41445,1,5
41450,1,5
41455,0,5
41461,1,6
41466,1,5
41471,1,5
41476,0,5
41481,0,5
41488,2,7
41492,1,4
41497,1,5
41502,0,5
41508,1,6
41513,1,5
41518,0,5
41523,0,5
41528,0,5
41534,1,6
41539,1,5
41544,1,5
41549,0,5
41554,0,5
41559,0,5
41564,0,5
41570,1,6
41575,1,5
41580,0,5
41585,0,5
41590,0,5
41596,1,6
41601,1,5
41606,1,5
41611,0,5
41616,0,5
41621,0,5
41626,0,5
41632,1,6
41637,1,5
41642,0,5
41647,0,5
41652,0,5
41658,1,6
41663,1,5
41668,1,5
41673,0,5
41678,0,5
41683,0,5
41689,1,6
41695,2,6
41699,0,4
41705,1,6
41710,1,5
41715,1,5
41720,1,5
41725,0,5
41730,0,5
41735,0,5
41741,1,6
41746,0,5
41751,0,5
41756,0,5
41761,0,5
41767,1,6
41772,1,5
41777,1,5
41782,0,5
41787,0,5
41792,0,5
41797,0,5
41803,1,6
41808,1,5
41813,0,5
41818,0,5
41823,0,5
41829,1,6
41834,1,5
41839,1,5
41844,1,5
41849,0,5
41854,0,5
41860,1,6
41865,1,5
41870,1,5
41875,0,5
41880,0,5
41885,0,5
41890,0,5
41896,1,6
41901,1,5
41906,1,5
41911,0,5
41917,1,6
41922,1,5
41927,1,5
41932,1,5
41937,0,5
41942,0,5
41947,0,5
41952,0,5
41958,1,6
41963,1,5
41968,0,5
41973,0,5
41978,0,5
41984,1,6
41989,1,5
41994,1,5
41999,0,5
42004,0,5
42010,1,6
42015,1,5
42020,1,5
42025,1,5
42030,0,5
42035,0,5
42040,0,5
42046,1,6
42051,1,5
42056,1,5
42066,1,10
42071,1,5
42076,0,5
42082,1,6
42087,1,5
42092,0,5
42098,1,6
42103,1,5
42108,1,5
42114,1,6
42119,1,5
42128,1,9
42133,1,5
42138,1,5
42143,0,5
42149,1,6
42154,1,5
42159,0,5
42165,1,6
42170,1,5
42175,0,5
42181,1,6
42186,1,5
42191,0,5
42198,1,7
42203,1,5
42213,5,10
42213,0,0
42219,1,6
42224,1,5
42229,1,5
42234,0,5
42239,0,5
42244,0,5
42249,0,5
42255,1,6
42260,1,5
42265,1,5
42270,0,5
42275,0,5
42280,0,5
42286,1,6
42291,1,5
42296,1,5
42301,0,5
42306,0,5
42312,1,6
42317,1,5
42322,0,5
42328,1,6
42333,1,5
42338,1,5
42343,0,5
42348,0,5
42354,1,6
42359,1,5
42364,1,5
42369,0,5
42374,0,5
42380,1,6
42385,1,5
42390,1,5
42395,0,5
42400,0,5
42406,1,6
42411,1,5
42416,1,5
42422,1,6
42427,1,5
42432,1,5
42437,1,5
42442,0,5
42447,0,5
42453,1,6
42458,1,5
42463,1,5
42468,0,5
42473,0,5
42478,0,5
42484,1,6
42489,1,5
42494,1,5
42499,0,5
42504,0,5
42509,0,5
42515,1,6
42520,1,5
42525,0,5
42530,0,5
42536,1,6
42541,1,5
42546,1,5
42551,0,5
42557,1,6
42562,1,5
42567,1,5
42572,1,5
42577,0,5
42582,0,5
42587,0,5
42593,1,6
42598,1,5
42603,1,5
42608,0,5
42613,0,5
42619,1,6
42624,1,5
42629,1,5
42634,1,5
42639,0,5
42644,0,5
42650,1,6
42655,1,5
42660,0,5
42665,0,5
42670,0,5
42676,1,6
42681,1,5
42686,1,5
42691,0,5
42696,0,5
42701,0,5
42707,1,6
42712,1,5
42717,1,5
42722,0,5
42727,0,5
42733,1,6
42738,1,5
42743,1,5
42748,1,5
42753,0,5
42758,0,5
42763,0,5
42769,1,6
42774,1,5
42779,1,5
42784,0,5
42789,0,5
42794,0,5
42799,0,5
42805,1,6
42810,1,5
42815,0,5
42820,0,5
42825,0,5
42831,1,6
42836,1,5
42841,0,5
42846,0,5
42851,0,5
42857,1,6
42862,1,5
42867,1,5
42872,0,5
42877,0,5
42882,0,5
42888,1,6
42893,1,5
42898,1,5
42903,0,5
42908,0,5
42914,1,6
42919,1,5
42924,1,5
42929,0,5
42934,0,5
42940,1,6
42945,1,5
42950,1,5
42955,1,5
42960,0,5
42965,0,5
42970,0,5
42976,1,6
42981,1,5
42986,1,5
42991,0,5
42996,0,5
43001,0,5
43007,1,6
43012,1,5
43017,1,5
43022,0,5
43027,0,5
43033,1,6
43038,1,5
43043,1,5
43048,0,5
43053,0,5
43058,0,5
43063,0,5
43068,0,5
43074,1,6
43079,1,5
43084,0,5
43089,0,5
43095,1,6
43100,1,5
43105,1,5
43110,1,5
43115,0,5
43120,0,5
43126,1,6
43131,1,5
43136,0,5
43142,1,6
43147,1,5
43152,1,5
43157,0,5
43163,1,6
43168,1,5
43173,1,5
43178,0,5
43183,0,5
43189,1,6
43194,1,5
43199,1,5
43204,0,5
43210,1,6
43215,1,5
43220,1,5
43225,0,5
43231,1,6
43237,2,6
43242,1,5
43246,0,4
43252,1,6
43257,1,5
43262,1,5
43268,1,6
43273,1,5
43278,0,5
43284,1,6
43289,1,5
43294,1,5
43299,1,5
43304,0,5
43310,1,6
43315,1,5
43320,1,5
43325,0,5
43330,0,5
43335,0,5
43340,0,5
43346,1,6
43351,1,5
43356,1,5
43361,0,5
43366,0,5
43371,0,5
43377,1,6
43382,1,5
43387,1,5
43392,0,5
43397,0,5
43402,0,5
43408,1,6
43413,1,5
43418,1,5
43423,0,5
43428,0,5
43434,1,6
43439,1,5
43444,1,5
43449,0,5
43454,0,5
43459,0,5
43464,0,5
43470,1,6
43475,1,5
43480,0,5
43486,1,6
43491,1,5
43496,1,5
43501,0,5
43506,0,5
43511,0,5
43517,1,6
43522,1,5
43527,1,5
43532,1,5
43537,0,5
43542,0,5
43547,0,5
43553,1,6
43558,1,5
43563,1,5
43569,1,6
43574,1,5
43579,1,5
43584,1,5
43589,0,5
43595,1,6
43600,1,5
43605,1,5
43610,0,5
43616,1,6
43621,1,5
43626,1,5
43631,0,5
43636,0,5
43642,1,6
43647,1,5
43652,1,5
43657,0,5
43662,0,5
43667,0,5
43672,0,5
43678,1,6
43683,1,5
43688,0,5
43693,0,5
43698,0,5
43703,0,5
43709,1,6
43714,1,5
43719,0,5
43724,0,5
43729,0,5
43734,0,5
43739,0,5
43745,1,6
43750,1,5
43755,0,5
43761,1,6
43765,0,4
43771,1,6
43776,1,5
43781,0,5
43786,0,5
43792,1,6
43797,1,5
43802,1,5
43807,0,5
43812,0,5
43817,0,5
43822,0,5
43827,0,5
43833,1,6
43838,1,5
43843,0,5
43848,0,5
43853,0,5
43858,0,5
43864,1,6
43869,1,5
43874,1,5
43879,0,5
43884,0,5
43889,0,5
43898,1,9
43903,1,5
43908,1,5
43913,1,5
43918,0,5
43923,0,5
43929,1,6
43934,1,5
43939,1,5
43944,0,5
43950,1,6
43955,1,5
43960,1,5
43965,0,5
43970,0,5
43975,0,5
43981,1,6
43986,1,5
43991,1,5
43996,0,5
44001,0,5
44006,0,5
44011,0,5
44017,1,6
44022,1,5
44027,0,5
44032,0,5
44037,0,5
44042,0,5
44048,1,6
44053,1,5
44058,0,5
44063,0,5
44068,0,5
44074,1,6
44079,1,5
44084,1,5
44089,0,5
44094,0,5
44099,0,5
44104,0,5
44110,1,6
44115,1,5
44120,1,5
44125,0,5
44130,0,5
44136,1,6
44141,1,5
44146,1,5
44151,0,5
44156,0,5
44161,0,5
44167,1,6
44172,1,5
44177,1,5
44182,0,5
44187,0,5
44192,0,5
44198,1,6
44203,1,5
44208,0,5
44213,0,5
44219,1,6
44224,1,5
44229,1,5
44234,0,5
44239,0,5
44244,0,5
44250,1,6
44255,1,5
44260,1,5
44265,0,5
44270,0,5
44276,1,6
44281,1,5
44286,1,5
44291,0,5
44297,1,6
44302,1,5
44307,1,5
44312,1,5
44317,0,5
44322,0,5
44327,0,5
44333,1,6
44338,1,5
44343,0,5
44348,0,5
44354,1,6
44359,1,5
44364,1,5
44369,0,5
44375,1,6
44380,1,5
44385,1,5
44390,0,5
44395,0,5
44401,1,6
44406,1,5
44411,1,5
44416,0,5
44421,0,5
44426,0,5
44431,0,5
44437,1,6
44442,1,5
44447,0,5
44452,0,5
44457,0,5
44462,0,5
44468,1,6
44473,1,5
44478,0,5
44483,0,5
44488,0,5
44494,1,6
44499,1,5
44504,1,5
44509,0,5
44514,0,5
44519,0,5
44525,1,6
44530,1,5
44535,0,5
44540,0,5
44545,0,5
44552,0,7
44558,1,6
44563,1,5
44568,1,5
44573,1,5
44578,0,5
44583,0,5
44589,1,6
44594,1,5
44599,1,5
44604,0,5
44609,0,5
44614,0,5
44619,0,5
44625,1,6
44630,1,5
44635,0,5
44640,0,5
44645,0,5
44650,0,5
44656,1,6
44661,1,5
44666,0,5
44671,0,5
44676,0,5
44681,0,5
44687,1,6
44692,1,5
44697,0,5
44702,0,5
44708,1,6
44713,1,5
44718,1,5
44723,1,5
44728,0,5
44733,0,5
44738,0,5
44744,1,6
44749,1,5
44754,1,5
44759,0,5
44764,0,5
44769,0,5
44774,0,5
44780,1,6
44785,1,5
44790,0,5
44795,0,5
44800,0,5
44806,1,6
44811,1,5
44816,1,5
44822,1,6
44827,1,5
44832,1,5
44837,1,5
44842,0,5
44847,0,5
44852,0,5
44857,0,5
44863,1,6
44868,1,5
44873,1,5
44878,0,5
44883,0,5
44888,0,5
44894,1,6
44899,1,5
44904,1,5
44909,0,5
44914,0,5
44919,0,5
44925,1,6
44930,1,5
44935,1,5
44940,0,5
44945,0,5
44950,0,5
44956,0,6
44962,0,6
44969,1,7
44975,1,6
44981,1,6
44987,1,6
44992,0,5
44998,0,6
45004,0,6
45010,0,6
45018,1,8
45024,1,6
45030,1,6
45036,1,6
45042,1,6
45047,0,5
45053,0,6
45060,1,7
45066,1,6
45072,1,6
45078,1,6
45084,1,6
45090,1,6
45096,0,6
45102,1,6
45108,1,6
45113,0,5
45119,0,6
45125,1,6
45131,1,6
45136,0,5
45142,0,6
45148,0,6
45154,1,6
45160,1,6
45165,0,5
45171,0,6
45177,0,6
45183,1,6
45189,1,6
45195,1,6
45200,0,5
45206,0,6
45212,1,6
45218,1,6
45223,0,5
45229,0,6
45235,1,6
45240,0,5
45246,0,6
45252,1,6
45258,1,6
45263,0,5
45269,0,6
45274,0,5
45280,1,6
45285,1,5
45290,0,5
45295,0,5
45301,1,6
45306,1,5
45311,0,5
45317,1,6
45322,1,5
45327,1,5
45332,1,5
45337,0,5
45342,0,5
45348,1,6
45353,1,5
45358,1,5
45363,0,5
45368,0,5
45374,1,6
45379,1,5
45384,1,5
45389,0,5
45394,0,5
45400,1,6
45405,1,5
45410,1,5
45415,0,5
45420,0,5
45426,1,6
45431,1,5
45436,1,5
45441,0,5
45446,0,5
45452,1,6
45457,1,5
45462,1,5
45467,1,5
45472,0,5
45478,1,6
45484,2,6
45489,1,5
45496,1,7
45510,1,14
45515,1,5
45520,1,5
45525,0,5
45530,0,5
45536,1,6
45541,1,5
45546,1,5
45551,0,5
45556,0,5
45561,0,5
45567,1,6
45572,1,5
45577,1,5
45582,0,5
45587,0,5
45592,0,5
45598,1,6
45603,1,5
45608,1,5
45613,0,5
45618,0,5
45623,0,5
45628,0,5
45634,1,6
45639,1,5
45644,1,5
45649,0,5
45654,0,5
45659,0,5
45665,1,6
45670,1,5
45675,1,5
45680,0,5
45685,0,5
45690,0,5
45695,0,5
45701,1,6
45706,1,5
45711,1,5
45716,0,5
45721,0,5
45726,0,5
45731,0,5
45737,1,6
45742,1,5
45747,0,5
45752,0,5
45757,0,5
45763,1,6
45769,2,6
45773,0,4
45779,1,6
45784,1,5
45789,1,5
45794,0,5
45799,0,5
45805,1,6
45810,1,5
45815,1,5
45820,0,5
45825,0,5
45831,1,6
45836,1,5
45841,1,5
45846,0,5
45852,1,6
45857,1,5
45862,0,5
45868,1,6
45873,1,5
45878,0,5
45884,1,6
45889,1,5
45894,1,5
45899,0,5
45905,1,6
45910,1,5
45915,1,5
45920,1,5
45925,0,5
45930,0,5
45935,0,5
45940,0,5
45946,1,6
45951,1,5
45956,0,5
45961,0,5
45966,0,5
45971,0,5
45977,1,6
45982,1,5
45987,1,5
45992,0,5
45997,0,5
46002,0,5
46008,1,6
46013,1,5
46018,1,5
46023,0,5
46028,0,5
46033,0,5
46038,0,5
46044,1,6
46049,1,5
46054,0,5
46059,0,5
46064,0,5
46070,1,6
46075,1,5
46080,1,5
46085,0,5
46090,0,5
46095,0,5
46100,0,5
46106,1,6
46111,1,5
46116,0,5
46121,0,5
46126,0,5
46131,0,5
46137,1,6
46142,1,5
46147,0,5
46152,0,5
46158,1,6
46163,0,5
46168,0,5
46173,0,5
46179,1,6
46184,1,5
46189,1,5
46194,0,5
46199,0,5
46205,1,6
46210,1,5
46215,1,5
46220,0,5
46225,0,5
46230,0,5
46236,1,6
46241,1,5
46246,1,5
46251,0,5
46256,0,5
46262,1,6
46267,1,5
46272,1,5
46277,0,5
46282,0,5
46288,1,6
46293,1,5
46298,1,5
46303,1,5
46308,0,5
46313,0,5
46318,0,5
46323,0,5
46329,1,6
46334,1,5
46339,1,5
46344,0,5
46349,0,5
46354,0,5
46360,1,6
46365,1,5
46370,1,5
46375,0,5
46380,0,5
46385,0,5
46390,0,5
46396,1,6
46401,1,5
46406,0,5
46411,0,5
46416,0,5
46422,1,6
46427,1,5
46432,1,5
46437,0,5
46442,0,5
46448,1,6
46453,1,5
46458,1,5
46463,0,5
46468,0,5
46473,0,5
46478,0,5
46484,1,6
46489,1,5
46494,1,5
46499,0,5
46504,0,5
46509,0,5
46514,0,5
46520,1,6
46525,1,5
46530,0,5
46535,0,5
46540,0,5
46546,1,6
46551,1,5
46556,1,5
46561,0,5
46566,0,5
46571,0,5
46576,0,5
46582,1,6
46587,1,5
46592,0,5
46598,1,6
46603,1,5
46608,1,5
46613,0,5
46618,0,5
46623,0,5
46628,0,5
46634,1,6
46639,1,5
46644,1,5
46649,0,5
46655,1,6
46660,1,5
46665,1,5
46670,1,5
46675,0,5
46680,0,5
46685,0,5
46690,0,5
46696,1,6
46701,1,5
46706,0,5
46711,0,5
46716,0,5
46722,1,6
46727,1,5
46732,1,5
46737,0,5
46742,0,5
46748,1,6
46753,1,5
46758,1,5
46763,0,5
46768,0,5
46773,0,5
46779,1,6
46784,1,5
46789,1,5
46794,0,5
46799,0,5
46805,1,6
46810,1,5
46815,1,5
46820,0,5
46825,0,5
46830,0,5
46836,1,6
46841,1,5
46846,1,5
46851,0,5
46856,0,5
46862,1,6
46867,1,5
46872,1,5
46877,0,5
46882,0,5
46888,1,6
46893,1,5
46898,1,5
46903,0,5
46908,0,5
46913,0,5
46919,1,6
46924,1,5
46929,1,5
46934,0,5
46939,0,5
46945,1,6
46950,1,5
46955,1,5
46960,0,5
46965,0,5
46970,0,5
46976,1,6
46981,1,5
46986,1,5
46991,0,5
46996,0,5
47002,1,6
47007,1,5
47012,1,5
47017,0,5
47022,0,5
47028,1,6
47033,1,5
47038,1,5
47043,0,5
47049,1,6
47054,1,5
47059,1,5
47064,0,5
47069,0,5
47077,1,8
47083,1,6
47088,1,5
47093,0,5
47099,1,6
47104,1,5
47109,1,5
47114,0,5
47119,0,5
47125,1,6
47130,1,5
47135,1,5
47140,0,5
47146,1,6
47151,1,5
47156,1,5
47161,0,5
47167,1,6
47172,1,5
47177,1,5
47182,0,5
47187,0,5
47193,1,6
47198,1,5
47203,1,5
47208,0,5
47227,14,19
47227,9,0
47227,4,0
47229,0,2
47235,1,6
47240,1,5
47245,1,5
47250,0,5
47255,0,5
47261,1,6
47266,1,5
47271,1,5
47277,1,6
47282,1,5
47287,1,5
47292,1,5
47298,1,6
47303,1,5
47309,1,6
47314,1,5
47319,1,5
47324,1,5
47329,0,5
47335,1,6
47340,1,5
47345,1,5
47350,0,5
47356,1,6
47361,1,5
47366,1,5
47371,0,5
47376,0,5
47382,1,6
47387,1,5
47392,1,5
47397,0,5
47403,1,6
47408,1,5
47413,1,5
47418,1,5
47423,0,5
47429,1,6
47434,1,5
47439,1,5
47444,0,5
47449,0,5
47455,1,6
47460,1,5
47465,1,5
47470,0,5
47475,0,5
47481,1,6
47486,1,5
47491,1,5
47496,0,5
47502,1,6
47507,1,5
47512,1,5
47517,0,5
47523,1,6
47528,1,5
47533,1,5
47538,0,5
47543,0,5
47549,1,6
47554,1,5
47559,1,5
47564,0,5
47570,1,6
47575,1,5
47580,1,5
47585,1,5
47590,0,5
47595,0,5
47600,0,5
47606,1,6
47611,1,5
47616,1,5
47621,0,5
47626,0,5
47631,0,5
47636,0,5
47642,1,6
47647,1,5
47652,0,5
47657,0,5
47663,1,6
47668,1,5
47673,1,5
47678,0,5
47683,0,5
47688,0,5
47694,1,6
47699,1,5
47704,1,5
47709,0,5
47714,0,5
47719,0,5
47724,0,5
47730,1,6
47735,1,5
47740,1,5
47745,0,5
47750,0,5
47755,0,5
47761,1,6
47766,1,5
47771,1,5
47776,0,5
47781,0,5
47786,0,5
47792,1,6
47797,1,5
47802,1,5
47810,3,8
47812,0,2
47818,1,6
47823,1,5
47828,1,5
47833,0,5
47838,0,5
47843,0,5
47849,1,6
47854,1,5
47859,1,5
47864,1,5
47869,0,5
47874,0,5
47879,0,5
47884,0,5
47890,1,6
47895,1,5
47900,1,5
47905,0,5
47910,0,5
47915,0,5
47921,1,6
47926,1,5
47931,1,5
47936,0,5
47941,0,5
47947,1,6
47952,1,5
47957,1,5
47962,0,5
47968,1,6
47973,1,5
47978,1,5
47983,1,5
47988,0,5
47993,0,5
47998,0,5
48004,1,6
48009,1,5
48014,0,5
48019,0,5
48024,0,5
48030,1,6
48035,1,5
48040,1,5
48045,1,5
48050,0,5
48056,1,6
48060,0,4
48066,1,6
48071,1,5
48076,0,5
48081,0,5
48086,0,5
48092,1,6
48097,1,5
48102,0,5
48108,1,6
48113,1,5
48118,1,5
48123,1,5
48128,0,5
48133,0,5
48139,1,6
48144,1,5
48149,1,5
48154,0,5
48160,1,6
48166,2,6
48171,1,5
48176,1,5
48181,1,5
48186,1,5
48191,0,5
48197,1,6
48202,1,5
48207,1,5
48212,1,5
48217,0,5
48222,0,5
48227,0,5
48233,1,6
48238,1,5
48243,1,5
48248,0,5
48253,0,5
48259,1,6
48264,1,5
48269,1,5
48274,0,5
48279,0,5
48284,0,5
48290,1,6
48295,1,5
48300,1,5
48306,1,6
48311,1,5
48316,1,5
48321,0,5
48327,1,6
48332,1,5
48337,1,5
48342,1,5
48348,1,6
48353,1,5
48358,1,5
48364,1,6
48370,2,6
48374,1,4
48379,1,5
48384,0,5
48390,1,6
48395,1,5
48400,0,5
48405,0,5
48411,1,6
48416,1,5
48421,1,5
48427,1,6
48432,1,5
48437,1,5
48445,4,8
48447,0,2
48453,1,6
48458,1,5
48463,1,5
48468,1,5
48473,0,5
48478,0,5
48484,1,6
48489,1,5
48494,1,5
48499,0,5
48504,0,5
48510,1,6
48515,0,5
48521,1,6
48526,0,5
48532,1,6
48537,1,5
48546,1,9
48551,1,5
48556,1,5
48561,0,5
48566,0,5
48572,1,6
48577,1,5
48582,0,5
48588,1,6
48593,1,5
48598,1,5
48603,0,5
48609,1,6
48614,1,5
48619,1,5
48624,0,5
48630,1,6
48635,1,5
48640,1,5
48645,0,5
48650,0,5
48656,1,6
48661,1,5
48666,1,5
48671,0,5
48676,0,5
48682,1,6
48687,1,5
48692,1,5
48697,0,5
48702,0,5
48707,0,5
48713,1,6
48718,1,5
48723,1,5
48728,0,5
48733,0,5
48739,1,6
48744,1,5
48749,0,5
48755,1,6
48760,1,5
48765,1,5
48770,0,5
48775,0,5
48781,1,6
48786,1,5
48791,1,5
48796,0,5
48802,1,6
48807,1,5
48812,1,5
48818,1,6
48823,1,5
48828,1,5
48833,1,5
48839,1,6
48844,1,5
48849,1,5
48854,1,5
48859,0,5
48865,1,6
48870,1,5
48875,0,5
48881,1,6
48886,1,5
48893,3,7
48898,1,5
48903,1,5
48908,1,5
48913,0,5
48919,1,6
48924,1,5
48929,1,5
48934,0,5
48940,1,6
48945,1,5
48950,1,5
48958,1,8
48963,1,5
48968,1,5
48973,0,5
48980,1,7
48985,1,5
48991,1,6
48996,1,5
49001,1,5
49006,0,5
49012,1,6
49018,2,6
49023,1,5
49028,1,5
49033,0,5
49039,1,6
49044,1,5
49049,0,5
49055,1,6
49060,1,5
49065,1,5
49070,0,5
49076,1,6
49081,1,5
49086,1,5
49092,1,6
49097,1,5
49102,1,5
49108,1,6
49113,1,5
49118,1,5
49124,1,6
49129,1,5
49134,1,5
49139,0,5
49145,1,6
49150,1,5
49155,1,5
49160,0,5
49165,0,5
49171,1,6
49176,1,5
49181,1,5
49187,1,6
49192,0,5
49197,0,5
49203,1,6
49208,1,5
49213,1,5
49218,0,5
49223,0,5
49229,1,6
49234,1,5
49240,2,6
49245,1,5
49250,1,5
49255,1,5
49260,1,5
49265,0,5
49271,1,6
49276,1,5
49281,1,5
49286,0,5
49291,0,5
49297,1,6
49302,1,5
49307,1,5
49312,0,5
49318,1,6
49323,1,5
49328,1,5
49333,0,5
49339,1,6
49344,1,5
49349,1,5
49354,1,5
49360,1,6
49365,1,5
49370,1,5
49375,0,5
49381,1,6
49386,1,5
49391,1,5
49397,1,6
49402,1,5
49407,1,5
49412,0,5
49418,1,6
49423,1,5
49428,1,5
49433,1,5
49438,0,5
49443,0,5
49449,1,6
49454,1,5
49459,0,5
49464,0,5
49470,1,6
49475,1,5
49480,1,5
49485,0,5
49491,1,6
49496,1,5
49501,1,5
49507,1,6
49512,1,5
49517,1,5
49522,1,5
49527,0,5
49533,1,6
49538,1,5
49543,0,5
49549,1,6
49554,1,5
49559,1,5
49565,1,6
49570,1,5
49575,1,5
49580,0,5
49586,1,6
49591,1,5
49596,1,5
49601,0,5
49607,1,6
49612,1,5
49617,1,5
49622,1,5
49628,1,6
49633,1,5
49638,1,5
49643,1,5
49649,1,6
49654,1,5
49659,1,5
49664,1,5
49670,1,6
49675,1,5
49680,1,5
49685,0,5
49691,1,6
49696,1,5
49701,1,5
49706,1,5
49712,1,6
49717,1,5
49723,1,6
49728,1,5
49733,1,5
49738,0,5
49744,1,6
49749,1,5
49754,1,5
49759,1,5
49764,0,5
49769,0,5
49774,0,5
49780,1,6
49785,1,5
49790,0,5
49795,0,5
49801,1,6
49806,1,5
49811,1,5
49816,0,5
49822,1,6
49827,1,5
49832,1,5
49837,0,5
49842,0,5
49847,0,5
49853,1,6
49858,1,5
49863,0,5
49868,0,5
49874,1,6
49879,1,5
49884,1,5
49889,0,5
49895,1,6
49900,1,5
49905,1,5
49913,1,8
49918,1,5
49923,1,5
49928,0,5
49933,0,5
49939,1,6
49944,1,5
49949,1,5
49954,0,5
49959,0,5
49965,1,6
49970,1,5
49975,1,5
49980,0,5
49985,0,5
49991,1,6
49996,1,5
50001,1,5
50006,0,5
50011,0,5
50017,1,6
50022,1,5
50027,1,5
50032,1,5
50037,0,5
50042,0,5
50048,1,6
50053,1,5
50058,1,5
50063,0,5
50068,0,5
50073,0,5
50079,1,6
50084,1,5
50089,0,5
50094,0,5
50099,0,5
50104,0,5
50110,1,6
50115,1,5
50120,0,5
50125,0,5
50131,1,6
50136,1,5
50141,1,5
50146,0,5
50151,0,5
50157,1,6
50162,1,5
50167,1,5
50172,1,5
50177,0,5
50182,0,5
50188,1,6
50193,1,5
50198,1,5
50203,0,5
50208,0,5
50213,0,5
50218,0,5
50224,1,6
50229,1,5
50234,1,5
50239,0,5
50244,0,5
50249,0,5
50255,1,6
50260,1,5
50265,1,5
50270,0,5
50275,0,5
50280,0,5
50286,1,6
50291,1,5
50296,1,5
50301,0,5
50306,0,5
50312,1,6
50317,1,5
50322,1,5
50327,0,5
50332,0,5
50337,0,5
50342,0,5
50348,1,6
50353,1,5
50358,1,5
50363,1,5
50368,0,5
50374,1,6
50378,0,4
50384,1,6
50389,1,5
50394,1,5
50399,0,5
50406,1,7
50411,1,5
50416,1,5
50421,0,5
50427,1,6
50432,1,5
50437,1,5
50442,0,5
50448,1,6
50453,1,5
50458,1,5
50463,1,5
50468,0,5
50474,1,6
50479,1,5
50484,1,5
50489,1,5
50494,0,5
50499,0,5
50505,1,6
50510,1,5
50515,1,5
50520,0,5
50525,0,5
50530,0,5
50536,1,6
50541,1,5
50546,1,5
50551,0,5
50556,0,5
50562,1,6
50567,1,5
50572,1,5
50577,0,5
50582,0,5
50587,0,5
50592,0,5
50598,1,6
50603,1,5
50608,0,5
50613,0,5
50619,1,6
50624,1,5
50629,1,5
50634,0,5
50639,0,5
50644,0,5
50649,0,5
50655,1,6
50660,1,5
50665,0,5
50670,0,5
50676,1,6
50681,1,5
50688,3,7
50691,0,3
50697,1,6
50702,1,5
50707,0,5
50712,0,5
50718,1,6
50723,0,5
50728,0,5
50734,1,6
50739,1,5
50744,0,5
50750,1,6
50755,1,5
50760,0,5
50765,0,5
50770,0,5
50776,1,6
50781,1,5
50786,0,5
50792,1,6
50797,1,5
50802,0,5
50807,0,5
50813,1,6
50818,1,5
50823,1,5
50828,0,5
50833,0,5
50838,0,5
50844,1,6
50849,1,5
50854,1,5
50859,0,5
50864,0,5
50870,1,6
50875,1,5
50880,1,5
50885,0,5
50890,0,5
50896,1,6
50901,1,5
50906,1,5
50911,0,5
50916,0,5
50922,1,6
50927,1,5
50932,1,5
50938,1,6
50943,1,5
50952,1,9
50957,1,5
50966,1,9
50971,1,5
50976,1,5
50981,0,5
50986,0,5
50992,1,6
50997,1,5
51002,1,5
51007,0,5
51013,1,6
51018,1,5
51023,1,5
51028,0,5
51033,0,5
51038,0,5
51044,1,6
51049,1,5
51054,1,5
51059,0,5
51064,0,5
51069,0,5
51075,1,6
51080,1,5
51085,1,5
51090,0,5
51096,1,6
51101,1,5
51106,1,5
51111,0,5
51117,1,6
51122,1,5
51127,1,5
51132,0,5
51137,0,5
51143,1,6
51148,1,5
51154,1,6
51159,0,5
51165,1,6
51170,1,5
51175,1,5
51180,1,5
51185,0,5
51190,0,5
51196,1,6
51201,1,5
51206,1,5
51211,0,5
51216,0,5
51221,0,5
51227,1,6
51232,1,5
51237,0,5
51242,0,5
51247,0,5
51252,0,5
51258,1,6
51263,1,5
51268,0,5
51274,1,6
51279,1,5
51284,1,5
51289,1,5
51294,0,5
51299,0,5
51305,1,6
51310,1,5
51315,1,5
51321,1,6
51325,0,4
51331,1,6
51336,1,5
51341,1,5
51346,0,5
51353,2,7
51357,0,4
51362,0,5
51368,1,6
51373,1,5
51378,1,5
51383,0,5
51388,0,5
51393,0,5
51399,1,6
51404,1,5
51409,1,5
51414,0,5
51419,0,5
51424,0,5
51430,1,6
51435,1,5
51440,1,5
51445,0,5
51450,0,5
51455,0,5
51460,0,5
51466,1,6
51471,1,5
51476,1,5
51481,0,5
51486,0,5
51491,0,5
51497,1,6
51502,1,5
51507,1,5
51512,0,5
51518,1,6
51523,1,5
51528,1,5
51533,1,5
51538,0,5
51543,0,5
51548,0,5
51554,1,6
51559,1,5
51564,1,5
51569,0,5
51574,0,5
51579,0,5
51586,1,7
51591,0,5
51596,0,5
51602,1,6
51607,1,5
51612,0,5
51617,0,5
51622,0,5
51627,0,5
51633,1,6
51638,1,5
51643,1,5
51648,0,5
51653,0,5
51659,1,6
51664,1,5
51675,7,11
51675,1,0
51680,1,5
51685,1,5
51690,1,5
51695,0,5
51700,0,5
51705,0,5
51711,1,6
51716,1,5
51721,0,5
51726,0,5
51731,0,5
51737,1,6
51742,1,5
51748,1,6
51754,2,6
51759,1,5
51764,1,5
51769,1,5
51775,2,6
51780,1,5
51787,2,7
51791,1,4
51796,1,5
51801,0,5
51806,0,5
51811,0,5
51817,1,6
51823,1,6
51828,1,5
51833,0,5
51838,0,5
51843,0,5
51849,1,6
51854,1,5
51859,1,5
51864,0,5
51869,0,5
51874,0,5
51880,1,6
51885,1,5
51890,0,5
51895,0,5
51901,1,6
51906,1,5
51911,1,5
51916,0,5
51921,0,5
51927,1,6
51932,1,5
51937,1,5
51942,0,5
51948,1,6
51953,1,5
51958,1,5
51963,0,5
51969,1,6
51974,1,5
51979,1,5
51984,0,5
51990,1,6
51998,1,8
52004,1,6
52009,1,5
52016,1,7
52021,1,5
52028,2,7
52033,1,5
52038,1,5
52043,1,5
52048,0,5
52053,0,5
52059,1,6
52064,0,5
52070,1,6
52075,1,5
52080,1,5
52085,1,5
52090,0,5
52096,1,6
52101,1,5
52106,1,5
52111,0,5
52116,0,5
52122,1,6
52127,1,5
52132,1,5
52137,0,5
52142,0,5
52149,1,7
52154,1,5
52159,0,5
52165,1,6
52170,1,5
52175,1,5
52180,1,5
52185,0,5
52190,0,5
52196,1,6
52201,1,5
52206,1,5
52211,0,5
52217,1,6
52222,1,5
52235,9,13
52235,3,0
52237,0,2
52242,0,5
52248,1,6
52253,1,5
52258,0,5
52263,0,5
52269,1,6
52274,1,5
52279,1,5
52284,0,5
52289,0,5
52295,1,6
52303,2,8
52308,2,5
52314,2,6
52319,2,5
52324,1,5
52329,0,5
52334,0,5
52339,0,5
52344,0,5
52350,1,6
52355,1,5
52360,0,5
52365,0,5
52370,0,5
52375,0,5
52381,1,6
52386,1,5
52391,0,5
52396,0,5
52401,0,5
52407,1,6
52412,1,5
52417,0,5
52422,0,5
52427,0,5
52433,1,6
52438,1,5
52443,1,5
52448,0,5
52453,0,5
52459,1,6
52464,1,5
52469,0,5
52474,0,5
52479,0,5
52485,1,6
52490,0,5
52495,0,5
52501,1,6
52506,1,5
52511,1,5
52516,0,5
52522,1,6
52527,1,5
52532,1,5
52537,0,5
52542,0,5
52548,1,6
52553,1,5
52558,1,5
52563,0,5
52568,0,5
52573,0,5
52578,0,5
52584,1,6
52589,1,5
52594,1,5
52599,0,5
52604,0,5
52610,1,6
52615,1,5
52621,1,6
52627,1,6
52634,1,7
52639,1,5
52644,0,5
52649,0,5
52655,1,6
52660,1,5
52665,1,5
52670,0,5
52676,1,6
52681,1,5
52686,1,5
52691,0,5
52696,0,5
52702,1,6
52707,1,5
52712,1,5
52717,0,5
52723,1,6
52728,1,5
52733,1,5
52738,1,5
52744,1,6
52749,1,5
52754,1,5
52759,1,5
52764,0,5
52769,0,5
52774,0,5
52780,1,6
52785,1,5
52790,0,5
52795,0,5
52800,0,5
52806,1,6
52811,1,5
52816,1,5
52821,0,5
52826,0,5
52832,1,6
52837,1,5
52842,1,5
52847,0,5
52853,1,6
52858,1,5
52863,1,5
52868,1,5
52873,0,5
52879,1,6
52884,1,5
52889,1,5
52894,0,5
52900,1,6
52905,1,5
52910,1,5
52915,0,5
52921,1,6
52926,1,5
52931,1,5
52936,0,5
52941,0,5
52947,1,6
52952,1,5
52957,1,5
52962,0,5
52968,1,6
52973,0,5
52978,0,5
52984,1,6
52989,1,5
52994,0,5
53000,1,6
53005,1,5
53010,1,5
53015,1,5
53020,0,5
53026,1,6
53031,1,5
53036,1,5
53041,1,5
53047,1,6
53052,1,5
53057,1,5
53062,1,5
53067,0,5
53073,1,6
53078,1,5
53083,1,5
53088,0,5
53093,0,5
53099,1,6
53104,1,5
53109,0,5
53114,0,5
53120,1,6
53125,1,5
53131,2,6
53136,1,5
53141,0,5
53146,0,5
53151,0,5
53157,1,6
53162,1,5
53167,0,5
53172,0,5
53177,0,5
53183,1,6
53188,1,5
53194,2,6
53199,1,5
53204,0,5
53210,1,6
53215,1,5
53220,1,5
53225,0,5
53231,1,6
53236,1,5
53241,1,5
53246,1,5
53251,0,5
53256,0,5
53262,1,6
53267,1,5
53272,0,5
53277,0,5
53283,1,6
53288,1,5
53293,1,5
53298,0,5
53303,0,5
53309,1,6
53314,1,5
53319,1,5
53324,0,5
53330,1,6
53335,1,5
53340,1,5
53346,2,6
53350,0,4
53355,0,5
53360,0,5
53366,1,6
53371,1,5
53376,1,5
53382,1,6
53387,1,5
53393,2,6
53397,0,4
53402,0,5
53408,1,6
53413,1,5
53418,1,5
53423,0,5
53429,1,6
53434,1,5
53439,1,5
53444,1,5
53451,2,7
53456,2,5
53461,1,5
53467,2,6
53472,2,5
53477,1,5
53482,1,5
53487,1,5
53492,1,5
53498,1,6
53502,0,4
53508,1,6
53513,1,5
53518,1,5
53523,0,5
53529,1,6
53534,1,5
53539,1,5
53544,1,5
53549,0,5
53555,1,6
53560,1,5
53565,1,5
53570,0,5
53575,0,5
53581,1,6
53586,1,5
53591,1,5
53596,0,5
53601,0,5
53607,1,6
53612,1,5
53617,1,5
53622,0,5
53627,0,5
53633,1,6
53638,1,5
53643,1,5
53648,1,5
53653,0,5
53658,0,5
53663,0,5
53669,1,6
53674,1,5
53679,0,5
53684,0,5
53689,0,5
53695,1,6
53700,1,5
53705,0,5
53710,0,5
53716,1,6
53721,1,5
53726,1,5
53731,0,5
53736,0,5
53742,1,6
53747,1,5
53752,1,5
53757,0,5
53762,0,5
53768,1,6
53773,1,5
53778,1,5
53783,0,5
53788,0,5
53793,0,5
53799,1,6
53804,1,5
53809,1,5
53814,0,5
53819,0,5
53824,0,5
53829,0,5
53835,1,6
53840,1,5
53845,1,5
53850,0,5
53855,0,5
53860,0,5
53866,1,6
53871,1,5
53876,1,5
53881,0,5
53886,0,5
53892,1,6
53897,1,5
53902,1,5
53909,1,7
53914,1,5
53919,0,5
53924,0,5
53930,1,6
53935,1,5
53940,1,5
53946,1,6
53951,1,5
53956,1,5
53961,1,5
53966,0,5
53972,1,6
53977,1,5
53982,0,5
53990,1,8
53995,1,5
54000,1,5
54006,1,6
54011,1,5
54016,1,5
54021,0,5
54027,1,6
54032,1,5
54037,1,5
54042,0,5
54047,0,5
54053,1,6
54058,1,5
54063,1,5
54068,0,5
54074,1,6
54079,1,5
54084,1,5
54090,1,6
54095,1,5
54100,1,5
54105,1,5
54110,1,5
54115,0,5
54120,0,5
54126,1,6
54131,1,5
54136,1,5
54141,0,5
54146,0,5
54152,1,6
54157,1,5
54162,1,5
54168,2,6
54172,0,4
54178,1,6
54183,1,5
54188,1,5
54193,0,5
54199,1,6
54204,1,5
54209,1,5
54214,0,5
54219,0,5
54225,1,6
54230,1,5
54235,1,5
54241,1,6
54246,1,5
54251,1,5
54256,1,5
54262,1,6
54267,1,5
54272,0,5
54278,1,6
54283,1,5
54288,1,5
54294,1,6
54299,1,5
54305,1,6
54310,1,5
54316,1,6
54321,1,5
54330,1,9
54335,1,5
54340,1,5
54345,0,5
54353,1,8
54358,1,5
54363,1,5
54368,1,5
54373,0,5
54379,1,6
54384,1,5
54389,1,5
54394,0,5
54399,0,5
54404,0,5
54410,1,6
54415,1,5
54420,0,5
54426,1,6
54431,1,5
54437,2,6
54441,0,4
54446,0,5
54451,0,5
54457,1,6
54462,1,5
54467,0,5
54472,0,5
54478,1,6
54483,1,5
54488,1,5
54493,0,5
54499,1,6
54504,1,5
54509,1,5
54514,0,5
54520,1,6
54525,1,5
54530,1,5
54535,0,5
54541,1,6
54546,1,5
54551,1,5
54556,0,5
54561,0,5
54567,1,6
54572,1,5
54577,1,5
54582,0,5
54587,0,5
54593,1,6
54598,1,5
54603,0,5
54609,1,6
54614,1,5
54619,1,5
54624,1,5
54629,0,5
54635,1,6
54642,2,7
54647,1,5
54652,1,5
54657,1,5
54662,1,5
54667,0,5
54672,0,5
54678,1,6
54683,1,5
54688,1,5
54693,0,5
54698,0,5
54704,1,6
54709,1,5
54714,1,5
54719,0,5
54724,0,5
54730,1,6
54735,1,5
54740,1,5
54746,1,6
54752,0,6
54758,1,6
54763,1,5
54768,1,5
54773,0,5
54779,1,6
54784,1,5
54789,1,5
54794,1,5
54799,0,5
54805,1,6
54810,1,5
54815,1,5
54820,0,5
54826,1,6
54831,1,5
54836,1,5
54841,0,5
54846,0,5
54852,1,6
54857,1,5
54862,1,5
54867,0,5
54873,1,6
54878,1,5
54883,1,5
54888,0,5
54894,1,6
54898,0,4
54904,1,6
54909,1,5
54914,0,5
54919,0,5
54925,1,6
54930,1,5
54935,1,5
54940,0,5
54946,1,6
54951,1,5
54956,1,5
54961,1,5
54966,0,5
54971,0,5
54976,0,5
54982,1,6
54987,1,5
54992,1,5
54997,0,5
55002,0,5
55008,1,6
55018,1,10
55023,1,5
55028,1,5
55033,0,5
55039,1,6
55044,1,5
55049,1,5
55054,0,5
55059,0,5
55065,1,6
55070,1,5
55075,1,5
55081,1,6
55085,0,4
55091,1,6
55096,1,5
55101,1,5
55106,0,5
55112,1,6
55117,1,5
55122,1,5
55127,0,5
55132,0,5
55138,1,6
55143,1,5
55148,1,5
55153,0,5
55158,0,5
55163,0,5
55169,1,6
55174,1,5
55179,0,5
55184,0,5
55190,1,6
55195,1,5
55200,1,5
55206,1,6
55211,1,5
55216,1,5
55222,2,6
55227,1,5
55232,1,5
55237,1,5
55243,2,6
55247,0,4
55252,0,5
55258,1,6
55263,1,5
55268,1,5
55273,0,5
55278,0,5
55284,1,6
55289,1,5
55294,1,5
55299,0,5
55304,0,5
55310,1,6
55315,1,5
55320,1,5
55325,0,5
55330,0,5
55336,1,6
55341,1,5
55346,1,5
55351,0,5
55356,0,5
55361,0,5
55366,0,5
55372,1,6
55377,1,5
55382,1,5
55387,0,5
55392,0,5
55398,1,6
55403,1,5
55408,0,5
55413,0,5
55419,1,6
55424,1,5
55429,1,5
55435,1,6
55446,1,11
55451,1,5
55456,0,5
55462,1,6
55467,1,5
55472,0,5
55478,1,6
55483,1,5
55489,1,6
55494,1,5
55499,1,5
55504,1,5
55509,0,5
55515,1,6
55520,1,5
55525,1,5
55530,0,5
55536,1,6
55541,1,5
55546,1,5
55551,1,5
55556,0,5
55562,1,6
55567,1,5
55576,0,9
55582,1,6
55587,1,5
55592,1,5
55597,0,5
55602,0,5
55608,1,6
55613,1,5
55619,2,6
55624,1,5
55629,1,5
55634,1,5
55639,0,5
55645,1,6
55650,1,5
55655,0,5
55661,1,6
55666,1,5
55671,1,5
55676,0,5
55681,0,5
55687,1,6
55692,1,5
55697,1,5
55702,0,5
55708,1,6
55713,1,5
55718,1,5
55723,0,5
55730,1,7
55735,1,5
55740,1,5
55747,1,7
55752,1,5
55757,0,5
55762,0,5
55768,1,6
55773,1,5
55778,1,5
55783,0,5
55789,1,6
55794,1,5
55799,1,5
55804,0,5
55810,1,6
55815,1,5
55820,1,5
55825,1,5
55830,0,5
55835,0,5
55841,1,6
55846,1,5
55851,1,5
55856,0,5
55861,0,5
55866,0,5
55872,1,6
55877,1,5
55882,0,5
55887,0,5
55893,1,6
55898,1,5
55903,1,5
55908,0,5
55913,0,5
55919,1,6
55924,1,5
55929,1,5
55934,0,5
55939,0,5
55945,1,6
55950,1,5
55955,0,5
55960,0,5
55966,1,6
55971,1,5
55976,0,5
55982,1,6
55987,1,5
55992,1,5
55997,1,5
56002,0,5
56008,1,6
56015,2,7
56021,1,6
56027,1,6
56034,1,7
56039,1,5
56044,0,5
56050,1,6
56055,1,5
56060,1,5
56066,1,6
56071,1,5
56076,1,5
56081,1,5
56086,0,5
56095,1,9
56100,1,5
56105,1,5
56110,1,5
56115,0,5
56121,1,6
56126,1,5
56131,1,5
56136,0,5
56142,1,6
56147,1,5
56152,1,5
56157,0,5
56162,0,5
56168,1,6
56173,1,5
56178,0,5
56184,1,6
56189,1,5
56195,2,6
56200,1,5
56205,1,5
56210,1,5
56215,0,5
56220,0,5
56226,1,6
56231,1,5
56236,1,5
56241,0,5
56246,0,5
56255,2,9
56259,0,4
56265,1,6
56270,1,5
56276,2,6
56281,1,5
56286,1,5
56291,1,5
56297,2,6
56302,1,5
56307,1,5
56312,1,5
56318,1,6
56323,1,5
56328,1,5
56334,2,6
56339,1,5
56345,2,6
56350,1,5
56355,1,5
56360,1,5
56366,1,6
56371,1,5
56376,1,5
56381,1,5
56387,1,6
56392,1,5
56397,1,5
56402,0,5
56407,0,5
56413,1,6
56418,1,5
56423,0,5
56429,1,6
56434,1,5
56439,1,5
56444,0,5
56450,1,6
56455,1,5
56460,1,5
56465,0,5
56471,1,6
56476,1,5
56481,1,5
56486,1,5
56491,0,5
56502,1,11
56507,1,5
56512,1,5
56517,0,5
56522,0,5
56528,1,6
56533,1,5
56538,1,5
56544,1,6
56549,1,5
56554,1,5
56559,1,5
56565,1,6
56571,2,6
56575,1,4
56580,0,5
56586,1,6
56591,1,5
56596,1,5
56601,0,5
56607,1,6
56612,1,5
56617,1,5
56622,1,5
56627,0,5
56633,1,6
56638,1,5
56643,1,5
56648,1,5
56653,0,5
56659,1,6
56664,1,5
56669,1,5
56675,1,6
56680,1,5
56685,1,5
56690,1,5
56695,0,5
56700,0,5
56706,1,6
56711,1,5
56716,1,5
56721,0,5
56726,0,5
56732,1,6
56737,1,5
56742,1,5
56747,0,5
56752,0,5
56758,1,6
56763,1,5
56768,1,5
56773,0,5
56779,1,6
56784,1,5
56789,1,5
56794,0,5
56799,0,5
56805,1,6
56810,1,5
56815,1,5
56820,0,5
56825,0,5
56831,1,6
56837,1,6
56842,1,5
56847,1,5
56852,0,5
56857,0,5
56863,1,6
56868,1,5
56873,1,5
56878,0,5
56883,0,5
56889,1,6
56894,1,5
56899,1,5
56904,0,5
56910,1,6
56915,1,5
56920,1,5
56925,0,5
56930,0,5
56936,1,6
56941,1,5
56946,1,5
56951,0,5
56956,0,5
56961,0,5
56967,1,6
56972,1,5
56977,1,5
56982,0,5
56988,1,6
56993,1,5
56998,1,5
57003,0,5
57009,1,6
57014,1,5
57019,1,5
57024,1,5
57029,0,5
57034,0,5
57040,1,6
57045,1,5
57050,1,5
57055,0,5
57060,0,5
57066,1,6
57071,1,5
57076,1,5
57082,1,6
57087,1,5
57092,1,5
57097,0,5
57102,0,5
57108,1,6
57113,1,5
57118,1,5
57123,0,5
57128,0,5
57134,1,6
57139,1,5
57144,1,5
57149,0,5
57154,0,5
57160,1,6
57165,1,5
57170,1,5
57176,1,6
57181,1,5
