time (ms),latency (ms),consume (ms)
0,10,0
4,10,4
6,10,2
10,12,4
12,12,2
14,13,2
20,15,6
22,16,2
24,16,2
26,17,2
28,17,2
29,16,1
31,12,2
32,10,1
34,9,2
35,8,1
37,9,2
39,9,2
40,8,1
41,8,1
43,8,2
45,8,2
46,7,1
48,7,2
50,7,2
51,7,1
53,8,2
55,8,2
57,9,2
59,9,2
60,8,1
62,9,2
64,9,2
65,9,1
67,9,2
68,9,1
71,10,3
72,10,1
74,10,2
75,10,1
77,10,2
78,9,1
80,10,2
81,10,1
83,10,2
85,10,2
86,10,1
87,9,1
89,10,2
90,9,1
92,10,2
94,10,2
95,10,1
96,9,1
98,10,2
100,10,2
101,9,1
103,10,2
104,9,1
106,10,2
107,9,1
109,10,2
111,10,2
114,11,3
115,11,1
117,11,2
118,10,1
119,10,1
121,10,2
123,11,2
124,10,1
126,10,2
127,9,1
129,9,2
131,9,2
132,9,1
134,9,2
136,10,2
138,10,2
139,9,1
141,10,2
142,9,1
144,9,2
146,10,2
147,9,1
149,10,2
151,10,2
152,10,1
154,10,2
155,9,1
157,9,2
158,8,1
160,9,2
161,8,1
163,9,2
165,9,2
166,9,1
168,9,2
169,9,1
171,9,2
172,9,1
174,9,2
175,9,1
177,9,2
178,9,1
180,9,2
181,9,1
183,10,2
184,9,1
186,9,2
187,9,1
188,9,1
189,8,1
191,9,2
192,8,1
194,9,2
195,8,1
197,9,2
198,8,1
200,9,2
201,8,1
203,9,2
205,9,2
206,8,1
209,9,3
211,10,2
212,9,1
214,10,2
216,10,2
218,10,2
220,10,2
221,10,1
222,9,1
224,10,2
225,9,1
226,9,1
228,9,2
229,9,1
230,9,1
232,9,2
233,9,1
235,9,2
236,9,1
237,9,1
239,9,2
240,9,1
242,10,2
243,9,1
245,10,2
246,9,1
248,10,2
249,9,1
250,9,1
252,10,2
253,9,1
255,10,2
257,11,2
258,10,1
260,11,2
261,10,1
263,11,2
264,10,1
265,10,1
266,9,1
268,10,2
269,9,1
270,9,1
271,8,1
273,9,2
274,8,1
275,8,1
277,9,2
278,8,1
280,9,2
281,8,1
283,8,2
284,8,1
286,8,2
287,8,1
288,8,1
290,8,2
291,8,1
293,8,2
294,8,1
295,7,1
297,8,2
299,8,2
300,7,1
302,8,2
303,7,1
305,8,2
306,7,1
308,8,2
310,8,2
311,8,1
313,8,2
314,8,1
315,7,1
317,7,2
318,7,1
320,8,2
321,7,1
323,7,2
324,7,1
326,7,2
327,7,1
329,7,2
330,7,1
332,7,2
333,7,1
334,6,1
336,7,2
337,7,1
338,6,1
340,7,2
341,6,1
343,7,2
355,18,12
357,18,2
358,18,1
360,18,2
361,18,1
362,17,1
363,17,1
365,17,2
366,17,1
368,17,2
369,17,1
370,16,1
372,16,2
373,16,1
374,15,1
376,15,2
377,15,1
379,16,2
380,15,1
382,16,2
383,16,1
384,15,1
386,16,2
387,16,1
388,15,1
390,16,2
391,15,1
392,15,1
394,16,2
395,15,1
397,16,2
398,15,1
399,15,1
401,15,2
402,15,1
403,15,1
404,14,1
406,14,2
408,13,2
409,13,1
410,12,1
412,12,2
413,11,1
414,11,1
416,11,2
417,10,1
418,9,1
420,10,2
421,9,1
422,9,1
423,9,1
424,8,1
426,9,2
427,9,1
428,8,1
429,8,1
431,9,2
432,8,1
433,7,1
434,7,1
436,8,2
437,7,1
439,7,2
440,7,1
441,7,1
443,7,2
444,7,1
446,7,2
447,7,1
448,7,1
449,6,1
451,7,2
452,6,1
453,6,1
454,6,1
456,6,2
457,6,1
458,5,1
459,5,1
461,5,2
462,5,1
463,5,1
465,5,2
466,5,1
467,4,1
468,4,1
470,4,2
471,4,1
472,4,1
473,3,1
475,4,2
476,4,1
477,3,1
478,3,1
480,3,2
481,3,1
482,2,1
484,3,2
485,3,1
486,2,1
488,3,2
489,3,1
491,3,2
492,3,1
494,3,2
495,3,1
497,3,2
498,3,1
500,4,2
502,4,2
504,5,2
505,5,1
507,5,2
508,5,1
509,3,1
511,2,2
513,1,2
515,1,2
516,1,1
518,1,2
519,1,1
521,2,2
522,1,1
524,2,2
525,1,1
527,2,2
528,1,1
530,2,2
531,1,1
533,2,2
534,1,1
535,1,1
537,1,2
538,1,1
540,2,2
541,1,1
542,1,1
544,2,2
545,1,1
546,1,1
548,2,2
549,1,1
550,1,1
552,2,2
553,1,1
554,1,1
556,2,2
557,1,1
558,1,1
560,2,2
561,1,1
562,1,1
563,1,1
565,2,2
566,1,1
568,2,2
569,1,1
570,1,1
572,2,2
573,1,1
574,1,1
576,1,2
578,2,2
579,1,1
580,1,1
582,2,2
583,1,1
586,2,3
587,2,1
588,1,1
590,2,2
591,2,1
592,1,1
593,1,1
595,2,2
598,3,3
602,6,4
604,6,2
605,6,1
606,5,1
607,4,1
608,4,1
610,4,2
611,4,1
612,4,1
613,3,1
614,2,1
616,2,2
618,1,2
619,1,1
621,1,2
622,1,1
624,2,2
625,1,1
626,1,1
628,2,2
629,1,1
631,2,2
632,1,1
633,1,1
635,1,2
636,1,1
638,1,2
639,1,1
641,1,2
642,1,1
643,1,1
645,1,2
646,1,1
648,2,2
649,1,1
650,1,1
652,1,2
653,1,1
654,1,1
656,1,2
657,1,1
658,1,1
660,1,2
661,1,1
663,2,2
664,1,1
665,1,1
667,1,2
668,1,1
669,1,1
671,1,2
672,1,1
673,1,1
675,1,2
676,1,1
678,2,2
679,1,1
680,1,1
681,1,1
683,1,2
684,1,1
686,1,2
687,1,1
688,1,1
690,1,2
691,1,1
693,1,2
695,2,2
696,2,1
697,1,1
698,1,1
700,2,2
701,1,1
702,1,1
704,2,2
705,1,1
707,2,2
709,3,2
710,1,1
712,2,2
713,1,1
715,2,2
718,4,3
719,3,1
720,3,1
721,3,1
723,3,2
724,3,1
725,2,1
727,3,2
728,3,1
729,2,1
733,5,4
735,6,2
736,5,1
737,5,1
738,4,1
739,4,1
741,5,2
743,5,2
744,5,1
745,5,1
746,4,1
748,5,2
749,5,1
750,4,1
751,4,1
753,4,2
754,4,1
756,5,2
757,4,1
759,5,2
762,6,3
763,6,1
764,6,1
766,6,2
767,6,1
769,6,2
777,2,8
779,2,2
780,2,1
781,1,1
783,2,2
784,1,1
785,1,1
787,2,2
789,2,2
790,2,1
791,1,1
793,2,2
794,1,1
796,2,2
797,1,1
798,1,1
800,2,2
801,1,1
803,2,2
804,1,1
805,1,1
807,2,2
808,2,1
809,1,1
810,1,1
812,2,2
813,1,1
814,1,1
816,2,2
817,1,1
818,1,1
820,2,2
821,1,1
823,2,2
824,1,1
827,1,3
829,1,2
830,1,1
832,2,2
833,1,1
835,2,2
836,2,1
837,1,1
839,2,2
840,2,1
841,1,1
843,2,2
844,2,1
846,2,2
847,2,1
848,1,1
850,2,2
851,1,1
852,1,1
854,2,2
855,1,1
856,1,1
858,2,2
859,2,1
860,1,1
861,1,1
863,2,2
864,1,1
866,2,2
867,1,1
868,1,1
870,2,2
871,1,1
872,1,1
874,2,2
875,1,1
876,1,1
878,2,2
879,1,1
880,1,1
882,2,2
883,1,1
884,1,1
886,2,2
887,2,1
888,1,1
889,1,1
891,1,2
892,1,1
894,1,2
895,1,1
897,2,2
898,1,1
899,1,1
902,2,3
903,2,1
904,2,1
905,1,1
907,2,2
908,1,1
910,1,2
912,1,2
914,1,2
916,1,2
918,1,2
920,1,2
922,1,2
924,1,2
925,1,1
926,0,1
928,1,2
929,1,1
931,1,2
932,1,1
934,1,2
935,1,1
938,1,3
940,1,2
941,1,1
943,1,2
945,1,2
946,1,1
948,1,2
950,1,2
952,2,2
953,1,1
954,1,1
956,1,2
957,1,1
959,1,2
961,2,2
963,2,2
965,2,2
967,2,2
969,2,2
971,2,2
973,2,2
975,2,2
976,2,1
978,1,2
980,2,2
981,1,1
982,1,1
984,1,2
985,1,1
987,1,2
988,1,1
989,1,1
991,1,2
992,1,1
993,1,1
995,1,2
996,1,1
997,1,1
999,1,2
1000,1,1
1001,1,1
1003,1,2
1004,1,1
1006,1,2
1007,1,1
1008,0,1
1010,1,2
1012,2,2
1014,3,2
1015,2,1
1016,2,1
1018,3,2
1019,2,1
1020,2,1
1022,3,2
1023,2,1
1025,1,2
1026,1,1
1028,1,2
1030,1,2
1032,1,2
1034,1,2
1035,0,1
1037,1,2
1039,1,2
1041,1,2
1043,1,2
1045,1,2
1046,1,1
1048,1,2
1050,1,2
1052,1,2
1054,1,2
1055,1,1
1057,1,2
1058,1,1
1060,2,2
1061,1,1
1062,1,1
1063,1,1
1065,1,2
1066,1,1
1067,1,1
1069,1,2
1070,1,1
1071,1,1
1073,1,2
1074,1,1
1075,1,1
1077,1,2
1078,1,1
1080,2,2
1081,1,1
1082,1,1
1084,2,2
1085,1,1
1086,1,1
1088,2,2
1089,1,1
1090,1,1
1092,2,2
1093,1,1
1094,1,1
1096,2,2
1097,1,1
1098,1,1
1100,2,2
1101,1,1
1103,2,2
1104,1,1
1105,1,1
1107,2,2
1108,1,1
1109,1,1
1111,2,2
1112,1,1
1113,1,1
1115,2,2
1116,1,1
1117,1,1
1119,2,2
1120,1,1
1121,1,1
1122,1,1
1124,1,2
1125,1,1
1126,1,1
1128,2,2
1129,1,1
1130,1,1
1132,2,2
1133,1,1
1135,2,2
1136,1,1
1137,1,1
1139,2,2
1143,4,4
1145,5,2
1146,3,1
1147,2,1
1149,3,2
1150,3,1
1151,2,1
1153,3,2
1154,3,1
1156,3,2
1157,3,1
1158,3,1
1160,3,2
1161,2,1
1162,1,1
1164,1,2
1166,1,2
1168,1,2
1170,1,2
1171,0,1
1173,1,2
1175,1,2
1177,1,2
1179,1,2
1181,1,2
1182,1,1
1184,1,2
1186,1,2
1188,2,2
1189,1,1
1190,1,1
1191,0,1
1193,1,2
1194,1,1
1195,1,1
1197,1,2
1198,1,1
1199,1,1
1201,1,2
1202,1,1
1203,1,1
1205,1,2
1206,1,1
1207,1,1
1209,1,2
1210,1,1
1212,1,2
1213,1,1
1214,1,1
1216,1,2
1217,1,1
1219,2,2
1220,1,1
1221,1,1
1222,0,1
1224,1,2
1225,1,1
1227,1,2
1228,1,1
1229,1,1
1231,1,2
1232,1,1
1233,1,1
1235,1,2
1236,1,1
1237,1,1
1239,1,2
1240,1,1
1241,1,1
1246,4,5
1247,4,1
1248,4,1
1251,5,3
1252,5,1
1253,5,1
1254,4,1
1255,4,1
1256,4,1
1257,3,1
1258,3,1
1259,2,1
1260,2,1
1261,2,1
1262,1,1
1263,1,1
1264,1,1
1266,1,2
1267,1,1
1268,0,1
1270,1,2
1271,1,1
1272,0,1
1274,1,2
1275,1,1
1276,0,1
1278,1,2
1279,1,1
1281,1,2
1282,1,1
1283,1,1
1285,1,2
1286,1,1
1287,1,1
1289,1,2
1290,1,1
1291,1,1
1292,0,1
1294,1,2
1295,1,1
1296,0,1
1298,1,2
1299,1,1
1301,1,2
1302,1,1
1303,1,1
1305,1,2
1306,1,1
1307,1,1
1309,1,2
1310,1,1
1312,1,2
1313,1,1
1314,1,1
1316,1,2
1317,1,1
1319,1,2
1320,1,1
1322,1,2
1323,1,1
1325,1,2
1326,1,1
1328,2,2
1330,2,2
1331,1,1
1332,1,1
1334,1,2
1335,1,1
1336,1,1
1338,1,2
1339,1,1
1341,1,2
1342,1,1
1343,1,1
1345,1,2
1346,1,1
1349,3,3
1350,2,1
1352,3,2
1353,3,1
1354,2,1
1355,2,1
1356,2,1
1358,2,2
1359,2,1
1360,2,1
1361,1,1
1363,2,2
1364,2,1
1365,1,1
1366,1,1
1368,2,2
1369,1,1
1370,1,1
1372,2,2
1373,1,1
1375,2,2
1376,2,1
1377,1,1
1378,1,1
1380,1,2
1381,1,1
1383,2,2
1384,1,1
1385,1,1
1387,2,2
1388,1,1
1390,2,2
1391,2,1
1392,1,1
1393,1,1
1395,2,2
1396,1,1
1398,2,2
1399,1,1
1400,1,1
1402,2,2
1403,1,1
1404,1,1
1406,2,2
1407,1,1
1408,1,1
1410,2,2
1411,1,1
1412,1,1
1414,2,2
1415,1,1
1416,1,1
1418,2,2
1419,1,1
1421,2,2
1422,2,1
1423,1,1
1425,2,2
1426,1,1
1427,1,1
1428,1,1
1430,2,2
1431,1,1
1433,2,2
1434,1,1
1435,1,1
1437,2,2
1438,1,1
1439,1,1
1441,2,2
1442,1,1
1443,1,1
1445,2,2
1446,1,1
1447,1,1
1449,2,2
1450,1,1
1451,1,1
1453,2,2
1454,1,1
1455,1,1
1457,2,2
1458,1,1
1459,1,1
1461,2,2
1462,1,1
1463,1,1
1465,2,2
1466,1,1
1467,1,1
1469,2,2
1470,1,1
1472,2,2
1473,2,1
1474,1,1
1475,1,1
1477,2,2
1479,2,2
1481,3,2
1482,2,1
1484,3,2
1485,3,1
1486,2,1
1488,3,2
1489,3,1
1490,2,1
1491,2,1
1492,2,1
1493,1,1
1494,1,1
1495,1,1
1497,1,2
1498,1,1
1499,1,1
1501,1,2
1502,1,1
1503,1,1
1505,1,2
1506,1,1
1507,1,1
1509,1,2
1510,1,1
1511,1,1
1512,0,1
1514,1,2
1515,1,1
1516,0,1
1518,1,2
1519,1,1
1520,1,1
1522,1,2
1523,1,1
1524,1,1
1526,1,2
1527,1,1
1528,1,1
1529,1,1
1531,1,2
1532,1,1
1533,1,1
1534,0,1
1536,1,2
1537,1,1
1539,2,2
1540,1,1
1541,1,1
1543,1,2
1544,1,1
1545,1,1
1547,1,2
1548,1,1
1549,1,1
1550,1,1
1552,1,2
1553,1,1
1554,1,1
1556,1,2
1557,1,1
1558,1,1
1560,1,2
1561,1,1
1562,1,1
1563,1,1
1565,1,2
1566,1,1
1567,1,1
1569,1,2
1570,1,1
1571,1,1
1572,0,1
1574,1,2
1575,1,1
1577,1,2
1578,1,1
1579,1,1
1581,1,2
1582,1,1
1583,1,1
1585,1,2
1586,1,1
1587,1,1
1588,0,1
1590,1,2
1591,1,1
1593,1,2
1594,1,1
1595,1,1
1597,1,2
1598,1,1
1599,1,1
1601,1,2
1602,1,1
1603,1,1
1605,1,2
1606,1,1
1607,1,1
1609,1,2
1610,1,1
1612,1,2
1613,1,1
1614,1,1
1615,0,1
1617,1,2
1618,1,1
1620,1,2
1621,1,1
1622,1,1
1624,1,2
1625,1,1
1626,1,1
1628,1,2
1629,1,1
1630,1,1
1632,1,2
1633,1,1
1634,1,1
1635,1,1
1637,1,2
1638,1,1
1640,2,2
1641,1,1
1642,1,1
1643,1,1
1645,1,2
1646,1,1
1647,1,1
1649,1,2
1651,2,2
1652,2,1
1653,1,1
1654,1,1
1655,1,1
1657,1,2
1658,1,1
1660,2,2
1661,1,1
1662,1,1
1664,1,2
1665,1,1
1666,1,1
1668,1,2
1669,1,1
1671,2,2
1672,1,1
1673,1,1
1675,1,2
1676,1,1
1677,1,1
1679,1,2
1680,1,1
1682,1,2
1683,1,1
1684,1,1
1686,1,2
1687,1,1
1688,1,1
1690,1,2
1691,1,1
1692,1,1
1694,1,2
1695,1,1
1697,1,2
1698,1,1
1699,1,1
1701,1,2
1702,1,1
1704,1,2
1705,1,1
1707,1,2
1708,1,1
1710,2,2
1711,1,1
1712,1,1
1713,1,1
1719,1,6
1720,1,1
1721,1,1
1723,2,2
1724,1,1
1725,1,1
1727,2,2
1728,1,1
1729,1,1
1731,1,2
1732,1,1
1733,1,1
1735,1,2
1736,1,1
1738,1,2
1739,1,1
1740,1,1
1742,1,2
1743,1,1
1745,1,2
1746,1,1
1747,1,1
1749,1,2
1750,1,1
1751,1,1
1753,1,2
1754,1,1
1755,0,1
1757,1,2
1758,1,1
1760,1,2
1761,1,1
1762,1,1
1764,1,2
1765,1,1
1766,1,1
1768,1,2
1769,1,1
1770,1,1
1772,1,2
1773,1,1
1775,1,2
1776,1,1
1777,1,1
1779,1,2
1780,1,1
1781,1,1
1783,1,2
1784,1,1
1785,1,1
1787,1,2
1788,1,1
1789,1,1
1791,1,2
1792,1,1
1797,5,5
1798,4,1
1799,4,1
1800,4,1
1801,3,1
1802,3,1
1803,3,1
1804,2,1
1805,2,1
1806,1,1
1807,1,1
1809,1,2
1810,1,1
1811,1,1
1813,1,2
1814,1,1
1816,1,2
1817,1,1
1822,1,5
1823,1,1
1825,1,2
1826,1,1
1827,1,1
1830,2,3
1831,2,1
1832,2,1
1833,1,1
1834,1,1
1836,2,2
1837,1,1
1838,1,1
1840,2,2
1841,1,1
1842,1,1
1844,2,2
1845,2,1
1846,1,1
1847,1,1
1849,2,2
1850,1,1
1851,1,1
1852,1,1
1854,2,2
1855,1,1
1856,1,1
1858,1,2
1860,2,2
1861,1,1
1862,1,1
1863,1,1
1865,2,2
1866,1,1
1867,1,1
1868,1,1
1870,2,2
1871,1,1
1872,1,1
1874,2,2
1875,1,1
1876,1,1
1877,1,1
1878,1,1
1879,0,1
1881,1,2
1883,1,2
1884,1,1
1886,1,2
1887,1,1
1889,1,2
1890,1,1
1892,1,2
1894,2,2
1895,1,1
1897,1,2
1898,1,1
1900,2,2
1901,1,1
1902,1,1
1903,1,1
1905,1,2
1906,1,1
1907,1,1
1909,1,2
1910,1,1
1911,1,1
1913,1,2
1914,1,1
1916,1,2
1917,1,1
1919,1,2
1920,1,1
1922,1,2
1923,1,1
1925,1,2
1926,1,1
1928,2,2
1929,1,1
1931,2,2
1932,1,1
1933,1,1
1935,1,2
1936,1,1
1937,1,1
1939,1,2
1941,2,2
1942,2,1
1943,1,1
1944,1,1
1946,2,2
1947,1,1
1949,2,2
1950,1,1
1952,2,2
1953,1,1
1955,2,2
1957,2,2
1959,3,2
1960,2,1
1961,2,1
1962,2,1
1963,1,1
1964,1,1
1965,1,1
1966,1,1
1968,1,2
1969,1,1
1970,1,1
1972,1,2
1973,1,1
1974,1,1
1976,1,2
1977,1,1
1978,1,1
1980,1,2
1981,1,1
1983,1,2
1984,1,1
1985,1,1
1987,1,2
1988,1,1
1989,1,1
1991,1,2
1992,1,1
1993,1,1
1995,1,2
1996,1,1
1997,1,1
1999,1,2
2000,1,1
2001,1,1
2003,1,2
2004,1,1
2006,2,2
2007,1,1
2008,1,1
2010,1,2
2011,1,1
2012,1,1
2014,1,2
2015,1,1
2016,1,1
2018,1,2
2019,1,1
2021,2,2
2022,1,1
2023,1,1
2025,2,2
2026,1,1
2027,1,1
2028,1,1
2030,1,2
2031,1,1
2033,2,2
2034,1,1
2035,1,1
2037,1,2
2038,1,1
2040,2,2
2041,1,1
2042,1,1
2044,1,2
2045,1,1
2047,2,2
2048,1,1
2049,1,1
2051,2,2
2052,1,1
2053,1,1
2055,2,2
2056,1,1
2057,1,1
2059,2,2
2060,1,1
2061,1,1
2063,2,2
2064,1,1
2065,1,1
2067,2,2
2068,1,1
2069,1,1
2071,2,2
2072,1,1
2073,1,1
2075,2,2
2076,1,1
2077,1,1
2079,2,2
2080,1,1
2081,1,1
2083,2,2
2084,2,1
2085,1,1
2086,1,1
2088,2,2
2089,1,1
2090,1,1
2092,2,2
2093,1,1
2094,1,1
2096,2,2
2097,1,1
2098,1,1
2099,1,1
2101,2,2
2102,1,1
2103,1,1
2105,2,2
2106,1,1
2107,1,1
2108,1,1
2110,1,2
2111,1,1
2112,1,1
2114,1,2
2115,1,1
2116,1,1
2118,2,2
2119,1,1
2120,1,1
2121,1,1
2123,1,2
2124,1,1
2125,1,1
2127,1,2
2128,1,1
2129,1,1
2131,1,2
2132,1,1
2133,1,1
2134,1,1
2136,1,2
2137,1,1
2138,1,1
2139,0,1
2141,1,2
2142,1,1
2143,1,1
2144,0,1
2146,1,2
2147,1,1
2148,1,1
2150,1,2
2151,1,1
2152,1,1
2154,1,2
2155,1,1
2156,1,1
2157,1,1
2159,1,2
2160,1,1
2161,1,1
2163,1,2
2164,1,1
2165,1,1
2166,1,1
2168,1,2
2169,1,1
2170,1,1
2171,0,1
2173,1,2
2174,1,1
2175,1,1
2177,1,2
2178,1,1
2179,1,1
2180,0,1
2182,1,2
2183,1,1
2184,1,1
2186,1,2
2187,1,1
2188,1,1
2189,1,1
2191,1,2
2192,1,1
2193,1,1
2195,1,2
2196,1,1
2197,1,1
2199,2,2
2200,1,1
2202,1,2
2203,1,1
2204,1,1
2206,1,2
2208,1,2
2209,1,1
2210,1,1
2211,0,1
2213,1,2
2214,1,1
2215,1,1
2216,0,1
2218,1,2
2219,1,1
2220,0,1
2222,1,2
2226,1,4
2227,1,1
2228,1,1
2230,1,2
2231,1,1
2232,1,1
2234,1,2
2235,1,1
2236,1,1
2238,1,2
2239,1,1
2240,1,1
2241,0,1
2243,1,2
2244,1,1
2245,1,1
2247,1,2
2248,1,1
2249,1,1
2251,1,2
2252,1,1
2253,1,1
2254,0,1
2256,1,2
2257,1,1
2259,1,2
2260,1,1
2261,1,1
2263,1,2
2264,1,1
2265,1,1
2266,0,1
2268,1,2
2269,1,1
2270,1,1
2272,1,2
2273,1,1
2274,1,1
2276,1,2
2277,1,1
2278,1,1
2280,1,2
2281,1,1
2282,1,1
2284,1,2
2285,1,1
2286,1,1
2287,0,1
2289,1,2
2290,1,1
2291,1,1
2293,1,2
2294,1,1
2297,2,3
2299,3,2
2300,3,1
2301,2,1
2302,2,1
2303,1,1
2305,2,2
2306,1,1
2307,1,1
2309,1,2
2310,1,1
2312,1,2
2313,1,1
2314,1,1
2316,1,2
2317,1,1
2319,1,2
2320,1,1
2321,1,1
2323,1,2
2324,1,1
2326,1,2
2327,1,1
2328,1,1
2330,1,2
2331,1,1
2333,1,2
2334,1,1
2336,1,2
2337,1,1
2338,1,1
2340,1,2
2341,1,1
2343,1,2
2344,1,1
2345,1,1
2347,1,2
2348,1,1
2350,1,2
2351,1,1
2353,1,2
2354,1,1
2355,1,1
2357,1,2
2358,1,1
2360,1,2
2361,1,1
2363,2,2
2364,1,1
2365,1,1
2367,1,2
2368,1,1
2370,2,2
2371,1,1
2372,1,1
2374,1,2
2375,1,1
2377,1,2
2378,1,1
2380,2,2
2381,1,1
2383,2,2
2384,1,1
2385,1,1
2387,1,2
2388,1,1
2390,2,2
2391,1,1
2392,1,1
2394,1,2
2395,1,1
2397,1,2
2398,1,1
2399,1,1
2401,1,2
2402,1,1
2403,1,1
2405,2,2
2406,1,1
2407,1,1
2409,1,2
2410,1,1
2412,2,2
2413,1,1
2414,1,1
2416,2,2
2417,1,1
2418,1,1
2420,2,2
2421,1,1
2422,1,1
2424,2,2
2425,1,1
2426,1,1
2428,1,2
2429,1,1
2431,2,2
2432,1,1
2434,2,2
2435,2,1
2436,1,1
2438,2,2
2439,2,1
2440,1,1
2441,1,1
2442,1,1
2444,1,2
2445,1,1
2446,1,1
2448,1,2
2449,1,1
2450,1,1
2451,0,1
2453,1,2
2454,1,1
2455,1,1
2457,1,2
2458,1,1
2459,1,1
2461,2,2
2463,1,2
2464,1,1
2465,1,1
2467,2,2
2469,2,2
2470,2,1
2472,2,2
2473,2,1
2474,2,1
2475,1,1
2476,1,1
2478,2,2
2479,1,1
2480,1,1
2482,1,2
2483,1,1
2484,1,1
2486,1,2
2487,1,1
2489,1,2
2491,1,2
2493,1,2
2495,1,2
2496,0,1
2498,1,2
2500,1,2
2502,1,2
2504,1,2
2506,1,2
2508,2,2
2509,1,1
2510,1,1
2515,5,5
2516,1,1
2518,2,2
2520,2,2
2521,2,1
2522,2,1
2523,2,1
2524,1,1
2526,2,2
2527,2,1
2528,1,1
2529,1,1
2531,2,2
2532,1,1
2533,1,1
2535,2,2
2536,1,1
2537,1,1
2538,1,1
2540,2,2
2541,1,1
2542,1,1
2544,2,2
2545,1,1
2546,1,1
2547,1,1
2549,1,2
2550,1,1
2552,2,2
2553,1,1
2554,1,1
2556,2,2
2557,1,1
2559,1,2
2561,1,2
2571,6,10
2572,4,1
2573,4,1
2576,6,3
2577,5,1
2578,5,1
2579,4,1
2580,3,1
2582,4,2
2583,3,1
2584,1,1
2585,1,1
2586,1,1
2587,0,1
2589,1,2
2590,1,1
2591,0,1
2593,1,2
2594,1,1
2595,1,1
2597,1,2
2598,1,1
2599,0,1
2601,1,2
2602,1,1
2604,1,2
2605,1,1
2606,0,1
2608,1,2
2609,1,1
2611,1,2
2612,1,1
2613,1,1
2615,1,2
2616,1,1
2617,1,1
2619,1,2
2620,1,1
2622,1,2
2623,1,1
2624,1,1
2626,1,2
2627,1,1
2629,1,2
2631,2,2
2632,2,1
2637,5,5
2638,5,1
2639,5,1
2641,5,2
2642,5,1
2643,4,1
2644,4,1
2646,4,2
2647,4,1
2648,4,1
2649,3,1
2650,3,1
2652,4,2
2653,3,1
2654,3,1
2655,3,1
2656,2,1
2658,3,2
2659,3,1
2660,2,1
2662,3,2
2663,3,1
2665,3,2
2666,3,1
2667,3,1
2668,2,1
2670,3,2
2671,3,1
2673,3,2
2674,3,1
2675,3,1
2677,3,2
2678,3,1
2679,2,1
2681,3,2
2682,3,1
2683,2,1
2685,3,2
2686,3,1
2687,2,1
2689,3,2
2690,3,1
2691,2,1
2693,3,2
2694,3,1
2695,2,1
2696,2,1
2697,2,1
2699,2,2
2700,2,1
2701,2,1
2702,1,1
2703,1,1
2704,1,1
2706,1,2
2708,2,2
2709,2,1
2710,1,1
2711,1,1
2713,2,2
2714,1,1
2719,5,5
2721,5,2
2722,5,1
2723,5,1
2724,4,1
2726,5,2
2727,5,1
2728,4,1
2729,4,1
2730,4,1
2731,3,1
2733,4,2
2734,4,1
2736,5,2
2736,3,0
2737,3,1
2738,3,1
2740,3,2
2741,3,1
2742,3,1
2743,2,1
2744,2,1
2745,1,1
2746,1,1
2747,1,1
2748,0,1
2751,2,3
2752,1,1
2753,1,1
2755,2,2
2756,1,1
2757,1,1
2758,1,1
2760,2,2
2761,1,1
2762,1,1
2764,2,2
2765,1,1
2766,1,1
2767,1,1
2769,2,2
2770,1,1
2771,1,1
2772,1,1
2774,1,2
2775,1,1
2776,1,1
2778,2,2
2779,1,1
2780,1,1
2782,2,2
2783,1,1
2784,1,1
2785,1,1
2786,0,1
2788,1,2
2789,1,1
2790,1,1
2792,1,2
2793,1,1
2794,1,1
2795,0,1
2797,1,2
2798,1,1
2799,1,1
2801,1,2
2802,1,1
2804,2,2
2805,1,1
2806,1,1
2807,1,1
2808,0,1
2810,1,2
2811,1,1
2813,2,2
2814,1,1
2815,1,1
2817,2,2
2818,1,1
2819,1,1
2821,2,2
2822,1,1
2823,1,1
2825,2,2
2826,1,1
2827,1,1
2829,2,2
2830,1,1
2831,1,1
2833,2,2
2834,1,1
2837,3,3
2839,4,2
2840,3,1
2841,3,1
2842,3,1
2843,2,1
2845,3,2
2846,3,1
2847,2,1
2848,2,1
2850,3,2
2851,3,1
2853,3,2
2854,3,1
2855,2,1
2856,2,1
2857,2,1
2858,2,1
2859,1,1
2860,1,1
2861,1,1
2863,1,2
2864,1,1
2865,1,1
2867,1,2
2868,1,1
2869,1,1
2871,1,2
2872,1,1
2873,1,1
2875,1,2
2877,1,2
2878,1,1
2879,1,1
2881,1,2
2882,1,1
2883,1,1
2884,1,1
2886,1,2
2887,1,1
2888,1,1
2890,1,2
2891,1,1
2892,1,1
2893,1,1
2895,1,2
2896,1,1
2897,1,1
2898,0,1
2900,1,2
2901,1,1
2903,2,2
2904,1,1
2905,1,1
2906,1,1
2907,1,1
2909,1,2
2910,1,1
2911,1,1
2913,1,2
2914,1,1
2915,1,1
2916,0,1
2918,1,2
2919,1,1
2920,1,1
2922,1,2
2923,1,1
2924,1,1
2925,1,1
2927,1,2
2928,1,1
2929,1,1
2930,0,1
2932,1,2
2933,1,1
2934,1,1
2936,1,2
2937,1,1
2938,1,1
2940,1,2
2941,1,1
2942,1,1
2944,1,2
2945,1,1
2946,1,1
2948,1,2
2949,1,1
2950,1,1
2952,1,2
2953,1,1
2954,1,1
2955,0,1
2957,1,2
2958,1,1
2959,1,1
2961,1,2
2962,1,1
2963,1,1
2965,1,2
2966,1,1
2967,1,1
2969,1,2
2970,1,1
2971,1,1
2973,1,2
2974,1,1
2975,1,1
2977,1,2
2978,1,1
2981,3,3
2984,4,3
2985,4,1
2986,4,1
2988,4,2
2989,4,1
2990,4,1
2992,4,2
2993,4,1
2996,6,3
2997,5,1
2999,6,2
3000,6,1
3001,5,1
3003,6,2
3006,8,3
3007,8,1
3008,7,1
3008,6,0
3009,6,1
3009,4,0
3010,4,1
3010,3,0
3011,3,1
3011,1,0
3012,1,1
3013,1,1
3014,1,1
3015,1,1
3016,0,1
3017,0,1
3019,1,2
3020,1,1
3021,0,1
3022,0,1
3023,0,1
3025,1,2
3026,1,1
3027,1,1
3028,0,1
3029,0,1
3031,1,2
3032,1,1
3033,0,1
3034,0,1
3036,1,2
3037,1,1
3038,0,1
3039,0,1
3041,1,2
3042,0,1
3043,0,1
3045,1,2
3049,4,4
3050,3,1
3050,2,0
3051,2,1
3051,1,0
3052,0,1
3053,0,1
3054,0,1
3055,0,1
3061,5,6
3061,4,0
3062,3,1
3062,2,0
3062,1,0
3063,1,1
3064,1,1
3065,0,1
3067,1,2
3068,1,1
3069,0,1
3070,0,1
3072,1,2
3073,1,1
3074,0,1
3076,1,2
3077,1,1
3078,0,1
3080,1,2
3081,1,1
3083,1,2
3084,1,1
3085,1,1
3087,2,2
3088,1,1
3090,2,2
3091,2,1
3092,1,1
3093,1,1
3095,2,2
3096,1,1
3099,3,3
3100,2,1
3102,3,2
3103,3,1
3104,2,1
3105,2,1
3107,3,2
3108,3,1
3110,3,2
3111,3,1
3112,3,1
3114,3,2
3115,3,1
3116,3,1
3118,3,2
3119,3,1
3120,3,1
3121,2,1
3123,3,2
3124,3,1
3125,2,1
3126,2,1
3127,2,1
3128,1,1
3130,2,2
3131,2,1
3132,2,1
3133,1,1
3134,1,1
3136,2,2
3137,1,1
3138,1,1
3140,2,2
3141,1,1
3142,1,1
3144,2,2
3145,1,1
3146,1,1
3148,2,2
3149,1,1
3150,1,1
3151,1,1
3153,1,2
3154,1,1
3155,1,1
3157,2,2
3158,1,1
3159,1,1
3161,2,2
3162,1,1
3163,1,1
3165,2,2
3166,1,1
3167,1,1
3169,2,2
3170,2,1
3171,1,1
3172,1,1
3174,2,2
3175,1,1
3176,1,1
3177,1,1
3179,1,2
3180,1,1
3181,1,1
3183,2,2
3184,1,1
3185,1,1
3187,2,2
3188,1,1
3189,1,1
3191,2,2
3192,1,1
3193,1,1
3195,2,2
3196,1,1
3197,1,1
3198,1,1
3200,2,2
3201,1,1
3202,1,1
3204,2,2
3205,1,1
3206,1,1
3207,1,1
3209,2,2
3210,1,1
3211,1,1
3213,2,2
3214,1,1
3215,1,1
3217,2,2
3218,1,1
3220,2,2
3221,2,1
3222,1,1
3223,1,1
3225,2,2
3226,1,1
3228,2,2
3229,2,1
3230,1,1
3231,1,1
3232,1,1
3234,1,2
3235,1,1
3236,1,1
3238,1,2
3239,1,1
3240,1,1
3242,2,2
3243,1,1
3244,1,1
3246,2,2
3247,1,1
3248,1,1
3250,2,2
3251,1,1
3252,1,1
3254,2,2
3255,1,1
3256,1,1
3258,2,2
3259,1,1
3260,1,1
3262,2,2
3263,1,1
3264,1,1
3265,1,1
3267,2,2
3268,1,1
3269,1,1
3271,2,2
3272,1,1
3273,1,1
3274,1,1
3276,1,2
3277,1,1
3278,1,1
3280,2,2
3281,1,1
3282,1,1
3284,2,2
3285,1,1
3286,1,1
3287,1,1
3289,2,2
3290,1,1
3291,1,1
3293,2,2
3294,1,1
3295,1,1
3297,2,2
3298,1,1
3299,1,1
3301,2,2
3302,1,1
3303,1,1
3304,1,1
3306,1,2
3307,1,1
3308,1,1
3309,1,1
3311,1,2
3312,1,1
3313,1,1
3315,1,2
3316,1,1
3317,1,1
3318,0,1
3320,1,2
3321,1,1
3323,1,2
3324,1,1
3325,1,1
3326,1,1
3328,1,2
3329,1,1
3330,1,1
3332,1,2
3333,1,1
3335,2,2
3336,1,1
3337,1,1
3339,2,2
3340,1,1
3342,2,2
3343,2,1
3345,2,2
3346,2,1
3347,2,1
3348,1,1
3350,2,2
3351,2,1
3352,2,1
3353,1,1
3354,1,1
3355,1,1
3357,1,2
3358,1,1
3359,1,1
3360,0,1
3362,1,2
3363,1,1
3365,2,2
3366,1,1
3367,1,1
3368,1,1
3370,1,2
3371,1,1
3373,2,2
3374,1,1
3375,1,1
3376,0,1
3378,1,2
3379,1,1
3381,1,2
3382,1,1
3383,1,1
3385,1,2
3386,1,1
3387,1,1
3389,1,2
3390,1,1
3391,1,1
3393,1,2
3394,1,1
3395,1,1
3396,0,1
3398,1,2
3399,1,1
3400,0,1
3402,1,2
3403,1,1
3405,1,2
3406,1,1
3407,1,1
3408,0,1
3410,1,2
3411,1,1
3413,1,2
3414,1,1
3415,1,1
3416,0,1
3418,1,2
3419,1,1
3420,0,1
3422,1,2
3423,1,1
3424,0,1
3426,1,2
3427,1,1
3428,1,1
3430,1,2
3431,1,1
3432,1,1
3434,1,2
3435,1,1
3436,1,1
3438,1,2
3439,1,1
3440,1,1
3442,1,2
3445,3,3
3446,3,1
3447,2,1
3448,1,1
3450,1,2
3451,0,1
3459,6,8
3461,7,2
3462,7,1
3463,6,1
3464,6,1
3465,6,1
3466,5,1
3467,4,1
3468,3,1
3469,3,1
3470,2,1
3471,2,1
3472,2,1
3474,2,2
3474,1,0
3475,1,1
3477,1,2
3478,1,1
3479,1,1
3481,1,2
3482,1,1
3483,1,1
3485,1,2
3486,1,1
3487,1,1
3488,0,1
3490,1,2
3491,1,1
3493,1,2
3494,1,1
3495,1,1
3496,0,1
3498,1,2
3499,1,1
3500,0,1
3502,1,2
3503,1,1
3504,1,1
3506,1,2
3507,1,1
3508,1,1
3510,1,2
3511,1,1
3512,1,1
3514,1,2
3515,1,1
3516,1,1
3518,1,2
3519,1,1
3520,0,1
3522,1,2
3524,1,2
3526,1,2
3528,1,2
3530,1,2
3531,0,1
3534,2,3
3535,1,1
3537,1,2
3539,1,2
3541,1,2
3543,1,2
3545,1,2
3546,1,1
3548,1,2
3550,1,2
3552,1,2
3554,1,2
3556,1,2
3558,1,2
3560,1,2
3562,1,2
3564,1,2
3566,1,2
3567,1,1
3569,1,2
3571,1,2
3573,1,2
3575,1,2
3577,1,2
3579,1,2
3581,1,2
3582,0,1
3584,1,2
3586,1,2
3588,1,2
3590,1,2
3592,1,2
3594,1,2
3595,0,1
3598,1,3
3600,1,2
3602,1,2
3604,2,2
3605,1,1
3606,1,1
3608,2,2
3609,1,1
3610,1,1
3612,2,2
3613,2,1
3614,1,1
3616,2,2
3617,2,1
3618,1,1
3619,1,1
3621,1,2
3622,1,1
3623,1,1
3624,0,1
3626,1,2
3627,1,1
3629,2,2
3630,1,1
3631,1,1
3632,1,1
3634,1,2
3635,1,1
3636,1,1
3638,1,2
3639,1,1
3640,1,1
3642,1,2
3643,1,1
3644,1,1
3645,1,1
3647,1,2
3648,1,1
3650,2,2
3651,1,1
3652,1,1
3653,1,1
3655,1,2
3656,1,1
3658,2,2
3659,1,1
3660,1,1
3661,1,1
3663,1,2
3664,1,1
3665,1,1
3667,1,2
3668,1,1
3669,1,1
3670,1,1
3672,1,2
3673,1,1
3674,1,1
3676,1,2
3677,1,1
3679,1,2
3680,1,1
3682,2,2
3683,1,1
3684,1,1
3685,1,1
3687,1,2
3688,1,1
3689,1,1
3691,1,2
3692,1,1
3693,1,1
3695,1,2
3696,1,1
3697,1,1
3698,0,1
3700,1,2
3701,1,1
3703,1,2
3704,1,1
3705,1,1
3707,1,2
3708,1,1
3709,1,1
3711,1,2
3712,1,1
3714,2,2
3717,3,3
3719,4,2
3720,4,1
3721,4,1
3722,3,1
3723,3,1
3725,4,2
3727,4,2
3728,4,1
3729,4,1
3730,3,1
3731,3,1
3732,3,1
3733,2,1
3734,2,1
3734,1,0
3735,1,1
3737,1,2
3738,1,1
3739,1,1
3741,1,2
3742,1,1
3743,1,1
3745,1,2
3746,1,1
3747,1,1
3749,1,2
3750,1,1
3751,1,1
3752,0,1
3754,1,2
3755,1,1
3756,0,1
3758,1,2
3759,1,1
3761,1,2
3763,2,2
3764,2,1
3765,1,1
3766,1,1
3767,1,1
3768,0,1
3770,1,2
3771,1,1
3773,1,2
3774,1,1
3775,1,1
3777,1,2
3778,1,1
3779,0,1
3781,1,2
3782,1,1
3783,0,1
3785,1,2
3786,1,1
3787,0,1
3789,1,2
3790,1,1
3791,1,1
3793,1,2
3794,1,1
3795,1,1
3796,0,1
3798,1,2
3799,1,1
3800,1,1
3802,1,2
3803,1,1
3804,1,1
3805,1,1
3807,1,2
3808,1,1
3809,1,1
3810,0,1
3812,1,2
3813,1,1
3814,1,1
3815,1,1
3816,0,1
3818,1,2
3819,1,1
3820,1,1
3821,0,1
3823,1,2
3824,1,1
3825,1,1
3826,0,1
3828,1,2
3829,1,1
3830,1,1
3831,0,1
3833,1,2
3834,1,1
3835,1,1
3836,0,1
3838,1,2
3839,1,1
3840,1,1
3841,1,1
3843,1,2
3844,1,1
3845,1,1
3846,1,1
3847,0,1
3849,1,2
3850,1,1
3851,1,1
3852,0,1
3854,1,2
3857,3,3
3858,3,1
3859,2,1
3860,2,1
3861,2,1
3862,1,1
3863,1,1
3865,2,2
3866,1,1
3870,1,4
3872,2,2
3873,1,1
3874,1,1
3876,2,2
3877,1,1
3878,1,1
3880,2,2
3881,1,1
3882,1,1
3884,1,2
3885,1,1
3887,2,2
3888,1,1
3889,1,1
3891,1,2
3892,1,1
3894,1,2
3895,1,1
3896,1,1
3898,1,2
3900,1,2
3901,1,1
3903,1,2
3905,1,2
3906,1,1
3907,1,1
3909,1,2
3910,1,1
3911,1,1
3913,1,2
3914,1,1
3915,1,1
3917,1,2
3918,1,1
3920,2,2
3921,1,1
3922,1,1
3923,1,1
3925,2,2
3927,2,2
3928,2,1
3929,2,1
3930,1,1
3931,1,1
3933,2,2
3934,1,1
3935,1,1
3937,2,2
3938,1,1
3939,1,1
3941,2,2
3942,1,1
3944,1,2
3946,1,2
3948,1,2
3949,1,1
3951,1,2
3953,1,2
3954,1,1
3956,2,2
3957,1,1
3958,1,1
3960,1,2
3962,1,2
3964,1,2
3966,1,2
3967,0,1
3970,1,3
3972,1,2
3974,1,2
3975,0,1
3977,0,2
3979,1,2
3980,0,1
3982,1,2
3983,1,1
3986,2,3
3987,2,1
3988,2,1
3989,1,1
3990,1,1
3991,1,1
3992,0,1
3994,1,2
3995,1,1
3996,1,1
3998,1,2
3999,1,1
4000,1,1
4002,2,2
4003,1,1
4004,1,1
4006,2,2
4007,1,1
4008,1,1
4009,1,1
4010,0,1
4012,1,2
4013,1,1
4014,1,1
4016,1,2
4017,1,1
4018,1,1
4019,0,1
4021,1,2
4022,1,1
4023,1,1
4025,1,2
4026,1,1
4027,1,1
4028,0,1
4030,1,2
4031,1,1
4032,0,1
4034,1,2
4035,1,1
4037,2,2
4038,1,1
4039,1,1
4041,2,2
4042,1,1
4043,1,1
4044,1,1
4046,1,2
4047,1,1
4048,1,1
4049,1,1
4050,0,1
4051,0,1
4053,1,2
4054,1,1
4055,1,1
4057,1,2
4058,1,1
4059,1,1
4060,0,1
4062,1,2
4063,1,1
4064,0,1
4066,1,2
4067,1,1
4069,2,2
4070,1,1
4071,1,1
4073,2,2
4074,1,1
4075,1,1
4076,1,1
4077,0,1
4079,1,2
4080,1,1
4082,1,2
4083,1,1
4084,1,1
4085,1,1
4087,1,2
4088,1,1
4089,1,1
4090,0,1
4092,1,2
4093,1,1
4095,1,2
4097,2,2
4097,1,0
4098,1,1
4100,1,2
4101,1,1
4102,1,1
4103,0,1
4105,1,2
4106,1,1
4108,1,2
4109,1,1
4110,1,1
4112,1,2
4113,1,1
4114,1,1
4116,1,2
4117,1,1
4118,1,1
4119,1,1
4121,1,2
4122,1,1
4123,1,1
4125,1,2
4126,1,1
4127,1,1
4129,1,2
4130,1,1
4131,1,1
4132,1,1
4134,1,2
4135,1,1
4136,1,1
4138,1,2
4139,1,1
4140,1,1
4142,1,2
4143,1,1
4144,1,1
4145,0,1
4147,1,2
4148,1,1
4150,2,2
4151,1,1
4152,1,1
4153,1,1
4155,1,2
4156,1,1
4157,1,1
4159,1,2
4160,1,1
4161,1,1
4162,1,1
4164,1,2
4165,1,1
4166,1,1
4168,1,2
4169,1,1
4170,1,1
4171,0,1
4173,1,2
4174,1,1
4175,1,1
4177,1,2
4178,1,1
4179,1,1
4181,1,2
4182,1,1
4183,1,1
4184,0,1
4186,1,2
4187,1,1
4188,1,1
4190,1,2
4191,1,1
4192,1,1
4194,1,2
4195,1,1
4196,1,1
4198,1,2
4199,1,1
4200,1,1
4202,1,2
4203,1,1
4204,1,1
4205,0,1
4207,1,2
4208,1,1
4210,2,2
4211,1,1
4212,1,1
4213,1,1
4214,0,1
4216,1,2
4217,1,1
4218,1,1
4220,1,2
4221,1,1
4222,1,1
4223,0,1
4225,1,2
4226,1,1
4227,1,1
4229,1,2
4230,1,1
4231,1,1
4232,1,1
4234,1,2
4236,2,2
4237,1,1
4238,1,1
4240,2,2
4241,1,1
4243,2,2
4244,2,1
4245,1,1
4246,1,1
4248,2,2
4249,1,1
4250,1,1
4251,1,1
4252,1,1
4254,1,2
4255,1,1
4256,1,1
4258,1,2
4259,1,1
4260,1,1
4262,1,2
4263,1,1
4264,1,1
4265,1,1
4266,0,1
4268,1,2
4269,1,1
4270,1,1
4272,1,2
4273,1,1
4274,1,1
4275,0,1
4277,1,2
4278,1,1
4279,1,1
4280,0,1
4282,1,2
4283,1,1
4284,1,1
4286,1,2
4287,1,1
4288,1,1
4289,0,1
4291,1,2
4292,1,1
4293,1,1
4294,0,1
4296,1,2
4297,1,1
4299,2,2
4300,1,1
4301,1,1
4302,1,1
4304,1,2
4305,1,1
4306,1,1
4307,1,1
4309,1,2
4310,1,1
4311,1,1
4313,1,2
4314,1,1
4315,1,1
4317,1,2
4318,1,1
4319,1,1
4320,1,1
4322,1,2
4323,1,1
4324,1,1
4326,1,2
4327,1,1
4328,1,1
4330,1,2
4331,1,1
4332,1,1
4334,1,2
4335,1,1
4336,1,1
4337,1,1
4339,1,2
4340,1,1
4341,1,1
4343,1,2
4344,1,1
4345,1,1
4347,1,2
4348,1,1
4349,1,1
4350,1,1
4352,1,2
4353,1,1
4354,1,1
4356,1,2
4357,1,1
4358,1,1
4360,1,2
4361,1,1
4362,1,1
4363,1,1
4365,1,2
4366,1,1
4367,1,1
4368,0,1
4370,1,2
4371,1,1
4373,1,2
4374,1,1
4375,1,1
4376,0,1
4378,1,2
4379,1,1
4381,2,2
4382,1,1
4383,1,1
4384,1,1
4386,1,2
4387,1,1
4388,1,1
4389,0,1
4391,1,2
4392,1,1
4394,1,2
4395,1,1
4396,1,1
4397,1,1
4399,1,2
4400,1,1
4401,1,1
4402,1,1
4404,1,2
4405,1,1
4406,1,1
4408,1,2
4409,1,1
4410,1,1
4412,1,2
4413,1,1
4414,1,1
4415,1,1
4417,1,2
4418,1,1
4419,1,1
4420,0,1
4422,1,2
4423,1,1
4425,1,2
4426,1,1
4427,1,1
4428,1,1
4430,1,2
4431,1,1
4432,1,1
4434,1,2
4435,1,1
4436,1,1
4438,1,2
4439,1,1
4440,1,1
4442,1,2
4443,1,1
4444,1,1
4445,1,1
4447,1,2
4448,1,1
4449,1,1
4451,1,2
4452,1,1
4453,1,1
4454,0,1
4456,1,2
4457,1,1
4458,0,1
4461,2,3
4462,2,1
4463,1,1
4464,1,1
4465,0,1
4467,1,2
4468,1,1
4469,0,1
4471,1,2
4472,1,1
4473,0,1
4475,1,2
4476,1,1
4477,1,1
4479,1,2
4480,1,1
4481,1,1
4483,1,2
4484,1,1
4485,1,1
4486,0,1
4488,1,2
4489,1,1
4491,1,2
4492,1,1
4493,1,1
4494,0,1
4496,1,2
4497,1,1
4498,1,1
4499,0,1
4501,1,2
4502,1,1
4504,1,2
4505,1,1
4506,1,1
4507,0,1
4509,1,2
4510,1,1
4511,1,1
4512,0,1
4514,1,2
4515,1,1
4516,0,1
4518,1,2
4519,1,1
4520,1,1
4522,1,2
4523,1,1
4524,1,1
4526,1,2
4527,1,1
4528,1,1
4530,1,2
4531,1,1
4532,1,1
4533,0,1
4535,1,2
4536,1,1
4537,1,1
4538,1,1
4540,1,2
4541,1,1
4542,1,1
4543,1,1
4545,1,2
4550,1,5
4552,2,2
4553,1,1
4554,1,1
4555,1,1
4557,1,2
4558,1,1
4559,1,1
4560,0,1
4562,1,2
4563,1,1
4564,0,1
4566,1,2
4567,1,1
4568,1,1
4570,1,2
4571,1,1
4572,1,1
4573,0,1
4575,1,2
4576,1,1
4578,1,2
4579,1,1
4580,1,1
4582,1,2
4583,1,1
4584,1,1
4586,1,2
4587,1,1
4588,1,1
4589,1,1
4591,1,2
4592,1,1
4593,1,1
4594,0,1
4596,1,2
4597,1,1
4598,0,1
4600,1,2
4601,1,1
4602,1,1
4604,1,2
4605,1,1
4606,1,1
4607,0,1
4609,1,2
4610,1,1
4611,0,1
4613,1,2
4614,1,1
4615,1,1
4617,1,2
4618,1,1
4619,1,1
4621,1,2
4622,1,1
4623,1,1
4625,1,2
4626,1,1
4627,1,1
4628,0,1
4630,1,2
4631,1,1
4633,1,2
4638,1,5
4639,1,1
4641,1,2
4643,2,2
4644,2,1
4645,2,1
4646,1,1
4647,1,1
4649,2,2
4650,2,1
4651,1,1
4652,1,1
4654,2,2
4655,2,1
4656,1,1
4658,2,2
4659,1,1
4660,1,1
4661,1,1
4663,1,2
4664,1,1
4665,1,1
4667,2,2
4668,1,1
4669,1,1
4671,2,2
4672,1,1
4673,1,1
4674,1,1
4676,1,2
4677,1,1
4678,1,1
4679,0,1
4681,1,2
4682,1,1
4683,1,1
4684,0,1
4686,1,2
4687,1,1
4688,0,1
4690,1,2
4691,1,1
4692,1,1
4694,1,2
4695,1,1
4696,1,1
4697,0,1
4699,1,2
4700,1,1
4702,2,2
4703,1,1
4704,1,1
4705,1,1
4707,1,2
4708,1,1
4709,1,1
4710,1,1
4712,1,2
4713,1,1
4715,2,2
4718,3,3
4719,3,1
4721,4,2
4722,3,1
4723,3,1
4724,3,1
4725,2,1
4727,3,2
4728,3,1
4729,2,1
4730,2,1
4732,3,2
4733,3,1
4734,2,1
4736,3,2
4737,3,1
4738,2,1
4740,3,2
4741,3,1
4742,2,1
4743,2,1
4744,2,1
4745,1,1
4746,1,1
4747,1,1
4748,1,1
4749,0,1
4751,1,2
4752,1,1
4753,1,1
4754,1,1
4756,1,2
4757,1,1
4758,1,1
4759,0,1
4761,1,2
4762,1,1
4764,1,2
4765,1,1
4766,1,1
4769,1,3
4770,1,1
4771,1,1
4773,1,2
4774,1,1
4775,1,1
4776,1,1
4778,1,2
4779,1,1
4780,1,1
4781,1,1
4783,1,2
4784,1,1
4785,1,1
4787,2,2
4788,1,1
4789,1,1
4790,1,1
4791,1,1
4792,0,1
4794,1,2
4795,1,1
4797,2,2
4798,1,1
4799,1,1
4800,1,1
4802,1,2
4803,1,1
4804,1,1
4806,1,2
4807,1,1
4808,1,1
4810,2,2
4811,1,1
4812,1,1
4814,2,2
4815,1,1
4816,1,1
4818,2,2
4819,1,1
4820,1,1
4821,1,1
4823,2,2
4824,1,1
4825,1,1
4827,2,2
4828,1,1
4829,1,1
4831,2,2
4832,1,1
4833,1,1
4834,1,1
4836,2,2
4837,1,1
4838,1,1
4839,1,1
4841,2,2
4842,1,1
4843,1,1
4844,1,1
4846,1,2
4847,1,1
4849,2,2
4850,1,1
4851,1,1
4852,1,1
4854,1,2
4855,1,1
4856,1,1
4857,1,1
4859,1,2
4860,1,1
4861,1,1
4862,1,1
4863,0,1
4865,1,2
4866,1,1
4867,1,1
4868,0,1
4870,1,2
4871,1,1
4872,1,1
4874,1,2
4875,1,1
4876,1,1
4877,1,1
4878,1,1
4880,1,2
4881,1,1
4882,1,1
4883,1,1
4884,0,1
4886,1,2
4887,1,1
4888,1,1
4890,1,2
4891,1,1
4892,1,1
4893,1,1
4894,0,1
4896,1,2
4897,1,1
4898,1,1
4899,1,1
4900,0,1
4901,0,1
4902,0,1
4904,1,2
4905,1,1
4906,1,1
4907,0,1
4908,0,1
4909,0,1
4910,0,1
4912,1,2
4913,1,1
4914,1,1
4915,0,1
4916,0,1
4917,0,1
4919,1,2
4920,1,1
4921,1,1
4922,1,1
4923,0,1
4924,0,1
4925,0,1
4927,1,2
4928,1,1
4929,1,1
4930,0,1
4931,0,1
4932,0,1
4933,0,1
4935,1,2
4936,1,1
4937,1,1
4938,1,1
4939,0,1
4940,0,1
4941,0,1
4943,1,2
4944,1,1
4945,1,1
4946,1,1
4947,0,1
4948,0,1
4949,0,1
4950,0,1
4952,1,2
4953,1,1
4954,0,1
4955,0,1
4956,0,1
4957,0,1
4959,1,2
4960,1,1
4962,2,2
4962,0,0
4963,0,1
4964,0,1
4965,0,1
4967,1,2
4968,1,1
4969,1,1
4970,0,1
4971,0,1
4972,0,1
4973,0,1
4975,1,2
4976,1,1
4977,1,1
4978,0,1
4979,0,1
4980,0,1
4981,0,1
4983,1,2
4984,1,1
4985,1,1
4986,0,1
4987,0,1
4988,0,1
4990,1,2
4991,1,1
4992,1,1
4993,0,1
4994,0,1
4995,0,1
4997,1,2
4998,1,1
4999,1,1
5000,0,1
5001,0,1
5002,0,1
5003,0,1
5004,0,1
5006,1,2
5007,1,1
5008,0,1
5009,0,1
5010,0,1
5011,0,1
5013,1,2
5014,1,1
5016,1,2
5017,1,1
5019,2,2
5020,1,1
5021,1,1
5022,1,1
5023,1,1
5025,2,2
5026,1,1
5027,1,1
5028,1,1
5030,2,2
5031,1,1
5032,1,1
5033,1,1
5035,2,2
5036,1,1
5037,1,1
5038,1,1
5039,1,1
5041,2,2
5042,1,1
5043,1,1
5044,1,1
5046,2,2
5047,1,1
5048,1,1
5049,1,1
5050,1,1
5052,1,2
5053,1,1
5054,1,1
5056,2,2
5057,1,1
5058,1,1
5059,1,1
5061,2,2
5062,1,1
5063,1,1
5064,1,1
5066,1,2
5067,1,1
5068,1,1
5070,2,2
5071,2,1
5072,1,1
5073,1,1
5074,1,1
5075,1,1
5077,1,2
5078,1,1
5079,1,1
5081,2,2
5082,1,1
5083,1,1
5084,1,1
5086,2,2
5087,1,1
5088,1,1
5089,1,1
5091,2,2
5092,1,1
5093,1,1
5094,1,1
5095,1,1
5097,1,2
5098,1,1
5099,1,1
5101,2,2
5102,1,1
5103,1,1
5104,1,1
5106,1,2
5107,1,1
5108,1,1
5110,2,2
5111,2,1
5112,1,1
5113,1,1
5114,1,1
5116,2,2
5117,1,1
5118,1,1
5119,1,1
5121,2,2
5122,1,1
5123,1,1
5124,1,1
5126,2,2
5127,1,1
5128,1,1
5129,1,1
5131,2,2
5132,1,1
5133,1,1
5134,1,1
5136,2,2
5137,1,1
5138,1,1
5140,2,2
5141,1,1
5142,1,1
5143,1,1
5145,1,2
5146,1,1
5147,1,1
5149,1,2
5150,1,1
5151,1,1
5153,1,2
5154,1,1
5155,1,1
5157,1,2
5158,1,1
5159,1,1
5161,1,2
5162,1,1
5163,1,1
5165,1,2
5166,1,1
5167,1,1
5169,1,2
5170,1,1
5171,1,1
5173,1,2
5174,1,1
5175,1,1
5177,2,2
5178,1,1
5179,1,1
5181,2,2
5182,1,1
5183,1,1
5185,2,2
5186,1,1
5187,1,1
5188,1,1
5190,1,2
5191,1,1
5192,1,1
5194,1,2
5195,1,1
5196,1,1
5198,1,2
5199,1,1
5200,1,1
5202,1,2
5203,1,1
5204,1,1
5205,1,1
5206,0,1
5208,1,2
5209,1,1
5210,1,1
5211,0,1
5213,1,2
5214,1,1
5215,1,1
5216,0,1
5218,1,2
5219,1,1
5220,1,1
5222,1,2
5223,1,1
5224,1,1
5225,1,1
5227,1,2
5228,1,1
5229,1,1
5230,1,1
5231,1,1
5233,1,2
5234,1,1
5235,1,1
5236,1,1
5238,1,2
5239,1,1
5240,1,1
5242,2,2
5243,1,1
5244,1,1
5245,1,1
5247,2,2
5248,1,1
5249,1,1
5250,1,1
5251,1,1
5253,2,2
5254,1,1
5255,1,1
5256,1,1
5258,2,2
5259,1,1
5260,1,1
5261,1,1
5262,1,1
5264,2,2
5265,1,1
5266,1,1
5267,1,1
5269,2,2
5270,1,1
5271,1,1
5272,1,1
5273,1,1
5275,2,2
5276,1,1
5277,1,1
5282,5,5
5283,1,1
5285,1,2
5286,1,1
5287,1,1
5288,1,1
5290,1,2
5291,1,1
5292,1,1
5293,1,1
5295,1,2
5296,1,1
5297,1,1
5298,1,1
5299,0,1
5301,1,2
5302,1,1
5303,1,1
5305,1,2
5306,1,1
5307,1,1
5309,1,2
5310,1,1
5311,1,1
5312,0,1
5314,1,2
5315,1,1
5316,0,1
5318,1,2
5319,1,1
5320,1,1
5322,1,2
5323,1,1
5324,1,1
5326,1,2
5327,1,1
5328,1,1
5329,0,1
5331,1,2
5332,1,1
5333,0,1
5335,1,2
5336,1,1
5337,0,1
5339,1,2
5340,1,1
5341,1,1
5343,1,2
5344,1,1
5345,1,1
5346,0,1
5348,1,2
5349,1,1
5350,0,1
5352,1,2
5353,1,1
5354,1,1
5356,1,2
5357,1,1
5358,1,1
5359,0,1
5361,1,2
5362,1,1
5363,0,1
5365,1,2
5366,1,1
5367,1,1
5369,1,2
5370,1,1
5371,1,1
5373,1,2
5374,1,1
5375,1,1
5376,0,1
5378,1,2
5379,1,1
5381,1,2
5382,1,1
5383,1,1
5384,1,1
5386,1,2
5387,1,1
5388,1,1
5389,1,1
5391,1,2
5392,1,1
5393,1,1
5395,1,2
5396,1,1
5397,1,1
5398,0,1
5400,1,2
5401,1,1
5402,1,1
5404,1,2
5405,1,1
5406,1,1
5407,0,1
5409,1,2
5410,1,1
5411,1,1
5412,0,1
5414,1,2
5415,1,1
5416,1,1
5417,0,1
5419,1,2
5420,1,1
5421,1,1
5423,1,2
5424,1,1
5425,1,1
5426,1,1
5427,0,1
5429,1,2
5430,1,1
5431,1,1
5432,0,1
5434,1,2
5435,1,1
5436,1,1
5437,0,1
5439,1,2
5440,1,1
5441,1,1
5442,0,1
5444,1,2
5445,1,1
5446,1,1
5447,1,1
5449,1,2
5450,1,1
5451,1,1
5452,1,1
5454,1,2
5455,1,1
5456,1,1
5457,1,1
5459,1,2
5460,1,1
5461,1,1
5462,1,1
5464,1,2
5465,1,1
5466,1,1
5467,1,1
5468,0,1
5470,1,2
5471,1,1
5472,1,1
5474,1,2
5475,1,1
5476,1,1
5477,1,1
5479,1,2
5480,1,1
5481,1,1
5482,1,1
5484,1,2
5485,1,1
5486,1,1
5488,1,2
5489,1,1
5490,1,1
5491,0,1
5493,1,2
5494,1,1
5495,1,1
5497,1,2
5498,1,1
5499,1,1
5500,0,1
5502,1,2
5503,1,1
5504,0,1
5506,1,2
5507,1,1
5508,0,1
5510,1,2
5511,1,1
5512,1,1
5514,1,2
5515,1,1
5516,1,1
5518,1,2
5519,1,1
5520,1,1
5521,0,1
5523,1,2
5524,1,1
5525,0,1
5527,1,2
5528,1,1
5529,1,1
5531,1,2
5532,1,1
5533,1,1
5535,1,2
5536,1,1
5537,1,1
5538,0,1
5540,1,2
5541,1,1
5543,2,2
5544,1,1
5545,1,1
5546,0,1
5548,1,2
5549,1,1
5550,1,1
5552,1,2
5553,1,1
5554,0,1
5556,1,2
5557,1,1
5558,0,1
5560,1,2
5561,1,1
5562,1,1
5564,1,2
5565,1,1
5566,1,1
5567,0,1
5569,1,2
5570,1,1
5571,0,1
5573,1,2
5574,1,1
5575,0,1
5576,0,1
5578,1,2
5579,1,1
5581,1,2
5582,1,1
5584,1,2
5585,1,1
5587,1,2
5588,1,1
5590,1,2
5591,1,1
5593,1,2
5594,1,1
5596,1,2
5597,1,1
5602,4,5
5603,4,1
5604,4,1
5606,4,2
5607,4,1
5608,3,1
5609,3,1
5610,2,1
5611,2,1
5612,1,1
5614,1,2
5616,1,2
5618,1,2
5620,1,2
5622,1,2
5624,1,2
5626,1,2
5628,1,2
5630,1,2
5631,1,1
5633,1,2
5634,1,1
5635,1,1
5636,1,1
5638,1,2
5639,1,1
5640,1,1
5642,1,2
5643,1,1
5644,1,1
5646,1,2
5647,1,1
5648,1,1
5649,1,1
5651,1,2
5652,1,1
5653,1,1
5655,1,2
5656,1,1
5657,1,1
5658,0,1
5660,1,2
5661,1,1
5662,1,1
5664,1,2
5665,1,1
5666,1,1
5668,1,2
5669,1,1
5670,1,1
5671,1,1
5673,1,2
5674,1,1
5675,1,1
5676,1,1
5678,1,2
5679,1,1
5680,1,1
5681,1,1
5683,1,2
5684,1,1
5685,1,1
5686,1,1
5687,0,1
5689,1,2
5690,1,1
5691,1,1
5692,0,1
5694,1,2
5695,1,1
5696,1,1
5698,1,2
5699,1,1
5700,1,1
5701,1,1
5703,1,2
5704,1,1
5705,1,1
5706,1,1
5708,1,2
5709,1,1
5710,1,1
5712,1,2
5713,1,1
5716,3,3
5718,3,2
5719,3,1
5720,3,1
5721,3,1
5722,2,1
5723,2,1
5724,2,1
5725,1,1
5726,1,1
5727,1,1
5729,2,2
5730,1,1
5731,1,1
5733,2,2
5734,1,1
5735,1,1
5737,2,2
5738,1,1
5739,1,1
5740,1,1
5742,2,2
5743,1,1
5744,1,1
5745,1,1
5747,2,2
5748,1,1
5749,1,1
5751,2,2
5752,1,1
5753,1,1
5754,1,1
5756,2,2
5757,1,1
5758,1,1
5760,2,2
5761,2,1
5762,1,1
5763,1,1
5765,2,2
5766,1,1
5767,1,1
5768,1,1
5769,0,1
5771,1,2
5772,1,1
5773,1,1
5775,1,2
5776,1,1
5777,1,1
5778,1,1
5779,0,1
5781,1,2
5782,1,1
5783,1,1
5784,0,1
5786,1,2
5787,1,1
5788,1,1
5790,1,2
5791,1,1
5792,1,1
5793,1,1
5795,1,2
5796,1,1
5797,1,1
5798,1,1
5800,1,2
5801,1,1
5802,1,1
5803,1,1
5805,1,2
5806,1,1
5807,1,1
5808,1,1
5810,1,2
5811,1,1
5812,1,1
5813,0,1
5815,1,2
5816,1,1
5817,1,1
5819,1,2
5820,1,1
5821,1,1
5822,1,1
5823,0,1
5825,1,2
5826,1,1
5827,1,1
5828,0,1
5830,1,2
5831,1,1
5832,1,1
5833,0,1
5835,1,2
5836,1,1
5837,1,1
5839,1,2
5840,1,1
5841,1,1
5842,1,1
5844,1,2
5845,1,1
5846,1,1
5847,1,1
5849,1,2
5850,1,1
5851,1,1
5852,1,1
5854,1,2
5855,1,1
5856,1,1
5858,1,2
5859,1,1
5860,1,1
5861,1,1
5863,1,2
5864,1,1
5865,1,1
5866,1,1
5867,0,1
5869,1,2
5870,1,1
5871,1,1
5872,0,1
5874,1,2
5875,1,1
5876,1,1
5878,1,2
5879,1,1
5880,1,1
5882,2,2
5883,1,1
5884,1,1
5885,1,1
5886,0,1
5888,1,2
5889,1,1
5890,1,1
5891,0,1
5893,1,2
5894,1,1
5895,1,1
5896,0,1
5898,1,2
5899,1,1
5900,1,1
5902,1,2
5903,1,1
5904,1,1
5905,1,1
5907,1,2
5908,1,1
5909,1,1
5910,0,1
5912,1,2
5913,1,1
5914,1,1
5915,0,1
5917,1,2
5918,1,1
5920,1,2
5922,1,2
5923,1,1
5924,1,1
5925,1,1
5927,1,2
5928,1,1
5929,1,1
5930,1,1
5932,1,2
5933,1,1
5934,1,1
5935,0,1
5937,1,2
5938,1,1
5939,1,1
5941,1,2
5942,1,1
5943,1,1
5945,1,2
5946,1,1
5947,1,1
5948,0,1
5950,1,2
5951,1,1
5952,1,1
5954,1,2
5955,1,1
5956,1,1
5958,1,2
5959,1,1
5960,1,1
5961,1,1
5963,1,2
5964,1,1
5965,1,1
5966,0,1
5968,1,2
5969,1,1
5970,1,1
5972,1,2
5973,1,1
5974,1,1
5975,0,1
5977,1,2
5978,1,1
5979,1,1
5981,1,2
5982,1,1
5983,1,1
5984,0,1
5986,1,2
5987,1,1
5988,1,1
5990,1,2
5991,1,1
5992,1,1
5994,1,2
5995,1,1
5996,1,1
5997,1,1
5999,1,2
6000,1,1
6001,1,1
6002,0,1
6004,1,2
6005,1,1
6006,1,1
6007,0,1
6009,1,2
6010,1,1
6011,1,1
6013,1,2
6014,1,1
6015,1,1
6017,1,2
6018,1,1
6019,1,1
6020,1,1
6022,1,2
6023,1,1
6024,1,1
6025,1,1
6027,1,2
6028,1,1
6029,1,1
6031,2,2
6032,1,1
6033,1,1
6034,1,1
6036,2,2
6037,1,1
6038,1,1
6039,1,1
6041,1,2
6042,1,1
6043,1,1
6045,2,2
6046,1,1
6047,1,1
6048,1,1
6050,1,2
6051,1,1
6052,1,1
6053,1,1
6055,1,2
6056,1,1
6057,1,1
6059,1,2
6060,1,1
6061,1,1
6062,1,1
6064,1,2
6065,1,1
6066,1,1
6068,2,2
6069,1,1
6070,1,1
6071,1,1
6072,0,1
6074,1,2
6075,1,1
6077,2,2
6078,1,1
6079,1,1
6080,1,1
6082,1,2
6083,1,1
6084,1,1
6085,1,1
6087,1,2
6088,1,1
6089,1,1
6091,2,2
6092,1,1
6093,1,1
6094,1,1
6096,1,2
6097,1,1
6098,1,1
6099,1,1
6101,1,2
6102,1,1
6103,1,1
6105,1,2
6106,1,1
6107,1,1
6109,2,2
6110,1,1
6111,1,1
6112,1,1
6114,1,2
6115,1,1
6116,1,1
6118,2,2
6119,1,1
6120,1,1
6121,1,1
6123,2,2
6124,1,1
6125,1,1
6127,2,2
6128,1,1
6129,1,1
6130,1,1
6131,1,1
6133,1,2
6134,1,1
6135,1,1
6137,2,2
6138,1,1
6139,1,1
6140,1,1
6142,1,2
6143,1,1
6144,1,1
6146,2,2
6147,1,1
6148,1,1
6150,2,2
6151,1,1
6152,1,1
6153,1,1
6154,1,1
6155,0,1
6157,1,2
6158,1,1
6159,1,1
6160,1,1
6162,1,2
6163,1,1
6164,1,1
6165,1,1
6166,0,1
6168,1,2
6169,1,1
6170,1,1
6171,1,1
6172,0,1
6174,1,2
6175,1,1
6176,1,1
6177,0,1
6179,1,2
6180,1,1
6181,1,1
6182,0,1
6184,1,2
6185,1,1
6186,1,1
6187,1,1
6188,0,1
6190,1,2
6191,1,1
6192,1,1
6194,1,2
6195,1,1
6196,1,1
6197,1,1
6199,1,2
6200,1,1
6201,1,1
6202,0,1
6204,1,2
6205,1,1
6206,1,1
6208,1,2
6209,1,1
6210,1,1
6212,1,2
6213,1,1
6214,1,1
6215,1,1
6217,1,2
6218,1,1
6219,1,1
6220,0,1
6222,1,2
6223,1,1
6224,1,1
6226,1,2
6227,1,1
6228,1,1
6229,1,1
6231,1,2
6232,1,1
6233,1,1
6234,0,1
6236,1,2
6237,1,1
6238,1,1
6239,0,1
6241,1,2
6242,1,1
6243,1,1
6245,1,2
6246,1,1
6247,1,1
6248,1,1
6250,1,2
6251,1,1
6252,1,1
6253,0,1
6255,1,2
6256,1,1
6258,2,2
6259,1,1
6260,1,1
6261,1,1
6263,1,2
6264,1,1
6265,1,1
6266,0,1
6268,1,2
6269,1,1
6270,1,1
6272,1,2
6273,1,1
6274,1,1
6275,0,1
6277,1,2
6278,1,1
6279,1,1
6281,1,2
6282,1,1
6283,1,1
6284,1,1
6286,1,2
6287,1,1
6288,1,1
6290,1,2
6291,1,1
6293,2,2
6294,1,1
6295,1,1
6297,1,2
6298,1,1
6299,1,1
6301,1,2
6302,1,1
6303,1,1
6304,0,1
6306,1,2
6307,1,1
6308,1,1
6310,1,2
6311,1,1
6312,1,1
6314,1,2
6315,1,1
6316,1,1
6317,0,1
6319,1,2
6320,1,1
6321,1,1
6323,1,2
6324,1,1
6325,1,1
6327,1,2
6328,1,1
6329,1,1
6330,1,1
6332,1,2
6333,1,1
6334,1,1
6336,1,2
6337,1,1
6338,1,1
6339,1,1
6341,1,2
6342,1,1
6343,1,1
6345,1,2
6346,1,1
6347,1,1
6349,1,2
6350,1,1
6351,1,1
6353,1,2
6354,1,1
6355,1,1
6356,1,1
6358,1,2
6359,1,1
6360,1,1
6362,1,2
6363,1,1
6364,1,1
6365,0,1
6367,1,2
6368,1,1
6369,1,1
6371,1,2
6372,1,1
6373,1,1
6374,1,1
6376,1,2
6377,1,1
6378,1,1
6379,1,1
6381,1,2
6382,1,1
6383,1,1
6384,0,1
6386,1,2
6387,1,1
6388,1,1
6390,1,2
6391,1,1
6392,1,1
6393,1,1
6395,1,2
6396,1,1
6397,1,1
6398,1,1
6400,1,2
6401,1,1
6402,1,1
6403,0,1
6405,1,2
6406,1,1
6407,1,1
6409,1,2
6410,1,1
6411,1,1
6413,1,2
6414,1,1
6415,1,1
6416,0,1
6418,1,2
6419,1,1
6420,1,1
6422,1,2
6423,1,1
6424,1,1
6426,1,2
6427,1,1
6429,1,2
6430,1,1
6431,1,1
6433,1,2
6434,1,1
6435,1,1
6436,0,1
6438,1,2
6439,1,1
6440,1,1
6442,1,2
6443,1,1
6444,1,1
6445,1,1
6447,1,2
6448,1,1
6449,1,1
6450,1,1
6452,1,2
6453,1,1
6454,1,1
6455,1,1
6457,1,2
6458,1,1
6459,1,1
6460,0,1
6462,1,2
6463,1,1
6464,1,1
6466,1,2
6467,1,1
6468,1,1
6469,1,1
6471,1,2
6472,1,1
6473,1,1
6474,1,1
6476,1,2
6477,1,1
6478,1,1
6479,0,1
6481,1,2
6482,1,1
6483,1,1
6485,1,2
6486,1,1
6487,1,1
6488,0,1
6490,1,2
6491,1,1
6492,1,1
6494,1,2
6495,1,1
6497,1,2
6498,1,1
6499,1,1
6500,0,1
6502,1,2
6503,1,1
6504,1,1
6506,1,2
6507,1,1
6508,1,1
6510,1,2
6511,1,1
6512,1,1
6514,1,2
6515,1,1
6516,1,1
6517,1,1
6519,1,2
6520,1,1
6521,1,1
6522,0,1
6524,1,2
6525,1,1
6526,1,1
6528,1,2
6529,1,1
6530,1,1
6531,0,1
6533,1,2
6534,1,1
6535,1,1
6537,1,2
6538,1,1
6539,1,1
6541,1,2
6542,1,1
6543,1,1
6544,0,1
6546,1,2
6547,1,1
6548,1,1
6550,1,2
6551,1,1
6552,1,1
6554,1,2
6555,1,1
6556,1,1
6557,0,1
6559,1,2
6560,1,1
6561,1,1
6563,1,2
6564,1,1
6565,1,1
6566,0,1
6568,1,2
6569,1,1
6570,1,1
6571,0,1
6573,1,2
6574,1,1
6575,0,1
6577,1,2
6578,1,1
6579,1,1
6581,1,2
6582,1,1
6583,1,1
6585,1,2
6586,1,1
6587,1,1
6589,1,2
6590,1,1
6591,1,1
6592,1,1
6594,1,2
6595,1,1
6596,1,1
6598,1,2
6599,1,1
6600,1,1
6602,1,2
6603,1,1
6604,1,1
6605,1,1
6607,1,2
6608,1,1
6609,1,1
6610,0,1
6612,1,2
6613,1,1
6614,1,1
6616,1,2
6617,1,1
6618,1,1
6620,1,2
6621,1,1
6622,1,1
6623,1,1
6625,1,2
6626,1,1
6627,1,1
6628,0,1
6630,1,2
6631,1,1
6632,0,1
6634,1,2
6635,1,1
6636,1,1
6638,1,2
6639,1,1
6640,1,1
6642,1,2
6643,1,1
6644,1,1
6646,1,2
6647,1,1
6648,1,1
6649,1,1
6651,1,2
6652,1,1
6653,1,1
6655,1,2
6656,1,1
6657,1,1
6659,1,2
6660,1,1
6661,1,1
6662,1,1
6664,1,2
6665,1,1
6666,1,1
6667,0,1
6669,1,2
6670,1,1
6672,2,2
6673,1,1
6674,1,1
6675,1,1
6677,1,2
6678,1,1
6679,1,1
6680,0,1
6682,1,2
6683,1,1
6684,1,1
6686,1,2
6687,1,1
6688,1,1
6690,1,2
6691,1,1
6692,1,1
6693,1,1
6695,1,2
6696,1,1
6697,1,1
6699,1,2
6700,1,1
6701,1,1
6703,1,2
6704,1,1
6705,1,1
6706,1,1
6708,1,2
6709,1,1
6710,1,1
6712,1,2
6713,1,1
6717,4,4
6722,7,5
6723,7,1
6724,7,1
6726,7,2
6727,7,1
6728,6,1
6729,6,1
6730,6,1
6731,5,1
6732,5,1
6733,5,1
6734,4,1
6735,4,1
6736,4,1
6737,4,1
6738,3,1
6739,3,1
6740,3,1
6741,2,1
6742,2,1
6743,2,1
6744,2,1
6745,1,1
6746,1,1
6747,1,1
6749,1,2
6750,1,1
6751,1,1
6752,1,1
6754,1,2
6755,1,1
6756,1,1
6758,1,2
6759,1,1
6760,1,1
6762,1,2
6763,1,1
6764,1,1
6765,1,1
6767,1,2
6768,1,1
6769,1,1
6771,1,2
6772,1,1
6773,1,1
6774,1,1
6776,1,2
6777,1,1
6778,1,1
6780,1,2
6781,1,1
6782,1,1
6783,1,1
6785,1,2
6786,1,1
6787,1,1
6789,1,2
6790,1,1
6791,1,1
6792,0,1
6794,1,2
6795,1,1
6796,1,1
6798,1,2
6799,1,1
6800,1,1
6802,1,2
6803,1,1
6804,1,1
6806,1,2
6807,1,1
6808,1,1
6810,2,2
6811,1,1
6813,1,2
6815,1,2
6817,1,2
6819,1,2
6821,1,2
6822,1,1
6824,1,2
6826,1,2
6828,1,2
6830,1,2
6831,0,1
6834,1,3
6835,1,1
6836,1,1
6837,1,1
6839,1,2
6840,1,1
6841,1,1
6842,1,1
6843,1,1
6845,1,2
6846,1,1
6847,1,1
6849,2,2
6850,1,1
6851,1,1
6853,2,2
6854,1,1
6855,1,1
6856,1,1
6858,1,2
6859,1,1
6860,1,1
6861,1,1
6863,1,2
6864,1,1
6866,2,2
6867,2,1
6868,1,1
6869,1,1
6870,1,1
6872,2,2
6873,1,1
6874,1,1
6876,2,2
6877,1,1
6878,1,1
6879,1,1
6881,2,2
6882,1,1
6883,1,1
6885,2,2
6886,2,1
6887,1,1
6888,1,1
6890,2,2
6891,2,1
6892,1,1
6893,1,1
6895,2,2
6896,1,1
6897,1,1
6898,1,1
6899,1,1
6901,1,2
6902,1,1
6904,2,2
6905,1,1
6906,1,1
6907,1,1
6909,1,2
6910,1,1
6911,1,1
6913,2,2
6914,1,1
6915,1,1
6917,2,2
6918,1,1
6919,1,1
6920,1,1
6922,2,2
6923,1,1
6924,1,1
6926,2,2
6927,2,1
6928,1,1
6930,2,2
6931,2,1
6932,1,1
6933,1,1
6935,2,2
6936,1,1
6938,2,2
6939,2,1
6940,1,1
6942,2,2
6943,1,1
6944,1,1
6946,2,2
6947,1,1
6949,2,2
6950,2,1
6951,1,1
6953,2,2
6954,2,1
6955,1,1
6957,2,2
6958,1,1
6959,1,1
6961,2,2
6962,2,1
6963,1,1
6965,2,2
6966,1,1
6967,1,1
6969,2,2
6970,2,1
6971,1,1
6973,2,2
6974,1,1
6975,1,1
6977,2,2
6978,1,1
6979,1,1
6981,2,2
6982,1,1
6983,1,1
6985,2,2
6986,2,1
6987,1,1
6988,1,1
6990,2,2
6991,1,1
6992,1,1
6993,1,1
6995,2,2
6996,1,1
6997,1,1
6998,1,1
7000,2,2
7001,1,1
7002,1,1
7004,2,2
7005,1,1
7006,1,1
7007,1,1
7009,2,2
7010,1,1
7011,1,1
7013,2,2
7014,2,1
7015,1,1
7016,1,1
7018,2,2
7019,1,1
7020,1,1
7022,2,2
7023,2,1
7024,1,1
7025,1,1
7027,2,2
7028,1,1
7029,1,1
7030,1,1
7032,2,2
7033,1,1
7034,1,1
7035,1,1
7037,1,2
7038,1,1
7039,1,1
7041,2,2
7042,1,1
7043,1,1
7045,2,2
7046,2,1
7047,1,1
7048,1,1
7049,1,1
7051,1,2
7052,1,1
7053,1,1
7054,1,1
7056,1,2
7057,1,1
7059,2,2
7060,1,1
7061,1,1
7062,1,1
7064,2,2
7065,1,1
7066,1,1
7068,2,2
7069,1,1
7070,1,1
7072,2,2
7073,1,1
7074,1,1
7075,1,1
7077,2,2
7078,1,1
7079,1,1
7081,2,2
7082,1,1
7083,1,1
7085,2,2
7086,1,1
7087,1,1
7089,2,2
7090,1,1
7091,1,1
7093,2,2
7094,1,1
7095,1,1
7096,1,1
7098,2,2
7099,1,1
7100,1,1
7102,2,2
7103,1,1
7104,1,1
7105,1,1
7107,2,2
7108,1,1
7109,1,1
7114,5,5
7115,4,1
7115,3,0
7115,2,0
7116,1,1
7117,1,1
7118,1,1
7119,1,1
7120,0,1
7121,0,1
7122,0,1
7124,1,2
7125,1,1
7126,1,1
7127,1,1
7128,0,1
7129,0,1
7131,1,2
7132,1,1
7133,1,1
7134,1,1
7136,1,2
7137,1,1
7138,1,1
7139,1,1
7140,1,1
7141,1,1
7143,2,2
7144,1,1
7145,1,1
7146,1,1
7147,1,1
7148,1,1
7149,1,1
7150,0,1
7152,1,2
7153,1,1
7154,1,1
7155,1,1
7156,1,1
7157,0,1
7159,1,2
7160,1,1
7161,1,1
7162,1,1
7163,1,1
7164,0,1
7166,1,2
7167,1,1
7168,1,1
7169,1,1
7170,0,1
7171,0,1
7173,1,2
7174,1,1
7175,1,1
7176,1,1
7177,0,1
7179,1,2
7179,0,0
7181,1,2
7182,1,1
7183,1,1
7184,0,1
7185,0,1
7187,1,2
7188,1,1
7189,1,1
7190,1,1
7191,1,1
7192,0,1
7194,1,2
7195,1,1
7196,1,1
7197,1,1
7198,1,1
7199,0,1
7201,1,2
7202,1,1
7203,1,1
7204,1,1
7205,0,1
7206,0,1
7208,1,2
7209,1,1
7210,1,1
7211,1,1
7212,0,1
7214,1,2
7214,0,0
7216,1,2
7217,1,1
7218,0,1
7219,0,1
7220,0,1
7221,0,1
7223,1,2
7224,1,1
7225,1,1
7226,0,1
7227,0,1
7228,0,1
7233,4,5
7234,4,1
7234,3,0
7235,2,1
7235,1,0
7235,0,0
7236,0,1
7238,1,2
7239,1,1
7240,0,1
7242,1,2
7243,1,1
7244,1,1
7245,1,1
7246,1,1
7247,0,1
7248,0,1
7250,1,2
7251,1,1
7254,2,3
7256,3,2
7257,2,1
7257,1,0
7258,1,1
7262,1,4
7263,0,1
7265,1,2
7267,1,2
7268,1,1
7269,1,1
7270,1,1
7272,1,2
7273,1,1
7274,1,1
7275,0,1
7277,1,2
7278,1,1
7279,1,1
7281,1,2
7282,1,1
7283,1,1
7285,1,2
7286,1,1
7287,1,1
7288,1,1
7289,0,1
7291,1,2
7292,1,1
7294,1,2
7295,1,1
7297,1,2
7298,1,1
7299,1,1
7300,0,1
7302,1,2
7303,1,1
7305,1,2
7306,1,1
7307,1,1
7309,1,2
7310,1,1
7311,1,1
7312,0,1
7314,1,2
7315,1,1
7316,0,1
7318,1,2
7319,1,1
7320,0,1
7322,1,2
7323,1,1
7324,0,1
7326,1,2
7327,1,1
7328,0,1
7330,1,2
7331,1,1
7333,1,2
7334,1,1
7335,1,1
7336,0,1
7338,1,2
7340,2,2
7340,0,0
7342,1,2
7343,1,1
7344,0,1
7345,0,1
7347,1,2
7348,1,1
7349,1,1
7350,0,1
7351,0,1
7352,0,1
7354,1,2
7355,1,1
7356,0,1
7357,0,1
7358,0,1
7360,1,2
7361,1,1
7362,0,1
7363,0,1
7364,0,1
7366,1,2
7367,1,1
7368,1,1
7369,0,1
7370,0,1
7371,0,1
7373,1,2
7374,1,1
7375,0,1
7376,0,1
7377,0,1
7379,1,2
7380,1,1
7381,0,1
7382,0,1
7383,0,1
7385,1,2
7386,1,1
7387,1,1
7388,0,1
7389,0,1
7390,0,1
7392,1,2
7393,1,1
7394,0,1
7395,0,1
7396,0,1
7398,1,2
7399,1,1
7400,0,1
7401,0,1
7402,0,1
7404,1,2
7405,1,1
7406,0,1
7407,0,1
7408,0,1
7409,0,1
7411,1,2
7412,0,1
7413,0,1
7414,0,1
7416,1,2
7417,1,1
7418,0,1
7419,0,1
7420,0,1
7422,1,2
7423,1,1
7424,0,1
7425,0,1
7427,1,2
7428,1,1
7429,0,1
7430,0,1
7432,1,2
7433,1,1
7435,1,2
7436,0,1
7438,1,2
7439,1,1
7440,1,1
7441,0,1
7442,0,1
7444,1,2
7445,1,1
7446,1,1
7447,1,1
7448,0,1
7449,0,1
7452,2,3
7456,4,4
7457,4,1
7458,2,1
7459,1,1
7460,1,1
7461,0,1
7462,0,1
7463,0,1
7465,1,2
7466,1,1
7467,1,1
7468,0,1
7469,0,1
7470,0,1
7472,1,2
7473,1,1
7474,1,1
7475,0,1
7476,0,1
7477,0,1
7479,1,2
7480,1,1
7481,1,1
7483,1,2
7484,1,1
7485,1,1
7487,1,2
7488,1,1
7489,1,1
7490,0,1
7492,1,2
7493,1,1
7494,0,1
7496,1,2
7497,1,1
7498,0,1
7500,1,2
7501,1,1
7502,0,1
7504,1,2
7505,1,1
7506,1,1
7507,0,1
7509,1,2
7510,1,1
7512,1,2
7513,1,1
7514,1,1
7515,1,1
7517,1,2
7518,1,1
7519,1,1
7520,0,1
7522,1,2
7523,1,1
7524,0,1
7526,1,2
7527,1,1
7528,0,1
7530,1,2
7531,1,1
7532,0,1
7534,1,2
7535,1,1
7536,0,1
7538,1,2
7539,1,1
7540,0,1
7542,1,2
7543,1,1
7544,0,1
7546,1,2
7547,1,1
7548,0,1
7550,1,2
7551,1,1
7552,0,1
7554,1,2
7555,1,1
7556,0,1
7558,1,2
7559,1,1
7560,0,1
7562,1,2
7563,0,1
7565,1,2
7566,1,1
7567,0,1
7569,1,2
7570,1,1
7571,0,1
7573,1,2
7574,1,1
7575,0,1
7577,1,2
7578,1,1
7579,0,1
7581,1,2
7582,1,1
7583,0,1
7585,1,2
7586,1,1
7588,1,2
7589,1,1
7590,0,1
7592,1,2
7594,2,2
7595,1,1
7596,1,1
7598,1,2
7601,1,3
7602,1,1
7604,1,2
7605,1,1
7606,0,1
7608,1,2
7609,1,1
7610,0,1
7612,1,2
7613,1,1
7614,0,1
7616,1,2
7617,1,1
7619,1,2
7620,1,1
7621,1,1
7623,1,2
7624,1,1
7626,1,2
7627,1,1
7628,0,1
7630,1,2
7631,1,1
7632,0,1
7634,1,2
7635,1,1
7636,0,1
7638,1,2
7639,1,1
7641,1,2
7642,1,1
7643,1,1
7645,1,2
7646,1,1
7647,0,1
7649,1,2
7650,1,1
7651,0,1
7653,1,2
7654,1,1
7655,0,1
7657,1,2
7658,1,1
7660,1,2
7661,1,1
7662,1,1
7663,0,1
7665,1,2
7666,1,1
7667,0,1
7669,1,2
7670,1,1
7671,0,1
7673,1,2
7674,1,1
7675,0,1
7677,1,2
7678,1,1
7680,1,2
7681,1,1
7682,0,1
7684,1,2
7685,1,1
7686,0,1
7688,1,2
7689,1,1
7691,1,2
7692,1,1
7693,1,1
7695,1,2
7696,1,1
7697,0,1
7699,1,2
7700,1,1
7701,0,1
7703,1,2
7704,1,1
7706,1,2
7707,1,1
7708,1,1
7710,1,2
7711,1,1
7712,1,1
7714,1,2
7717,2,3
7718,2,1
7719,2,1
7719,1,0
7720,0,1
7722,1,2
7723,1,1
7724,1,1
7726,1,2
7727,1,1
7728,1,1
7729,1,1
7730,0,1
7731,0,1
7733,1,2
7734,1,1
7735,1,1
7736,0,1
7738,1,2
7739,1,1
7740,1,1
7741,0,1
7742,0,1
7744,1,2
7745,1,1
7746,1,1
7747,0,1
7748,0,1
7750,1,2
7751,1,1
7752,1,1
7753,0,1
7754,0,1
7756,1,2
7757,1,1
7758,1,1
7759,0,1
7761,1,2
7762,1,1
7763,1,1
7764,1,1
7766,1,2
7767,1,1
7768,1,1
7769,1,1
7770,0,1
7772,1,2
7773,1,1
7774,1,1
7775,0,1
7777,1,2
7778,1,1
7779,1,1
7780,1,1
7781,0,1
7783,1,2
7784,1,1
7785,1,1
7786,1,1
7787,0,1
7789,1,2
7790,1,1
7791,1,1
7792,0,1
7793,0,1
7795,1,2
7796,1,1
7797,1,1
7798,0,1
7800,1,2
7801,1,1
7802,1,1
7803,1,1
7804,0,1
7806,1,2
7807,1,1
7808,1,1
7809,0,1
7811,1,2
7812,1,1
7813,1,1
7814,1,1
7815,0,1
7817,1,2
7818,1,1
7819,1,1
7820,0,1
7822,1,2
7823,1,1
7824,1,1
7825,0,1
7827,1,2
7828,1,1
7829,1,1
7830,1,1
7831,0,1
7833,1,2
7834,1,1
7835,1,1
7836,0,1
7838,1,2
7839,1,1
7840,1,1
7841,1,1
7842,0,1
7844,1,2
7845,1,1
7846,1,1
7847,0,1
7849,1,2
7850,1,1
7851,1,1
7852,0,1
7854,1,2
7855,1,1
7856,1,1
7857,0,1
7859,1,2
7860,1,1
7861,1,1
7862,1,1
7863,0,1
7865,1,2
7866,1,1
7867,1,1
7868,0,1
7870,1,2
7871,1,1
7872,1,1
7873,0,1
7874,0,1
7876,1,2
7877,1,1
7878,1,1
7879,0,1
7881,1,2
7882,1,1
7883,1,1
7884,1,1
7885,0,1
7887,1,2
7888,1,1
7889,1,1
7890,0,1
7892,1,2
7893,1,1
7894,1,1
7895,1,1
7897,1,2
7898,1,1
7899,1,1
7900,0,1
7901,0,1
7903,1,2
7904,1,1
7905,1,1
7906,0,1
7908,1,2
7909,1,1
7910,1,1
7911,1,1
7913,1,2
7914,1,1
7915,1,1
7916,1,1
7917,0,1
7919,1,2
7920,1,1
7921,1,1
7922,0,1
7924,1,2
7925,1,1
7926,1,1
7927,1,1
7928,0,1
7930,1,2
7931,1,1
7932,1,1
7933,0,1
7935,1,2
7936,1,1
7937,1,1
7938,0,1
7940,1,2
7941,1,1
7942,1,1
7943,1,1
7944,0,1
7946,1,2
7947,1,1
7948,1,1
7949,0,1
7951,1,2
7952,1,1
7953,1,1
7954,1,1
7955,0,1
7957,1,2
7958,1,1
7959,1,1
7960,0,1
7962,1,2
7963,1,1
7964,1,1
7965,1,1
7966,0,1
7968,1,2
7969,1,1
7970,1,1
7971,0,1
7973,1,2
7974,1,1
7975,1,1
7976,0,1
7978,1,2
7979,1,1
7980,1,1
7981,1,1
7982,0,1
7984,1,2
7985,1,1
7986,1,1
7987,0,1
7989,1,2
7990,1,1
7991,1,1
7992,0,1
7994,1,2
7995,1,1
7996,1,1
7997,0,1
7999,1,2
8000,1,1
8001,1,1
8002,0,1
8004,1,2
8005,1,1
8006,1,1
8007,0,1
8009,1,2
8012,3,3
8013,2,1
8015,3,2
8015,2,0
8017,1,2
8019,1,2
8020,1,1
8022,1,2
8023,1,1
8024,0,1
8026,1,2
8028,1,2
8029,1,1
8030,1,1
8032,1,2
8033,1,1
8034,1,1
8036,2,2
8036,0,0
8038,1,2
8039,1,1
8040,1,1
8042,1,2
8044,2,2
8045,2,1
8046,2,1
8047,2,1
8049,2,2
8050,2,1
8051,2,1
8052,2,1
8053,1,1
8054,1,1
8055,1,1
8056,1,1
8058,2,2
8059,1,1
8060,1,1
8061,1,1
8062,0,1
8064,1,2
8065,1,1
8066,1,1
8067,1,1
8068,0,1
8070,1,2
8071,1,1
8072,1,1
8073,0,1
8075,1,2
8076,1,1
8077,1,1
8079,1,2
8080,1,1
8081,1,1
8082,1,1
8083,0,1
8085,1,2
8086,1,1
8087,1,1
8088,0,1
8090,1,2
8091,1,1
8092,1,1
8093,1,1
8095,1,2
8096,1,1
8101,5,5
8102,5,1
8103,4,1
8104,4,1
8105,4,1
8106,3,1
8107,3,1
8108,3,1
8109,3,1
8110,2,1
8111,2,1
8112,2,1
8114,3,2
8115,2,1
8116,2,1
8117,2,1
8118,2,1
8119,1,1
8120,1,1
8121,1,1
8122,1,1
8123,0,1
8125,1,2
8126,1,1
8127,1,1
8129,1,2
8130,1,1
8131,1,1
8132,1,1
8134,1,2
8135,1,1
8136,1,1
8137,1,1
8139,1,2
8140,1,1
8141,1,1
8142,1,1
8143,0,1
8145,1,2
8146,1,1
8147,1,1
8148,1,1
8150,1,2
8151,1,1
8152,1,1
8154,2,2
8155,1,1
8156,1,1
8157,1,1
8158,0,1
8160,1,2
8161,1,1
8162,1,1
8163,0,1
8165,1,2
8166,1,1
8167,0,1
8169,1,2
8170,1,1
8171,1,1
8172,0,1
8174,1,2
8175,1,1
8176,1,1
8178,1,2
8179,1,1
8180,1,1
8182,1,2
8183,1,1
8184,1,1
8185,1,1
8187,1,2
8188,1,1
8189,1,1
8190,0,1
8192,1,2
8193,1,1
8194,1,1
8195,0,1
8197,1,2
8198,1,1
8199,1,1
8201,1,2
8202,1,1
8203,1,1
8204,0,1
8206,1,2
8207,1,1
8208,1,1
8210,1,2
8211,1,1
8212,1,1
8214,1,2
8215,1,1
8216,1,1
8217,1,1
8219,1,2
8220,1,1
8221,1,1
8223,1,2
8224,1,1
8225,1,1
8226,1,1
8228,1,2
8229,1,1
8230,1,1
8231,0,1
8233,1,2
8234,1,1
8235,1,1
8237,1,2
8238,1,1
8239,1,1
8240,0,1
8242,1,2
8243,1,1
8244,1,1
8246,1,2
8247,1,1
8248,1,1
8250,1,2
8251,1,1
8252,1,1
8253,1,1
8255,1,2
8256,1,1
8257,1,1
8259,1,2
8260,1,1
8261,1,1
8262,1,1
8263,0,1
8265,1,2
8266,1,1
8268,1,2
8269,1,1
8270,1,1
8271,1,1
8273,1,2
8274,1,1
8275,1,1
8277,1,2
8278,1,1
8279,1,1
8280,1,1
8282,1,2
8283,1,1
8284,1,1
8285,1,1
8287,1,2
8288,1,1
8289,1,1
8290,1,1
8292,1,2
8293,1,1
8294,1,1
8295,0,1
8297,1,2
8298,1,1
8299,1,1
8300,1,1
8302,1,2
8303,1,1
8304,1,1
8305,1,1
8307,1,2
8308,1,1
8309,1,1
8310,0,1
8312,1,2
8313,1,1
8314,1,1
8316,1,2
8317,1,1
8318,1,1
8320,1,2
8321,1,1
8322,1,1
8323,1,1
8325,1,2
8326,1,1
8327,1,1
8329,2,2
8330,1,1
8331,1,1
8333,2,2
8334,1,1
8335,1,1
8336,1,1
8338,1,2
8339,1,1
8341,2,2
8342,2,1
8343,1,1
8344,1,1
8346,2,2
8347,1,1
8348,1,1
8349,1,1
8351,2,2
8352,1,1
8353,1,1
8354,1,1
8356,2,2
8357,1,1
8358,1,1
8360,2,2
8361,1,1
8362,1,1
8363,1,1
8365,2,2
8366,1,1
8367,1,1
8369,2,2
8370,1,1
8371,1,1
8372,1,1
8373,1,1
8375,1,2
8376,1,1
8377,1,1
8379,1,2
8380,1,1
8381,1,1
8382,1,1
8384,1,2
8385,1,1
8386,1,1
8387,1,1
8389,1,2
8390,1,1
8391,1,1
8392,0,1
8394,1,2
8395,1,1
8396,1,1
8398,1,2
8399,1,1
8400,1,1
8402,1,2
8403,1,1
8404,1,1
8405,1,1
8407,1,2
8408,1,1
8409,1,1
8411,2,2
8412,1,1
8413,1,1
8414,1,1
8416,1,2
8417,1,1
8418,1,1
8419,1,1
8421,1,2
8422,1,1
8423,1,1
8424,1,1
8426,1,2
8427,1,1
8428,1,1
8430,1,2
8431,1,1
8432,1,1
8433,1,1
8435,1,2
8436,1,1
8437,1,1
8439,2,2
8440,1,1
8441,1,1
8442,1,1
8443,0,1
8445,1,2
8446,1,1
8447,1,1
8449,1,2
8450,1,1
8451,1,1
8453,2,2
8454,1,1
8455,1,1
8456,1,1
8458,2,2
8459,1,1
8460,1,1
8463,3,3
8464,2,1
8465,1,1
8466,1,1
8467,1,1
8468,1,1
8470,1,2
8471,1,1
8472,1,1
8474,1,2
8475,1,1
8476,1,1
8477,1,1
8479,1,2
8480,1,1
8481,1,1
8482,0,1
8484,1,2
8485,1,1
8486,1,1
8487,0,1
8489,1,2
8490,1,1
8491,0,1
8493,1,2
8494,1,1
8495,1,1
8496,0,1
8498,1,2
8499,1,1
8500,1,1
8502,1,2
8503,1,1
8504,1,1
8505,0,1
8508,2,3
8509,1,1
8510,1,1
8511,1,1
8512,1,1
8514,1,2
8515,1,1
8516,1,1
8517,1,1
8518,0,1
8520,1,2
8521,1,1
8522,1,1
8523,0,1
8525,1,2
8526,1,1
8527,1,1
8528,1,1
8530,1,2
8531,1,1
8532,1,1
8533,1,1
8534,0,1
8536,1,2
8537,1,1
8538,1,1
8539,0,1
8541,1,2
8542,1,1
8543,1,1
8544,0,1
8546,1,2
8547,1,1
8548,1,1
8549,0,1
8551,1,2
8552,1,1
8553,1,1
8554,1,1
8556,1,2
8557,1,1
8558,1,1
8559,1,1
8560,0,1
8562,1,2
8563,1,1
8564,1,1
8565,0,1
8567,1,2
8568,1,1
8569,1,1
8570,0,1
8572,1,2
8573,1,1
8574,1,1
8575,1,1
8577,1,2
8578,1,1
8579,1,1
8580,1,1
8582,1,2
8583,1,1
8584,1,1
8585,1,1
8587,1,2
8588,1,1
8589,1,1
8590,1,1
8591,0,1
8593,1,2
8594,1,1
8595,1,1
8597,1,2
8598,1,1
8599,0,1
8601,1,2
8603,1,2
8604,1,1
8606,1,2
8607,1,1
8608,1,1
8610,2,2
8611,2,1
8612,1,1
8613,1,1
8614,1,1
8615,1,1
8616,0,1
8618,1,2
8619,1,1
8620,1,1
8621,1,1
8623,1,2
8624,1,1
8625,1,1
8626,1,1
8627,0,1
8629,1,2
8630,1,1
8631,1,1
8633,1,2
8634,1,1
8636,2,2
8637,2,1
8638,1,1
8639,1,1
8640,1,1
8641,1,1
8643,1,2
8644,1,1
8645,1,1
8646,1,1
8648,1,2
8650,2,2
8651,2,1
8652,1,1
8653,1,1
8655,2,2
8656,2,1
8657,1,1
8658,1,1
8659,1,1
8660,1,1
8662,1,2
8663,1,1
8665,1,2
8666,1,1
8667,1,1
8669,1,2
8670,1,1
8671,1,1
8673,1,2
8674,1,1
8675,1,1
8677,1,2
8678,1,1
8679,1,1
8680,0,1
8682,1,2
8683,1,1
8684,1,1
8686,1,2
8687,1,1
8688,1,1
8690,1,2
8691,1,1
8692,1,1
8693,0,1
8695,1,2
8696,1,1
8698,2,2
8699,1,1
8701,1,2
8703,1,2
8705,1,2
8707,1,2
8709,1,2
8710,1,1
8711,1,1
8713,1,2
8715,2,2
8717,3,2
8722,7,5
8723,6,1
8724,6,1
8725,6,1
8726,5,1
8727,5,1
8728,5,1
8729,5,1
8730,4,1
8731,4,1
8732,4,1
8733,4,1
8735,4,2
8736,4,1
8737,4,1
8738,3,1
8738,2,0
8740,3,2
8741,3,1
8741,1,0
8742,1,1
8743,1,1
8744,0,1
8746,1,2
8747,1,1
8748,1,1
8750,1,2
8751,1,1
8753,1,2
8754,1,1
8755,1,1
8757,1,2
8758,1,1
8759,1,1
8761,2,2
8762,2,1
8763,1,1
8765,2,2
8766,2,1
8767,1,1
8768,1,1
8769,1,1
8771,1,2
8772,1,1
8774,2,2
8775,2,1
8776,1,1
8777,1,1
8780,3,3
8781,3,1
8781,1,0
8782,1,1
8783,1,1
8784,1,1
8786,1,2
8787,1,1
8788,1,1
8790,1,2
8791,1,1
8792,1,1
8793,1,1
8795,1,2
8796,1,1
8797,1,1
8799,1,2
8800,1,1
8801,1,1
8802,1,1
8804,1,2
8805,1,1
8806,1,1
8807,1,1
8808,1,1
8810,1,2
8811,1,1
8812,1,1
8814,1,2
8815,1,1
8816,1,1
8817,0,1
8819,1,2
8820,1,1
8821,1,1
8823,1,2
8824,1,1
8825,1,1
8827,1,2
8828,1,1
8829,1,1
8831,1,2
8832,1,1
8833,1,1
8835,1,2
8836,1,1
8837,1,1
8838,1,1
8840,1,2
8841,1,1
8843,2,2
8844,1,1
8845,1,1
8847,2,2
8848,1,1
8849,1,1
8851,2,2
8852,1,1
8853,1,1
8854,1,1
8856,2,2
8857,1,1
8859,2,2
8859,1,0
8860,0,1
8862,1,2
8863,1,1
8864,1,1
8866,1,2
8867,1,1
8868,1,1
8869,1,1
8870,1,1
8872,1,2
8873,1,1
8874,1,1
8876,1,2
8877,1,1
8878,1,1
8879,1,1
8881,1,2
8882,1,1
8883,1,1
8884,0,1
8886,1,2
8887,1,1
8888,1,1
8890,1,2
8891,1,1
8892,1,1
8894,1,2
8895,1,1
8896,1,1
8898,1,2
8899,1,1
8900,1,1
8901,1,1
8903,1,2
8904,1,1
8918,9,14
8919,8,1
8921,9,2
8922,9,1
8923,8,1
8924,8,1
8925,8,1
8931,12,6
8932,10,1
8933,10,1
8934,9,1
8935,8,1
8936,8,1
8937,7,1
8938,6,1
8939,6,1
8940,5,1
8941,5,1
8942,3,1
8943,3,1
8944,2,1
8945,2,1
8946,1,1
8947,1,1
8948,1,1
8950,2,2
8951,1,1
8952,1,1
8954,1,2
8955,1,1
8956,1,1
8958,1,2
8959,1,1
8960,0,1
8962,1,2
8963,1,1
8964,0,1
8966,1,2
8967,1,1
8968,0,1
8970,1,2
8971,1,1
8973,1,2
8977,1,4
8978,1,1
8979,1,1
8980,0,1
8982,1,2
8983,1,1
8984,0,1
8986,1,2
8987,1,1
8988,1,1
8989,1,1
8993,3,4
8994,3,1
8995,3,1
8996,3,1
8997,2,1
8998,2,1
8999,1,1
9000,1,1
9001,1,1
9003,1,2
9004,1,1
9005,1,1
9007,1,2
9008,1,1
9009,1,1
9010,1,1
9012,1,2
9013,1,1
9014,1,1
9015,0,1
9017,1,2
9018,1,1
9019,0,1
9021,1,2
9022,1,1
9023,0,1
9025,1,2
9026,1,1
9027,0,1
9029,1,2
9030,1,1
9031,0,1
9033,1,2
9034,1,1
9035,1,1
9037,1,2
9038,1,1
9039,1,1
9041,1,2
9042,1,1
9043,1,1
9044,0,1
9046,1,2
9047,1,1
9048,0,1
9050,1,2
9051,1,1
9052,0,1
9054,1,2
9055,1,1
9056,0,1
9058,1,2
9059,1,1
9060,0,1
9062,1,2
9063,1,1
9064,0,1
9066,1,2
9067,1,1
9068,0,1
9070,1,2
9071,1,1
9073,1,2
9074,1,1
9075,1,1
9076,0,1
9078,1,2
9079,1,1
9081,2,2
9082,1,1
9083,1,1
9084,1,1
9086,2,2
9087,1,1
9088,1,1
9090,2,2
9091,1,1
9092,1,1
9093,1,1
9095,2,2
9096,1,1
9097,1,1
9098,1,1
9099,1,1
9100,1,1
9102,1,2
9103,1,1
9104,1,1
9105,1,1
9106,0,1
9108,1,2
9109,1,1
9110,1,1
9111,0,1
9113,1,2
9114,1,1
9115,1,1
9117,1,2
9118,1,1
9119,1,1
9120,0,1
9122,1,2
9123,1,1
9125,1,2
9126,1,1
9127,1,1
9129,2,2
9130,1,1
9131,1,1
9133,2,2
9134,1,1
9135,1,1
9137,2,2
9138,2,1
9139,1,1
9140,1,1
9141,1,1
9143,1,2
9144,1,1
9145,1,1
9147,2,2
9148,1,1
9149,1,1
9150,1,1
9152,1,2
9153,1,1
9154,1,1
9155,1,1
9157,1,2
9158,1,1
9159,1,1
9160,0,1
9162,1,2
9163,1,1
9164,1,1
9166,1,2
9167,1,1
9168,1,1
9169,1,1
9171,1,2
9172,1,1
9173,1,1
9175,1,2
9176,1,1
9177,1,1
9179,1,2
9180,1,1
9181,1,1
9182,1,1
9184,1,2
9185,1,1
9186,1,1
9187,1,1
9189,1,2
9190,1,1
9191,1,1
9192,0,1
9194,1,2
9195,1,1
9196,1,1
9198,1,2
9199,1,1
9201,2,2
9202,1,1
9203,1,1
9204,1,1
9206,1,2
9207,1,1
9208,1,1
9209,1,1
9211,1,2
9212,1,1
9213,1,1
9215,2,2
9216,1,1
9217,1,1
9218,1,1
9219,1,1
9221,1,2
9222,1,1
9223,1,1
9224,1,1
9226,1,2
9227,1,1
9228,1,1
9230,1,2
9231,1,1
9232,1,1
9233,1,1
9235,1,2
9236,1,1
9237,1,1
9239,2,2
9240,1,1
9241,1,1
9242,1,1
9243,1,1
9245,1,2
9246,1,1
9247,1,1
9249,1,2
9250,1,1
9251,1,1
9252,1,1
9254,1,2
9255,1,1
9256,1,1
9258,1,2
9259,1,1
9260,1,1
9261,1,1
9263,1,2
9264,1,1
9265,1,1
9267,1,2
9268,1,1
9269,1,1
9270,1,1
9272,1,2
9273,1,1
9274,1,1
9275,1,1
9277,1,2
9278,1,1
9279,1,1
9280,0,1
9282,1,2
9283,1,1
9284,1,1
9286,1,2
9287,1,1
9288,1,1
9290,1,2
9291,1,1
9292,1,1
9293,1,1
9295,1,2
9296,1,1
9297,1,1
9298,1,1
9300,1,2
9301,1,1
9302,1,1
9304,1,2
9305,1,1
9306,1,1
9307,1,1
9309,1,2
9310,1,1
9311,1,1
9312,0,1
9314,1,2
9315,1,1
9316,1,1
9318,1,2
9319,1,1
9320,1,1
9321,1,1
9323,1,2
9324,1,1
9326,2,2
9327,1,1
9328,1,1
9330,1,2
9331,1,1
9333,2,2
9334,2,1
9336,2,2
9337,2,1
9338,1,1
9339,1,1
9341,2,2
9342,1,1
9344,2,2
9346,3,2
9347,2,1
9348,2,1
9349,2,1
9351,3,2
9352,2,1
9353,2,1
9354,2,1
9355,1,1
9356,1,1
9357,1,1
9358,1,1
9360,1,2
9361,1,1
9362,1,1
9364,1,2
9365,1,1
9366,1,1
9369,2,3
9379,6,10
9380,6,1
9381,5,1
9382,5,1
9383,5,1
9384,4,1
9385,4,1
9386,4,1
9387,4,1
9387,2,0
9388,2,1
9389,2,1
9390,2,1
9391,1,1
9392,1,1
9393,1,1
9394,1,1
9395,1,1
9397,1,2
9398,1,1
9399,1,1
9400,1,1
9401,0,1
9403,1,2
9404,1,1
9405,1,1
9406,0,1
9408,1,2
9409,1,1
9410,1,1
9411,0,1
9413,1,2
9414,1,1
9415,1,1
9416,1,1
9418,1,2
9419,1,1
9420,1,1
9421,1,1
9422,0,1
9424,1,2
9425,1,1
9426,1,1
9427,1,1
9428,0,1
9430,1,2
9431,1,1
9432,1,1
9434,1,2
9435,1,1
9436,1,1
9437,1,1
9438,0,1
9440,1,2
9441,1,1
9442,1,1
9443,0,1
9445,1,2
9446,1,1
9447,1,1
9448,1,1
9450,1,2
9451,1,1
9452,1,1
9453,1,1
9455,1,2
9456,1,1
9457,1,1
9458,1,1
9459,0,1
9461,1,2
9462,1,1
9463,1,1
9464,1,1
9466,1,2
9467,1,1
9468,1,1
9469,1,1
9471,1,2
9472,1,1
9473,1,1
9474,1,1
9475,0,1
9477,1,2
9478,1,1
9479,1,1
9480,0,1
9482,1,2
9483,1,1
9484,1,1
9486,1,2
9487,1,1
9488,1,1
9489,1,1
9490,0,1
9492,1,2
9493,1,1
9494,1,1
9495,0,1
9497,1,2
9498,1,1
9499,1,1
9500,0,1
9502,1,2
9503,1,1
9504,1,1
9505,1,1
9507,1,2
9508,1,1
9509,1,1
9511,1,2
9512,1,1
9513,1,1
9514,1,1
9515,0,1
9517,1,2
9518,1,1
9519,1,1
9520,0,1
9522,1,2
9523,1,1
9524,1,1
9525,0,1
9527,1,2
9528,1,1
9529,1,1
9530,0,1
9532,1,2
9533,1,1
9534,1,1
9535,0,1
9537,1,2
9538,1,1
9539,1,1
9540,0,1
9542,1,2
9543,1,1
9544,1,1
9545,0,1
9547,1,2
9548,1,1
9549,1,1
9550,0,1
9552,1,2
9553,1,1
9554,1,1
9555,0,1
9557,1,2
9558,1,1
9559,1,1
9561,1,2
9562,1,1
9563,1,1
9564,1,1
9566,1,2
9567,1,1
9568,1,1
9569,0,1
9571,1,2
9572,1,1
9573,1,1
9574,1,1
9575,0,1
9577,1,2
9578,1,1
9579,1,1
9580,0,1
9582,1,2
9583,1,1
9584,0,1
9586,1,2
9587,1,1
9588,1,1
9589,1,1
9591,1,2
9592,1,1
9593,1,1
9594,1,1
9596,1,2
9597,1,1
9598,1,1
9600,2,2
9601,1,1
9603,2,2
9604,2,1
9605,1,1
9606,1,1
9607,1,1
9609,1,2
9611,2,2
9612,1,1
9613,1,1
9614,1,1
9615,1,1
9617,1,2
9618,1,1
9619,1,1
9621,1,2
9622,1,1
9623,1,1
9624,0,1
9626,1,2
9627,1,1
9629,2,2
9631,2,2
9632,2,1
9633,2,1
9634,1,1
9635,1,1
9636,1,1
9638,1,2
9639,1,1
9640,1,1
9641,1,1
9643,1,2
9644,1,1
9645,1,1
9647,1,2
9648,1,1
9649,1,1
9650,1,1
9652,1,2
9653,1,1
9654,1,1
9656,1,2
9657,1,1
9659,2,2
9660,2,1
9661,1,1
9662,1,1
9663,1,1
9665,1,2
9666,1,1
9667,1,1
9669,1,2
9670,1,1
9671,1,1
9673,1,2
9674,1,1
9675,1,1
9677,2,2
9678,1,1
9679,1,1
9680,1,1
9682,1,2
9683,1,1
9684,1,1
9686,1,2
9687,1,1
9688,1,1
9689,1,1
9691,1,2
9692,1,1
9693,1,1
9694,0,1
9696,1,2
9697,1,1
9698,0,1
9700,1,2
9701,1,1
9702,1,1
9703,0,1
9705,1,2
9706,1,1
9707,1,1
9709,1,2
9711,2,2
9712,2,1
9713,2,1
9715,2,2
9716,1,1
9717,1,1
9719,2,2
9720,1,1
9721,1,1
9722,1,1
9723,1,1
9724,0,1
9726,1,2
9727,1,1
9728,1,1
9730,1,2
9731,1,1
9732,1,1
9733,0,1
9735,1,2
9736,1,1
9737,1,1
9738,0,1
9740,1,2
9741,1,1
9742,1,1
9743,0,1
9745,1,2
9746,1,1
9747,1,1
9749,1,2
9750,1,1
9751,1,1
9752,0,1
9754,1,2
9755,1,1
9756,0,1
9758,1,2
9759,1,1
9760,0,1
9762,1,2
9763,1,1
9765,1,2
9766,1,1
9767,1,1
9768,0,1
9770,1,2
9771,1,1
9772,0,1
9774,1,2
9775,1,1
9776,0,1
9778,1,2
9779,1,1
9780,0,1
9782,1,2
9783,1,1
9784,0,1
9786,1,2
9787,1,1
9788,1,1
9790,1,2
9791,1,1
9792,1,1
9793,0,1
9795,1,2
9796,1,1
9798,2,2
9799,1,1
9800,1,1
9801,1,1
9803,2,2
9804,1,1
9805,1,1
9806,1,1
9807,0,1
9809,1,2
9810,1,1
9811,1,1
9813,1,2
9814,1,1
9815,1,1
9816,0,1
9818,1,2
9819,1,1
9820,1,1
9822,1,2
9823,1,1
9824,1,1
9826,1,2
9827,1,1
9828,1,1
9829,1,1
9831,1,2
9832,1,1
9833,1,1
9834,0,1
9836,1,2
9837,1,1
9838,1,1
9840,1,2
9841,1,1
9842,1,1
9843,0,1
9845,1,2
9846,1,1
9847,1,1
9849,1,2
9850,1,1
9851,1,1
9852,0,1
9854,1,2
9855,1,1
9856,1,1
9858,1,2
9859,1,1
9860,1,1
9861,1,1
9863,1,2
9864,1,1
9865,1,1
9867,1,2
9868,1,1
9869,1,1
9870,1,1
9872,1,2
9873,1,1
9874,1,1
9876,1,2
9877,1,1
9878,1,1
9879,1,1
9881,1,2
9882,1,1
9883,1,1
9884,0,1
9886,1,2
9887,1,1
9888,1,1
9890,1,2
9891,1,1
9892,1,1
9894,1,2
9895,1,1
9896,1,1
9898,2,2
9899,1,1
9900,1,1
9901,1,1
9903,2,2
9904,1,1
9905,1,1
9906,1,1
9908,1,2
9909,1,1
9910,1,1
9911,1,1
9912,0,1
9914,1,2
9915,1,1
9916,1,1
9918,1,2
9919,1,1
9920,1,1
9922,1,2
9924,2,2
9925,2,1
9926,2,1
9928,2,2
9930,2,2
9931,2,1
9933,2,2
9934,2,1
9935,1,1
9936,1,1
9938,2,2
9939,1,1
9940,1,1
9941,1,1
9942,1,1
9944,1,2
9945,1,1
9946,1,1
9947,1,1
9949,1,2
9950,1,1
9951,1,1
9952,0,1
9954,1,2
9955,1,1
9956,1,1
9958,1,2
9959,1,1
9960,1,1
9962,1,2
9963,1,1
9964,1,1
9966,2,2
9967,1,1
9968,1,1
9969,1,1
9971,2,2
9972,1,1
9973,1,1
9974,1,1
9976,1,2
9977,1,1
9978,1,1
9979,1,1
9981,1,2
9982,1,1
9983,1,1
9985,2,2
9986,1,1
9987,1,1
9989,2,2
9990,1,1
9991,1,1
9992,1,1
9994,2,2
9995,1,1
9996,1,1
9997,1,1
9999,2,2
10000,1,1
10001,1,1
10002,1,1
10003,1,1
10005,1,2
10006,1,1
10007,1,1
10009,2,2
10010,1,1
10011,1,1
10012,1,1
10014,2,2
10015,1,1
10016,1,1
10017,1,1
10019,2,2
10020,1,1
10021,1,1
10022,1,1
10024,2,2
10025,2,1
10026,1,1
10028,2,2
10029,2,1
10030,2,1
10031,1,1
10032,1,1
10034,2,2
10035,1,1
10036,1,1
10038,2,2
10039,2,1
10040,1,1
10041,1,1
10043,2,2
10044,1,1
10045,1,1
10047,2,2
10048,2,1
10050,2,2
10052,2,2
10053,1,1
10054,1,1
10055,1,1
10056,1,1
10058,1,2
10059,1,1
10060,1,1
10062,1,2
10063,1,1
10064,1,1
10065,1,1
10066,0,1
10068,1,2
10069,1,1
10070,1,1
10072,1,2
10073,1,1
10074,1,1
10075,1,1
10076,0,1
10078,1,2
10079,1,1
10081,1,2
10082,1,1
10083,1,1
10084,0,1
10086,1,2
10087,1,1
10088,1,1
10090,1,2
10091,1,1
10092,1,1
10094,1,2
10095,1,1
10096,1,1
10097,1,1
10099,1,2
10100,1,1
10101,1,1
10102,0,1
10104,1,2
10105,1,1
10106,0,1
10108,1,2
10109,1,1
10110,1,1
10111,0,1
10113,1,2
10114,1,1
10115,0,1
10117,1,2
10118,1,1
10119,0,1
10121,1,2
10122,1,1
10123,1,1
10125,1,2
10126,1,1
10127,1,1
10128,0,1
10130,1,2
10131,1,1
10133,1,2
10134,1,1
10135,1,1
10136,0,1
10138,1,2
10139,1,1
10140,1,1
10142,1,2
10143,1,1
10144,1,1
10146,1,2
10147,1,1
10148,1,1
10150,1,2
10151,1,1
10152,1,1
10153,0,1
10155,1,2
10156,1,1
10157,0,1
10159,1,2
10160,1,1
10161,1,1
10163,1,2
10164,1,1
10165,1,1
10166,1,1
10168,1,2
10169,1,1
10170,1,1
10171,1,1
10173,1,2
10174,1,1
10175,1,1
10177,2,2
10178,1,1
10179,1,1
10180,1,1
10181,1,1
10183,1,2
10184,1,1
10185,1,1
10186,1,1
10188,1,2
10189,1,1
10190,1,1
10191,1,1
10192,1,1
10194,1,2
10195,1,1
10196,1,1
10197,1,1
10199,1,2
10200,1,1
10201,1,1
10202,1,1
10203,1,1
10204,0,1
10206,1,2
10207,1,1
10208,1,1
10209,0,1
10211,1,2
10212,1,1
10213,1,1
10214,1,1
10215,0,1
10217,1,2
10218,1,1
10219,1,1
10221,1,2
10222,1,1
10223,1,1
10224,1,1
10225,1,1
10227,1,2
10228,1,1
10229,1,1
10230,1,1
10232,1,2
10233,1,1
10234,1,1
10235,1,1
10237,1,2
10238,1,1
10239,1,1
10241,1,2
10243,2,2
10244,2,1
10245,1,1
10246,1,1
10247,1,1
10249,1,2
10250,1,1
10252,1,2
10253,1,1
10254,1,1
10256,1,2
10257,1,1
10259,1,2
10260,1,1
10261,1,1
10262,0,1
10264,1,2
10265,1,1
10266,1,1
10268,1,2
10269,1,1
10270,1,1
10271,0,1
10273,1,2
10274,1,1
10276,2,2
10277,1,1
10278,1,1
10279,1,1
10281,1,2
10282,1,1
10283,1,1
10285,1,2
10286,1,1
10287,1,1
10289,1,2
10290,1,1
10291,1,1
10292,0,1
10294,1,2
10295,1,1
10297,1,2
10298,1,1
10299,1,1
10300,0,1
10302,1,2
10303,1,1
10304,0,1
10306,1,2
10307,1,1
10308,0,1
10310,1,2
10311,1,1
10312,0,1
10314,1,2
10315,1,1
10316,0,1
10318,1,2
10319,1,1
10320,0,1
10322,1,2
10323,1,1
10325,1,2
10326,1,1
10327,1,1
10328,0,1
10330,1,2
10331,1,1
10333,1,2
10334,1,1
10335,1,1
10336,0,1
10338,1,2
10339,1,1
10340,0,1
10342,1,2
10343,1,1
10344,0,1
10346,1,2
10347,1,1
10348,0,1
10350,1,2
10351,1,1
10352,0,1
10354,1,2
10355,1,1
10356,0,1
10358,1,2
10359,1,1
10360,0,1
10362,1,2
10363,1,1
10364,0,1
10366,1,2
10367,1,1
10369,1,2
10370,1,1
10371,1,1
10372,0,1
10374,1,2
10375,1,1
10376,0,1
10378,1,2
10379,1,1
10381,1,2
10382,1,1
10383,1,1
10385,1,2
10386,1,1
10387,0,1
10389,1,2
10390,1,1
10391,1,1
10393,1,2
10394,1,1
10395,1,1
10396,0,1
10398,1,2
10399,1,1
10400,1,1
10402,1,2
10403,1,1
10404,1,1
10405,0,1
10407,1,2
10408,1,1
10409,1,1
10411,1,2
10412,1,1
10413,1,1
10414,0,1
10416,1,2
10417,1,1
10418,1,1
10419,0,1
10421,1,2
10422,1,1
10423,1,1
10425,1,2
10426,1,1
10427,1,1
10428,0,1
10430,1,2
10431,1,1
10432,1,1
10434,1,2
10435,1,1
10436,1,1
10437,0,1
10439,1,2
10440,1,1
10441,1,1
10443,1,2
10444,1,1
10445,1,1
10446,0,1
10448,1,2
10449,1,1
10450,1,1
10452,1,2
10453,1,1
10454,1,1
10455,0,1
10457,1,2
10458,1,1
10459,1,1
10460,0,1
10462,1,2
10463,1,1
10464,1,1
10466,1,2
10467,1,1
10468,1,1
10469,0,1
10471,1,2
10472,1,1
10473,1,1
10475,1,2
10476,1,1
10477,1,1
10479,1,2
10480,1,1
10481,1,1
10482,1,1
10484,1,2
10485,1,1
10486,1,1
10487,0,1
10489,1,2
10490,1,1
10491,1,1
10492,0,1
10494,1,2
10495,1,1
10496,0,1
10498,1,2
10499,1,1
10500,1,1
10501,0,1
10503,1,2
10504,1,1
10505,1,1
10506,0,1
10508,1,2
10509,1,1
10510,1,1
10511,0,1
10513,1,2
10514,1,1
10515,1,1
10516,0,1
10518,1,2
10519,1,1
10520,1,1
10521,1,1
10523,1,2
10524,1,1
10525,1,1
10526,1,1
10528,1,2
10529,1,1
10530,1,1
10531,1,1
10533,1,2
10534,1,1
10535,1,1
10536,1,1
10538,1,2
10539,1,1
10540,1,1
10541,1,1
10542,0,1
10544,1,2
10545,1,1
10546,1,1
10547,0,1
10549,1,2
10550,1,1
10551,1,1
10552,0,1
10554,1,2
10555,1,1
10556,1,1
10557,1,1
10559,1,2
10560,1,1
10561,1,1
10562,1,1
10564,1,2
10565,1,1
10566,1,1
10567,1,1
10569,1,2
10570,1,1
10571,1,1
10572,1,1
10574,1,2
10575,1,1
10576,1,1
10577,1,1
10579,1,2
10580,1,1
10581,1,1
10582,1,1
10583,0,1
10585,1,2
10586,1,1
10587,1,1
10588,0,1
10590,1,2
10591,1,1
10592,1,1
10594,1,2
10595,1,1
10596,1,1
10598,2,2
10599,1,1
10600,1,1
10601,1,1
10602,1,1
10603,1,1
10605,1,2
10606,1,1
10607,1,1
10608,1,1
10610,1,2
10611,1,1
10612,1,1
10613,1,1
10615,1,2
10616,1,1
10617,1,1
10618,0,1
10620,1,2
10621,1,1
10622,1,1
10623,0,1
10625,1,2
10626,1,1
10627,1,1
10628,0,1
10630,1,2
10631,1,1
10632,1,1
10634,1,2
10635,1,1
10636,1,1
10638,1,2
10639,1,1
10640,1,1
10641,0,1
10643,1,2
10644,1,1
10645,0,1
10647,1,2
10648,1,1
10649,1,1
10651,1,2
10652,1,1
10653,1,1
10655,1,2
10656,1,1
10657,1,1
10659,1,2
10660,1,1
10661,1,1
10662,1,1
10664,1,2
10665,1,1
10666,1,1
10667,1,1
10669,1,2
10670,1,1
10671,1,1
10672,1,1
10674,1,2
10675,1,1
10676,1,1
10677,1,1
10679,1,2
10680,1,1
10681,1,1
10682,1,1
10684,1,2
10685,1,1
10686,1,1
10687,1,1
10688,1,1
10690,1,2
10691,1,1
10692,1,1
10693,1,1
10695,1,2
10696,1,1
10697,1,1
10698,1,1
10700,1,2
10701,1,1
10702,1,1
10704,1,2
10705,1,1
10706,1,1
10707,1,1
10709,1,2
10710,1,1
10711,1,1
10712,1,1
10714,1,2
10719,5,5
10720,5,1
10721,5,1
10722,4,1
10723,4,1
10724,4,1
10725,3,1
10726,3,1
10727,3,1
10728,3,1
10729,2,1
10730,2,1
10732,3,2
10733,3,1
10734,2,1
10735,2,1
10736,2,1
10737,1,1
10738,1,1
10739,1,1
10740,1,1
10742,1,2
10743,1,1
10744,1,1
10745,0,1
10747,1,2
10748,1,1
10749,1,1
10751,1,2
10752,1,1
10753,1,1
10754,0,1
10756,1,2
10757,1,1
10758,1,1
10760,1,2
10761,1,1
10762,1,1
10763,1,1
10765,1,2
10766,1,1
10767,1,1
10768,0,1
10770,1,2
10771,1,1
10772,1,1
10774,1,2
10775,1,1
10776,1,1
10778,1,2
10779,1,1
10780,1,1
10781,1,1
10783,1,2
10784,1,1
10785,1,1
10786,0,1
10788,1,2
10789,1,1
10790,1,1
10791,0,1
10793,1,2
10794,1,1
10795,1,1
10797,1,2
10798,1,1
10799,1,1
10800,0,1
10802,1,2
10803,1,1
10804,1,1
10806,1,2
10808,2,2
10809,2,1
10810,1,1
10811,1,1
10812,1,1
10813,1,1
10815,1,2
10816,1,1
10817,1,1
10819,1,2
10820,1,1
10821,1,1
10822,1,1
10824,1,2
10825,1,1
10826,1,1
10827,0,1
10829,1,2
10830,1,1
10831,1,1
10833,1,2
10834,1,1
10835,1,1
10837,1,2
10838,1,1
10839,1,1
10840,1,1
10842,1,2
10843,1,1
10844,1,1
10845,0,1
10847,1,2
10848,1,1
10849,1,1
10851,1,2
10852,1,1
10853,1,1
10855,2,2
10856,1,1
10857,1,1
10858,1,1
10860,1,2
10861,1,1
10862,1,1
10863,1,1
10865,1,2
10866,1,1
10867,1,1
10869,1,2
10870,1,1
10871,1,1
10872,1,1
10874,1,2
10875,1,1
10876,1,1
10878,1,2
10879,1,1
10880,1,1
10881,1,1
10883,1,2
10884,1,1
10885,1,1
10886,1,1
10888,1,2
10889,1,1
10890,1,1
10891,1,1
10893,1,2
10894,1,1
10895,1,1
10896,0,1
10898,1,2
10899,1,1
10900,1,1
10902,1,2
10903,1,1
10904,1,1
10906,1,2
10907,1,1
10908,1,1
10909,1,1
10910,0,1
10912,1,2
10913,1,1
10914,1,1
10916,1,2
10917,1,1
10918,1,1
10920,1,2
10921,1,1
10922,1,1
10923,1,1
10925,1,2
10926,1,1
10927,1,1
10929,1,2
10930,1,1
10931,1,1
10932,1,1
10934,1,2
10935,1,1
10936,1,1
10937,0,1
10939,1,2
10940,1,1
10941,1,1
10943,1,2
10944,1,1
10945,1,1
10947,1,2
10948,1,1
10949,1,1
10950,1,1
10952,1,2
10953,1,1
10954,1,1
10955,1,1
10957,1,2
10958,1,1
10959,1,1
10961,1,2
10962,1,1
10963,1,1
10964,1,1
10966,1,2
10967,1,1
10968,1,1
10970,1,2
10971,1,1
10972,1,1
10973,1,1
10975,1,2
10976,1,1
10977,1,1
10979,1,2
10980,1,1
10981,1,1
10982,1,1
10984,1,2
10985,1,1
10986,1,1
10987,0,1
10989,1,2
10990,1,1
10991,1,1
10993,1,2
10994,1,1
10995,1,1
10996,1,1
10998,1,2
10999,1,1
11000,1,1
11002,1,2
11003,1,1
11004,1,1
11005,1,1
11007,1,2
11008,1,1
11009,1,1
11011,1,2
11012,1,1
11013,1,1
11015,1,2
11016,1,1
11017,1,1
11019,1,2
11020,1,1
11021,1,1
11022,1,1
11024,1,2
11025,1,1
11026,1,1
11028,1,2
11029,1,1
11030,1,1
11032,2,2
11033,1,1
11034,1,1
11035,1,1
11037,2,2
11038,1,1
11039,1,1
11040,1,1
11042,1,2
11043,1,1
11044,1,1
11046,2,2
11047,1,1
11048,1,1
11050,2,2
11051,1,1
11052,1,1
11053,1,1
11055,2,2
11056,1,1
11057,1,1
11058,1,1
11059,1,1
11061,1,2
11062,1,1
11063,1,1
11064,0,1
11066,1,2
11067,1,1
11068,1,1
11073,4,5
11074,1,1
11075,1,1
11076,0,1
11078,1,2
11079,1,1
11080,1,1
11082,1,2
11083,1,1
11084,1,1
11085,0,1
11087,1,2
11088,1,1
11089,1,1
11091,1,2
11092,1,1
11093,1,1
11094,1,1
11096,1,2
11097,1,1
11098,1,1
11099,0,1
11101,1,2
11102,1,1
11103,1,1
11104,0,1
11106,1,2
11107,1,1
11108,0,1
11110,1,2
11111,1,1
11112,1,1
11114,1,2
11115,1,1
11116,1,1
11117,1,1
11119,1,2
11120,1,1
11121,1,1
11122,0,1
11124,1,2
11125,1,1
11126,1,1
11128,1,2
11129,1,1
11130,1,1
11131,0,1
11133,1,2
11134,1,1
11135,1,1
11136,0,1
11138,1,2
11139,1,1
11140,1,1
11142,1,2
11143,1,1
11144,1,1
11145,1,1
11147,1,2
11148,1,1
11149,1,1
11150,1,1
11152,1,2
11153,1,1
11154,1,1
11155,0,1
11157,1,2
11158,1,1
11159,1,1
11161,1,2
11162,1,1
11163,1,1
11165,1,2
11166,1,1
11167,1,1
11168,0,1
11170,1,2
11171,1,1
11172,1,1
11174,1,2
11175,1,1
11176,1,1
11177,1,1
11179,1,2
11180,1,1
11181,1,1
11183,1,2
11184,1,1
11185,1,1
11187,2,2
11188,1,1
11189,1,1
11190,1,1
11191,1,1
11193,1,2
11194,1,1
11195,1,1
11196,0,1
11198,1,2
11199,1,1
11200,1,1
11202,1,2
11203,1,1
11204,1,1
11205,0,1
11207,1,2
11208,1,1
11209,1,1
11210,0,1
11212,1,2
11213,1,1
11214,1,1
11216,1,2
11217,1,1
11218,1,1
11219,1,1
11220,0,1
11222,1,2
11223,1,1
11224,0,1
11226,1,2
11227,1,1
11228,1,1
11230,1,2
11231,1,1
11232,1,1
11233,0,1
11235,1,2
11236,1,1
11237,1,1
11238,0,1
11240,1,2
11241,1,1
11242,1,1
11243,0,1
11245,1,2
11246,1,1
11247,1,1
11248,0,1
11250,1,2
11251,1,1
11252,0,1
11254,1,2
11255,1,1
11256,1,1
11258,1,2
11259,1,1
11261,2,2
11262,2,1
11263,1,1
11264,1,1
11265,1,1
11267,1,2
11268,1,1
11269,1,1
11270,1,1
11272,1,2
11273,1,1
11274,1,1
11275,1,1
11277,1,2
11278,1,1
11279,1,1
11280,0,1
11282,1,2
11283,1,1
11284,1,1
11286,1,2
11287,1,1
11288,1,1
11290,1,2
11291,1,1
11292,1,1
11293,1,1
11295,1,2
11296,1,1
11297,1,1
11299,1,2
11300,1,1
11301,1,1
11302,1,1
11303,0,1
11305,1,2
11306,1,1
11307,1,1
11308,0,1
11310,1,2
11311,1,1
11312,1,1
11313,0,1
11315,1,2
11316,1,1
11317,1,1
11318,0,1
11320,1,2
11321,1,1
11322,1,1
11324,1,2
11325,1,1
11326,1,1
11327,1,1
11328,0,1
11330,1,2
11331,1,1
11332,1,1
11334,1,2
11335,1,1
11336,1,1
11337,1,1
11338,0,1
11340,1,2
11341,1,1
11342,1,1
11343,0,1
11345,1,2
11346,1,1
11347,1,1
11348,1,1
11350,1,2
11351,1,1
11352,1,1
11353,1,1
11355,1,2
11356,1,1
11357,1,1
11358,1,1
11360,1,2
11361,1,1
11362,1,1
11363,1,1
11365,1,2
11366,1,1
11367,1,1
11368,1,1
11370,1,2
11371,1,1
11372,1,1
11373,1,1
11375,1,2
11376,1,1
11377,1,1
11378,1,1
11380,1,2
11381,1,1
11382,1,1
11383,1,1
11385,1,2
11386,1,1
11387,1,1
11388,1,1
11390,1,2
11391,1,1
11392,1,1
11393,1,1
11395,1,2
11396,1,1
11397,1,1
11398,1,1
11400,1,2
11401,1,1
11402,1,1
11403,1,1
11405,1,2
11406,1,1
11407,1,1
11408,1,1
11410,1,2
11411,1,1
11412,1,1
11413,1,1
11415,1,2
11416,1,1
11417,1,1
11418,1,1
11420,1,2
11421,1,1
11422,1,1
11423,1,1
11424,0,1
11426,1,2
11427,1,1
11428,1,1
11433,4,5
11434,4,1
11435,4,1
11436,4,1
11437,3,1
11438,3,1
11439,3,1
11440,2,1
11441,2,1
11441,1,0
11443,2,2
11444,1,1
11445,1,1
11446,1,1
11447,1,1
11449,1,2
11450,1,1
11451,1,1
11453,1,2
11454,1,1
11455,1,1
11456,1,1
11458,1,2
11459,1,1
11460,1,1
11462,1,2
11463,1,1
11464,1,1
11466,1,2
11467,1,1
11469,1,2
11470,1,1
11471,1,1
11473,1,2
11474,1,1
11476,1,2
11477,1,1
11479,1,2
11480,1,1
11482,1,2
11483,1,1
11484,1,1
11486,1,2
11487,1,1
11488,1,1
11489,1,1
11491,1,2
11492,1,1
11493,1,1
11494,1,1
11496,1,2
11497,0,1
11499,1,2
11501,1,2
11502,1,1
11503,1,1
11505,1,2
11506,1,1
11507,1,1
11509,1,2
11510,1,1
11511,1,1
11513,1,2
11514,1,1
11515,1,1
11517,1,2
11518,1,1
11519,1,1
11521,1,2
11522,1,1
11523,1,1
11524,1,1
11526,1,2
11527,1,1
11528,1,1
11529,0,1
11531,1,2
11532,1,1
11533,1,1
11535,1,2
11536,1,1
11537,1,1
11538,1,1
11540,1,2
11541,1,1
11542,1,1
11543,1,1
11545,1,2
11546,1,1
11547,1,1
11548,0,1
11550,1,2
11551,1,1
11552,1,1
11553,0,1
11555,1,2
11556,1,1
11557,1,1
11559,1,2
11560,1,1
11561,1,1
11562,0,1
11564,1,2
11565,1,1
11566,1,1
11568,1,2
11569,1,1
11570,1,1
11571,1,1
11573,1,2
11574,1,1
11575,1,1
11576,0,1
11578,1,2
11579,1,1
11580,1,1
11582,1,2
11583,1,1
11584,1,1
11586,1,2
11587,1,1
11588,1,1
11589,1,1
11591,1,2
11592,1,1
11593,1,1
11594,1,1
11596,1,2
11597,1,1
11598,1,1
11599,1,1
11601,1,2
11602,1,1
11603,1,1
11604,0,1
11606,1,2
11607,1,1
11608,1,1
11610,1,2
11611,1,1
11612,1,1
11614,2,2
11615,1,1
11616,1,1
11617,1,1
11619,1,2
11620,1,1
11621,1,1
11623,2,2
11624,1,1
11625,1,1
11626,1,1
11627,1,1
11629,1,2
11630,1,1
11631,1,1
11632,0,1
11634,1,2
11635,1,1
11636,1,1
11638,1,2
11639,1,1
11640,1,1
11641,1,1
11643,1,2
11644,1,1
11645,1,1
11646,0,1
11648,1,2
11649,1,1
11650,1,1
11651,0,1
11653,1,2
11654,1,1
11655,1,1
11657,1,2
11658,1,1
11659,1,1
11661,1,2
11662,1,1
11663,1,1
11664,1,1
11666,1,2
11667,1,1
11668,1,1
11670,1,2
11671,1,1
11672,1,1
11673,1,1
11675,1,2
11676,1,1
11677,1,1
11678,1,1
11680,1,2
11681,1,1
11682,1,1
11683,0,1
11685,1,2
11686,1,1
11687,1,1
11689,1,2
11690,1,1
11691,1,1
11693,1,2
11694,1,1
11695,1,1
11696,1,1
11698,1,2
11699,1,1
11700,1,1
11702,1,2
11703,1,1
11704,1,1
11706,2,2
11707,1,1
11708,1,1
11709,1,1
11711,2,2
11712,1,1
11713,1,1
11715,2,2
11716,1,1
11718,2,2
11719,2,1
11720,2,1
11721,1,1
11722,1,1
11723,1,1
11725,1,2
11726,1,1
11727,1,1
11728,1,1
11729,0,1
11731,1,2
11732,1,1
11733,1,1
11735,1,2
11736,1,1
11737,1,1
11738,0,1
11740,1,2
11741,1,1
11742,1,1
11743,0,1
11745,1,2
11746,1,1
11747,1,1
11749,1,2
11750,1,1
11751,1,1
11752,0,1
11754,1,2
11755,1,1
11756,1,1
11757,0,1
11759,1,2
11760,1,1
11761,0,1
11763,1,2
11764,1,1
11765,1,1
11766,0,1
11768,1,2
11769,1,1
11770,1,1
11771,0,1
11773,1,2
11774,1,1
11775,1,1
11776,0,1
11778,1,2
11779,1,1
11780,1,1
11782,1,2
11783,1,1
11784,1,1
11785,0,1
11787,1,2
11788,1,1
11789,1,1
11790,0,1
11792,1,2
11793,1,1
11794,1,1
11795,0,1
11797,1,2
11798,1,1
11799,1,1
11800,0,1
11802,1,2
11803,1,1
11804,1,1
11806,1,2
11807,1,1
11808,1,1
11809,0,1
11811,1,2
11812,1,1
11813,1,1
11814,0,1
11816,1,2
11817,1,1
11818,1,1
11819,0,1
11821,1,2
11822,1,1
11823,1,1
11824,0,1
11826,1,2
11827,1,1
11828,1,1
11829,0,1
11831,1,2
11832,1,1
11833,1,1
11835,1,2
11836,1,1
11837,1,1
11838,1,1
11840,1,2
11841,1,1
11842,1,1
11843,0,1
11845,1,2
11846,1,1
11847,1,1
11848,0,1
11850,1,2
11851,1,1
11852,1,1
11854,1,2
11855,1,1
11856,1,1
11857,1,1
11858,0,1
11860,1,2
11861,1,1
11862,1,1
11863,0,1
11865,1,2
11866,1,1
11867,1,1
11868,0,1
11870,1,2
11871,1,1
11872,1,1
11873,0,1
11875,1,2
11876,1,1
11877,1,1
11878,0,1
11880,1,2
11881,1,1
11882,1,1
11883,0,1
11885,1,2
11886,1,1
11887,1,1
11888,0,1
11890,1,2
11891,1,1
11892,1,1
11893,0,1
11895,1,2
11896,1,1
11897,1,1
11898,0,1
11900,1,2
11901,1,1
11902,1,1
11903,1,1
11904,0,1
11906,1,2
11907,1,1
11908,1,1
11909,0,1
11910,0,1
11912,1,2
11913,1,1
11914,0,1
11916,1,2
11917,1,1
11918,1,1
11919,0,1
11921,1,2
11922,1,1
11923,0,1
11925,1,2
11926,1,1
11927,1,1
11929,1,2
11930,1,1
11931,1,1
11932,1,1
11934,1,2
11935,1,1
11936,1,1
11937,0,1
11939,1,2
11940,1,1
11941,1,1
11943,1,2
11944,1,1
11945,1,1
11946,0,1
11948,1,2
11949,1,1
11950,1,1
11952,1,2
11953,1,1
11954,1,1
11955,0,1
11957,1,2
11958,1,1
11959,1,1
11961,1,2
11962,1,1
11963,1,1
11964,1,1
11965,0,1
11967,1,2
11968,1,1
11969,1,1
11970,0,1
11972,1,2
11973,1,1
11974,1,1
11975,1,1
11976,0,1
11978,1,2
11979,1,1
11980,1,1
11981,0,1
11982,0,1
11984,1,2
11985,1,1
11986,1,1
11987,0,1
11989,1,2
11990,1,1
11991,1,1
11992,1,1
11993,0,1
11995,1,2
11996,1,1
11997,1,1
11998,1,1
11999,0,1
12001,1,2
12002,1,1
12003,1,1
12004,0,1
12005,0,1
12007,1,2
12008,1,1
12009,1,1
12010,0,1
12011,0,1
12013,1,2
12014,1,1
12015,1,1
12016,0,1
12017,0,1
12019,1,2
12020,1,1
12021,1,1
12022,0,1
12024,1,2
12025,1,1
12026,1,1
12027,1,1
12028,0,1
12030,1,2
12031,1,1
12032,1,1
12033,0,1
12034,0,1
12036,1,2
12037,1,1
12038,1,1
12039,0,1
12040,0,1
12042,1,2
12043,1,1
12044,1,1
12045,0,1
12047,1,2
12048,1,1
12049,1,1
12050,1,1
12051,0,1
12053,1,2
12054,1,1
12055,1,1
12056,0,1
12058,1,2
12059,1,1
12060,0,1
12062,1,2
12063,1,1
12064,1,1
12065,0,1
12067,1,2
12068,1,1
12069,0,1
12071,1,2
12072,1,1
12073,1,1
12074,0,1
12076,1,2
12077,1,1
12078,1,1
12079,0,1
12081,1,2
12082,1,1
12083,0,1
12085,1,2
12086,1,1
12087,1,1
12088,0,1
12090,1,2
12091,1,1
12092,0,1
12094,1,2
12095,1,1
12096,1,1
12098,1,2
12099,1,1
12100,1,1
12101,0,1
12103,1,2
12104,1,1
12105,1,1
12107,1,2
12108,1,1
12109,1,1
12110,0,1
12112,1,2
12113,1,1
12114,1,1
12115,0,1
12117,1,2
12118,1,1
12119,0,1
12121,1,2
12122,1,1
12123,1,1
12124,0,1
12126,1,2
12127,1,1
12128,1,1
12130,1,2
12131,1,1
12132,1,1
12133,0,1
12135,1,2
12136,1,1
12137,1,1
12139,1,2
12140,1,1
12141,1,1
12142,0,1
12144,1,2
12145,1,1
12146,1,1
12148,1,2
12149,1,1
12150,1,1
12151,0,1
12153,1,2
12154,1,1
12155,1,1
12156,0,1
12158,1,2
12159,1,1
12160,0,1
12162,1,2
12163,1,1
12164,1,1
12166,1,2
12167,1,1
12168,1,1
12169,0,1
12171,1,2
12172,1,1
12174,1,2
12175,1,1
12176,1,1
12177,1,1
12178,0,1
12180,1,2
12181,1,1
12182,1,1
12183,1,1
12185,1,2
12186,1,1
12187,1,1
12189,1,2
12190,1,1
12191,1,1
12193,1,2
12194,1,1
12195,1,1
12196,1,1
12197,0,1
12199,1,2
12200,1,1
12201,1,1
12203,1,2
12204,1,1
12205,1,1
12206,1,1
12207,0,1
12209,1,2
12210,1,1
12211,1,1
12212,0,1
12214,1,2
12215,1,1
12216,1,1
12218,1,2
12219,1,1
12220,1,1
12222,1,2
12223,1,1
12224,1,1
12225,1,1
12227,1,2
12228,1,1
12229,1,1
12230,1,1
12232,1,2
12233,1,1
12234,1,1
12235,0,1
12237,1,2
12238,1,1
12239,1,1
12240,0,1
12242,1,2
12243,1,1
12244,1,1
12245,1,1
12247,1,2
12248,1,1
12249,1,1
12250,0,1
12252,1,2
12253,1,1
12254,1,1
12256,1,2
12257,1,1
12258,1,1
12259,1,1
12261,1,2
12262,1,1
12263,1,1
12264,0,1
12266,1,2
12267,1,1
12268,1,1
12269,1,1
12271,1,2
12272,1,1
12273,1,1
12274,1,1
12276,1,2
12277,1,1
12278,1,1
12279,0,1
12281,1,2
12282,1,1
12283,1,1
12284,1,1
12286,1,2
12287,1,1
12288,1,1
12289,0,1
12291,1,2
12292,1,1
12293,1,1
12295,1,2
12296,1,1
12297,1,1
12299,2,2
12300,1,1
12301,1,1
12302,0,1
12304,1,2
12305,1,1
12307,1,2
12308,1,1
12309,1,1
12311,1,2
12312,1,1
12313,1,1
12314,1,1
12316,1,2
12317,1,1
12318,1,1
12320,1,2
12321,1,1
12322,1,1
12324,1,2
12325,1,1
12326,1,1
12327,1,1
12329,1,2
12330,1,1
12331,1,1
12333,1,2
12334,1,1
12335,1,1
12337,1,2
12338,1,1
12339,1,1
12340,1,1
12342,1,2
12343,1,1
12344,1,1
12346,1,2
12347,1,1
12348,1,1
12350,1,2
12351,1,1
12352,1,1
12353,0,1
12355,1,2
12356,1,1
12357,1,1
12359,1,2
12360,1,1
12361,1,1
12363,1,2
12364,1,1
12365,1,1
12366,0,1
12368,1,2
12369,1,1
12370,1,1
12372,1,2
12373,1,1
12374,1,1
12376,1,2
12377,1,1
12378,1,1
12379,1,1
12380,0,1
12382,1,2
12383,1,1
12384,0,1
12386,1,2
12387,1,1
12388,1,1
12389,0,1
12391,1,2
12392,1,1
12393,1,1
12395,1,2
12396,1,1
12397,1,1
12398,0,1
12400,1,2
12401,1,1
12402,1,1
12404,1,2
12405,1,1
12406,1,1
12407,0,1
12409,1,2
12410,1,1
12411,1,1
12412,0,1
12414,1,2
12415,1,1
12416,0,1
12418,1,2
12419,1,1
12420,1,1
12422,1,2
12423,1,1
12424,1,1
12425,0,1
12427,1,2
12428,1,1
12429,1,1
12431,1,2
12432,1,1
12433,1,1
12434,1,1
12436,1,2
12437,1,1
12438,1,1
12439,0,1
12441,1,2
12442,1,1
12443,1,1
12444,0,1
12446,1,2
12447,1,1
12448,0,1
12450,1,2
12451,1,1
12452,1,1
12453,0,1
12455,1,2
12456,1,1
12457,0,1
12459,1,2
12460,1,1
12461,1,1
12462,0,1
12464,1,2
12465,1,1
12466,1,1
12468,1,2
12469,1,1
12470,1,1
12472,1,2
12473,1,1
12474,1,1
12475,1,1
12476,0,1
12478,1,2
12479,1,1
12480,0,1
12482,1,2
12483,1,1
12484,1,1
12486,1,2
12487,1,1
12488,1,1
12489,1,1
12491,1,2
12492,1,1
12493,1,1
12495,1,2
12496,1,1
12497,1,1
12498,1,1
12500,1,2
12501,1,1
12502,1,1
12503,1,1
12505,1,2
12506,1,1
12507,1,1
12508,1,1
12510,1,2
12511,1,1
12512,1,1
12513,1,1
12515,1,2
12516,1,1
12517,1,1
12518,1,1
12520,1,2
12521,1,1
12522,1,1
12523,1,1
12524,0,1
12526,1,2
12527,1,1
12528,1,1
12530,1,2
12531,1,1
12532,1,1
12533,1,1
12535,1,2
12536,1,1
12537,1,1
12538,1,1
12540,1,2
12541,1,1
12542,1,1
12543,0,1
12545,1,2
12546,1,1
12547,1,1
12549,1,2
12550,1,1
12551,1,1
12552,1,1
12554,1,2
12555,1,1
12556,1,1
12557,0,1
12559,1,2
12560,1,1
12561,1,1
12563,1,2
12564,1,1
12565,1,1
12566,1,1
12568,1,2
12569,1,1
12570,1,1
12572,1,2
12573,1,1
12574,1,1
12575,1,1
12577,1,2
12578,1,1
12579,1,1
12580,0,1
12582,1,2
12583,1,1
12584,1,1
12585,0,1
12587,1,2
12588,1,1
12589,1,1
12591,1,2
12592,1,1
12593,1,1
12594,0,1
12596,1,2
12597,1,1
12598,1,1
12600,1,2
12601,1,1
12602,1,1
12603,0,1
12605,1,2
12606,1,1
12607,1,1
12609,1,2
12610,1,1
12611,1,1
12612,0,1
12614,1,2
12615,1,1
12616,1,1
12618,1,2
12619,1,1
12620,1,1
12621,0,1
12623,1,2
12624,1,1
12625,1,1
12627,1,2
12628,1,1
12629,1,1
12630,1,1
12632,1,2
12633,1,1
12634,1,1
12635,0,1
12637,1,2
12638,1,1
12639,1,1
12641,1,2
12642,1,1
12643,1,1
12644,0,1
12646,1,2
12647,1,1
12648,1,1
12650,1,2
12651,1,1
12652,1,1
12653,0,1
12655,1,2
12656,1,1
12657,1,1
12659,1,2
12660,1,1
12661,1,1
12662,0,1
12664,1,2
12665,1,1
12666,1,1
12668,1,2
12669,1,1
12670,1,1
12671,1,1
12673,1,2
12674,1,1
12675,1,1
12676,0,1
12678,1,2
12679,1,1
12680,1,1
12682,1,2
12683,1,1
12684,1,1
12685,0,1
12687,1,2
12688,1,1
12689,1,1
12691,1,2
12692,1,1
12693,1,1
12694,1,1
12696,1,2
12697,1,1
12698,1,1
12699,0,1
12701,1,2
12702,1,1
12703,1,1
12705,1,2
12706,1,1
12707,1,1
12709,1,2
12710,1,1
12711,1,1
12712,1,1
12714,1,2
12718,4,4
12719,4,1
12720,3,1
12721,3,1
12723,4,2
12723,3,0
12724,2,1
12725,2,1
12726,2,1
12727,2,1
12728,1,1
12729,1,1
12730,1,1
12731,0,1
12733,1,2
12734,1,1
12735,1,1
12737,1,2
12738,1,1
12739,1,1
12741,1,2
12742,1,1
12743,1,1
12744,1,1
12746,1,2
12747,1,1
12748,1,1
12749,1,1
12751,1,2
12752,1,1
12753,1,1
12755,1,2
12756,1,1
12757,1,1
12758,1,1
12760,1,2
12761,1,1
12762,1,1
12764,1,2
12765,1,1
12766,1,1
12767,1,1
12769,1,2
12770,1,1
12771,1,1
12772,0,1
12774,1,2
12775,1,1
12776,1,1
12777,0,1
12779,1,2
12780,1,1
12781,0,1
12783,1,2
12784,1,1
12785,1,1
12787,1,2
12788,1,1
12789,1,1
12790,1,1
12792,1,2
12793,1,1
12794,1,1
12795,0,1
12797,1,2
12798,1,1
12799,1,1
12804,4,5
12806,1,2
12807,1,1
12808,1,1
12810,1,2
12811,1,1
12812,1,1
12813,1,1
12815,1,2
12816,1,1
12817,1,1
12818,0,1
12820,1,2
12821,1,1
12822,1,1
12824,1,2
12825,1,1
12826,1,1
12827,1,1
12829,1,2
12830,1,1
12831,1,1
12832,1,1
12834,1,2
12835,1,1
12836,1,1
12838,1,2
12839,1,1
12840,1,1
12841,1,1
12843,1,2
12844,1,1
12845,1,1
12847,1,2
12848,1,1
12849,1,1
12850,1,1
12852,1,2
12853,1,1
12854,1,1
12855,0,1
12857,1,2
12858,1,1
12859,1,1
12860,0,1
12862,1,2
12863,1,1
12864,0,1
12866,1,2
12867,1,1
12868,1,1
12870,1,2
12871,1,1
12872,1,1
12873,1,1
12875,1,2
12876,1,1
12877,1,1
12878,0,1
12880,1,2
12881,1,1
12882,1,1
12883,0,1
12885,1,2
12886,1,1
12887,0,1
12889,1,2
12890,1,1
12891,1,1
12893,1,2
12894,1,1
12895,1,1
12896,0,1
12898,1,2
12899,1,1
12900,1,1
12901,0,1
12903,1,2
12904,1,1
12905,1,1
12906,0,1
12908,1,2
12909,1,1
12911,1,2
12912,1,1
12913,1,1
12914,1,1
12916,1,2
12917,1,1
12918,1,1
12919,0,1
12921,1,2
12922,1,1
12923,1,1
12924,0,1
12926,1,2
12927,1,1
12928,1,1
12930,1,2
12931,1,1
12932,1,1
12934,1,2
12935,1,1
12936,1,1
12937,1,1
12939,1,2
12940,1,1
12941,1,1
12942,0,1
12944,1,2
12945,1,1
12946,1,1
12948,1,2
12949,1,1
12950,1,1
12951,0,1
12953,1,2
12954,1,1
12955,1,1
12957,1,2
12958,1,1
12959,1,1
12960,0,1
12962,1,2
12963,1,1
12964,1,1
12966,1,2
12967,1,1
12968,1,1
12969,1,1
12971,1,2
12972,1,1
12973,1,1
12975,1,2
12976,1,1
12978,2,2
12979,2,1
12980,1,1
12981,1,1
12982,1,1
12983,0,1
12985,1,2
12986,1,1
12987,1,1
12989,1,2
12990,1,1
12991,1,1
12992,0,1
12994,1,2
12995,1,1
12996,1,1
12998,1,2
12999,1,1
13000,1,1
13002,1,2
13006,4,4
13007,4,1
13008,4,1
13008,2,0
13009,2,1
13011,3,2
13012,2,1
13013,2,1
13014,2,1
13015,2,1
13016,1,1
13017,1,1
13018,1,1
13019,1,1
13021,2,2
13022,1,1
13023,1,1
13024,1,1
13026,1,2
13027,1,1
13030,3,3
13032,4,2
13033,3,1
13034,3,1
13035,3,1
13036,3,1
13037,2,1
13038,2,1
13040,3,2
13040,2,0
13041,1,1
13042,1,1
13043,1,1
13044,1,1
13046,1,2
13047,1,1
13048,1,1
13057,8,9
13058,8,1
13059,8,1
13060,8,1
13063,9,3
13064,7,1
13065,7,1
13066,6,1
13067,6,1
13068,6,1
13069,6,1
13070,5,1
13071,5,1
13072,4,1
13072,3,0
13073,3,1
13074,3,1
13075,2,1
13076,2,1
13077,2,1
13077,1,0
13078,0,1
13080,1,2
13081,1,1
13082,1,1
13083,1,1
13084,0,1
13086,1,2
13087,1,1
13088,1,1
13089,0,1
13091,1,2
13092,1,1
13093,1,1
13094,1,1
13096,1,2
13099,3,3
13100,3,1
13101,2,1
13102,2,1
13103,2,1
13104,2,1
13105,1,1
13106,1,1
13108,2,2
13109,2,1
13110,1,1
13111,1,1
13112,1,1
13114,2,2
13115,1,1
13116,1,1
13117,1,1
13118,1,1
13120,2,2
13121,1,1
13122,1,1
13123,1,1
13124,1,1
13126,2,2
13127,1,1
13128,1,1
13129,1,1
13131,2,2
13132,2,1
13133,1,1
13134,1,1
13135,1,1
13137,2,2
13138,1,1
13139,1,1
13140,1,1
13141,1,1
13142,0,1
13144,1,2
13145,1,1
13146,1,1
13148,1,2
13149,1,1
13150,1,1
13151,1,1
13153,1,2
13154,1,1
13155,1,1
13156,0,1
13158,1,2
13159,1,1
13160,1,1
13161,0,1
13163,1,2
13164,1,1
13165,0,1
13167,1,2
13168,1,1
13169,1,1
13171,1,2
13172,1,1
13173,1,1
13174,1,1
13176,1,2
13177,1,1
13178,1,1
13180,1,2
13181,1,1
13182,1,1
13183,1,1
13184,0,1
13186,1,2
13187,1,1
13188,0,1
13190,1,2
13191,1,1
13192,0,1
13194,1,2
13195,1,1
13196,1,1
13197,0,1
13199,1,2
13200,1,1
13201,1,1
13203,1,2
13204,1,1
13205,1,1
