time (ms)
0
8
14
19
25
31
36
42
47
53
58
68
74
80
86
91
97
103
109
115
121
127
132
138
143
149
155
160
166
172
177
183
189
195
201
207
213
219
225
232
237
243
249
254
260
265
272
277
283
289
294
300
305
312
318
324
330
336
343
349
355
361
368
374
380
386
392
398
403
409
414
420
425
431
437
442
448
453
459
465
470
476
482
487
493
498
504
510
515
521
526
532
537
543
548
554
559
565
570
576
581
587
592
598
603
609
614
620
626
631
636
642
647
653
659
664
670
675
681
686
692
697
703
709
714
720
726
732
737
743
749
754
760
765
771
776
782
787
793
798
804
809
815
820
826
831
837
842
848
853
859
864
870
875
881
886
891
897
902
908
913
919
924
930
935
941
946
952
957
963
968
974
979
985
990
996
1001
1008
1013
1018
1024
1030
1035
1041
1046
1051
1057
1063
1069
1075
1080
1086
1091
1097
1103
1108
1114
1119
1125
1130
1135
1140
1146
1151
1156
1162
1167
1173
1178
1183
1189
1194
1200
1205
1210
1215
1221
1226
1231
1237
1243
1248
1253
1259
1265
1270
1275
1281
1286
1291
1297
1302
1307
1313
1318
1324
1330
1336
1341
1347
1352
1357
1363
1368
1374
1379
1385
1390
1395
1401
1407
1413
1419
1424
1430
1436
1442
1447
1453
1458
1464
1469
1474
1480
1485
1490
1496
1501
1506
1512
1517
1522
1528
1534
1539
1545
1551
1557
1562
1568
1574
1579
1585
1590
1596
1601
1607
1612
1617
1623
1628
1634
1639
1644
1650
1655
1661
1666
1671
1677
1682
1688
1693
1698
1704
1710
1715
1721
1726
1732
1737
1743
1748
1754
1759
1765
1770
1776
1781
1787
1793
1798
1803
1809
1814
1820
1825
1830
1836
1841
1847
1852
1857
1863
1869
1875
1881
1886
1891
1898
1904
1910
1915
1921
1926
1932
1937
1943
1948
1953
1959
1965
1970
1975
1981
1986
1992
1997
2003
2008
2014
2019
2025
2030
2035
2041
2046
2052
2057
2063
2068
2074
2079
2085
2090
2095
2101
2106
2112
2118
2123
2129
2135
2155
2161
2167
2172
2178
2183
2189
2195
2201
2207
2213
2218
2223
2229
2234
2239
2245
2250
2255
2261
2266
2271
2277
2282
2288
2293
2298
2304
2309
2315
2320
2325
2331
2336
2342
2347
2352
2358
2363
2368
2374
2379
2385
2390
2396
2401
2407
2412
2417
2423
2428
2434
2439
2445
2450
2456
2461
2466
2472
2478
2484
2490
2496
2502
2508
2513
2518
2524
2529
2535
2540
2545
2551
2556
2562
2567
2573
2578
2583
2589
2594
2600
2605
2610
2616
2621
2627
2632
2638
2644
2649
2655
2660
2666
2671
2676
2682
2687
2693
2698
2703
2709
2714
2719
2725
2730
2736
2741
2746
2752
2758
2763
2768
2774
2779
2785
2790
2796
2801
2806
2812
2817
2823
2828
2834
2839
2844
2850
2855
2861
2867
2872
2878
2883
2889
2894
2899
2905
2910
2915
2921
2926
2931
2937
2942
2947
2953
2958
2963
2969
2974
2980
2985
2990
2996
3001
3006
3012
3017
3022
3028
3033
3039
3044
3050
3055
3061
3066
3072
3077
3082
3088
3093
3099
3104
3110
3115
3121
3126
3132
3137
3143
3148
3154
3159
3165
3170
3175
3181
3186
3191
3197
3202
3207
3213
3218
3223
3229
3234
3239
3245
3250
3256
3261
3266
3272
3277
3282
3288
3293
3298
3304
3309
3314
3320
3325
3330
3336
3341
3347
3352
3357
3363
3368
3373
3379
3384
3389
3395
3400
3405
3411
3416
3422
3427
3432
3438
3443
3448
3454
3459
3465
3470
3476
3482
3487
3492
3498
3503
3509
3514
3519
3525
3530
3535
3541
3546
3552
3557
3563
3568
3573
3579
3584
3589
3595
3600
3605
3611
3616
3622
3627
3632
3638
3643
3649
3654
3660
3665
3671
3676
3682
3687
3692
3698
3703
3709
3714
3720
3725
3731
3736
3742
3747
3752
3758
3763
3768
3774
3779
3785
3790
3795
3801
3806
3811
3817
3822
3827
3833
3838
3843
3849
3854
3859
3865
3870
3875
3881
3886
3892
3898
3904
3910
3916
3922
3927
3932
3938
3943
3948
3954
3959
3964
3970
3975
3980
3986
3991
3996
4002
4007
4012
4018
4023
4028
4034
4039
4044
4050
4055
4060
4066
4071
4076
4082
4087
4092
4098
4103
4108
4114
4119
4125
4130
4135
4141
4146
4151
4157
4162
4167
4172
4178
4183
4188
4194
4200
4206
4211
4217
4222
4227
4233
4238
4244
4249
4255
4260
4266
4271
4277
4282
4288
4293
4299
4305
4310
4316
4321
4327
4332
4338
4343
4349
4354
4360
4365
4371
4376
4382
4387
4393
4398
4404
4409
4415
4421
4426
4432
4437
4443
4448
4454
4459
4465
4470
4476
4481
4487
4492
4498
4503
4509
4514
4520
4525
4531
4537
4542
4548
4553
4559
4564
4569
4575
4580
4586
4591
4596
4602
4607
4612
4618
4623
4628
4634
4639
4644
4650
4655
4660
4666
4671
4676
4682
4687
4692
4698
4703
4709
4714
4719
4725
4730
4736
4741
4746
4752
4757
4763
4768
4773
4779
4784
4789
4795
4800
4805
4811
4816
4821
4827
4832
4838
4843
4848
4854
4859
4865
4870
4875
4881
4886
4891
4897
4902
4908
4913
4918
4924
4929
4934
4940
4945
4951
4956
4961
4967
4972
4978
4983
4988
4994
5000
5005
5010
5016
5021
5026
5032
5037
5042
5048
5053
5059
5064
5069
5075
5080
5086
5091
5096
5102
5107
5113
5119
5125
5130
5135
5141
5146
5152
5157
5162
5168
5173
5178
5184
5189
5194
5200
5205
5211
5216
5221
5227
5232
5237
5243
5248
5254
5259
5264
5270
5275
5280
5286
5291
5296
5302
5307
5312
5318
5323
5328
5334
5340
5345
5351
5356
5362
5368
5373
5379
5384
5390
5395
5401
5406
5412
5418
5423
5429
5434
5440
5445
5451
5456
5462
5467
5473
5478
5484
5489
5495
5500
5506
5511
5517
5522
5528
5533
5539
5545
5550
5556
5561
5567
5572
5578
5583
5589
5594
5600
5605
5611
5617
5622
5628
5633
5639
5645
5650
5656
5661
5667
5673
5678
5684
5690
5695
5701
5706
5712
5717
5723
5729
5734
5740
5745
5751
5756
5762
5768
5773
5779
5784
5790
5795
5801
5806
5812
5817
5822
5828
5833
5838
5844
5849
5854
5860
5865
5870
5876
5881
5886
5892
5897
5902
5908
5913
5919
5924
5930
5935
5941
5946
5951
5957
5962
5967
5973
5978
5984
5989
5994
6000
6005
6011
6016
6021
6027
6032
6037
6043
6048
6053
6059
6064
6070
6075
6080
6086
6091
6096
6102
6107
6113
6118
6123
6129
6134
6140
6145
6151
6156
6161
6167
6172
6177
6183
6188
6194
6199
6204
6210
6215
6220
6226
6231
6236
6242
6247
6253
6258
6263
6269
6274
6280
6285
6290
6296
6301
6306
6312
6317
6322
6328
6333
6338
6344
6349
6354
6360
6365
6370
6376
6381
6386
6392
6397
6402
6408
6413
6418
6424
6429
6434
6440
6445
6450
6456
6461
6466
6472
6477
6482
6488
6493
6498
6504
6509
6514
6520
6525
6530
6536
6541
6546
6552
6557
6562
6568
6573
6578
6584
6589
6594
6600
6605
6610
6616
6621
6626
6632
6637
6643
6648
6653
6659
6664
6669
6675
6680
6685
6691
6696
6702
6708
6713
6719
6724
6729
6735
6740
6745
6751
6756
6762
6767
6772
6778
6783
6788
6794
6799
6804
6810
6815
6820
6826
6831
6837
6842
6847
6853
6858
6863
6869
6875
6880
6886
6891
6896
6902
6907
6912
6918
6923
6928
6934
6939
6945
6950
6955
6961
6966
6971
6977
6982
6987
6993
6998
7003
7009
7015
7020
7025
7030
7036
7041
7046
7052
7057
7063
7068
7073
7079
7084
7089
7095
7100
7105
7111
7116
7122
7127
7132
7138
7143
7149
7154
7159
7165
7170
7175
7181
7186
7191
7197
7202
7208
7213
7218
7224
7230
7235
7240
7246
7251
7256
7262
7267
7272
7279
7284
7289
7295
7300
7305
7311
7316
7321
7327
7332
7338
7343
7348
7354
7360
7365
7370
7376
7381
7386
7392
7397
7402
7408
7413
7418
7424
7429
7434
7440
7445
7450
7456
7461
7466
7472
7477
7482
7488
7493
7498
7504
7509
7514
7520
7525
7530
7536
7541
7546
7552
7557
7562
7568
7573
7578
7584
7589
7594
7600
7605
7610
7616
7621
7626
7632
7637
7642
7648
7653
7658
7664
7669
7674
7680
7685
7690
7696
7701
7706
7712
7717
7722
7728
7733
7738
7744
7749
7754
7760
7765
7770
7776
7781
7786
7791
7797
7802
7807
7814
7819
7825
7830
7836
7841
7847
7852
7858
7863
7869
7874
7880
7885
7890
7896
7901
7907
7912
7918
7923
7929
7934
7940
7945
7951
7956
7962
7967
7973
7978
7984
7989
7995
8000
8006
8011
8017
8022
8028
8033
8039
8044
8050
8055
8061
8066
8072
8078
8083
8089
8094
8100
8105
8111
8116
8122
8127
8133
8138
8144
8149
8155
8160
8166
8171
8177
8183
8188
8194
8199
8205
8210
8216
8221
8227
8232
8238
8243
8249
8254
8260
8265
8271
8276
8282
8287
8293
8298
8304
8310
8315
8321
8326
8332
8337
8343
8348
8354
8359
8365
8370
8376
8381
8387
8392
8398
8403
8409
8415
8420
8426
8431
8437
8442
8448
8453
8459
8464
8470
8475
8481
8486
8492
8497
8503
8508
8514
8519
8525
8531
8536
8542
8547
8553
8558
8564
8569
8575
8580
8587
8592
8598
8603
8608
8614
8619
8624
8630
8635
8640
8646
8651
8656
8662
8667
8672
8678
8683
8688
8694
8699
8704
8710
8715
8720
8726
8731
8736
8742
8747
8752
8758
8763
8768
8774
8779
8784
8790
8795
8800
8806
8811
8816
8822
8827
8832
8838
8843
8851
8856
8862
8867
8872
8878
8883
8888
8894
8899
8904
8910
8915
8920
8926
8931
8936
8942
8947
8952
8958
8963
8968
8974
8979
8984
8990
8995
9000
9006
9011
9016
9022
9027
9032
9038
9043
9048
9054
9059
9064
9070
9075
9080
9086
9091
9096
9102
9107
9112
9118
9123
9128
9134
9139
9144
9150
9155
9160
9166
9171
9176
9182
9187
9192
9198
9203
9208
9214
9219
9224
9230
9236
9242
9248
9254
9259
9264
9270
9275
9280
9286
9291
9296
9302
9307
9312
9318
9323
9328
9334
9339
9344
9350
9355
9360
9366
9371
9376
9382
9387
9392
9398
9403
9408
9414
9419
9424
9430
9435
9440
9446
9451
9456
9462
9467
9472
9478
9483
9488
9494
9499
9504
9510
9515
9520
9526
9531
9536
9542
9547
9552
9558
9563
9569
9574
9580
9586
9592
9598
9603
9608
9614
9619
9624
9630
9635
9640
9645
9651
9656
9661
9666
9672
9677
9682
9688
9693
9698
9704
9709
9714
9720
9725
9730
9736
9742
9747
9752
9758
9763
9768
9774
9779
9785
9790
9795
9801
9806
9811
9817
9822
9827
9833
9838
9843
9849
9854
9859
9865
9870
9875
9881
9886
9891
9897
9902
9908
9913
9918
9924
9929
9934
9940
9945
9951
9956
9961
9967
9972
9977
9983
9988
9993
9999
10004
10009
10015
10020
10025
10031
10036
10041
10047
10052
10057
10063
10068
10073
10079
10084
10090
10095
10100
10106
10111
10116
10122
10127
10132
10138
10143
10148
10154
10159
10164
10169
10175
10180
10186
10191
10196
10202
10207
10212
10218
10223
10228
10234
10239
10244
10250
10255
10260
10266
10271
10276
10282
10287
10292
10298
10303
10308
10314
10319
10324
10330
10335
10340
10346
10351
10356
10362
10367
10372
10378
10383
10388
10394
10399
10404
10410
10415
10420
10426
10431
10436
10442
10447
10452
10458
10463
10468
10474
10479
10484
10490
10495
10500
10506
10511
10516
10522
10527
10532
10538
10543
10548
10554
10559
10564
10570
10575
10580
10585
10591
10596
10602
10607
10612
10618
10623
10628
10634
10639
10644
10650
10655
10660
10666
10671
10676
10682
10687
10692
10698
10703
10708
10714
10719
10724
10730
10735
10740
10746
10751
10756
10762
10767
10772
10778
10784
10790
10796
10801
10806
10812
10817
10822
10827
10833
10838
10844
10849
10854
10860
10865
10871
10876
10882
10887
10892
10898
10903
10908
10914
10919
10924
10930
10935
10940
10946
10951
10956
10961
10967
10972
10978
10983
10988
10994
10999
11004
11010
11015
11020
11026
11031
11036
11042
11047
11052
11058
11063
11069
11074
11079
11085
11090
11095
11101
11106
11111
11117
11122
11128
11133
11138
11144
11149
11155
11160
11165
11171
11176
11182
11187
11192
11198
11203
11208
11214
11219
11225
11230
11236
11241
11246
11252
11257
11263
11268
11274
11279
11285
11290
11296
11301
11307
11312
11318
11323
11329
11334
11339
11345
11350
11356
11361
11367
11372
11378
11383
11389
11394
11399
11405
11410
11416
11421
11427
11432
11438
11443
11449
11454
11460
11465
11471
11476
11482
11488
11493
11499
11504
11510
11515
11521
11526
11532
11537
11543
11548
11554
11559
11565
11570
11576
11581
11587
11592
11598
11603
11609
11614
11620
11625
11631
11636
11642
11647
11653
11658
11664
11669
11675
11680
11686
11691
11697
11702
11708
11713
11719
11724
11730
11735
11741
11746
11752
11757
11763
11768
11774
11779
11785
11791
11796
11802
11807
11813
11818
11824
11829
11835
11840
11846
11851
11857
11863
11869
11875
11882
11887
11892
11898
11903
11908
11914
11919
11924
11930
11935
11940
11946
11951
11956
11961
11967
11972
11977
11982
11988
11993
11998
12004
12009
12014
12020
12025
12030
12036
12041
12046
12052
12057
12062
12067
12073
12078
12083
12089
12094
12099
12105
12110
12115
12121
12126
12131
12137
12142
12147
12152
12158
12163
12169
12174
12179
12184
12190
12195
12201
12206
12211
12217
12222
12227
12232
12238
12243
12248
12254
12259
12264
12270
12275
12280
12286
12291
12296
12302
12307
12312
12318
12323
12328
12334
12339
12344
12350
12355
12360
12366
12371
12376
12382
12387
12392
12398
12403
12408
12414
12419
12424
12430
12435
12440
12446
12451
12456
12462
12467
12472
12477
12483
12488
12493
12499
12504
12509
12515
12520
12525
12531
12536
12541
12547
12552
12557
12563
12568
12573
12579
12584
12589
12595
12600
12605
12611
12616
12621
12627
12632
12637
12643
12648
12653
12659
12664
12669
12675
12680
12685
12691
12696
12701
12707
12712
12717
12723
12728
12734
12739
12744
12750
12755
12760
12766
12771
12776
12782
12787
12792
12798
12803
12809
12814
12819
12825
12830
12835
12841
12846
12851
12857
12863
12868
12873
12878
12884
12889
12895
12900
12905
12910
12916
12921
12926
12932
12937
12942
12948
12953
12958
12964
12969
12974
12980
12985
12991
12996
13001
13007
13012
13018
13023
13028
13034
13039
13044
13050
13055
13060
13066
13071
13076
13082
13087
13092
13098
13103
13108
13114
13119
13124
13130
13135
13140
13146
13151
13156
13162
13167
13172
13178
13183
13188
13194
13199
13204
13210
13215
13220
13226
13231
13236
13242
13247
13252
13258
13263
13268
13274
13279
13284
13289
13295
13300
13306
13311
13316
13322
13327
13332
13337
13343
13348
13353
13359
13364
13370
13375
13380
13386
13391
13396
13402
13407
13412
13418
13423
13428
13434
13439
13444
13450
13455
13460
13466
13471
13476
13482
13487
13492
13498
13503
13508
13514
13519
13524
13530
13535
13540
13546
13551
13556
13562
13567
13572
13578
13583
13588
13594
13599
13604
13610
13615
13620
13625
13631
13636
13641
13647
13652
13658
13663
13668
13674
13679
13684
13690
13695
13700
13706
13711
13716
13722
13727
13732
13738
13743
13748
13754
13759
13764
13770
13775
13780
13785
13791
13796
13801
13806
13812
13817
13822
13828
13833
13838
13844
13849
13855
13860
13866
13871
13876
13882
13887
13893
13898
13904
13912
13918
13923
13929
13934
13939
13945
13950
13955
13961
13966
13971
13977
13982
13987
13993
13998
14003
14009
14014
14019
14025
14030
14035
14041
14047
14053
14059
14065
14071
14077
14083
14089
14095
14100
14106
14111
14117
14122
14127
14133
14138
14143
14149
14154
14160
14165
14170
14176
14181
14187
14192
14198
14203
14209
14214
14220
14225
14231
14236
14242
14247
14253
14258
14263
14269
14274
14279
14287
14292
14298
14303
14308
14314
14319
14324
14330
14335
14340
14346
14351
14356
14362
14367
14372
14378
14383
14389
14394
14399
14405
14410
14415
14421
14426
14431
14437
14442
14447
14453
14458
14463
14469
14474
14479
14485
14490
14495
14500
14506
14511
14516
14522
14527
14532
14538
14543
14549
14554
14559
14565
14570
14575
14581
14588
14594
14599
14605
14611
14617
14622
14627
14634
14639
14644
14650
14655
14660
14666
14671
14676
14682
14687
14692
14698
14703
14708
14714
14719
14724
14730
14735
14740
14746
14751
14756
14762
14767
14772
14777
14783
14788
14793
14799
14804
14810
14815
14820
14826
14831
14836
14842
14848
14853
14858
14864
14869
14874
14880
14885
14890
14895
14901
14906
14911
14917
14922
14927
14933
14938
14943
14948
14954
14962
14968
14974
14983
14988
14994
14999
15005
15010
15016
15021
15026
15032
15037
15043
15048
15054
15059
15064
15070
15076
15081
15086
15092
15097
15102
15108
15113
15118
15123
15129
15134
15139
15145
15150
15155
15160
15166
15171
15176
15182
15187
15192
15198
15203
15208
15214
15219
15224
15230
15235
15240
15246
15251
15256
15262
15267
15272
15277
15283
15288
15293
15299
15304
15309
15315
15320
15325
15331
15337
15342
15347
15353
15358
15363
15369
15374
15380
15385
15390
15395
15401
15406
15411
15417
15422
15427
15432
15438
15443
15448
15453
15459
15464
15469
15474
15480
15485
15490
15495
15501
15506
15511
15516
15522
15527
15532
15537
15543
15548
15553
15559
15564
15569
15574
15580
15585
15590
15596
15601
15606
15612
15617
15622
15628
15633
15638
15644
15649
15654
15659
15665
15670
15675
15681
15686
15691
15697
15702
15707
15712
15718
15723
15728
15734
15739
15745
15750
15755
15761
15766
15771
15777
15782
15787
15792
15798
15803
15809
15814
15819
15824
15830
15835
15840
15846
15851
15856
15862
15867
15872
15878
15883
15888
15894
15899
15904
15910
15915
15920
15926
15931
15936
15942
15947
15952
15957
15963
15968
15973
15979
15984
15989
15995
16000
16005
16011
16016
16021
16027
16032
16037
16043
16048
16053
16059
16064
16069
16074
16080
16085
16090
16095
16101
16106
16111
16116
16122
16127
16132
16137
16143
16148
16153
16158
16164
16169
16174
16180
16185
16190
16195
16201
16206
16211
16217
16222
16227
16232
16238
16243
16248
16254
16259
16264
16270
16275
16280
16286
16291
16296
16302
16307
16312
16317
16323
16328
16333
16339
16344
16349
16355
16360
16365
16371
16376
16381
16387
16392
16397
16402
16408
16413
16418
16424
16429
16434
16440
16445
16450
16456
16461
16466
16472
16477
16482
16487
16493
16498
16503
16509
16514
16519
16525
16530
16535
16541
16546
16551
16556
16562
16567
16572
16578
16583
16588
16594
16599
16604
16610
16615
16620
16626
16631
16636
16642
16647
16652
16657
16663
16668
16673
16679
16684
16689
16695
16700
16705
16711
16716
16721
16727
16733
16738
16743
16748
16754
16759
16764
16770
16775
16780
16786
16791
16796
16802
16807
16812
16818
16823
16828
16834
16839
16844
16850
16855
16860
16865
16871
16876
16881
16887
16892
16897
16903
16908
16913
16919
16924
16929
16934
16940
16945
16950
16956
16961
16966
16972
16977
16982
16988
16993
16998
17003
17009
17014
17019
17025
17030
17035
17041
17046
17051
17056
17062
17067
17072
17077
17083
17088
17093
17099
17104
17109
17114
17120
17125
17130
17136
17141
17146
17151
17157
17162
17167
17173
17178
17183
17188
17194
17199
17204
17210
17215
17220
17226
17231
17236
17241
17247
17252
17257
17263
17268
17273
17279
17284
17289
17295
17300
17305
17311
17316
17321
17327
17332
17337
17342
17348
17353
17358
17364
17369
17374
17380
17385
17390
17396
17401
17406
17411
17417
17422
17427
17433
17438
17443
17449
17454
17459
17465
17470
17475
17481
17486
17491
17497
17502
17507
17513
17518
17523
17529
17534
17539
17544
17550
17555
17560
17566
17571
17576
17582
17587
17592
17597
17603
17608
17613
17619
17624
17629
17635
17640
17645
17650
17656
17661
17666
17672
17677
17683
17688
17694
17699
17704
17710
17715
17720
17726
17731
17737
17742
17748
17753
17759
17764
17769
17775
17780
17786
17791
17797
17802
17808
17813
17819
17824
17829
17835
17840
17845
17851
17856
17861
17867
17872
17877
17883
17888
17893
17899
17904
17909
17914
17920
17925
17930
17936
17941
17946
17952
17957
17962
17967
17973
17978
17983
17989
17994
17999
18005
18010
18015
18020
18026
18031
18036
18042
18048
18054
18060
18066
18072
18078
18084
18090
18096
18102
18108
18114
18120
18126
18131
18137
18143
18149
18155
18160
18166
18171
18176
18182
18187
18192
18198
18203
18208
18213
18219
18224
18229
18235
18240
18245
18251
18256
18261
18267
18272
18277
18283
18289
18295
18302
18308
18314
18320
18326
18332
18338
18344
18350
18355
18361
18366
18371
18377
18382
18387
18392
18398
18403
18408
18414
18419
18424
18430
18435
18440
18446
18451
18456
18461
18467
18472
18477
18483
18488
18493
18499
18504
18509
18515
18520
18525
18531
18536
18541
18546
18552
18557
18562
18568
18573
18578
18584
18589
18594
18599
18605
18610
18615
18621
18626
18631
18636
18642
18647
18652
18658
18663
18668
18674
18679
18684
18690
18695
18700
18706
18711
18716
18722
18727
18732
18738
18743
18748
18753
18759
18764
18769
18775
18780
18785
18791
18796
18801
18807
18812
18817
18823
18828
18833
18838
18844
18849
18854
18860
18865
18870
18876
18881
18886
18891
18897
18902
18907
18913
18918
18923
18929
18934
18939
18944
18950
18955
18960
18966
18971
18976
18982
18987
18992
18998
19003
19008
19014
19019
19024
19029
19035
19040
19045
19051
19056
19061
19067
19072
19077
19083
19088
19093
19098
19104
19109
19114
19120
19125
19130
19136
19141
19146
19152
19157
19162
19167
19173
19178
19183
19189
19194
19199
19205
19210
19215
19221
19226
19231
19237
19242
19247
19253
19258
19263
19268
19274
19279
19284
19290
19295
19300
19306
19311
19316
19322
19327
19332
19338
19343
19348
19353
19359
19364
19369
19375
19380
19385
19391
19397
19402
19408
19414
19420
19426
19432
19438
19444
19450
19456
19461
19466
19471
19477
19482
19487
19493
19498
19503
19509
19514
19519
19525
19530
19535
19540
19546
19551
19556
19562
19567
19572
19578
19583
19588
19593
19599
19604
19609
19615
19620
19625
19631
19636
19641
19647
19652
19657
19663
19668
19673
19679
19684
19689
19694
19700
19705
19710
19716
19721
19726
19731
19737
19742
19747
19753
19758
19763
19769
19774
19779
19784
19790
19795
19800
19806
19811
19816
19821
19827
19832
19837
19842
19848
19853
19858
19863
19869
19874
19879
19884
19890
19895
19900
19905
19910
19916
19921
19926
19931
19937
19942
19947
19952
19958
19963
19968
19974
19979
19984
19990
19995
20000
20005
20011
20016
20021
20027
20032
20037
20043
20048
20053
20059
20064
20069
20074
20080
20085
20090
20096
20101
20106
20112
20117
20123
20128
20134
20139
20144
20149
20155
20160
20165
20171
20176
20181
20187
20192
20197
20202
20208
20213
20218
20224
20229
20234
20239
20245
20250
20255
20261
20266
20271
20276
20282
20287
20292
20298
20303
20308
20314
20319
20324
20330
20335
20340
20345
20351
20356
20361
20367
20372
20377
20383
20388
20393
20399
20404
20409
20414
20420
20425
20430
20436
20441
20446
20452
20457
20462
20468
20473
20478
20484
20489
20494
20500
20505
20510
20516
20521
20526
20532
20537
20542
20547
20553
20558
20563
20569
20574
20579
20585
20590
20595
20600
20606
20611
20616
20622
20627
20632
20638
20643
20648
20653
20659
20664
20669
20675
20680
20685
20691
20696
20701
20707
20712
20717
20722
20728
20733
20738
20744
20749
20754
20760
20765
20770
20775
20781
20786
20791
20797
20802
20807
20812
20818
20823
20828
20834
20839
20844
20850
20855
20860
20866
20871
20876
20882
20887
20892
20898
20903
20908
20914
20919
20924
20929
20935
20940
20945
20951
20956
20961
20967
20972
20977
20983
20988
20994
20999
21004
21009
21015
21020
21026
21031
21036
21041
21047
21052
21058
21063
21068
21074
21079
21084
21090
21095
21100
21105
21111
21116
21121
21127
21132
21137
21143
21148
21153
21158
21164
21169
21174
21180
21185
21190
21195
21201
21206
21211
21217
21222
21227
21232
21238
21243
21248
21253
21259
21264
21269
21275
21280
21285
21291
21296
21301
21306
21312
21317
21322
21328
21333
21338
21343
21349
21354
21359
21365
21370
21375
21380
21386
21391
21396
21402
21407
21412
21418
21423
21428
21433
21439
21444
21449
21455
21460
21465
21470
21476
21481
21486
21491
21497
21502
21507
21513
21518
21523
21528
21534
21539
21544
21549
21554
21559
21565
21570
21575
21580
21585
21591
21596
21601
21606
21611
21616
21621
21627
21632
21637
21642
21647
21652
21658
21663
21668
21673
21678
21684
21689
21694
21699
21704
21709
21715
21720
21725
21730
21735
21741
21746
21751
21756
21761
21767
21772
21777
21782
21787
21793
21798
21804
21809
21814
21819
21824
21830
21835
21840
21845
21850
21855
21861
21866
21871
21876
21882
21887
21892
21897
21902
21908
21913
21918
21923
21928
21933
21939
21944
21949
21954
21959
21965
21970
21975
21980
21985
21991
21996
22001
22006
22011
22017
22022
22027
22032
22038
22043
22048
22054
22059
22064
22070
22075
22080
22086
22091
22096
22102
22107
22112
22117
22123
22128
22133
22139
22144
22150
22155
22161
22166
22172
22177
22183
22188
22194
22199
22205
22210
22216
22221
22227
22232
22238
22243
22249
22254
22259
22264
22270
22275
22280
22286
22291
22296
22302
22307
22312
22318
22323
22328
22333
22339
22344
22349
22355
22360
22365
22371
22376
22381
22387
22392
22397
22403
22408
22413
22419
22424
22429
22435
22440
22445
22450
22456
22461
22466
22472
22477
22482
22488
22493
22498
22504
22509
22514
22520
22525
22530
22535
22541
22546
22551
22557
22562
22567
22573
22578
22583
22588
22594
22599
22604
22610
22615
22620
22626
22631
22636
22641
22647
22652
22657
22663
22668
22673
22679
22684
22689
22695
22700
22705
22710
22716
22721
22726
22732
22737
22742
22748
22753
22758
22764
22769
22774
22780
22785
22790
22796
22801
22806
22811
22817
22822
22827
22833
22838
22843
22848
22854
22859
22864
22870
22875
22880
22886
22891
22896
22902
22907
22912
22918
22923
22928
22934
22939
22944
22950
22955
22960
22966
22971
22976
22982
22987
22992
22998
23003
23008
23014
23019
23024
23030
23035
23040
23046
23051
23056
23062
23067
23072
23078
23083
23088
23094
23099
23104
23110
23115
23120
23126
23131
23136
23142
23147
23152
23158
23163
23168
23174
23179
23184
23190
23195
23200
23206
23211
23216
23222
23227
23232
23238
23243
23248
23253
23259
23264
23269
23275
23280
23285
23291
23296
23301
23306
23312
23317
23323
23328
23333
23338
23344
23349
23354
23360
23365
23370
23376
23381
23386
23391
23397
23402
23407
23413
23418
23423
23429
23434
23439
23444
23450
23455
23460
23466
23471
23476
23482
23487
23492
23498
23503
23508
23514
23519
23524
23530
23535
23540
23545
23551
23556
23561
23567
23572
23577
23583
23588
23593
23599
23604
23609
23614
23620
23625
23630
23636
23641
23646
23651
23657
23662
23667
23673
23678
23683
23689
23694
23699
23705
23710
23715
23720
23726
23731
23737
23742
23747
23753
23758
23763
23768
23774
23779
23784
23790
23795
23800
23806
23811
23816
23822
23827
23832
23837
23843
23848
23854
23859
23864
23869
23875
23880
23885
23891
23896
23901
23907
23912
23917
23923
23928
23933
23939
23944
23949
23954
23960
23965
23970
23976
23981
23986
23992
23997
24002
24008
24013
24018
24023
24029
24034
24039
24045
24050
24055
24061
24066
24071
24076
24082
24087
24092
24098
24103
24108
24114
24119
24124
24130
24135
24140
24146
24151
24156
24162
24167
24172
24178
24183
24188
24194
24199
24204
24210
24215
24220
24226
24231
24236
24242
24247
24252
24257
24263
24268
24273
24279
24284
24289
24295
24300
24305
24310
24316
24321
24326
24332
24337
24342
24347
24353
24358
24363
24369
24374
24379
24384
24390
24395
24400
24406
24411
24416
24422
24427
24432
24438
24443
24448
24453
24459
24464
24469
24475
24480
24485
24491
24496
24501
24507
24512
24517
24523
24528
24533
24538
24544
24549
24554
24560
24565
24570
24576
24581
24586
24592
24597
24602
24608
24613
24618
24623
24629
24634
24639
24645
24650
24655
24661
24666
24671
24677
24682
24687
24693
24698
24703
24709
24714
24719
24725
24730
24735
24740
24746
24751
24756
24762
24767
24772
24778
24783
24788
24794
24799
24804
24810
24815
24820
24825
24831
24836
24842
24847
24852
24858
24863
24868
24873
24879
24884
24889
24895
24900
24905
24911
24916
24921
24927
24932
24937
24943
24948
24953
24959
24964
24969
24975
24980
24985
24990
24996
25001
25006
25012
25017
25022
25028
25033
25039
25044
25050
25056
25062
25067
25072
25078
25083
25088
25094
25099
25104
25110
25115
25120
25126
25131
25136
25142
25147
25152
25158
25163
25168
25174
25179
25184
25190
25195
25200
25206
25211
25216
25222
25227
25232
25238
25243
25248
25254
25259
25264
25270
25275
25281
25286
25291
25297
25302
25307
25312
25318
25323
25328
25334
25339
25344
25350
25355
25360
25366
25371
25376
25381
25387
25392
25397
25403
25408
25413
25419
25424
25429
25435
25440
25445
25451
25456
25461
25466
25472
25477
25482
25488
25493
25498
25504
25509
25514
25520
25525
25530
25535
25541
25546
25551
25557
25562
25567
25573
25578
25583
25588
25594
25599
25604
25610
25615
25620
25626
25631
25636
25642
25647
25652
25657
25663
25668
25673
25679
25684
25689
25695
25700
25705
25711
25716
25721
25726
25732
25739
25744
25750
25755
25760
25766
25771
25776
25781
25787
25792
25797
25803
25808
25813
25819
25824
25829
25835
25840
25845
25850
25856
25861
25866
25872
25877
25882
25888
25893
25898
25903
25909
25914
25919
25925
25930
25935
25941
25946
25951
25957
25962
25967
25972
25978
25983
25988
25994
25999
26004
26010
26015
26020
26026
26031
26036
26041
26047
26052
26057
26063
26068
26073
26079
26084
26089
26095
26100
26105
26111
26116
26121
26126
26132
26137
26142
26148
26153
26158
26164
26169
26174
26180
26185
26190
26195
26201
26206
26211
26217
26222
26227
26233
26238
26243
26248
26254
26259
26264
26270
26275
26280
26286
26291
26296
26302
26307
26312
26318
26323
26328
26333
26339
26344
26349
26355
26360
26365
26371
26376
26381
26387
26392
26397
26403
26408
26413
26418
26424
26429
26434
26440
26445
26450
26456
26461
26466
26471
26477
26482
26487
26493
26498
26503
26509
26514
26519
26524
26530
26535
26540
26546
26551
26556
26562
26567
26572
26578
26583
26588
26594
26599
26604
26610
26615
26620
26626
26631
26636
26642
26647
26652
26657
26663
26668
26673
26679
26684
26689
26695
26700
26705
26711
26716
26721
26726
26732
26737
26742
26748
26753
26758
26764
26769
26774
26780
26785
26790
26796
26801
26806
26811
26817
26822
26827
26833
26838
26843
26848
26854
26859
26864
26870
26875
26880
26886
26891
26896
26902
26907
26912
26917
26923
26928
26933
26939
26944
26949
26955
26960
26965
26971
26976
26981
26987
26992
26997
27002
27008
27013
27018
27024
27029
27034
27040
27045
27050
27056
27061
27066
27071
27077
27082
27087
27093
27098
27103
27108
27114
27119
27124
27130
27135
27140
27146
27151
27156
27161
27167
27172
27177
27183
27188
27193
27199
27204
27209
27215
27220
27225
27230
27236
27241
27246
27252
27257
27262
27267
27273
27278
27283
27289
27294
27299
27305
27310
27315
27321
27326
27331
27336
27342
27347
27352
27358
27363
27368
27374
27379
27384
27389
27395
27401
27407
27413
27418
27424
27430
27435
27440
27446
27452
27458
27464
27470
27476
27481
27486
27491
27497
27502
27507
27513
27518
27523
27529
27534
27539
27545
27550
27555
27560
27566
27571
27576
27582
27587
27592
27598
27603
27608
27614
27619
27624
27629
27635
27640
27645
27651
27656
27661
27667
27672
27677
27683
27688
27693
27699
27704
27709
27715
27720
27725
27731
27736
27741
27747
27752
27757
27762
27768
27773
27778
27784
27789
27794
27800
27805
27810
27816
27821
27826
27831
27837
27842
27847
27853
27858
27863
27869
27874
27879
27885
27890
27895
27901
27906
27911
27916
27922
27927
27932
27938
27943
27948
27954
27959
27964
27970
27975
27980
27985
27991
27996
28001
28007
28012
28017
28023
28028
28033
28039
28044
28049
28055
28060
28065
28071
28076
28081
28087
28092
28097
28103
28108
28113
28119
28124
28129
28135
28140
28145
28151
28156
28161
28166
28172
28177
28182
28188
28193
28198
28204
28209
28214
28220
28225
28230
28235
28241
28246
28251
28257
28262
28267
28273
28278
28283
28288
28294
28299
28304
28310
28315
28320
28326
28331
28336
28342
28347
28352
28357
28363
28368
28374
28379
28384
28389
28395
28400
28405
28411
28416
28421
28427
28432
28437
28443
28448
28453
28458
28464
28469
28474
28480
28485
28490
28496
28501
28506
28511
28517
28522
28527
28533
28538
28543
28549
28554
28559
28564
28570
28575
28580
28586
28591
28596
28602
28607
28612
28617
28623
28628
28633
28639
28644
28649
28655
28660
28665
28671
28676
28681
28687
28692
28697
28703
28708
28713
28718
28724
28729
28734
28741
28746
28751
28756
28762
28767
28772
28778
28783
28788
28794
28799
28804
28810
28815
28820
28825
28831
28839
28845
28850
28855
28861
28866
28871
28877
28882
28887
28893
28899
28904
28911
28918
28923
28929
28934
28943
28949
28954
28960
28965
28971
28977
28982
28987
28993
28998
29004
29009
29015
29020
29026
29031
29036
29042
29047
29052
29058
29063
29068
29074
29079
29084
29090
29095
29100
29105
29111
29116
29121
29127
29132
29137
29143
29148
29153
29158
29164
29169
29174
29180
29185
29190
29196
29201
29206
29212
29217
29222
29227
29233
29238
29243
29249
29254
29259
29264
29270
29275
29280
29286
29291
29296
29301
29307
29312
29317
29322
29328
29334
29339
29344
29350
29355
29360
29365
29371
29376
29381
29387
29392
29397
29403
29408
29413
29419
29424
29429
29434
29440
29445
29450
29455
29461
29466
29471
29476
29482
29487
29492
29497
29503
29508
29513
29519
29525
29530
29535
29541
29546
29551
29556
29562
29567
29572
29578
29583
29588
29594
29599
29604
29610
29615
29620
29626
29631
29636
29642
29647
29652
29657
29663
29668
29673
29679
29684
29689
29695
29700
29705
29710
29716
29721
29726
29732
29738
29743
29748
29754
29759
29764
29769
29775
29780
29785
29791
29796
29801
29806
29812
29817
29822
29828
29833
29838
29843
29849
29854
29859
29865
29870
29875
29881
29886
29891
29896
29902
29907
29912
29918
29923
29928
29933
29939
29944
29949
29955
29960
29965
29971
29976
29981
29986
29992
29997
30002
30008
30013
30018
30024
30029
30035
30040
30045
30051
30056
30061
30066
30072
30077
30082
30087
30093
30098
30103
30109
30114
30119
30124
30130
30135
30140
30145
30151
30156
30161
30166
30172
30177
30182
30188
30193
30198
30203
30209
30214
30219
30225
30230
30235
30240
30246
30251
30256
30262
30267
30272
30278
30283
30288
30294
30299
30304
30310
30315
30320
30325
30331
30336
30341
30347
30352
30357
30363
30368
30373
30379
30384
30389
30395
30400
30405
30410
30416
30421
30426
30431
30437
30442
30447
30452
30458
30463
30468
30473
30479
30484
30489
30495
30501
30507
30512
30518
30523
30528
30533
30539
30544
30549
30555
30560
30565
30570
30576
30581
30586
30592
30597
30602
30608
30613
30618
30623
30629
30634
30639
30645
30650
30655
30660
30666
30671
30676
30682
30687
30693
30698
30703
30708
30714
30719
30724
30730
30736
30742
30747
30752
30757
30763
30768
30773
30779
30784
30789
30794
30800
30805
30810
30815
30821
30826
30831
30836
30842
30847
30852
30858
30863
30868
30874
30880
30885
30891
30896
30901
30907
30912
30918
30923
30928
30934
30939
30944
30950
30955
30960
30966
30971
30976
30982
30987
30993
30998
31003
31009
31014
31019
31024
31030
31035
31040
31046
31051
31056
31062
31067
31072
31077
31083
31088
31093
31099
31104
31109
31114
31120
31125
31130
31136
31141
31146
31151
31157
31162
31168
31174
31179
31185
31190
31196
31201
31206
31212
31217
31223
31228
31233
31239
31244
31250
31255
31260
31266
31271
31277
31282
31287
31292
31298
31303
31308
31314
31319
31324
31330
31335
31341
31346
31351
31357
31362
31367
31372
31378
31383
31389
31394
31399
31405
31410
31415
31421
31426
31431
31437
31443
31449
31455
31461
31467
31473
31479
31485
31490
31496
31502
31507
31512
31518
31523
31528
31533
31539
31544
31549
31555
31560
31565
31570
31576
31581
31586
31592
31597
31602
31607
31613
31618
31623
31629
31634
31639
31644
31650
31655
31660
31666
31671
31676
31681
31687
31692
31697
31703
31708
31713
31719
31724
31729
31734
31740
31745
31750
31755
31761
31766
31771
31777
31782
31787
31792
31798
31803
31808
31814
31819
31824
31829
31835
31840
31845
31851
31856
31861
31866
31872
31877
31882
31888
31893
31898
31903
31909
31914
31919
31924
31929
31935
31940
31945
31950
31956
31961
31966
31971
31977
31982
31987
31992
31997
32003
32008
32013
32018
32024
32029
32034
32039
32044
32050
32055
32060
32065
32071
32076
32081
32086
32092
32097
32102
32107
32113
32118
32123
32128
32134
32139
32144
32149
32155
32160
32165
32171
32176
32181
32186
32192
32197
32202
32207
32213
32218
32223
32228
32234
32239
32244
32250
32255
32260
32265
32271
32276
32281
32287
32292
32297
32302
32308
32313
32318
32323
32329
32334
32339
32344
32350
32355
32360
32366
32371
32376
32381
32387
32392
32397
32403
32408
32413
32418
32424
32429
32434
32440
32445
32450
32455
32461
32466
32471
32477
32482
32487
32492
32498
32503
32508
32514
32519
32524
32529
32535
32540
32545
32551
32556
32561
32566
32572
32577
32582
32588
32593
32598
32604
32609
32615
32620
32625
32631
32636
32642
32647
32652
32658
32663
32669
32674
32679
32685
32690
32695
32700
32706
32711
32716
32722
32727
32732
32737
32743
32748
32753
32759
32764
32769
32774
32780
32785
32790
32796
32801
32806
32811
32817
32822
32827
32833
32838
32843
32848
32854
32859
32864
32870
32875
32880
32885
32891
32896
32901
32907
32912
32917
32922
32928
32933
32938
32944
32949
32954
32959
32965
32970
32975
32981
32986
32991
32996
33002
33007
33012
33018
33023
33028
33033
33039
33044
33049
33055
33060
33065
33071
33076
33081
33086
33092
33097
33102
33108
33113
33118
33123
33129
33134
33139
33145
33150
33155
33160
33166
33171
33176
33182
33187
33192
33197
33203
33208
33213
33219
33224
33229
33234
33240
33245
33250
33255
33261
33266
33271
33277
33282
33287
33292
33298
33303
33308
33314
33319
33324
33329
33335
33340
33345
33351
33356
33361
33367
33372
33377
33382
33388
33393
33398
33404
33409
33414
33420
33425
33431
33436
33442
33447
33452
33458
33463
33469
33474
33479
33485
33490
33496
33501
33506
33512
33517
33523
33528
33533
33539
33544
33550
33555
33561
33566
33571
33577
33582
33587
33593
33598
33603
33609
33614
33619
33624
33630
33635
33640
33646
33651
33656
33662
33667
33672
33677
33683
33688
33694
33699
33704
33710
33715
33720
33726
33731
33736
33741
33747
33752
33757
33763
33768
33773
33779
33784
33789
33794
33800
33805
33810
33816
33821
33826
33831
33837
33842
33847
33852
33858
33863
33868
33874
33879
33884
33890
33895
33900
33905
33911
33916
33921
33927
33932
33937
33942
33948
33953
33958
33963
33969
33974
33979
33985
33990
33995
34000
34006
34011
34016
34022
34027
34032
34037
34043
34048
34053
34059
34064
34069
34074
34080
34085
34090
34096
34101
34106
34111
34117
34122
34127
34133
34138
34143
34148
34154
34159
34164
34170
34175
34180
34185
34191
34196
34201
34207
34212
34217
34222
34228
34233
34238
34244
34249
34254
34259
34265
34270
34275
34281
34286
34291
34296
34302
34307
34312
34318
34323
34328
34333
34339
34344
34349
34355
34360
34365
34370
34376
34381
34386
34392
34397
34402
34407
34413
34418
34423
34429
34434
34439
34444
34450
34455
34460
34466
34472
34478
34483
34488
34494
34499
34504
34509
34515
34520
34526
34531
34536
34541
34547
34552
34557
34563
34568
34573
34579
34584
34589
34594
34600
34605
34610
34616
34621
34626
34631
34637
34642
34647
34653
34658
34663
34668
34674
34679
34684
34690
34695
34700
34706
34711
34716
34721
34727
34732
34737
34743
34748
34753
34758
34764
34769
34774
34780
34785
34790
34795
34801
34806
34811
34817
34822
34827
34833
34838
34843
34848
34854
34859
34864
34870
34875
34880
34886
34891
34896
34901
34907
34912
34917
34923
34928
34933
34939
34944
34949
34955
34960
34965
34971
34976
34981
34986
34992
34997
35002
35008
35013
35018
35023
35029
35034
35039
35045
35050
35055
35061
35066
35071
35076
35082
35087
35092
35098
35103
35108
35114
35119
35124
35129
35135
35140
35145
35151
35156
35161
35166
35172
35177
35182
35187
35193
35198
35203
35208
35214
35219
35224
35230
35235
35240
35246
35251
35256
35261
35267
35272
35277
35283
35288
35293
35298
35303
35309
35314
35319
35325
35330
35335
35340
35346
35351
35356
35361
35367
35372
35377
35383
35388
35393
35398
35404
35409
35414
35419
35425
35430
35435
35440
35446
35451
35456
35462
35467
35472
35478
35483
35488
35494
35499
35504
35510
35515
35520
35526
35531
35536
35542
35547
35552
35557
35563
35568
35573
35579
35584
35589
35594
35600
35605
35610
35616
35621
35626
35632
35637
35642
35647
35653
35658
35663
35669
35674
35679
35684
35690
35695
35700
35706
35711
35716
35721
35727
35732
35737
35743
35748
35753
35759
35764
35769
35774
35780
35785
35790
35795
35801
35806
35811
35817
35822
35827
35833
35838
35843
35848
35854
35859
35864
35870
35875
35880
35885
35891
35896
35901
35907
35912
35917
35922
35929
35934
35939
35944
35950
35955
35960
35966
35971
35976
35981
35987
35992
35997
36003
36008
36013
36019
36024
36029
36034
36040
36045
36050
36056
36061
36066
36071
36077
36082
36087
36093
36098
36103
36108
36114
36119
36124
36130
36135
36140
36145
36151
36156
36161
36167
36172
36177
36182
36188
36193
36198
36203
36209
36214
36219
36225
36230
36235
36240
36246
36251
36256
36262
36267
36272
36277
36283
36288
36293
36299
36304
36309
36315
36320
36325
36330
36336
36341
36346
36351
36357
36362
36367
36373
36378
36383
36389
36394
36399
36404
36410
36415
36420
36426
36431
36436
36441
36447
36452
36457
36463
36468
36473
36478
36483
36489
36494
36499
36504
36510
36515
36520
36526
36531
36536
36541
36547
36552
36557
36563
36568
36573
36579
36584
36589
36594
36600
36605
36610
36616
36621
36626
36631
36637
36642
36647
36653
36658
36663
36668
36674
36679
36684
36690
36695
36700
36705
36711
36716
36721
36727
36732
36737
36742
36748
36753
36758
36764
36769
36774
36779
36785
36790
36795
36801
36806
36811
36816
36822
36827
36832
36838
36843
36848
36854
36859
36864
36869
36875
36880
36885
36891
36896
36901
36907
36912
36917
36923
36928
36933
36938
36944
36949
36954
36960
36965
36970
36976
36981
36986
36991
36997
37002
37007
37013
37018
37023
37028
37034
37039
37044
37050
37055
37060
37065
37071
37076
37081
37086
37092
37097
37102
37108
37113
37118
37123
37129
37134
37139
37145
37150
37155
37160
37166
37171
37176
37182
37187
37192
37197
37203
37208
37213
37219
37224
37229
37234
37240
37245
37250
37256
37261
37266
37271
37277
37282
37287
37292
37298
37303
37308
37313
37319
37324
37329
37335
37340
37345
37350
37356
37361
37366
37371
37377
37382
37387
37392
37398
37403
37408
37414
37419
37424
37429
37435
37440
37445
37451
37456
37461
37466
37472
37477
37482
37487
37493
37498
37503
37508
37514
37519
37524
37529
37535
37540
37545
37551
37556
37561
37566
37572
37577
37582
37587
37593
37598
37603
37608
37614
37619
37624
37629
37635
37640
37645
37651
37656
37661
37666
37672
37677
37682
37688
37693
37698
37703
37709
37714
37719
37724
37730
37735
37740
37745
37751
37756
37761
37766
37772
37777
37782
37787
37793
37798
37803
37808
37814
37819
37824
37830
37835
37840
37845
37851
37856
37861
37867
37872
37877
37882
37888
37893
37898
37904
37909
37914
37919
37925
37930
37935
37940
37946
37951
37956
37961
37967
37972
37977
37983
37988
37993
37999
38004
38009
38014
38020
38025
38030
38035
38041
38046
38051
38057
38062
38067
38072
38078
38083
38088
38094
38099
38104
38109
38115
38120
38125
38131
38136
38141
38146
38152
38157
38162
38167
38173
38178
38183
38188
38194
38199
38204
38210
38215
38220
38225
38231
38236
38241
38246
38252
38257
38262
38267
38273
38278
38283
38288
38294
38299
38304
38309
38315
38320
38325
38331
38336
38341
38346
38352
38357
38362
38367
38373
38378
38383
38388
38394
38399
38404
38409
38415
38420
38425
38431
38436
38441
38446
38452
38457
38462
38467
38473
38478
38483
38489
38494
38499
38504
38510
38515
38520
38525
38531
38536
38541
38547
38552
38557
38562
38568
38573
38578
38584
38589
38594
38599
38605
38610
38615
38621
38626
38631
38636
38642
38647
38652
38658
38663
38668
38673
38679
38684
38689
38695
38700
38705
38711
38716
38721
38727
38732
38737
38742
38748
38753
38758
38764
38769
38774
38779
38785
38790
38795
38801
38806
38811
38816
38822
38827
38832
38838
38843
38848
38853
38859
38864
38869
38875
38880
38885
38890
38896
38901
38906
38912
38917
38922
38927
38933
38938
38943
38949
38954
38959
38964
38970
38975
38980
38986
38991
38996
39001
39007
39012
39017
39023
39028
39033
39039
39044
39049
39055
39060
39065
39071
39076
39081
39086
39092
39097
39102
39107
39113
39118
39123
39129
39134
39139
39144
39150
39155
39160
39166
39171
39176
39181
39187
39192
39197
39203
39208
39213
39218
39224
39229
39234
39240
39245
39250
39255
39261
39266
39271
39277
39282
39287
39293
39298
39303
39308
39314
39319
39324
39330
39335
39340
39346
39351
39356
39362
39367
39372
39377
39383
39388
39393
39399
39404
39409
39414
39420
39425
39430
39436
39441
39446
39451
39457
39462
39467
39473
39478
39483
39489
39494
39499
39504
39510
39515
39520
39526
39531
39536
39541
39547
39552
39557
39563
39568
39573
39579
39584
39589
39594
39600
39605
39610
39616
39621
39626
39632
39637
39642
39647
39653
39658
39663
39668
39674
39679
39684
39690
39695
39700
39705
39711
39716
39721
39727
39732
39737
39743
39748
39753
39759
39764
39769
39774
39780
39785
39790
39795
39801
39806
39811
39817
39822
39827
39833
39838
39843
39848
39854
39859
39864
39869
39875
39880
39885
39891
39897
39903
39908
39913
39918
39924
39929
39934
39940
39945
39950
39955
39961
39966
39971
39977
39982
39987
39992
39998
40003
40008
40014
40019
40024
40029
40035
40040
40045
40050
40056
40061
40066
40072
40077
40082
40088
40093
40098
40103
40109
40114
40119
40124
40130
40135
40140
40146
40151
40157
40162
40168
40173
40178
40184
40189
40195
40200
40206
40211
40216
40221
40227
40232
40237
40242
40247
40253
40258
40263
40268
40273
40279
40284
40289
40294
40299
40305
40310
40315
40320
40325
40331
40336
40341
40347
40352
40357
40362
40368
40373
40378
40384
40389
40394
40400
40405
40411
40416
40421
40427
40432
40437
40443
40448
40453
40458
40464
40469
40474
40480
40485
40490
40496
40501
40506
40511
40517
40522
40527
40533
40538
40543
40549
40554
40559
40564
40570
40575
40580
40586
40591
40596
40602
40607
40612
40617
40623
40628
40633
40639
40644
40649
40655
40660
40665
40670
40676
40681
40686
40692
40697
40702
40707
40713
40718
40723
40728
40734
40739
40744
40750
40755
40760
40766
40771
40776
40781
40787
40792
40797
40803
40808
40813
40818
40824
40829
40834
40840
40845
40850
40855
40861
40866
40871
40877
40882
40887
40892
40898
40903
40908
40914
40919
40924
40930
40935
40940
40945
40951
40956
40961
40967
40972
40977
40982
40988
40993
40998
41004
41009
41014
41019
41025
41030
41035
41041
41046
41051
41057
41062
41067
41072
41078
41083
41088
41094
41099
41104
41109
41115
41120
41125
41131
41136
41141
41146
41152
41157
41162
41168
41173
41178
41183
41189
41194
41199
41205
41210
41215
41220
41226
41231
41236
41242
41247
41252
41258
41263
41268
41273
41279
41284
41289
41295
41300
41305
41310
41316
41321
41326
41332
41337
41342
41347
41353
41358
41363
41369
41374
41379
41384
41390
41395
41400
41406
41411
41416
41421
41427
41432
41437
41443
41448
41453
41459
41464
41469
41474
41480
41485
41490
41496
41501
41506
41511
41517
41522
41527
41533
41538
41543
41548
41554
41559
41564
41570
41575
41580
41585
41591
41596
41601
41607
41612
41617
41622
41628
41633
41638
41644
41649
41654
41659
41665
41670
41675
41681
41686
41691
41696
41702
41707
41712
41718
41723
41728
41733
41739
41744
41749
41755
41760
41765
41770
41776
41781
41786
41792
41797
41802
41807
41813
41818
41823
41829
41834
41839
41845
41850
41855
41860
41866
41871
41876
41882
41887
41892
41897
41903
41908
41914
41919
41925
41930
41935
41940
41946
41951
41956
41961
41967
41972
41977
41983
41988
41993
41998
42004
42009
42014
42019
42025
42030
42035
42040
42046
42051
42056
42062
42067
42072
42077
42083
42088
42093
42099
42104
42109
42114
42120
42125
42130
42136
42141
42146
42151
42157
42162
42167
42172
42178
42183
42188
42194
42199
42204
42210
42215
42220
42225
42231
42236
42241
42247
42252
42257
42263
42268
42273
42278
42284
42289
42294
42299
42305
42310
42315
42321
42326
42331
42336
42342
42347
42352
42358
42363
42368
42374
42379
42384
42390
42395
42400
42405
42411
42416
42421
42427
42432
42437
42442
42448
42453
42458
42464
42469
42474
42479
42485
42490
42495
42501
42506
42511
42516
42522
42527
42532
42538
42543
42548
42553
42559
42564
42569
42575
42580
42585
42590
42596
42601
42606
42612
42617
42622
42627
42633
42638
42643
42649
42654
42659
42664
42670
42675
42680
42686
42691
42696
42701
42707
42712
42717
42723
42728
42733
42738
42744
42749
42754
42760
42765
42770
42775
42781
42786
42791
42797
42802
42807
42812
42818
42823
42828
42834
42839
42844
42849
42855
42860
42865
42871
42876
42881
42887
42892
42897
42902
42908
42913
42918
42924
42929
42934
42939
42945
42950
42955
42960
42966
42971
42976
42982
42987
42992
42998
43003
43008
43013
43019
43024
43029
43035
43040
43045
43050
43056
43061
43066
43072
43077
43082
43087
43093
43098
43103
43109
43115
43120
43125
43130
43136
43141
43146
43152
43157
43162
43167
43173
43178
43183
43189
43194
43199
43204
43210
43215
43220
43226
43231
43236
43241
43247
43252
43257
43263
43268
43273
43279
43284
43289
43294
43300
43305
43310
43315
43321
43326
43331
43337
43342
43347
43352
43358
43363
43368
43374
43379
43384
43390
43395
43400
43405
43411
43416
43421
43426
43432
43437
43442
43448
43453
43458
43463
43469
43474
43479
43485
43490
43495
43500
43506
43511
43516
43522
43527
43532
43537
43543
43548
43553
43559
43564
43569
43574
43580
43585
43590
43596
43601
43606
43611
43617
43622
43627
43633
43638
43643
43648
43654
43659
43664
43670
43675
43680
43686
43691
43696
43701
43707
43712
43717
43723
43728
43733
43739
43744
43749
43755
43760
43765
43771
43776
43781
43787
43792
43797
43803
43808
43813
43818
43824
43830
43835
43840
43846
43851
43856
43862
43867
43872
43878
43883
43888
43893
43899
43904
43909
43915
43920
43925
43930
43936
43941
43946
43952
43957
43962
43967
43973
43978
43983
43988
43994
43999
44004
44010
44015
44020
44025
44031
44036
44041
44047
44052
44057
44063
44068
44073
44079
44084
44089
44095
44100
44105
44111
44116
44121
44126
44132
44137
44142
44148
44153
44158
44164
44169
44174
44179
44185
44190
44195
44200
44206
44211
44216
44222
44227
44232
44237
44243
44248
44253
44259
44264
44269
44275
44280
44285
44291
44296
44301
44306
44312
44317
44322
44328
44333
44338
44343
44349
44354
44359
44364
44370
44375
44380
44386
44391
44396
44401
44407
44412
44417
44423
44428
44433
44438
44444
44449
44454
44460
44465
44470
44475
44481
44486
44491
44497
44502
44507
44512
44518
44523
44528
44534
44539
44544
44549
44555
44560
44565
44571
44576
44581
44587
44592
44597
44602
44608
44613
44618
44624
44629
44634
44639
44645
44650
44655
44661
44666
44671
44677
44682
44687
44693
44698
44703
44709
44714
44719
44725
44730
44735
44741
44746
44751
44757
44762
44767
44772
44778
44783
44788
44794
44799
44804
44810
44815
44820
44826
44831
44836
44841
44847
44852
44857
44863
44868
44873
44878
44884
44889
44894
44900
44905
44910
44915
44921
44926
44931
44936
44942
44947
44952
44958
44963
44968
44973
44979
44984
44989
44995
45000
45005
45010
45016
45021
45026
45032
45037
45042
45047
45053
45058
45063
45068
45074
45079
45084
45090
45095
45100
45105
45111
45116
45121
45126
45132
45137
45142
45147
45153
45158
45163
45168
45174
45179
45184
45189
45195
45200
45205
45211
45216
45221
45227
45232
45237
45242
45248
45253
45258
45263
45269
45274
45279
45284
45290
45295
45300
45306
45311
45316
45321
45327
45332
45337
45343
45348
45353
45359
45364
45369
45374
45380
45385
45390
45395
45401
45406
45412
45417
45422
45427
45433
45438
45444
45449
45454
45459
45465
45470
45475
45481
45486
45491
45496
45502
45507
45512
45518
45523
45528
45534
45539
45544
45549
45555
45560
45565
45571
45576
45581
45587
45592
45597
45602
45608
45613
45618
45624
45629
45634
45639
45645
45650
45655
45661
45666
45671
45676
45682
45687
45692
45698
45703
45708
45713
45719
45724
45729
45734
45740
45745
45750
45755
45761
45766
45771
45777
45782
45787
45792
45798
45803
45808
45814
45819
45824
45829
45835
45840
45845
45851
45856
45861
45866
45872
45877
45882
45887
45893
45898
45903
45908
45914
45919
45924
45930
45935
45940
45945
45951
45956
45961
45966
45972
45977
45982
45987
45993
45998
46003
46008
46014
46019
46024
46029
46035
46040
46045
46051
46056
46061
46066
46072
46077
46082
46088
46093
46099
46105
46111
46116
46122
46127
46132
46138
46143
46148
46153
46159
46164
46169
46174
46180
46185
46190
46196
46201
46206
46211
46217
46222
46227
46233
46238
46243
46248
46254
46259
46264
46270
46275
46280
46286
46291
46296
46301
46307
46312
46317
46323
46328
46333
46338
46344
46349
46354
46359
46365
46370
46375
46380
46386
46391
46396
46402
46407
46412
46417
46423
46428
46433
46439
46444
46449
46455
46460
46465
46471
46476
46481
46487
46492
46497
46502
46508
46513
46518
46524
46529
46534
46540
46545
46550
46556
46561
46566
46571
46577
46582
46587
46593
46598
46603
46609
46614
46619
46624
46630
46635
46640
46646
46651
46656
46661
46667
46672
46677
46683
46688
46693
46699
46704
46709
46714
46720
46725
46730
46736
46741
46746
46751
46757
46762
46767
46772
46778
46783
46788
46794
46799
46804
46809
46815
46820
46825
46830
46836
46841
46846
46852
46857
46862
46867
46873
46878
46883
46888
46894
46899
46904
46910
46915
46920
46925
46931
46936
46941
46947
46952
46957
46962
46968
46973
46978
46984
46989
46994
46999
47005
47010
47015
47021
47026
47031
47036
47042
47047
47052
47058
47063
47068
47073
47079
47084
47089
47095
47100
47105
47110
47116
47121
47126
47131
47137
47142
47147
47153
47158
47163
47168
47174
47179
47184
47190
47195
47200
47206
47211
47216
47221
47227
47232
47237
47242
47248
47253
47258
47264
47269
47274
47279
47285
47290
47295
47301
47306
47311
47316
47322
47327
47332
47337
47343
47348
47353
47359
47364
47369
47374
47380
47385
47390
47395
47401
47406
47411
47417
47422
47427
47432
47438
47443
47449
47454
47459
47465
47470
47475
47480
47486
47491
47496
47501
47507
47512
47517
47523
47528
47533
47538
47544
47549
47554
47559
47565
47570
47575
47580
47586
47591
47596
47602
47607
47612
47617
47623
47628
47633
47638
47644
47649
47654
47660
47665
47670
47675
47681
47686
47691
47696
47702
47707
47712
47717
47723
47728
47733
47739
47744
47749
47754
47760
47765
47770
47776
47781
47786
47791
47797
47802
47807
47812
47818
47823
47828
47833
47839
47844
47849
47855
47860
47865
47870
47876
47881
47886
47891
47897
47902
47907
47912
47918
47923
47928
47934
47939
47944
47949
47955
47960
47965
47971
47976
47981
47986
47992
47997
48002
48008
48013
48018
48023
48029
48034
48039
48045
48050
48055
48060
48066
48071
48076
48082
48087
48092
48098
48103
48108
48114
48119
48124
48129
48135
48140
48145
48150
48156
48161
48166
48172
48177
48182
48187
48193
48198
48203
48209
48214
48219
48224
48230
48235
48240
48246
48251
48256
48261
48267
48272
48277
48283
48288
48293
48299
48304
48309
48314
48320
48325
48330
48336
48341
48346
48351
48357
48362
48367
48373
48378
48383
48388
48394
48399
48404
48410
48415
48420
48425
48431
48436
48441
48447
48452
48457
48462
48468
48473
48478
48484
48489
48494
48499
48505
48510
48515
48521
48526
48531
48536
48542
48547
48552
48558
48563
48568
48573
48579
48584
48589
48595
48600
48605
48610
48616
48621
48626
48632
48637
48642
48647
48653
48658
48663
48669
48674
48679
48684
48690
48695
48700
48706
48711
48716
48721
48727
48732
48737
48743
48748
48753
48759
48765
48771
48777
48783
48788
48794
48799
48804
48810
48815
48820
48825
48831
48836
48841
48847
48852
48857
48862
48868
48873
48878
48884
48889
48894
48899
48905
48910
48915
48921
48926
48931
48936
48942
48947
48952
48958
48963
48968
48974
48979
48984
48990
48995
49000
49005
49011
49016
49022
49028
49034
49040
49046
49052
49058
49064
49070
49075
49080
49086
49091
49096
49102
49107
49112
49118
49123
49128
49133
49139
49144
49149
49155
49160
49165
49171
49176
49181
49186
49192
49197
49202
49207
49213
49218
49223
49228
49234
49239
49244
49249
49255
49260
49265
49271
49276
49281
49286
49292
49297
49302
49308
49313
49318
49323
49329
49334
49339
49345
49350
49355
49360
49366
49371
49376
49381
49387
49392
49397
49402
49408
49413
49418
49423
49429
49434
49439
49444
49450
49455
49460
49465
49471
49476
49481
49487
49492
49497
49502
49508
49513
49518
49523
49529
49534
49539
49545
49550
49555
49560
49566
49571
49576
49582
49587
49592
49598
49603
49608
49613
49619
49624
49629
49635
49640
49645
49650
49656
49661
49666
49671
49677
49682
49687
49692
49698
49703
49708
49714
49719
49724
49729
49735
49740
49745
49750
49756
49761
49766
49772
49777
49782
49787
49793
49798
49803
49809
49814
49819
49824
49830
49835
49841
49846
49851
49857
49862
49867
49873
49878
49883
49889
49894
49899
49905
49910
49915
49921
49926
49931
49937
49942
49947
49952
49958
49963
49968
49974
49979
49984
49989
49995
50000
50005
50011
50016
50021
50026
50032
50037
50042
50048
50053
50058
50063
50069
50074
50079
50084
50090
50095
50100
50106
50111
50116
50121
50127
50132
50137
50142
50148
50153
50158
50163
50168
50173
50179
50184
50189
50194
50199
50204
50210
50215
50220
50225
50230
50235
50241
50246
50251
50256
50261
50266
50272
50277
50282
50287
50292
50299
50304
50309
50314
50319
50324
50330
50335
50340
50345
50350
50356
50361
50366
50371
50376
50382
50387
50392
50397
50402
50407
50413
50418
50423
50428
50433
50438
50444
50449
50454
50459
50464
50469
50475
50480
50485
50490
50495
50501
50506
50511
50516
50521
50527
50532
50537
50542
50547
50552
50558
50563
50568
50573
50578
50584
50589
50594
50599
50604
50609
50615
50620
50625
50630
50635
50641
50646
50651
50656
50661
50666
50672
50677
50682
50688
50693
50698
50703
50708
50714
50719
50724
50729
50734
50740
50745
50750
50755
50760
50765
50771
50776
50781
50786
50791
50797
50802
50807
50812
50817
50822
50828
50833
50838
50843
50848
50854
50859
50864
50869
50874
50880
50885
50890
50895
50900
50905
50911
50916
50921
50926
50931
50937
50942
50947
50952
50957
50962
50968
50973
50978
50983
50988
50993
50999
51004
51009
51014
51019
51024
51030
51035
51040
51045
51051
51056
51061
51066
51072
51077
51082
51088
51093
51098
51103
51109
51114
51119
51124
51130
51135
51140
51145
51151
51156
51161
51166
51172
51180
51185
51191
51196
51201
51206
51212
51217
51222
51228
51233
51238
51243
51249
51254
51259
51264
51270
51275
51280
51285
51291
51296
51301
51307
51312
51317
51323
51328
51333
51338
51344
51349
51354
51360
51365
51370
51375
51381
51386
51391
51396
51402
51407
51412
51418
51423
51428
51433
51439
51444
51449
51455
51460
51465
51471
51476
51481
51486
51491
51497
51502
51507
51513
51518
51523
51528
51534
51539
51544
51550
51555
51560
51565
51571
51576
51581
51587
51592
51597
51602
51608
51613
51618
51624
51629
51634
51639
51645
51650
51655
51661
51666
51671
51676
51682
51687
51692
51698
51703
51708
51714
51719
51724
51730
51735
51740
51745
51751
51756
51761
51767
51772
51777
51783
51788
51793
51799
51804
51809
51814
51820
51825
51830
51836
51841
51846
51851
51857
51862
51867
51873
51878
51883
51889
51894
51899
51905
51910
51915
51921
51926
51931
51936
51942
51947
51952
51958
51963
51968
51973
51979
51985
51990
51995
52000
52006
52011
52016
52022
52027
52032
52037
52043
52048
52053
52059
52064
52070
52075
52080
52086
52091
52096
52102
52107
52112
52118
52123
52128
52134
52139
52145
52150
52155
52161
52166
52171
52177
52182
52187
52193
52198
52203
52209
52214
52219
52225
52230
52235
52240
52246
52251
52256
52262
52267
52272
52277
52283
52288
52293
52299
52304
52309
52314
52320
52325
52330
52336
52341
52346
52351
52357
52362
52367
52373
52378
52383
52388
52394
52399
52405
52410
52415
52420
52426
52431
52436
52441
52447
52452
52457
52463
52468
52473
52478
52484
52489
52494
52500
52505
52510
52515
52521
52526
52531
52537
52542
52547
52552
52558
52563
52568
52574
52579
52584
52589
52595
52600
52605
52611
52616
52623
52628
52634
52639
52644
52649
52655
52660
52665
52671
52676
52681
52686
52692
52697
52702
52708
52713
52718
52723
52729
52734
52739
52744
52750
52755
52760
52766
52771
52776
52781
52787
52792
52797
52803
52808
52813
52818
52824
52829
52834
52839
52845
52850
52855
52861
52866
52871
52876
52882
52887
52892
52898
52903
52908
52913
52919
52924
52929
52935
52940
52945
52951
52956
52961
52966
52972
52977
52982
52988
52993
52998
53003
53009
53014
53019
53025
53030
53035
53040
53046
53051
53056
53062
53067
53072
53077
53083
53088
53093
53099
53104
53109
53114
53120
53125
53130
53136
53141
53146
53151
53157
53162
53167
53172
53178
53183
53188
53194
53199
53204
53209
53215
53220
53225
53231
53236
53241
53247
53252
53257
53262
53268
53273
53278
53283
53289
53294
53299
53305
53310
53315
53321
53326
53331
53336
53342
53347
53352
53358
53363
53369
53374
53379
53385
53390
53395
53400
53406
53411
53416
53422
53427
