time (ms)
0
16
29
42
54
69
82
95
107
121
134
147
160
172
190
202
214
228
240
259
272
284
301
313
326
338
351
363
377
392
404
422
435
447
459
471
483
495
509
522
535
547
560
572
584
596
611
623
638
650
663
675
687
699
712
725
739
754
767
779
792
805
817
832
844
855
868
879
891
903
915
927
940
952
964
976
988
1000
1013
1026
1044
1057
1074
1088
1105
1117
1130
1142
1155
1168
1180
1193
1205
1218
1231
1245
1258
1271
1283
1296
1308
1320
1332
1344
1357
1370
1383
1396
1409
1421
1434
1447
1464
1477
1489
1503
1518
1529
1541
1552
1564
1575
1587
1598
1610
1621
1633
1644
1656
1667
1678
1690
1701
1712
1723
1734
1745
1757
1768
1780
1792
1803
1814
1825
1837
1849
1860
1872
1883
1895
1907
1919
1930
1942
1953
1964
1976
1988
2002
2013
2024
2035
2046
2057
2068
2079
2091
2102
2112
2125
2136
2147
2158
2170
2181
2192
2204
2215
2227
2238
2249
2261
2273
2284
2295
2307
2318
2332
2344
2355
2366
2384
2398
2409
2420
2431
2442
2453
2464
2476
2487
2499
2510
2520
2531
2542
2553
2564
2575
2586
2598
2609
2620
2631
2642
2653
2665
2676
2693
2704
2715
2726
2737
2751
2762
2773
2784
2795
2807
2818
2829
2840
2851
2863
2874
2885
2897
2910
2922
2935
2947
2958
2970
2982
2995
3007
3019
3031
3046
3057
3070
3082
3094
3107
3119
3132
3144
3156
3167
3178
3189
3201
3212
3223
3234
3246
3257
3269
3287
3298
3310
3321
3333
3344
3355
3366
3377
3388
3399
3410
3421
3432
3444
3455
3466
3477
3488
3499
3511
3522
3535
3546
3557
3568
3580
3591
3602
3616
3628
3639
3650
3663
3675
3686
3697
3708
3719
3729
3739
3750
3760
3771
3781
3791
3802
3812
3822
3832
3843
3853
3864
3875
3887
3898
3909
3922
3933
3945
3956
3970
3983
3994
4006
4017
4029
4041
4053
4065
4077
4089
4101
4113
4125
4137
4150
4162
4174
4187
4199
4211
4223
4235
4247
4259
4271
4283
4296
4308
4320
4333
4345
4356
4368
4380
4392
4404
4416
4428
4440
4453
4465
4480
4492
4504
4516
4528
4539
4552
4564
4579
4593
4605
4616
4643
4662
4674
4685
4696
4707
4718
4729
4741
4752
4763
4774
4785
4797
4808
4819
4830
4842
4853
4864
4876
4887
4898
4910
4921
4932
4943
4954
4966
4976
4988
4999
5011
5021
5032
5044
5055
5066
5077
5088
5100
5111
5122
5134
5145
5156
5167
5178
5189
5200
5211
5222
5233
5244
5255
5266
5277
5288
5300
5311
5322
5333
5344
5355
5366
5377
5388
5400
5411
5422
5434
5445
5456
5467
5478
5489
5501
5512
5523
5535
5547
5559
5572
5585
5601
5612
5623
5635
5647
5659
5671
5683
5695
5707
5719
5731
5744
5757
5770
5782
5794
5810
5826
5839
5851
5864
5876
5888
5901
5913
5925
5937
5949
5961
5973
5985
5997
6009
6021
6033
6045
6057
6071
6086
6097
6114
6126
6137
6149
6161
6173
6185
6197
6208
6219
6231
6243
6255
6267
6279
6291
6303
6320
6332
6344
6355
6367
6379
6391
6403
6415
6427
6440
6452
6464
6476
6488
6500
6512
6524
6542
6553
6564
6575
6586
6597
6608
6619
6630
6641
6652
6663
6674
6685
6697
6708
6719
6730
6741
6752
6763
6774
6785
6796
6807
6818
6829
6840
6852
6862
6873
6884
6895
6905
6916
6927
6938
6949
6960
6971
6982
6993
7004
7015
7026
7037
7049
7060
7071
7082
7093
7104
7114
7125
7141
7152
7163
7174
7184
7195
7207
7218
7229
7240
7251
7262
7273
7284
7295
7306
7318
7329
7340
7351
7362
7373
7385
7396
7407
7422
7433
7444
7455
7467
7478
7489
7500
7511
7522
7533
7544
7555
7566
7578
7589
7600
7617
7628
7640
7651
7662
7674
7685
7695
7707
7718
7729
7739
7750
7761
7772
7783
7794
7805
7816
7827
7838
7852
7863
7874
7885
7896
7907
7923
7934
7945
7956
7967
7979
7990
8001
8012
8023
8034
8045
8056
8067
8078
8089
8100
8111
8123
8134
8145
8157
8168
8179
8190
8201
8213
8224
8235
8251
8262
8273
8285
8296
8307
8318
8335
8346
8357
8369
8380
8391
8402
8414
8425
8436
8447
8458
8469
8480
8491
8502
8513
8525
8536
8547
8558
8569
8580
8591
8603
8614
8625
8636
8647
8659
8670
8681
8692
8703
8716
8726
8736
8747
8757
8767
8778
8788
8799
8809
8819
8830
8840
8850
8861
8871
8881
8892
8902
8912
8923
8933
8944
8954
8965
8975
8985
8996
9006
9017
9027
9038
9049
9060
9071
9086
9097
9108
9119
9129
9140
9151
9162
9173
9184
9195
9206
9217
9228
9238
9250
9261
9272
9282
9294
9305
9316
9326
9337
9348
9359
9370
9381
9391
9402
9413
9424
9436
9447
9458
9469
9480
9491
9502
9513
9524
9535
9546
9557
9568
9579
9590
9601
9612
9623
9634
9645
9656
9667
9678
9689
9700
9711
9722
9733
9744
9755
9766
9778
9789
9800
9813
9824
9835
9846
9857
9868
9879
9889
9900
9911
9921
9932
9943
9954
9966
9977
9988
9999
10010
10020
10031
10042
10052
10064
10078
10089
10100
10111
10122
10133
10144
10155
10166
10177
10188
10199
10210
10221
10232
10243
10254
10266
10277
10288
10299
10310
10322
10334
10345
10356
10368
10380
10391
10403
10414
10425
10436
10447
10458
10469
10480
10491
10502
10512
10525
10542
10553
10565
10575
10586
10597
10608
10618
10629
10640
10651
10662
10672
10684
10695
10706
10717
10730
10741
10752
10763
10774
10786
10797
10808
10819
10832
10850
10861
10872
10884
10895
10907
10918
10929
10941
10952
10963
10974
10986
10997
11008
11019
11031
11041
11053
11064
11075
11086
11097
11108
11119
11131
11142
11153
11164
11175
11186
11196
11207
11218
11229
11240
11250
11261
11272
11282
11298
11309
11319
11330
11341
11352
11362
11373
11384
11395
11406
11417
11428
11439
11450
11461
11472
11482
11493
11504
11515
11526
11537
11548
11559
11570
11581
11592
11603
11614
11625
11636
11647
11658
11669
11680
11692
11703
11714
11725
11736
11748
11759
11770
11781
11792
11803
11814
11825
11837
11848
11865
11876
11887
11898
11909
11920
11931
11942
11953
11964
11975
11986
11997
12008
12020
12031
12041
12052
12063
12074
12085
12095
12106
12117
12129
12140
12151
12162
12173
12183
12195
12206
12217
12228
12239
12250
12261
12272
12283
12294
12305
12316
12327
12337
12348
12359
12370
12381
12391
12402
12413
12423
12434
12444
12459
12470
12480
12491
12502
12513
12524
12536
12549
12561
12572
12583
12595
12607
12618
12631
12642
12654
12666
12678
12690
12702
12715
12727
12739
12751
12763
12776
12788
12800
12812
12824
12835
12847
12859
12870
12882
12894
12905
12917
12929
12940
12952
12964
12975
12987
12998
13010
13022
13033
13048
13059
13072
13084
13095
13107
13126
13138
13150
13163
13174
13186
13198
13210
13222
13234
13246
13258
13271
13282
13294
13305
13317
13329
13340
13352
13365
13377
13389
13406
13418
13430
13442
13454
13466
13478
13490
13502
13515
13530
13543
13555
13567
13579
13591
13603
13615
13627
13639
13651
13663
13675
13687
13699
13712
13728
13738
13749
13759
13770
13781
13792
13802
13813
13824
13835
13846
13856
13867
13877
13887
13898
13908
13919
13929
13940
13950
13960
13971
13981
13992
14002
14013
14023
14033
14044
14054
14065
14075
14086
14097
14107
14118
14128
14139
14149
14160
14171
14182
14194
14205
14216
14227
14238
14249
14261
14276
14287
14298
14309
14320
14332
14343
14355
14366
14378
14389
14400
14411
14421
14432
14443
14454
14465
14476
14488
14499
14510
14520
14531
14543
14554
14565
14576
14587
14598
14609
14620
14631
14642
14654
14665
14676
14686
14697
14708
14719
14730
14741
14751
14762
14774
14785
14796
14808
14819
14831
14842
14856
14868
14879
14890
14902
14913
14924
14935
14950
14961
14972
14984
14995
15006
15018
15029
15040
15051
15062
15073
15084
15096
15107
15118
15130
15141
15152
15163
15174
15190
15201
15212
15223
15234
15245
15255
15271
15282
15294
15305
15316
15327
15338
15349
15361
15372
15383
15394
15405
15416
15428
15439
15450
15465
15476
15487
15498
15509
15520
15531
15542
15553
15566
15577
15588
15599
15611
15622
15633
15644
15655
15666
15677
15687
15698
15709
15720
15730
15741
15753
15764
15776
15787
15798
15809
15820
15832
15843
15854
15865
15876
15887
15898
15909
15920
15931
15942
15954
15964
15975
15986
15997
16008
16019
16031
16043
16055
16066
16078
16089
16100
16112
16123
16135
16146
16157
16169
16180
16192
16204
16216
16228
16240
16252
16263
16276
16288
16300
16312
16324
16336
16348
16360
16372
16384
16395
16407
16426
16438
16450
16462
16473
16485
16497
16509
16520
16532
16543
16555
16566
16578
16589
16601
16612
16624
16635
16647
16658
16670
16681
16693
16704
16715
16726
16737
16748
16759
16770
16782
16793
16804
16815
16826
16838
16849
16860
16871
16882
16893
16904
16916
16927
16938
16949
16960
16971
16982
16994
17006
17018
17030
17041
17052
17064
17076
17088
17100
17112
17124
17135
17148
17160
17172
17183
17195
17207
17219
17231
17243
17254
17267
17279
17290
17302
17314
17326
17338
17350
17362
17374
17389
17401
17413
17425
17437
17449
17461
17473
17484
17496
17507
17519
17531
17543
17555
17567
17580
17592
17604
17615
17627
17638
17650
17662
17673
17685
17696
17708
17719
17731
17750
17762
17775
17787
17800
17813
17825
17837
17849
17861
17873
17884
17897
17909
17921
17933
17945
17958
17971
17983
17996
18008
18020
18032
18043
18055
18066
18078
18090
18102
18114
18126
18138
18150
18162
18178
18190
18202
18215
18226
18238
18253
18264
18276
18288
18300
18311
18323
18335
18347
18359
18371
18383
18394
18407
18418
18431
18443
18455
18467
18479
18491
18503
18515
18526
18537
18549
18560
18572
18583
18594
18609
18620
18632
18643
18654
18665
18676
18687
18698
18708
18719
18730
18742
18752
18763
18773
18783
18793
18803
18814
18824
18834
18844
18855
18865
18875
18886
18896
18906
18917
18927
18937
18948
18963
18974
18985
18996
19007
19018
19030
19041
19052
19063
19073
19085
19096
19108
19120
19131
19143
19155
19167
19178
19190
19202
19214
19226
19238
19249
19261
19273
19284
19296
19308
19320
19332
19344
19355
19367
19379
19391
19403
19415
19428
19439
19451
19463
19475
19488
19499
19511
19523
19535
19547
19558
19570
19582
19594
19606
19618
19630
19641
19653
19665
19676
19688
19700
19712
19724
19736
19748
19760
19772
19784
19795
19807
19818
19836
19847
19859
19870
19882
19893
19905
19917
19928
19940
19952
19964
19975
19987
19998
20010
20022
20034
20046
20058
20070
20082
20094
20106
20118
20130
20142
20154
20166
20180
20192
20204
20216
20228
20240
20252
20265
20277
20292
20303
20315
20327
20338
20350
20361
20380
20392
20403
20415
20427
20439
20450
20462
20474
20485
20497
20509
20520
20532
20544
20556
20568
20580
20592
20604
20616
20628
20640
20652
20664
20676
20688
20699
20712
20730
20742
20754
20770
20782
20798
20810
20822
20834
20846
20858
20870
20882
20898
20910
20923
20935
20947
20959
20971
20983
20995
21008
21020
21032
21044
21056
21068
21080
21092
21103
21115
21126
21139
21151
21162
21174
21186
21198
21210
21222
21234
21246
21258
21271
21283
21295
21307
21319
21338
21350
21361
21373
21385
21396
21408
21420
21432
21444
21456
21471
21483
21496
21508
21520
21531
21543
21555
21567
21579
21590
21602
21614
21626
21637
21654
21666
21678
21690
21702
21715
21726
21739
21751
21763
21775
21787
21799
21811
21823
21835
21847
21859
21871
21883
21895
21907
21918
21930
21942
21954
21966
21979
21991
22003
22015
22027
22040
22051
22063
22075
22087
22099
22110
22122
22134
22146
22157
22169
22180
22192
22203
22215
22226
22238
22250
22262
22273
22286
22297
22309
22321
22333
22345
22357
22369
22381
22393
22405
22417
22429
22441
22453
22465
22476
22488
22500
22512
22523
22535
22547
22559
22571
22583
22595
22607
22619
22630
22644
22656
22668
22680
22692
22704
22715
22727
22739
22751
22763
22775
22787
22799
22810
22821
22833
22845
22857
22869
22881
22893
22905
22917
22929
22940
22952
22964
22976
22988
22999
23011
23023
23035
23047
23060
23071
23083
23095
23107
23119
23130
23142
23154
23166
23178
23190
23202
23215
23227
23239
23251
23263
23275
23287
23299
23311
23323
23335
23347
23359
23372
23384
23396
23408
23420
23432
23444
23456
23468
23480
23492
23504
23516
23528
23540
23558
23570
23582
23594
23606
23618
23630
23642
23653
23665
23677
23689
23701
23713
23724
23736
23748
23760
23772
23783
23793
23804
23815
23826
23837
23847
23858
23869
23882
23894
23906
23917
23930
23941
23953
23964
23976
23988
24000
24012
24024
24034
24044
24055
24065
24075
24086
24096
24107
24117
24127
24138
24148
24159
24169
24179
24190
24200
24210
24221
24232
24246
24258
24270
24282
24294
24305
24318
24330
24341
24353
24365
24377
24388
24400
24412
24424
24436
24448
24460
24472
24484
24497
24509
24521
24533
24544
24556
24568
24580
24592
24604
24616
24627
24639
24651
24663
24675
24688
24699
24711
24722
24733
24744
24756
24767
24779
24790
24802
24814
24826
24837
24849
24861
24879
24891
24903
24915
24927
24939
24950
24962
24974
24985
24997
25008
25021
25037
25049
25061
25073
25085
25097
25109
25121
25133
25145
25159
25171
25183
25195
25207
25219
25231
25244
25256
25268
25280
25292
25305
25317
25329
25341
25353
25365
25377
25394
25406
25418
25430
25442
25454
25467
25478
25490
25502
25514
25526
25539
25551
25562
25574
25586
25599
25610
25622
25634
25646
25658
25669
25681
25692
25704
25715
25726
25738
25750
25762
25774
25785
25797
25809
25822
25834
25845
25857
25868
25879
25891
25903
25915
25927
25939
25951
25963
25974
25986
25998
26011
26023
26035
26047
26058
26070
26082
26093
26105
26116
26127
26138
26149
26160
26171
26182
26194
26205
26216
26227
26239
26250
26262
26273
26285
26296
26308
26319
26331
26343
26355
26366
26377
26389
26400
26412
26424
26436
26447
26459
26470
26482
26494
26506
26518
26530
26543
26555
26566
26579
26591
26602
26615
26627
26639
26650
26663
26675
26686
26699
26711
26723
26735
26746
26758
26770
26782
26794
26806
26818
26830
26842
26855
26866
26878
26890
26903
26915
26927
26938
26950
26962
26973
26986
26998
27010
27021
27033
27045
27057
27070
27082
27094
27106
27118
27130
27142
27154
27167
27179
27190
27203
27215
27227
27239
27251
27263
27276
27288
27300
27312
27324
27336
27348
27362
27374
27386
27399
27412
27424
27436
27448
27461
27473
27485
27497
27508
27519
27531
27544
27556
27568
27580
27592
27604
27616
27629
27641
27653
27665
27677
27689
27701
27713
27725
27736
27748
27760
27772
27783
27795
27807
27819
27831
27843
27855
27867
27879
27896
27906
27917
27928
27939
27949
27960
27971
27982
27993
28004
28015
28026
28039
28050
28062
28074
28086
28097
28109
28120
28132
28143
28155
28167
28180
28191
28203
28215
28226
28238
28250
28261
28273
28285
28296
28308
28320
28331
28344
28356
28367
28379
28391
28402
28413
28425
28436
28448
28459
28471
28483
28495
28506
28518
28530
28542
28554
28565
28577
28588
28600
28611
28623
28634
28645
28656
28668
28679
28690
28702
28714
28730
28742
28753
28765
28776
28788
28799
28809
28819
28830
28840
28851
28861
28872
28882
28893
28903
28914
28924
28935
28945
28956
28966
28977
28987
28999
29009
29020
29030
29040
29051
29061
29071
29082
29092
29103
29113
29123
29134
29144
29154
29166
29177
29187
29198
29210
29220
29230
29241
29251
29262
29272
29283
29299
29310
29322
29333
29344
29355
29366
29377
29388
29400
29412
29423
29434
29445
29456
29467
29478
29490
29501
29512
29523
29535
29547
29559
29571
29583
29595
29606
29618
29630
29643
29655
29667
29679
29691
29703
29715
29727
29739
29751
29762
29774
29786
29798
29811
29823
29835
29847
29859
29871
29888
29902
29914
29926
29938
29950
29962
29974
29985
29998
30010
30022
30034
30046
30058
30070
30082
30094
30106
30119
30131
30143
30155
30167
30179
30191
30202
30214
30226
30239
30251
30263
30275
30287
30298
30310
30322
30334
30346
30358
30370
30383
30395
30408
30421
30433
30444
30456
30467
30483
30495
30507
30518
30530
30541
30553
30564
30576
30588
30600
30611
30622
30634
30646
30657
30669
30680
30692
30703
30718
30730
30741
30753
30764
30776
30788
30800
30812
30823
30835
30847
30858
30870
30881
30893
30904
30916
30927
30939
30951
30962
30974
30985
30997
31008
31020
31031
31045
31056
31067
31078
31089
31100
31112
31122
31133
31144
31156
31167
31178
31190
31201
31212
31223
31234
31245
31257
31269
31280
31291
31311
31322
31333
31345
31356
31367
31379
31390
31402
31417
31428
31440
31451
31463
31474
31486
31497
31509
31521
31533
31544
31556
31568
31581
31592
31604
31616
31628
31640
31652
31663
31675
31688
31699
31711
31723
31735
31747
31759
31771
31782
31794
31807
31819
31831
31843
31855
31867
31879
31891
31902
31914
31926
31937
31949
31961
31973
31984
31996
32008
32020
32031
32043
32055
32067
32079
32091
32102
32118
32130
32142
32154
32170
32182
32194
32205
32217
32229
32240
32251
32263
32275
32286
32298
32310
32321
32333
32345
32356
32368
32379
32391
32403
32415
32427
32438
32450
32462
32474
32486
32498
32510
32522
32534
32545
32557
32568
32579
32591
32603
32614
32628
32639
32651
32663
32674
32686
32698
32710
32721
32732
32743
32755
32766
32778
32790
32801
32813
32824
32836
32848
32860
32872
32883
32895
32907
32930
32942
32953
32965
32976
32988
32999
33010
33022
33033
33045
33057
33068
33080
33091
33103
33116
33128
33140
33153
33165
33177
33189
33201
33213
33225
33238
33251
33263
33276
33288
33301
33313
33325
33337
33349
33362
33374
33386
33398
33411
33423
33436
33452
33465
33477
33488
33500
33513
33526
33538
33551
33563
33576
33588
33600
33612
33625
33637
33648
33660
33672
33684
33695
33707
33719
33731
33743
33755
33767
33778
33790
33802
33819
33829
33839
33850
33860
33871
33882
33893
33903
33914
33925
33936
33946
33957
33968
33978
33989
34000
34010
34021
34031
34042
34052
34063
34074
34084
34095
34106
34116
34127
34138
34148
34159
34170
34181
34192
34204
34216
34226
34237
34247
34257
34267
34278
34288
34298
34308
34319
34329
34339
34350
34360
34370
34381
34391
34401
34412
34422
34433
34443
34454
34464
34475
34486
34496
34507
34517
34528
34538
34549
34560
34570
34581
34591
34603
34615
34626
34638
34649
34661
34672
34684
34695
34706
34718
34730
34741
34753
34764
34775
34787
34798
34809
34821
34833
34844
34856
34867
34879
34891
34902
34914
34926
34938
34949
34961
34972
34984
34995
35007
35019
35030
35042
35054
35065
35077
35088
35100
35111
35123
35136
35147
35159
35170
35182
35196
35208
35219
35231
35243
35256
35268
35280
35292
35305
35317
35329
35342
35354
35365
35377
35388
35399
35411
35422
35433
35444
35456
35468
35479
35491
35503
35515
35527
35539
35551
35562
35574
35586
35598
35609
35621
35633
35645
35656
35668
35680
35691
35703
35714
35726
35738
35749
35761
35773
35784
35796
35807
35819
35831
35843
35854
35866
35877
35889
35901
35912
35923
35935
35947
35958
35970
35982
35993
36005
36016
36028
36041
36053
36064
36076
36088
36099
36111
36123
36135
36146
36158
36170
36181
36193
36208
36220
36232
36244
36255
36267
36279
36291
36302
36314
36326
36338
36350
36362
36374
36387
36399
36411
36423
36435
36447
36458
36470
36481
36492
36504
36516
36527
36539
36551
36563
36574
36586
36598
36610
36621
36633
36644
36656
36667
36679
36690
36702
36713
36725
36736
36747
36759
36770
36782
36793
36805
36816
36828
36839
36851
36863
36875
36886
36898
36911
36923
36935
36947
36958
36971
36982
36994
37006
37018
37030
37041
37053
37065
37077
37088
37100
37112
37124
37135
37147
37158
37170
37181
37193
37205
37216
37228
37239
37251
37263
37275
37287
37298
37310
37322
37334
37345
37357
37369
37381
37393
37405
37416
37428
37440
37452
37463
37475
37487
37499
37510
37522
37534
37545
37557
37569
37581
37592
37604
37615
37627
37639
37651
37662
37674
37686
37698
37710
37721
37733
37745
37756
37768
37779
37791
37802
37813
37825
37837
37848
37859
37871
37883
37895
37906
37917
37929
37941
37952
37968
37979
37990
38002
38014
38026
38037
38049
38061
38072
38084
38096
38107
38119
38138
38150
38161
38173
38184
38196
38207
38219
38230
38241
38253
38266
38277
38289
38301
38312
38323
38335
38347
38358
38370
38382
38394
38405
38417
38428
38440
38452
38464
38476
38488
38500
38512
38526
38538
38549
38562
38574
38585
38597
38609
38621
38633
38645
38657
38668
38680
38691
38703
38715
38726
38738
38749
38761
38772
38784
38795
38807
38819
38830
38841
38851
38862
38872
38882
38893
38904
38916
38927
38938
38949
38960
38971
38983
38994
39005
39017
39028
39039
39054
39066
39079
39092
39103
39115
39127
39139
39151
39163
39175
39187
39198
39210
39222
39233
39245
39257
39269
39281
39293
39305
39317
39329
39341
39352
39366
39378
39390
39401
39412
39423
39434
39446
39457
39469
39481
39492
39503
39514
39526
39537
39548
39560
39575
39586
39598
39609
39620
39631
39643
39655
39667
39679
39691
39703
39715
39726
39738
39750
39761
39772
39784
39795
39806
39818
39830
39842
39854
39865
39877
39888
39900
39911
39922
39934
39946
39958
39969
39981
39992
40003
40015
40030
40042
40054
40067
40079
40091
40102
40114
40125
40137
40148
40159
40170
40182
40194
40206
40217
40229
40240
40252
40263
40275
40287
40299
40311
40323
40334
40346
40358
40369
40381
40392
40403
40415
40426
40438
40449
40462
40473
40484
40495
40507
40518
40529
40541
40552
40564
40575
40587
40599
40611
40622
40634
40646
40658
40669
40681
40692
40704
40715
40727
40739
40750
40762
40774
40785
40797
40809
40820
40833
40844
40857
40869
40880
40892
40907
40922
40937
40949
40961
40973
40985
40997
41008
41020
41032
41044
41055
41067
41080
41092
41104
41115
41127
41142
41154
41165
41177
41188
41200
41211
41223
41235
41246
41258
41269
41280
41291
41303
41314
41325
41336
41347
41359
41370
41381
41392
41404
41415
41427
41440
41451
41463
41475
41487
41498
41510
41521
41532
41544
41555
41567
41579
41590
41602
41613
41625
41637
41649
41660
41672
41684
41695
41708
41720
41732
41743
41755
41767
41779
41791
41803
41815
41827
41839
41851
41863
41875
41887
41899
41911
41923
41935
41947
41959
41971
41983
41995
42007
42019
42031
42043
42054
42066
42078
42090
42102
42113
42125
42137
42148
42160
42171
42183
42194
42206
42217
42229
42240
42252
42264
42275
42287
42299
42311
42323
42334
42346
42358
42370
42382
42393
42405
42416
42428
42439
42450
42462
42473
42484
42496
42507
42518
42530
42542
42553
42565
42576
42588
42599
42611
42622
42633
42644
42655
42666
42677
42688
42699
42711
42722
42733
42745
42756
42767
42778
42790
42802
42813
42824
42835
42846
42857
42868
42879
42890
42901
42913
42924
42935
42946
42957
42968
42979
42990
43002
43014
43026
43038
43050
43062
43074
43086
43098
43110
43122
43134
43146
43158
43170
43182
43194
43207
43219
43231
43244
43256
43268
43279
43291
43303
43315
43327
43339
43350
43362
43374
43386
43397
43409
43421
43432
43444
43455
43467
43479
43490
43502
43514
43525
43536
43547
43559
43571
43582
43593
43605
43616
43627
43638
43649
43660
43671
43682
43693
43704
43715
43726
43738
43749
43760
43772
43783
43794
43806
43817
43829
43840
43851
43861
43872
43882
43892
43903
43913
43923
43934
43944
43955
43965
43975
43986
43996
44007
44017
44028
44039
44049
44060
44071
44087
44099
44110
44121
44133
44145
44156
44168
44179
44191
44202
44214
44225
44237
44248
44260
44271
44282
44294
44305
44317
44328
44340
44351
44365
44376
44386
44396
44407
44417
44427
44437
44448
44458
44468
44478
44488
44499
44509
44519
44530
44540
44550
44560
44571
44581
44591
44602
44612
44623
44633
44643
44654
44664
44675
44685
44696
44706
44716
44727
44737
44747
44758
44768
44778
44789
44800
44811
44822
44832
44843
44854
44865
44876
44886
44897
44908
44919
44930
44940
44951
44962
44973
44984
44995
45006
45017
45027
45038
45049
45059
45070
45080
45091
45102
45113
45123
45134
45145
45156
45167
45178
45188
45199
45210
45221
45231
45242
45253
45264
45274
45285
45296
45307
45318
45328
45339
45350
45361
45371
45382
45393
45404
45415
45426
45436
45447
45458
45469
45480
45491
45502
45513
45524
45536
45547
45559
45571
45583
45595
45607
45618
45630
45642
45654
45667
45679
45692
45703
45715
45726
45739
45751
45763
45775
45786
45798
45811
45822
45834
45846
45858
45869
45881
45893
45905
45917
45929
45941
45953
45965
45976
45988
46000
46012
46023
46035
46046
46058
46070
46081
46093
46105
46116
46128
46139
46151
46162
46173
46185
46197
46208
46219
46232
46243
46255
46267
46278
46290
46301
46312
46323
46334
46345
46357
46368
46379
46390
46402
46414
46425
46437
46449
46461
46472
46483
46494
46506
46517
46528
46539
46549
46560
46571
46581
46592
46603
46613
46624
46635
46645
46656
46667
46677
46688
46699
46709
46720
46731
46741
46752
46763
46773
46784
46794
46805
46816
46826
46837
46848
46859
46869
46880
46890
46901
46911
46922
46933
46944
46955
46965
46976
46986
46997
47008
47018
47030
47041
47052
47063
47075
47086
47098
47109
47120
47131
47143
47154
47166
47177
47189
47200
47211
47223
47234
47246
47257
47268
47279
47291
47302
47313
47324
47336
47347
47358
47369
47380
47392
47403
47414
47425
47436
47447
47459
47470
47481
47492
47503
47514
47526
47537
47548
47559
47570
47581
47592
47603
47614
47626
47637
47648
47659
47670
47682
47693
47705
47716
47727
47739
47750
47762
47773
47784
47796
47807
47818
47829
47840
47852
47863
47875
47886
47898
47909
47921
47932
47943
47955
47966
47978
47990
48001
48013
48025
48036
48048
48060
48072
48083
48094
48105
48116
48127
48138
48150
48161
48172
48184
48195
48206
48217
48229
48240
48252
48263
48274
48285
48296
48307
48319
48330
48342
48353
48364
48376
48387
48398
48410
48421
48433
48444
48456
48468
48479
48491
48503
48514
48526
48537
48548
48560
48571
48583
48594
48606
48617
48629
48640
48651
48663
48674
48686
48697
48709
48720
48732
48743
48754
48765
48777
48788
48799
48810
48821
48833
48844
48855
48866
48876
48886
48897
48907
48917
48928
48938
48948
48959
48969
48979
48990
49000
49010
49021
49031
49041
49052
49062
49072
49083
49093
49103
49114
49124
49134
49144
49155
49165
49176
49186
49196
49207
49217
49228
49238
49249
49260
49271
49281
49292
49302
49313
49323
49334
49344
49355
49365
49376
49386
49397
49407
49418
49429
49439
49450
49460
49472
49483
49494
49506
49517
49527
49538
49548
49558
49569
49580
49590
49601
49611
49622
49632
49643
49653
49664
49675
49685
49696
49707
49718
49729
49740
49751
49762
49772
49783
49794
49805
49816
49828
49840
49854
49865
49876
49887
49899
49911
49923
49935
49946
49957
49969
49981
49993
50004
50015
50027
50038
50049
50061
50072
50083
50094
50106
50126
50138
50150
50162
50174
50186
50198
50210
50222
50234
50246
50258
50270
50282
50295
50307
50319
50331
50342
50354
50365
50376
50388
50399
50410
50422
50434
50446
50457
50469
50480
50491
50502
50514
50526
50537
50549
50561
50572
50584
50596
50607
50619
50631
50642
50654
50665
50678
50690
50701
50713
50724
50735
50747
50758
50769
50780
50792
50803
50814
50826
50838
50849
50861
50873
50885
50897
50908
50920
50931
50943
50954
50968
50980
50991
51003
51014
51026
51038
51049
51060
51072
51083
51095
51106
51117
51128
51140
51151
51162
51174
51185
51199
51211
51222
51234
51245
51257
51268
51279
51290
51302
51314
51325
51337
51348
51359
51371
51382
51394
51405
51416
51428
51439
51450
51462
51473
51484
51495
51506
51517
51528
51539
51549
51560
51571
51581
51593
51604
51614
51625
51637
51648
51659
51670
51680
51692
51703
51714
51725
51736
51747
51758
51769
51781
51792
51803
51814
51825
51835
51847
51858
51869
51880
51891
51902
51913
51924
51934
51945
51956
51967
51978
51988
51999
52010
52021
52032
52043
52054
52065
52076
52087
52098
52108
52119
52130
52141
52152
52163
52173
52184
52195
52205
52216
52226
52237
52248
52259
52269
52280
52291
52301
52312
52323
52334
52344
52355
52366
52377
52388
52398
52409
52420
52431
52442
52452
52463
52474
52485
52496
52508
52519
52530
52542
52554
52565
52577
52588
52600
52612
52624
52635
52648
52659
52670
52682
52694
52706
52718
52729
52741
52753
52765
52777
52788
52800
52812
52823
52834
52846
52858
52869
52881
52892
52904
52915
52927
52942
52954
52966
52978
52990
53001
53013
53025
53036
53047
53058
53069
53080
53091
53102
53113
53124
53135
53146
53157
53167
53178
53188
53199
53210
53221
53232
53243
53254
53265
53276
53287
53298
53309
53320
53330
53341
53352
53363
53374
53385
53396
53407
53418
53429
53440
53451
53462
53473
53483
53494
53505
53516
53527
53538
53549
53561
53572
53583
53594
53605
53616
53627
53638
53649
53659
53670
53681
53692
53703
53713
53724
53735
53746
53757
53768
53778
53790
53801
53812
53823
53833
53844
53855
53865
53880
53890
53900
53911
53921
53931
53941
53952
53962
53972
53983
53993
54003
54013
54024
54034
54045
54055
54065
54075
54085
54096
54106
54116
54127
54137
54147
54157
54168
54178
54188
54199
54209
54220
54230
54240
54251
54261
54272
54282
54292
54303
54313
54324
54334
54344
54355
54365
54376
54386
54396
54407
54417
54428
54438
54449
54460
54470
54481
54492
54503
54514
54524
54535
54545
54555
54565
54576
54586
54596
54607
54617
54627
54637
54648
54658
54668
54679
54689
54699
54710
54720
54731
54741
54752
54762
54773
54784
54795
54806
54816
54827
54838
54849
54859
54870
54881
54891
54903
54915
54927
54938
54949
54961
54973
54985
54999
55011
55023
55035
55047
55058
55070
55082
55094
55106
55117
55129
55141
55153
55164
55176
55188
55199
55211
55222
55234
55246
55258
55270
55281
55292
55304
55315
55327
55339
55350
55362
55373
55385
55396
55408
55419
55431
55443
55454
55466
55477
55489
55500
55511
55523
55534
55545
55557
55568
55579
55590
55602
55613
55624
55635
55646
55657
55669
55680
55691
55702
55714
55725
55736
55747
55758
55769
55780
55790
55801
55812
55823
55833
55844
55855
55867
55877
55888
55899
55911
55922
55933
55944
55955
55966
55977
55989
56000
56012
56023
56034
56046
56058
56071
56082
56094
56106
56118
56130
56142
56154
56166
56178
56190
56201
56213
56224
56236
56247
56260
56271
56283
56295
56307
56319
56331
56343
56354
56366
56378
56389
56401
56413
56425
56436
56448
56459
56471
56483
56495
56507
56518
56530
56542
56553
56564
56576
56587
56599
56610
56622
56634
56645
56656
56667
56679
56690
56701
56712
56724
56735
56746
56758
56770
56782
56793
56804
56815
56826
56837
56848
56860
56871
56882
56893
56905
56916
56927
56939
56950
56961
56972
56983
56995
57007
57018
57030
57042
57054
57066
57078
57089
57101
57113
57124
57135
57147
57159
57171
57183
57195
57206
57218
57230
57242
57254
57265
57277
57291
57303
57315
57327
57339
57350
57362
57374
57385
57396
57408
57420
57432
57444
57455
57467
57478
57490
57501
57513
57524
57536
57548
57560
57572
57583
57595
57607
57619
57631
57643
57656
57668
57680
57692
57704
57715
57727
57739
57752
57764
57776
57788
57801
57814
57827
57839
57850
57862
57874
57886
57898
57909
57921
57933
57946
57958
57971
57983
57995
58007
58019
58030
58042
58054
58066
58078
58090
58102
58114
58125
58137
58149
58160
58171
58183
58194
58205
58216
58227
58238
58249
58260
58271
58282
58294
58305
58316
58327
58338
58349
58360
58370
58382
58393
58404
58415
58426
58437
58448
58459
58470
58481
58491
58502
58513
58525
58536
58547
58559
58570
58580
58591
58602
58614
58624
58635
58646
58657
58667
58678
58689
58700
58711
58722
58733
58744
58755
58766
58777
58790
58802
58813
58824
58835
58845
58856
58867
58877
58888
58902
58912
58922
58933
58943
58953
58963
58974
58984
58995
59006
59017
59028
59039
59050
59062
59073
59084
59095
59106
59117
59128
59139
59150
59161
59172
59183
59194
59206
59217
59227
59239
59250
59261
59272
59282
59294
59305
59316
59329
59340
59352
59363
59374
59386
59396
59407
59418
59429
59440
59451
59462
59473
59484
59495
59506
59517
59528
59539
59551
59562
59573
59583
59594
59605
59616
59627
59638
59650
59661
59672
59683
59693
59704
59715
59726
59737
59748
59759
59770
59780
59791
59802
59813
59824
59835
59846
59857
59868
59879
59890
59901
59912
59923
59935
59946
59957
59968
59979
59990
60001
60012
60023
60035
60046
60058
60070
60081
60092
60103
60116
60127
60138
60150
60161
60172
60183
60195
60206
60217
60229
60240
60251
60263
60274
60286
60297
60308
60319
60330
60342
60353
60365
60376
60387
60398
60409
60420
60432
60443
60454
60466
60477
60488
60499
60511
60522
60533
60545
60556
60567
60579
60590
60602
60614
60625
60637
60648
60660
60671
60683
60694
60706
60718
60729
60741
60752
60764
60775
60787
60798
60810
60821
60832
60846
60858
60869
60880
60892
60903
60914
60925
60937
60948
60960
60971
60983
60994
61006
61018
61029
61041
61052
61064
61075
61086
61098
61109
61121
61132
61144
61155
61167
61179
61190
61202
61214
61225
61237
61248
61260
61272
61286
61296
61307
61317
61328
61338
61348
61359
61369
61380
61390
61401
61412
61424
61436
61446
61457
61467
61478
61488
61499
61510
61520
61532
61544
61555
61567
61579
61591
61603
61615
61626
61638
61649
61661
61673
61686
61698
61711
61723
61736
61748
61760
61772
61784
61796
61808
61820
61835
61847
61860
61872
61885
61898
61916
61928
61940
61952
61964
61976
61990
62006
62018
62030
62043
62055
62067
62079
62090
62101
62113
62124
62136
62148
62159
62170
62181
62193
62204
62215
62227
62238
62249
62261
62272
62283
62295
62307
62318
62330
62341
62353
62364
62375
62387
62398
62409
62421
62432
62443
62455
62466
62477
62489
62500
62511
62522
62533
62544
62556
62567
62578
62589
62600
62612
62623
62634
62646
62657
62668
62680
62692
62704
62715
62727
62738
62750
62761
62773
62785
62796
62807
62819
62831
62842
62853
62865
62876
62887
62898
62910
62921
62933
62944
62955
62967
62978
62990
63001
63013
63024
63036
63047
63058
63070
63081
63093
63104
63115
63126
63137
63149
63160
63171
63183
63194
63205
63216
63228
63238
63250
63261
63272
63283
63294
63306
63317
63329
63340
63351
63363
63374
63386
63397
63408
63420
63431
63442
63459
63470
63482
63498
63509
63520
63534
63546
63558
63570
63582
63593
63605
63617
63629
63640
63652
63663
63674
63686
63697
63709
63721
63732
63743
63755
63767
63779
63790
63802
63814
63826
63838
63849
63861
63873
63884
63896
63907
63917
63927
63938
63948
63959
63969
63980
63990
64001
64011
64022
64032
64043
64054
64064
64074
64086
64096
64108
64118
64129
64140
64151
64162
64173
64184
64195
64206
64217
64227
64239
64251
64263
64275
64288
64299
64312
64324
64336
64348
64361
64373
64384
64394
64405
64416
64429
64441
64453
64466
64479
64491
64504
64516
64528
64541
64554
64567
64579
64592
64605
64618
64631
64644
64656
64668
64680
64691
64701
64711
64722
64732
64742
64753
64763
64774
64784
64794
64805
64815
64825
64836
64846
64856
64867
64878
64889
64899
64910
64921
64932
64943
64954
64964
64975
64986
64998
65011
65023
65034
65045
65057
65068
65080
65092
65103
65114
65126
65137
65149
65160
65172
65183
65195
65206
65218
65229
65240
65252
65263
65274
65285
65296
65308
65319
65330
65342
65353
65365
65376
65388
65399
65411
65422
65433
65445
65456
65468
65479
65490
65502
65513
65524
65536
65548
65559
65571
65582
65594
65605
65617
65628
65640
65652
65664
65675
65687
65698
65709
65721
65732
65743
65755
65766
65778
65790
65802
65815
65826
65838
65850
65861
65873
65884
65896
65907
65918
65931
65947
65958
65970
65982
65994
66005
66017
66028
66038
66049
66060
66071
66082
66093
66104
66115
66126
66136
66147
66157
66168
66179
66190
66201
66212
66222
66233
66244
66255
66265
66278
66289
66300
66310
66321
66332
66345
66356
66366
66377
66388
66398
66409
66420
66430
66441
66452
66463
66474
66484
66495
66506
66517
66528
66539
66550
66561
66572
66583
66593
66604
66616
66627
66638
66648
66659
66670
66681
66692
66703
66714
66725
66736
66747
66757
66768
66779
66789
66800
66811
66821
66832
66842
66853
66864
66874
66885
66896
66906
66917
66928
66938
66949
66960
66971
66981
66992
67003
67014
67024
67036
67048
67059
67070
67082
67093
67105
67117
67130
67142
67153
67165
67177
67188
67199
67211
67223
67235
67247
67258
67270
67281
67293
67305
67317
67328
67340
67351
67363
67375
67387
67398
67410
67422
67433
67445
67456
67468
67480
67491
67503
67515
67526
67538
67549
67561
67573
67584
67596
67608
67620
67632
67644
67655
67667
67678
67690
67701
67713
67725
67736
67748
67760
67771
67783
67795
67806
67818
67830
67842
67854
67866
67878
67890
67901
67913
67925
67937
67949
67960
67972
67984
67995
68007
68021
68032
68043
68054
68065
68076
68087
68098
68109
68120
68131
68142
68153
68164
68175
68186
68197
68208
68219
68230
68241
68253
68264
68275
68286
68297
68308
68319
68330
68341
68352
68363
68374
68385
68396
68407
68417
68428
68439
68450
68462
68473
68484
68495
68506
68517
68528
68539
68549
68560
68571
68582
68593
68604
68615
68625
68636
68647
68658
68669
68680
68691
68702
68713
68724
68735
68746
68757
68768
68779
68789
68800
68811
68822
68833
68844
68855
68866
68876
68887
68898
68909
68920
68930
68940
68950
68961
68971
68981
68991
69002
69012
69022
69032
69043
69053
69064
69074
69085
69095
69106
69116
69126
69137
69147
69157
69168
69178
69188
69199
69209
69220
69230
69240
69251
69262
69272
69283
69294
69304
69315
69325
69336
69346
69357
69368
69378
69389
69399
69410
69421
69431
69442
69452
69463
69473
69484
69494
69505
69516
69526
69538
69549
69560
69571
69583
69594
69606
69617
69629
69641
69652
69664
69676
69687
69699
69710
69721
69732
69744
69755
69767
69778
69790
69801
69813
69824
69835
69847
69858
69868
69879
69889
69900
69911
69921
69932
69942
69953
69963
69974
69984
69995
70006
70016
70027
70037
70048
70058
70069
70079
70090
70101
70111
70121
70132
70142
70153
70164
70175
70185
70196
70206
70217
70227
70238
70248
70259
70270
70280
70291
70301
70312
70323
70333
70344
70354
70365
70377
70387
70399
70410
70422
70432
70443
70454
70464
70475
70486
70498
70508
70519
70530
70542
70552
70563
70574
70584
70595
70607
70619
70630
70641
70653
70664
70676
70687
70699
70711
70723
70735
70746
70759
70770
70782
70794
70806
70818
70830
70842
70854
70866
70878
70890
70902
70914
70926
70938
70949
70960
70970
70982
70993
71005
71017
71028
71044
71056
71068
71079
71091
71103
71115
71126
71138
71150
71166
71178
71190
71202
71215
71227
71239
71251
71268
71280
71293
71305
71316
71328
71340
71352
71364
71375
71388
71400
71411
71423
71435
71447
71459
71471
71483
71495
71507
71519
71531
71543
71555
71567
71579
71591
71603
71615
71627
71639
71651
71663
71675
71687
71699
71710
71723
71735
71747
71758
71770
71782
71794
71806
71818
71830
71841
71853
71865
71876
71888
71900
71912
71923
71935
71947
71959
71971
71982
71994
72005
72017
72029
72040
72052
72063
72075
72089
72100
72112
72124
72136
72148
72160
72172
72183
72195
72207
72220
72231
72244
72256
72269
72281
72293
72305
72317
72332
72344
72355
72368
72382
72395
72407
72420
72433
72445
72457
72470
72482
72495
72507
72519
72532
72544
72556
72569
72581
72593
72606
72618
72631
72643
72655
72667
72679
72691
72703
72715
72726
72738
72750
72762
72774
72786
72797
72810
72821
72833
72844
72856
72867
72879
72891
72903
72914
72926
72938
72950
72961
72973
72985
72996
73008
73020
73031
73042
73053
73064
73075
73086
73098
73109
73120
73131
73142
73153
73164
73175
73186
73197
73208
73219
73230
73241
73252
73263
73274
73285
73296
73307
73318
73329
73340
73351
73362
73373
73384
73395
73406
73417
73428
73439
73450
73461
73472
73483
73494
73505
73516
73528
73539
73550
73561
73583
73596
73608
73619
73631
73642
73653
73665
73676
73692
73704
73718
73734
73745
73756
73768
73779
73791
73802
73813
73824
73836
73847
73858
73870
73881
73892
73904
73915
73928
73938
73948
73959
73969
73980
73990
74000
74011
74021
74032
74042
74053
74063
74074
74084
74096
74107
74117
74128
74138
74148
74159
74169
74183
74193
74204
74214
74226
74236
74247
74258
74268
74279
74290
74300
74311
74323
74333
74344
74355
74365
74376
74386
74396
74407
74417
74428
74438
74448
74459
74469
74480
74491
74501
74512
74523
74534
74544
74555
74566
74576
74587
74598
74608
74619
74630
74640
74651
74662
74673
74683
74694
74705
74715
74726
74737
74747
74758
74768
74779
74791
74801
74813
74824
74836
74846
74856
74867
74877
74887
74898
74908
74918
74929
74939
74949
74959
74970
74980
74990
75001
75011
75022
75032
75042
75053
75063
75073
75084
75094
75111
75125
75137
75148
75161
75173
75185
75197
75208
75219
75231
75243
75254
75270
75282
75294
75306
75318
75330
75342
75354
75366
75379
75391
75403
75415
75427
75438
75449
75460
75472
75484
75495
75507
75519
75530
75541
75551
75562
75573
75584
75595
75607
75618
75629
75640
75651
75662
75673
75683
75694
75705
75716
75727
75738
75749
75760
75771
75782
75793
75804
75815
75825
75836
75847
75858
75868
75879
75890
75901
75912
75922
75933
75944
75955
75965
75976
75987
75998
76009
76020
76031
76042
76053
76064
76075
76086
76097
76108
76118
76129
76140
76151
76163
76174
76185
76196
76207
76218
76229
76240
76251
76262
76273
76284
76295
76306
76317
76328
76339
76350
76361
76371
76382
76393
76404
76415
76427
76438
76449
76459
76471
76482
76493
76504
76515
76526
76538
76550
76561
76572
76583
76597
76611
76622
76633
76644
76659
76670
76681
76692
76703
76714
76725
76736
76747
76758
76769
76780
76791
76802
76813
76824
76840
76851
76862
76873
76884
76896
76907
76918
76929
76940
76952
76963
76973
76984
76996
77007
77018
77029
77040
77051
77063
77074
77085
77096
77107
77118
77129
77140
77151
77163
77175
77187
77199
77211
77223
77234
77247
77258
77270
77280
77291
77303
77314
77325
77336
77347
77358
77369
77380
77391
77402
77413
77425
77436
77447
77458
77469
77480
77491
77504
77515
77526
77537
77548
77559
77570
77580
77591
77603
77614
77625
77636
77648
77659
77670
77681
77692
77703
77714
77725
77736
77747
77758
77769
77780
77791
77801
77812
77823
77834
77845
77856
77867
77879
77890
77901
77912
77923
77934
77945
77956
77967
77978
77989
78001
78012
78023
78034
78045
78056
78067
78078
78090
78101
78111
78122
78133
78144
78155
78166
78178
78189
78200
78211
78222
78233
78244
78255
78266
78277
78288
78299
78310
78321
78332
78343
78354
78365
78375
78387
78398
78409
78420
78431
78442
78453
78464
78475
78486
78498
78509
78519
78530
78541
78552
78563
78574
78586
78597
78608
78619
78630
78641
78652
78663
78674
78685
78696
78707
78718
78729
78740
78751
78762
78773
78784
78795
78806
78817
78828
78839
78850
78861
78872
78882
78893
78904
78915
78926
78940
78950
78960
78970
78981
78991
79001
79012
79022
79032
79042
79053
79063
79073
79083
79094
79104
79114
79124
79135
79145
79155
79165
79176
79186
79196
79206
79217
79227
79237
79248
79258
79268
79279
79289
79299
79310
79320
79330
79341
79351
79361
79372
79382
79392
79403
79413
79424
79434
79444
79455
79465
79475
79486
79496
79506
79517
79527
79537
79548
79558
79568
79578
79589
79599
79609
79620
79630
79640
79651
79661
79671
79682
79692
79703
79713
79723
79734
79745
79756
79767
79778
79788
79799
79810
79821
79832
79842
79853
79864
79875
79885
79897
79908
79918
79930
79940
79951
79962
79973
79984
79995
80006
80016
80027
80039
80049
80059
80070
80080
80090
80100
80111
80121
80131
80141
80152
80162
80172
80182
80193
80203
80213
80224
80234
80245
80255
80265
80276
80286
80297
80307
80317
80328
80338
80349
80359
80370
80380
80391
80401
80412
80422
80432
80443
80453
80464
80474
80485
80495
80505
80516
80526
80537
80548
80558
80570
80582
80593
80605
80616
80628
80640
80651
80663
80676
80688
80699
80711
80723
80734
80746
80757
80769
80781
80793
80806
80817
80829
80840
80852
80863
80875
80886
80898
80910
80921
80933
80945
80957
80969
80981
80993
81004
81015
81026
81037
81048
81059
81070
81081
81092
81104
81115
81126
81136
81147
81158
81169
81180
81191
81202
81213
81223
81234
81245
81256
81268
81279
81290
81301
81312
81323
81334
81345
81357
81367
81378
81389
81400
81411
81422
81433
81444
81455
81466
81477
81488
81499
81510
81521
81533
81545
81556
81568
81580
81592
81603
81615
81627
81639
81651
81664
81675
81687
81698
81710
81721
81733
81744
81756
81767
81779
81791
81802
81813
81825
81836
81847
81859
81871
81882
81894
81906
81917
81929
81941
81952
81964
81976
81988
81999
82011
82022
82034
82045
82057
82071
82082
82093
82105
82117
82129
82140
82152
82163
82174
82185
82196
82207
82219
82230
82242
82254
82265
82276
82288
82299
82311
82322
82334
82346
82357
82368
82380
82391
82402
82413
82425
82437
82448
82459
82470
82482
82493
82504
82516
82526
82537
82548
82560
82570
82582
82592
82603
82614
82625
82636
82648
82659
82669
82680
82691
82702
82713
82724
82734
82745
82756
82766
82777
82788
82799
82810
82821
82832
82843
82854
82865
82876
82887
82898
82910
82921
82932
82943
82954
82965
82976
82987
82998
83009
83020
83031
83043
83054
83066
83079
83091
83103
83115
83127
83139
83150
83162
83174
83185
83197
83208
83220
83231
83242
83254
83266
83278
83290
83301
83313
83325
83336
83348
83360
83372
83383
83395
83407
83418
83430
83442
83453
83465
83476
83488
83499
83511
83522
83533
83544
83555
83566
83577
83588
83599
83610
83621
83632
83643
83654
83665
83675
83686
83697
83708
83719
83730
83741
83752
83762
83774
83784
83796
83807
83818
83829
83840
83851
83862
83873
83884
83895
83906
83917
83928
83939
83950
83960
83971
83981
83991
84002
84012
84022
84032
84043
84053
84063
84073
84083
84094
84104
84114
84125
84135
84145
84156
84166
84176
84186
84197
84207
84217
84228
84238
84248
84259
84269
84279
84290
84300
84310
84321
84331
84341
84351
84362
84372
84382
84392
84403
84413
84423
84434
84444
84454
84464
84475
84485
84495
84506
84516
84527
84537
84547
84558
84568
84579
84589
84599
84610
84620
84631
84641
84651
84662
84672
84682
84693
84703
84714
84724
84735
84745
84755
84766
84776
84787
84798
84809
84819
84830
84841
84852
84863
84874
84885
84896
84907
84918
84928
84940
84951
84962
84973
84984
85000
85011
85022
85034
85056
85066
85076
85087
85097
85107
85118
85128
85138
85148
85158
85169
85179
85189
85200
85210
85220
85230
85241
85251
85262
85272
85282
85293
85303
85313
85324
85334
85344
85355
85365
85375
85386
85396
85407
85417
85428
85438
85449
85459
85469
85480
85490
85501
85511
85522
85532
85543
85553
85564
85575
85585
85596
85607
85618
85629
85639
85650
85661
85671
85682
85693
85703
85714
85725
85735
85746
85757
85767
85778
85788
85799
85812
85824
85836
85847
85859
85870
85882
85894
85907
85919
85930
85940
85951
85963
85974
85986
86001
86012
86024
86035
86046
86057
86068
86080
86091
86102
86113
86124
86135
86146
86157
86168
86179
86190
86201
86212
86223
86234
86245
86256
86267
86278
86289
86300
86311
86322
86333
86344
86355
86367
86378
86389
86400
86411
86422
86433
86444
86454
86464
86475
86486
86497
86508
86519
86530
86541
86551
86562
86573
86584
86595
86606
86617
86628
86640
86651
86662
86673
86684
86695
86707
86718
86729
86740
86752
86763
86774
86785
86796
86807
86818
86829
86840
86851
86861
86872
86884
86895
86906
86917
86928
86939
86950
86961
86972
86983
86994
87005
87016
87027
87039
87050
87062
87073
87084
87095
87107
87118
87129
87141
87152
87163
87175
87186
87198
87209
87220
87231
87242
87253
87265
87277
87288
87299
87310
87322
87334
87345
87357
87368
87380
87391
87402
87413
87425
87436
87447
87459
87470
87481
87493
87504
87516
87528
87539
87551
87563
87574
87586
87597
87609
87621
87633
87645
87657
87669
87681
87692
87704
87715
87727
87738
87750
87762
87774
87785
87797
87808
87820
87831
87846
87857
87869
87880
87892
87903
87914
87924
87935
87947
87958
87969
87980
87992
88003
88015
88026
88038
88049
88061
88072
88084
88096
88112
88123
88135
88147
88158
88170
88182
88194
88206
88218
88230
88242
88253
88265
88277
88288
88300
88311
88323
88335
88347
88358
88370
88382
88394
88406
88418
88429
88441
88453
88464
88476
88487
88499
88510
88523
88534
88545
88556
88567
88577
88589
88601
88611
88622
88633
88644
88655
88666
88677
88688
88699
88710
88721
88732
88743
88754
88764
88775
88786
88797
88808
88819
88829
88840
88851
88862
88873
88884
88895
88906
88916
88927
88939
88950
88960
88971
88981
88991
89001
89012
89022
89032
89043
89053
89064
89074
89085
89095
89105
89116
89126
89136
89147
89157
89168
89178
89188
89199
89209
89219
89230
89240
89250
89261
89271
89282
89292
89302
89313
89323
89334
89344
89354
89365
89375
89386
89396
89407
89417
89428
89438
89449
89459
89469
89480
89491
89501
89512
89523
89533
89544
89554
89565
89576
89586
89597
89608
89618
89629
89639
89650
89661
89671
89682
89692
89702
89713
89723
89734
89744
89755
89765
89776
89787
89797
89808
89818
89830
89841
89853
89864
89876
89888
89904
89922
89933
89945
89959
89971
89982
89993
90005
90017
90028
90039
90050
90061
90072
90083
90094
90105
90116
90127
90139
90150
90160
90170
90180
90191
90201
90211
90222
90232
90242
90252
90263
90273
90283
90293
90304
90314
90324
90335
90345
90355
90365
90376
90386
90396
90406
90416
90427
90437
90447
90458
90468
90478
90488
90499
90509
90519
90530
90540
90551
90561
90571
90582
90592
90602
90613
90623
90634
90645
90656
90667
90678
90689
90699
90710
90721
90731
90742
90753
90764
90775
90786
90797
90808
90819
90830
90841
90852
90863
90874
90884
90895
90906
90917
90928
90939
90950
90961
90972
90983
90994
91005
91016
91028
91040
91051
91063
91075
91087
91098
91110
91122
91133
91144
91156
91167
91179
91191
91203
91214
91226
91238
91250
91263
91276
91288
91300
91312
91325
91337
91350
91363
91375
91387
91399
91412
91423
91435
91447
91460
91472
91484
91496
91509
91521
91532
91544
91557
91569
91580
91593
91605
91617
91629
91642
91654
91666
91678
91690
91702
91714
91726
91738
91751
91763
91775
91787
91800
91812
91824
91836
91848
91861
91872
91884
91896
91907
91919
91932
91943
91955
91967
91979
91991
92003
92015
92026
92038
92050
92062
92074
92086
92097
92109
92120
92132
92143
92155
92168
92180
92192
92203
92215
92228
92239
92251
92263
92275
92287
92300
92312
92324
92336
92347
92360
92372
92384
92395
92406
92417
92427
92439
92449
92460
92471
92483
92494
92506
92518
92528
92539
92549
92560
92570
92581
92592
92603
92614
92624
92635
92646
92657
92668
92679
92690
92701
92712
92723
92733
92744
92755
92766
92776
92787
92798
92809
92820
92831
92842
92853
92864
92875
92886
92898
92909
92920
92931
92943
92954
92965
92975
92986
92997
93008
93019
93030
93041
93053
93064
93075
93087
93098
93109
93121
93132
93144
93156
93168
93180
93192
93204
93215
93227
93239
93250
93262
93274
93285
93298
93310
93321
93333
93345
93357
93369
93380
93391
93403
93414
93425
93437
93449
93460
93472
93483
93495
93507
93519
93531
93543
93556
93569
93585
93597
93608
93619
93630
93642
93653
93664
93675
93686
93697
93708
93719
93730
93741
93752
93763
93774
93784
93795
93806
93817
93828
93838
93849
93860
93871
93882
93893
93904
93915
93925
93936
93947
93958
93969
93979
93990
94000
94010
94020
94031
94041
94051
94061
94071
94082
94092
94102
94112
94123
94133
94143
94153
94164
94174
94184
94194
94205
94215
94225
94235
94245
94256
94266
94276
94287
94297
94307
94317
94327
94338
94348
94358
94368
94379
94389
94399
94409
94420
94430
94440
94450
94461
94471
94481
94491
94501
94512
94522
94532
94542
94553
94563
94573
94584
94594
94604
94615
94625
94635
94646
94656
94667
94677
94688
94698
94709
94719
94729
94740
94750
94761
94771
94781
94792
94802
94813
94823
94834
94844
94855
94865
94876
94886
94897
94908
94918
94929
94940
94951
94961
94972
94982
94993
95004
95015
95025
95036
95046
95056
95067
95077
95087
95098
95108
95118
95129
95139
95149
95160
95170
95180
95191
95201
95211
95221
95231
95242
95252
95262
95272
95283
95293
95303
95313
95324
95334
95344
95355
95365
95375
95385
95396
95406
95416
95427
95437
95447
95458
95468
95478
95488
95499
95509
95519
95530
95540
95551
95561
95572
95582
95592
95603
95613
95623
95634
95644
95655
95665
95675
95686
95696
95707
95717
95727
95738
95748
95758
95769
95779
95790
95800
95810
95821
95831
95841
95852
95862
95872
95882
95893
95903
95913
95923
95934
95944
95954
95965
95975
95985
95995
96006
96016
96026
96036
96047
96057
96067
96078
96088
96098
96109
96119
96130
96141
96152
96163
96174
96185
96196
96207
96218
96230
96241
96252
96264
96274
96285
96296
96307
96318
96329
96340
96351
96362
96373
96384
96394
96405
96416
96427
96438
96449
96459
96470
96481
96492
96503
96514
96525
96537
96549
96561
96573
96584
96596
96608
96620
96631
96643
96654
96666
96678
96689
96701
96712
96724
96736
96747
96759
96771
96782
96793
96805
96816
96828
96839
96850
96862
96874
96886
96897
96909
96921
96932
96944
96955
96967
96979
96990
97002
97015
97026
97038
97049
97060
97070
97081
97092
97103
97114
97125
97136
97147
97158
97169
97180
97191
97202
97215
97227
97240
97252
97264
97275
97286
97297
97308
97319
97330
97341
97352
97363
97374
97385
97396
97407
97418
97429
97440
97451
97462
97473
97483
97494
97505
97516
97527
97538
97549
97559
97570
97581
97592
97603
97614
97624
97635
97646
97656
97667
97678
97689
97700
97711
97721
97732
97743
97754
97765
97775
97786
97797
97808
97819
97829
97840
97851
97861
97872
97883
97893
97904
97914
97925
97936
97946
97957
97967
97977
97987
97998
98008
98018
98028
98038
98049
98059
98069
98079
98090
98100
98110
98120
98131
98141
98151
98161
98172
98182
98192
98202
98213
98224
98234
98245
98256
98267
98278
98288
98299
98310
98320
98331
98341
98352
98363
98374
98385
98396
98407
98418
98429
98440
98451
98462
98472
98483
98494
98505
98515
98527
98538
98550
98562
98573
98584
98597
98608
98619
98630
98642
98653
98665
98677
98689
98701
98713
98724
98735
98747
98758
98770
98782
98793
98804
98816
98827
98839
98850
98862
98873
98885
98896
98908
98920
98931
98943
98954
98966
98977
98988
98998
99009
99019
99030
99040
99051
99061
99072
99083
99093
99104
99114
99126
99137
99149
99161
99173
99185
99196
99209
99221
99233
99245
99257
99269
99280
99292
99305
99316
99328
99340
99352
99364
99376
99387
99399
99411
99423
99435
99447
99458
99471
99483
99496
99508
99520
99533
99545
99557
99569
99582
99594
99607
99619
99632
99644
99657
99670
99682
99695
99707
99719
99731
99744
99756
99768
99780
99792
99805
99817
99829
99842
99854
99865
99877
99888
99899
99910
99922
99933
99944
99955
99966
99978
99989
100000
100013
100025
100037
100049
100061
100073
100086
100098
100110
100122
100135
100147
100159
100171
100184
100195
100207
100220
100232
100245
100255
100266
100276
100287
100297
100308
100318
100328
100339
100349
100360
100370
100381
100391
100402
100412
100423
100433
100444
100454
100464
100475
100485
100495
100505
100515
100526
100536
100546
100557
100567
100577
100587
100598
100608
100619
100629
100639
100650
100660
100671
100681
100692
100702
100712
100723
100733
100743
100754
100764
100775
100785
100796
100807
100818
100829
100840
100851
100862
100872
100883
100895
100907
100918
100928
100939
100949
100960
100970
100980
100990
101001
101011
101022
101033
101044
101055
101066
101077
101088
101099
101110
101120
101131
101142
101153
101164
101176
101186
101198
101208
101219
101230
101241
101252
101263
101274
101285
101296
101307
101317
101328
101339
101350
101361
101372
101383
101394
101404
101415
101425
101436
101447
101458
101468
101479
101490
101501
101512
101523
101534
101545
101556
101566
101577
101587
101598
101609
101620
101630
101641
101652
101663
101673
101684
101695
101706
101716
101727
101737
101748
101759
101770
101781
101792
101803
101813
101824
101835
101846
101856
101867
101878
101888
101899
101910
101920
101932
101942
101952
101962
101973
101983
101993
102004
102014
102025
102035
102046
102057
102068
102080
102092
102103
102113
102125
102135
102146
102156
102168
102190
102202
102213
102225
102236
102248
102259
102270
102281
102291
102302
102312
102322
102333
102343
102354
102364
102374
102385
102395
102405
102416
102426
102436
102447
102457
102467
102478
102488
102499
102509
102519
102530
102540
102550
102561
102571
102582
102592
102603
102613
102623
102634
102644
102655
102665
102676
102686
102697
102707
102718
102729
102740
102750
102761
102772
102783
102794
102805
102815
102826
102839
102850
102860
102871
102882
102893
102904
102918
102930
102947
102959
102971
102983
102994
103005
103017
103029
103040
103052
103063
103075
103087
103098
103110
103122
103133
103146
103158
103170
103182
103194
103206
103218
103230
103243
103256
103267
103279
103291
103303
103315
103327
103338
103350
103361
103373
103384
103395
103407
103418
103429
103440
103451
103465
103477
103488
103499
103511
103522
103534
103546
103557
103568
103580
103592
103604
103615
103631
103642
103654
103666
103677
103689
103701
103712
103724
103735
103747
103759
103770
103783
103794
103806
103818
103830
103842
103854
103866
103878
103889
103901
103913
103924
103936
103946
103957
103967
103978
103989
103999
104010
104021
104031
104041
104051
104063
104073
104084
104094
104105
104115
104125
104135
104146
104156
104166
104176
104187
104197
104207
104218
104228
104238
104248
104259
104269
104279
104289
104300
104310
104320
104330
104341
104351
104361
104371
104382
104392
104402
104412
104423
104433
104443
104454
104464
104474
104484
104494
104505
104515
104525
104535
104545
104556
104566
104576
104586
104597
104607
104617
104627
104638
104648
104658
104668
104679
104689
104699
104709
104720
104730
104740
104750
104761
104771
104781
104792
104802
104812
104823
104833
104843
104854
104864
104875
104885
104895
104905
104916
104926
104936
104946
104957
104967
104977
104988
104998
105008
105019
105029
105040
105050
105061
105072
105082
105093
105103
105114
105125
105135
105146
105157
105167
105177
105188
105198
105209
105219
105229
105240
105250
105261
105271
105281
105292
105302
105312
105322
105333
105343
105353
105364
105374
105384
105394
105405
105415
105425
105436
105446
105456
105467
105477
105488
105498
105509
105522
105532
105543
105554
105564
105575
105585
105596
105606
105617
105628
105638
105649
105661
105671
105683
105694
105705
105715
105726
105738
105749
105760
105771
105783
105794
105806
105818
105829
105840
105852
105863
105875
105887
105899
105910
105922
105934
105945
105957
105969
105980
105993
106005
106017
106028
106039
106049
106060
106071
106082
106093
106104
106115
106126
106137
106148
106159
106169
106180
106191
106202
106213
106224
106235
106246
106257
106268
106279
106290
106301
106311
106322
106333
106344
106355
106366
106377
106388
106399
106409
106420
106431
106442
106452
106463
106474
106485
106496
106506
106517
106528
106539
106550
106562
106573
106585
106596
106608
106620
106631
106642
106654
106666
106677
106689
106701
106712
106724
106736
106748
106760
106771
106782
106794
106806
106818
106829
106841
106852
106863
106875
106887
106898
106910
106923
106939
106950
106961
106972
106984
106995
107007
107019
107031
107042
107054
107066
107077
107088
107100
107111
107123
107135
107147
107158
107170
107182
107193
107205
107217
107228
107240
107252
107264
107275
107287
107298
107310
107322
107334
107345
107357
107369
107381
107392
107404
107415
107427
107438
107450
107462
107473
107485
107496
107507
107519
107530
107542
107553
107564
107575
107587
107599
107610
107620
107631
107642
107652
107663
107673
107684
107694
107705
107716
107727
107738
107749
107761
107773
107786
107798
107810
107822
107833
107845
107856
107868
107880
107892
107904
107915
107927
107939
107950
107962
107974
107992
108003
108015
108026
108037
108048
108059
108070
108080
108091
108102
108112
108123
108134
108145
108155
108166
108176
108187
108198
108209
108220
108230
108241
108252
108263
108273
108284
108295
108306
108317
108328
108339
108350
108361
108372
108383
108394
108405
108416
108427
108438
108450
108461
108471
108483
108494
108505
108516
108527
108538
108549
108560
108571
108582
108593
108604
108615
108626
108636
108647
108658
108669
108680
108691
108702
108713
108724
108734
108745
108756
108767
108778
108789
108800
108811
108822
108833
108844
108855
108865
108876
108887
108898
108909
108919
108930
108941
108952
108962
108973
108984
108995
109006
109020
109030
109040
109051
109061
109071
109081
109091
109102
109112
109122
109132
109143
109153
109163
109173
109183
109193
109204
109214
109224
109234
109244
109255
109265
109275
109285
109296
109306
109316
109327
109337
109347
109357
109367
109378
109388
109398
109408
109418
109429
109439
109449
109459
109470
109480
109490
109500
109511
109521
109531
109541
109551
109562
109572
109583
109593
109603
109614
109624
109634
109645
109655
109666
109676
109686
109697
109707
109718
109728
109738
109749
109759
109769
109779
109790
109800
109810
109821
109831
109841
109852
109862
109872
109883
109893
109903
109914
109924
109934
109945
109955
109965
109976
109986
109996
110006
110017
110027
110038
110048
110058
110069
110079
110090
110100
110111
110122
110132
110143
110154
110165
110176
110187
110198
110208
110218
110229
110239
110250
110260
110270
110281
110291
110302
110312
110322
110333
110343
110353
110364
110374
110385
110395
110405
110416
110426
110437
110447
110457
110467
110478
110488
110499
110509
110520
110530
110540
110551
110561
110571
110582
110592
110602
110613
110623
110634
110644
110654
110665
110675
110686
110696
110707
110717
110727
110738
110748
110758
110769
110780
110791
110801
110812
110823
110834
110845
110856
110867
110878
110889
110900
110911
110922
110933
110944
110955
110966
110977
110988
110999
111010
111021
111032
111043
111054
111065
111076
111087
111098
111109
111120
111131
111142
111153
111164
111175
111186
111196
111207
111219
111230
111241
111252
111263
111273
111284
111295
111306
111317
111328
111339
111350
111360
111371
111382
111393
111404
111415
111425
111436
111446
111457
111468
111479
111490
111501
111512
111523
111534
111545
111556
111567
111578
111589
111600
111611
111622
111633
111644
111655
111666
111677
111688
111699
111710
111721
111732
111742
111753
111764
111775
111786
111797
111808
111819
111830
111841
111852
111863
111873
111884
111895
111906
111917
111928
111939
111949
111960
111971
111982
111993
112004
112015
112026
112037
112048
112059
112069
112080
112091
112102
112113
112124
112134
112145
112156
112167
112178
112189
112199
112210
112221
112232
112243
112253
112264
112275
112286
112297
112308
112319
112330
112341
112353
112365
112378
112390
112403
112415
112427
112439
112451
112462
112473
112484
112495
112506
112517
112528
112539
112550
112561
112572
112583
112594
112605
112616
112627
112638
112649
112660
112671
112682
112693
112704
112715
112726
112737
112748
112759
112770
112781
112792
112803
112815
112826
112837
112848
112859
112870
112880
112891
112902
112913
112924
112935
112946
112957
112968
112979
112990
113001
113012
113023
113034
113046
113057
113069
113080
113092
113104
113115
113127
113139
113151
113163
113175
113187
113198
113210
113222
113234
113245
113257
113269
113280
113292
113304
113316
113328
113339
113351
