time (ms),latency (ms),consume (ms)
0,14,0
5,3,5
12,2,7
18,1,6
24,1,6
31,1,7
37,1,6
43,1,6
50,2,7
56,1,6
62,0,6
69,1,7
75,1,6
84,3,9
90,1,6
96,1,6
103,1,7
109,1,6
117,3,8
123,1,6
130,1,7
136,1,6
142,1,6
148,1,6
155,1,7
162,1,7
169,1,7
176,1,7
184,2,8
190,1,6
197,1,7
203,1,6
210,1,7
216,1,6
223,1,7
229,1,6
235,1,6
242,1,7
249,2,7
256,1,7
263,2,7
269,0,6
275,0,6
281,0,6
288,1,7
295,2,7
301,1,6
307,1,6
313,1,6
320,1,7
326,1,6
340,5,14
341,1,1
346,0,5
352,1,6
357,1,5
363,1,6
368,1,5
374,1,6
380,1,6
386,1,6
392,0,6
399,1,7
405,1,6
411,1,6
417,1,6
423,1,6
429,1,6
435,1,6
441,1,6
447,1,6
453,1,6
459,0,6
465,0,6
471,0,6
477,0,6
483,0,6
489,0,6
496,1,7
502,1,6
508,1,6
514,1,6
520,0,6
527,1,7
533,1,6
539,1,6
545,0,6
551,0,6
557,0,6
563,0,6
569,0,6
575,1,6
582,1,7
588,1,6
594,1,6
602,2,8
608,1,6
615,1,7
621,1,6
628,1,7
634,1,6
640,1,6
646,0,6
653,1,7
659,1,6
665,1,6
671,0,6
678,1,7
684,1,6
690,0,6
696,0,6
705,3,9
711,1,6
717,1,6
728,1,11
735,1,7
741,1,6
747,1,6
753,0,6
760,1,7
767,0,7
774,1,7
781,1,7
788,1,7
795,1,7
802,1,7
809,1,7
815,1,6
821,1,6
827,1,6
833,1,6
839,0,6
845,0,6
851,0,6
857,0,6
863,1,6
869,1,6
875,1,6
881,0,6
888,1,7
894,1,6
900,1,6
906,1,6
913,2,7
919,1,6
925,0,6
932,1,7
938,1,6
944,0,6
950,0,6
957,1,7
964,1,7
970,1,6
976,1,6
982,1,6
988,1,6
994,0,6
1000,0,6
1008,0,8
1015,1,7
1021,1,6
1027,1,6
1033,1,6
1038,0,5
1044,0,6
1050,0,6
1056,0,6
1063,1,7
1069,1,6
1076,0,7
1082,0,6
1088,0,6
1094,0,6
1100,0,6
1106,0,6
1112,0,6
1118,0,6
1124,0,6
1130,0,6
1137,1,7
1143,1,6
1149,1,6
1155,0,6
1161,0,6
1167,0,6
1174,1,7
1181,2,7
1188,1,7
1194,0,6
1201,1,7
1208,1,7
1220,1,12
1226,1,6
1235,3,9
1243,2,8
1251,2,8
1259,2,8
1266,1,7
1273,1,7
1281,2,8
1288,1,7
1297,2,9
1305,2,8
1312,1,7
1320,2,8
1328,2,8
1335,1,7
1343,2,8
1352,2,9
1360,2,8
1367,1,7
1373,1,6
1380,1,7
1386,1,6
1392,0,6
1398,0,6
1404,0,6
1417,7,13
1421,1,4
1427,1,6
1432,0,5
1438,1,6
1446,3,8
1453,1,7
1459,1,6
1464,0,5
1470,0,6
1476,1,6
1482,1,6
1488,1,6
1494,1,6
1501,2,7
1507,1,6
1513,0,6
1519,0,6
1527,2,8
1535,3,8
1541,1,6
1547,1,6
1555,3,8
1561,1,6
1567,1,6
1574,2,7
1581,2,7
1587,1,6
1593,1,6
1599,0,6
1607,3,8
1613,1,6
1619,1,6
1627,1,8
1636,2,9
1643,2,7
1650,2,7
1657,2,7
1663,1,6
1669,0,6
1675,0,6
1681,0,6
1687,0,6
1693,0,6
1699,0,6
1705,0,6
1711,0,6
1717,0,6
1723,0,6
1729,0,6
1736,0,7
1742,0,6
1748,0,6
1754,0,6
1760,0,6
1766,0,6
1773,1,7
1779,1,6
1785,1,6
1791,0,6
1797,0,6
1803,0,6
1809,0,6
1816,1,7
1824,2,8
1830,1,6
1836,0,6
1842,1,6
1848,1,6
1854,1,6
1860,1,6
1866,1,6
1872,1,6
1877,0,5
1883,0,6
1889,0,6
1895,0,6
1901,0,6
1907,1,6
1917,5,10
1923,1,6
1930,1,7
1936,1,6
1944,3,8
1950,1,6
1956,1,6
1962,1,6
1969,1,7
1975,1,6
1981,1,6
1987,1,6
1993,1,6
1999,1,6
2005,1,6
2011,1,6
2017,1,6
2023,1,6
2029,1,6
2035,1,6
2041,1,6
2047,1,6
2053,1,6
2065,1,12
2071,1,6
2077,1,6
2083,1,6
2089,1,6
2099,5,10
2105,1,6
2111,0,6
2117,0,6
2126,3,9
2132,1,6
2138,0,6
2144,0,6
2150,0,6
2156,0,6
2163,1,7
2169,1,6
2175,1,6
2181,0,6
2187,0,6
2193,0,6
2200,1,7
2206,1,6
2212,1,6
2218,1,6
2224,1,6
2230,1,6
2236,1,6
2242,1,6
2248,1,6
2254,1,6
2261,1,7
2267,1,6
2273,1,6
2279,1,6
2285,1,6
2291,0,6
2297,0,6
2303,0,6
2309,0,6
2315,0,6
2321,0,6
2328,1,7
2334,1,6
2340,1,6
2346,0,6
2352,0,6
2358,0,6
2364,0,6
2370,0,6
2377,1,7
2384,2,7
2390,0,6
2396,0,6
2402,0,6
2409,0,7
2415,0,6
2423,1,8
2431,1,8
2440,3,9
2446,0,6
2456,0,10
2462,0,6
2468,0,6
2490,4,22
2502,2,12
2508,1,6
2514,1,6
2519,0,5
2525,0,6
2531,0,6
2537,0,6
2543,0,6
2549,0,6
2555,1,6
2561,1,6
2567,1,6
2573,1,6
2578,0,5
2584,0,6
2590,0,6
2596,0,6
2602,0,6
2608,0,6
2614,0,6
2620,0,6
2626,0,6
2632,1,6
2638,1,6
2644,1,6
2650,1,6
2655,0,5
2661,0,6
2667,0,6
2673,1,6
2679,1,6
2685,1,6
2691,1,6
2696,0,5
2702,0,6
2708,0,6
2714,0,6
2720,1,6
2726,1,6
2733,0,7
2740,1,7
2746,1,6
2752,1,6
2757,0,5
2764,1,7
2769,0,5
2779,4,10
2785,1,6
2791,1,6
2797,1,6
2802,0,5
2808,0,6
2814,0,6
2820,0,6
2826,1,6
2832,1,6
2838,1,6
2844,1,6
2850,1,6
2855,0,5
2861,0,6
2867,0,6
2873,1,6
2879,1,6
2885,1,6
2891,1,6
2897,1,6
2902,0,5
2908,0,6
2914,0,6
2920,0,6
2926,1,6
2932,1,6
2938,1,6
2944,1,6
2950,1,6
2955,0,5
2961,0,6
2967,0,6
2973,0,6
2979,1,6
2985,1,6
2991,1,6
2997,1,6
3003,1,6
3009,1,6
3016,1,7
3023,1,7
3030,1,7
3037,1,7
3044,1,7
3050,1,6
3057,1,7
3064,1,7
3071,1,7
3078,1,7
3084,1,6
3091,1,7
3098,1,7
3105,1,7
3115,4,10
3125,1,10
3132,1,7
3139,1,7
3146,1,7
3153,1,7
3159,1,6
3166,1,7
3173,1,7
3180,1,7
3187,1,7
3194,1,7
3201,2,7
3207,1,6
3214,1,7
3221,1,7
3228,1,7
3235,1,7
3242,1,7
3249,1,7
3258,4,9
3270,1,12
3281,1,11
3291,4,10
3298,1,7
3305,2,7
3315,5,10
3322,1,7
3329,1,7
3336,1,7
3343,1,7
3349,1,6
3356,1,7
3363,1,7
3370,1,7
3377,1,7
3384,1,7
3390,1,6
3397,1,7
3404,1,7
3414,4,10
3421,1,7
3428,1,7
3435,1,7
3442,1,7
3449,2,7
3455,1,6
3463,2,8
3470,1,7
3476,1,6
3483,1,7
3490,1,7
3497,1,7
3504,2,7
3510,1,6
3517,1,7
3524,1,7
3531,1,7
3543,6,12
3550,1,7
3558,2,8
3565,1,7
3572,1,7
3578,1,6
3585,1,7
3591,1,6
3598,1,7
3604,1,6
3611,1,7
3618,1,7
3624,1,6
3631,1,7
3638,1,7
3644,1,6
3650,0,6
3657,1,7
3664,1,7
3670,1,6
3677,1,7
3684,1,7
3691,1,7
3698,1,7
3705,1,7
3713,2,8
3720,1,7
3727,1,7
3734,1,7
3741,1,7
3748,1,7
3755,2,7
3762,1,7
3768,1,6
3775,1,7
3781,1,6
3789,2,8
3796,1,7
3804,2,8
3811,1,7
3820,1,9
3828,2,8
3835,2,7
3842,1,7
3849,1,7
3855,1,6
3863,2,8
3870,1,7
3878,1,8
3886,2,8
3893,1,7
3901,2,8
3911,4,10
3918,1,7
3927,3,9
3936,1,9
3943,1,7
3950,1,7
3958,1,8
3965,1,7
3972,1,7
3978,1,6
3987,1,9
3993,1,6
4000,1,7
4006,0,6
4012,1,6
4018,1,6
4024,1,6
4030,1,6
4035,0,5
4041,0,6
4047,0,6
4053,1,6
4059,1,6
4065,1,6
4070,0,5
4076,0,6
4082,0,6
4089,1,7
4096,0,7
4102,0,6
4108,0,6
4114,1,6
4120,1,6
4126,1,6
4131,0,5
4137,0,6
4143,0,6
4149,1,6
4158,1,9
4164,1,6
4170,1,6
4176,1,6
4182,1,6
4188,1,6
4194,1,6
4200,1,6
4206,0,6
4212,0,6
4218,0,6
4224,0,6
4230,1,6
4236,0,6
4242,1,6
4248,1,6
4254,1,6
4260,1,6
4265,0,5
4271,0,6
4277,0,6
4283,0,6
4289,0,6
4295,1,6
4301,0,6
4308,1,7
4314,1,6
4320,1,6
4326,1,6
4331,0,5
4337,0,6
4343,0,6
4349,0,6
4363,6,14
4369,0,6
4375,0,6
4381,1,6
4387,1,6
4393,1,6
4398,0,5
4404,0,6
4410,0,6
4416,1,6
4422,1,6
4427,0,5
4433,0,6
4439,0,6
4445,1,6
4451,1,6
4456,0,5
4462,0,6
4468,0,6
4474,1,6
4479,0,5
4485,0,6
4491,0,6
4497,0,6
4503,1,6
4509,1,6
4514,0,5
4520,0,6
4526,0,6
4532,1,6
4538,1,6
4544,1,6
4549,0,5
4555,0,6
4561,0,6
4567,0,6
4575,2,8
4581,0,6
4588,1,7
4593,0,5
4599,0,6
4605,1,6
4611,1,6
4617,1,6
4622,0,5
4628,0,6
4634,0,6
4640,1,6
4646,1,6
4652,1,6
4658,1,6
4663,0,5
4669,0,6
4675,0,6
4681,1,6
4687,1,6
4693,1,6
4698,0,5
4704,0,6
4710,0,6
4716,0,6
4722,1,6
4728,1,6
4734,1,6
4740,1,6
4745,0,5
4751,0,6
4757,0,6
4763,1,6
4769,0,6
4775,1,6
4781,1,6
4787,1,6
4793,1,6
4799,1,6
4805,1,6
4810,0,5
4816,0,6
4822,0,6
4828,0,6
4834,1,6
4840,0,6
4846,0,6
4852,1,6
4858,1,6
4864,1,6
4870,1,6
4875,0,5
4882,1,7
4887,0,5
4893,0,6
4899,0,6
4906,1,7
4912,1,6
4918,1,6
4924,0,6
4930,0,6
4936,0,6
4942,0,6
4948,0,6
4954,1,6
4960,1,6
4966,1,6
4975,1,9
4981,1,6
4987,1,6
4993,0,6
4999,1,6
5005,1,6
5012,1,7
5019,2,7
5026,1,7
5033,1,7
5039,1,6
5046,1,7
5053,1,7
5059,1,6
5066,1,7
5073,1,7
5079,1,6
5087,2,8
5094,1,7
5101,1,7
5109,2,8
5116,2,7
5123,1,7
5130,1,7
5137,1,7
5145,2,8
5152,1,7
5160,2,8
5167,2,7
5173,1,6
5180,1,7
5187,1,7
5194,1,7
5200,1,6
5207,1,7
5214,1,7
5221,1,7
5227,1,6
5235,2,8
5248,1,13
5255,1,7
5262,1,7
5268,1,6
5275,1,7
5282,1,7
5289,1,7
5296,1,7
5303,1,7
5310,1,7
5317,1,7
5324,1,7
5331,1,7
5338,1,7
5360,16,22
5361,11,1
5362,7,1
5363,3,1
5367,1,4
5372,1,5
5378,2,6
5383,1,5
5388,1,5
5394,1,6
5399,1,5
5404,1,5
5410,1,6
5415,1,5
5421,1,6
5426,1,5
5432,1,6
5438,1,6
5444,2,6
5449,1,5
5455,2,6
5460,1,5
5466,1,6
5471,1,5
5477,1,6
5483,2,6
5489,1,6
5496,1,7
5507,5,11
5513,1,6
5519,1,6
5525,1,6
5531,1,6
5536,0,5
5542,0,6
5548,0,6
5554,1,6
5560,1,6
5566,1,6
5572,0,6
5578,1,6
5584,0,6
5591,1,7
5597,1,6
5602,0,5
5608,0,6
5614,0,6
5620,0,6
5626,1,6
5632,1,6
5637,0,5
5643,0,6
5649,0,6
5655,1,6
5661,1,6
5666,0,5
5672,0,6
5678,0,6
5684,1,6
5690,1,6
5696,1,6
5702,1,6
5709,1,7
5714,0,5
5720,0,6
5726,0,6
5732,0,6
5738,1,6
5744,1,6
5751,1,7
5757,1,6
5762,0,5
5768,0,6
5774,1,6
5780,1,6
5786,1,6
5792,1,6
5797,0,5
5803,0,6
5809,0,6
5816,0,7
5824,0,8
5830,0,6
5836,1,6
5842,1,6
5848,1,6
5853,0,5
5859,0,6
5865,0,6
5871,1,6
5877,1,6
5882,0,5
5888,0,6
5894,0,6
5900,0,6
5906,1,6
5912,1,6
5918,1,6
5924,1,6
5930,1,6
5936,1,6
5942,0,6
5948,0,6
5954,0,6
5960,1,6
5966,1,6
5972,1,6
5980,1,8
5989,1,9
5995,1,6
6001,1,6
6007,0,6
6013,0,6
6019,0,6
6025,0,6
6031,1,6
6037,1,6
6042,0,5
6048,0,6
6054,0,6
6060,1,6
6066,1,6
6071,0,5
6077,0,6
6083,1,6
6089,1,6
6095,1,6
6101,1,6
6106,0,5
6112,0,6
6118,0,6
6124,1,6
6130,1,6
6135,0,5
6141,0,6
6147,1,6
6153,1,6
6159,1,6
6165,1,6
6171,1,6
6176,0,5
6182,0,6
6188,0,6
6194,1,6
6200,1,6
6206,1,6
6211,0,5
6217,0,6
6223,0,6
6229,1,6
6235,1,6
6241,1,6
6246,0,5
6252,0,6
6258,0,6
6264,1,6
6270,1,6
6275,0,5
6288,0,13
6294,0,6
6300,0,6
6306,1,6
6312,1,6
6318,1,6
6323,0,5
6329,0,6
6335,0,6
6341,0,6
6348,1,7
6354,1,6
6361,1,7
6367,1,6
6373,1,6
6379,1,6
6385,1,6
6390,0,5
6396,0,6
6402,0,6
6408,0,6
6414,1,6
6420,1,6
6426,1,6
6432,1,6
6438,1,6
6444,1,6
6450,1,6
6456,1,6
6462,1,6
6467,0,5
6473,0,6
6479,0,6
6485,1,6
6491,1,6
6496,0,5
6502,0,6
6508,0,6
6514,0,6
6520,1,6
6526,1,6
6532,1,6
6538,1,6
6543,0,5
6549,0,6
6555,0,6
6561,1,6
6567,1,6
6576,4,9
6581,0,5
6587,0,6
6593,0,6
6599,0,6
6605,1,6
6615,5,10
6624,1,9
6631,1,7
6638,1,7
6646,2,8
6653,2,7
6659,0,6
6665,0,6
6671,0,6
6677,1,6
6683,1,6
6689,1,6
6695,1,6
6702,1,7
6708,1,6
6717,1,9
6723,1,6
6729,1,6
6734,0,5
6742,1,8
6748,1,6
6754,1,6
6760,1,6
6766,1,6
6772,0,6
6778,0,6
6785,1,7
6791,1,6
6797,1,6
6803,0,6
6809,0,6
6815,0,6
6827,6,12
6833,1,6
6838,1,5
6843,1,5
6848,0,5
6853,0,5
6858,0,5
6863,0,5
6875,7,12
6877,0,2
6882,0,5
6888,1,6
6893,1,5
6898,1,5
6903,0,5
6908,0,5
6913,0,5
6919,1,6
6924,1,5
6929,0,5
6934,0,5
6939,0,5
6945,1,6
6950,1,5
6955,0,5
6960,0,5
6966,1,6
6971,1,5
6976,1,5
6981,0,5
6986,0,5
6992,1,6
6997,1,5
7002,1,5
7007,0,5
7012,0,5
7018,1,6
7023,1,5
7028,0,5
7034,1,6
7039,0,5
7044,0,5
7050,1,6
7055,0,5
7061,0,6
7067,0,6
7073,1,6
7079,1,6
7084,0,5
7090,0,6
7096,0,6
7102,1,6
7108,1,6
7113,0,5
7119,0,6
7128,0,9
7134,1,6
7140,1,6
7146,1,6
7152,1,6
7157,0,5
7163,0,6
7169,1,6
7175,1,6
7181,1,6
7187,1,6
7192,0,5
7198,0,6
7204,0,6
7210,1,6
7216,1,6
7221,0,5
7227,0,6
7233,1,6
7239,1,6
7245,0,6
7251,0,6
7257,0,6
7263,0,6
7269,0,6
7275,1,6
7281,1,6
7287,1,6
7293,1,6
7299,1,6
7305,1,6
7311,1,6
7317,1,6
7324,0,7
7330,0,6
7336,0,6
7342,0,6
7348,0,6
7354,0,6
7360,1,6
7366,1,6
7372,0,6
7378,0,6
7385,1,7
7391,1,6
7397,1,6
7403,1,6
7409,1,6
7415,1,6
7421,1,6
7426,0,5
7432,0,6
7438,0,6
7444,0,6
7450,0,6
7456,0,6
7462,1,6
7468,1,6
7474,1,6
7480,1,6
7486,0,6
7493,1,7
7500,1,7
7506,1,6
7512,1,6
7518,0,6
7525,1,7
7530,0,5
7536,0,6
7543,1,7
7549,1,6
7555,1,6
7561,0,6
7567,0,6
7573,0,6
7579,1,6
7585,1,6
7591,1,6
7598,1,7
7604,1,6
7610,0,6
7617,1,7
7623,1,6
7629,1,6
7636,1,7
7642,1,6
7648,1,6
7654,0,6
7661,1,7
7667,1,6
7673,1,6
7679,1,6
7685,1,6
7692,1,7
7698,1,6
7705,1,7
7712,1,7
7718,1,6
7725,1,7
7731,1,6
7737,1,6
7743,1,6
7749,1,6
7755,1,6
7761,1,6
7767,1,6
7773,1,6
7779,1,6
7785,1,6
7791,1,6
7800,1,9
7806,1,6
7812,1,6
7818,1,6
7823,0,5
7829,0,6
7835,0,6
7841,1,6
7847,1,6
7852,0,5
7858,0,6
7864,0,6
7870,0,6
7876,0,6
7882,1,6
7888,1,6
7894,1,6
7900,1,6
7906,1,6
7912,1,6
7918,1,6
7924,1,6
7930,0,6
7936,0,6
7942,0,6
7948,0,6
7954,0,6
7960,0,6
7966,0,6
7972,0,6
7978,0,6
7984,1,6
7990,0,6
7997,1,7
8003,1,6
8009,0,6
8016,1,7
8022,1,6
8028,1,6
8034,1,6
8040,1,6
8046,1,6
8052,1,6
8058,1,6
8064,1,6
8070,1,6
8076,1,6
8082,1,6
8088,0,6
8094,0,6
8101,1,7
8109,3,8
8116,1,7
8122,1,6
8128,1,6
8135,1,7
8141,1,6
8147,1,6
8153,1,6
8159,1,6
8169,1,10
8175,1,6
8181,1,6
8187,1,6
8193,1,6
8199,1,6
8204,0,5
8210,0,6
8216,0,6
8222,1,6
8228,1,6
8234,1,6
8240,1,6
8246,1,6
8252,1,6
8259,1,7
8268,3,9
8274,1,6
8280,1,6
8286,1,6
8292,1,6
8300,0,8
8307,1,7
8312,0,5
8318,0,6
8324,0,6
8330,0,6
8339,4,9
8345,1,6
8351,1,6
8357,1,6
8362,0,5
8368,0,6
8374,0,6
8380,1,6
8386,1,6
8392,1,6
8398,1,6
8403,0,5
8409,0,6
8415,0,6
8421,1,6
8427,1,6
8433,1,6
8442,4,9
8448,1,6
8454,1,6
8459,0,5
8465,0,6
8471,0,6
8477,1,6
8483,1,6
8493,1,10
8499,1,6
8505,1,6
8511,1,6
8517,1,6
8523,1,6
8529,0,6
8535,1,6
8541,1,6
8547,1,6
8552,0,5
8558,0,6
8564,0,6
8570,0,6
8576,0,6
8582,0,6
8588,0,6
8594,0,6
8601,0,7
8607,0,6
8613,1,6
8619,1,6
8625,1,6
8631,1,6
8637,1,6
8643,1,6
8649,1,6
8655,1,6
8661,1,6
8666,0,5
8672,0,6
8678,0,6
8684,0,6
8693,1,9
8699,1,6
8705,1,6
8712,1,7
8718,1,6
8724,1,6
8729,0,5
8735,0,6
8741,0,6
8747,0,6
8753,1,6
8759,1,6
8765,1,6
8771,1,6
8776,0,5
8783,1,7
8789,0,6
8795,0,6
8801,0,6
8807,1,6
8813,1,6
8819,1,6
8824,0,5
8830,0,6
8837,1,7
8843,1,6
8850,2,7
8856,1,6
8862,1,6
8868,1,6
8874,1,6
8880,0,6
8887,1,7
8894,1,7
8900,1,6
8906,1,6
8912,1,6
8918,1,6
8924,1,6
8930,1,6
8936,0,6
8943,1,7
8949,1,6
8956,1,7
8969,1,13
8975,1,6
8983,1,8
8989,1,6
8995,0,6
9002,1,7
9008,1,6
9014,1,6
9020,0,6
9026,0,6
9033,1,7
9039,1,6
9045,1,6
9051,1,6
9056,0,5
9062,0,6
9068,0,6
9074,1,6
9081,1,7
9087,1,6
9093,0,6
9100,1,7
9106,1,6
9112,1,6
9118,0,6
9125,1,7
9131,1,6
9137,1,6
9143,0,6
9149,0,6
9155,0,6
9161,0,6
9167,0,6
9173,0,6
9179,1,6
9185,1,6
9191,1,6
9197,1,6
9203,1,6
9209,1,6
9215,1,6
9221,1,6
9227,1,6
9233,1,6
9238,0,5
9244,0,6
9250,0,6
9257,1,7
9263,1,6
9269,0,6
9276,1,7
9282,1,6
9288,1,6
9294,1,6
9300,1,6
9306,1,6
9312,1,6
9317,0,5
9323,0,6
9329,0,6
9335,1,6
9341,1,6
9347,1,6
9353,0,6
9359,0,6
9365,1,6
9371,0,6
9377,0,6
9383,0,6
9390,1,7
9396,1,6
9403,1,7
9409,1,6
9415,0,6
9421,0,6
9428,1,7
9434,1,6
9441,1,7
9447,1,6
9454,1,7
9460,1,6
9467,1,7
9473,1,6
9480,1,7
9486,1,6
9493,1,7
9499,1,6
9506,1,7
9512,1,6
9519,1,7
9526,1,7
9532,1,6
9539,1,7
9545,1,6
9552,1,7
9558,1,6
9565,1,7
9572,1,7
9578,1,6
9585,1,7
9591,1,6
9598,1,7
9605,1,7
9611,1,6
9618,1,7
9624,1,6
9631,1,7
9637,1,6
9644,1,7
9650,1,6
9657,1,7
9663,1,6
9671,2,8
9679,1,8
9685,1,6
9691,1,6
9697,0,6
9709,1,12
9715,1,6
9721,1,6
9727,1,6
9733,1,6
9739,1,6
9745,1,6
9751,1,6
9757,1,6
9763,0,6
9769,1,6
9775,1,6
9781,1,6
9786,0,5
9792,0,6
9798,0,6
9804,0,6
9810,0,6
9816,0,6
9822,0,6
9829,1,7
9835,1,6
9841,1,6
9847,1,6
9853,1,6
9859,1,6
9865,1,6
9871,1,6
9877,1,6
9882,0,5
9888,0,6
9897,1,9
9903,1,6
9910,1,7
9916,1,6
9922,1,6
9928,1,6
9934,1,6
9940,0,6
9946,1,6
9952,1,6
9958,1,6
9964,1,6
9970,1,6
9976,0,6
9982,1,6
9988,0,6
9994,0,6
10000,0,6
10006,0,6
10012,1,6
10018,1,6
10025,1,7
10030,0,5
10036,0,6
10043,1,7
10049,1,6
10055,1,6
10060,0,5
10066,0,6
10072,0,6
10078,0,6
10084,1,6
10090,1,6
10096,1,6
10103,1,7
10109,1,6
10115,1,6
10120,0,5
10126,0,6
10132,0,6
10138,1,6
10144,1,6
10149,0,5
10155,0,6
10161,1,6
10167,1,6
10173,1,6
10178,0,5
10184,0,6
10190,0,6
10196,1,6
10202,1,6
10207,0,5
10213,0,6
10219,0,6
10225,1,6
10231,0,6
10237,0,6
10243,0,6
10249,0,6
10255,1,6
10261,1,6
10268,2,7
10274,1,6
10280,1,6
10286,1,6
10292,1,6
10298,0,6
10304,0,6
10314,1,10
10320,0,6
10326,0,6
10332,0,6
10338,1,6
10344,0,6
10350,0,6
10356,1,6
10368,5,12
10368,0,0
10373,0,5
10379,1,6
10384,1,5
10389,0,5
10394,0,5
10400,1,6
10405,1,5
10410,1,5
10415,0,5
10420,0,5
10426,1,6
10431,1,5
10436,0,5
10441,0,5
10447,1,6
10452,1,5
10457,1,5
10462,0,5
10467,0,5
10473,1,6
10478,1,5
10483,1,5
10488,0,5
10493,0,5
10499,1,6
10504,1,5
10509,1,5
10514,0,5
10519,0,5
10525,1,6
10530,1,5
10535,0,5
10540,0,5
10546,1,6
10551,1,5
10556,1,5
10561,0,5
10567,1,6
10572,1,5
10577,0,5
10583,1,6
10588,1,5
10593,1,5
10598,0,5
10604,1,6
10609,1,5
10614,0,5
10619,0,5
10625,1,6
10630,0,5
10635,0,5
10641,1,6
10646,1,5
10651,0,5
10656,0,5
10662,1,6
10667,1,5
10672,0,5
10678,1,6
10683,1,5
10688,0,5
10693,0,5
10699,1,6
10707,4,8
10713,0,6
10719,1,6
10725,1,6
10730,0,5
10736,0,6
10742,0,6
10748,0,6
10754,1,6
10760,1,6
10766,1,6
10771,0,5
10777,0,6
10783,0,6
10789,1,6
10795,1,6
10801,1,6
10807,1,6
10813,1,6
10819,1,6
10825,1,6
10831,1,6
10836,0,5
10842,0,6
10848,0,6
10854,1,6
10860,1,6
10865,0,5
10871,0,6
10877,1,6
10883,1,6
10889,1,6
10894,0,5
10900,0,6
10906,1,6
10912,1,6
10918,1,6
10923,0,5
10931,2,8
10937,1,6
10943,1,6
10949,1,6
10955,1,6
10960,0,5
10966,0,6
10979,7,13
10985,1,6
10991,1,6
10997,1,6
11003,1,6
11009,1,6
11015,1,6
11021,1,6
11027,1,6
11033,1,6
11039,1,6
11045,1,6
11051,1,6
11056,0,5
11063,1,7
11068,0,5
11074,0,6
11080,0,6
11086,0,6
11092,0,6
11098,0,6
11105,1,7
11111,1,6
11117,1,6
11123,1,6
11128,0,5
11134,0,6
11140,0,6
11146,0,6
11155,4,9
11161,1,6
11167,1,6
11175,3,8
11181,1,6
11187,1,6
11196,0,9
11202,0,6
11208,1,6
11214,1,6
11219,0,5
11225,0,6
11231,1,6
11237,1,6
11243,1,6
11249,1,6
11254,0,5
11260,0,6
11266,0,6
11272,1,6
11278,1,6
11284,1,6
11290,1,6
11295,0,5
11301,0,6
11307,0,6
11313,0,6
11319,1,6
11325,0,6
11331,0,6
11337,1,6
11343,1,6
11349,1,6
11355,1,6
11360,0,5
11366,0,6
11372,1,6
11378,1,6
11384,1,6
11389,0,5
11395,0,6
11401,0,6
11407,1,6
11412,0,5
11418,0,6
11424,0,6
11430,1,6
11436,1,6
11442,1,6
11450,3,8
11460,0,10
11466,0,6
11472,1,6
11478,1,6
11484,1,6
11490,1,6
11496,1,6
11502,1,6
11509,2,7
11516,1,7
11524,2,8
11531,1,7
11538,1,7
11546,2,8
11554,2,8
11561,1,7
11569,2,8
11576,1,7
11584,2,8
11592,2,8
11599,1,7
11608,2,9
11615,1,7
11623,2,8
11632,3,9
11640,2,8
11648,2,8
11655,1,7
11663,2,8
11670,1,7
11678,2,8
11685,1,7
11693,2,8
11700,1,7
11708,2,8
11715,1,7
11723,2,8
11730,1,7
11738,2,8
11745,1,7
11753,2,8
11760,1,7
11768,2,8
11775,1,7
11781,1,6
11789,2,8
11796,1,7
11804,2,8
11812,2,8
11819,1,7
11827,2,8
11834,1,7
11841,1,7
11849,2,8
11854,1,5
11860,1,6
11868,2,8
11873,1,5
11879,1,6
11885,2,6
11891,2,6
11896,1,5
11902,2,6
11908,2,6
11913,2,5
11918,1,5
11924,2,6
11929,1,5
11935,2,6
11940,2,5
11945,1,5
11951,2,6
11956,2,5
11961,1,5
11967,2,6
11972,1,5
11978,2,6
11983,2,5
11988,1,5
11994,2,6
11999,1,5
12004,1,5
12009,1,5
12014,1,5
12019,0,5
12024,0,5
12030,1,6
12035,1,5
12040,0,5
12045,0,5
12050,0,5
12056,1,6
12061,1,5
12066,0,5
12071,0,5
12076,0,5
12082,1,6
12087,1,5
12092,1,5
12097,0,5
12102,0,5
12108,1,6
12113,1,5
12118,1,5
12123,0,5
12128,0,5
12134,1,6
12139,1,5
12144,1,5
12149,0,5
12154,0,5
12159,0,5
12165,1,6
12170,1,5
12175,1,5
12180,0,5
12185,0,5
12191,1,6
12196,1,5
12201,1,5
12206,0,5
12211,0,5
12216,0,5
12222,1,6
12227,1,5
12232,1,5
12237,0,5
12242,0,5
12247,0,5
12253,1,6
12258,1,5
12263,1,5
12268,0,5
12273,0,5
12278,0,5
12284,1,6
12289,1,5
12294,0,5
12299,0,5
12304,0,5
12310,1,6
12315,1,5
12320,1,5
12325,0,5
12330,0,5
12335,0,5
12341,1,6
12346,1,5
12351,0,5
12356,0,5
12361,0,5
12367,1,6
12372,1,5
12377,0,5
12382,0,5
12387,0,5
12393,1,6
12398,1,5
12403,1,5
12408,0,5
12413,0,5
12418,0,5
12424,1,6
12429,1,5
12434,1,5
12439,0,5
12444,0,5
12449,0,5
12455,1,6
12460,1,5
12465,0,5
12470,0,5
12475,0,5
12481,1,6
12486,1,5
12491,1,5
12496,0,5
12501,0,5
12506,0,5
12512,1,6
12517,1,5
12522,0,5
12527,0,5
12532,0,5
12538,1,6
12543,1,5
12548,1,5
12553,0,5
12558,0,5
12563,0,5
12569,1,6
12574,1,5
12579,1,5
12584,0,5
12589,0,5
12594,0,5
12600,1,6
12605,1,5
12610,0,5
12615,0,5
12620,0,5
12626,1,6
12631,1,5
12636,1,5
12641,0,5
12646,0,5
12651,0,5
12657,1,6
12662,1,5
12667,0,5
12672,0,5
12677,0,5
12683,1,6
12688,1,5
12693,1,5
12698,0,5
12703,0,5
12708,0,5
12714,1,6
12719,1,5
12724,0,5
12729,0,5
12734,0,5
12740,1,6
12745,1,5
12750,1,5
12755,0,5
12760,0,5
12765,0,5
12771,1,6
12776,1,5
12781,0,5
12786,0,5
12791,0,5
12797,1,6
12802,1,5
12807,1,5
12812,0,5
12817,0,5
12823,1,6
12828,1,5
12833,1,5
12838,0,5
12843,0,5
12849,1,6
12854,1,5
12859,1,5
12864,0,5
12869,0,5
12874,0,5
12880,1,6
12885,1,5
12890,1,5
12895,0,5
12900,0,5
12905,0,5
12911,1,6
12916,1,5
12921,0,5
12926,0,5
12931,0,5
12937,1,6
12942,1,5
12947,0,5
12953,1,6
12957,0,4
12963,1,6
12968,1,5
12973,0,5
12978,0,5
12983,0,5
12989,1,6
12994,1,5
12999,1,5
13004,0,5
13009,0,5
13014,0,5
13020,1,6
13025,1,5
13030,0,5
13035,0,5
13040,0,5
13046,1,6
13051,1,5
13056,1,5
13061,0,5
13066,0,5
13071,0,5
13077,1,6
13082,1,5
13087,0,5
13092,0,5
13097,0,5
13103,1,6
13108,1,5
13113,1,5
13118,0,5
13123,0,5
13129,1,6
13134,1,5
13139,1,5
13144,0,5
13150,1,6
13155,1,5
13160,1,5
13165,0,5
13171,1,6
13176,1,5
13181,1,5
13186,0,5
13191,0,5
13196,0,5
13202,1,6
13207,1,5
13212,0,5
13217,0,5
13222,0,5
13228,1,6
13233,1,5
13238,0,5
13243,0,5
13249,1,6
13254,1,5
13259,0,5
13265,1,6
13270,1,5
13275,0,5
13280,0,5
13286,1,6
13291,1,5
13296,0,5
13302,1,6
13307,1,5
13312,0,5
13318,1,6
13323,1,5
13328,0,5
13334,1,6
13339,1,5
13344,0,5
13351,2,7
13355,1,4
13361,1,6
13366,0,5
13372,0,6
13378,0,6
13384,0,6
13390,1,6
13396,1,6
13401,0,5
13407,0,6
13413,1,6
13419,1,6
13424,0,5
13430,0,6
13437,1,7
13443,1,6
13449,1,6
13454,0,5
13460,0,6
13466,1,6
13472,1,6
13478,1,6
13483,0,5
13489,0,6
13495,1,6
13501,1,6
13506,0,5
13512,0,6
13518,0,6
13524,1,6
13530,0,6
13536,1,6
13542,1,6
13547,0,5
13553,0,6
13559,0,6
13565,1,6
13570,0,5
13576,0,6
13582,0,6
13588,1,6
13594,1,6
13599,0,5
13606,0,7
13612,1,6
13618,1,6
13623,0,5
13629,0,6
13635,1,6
13640,0,5
13646,0,6
13652,1,6
13658,1,6
13663,0,5
13669,0,6
13675,1,6
13680,0,5
13686,0,6
13692,0,6
13698,1,6
13704,1,6
13709,0,5
13715,0,6
13721,1,6
13727,1,6
13733,1,6
13739,1,6
13745,1,6
13751,1,6
13757,1,6
13763,1,6
13768,0,5
13774,0,6
13780,0,6
13786,1,6
13792,1,6
13798,1,6
13803,0,5
13809,0,6
13815,0,6
13821,0,6
13827,1,6
13833,1,6
13838,0,5
13844,0,6
13850,0,6
13856,1,6
13862,1,6
13868,1,6
13873,0,5
13879,0,6
13885,0,6
13891,1,6
13897,1,6
13902,0,5
13908,0,6
13914,0,6
13920,1,6
13926,1,6
13932,1,6
13937,0,5
13943,0,6
13949,1,6
13955,1,6
13960,0,5
13966,1,6
13971,1,5
13976,0,5
13981,0,5
13987,1,6
13992,0,5
13997,0,5
14002,0,5
14008,1,6
14013,0,5
14018,0,5
14024,1,6
14029,1,5
14034,0,5
14040,1,6
14045,1,5
14050,1,5
14055,0,5
14060,0,5
14066,1,6
14071,0,5
14076,0,5
14082,1,6
14087,1,5
14092,0,5
14097,0,5
14103,1,6
14108,1,5
14113,0,5
14118,0,5
14124,1,6
14129,1,5
14134,0,5
14139,0,5
14145,1,6
14150,1,5
14155,0,5
14160,0,5
14166,1,6
14171,1,5
14176,0,5
14182,1,6
14187,1,5
14192,0,5
14197,0,5
14203,1,6
14208,0,5
14213,0,5
14219,1,6
14224,1,5
14229,0,5
14235,1,6
14240,1,5
14245,0,5
14250,0,5
14256,1,6
14261,1,5
14266,0,5
14271,0,5
14277,1,6
14282,1,5
14288,1,6
14293,1,5
14298,0,5
14304,1,6
14309,1,5
14314,0,5
14320,1,6
14325,1,5
14330,0,5
14335,0,5
14341,1,6
14346,1,5
14351,0,5
14357,1,6
14362,1,5
14367,0,5
14373,1,6
14378,1,5
14383,1,5
14389,1,6
14394,1,5
14399,1,5
14404,0,5
14410,1,6
14415,1,5
14420,0,5
14425,0,5
14431,1,6
14436,1,5
14441,0,5
14446,0,5
14451,0,5
14457,1,6
14462,0,5
14467,0,5
14473,1,6
14478,1,5
14483,0,5
14488,0,5
14494,1,6
14499,1,5
14504,0,5
14509,0,5
14515,1,6
14520,1,5
14525,0,5
14530,0,5
14536,1,6
14541,1,5
14546,0,5
14551,0,5
14557,1,6
14562,0,5
14567,0,5
14573,1,6
14578,1,5
14583,0,5
14588,0,5
14594,1,6
14599,1,5
14604,0,5
14609,0,5
14615,1,6
14620,1,5
14625,0,5
14630,0,5
14636,1,6
14641,0,5
14646,0,5
14652,1,6
14658,2,6
14663,0,5
14668,0,5
14674,1,6
14679,1,5
14684,0,5
14689,0,5
14695,1,6
14700,0,5
14705,0,5
14711,1,6
14716,1,5
14721,0,5
14726,0,5
14732,1,6
14737,1,5
14742,0,5
14748,1,6
14753,1,5
14759,1,6
14765,1,6
14771,1,6
14777,1,6
14783,1,6
14789,1,6
14795,1,6
14801,1,6
14806,0,5
14812,0,6
14818,0,6
14824,0,6
14830,1,6
14836,1,6
14842,1,6
14848,1,6
14854,1,6
14860,1,6
14865,0,5
14871,0,6
14877,0,6
14883,1,6
14889,1,6
14895,1,6
14901,1,6
14907,1,6
14913,1,6
14919,1,6
14925,1,6
14930,0,5
14936,0,6
14942,0,6
14948,0,6
14954,0,6
14960,0,6
14966,0,6
14972,1,6
14978,1,6
14984,1,6
14990,1,6
14995,0,5
15000,0,5
15006,1,6
15012,1,6
15017,1,5
15023,1,6
15028,1,5
15034,1,6
15040,2,6
15048,1,8
15054,1,6
15061,1,7
15068,1,7
15075,2,7
15081,1,6
15089,2,8
15096,2,7
15102,1,6
15109,1,7
15116,1,7
15123,1,7
15129,1,6
15136,1,7
15143,1,7
15150,1,7
15156,1,6
15163,1,7
15170,1,7
15177,1,7
15183,0,6
15190,1,7
15197,1,7
15204,1,7
15210,1,6
15217,1,7
15224,1,7
15231,1,7
15238,1,7
15245,1,7
15252,1,7
15258,1,6
15265,1,7
15272,1,7
15278,1,6
15285,1,7
15293,2,8
15300,1,7
15310,5,10
15317,1,7
15325,2,8
15333,2,8
15340,1,7
15348,2,8
15356,2,8
15364,2,8
15404,33,40
15406,30,2
15407,25,1
15408,21,1
15409,17,1
15410,12,1
15411,7,1
15412,3,1
15416,1,4
15421,1,5
15426,1,5
15432,1,6
15437,1,5
15442,1,5
15448,1,6
15453,1,5
15459,2,6
15464,1,5
15469,1,5
15474,1,5
15480,1,6
15485,1,5
15490,1,5
15496,1,6
15501,1,5
15506,1,5
15511,1,5
15516,0,5
15521,0,5
15527,1,6
15532,1,5
15537,1,5
15542,0,5
15547,0,5
15559,7,12
15565,1,6
15572,0,7
15578,0,6
15584,0,6
15590,0,6
15596,0,6
15602,0,6
15608,0,6
15614,1,6
15620,1,6
15626,1,6
15631,0,5
15637,0,6
15643,1,6
15649,0,6
15655,0,6
15661,0,6
15667,1,6
15673,1,6
15678,0,5
15684,0,6
15690,0,6
15696,1,6
15702,1,6
15708,1,6
15714,1,6
15720,1,6
15725,0,5
15731,0,6
15737,0,6
15743,1,6
15749,0,6
15755,0,6
15761,0,6
15767,0,6
15773,0,6
15779,1,6
15785,1,6
15791,1,6
15796,0,5
15802,0,6
15808,0,6
15814,1,6
15820,1,6
15826,1,6
15833,1,7
15839,1,6
15845,1,6
15855,5,10
15861,1,6
15866,0,5
15872,0,6
15878,1,6
15884,1,6
15890,1,6
15896,1,6
15902,1,6
15908,1,6
15914,1,6
15920,1,6
15926,1,6
15931,0,5
15937,0,6
15943,1,6
15949,1,6
15959,5,10
15965,1,6
15970,0,5
15976,0,6
15982,1,6
15988,1,6
15993,0,5
15999,0,6
16005,0,6
16011,0,6
16017,0,6
16023,0,6
16029,1,6
16035,1,6
16041,1,6
16046,0,5
16052,0,6
16058,0,6
16064,1,6
16070,1,6
16076,1,6
16081,0,5
16087,0,6
16093,0,6
16099,1,6
16105,1,6
16111,1,6
16117,1,6
16122,0,5
16128,0,6
16134,0,6
16141,2,7
16147,0,6
16153,1,6
16159,1,6
16164,0,5
16170,0,6
16176,0,6
16182,1,6
16188,1,6
16193,0,5
16199,0,6
16205,0,6
16211,1,6
16217,1,6
16223,1,6
16229,1,6
16235,1,6
16241,1,6
16246,0,5
16252,0,6
16258,0,6
16264,0,6
16271,2,7
16283,7,12
16289,0,6
16295,0,6
16302,1,7
16308,1,6
16314,1,6
16320,1,6
16326,1,6
16334,3,8
16340,1,6
16345,0,5
16351,0,6
16357,1,6
16363,1,6
16369,1,6
16374,0,5
16380,0,6
16386,0,6
16392,0,6
16398,1,6
16404,1,6
16410,1,6
16416,1,6
16422,1,6
16427,0,5
16433,0,6
16439,0,6
16445,0,6
16451,0,6
16457,0,6
16463,0,6
16469,1,6
16475,1,6
16481,1,6
16487,1,6
16493,1,6
16499,1,6
16504,0,5
16510,0,6
16516,0,6
16522,1,6
16528,1,6
16534,1,6
16540,1,6
16545,0,5
16551,0,6
16557,1,6
16563,1,6
16568,0,5
16574,0,6
16580,0,6
16586,1,6
16592,1,6
16598,1,6
16603,0,5
16610,1,7
16616,1,6
16622,1,6
16628,1,6
16634,1,6
16640,1,6
16646,1,6
16651,0,5
16657,0,6
16663,0,6
16669,0,6
16675,1,6
16681,1,6
16686,0,5
16692,0,6
16698,0,6
16704,0,6
16713,4,9
16724,0,11
16730,0,6
16736,0,6
16742,1,6
16748,1,6
16754,1,6
16759,0,5
16765,0,6
16772,1,7
16778,1,6
16784,1,6
16790,0,6
16796,0,6
16802,0,6
16809,1,7
16815,1,6
16822,1,7
16829,1,7
16835,1,6
16841,0,6
16847,0,6
16853,0,6
16859,0,6
16865,0,6
16871,0,6
16877,1,6
16883,1,6
16889,1,6
16894,0,5
16903,0,9
16908,0,5
16913,0,5
16919,1,6
16924,1,5
16929,1,5
16934,0,5
16939,0,5
16944,0,5
16950,1,6
16955,1,5
16960,1,5
16965,0,5
16970,0,5
16975,0,5
16981,1,6
16986,1,5
16991,1,5
16996,0,5
17001,0,5
17007,1,6
17012,1,5
17018,1,6
17023,1,5
17028,1,5
17034,2,6
17039,1,5
17044,1,5
17049,1,5
17055,1,6
17060,1,5
17065,1,5
17071,1,6
17076,1,5
17091,11,15
17101,1,10
17111,4,10
17115,2,4
17121,0,6
17128,1,7
17135,1,7
17141,1,6
17148,1,7
17155,1,7
17161,1,6
17168,1,7
17175,1,7
17182,1,7
17188,1,6
17195,1,7
17202,1,7
17210,2,8
17217,1,7
17224,1,7
17231,1,7
17238,1,7
17244,0,6
17251,1,7
17258,1,7
17265,1,7
17272,2,7
17278,1,6
17285,1,7
17292,1,7
17299,1,7
17306,1,7
17313,1,7
17320,1,7
17329,3,9
17337,2,8
17343,1,6
17350,1,7
17357,1,7
17364,1,7
17370,1,6
17377,1,7
17386,4,9
17392,1,6
17399,1,7
17406,1,7
17413,1,7
17420,2,7
17426,1,6
17433,1,7
17440,1,7
17447,1,7
17454,1,7
17461,2,7
17468,1,7
17476,2,8
17484,2,8
17491,1,7
17499,2,8
17506,1,7
17512,1,6
17518,1,6
17524,0,6
17530,0,6
17536,0,6
17543,1,7
17549,1,6
17555,1,6
17561,1,6
17567,1,6
17573,1,6
17579,1,6
17585,1,6
17591,1,6
17597,1,6
17603,1,6
17609,0,6
17615,0,6
17622,1,7
17628,1,6
17633,0,5
17639,0,6
17645,0,6
17651,0,6
17657,0,6
17663,0,6
17670,1,7
17676,1,6
17682,1,6
17688,1,6
17694,1,6
17700,1,6
17706,1,6
17712,0,6
17718,1,6
17724,1,6
17730,1,6
17736,1,6
17742,1,6
17748,1,6
17754,1,6
17760,1,6
17766,1,6
17772,1,6
17778,1,6
17784,1,6
17789,0,5
17795,0,6
17802,1,7
17807,0,5
17813,0,6
17819,0,6
17825,0,6
17831,0,6
17837,1,6
17843,1,6
17849,1,6
17854,0,5
17860,0,6
17866,0,6
17872,1,6
17878,1,6
17884,1,6
17890,0,6
17896,0,6
17902,1,6
17908,1,6
17914,1,6
17919,0,5
17925,0,6
17931,0,6
17938,1,7
17944,1,6
17950,1,6
17955,0,5
17961,0,6
17967,0,6
17973,1,6
17979,1,6
17985,1,6
17991,1,6
17997,1,6
18003,1,6
18009,1,6
18015,1,6
18021,1,6
18027,1,6
18033,1,6
18039,0,6
18045,1,6
18051,0,6
18057,1,6
18063,1,6
18069,1,6
18075,1,6
18081,1,6
18087,1,6
18094,1,7
18100,1,6
18106,1,6
18112,1,6
18118,1,6
18124,1,6
18130,1,6
18136,1,6
18142,1,6
18148,0,6
18155,1,7
18160,0,5
18168,1,8
18174,1,6
18180,1,6
18186,1,6
18192,1,6
18197,0,5
18203,0,6
18210,1,7
18216,1,6
18221,0,5
18227,0,6
18234,1,7
18240,1,6
18246,1,6
18252,1,6
18257,0,5
18263,0,6
18269,1,6
18275,1,6
18280,0,5
18286,0,6
18292,0,6
18298,0,6
18304,1,6
18310,1,6
18316,1,6
18322,1,6
18327,0,5
18333,0,6
18339,0,6
18345,0,6
18351,0,6
18357,0,6
18363,0,6
18369,0,6
18375,0,6
18381,1,6
18387,1,6
18393,1,6
18399,1,6
18404,0,5
18410,0,6
18416,0,6
18422,1,6
18428,1,6
18433,0,5
18439,0,6
18445,0,6
18451,1,6
18457,1,6
18462,0,5
18468,0,6
18474,1,6
18480,1,6
18486,1,6
18491,0,5
18497,0,6
18503,0,6
18509,1,6
18515,1,6
18521,1,6
18526,0,5
18533,0,7
18539,1,6
18545,1,6
18550,0,5
18556,0,6
18562,0,6
18568,0,6
18574,0,6
18580,1,6
18586,1,6
18592,1,6
18598,0,6
18604,0,6
18610,1,6
18615,1,5
18620,0,5
18625,0,5
18631,1,6
18636,1,5
18641,0,5
18647,1,6
18652,1,5
18657,1,5
18662,0,5
18668,1,6
18673,1,5
18678,0,5
18683,0,5
18689,0,6
18695,1,6
18701,1,6
18706,0,5
18712,0,6
18718,0,6
18724,1,6
18730,1,6
18736,1,6
18741,0,5
18747,0,6
18753,1,6
18759,1,6
18764,0,5
18770,0,6
18776,0,6
18782,1,6
18788,1,6
18794,1,6
18800,1,6
18805,0,5
18811,0,6
18817,0,6
18823,1,6
18829,1,6
18835,1,6
18841,1,6
18846,0,5
18852,0,6
18858,1,6
18864,1,6
18869,0,5
18875,0,6
18881,0,6
18887,1,6
18892,0,5
18898,0,6
18904,0,6
18910,1,6
18915,0,5
18921,0,6
18927,0,6
18933,1,6
18938,0,5
18944,0,6
18950,0,6
18956,1,6
18962,0,6
18968,0,6
18974,1,6
18980,1,6
18986,1,6
18992,0,6
18998,0,6
19004,0,6
19010,1,6
19016,1,6
19022,1,6
19028,1,6
19033,0,5
19039,0,6
19045,0,6
19051,0,6
19057,1,6
19063,1,6
19068,0,5
19074,0,6
19080,0,6
19086,1,6
19092,1,6
19098,1,6
19104,1,6
19110,1,6
19116,1,6
19122,1,6
19128,1,6
19133,0,5
19139,0,6
19145,0,6
19151,1,6
19156,0,5
19162,0,6
19168,0,6
19174,1,6
19180,1,6
19186,1,6
19191,0,5
19197,0,6
19203,0,6
19209,1,6
19214,0,5
19220,0,6
19226,0,6
19232,1,6
19238,1,6
19243,1,5
19248,0,5
19253,0,5
19259,1,6
19264,1,5
19269,0,5
19274,0,5
19280,1,6
19285,0,5
19290,0,5
19297,2,7
19302,0,5
19308,0,6
19314,0,6
19320,1,6
19326,1,6
19331,0,5
19337,0,6
19343,0,6
19350,1,7
19356,1,6
19362,1,6
19368,1,6
19373,0,5
19380,1,7
19386,1,6
19392,1,6
19398,1,6
19404,1,6
19410,1,6
19416,1,6
19421,0,5
19427,0,6
19433,1,6
19439,0,6
19445,1,6
19451,1,6
19457,1,6
19463,1,6
19469,1,6
19475,1,6
19481,1,6
19487,1,6
19493,0,6
19499,0,6
19506,1,7
19511,0,5
19517,0,6
19523,0,6
19530,1,7
19536,1,6
19541,0,5
19547,0,6
19553,1,6
19559,1,6
19565,1,6
19571,1,6
19577,1,6
19582,0,5
19588,0,6
19594,0,6
19601,2,7
19606,0,5
19612,1,6
19617,1,5
19622,0,5
19627,0,5
19633,1,6
19638,1,5
19643,0,5
19648,0,5
19654,1,6
19659,1,5
19664,0,5
19669,0,5
19675,1,6
19680,1,5
19685,0,5
19690,0,5
19695,0,5
19701,1,6
19706,1,5
19711,0,5
19717,0,6
19723,1,6
19729,1,6
19734,0,5
19740,0,6
19746,1,6
19752,1,6
19757,0,5
19763,0,6
19769,0,6
19775,1,6
19781,1,6
19792,0,11
19798,0,6
19804,0,6
19810,1,6
19816,1,6
19822,1,6
19827,0,5
19833,0,6
19839,0,6
19845,1,6
19851,1,6
19857,1,6
19863,1,6
19868,0,5
19874,0,6
19880,0,6
19886,1,6
19892,1,6
19897,0,5
19903,0,6
19909,0,6
19915,1,6
19921,1,6
19927,1,6
19932,0,5
19938,0,6
19944,1,6
19950,1,6
19956,1,6
19961,0,5
19967,0,6
19973,1,6
19979,1,6
19984,0,5
19991,0,7
19997,0,6
20002,0,5
20008,0,6
20013,0,5
20019,1,6
20024,1,5
20029,0,5
20034,0,5
20040,1,6
20045,0,5
20050,0,5
20056,1,6
20061,1,5
20066,0,5
20071,0,5
20077,1,6
20082,1,5
20087,0,5
20092,0,5
20098,1,6
20103,1,5
20108,0,5
20113,0,5
20118,0,5
20124,1,6
20129,1,5
20134,0,5
20140,1,6
20147,3,7
20150,0,3
20156,1,6
20162,1,6
20168,0,6
20174,1,6
20180,1,6
20186,1,6
20191,0,5
20197,0,6
20203,1,6
20209,1,6
20215,1,6
20220,0,5
20226,0,6
20232,1,6
20238,1,6
20244,1,6
20250,1,6
20256,1,6
20261,0,5
20267,0,6
20273,0,6
20279,1,6
20285,1,6
20291,1,6
20296,0,5
20302,0,6
20308,1,6
20314,1,6
20320,1,6
20325,0,5
20331,0,6
20337,0,6
20343,0,6
20349,0,6
20356,1,7
20362,1,6
20368,1,6
20374,0,6
20380,0,6
20386,0,6
20392,0,6
20398,0,6
20410,6,12
20411,2,1
20415,1,4
20420,0,5
20425,0,5
20431,1,6
20436,1,5
20441,1,5
20447,1,6
20452,1,5
20457,1,5
20462,1,5
20467,0,5
20472,0,5
20478,1,6
20483,1,5
20488,1,5
20493,0,5
20499,1,6
20504,1,5
20509,1,5
20515,1,6
20519,0,4
20525,1,6
20530,1,5
20535,1,5
20540,0,5
20545,0,5
20551,1,6
20556,1,5
20561,0,5
20566,0,5
20571,0,5
20577,1,6
20582,1,5
20587,1,5
20592,0,5
20597,0,5
20603,1,6
20608,1,5
20613,1,5
20618,0,5
20623,0,5
20629,1,6
20634,1,5
20639,1,5
20644,0,5
20649,0,5
20655,1,6
20660,1,5
20665,1,5
20670,0,5
20675,0,5
20680,0,5
20691,6,11
20697,0,6
20703,1,6
20709,1,6
20715,1,6
20720,0,5
20726,0,6
20732,0,6
20738,0,6
20745,1,7
20751,1,6
20757,1,6
20763,1,6
20768,0,5
20774,0,6
20780,1,6
20786,1,6
20792,1,6
20798,1,6
20803,0,5
20809,0,6
20815,0,6
20821,1,6
20826,0,5
20832,0,6
20838,0,6
20844,1,6
20850,1,6
20855,0,5
20861,0,6
20867,0,6
20873,1,6
20879,1,6
20884,0,5
20890,0,6
20896,1,6
20902,1,6
20908,1,6
20913,0,5
20919,0,6
20925,1,6
20931,1,6
20936,0,5
20942,0,6
20948,0,6
20954,1,6
20960,1,6
20965,0,5
20971,0,6
20977,1,6
20983,1,6
20988,0,5
20994,0,6
21000,0,6
21006,0,6
21012,1,6
21018,1,6
21023,0,5
21029,0,6
21035,0,6
21041,0,6
21047,1,6
21053,1,6
21059,1,6
21065,1,6
21071,1,6
21076,0,5
21082,0,6
21088,0,6
21094,0,6
21100,0,6
21106,1,6
21112,1,6
21117,0,5
21123,0,6
21129,0,6
21135,1,6
21141,1,6
21146,0,5
21152,0,6
21158,0,6
21164,1,6
21170,1,6
21175,0,5
21181,0,6
21187,0,6
21193,0,6
21199,0,6
21205,1,6
21211,1,6
21216,0,5
21222,0,6
21228,0,6
21234,1,6
21240,1,6
21246,1,6
21251,0,5
21257,0,6
21263,1,6
21268,0,5
21274,1,6
21280,1,6
21285,0,5
21290,0,5
21296,1,6
21301,1,5
21306,0,5
21311,0,5
21316,0,5
21322,1,6
21327,1,5
21332,0,5
21337,0,5
21343,0,6
21349,0,6
21355,0,6
21361,0,6
21367,0,6
21373,1,6
21379,1,6
21385,1,6
21391,1,6
21397,1,6
21403,1,6
21409,1,6
21415,1,6
21421,1,6
21426,0,5
21432,0,6
21438,1,6
21444,1,6
21450,1,6
21456,1,6
21461,0,5
21467,0,6
21473,0,6
21479,0,6
21485,1,6
21491,1,6
21496,0,5
21502,0,6
21508,0,6
21514,1,6
21520,1,6
21525,0,5
21531,0,6
21537,0,6
21543,1,6
21549,1,6
21554,0,5
21560,0,6
21566,0,6
21572,0,6
21578,1,6
21584,1,6
21590,1,6
21596,1,6
21602,1,6
21608,1,6
21614,0,6
21620,0,6
21626,0,6
21633,1,7
21638,0,5
21644,0,6
21650,0,6
21656,0,6
21662,0,6
21669,1,7
21675,1,6
21681,1,6
21687,1,6
21693,0,6
21700,1,7
21706,1,6
21712,1,6
21718,1,6
21723,0,5
21729,0,6
21736,1,7
21742,1,6
21748,1,6
21754,1,6
21760,1,6
21765,0,5
21771,0,6
21777,1,6
21783,1,6
21789,1,6
21795,1,6
21801,1,6
21807,1,6
21813,0,6
21819,0,6
21825,0,6
21831,1,6
21837,0,6
21843,0,6
21849,0,6
21855,0,6
21861,0,6
21867,0,6
21873,0,6
21879,0,6
21885,1,6
21891,1,6
21897,1,6
21902,0,5
21908,0,6
21914,0,6
21920,0,6
21926,1,6
21932,1,6
21938,1,6
21944,1,6
21950,1,6
21956,1,6
21962,1,6
21968,1,6
21976,3,8
21982,1,6
21989,1,7
21995,1,6
22001,1,6
22007,1,6
22013,1,6
22019,0,6
22026,1,7
22032,0,6
22039,1,7
22045,1,6
22051,1,6
22057,0,6
22063,0,6
22069,0,6
22075,1,6
22081,1,6
22087,1,6
22093,1,6
22099,0,6
22105,1,6
22111,1,6
22116,0,5
22122,0,6
22128,0,6
22134,1,6
22140,1,6
22145,0,5
22151,0,6
22157,1,6
22163,1,6
22168,1,5
22173,0,5
22179,1,6
22184,1,5
22189,0,5
22194,0,5
22200,1,6
22205,1,5
22210,0,5
22215,0,5
22220,0,5
22226,1,6
22231,1,5
22236,0,5
22242,1,6
22247,1,5
22252,1,5
22257,0,5
22263,1,6
22268,1,5
22273,0,5
22278,0,5
22284,1,6
22289,1,5
22294,0,5
22300,1,6
22305,1,5
22310,0,5
22316,1,6
22321,1,5
22326,0,5
22332,1,6
22337,1,5
22342,0,5
22347,0,5
22353,1,6
22358,1,5
22363,0,5
22368,0,5
22374,1,6
22379,1,5
22384,0,5
22390,1,6
22395,1,5
22400,0,5
22405,0,5
22411,1,6
22416,0,5
22422,1,6
22428,1,6
22433,1,5
22438,0,5
22444,1,6
22450,1,6
22455,0,5
22460,0,5
22466,1,6
22471,0,5
22477,1,6
22482,0,5
22488,1,6
22493,1,5
22498,0,5
22504,1,6
22509,0,5
22515,1,6
22520,0,5
22525,0,5
22531,1,6
22536,1,5
22541,0,5
22546,0,5
22552,1,6
22557,1,5
22562,0,5
22567,0,5
22573,1,6
22578,1,5
22583,0,5
22588,0,5
22594,1,6
22599,1,5
22604,0,5
22609,0,5
22615,1,6
22620,1,5
22625,0,5
22630,0,5
22636,1,6
22641,1,5
22646,0,5
22651,0,5
22656,0,5
22662,1,6
22667,1,5
22672,0,5
22678,1,6
22683,1,5
22688,0,5
22694,1,6
22699,1,5
22704,0,5
22709,0,5
22715,1,6
22720,1,5
22725,0,5
22730,0,5
22736,1,6
22741,1,5
22746,0,5
22751,0,5
22757,1,6
22762,1,5
22767,0,5
22772,0,5
22778,1,6
22783,0,5
22788,0,5
22794,1,6
22800,2,6
22805,1,5
22811,1,6
22817,1,6
22823,1,6
22829,1,6
22834,0,5
22840,0,6
22846,0,6
22852,0,6
22858,0,6
22864,0,6
22870,0,6
22876,0,6
22882,0,6
22888,1,6
22894,1,6
22900,1,6
22905,0,5
22911,0,6
22917,0,6
22923,1,6
22929,1,6
22934,0,5
22940,0,6
22946,1,6
22952,1,6
22958,1,6
22963,0,5
22969,1,6
22974,1,5
22980,1,6
22985,0,5
22991,1,6
22996,0,5
23002,1,6
23008,1,6
23014,1,6
23020,1,6
23027,2,7
23033,1,6
23039,1,6
23045,2,6
23052,1,7
23063,6,11
23070,1,7
23077,1,7
23084,1,7
23092,2,8
23099,2,7
23106,1,7
23114,2,8
23121,2,7
23128,1,7
23134,1,6
23141,1,7
23147,1,6
23154,1,7
23161,1,7
23168,1,7
23175,2,7
23181,1,6
23188,1,7
23195,1,7
23201,1,6
23208,1,7
23215,1,7
23222,1,7
23228,0,6
23236,2,8
23243,1,7
23249,1,6
23256,1,7
23263,1,7
23270,1,7
23276,1,6
23283,1,7
23290,1,7
23297,1,7
23303,1,6
23310,1,7
23317,1,7
23324,1,7
23331,2,7
23337,1,6
23344,1,7
23351,1,7
23358,1,7
23364,1,6
23371,1,7
23377,1,6
23384,1,7
23391,1,7
23397,1,6
23403,2,6
23408,1,5
23414,1,6
23421,1,7
23428,1,7
23433,1,5
23440,1,7
23446,2,6
23454,2,8
23459,1,5
23465,2,6
23472,1,7
23478,1,6
23484,2,6
23489,1,5
23496,2,7
23502,2,6
23509,1,7
23514,1,5
23521,1,7
23527,1,6
23535,2,8
23541,1,6
23548,1,7
23555,2,7
23561,1,6
23567,0,6
23574,1,7
23580,1,6
23586,1,6
23593,1,7
23599,1,6
23607,1,8
23612,1,5
23618,1,6
23623,1,5
23629,0,6
23636,1,7
23642,1,6
23648,0,6
23654,0,6
23660,0,6
23666,1,6
23672,1,6
23677,0,5
23683,0,6
23689,0,6
23694,0,5
23700,1,6
23705,1,5
23710,0,5
23715,0,5
23720,0,5
23726,1,6
23731,1,5
23736,0,5
23741,0,5
23747,1,6
23752,0,5
23757,0,5
23762,0,5
23768,1,6
23773,1,5
23778,0,5
23783,0,5
23789,1,6
23794,1,5
23799,0,5
23804,0,5
23810,1,6
23815,1,5
23820,0,5
23825,0,5
23831,1,6
23836,1,5
23841,0,5
23846,0,5
23852,1,6
23857,1,5
23862,0,5
23867,0,5
23873,1,6
23878,0,5
23883,0,5
23889,1,6
23894,1,5
23899,0,5
23904,0,5
23910,1,6
23915,1,5
23920,0,5
23925,0,5
23931,1,6
23936,1,5
23941,0,5
23946,0,5
23952,1,6
23957,1,5
23962,0,5
23967,0,5
23972,0,5
23978,1,6
23983,1,5
23988,0,5
23993,0,5
23999,1,6
24004,1,5
24009,1,5
24014,0,5
24019,0,5
24024,0,5
24030,1,6
24035,1,5
24040,0,5
24045,0,5
24051,1,6
24056,1,5
24061,0,5
24066,0,5
24072,1,6
24077,1,5
24082,1,5
24087,0,5
24093,1,6
24098,1,5
24103,1,5
24108,0,5
24114,1,6
24122,4,8
24124,0,2
24130,0,6
24136,0,6
24142,0,6
24148,1,6
24154,1,6
24160,1,6
24166,1,6
24172,1,6
24178,1,6
24184,1,6
24190,1,6
24196,1,6
24202,1,6
24208,1,6
24214,1,6
24219,0,5
24225,0,6
24231,1,6
24237,1,6
24242,0,5
24248,1,6
24254,1,6
24260,1,6
24265,0,5
24271,0,6
24276,0,5
24282,1,6
24287,1,5
24292,0,5
24297,0,5
24303,1,6
24308,0,5
24313,0,5
24319,1,6
24324,1,5
24329,0,5
24334,0,5
24340,1,6
24345,1,5
24350,0,5
24355,0,5
24361,1,6
24366,0,5
24371,0,5
24377,1,6
24382,1,5
24388,1,6
24393,1,5
24398,0,5
24404,1,6
24410,1,6
24415,1,5
24420,0,5
24426,1,6
24431,0,5
24437,1,6
24442,1,5
24447,0,5
24452,0,5
24458,1,6
24463,1,5
24468,0,5
24473,0,5
24479,1,6
24484,1,5
24489,0,5
24494,0,5
24500,1,6
24505,1,5
24510,0,5
24515,0,5
24521,1,6
24526,1,5
24531,0,5
24536,0,5
24542,1,6
24547,1,5
24552,0,5
24557,0,5
24563,1,6
24568,1,5
24573,0,5
24578,0,5
24584,1,6
24589,1,5
24594,0,5
24599,0,5
24605,1,6
24610,1,5
24615,0,5
24620,0,5
24626,1,6
24631,1,5
24636,0,5
24641,0,5
24647,1,6
24652,0,5
24657,0,5
24662,0,5
24668,1,6
24673,0,5
24678,0,5
24683,0,5
24689,1,6
24694,1,5
24699,0,5
24704,0,5
24709,0,5
24714,0,5
24720,1,6
24725,1,5
24730,0,5
24735,0,5
24740,0,5
24746,1,6
24751,1,5
24756,0,5
24761,0,5
24766,0,5
24771,0,5
24777,1,6
24782,1,5
24787,1,5
24792,0,5
24797,0,5
24802,0,5
24807,0,5
24813,1,6
24818,1,5
24823,1,5
24828,0,5
24833,0,5
24838,0,5
24843,0,5
24849,1,6
24854,1,5
24859,0,5
24864,0,5
24869,0,5
24875,1,6
24880,1,5
24885,1,5
24890,0,5
24895,0,5
24900,0,5
24906,1,6
24911,1,5
24916,0,5
24921,0,5
24926,0,5
24932,1,6
24937,1,5
24942,1,5
24947,0,5
24952,0,5
24957,0,5
24963,1,6
24968,1,5
24973,0,5
24978,0,5
24984,1,6
24989,1,5
24994,0,5
24999,0,5
25005,1,6
25011,2,6
25016,1,5
25021,1,5
25026,1,5
25032,1,6
25037,1,5
25042,1,5
25048,1,6
25053,1,5
25058,1,5
25064,1,6
25069,1,5
25074,1,5
25079,1,5
25085,1,6
25090,1,5
25096,2,6
25101,1,5
25106,1,5
25111,1,5
25117,1,6
25122,1,5
25128,2,6
25133,1,5
25139,2,6
25144,1,5
25149,1,5
25154,1,5
25160,2,6
25165,1,5
25170,1,5
25175,1,5
25181,1,6
25186,1,5
25191,1,5
25197,1,6
25202,1,5
25208,2,6
25213,1,5
25218,1,5
25224,2,6
25229,1,5
25235,2,6
25240,1,5
25245,1,5
25250,1,5
25256,1,6
25261,1,5
25266,1,5
25272,1,6
25277,1,5
25282,1,5
25287,1,5
25293,1,6
25298,1,5
25304,2,6
25309,1,5
25314,1,5
25320,2,6
25325,1,5
25331,2,6
25336,2,5
25341,1,5
25346,1,5
25352,1,6
25357,1,5
25362,1,5
25368,1,6
25373,1,5
25378,1,5
25384,1,6
25389,1,5
25394,1,5
25400,1,6
25405,1,5
25410,1,5
25431,17,21
25432,12,1
25433,8,1
25433,2,0
25437,1,4
25442,1,5
25448,1,6
25453,1,5
25459,2,6
25464,1,5
25470,2,6
25475,2,5
25480,1,5
25485,1,5
25491,2,6
25496,1,5
25502,2,6
25506,1,4
25511,0,5
25516,0,5
25521,0,5
25527,1,6
25532,1,5
25537,0,5
25542,0,5
25547,0,5
25553,1,6
25558,1,5
25563,1,5
25568,0,5
25573,0,5
25579,1,6
25584,1,5
25589,1,5
25594,0,5
25599,0,5
25604,0,5
25610,1,6
25615,1,5
25620,0,5
25626,0,6
25632,0,6
25639,1,7
25645,1,6
25651,1,6
25657,1,6
25663,1,6
25669,1,6
25675,1,6
25681,0,6
25688,1,7
25694,1,6
25700,1,6
25706,1,6
25712,1,6
25718,1,6
25724,1,6
25730,1,6
25735,0,5
25741,0,6
25751,1,10
25756,0,5
25762,0,6
25768,1,6
25774,1,6
25779,0,5
25785,0,6
25791,0,6
25797,1,6
25803,1,6
25808,0,5
25814,0,6
25820,1,6
25826,1,6
25831,0,5
25837,0,6
25843,0,6
25849,1,6
25855,1,6
25861,1,6
25867,1,6
25873,1,6
25879,1,6
25885,1,6
25891,1,6
25897,1,6
25902,0,5
25908,0,6
25914,1,6
25920,1,6
25926,1,6
25932,1,6
25942,1,10
25948,1,6
25954,1,6
25960,0,6
25966,1,6
25972,1,6
25978,1,6
25983,0,5
25989,0,6
25996,1,7
26002,1,6
26008,1,6
26015,2,7
26025,1,10
26031,1,6
26037,1,6
26043,1,6
26049,1,6
26055,1,6
26060,0,5
26066,0,6
26072,0,6
26078,1,6
26084,1,6
26090,1,6
26096,1,6
26102,1,6
26108,1,6
26114,1,6
26120,0,6
26126,0,6
26132,0,6
26138,1,6
26144,1,6
26149,0,5
26155,0,6
26161,0,6
26167,0,6
26173,1,6
26179,1,6
26186,1,7
26192,1,6
26198,1,6
26204,1,6
26210,1,6
26215,0,5
26221,0,6
26227,0,6
26233,1,6
26239,1,6
26244,0,5
26250,0,6
26256,0,6
26262,0,6
26268,1,6
26274,1,6
26280,1,6
26286,1,6
26292,0,6
26298,1,6
26305,0,7
26311,0,6
26317,1,6
26323,1,6
26329,1,6
26335,1,6
26341,0,6
26347,1,6
26353,0,6
26359,1,6
26365,1,6
26370,0,5
26376,0,6
26382,0,6
26389,1,7
26395,0,6
26402,1,7
26408,1,6
26414,0,6
26421,1,7
26427,1,6
26434,1,7
26440,1,6
26446,1,6
26452,1,6
26458,1,6
26464,1,6
26470,1,6
26476,1,6
26482,1,6
26488,1,6
26494,0,6
26501,1,7
26507,1,6
26513,0,6
26519,1,6
26525,1,6
26530,0,5
26536,0,6
26542,0,6
26548,0,6
26554,0,6
26560,0,6
26566,1,6
26572,1,6
26577,0,5
26583,0,6
26589,0,6
26595,0,6
26602,1,7
26608,1,6
26614,1,6
26620,1,6
26626,1,6
26632,1,6
26637,0,5
26643,0,6
26649,1,6
26655,1,6
26661,0,6
26667,1,6
26673,1,6
26679,1,6
26685,1,6
26691,1,6
26696,0,5
26702,0,6
26709,1,7
26714,0,5
26720,0,6
26726,0,6
26732,1,6
26738,1,6
26743,1,5
26748,0,5
26753,0,5
26759,1,6
26764,1,5
26769,0,5
26774,0,5
26780,1,6
26785,1,5
26790,0,5
26795,0,5
26801,1,6
26806,1,5
26811,0,5
26816,0,5
26822,1,6
26827,1,5
26832,0,5
26838,1,6
26843,1,5
26848,0,5
26853,0,5
26859,1,6
26864,0,5
26869,0,5
26875,1,6
26880,1,5
26885,0,5
26891,1,6
26896,1,5
26901,0,5
26906,0,5
26912,1,6
26917,1,5
26922,0,5
26927,0,5
26933,1,6
26938,1,5
26943,0,5
26948,0,5
26954,1,6
26959,1,5
26964,0,5
26970,1,6
26975,1,5
26980,1,5
26985,0,5
26990,0,5
26996,1,6
27001,1,5
27007,2,6
27012,1,5
27017,1,5
27023,2,6
27028,1,5
27033,1,5
27039,2,6
27044,1,5
27049,1,5
27055,2,6
27060,1,5
27065,1,5
27070,1,5
27076,2,6
27081,1,5
27086,1,5
27091,1,5
27097,1,6
27102,1,5
27107,1,5
27112,1,5
27118,1,6
27123,1,5
27128,1,5
27133,1,5
27139,1,6
27144,1,5
27149,1,5
27155,2,6
27160,1,5
27165,1,5
27170,1,5
27176,1,6
27181,1,5
27187,2,6
27192,1,5
27197,1,5
27203,2,6
27208,1,5
27213,1,5
27218,1,5
27224,1,6
27229,1,5
27235,2,6
27240,1,5
27245,1,5
27250,1,5
27256,1,6
27261,1,5
27266,1,5
27272,1,6
27277,1,5
27283,2,6
27288,1,5
27293,1,5
27299,2,6
27304,1,5
27310,2,6
27315,1,5
27320,1,5
27325,1,5
27331,1,6
27336,1,5
27341,1,5
27347,1,6
27352,1,5
27358,1,6
27363,1,5
27370,2,7
27375,1,5
27381,2,6
27386,1,5
27392,1,6
27397,1,5
27403,1,6
27409,2,6
27414,1,5
27420,1,6
27426,2,6
27432,2,6
27437,1,5
27443,2,6
27449,2,6
27455,2,6
27460,1,5
27466,1,6
27472,2,6
27477,1,5
27483,2,6
27489,2,6
27495,2,6
27501,2,6
27506,1,5
27512,2,6
27518,2,6
27524,2,6
27529,1,5
27534,1,5
27540,1,6
27546,2,6
27552,2,6
27557,1,5
27563,1,6
27568,1,5
27574,1,6
27580,2,6
27585,1,5
27591,1,6
27596,1,5
27602,1,6
27607,1,5
27613,1,6
27618,1,5
27623,1,5
27628,1,5
27633,0,5
27639,1,6
27644,1,5
27649,1,5
27654,0,5
27659,0,5
27664,0,5
27669,0,5
27675,1,6
27680,1,5
27685,0,5
27690,0,5
27696,1,6
27701,1,5
27706,1,5
27711,0,5
27716,0,5
27721,0,5
27727,1,6
27732,1,5
27737,1,5
27742,0,5
27747,0,5
27753,1,6
27758,1,5
27763,1,5
27768,0,5
27773,0,5
27779,1,6
27784,1,5
27789,1,5
27794,0,5
27799,0,5
27804,0,5
27810,1,6
27815,1,5
27820,1,5
27825,0,5
27830,0,5
27836,1,6
27841,1,5
27846,0,5
27851,0,5
27856,0,5
27862,1,6
27867,1,5
27872,1,5
27877,0,5
27882,0,5
27887,0,5
27893,1,6
27898,1,5
27903,1,5
27908,0,5
27913,0,5
27918,0,5
27924,1,6
27929,1,5
27934,1,5
27939,0,5
27945,1,6
27950,1,5
27955,1,5
27960,0,5
27965,0,5
27970,0,5
27976,1,6
27981,1,5
27986,0,5
27991,0,5
27996,0,5
28002,1,6
28009,3,7
28013,1,4
28019,2,6
28024,1,5
28029,1,5
28035,2,6
28040,1,5
28045,1,5
28051,1,6
28056,1,5
28062,2,6
28067,1,5
28072,1,5
28078,1,6
28083,1,5
28088,1,5
28094,1,6
28099,1,5
28104,1,5
28110,1,6
28115,1,5
28120,1,5
28126,1,6
28131,1,5
28136,1,5
28142,1,6
28147,1,5
28153,2,6
28158,1,5
28163,1,5
28168,1,5
28174,1,6
28179,1,5
28184,1,5
28190,1,6
28195,1,5
28200,1,5
28206,1,6
28211,1,5
28216,1,5
28222,1,6
28227,1,5
28232,1,5
28238,2,6
28243,1,5
28248,1,5
28253,1,5
28259,1,6
28264,1,5
28269,1,5
28275,1,6
28280,1,5
28285,1,5
28291,1,6
28296,1,5
28301,1,5
28307,1,6
28312,1,5
28317,1,5
28323,2,6
28328,1,5
28333,1,5
28339,2,6
28344,1,5
28350,2,6
28354,1,4
28360,1,6
28365,1,5
28371,2,6
28376,1,5
28382,2,6
28387,1,5
28392,1,5
28398,2,6
28403,1,5
28409,2,6
28414,1,5
28419,1,5
28425,2,6
28430,1,5
28436,2,6
28441,1,5
28447,2,6
28452,2,5
28458,2,6
28463,2,5
28468,1,5
28473,1,5
28479,2,6
28484,1,5
28489,1,5
28495,2,6
28500,1,5
28505,1,5
28510,1,5
28515,0,5
28520,0,5
28526,1,6
28531,1,5
28536,0,5
28542,1,6
28547,1,5
28552,1,5
28557,1,5
28562,0,5
28567,0,5
28572,0,5
28578,1,6
28583,1,5
28588,0,5
28593,0,5
28599,1,6
28604,1,5
28609,1,5
28614,1,5
28619,0,5
28624,0,5
28630,1,6
28635,1,5
28640,0,5
28646,1,6
28651,1,5
28656,1,5
28661,0,5
28666,0,5
28671,0,5
28677,1,6
28682,1,5
28687,1,5
28692,0,5
28697,0,5
28702,0,5
28708,1,6
28713,1,5
28718,1,5
28723,0,5
28728,0,5
28733,0,5
28739,1,6
28744,1,5
28749,0,5
28754,0,5
28759,0,5
28765,1,6
28770,1,5
28775,1,5
28780,0,5
28785,0,5
28791,1,6
28796,1,5
28801,1,5
28806,0,5
28811,0,5
28816,0,5
28822,1,6
28827,1,5
28832,0,5
28837,0,5
28843,1,6
28848,1,5
28853,1,5
28858,0,5
28864,1,6
28869,1,5
28874,1,5
28879,0,5
28884,0,5
28889,0,5
28895,1,6
28900,1,5
28905,0,5
28910,0,5
28915,0,5
28921,1,6
28926,1,5
28931,1,5
28936,0,5
28941,0,5
28947,1,6
28952,1,5
28957,1,5
28962,0,5
28967,0,5
28972,0,5
28978,1,6
28983,1,5
28988,1,5
28993,0,5
28998,0,5
29004,1,6
29009,1,5
29014,0,5
29020,1,6
29025,1,5
29030,1,5
29035,1,5
29040,0,5
29045,0,5
29051,1,6
29056,1,5
29061,1,5
29066,0,5
29072,1,6
29077,1,5
29082,1,5
29087,0,5
29092,0,5
29097,0,5
29103,1,6
29108,1,5
29113,0,5
29118,0,5
29124,1,6
29129,1,5
29134,1,5
29139,0,5
29144,0,5
29149,0,5
29155,1,6
29160,1,5
29165,0,5
29170,0,5
29175,0,5
29181,1,6
29186,1,5
29191,0,5
29196,0,5
29202,1,6
29207,1,5
29212,1,5
29217,0,5
29222,0,5
29228,1,6
29233,1,5
29238,1,5
29243,0,5
29249,1,6
29254,1,5
29259,1,5
29264,0,5
29269,0,5
29274,0,5
29279,0,5
29285,1,6
29290,1,5
29295,0,5
29300,0,5
29305,0,5
29311,1,6
29316,1,5
29321,1,5
29326,0,5
29331,0,5
29336,0,5
29342,1,6
29347,1,5
29352,1,5
29357,0,5
29363,1,6
29368,1,5
29373,1,5
29378,1,5
29383,0,5
29388,0,5
29393,0,5
29399,1,6
29404,1,5
29409,0,5
29414,0,5
29420,1,6
29425,1,5
29430,1,5
29435,0,5
29440,0,5
29446,1,6
29451,1,5
29456,1,5
29461,0,5
29466,0,5
29471,0,5
29477,1,6
29482,1,5
29487,0,5
29492,0,5
29497,0,5
29502,0,5
29508,1,6
29513,1,5
29518,0,5
29523,0,5
29528,0,5
29533,0,5
29539,1,6
29544,1,5
29549,0,5
29554,0,5
29559,0,5
29565,1,6
29570,1,5
29575,0,5
29580,0,5
29586,1,6
29591,1,5
29596,1,5
29601,0,5
29606,0,5
29612,1,6
29617,1,5
29622,0,5
29627,0,5
29633,1,6
29638,1,5
29643,1,5
29648,0,5
29653,0,5
29659,1,6
29664,1,5
29669,1,5
29674,0,5
29679,0,5
29685,1,6
29690,1,5
29695,1,5
29700,0,5
29705,0,5
29711,1,6
29716,1,5
29721,0,5
29726,0,5
29731,0,5
29737,1,6
29742,1,5
29747,0,5
29752,0,5
29758,1,6
29763,1,5
29768,0,5
29773,0,5
29779,1,6
29784,1,5
29789,1,5
29795,1,6
29800,1,5
29805,1,5
29810,0,5
29815,0,5
29820,0,5
29826,1,6
29831,1,5
29836,0,5
29841,0,5
29846,0,5
29852,1,6
29857,1,5
29864,2,7
29870,1,6
29875,1,5
29880,0,5
29886,1,6
29892,1,6
29897,0,5
29903,0,6
29908,0,5
29914,0,6
29920,1,6
29925,1,5
29931,1,6
29936,1,5
29941,0,5
29946,0,5
29952,1,6
29957,1,5
29963,1,6
29968,0,5
29973,0,5
29979,0,6
29984,0,5
29990,1,6
29996,1,6
30003,0,7
30009,0,6
30015,1,6
30021,1,6
30026,0,5
30032,0,6
30038,0,6
30044,1,6
30050,1,6
30056,1,6
30061,0,5
30067,0,6
30073,0,6
30079,1,6
30085,1,6
30090,0,5
30096,0,6
30102,0,6
30108,1,6
30113,0,5
30119,0,6
30125,0,6
30131,1,6
30137,1,6
30142,0,5
30148,0,6
30154,0,6
30160,1,6
30166,1,6
30171,0,5
30177,0,6
30183,0,6
30189,1,6
30195,1,6
30201,1,6
30206,0,5
30212,0,6
30220,3,8
30226,1,6
30231,0,5
30237,0,6
30243,0,6
30249,0,6
30255,1,6
30261,1,6
30266,0,5
30272,0,6
30278,0,6
30284,0,6
30290,1,6
30296,0,6
30302,0,6
30309,1,7
30315,1,6
30320,0,5
30326,0,6
30332,1,6
30338,1,6
30344,1,6
30350,1,6
30356,1,6
30362,1,6
30368,1,6
30374,1,6
30380,1,6
30387,1,7
30393,1,6
30399,1,6
30405,1,6
30411,0,6
30417,0,6
30423,0,6
30431,3,8
30438,2,7
30442,1,4
30447,1,5
30452,1,5
30457,0,5
30462,0,5
30469,2,7
30474,1,5
30479,1,5
30484,1,5
30489,0,5
30494,0,5
30499,0,5
30505,1,6
30510,1,5
30515,0,5
30520,0,5
30525,0,5
30531,1,6
30536,1,5
30541,1,5
30546,0,5
30552,1,6
30557,1,5
30562,1,5
30567,0,5
30572,0,5
30578,1,6
30583,1,5
30588,0,5
30594,1,6
30599,1,5
30604,1,5
30609,0,5
30614,0,5
30619,0,5
30625,1,6
30630,1,5
30635,0,5
30640,0,5
30646,1,6
30651,1,5
30656,1,5
30661,1,5
30666,0,5
30671,0,5
30677,1,6
30682,1,5
30687,1,5
30692,0,5
30698,1,6
30703,1,5
30708,1,5
30713,0,5
30718,0,5
30723,0,5
30729,1,6
30734,1,5
30739,0,5
30744,0,5
30750,1,6
30755,1,5
30760,1,5
30765,0,5
30770,0,5
30776,1,6
30781,1,5
30786,0,5
30791,0,5
30796,0,5
30801,0,5
30807,1,6
30812,1,5
30817,0,5
30822,0,5
30828,1,6
30833,1,5
30838,0,5
30843,0,5
30848,0,5
30854,1,6
30859,1,5
30864,0,5
30869,0,5
30874,0,5
30880,1,6
30885,1,5
30890,0,5
30895,0,5
30901,1,6
30906,1,5
30911,1,5
30916,0,5
30921,0,5
30927,1,6
30932,1,5
30937,0,5
30942,0,5
30948,1,6
30953,1,5
30958,0,5
30963,0,5
30969,1,6
30974,1,5
30979,0,5
30984,0,5
30990,1,6
30995,1,5
31000,0,5
31005,0,5
31011,1,6
31016,1,5
31021,0,5
31026,0,5
31032,1,6
31037,1,5
31042,0,5
31047,0,5
31053,1,6
31058,1,5
31063,0,5
31068,0,5
31074,1,6
31079,1,5
31084,0,5
31089,0,5
31095,1,6
31100,1,5
31105,0,5
31110,0,5
31116,1,6
31121,1,5
31126,0,5
31131,0,5
31137,1,6
31142,1,5
31147,0,5
31152,0,5
31158,1,6
31163,1,5
31168,0,5
31174,1,6
31179,1,5
31184,0,5
31189,0,5
31195,1,6
31200,1,5
31205,0,5
31211,1,6
31216,1,5
31221,0,5
31226,0,5
31232,1,6
31237,1,5
31242,0,5
31248,1,6
31253,1,5
31258,0,5
31263,0,5
31269,1,6
31274,0,5
31280,1,6
31285,1,5
31290,0,5
31296,1,6
31301,1,5
31306,0,5
31312,1,6
31317,1,5
31322,1,5
31327,0,5
31333,1,6
31338,1,5
31343,0,5
31349,1,6
31354,1,5
31359,0,5
31366,1,7
31372,1,6
31378,1,6
31384,0,6
31391,1,7
31397,1,6
31404,2,7
31411,1,7
31416,0,5
31422,0,6
31428,0,6
31434,0,6
31443,4,9
31449,1,6
31454,0,5
31461,0,7
31467,0,6
31473,0,6
31479,1,6
31487,3,8
31493,1,6
31499,1,6
31505,1,6
31510,0,5
31516,0,6
31522,0,6
31528,1,6
31534,1,6
31540,1,6
31545,0,5
31551,0,6
31557,0,6
31563,1,6
31568,0,5
31574,0,6
31580,0,6
31586,0,6
31592,0,6
31598,0,6
31604,0,6
31610,0,6
31616,1,6
31621,0,5
31627,0,6
31633,0,6
31639,0,6
31645,0,6
31652,1,7
31658,1,6
31664,1,6
31670,0,6
31676,0,6
31682,0,6
31688,0,6
31694,1,6
31700,1,6
31706,1,6
31712,1,6
31718,1,6
31724,1,6
31730,1,6
31736,0,6
31743,1,7
31749,1,6
31755,1,6
31761,1,6
31767,1,6
31773,1,6
31779,1,6
31785,1,6
31791,1,6
31797,1,6
31803,0,6
31809,0,6
31815,0,6
31822,1,7
31827,0,5
31833,0,6
31839,0,6
31845,1,6
31851,1,6
31856,0,5
31862,0,6
31868,1,6
31873,0,5
31879,0,6
31885,0,6
31891,1,6
31897,1,6
31902,0,5
31908,0,6
31914,1,6
31920,1,6
31926,1,6
31932,1,6
31937,0,5
31943,0,6
31949,1,6
31955,1,6
31961,1,6
31966,0,5
31972,0,6
31978,0,6
31984,1,6
31990,1,6
31995,0,5
32001,0,6
32007,1,6
32014,1,7
32021,1,7
32028,1,7
32034,1,6
32041,1,7
32048,1,7
32055,2,7
32062,1,7
32068,1,6
32075,1,7
32081,1,6
32088,1,7
32094,1,6
32099,1,5
32105,1,6
32110,1,5
32116,1,6
32122,1,6
32129,1,7
32134,1,5
32140,1,6
32145,1,5
32151,1,6
32156,1,5
32161,0,5
32167,1,6
32172,1,5
32177,1,5
32183,1,6
32188,1,5
32193,1,5
32199,1,6
32204,1,5
32209,1,5
32214,1,5
32220,1,6
32225,1,5
32230,1,5
32240,5,10
32253,1,13
32259,1,6
32267,2,8
32273,1,6
32280,1,7
32286,1,6
32297,1,11
32304,1,7
32310,1,6
32317,1,7
32323,1,6
32330,1,7
32336,1,6
32343,1,7
32349,1,6
32356,1,7
32363,1,7
32369,1,6
32375,0,6
32382,1,7
32388,1,6
32395,1,7
32401,1,6
32408,1,7
32414,1,6
32421,1,7
32427,1,6
32434,1,7
32440,1,6
32447,1,7
32454,1,7
32460,1,6
32467,1,7
32474,1,7
32481,1,7
32488,1,7
32495,2,7
32502,2,7
32508,0,6
32514,1,6
32520,1,6
32526,1,6
32532,1,6
32537,0,5
32543,0,6
32549,1,6
32555,1,6
32560,0,5
32566,0,6
32572,0,6
32578,1,6
32584,1,6
32590,1,6
32596,1,6
32601,0,5
32607,0,6
32613,0,6
32619,1,6
32625,0,6
32631,0,6
32637,1,6
32643,1,6
32649,1,6
32654,0,5
32660,0,6
32666,0,6
32672,0,6
32678,0,6
32684,0,6
32690,0,6
32696,1,6
32702,1,6
32707,0,5
32713,0,6
32719,1,6
32725,1,6
32730,0,5
32737,1,7
32742,0,5
32748,1,6
32753,1,5
32758,0,5
32764,1,6
32769,1,5
32774,0,5
32779,0,5
32785,1,6
32790,1,5
32795,0,5
32801,1,6
32806,1,5
32811,0,5
32817,1,6
32822,1,5
32827,0,5
32833,1,6
32838,1,5
32843,0,5
32849,1,6
32854,1,5
32859,1,5
32864,0,5
32870,1,6
32875,1,5
32880,0,5
32885,0,5
32891,1,6
32896,1,5
32901,0,5
32906,0,5
32912,1,6
32917,1,5
32922,0,5
32927,0,5
32933,1,6
32938,1,5
32943,0,5
32948,0,5
32954,1,6
32959,1,5
32964,0,5
32969,0,5
32975,1,6
32980,1,5
32985,0,5
32990,0,5
32996,1,6
33001,1,5
33006,0,5
33011,0,5
33017,1,6
33022,1,5
33027,0,5
33032,0,5
33038,1,6
33043,0,5
33049,0,6
33055,1,6
33061,1,6
33066,0,5
33072,0,6
33078,1,6
33084,1,6
33090,1,6
33095,0,5
33101,0,6
33107,0,6
33113,1,6
33118,0,5
33124,0,6
33130,0,6
33136,1,6
33141,0,5
33147,0,6
33153,1,6
33159,1,6
33164,0,5
33170,0,6
33176,1,6
33182,1,6
33188,1,6
33193,0,5
33199,0,6
33205,1,6
33211,1,6
33216,0,5
33222,0,6
33228,0,6
33234,1,6
33240,0,6
33246,1,6
33252,1,6
33258,1,6
33263,0,5
33269,0,6
33275,1,6
33281,1,6
33287,1,6
33293,1,6
33299,1,6
33304,0,5
33310,0,6
33316,0,6
33322,1,6
33328,1,6
33334,1,6
33340,1,6
33345,0,5
33351,0,6
33357,1,6
33363,1,6
33368,0,5
33374,0,6
33380,1,6
33386,1,6
33392,1,6
33398,0,6
33404,1,6
33410,1,6
33415,0,5
33421,0,6
33427,0,6
33433,1,6
33439,1,6
33445,1,6
33451,1,6
33456,0,5
33462,1,6
33467,1,5
33472,0,5
33477,0,5
33483,1,6
33488,1,5
33494,1,6
33499,1,5
33504,0,5
33510,1,6
33515,1,5
33520,0,5
33525,0,5
33531,1,6
33536,1,5
33541,0,5
33547,1,6
33552,1,5
33557,0,5
33562,0,5
33568,1,6
33573,1,5
33578,0,5
33584,1,6
33589,1,5
33594,0,5
33599,0,5
33605,1,6
33610,1,5
33615,0,5
33623,0,8
33628,0,5
33634,1,6
33639,1,5
33644,1,5
33649,0,5
33654,0,5
33660,1,6
33665,1,5
33670,1,5
33675,0,5
33681,1,6
33686,1,5
33691,0,5
33696,0,5
33702,1,6
33707,1,5
33712,0,5
33718,1,6
33723,1,5
33728,0,5
33733,0,5
33739,1,6
33744,1,5
33749,0,5
33754,0,5
33760,1,6
33765,1,5
33770,0,5
33775,0,5
33781,1,6
33786,0,5
33791,0,5
33797,1,6
33802,1,5
33807,0,5
33812,0,5
33818,1,6
33823,1,5
33828,0,5
33833,0,5
33839,1,6
33844,1,5
33849,0,5
33855,1,6
33860,1,5
33865,0,5
33870,0,5
33876,1,6
33881,1,5
33886,0,5
33891,0,5
33897,1,6
33902,1,5
33907,0,5
33912,0,5
33918,1,6
33923,1,5
33928,0,5
33934,1,6
33939,1,5
33944,0,5
33950,1,6
33955,1,5
33960,1,5
33965,0,5
33970,0,5
33975,0,5
33981,1,6
33986,1,5
33991,1,5
33996,0,5
34001,0,5
34006,0,5
34011,0,5
34017,1,6
34022,1,5
34027,0,5
34032,0,5
34037,0,5
34042,0,5
34048,1,6
34053,1,5
34058,0,5
34063,0,5
34068,0,5
34073,0,5
34079,1,6
34084,1,5
34089,1,5
34094,0,5
34099,0,5
34104,0,5
34110,1,6
34115,1,5
34120,1,5
34125,0,5
34130,0,5
34136,1,6
34141,1,5
34146,1,5
34151,1,5
34156,0,5
34161,0,5
34166,0,5
34172,1,6
34177,1,5
34182,1,5
34187,0,5
34192,0,5
34198,1,6
34203,1,5
34208,1,5
34213,0,5
34218,0,5
34223,0,5
34229,1,6
34234,1,5
34239,1,5
34245,1,6
34249,0,4
34255,1,6
34260,1,5
34265,1,5
34270,0,5
34275,0,5
34281,1,6
34286,1,5
34291,0,5
34296,0,5
34301,0,5
34306,0,5
34312,1,6
34317,1,5
34322,1,5
34329,1,7
34334,0,5
34339,0,5
34345,1,6
34350,1,5
34355,0,5
34360,0,5
34365,0,5
34371,1,6
34376,1,5
34381,0,5
34386,0,5
34391,0,5
34396,0,5
34402,1,6
34407,1,5
34412,0,5
34417,0,5
34422,0,5
34428,1,6
34433,1,5
34438,1,5
34444,1,6
34449,1,5
34454,1,5
34459,1,5
34464,0,5
34469,0,5
34474,0,5
34480,1,6
34487,3,7
34492,1,5
34497,1,5
34503,1,6
34508,1,5
34513,0,5
34519,1,6
34524,1,5
34529,0,5
34534,0,5
34540,1,6
34545,1,5
34550,0,5
34555,0,5
34561,1,6
34566,1,5
34571,0,5
34576,0,5
34582,1,6
34587,1,5
34593,1,6
34598,1,5
34603,1,5
34608,0,5
34613,0,5
34619,1,6
34624,1,5
34629,1,5
34634,0,5
34640,1,6
34645,1,5
34650,1,5
34655,0,5
34660,0,5
34666,1,6
34671,1,5
34676,0,5
34681,0,5
34686,0,5
34692,1,6
34697,1,5
34702,1,5
34707,0,5
34712,0,5
34717,0,5
34723,1,6
34728,1,5
34733,0,5
34738,0,5
34743,0,5
34748,0,5
34754,1,6
34759,1,5
34764,0,5
34769,0,5
34775,1,6
34780,1,5
34787,1,7
34792,1,5
34797,0,5
34803,1,6
34808,1,5
34813,1,5
34818,0,5
34824,1,6
34829,1,5
34834,1,5
34840,1,6
34845,1,5
34850,1,5
34855,1,5
34860,0,5
34866,1,6
34871,1,5
34876,1,5
34881,1,5
34886,0,5
34891,0,5
34897,1,6
34902,1,5
34907,1,5
34912,0,5
34917,0,5
34923,1,6
34928,1,5
34933,1,5
34938,1,5
34943,0,5
34949,1,6
34954,1,5
34959,1,5
34964,1,5
34969,0,5
34974,0,5
34980,1,6
34985,1,5
34990,1,5
34995,1,5
35000,0,5
35005,0,5
35010,0,5
35016,1,6
35021,1,5
35027,1,6
35033,2,6
35037,1,4
35042,1,5
35047,1,5
35052,0,5
35057,0,5
35062,0,5
35067,0,5
35073,1,6
35078,1,5
35083,0,5
35088,0,5
35094,1,6
35099,1,5
35104,1,5
35109,0,5
35114,0,5
35120,1,6
35125,1,5
35130,0,5
35135,0,5
35141,1,6
35146,1,5
35151,1,5
35156,0,5
35162,1,6
35167,1,5
35172,1,5
35177,1,5
35182,0,5
35187,0,5
35192,0,5
35198,1,6
35203,1,5
35208,1,5
35213,0,5
35218,0,5
35223,0,5
35229,1,6
35234,1,5
35239,0,5
35244,0,5
35249,0,5
35254,0,5
35260,1,6
35265,1,5
35270,0,5
35275,0,5
35280,0,5
35285,0,5
35291,1,6
35296,1,5
35301,0,5
35306,0,5
35311,0,5
35316,0,5
35322,1,6
35327,1,5
35332,1,5
35337,0,5
35342,0,5
35347,0,5
35353,1,6
35358,1,5
35363,1,5
35368,0,5
35373,0,5
35378,0,5
35384,1,6
35389,1,5
35394,0,5
35399,0,5
35405,1,6
35410,1,5
35415,0,5
35420,0,5
35425,0,5
35431,1,6
35436,1,5
35447,7,11
35447,1,0
35451,0,4
35456,0,5
35461,0,5
35467,1,6
35472,1,5
35477,0,5
35482,0,5
35487,0,5
35492,0,5
35498,1,6
35503,1,5
35508,1,5
35513,0,5
35518,0,5
35523,0,5
35529,1,6
35534,1,5
35539,0,5
35544,0,5
35549,0,5
35554,0,5
35560,1,6
35565,1,5
35570,1,5
35575,0,5
35580,0,5
35585,0,5
35591,1,6
35596,1,5
35601,1,5
35606,0,5
35611,0,5
35616,0,5
35622,1,6
35627,1,5
35632,0,5
35637,0,5
35643,1,6
35648,1,5
35653,1,5
35658,0,5
35663,0,5
35668,0,5
35674,1,6
35679,1,5
35684,1,5
35689,0,5
35695,1,6
35700,1,5
35705,1,5
35710,0,5
35715,0,5
35721,1,6
35726,1,5
35731,1,5
35736,0,5
35742,1,6
35747,1,5
35752,1,5
35757,0,5
35762,0,5
35767,0,5
35773,1,6
35778,1,5
35783,1,5
35788,0,5
35794,1,6
35799,1,5
35804,1,5
35809,0,5
35814,0,5
35820,1,6
35825,1,5
35830,1,5
35835,0,5
35840,0,5
35846,1,6
35851,1,5
35856,0,5
35862,1,6
35867,1,5
35872,1,5
35878,1,6
35883,1,5
35888,1,5
35893,1,5
35898,0,5
35904,1,6
35909,1,5
35914,1,5
35919,1,5
35924,0,5
35929,0,5
35935,1,6
35940,1,5
35945,1,5
35950,0,5
35956,1,6
35961,1,5
35966,1,5
35971,1,5
35976,0,5
35981,0,5
35987,1,6
35994,1,7
35999,0,5
36004,0,5
36010,1,6
36015,1,5
36020,1,5
36025,0,5
36030,0,5
36036,1,6
36041,1,5
36046,1,5
36051,0,5
36056,0,5
36061,0,5
36066,0,5
36072,1,6
36077,1,5
36082,0,5
36087,0,5
36092,0,5
36098,1,6
36103,1,5
36109,2,6
36113,0,4
36118,0,5
36124,1,6
36129,1,5
36134,1,5
36139,0,5
36144,0,5
36150,1,6
36155,1,5
36160,1,5
36165,0,5
36170,0,5
36175,0,5
36181,1,6
36186,1,5
36191,1,5
36196,0,5
36201,0,5
36207,1,6
36212,1,5
36217,1,5
36222,0,5
36227,0,5
36232,0,5
36238,1,6
36243,1,5
36248,0,5
36254,1,6
36259,1,5
36264,1,5
36269,1,5
36274,0,5
36279,0,5
36285,1,6
36290,1,5
36295,0,5
36300,0,5
36306,1,6
36311,1,5
36316,1,5
36321,0,5
36326,0,5
36331,0,5
36337,1,6
36342,1,5
36347,0,5
36353,1,6
36358,1,5
36363,1,5
36368,0,5
36373,0,5
36379,1,6
36384,1,5
36389,1,5
36394,0,5
36399,0,5
36404,0,5
36410,1,6
36415,1,5
36420,1,5
36425,0,5
36430,0,5
36435,0,5
36441,1,6
36446,1,5
36451,0,5
36456,0,5
36462,1,6
36467,1,5
36472,1,5
36477,0,5
36482,0,5
36487,0,5
36493,1,6
36498,1,5
36503,1,5
36508,0,5
36513,0,5
36518,0,5
36524,1,6
36529,1,5
36534,1,5
36539,0,5
36544,0,5
36550,1,6
36555,1,5
36560,1,5
36565,0,5
36570,0,5
36575,0,5
36580,0,5
36586,1,6
36591,1,5
36596,0,5
36601,0,5
36606,0,5
36611,0,5
36617,1,6
36622,1,5
36627,0,5
36632,0,5
36637,0,5
36642,0,5
36648,1,6
36653,1,5
36658,0,5
36663,0,5
36668,0,5
36674,1,6
36679,1,5
36684,1,5
36689,0,5
36694,0,5
36699,0,5
36705,1,6
36710,1,5
36715,1,5
36720,0,5
36725,0,5
36730,0,5
36736,1,6
36741,1,5
36746,1,5
36751,0,5
36756,0,5
36761,0,5
36767,1,6
36772,1,5
36777,1,5
36782,0,5
36787,0,5
36793,1,6
36798,1,5
36803,1,5
36808,0,5
36813,0,5
36818,0,5
36824,1,6
36829,1,5
36834,1,5
36839,0,5
36844,0,5
36849,0,5
36855,1,6
36860,1,5
36865,0,5
36870,0,5
36876,1,6
36881,1,5
36886,1,5
36891,0,5
36896,0,5
36902,1,6
36907,1,5
36912,0,5
36917,0,5
36922,0,5
36928,1,6
36933,1,5
36938,0,5
36943,0,5
36949,1,6
36954,1,5
36959,1,5
36965,1,6
36970,1,5
36975,1,5
36980,1,5
36985,0,5
36990,0,5
36995,0,5
37001,1,6
37006,1,5
37011,0,5
37016,0,5
37022,1,6
37027,1,5
37032,1,5
37037,0,5
37042,0,5
37047,0,5
37053,1,6
37058,1,5
37063,0,5
37068,0,5
37074,1,6
37080,1,6
37085,1,5
37097,1,12
37103,0,6
37109,1,6
37115,1,6
37121,1,6
37127,1,6
37133,1,6
37138,0,5
37144,0,6
37150,0,6
37160,4,10
37166,1,6
37171,1,5
37176,1,5
37181,0,5
37186,0,5
37191,0,5
37196,0,5
37201,0,5
37207,1,6
37212,1,5
37217,1,5
37222,0,5
37228,1,6
37233,1,5
37238,1,5
37243,0,5
37249,1,6
37254,1,5
37259,0,5
37264,0,5
37269,0,5
37275,1,6
37280,1,5
37286,1,6
37291,1,5
37296,1,5
37302,1,6
37307,1,5
37312,1,5
37317,0,5
37323,1,6
37328,1,5
37333,1,5
37338,0,5
37344,1,6
37349,1,5
37354,1,5
37359,0,5
37364,0,5
37370,1,6
37375,1,5
37380,1,5
37385,0,5
37390,0,5
37395,0,5
37401,1,6
37406,1,5
37411,0,5
37416,0,5
37421,0,5
37427,1,6
37432,1,5
37437,1,5
37442,0,5
37447,0,5
37452,0,5
37458,1,6
37463,1,5
37468,0,5
37474,1,6
37479,1,5
37484,1,5
37490,1,6
37495,1,5
37500,1,5
37506,2,6
37511,1,5
37517,2,6
37522,1,5
37527,1,5
37533,2,6
37538,1,5
37543,1,5
37548,1,5
37553,0,5
37559,1,6
37564,1,5
37569,1,5
37574,0,5
37579,0,5
37585,1,6
37590,1,5
37595,0,5
37600,0,5
37606,1,6
37611,1,5
37616,1,5
37621,0,5
37626,0,5
37632,1,6
37637,1,5
37642,1,5
37647,0,5
37653,1,6
37658,1,5
37663,1,5
37668,0,5
37673,0,5
37678,0,5
37684,1,6
37689,1,5
37694,0,5
37699,0,5
37705,1,6
37710,1,5
37715,1,5
37720,0,5
37726,1,6
37731,1,5
37736,1,5
37741,0,5
37747,1,6
37752,1,5
37757,1,5
37762,0,5
37768,1,6
37773,1,5
37783,5,10
37793,1,10
37799,1,6
37805,1,6
37811,1,6
37817,0,6
37824,1,7
37830,1,6
37836,1,6
37842,0,6
37848,1,6
37854,1,6
37859,0,5
37865,0,6
37871,0,6
37877,1,6
37883,1,6
37888,0,5
37894,0,6
37900,0,6
37906,1,6
37912,1,6
37917,0,5
37923,0,6
37929,0,6
37935,0,6
37941,0,6
37947,1,6
37953,1,6
37958,0,5
37964,0,6
37970,0,6
37976,1,6
37982,1,6
37988,1,6
37993,0,5
37999,0,6
38005,1,6
38011,1,6
38016,0,5
38022,0,6
38028,1,6
38034,1,6
38040,1,6
38045,0,5
38051,0,6
38057,1,6
38063,1,6
38069,1,6
38075,1,6
38080,0,5
38086,0,6
38092,1,6
38098,1,6
38103,0,5
38109,0,6
38115,1,6
38121,1,6
38126,0,5
38132,0,6
38138,1,6
38144,1,6
38150,1,6
38155,0,5
38161,0,6
38167,1,6
38173,1,6
38178,0,5
38184,0,6
38190,0,6
38196,0,6
38202,1,6
38208,1,6
38213,0,5
38219,0,6
38224,0,5
38230,1,6
38235,1,5
38240,0,5
38246,1,6
38251,0,5
38257,0,6
38263,1,6
38269,1,6
38274,0,5
38280,0,6
38286,0,6
38291,0,5
38297,1,6
38302,1,5
38307,0,5
38312,0,5
38318,1,6
38323,1,5
38328,0,5
38333,0,5
38339,1,6
38344,0,5
38350,1,6
38355,1,5
38360,0,5
38365,0,5
38371,1,6
38376,1,5
38381,0,5
38386,0,5
38392,1,6
38397,0,5
38403,1,6
38408,1,5
38413,0,5
38418,0,5
38423,0,5
38429,1,6
38434,0,5
38439,0,5
38445,1,6
38450,0,5
38456,1,6
38461,1,5
38466,0,5
38471,0,5
38477,1,6
38482,1,5
38487,0,5
38493,1,6
38498,1,5
38503,0,5
38509,1,6
38515,1,6
38521,1,6
38527,1,6
38533,1,6
38539,0,6
38545,0,6
38552,1,7
38558,1,6
38564,1,6
38570,0,6
38577,1,7
38583,1,6
38589,1,6
38595,1,6
38601,0,6
38607,0,6
38613,0,6
38620,1,7
38626,1,6
38632,1,6
38638,1,6
38650,2,12
38656,2,6
38661,1,5
38667,2,6
38672,1,5
38677,0,5
38683,1,6
38688,1,5
38694,1,6
38699,1,5
38705,1,6
38710,1,5
38716,1,6
38721,1,5
38726,0,5
38731,0,5
38737,1,6
38742,1,5
38747,0,5
38752,0,5
38758,1,6
38763,1,5
38768,1,5
38773,0,5
38778,0,5
38783,0,5
38789,1,6
38794,1,5
38799,1,5
38804,0,5
38809,0,5
38814,0,5
38820,1,6
38825,1,5
38830,1,5
38835,0,5
38840,0,5
38846,1,6
38851,1,5
38856,1,5
38861,0,5
38866,0,5
38872,1,6
38877,1,5
38882,1,5
38887,0,5
38893,1,6
38898,1,5
38903,1,5
38908,1,5
38913,0,5
38918,0,5
38924,1,6
38929,1,5
38936,1,7
38941,1,5
38947,1,6
38952,1,5
38957,1,5
38963,1,6
38967,0,4
38973,1,6
38978,1,5
38983,1,5
38988,0,5
38993,0,5
38998,0,5
39004,1,6
39009,1,5
39014,1,5
39019,0,5
39024,0,5
39029,0,5
39035,1,6
39040,1,5
39045,1,5
39050,0,5
39055,0,5
39060,0,5
39065,0,5
39071,1,6
39076,1,5
39081,0,5
39086,0,5
39092,1,6
39097,1,5
39102,1,5
39107,0,5
39112,0,5
39117,0,5
39123,1,6
39128,1,5
39133,1,5
39138,0,5
39143,0,5
39149,1,6
39154,1,5
39159,0,5
39164,0,5
39170,1,6
39175,1,5
39180,1,5
39185,0,5
39190,0,5
39196,1,6
39201,1,5
39206,1,5
39211,0,5
39217,1,6
39222,1,5
39227,1,5
39232,0,5
39237,0,5
39243,1,6
39248,1,5
39253,1,5
39259,1,6
39264,1,5
39269,1,5
39275,1,6
39280,1,5
39285,1,5
39290,1,5
39296,1,6
39301,1,5
39306,1,5
39311,0,5
39317,1,6
39322,1,5
39327,1,5
39332,1,5
39338,1,6
39343,1,5
39348,1,5
39353,1,5
39358,0,5
39364,1,6
39369,1,5
39374,1,5
39379,0,5
39384,0,5
39390,1,6
39395,1,5
39400,1,5
39405,0,5
39410,0,5
39416,1,6
39421,1,5
39426,1,5
39431,0,5
39437,1,6
39442,1,5
39447,1,5
39452,0,5
39457,0,5
39463,1,6
39468,1,5
39473,0,5
39478,0,5
39483,0,5
39489,1,6
39494,1,5
39499,0,5
39504,0,5
39510,1,6
39515,1,5
39520,1,5
39525,0,5
39530,0,5
39536,1,6
39541,1,5
39546,1,5
39551,0,5
39556,0,5
39562,1,6
39567,1,5
39572,1,5
39577,0,5
39582,0,5
39588,1,6
39593,1,5
39598,0,5
39604,1,6
39609,1,5
39614,1,5
39619,0,5
39625,1,6
39630,1,5
39635,1,5
39640,0,5
39645,0,5
39650,0,5
39655,0,5
39661,1,6
39666,1,5
39671,0,5
39676,0,5
39681,0,5
39686,0,5
39692,1,6
39697,1,5
39702,0,5
39707,0,5
39712,0,5
39717,0,5
39723,1,6
39728,1,5
39733,0,5
39739,1,6
39744,1,5
39749,1,5
39754,1,5
39759,0,5
39764,0,5
39770,1,6
39775,1,5
39780,0,5
39785,0,5
39791,1,6
39796,1,5
39801,1,5
39806,1,5
39811,0,5
39816,0,5
39821,0,5
39826,0,5
39832,1,6
39837,1,5
39842,0,5
39847,0,5
39852,0,5
39858,1,6
39863,1,5
39868,0,5
39873,0,5
39878,0,5
39884,1,6
39889,1,5
39894,0,5
39900,1,6
39905,1,5
39910,1,5
39915,1,5
39920,0,5
39925,0,5
39931,1,6
39936,1,5
39941,1,5
39947,1,6
39952,1,5
39957,1,5
39962,1,5
39967,0,5
39973,1,6
39978,1,5
39983,1,5
39988,0,5
39993,0,5
39999,1,6
40004,1,5
40009,1,5
40014,1,5
40019,0,5
40024,0,5
40029,0,5
40035,1,6
40040,1,5
40045,1,5
40050,0,5
40055,0,5
40060,0,5
40066,1,6
40071,1,5
40076,1,5
40081,0,5
40086,0,5
40091,0,5
40097,1,6
40102,1,5
40107,1,5
40112,0,5
40117,0,5
40122,0,5
40128,1,6
40133,1,5
40138,0,5
40143,0,5
40148,0,5
40153,0,5
40159,1,6
40164,1,5
40169,1,5
40174,0,5
40179,0,5
40185,1,6
40190,1,5
40195,1,5
40200,0,5
40205,0,5
40210,0,5
40216,1,6
40221,1,5
40226,1,5
40232,1,6
40237,1,5
40242,1,5
40247,1,5
40252,0,5
40257,0,5
40263,1,6
40268,1,5
40273,0,5
40278,0,5
40283,0,5
40289,1,6
40294,1,5
40300,1,6
40305,1,5
40310,1,5
40315,1,5
40321,1,6
40326,1,5
40331,1,5
40336,1,5
40341,0,5
40347,1,6
40352,1,5
40357,0,5
40363,1,6
40368,1,5
40373,1,5
40378,1,5
40383,0,5
40389,1,6
40394,1,5
40399,1,5
40404,0,5
40409,0,5
40415,1,6
40421,2,6
40425,0,4
40430,0,5
40436,1,6
40441,1,5
40446,0,5
40457,6,11
40458,2,1
40463,1,5
40468,1,5
40473,1,5
40478,1,5
40483,0,5
40488,0,5
40494,1,6
40499,1,5
40504,1,5
40509,0,5
40514,0,5
40520,1,6
40525,1,5
40530,1,5
40535,0,5
40540,0,5
40545,0,5
40551,1,6
40556,1,5
40561,0,5
40566,0,5
40571,0,5
40577,1,6
40582,1,5
40587,0,5
40592,0,5
40597,0,5
40603,1,6
40608,1,5
40613,1,5
40618,0,5
40624,1,6
40629,1,5
40634,1,5
40639,0,5
40644,0,5
40650,1,6
40655,1,5
40660,1,5
40665,1,5
40670,0,5
40675,0,5
40680,0,5
40686,1,6
40691,1,5
40696,0,5
40701,0,5
40706,0,5
40712,1,6
40717,1,5
40722,0,5
40727,0,5
40733,1,6
40738,1,5
40743,1,5
40748,0,5
40753,0,5
40759,1,6
40764,1,5
40769,1,5
40774,0,5
40779,0,5
40785,1,6
40790,1,5
40795,1,5
40800,0,5
40805,0,5
40810,0,5
40816,1,6
40821,1,5
40826,1,5
40831,0,5
40836,0,5
40842,1,6
40847,1,5
40852,1,5
40857,0,5
40862,0,5
40867,0,5
40873,1,6
40878,1,5
40883,1,5
40888,0,5
40893,0,5
40898,0,5
40904,1,6
40909,1,5
40914,1,5
40919,0,5
40924,0,5
40929,0,5
40935,1,6
40940,1,5
40945,0,5
40950,0,5
40955,0,5
40961,1,6
40966,1,5
40971,1,5
40976,0,5
40981,0,5
40986,0,5
40992,1,6
40997,1,5
41002,1,5
41007,0,5
41012,0,5
41017,0,5
41023,1,6
41028,1,5
41033,0,5
41038,0,5
41043,0,5
41049,1,6
41054,1,5
41059,1,5
41064,0,5
41069,0,5
41074,0,5
41079,0,5
41085,1,6
41090,1,5
41095,0,5
41100,0,5
41105,0,5
41111,1,6
41116,1,5
41121,0,5
41126,0,5
41131,0,5
41137,1,6
41142,1,5
41147,0,5
41152,0,5
41158,1,6
41163,1,5
41168,1,5
41173,0,5
41179,1,6
41184,1,5
41189,1,5
41195,1,6
41200,1,5
41205,1,5
41210,1,5
41215,0,5
41220,0,5
41226,1,6
41231,1,5
41236,1,5
41241,0,5
41246,0,5
41252,1,6
41257,1,5
41262,0,5
41267,0,5
41273,1,6
41278,1,5
41283,1,5
41289,1,6
41294,1,5
41299,1,5
41304,0,5
41310,1,6
41315,1,5
41320,1,5
41325,1,5
41330,0,5
41335,0,5
41340,0,5
41346,1,6
41351,1,5
41356,0,5
41361,0,5
41366,0,5
41372,1,6
41377,1,5
41382,0,5
41387,0,5
41392,0,5
41398,1,6
41403,1,5
41408,1,5
41413,0,5
41418,0,5
41423,0,5
41429,1,6
41434,1,5
41439,0,5
41444,0,5
41449,0,5
41455,1,6
41460,1,5
41465,1,5
41470,0,5
41475,0,5
41480,0,5
41486,1,6
41491,1,5
41496,1,5
41501,0,5
41507,1,6
41512,1,5
41517,0,5
41522,0,5
41527,0,5
41532,0,5
41538,1,6
41543,1,5
41548,0,5
41553,0,5
41558,0,5
41563,0,5
41569,1,6
41574,1,5
41579,0,5
41584,0,5
41589,0,5
41594,0,5
41600,1,6
41605,1,5
41610,0,5
41615,0,5
41620,0,5
41625,0,5
41631,1,6
41636,1,5
41641,0,5
41646,0,5
41651,0,5
41657,1,6
41662,1,5
41667,1,5
41672,0,5
41677,0,5
41682,0,5
41687,0,5
41693,1,6
41698,1,5
41703,0,5
41709,1,6
41714,1,5
41719,1,5
41724,1,5
41729,0,5
41734,0,5
41740,1,6
41745,1,5
41750,0,5
41755,0,5
41760,0,5
41766,1,6
41771,1,5
41776,0,5
41781,0,5
41787,1,6
41792,1,5
41797,1,5
41802,0,5
41807,0,5
41813,1,6
41818,1,5
41823,1,5
41828,0,5
41833,0,5
41838,0,5
41844,1,6
41849,1,5
41854,0,5
41859,0,5
41864,0,5
41869,0,5
41875,1,6
41880,1,5
41885,0,5
41891,1,6
41896,1,5
41901,1,5
41906,0,5
41911,0,5
41916,0,5
41921,0,5
41927,1,6
41932,1,5
41937,0,5
41942,0,5
41947,0,5
41952,0,5
41958,1,6
41963,1,5
41968,0,5
41973,0,5
41979,1,6
41984,1,5
41989,1,5
41994,0,5
41999,0,5
42004,0,5
42010,1,6
42015,1,5
42020,1,5
42025,0,5
42031,1,6
42036,1,5
42041,1,5
42046,0,5
42051,0,5
42057,1,6
42062,1,5
42067,1,5
42072,0,5
42078,1,6
42083,1,5
42088,1,5
42093,0,5
42099,1,6
42104,1,5
42109,1,5
42114,0,5
42119,0,5
42125,1,6
42130,1,5
42135,1,5
42140,0,5
42145,0,5
42151,1,6
42156,1,5
42161,1,5
42166,0,5
42171,0,5
42177,1,6
42182,1,5
42187,0,5
42193,1,6
42198,1,5
42203,1,5
42208,0,5
42214,1,6
42219,1,5
42224,1,5
42229,0,5
42235,1,6
42240,1,5
42245,1,5
42250,0,5
42256,1,6
42261,1,5
42266,1,5
42271,0,5
42276,0,5
42282,1,6
42287,1,5
42292,1,5
42298,1,6
42303,1,5
42308,1,5
42313,0,5
42319,1,6
42324,1,5
42329,1,5
42335,1,6
42340,1,5
42345,1,5
42350,1,5
42355,0,5
42361,1,6
42366,1,5
42371,1,5
42376,0,5
42382,1,6
42387,1,5
42392,1,5
42397,1,5
42402,0,5
42407,0,5
42413,1,6
42418,1,5
42423,1,5
42428,0,5
42433,0,5
42438,0,5
42443,0,5
42449,1,6
42454,1,5
42459,0,5
42464,0,5
42469,0,5
42474,0,5
42480,1,6
42485,1,5
42490,0,5
42495,0,5
42500,0,5
42506,1,6
42511,0,5
42516,0,5
42521,0,5
42527,1,6
42532,1,5
42541,4,9
42546,0,5
42552,0,6
42558,1,6
42564,1,6
42569,0,5
42575,0,6
42581,1,6
42587,1,6
42593,1,6
42599,1,6
42605,1,6
42610,1,5
42615,0,5
42621,1,6
42626,1,5
42631,0,5
42637,1,6
42642,1,5
42647,0,5
42652,0,5
42658,1,6
42663,0,5
42668,0,5
42674,1,6
42679,1,5
42684,0,5
42690,1,6
42695,1,5
42700,0,5
42706,1,6
42711,1,5
42716,1,5
42721,0,5
42727,1,6
42732,1,5
42737,1,5
42743,1,6
42748,1,5
42753,0,5
42759,1,6
42764,1,5
42769,1,5
42774,0,5
42779,0,5
42785,1,6
42790,1,5
42795,0,5
42801,1,6
42806,1,5
42811,0,5
42816,0,5
42822,1,6
42827,1,5
42832,0,5
42838,1,6
42843,1,5
42848,0,5
42853,0,5
42859,1,6
42864,1,5
42869,1,5
42874,0,5
42879,0,5
42884,0,5
42890,1,6
42895,1,5
42900,0,5
42905,0,5
42910,0,5
42915,0,5
42921,1,6
42926,1,5
42931,0,5
42936,0,5
42941,0,5
42947,1,6
42952,1,5
42957,0,5
42962,0,5
42967,0,5
42973,1,6
42978,1,5
42983,1,5
42988,0,5
42994,1,6
42999,1,5
43004,1,5
43009,0,5
43014,0,5
43020,1,6
43025,1,5
43030,1,5
43035,1,5
43040,0,5
43045,0,5
43050,0,5
43056,1,6
43061,1,5
43066,0,5
43071,0,5
43076,0,5
43081,0,5
43087,1,6
43092,1,5
43097,0,5
43102,0,5
43107,0,5
43113,1,6
43118,1,5
43123,1,5
43128,0,5
43133,0,5
43138,0,5
43144,1,6
43149,1,5
43154,1,5
43159,0,5
43164,0,5
43169,0,5
43174,0,5
43180,1,6
43185,1,5
43190,0,5
43195,0,5
43200,0,5
43205,0,5
43211,1,6
43216,1,5
43221,1,5
43226,0,5
43231,0,5
43237,1,6
43242,1,5
43247,1,5
43252,0,5
43257,0,5
43262,0,5
43267,0,5
43273,1,6
43278,1,5
43283,0,5
43288,0,5
43293,0,5
43299,1,6
43304,1,5
43309,1,5
43314,0,5
43319,0,5
43324,0,5
43330,1,6
43335,1,5
43340,1,5
43345,0,5
43351,1,6
43356,1,5
43361,1,5
43366,1,5
43371,0,5
43376,0,5
43381,0,5
43387,1,6
43392,1,5
43397,1,5
43402,0,5
43407,0,5
43412,0,5
43418,1,6
43423,1,5
43428,1,5
43433,0,5
43439,1,6
43444,1,5
43449,0,5
43455,1,6
43460,1,5
43465,1,5
43470,0,5
43475,0,5
43480,0,5
43486,1,6
43491,1,5
43496,1,5
43501,0,5
43507,1,6
43512,1,5
43517,1,5
43523,1,6
43528,1,5
43533,1,5
43538,1,5
43543,0,5
43548,0,5
43553,0,5
43559,1,6
43564,1,5
43569,1,5
43574,0,5
43579,0,5
43584,0,5
43590,1,6
43595,1,5
43600,0,5
43605,0,5
43611,1,6
43616,1,5
43621,1,5
43626,0,5
43631,0,5
43637,1,6
43642,1,5
43647,0,5
43652,0,5
43657,0,5
43663,1,6
43668,1,5
43673,0,5
43678,0,5
43683,0,5
43689,1,6
43694,1,5
43699,1,5
43704,0,5
43709,0,5
43714,0,5
43719,0,5
43725,1,6
43730,1,5
43735,0,5
43740,0,5
43745,0,5
43751,1,6
43756,1,5
43761,1,5
43766,0,5
43771,0,5
43776,0,5
43782,1,6
43787,1,5
43792,1,5
43797,0,5
43802,0,5
43807,0,5
43813,1,6
43818,1,5
43823,1,5
43828,0,5
43833,0,5
43839,1,6
43844,1,5
43849,1,5
43854,0,5
43859,0,5
43864,0,5
43869,0,5
43875,1,6
43880,0,5
43886,1,6
43892,1,6
43898,1,6
43903,0,5
43909,0,6
43915,1,6
43921,1,6
43927,0,6
43933,1,6
43939,1,6
43945,1,6
43950,0,5
43957,1,7
43963,1,6
43968,0,5
43974,0,6
43980,0,6
43986,1,6
43992,1,6
43999,2,7
44005,1,6
44011,1,6
44017,1,6
44023,1,6
44029,1,6
44035,1,6
44041,1,6
44047,1,6
44053,1,6
44059,1,6
44066,1,7
44072,1,6
44078,1,6
44084,1,6
44090,1,6
44096,1,6
44102,1,6
44108,1,6
44114,1,6
44119,1,5
44124,0,5
44129,0,5
44135,1,6
44140,1,5
44145,0,5
44150,0,5
44156,1,6
44161,1,5
44166,0,5
44172,1,6
44177,1,5
44182,0,5
44188,1,6
44193,1,5
44198,0,5
44204,1,6
44209,1,5
44214,0,5
44219,0,5
44225,1,6
44230,1,5
44235,0,5
44240,0,5
44246,1,6
44251,1,5
44256,0,5
44261,0,5
44267,1,6
44272,1,5
44277,0,5
44282,0,5
44288,1,6
44293,1,5
44298,0,5
44303,0,5
44309,1,6
44314,1,5
44319,0,5
44325,1,6
44330,1,5
44335,1,5
44340,0,5
44345,0,5
44350,0,5
44356,1,6
44361,1,5
44366,1,5
44371,0,5
44376,0,5
44381,0,5
44386,0,5
44392,1,6
44397,1,5
44402,0,5
44407,0,5
44412,0,5
44417,0,5
44423,1,6
44428,1,5
44433,0,5
44438,0,5
44443,0,5
44448,0,5
44454,1,6
44459,1,5
44464,0,5
44469,0,5
44474,0,5
44479,0,5
44485,1,6
44490,1,5
44495,0,5
44500,0,5
44505,0,5
44510,0,5
44516,1,6
44521,1,5
44526,0,5
44531,0,5
44537,1,6
44542,1,5
44547,1,5
44552,1,5
44557,0,5
44562,0,5
44567,0,5
44573,1,6
44578,1,5
44583,1,5
44588,0,5
44593,0,5
44598,0,5
44604,1,6
44609,1,5
44614,0,5
44619,0,5
44624,0,5
44629,0,5
44635,1,6
44640,1,5
44645,1,5
44650,0,5
44655,0,5
44660,0,5
44666,1,6
44671,1,5
44676,0,5
44681,0,5
44686,0,5
44692,1,6
44697,1,5
44702,1,5
44707,0,5
44712,0,5
44717,0,5
44723,1,6
44728,1,5
44733,0,5
44738,0,5
44744,1,6
44749,1,5
44754,1,5
44759,0,5
44764,0,5
44769,0,5
44775,1,6
44780,1,5
44785,1,5
44790,0,5
44795,0,5
44801,1,6
44806,1,5
44811,1,5
44816,1,5
44821,0,5
44826,0,5
44831,0,5
44837,1,6
44842,1,5
44847,0,5
44852,0,5
44857,0,5
44863,1,6
44868,1,5
44873,1,5
44878,0,5
44884,1,6
44889,1,5
44894,1,5
44899,0,5
44904,0,5
44909,0,5
44915,1,6
44920,1,5
44925,0,5
44930,0,5
44935,0,5
44940,0,5
44946,1,6
44951,1,5
44956,1,5
44961,0,5
44966,0,5
44971,0,5
44977,1,6
44982,1,5
44987,1,5
44992,0,5
44998,1,6
45003,1,5
45008,1,5
45013,0,5
45018,0,5
45023,0,5
45029,1,6
45034,1,5
45039,1,5
45044,0,5
45049,0,5
45054,0,5
45060,1,6
45065,1,5
45070,1,5
45075,0,5
45080,0,5
45085,0,5
45091,1,6
45096,1,5
45101,0,5
45106,0,5
45111,0,5
45117,1,6
45122,1,5
45127,1,5
45132,0,5
45137,0,5
45142,0,5
45148,1,6
45153,1,5
45158,1,5
45163,0,5
45168,0,5
45173,0,5
45179,1,6
45184,1,5
45189,1,5
45194,0,5
45199,0,5
45204,0,5
45209,0,5
45215,1,6
45220,1,5
45225,0,5
45230,0,5
45235,0,5
45241,1,6
45246,1,5
45251,1,5
45256,0,5
45261,0,5
45267,1,6
45272,1,5
45277,1,5
45282,1,5
45287,0,5
45292,0,5
45298,1,6
45303,1,5
45308,1,5
45313,0,5
45318,0,5
45323,0,5
45329,1,6
45334,1,5
45339,1,5
45344,0,5
45349,0,5
45355,1,6
45360,1,5
45365,1,5
45370,0,5
45375,0,5
45380,0,5
45385,0,5
45391,1,6
45396,1,5
45401,0,5
45406,0,5
45411,0,5
45417,1,6
45422,1,5
45427,1,5
45432,0,5
45437,0,5
45443,1,6
45448,1,5
45453,1,5
45466,8,13
45467,4,1
45468,0,1
45474,1,6
45479,1,5
45484,1,5
45489,0,5
45494,0,5
45500,1,6
45505,1,5
45510,1,5
45515,0,5
45520,0,5
45525,0,5
45531,1,6
45536,1,5
45541,0,5
45546,0,5
45551,0,5
45557,1,6
45562,1,5
45567,1,5
45572,0,5
45577,0,5
45582,0,5
45588,1,6
45593,1,5
45598,0,5
45603,0,5
45608,0,5
45614,1,6
45619,1,5
45624,0,5
45629,0,5
45634,0,5
45639,0,5
45645,1,6
45650,1,5
45655,0,5
45660,0,5
45665,0,5
45671,1,6
45676,1,5
45681,1,5
45686,0,5
45691,0,5
45697,1,6
45702,1,5
45707,1,5
45712,0,5
45717,0,5
45722,0,5
45728,1,6
45733,1,5
45738,0,5
45743,0,5
45748,0,5
45754,1,6
45759,1,5
45764,1,5
45769,0,5
45775,1,6
45780,1,5
45785,1,5
45790,0,5
45795,0,5
45800,0,5
45806,1,6
45811,1,5
45816,0,5
45821,0,5
45827,1,6
45832,0,5
45837,0,5
45843,1,6
45848,1,5
45853,0,5
45858,0,5
45864,1,6
45868,0,4
45874,1,6
45879,1,5
45884,1,5
45889,0,5
45895,1,6
45900,1,5
45905,1,5
45910,1,5
45915,0,5
45920,0,5
45926,1,6
45931,1,5
45936,0,5
45941,0,5
45947,1,6
45952,1,5
45957,1,5
45962,0,5
45967,0,5
45973,1,6
45978,1,5
45983,1,5
45988,0,5
45994,1,6
45999,1,5
46004,1,5
46009,0,5
46014,0,5
46020,1,6
46025,1,5
46030,1,5
46035,0,5
46040,0,5
46046,1,6
46051,1,5
46056,1,5
46061,0,5
46066,0,5
46071,0,5
46077,1,6
46082,1,5
46087,0,5
46092,0,5
46097,0,5
46103,1,6
46108,1,5
46113,0,5
46118,0,5
46123,0,5
46129,1,6
46134,1,5
46139,0,5
46144,0,5
46149,0,5
46155,1,6
46160,1,5
46165,1,5
46170,0,5
46175,0,5
46180,0,5
46186,1,6
46191,1,5
46196,0,5
46201,0,5
46206,0,5
46211,0,5
46217,1,6
46222,1,5
46227,0,5
46232,0,5
46237,0,5
46243,1,6
46248,1,5
46253,1,5
46258,0,5
46263,0,5
46269,1,6
46274,1,5
46279,1,5
46284,0,5
46290,1,6
46295,1,5
46300,1,5
46305,1,5
46310,0,5
46315,0,5
46320,0,5
46326,1,6
46331,1,5
46336,1,5
46341,0,5
46346,0,5
46351,0,5
46357,1,6
46362,1,5
46367,1,5
46372,0,5
46377,0,5
46382,0,5
46388,1,6
46393,1,5
46398,1,5
46403,0,5
46408,0,5
46413,0,5
46419,1,6
46424,1,5
46429,1,5
46434,0,5
46439,0,5
46445,1,6
46450,1,5
46455,1,5
46460,1,5
46465,0,5
46470,0,5
46475,0,5
46481,1,6
46486,1,5
46491,1,5
46496,0,5
46501,0,5
46506,0,5
46511,0,5
46517,1,6
46522,1,5
46527,0,5
46532,0,5
46537,0,5
46542,0,5
46548,1,6
46553,1,5
46558,1,5
46563,0,5
46568,0,5
46573,0,5
46579,1,6
46584,1,5
46589,1,5
46594,0,5
46599,0,5
46604,0,5
46610,1,6
46615,1,5
46620,0,5
46625,0,5
46631,1,6
46636,1,5
46641,1,5
46646,0,5
46651,0,5
46657,1,6
46662,1,5
46667,1,5
46672,1,5
46677,0,5
46682,0,5
46687,0,5
46693,1,6
46698,1,5
46703,1,5
46708,0,5
46713,0,5
46718,0,5
46724,1,6
46729,1,5
46734,1,5
46739,0,5
46745,1,6
46750,1,5
46755,1,5
46760,1,5
46765,0,5
46770,0,5
46775,0,5
46781,1,6
46786,1,5
46791,1,5
46796,0,5
46801,0,5
46807,1,6
46812,1,5
46817,1,5
46822,0,5
46827,0,5
46832,0,5
46838,1,6
46843,1,5
46848,0,5
46853,0,5
46858,0,5
46863,0,5
46869,1,6
46874,1,5
46879,1,5
46884,0,5
46889,0,5
46895,1,6
46900,1,5
46905,1,5
46910,1,5
46915,0,5
46920,0,5
46925,0,5
46931,1,6
46936,1,5
46941,0,5
46946,0,5
46951,0,5
46956,0,5
46962,1,6
46967,1,5
46972,0,5
46977,0,5
46982,0,5
46988,1,6
46993,1,5
46998,1,5
47003,0,5
47008,0,5
47014,1,6
47019,1,5
47024,1,5
47029,0,5
47035,1,6
47040,1,5
47045,1,5
47050,0,5
47055,0,5
47061,1,6
47066,1,5
47071,1,5
47076,0,5
47082,1,6
47087,1,5
47092,1,5
47097,0,5
47102,0,5
47107,0,5
47112,0,5
47118,1,6
47123,1,5
47128,0,5
47133,0,5
47139,1,6
47144,1,5
47149,1,5
47154,0,5
47159,0,5
47165,1,6
47170,1,5
47175,1,5
47180,0,5
47186,1,6
47191,1,5
47196,1,5
47201,0,5
47207,1,6
47212,1,5
47217,1,5
47222,1,5
47227,0,5
47232,0,5
47237,0,5
47243,1,6
47248,1,5
47253,1,5
47258,0,5
47263,0,5
47268,0,5
47273,0,5
47279,1,6
47284,1,5
47289,1,5
47294,0,5
47299,0,5
47304,0,5
47310,1,6
47315,1,5
47320,0,5
47325,0,5
47330,0,5
47336,1,6
47341,1,5
47346,1,5
47351,0,5
47357,1,6
47362,1,5
47367,1,5
47372,0,5
47377,0,5
47383,1,6
47388,1,5
47393,0,5
47398,0,5
47403,0,5
47408,0,5
47414,1,6
47419,1,5
47424,0,5
47429,0,5
47434,0,5
47440,1,6
47445,1,5
47450,1,5
47455,0,5
47460,0,5
47465,0,5
47470,0,5
47476,1,6
47481,1,5
47486,1,5
47491,0,5
47496,0,5
47501,0,5
47507,1,6
47512,1,5
47517,1,5
47522,0,5
47528,1,6
47533,1,5
47538,1,5
47543,1,5
47548,0,5
47553,0,5
47559,1,6
47564,1,5
47569,1,5
47574,1,5
47579,0,5
47585,1,6
47590,1,5
47595,1,5
47600,0,5
47605,0,5
47610,0,5
47616,1,6
47621,1,5
47626,0,5
47631,0,5
47637,1,6
47642,1,5
47647,1,5
47652,1,5
47657,0,5
47662,0,5
47667,0,5
47673,1,6
47678,1,5
47683,1,5
47688,0,5
47693,0,5
47698,0,5
47704,1,6
47709,1,5
47714,1,5
47719,0,5
47724,0,5
47729,0,5
47735,1,6
47740,1,5
47745,1,5
47750,0,5
47755,0,5
47760,0,5
47766,1,6
47771,1,5
47776,1,5
47781,0,5
47786,0,5
47791,0,5
47796,0,5
47802,1,6
47807,1,5
47812,0,5
47817,0,5
47823,1,6
47828,1,5
47833,1,5
47838,0,5
47843,0,5
47849,1,6
47854,1,5
47859,1,5
47864,1,5
47869,0,5
47874,0,5
47879,0,5
47885,1,6
47890,1,5
47895,0,5
47900,0,5
47906,1,6
47911,1,5
47916,1,5
47921,0,5
47926,0,5
47931,0,5
47936,0,5
47942,1,6
47947,1,5
47952,0,5
47957,0,5
47963,1,6
47968,1,5
47973,1,5
47978,0,5
47983,0,5
47988,0,5
47994,1,6
47999,1,5
48004,1,5
48010,1,6
48015,1,5
48020,1,5
48025,1,5
48031,1,6
48036,1,5
48041,1,5
48047,1,6
48052,1,5
48057,1,5
48063,2,6
48068,1,5
48073,1,5
48079,2,6
48084,1,5
48089,1,5
48095,2,6
48100,1,5
48105,1,5
48110,1,5
48116,1,6
48121,1,5
48126,1,5
48132,1,6
48137,1,5
48143,2,6
48148,1,5
48153,1,5
48158,1,5
48163,1,5
48169,1,6
48174,1,5
48179,1,5
48185,1,6
48190,1,5
48195,1,5
48200,1,5
48206,1,6
48211,1,5
48216,1,5
48221,0,5
48227,1,6
48233,2,6
48238,1,5
48243,1,5
48249,2,6
48254,1,5
48259,1,5
48264,1,5
48269,1,5
48275,1,6
48280,1,5
48286,2,6
48291,1,5
48296,1,5
48301,1,5
48307,1,6
48312,1,5
48317,1,5
48322,1,5
48328,1,6
48333,1,5
48339,2,6
48344,1,5
48349,1,5
48354,1,5
48359,0,5
48365,1,6
48370,1,5
48375,1,5
48381,1,6
48387,2,6
48392,1,5
48397,1,5
48403,2,6
48408,1,5
48413,1,5
48419,2,6
48424,1,5
48429,1,5
48435,2,6
48440,1,5
48445,1,5
48451,2,6
48456,1,5
48461,1,5
48467,2,6
48472,1,5
48478,2,6
48483,1,5
48488,1,5
48493,1,5
48499,1,6
48504,1,5
48508,0,4
48514,1,6
48519,1,5
48524,0,5
48529,0,5
48535,1,6
48540,1,5
48545,1,5
48550,0,5
48556,1,6
48561,1,5
48566,1,5
48571,1,5
48576,0,5
48581,0,5
48586,0,5
48592,1,6
48597,1,5
48602,0,5
48607,0,5
48612,0,5
48617,0,5
48623,1,6
48628,1,5
48633,0,5
48638,0,5
48644,1,6
48649,1,5
48654,1,5
48659,1,5
48664,0,5
48669,0,5
48674,0,5
48680,1,6
48685,1,5
48690,1,5
48695,0,5
48700,0,5
48705,0,5
48710,0,5
48716,1,6
48721,1,5
48726,0,5
48731,0,5
48736,0,5
48741,0,5
48747,1,6
48752,1,5
48757,0,5
48762,0,5
48767,0,5
48772,0,5
48778,1,6
48783,1,5
48788,0,5
48793,0,5
48798,0,5
48803,0,5
48809,1,6
48814,1,5
48819,0,5
48824,0,5
48830,1,6
48835,1,5
48840,1,5
48845,0,5
48850,0,5
48856,1,6
48861,1,5
48866,1,5
48872,1,6
48877,1,5
48882,1,5
48887,0,5
48892,0,5
48898,1,6
48903,1,5
48908,0,5
48913,0,5
48919,1,6
48924,1,5
48929,0,5
48935,1,6
48939,0,4
48945,1,6
48950,1,5
48955,0,5
48960,0,5
48965,0,5
48971,1,6
48976,1,5
48981,1,5
48986,0,5
48991,0,5
48997,1,6
49002,1,5
49007,1,5
49012,0,5
49017,0,5
49023,1,6
49028,1,5
49033,1,5
49038,0,5
49044,1,6
49048,0,4
49054,1,6
49059,1,5
49064,0,5
49069,0,5
49074,0,5
49079,0,5
49085,1,6
49090,1,5
49095,0,5
49100,0,5
49105,0,5
49110,0,5
49116,1,6
49121,1,5
49126,1,5
49131,0,5
49136,0,5
49142,1,6
49147,1,5
49152,1,5
49157,1,5
49162,0,5
49167,0,5
49172,0,5
49178,1,6
49183,1,5
49188,0,5
49193,0,5
49199,1,6
49204,1,5
49209,1,5
49214,1,5
49219,0,5
49224,0,5
49229,0,5
49235,1,6
49240,0,5
49246,1,6
49252,1,6
49258,1,6
49264,1,6
49270,1,6
49276,1,6
49290,1,14
49296,1,6
49302,1,6
49308,1,6
49313,0,5
49319,0,6
49325,0,6
49331,1,6
49336,0,5
49342,0,6
49348,0,6
49354,1,6
49360,1,6
49365,0,5
49371,0,6
49377,1,6
49383,1,6
49388,0,5
49394,0,6
49400,1,6
49406,1,6
49411,0,5
49417,0,6
49423,0,6
49429,1,6
49435,1,6
49441,1,6
49446,0,5
49452,0,6
49458,1,6
49464,1,6
49470,1,6
49476,1,6
49482,1,6
49488,1,6
49494,1,6
49500,1,6
49505,0,5
49512,1,7
49519,1,7
49524,1,5
49530,1,6
49535,1,5
49541,1,6
49547,2,6
49552,1,5
49558,2,6
49563,1,5
49569,1,6
49574,1,5
49580,1,6
49586,2,6
49591,1,5
49596,1,5
49602,1,6
49607,1,5
49612,1,5
49618,1,6
49623,1,5
49628,1,5
49634,1,6
49639,1,5
49644,1,5
49650,1,6
49655,1,5
49661,2,6
49666,1,5
49671,1,5
49676,1,5
49682,2,6
49687,1,5
49692,1,5
49698,2,6
49703,1,5
49708,1,5
49714,2,6
49719,1,5
49724,1,5
49729,1,5
49735,2,6
49740,1,5
49745,1,5
49750,1,5
49756,1,6
49761,1,5
49766,1,5
49772,2,6
49777,1,5
49783,2,6
49788,2,5
49793,1,5
49798,1,5
49803,1,5
49809,1,6
49814,1,5
49819,1,5
49825,1,6
49830,1,5
49835,1,5
49841,1,6
49846,1,5
49851,1,5
49857,1,6
49862,1,5
49867,1,5
49872,0,5
49878,1,6
49883,1,5
49888,1,5
49894,1,6
49899,1,5
49904,1,5
49910,1,6
49915,1,5
49920,1,5
49925,0,5
49931,1,6
49936,1,5
49941,1,5
49947,1,6
49952,1,5
49957,1,5
49963,1,6
49968,1,5
49973,1,5
49978,0,5
49984,1,6
49989,1,5
49994,1,5
50000,1,6
50005,1,5
50010,1,5
50015,1,5
50020,0,5
50025,0,5
50031,1,6
50036,1,5
50041,0,5
50047,1,6
50052,1,5
50057,1,5
50062,1,5
50067,0,5
50073,1,6
50078,1,5
50083,1,5
50088,0,5
50093,0,5
50099,1,6
50104,1,5
50109,1,5
50114,0,5
50120,1,6
50125,1,5
50130,1,5
50135,0,5
50141,1,6
50146,1,5
50151,1,5
50156,0,5
50162,1,6
50167,1,5
50172,1,5
50177,1,5
50183,1,6
50188,1,5
50193,1,5
50199,1,6
50204,1,5
50209,1,5
50215,2,6
50220,1,5
50225,1,5
50230,1,5
50236,2,6
50241,1,5
50246,1,5
50251,1,5
50256,0,5
50262,1,6
50267,1,5
50272,1,5
50277,1,5
50282,0,5
50288,1,6
50293,1,5
50298,1,5
50303,0,5
50309,1,6
50314,1,5
50319,1,5
50324,0,5
50330,1,6
50335,1,5
50340,1,5
50345,0,5
50351,1,6
50356,1,5
50361,1,5
50366,1,5
50372,1,6
50377,1,5
50382,1,5
50387,1,5
50392,0,5
50398,1,6
50403,1,5
50408,1,5
50413,0,5
50419,1,6
50424,1,5
50429,1,5
50434,0,5
50439,0,5
50445,1,6
50450,1,5
50455,0,5
50461,1,6
50466,1,5
50482,12,16
50482,7,0
50483,2,1
50487,1,4
50492,1,5
50497,1,5
50502,0,5
50507,0,5
50513,1,6
50518,1,5
50523,1,5
50528,0,5
50534,1,6
50539,1,5
50544,1,5
50549,0,5
50554,0,5
50560,1,6
50565,1,5
50570,1,5
50575,0,5
50581,1,6
50586,1,5
50591,1,5
50596,0,5
50602,1,6
50607,1,5
50612,1,5
50617,0,5
50623,1,6
50628,1,5
50634,2,6
50639,1,5
50644,1,5
50650,2,6
50655,1,5
50660,1,5
50665,1,5
50671,1,6
50676,1,5
50681,1,5
50687,2,6
50692,1,5
50697,1,5
50703,1,6
50708,1,5
50713,1,5
50718,1,5
50723,0,5
50729,1,6
50734,1,5
50739,1,5
50745,1,6
50750,1,5
50755,1,5
50761,1,6
50766,1,5
50771,1,5
50777,1,6
50782,1,5
50787,1,5
50792,1,5
50798,1,6
50803,1,5
50808,1,5
50814,1,6
50819,1,5
50824,1,5
50829,1,5
50834,0,5
50840,1,6
50845,1,5
50850,1,5
50856,1,6
50861,1,5
50866,1,5
50872,1,6
50877,1,5
50882,1,5
50887,1,5
50893,1,6
50898,1,5
50904,2,6
50909,1,5
50914,1,5
50919,1,5
50924,0,5
50930,1,6
50935,1,5
50940,1,5
50945,0,5
50951,1,6
50956,1,5
50962,2,6
50966,0,4
50972,1,6
50977,1,5
50982,0,5
50988,1,6
50993,1,5
50998,1,5
51004,1,6
51009,1,5
51014,1,5
51019,1,5
51024,0,5
51029,0,5
51034,0,5
51040,1,6
51045,1,5
51050,0,5
51055,0,5
51060,0,5
51066,1,6
51071,1,5
51076,1,5
51081,0,5
51086,0,5
51091,0,5
51097,1,6
51102,1,5
51107,0,5
51112,0,5
51118,1,6
51123,1,5
51128,1,5
51133,1,5
51138,0,5
51144,1,6
51149,1,5
51154,1,5
51160,1,6
51165,1,5
51170,1,5
51175,0,5
51180,0,5
51186,1,6
51191,1,5
51196,1,5
51201,0,5
51206,0,5
51211,0,5
51217,1,6
51222,1,5
51227,0,5
51232,0,5
51237,0,5
51243,1,6
51248,1,5
51253,0,5
51259,1,6
51264,1,5
51269,1,5
51274,1,5
51279,0,5
51285,1,6
51290,1,5
51295,1,5
51301,1,6
51306,1,5
51311,1,5
51316,1,5
51321,0,5
51327,1,6
51332,1,5
51337,1,5
51343,1,6
51348,1,5
51353,1,5
51358,0,5
51364,1,6
51369,1,5
51374,1,5
51380,1,6
51385,1,5
51390,1,5
51395,1,5
51400,0,5
51405,0,5
51411,1,6
51416,1,5
51421,1,5
51426,0,5
51431,0,5
51437,1,6
51442,1,5
51447,1,5
51452,0,5
51457,0,5
51463,1,6
51468,1,5
51473,1,5
51478,0,5
51483,0,5
51489,1,6
51494,1,5
51499,1,5
51504,0,5
51509,0,5
51515,1,6
51520,1,5
51525,1,5
51530,0,5
51535,0,5
51540,0,5
51545,0,5
51551,1,6
51556,1,5
51561,1,5
51566,0,5
51571,0,5
51576,0,5
51581,0,5
51587,1,6
51592,1,5
51597,0,5
51602,0,5
51607,0,5
51612,0,5
51618,1,6
51623,1,5
51628,0,5
51633,0,5
51639,1,6
51644,1,5
51649,1,5
51654,0,5
51659,0,5
51665,1,6
51670,1,5
51675,1,5
51680,0,5
51685,0,5
51691,1,6
51696,1,5
51701,1,5
51706,1,5
51711,0,5
51716,0,5
51721,0,5
51726,0,5
51732,1,6
51737,1,5
51742,0,5
51747,0,5
51752,0,5
51757,0,5
51763,1,6
51768,1,5
51773,0,5
51778,0,5
51784,1,6
51789,1,5
51794,1,5
51799,0,5
51804,0,5
51809,0,5
51815,1,6
51820,1,5
51825,0,5
51830,0,5
51835,0,5
51840,0,5
51846,0,6
51851,0,5
51856,0,5
51861,0,5
51867,1,6
51872,1,5
51877,0,5
51882,0,5
51887,0,5
51893,1,6
51898,1,5
51903,0,5
51909,1,6
51914,1,5
51919,1,5
51924,0,5
51930,1,6
51935,1,5
51940,0,5
51945,0,5
51951,1,6
51956,1,5
51961,1,5
51966,0,5
51971,0,5
51977,1,6
51982,1,5
51987,0,5
51993,1,6
51998,1,5
52003,1,5
52008,0,5
52014,1,6
52019,1,5
52024,1,5
52029,0,5
52035,1,6
52040,1,5
52045,1,5
52051,1,6
52056,1,5
52061,1,5
52066,1,5
52071,0,5
52076,0,5
52082,1,6
52087,1,5
52092,0,5
52098,1,6
52103,1,5
52108,1,5
52113,1,5
52118,0,5
52123,0,5
52128,0,5
52134,1,6
52139,1,5
52145,1,6
52150,1,5
52155,1,5
52160,0,5
52166,1,6
52171,1,5
52176,1,5
52181,0,5
52187,1,6
52192,1,5
52197,1,5
52203,1,6
52208,1,5
52213,1,5
52219,1,6
52224,1,5
52229,1,5
52234,1,5
52239,0,5
52245,1,6
52250,1,5
52255,1,5
52260,1,5
52265,0,5
52271,1,6
52276,1,5
52281,1,5
52286,0,5
52292,1,6
52297,1,5
52302,1,5
52308,1,6
52313,1,5
52318,1,5
52323,0,5
52329,1,6
52334,1,5
52339,1,5
52344,0,5
52350,1,6
52355,1,5
52360,1,5
52365,0,5
52371,1,6
52376,1,5
52381,1,5
52386,0,5
52392,1,6
52397,1,5
52402,1,5
52407,0,5
52413,1,6
52417,0,4
52423,1,6
52428,1,5
52433,1,5
52438,0,5
52443,0,5
52448,0,5
52454,1,6
52459,1,5
52464,0,5
52469,0,5
52474,0,5
52479,0,5
52485,1,6
52490,1,5
52495,0,5
52500,0,5
52506,1,6
52511,1,5
52516,0,5
52521,0,5
52527,1,6
52532,1,5
52537,1,5
52542,0,5
52548,1,6
52554,2,6
52558,0,4
52564,1,6
52569,1,5
52574,1,5
52579,0,5
52585,1,6
52590,1,5
52595,1,5
52600,0,5
52605,0,5
52611,1,6
52616,1,5
52621,0,5
52626,0,5
52632,1,6
52637,1,5
52642,1,5
52647,0,5
52652,0,5
52658,1,6
52663,1,5
52668,1,5
52673,0,5
52678,0,5
52684,1,6
52689,1,5
52694,1,5
52699,0,5
52705,1,6
52710,1,5
52715,1,5
52720,0,5
52725,0,5
52731,1,6
52736,1,5
52741,1,5
52746,0,5
52751,0,5
52757,1,6
52762,1,5
52767,1,5
52772,0,5
52777,0,5
52783,1,6
52788,1,5
52793,1,5
52799,1,6
52804,1,5
52809,1,5
52814,1,5
52819,0,5
52824,0,5
52830,1,6
52835,1,5
52840,1,5
52845,0,5
52851,1,6
52856,1,5
52861,1,5
52866,0,5
52872,1,6
52877,1,5
52882,1,5
52887,1,5
52893,1,6
52898,1,5
52903,1,5
52908,1,5
52913,0,5
52918,0,5
52924,1,6
52929,1,5
52934,0,5
52939,0,5
52944,0,5
52950,1,6
52955,1,5
52960,0,5
52965,0,5
52971,1,6
52976,1,5
52981,1,5
52986,0,5
52992,1,6
52997,1,5
53002,1,5
53007,0,5
53012,0,5
53018,1,6
53023,1,5
53028,1,5
53033,0,5
53038,0,5
53044,1,6
53049,1,5
53054,0,5
53060,1,6
53064,0,4
53070,1,6
53075,1,5
53080,0,5
53085,0,5
53090,0,5
53096,1,6
53101,1,5
53106,0,5
53112,1,6
53117,1,5
53122,1,5
53127,0,5
53132,0,5
53138,1,6
53143,1,5
53148,0,5
53154,1,6
53159,1,5
53164,1,5
53169,1,5
53175,1,6
53180,1,5
53185,1,5
53191,1,6
53196,1,5
53201,1,5
53206,0,5
53212,1,6
53217,1,5
53222,0,5
53227,0,5
53233,1,6
53238,1,5
53243,0,5
53249,1,6
53254,1,5
53259,0,5
53264,0,5
53270,1,6
53275,1,5
53280,0,5
53285,0,5
53291,1,6
53296,1,5
53301,1,5
53306,0,5
53312,1,6
53317,1,5
53322,1,5
53327,1,5
53332,0,5
53337,0,5
53343,1,6
53348,1,5
53353,1,5
53358,0,5
53363,0,5
53369,1,6
53374,1,5
53379,1,5
53384,0,5
53390,1,6
53395,1,5
53401,2,6
53406,1,5
53411,1,5
53416,0,5
53421,0,5
53426,0,5
53432,1,6
53437,1,5
53442,1,5
53448,1,6
53453,1,5
53458,1,5
53463,1,5
53468,0,5
53474,1,6
53479,1,5
53484,1,5
53490,1,6
53495,1,5
53500,1,5
53506,1,6
53511,1,5
53517,2,6
53522,1,5
53527,1,5
53533,2,6
53538,1,5
53544,2,6
53549,2,5
53554,1,5
53559,1,5
53565,2,6
53570,1,5
53575,1,5
53581,2,6
53586,1,5
53591,1,5
53597,2,6
53602,1,5
53607,1,5
53613,2,6
53618,1,5
53623,1,5
53629,2,6
53633,0,4
53639,1,6
53645,2,6
53650,1,5
53655,1,5
53660,1,5
53665,1,5
53671,1,6
53676,1,5
53681,1,5
53687,1,6
53692,1,5
53697,1,5
53703,1,6
53708,1,5
53715,2,7
53720,1,5
53727,3,7
53732,2,5
53737,1,5
53743,1,6
53748,1,5
53754,1,6
53759,1,5
53765,1,6
53770,1,5
53776,1,6
53781,1,5
53786,1,5
53792,1,6
53797,1,5
53803,2,6
53808,1,5
53813,1,5
53819,2,6
53824,1,5
53829,1,5
53835,2,6
53840,1,5
53845,1,5
53851,2,6
53856,1,5
53861,1,5
53867,2,6
53872,1,5
53877,1,5
53883,2,6
53888,1,5
53893,1,5
53899,2,6
53904,1,5
53909,1,5
53915,2,6
53920,1,5
53925,1,5
53931,2,6
53936,1,5
53941,1,5
53947,2,6
53952,1,5
53957,1,5
53963,2,6
53968,1,5
53973,1,5
53978,1,5
53984,1,6
53989,1,5
53994,1,5
54000,1,6
54006,2,6
54010,0,4
54015,0,5
54021,1,6
54026,1,5
54031,0,5
54036,0,5
54042,1,6
54047,1,5
54052,0,5
54057,0,5
54062,0,5
54068,1,6
54073,1,5
54078,0,5
54083,0,5
54089,1,6
54094,1,5
54099,1,5
54104,0,5
54110,1,6
54115,1,5
54120,1,5
54125,0,5
54130,0,5
54135,0,5
54141,1,6
54146,1,5
54151,1,5
54156,0,5
54161,0,5
54167,1,6
54172,1,5
54177,0,5
54182,0,5
54188,1,6
54193,1,5
54198,0,5
54203,0,5
54208,0,5
54214,1,6
54219,1,5
54224,0,5
54229,0,5
54235,1,6
54240,1,5
54245,1,5
54250,0,5
54255,0,5
54260,0,5
54266,1,6
54271,1,5
54276,1,5
54281,0,5
54287,1,6
54292,1,5
54297,1,5
54302,0,5
54307,0,5
54312,0,5
54318,1,6
54323,1,5
54328,1,5
54333,0,5
54338,0,5
54344,1,6
54349,1,5
54354,0,5
54360,1,6
54365,1,5
54370,1,5
54375,0,5
54380,0,5
54386,1,6
54391,1,5
54396,1,5
54401,0,5
54407,1,6
54412,1,5
54417,1,5
54423,1,6
54428,1,5
54433,1,5
54438,1,5
54443,0,5
54449,1,6
54454,1,5
54459,1,5
54465,1,6
54470,1,5
54475,1,5
54480,0,5
54486,1,6
54491,1,5
54496,1,5
54501,1,5
54506,0,5
54511,0,5
54516,0,5
54521,0,5
54527,1,6
54532,1,5
54537,0,5
54542,0,5
54548,1,6
54553,1,5
54558,1,5
54563,0,5
54568,0,5
54573,0,5
54579,1,6
54584,1,5
54589,1,5
54594,0,5
54599,0,5
54605,1,6
54610,1,5
54615,1,5
54620,0,5
54625,0,5
54630,0,5
54636,1,6
54641,1,5
54646,0,5
54651,0,5
54656,0,5
54662,1,6
54667,1,5
54672,1,5
54677,0,5
54682,0,5
54687,0,5
54692,0,5
54698,1,6
54703,1,5
54708,0,5
54713,0,5
54718,0,5
54723,0,5
54729,1,6
54734,1,5
54739,0,5
54744,0,5
54749,0,5
54755,1,6
54760,1,5
54765,0,5
54770,0,5
54776,1,6
54781,1,5
54786,1,5
54791,1,5
54796,0,5
54801,0,5
54806,0,5
54811,0,5
54817,1,6
54822,1,5
54827,0,5
54832,0,5
54837,0,5
54843,1,6
54848,1,5
54853,0,5
54858,0,5
54863,0,5
54868,0,5
54874,1,6
54879,1,5
54884,0,5
54889,0,5
54895,1,6
54900,1,5
54905,1,5
54910,0,5
54915,0,5
54920,0,5
54925,0,5
54931,1,6
54936,1,5
54941,1,5
54946,0,5
54952,1,6
54957,1,5
54962,1,5
54967,0,5
54972,0,5
54977,0,5
54983,1,6
54988,1,5
54993,1,5
54998,0,5
55003,0,5
55009,1,6
55014,1,5
55019,1,5
55024,0,5
55029,0,5
55035,1,6
55040,1,5
55045,1,5
55050,0,5
55055,0,5
55060,0,5
55066,1,6
55071,1,5
55076,1,5
55081,0,5
55086,0,5
55092,1,6
55097,1,5
55102,1,5
55107,0,5
55112,0,5
55118,1,6
55123,1,5
55128,1,5
55133,0,5
55138,0,5
55144,1,6
55149,1,5
55154,1,5
55159,0,5
55164,0,5
55170,1,6
55175,1,5
55180,0,5
55185,0,5
55191,1,6
55196,1,5
55201,1,5
55206,0,5
55212,1,6
55217,1,5
55222,1,5
55227,0,5
55232,0,5
55238,1,6
55243,1,5
55248,1,5
55253,0,5
55258,0,5
55264,1,6
55269,1,5
55274,1,5
55279,0,5
55284,0,5
55289,0,5
55295,1,6
55300,1,5
55305,0,5
55310,0,5
55316,1,6
55321,1,5
55326,1,5
55331,0,5
55336,0,5
55342,1,6
55347,1,5
55352,1,5
55357,0,5
55362,0,5
55368,1,6
55373,1,5
55378,1,5
55383,0,5
55388,0,5
55394,1,6
55399,1,5
55404,1,5
55409,1,5
55414,0,5
55419,0,5
55424,0,5
55430,1,6
55435,1,5
55440,1,5
55445,0,5
55450,0,5
55456,1,6
55461,1,5
55466,1,5
55471,0,5
55476,0,5
55482,1,6
55492,6,10
55493,2,1
55497,0,4
55503,1,6
55508,1,5
55513,1,5
55518,0,5
55523,0,5
55529,1,6
55534,1,5
55539,1,5
55544,0,5
55549,0,5
55555,1,6
55560,1,5
55565,1,5
55570,0,5
55575,0,5
55581,1,6
55586,1,5
55591,1,5
55596,0,5
55601,0,5
55606,0,5
55612,1,6
55617,1,5
55622,0,5
55627,0,5
55632,0,5
55638,1,6
55643,1,5
55648,0,5
55654,1,6
55659,1,5
55664,1,5
55669,1,5
55674,0,5
55679,0,5
55685,1,6
55690,1,5
55695,0,5
55700,0,5
55706,1,6
55711,1,5
55716,1,5
55721,0,5
55726,0,5
55732,1,6
55737,1,5
55742,1,5
55748,1,6
55753,1,5
55758,1,5
55763,1,5
55768,0,5
55774,1,6
55779,1,5
55784,1,5
55789,0,5
55794,0,5
55800,1,6
55805,1,5
55810,1,5
55815,0,5
55820,0,5
55825,0,5
55831,1,6
55836,1,5
55841,1,5
55846,0,5
55851,0,5
55857,1,6
55862,1,5
55867,1,5
55872,0,5
55877,0,5
55883,1,6
55888,1,5
55893,1,5
55898,0,5
55903,0,5
55909,1,6
55914,1,5
55919,1,5
55924,0,5
55929,0,5
55934,0,5
55940,1,6
55945,1,5
55950,0,5
55955,0,5
55960,0,5
55966,1,6
55971,1,5
55976,1,5
55981,0,5
55986,0,5
55991,0,5
55997,1,6
56002,1,5
56007,0,5
56012,0,5
56017,0,5
56023,1,6
56028,1,5
56033,1,5
56038,0,5
56043,0,5
56049,1,6
56054,1,5
56059,1,5
56064,1,5
