time (ms)
10
25
36
46
58
69
79
89
99
110
120
132
142
153
164
176
186
197
208
218
228
239
249
261
271
284
294
305
316
326
336
347
357
369
379
390
400
412
422
432
442
453
464
474
484
495
506
516
526
536
547
557
567
578
589
601
611
621
631
641
652
662
673
686
696
710
721
731
742
754
764
775
785
797
807
817
828
839
849
860
870
880
892
902
913
924
934
945
955
965
977
988
999
1011
1022
1032
1043
1054
1064
1076
1086
1096
1106
1117
1129
1139
1149
1159
1169
1181
1191
1201
1211
1221
1231
1243
1253
1263
1274
1284
1295
1305
1315
1326
1337
1350
1361
1371
1383
1394
1408
1419
1433
1444
1455
1465
1476
1486
1496
1506
1516
1526
1536
1547
1559
1569
1579
1589
1599
1610
1622
1633
1643
1653
1663
1673
1683
1695
1705
1715
1726
1736
1746
1756
1766
1776
1787
1799
1809
1819
1829
1839
1849
1861
1871
1881
1891
1901
1911
1921
1933
1943
1953
1963
1973
1983
1993
2004
2016
2026
2036
2046
2056
2066
2080
2090
2100
2111
2123
2133
2143
2153
2163
2173
2183
2195
2205
2215
2225
2235
2245
2255
2267
2278
2288
2298
2308
2318
2328
2338
2348
2358
2368
2379
2391
2401
2411
2421
2431
2442
2454
2465
2475
2485
2495
2505
2515
2526
2538
2548
2558
2568
2578
2588
2598
2610
2621
2631
2641
2651
2661
2671
2683
2693
2703
2713
2723
2735
2745
2755
2765
2776
2786
2796
2806
2816
2827
2837
2847
2858
2868
2878
2888
2898
2908
2918
2929
2941
2952
2962
2972
2982
2992
3002
3013
3025
3035
3045
3055
3065
3076
3088
3098
3109
3119
3130
3142
3152
3162
3172
3182
3194
3205
3215
3225
3235
3245
3255
3267
3278
3288
3298
3308
3318
3328
3339
3351
3361
3371
3381
3392
3402
3412
3422
3432
3442
3454
3464
3474
3485
3497
3507
3517
3527
3537
3548
3560
3570
3580
3590
3600
3610
3622
3632
3642
3652
3662
3673
3685
3696
3706
3716
3726
3737
3748
3758
3768
3778
3788
3798
3808
3818
3829
3839
3849
3859
3870
3882
3892
3902
3912
3922
3932
3942
3953
3965
3975
3985
3996
4006
4016
4026
4038
4048
4058
4068
4080
4090
4100
4111
4121
4131
4142
4154
4179
4190
4201
4211
4221
4231
4242
4253
4263
4274
4284
4295
4305
4316
4326
4337
4347
4357
4367
4378
4390
4400
4410
4420
4430
4440
4451
4463
4473
4483
4493
4505
4515
4525
4535
4545
4556
4568
4578
4588
4598
4608
4618
4628
4639
4649
4660
4671
4681
4691
4701
4711
4723
4733
4743
4753
4763
4773
4784
4794
4804
4814
4824
4835
4847
4857
4867
4877
4887
4897
4909
4920
4930
4940
4950
4962
4972
4982
4992
5002
5013
5024
5036
5046
5056
5066
5076
5086
5096
5107
5118
5130
5140
5150
5160
5170
5180
5190
5202
5212
5222
5232
5242
5254
5264
5274
5284
5294
5306
5317
5327
5337
5347
5359
5369
5379
5389
5399
5409
5419
5431
5441
5451
5461
5471
5482
5494
5504
5514
5524
5534
5544
5554
5564
5576
5587
5597
5607
5617
5627
5638
5650
5660
5670
5680
5690
5700
5712
5722
5732
5742
5754
5764
5774
5784
5794
5804
5815
5825
5835
5845
5855
5865
5877
5887
5897
5907
5917
5927
5939
5949
5959
5969
5979
5989
5999
6010
6022
6032
6042
6052
6062
6072
6083
6095
6105
6115
6125
6135
6145
6156
6168
6178
6188
6198
6208
6218
6229
6241
6252
6262
6272
6282
6292
6302
6313
6325
6336
6346
6356
6366
6376
6386
6396
6408
6419
6429
6439
6449
6459
6470
6482
6492
6502
6512
6522
6532
6543
6555
6566
6576
6586
6596
6606
6616
6626
6637
6649
6659
6669
6679
6690
6701
6713
6723
6733
6743
6753
6763
6773
6783
6793
6804
6816
6826
6836
6846
6856
6866
6877
6889
6899
6909
6919
6929
6940
6952
6962
6972
6982
6992
7002
7014
7024
7034
7044
7054
7066
7076
7086
7096
7106
7116
7128
7138
7148
7158
7168
7178
7189
7201
7211
7221
7231
7241
7251
7262
7274
7284
7294
7304
7314
7324
7334
7345
7357
7367
7377
7387
7398
7409
7420
7430
7440
7450
7460
7470
7481
7493
7504
7514
7524
7534
7544
7554
7564
7575
7587
7597
7607
7617
7627
7637
7647
7658
7670
7680
7690
7701
7712
7724
7734
7744
7754
7764
7774
7784
7794
7805
7817
7827
7838
7848
7858
7868
7878
7888
7899
7911
7921
7932
7942
7952
7962
7972
7982
7992
8003
8015
8025
8035
8045
8055
8067
8077
8087
8097
8109
8119
8130
8140
8150
8160
8170
8180
8191
8201
8211
8222
8232
8243
8253
8264
8274
8285
8296
8306
8316
8326
8336
8347
8358
8368
8379
8390
8402
8412
8422
8432
8442
8452
8462
8473
8485
8495
8505
8515
8525
8535
8546
8558
8568
8578
8588
8598
8608
8618
8629
8641
8651
8661
8671
8681
8691
8701
8711
8722
8734
8745
8755
8765
8775
8785
8796
8808
8818
8828
8838
8848
8858
8868
8878
8889
8900
8912
8922
8932
8942
8952
8962
8973
8985
8995
9006
9016
9026
9036
9046
9056
9067
9079
9090
9100
9110
9120
9130
9141
9153
9163
9173
9183
9193
9203
9213
9225
9235
9245
9256
9266
9276
9286
9296
9306
9316
9327
9339
9349
9359
9369
9379
9389
9399
9410
9422
9432
9442
9452
9462
9472
9482
9492
9503
9515
9526
9536
9546
9556
9566
9578
9588
9598
9608
9618
9628
9638
9648
9659
9670
9681
9692
9703
9713
9724
9736
9747
9757
9767
9777
9787
9798
9810
9821
9831
9841
9851
9863
9873
9883
9893
9903
9915
9925
9935
9945
9955
9965
9975
9987
9998
10008
10018
10028
10038
10049
10061
10071
10081
10091
10101
10111
10121
10132
10144
10155
10165
10175
10185
10195
10205
10216
10228
10238
10248
10258
10268
10278
10289
10301
10311
10321
10331
10341
10351
10362
10374
10384
10394
10404
10414
10426
10436
10446
10456
10466
10476
10486
10496
10508
10518
10528
10538
10548
10558
10569
10581
10591
10601
10611
10621
10633
10643
10653
10663
10673
10683
10693
10704
10716
10727
10739
10749
10759
10769
10779
10789
10799
10810
10822
10832
10842
10852
10863
10875
10885
10895
10905
10915
10925
10936
10948
10958
10968
10978
10988
11000
11010
11020
11032
11042
11052
11063
11075
11085
11095
11105
11117
11127
11137
11149
11159
11169
11181
11191
11201
11213
11223
11233
11243
11253
11265
11275
11285
11295
11305
11315
11327
11337
11347
11357
11367
11379
11389
11399
11409
11419
11430
11442
11452
11462
11472
11482
11494
11505
11515
11526
11536
11547
11557
11567
11577
11587
11597
11607
11617
11628
11639
11650
11662
11672
11682
11692
11702
11713
11725
11735
11745
11755
11765
11776
11788
11798
11808
11818
11828
11838
11849
11860
11870
11880
11890
11900
11910
11921
11932
11942
11952
11962
11972
11982
11994
12004
12014
12024
12035
12047
12058
12068
12078
12088
12098
12110
12120
12130
12140
12150
12160
12171
12183
12193
12203
12213
12223
12233
12245
12255
12265
12275
12285
12295
12307
12318
12328
12338
12348
12358
12368
12379
12391
12401
12411
12421
12431
12441
12451
12461
12472
12484
12494
12504
12514
12524
12534
12546
12558
12568
12578
12588
12598
12608
12619
12631
12642
12652
12662
12672
12682
12692
12702
12712
12724
12735
12745
12755
12765
12775
12785
12795
12807
12818
12828
12838
12848
12858
12868
12878
12888
12899
12911
12921
12931
12941
12951
12961
12971
12981
12991
13002
13014
13025
13035
13045
13055
13065
13075
13086
13098
13108
13118
13128
13138
13148
13158
13169
13181
13192
13202
13212
13222
13232
13242
13253
13265
13275
13285
13295
13305
13315
13325
13335
13346
13358
13369
13379
13389
13399
13409
13419
13430
13442
13453
13463
13473
13483
13493
13503
13513
13524
13536
13547
13557
13567
13577
13587
13597
13607
13618
13630
13640
13650
13661
13673
13684
13694
13704
13714
13724
13734
13745
13757
13768
13778
13788
13798
13808
13818
13828
13838
13849
13861
13871
13882
13892
13902
13912
13922
13932
13942
13953
13963
13973
13983
13994
14004
14015
14025
14035
14045
14057
14067
14077
14088
14098
14109
14119
14129
14139
14149
14159
14169
14180
14190
14200
14211
14222
14232
14243
14254
14264
14274
14284
14294
14305
14317
14328
14338
14348
14358
14368
14378
14389
14401
14412
14422
14432
14442
14452
14462
14472
14483
14494
14506
14516
14526
14536
14546
14556
14567
14579
14589
14599
14609
14619
14633
14643
14654
14664
14675
14686
14696
14706
14716
14727
14738
14748
14758
14768
14779
14791
14801
14812
14822
14832
14842
14852
14862
14872
14883
14894
14904
14914
14924
14934
14944
14955
14967
14977
14987
14997
15007
15018
15028
15038
15048
15058
15068
15079
15091
15101
15111
15121
15131
15141
15152
15164
15174
15184
15194
15204
15214
15224
15236
15246
15257
15268
15279
15291
15302
15312
15322
15332
15342
15352
15363
15374
15384
15394
15404
15414
15424
15435
15445
15456
15467
15477
15487
15497
15508
15518
15529
15541
15551
15561
15571
15581
15591
15601
15612
15624
15634
15644
15654
15664
15674
15684
15695
15707
15718
15729
15741
15752
15762
15772
15782
15792
15802
15812
15822
15832
15843
15855
15866
15876
15886
15896
15906
15916
15927
15939
15950
15960
15970
15980
15990
16001
16013
16024
16034
16044
16054
16064
16074
16084
16095
16107
16118
16128
16138
16148
16158
16168
16178
16188
16198
16209
16220
16230
16242
16252
16262
16272
16282
16292
16302
16313
16324
16334
16344
16354
16365
16375
16385
16395
16405
16416
16426
16436
16446
16457
16467
16477
16487
16498
16508
16518
16528
16538
16549
16560
16572
16583
16593
16603
16613
16623
16633
16644
16656
16667
16677
16687
16697
16707
16717
16727
16738
16750
16760
16770
16780
16790
16800
16810
16820
16831
16843
16854
16864
16874
16884
16894
16904
16915
16927
16937
16947
16957
16967
16977
16987
16998
17010
17020
17030
17040
17050
17060
17070
17080
17092
17102
17112
17122
17132
17142
17152
17163
17175
17185
17195
17205
17215
17225
17235
17246
17258
17269
17279
17289
17299
17309
17319
17329
17340
17352
17362
17372
17382
17392
17402
17412
17423
17435
17445
17455
17465
17475
17485
17495
17505
17516
17528
17538
17548
17558
17568
17578
17588
17598
17608
17619
17631
17642
17652
17662
17673
17683
17693
17703
17715
17725
17735
17745
17755
17765
17776
17787
17799
17809
17819
17829
17839
17851
17862
17872
17882
17892
17902
17912
17922
17932
17944
17954
17964
17974
17984
17994
18004
18014
18024
18034
18045
18057
18068
18078
18088
18098
18108
18118
18128
18139
18150
18161
18171
18183
18194
18204
18214
18224
18234
18244
18254
18264
18275
18285
18296
18306
18316
18326
18337
18347
18358
18368
18378
18388
18399
18409
18419
18430
18441
18451
18461
18471
18481
18492
18503
18513
18523
18533
18543
18553
18563
18573
18583
18595
18606
18616
18626
18636
18646
18656
18666
18676
18687
18699
18710
18720
18730
18740
18750
18760
18770
18780
18791
18803
18813
18823
18833
18843
18854
18864
18875
18885
18896
18906
18917
18927
18937
18947
18959
18969
18981
18991
19001
19011
19021
19031
19041
19051
19062
19074
19084
19094
19104
19114
19124
19134
19145
19157
19168
19178
19188
19198
19208
19220
19230
19240
19250
19260
19271
19283
19293
19303
19313
19323
19333
19343
19355
19365
19376
19386
19396
19406
19416
19426
19438
19449
19459
19469
19479
19489
19499
19509
19520
19532
19542
19552
19562
19572
19582
19592
19603
19615
19626
19636
19649
19659
19670
19680
19691
19701
19711
19721
19732
19743
19753
19765
19775
19785
19795
19805
19815
19825
19836
19848
19858
19868
19878
19888
19898
19908
19918
19929
19941
19951
19961
19971
19981
19991
20002
20013
20025
20035
20045
20055
20065
20075
20085
20096
20107
20119
20129
20139
20149
20159
20169
20179
20190
20202
20212
20222
20232
20242
20252
20262
20272
20282
20292
20304
20314
20324
20334
20344
20354
20364
20374
20385
20399
20409
20419
20429
20439
20449
20461
20471
20481
20491
20501
20511
20521
20533
20544
20554
20564
20574
20584
20594
20604
20615
20626
20638
20648
20658
20668
20679
20689
20701
20711
20722
20732
20742
20752
20763
20775
20785
20795
20805
20815
20825
20835
20846
20858
20869
20879
20889
20899
20909
20921
20932
20942
20952
20962
20972
20982
20992
21003
21014
21025
21035
21046
21056
21066
21077
21088
21099
21109
21119
21129
21139
21149
21160
21172
21182
21192
21202
21212
21222
21232
21242
21252
21262
21273
21285
21296
21306
21316
21326
21336
21346
21356
21367
21379
21390
21400
21410
21420
21430
21440
21450
21460
21471
21482
21494
21505
21515
21525
21535
21545
21555
21565
21577
21587
21598
21608
21618
21628
21638
21648
21658
21670
21680
21690
21700
21710
21720
21730
21740
21751
21763
21773
21783
21793
21803
21813
21823
21833
21843
21854
21866
21877
21887
21897
21907
21917
21927
21937
21949
21959
21969
21979
21989
21999
22009
22019
22030
22042
22052
22062
22072
22082
22092
22102
22113
22125
22136
22146
22156
22166
22176
22186
22196
22207
22219
22230
22240
22250
22260
22270
22280
22290
22300
22310
22320
22331
22343
22353
22363
22373
22383
22393
22403
22414
22426
22437
22448
22458
22468
22478
22488
22498
22508
22518
22529
22541
22552
22562
22572
22582
22592
22602
22612
22622
22632
22643
22655
22665
22675
22685
22695
22705
22715
22725
22737
22747
22757
22767
22778
22788
22799
22809
22819
22829
22841
22851
22861
22872
22882
22892
22902
22912
22922
22934
22945
22955
22965
22975
22985
22995
23006
23018
23028
23038
23048
23058
23068
23080
23090
23100
23110
23120
23130
23140
23150
23162
23172
23182
23192
23202
23212
23222
23232
23242
23253
23264
23274
23284
23294
23304
23315
23325
23335
23345
23355
23365
23377
23388
23398
23408
23418
23428
23439
23449
23459
23469
23479
23489
23499
23509
23521
23531
23541
23551
23561
23572
23584
23594
23604
23614
23624
23634
23644
23654
23665
23677
23688
23698
23708
23718
23728
23738
23748
23759
23771
23781
23792
23802
23812
23822
23832
23842
23852
23864
23875
23885
23895
23905
23915
23925
23935
23945
23957
23968
23979
23989
23999
24009
24019
24029
24041
24051
24061
24071
24081
24091
24101
24113
24123
24133
24143
24153
24163
24173
24183
24193
24205
24216
24226
24236
24246
24256
24266
24276
24286
24297
24309
24320
24330
24340
24350
24360
24370
24380
24390
24400
24411
24423
24434
24444
24454
24464
24474
24484
24494
24505
24517
24527
24537
24547
24557
24567
24577
24587
24597
24609
24619
24629
24639
24649
24665
24675
24686
24697
24708
24719
24729
24740
24751
24761
24773
24783
24793
24803
24813
24824
24836
24847
24857
24867
24877
24887
24897
24907
24918
24930
24941
24951
24961
24971
24982
24994
25004
25014
25024
25034
25044
25054
25064
25074
25085
25095
25105
25115
25125
25135
25147
25158
25168
25178
25188
25198
25208
25218
25228
25239
25251
25262
25272
25282
25292
25302
25312
25322
25334
25345
25355
25365
25375
25385
25395
25406
25417
25429
25439
25449
25459
25469
25481
25491
25501
25511
25521
25531
25541
25552
25564
25575
25585
25595
25605
25615
25625
25635
25646
25657
25669
25679
25689
25699
25709
25721
25731
25741
25751
25761
25772
25784
25794
25804
25814
25824
25834
25846
25856
25866
25876
25886
25896
25906
25917
25929
25940
25950
25960
25970
25980
25990
26000
26010
26021
26033
26043
26053
26063
26073
26083
26093
26104
26116
26126
26136
26146
26156
26166
26176
26186
26196
26207
26219
26229
26239
26249
26259
26269
26279
26289
26301
26312
26323
26333
26343
26353
26363
26373
26383
26395
26405
26416
26426
26436
26446
26456
26466
26476
26487
26499
26509
26519
26529
26539
26549
26559
26569
26579
26590
26601
26613
26623
26633
26643
26653
26663
26673
26683
26694
26706
26716
26726
26736
26746
26756
26766
26776
26786
26797
26809
26820
26830
26840
26850
26860
26870
26880
26890
26901
26913
26923
26933
26943
26953
26963
26973
26983
26994
27005
27017
27028
27038
27048
27058
27068
27078
27088
27099
27109
27119
27129
27139
27149
27160
27172
27183
27193
27203
27213
27223
27233
27245
27256
27266
27276
27286
27296
27306
27317
27328
27338
27348
27360
27370
27380
27390
27400
27410
27420
27430
27440
27451
27463
27473
27484
27494
27504
27514
27524
27534
27545
27557
27567
27578
27588
27598
27608
27618
27628
27638
27648
27659
27671
27682
27692
27702
27712
27722
27732
27742
27753
27765
27775
27785
27795
27805
27815
27826
27838
27848
27858
27868
27878
27889
27899
27910
27922
27932
27942
27952
27962
27972
27982
27992
28002
28012
28024
28034
28044
28054
28064
28074
28084
28094
28105
28117
28128
28138
28148
28158
28168
28178
28188
28199
28211
28221
28231
28241
28251
28262
28273
28285
28296
28306
28316
28326
28336
28346
28356
28366
28376
28387
28399
28410
28420
28433
28443
28454
28464
28474
28484
28495
28505
28515
28526
28536
28547
28557
28567
28577
28588
28598
28608
28618
28628
28638
28648
28659
28669
28680
28692
28702
28712
28722
28732
28743
28755
28766
28776
28786
28796
28806
28816
28826
28837
28849
28859
28869
28879
28889
28900
28912
28922
28932
28942
28952
28962
28972
28982
28992
29003
29015
29025
29035
29045
29055
29065
29075
29086
29097
29109
29120
29130
29140
29150
29160
29170
29180
29190
29201
29213
29223
29233
29243
29254
29264
29274
29284
29295
29305
29316
29326
29336
29347
29358
29368
29379
29389
29400
29410
29421
29431
29442
29452
29462
29472
29482
29492
29503
29515
29525
29535
29545
29555
29565
29575
29585
29596
29607
29619
29629
29639
29649
29659
29669
29679
29689
29700
29710
29720
29730
29740
29750
29761
29772
29783
29793
29803
29813
29823
29833
29843
29853
29864
29876
29886
29896
29906
29916
29926
29936
29946
29956
29967
29978
29990
30000
30010
30020
30030
30042
30052
30062
30072
30082
30092
30102
30114
30124
30134
30144
30154
30164
30174
30184
30194
30205
30217
30228
30238
30248
30258
30268
30278
30288
30298
30309
30321
30332
30342
30352
30362
30372
30382
30392
30403
30415
30425
30435
30445
30455
30465
30476
30488
30498
30508
30518
30528
30538
30548
30560
30571
30581
30591
30601
30611
30621
30631
30643
30654
30664
30674
30684
30695
30706
30716
30727
30739
30749
30759
30769
30779
30789
30799
30809
30819
30830
30841
30853
30863
30873
30883
30893
30905
30916
30926
30936
30946
30956
30966
30976
30988
30998
31008
31018
31028
31038
31048
31058
31068
31079
31091
31101
31111
31121
31131
31141
31152
31163
31175
31185
31195
31205
31215
31225
31237
31247
31257
31267
31277
31289
31299
31309
31319
31329
31341
31352
31362
31374
31384
31394
31404
31415
31426
31436
31446
31456
31466
31476
31486
31497
31509
31520
31530
31540
31550
31560
31570
31580
31591
31603
31614
31624
31634
31644
31654
31664
31674
31684
31695
31707
31718
31728
31738
31748
31758
31768
31778
31788
31799
31810
31822
31832
31842
31852
31862
31872
31882
31892
31903
31915
31926
31936
31946
31956
31966
31976
31986
31996
32008
32019
32029
32039
32049
32059
32069
32080
32091
32103
32114
32124
32134
32144
32154
32164
32174
32184
32195
32206
32218
32228
32238
32248
32258
32268
32278
32288
32298
32308
32319
32330
32340
32350
32360
32370
32380
32390
32400
32411
32423
32433
32444
32454
32464
32474
32485
32495
32506
32516
32526
32537
32547
32558
32569
32579
32589
32599
32609
32619
32629
32639
32649
32660
32672
32682
32692
32702
32712
32722
32732
32742
32752
32763
32775
32785
32795
32805
32815
32825
32837
32848
32858
32868
32878
32888
32898
32908
32919
32930
32942
32952
32962
32972
32982
32992
33005
33016
33026
33036
33046
33056
33066
33076
33086
33096
33107
33119
33129
33139
33149
33159
33169
33179
33191
33201
33212
33222
33232
33242
33252
33262
33272
33283
33295
33306
33316
33326
33336
33346
33357
33369
33380
33390
33400
33410
33420
33430
33440
33452
33463
33473
33483
33493
33503
33513
33523
33534
33546
33557
33567
33577
33589
33599
33611
33621
33631
33641
33651
33661
33673
33684
33694
33704
33714
33724
33734
33744
33755
33766
33778
33788
33798
33808
33818
33828
33839
33851
33862
33872
33882
33892
33902
33912
33924
33934
33944
33954
33964
33974
33984
33995
34005
34015
34025
34035
34046
34057
34069
34080
34090
34100
34110
34120
34130
34140
34150
34161
34173
34184
34194
34204
34214
34224
34234
34244
34254
34265
34276
34288
34299
34309
34319
34329
34339
34349
34359
34370
34382
34392
34402
34412
34422
34432
34442
34452
34462
34473
34485
34496
34506
34516
34526
34536
34546
34556
34567
34579
34589
34600
34610
34620
34630
34640
34650
34660
34671
34682
34694
34704
34715
34725
34735
34745
34755
34765
34776
34787
34798
34808
34818
34828
34838
34848
34859
34871
34881
34891
34901
34911
34921
34931
34941
34952
34964
34975
34985
34995
35005
35015
35025
35035
35046
35057
35069
35080
35090
35100
35110
35120
35130
35140
35151
35163
35173
35183
35193
35203
35213
35223
35234
35245
35257
35268
35278
35288
35298
35308
35318
35328
35338
35348
35359
35371
35381
35391
35401
35411
35421
35432
35444
35454
35464
35474
35484
35494
35504
35516
35526
35536
35546
35556
35566
35576
35586
35596
35606
35617
35629
35639
35650
35660
35670
35680
35690
35700
35710
35721
35731
35741
35751
35761
35773
35784
35794
35804
35814
35824
35834
35844
35855
35867
35878
35888
35898
35908
35918
35928
35938
35949
35960
35970
35980
35990
36000
36010
36020
36031
36043
36053
36063
36073
36083
36093
36103
36114
36126
36137
36147
36157
36167
36177
36187
36197
36207
36218
36230
36240
36250
36260
36270
36280
36290
36300
36310
36322
36332
36342
36352
36362
36372
36382
36392
36403
36415
36425
36435
36445
36455
36465
36475
36486
36497
36509
36519
36529
36539
36549
36559
36569
36580
36592
36602
36612
36622
36632
36642
36652
36662
36672
36683
36695
36705
36715
36725
36735
36745
36755
36765
36777
36787
36798
36808
36818
36828
36838
36848
36859
36871
36881
36891
36901
36911
36921
36933
36944
36954
36964
36974
36984
36994
37004
37014
37024
37035
37047
37058
37068
37078
37088
37098
37108
37118
37128
37138
37149
37161
37172
37182
37192
37202
37212
37222
37232
37242
37252
37263
37275
37286
37296
37306
37316
37326
37336
37346
37356
37367
37379
37389
37399
37409
37419
37429
37440
37451
37463
37473
37483
37493
37503
37513
37523
37533
37543
37554
37566
37576
37586
37596
37606
37616
37626
37636
37646
37657
37668
37679
37689
37700
37711
37723
37733
37743
37753
37763
37773
37783
37794
37806
37817
37827
37837
37847
37857
37868
37878
37888
37898
37908
37918
37928
37938
37948
37958
37969
37981
37992
38002
38012
38022
38032
38042
38052
38063
38075
38085
38095
38105
38116
38126
38137
38147
38158
38168
38178
38188
38199
38210
38221
38231
38242
38253
38263
38273
38284
38294
38306
38316
38326
38336
38346
38356
38366
38376
38386
38396
38407
38419
38430
38440
38450
38460
38470
38480
38490
38500
38511
38523
38533
38543
38553
38563
38573
38583
38595
38605
38616
38626
38637
38647
38658
38668
38678
38689
38699
38709
38719
38729
38739
38750
38760
38770
38780
38791
38801
38812
38823
38833
38843
38854
38866
38876
38886
38896
38906
38916
38926
38936
38947
38959
38970
38980
38990
39000
39010
39020
39032
39043
39053
39063
39073
39083
39093
39103
39114
39125
39137
39147
39157
39167
39177
39187
39199
39209
39219
39230
39241
39251
39261
39271
39281
39291
39301
39311
39322
39334
39344
39354
39364
39375
39387
39397
39407
39417
39427
39438
39449
39461
39471
39481
39491
39501
39511
39521
39531
39542
39554
39564
39574
39584
39594
39604
39614
39624
39635
39647
39658
39668
39678
39688
39699
39711
39721
39731
39741
39751
39761
39771
39781
39792
39803
39813
39823
39833
39843
39853
39865
39875
39885
39895
39905
39915
39925
39936
39948
39958
39968
39978
39988
39998
40008
40018
40028
40038
40048
40058
40069
40080
40092
40102
40112
40122
40132
40143
40155
40165
40175
40185
40195
40205
40216
40228
40238
40248
40258
40268
40278
40289
40300
40312
40322
40332
40342
40352
40362
40372
40382
40393
40404
40414
40424
40434
40444
40454
40464
40474
40486
40497
40507
40517
40527
40537
40547
40558
40570
40580
40590
40600
40610
40620
40630
40640
40651
40663
40673
40683
40693
40703
40713
40725
40736
40746
40756
40766
40776
40787
40799
40809
40819
40829
40839
40849
40859
40869
40879
40890
40902
40912
40922
40932
40942
40952
40962
40973
40985
40996
41006
41016
41026
41036
41046
41056
41066
41076
41087
41099
41110
41120
41130
41140
41150
41161
41173
41183
41193
41203
41213
41223
41233
41244
41256
41266
41276
41286
41296
41306
41316
41327
41337
41347
41357
41368
41380
41390
41400
41410
41420
41430
41440
41450
41461
41473
41484
41495
41505
41515
41525
41535
41545
41557
41568
41578
41588
41598
41608
41618
41628
41638
41648
41659
41671
41682
41693
41703
41713
41723
41733
41743
41753
41764
41776
41787
41797
41807
41817
41827
41837
41847
41858
41869
41879
41889
41899
41909
41919
41930
41942
41952
41962
41972
41982
41992
42002
42012
42022
42033
42043
42053
42063
42074
42086
42097
42107
42117
42127
42137
42147
42157
42167
42177
42187
42197
42207
42217
42228
42240
42251
42261
42271
42281
42291
42301
42311
42323
42334
42344
42354
42364
42374
42384
42394
42405
42416
42428
42438
42448
42458
42468
42478
42488
42498
42508
42519
42531
42542
42552
42562
42572
42582
42592
42603
42615
42625
42635
42645
42655
42665
42675
42685
42696
42706
42716
42726
42737
42748
42759
42769
42780
42791
42801
42811
42821
42832
42842
42853
42863
42875
42885
42895
42905
42915
42925
42935
42945
42956
42968
42979
42989
42999
43009
43019
43029
43039
43050
43062
43073
43083
43093
43103
43113
43123
43133
43143
43155
43166
43176
43186
43196
43206
43219
43229
43239
43249
43259
43269
43279
43291
43302
43312
43322
43332
43342
43352
43364
43375
43385
43395
43405
43415
43425
43435
43446
43458
43469
43479
43489
43499
43509
43519
43530
43542
43553
43563
43573
43583
43593
43603
43613
43625
43635
43645
43655
43666
43678
43689
43699
43709
43719
43729
43739
43750
43762
43773
43783
43793
43803
43813
43823
43833
43844
43856
43866
43876
43886
43896
43906
43916
43927
43939
43950
43960
43970
43981
43991
44001
44011
44022
44033
44045
44055
44065
44075
44085
44095
44105
44115
44127
44138
44149
44159
44169
44179
44189
44199
44210
44222
44232
44242
44252
44262
44272
44282
44292
44302
44313
44323
44333
44343
44353
44364
44374
44384
44395
44405
44416
44426
44437
44447
44458
44468
44479
44489
44500
44510
44521
44531
44542
44554
44565
44575
44585
44595
44605
44615
44625
44636
44648
44659
44669
44679
44689
44701
44712
44725
44735
44746
44757
44767
44778
44789
44799
44809
44819
44829
44839
44849
44859
44870
44882
44893
44903
44913
44923
44933
44944
44956
44966
44976
44986
44996
45006
45016
45027
45037
45047
45057
45067
45077
45087
45097
45107
45118
45129
45139
45149
45159
45169
45180
45192
45203
45213
45223
45233
45243
45253
45263
45274
45285
45297
45307
45317
45327
45337
45347
45357
45368
45380
45390
45400
45410
45420
45430
45440
45451
45463
45473
45483
45493
45503
45514
45526
45536
45546
45556
45566
45576
45586
45597
45608
45620
45631
45641
45651
45661
45671
45682
45694
45705
45715
45727
45737
45749
45760
45770
45780
45790
45800
45810
45820
45830
45841
45853
45864
45874
45884
45894
45904
45914
45924
45935
45947
45958
45968
45978
45988
45998
46008
46018
46028
46038
46048
46059
46070
46082
46092
46102
46112
46122
46133
46143
46153
46163
46174
46185
46196
46206
46216
46226
46236
46246
46256
46266
46276
46286
46297
46309
46319
46329
46339
46349
46359
46369
46379
46390
46402
46412
46422
46432
46442
46452
46462
46472
46482
46493
46505
46516
46526
46536
46546
46556
46566
46578
46588
46598
46608
46618
46628
46638
46649
46661
46672
46682
46692
46702
46712
46722
46732
46743
46755
46765
46775
46785
46795
46805
46817
46828
46838
46848
46858
46868
46878
46888
46899
46911
46921
46931
46941
46951
46961
46972
46984
46994
47004
47015
47025
47035
47045
47055
47066
47076
47086
47098
47108
47118
47129
47139
47149
47159
47169
47179
47191
47201
47212
47222
47233
47244
47255
47265
47276
47286
47296
47307
47317
47328
47338
47349
47359
47369
47381
47391
47401
47411
47421
47431
47442
47452
47462
47473
47485
47496
47506
47516
47527
47538
47548
47558
47570
47580
47590
47600
47610
47620
47631
47643
47653
47663
47673
47683
47694
47706
47716
47726
47736
47747
47759
47769
47779
47789
47799
47810
47822
47832
47842
47852
47862
47872
47882
47893
47903
47913
47923
47933
47943
47953
47963
47975
47985
47995
48005
48015
48025
48037
48047
48057
48067
48077
48087
48098
48110
48120
48130
48140
48150
48162
48172
48182
48192
48202
48213
48225
48235
48245
48255
48265
48275
48285
48297
48308
48318
48328
48339
48349
48360
48372
48382
48392
48402
48412
48422
48432
48442
48453
48463
48473
48483
48493
48503
48513
48523
48533
48543
48553
48563
48573
48583
48593
48603
48613
48623
48633
48643
48653
48663
48673
48683
48693
48703
48713
48723
48734
48749
48759
48769
48779
48790
48800
48810
48820
48831
48841
48851
48861
48871
48882
48892
48902
48912
48922
48932
48942
48952
48962
48973
48985
48995
49005
49015
49025
49035
49045
49055
49065
49075
49086
49097
49108
49118
49128
49138
49148
49158
49168
49179
49191
49201
49211
49221
49231
49241
49251
49262
49272
49282
49292
49302
49314
49324
49335
49347
49357
49367
49377
49387
49397
49409
49419
49429
49439
49449
49460
49471
49481
49491
49502
49513
49524
49534
49545
49555
49565
49575
49585
49595
49606
49616
49626
49637
49649
49659
49669
49679
49689
49700
49712
49722
49732
49742
49752
49763
49773
49784
49794
49805
49816
49826
49836
49847
49858
49868
49878
49888
49898
49908
49918
49928
49939
49951
49962
49972
49982
49992
50002
50012
50024
50034
50044
50054
50064
50074
50084
50094
50104
50115
50127
50138
50148
50158
50168
50178
50188
50198
50210
50221
50232
50242
50252
50262
50272
50282
50293
50305
50315
50325
50337
50348
50358
50368
50378
50388
50398
50408
50418
50428
50440
50450
50460
50470
50480
50490
50500
50511
50523
50533
50543
50553
50565
50575
50585
50595
50605
50615
50626
50636
50646
50658
50668
50679
50689
50699
50709
50719
50731
50741
50751
50761
50771
50783
50793
50803
50813
50824
50834
50846
50856
50866
50876
50886
50896
50906
50916
50927
50939
50950
50960
50970
50980
50990
51000
51011
51023
51033
51043
51053
51063
51074
51086
51097
51107
51117
51127
51137
51147
51158
51170
51180
51190
51200
51210
51220
51230
51240
51252
51262
51272
51282
51292
51302
51313
51323
51333
51343
51353
51365
51376
51386
51396
51406
51416
51426
51436
51447
51459
51469
51479
51489
51499
51509
51520
51532
51543
51553
51563
51573
51583
51595
51606
51616
51626
51636
51646
51656
51666
51677
51689
51700
51710
51720
51730
51740
51750
51760
51772
51783
51793
51803
51813
51823
51835
51845
51855
51865
51875
51887
51897
51907
51917
51927
51937
51947
51957
51968
51980
51991
52001
52011
52021
52031
52041
52053
52063
52073
52083
52093
52103
52115
52125
52135
52145
52155
52165
52175
52187
52197
52207
52217
52227
52237
52247
52257
52268
52280
52290
52300
52310
52320
52332
52342
52352
52362
52373
52385
52395
52405
52415
52425
52435
52446
52458
52469
52479
52489
52499
52509
52519
52529
52540
52552
52562
52572
52582
52592
52602
52612
52624
52635
52645
52655
52665
52675
52686
52698
52709
52719
52729
52739
52749
52759
52769
52781
52791
52802
52812
52822
52832
52842
52852
52864
52874
52884
52894
52904
52914
52924
52935
52947
52957
52968
52978
52988
52998
53008
53018
53028
53038
53049
53060
53072
53083
53093
53103
53113
53123
53133
53145
53156
53166
53176
53186
53196
53206
53216
53226
53237
53249
53260
53270
53280
53290
53300
53310
53320
53331
53342
53354
53364
53374
53384
53394
53404
53414
53424
53436
53446
53456
53466
53476
53486
53496
53506
53518
53529
53540
53550
53560
53570
53580
53590
53600
53610
53621
53632
53644
53655
53665
53675
53685
53695
53705
53715
53726
53738
53749
53759
53769
53779
53789
53799
53811
53821
53832
53844
53854
53864
53874
53884
53894
53904
53914
53925
53937
53947
53958
53968
53978
53988
53998
54008
54018
54029
54041
54052
54062
54072
54082
54092
54102
54114
54124
54134
54144
54154
54164
54174
54186
54196
54206
54216
54226
54236
54246
54256
54268
54278
54288
54298
54308
54320
54331
54341
54351
54361
54371
54382
54394
54404
54414
54424
54434
54444
54454
54464
54475
54487
54498
54508
54518
54528
54538
54548
54558
54569
54581
54591
54601
54611
54621
54631
54641
54652
54663
54675
54685
54695
54705
54715
54725
54735
54746
54756
54766
54777
54787
54798
54809
54819
54829
54839
54849
54859
54869
54879
54891
54901
54913
54924
54934
54944
54954
54964
54974
54984
54994
55005
55017
55027
55037
55047
55057
55067
55077
55087
55097
55108
55120
55130
55140
55150
55160
55170
55180
55190
55200
55211
55223
55234
55244
55254
55264
55274
55284
55294
55305
55317
55328
55338
55348
55358
55368
55378
55388
55398
55409
55420
55432
55442
55452
55462
55472
55482
55492
55502
55513
55525
55536
55546
55556
55566
55576
55586
55596
55606
55617
55629
55639
55650
55661
55671
55681
55691
55701
55711
55721
55734
55744
55754
55764
55774
55784
55795
55806
55818
55828
55838
55848
55858
55868
55880
55891
55901
55911
55921
55931
55941
55951
55962
55974
55984
55994
56004
56014
56024
56034
56044
56055
56067
56078
56088
56098
56108
56118
56128
56138
56148
56159
56170
56182
56192
56202
56212
56222
56232
56242
56252
56262
56273
56285
56295
56306
56316
56326
56338
56349
56359
56369
56379
56389
56399
56409
56419
56429
56440
56452
56462
56472
56482
56492
56502
56512
56522
56533
56545
56555
56565
56575
56585
56595
56605
56615
56626
56637
56649
56660
56670
56680
56690
56700
56710
56720
56730
56740
56751
56763
56774
56784
56794
56804
56814
56824
56834
56844
56854
56865
56877
56888
56898
56908
56918
56928
56938
56948
56958
56968
56979
56991
57001
57011
57021
57031
57041
57051
57061
57071
57082
57094
57105
57115
57125
57135
57145
57155
57165
57177
57187
57197
57207
57217
57227
57237
57247
57258
57269
57279
57290
57302
57312
57322
57332
57342
57352
57362
57372
57383
57395
57405
57415
57425
57435
57445
57457
57467
57477
57488
57499
57509
57519
57529
57539
57549
57559
57570
57581
57593
57604
57614
57624
57634
57644
57654
57664
57674
57684
57694
57704
57715
57726
57738
57749
57759
57769
57779
57789
57799
57809
57819
57829
57841
57852
57863
57873
57883
57893
57903
57913
57924
57936
57947
57957
57967
57977
57987
57997
58008
58019
58031
58042
58052
58062
58072
58082
58092
58102
58112
58123
58134
58145
58156
58166
58176
58187
58199
58209
58219
58229
58239
58249
58259
58269
58279
58291
58301
58311
58321
58331
58341
58351
58361
58371
58383
58393
58403
58413
58423
58433
58443
58453
58465
58476
58486
58496
58506
58516
58526
58537
58547
58557
58567
58577
58589
58599
58609
58619
58629
58639
58651
58662
58672
58682
58692
58702
58712
58722
58732
58743
58755
58766
58776
58786
58796
58806
58816
58827
58837
58847
58858
58868
58879
58889
58899
58909
58920
58930
58941
58951
58962
58972
58983
58993
59003
59013
59023
59033
59043
59053
59064
59074
59084
59094
59104
59114
59124
59134
59144
59155
59166
59178
59188
59198
59208
59218
59229
59240
59250
59260
59270
59280
59290
59301
59313
59324
59334
59344
59354
59364
59374
59384
59395
59407
59417
59427
59437
59447
59457
59467
59477
59487
59497
59507
59518
59529
59540
59551
59561
59571
59581
59591
59601
59612
59624
59634
59644
59654
59664
59674
59684
59694
59704
59715
59727
59737
59747
59757
59773
59783
59794
59805
59815
59826
59836
59846
59856
59866
59876
59886
59896
59906
59916
59926
59937
59949
59959
59969
59979
59989
59999
60009
60019
60031
60041
60051
60061
60071
60081
60091
60101
60111
60122
60133
60145
60155
60165
60175
60187
60197
60207
60217
60227
60239
60250
60260
60270
60280
60290
60300
60310
60320
60330
60341
60352
60364
60375
60385
60395
60405
60415
60425
60435
60447
60457
60467
60477
60487
60497
60507
60518
60530
60541
60551
60561
60571
60581
60591
60601
60612
60624
60634
60644
60654
60664
60674
60684
60694
60706
60717
60727
60740
60751
60762
60772
60782
60792
60803
60813
60823
60835
60845
60855
60866
60876
60886
60896
60906
60918
60928
60938
60950
60960
60970
60980
60991
61001
61013
61023
61035
61045
61055
61066
61077
61087
61097
61107
61117
61127
61138
61148
61158
61168
61179
61189
61199
61211
61221
61233
61243
61253
61264
61274
61285
61297
61307
61317
61327
61338
61348
61358
61369
61379
61389
61399
61409
61419
61431
61441
61451
61461
61471
61483
61494
61504
61514
61524
61534
61544
61554
61564
61576
61586
61597
61607
61618
61628
61638
61648
61660
61670
61680
61691
61701
61711
61722
61732
61743
61755
61765
61775
61785
61797
61808
61818
61828
61840
61850
61860
61870
61882
61892
61902
61912
61922
61932
61942
61953
61963
61973
61983
61994
62004
62014
62024
62036
62046
62056
62068
62078
62088
62098
62109
62120
62131
62141
62151
62161
62173
62183
62195
62205
62215
62225
62235
62245
62255
62265
62277
62288
62298
62308
62318
62328
62338
62348
62358
62369
62380
62392
62403
62413
62423
62433
62443
62453
62463
62474
62485
62497
62507
62517
62527
62537
62547
62557
62568
62580
62590
62600
62610
62620
62630
62640
62650
62660
62671
62683
62693
62703
62713
62723
62733
62743
62754
62766
62777
62787
62797
62807
62817
62827
62837
62847
62858
62869
62881
62892
62902
62912
62922
62932
62942
62952
62963
62975
62985
62995
63005
63015
63025
63036
63048
63058
63068
63078
63088
63098
63108
63119
63131
63141
63151
63161
63171
63182
63192
63202
63212
63222
63232
63242
63252
63262
63272
63283
63295
63306
63316
63326
63336
63346
63356
63366
63376
63386
63397
63409
63420
63430
63440
63450
63460
63470
63480
63490
63500
63510
63521
63533
63543
63554
63564
63574
63584
63594
63604
63614
63624
63635
63647
63657
63667
63677
63687
63699
63710
63720
63730
63740
63750
63760
63770
63780
63791
63803
63813
63823
63833
63843
63853
63863
63873
63884
63895
63907
63918
63929
63939
63949
63959
63970
63980
63991
64003
64013
64024
64034
64044
64054
64064
64074
64085
64096
64108
64118
64128
64138
64148
64158
64168
64178
64188
64199
64211
64222
64232
64242
64252
64262
64272
64282
64292
64303
64315
64325
64335
64345
64356
64367
64378
64388
64398
64408
64418
64428
64438
64449
64461
64472
64482
64492
64502
64512
64523
64534
64545
64555
64565
64575
64585
64595
64605
64616
64628
64639
64649
64659
64669
64679
64689
64700
64712
64723
64734
64744
64754
64764
64774
64789
64799
64810
64821
64831
64842
64852
64862
64872
64882
64892
64902
64912
64922
64932
64943
64955
64965
64975
64985
64995
65007
65017
65027
65037
65047
65058
65070
65080
65090
65100
65110
65120
65132
65143
65153
65163
65173
65183
65193
65203
65214
65226
65237
65247
65257
65267
65277
65287
65298
65309
65321
65331
65341
65351
65361
65371
65383
65393
65403
65413
65423
65433
65445
65456
65466
65476
65486
65496
65507
65519
65529
65540
65550
65560
65570
65580
65590
65600
65610
65621
65633
65643
65653
65663
65674
65684
65694
65704
65714
65724
65735
65747
65758
65768
65778
65788
65798
65808
65818
65828
65838
65849
65861
65872
65882
65892
65902
65912
65922
65933
65943
65953
65964
65975
65986
65996
66006
66016
66027
66039
66049
66059
66069
66079
66089
66099
66109
66119
66130
66141
66151
66162
66172
66184
66194
66206
66216
66226
66236
66246
66256
66266
66277
66289
66299
66309
66319
66329
66339
66349
66360
66370
66380
66390
66400
66412
66422
66432
66442
66452
66462
66473
66485
66495
66505
66517
66527
66537
66547
66558
66570
66580
66591
66602
66613
66623
66633
66643
66653
66664
66674
66685
66696
66707
66717
66729
66739
66749
66760
66770
66781
66792
66802
66812
66822
66834
66844
66854
66864
66875
66885
66895
66907
66917
66927
66937
66948
66958
66968
66978
66990
67001
67011
67021
67031
67041
67051
67061
67073
67084
67094
67104
67114
67124
67134
67144
67155
67167
67177
67187
67198
67208
67220
67230
67241
67251
67261
67271
67283
67293
67303
67313
67323
67334
67346
67356
67366
67376
67387
67397
67407
67419
67429
67439
67449
67460
67470
67480
67490
67501
67511
67522
67533
67543
67553
67564
67574
67585
67596
67606
67617
67627
67637
67648
67658
67670
67680
67690
67701
67711
67723
67733
67743
67753
67764
67776
67786
67796
67807
67817
67827
67837
67847
67857
67867
67878
67888
67898
67910
67920
67930
67942
67953
67963
67973
67984
67994
68006
68016
68026
68036
68046
68056
68066
68076
68086
68097
68108
68120
68131
68141
68151
68163
68173
68183
68193
68203
68213
68225
68235
68245
68255
68265
68275
68285
68296
68308
68319
68330
68340
68350
68360
68370
68380
68391
68403
68413
68423
68433
68443
68453
68463
68474
68486
68497
68508
68518
68528
68538
68548
68558
68568
68578
68590
68600
68610
68620
68630
68640
68650
68660
68670
68680
68690
68700
68711
68723
68734
68744
68754
68764
68775
68786
68798
68808
68818
68828
68838
68848
68858
68868
68880
68890
68901
68912
68922
68932
68942
68952
68962
68973
68984
68994
69005
69015
69025
69035
69046
69056
69066
69077
69087
69098
69108
69118
69128
69138
69148
69159
69170
69180
69190
69200
69210
69220
69231
69243
69253
69263
69275
69285
69295
69305
69316
69326
69336
69346
69356
69366
69377
69389
69399
69410
69420
69430
69440
69450
69460
69470
69480
69491
69502
69514
69524
69534
69544
69554
69564
69574
69586
69596
69606
69616
69626
69636
69646
69656
69666
69677
69688
69700
69711
69721
69731
69741
69751
69761
69771
69781
69793
69804
69814
69825
69835
69846
69857
69867
69877
69887
69898
69909
69919
69929
69939
69949
69959
69969
69979
69990
70002
70013
70023
70033
70043
70053
70063
70073
70084
70096
70107
70117
70127
70138
70148
70158
70168
70178
70190
70200
70210
70220
70231
70242
70252
70262
70272
70282
70292
70302
70312
70323
70335
70345
70355
70365
70375
70385
70395
70405
70415
70426
70437
70449
70459
70469
70479
70489
70499
70509
70519
70530
70542
70553
70563
70573
70583
70593
70603
70613
70624
70635
70647
70657
70667
70677
70687
70697
70707
70719
70730
70741
70751
70761
70772
70784
70794
70804
70815
70825
70835
70845
70856
70868
70878
70888
70898
70908
70918
70928
70938
70950
70960
70970
70980
70990
71000
71010
71021
71033
71043
71053
71063
71074
71085
71095
71106
71117
71128
71138
71148
71159
71170
71180
71191
71201
71211
71221
71231
71241
71251
71262
71273
71285
71295
71305
71315
71325
71335
71345
71356
71368
71378
71388
71398
71408
71419
71430
71441
71451
71462
71473
71483
71493
71503
71513
71523
71533
71543
71553
71563
71573
71583
71593
71603
71613
71623
71633
71643
71653
71663
71673
71683
71693
71703
71713
71723
71733
71743
71753
71764
71774
71786
71796
71807
71817
71827
71837
71847
71857
71867
71877
71887
71897
71908
71920
71931
71941
71951
71961
71971
71981
71993
72004
72015
72025
72035
72045
72055
72065
72077
72087
72097
72107
72117
72127
72139
72150
72160
72170
72180
72190
72200
72211
72223
72233
72243
72254
72265
72277
72287
72297
72307
72318
72328
72338
72348
72359
72371
72382
72392
72402
72412
72422
72432
72442
72452
72462
72472
72483
72493
72503
72513
72523
72534
72544
72554
72564
72575
72585
72595
72605
72615
72625
72635
72645
72655
72665
72675
72685
72695
72705
72715
72725
72735
72745
72755
72765
72775
72785
72795
72805
72815
72825
72835
72845
72855
72865
72875
72885
72895
72905
72915
72925
72935
72946
72957
72968
72978
72988
72998
73008
73018
73028
73039
73051
73062
73073
73083
73093
73103
73113
73123
73133
73144
73156
73167
73178
73188
73198
73208
73218
73228
73238
73248
73259
73270
73282
73293
73303
73313
73324
73334
73344
73354
73364
73374
73384
73395
73406
73418
73428
73438
73448
73458
73468
73478
73489
73501
73511
73522
73532
73542
73552
73562
73572
73582
73592
73603
73615
73626
73636
73646
73656
73666
73676
73686
73696
73707
73719
73729
73740
73750
73760
73770
73780
73790
73800
73810
73822
73832
73842
73852
73863
73873
73883
73894
73906
73917
73927
73937
73947
73957
73967
73977
73988
74000
74010
74020
74030
74040
74050
74060
74070
74080
74090
74101
74113
74124
74134
74144
74154
74164
74174
74184
74195
74206
74218
74228
74238
74248
74258
74268
74278
74288
74299
74311
74322
74332
74342
74352
74362
74372
74382
74392
74402
74412
74423
74435
74446
74456
74466
74476
74486
74496
74506
74516
74527
74539
74550
74560
74570
74580
74590
74600
74610
74620
74630
74641
74653
74664
74675
74685
74695
74705
74715
74725
74735
74746
74758
74768
74778
74788
74798
74808
74821
74831
74842
74853
74864
74874
74885
74896
74906
74916
74926
74936
74946
74956
74967
74979
74989
74999
75009
75019
75029
75039
75049
75060
75072
75082
75092
75102
75112
75122
75132
75142
75152
75163
75175
75186
75196
75206
75216
75226
75236
75246
75256
75267
75279
75289
75300
75310
75320
75330
75340
75350
75360
75370
75380
75391
75402
75414
75424
75434
75444
75454
75464
75474
75484
75495
75507
75518
75528
75538
75548
75558
75568
75578
75588
75600
75610
75620
75630
75640
75650
75660
75670
75680
75691
75703
75714
75725
75735
75747
75759
75770
75780
75790
75801
75811
75821
75832
75842
75852
75863
75874
75884
75894
75904
75914
75924
75935
75945
75955
75966
75976
75986
75998
76008
76018
76028
76038
76048
76058
76069
76079
76090
76100
76110
76120
76131
76142
76152
76162
76172
76184
76194
76204
76216
76226
76237
76248
76259
76269
76279
76290
76301
76311
76321
76332
76342
76354
76364
76375
76385
76395
76406
76416
76426
76437
76447
76458
76468
76479
76490
76501
76512
76523
76534
76544
76554
76566
76576
76586
76596
76608
76618
76628
76638
76649
76659
76670
76680
76690
76700
76711
76723
76733
76743
76753
76763
76775
76785
76797
76807
76817
76827
76837
76848
76860
76871
76881
76891
76901
76911
76921
76933
76943
76953
76963
76973
76983
76993
77005
77016
77027
77037
77047
77057
77067
77077
77087
77099
77110
77121
77131
77141
77151
77161
77171
77181
77191
77202
77214
77224
77234
77244
77254
77264
77274
77284
77295
77307
77317
77327
77338
77348
77358
77368
77378
77388
77399
77411
77422
77432
77442
77452
77462
77472
77482
77492
77502
77513
77524
77536
77547
77558
77568
77578
77588
77598
77608
77618
77628
77639
77651
77661
77671
77681
77691
77701
77711
77721
77731
77741
77753
77763
77773
77783
77793
77803
77813
77825
77835
77845
77855
77865
77875
77885
77896
77908
77919
77929
77939
77949
77959
77969
77980
77992
78003
78014
78024
78034
78044
78054
78064
78074
78084
78095
78106
78118
78128
78138
78148
78158
78168
78180
78190
78200
78210
78220
78230
78240
78252
78263
78273
78283
78293
78303
78313
78324
78334
78345
78357
78367
78377
78387
78397
78407
78417
78427
78437
78448
78459
78471
78482
78492
78502
78512
78522
78532
78542
78552
78562
78573
78585
78596
78607
78617
78627
78637
78647
78657
78667
78677
78687
78697
78708
78720
78730
78740
78750
78760
78770
78780
78790
78800
78810
78820
78831
78843
78854
78865
78875
78885
78895
78905
78915
78925
78935
78946
78957
78969
78980
78990
79000
79010
79020
79030
79040
79050
79060
79071
79083
79094
79104
79114
79124
79134
79144
79155
79165
79176
79186
79197
79207
79218
79228
79239
79249
79260
79270
79280
79291
79302
79312
79322
79333
79343
79354
79364
79374
79384
79394
79404
79414
79424
79434
79444
79455
79466
79478
79489
79499
79509
79519
79529
79539
79549
79559
79570
79582
79592
79602
79612
79622
79632
79642
79652
79662
79673
79683
79694
79706
79716
79726
79736
79746
79756
79766
79776
79786
79797
79809
79819
79830
79840
79850
79861
79871
79881
79892
79902
79913
79924
79934
79944
79955
79967
79978
79988
79998
80008
80018
80028
80038
80048
80058
80069
80081
80091
80102
80112
80122
80132
80142
80152
80162
80172
80182
80192
80202
80213
80225
80236
80246
80256
80266
80276
80286
80296
80306
80317
80328
80338
80348
80358
80368
80378
80388
80398
80408
80420
80431
80441
80451
80461
80471
80482
80494
80504
80514
80524
80534
80544
80554
80565
80577
80588
80598
80608
80618
80628
80638
80648
80658
80670
80680
80690
80700
80710
80720
80730
80740
80752
80762
80772
80782
80792
80802
80812
80823
80833
80843
80853
80864
80876
80886
80896
80906
80916
80926
80936
80947
80958
80970
80981
80991
81001
81011
81021
81031
81041
81051
81061
81072
81084
81094
81105
81115
81125
81135
81145
81155
81165
81175
81186
81198
81209
81220
81230
81240
81251
81262
81272
81282
81292
81302
81312
81322
81332
81343
81355
81366
81376
81386
81396
81406
81416
81427
81439
81449
81459
81469
81479
81489
81499
81510
81522
81532
81542
81552
81562
81572
81582
81592
81602
81613
81624
81636
81646
81656
81666
81676
81686
81698
81708
81718
81728
81738
81748
81758
81769
81781
81791
81803
81813
81824
81835
81845
81855
81865
81875
81885
81895
81905
81916
81928
81938
81948
81958
81968
81978
81988
81998
82008
82018
82028
82039
82051
82062
82072
82082
82092
82102
82112
82122
82132
82143
82155
82166
82176
82186
82196
82206
82216
82226
82237
82248
82260
82270
82280
82290
82300
82310
82320
82330
82341
82353
82364
82375
82385
82395
82405
82415
82425
82435
82445
82457
82468
82478
82488
82498
82508
82518
82528
82538
82548
82559
82571
82582
82592
82602
82612
82622
82632
82642
82652
82662
82672
82683
82695
82705
82716
82726
82736
82746
82756
82766
82776
82787
82799
82809
82819
82829
82839
82849
82859
82869
82880
82892
82902
82912
82922
82932
82942
82952
82963
82975
82986
82997
83007
83017
83027
83037
83047
83057
83067
83078
83090
83100
83111
83123
83134
83144
83154
83164
83174
83184
83194
83205
83217
83228
83238
83248
83258
83268
83278
83288
83298
83309
83320
83332
83343
83353
83363
83373
83383
83393
83404
83416
83426
83436
83446
83456
83466
83476
83486
83497
83509
83520
83531
83541
83551
83561
83571
83581
83593
83603
83614
83626
83637
83647
83657
83667
83677
83687
83697
83708
83719
83731
83742
83752
83762
83772
83782
83792
83802
83812
83822
83832
83843
83855
83865
83875
83885
83895
83905
83915
83925
83936
83948
83958
83968
83978
83988
83998
84008
84018
84028
84039
84050
84062
84073
84084
84094
84104
84114
84124
84135
84146
84158
84168
84178
84188
84198
84208
84218
84228
84239
84250
84262
84273
84283
84293
84303
84313
84323
84333
84343
84353
84364
84376
84387
84398
84408
84418
84428
84438
84448
84458
84468
84479
84491
84502
84512
84522
84532
84542
84552
84562
84572
84583
84595
84606
84616
84626
84636
84646
84656
84666
84676
84687
84699
84710
84720
84730
84741
84752
84764
84775
84785
84795
84805
84815
84827
84838
84853
84863
84874
84885
84896
84906
84917
84928
84938
84948
84958
84968
84978
84990
85000
85010
85020
85030
85040
85050
85060
85071
85083
85094
85104
85115
85127
85138
85148
85158
85168
85178
85188
85199
85210
85220
85230
85240
85251
85262
85272
85282
85292
85302
85312
85322
85333
85345
85356
85367
85377
85387
85397
85407
85417
85428
85440
85451
85461
85471
85481
85491
85501
85511
85522
85533
85544
85554
85564
85574
85584
85594
85604
85616
85626
85636
85647
85658
85668
85678
85688
85699
85711
85721
85731
85741
85753
85763
85773
85783
85795
85805
85815
85825
85835
85847
85857
85867
85877
85889
85899
85909
85919
85929
85939
85949
85961
85972
85982
85992
86002
86013
86024
86034
86044
86055
86065
86075
86085
86095
86105
86116
86128
86138
86148
86159
86170
86180
86190
86200
86210
86220
86231
86243
86254
86264
86274
86284
86294
86304
86314
86325
86337
86348
86359
86369
86379
86389
86399
86409
86419
86431
86441
86451
86461
86471
86481
86491
86503
86514
86524
86534
86544
86554
86564
86574
86584
86595
86607
86618
86628
86638
86648
86658
86668
86678
86688
86698
86709
86721
86732
86742
86752
86762
86772
86782
86792
86802
86813
86825
86835
86845
86855
86865
86875
86885
86896
86907
86919
86929
86940
86950
86960
86970
86980
86990
87000
87010
87022
87032
87042
87052
87062
87072
87083
87095
87105
87116
87126
87136
87146
87156
87166
87176
87186
87196
87207
87219
87230
87240
87250
87260
87270
87280
87290
87301
87312
87324
87334
87344
87354
87364
87374
87384
87394
87405
87417
87428
87438
87448
87458
87468
87478
87490
87501
87511
87521
87531
87541
87551
87561
87571
87581
87592
87604
87615
87625
87635
87645
87655
87665
87675
87685
87697
87708
87718
87728
87738
87748
87758
87768
87778
87789
87801
87811
87822
87832
87842
87852
87862
87872
87882
87892
87903
87915
87925
87935
87945
87955
87965
87977
87988
87998
88008
88018
88028
88038
88048
88058
88070
88080
88090
88100
88110
88120
88130
88140
88152
88163
88173
88183
88193
88203
88213
88223
88234
88246
88257
88267
88277
88287
88297
88307
88317
88327
88337
88348
88360
88370
88380
88390
88400
88410
88420
88430
88441
88452
88464
88475
88485
88495
88505
88515
88525
88535
88545
88555
88567
88577
88588
88598
88608
88618
88628
88638
88648
88658
88670
88680
88690
88700
88710
88720
88731
88742
88754
88765
88776
88786
88796
88806
88816
88826
88836
88847
88858
88870
88881
88891
88901
88911
88921
88931
88941
88952
88964
88974
88984
88994
89004
89014
89024
89034
89044
89055
89067
89077
89088
89098
89108
89118
89128
89138
89148
89159
89170
89182
89192
89203
89213
89223
89233
89243
89253
89263
89275
89286
89296
89306
89317
89327
89337
89347
89357
89367
89378
89388
89398
89409
89419
89430
89440
89450
89460
89470
89481
89492
89503
89513
89524
89535
89545
89557
89568
89578
89588
89598
89608
89618
89628
89638
89648
89659
89671
89681
89692
89702
89712
89722
89732
89742
89752
89762
89772
89782
89793
89804
89815
89826
89836
89846
89856
89869
89879
89890
89900
89911
89922
89932
89942
89952
89962
89972
89982
89992
90002
90012
90022
90033
90044
90056
90066
90076
90086
90096
90106
90116
90128
90139
90149
90160
90172
90182
90192
90202
90212
90222
90232
90242
90252
90262
90273
90284
90296
90307
90317
90327
90337
90347
90357
90367
90377
90388
90400
90411
90421
90431
90441
90452
90464
90475
90486
90496
90506
90516
90526
90536
90546
90556
90567
90579
90590
90600
90610
90620
90630
90640
90651
90663
90674
90684
90694
90704
90714
90724
90735
90747
90758
90768
90778
90788
90799
90810
90822
90833
90843
90853
90863
90873
90883
90893
90905
90916
90926
90936
90946
90956
90966
90976
90987
90999
91009
91019
91029
91039
91050
91060
91070
91080
91090
91100
91111
91123
91134
91144
91154
91164
91174
91184
91195
91206
91218
91228
91238
91248
91258
91268
91278
91288
91299
91311
91322
91332
91342
91352
91362
91372
91382
91392
91404
91414
91424
91434
91444
91454
91464
91475
91487
91498
91508
91518
91528
91538
91548
91558
91568
91579
91590
91602
91613
91623
91633
91643
91653
91663
91673
91684
91696
91707
91717
91727
91737
91747
91757
91767
91777
91787
91799
91810
91820
91830
91840
91850
91860
91870
91881
91893
91904
91914
91924
91934
91944
91954
91964
91974
91984
91994
92004
92014
92025
92037
92048
92059
92069
92079
92089
92099
92109
92119
92130
92142
92152
92162
92172
92182
92192
92202
92212
92222
92232
92243
92255
92265
92275
92285
92295
92305
92317
92327
92338
92348
92358
92368
92378
92390
92401
92412
92422
92432
92443
92454
92464
92474
92484
92494
92504
92515
92526
92538
92548
92558
92568
92578
92588
92598
92608
92619
92629
92639
92651
92662
92672
92682
92692
92702
92712
92722
92732
92742
92753
92765
92776
92786
92796
92806
92816
92826
92836
92847
92858
92870
92880
92890
92900
92910
92921
92933
92943
92954
92964
92974
92984
92994
93004
93015
93026
93038
93048
93058
93068
93078
93088
93099
93111
93121
93131
93141
93151
93161
93171
93183
93193
93203
93213
93223
93233
93245
93256
93266
93276
93286
93296
93306
93316
93326
93337
93349
93359
93369
93379
93389
93399
93409
93419
93429
93440
93452
93462
93472
93482
93492
93502
93512
93522
93532
93542
93553
93565
93576
93586
93596
93606
93616
93626
93637
93649
93660
93671
93681
93691
93701
93711
93721
93731
93742
93754
93764
93774
93784
93794
93804
93814
93824
93835
93847
93858
93868
93878
93888
93898
93908
93918
93928
93938
93950
93960
93970
93980
93990
94000
94010
94020
94030
94040
94052
94062
94072
94082
94092
94102
94114
94124
94134
94144
94154
94165
94177
94187
94198
94208
94218
94228
94238
94248
94258
94268
94279
94291
94302
94313
94323
94333
94343
94353
94364
94376
94387
94397
94407
94417
94427
94437
94449
94459
94470
94482
94492
94502
94512
94522
94532
94542
94553
94564
94574
94584
94594
94605
94617
94628
94638
94648
94658
94668
94679
94690
94700
94710
94720
94731
94741
94752
94763
94773
94783
94794
94804
94814
94825
94835
94845
94855
94865
94876
94887
94897
94907
94918
94928
94939
94949
94960
94971
94981
94991
95001
95013
95024
95034
95044
95054
95064
95074
95084
95096
95106
95116
95127
95139
95149
95160
95170
95180
95190
95201
95213
95224
95234
95244
95255
95266
95276
95286
95296
95306
95316
95326
95336
95347
95358
95370
95381
95391
95401
95411
95421
95431
95441
95453
95463
95473
95483
95493
95503
95515
95525
95535
95545
95555
95565
95576
95588
95598
95608
95618
95628
95638
95648
95659
95671
95682
95692
95702
95712
95722
95732
95742
95752
95764
95774
95784
95794
95804
95815
95825
95835
95845
95855
95865
95876
95887
95899
95909
95920
95930
95940
95950
95960
95970
95980
95991
96003
96013
96024
96035
96046
96056
96066
96076
96086
96096
96106
96116
96126
96137
96148
96160
96170
96180
96190
96200
96210
96220
96230
96240
96250
96261
96273
96283
96293
96303
96313
96323
96333
96344
96355
96367
96378
96388
96398
96408
96418
96428
96438
96448
96458
96468
96479
96491
96501
96512
96522
96532
96542
96552
96562
96572
96582
96592
96603
96615
96625
96636
96646
96656
96666
96676
96686
96696
96706
96717
96729
96740
96750
96760
96770
96780
96790
96800
96811
96823
96833
96843
96853
96863
96873
96883
96895
96906
96917
96927
96937
96947
96957
96967
96977
96988
96999
97011
97022
97032
97042
97052
97062
97072
97082
97093
97104
97116
97126
97136
97146
97156
97166
97176
97186
97197
97208
97220
97230
97240
97250
97260
97270
97280
97292
97303
97314
97324
97334
97344
97354
97364
97374
97384
97394
97404
97415
97427
97438
97448
97458
97468
97478
97488
97498
97508
97518
97529
97541
97552
97563
97573
97583
97593
97603
97613
97623
97633
97645
97656
97666
97676
97686
97696
97706
97716
97726
97736
97746
97756
97767
97779
97789
97799
97809
97819
97829
97839
97849
97861
97872
97882
97892
97902
97912
97922
97932
97943
97954
97966
97977
97987
97997
98007
98017
98027
98038
98050
98061
98071
98081
98091
98101
98111
98122
98134
98144
98154
98164
98174
98184
98194
98205
98217
98228
98238
98248
98258
98268
98278
98288
98298
98308
98319
98331
98342
98352
98362
98372
98382
98392
98402
98412
98423
98435
98445
98456
98466
98476
98486
98496
98506
98516
98527
98539
98549
98559
98569
98579
98589
98599
98609
98619
98630
98641
98653
98663
98673
98683
98693
98703
98713
98724
98735
98747
98757
98767
98777
98787
98797
98807
98818
98829
98841
98851
98861
98871
98881
98891
98901
98911
98922
98934
98945
98956
98966
98976
98986
98996
99006
99016
99027
99039
99050
99060
99070
99080
99090
99100
99110
99121
99133
99144
99154
99164
99174
99184
99194
99204
99214
99226
99237
99247
99257
99267
99277
99287
99298
99308
99320
99331
99342
99352
99363
99374
99384
99395
99405
99415
99428
99438
99449
99459
99470
99480
99490
99500
99511
99522
99532
99542
99552
99563
99573
99584
99594
99604
99614
99624
99634
99645
99655
99666
99677
99688
99699
99709
99719
99729
99739
99750
99760
99771
99783
99793
99803
99813
99823
99833
99844
99856
99866
99876
99886
99901
99911
99922
99932
99943
99954
99964
99974
99984
99994
100004
100014
100024
100034
100044
100054
100065
100077
100087
100098
100108
100118
100128
100138
100148
100158
100168
100179
100191
100201
100211
100221
100231
100241
100251
100261
100271
100282
100294
100304
100314
100324
100334
100345
100356
100368
100378
100388
100398
100408
100418
100428
100438
100448
100458
100470
100481
100492
100502
100512
100522
100532
100542
100552
100563
100575
100585
100595
100605
100615
100625
100636
100648
100659
100669
100679
100689
100701
100712
100722
100732
100742
100752
100762
100774
100785
100795
100805
100815
100825
100835
100846
100857
100869
100880
100890
100900
100910
100920
100930
100940
100950
100961
100973
100984
100994
101004
101014
101024
101034
101044
101055
101066
101078
101088
101098
101108
101118
101129
101140
101150
101160
101170
101180
101190
101200
101211
101223
101234
101244
101254
101264
101274
101284
101294
101304
101314
101325
101337
101347
101357
101367
101377
101387
101397
101407
101417
101428
101440
101450
101460
101470
101480
101490
101500
101510
101521
101533
101543
101553
101563
101573
101583
101593
101604
101616
101626
101636
101646
101656
101667
101679
101690
101700
101710
101720
101730
101740
101752
101763
101774
101784
101794
101804
101814
101824
101834
101844
101855
101867
101877
101887
101897
101907
101917
101927
101938
101950
101961
101972
101982
101992
102002
102012
102022
102032
102042
102052
102063
102075
102085
102096
102106
102116
102126
102136
102146
102156
102167
102178
102190
102201
102211
102221
102231
102241
102251
102262
102274
102285
102295
102305
102315
102325
102335
102345
102356
102368
102378
102388
102398
102408
102418
102428
102438
102448
102458
102468
102479
102491
102502
102512
102522
102532
102542
102552
102562
102572
102583
102595
102606
102616
102626
102636
102646
102656
102666
102676
102687
102698
102710
102721
102731
102741
102751
102761
102771
102781
102792
102804
102815
102826
102836
102846
102856
102866
102876
102886
102896
102907
102919
102930
102940
102950
102960
102970
102980
102990
103000
103011
103022
103034
103045
103055
103065
103075
103085
103095
103107
103117
103127
103137
103147
103157
103169
103180
103190
103200
103210
103220
103230
103240
103251
103263
103273
103283
103293
103304
103315
103327
103337
103347
103357
103367
103377
103389
103400
103410
103420
103430
103440
103450
103460
103470
103481
103492
103503
103515
103525
103535
103545
103555
103566
103578
103588
103598
103608
103618
103628
103638
103648
103659
103671
103682
103692
103702
103712
103722
103732
103743
103755
103766
103776
103786
103796
103806
103816
103826
103836
103846
103857
103867
103878
103888
103899
103910
103920
103932
103942
103952
103964
103974
103984
103994
104004
104014
104024
104035
104045
104056
104066
104077
104088
104099
104111
104121
104132
104142
