time (ms),latency (ms),consume (ms)
0,13,0
0,8,0
1,8,1
1,6,0
1,4,0
2,4,1
2,2,0
5,3,3
5,2,0
7,2,2
8,1,1
10,2,2
12,2,2
13,1,1
15,2,2
17,2,2
18,1,1
20,2,2
22,2,2
23,1,1
25,2,2
27,2,2
28,1,1
30,2,2
32,2,2
33,1,1
35,2,2
36,1,1
38,2,2
40,2,2
41,1,1
43,2,2
45,2,2
47,2,2
48,1,1
50,2,2
52,2,2
53,1,1
55,2,2
57,2,2
59,2,2
60,1,1
62,2,2
63,1,1
65,1,2
67,2,2
69,2,2
70,2,1
72,2,2
73,1,1
75,1,2
77,2,2
79,2,2
81,2,2
82,1,1
84,2,2
86,2,2
88,2,2
89,1,1
91,2,2
93,2,2
94,1,1
96,1,2
98,2,2
100,2,2
102,2,2
103,1,1
105,2,2
107,2,2
108,1,1
110,2,2
112,2,2
113,1,1
115,1,2
117,2,2
119,2,2
120,1,1
122,2,2
123,1,1
125,1,2
127,2,2
129,2,2
131,2,2
132,1,1
134,2,2
136,2,2
137,1,1
139,2,2
140,1,1
142,2,2
143,1,1
145,2,2
147,2,2
148,1,1
150,2,2
152,2,2
153,1,1
155,2,2
157,2,2
158,1,1
160,1,2
162,2,2
163,1,1
165,1,2
167,2,2
168,1,1
170,1,2
172,2,2
173,1,1
175,2,2
177,2,2
178,1,1
180,2,2
182,2,2
183,1,1
185,1,2
187,2,2
189,2,2
190,1,1
192,2,2
194,2,2
195,1,1
197,1,2
199,2,2
201,2,2
202,1,1
204,2,2
206,2,2
207,1,1
209,2,2
210,1,1
212,2,2
213,1,1
215,2,2
216,1,1
218,2,2
219,1,1
221,2,2
222,1,1
224,2,2
225,1,1
227,2,2
229,2,2
230,1,1
232,2,2
233,1,1
235,2,2
236,1,1
238,2,2
239,1,1
241,2,2
242,1,1
244,2,2
245,1,1
247,2,2
248,1,1
250,1,2
251,1,1
253,1,2
254,1,1
256,1,2
257,1,1
259,1,2
261,2,2
262,1,1
263,1,1
265,1,2
267,2,2
268,1,1
270,2,2
271,1,1
273,2,2
274,1,1
276,2,2
277,2,1
278,1,1
280,2,2
281,1,1
283,2,2
284,1,1
285,1,1
287,2,2
288,1,1
290,2,2
291,1,1
292,1,1
294,2,2
296,2,2
297,2,1
298,1,1
300,2,2
301,1,1
303,2,2
304,1,1
306,2,2
307,1,1
309,2,2
310,2,1
311,1,1
313,2,2
314,1,1
315,1,1
317,2,2
318,1,1
320,2,2
321,1,1
322,1,1
324,2,2
325,1,1
327,2,2
328,1,1
329,1,1
331,2,2
332,1,1
334,2,2
335,1,1
336,1,1
353,17,17
353,15,0
353,14,0
353,12,0
353,11,0
353,10,0
353,8,0
354,8,1
354,6,0
354,5,0
354,4,0
354,2,0
355,2,1
356,1,1
358,2,2
359,1,1
361,2,2
362,2,1
364,2,2
365,2,1
366,1,1
368,2,2
369,2,1
370,1,1
372,2,2
373,1,1
376,3,3
376,2,0
378,2,2
379,2,1
380,1,1
382,2,2
383,1,1
385,2,2
386,1,1
388,2,2
389,2,1
391,2,2
395,4,4
395,2,0
395,1,0
398,2,3
399,1,1
400,1,1
402,2,2
403,1,1
405,2,2
406,1,1
407,1,1
409,1,2
410,1,1
411,1,1
413,1,2
414,1,1
415,1,1
417,1,2
418,1,1
420,2,2
421,1,1
423,2,2
424,1,1
425,1,1
427,2,2
428,1,1
430,2,2
431,1,1
433,2,2
434,1,1
435,1,1
437,2,2
438,1,1
439,1,1
441,2,2
442,1,1
448,6,6
448,4,0
449,4,1
449,2,0
449,1,0
450,1,1
452,1,2
453,1,1
455,2,2
456,1,1
458,2,2
459,1,1
460,1,1
461,1,1
463,1,2
464,1,1
466,1,2
468,2,2
469,1,1
471,1,2
472,1,1
473,1,1
476,2,3
477,1,1
479,1,2
481,1,2
482,1,1
486,4,4
486,2,0
488,2,2
489,1,1
491,2,2
492,2,1
493,1,1
495,2,2
496,1,1
498,2,2
499,2,1
501,2,2
502,2,1
503,1,1
505,2,2
506,1,1
508,2,2
509,1,1
511,2,2
512,1,1
513,1,1
515,2,2
516,1,1
518,2,2
519,1,1
521,2,2
522,1,1
524,2,2
525,1,1
526,1,1
528,2,2
529,1,1
530,1,1
532,2,2
533,1,1
535,2,2
536,1,1
537,1,1
539,2,2
540,1,1
542,2,2
543,1,1
544,1,1
546,2,2
547,1,1
548,1,1
550,1,2
551,1,1
553,2,2
554,1,1
556,2,2
557,1,1
558,1,1
560,2,2
562,1,2
565,2,3
567,1,2
569,1,2
570,1,1
572,2,2
573,1,1
575,2,2
576,1,1
578,2,2
579,1,1
581,2,2
582,1,1
583,1,1
585,2,2
586,1,1
588,2,2
589,1,1
590,1,1
592,2,2
593,1,1
595,2,2
596,1,1
598,2,2
599,1,1
600,1,1
602,2,2
603,1,1
604,1,1
606,2,2
607,1,1
609,2,2
610,1,1
611,1,1
613,2,2
614,1,1
615,1,1
617,2,2
618,1,1
619,1,1
621,2,2
622,1,1
623,1,1
625,2,2
626,1,1
627,1,1
629,2,2
630,1,1
631,1,1
633,2,2
634,1,1
637,3,3
637,2,0
638,1,1
639,1,1
641,1,2
642,1,1
643,1,1
645,1,2
646,1,1
648,2,2
649,1,1
650,1,1
652,1,2
653,1,1
654,1,1
656,1,2
657,1,1
658,1,1
660,2,2
661,1,1
662,1,1
664,2,2
665,1,1
666,1,1
668,2,2
669,1,1
670,1,1
672,1,2
673,1,1
674,1,1
676,1,2
677,1,1
679,2,2
680,1,1
681,1,1
683,2,2
684,1,1
685,1,1
687,2,2
688,1,1
689,1,1
691,1,2
692,1,1
694,2,2
695,1,1
696,1,1
697,1,1
699,1,2
700,1,1
702,2,2
703,1,1
704,0,1
706,1,2
708,2,2
709,1,1
710,1,1
712,1,2
713,1,1
715,2,2
716,1,1
717,1,1
719,1,2
721,2,2
722,2,1
723,1,1
724,1,1
726,1,2
727,1,1
730,3,3
730,1,0
732,2,2
733,1,1
734,1,1
736,2,2
737,1,1
738,1,1
740,2,2
741,1,1
742,1,1
744,2,2
745,1,1
746,1,1
748,1,2
749,1,1
751,2,2
752,1,1
754,2,2
755,1,1
774,3,19
775,2,1
776,1,1
778,2,2
779,1,1
781,2,2
782,1,1
784,2,2
785,1,1
787,2,2
788,1,1
789,1,1
791,1,2
792,1,1
794,1,2
796,2,2
797,1,1
798,1,1
800,1,2
801,1,1
803,2,2
804,1,1
805,1,1
807,1,2
808,1,1
809,1,1
811,1,2
812,1,1
813,1,1
815,1,2
817,2,2
818,1,1
819,1,1
820,1,1
822,1,2
824,2,2
825,2,1
826,1,1
827,1,1
829,1,2
830,1,1
831,1,1
833,1,2
834,1,1
836,2,2
837,1,1
838,1,1
840,1,2
841,1,1
843,1,2
844,1,1
845,1,1
847,1,2
848,1,1
850,1,2
851,1,1
853,2,2
854,1,1
855,1,1
857,1,2
858,1,1
859,1,1
861,1,2
862,1,1
864,2,2
865,1,1
866,1,1
868,1,2
869,1,1
870,1,1
872,1,2
873,1,1
874,1,1
876,1,2
877,1,1
878,1,1
880,1,2
881,1,1
883,1,2
884,1,1
885,1,1
887,1,2
888,1,1
889,1,1
891,1,2
892,1,1
893,1,1
895,1,2
896,1,1
898,1,2
899,1,1
901,2,2
902,1,1
903,1,1
905,2,2
906,1,1
907,1,1
909,1,2
910,1,1
912,1,2
913,1,1
914,1,1
916,1,2
917,1,1
919,2,2
920,1,1
921,1,1
922,1,1
924,1,2
925,1,1
927,2,2
928,1,1
930,2,2
935,5,5
936,5,1
936,4,0
936,2,0
936,1,0
938,1,2
939,1,1
941,2,2
942,2,1
943,1,1
944,1,1
946,2,2
947,1,1
949,2,2
950,1,1
951,1,1
953,2,2
954,1,1
955,1,1
957,1,2
958,1,1
959,1,1
961,1,2
962,1,1
963,1,1
965,1,2
966,1,1
967,1,1
969,1,2
970,1,1
972,2,2
973,1,1
974,1,1
975,1,1
977,1,2
978,1,1
979,1,1
981,1,2
982,1,1
983,1,1
985,1,2
986,1,1
987,1,1
989,1,2
990,1,1
991,1,1
993,1,2
994,1,1
995,1,1
997,1,2
998,1,1
999,1,1
1000,0,1
1002,1,2
1003,1,1
1004,1,1
1006,1,2
1007,1,1
1008,0,1
1010,1,2
1011,1,1
1013,1,2
1014,1,1
1015,1,1
1017,1,2
1018,1,1
1019,1,1
1021,1,2
1022,1,1
1023,1,1
1025,1,2
1026,1,1
1028,1,2
1029,1,1
1030,1,1
1032,1,2
1033,1,1
1035,2,2
1036,1,1
1037,1,1
1039,2,2
1040,1,1
1041,1,1
1043,2,2
1044,1,1
1045,1,1
1047,2,2
1048,1,1
1049,1,1
1051,1,2
1052,1,1
1054,2,2
1055,1,1
1056,1,1
1058,1,2
1059,1,1
1060,1,1
1062,1,2
1063,1,1
1065,2,2
1066,1,1
1067,1,1
1069,1,2
1070,1,1
1071,1,1
1073,1,2
1074,1,1
1075,1,1
1077,2,2
1078,1,1
1079,1,1
1081,1,2
1082,1,1
1083,1,1
1085,2,2
1086,1,1
1087,1,1
1089,1,2
1090,1,1
1091,1,1
1093,1,2
1094,1,1
1095,1,1
1097,2,2
1098,1,1
1099,1,1
1101,2,2
1102,1,1
1103,1,1
1104,1,1
1106,1,2
1107,1,1
1109,2,2
1110,1,1
1111,1,1
1113,1,2
1114,1,1
1115,1,1
1117,1,2
1118,1,1
1119,1,1
1121,1,2
1122,1,1
1124,2,2
1125,1,1
1126,1,1
1128,2,2
1129,1,1
1130,1,1
1131,1,1
1133,1,2
1134,1,1
1136,2,2
1137,1,1
1138,1,1
1140,2,2
1141,1,1
1142,1,1
1144,2,2
1145,1,1
1146,1,1
1148,2,2
1149,1,1
1150,1,1
1152,2,2
1153,1,1
1154,1,1
1156,2,2
1157,1,1
1158,1,1
1159,1,1
1161,1,2
1162,1,1
1163,1,1
1165,1,2
1166,1,1
1167,1,1
1169,1,2
1170,1,1
1171,1,1
1173,2,2
1174,1,1
1175,1,1
1176,1,1
1178,1,2
1179,1,1
1180,1,1
1182,1,2
1183,1,1
1184,1,1
1186,1,2
1187,1,1
1188,1,1
1189,1,1
1191,1,2
1192,1,1
1194,2,2
1195,1,1
1196,1,1
1197,1,1
1199,1,2
1200,1,1
1202,2,2
1203,1,1
1204,1,1
1206,1,2
1207,1,1
1208,1,1
1210,1,2
1211,1,1
1212,1,1
1214,1,2
1215,1,1
1216,1,1
1218,1,2
1219,1,1
1220,1,1
1222,1,2
1223,1,1
1224,1,1
1226,1,2
1227,1,1
1229,2,2
1230,1,1
1231,1,1
1233,1,2
1234,1,1
1235,1,1
1237,1,2
1238,1,1
1240,2,2
1241,1,1
1242,1,1
1244,2,2
1245,1,1
1247,2,2
1248,1,1
1249,1,1
1250,1,1
1252,1,2
1253,1,1
1254,1,1
1256,1,2
1257,1,1
1259,2,2
1260,1,1
1261,1,1
1263,2,2
1264,1,1
1265,1,1
1267,1,2
1268,1,1
1270,2,2
1271,1,1
1272,1,1
1274,2,2
1275,1,1
1277,2,2
1278,1,1
1279,1,1
1281,2,2
1282,1,1
1283,1,1
1285,2,2
1286,1,1
1287,1,1
1289,1,2
1290,1,1
1292,2,2
1293,1,1
1294,1,1
1296,2,2
1297,1,1
1299,2,2
1300,1,1
1301,1,1
1303,2,2
1304,1,1
1305,1,1
1306,1,1
1308,2,2
1309,1,1
1310,1,1
1312,1,2
1313,1,1
1315,2,2
1316,1,1
1317,1,1
1319,2,2
1320,1,1
1321,1,1
1323,2,2
1324,1,1
1325,1,1
1327,2,2
1328,1,1
1329,1,1
1331,2,2
1332,1,1
1333,1,1
1335,2,2
1336,1,1
1337,1,1
1339,2,2
1340,1,1
1341,1,1
1343,1,2
1344,1,1
1345,1,1
1347,1,2
1348,1,1
1350,2,2
1351,1,1
1352,1,1
1354,2,2
1355,1,1
1356,1,1
1358,2,2
1359,1,1
1360,1,1
1362,2,2
1363,1,1
1364,1,1
1365,1,1
1367,1,2
1368,1,1
1369,1,1
1371,1,2
1372,1,1
1373,1,1
1375,1,2
1376,1,1
1377,1,1
1379,1,2
1380,1,1
1381,1,1
1383,1,2
1384,1,1
1385,1,1
1387,1,2
1388,1,1
1389,1,1
1391,1,2
1392,1,1
1393,1,1
1395,1,2
1396,1,1
1397,1,1
1399,1,2
1400,1,1
1401,1,1
1403,1,2
1404,1,1
1405,1,1
1407,1,2
1408,1,1
1410,2,2
1411,1,1
1412,1,1
1414,2,2
1415,1,1
1416,1,1
1418,2,2
1419,1,1
1420,1,1
1421,1,1
1423,1,2
1424,1,1
1425,0,1
1427,1,2
1428,1,1
1430,2,2
1431,1,1
1432,1,1
1434,2,2
1435,1,1
1436,1,1
1437,1,1
1439,1,2
1440,1,1
1442,2,2
1443,1,1
1451,8,8
1451,7,0
1451,5,0
1454,7,3
1454,6,0
1454,4,0
1455,1,1
1457,1,2
1458,1,1
1460,2,2
1461,1,1
1463,2,2
1464,1,1
1466,2,2
1467,1,1
1469,2,2
1470,1,1
1471,1,1
1473,1,2
1474,1,1
1475,1,1
1477,1,2
1478,1,1
1479,1,1
1481,1,2
1482,1,1
1483,1,1
1485,1,2
1486,1,1
1487,1,1
1489,1,2
1490,1,1
1491,1,1
1493,1,2
1494,1,1
1495,1,1
1497,2,2
1498,1,1
1499,1,1
1501,2,2
1502,1,1
1503,1,1
1505,2,2
1506,1,1
1507,1,1
1509,2,2
1511,2,2
1513,1,2
1515,1,2
1517,2,2
1518,1,1
1519,1,1
1521,2,2
1522,1,1
1523,1,1
1525,2,2
1526,1,1
1527,1,1
1529,2,2
1530,1,1
1531,1,1
1532,1,1
1534,1,2
1535,1,1
1536,1,1
1538,2,2
1539,1,1
1540,1,1
1542,2,2
1543,1,1
1544,1,1
1546,2,2
1547,1,1
1548,1,1
1549,1,1
1551,1,2
1552,1,1
1553,1,1
1555,2,2
1556,1,1
1557,1,1
1559,2,2
1560,1,1
1561,1,1
1562,1,1
1564,2,2
1565,1,1
1566,1,1
1567,1,1
1569,2,2
1570,1,1
1571,1,1
1573,2,2
1574,1,1
1575,1,1
1577,2,2
1578,1,1
1579,1,1
1580,1,1
1582,1,2
1583,1,1
1584,1,1
1586,2,2
1587,1,1
1588,1,1
1590,2,2
1591,1,1
1592,1,1
1593,1,1
1595,2,2
1596,1,1
1597,1,1
1598,1,1
1600,1,2
1601,1,1
1602,1,1
1603,1,1
1605,1,2
1606,1,1
1607,1,1
1609,2,2
1610,1,1
1611,1,1
1613,2,2
1614,1,1
1615,1,1
1616,1,1
1618,1,2
1619,1,1
1620,1,1
1622,2,2
1623,1,1
1624,1,1
1626,2,2
1627,1,1
1628,1,1
1629,1,1
1631,2,2
1632,1,1
1633,1,1
1634,1,1
1636,2,2
1637,1,1
1638,1,1
1639,1,1
1641,2,2
1642,1,1
1643,1,1
1645,2,2
1646,1,1
1648,2,2
1649,1,1
1650,1,1
1652,2,2
1653,1,1
1654,1,1
1656,1,2
1657,1,1
1659,2,2
1660,1,1
1661,1,1
1663,2,2
1664,1,1
1666,2,2
1667,1,1
1669,2,2
1670,1,1
1671,1,1
1673,2,2
1674,1,1
1675,1,1
1676,1,1
1678,1,2
1679,1,1
1681,2,2
1682,1,1
1683,1,1
1684,1,1
1686,1,2
1687,1,1
1691,1,4
1693,1,2
1695,1,2
1697,1,2
1699,1,2
1701,1,2
1703,1,2
1704,1,1
1706,1,2
1707,1,1
1709,2,2
1710,1,1
1712,1,2
1714,1,2
1716,1,2
1718,1,2
1720,1,2
1721,1,1
1723,1,2
1724,1,1
1726,2,2
1727,1,1
1728,1,1
1730,2,2
1735,5,5
1735,4,0
1735,3,0
1735,1,0
1736,1,1
1738,1,2
1739,1,1
1740,1,1
1742,2,2
1743,1,1
1744,1,1
1746,2,2
1747,1,1
1748,1,1
1750,2,2
1751,1,1
1752,1,1
1754,2,2
1755,1,1
1756,1,1
1757,1,1
1759,1,2
1760,1,1
1761,1,1
1763,1,2
1764,1,1
1765,1,1
1767,1,2
1768,1,1
1769,1,1
1771,1,2
1772,1,1
1773,1,1
1775,2,2
1776,1,1
1777,1,1
1779,2,2
1780,1,1
1781,1,1
1783,2,2
1784,1,1
1785,1,1
1787,2,2
1788,1,1
1789,1,1
1790,1,1
1792,1,2
1793,1,1
1794,1,1
1796,1,2
1797,1,1
1798,1,1
1800,2,2
1801,1,1
1802,1,1
1804,2,2
1805,1,1
1806,1,1
1808,2,2
1809,1,1
1810,1,1
1811,1,1
1813,1,2
1814,1,1
1815,1,1
1817,2,2
1819,2,2
1821,1,2
1823,1,2
1825,2,2
1828,3,3
1829,3,1
1829,2,0
1830,1,1
1831,1,1
1833,1,2
1834,1,1
1835,1,1
1837,2,2
1838,1,1
1839,1,1
1840,1,1
1842,1,2
1843,1,1
1844,1,1
1846,1,2
1847,1,1
1848,1,1
1850,1,2
1851,1,1
1852,1,1
1854,2,2
1855,1,1
1856,1,1
1858,2,2
1859,1,1
1860,1,1
1862,2,2
1863,1,1
1864,1,1
1865,1,1
1867,1,2
1868,1,1
1869,1,1
1871,1,2
1872,1,1
1874,1,2
1875,1,1
1877,2,2
1878,1,1
1879,1,1
1881,2,2
1882,1,1
1884,2,2
1885,2,1
1886,1,1
1888,2,2
1889,1,1
1890,1,1
1891,1,1
1893,1,2
1894,1,1
1896,2,2
1897,1,1
1898,1,1
1900,2,2
1901,1,1
1902,1,1
1904,1,2
1905,1,1
1906,1,1
1908,1,2
1909,1,1
1911,2,2
1912,1,1
1913,1,1
1915,2,2
1916,1,1
1918,2,2
1919,1,1
1920,1,1
1921,1,1
1923,1,2
1925,2,2
1926,2,1
1927,1,1
1928,1,1
1930,2,2
1931,1,1
1932,1,1
1934,1,2
1935,1,1
1936,1,1
1938,2,2
1939,1,1
1940,1,1
1941,1,1
1943,1,2
1944,1,1
1945,1,1
1947,1,2
1948,1,1
1949,1,1
1951,2,2
1952,1,1
1953,1,1
1955,2,2
1956,1,1
1957,1,1
1959,2,2
1960,1,1
1961,1,1
1963,2,2
1964,1,1
1965,1,1
1966,1,1
1968,2,2
1969,1,1
1970,1,1
1972,2,2
1973,1,1
1974,1,1
1976,2,2
1977,1,1
1978,1,1
1979,1,1
1980,1,1
1982,1,2
1983,1,1
1984,1,1
1986,2,2
1987,1,1
1989,2,2
1990,1,1
1991,1,1
1993,2,2
1994,2,1
1995,1,1
1996,1,1
1998,1,2
1999,1,1
2000,1,1
2002,1,2
2003,1,1
2004,1,1
2006,1,2
2007,1,1
2008,1,1
2010,2,2
2012,2,2
2013,2,1
2014,1,1
2015,1,1
2017,2,2
2018,1,1
2019,1,1
2021,2,2
2022,1,1
2023,1,1
2025,2,2
2026,1,1
2027,1,1
2029,2,2
2030,1,1
2031,1,1
2033,2,2
2034,1,1
2035,1,1
2036,1,1
2038,1,2
2039,1,1
2041,2,2
2042,1,1
2043,1,1
2044,1,1
2046,1,2
2047,1,1
2048,1,1
2050,1,2
2051,1,1
2052,1,1
2054,1,2
2055,1,1
2057,2,2
2059,2,2
2060,2,1
2060,1,0
2062,1,2
2065,3,3
2066,3,1
2066,1,0
2067,1,1
2069,2,2
2071,3,2
2071,1,0
2072,1,1
2075,2,3
2077,2,2
2078,1,1
2079,1,1
2080,1,1
2082,1,2
2083,1,1
2085,2,2
2086,1,1
2088,2,2
2088,1,0
2090,1,2
2091,1,1
2093,2,2
2094,1,1
2095,1,1
2097,2,2
2098,1,1
2099,1,1
2101,2,2
2102,1,1
2103,1,1
2105,2,2
2106,1,1
2107,1,1
2109,2,2
2110,1,1
2111,1,1
2112,1,1
2114,1,2
2115,1,1
2116,1,1
2118,2,2
2119,1,1
2120,1,1
2122,2,2
2123,1,1
2124,1,1
2126,2,2
2127,1,1
2128,1,1
2129,1,1
2131,1,2
2132,1,1
2133,1,1
2135,2,2
2136,1,1
2137,1,1
2139,2,2
2140,1,1
2141,1,1
2142,1,1
2144,1,2
2145,1,1
2146,1,1
2148,1,2
2149,1,1
2150,1,1
2152,2,2
2153,1,1
2154,1,1
2156,2,2
2157,1,1
2158,1,1
2159,1,1
2161,1,2
2162,1,1
2163,1,1
2165,2,2
2166,1,1
2169,3,3
2169,1,0
2170,1,1
2171,1,1
2173,1,2
2174,1,1
2175,1,1
2177,2,2
2178,1,1
2179,1,1
2180,1,1
2182,1,2
2183,1,1
2184,1,1
2186,1,2
2187,1,1
2188,1,1
2190,1,2
2191,1,1
2192,1,1
2194,2,2
2195,1,1
2196,1,1
2198,2,2
2199,1,1
2200,1,1
2201,1,1
2203,1,2
2204,1,1
2205,1,1
2207,1,2
2208,1,1
2209,1,1
2211,1,2
2212,1,1
2213,1,1
2215,2,2
2216,1,1
2217,1,1
2219,2,2
2220,1,1
2221,1,1
2222,1,1
2224,1,2
2225,1,1
2226,1,1
2228,2,2
2229,1,1
2230,1,1
2231,1,1
2233,1,2
2234,1,1
2235,1,1
2237,1,2
2238,1,1
2239,1,1
2241,2,2
2242,1,1
2243,1,1
2245,2,2
2246,1,1
2247,1,1
2248,1,1
2250,1,2
2251,1,1
2252,1,1
2254,1,2
2255,1,1
2256,1,1
2258,2,2
2259,1,1
2260,1,1
2261,1,1
2263,1,2
2264,1,1
2265,1,1
2267,1,2
2268,1,1
2269,1,1
2271,1,2
2272,1,1
2273,1,1
2275,2,2
2276,1,1
2277,1,1
2278,1,1
2280,1,2
2281,1,1
2283,2,2
2285,2,2
2286,1,1
2287,1,1
2288,1,1
2290,1,2
2291,1,1
2292,1,1
2294,1,2
2295,1,1
2296,1,1
2298,2,2
2299,1,1
2300,1,1
2302,2,2
2303,1,1
2304,1,1
2306,2,2
2307,1,1
2308,1,1
2310,2,2
2311,1,1
2312,1,1
2314,2,2
2315,2,1
2316,1,1
2317,1,1
2319,2,2
2320,1,1
2321,1,1
2323,2,2
2324,1,1
2325,1,1
2327,2,2
2328,2,1
2329,1,1
2330,1,1
2332,2,2
2333,1,1
2334,1,1
2335,1,1
2337,1,2
2338,1,1
2339,1,1
2340,1,1
2342,1,2
2343,1,1
2344,1,1
2346,1,2
2347,1,1
2348,1,1
2350,1,2
2351,1,1
2352,1,1
2353,1,1
2355,1,2
2356,1,1
2357,1,1
2359,1,2
2360,1,1
2361,1,1
2363,1,2
2364,1,1
2365,1,1
2367,2,2
2368,1,1
2369,1,1
2370,1,1
2372,1,2
2373,1,1
2374,1,1
2376,1,2
2377,1,1
2378,1,1
2380,2,2
2381,1,1
2382,1,1
2383,1,1
2385,1,2
2386,1,1
2387,1,1
2389,1,2
2390,1,1
2391,1,1
2393,2,2
2394,1,1
2398,4,4
2399,1,1
2401,2,2
2402,1,1
2403,1,1
2405,2,2
2406,1,1
2407,1,1
2408,1,1
2410,1,2
2411,1,1
2412,1,1
2414,1,2
2415,1,1
2416,1,1
2418,1,2
2419,1,1
2420,1,1
2422,1,2
2423,1,1
2425,2,2
2426,1,1
2428,2,2
2429,1,1
2430,1,1
2432,2,2
2433,1,1
2435,2,2
2436,1,1
2437,1,1
2439,1,2
2440,1,1
2442,2,2
2443,1,1
2447,3,4
2447,2,0
2447,1,0
2449,1,2
2450,1,1
2451,1,1
2453,1,2
2454,1,1
2455,1,1
2457,1,2
2458,1,1
2460,2,2
2461,1,1
2462,1,1
2463,1,1
2465,1,2
2466,1,1
2468,2,2
2469,1,1
2470,1,1
2472,1,2
2473,1,1
2474,1,1
2476,1,2
2477,1,1
2478,1,1
2480,1,2
2481,1,1
2482,1,1
2484,1,2
2485,1,1
2487,2,2
2488,1,1
2489,1,1
2490,1,1
2492,1,2
2493,1,1
2494,1,1
2496,1,2
2497,1,1
2498,1,1
2500,1,2
2501,1,1
2503,1,2
2504,1,1
2506,1,2
2509,1,3
2520,2,11
2521,1,1
2522,1,1
2523,1,1
2525,1,2
2526,1,1
2527,1,1
2528,0,1
2530,1,2
2531,1,1
2532,1,1
2534,1,2
2535,1,1
2536,1,1
2538,1,2
2539,1,1
2540,1,1
2542,1,2
2543,1,1
2544,1,1
2546,1,2
2547,1,1
2548,1,1
2550,1,2
2551,1,1
2552,1,1
2554,1,2
2555,1,1
2556,1,1
2558,1,2
2559,1,1
2560,1,1
2562,1,2
2563,1,1
2565,2,2
2566,1,1
2567,1,1
2568,1,1
2570,1,2
2571,1,1
2572,1,1
2574,1,2
2575,1,1
2576,1,1
2578,1,2
2579,1,1
2581,1,2
2582,1,1
2584,1,2
2585,1,1
2587,1,2
2588,1,1
2590,1,2
2591,1,1
2593,1,2
2595,2,2
2596,1,1
2598,1,2
2599,1,1
2601,1,2
2602,1,1
2604,1,2
2605,1,1
2607,1,2
2608,1,1
2609,0,1
2611,1,2
2613,2,2
2614,1,1
2616,2,2
2617,1,1
2619,2,2
2620,1,1
2621,1,1
2623,1,2
2624,1,1
2626,1,2
2628,2,2
2629,1,1
2631,2,2
2632,1,1
2633,1,1
2635,1,2
2636,1,1
2638,1,2
2639,1,1
2641,1,2
2642,1,1
2644,2,2
2645,1,1
2647,2,2
2648,1,1
2649,1,1
2651,1,2
2652,1,1
2654,1,2
2655,1,1
2657,1,2
2658,1,1
2660,2,2
2661,1,1
2662,1,1
2664,1,2
2665,1,1
2667,1,2
2668,1,1
2670,1,2
2671,1,1
2673,2,2
2674,1,1
2676,2,2
2677,1,1
2678,1,1
2680,1,2
2681,1,1
2683,1,2
2684,1,1
2686,1,2
2687,1,1
2689,2,2
2690,1,1
2692,2,2
2693,1,1
2694,1,1
2696,1,2
2697,1,1
2699,2,2
2700,1,1
2702,2,2
2703,1,1
2705,2,2
2706,1,1
2707,1,1
2709,1,2
2710,1,1
2712,1,2
2713,1,1
2715,2,2
2716,1,1
2717,1,1
2719,1,2
2720,1,1
2722,1,2
2723,1,1
2725,2,2
2726,1,1
2728,2,2
2729,1,1
2730,1,1
2732,1,2
2733,1,1
2735,1,2
2736,1,1
2737,1,1
2739,1,2
2741,2,2
2742,1,1
2743,1,1
2745,1,2
2746,1,1
2748,1,2
2749,1,1
2751,2,2
2752,1,1
2753,1,1
2755,1,2
2757,2,2
2758,1,1
2759,1,1
2761,1,2
2762,1,1
2764,2,2
2765,1,1
2766,1,1
2768,1,2
2769,1,1
2771,1,2
2773,2,2
2775,2,2
2775,1,0
2777,1,2
2778,1,1
2780,1,2
2781,1,1
2783,1,2
2784,1,1
2786,2,2
2787,1,1
2789,2,2
2790,1,1
2791,1,1
2793,1,2
2794,1,1
2796,1,2
2797,1,1
2799,2,2
2800,1,1
2802,2,2
2803,1,1
2804,1,1
2806,1,2
2807,1,1
2809,1,2
2810,1,1
2812,2,2
2813,1,1
2814,1,1
2816,1,2
2818,2,2
2819,1,1
2820,1,1
2822,1,2
2823,1,1
2825,2,2
2826,1,1
2828,2,2
2829,1,1
2830,1,1
2832,1,2
2833,1,1
2835,2,2
2836,1,1
2838,2,2
2839,1,1
2840,1,1
2842,1,2
2843,1,1
2845,1,2
2846,1,1
2848,1,2
2849,1,1
2851,2,2
2853,2,2
2854,1,1
2855,1,1
2857,2,2
2858,1,1
2860,2,2
2861,1,1
2862,1,1
2864,1,2
2865,1,1
2867,2,2
2868,1,1
2871,1,3
2873,2,2
2874,1,1
2875,1,1
2877,2,2
2878,1,1
2879,1,1
2881,2,2
2882,1,1
2883,1,1
2885,2,2
2886,1,1
2887,1,1
2889,2,2
2890,1,1
2891,1,1
2893,2,2
2894,1,1
2895,1,1
2897,2,2
2898,1,1
2899,1,1
2901,2,2
2902,1,1
2903,1,1
2905,2,2
2906,1,1
2907,1,1
2909,2,2
2910,1,1
2911,1,1
2913,2,2
2914,1,1
2915,1,1
2917,2,2
2918,1,1
2919,1,1
2920,1,1
2922,1,2
2923,1,1
2925,2,2
2926,1,1
2927,1,1
2929,2,2
2930,1,1
2931,1,1
2933,2,2
2934,1,1
2935,1,1
2937,2,2
2938,1,1
2939,1,1
2941,2,2
2942,1,1
2943,1,1
2945,2,2
2946,1,1
2947,1,1
2949,2,2
2950,1,1
2951,1,1
2953,2,2
2954,1,1
2955,1,1
2957,2,2
2958,1,1
2959,1,1
2961,2,2
2962,1,1
2963,1,1
2965,2,2
2966,1,1
2967,1,1
2968,1,1
2970,1,2
2971,1,1
2972,1,1
2974,2,2
2975,1,1
2976,1,1
2978,2,2
2979,1,1
2980,1,1
2982,2,2
2983,1,1
2984,1,1
2986,2,2
2987,2,1
2988,1,1
2989,1,1
2991,2,2
2992,1,1
2993,1,1
2994,1,1
2996,2,2
2997,1,1
2998,1,1
2999,1,1
3001,1,2
3002,1,1
3003,1,1
3005,2,2
3006,1,1
3007,1,1
3008,1,1
3010,1,2
3011,1,1
3012,1,1
3014,1,2
3015,1,1
3016,1,1
3018,2,2
3019,1,1
3020,1,1
3021,1,1
3022,0,1
3024,1,2
3025,1,1
3027,2,2
3028,1,1
3029,1,1
3031,2,2
3032,1,1
3033,1,1
3034,1,1
3036,1,2
3037,1,1
3038,1,1
3040,1,2
3041,1,1
3042,1,1
3044,1,2
3045,1,1
3046,1,1
3048,1,2
3049,1,1
3050,1,1
3052,1,2
3053,1,1
3054,1,1
3056,1,2
3057,1,1
3058,1,1
3060,1,2
3061,1,1
3063,2,2
3064,1,1
3065,1,1
3066,1,1
3068,1,2
3069,1,1
3070,1,1
3072,2,2
3073,1,1
3074,1,1
3075,1,1
3077,1,2
3078,1,1
3079,1,1
3080,1,1
3082,1,2
3083,1,1
3084,1,1
3086,2,2
3087,1,1
3088,1,1
3089,1,1
3091,1,2
3092,1,1
3093,1,1
3095,2,2
3096,1,1
3097,1,1
3098,1,1
3100,2,2
3101,1,1
3102,1,1
3103,1,1
3105,1,2
3106,1,1
3107,1,1
3109,2,2
3110,1,1
3111,1,1
3112,1,1
3114,1,2
3115,1,1
3116,1,1
3118,2,2
3119,1,1
3120,1,1
3121,1,1
3123,1,2
3124,1,1
3126,2,2
3127,1,1
3128,1,1
3129,1,1
3131,1,2
3132,1,1
3133,1,1
3135,1,2
3136,1,1
3137,1,1
3139,1,2
3140,1,1
3142,2,2
3143,1,1
3144,1,1
3146,2,2
3147,1,1
3148,1,1
3150,2,2
3151,1,1
3152,1,1
3153,1,1
3155,1,2
3156,1,1
3157,1,1
3159,2,2
3160,1,1
3161,1,1
3162,1,1
3164,1,2
3165,1,1
3166,1,1
3168,1,2
3169,1,1
3170,1,1
3172,1,2
3173,1,1
3174,1,1
3176,1,2
3177,1,1
3178,1,1
3180,1,2
3181,1,1
3182,1,1
3184,1,2
3185,1,1
3186,1,1
3188,1,2
3189,1,1
3190,1,1
3192,2,2
3193,1,1
3194,1,1
3196,2,2
3197,1,1
3198,1,1
3200,2,2
3201,1,1
3202,1,1
3203,1,1
3205,1,2
3206,1,1
3207,1,1
3209,1,2
3210,1,1
3211,1,1
3212,1,1
3214,1,2
3215,1,1
3217,2,2
3218,1,1
3219,1,1
3220,1,1
3222,1,2
3223,1,1
3224,1,1
3226,1,2
3227,1,1
3229,2,2
3230,1,1
3231,1,1
3232,1,1
3234,1,2
3235,1,1
3237,2,2
3238,1,1
3239,1,1
3241,2,2
3242,1,1
3243,1,1
3244,1,1
3246,1,2
3247,1,1
3248,1,1
3250,2,2
3251,1,1
3252,1,1
3254,2,2
3255,1,1
3256,1,1
3258,2,2
3259,1,1
3260,1,1
3262,2,2
3263,1,1
3264,1,1
3266,2,2
3267,1,1
3268,1,1
3270,2,2
3271,1,1
3272,1,1
3274,2,2
3275,1,1
3276,1,1
3278,2,2
3279,1,1
3280,1,1
3282,2,2
3283,1,1
3284,1,1
3286,2,2
3287,1,1
3288,1,1
3289,1,1
3291,1,2
3292,1,1
3293,1,1
3295,1,2
3296,1,1
3298,2,2
3299,1,1
3300,1,1
3302,2,2
3303,1,1
3304,1,1
3306,2,2
3307,1,1
3308,1,1
3310,2,2
3311,1,1
3312,1,1
3314,2,2
3315,1,1
3316,1,1
3318,2,2
3319,1,1
3320,1,1
3322,2,2
3323,1,1
3324,1,1
3326,2,2
3327,1,1
3328,1,1
3330,2,2
3331,1,1
3332,1,1
3334,2,2
3335,1,1
3336,1,1
3338,2,2
3339,1,1
3340,1,1
3342,2,2
3343,1,1
3344,1,1
3346,2,2
3347,1,1
3348,1,1
3350,2,2
3351,1,1
3352,1,1
3354,2,2
3355,1,1
3356,1,1
3358,2,2
3359,1,1
3360,1,1
3362,2,2
3363,1,1
3364,1,1
3366,2,2
3367,1,1
3368,1,1
3370,1,2
3371,1,1
3373,2,2
3374,1,1
3375,1,1
3377,2,2
3378,1,1
3379,1,1
3380,1,1
3382,1,2
3383,1,1
3385,2,2
3386,1,1
3387,1,1
3389,2,2
3390,1,1
3391,1,1
3393,2,2
3394,1,1
3395,1,1
3397,2,2
3398,1,1
3399,1,1
3400,1,1
3402,1,2
3403,1,1
3405,2,2
3406,1,1
3407,1,1
3409,2,2
3410,1,1
3411,1,1
3413,2,2
3414,1,1
3415,1,1
3416,1,1
3418,2,2
3419,1,1
3420,1,1
3422,2,2
3423,1,1
3424,1,1
3426,2,2
3427,1,1
3428,1,1
3429,1,1
3431,1,2
3432,1,1
3433,1,1
3435,2,2
3436,1,1
3437,1,1
3439,2,2
3440,1,1
3441,1,1
3442,1,1
3445,3,3
3446,1,1
3447,1,1
3448,1,1
3450,2,2
3451,1,1
3452,1,1
3453,1,1
3455,2,2
3456,1,1
3457,1,1
3459,2,2
3460,1,1
3461,1,1
3462,1,1
3464,1,2
3465,1,1
3467,2,2
3468,1,1
3469,1,1
3471,2,2
3472,1,1
3473,1,1
3474,1,1
3476,1,2
3477,1,1
3479,2,2
3480,1,1
3481,1,1
3483,2,2
3484,1,1
3485,1,1
3486,1,1
3488,1,2
3489,1,1
3490,1,1
3492,1,2
3493,1,1
3495,2,2
3496,1,1
3497,1,1
3498,1,1
3500,1,2
3501,1,1
3503,2,2
3504,1,1
3505,1,1
3507,2,2
3508,1,1
3509,1,1
3511,2,2
3512,1,1
3513,1,1
3515,2,2
3516,1,1
3517,1,1
3519,2,2
3520,1,1
3521,1,1
3523,2,2
3524,1,1
3525,1,1
3527,2,2
3528,1,1
3529,1,1
3531,2,2
3532,1,1
3533,1,1
3535,2,2
3536,1,1
3537,1,1
3538,1,1
3540,1,2
3541,1,1
3543,2,2
3544,1,1
3545,1,1
3547,2,2
3548,1,1
3549,1,1
3551,2,2
3552,1,1
3553,1,1
3554,1,1
3556,1,2
3557,1,1
3559,2,2
3560,1,1
3561,1,1
3564,3,3
3564,1,0
3565,1,1
3567,1,2
3568,1,1
3569,1,1
3571,1,2
3572,1,1
3573,1,1
3575,2,2
3576,1,1
3577,1,1
3578,1,1
3580,2,2
3581,1,1
3582,1,1
3584,2,2
3585,1,1
3586,1,1
3587,1,1
3588,0,1
3590,1,2
3591,1,1
3592,1,1
3594,1,2
3595,1,1
3596,1,1
3598,1,2
3599,1,1
3600,1,1
3602,1,2
3603,1,1
3604,1,1
3606,1,2
3607,1,1
3608,1,1
3610,1,2
3611,1,1
3612,1,1
3614,1,2
3615,1,1
3616,1,1
3618,1,2
3619,1,1
3620,1,1
3622,1,2
3623,1,1
3624,1,1
3626,2,2
3627,1,1
3628,1,1
3630,1,2
3631,1,1
3633,1,2
3635,2,2
3636,1,1
3638,2,2
3639,1,1
3640,1,1
3641,1,1
3643,1,2
3644,1,1
3645,1,1
3647,2,2
3648,1,1
3649,1,1
3650,1,1
3652,1,2
3653,1,1
3654,1,1
3655,1,1
3657,1,2
3658,1,1
3659,1,1
3660,1,1
3662,1,2
3663,1,1
3664,1,1
3666,1,2
3667,1,1
3668,1,1
3670,2,2
3671,1,1
3672,1,1
3673,1,1
3675,2,2
3676,1,1
3677,1,1
3678,1,1
3680,1,2
3681,1,1
3682,1,1
3686,4,4
3687,3,1
3687,2,0
3688,1,1
3689,1,1
3691,2,2
3693,2,2
3694,2,1
3695,1,1
3696,1,1
3697,1,1
3699,1,2
3700,1,1
3701,1,1
3703,2,2
3704,1,1
3705,1,1
3707,2,2
3708,1,1
3709,1,1
3711,2,2
3712,2,1
3713,1,1
3714,1,1
3715,1,1
3717,1,2
3718,1,1
3719,1,1
3720,1,1
3722,1,2
3723,1,1
3725,2,2
3726,1,1
3727,1,1
3729,2,2
3730,1,1
3731,1,1
3733,2,2
3733,0,0
3735,1,2
3736,1,1
3738,2,2
3739,1,1
3740,1,1
3742,2,2
3743,1,1
3744,1,1
3746,2,2
3747,1,1
3748,1,1
3749,1,1
3751,2,2
3752,1,1
3753,1,1
3755,2,2
3756,1,1
3757,1,1
3759,2,2
3763,4,4
3763,1,0
3765,2,2
3766,1,1
3768,1,2
3770,2,2
3772,2,2
3773,1,1
3775,1,2
3778,2,3
3779,1,1
3781,1,2
3783,1,2
3785,1,2
3787,1,2
3789,1,2
3791,1,2
3793,1,2
3795,1,2
3797,1,2
3799,1,2
3801,2,2
3802,1,1
3803,1,1
3804,1,1
3806,1,2
3807,1,1
3808,1,1
3810,1,2
3811,1,1
3812,1,1
3814,1,2
3815,1,1
3817,2,2
3818,1,1
3819,1,1
3821,2,2
3822,1,1
3825,3,3
3825,1,0
3826,1,1
3828,1,2
3829,1,1
3831,1,2
3832,1,1
3834,1,2
3837,1,3
3838,1,1
3842,2,4
3843,1,1
3844,1,1
3846,2,2
3847,1,1
3848,1,1
3849,1,1
3851,1,2
3852,1,1
3854,2,2
3855,1,1
3856,1,1
3857,1,1
3859,1,2
3860,1,1
3861,1,1
3863,1,2
3864,1,1
3865,1,1
3867,2,2
3868,1,1
3869,1,1
3870,1,1
3872,1,2
3873,1,1
3874,1,1
3876,1,2
3877,1,1
3878,1,1
3880,1,2
3881,1,1
3882,1,1
3883,1,1
3885,1,2
3886,1,1
3887,1,1
3888,0,1
3890,1,2
3891,1,1
3892,1,1
3894,1,2
3895,1,1
3896,1,1
3898,2,2
3899,1,1
3900,1,1
3901,1,1
3903,1,2
3904,1,1
3905,1,1
3907,1,2
3908,1,1
3909,1,1
3911,2,2
3912,1,1
3913,1,1
3914,1,1
3916,1,2
3917,1,1
3918,1,1
3920,1,2
3921,1,1
3922,1,1
3924,1,2
3925,1,1
3927,1,2
3929,2,2
3930,1,1
3931,1,1
3932,1,1
3934,1,2
3935,1,1
3936,1,1
3938,1,2
3939,1,1
3941,2,2
3942,2,1
3943,1,1
3944,1,1
3946,1,2
3947,1,1
3949,2,2
3950,1,1
3951,1,1
3952,1,1
3954,1,2
3955,1,1
3957,2,2
3958,1,1
3959,1,1
3961,1,2
3963,2,2
3963,1,0
3965,1,2
3966,1,1
3968,2,2
3969,1,1
3970,1,1
3971,1,1
3973,2,2
3974,1,1
3975,1,1
3977,2,2
3978,1,1
3979,1,1
3980,1,1
3982,1,2
3983,1,1
3984,1,1
3986,1,2
3987,1,1
3988,1,1
3989,1,1
3991,1,2
3992,1,1
3994,2,2
3995,1,1
3996,1,1
3997,1,1
3999,1,2
4000,1,1
4002,2,2
4003,1,1
4004,1,1
4005,1,1
4007,1,2
4008,1,1
4009,1,1
4011,1,2
4012,1,1
4013,1,1
4015,2,2
4016,1,1
4017,1,1
4018,1,1
4020,1,2
4021,1,1
4022,1,1
4024,1,2
4025,1,1
4026,1,1
4028,2,2
4029,1,1
4030,1,1
4032,2,2
4033,1,1
4034,1,1
4035,1,1
4037,2,2
4038,1,1
4039,1,1
4041,2,2
4042,1,1
4043,1,1
4045,2,2
4046,1,1
4047,1,1
4048,1,1
4050,1,2
4051,1,1
4052,1,1
4054,2,2
4055,1,1
4056,1,1
4058,2,2
4059,1,1
4060,1,1
4062,2,2
4063,1,1
4064,1,1
4065,1,1
4068,3,3
4069,1,1
4070,1,1
4072,2,2
4073,1,1
4074,1,1
4075,1,1
4077,2,2
4078,1,1
4079,1,1
4081,2,2
4082,1,1
4083,1,1
4085,2,2
4086,1,1
4087,1,1
4088,1,1
4090,2,2
4091,1,1
4092,1,1
4094,2,2
4095,1,1
4096,1,1
4098,2,2
4099,1,1
4100,1,1
4101,1,1
4103,1,2
4104,1,1
4105,1,1
4107,2,2
4108,1,1
4109,1,1
4110,1,1
4112,1,2
4113,1,1
4114,1,1
4116,2,2
4117,1,1
4118,1,1
4119,1,1
4121,1,2
4122,1,1
4124,2,2
4125,1,1
4126,1,1
4127,1,1
4129,2,2
4130,1,1
4131,1,1
4133,2,2
4134,1,1
4135,1,1
4137,2,2
4138,1,1
4139,1,1
4140,1,1
4142,2,2
4143,1,1
4144,1,1
4146,2,2
4147,1,1
4148,1,1
4150,2,2
4151,1,1
4152,1,1
4153,1,1
4155,1,2
4156,1,1
4157,1,1
4159,2,2
4160,1,1
4161,1,1
4162,1,1
4164,1,2
4165,1,1
4166,1,1
4168,2,2
4169,1,1
4170,1,1
4171,1,1
4173,1,2
4174,1,1
4175,1,1
4177,2,2
4178,1,1
4179,1,1
4181,2,2
4182,1,1
4183,1,1
4184,1,1
4186,2,2
4187,1,1
4188,1,1
4190,2,2
4191,1,1
4192,1,1
4194,2,2
4195,1,1
4196,1,1
4197,1,1
4199,2,2
4200,1,1
4201,1,1
4202,1,1
4204,1,2
4205,1,1
4206,1,1
4208,2,2
4209,1,1
4210,1,1
4212,2,2
4213,1,1
4214,1,1
4215,1,1
4217,2,2
4218,1,1
4219,1,1
4221,2,2
4222,1,1
4223,1,1
4224,1,1
4226,2,2
4227,1,1
4228,1,1
4229,1,1
4231,1,2
4232,1,1
4233,1,1
4235,1,2
4236,1,1
4237,1,1
4239,2,2
4240,1,1
4241,1,1
4242,1,1
4244,1,2
4245,1,1
4247,2,2
4248,2,1
4249,1,1
4250,1,1
4252,2,2
4253,1,1
4254,1,1
4255,1,1
4257,2,2
4258,1,1
4259,1,1
4260,1,1
4262,1,2
4263,1,1
4264,1,1
4266,2,2
4267,1,1
4268,1,1
4270,2,2
4271,1,1
4272,1,1
4273,1,1
4275,2,2
4276,1,1
4277,1,1
4278,1,1
4280,1,2
4281,1,1
4282,1,1
4284,2,2
4285,1,1
4286,1,1
4287,1,1
4289,1,2
4290,1,1
4291,1,1
4292,1,1
4293,0,1
4295,1,2
4296,1,1
4297,1,1
4299,1,2
4300,1,1
4301,1,1
4303,2,2
4304,1,1
4305,1,1
4306,1,1
4307,1,1
4309,1,2
4310,1,1
4311,1,1
4312,1,1
4314,1,2
4315,1,1
4316,1,1
4317,1,1
4319,1,2
4320,1,1
4321,1,1
4323,2,2
4324,1,1
4326,2,2
4327,1,1
4331,4,4
4331,3,0
4331,1,0
4332,1,1
4334,2,2
4335,1,1
4336,1,1
4337,1,1
4339,2,2
4340,1,1
4342,1,2
4343,1,1
4345,2,2
4346,2,1
4347,1,1
4348,1,1
4350,2,2
4351,1,1
4352,1,1
4353,1,1
4355,2,2
4356,1,1
4357,1,1
4359,2,2
4360,1,1
4361,1,1
4362,1,1
4364,2,2
4365,1,1
4366,1,1
4368,2,2
4369,1,1
4370,1,1
4371,1,1
4373,2,2
4374,1,1
4375,1,1
4377,2,2
4378,1,1
4379,1,1
4380,1,1
4381,0,1
4383,1,2
4384,1,1
4386,2,2
4387,1,1
4388,1,1
4390,1,2
4392,1,2
4394,1,2
4396,1,2
4398,1,2
4401,2,3
4402,1,1
4403,1,1
4404,1,1
4406,1,2
4407,1,1
4408,1,1
4410,2,2
4411,1,1
4412,1,1
4413,1,1
4415,1,2
4416,1,1
4417,1,1
4419,2,2
4420,1,1
4421,1,1
4422,1,1
4424,1,2
4425,1,1
4426,1,1
4428,2,2
4429,1,1
4430,1,1
4431,1,1
4433,1,2
4434,1,1
4435,1,1
4439,4,4
4440,3,1
4440,2,0
4441,1,1
4443,2,2
4448,4,5
4448,2,0
4449,1,1
4451,1,2
4452,1,1
4453,1,1
4455,2,2
4456,1,1
4457,1,1
4458,1,1
4460,2,2
4461,1,1
4462,1,1
4463,1,1
4465,1,2
4466,1,1
4467,1,1
4469,2,2
4470,1,1
4471,1,1
4472,1,1
4474,1,2
4475,1,1
4476,1,1
4478,2,2
4479,1,1
4480,1,1
4482,2,2
4483,1,1
4484,1,1
4485,1,1
4487,1,2
4488,1,1
4489,1,1
4491,1,2
4492,1,1
4493,1,1
4494,1,1
4496,1,2
4497,1,1
4498,1,1
4500,1,2
4501,1,1
4502,1,1
4504,2,2
4505,1,1
4506,1,1
4507,1,1
4509,1,2
4510,1,1
4511,1,1
4513,1,2
4514,1,1
4516,2,2
4517,1,1
4518,1,1
4519,1,1
4521,2,2
4522,1,1
4523,1,1
4524,1,1
4526,1,2
4527,1,1
4528,1,1
4530,1,2
4531,1,1
4532,1,1
4534,1,2
4535,1,1
4536,1,1
4538,2,2
4539,1,1
4540,1,1
4541,1,1
4543,1,2
4544,1,1
4546,2,2
4547,1,1
4548,1,1
4549,1,1
4551,1,2
4552,1,1
4554,2,2
4555,1,1
4556,1,1
4557,1,1
4559,1,2
4560,1,1
4561,1,1
4563,1,2
4564,1,1
4565,1,1
4567,1,2
4568,1,1
4569,1,1
4571,1,2
4572,1,1
4573,1,1
4575,2,2
4576,1,1
4577,1,1
4579,2,2
4580,1,1
4581,1,1
4582,1,1
4584,1,2
4585,1,1
4586,1,1
4588,2,2
4589,1,1
4590,1,1
4591,1,1
4593,1,2
4594,1,1
4595,1,1
4597,1,2
4598,1,1
4599,1,1
4601,1,2
4602,1,1
4603,1,1
4605,1,2
4606,1,1
4607,1,1
4609,1,2
4610,1,1
4612,2,2
4612,0,0
4614,1,2
4615,1,1
4617,2,2
4618,1,1
4619,1,1
4621,2,2
4622,1,1
4623,1,1
4624,1,1
4626,1,2
4627,1,1
4628,1,1
4630,1,2
4631,1,1
4632,1,1
4634,1,2
4635,1,1
4637,2,2
4638,1,1
4639,1,1
4641,1,2
4642,1,1
4644,2,2
4645,1,1
4646,1,1
4648,1,2
4649,1,1
4651,2,2
4652,1,1
4653,1,1
4655,1,2
4656,1,1
4657,1,1
4659,1,2
4660,1,1
4662,2,2
4663,1,1
4664,1,1
4666,1,2
4667,1,1
4668,1,1
4670,1,2
4671,1,1
4673,1,2
4674,1,1
4675,1,1
4677,1,2
4678,1,1
4679,1,1
4681,1,2
4682,1,1
4683,1,1
4685,1,2
4686,1,1
4687,1,1
4689,1,2
4690,1,1
4692,2,2
4693,1,1
4694,1,1
4696,1,2
4697,1,1
4698,1,1
4700,1,2
4701,1,1
4702,1,1
4704,1,2
4705,1,1
4707,2,2
4708,1,1
4709,1,1
4711,1,2
4712,1,1
4713,1,1
4715,1,2
4716,1,1
4717,1,1
4719,1,2
4720,1,1
4721,1,1
4723,1,2
4724,1,1
4725,0,1
4727,1,2
4728,1,1
4730,1,2
4731,1,1
4733,1,2
4734,1,1
4735,1,1
4737,1,2
4738,1,1
4740,1,2
4741,1,1
4742,1,1
4744,1,2
4745,1,1
4747,1,2
4748,1,1
4749,1,1
4751,1,2
4752,1,1
4754,1,2
4755,1,1
4756,1,1
4758,1,2
4759,1,1
4761,2,2
4762,1,1
4763,1,1
4765,1,2
4766,1,1
4767,1,1
4769,1,2
4770,1,1
4771,1,1
4773,1,2
4775,2,2
4776,1,1
4777,1,1
4779,1,2
4780,1,1
4781,1,1
4783,1,2
4784,1,1
4785,1,1
4787,1,2
4788,1,1
4790,1,2
4791,1,1
4792,1,1
4794,1,2
4795,1,1
4797,1,2
4798,1,1
4799,1,1
4801,1,2
4802,1,1
4804,2,2
4805,1,1
4806,1,1
4808,1,2
4809,1,1
4810,1,1
4812,1,2
4813,1,1
4815,1,2
4816,1,1
4817,1,1
4819,1,2
4820,1,1
4822,1,2
4823,1,1
4824,1,1
4826,1,2
4827,1,1
4829,1,2
4830,1,1
4832,1,2
4833,1,1
4834,1,1
4836,1,2
4840,2,4
4841,2,1
4842,1,1
4843,1,1
4844,1,1
4846,1,2
4847,1,1
4848,1,1
4850,2,2
4851,1,1
4852,1,1
4853,1,1
4855,1,2
4856,1,1
4857,1,1
4859,2,2
4860,1,1
4861,1,1
4862,1,1
4864,1,2
4865,1,1
4866,1,1
4868,1,2
4869,1,1
4870,1,1
4872,2,2
4873,1,1
4874,1,1
4876,2,2
4877,1,1
4878,1,1
4880,2,2
4881,1,1
4882,1,1
4883,1,1
4885,2,2
4886,1,1
4887,1,1
4888,1,1
4890,1,2
4892,2,2
4893,2,1
4894,1,1
4895,1,1
4896,1,1
4898,1,2
4899,1,1
4900,1,1
4902,2,2
4903,1,1
4904,1,1
4906,2,2
4907,2,1
4908,1,1
4909,1,1
4911,2,2
4912,2,1
4913,1,1
4914,1,1
4916,2,2
4917,1,1
4918,1,1
4919,1,1
4921,2,2
4922,1,1
4923,1,1
4924,1,1
4926,2,2
4927,1,1
4928,1,1
4930,2,2
4931,1,1
4932,1,1
4934,2,2
4935,1,1
4936,1,1
4938,2,2
4939,1,1
4940,1,1
4942,2,2
4943,1,1
4944,1,1
4946,2,2
4947,1,1
4948,1,1
4949,1,1
4951,2,2
4952,1,1
4953,1,1
4955,2,2
4956,2,1
4957,1,1
4958,1,1
4959,1,1
4961,1,2
4962,1,1
4964,2,2
4965,1,1
4966,1,1
4967,1,1
4969,2,2
4970,1,1
4971,1,1
4973,2,2
4974,2,1
4975,1,1
4977,2,2
4978,2,1
4979,1,1
4980,1,1
4982,2,2
4983,1,1
4984,1,1
4986,2,2
4987,2,1
4988,1,1
4989,1,1
4991,2,2
4992,1,1
4993,1,1
4995,1,2
4996,1,1
4997,1,1
4999,1,2
5000,1,1
5001,1,1
5003,2,2
5004,1,1
5005,1,1
5006,1,1
5008,1,2
5009,1,1
5010,1,1
5012,2,2
5013,1,1
5014,1,1
5015,1,1
5017,1,2
5018,1,1
5019,1,1
5021,1,2
5022,1,1
5023,1,1
5025,2,2
5026,1,1
5027,1,1
5028,1,1
5030,1,2
5031,1,1
5032,1,1
5034,2,2
5035,1,1
5036,1,1
5038,2,2
5039,1,1
5040,1,1
5041,1,1
5043,1,2
5044,1,1
5045,1,1
5047,1,2
5048,1,1
5049,1,1
5051,2,2
5052,1,1
5053,1,1
5055,2,2
5056,1,1
5057,1,1
5058,1,1
5060,1,2
5061,1,1
5062,1,1
5064,2,2
5065,1,1
5066,1,1
5068,2,2
5069,1,1
5070,1,1
5071,1,1
5073,1,2
5074,1,1
5075,1,1
5077,2,2
5078,1,1
5079,1,1
5080,1,1
5082,1,2
5083,1,1
5084,1,1
5086,1,2
5087,1,1
5088,1,1
5090,1,2
5091,1,1
5092,1,1
5093,1,1
5095,1,2
5096,1,1
5098,2,2
5099,1,1
5100,1,1
5101,1,1
5103,1,2
5104,1,1
5106,2,2
5107,1,1
5108,1,1
5109,1,1
5111,1,2
5112,1,1
5113,1,1
5115,2,2
5116,1,1
5117,1,1
5119,2,2
5120,1,1
5121,1,1
5122,1,1
5124,1,2
5125,1,1
5126,1,1
5128,2,2
5129,1,1
5130,1,1
5132,2,2
5133,1,1
5134,1,1
5135,1,1
5137,2,2
5138,1,1
5139,1,1
5140,1,1
5142,1,2
5143,1,1
5145,2,2
5146,1,1
5147,1,1
5148,1,1
5150,2,2
5151,1,1
5152,1,1
5153,1,1
5155,1,2
5156,1,1
5157,1,1
5159,1,2
5160,1,1
5161,1,1
5162,1,1
5164,1,2
5165,1,1
5166,1,1
5167,1,1
5169,1,2
5170,1,1
5171,1,1
5172,1,1
5174,1,2
5175,1,1
5176,1,1
5177,1,1
5179,1,2
5180,1,1
5181,1,1
5183,2,2
5184,1,1
5185,1,1
5186,1,1
5187,0,1
5189,1,2
5190,1,1
5191,1,1
5193,1,2
5194,1,1
5195,1,1
5196,1,1
5197,0,1
5199,1,2
5200,1,1
5201,1,1
5203,1,2
5204,1,1
5205,1,1
5206,1,1
5208,1,2
5209,1,1
5210,1,1
5212,1,2
5213,1,1
5214,1,1
5216,2,2
5217,1,1
5218,1,1
5220,2,2
5221,1,1
5222,1,1
5223,1,1
5225,1,2
5226,1,1
5227,1,1
5229,1,2
5230,1,1
5231,1,1
5233,2,2
5234,1,1
5235,1,1
5236,1,1
5238,1,2
5239,1,1
5241,2,2
5242,1,1
5243,1,1
5244,1,1
5246,1,2
5247,1,1
5249,2,2
5250,1,1
5251,1,1
5252,1,1
5254,1,2
5255,1,1
5256,1,1
5258,1,2
5259,1,1
5260,1,1
5262,2,2
5263,1,1
5264,1,1
5265,1,1
5267,1,2
5268,1,1
5269,1,1
5271,1,2
5272,1,1
5273,1,1
5275,1,2
5276,1,1
5277,1,1
5279,1,2
5280,1,1
5281,1,1
5283,1,2
5284,1,1
5285,1,1
5287,1,2
5288,1,1
5289,1,1
5291,1,2
5292,1,1
5293,1,1
5295,2,2
5296,1,1
5297,1,1
5298,1,1
5300,1,2
5301,1,1
5302,1,1
5304,1,2
5305,1,1
5307,2,2
5308,1,1
5309,1,1
5310,1,1
5312,1,2
5313,1,1
5314,1,1
5316,2,2
5317,1,1
5318,1,1
5320,2,2
5321,1,1
5322,1,1
5323,1,1
5325,1,2
5326,1,1
5327,1,1
5329,1,2
5330,1,1
5331,1,1
5333,1,2
5334,1,1
5335,1,1
5337,2,2
5338,1,1
5339,1,1
5341,2,2
5342,1,1
5343,1,1
5344,1,1
5346,1,2
5347,1,1
5348,1,1
5350,1,2
5351,1,1
5352,1,1
5354,1,2
5355,1,1
5356,1,1
5358,1,2
5359,1,1
5361,2,2
5362,1,1
5363,1,1
5365,1,2
5366,1,1
5368,2,2
5369,1,1
5370,1,1
5372,1,2
5373,1,1
5375,2,2
5376,1,1
5377,1,1
5379,1,2
5380,1,1
5382,2,2
5383,1,1
5384,1,1
5388,4,4
5388,2,0
5388,1,0
5390,1,2
5391,1,1
5392,1,1
5394,1,2
5395,1,1
5396,1,1
5398,1,2
5399,1,1
5400,1,1
5402,1,2
5403,1,1
5404,1,1
5405,1,1
5407,1,2
5408,1,1
5409,1,1
5410,1,1
5412,1,2
5413,1,1
5414,1,1
5416,2,2
5417,1,1
5418,1,1
5419,1,1
5421,2,2
5423,2,2
5423,1,0
5424,1,1
5426,1,2
5427,1,1
5428,1,1
5430,2,2
5431,1,1
5432,1,1
5433,1,1
5435,1,2
5436,1,1
5437,1,1
5439,2,2
5440,1,1
5441,1,1
5443,2,2
5445,2,2
5446,2,1
5447,2,1
5448,1,1
5449,1,1
5450,1,1
5452,2,2
5453,1,1
5454,1,1
5456,2,2
5457,1,1
5458,1,1
5459,1,1
5461,1,2
5462,1,1
5463,1,1
5465,2,2
5466,1,1
5467,1,1
5469,2,2
5470,1,1
5471,1,1
5472,1,1
5474,1,2
5476,2,2
5477,1,1
5478,1,1
5479,1,1
5481,1,2
5482,1,1
5484,2,2
5485,1,1
5486,1,1
5488,2,2
5489,1,1
5490,1,1
5492,2,2
5493,1,1
5494,1,1
5496,2,2
5497,1,1
5498,1,1
5499,1,1
5501,1,2
5502,1,1
5503,1,1
5505,1,2
5506,1,1
5507,1,1
5509,2,2
5510,1,1
5511,1,1
5513,2,2
5514,1,1
5515,1,1
5517,2,2
5518,1,1
5519,1,1
5521,2,2
5522,1,1
5523,1,1
5524,1,1
5526,1,2
5527,1,1
5528,1,1
5530,1,2
5531,1,1
5533,2,2
5534,1,1
5535,1,1
5536,1,1
5538,1,2
5539,1,1
5541,2,2
5542,1,1
5543,1,1
5544,1,1
5546,1,2
5547,1,1
5549,2,2
5550,1,1
5551,1,1
5552,1,1
5554,1,2
5555,1,1
5556,1,1
5558,1,2
5559,1,1
5560,1,1
5562,2,2
5563,1,1
5564,1,1
5565,1,1
5567,1,2
5568,1,1
5569,1,1
5571,2,2
5572,1,1
5573,1,1
5575,2,2
5576,1,1
5577,1,1
5578,1,1
5579,1,1
5581,1,2
5582,1,1
5583,1,1
5584,1,1
5586,1,2
5587,1,1
5588,1,1
5589,1,1
5591,1,2
5592,1,1
5593,1,1
5595,2,2
5596,1,1
5597,1,1
5598,1,1
5600,2,2
5601,1,1
5602,1,1
5603,1,1
5605,1,2
5606,1,1
5607,1,1
5608,1,1
5610,1,2
5611,1,1
5612,1,1
5614,2,2
5615,1,1
5616,1,1
5618,2,2
5619,1,1
5620,1,1
5621,1,1
5623,2,2
5624,1,1
5625,1,1
5626,1,1
5628,1,2
5629,1,1
5630,1,1
5631,1,1
5633,1,2
5634,1,1
5635,1,1
5637,2,2
5638,1,1
5639,1,1
5640,1,1
5642,1,2
5643,1,1
5644,1,1
5646,2,2
5647,1,1
5648,1,1
5650,2,2
5651,1,1
5652,1,1
5653,1,1
5655,1,2
5656,1,1
5657,1,1
5659,2,2
5660,1,1
5661,1,1
5662,1,1
5664,2,2
5665,1,1
5666,1,1
5667,1,1
5669,1,2
5670,1,1
5671,1,1
5673,2,2
5674,1,1
5675,1,1
5676,1,1
5678,1,2
5679,1,1
5680,1,1
5682,2,2
5683,1,1
5684,1,1
5685,1,1
5687,1,2
5688,1,1
5689,1,1
5690,1,1
5692,1,2
5693,1,1
5694,1,1
5696,2,2
5697,1,1
5698,1,1
5699,1,1
5701,1,2
5702,1,1
5703,1,1
5705,2,2
5706,1,1
5707,1,1
5708,1,1
5710,1,2
5711,1,1
5712,1,1
5714,2,2
5715,1,1
5716,1,1
5717,1,1
5719,1,2
5720,1,1
5721,1,1
5722,1,1
5724,2,2
5725,1,1
5726,1,1
5727,1,1
5729,1,2
5730,1,1
5731,1,1
5733,2,2
5734,1,1
5735,1,1
5736,1,1
5738,2,2
5739,1,1
5740,1,1
5741,1,1
5743,1,2
5744,1,1
5745,1,1
5747,1,2
5748,1,1
5749,1,1
5750,1,1
5752,1,2
5753,1,1
5754,1,1
5756,2,2
5757,1,1
5758,1,1
5759,1,1
5761,2,2
5762,1,1
5763,1,1
5764,1,1
5766,1,2
5767,1,1
5768,1,1
5769,1,1
5771,1,2
5772,1,1
5773,1,1
5775,2,2
5776,1,1
5777,1,1
5779,2,2
5780,1,1
5781,1,1
5782,1,1
5784,1,2
5786,1,2
5787,1,1
5788,1,1
5790,2,2
5791,1,1
5792,1,1
5793,1,1
5795,2,2
5796,1,1
5797,1,1
5798,1,1
5800,1,2
5801,1,1
5802,1,1
5804,2,2
5805,1,1
5806,1,1
5807,1,1
5809,1,2
5810,1,1
5811,1,1
5812,1,1
5814,1,2
5815,1,1
5816,1,1
5818,2,2
5819,1,1
5820,1,1
5821,1,1
5823,1,2
5824,1,1
5825,1,1
5827,2,2
5828,1,1
5829,1,1
5830,1,1
5832,1,2
5833,1,1
5834,1,1
5836,2,2
5837,1,1
5838,1,1
5839,1,1
5841,1,2
5842,1,1
5843,1,1
5845,2,2
5846,1,1
5847,1,1
5848,1,1
5850,1,2
5851,1,1
5852,1,1
5853,1,1
5855,1,2
5856,1,1
5857,1,1
5859,2,2
5860,1,1
5861,1,1
5862,1,1
5864,1,2
5865,1,1
5866,1,1
5868,2,2
5869,1,1
5870,1,1
5872,2,2
5873,1,1
5874,1,1
5875,1,1
5877,2,2
5878,1,1
5879,1,1
5880,1,1
5882,2,2
5883,1,1
5884,1,1
5885,1,1
5887,1,2
5888,1,1
5889,1,1
5890,1,1
5892,1,2
5893,1,1
5894,1,1
5896,2,2
5897,1,1
5898,1,1
5900,2,2
5901,1,1
5902,1,1
5903,1,1
5905,1,2
5906,1,1
5907,1,1
5909,2,2
5910,1,1
5911,1,1
5912,1,1
5914,1,2
5915,1,1
5916,1,1
5918,2,2
5919,1,1
5920,1,1
5921,1,1
5923,1,2
5924,1,1
5925,1,1
5927,2,2
5928,1,1
5929,1,1
5931,2,2
5932,1,1
5933,1,1
5934,1,1
5936,2,2
5937,1,1
5939,2,2
5940,2,1
5941,1,1
5942,1,1
5943,1,1
5944,0,1
5946,1,2
5947,1,1
5948,1,1
5949,0,1
5951,1,2
5952,1,1
5954,2,2
5955,1,1
5956,1,1
5957,1,1
5959,1,2
5960,1,1
5961,1,1
5962,1,1
5964,1,2
5965,1,1
5966,1,1
5967,1,1
5969,1,2
5970,1,1
5971,1,1
5972,1,1
5974,1,2
5975,1,1
5976,1,1
5978,1,2
5979,1,1
5980,1,1
5981,1,1
5983,1,2
5984,1,1
5985,1,1
5986,1,1
5988,1,2
5989,1,1
5990,1,1
5991,1,1
5993,1,2
5994,1,1
5995,1,1
5997,2,2
5998,1,1
5999,1,1
6000,1,1
6002,1,2
6003,1,1
6004,1,1
6006,1,2
6007,1,1
6008,1,1
6010,1,2
6011,1,1
6012,1,1
6014,2,2
6015,1,1
6016,1,1
6018,2,2
6019,1,1
6020,1,1
6022,1,2
6023,1,1
6024,1,1
6026,1,2
6027,1,1
6028,1,1
6030,1,2
6031,1,1
6032,1,1
6034,1,2
6035,1,1
6036,1,1
6038,1,2
6039,1,1
6040,1,1
6042,1,2
6043,1,1
6044,1,1
6046,2,2
6047,1,1
6048,1,1
6049,1,1
6051,1,2
6052,1,1
6053,1,1
6055,1,2
6056,1,1
6057,1,1
6059,1,2
6060,1,1
6061,1,1
6063,1,2
6064,1,1
6065,1,1
6067,1,2
6068,1,1
6069,1,1
6071,2,2
6072,1,1
6073,1,1
6074,1,1
6076,1,2
6077,1,1
6078,1,1
6080,1,2
6081,1,1
6082,1,1
6084,1,2
6085,1,1
6086,1,1
6088,1,2
6089,1,1
6090,1,1
6092,2,2
6093,1,1
6094,1,1
6096,2,2
6097,1,1
6098,1,1
6099,1,1
6101,1,2
6102,1,1
6103,1,1
6105,1,2
6106,1,1
6107,1,1
6109,1,2
6110,1,1
6111,1,1
6112,1,1
6114,1,2
6115,1,1
6116,1,1
6118,1,2
6119,1,1
6120,1,1
6122,1,2
6123,1,1
6124,1,1
6126,1,2
6127,1,1
6128,1,1
6130,1,2
6131,1,1
6132,1,1
6134,1,2
6135,1,1
6136,1,1
6138,2,2
6139,1,1
6140,1,1
6142,2,2
6143,1,1
6144,1,1
6145,1,1
6147,1,2
6148,1,1
6149,1,1
6151,1,2
6152,1,1
6153,1,1
6155,1,2
6156,1,1
6157,1,1
6159,1,2
6160,1,1
6161,1,1
6163,1,2
6164,1,1
6165,1,1
6167,1,2
6168,1,1
6169,1,1
6171,1,2
6173,1,2
6175,1,2
6177,1,2
6179,1,2
6181,1,2
6183,1,2
6185,2,2
6186,1,1
6187,1,1
6188,1,1
6190,1,2
6191,1,1
6192,1,1
6193,1,1
6195,1,2
6196,1,1
6198,1,2
6199,1,1
6200,1,1
6201,1,1
6203,2,2
6204,1,1
6205,1,1
6206,1,1
6208,2,2
6209,1,1
6210,1,1
6211,1,1
6213,1,2
6214,1,1
6215,1,1
6216,1,1
6218,1,2
6219,1,1
6220,1,1
6222,1,2
6223,1,1
6224,1,1
6226,2,2
6227,1,1
6228,1,1
6229,1,1
6231,1,2
6232,1,1
6233,1,1
6234,1,1
6236,1,2
6237,1,1
6238,1,1
6240,1,2
6241,1,1
6242,1,1
6244,2,2
6245,1,1
6246,1,1
6247,1,1
6249,2,2
6250,1,1
6251,1,1
6253,2,2
6254,1,1
6255,1,1
6257,2,2
6258,1,1
6259,1,1
6260,1,1
6262,2,2
6263,1,1
6264,1,1
6266,2,2
6267,1,1
6268,1,1
6269,1,1
6271,1,2
6272,1,1
6273,1,1
6275,2,2
6276,1,1
6277,1,1
6279,2,2
6280,1,1
6282,2,2
6283,2,1
6284,1,1
6285,1,1
6287,1,2
6288,1,1
6289,1,1
6291,2,2
6292,1,1
6293,1,1
6294,1,1
6296,1,2
6297,1,1
6299,2,2
6300,1,1
6301,1,1
6302,1,1
6303,1,1
6305,1,2
6306,1,1
6307,1,1
6309,1,2
6310,1,1
6311,1,1
6312,1,1
6314,1,2
6315,1,1
6316,1,1
6318,1,2
6319,1,1
6320,1,1
6321,0,1
6323,1,2
6324,1,1
6325,1,1
6327,1,2
6328,1,1
6329,1,1
6331,1,2
6332,1,1
6333,1,1
6335,1,2
6336,1,1
6338,2,2
6339,1,1
6340,1,1
6342,2,2
6343,1,1
6344,1,1
6346,2,2
6347,1,1
6348,1,1
6349,1,1
6351,1,2
6352,1,1
6353,1,1
6355,1,2
6356,1,1
6357,1,1
6358,1,1
6360,1,2
6361,1,1
6362,1,1
6364,2,2
6365,1,1
6366,1,1
6368,2,2
6369,1,1
6370,1,1
6372,2,2
6373,1,1
6374,1,1
6375,1,1
6377,1,2
6378,1,1
6379,1,1
6381,2,2
6382,1,1
6383,1,1
6384,1,1
6386,1,2
6387,1,1
6388,1,1
6390,2,2
6391,1,1
6392,1,1
6394,2,2
6395,1,1
6396,1,1
6397,1,1
6399,1,2
6400,1,1
6401,1,1
6403,1,2
6404,1,1
6405,1,1
6407,1,2
6408,1,1
6409,1,1
6410,1,1
6412,1,2
6413,1,1
6414,1,1
6416,1,2
6417,1,1
6418,1,1
6420,1,2
6421,1,1
6422,1,1
6424,2,2
6425,1,1
6426,1,1
6428,2,2
6429,1,1
6430,1,1
6431,1,1
6433,1,2
6434,1,1
6435,1,1
6437,2,2
6438,1,1
6439,1,1
6440,1,1
6442,1,2
6444,2,2
6447,2,3
6447,1,0
6448,1,1
6450,1,2
6452,1,2
6454,1,2
6456,1,2
6458,1,2
6460,2,2
6461,1,1
6462,1,1
6464,2,2
6465,1,1
6466,1,1
6467,1,1
6469,1,2
6470,1,1
6471,1,1
6472,1,1
6474,1,2
6475,1,1
6476,1,1
6478,2,2
6479,1,1
6480,1,1
6481,1,1
6483,1,2
6484,1,1
6485,1,1
6487,2,2
6488,1,1
6489,1,1
6490,1,1
6492,1,2
6493,1,1
6494,1,1
6496,2,2
6497,1,1
6498,1,1
6500,2,2
6501,1,1
6502,1,1
6503,1,1
6505,2,2
6506,1,1
6507,1,1
6508,1,1
6510,1,2
6511,1,1
6512,1,1
6513,1,1
6515,2,2
6516,1,1
6517,1,1
6519,2,2
6520,1,1
6521,1,1
6522,1,1
6525,2,3
6526,2,1
6526,1,0
6528,2,2
6529,1,1
6530,1,1
6531,1,1
6532,1,1
6534,1,2
6535,1,1
6537,2,2
6538,1,1
6539,1,1
6540,1,1
6541,1,1
6543,1,2
6544,1,1
6546,2,2
6547,1,1
6548,1,1
6549,1,1
6551,1,2
6552,1,1
6553,1,1
6554,1,1
6556,1,2
6557,1,1
6559,2,2
6560,2,1
6561,1,1
6562,1,1
6564,2,2
6565,1,1
6566,1,1
6567,1,1
6569,1,2
6570,1,1
6571,1,1
6572,1,1
6574,2,2
6575,1,1
6576,1,1
6577,1,1
6579,1,2
6580,1,1
6581,1,1
6583,2,2
6584,1,1
6585,1,1
6586,1,1
6588,2,2
6589,1,1
6590,1,1
6591,1,1
6592,1,1
6594,1,2
6595,1,1
6596,1,1
6598,1,2
6599,1,1
6600,1,1
6602,2,2
6603,1,1
6604,1,1
6605,1,1
6607,1,2
6608,1,1
6609,1,1
6611,1,2
6612,1,1
6613,1,1
6614,1,1
6616,1,2
6617,1,1
6618,1,1
6619,1,1
6621,1,2
6622,1,1
6623,1,1
6624,1,1
6626,1,2
6627,1,1
6628,1,1
6630,2,2
6631,1,1
6632,1,1
6633,1,1
6635,1,2
6636,1,1
6637,1,1
6639,2,2
6640,1,1
6641,1,1
6642,1,1
6644,2,2
6645,1,1
6646,1,1
6647,1,1
6649,2,2
6650,1,1
6651,1,1
6652,1,1
6654,2,2
6655,1,1
6656,1,1
6658,2,2
6659,1,1
6660,1,1
6661,1,1
6662,1,1
6664,1,2
6665,1,1
6666,1,1
6668,2,2
6669,1,1
6670,1,1
6671,1,1
6672,1,1
6674,1,2
6675,1,1
6676,1,1
6678,2,2
6679,1,1
6681,2,2
6681,1,0
6683,1,2
6684,1,1
6685,1,1
6687,1,2
6688,1,1
6689,1,1
6691,2,2
6692,1,1
6693,1,1
6694,1,1
6696,2,2
6697,1,1
6698,1,1
6700,2,2
6701,1,1
6702,1,1
6703,1,1
6704,1,1
6706,1,2
6707,1,1
6708,1,1
6709,1,1
6711,1,2
6712,1,1
6713,1,1
6715,2,2
6716,1,1
6717,1,1
6719,2,2
6720,1,1
6721,1,1
6722,1,1
6723,1,1
6725,1,2
6726,1,1
6728,2,2
6729,2,1
6730,1,1
6731,1,1
6732,1,1
6734,1,2
6735,1,1
6736,1,1
6738,2,2
6739,1,1
6740,1,1
6742,2,2
6743,1,1
6744,1,1
6745,1,1
6747,1,2
6748,1,1
6749,1,1
6751,2,2
6752,1,1
6753,1,1
6755,2,2
6756,1,1
6757,1,1
6758,1,1
6760,1,2
6761,1,1
6762,1,1
6764,2,2
6765,1,1
6766,1,1
6767,1,1
6768,1,1
6770,1,2
6771,1,1
6772,1,1
6774,2,2
6775,1,1
6776,1,1
6777,1,1
6779,1,2
6780,1,1
6781,1,1
6783,2,2
6784,1,1
6785,1,1
6786,1,1
6788,1,2
6789,1,1
6790,1,1
6792,2,2
6793,1,1
6794,1,1
6795,1,1
6796,1,1
6798,1,2
6799,1,1
6800,1,1
6802,1,2
6803,1,1
6804,1,1
6806,2,2
6807,1,1
6808,1,1
6809,1,1
6811,1,2
6812,1,1
6813,1,1
6815,1,2
6816,1,1
6817,1,1
6819,2,2
6820,1,1
6821,1,1
6822,1,1
6824,1,2
6825,1,1
6830,5,5
6830,4,0
6832,4,2
6834,5,2
6834,4,0
6834,3,0
6834,1,0
6835,1,1
6836,1,1
6837,1,1
6839,1,2
6840,1,1
6842,2,2
6843,1,1
6844,1,1
6846,2,2
6847,1,1
6848,1,1
6849,1,1
6850,1,1
6852,1,2
6853,1,1
6855,2,2
6856,1,1
6857,1,1
6858,1,1
6860,2,2
6861,1,1
6862,1,1
6863,1,1
6865,1,2
6866,1,1
6867,1,1
6869,1,2
6870,1,1
6871,1,1
6873,2,2
6874,1,1
6875,1,1
6876,1,1
6878,1,2
6879,1,1
6880,1,1
6882,1,2
6883,1,1
6884,1,1
6886,2,2
6887,1,1
6888,1,1
6890,2,2
6891,1,1
6892,1,1
6893,1,1
6895,1,2
6896,1,1
6897,1,1
6899,1,2
6900,1,1
6902,2,2
6903,1,1
6904,1,1
6906,2,2
6907,1,1
6908,1,1
6910,2,2
6911,1,1
6912,1,1
6913,1,1
6915,2,2
6916,1,1
6917,1,1
6918,1,1
6920,1,2
6921,1,1
6922,1,1
6924,2,2
6925,1,1
6926,1,1
6928,2,2
6929,1,1
6930,1,1
6931,1,1
6933,2,2
6934,1,1
6935,1,1
6937,2,2
6938,1,1
6939,1,1
6941,2,2
6942,1,1
6943,1,1
6944,1,1
6946,2,2
6947,1,1
6948,1,1
6950,2,2
6951,1,1
6952,1,1
6954,2,2
6955,1,1
6956,1,1
6957,1,1
6959,1,2
6960,1,1
6961,1,1
6963,1,2
6964,1,1
6966,2,2
6969,2,3
6970,1,1
6971,1,1
6973,2,2
6974,1,1
6975,1,1
6977,2,2
6978,1,1
6979,1,1
6981,2,2
6982,1,1
6983,1,1
6985,2,2
6986,1,1
6987,1,1
6988,1,1
6990,1,2
6991,1,1
6992,1,1
6994,1,2
6995,1,1
6996,1,1
6998,2,2
6999,1,1
7000,1,1
7002,2,2
7003,1,1
7004,1,1
7005,1,1
7007,1,2
7008,1,1
7009,1,1
7011,1,2
7012,1,1
7013,1,1
7015,1,2
7016,1,1
7017,1,1
7019,2,2
7020,1,1
7021,1,1
7023,2,2
7024,1,1
7025,1,1
7026,1,1
7028,1,2
7029,1,1
7030,1,1
7032,1,2
7033,1,1
7034,1,1
7035,1,1
7037,1,2
7038,1,1
7039,1,1
7041,1,2
7042,1,1
7043,1,1
7044,1,1
7046,1,2
7047,1,1
7048,1,1
7050,1,2
7051,1,1
7052,1,1
7054,1,2
7055,1,1
7056,1,1
7057,0,1
7059,1,2
7060,1,1
7061,0,1
7063,1,2
7064,1,1
7065,0,1
7067,1,2
7068,1,1
7069,0,1
7071,1,2
7072,1,1
7074,1,2
7076,1,2
7078,1,2
7079,1,1
7081,2,2
7082,1,1
7083,1,1
7084,1,1
7088,4,4
7088,2,0
7089,2,1
7089,1,0
7093,3,4
7093,2,0
7093,1,0
7095,2,2
7096,1,1
7097,1,1
7098,1,1
7100,2,2
7101,1,1
7102,1,1
7103,1,1
7107,3,4
7107,2,0
7107,1,0
7109,2,2
7110,1,1
7111,1,1
7112,1,1
7114,2,2
7115,1,1
7116,1,1
7117,1,1
7119,2,2
7120,1,1
7121,1,1
7122,1,1
7124,2,2
7125,1,1
7126,1,1
7127,1,1
7129,1,2
7130,1,1
7131,1,1
7132,1,1
7134,1,2
7135,1,1
7136,1,1
7137,1,1
7139,1,2
7140,1,1
7142,2,2
7143,1,1
7144,1,1
7145,1,1
7147,2,2
7148,1,1
7149,1,1
7150,1,1
7152,2,2
7153,1,1
7154,1,1
7156,2,2
7157,2,1
7158,1,1
7159,1,1
7160,1,1
7162,1,2
7163,1,1
7164,1,1
7165,1,1
7167,1,2
7168,1,1
7169,1,1
7171,2,2
7172,1,1
7173,1,1
7174,1,1
7176,2,2
7177,1,1
7178,1,1
7179,1,1
7181,1,2
7182,1,1
7183,1,1
7184,1,1
7186,1,2
7187,1,1
7188,1,1
7189,1,1
7191,1,2
7192,1,1
7193,1,1
7195,2,2
7196,1,1
7197,1,1
7198,1,1
7200,2,2
7201,1,1
7202,1,1
7203,1,1
7205,1,2
7206,1,1
7207,1,1
7208,1,1
7210,1,2
7211,1,1
7212,1,1
7214,2,2
7215,1,1
7216,1,1
7217,1,1
7219,1,2
7220,1,1
7221,1,1
7223,2,2
7224,1,1
7225,1,1
7226,1,1
7228,2,2
7229,1,1
7230,1,1
7231,1,1
7233,2,2
7234,1,1
7235,1,1
7236,1,1
7237,1,1
7239,1,2
7240,1,1
7241,1,1
7243,2,2
7244,1,1
7245,1,1
7247,2,2
7248,1,1
7249,1,1
7251,2,2
7252,1,1
7253,1,1
7254,1,1
7256,1,2
7257,1,1
7258,1,1
7260,1,2
7261,1,1
7263,1,2
7264,1,1
7265,1,1
7267,2,2
7268,1,1
7269,1,1
7278,9,9
7278,7,0
7278,6,0
7278,5,0
7278,3,0
7278,2,0
7278,1,0
7280,1,2
7281,1,1
7286,5,5
7287,1,1
7288,1,1
7290,1,2
7292,1,2
7293,0,1
7295,1,2
7296,1,1
7298,1,2
7299,1,1
7300,1,1
7302,1,2
7303,1,1
7304,1,1
7306,1,2
7307,1,1
7309,2,2
7310,1,1
7311,1,1
7312,0,1
7314,1,2
7315,1,1
7317,1,2
7318,1,1
7320,2,2
7321,1,1
7322,1,1
7323,0,1
7325,1,2
7326,1,1
7328,1,2
7329,1,1
7330,1,1
7332,1,2
7333,1,1
7334,1,1
7336,1,2
7337,1,1
7338,1,1
7340,1,2
7341,1,1
7343,1,2
7344,1,1
7345,1,1
7347,1,2
7348,1,1
7350,1,2
7351,1,1
7352,1,1
7354,1,2
7355,1,1
7356,1,1
7358,1,2
7359,1,1
7360,1,1
7362,1,2
7363,1,1
7364,1,1
7366,1,2
7367,1,1
7368,1,1
7370,1,2
7371,1,1
7372,1,1
7374,1,2
7375,1,1
7377,1,2
7378,1,1
7379,1,1
7381,1,2
7382,1,1
7383,1,1
7385,1,2
7386,1,1
7387,1,1
7389,1,2
7390,1,1
7391,0,1
7393,1,2
7394,1,1
7396,1,2
7397,1,1
7398,1,1
7403,4,5
7403,3,0
7403,1,0
7404,1,1
7406,2,2
7407,1,1
7408,1,1
7409,1,1
7411,1,2
7412,1,1
7413,1,1
7415,1,2
7416,1,1
7418,1,2
7419,1,1
7420,1,1
7422,1,2
7423,1,1
7425,1,2
7426,1,1
7427,1,1
7429,1,2
7430,1,1
7432,1,2
7433,1,1
7435,2,2
7436,1,1
7437,1,1
7439,1,2
7440,1,1
7442,1,2
7445,3,3
7448,4,3
7450,3,2
7451,2,1
7451,1,0
7452,1,1
7454,1,2
7455,1,1
7459,3,4
7459,2,0
7460,1,1
7463,1,3
7465,2,2
7466,1,1
7467,1,1
7469,2,2
7470,1,1
7471,1,1
7473,2,2
7474,1,1
7475,1,1
7477,2,2
7478,1,1
7479,1,1
7480,1,1
7482,1,2
7483,1,1
7484,1,1
7486,2,2
7487,1,1
7488,1,1
7490,2,2
7491,1,1
7492,1,1
7494,2,2
7495,1,1
7496,1,1
7498,2,2
7499,1,1
7501,2,2
7502,1,1
7504,2,2
7505,1,1
7506,1,1
7508,2,2
7509,1,1
7510,1,1
7511,1,1
7513,1,2
7514,1,1
7515,1,1
7517,1,2
7518,1,1
7519,1,1
7521,2,2
7522,1,1
7523,1,1
7524,1,1
7526,1,2
7527,1,1
7528,1,1
7530,1,2
7531,1,1
7532,1,1
7534,1,2
7535,1,1
7536,1,1
7538,1,2
7539,1,1
7540,1,1
7542,1,2
7543,1,1
7544,1,1
7546,1,2
7547,1,1
7548,1,1
7549,1,1
7551,1,2
7552,1,1
7553,1,1
7554,0,1
7556,1,2
7557,1,1
7559,2,2
7560,1,1
7561,1,1
7562,1,1
7564,2,2
7565,1,1
7566,1,1
7567,1,1
7569,1,2
7570,1,1
7571,1,1
7573,1,2
7574,1,1
7575,1,1
7577,1,2
7578,1,1
7579,1,1
7580,0,1
7582,1,2
7583,1,1
7584,0,1
7586,1,2
7587,1,1
7588,0,1
7590,1,2
7591,1,1
7592,0,1
7594,1,2
7595,1,1
7597,1,2
7598,1,1
7599,1,1
7600,0,1
7602,1,2
7603,1,1
7604,1,1
7606,1,2
7607,1,1
7608,1,1
7610,1,2
7611,1,1
7612,1,1
7614,1,2
7615,1,1
7616,1,1
7617,0,1
7619,1,2
7620,1,1
7621,0,1
7623,1,2
7624,1,1
7626,1,2
7627,1,1
7628,1,1
7630,1,2
7631,1,1
7632,1,1
7634,1,2
7635,1,1
7636,1,1
7638,1,2
7639,1,1
7640,1,1
7642,1,2
7643,1,1
7644,1,1
7645,1,1
7647,1,2
7648,1,1
7649,1,1
7651,1,2
7652,1,1
7653,1,1
7654,1,1
7656,1,2
7657,1,1
7658,1,1
7660,2,2
7661,1,1
7662,1,1
7665,3,3
7665,1,0
7666,1,1
7668,1,2
7669,1,1
7670,1,1
7672,1,2
7673,1,1
7675,2,2
7676,1,1
7677,1,1
7678,1,1
7680,1,2
7681,1,1
7682,1,1
7684,2,2
7685,1,1
7686,1,1
7687,1,1
7689,1,2
7690,1,1
7691,1,1
7692,1,1
7694,1,2
7695,1,1
7697,2,2
7698,1,1
7699,1,1
7700,1,1
7702,1,2
7703,1,1
7704,1,1
7706,2,2
7707,1,1
7708,1,1
7710,2,2
7711,1,1
7712,1,1
7713,1,1
7715,2,2
7716,1,1
7717,1,1
7719,2,2
7720,1,1
7721,1,1
7722,1,1
7724,1,2
7725,1,1
7726,1,1
7728,1,2
7729,1,1
7730,1,1
7732,1,2
7733,1,1
7734,1,1
7736,2,2
7737,1,1
7738,1,1
7740,2,2
7741,1,1
7742,1,1
7744,2,2
7745,1,1
7746,1,1
7747,1,1
7749,2,2
7750,1,1
7751,1,1
7752,1,1
7754,1,2
7755,1,1
7756,1,1
7758,2,2
7759,1,1
7760,1,1
7762,2,2
7763,1,1
7764,1,1
7765,1,1
7767,1,2
7768,1,1
7769,1,1
7771,2,2
7772,1,1
7773,1,1
7774,1,1
7776,1,2
7777,1,1
7778,1,1
7780,2,2
7781,1,1
7782,1,1
7784,2,2
7785,1,1
7786,1,1
7787,1,1
7789,2,2
7790,1,1
7791,1,1
7792,1,1
7794,1,2
7795,1,1
7797,2,2
7798,1,1
7799,1,1
7800,1,1
7802,2,2
7803,1,1
7804,1,1
7805,1,1
7807,1,2
7808,1,1
7809,1,1
7811,2,2
7812,1,1
7813,1,1
7815,2,2
7816,1,1
7817,1,1
7818,1,1
7820,2,2
7821,1,1
7822,1,1
7824,2,2
7825,1,1
7826,1,1
7827,1,1
7829,2,2
7830,1,1
7831,1,1
7833,2,2
7834,1,1
7835,1,1
7836,1,1
7838,1,2
7839,1,1
7840,1,1
7842,2,2
7843,1,1
7844,1,1
7846,1,2
7847,1,1
7849,2,2
7850,1,1
7851,1,1
7853,1,2
7854,1,1
7855,1,1
7857,1,2
7858,1,1
7860,2,2
7861,1,1
7862,1,1
7864,1,2
7865,1,1
7866,1,1
7868,1,2
7870,1,2
7872,2,2
7873,1,1
7874,1,1
7876,2,2
7877,1,1
7878,1,1
7880,1,2
7881,1,1
7882,1,1
7884,1,2
7885,1,1
7886,1,1
7888,1,2
7889,1,1
7891,2,2
7892,1,1
7893,1,1
7895,1,2
7896,1,1
7897,1,1
7899,1,2
7900,1,1
7902,1,2
7903,1,1
7905,2,2
7906,1,1
7907,1,1
7909,1,2
7910,1,1
7911,1,1
7913,1,2
7914,1,1
7915,1,1
7917,1,2
7918,1,1
7919,1,1
7921,1,2
7922,1,1
7923,1,1
7925,1,2
7926,1,1
7928,1,2
7929,1,1
7930,1,1
7932,1,2
7933,1,1
7935,2,2
7936,1,1
7937,1,1
7939,1,2
7940,1,1
7941,1,1
7943,1,2
7944,1,1
7946,2,2
7947,1,1
7948,1,1
7950,1,2
7951,1,1
7952,1,1
7953,1,1
7955,1,2
7956,1,1
7957,1,1
7959,2,2
7960,1,1
7961,1,1
7962,1,1
7964,1,2
7965,1,1
7966,1,1
7967,1,1
7969,1,2
7970,1,1
7971,1,1
7972,1,1
7974,1,2
7975,1,1
7976,1,1
7977,1,1
7979,1,2
7980,1,1
7981,1,1
7983,1,2
7984,1,1
7985,1,1
7986,1,1
7988,1,2
7989,1,1
7990,1,1
7991,1,1
7992,0,1
7994,1,2
7995,1,1
7996,1,1
7998,1,2
7999,1,1
8000,1,1
8001,1,1
8003,1,2
8004,1,1
8005,1,1
8007,1,2
8008,1,1
8009,1,1
8010,1,1
8012,1,2
8013,1,1
8014,1,1
8015,1,1
8017,2,2
8018,1,1
8019,1,1
8020,1,1
8022,1,2
8023,1,1
8024,1,1
8025,1,1
8027,1,2
8028,1,1
8029,1,1
8031,2,2
8032,1,1
8033,1,1
8034,1,1
8036,2,2
8037,1,1
8038,1,1
8039,1,1
8040,1,1
8042,1,2
8043,1,1
8044,1,1
8045,1,1
8047,2,2
8048,1,1
8049,1,1
8050,1,1
8052,2,2
8053,1,1
8054,1,1
8055,1,1
8056,1,1
8058,1,2
8059,1,1
8060,1,1
8061,1,1
8063,1,2
8064,1,1
8065,1,1
8066,1,1
8067,1,1
8069,1,2
8070,1,1
8071,1,1
8072,1,1
8074,1,2
8075,1,1
8076,1,1
8077,1,1
8079,1,2
8080,1,1
8081,1,1
8082,1,1
8084,2,2
8085,1,1
8086,1,1
8087,1,1
8088,1,1
8090,1,2
8091,1,1
8092,1,1
8094,2,2
8095,1,1
8096,1,1
8097,1,1
8099,2,2
8100,1,1
8101,1,1
8102,1,1
8104,2,2
8106,2,2
8107,2,1
8108,1,1
8109,1,1
8110,1,1
8111,1,1
8113,1,2
8114,1,1
8115,1,1
8117,2,2
8118,1,1
8119,1,1
8120,1,1
8121,1,1
8123,1,2
8124,1,1
8126,2,2
8127,1,1
8128,1,1
8130,2,2
8130,1,0
8132,1,2
8133,1,1
8134,1,1
8135,1,1
8136,0,1
8138,1,2
8139,1,1
8140,1,1
8142,1,2
8143,1,1
8144,1,1
8145,1,1
8147,1,2
8148,1,1
8149,1,1
8150,1,1
8152,1,2
8153,1,1
8154,1,1
8155,1,1
8157,1,2
8158,1,1
8159,1,1
8160,1,1
8161,0,1
8163,1,2
8164,1,1
8165,1,1
8167,1,2
8168,1,1
8169,1,1
8170,1,1
8172,1,2
8173,1,1
8174,1,1
8175,1,1
8177,1,2
8178,1,1
8179,1,1
8180,1,1
8182,1,2
8183,1,1
8184,1,1
8185,1,1
8187,2,2
8188,1,1
8189,1,1
8190,1,1
8192,2,2
8193,1,1
8194,1,1
8195,1,1
8196,1,1
8198,1,2
8199,1,1
8200,1,1
8203,3,3
8203,1,0
8205,2,2
8206,2,1
8207,1,1
8208,1,1
8209,1,1
8211,2,2
8212,1,1
8213,1,1
8214,1,1
8216,2,2
8217,1,1
8218,1,1
8220,2,2
8221,1,1
8223,2,2
8224,1,1
8225,1,1
8226,1,1
8228,2,2
8229,1,1
8230,1,1
8231,1,1
8232,1,1
8234,2,2
8235,1,1
8236,1,1
8237,1,1
8238,1,1
8240,1,2
8241,1,1
8243,2,2
8244,2,1
8245,1,1
8246,1,1
8248,2,2
8249,1,1
8250,1,1
8251,1,1
8252,1,1
8254,1,2
8255,1,1
8256,1,1
8258,2,2
8259,1,1
8260,1,1
8261,1,1
8263,2,2
8264,1,1
8265,1,1
8266,1,1
8268,1,2
8269,1,1
8270,1,1
8271,1,1
8273,1,2
8274,1,1
8275,1,1
8277,2,2
8278,1,1
8279,1,1
8281,2,2
8282,1,1
8283,1,1
8284,1,1
8286,2,2
8287,1,1
8288,1,1
8289,1,1
8291,2,2
8292,1,1
8294,2,2
8295,2,1
8296,1,1
8297,1,1
8298,1,1
8300,2,2
8301,1,1
8302,1,1
8303,1,1
8305,1,2
8306,1,1
8307,1,1
8308,1,1
8310,1,2
8311,1,1
8312,1,1
8313,1,1
8315,1,2
8316,1,1
8317,1,1
8319,2,2
8320,1,1
8321,1,1
8322,1,1
8324,2,2
8325,1,1
8326,1,1
8327,1,1
8328,1,1
8330,1,2
8331,1,1
8332,1,1
8333,1,1
8335,1,2
8336,1,1
8337,1,1
8338,1,1
8340,1,2
8341,1,1
8342,1,1
8344,2,2
8345,1,1
8346,1,1
8347,1,1
8349,2,2
8350,1,1
8351,1,1
8352,1,1
8354,2,2
8355,1,1
8356,1,1
8357,1,1
8359,2,2
8360,1,1
8361,1,1
8362,1,1
8363,1,1
8365,1,2
8366,1,1
8367,1,1
8368,1,1
8370,2,2
8371,1,1
8372,1,1
8373,1,1
8375,2,2
8376,1,1
8377,1,1
8378,1,1
8379,1,1
8381,1,2
8382,1,1
8383,1,1
8384,1,1
8386,2,2
8387,1,1
8388,1,1
8389,1,1
8391,2,2
8392,1,1
8393,1,1
8394,1,1
8396,2,2
8397,1,1
8398,1,1
8399,1,1
8400,1,1
8402,1,2
8403,1,1
8404,1,1
8405,1,1
8407,2,2
8408,1,1
8409,1,1
8410,1,1
8412,2,2
8413,1,1
8414,1,1
8415,1,1
8416,1,1
8418,1,2
8419,1,1
8420,1,1
8421,1,1
8423,2,2
8424,1,1
8425,1,1
8426,1,1
8428,2,2
8429,1,1
8430,1,1
8431,1,1
8432,1,1
8434,1,2
8435,1,1
8436,1,1
8437,1,1
8439,2,2
8440,1,1
8441,1,1
8442,1,1
8447,5,5
8447,3,0
8450,5,3
8450,4,0
8450,3,0
8451,2,1
8451,1,0
8452,1,1
8453,1,1
8455,2,2
8456,1,1
8457,1,1
8458,1,1
8460,1,2
8461,1,1
8462,1,1
8463,1,1
8464,1,1
8466,1,2
8467,1,1
8468,1,1
8470,2,2
8471,1,1
8472,1,1
8474,2,2
8475,1,1
8476,1,1
8477,1,1
8478,1,1
8480,2,2
8481,1,1
8482,1,1
8483,1,1
8484,1,1
8486,1,2
8487,1,1
8488,1,1
8489,1,1
8491,1,2
8492,1,1
8493,1,1
8495,1,2
8496,1,1
8497,1,1
8499,2,2
8500,2,1
8501,1,1
8502,1,1
8503,1,1
8504,1,1
8506,1,2
8507,1,1
8508,1,1
8509,1,1
8511,1,2
8512,1,1
8513,1,1
8515,2,2
8516,1,1
8517,1,1
8518,1,1
8519,1,1
8521,1,2
8522,1,1
8523,1,1
8528,5,5
8528,3,0
8528,2,0
8529,2,1
8530,1,1
8531,1,1
8532,1,1
8533,1,1
8535,1,2
8536,1,1
8537,1,1
8539,1,2
8540,1,1
8541,1,1
8542,1,1
8544,1,2
8545,1,1
8546,1,1
8547,1,1
8549,1,2
8550,1,1
8551,1,1
8553,1,2
8554,1,1
8555,1,1
8556,0,1
8558,1,2
8559,1,1
8560,1,1
8562,1,2
8563,1,1
8564,1,1
8566,1,2
8567,1,1
8568,1,1
8569,0,1
8571,1,2
8572,1,1
8573,1,1
8575,1,2
8576,1,1
8577,1,1
8579,1,2
8580,1,1
8581,1,1
8583,1,2
8584,1,1
8585,1,1
8586,1,1
8588,1,2
8589,1,1
8590,1,1
8592,1,2
8593,1,1
8594,1,1
8595,1,1
8597,1,2
8598,1,1
8599,1,1
8600,0,1
8602,1,2
8603,1,1
8604,1,1
8606,1,2
8607,1,1
8608,1,1
8610,1,2
8611,1,1
8612,1,1
8613,1,1
8615,1,2
8616,1,1
8617,1,1
8619,1,2
8620,1,1
8621,1,1
8623,1,2
8624,1,1
8625,1,1
8627,2,2
8628,1,1
8629,1,1
8630,1,1
8632,1,2
8633,1,1
8635,2,2
8636,2,1
8640,4,4
8643,6,3
8643,5,0
8643,3,0
8644,3,1
8644,2,0
8645,1,1
8646,1,1
8647,1,1
8648,1,1
8650,1,2
8651,1,1
8652,1,1
8653,1,1
8655,1,2
8656,1,1
8657,1,1
8658,1,1
8660,1,2
8661,1,1
8662,1,1
8664,2,2
8665,1,1
8666,1,1
8667,1,1
8669,2,2
8670,1,1
8671,1,1
8672,1,1
8673,1,1
8675,1,2
8676,1,1
8677,1,1
8679,2,2
8680,1,1
8681,1,1
8682,1,1
8684,2,2
8685,1,1
8686,1,1
8687,1,1
8689,2,2
8690,1,1
8691,1,1
8692,1,1
8694,1,2
8695,1,1
8696,1,1
8698,2,2
8699,1,1
8700,1,1
8701,1,1
8703,1,2
8704,1,1
8705,1,1
8707,2,2
8708,1,1
8709,1,1
8710,1,1
8712,2,2
8713,1,1
8714,1,1
8715,1,1
8716,1,1
8718,1,2
8719,1,1
8720,1,1
8722,1,2
8723,1,1
8724,1,1
8725,1,1
8727,1,2
8728,1,1
8729,1,1
8731,2,2
8732,1,1
8733,1,1
8734,1,1
8736,1,2
8737,1,1
8738,1,1
8739,1,1
8741,1,2
8742,1,1
8743,1,1
8745,2,2
8746,1,1
8747,1,1
8748,1,1
8750,1,2
8751,1,1
8752,1,1
8753,1,1
8755,1,2
8756,1,1
8757,1,1
8759,2,2
8760,1,1
8761,1,1
8762,1,1
8764,2,2
8765,1,1
8766,1,1
8767,1,1
8769,1,2
8770,1,1
8771,1,1
8772,1,1
8774,1,2
8775,1,1
8776,1,1
8778,2,2
8779,1,1
8780,1,1
8781,1,1
8783,2,2
8784,1,1
8785,1,1
8786,1,1
8788,1,2
8789,1,1
8790,1,1
8792,2,2
8793,1,1
8794,1,1
8795,1,1
8797,2,2
8798,1,1
8799,1,1
8800,1,1
8802,2,2
8803,1,1
8804,1,1
8805,1,1
8807,1,2
8808,1,1
8809,1,1
8811,2,2
8812,1,1
8813,1,1
8814,1,1
8815,1,1
8817,1,2
8818,1,1
8819,1,1
8820,1,1
8822,1,2
8823,1,1
8825,2,2
8825,0,0
8827,1,2
8828,1,1
8830,2,2
8831,1,1
8833,2,2
8833,1,0
8834,1,1
8836,1,2
8837,1,1
8838,1,1
8839,1,1
8841,1,2
8842,1,1
8843,1,1
8845,2,2
8846,1,1
8847,1,1
8849,2,2
8850,1,1
8851,1,1
8852,1,1
8854,1,2
8855,1,1
8856,1,1
8857,0,1
8859,1,2
8860,1,1
8862,1,2
8863,1,1
8864,1,1
8866,1,2
8867,1,1
8868,1,1
8870,1,2
8871,1,1
8873,1,2
8874,1,1
8875,1,1
8877,1,2
8878,1,1
8879,1,1
8881,1,2
8882,1,1
8884,2,2
8885,1,1
8886,1,1
8888,1,2
8889,1,1
8890,1,1
8892,1,2
8893,1,1
8895,2,2
8896,1,1
8897,1,1
8898,1,1
8900,1,2
8901,1,1
8902,1,1
8904,2,2
8905,1,1
8906,1,1
8908,2,2
8909,1,1
8910,1,1
8911,1,1
8913,1,2
8914,1,1
8915,1,1
8917,2,2
8918,1,1
8919,1,1
8920,1,1
8922,1,2
8923,1,1
8924,1,1
8926,1,2
8927,1,1
8928,1,1
8930,2,2
8932,2,2
8933,2,1
8934,2,1
8935,1,1
8936,1,1
8937,1,1
8939,1,2
8940,1,1
8944,4,4
8944,2,0
8946,3,2
8946,2,0
8947,1,1
8949,2,2
8950,2,1
8951,2,1
8952,1,1
8953,1,1
8954,1,1
8956,1,2
8958,1,2
8959,1,1
8960,1,1
8961,1,1
8963,1,2
8964,1,1
8965,1,1
8967,2,2
8968,1,1
8969,1,1
8970,1,1
8971,1,1
8973,1,2
8974,1,1
8975,1,1
8976,1,1
8978,1,2
8979,1,1
8980,1,1
8981,1,1
8983,1,2
8984,1,1
8985,1,1
8987,2,2
8988,1,1
8989,1,1
8990,1,1
8991,1,1
8993,1,2
8995,1,2
9000,1,5
9003,2,3
9004,1,1
9005,1,1
9006,1,1
9008,2,2
9009,1,1
9011,2,2
9011,1,0
9013,1,2
9014,1,1
9015,1,1
9016,1,1
9018,1,2
9019,1,1
9020,1,1
9022,1,2
9023,1,1
9024,1,1
9025,1,1
9027,1,2
9028,1,1
9029,1,1
9030,1,1
9032,1,2
9033,1,1
9034,1,1
9036,1,2
9037,1,1
9038,1,1
9039,1,1
9041,1,2
9042,1,1
9043,1,1
9044,1,1
9046,1,2
9047,1,1
9048,1,1
9049,1,1
9051,1,2
9052,1,1
9053,1,1
9055,1,2
9056,1,1
9057,1,1
9059,2,2
9060,1,1
9061,1,1
9062,1,1
9064,1,2
9065,1,1
9066,1,1
9068,2,2
9069,1,1
9070,1,1
9071,1,1
9073,1,2
9074,1,1
9075,1,1
9077,1,2
9078,1,1
9079,1,1
9081,2,2
9082,1,1
9083,1,1
9084,1,1
9086,1,2
9087,1,1
9088,1,1
9090,1,2
9091,1,1
9092,1,1
9094,2,2
9095,1,1
9096,1,1
9098,2,2
9099,1,1
9100,1,1
9102,2,2
9103,1,1
9104,1,1
9105,1,1
9107,1,2
9108,1,1
9109,1,1
9111,1,2
9112,1,1
9113,1,1
9115,2,2
9116,1,1
9117,1,1
9118,1,1
9120,2,2
9121,1,1
9122,1,1
9123,1,1
9125,1,2
9126,1,1
9127,1,1
9129,2,2
9130,1,1
9131,1,1
9133,2,2
9134,2,1
9135,1,1
9136,1,1
9138,2,2
9139,1,1
9140,1,1
9141,1,1
9143,2,2
9144,1,1
9145,1,1
9147,2,2
9148,1,1
9149,1,1
9150,1,1
9152,2,2
9153,1,1
9154,1,1
9155,1,1
9157,2,2
9158,1,1
9159,1,1
9160,1,1
9162,2,2
9163,1,1
9164,1,1
9166,2,2
9167,1,1
9168,1,1
9169,1,1
9171,2,2
9172,1,1
9173,1,1
9174,1,1
9176,2,2
9177,1,1
9178,1,1
9179,1,1
9181,1,2
9182,1,1
9183,1,1
9185,2,2
9186,1,1
9187,1,1
9188,1,1
9190,1,2
9191,1,1
9192,1,1
9194,2,2
9195,1,1
9196,1,1
9197,1,1
9199,2,2
9201,2,2
9201,1,0
9203,2,2
9204,1,1
9205,1,1
9206,1,1
9208,2,2
9209,1,1
9210,1,1
9211,1,1
9213,1,2
9214,1,1
9216,1,2
9217,1,1
9218,1,1
9220,1,2
9221,1,1
9222,1,1
9224,2,2
9225,1,1
9226,1,1
9227,1,1
9229,1,2
9230,1,1
9231,1,1
9233,2,2
9234,1,1
9235,1,1
9237,2,2
9239,1,2
9240,1,1
9242,1,2
9244,1,2
9246,1,2
9248,1,2
9250,1,2
9251,1,1
9252,1,1
9254,1,2
9255,1,1
9256,1,1
9257,1,1
9259,1,2
9260,1,1
9261,1,1
9263,2,2
9264,1,1
9265,1,1
9266,1,1
9268,2,2
9269,1,1
9270,1,1
9271,1,1
9273,2,2
9274,1,1
9275,1,1
9276,1,1
9278,1,2
9279,1,1
9280,1,1
9281,1,1
9283,1,2
9284,1,1
9285,1,1
9287,2,2
9288,1,1
9289,1,1
9290,1,1
9291,1,1
9293,1,2
9294,1,1
9295,1,1
9296,1,1
9298,1,2
9303,5,5
9304,5,1
9304,3,0
9304,2,0
9304,1,0
9305,0,1
9307,1,2
9308,1,1
9309,1,1
9311,1,2
9312,1,1
9313,1,1
9314,1,1
9316,1,2
9317,1,1
9318,1,1
9320,2,2
9321,1,1
9322,1,1
9323,1,1
9324,1,1
9327,2,3
9329,3,2
9329,1,0
9330,1,1
9331,1,1
9332,1,1
9334,1,2
9335,1,1
9336,1,1
9337,1,1
9339,1,2
9340,1,1
9341,1,1
9343,2,2
9344,1,1
9345,1,1
9346,1,1
9348,2,2
9349,1,1
9350,1,1
9351,1,1
9352,0,1
9354,1,2
9355,1,1
9356,1,1
9358,1,2
9359,1,1
9360,1,1
9361,1,1
9363,1,2
9364,1,1
9365,1,1
9367,1,2
9368,1,1
9369,1,1
9370,1,1
9371,0,1
9373,1,2
9374,1,1
9375,1,1
9377,1,2
9378,1,1
9379,1,1
9380,0,1
9382,1,2
9383,1,1
9385,2,2
9386,1,1
9387,1,1
9388,0,1
9390,1,2
9391,1,1
9392,1,1
9393,0,1
9395,1,2
9396,1,1
9397,1,1
9399,2,2
9400,1,1
9401,1,1
9402,1,1
9403,1,1
9404,0,1
9406,1,2
9407,1,1
9408,1,1
9410,1,2
9411,1,1
9412,1,1
9413,0,1
9415,1,2
9416,1,1
9417,0,1
9419,1,2
9420,1,1
9422,2,2
9423,1,1
9424,1,1
9425,1,1
9427,1,2
9428,1,1
9429,1,1
9430,1,1
9431,0,1
9433,1,2
9434,1,1
9435,1,1
9437,1,2
9438,1,1
9439,1,1
9440,1,1
9442,1,2
9445,3,3
9446,3,1
9448,4,2
9448,2,0
9449,2,1
9449,1,0
9450,1,1
9452,1,2
9453,1,1
9454,1,1
9456,1,2
9457,1,1
9458,1,1
9460,2,2
9461,1,1
9462,1,1
9463,1,1
9465,1,2
9466,1,1
9467,1,1
9468,1,1
9470,1,2
9471,1,1
9472,1,1
9474,1,2
9475,1,1
9476,1,1
9478,1,2
9479,1,1
9480,1,1
9482,2,2
9483,1,1
9484,1,1
9485,1,1
9487,1,2
9488,1,1
9489,1,1
9491,1,2
9492,1,1
9493,1,1
9494,1,1
9496,1,2
9497,1,1
9498,1,1
9499,1,1
9501,1,2
9502,1,1
9503,1,1
9504,0,1
9506,1,2
9507,1,1
9508,1,1
9510,1,2
9511,1,1
9512,1,1
9514,1,2
9515,1,1
9516,1,1
9517,1,1
9519,1,2
9520,1,1
9521,1,1
9523,1,2
9524,1,1
9525,1,1
9527,2,2
9528,1,1
9529,1,1
9530,1,1
9531,0,1
9533,1,2
9534,1,1
9535,1,1
9537,1,2
9538,1,1
9539,1,1
9540,1,1
9542,1,2
9543,1,1
9544,1,1
9546,1,2
9547,1,1
9548,1,1
9549,1,1
9551,1,2
9552,1,1
9553,1,1
9555,1,2
9556,1,1
9557,1,1
9558,1,1
9560,1,2
9561,1,1
9562,1,1
9563,1,1
9565,1,2
9566,1,1
9567,1,1
9568,1,1
9570,1,2
9571,1,1
9572,1,1
9573,1,1
9575,1,2
9576,1,1
9577,1,1
9579,1,2
9580,1,1
9581,1,1
9582,1,1
9584,1,2
9585,1,1
9586,1,1
9587,1,1
9589,1,2
9590,1,1
9591,1,1
9592,1,1
9594,1,2
9595,1,1
9596,1,1
9597,0,1
9599,1,2
9600,1,1
9601,1,1
9603,1,2
9604,1,1
9606,2,2
9607,1,1
9608,1,1
9609,1,1
9611,2,2
9612,1,1
9613,1,1
9614,1,1
9616,2,2
9617,1,1
9618,1,1
9619,1,1
9621,2,2
9622,1,1
9623,1,1
9624,1,1
9626,1,2
9627,1,1
9628,1,1
9629,1,1
9631,1,2
9632,1,1
9633,1,1
9635,1,2
9636,1,1
9637,1,1
9638,1,1
9640,1,2
9641,1,1
9642,1,1
9643,1,1
9645,1,2
9646,1,1
9647,1,1
9648,1,1
9649,0,1
9651,1,2
9652,1,1
9654,2,2
9655,1,1
9656,1,1
9657,1,1
9659,2,2
9660,1,1
9661,1,1
9662,1,1
9663,1,1
9665,1,2
9666,1,1
9667,1,1
9668,1,1
9670,1,2
9671,1,1
9672,1,1
9673,0,1
9675,1,2
9676,1,1
9677,1,1
9679,1,2
9680,1,1
9681,1,1
9682,1,1
9684,1,2
9685,1,1
9686,1,1
9687,1,1
9689,1,2
9690,1,1
9691,1,1
9693,2,2
9694,1,1
9695,1,1
9696,1,1
9698,1,2
9699,1,1
9700,1,1
9701,0,1
9703,1,2
9704,1,1
9706,2,2
9708,2,2
9708,1,0
9709,1,1
9711,1,2
9712,1,1
9713,1,1
9714,1,1
9716,1,2
9717,1,1
9718,1,1
9720,1,2
9721,1,1
9722,1,1
9723,1,1
9725,1,2
9726,1,1
9727,1,1
9728,1,1
9730,1,2
9731,1,1
9732,1,1
9733,1,1
9735,1,2
9736,1,1
9737,1,1
9739,1,2
9740,1,1
9741,1,1
9743,2,2
9744,1,1
9745,1,1
9746,1,1
9748,1,2
9749,1,1
9750,1,1
9751,1,1
9753,1,2
9754,1,1
9755,1,1
9756,1,1
9758,1,2
9759,1,1
9760,1,1
9762,2,2
9763,1,1
9764,1,1
9765,1,1
9767,1,2
9768,1,1
9769,1,1
9771,2,2
9772,1,1
9773,1,1
9774,1,1
9776,1,2
9777,1,1
9778,1,1
9780,2,2
9781,1,1
9782,1,1
9783,1,1
9785,1,2
9786,1,1
9787,1,1
9789,2,2
9790,1,1
9791,1,1
9792,1,1
9794,2,2
9795,1,1
9796,1,1
9798,2,2
9799,1,1
9800,1,1
9802,2,2
9803,1,1
9804,1,1
9805,1,1
9807,1,2
9808,1,1
9809,1,1
9811,2,2
9812,1,1
9813,1,1
9814,1,1
9816,1,2
9817,1,1
9818,1,1
9820,2,2
9821,1,1
9822,1,1
9823,1,1
9824,1,1
9826,1,2
9827,1,1
9828,1,1
9829,1,1
9831,1,2
9832,1,1
9833,1,1
9835,2,2
9836,1,1
9837,1,1
9838,1,1
9839,1,1
9841,1,2
9842,1,1
9843,1,1
9845,2,2
9846,1,1
9847,1,1
9848,1,1
9849,1,1
9851,1,2
9852,1,1
9853,1,1
9854,1,1
9856,1,2
9857,1,1
9858,1,1
9860,2,2
9861,1,1
9862,1,1
9863,1,1
9864,1,1
9866,1,2
9867,1,1
9869,2,2
9870,2,1
9871,1,1
9872,1,1
9873,1,1
9875,1,2
9876,1,1
9877,1,1
9878,1,1
9880,1,2
9881,1,1
9882,1,1
9883,1,1
9885,1,2
9886,1,1
9887,1,1
9888,1,1
9889,0,1
9891,1,2
9892,1,1
9893,1,1
9895,1,2
9896,1,1
9897,1,1
9898,1,1
9900,1,2
9901,1,1
9902,1,1
9903,1,1
9905,1,2
9906,1,1
9907,1,1
9908,0,1
9910,1,2
9911,1,1
9912,1,1
9914,1,2
9915,1,1
9916,1,1
9917,0,1
9919,1,2
9920,1,1
9922,2,2
9923,1,1
9924,1,1
9925,1,1
9927,1,2
9928,1,1
9929,1,1
9931,2,2
9932,1,1
9933,1,1
9935,2,2
9936,1,1
9937,1,1
9939,2,2
9940,1,1
9941,1,1
9942,1,1
9944,1,2
9945,1,1
9947,2,2
9948,1,1
9949,1,1
9951,2,2
9952,1,1
9953,1,1
9955,1,2
9956,1,1
9958,2,2
9962,4,4
9965,3,3
9965,2,0
9966,1,1
9967,1,1
9968,1,1
9969,1,1
9971,1,2
9972,1,1
9973,1,1
9975,1,2
9976,1,1
9977,1,1
9978,1,1
9980,2,2
9981,1,1
9982,1,1
9983,1,1
9984,1,1
9986,1,2
9987,1,1
9989,2,2
9990,1,1
9991,1,1
9992,1,1
9993,1,1
9994,0,1
9996,1,2
9997,1,1
9998,1,1
10000,1,2
10001,1,1
10002,1,1
10004,1,2
10005,1,1
10006,1,1
10007,1,1
10009,1,2
10010,1,1
10011,1,1
10013,1,2
10014,1,1
10015,1,1
10017,2,2
10018,1,1
10019,1,1
10020,1,1
10022,1,2
10023,1,1
10024,1,1
10026,1,2
10027,1,1
10028,1,1
10030,2,2
10031,1,1
10032,1,1
10033,1,1
10035,1,2
10036,1,1
10037,1,1
10039,2,2
10040,1,1
10041,1,1
10042,1,1
10044,1,2
10045,1,1
10046,1,1
10047,1,1
10049,1,2
10050,1,1
10051,1,1
10052,1,1
10054,1,2
10055,1,1
10056,1,1
10058,1,2
10059,1,1
10060,1,1
10062,2,2
10063,1,1
10064,1,1
10065,1,1
10066,1,1
10068,1,2
10069,1,1
10070,1,1
10072,1,2
10073,1,1
10074,1,1
10075,1,1
10077,1,2
10078,1,1
10079,1,1
10080,1,1
10082,1,2
10083,1,1
10084,1,1
10085,0,1
10087,1,2
10088,1,1
10090,2,2
10091,1,1
10092,1,1
10093,1,1
10094,1,1
10096,1,2
10097,1,1
10098,1,1
10100,2,2
10101,1,1
10102,1,1
10103,1,1
10105,2,2
10106,1,1
10107,1,1
10108,1,1
10110,2,2
10111,1,1
10112,1,1
10113,1,1
10115,2,2
10116,1,1
10117,1,1
10118,1,1
10120,2,2
10121,1,1
10122,1,1
10123,1,1
10125,2,2
10126,1,1
10127,1,1
10128,1,1
10130,2,2
10131,1,1
10132,1,1
10133,1,1
10135,2,2
10136,1,1
10137,1,1
10138,1,1
10140,2,2
10141,1,1
10142,1,1
10143,1,1
10145,2,2
10146,1,1
10147,1,1
10148,1,1
10150,1,2
10151,1,1
10152,1,1
10153,1,1
10155,1,2
10156,1,1
10157,1,1
10159,2,2
10160,1,1
10161,1,1
10162,1,1
10164,2,2
10165,1,1
10166,1,1
10167,1,1
10169,2,2
10170,1,1
10171,1,1
10172,1,1
10174,2,2
10175,1,1
10176,1,1
10178,2,2
10179,1,1
10180,1,1
10181,1,1
10183,2,2
10184,1,1
10185,1,1
10186,1,1
10188,2,2
10189,1,1
10190,1,1
10191,1,1
10193,1,2
10194,1,1
10195,1,1
10197,2,2
10198,1,1
10199,1,1
10200,1,1
10202,2,2
10203,1,1
10204,1,1
10205,1,1
10207,2,2
10208,1,1
10209,1,1
10210,1,1
10212,1,2
10213,1,1
10214,1,1
10215,1,1
10217,1,2
10218,1,1
10219,1,1
10221,2,2
10222,1,1
10223,1,1
10224,1,1
10226,2,2
10227,1,1
10228,1,1
10229,1,1
10231,2,2
10232,1,1
10233,1,1
10234,1,1
10236,2,2
10237,1,1
10238,1,1
10239,1,1
10241,2,2
10242,1,1
10243,1,1
10245,2,2
10246,1,1
10247,1,1
10248,1,1
10250,2,2
10251,1,1
10252,1,1
10253,1,1
10255,1,2
10256,1,1
10257,1,1
10258,1,1
10260,1,2
10263,3,3
10263,2,0
10265,3,2
10265,1,0
10266,1,1
10268,1,2
10269,1,1
10270,1,1
10271,1,1
10273,1,2
10274,1,1
10276,1,2
10277,1,1
10279,1,2
10280,1,1
10282,1,2
10283,1,1
10285,1,2
10286,1,1
10288,2,2
10289,1,1
10290,1,1
10292,1,2
10293,1,1
10295,1,2
10296,1,1
10298,1,2
10299,1,1
10300,1,1
10302,1,2
10303,1,1
10305,1,2
10306,1,1
10308,1,2
10309,1,1
10311,1,2
10312,1,1
10314,1,2
10315,1,1
10317,1,2
10318,1,1
10320,1,2
10321,1,1
10323,1,2
10324,1,1
10326,1,2
10327,1,1
10329,1,2
10330,1,1
10332,1,2
10333,1,1
10335,2,2
10336,1,1
10338,1,2
10339,1,1
10341,1,2
10342,1,1
10344,2,2
10345,1,1
10347,2,2
10348,1,1
10350,2,2
10351,1,1
10353,1,2
10354,1,1
10356,2,2
10357,1,1
10359,2,2
10360,1,1
10362,2,2
10363,1,1
10365,2,2
10366,1,1
10368,2,2
10369,1,1
10371,2,2
10372,1,1
10374,2,2
10375,1,1
10377,2,2
10378,1,1
10380,2,2
10381,1,1
10383,2,2
10384,1,1
10386,2,2
10387,1,1
10389,1,2
10390,1,1
10392,2,2
10393,1,1
10395,2,2
10396,1,1
10398,2,2
10399,1,1
10401,2,2
10402,1,1
10403,1,1
10405,1,2
10407,2,2
10408,1,1
10409,1,1
10411,1,2
10413,1,2
10414,1,1
10416,2,2
10417,1,1
10419,2,2
10420,1,1
10422,2,2
10423,1,1
10424,1,1
10426,1,2
10428,2,2
10429,1,1
10430,1,1
10432,1,2
10433,1,1
10435,1,2
10437,2,2
10438,1,1
10439,1,1
10441,1,2
10443,2,2
10448,4,5
10450,5,2
10450,3,0
10452,3,2
10452,2,0
10453,2,1
10454,2,1
10455,1,1
10456,1,1
10458,2,2
10459,1,1
10460,1,1
10462,2,2
10463,1,1
10464,1,1
10465,1,1
10467,2,2
10468,1,1
10469,1,1
10471,2,2
10472,1,1
10473,1,1
10475,2,2
10476,1,1
10477,1,1
10478,1,1
10480,2,2
10481,1,1
10482,1,1
10483,1,1
10485,1,2
10486,1,1
10487,1,1
10489,2,2
10490,1,1
10491,1,1
10492,1,1
10494,1,2
10495,1,1
10496,1,1
10498,1,2
10499,1,1
10500,1,1
10502,2,2
10503,1,1
10504,1,1
10505,1,1
10507,1,2
10508,1,1
10509,1,1
10511,2,2
10512,1,1
10513,1,1
10515,2,2
10516,1,1
10517,1,1
10518,1,1
10520,1,2
10521,1,1
10522,1,1
10524,2,2
10525,1,1
10526,1,1
10528,2,2
10529,1,1
10530,1,1
10531,1,1
10533,1,2
10534,1,1
10535,1,1
10536,1,1
10538,1,2
10539,1,1
10540,1,1
10542,1,2
10543,1,1
10544,1,1
10546,2,2
10547,1,1
10548,1,1
10549,1,1
10551,1,2
10552,1,1
10553,1,1
10555,1,2
10556,1,1
10557,1,1
10558,1,1
10560,1,2
10561,1,1
10562,1,1
10564,1,2
10565,1,1
10566,1,1
10567,1,1
10569,1,2
10570,1,1
10571,1,1
10573,1,2
10574,1,1
10575,1,1
10576,1,1
10578,1,2
10579,1,1
10580,1,1
10581,0,1
10583,1,2
10584,1,1
10585,1,1
10587,1,2
10588,1,1
10589,1,1
10591,1,2
10592,1,1
10593,1,1
10595,1,2
10596,1,1
10597,1,1
10599,2,2
10600,1,1
10601,1,1
10602,1,1
10604,1,2
10605,1,1
10606,1,1
10608,2,2
10609,1,1
10610,1,1
10611,1,1
10612,0,1
10614,1,2
10615,1,1
10617,2,2
10618,1,1
10619,1,1
10620,1,1
10622,1,2
10623,1,1
10624,1,1
10625,1,1
10627,1,2
10628,1,1
10629,1,1
10631,1,2
10632,1,1
10633,1,1
10635,1,2
10636,1,1
10637,1,1
10638,1,1
10640,1,2
10641,1,1
10642,1,1
10643,1,1
10645,1,2
10646,1,1
10647,1,1
10649,2,2
10650,1,1
10651,1,1
10652,1,1
10654,1,2
10655,1,1
10656,1,1
10657,1,1
10659,1,2
10660,1,1
10661,1,1
10663,2,2
10664,1,1
10665,1,1
10666,1,1
10668,1,2
10669,1,1
10670,1,1
10671,1,1
10673,1,2
10674,1,1
10675,1,1
10677,2,2
10678,1,1
10679,1,1
10680,1,1
10682,1,2
10683,1,1
10684,1,1
10686,2,2
10687,1,1
10688,1,1
10689,1,1
10691,1,2
10692,1,1
10693,1,1
10695,2,2
10696,1,1
10697,1,1
10698,1,1
10700,1,2
10701,1,1
10702,1,1
10703,1,1
10705,1,2
10706,1,1
10707,1,1
10709,2,2
10710,1,1
10711,1,1
10712,1,1
10714,1,2
10715,1,1
10716,1,1
10717,1,1
10719,1,2
10720,1,1
10721,1,1
10722,1,1
10723,1,1
10725,1,2
10726,1,1
10727,1,1
10728,0,1
10730,1,2
10731,1,1
10732,1,1
10734,1,2
10735,1,1
10736,1,1
10738,1,2
10739,1,1
10740,1,1
10741,1,1
10743,1,2
10744,1,1
10745,1,1
10747,1,2
10748,1,1
10749,1,1
10750,1,1
10752,1,2
10753,1,1
10754,1,1
10755,1,1
10757,1,2
10758,1,1
10759,1,1
10760,1,1
10762,1,2
10763,1,1
10764,1,1
10766,1,2
10767,1,1
10768,1,1
10769,1,1
10771,1,2
10772,1,1
10773,1,1
10775,1,2
10776,1,1
10777,1,1
10778,1,1
10780,1,2
10781,1,1
10782,1,1
10784,2,2
10785,1,1
10786,1,1
10787,1,1
10789,2,2
10790,1,1
10791,1,1
10792,1,1
10794,1,2
10795,1,1
10796,1,1
10798,2,2
10799,1,1
10800,1,1
10801,1,1
10803,1,2
10804,1,1
10805,1,1
10806,1,1
10808,1,2
10809,1,1
10810,1,1
10812,2,2
10813,1,1
10814,1,1
10815,1,1
10816,1,1
10818,2,2
10819,1,1
10820,1,1
10821,1,1
10822,1,1
10824,1,2
10825,1,1
10826,1,1
10828,2,2
10829,1,1
10830,1,1
10831,1,1
10833,1,2
10834,1,1
10835,1,1
10836,1,1
10838,1,2
10839,1,1
10840,1,1
10841,1,1
10843,1,2
10844,1,1
10845,1,1
10847,2,2
10848,1,1
10849,1,1
10850,1,1
10851,1,1
10853,1,2
10854,1,1
10855,1,1
10857,2,2
10858,1,1
10859,1,1
10860,1,1
10862,1,2
10863,1,1
10864,1,1
10865,1,1
10867,1,2
10868,1,1
10869,1,1
10871,2,2
10872,1,1
10873,1,1
10874,1,1
10876,2,2
10877,1,1
10878,1,1
10879,1,1
10881,2,2
10882,1,1
10883,1,1
10884,1,1
10885,1,1
10887,1,2
10888,1,1
10889,1,1
10890,1,1
10892,1,2
10893,1,1
10894,1,1
10896,1,2
10897,1,1
10898,1,1
10899,1,1
10901,1,2
10902,1,1
10903,1,1
10904,1,1
10906,1,2
10907,1,1
10908,1,1
10909,0,1
10911,1,2
10912,1,1
10913,1,1
10916,2,3
10916,1,0
10917,1,1
10919,1,2
10921,1,2
10923,1,2
10925,1,2
10927,1,2
10929,1,2
10930,1,1
10931,1,1
10933,2,2
10934,1,1
10935,1,1
10936,1,1
10937,1,1
10939,2,2
10940,1,1
10941,1,1
10942,1,1
10943,1,1
10945,1,2
10946,1,1
10947,1,1
10948,1,1
10950,2,2
10951,1,1
10952,1,1
10953,1,1
10954,1,1
10956,1,2
10957,1,1
10958,1,1
10959,1,1
10961,2,2
10962,1,1
10963,1,1
10964,1,1
10965,1,1
10967,1,2
10968,1,1
10969,1,1
10970,1,1
10972,2,2
10973,1,1
10974,1,1
10975,1,1
10976,1,1
10977,1,1
10979,1,2
10980,1,1
10981,1,1
10983,2,2
10985,2,2
10986,1,1
10987,1,1
10988,1,1
10989,1,1
10990,1,1
10992,1,2
10993,1,1
10994,1,1
10995,1,1
10997,2,2
10998,1,1
10999,1,1
11000,1,1
11001,1,1
11003,1,2
11004,1,1
11005,1,1
11007,2,2
11008,1,1
11009,1,1
11010,1,1
11012,1,2
11013,1,1
11014,1,1
11015,1,1
11016,1,1
11018,1,2
11019,1,1
11020,1,1
11022,1,2
11023,1,1
11024,1,1
11025,1,1
11027,1,2
11028,1,1
11029,1,1
11030,1,1
11032,1,2
11033,1,1
11034,1,1
11035,1,1
11037,1,2
11038,1,1
11039,1,1
11040,1,1
11042,1,2
11043,1,1
11044,1,1
11045,1,1
11047,1,2
11048,1,1
11049,1,1
11050,0,1
11052,1,2
11053,1,1
11054,1,1
11056,1,2
11057,1,1
11058,1,1
11059,1,1
11061,1,2
11062,1,1
11063,1,1
11064,1,1
11066,1,2
11067,1,1
11068,1,1
11069,1,1
11071,1,2
11072,1,1
11073,1,1
11075,1,2
11076,1,1
11077,1,1
11078,1,1
11079,0,1
11081,1,2
11082,1,1
11083,1,1
11085,1,2
11086,1,1
11087,1,1
11088,1,1
11090,1,2
11091,1,1
11092,1,1
11093,1,1
11095,1,2
11096,1,1
11097,1,1
11098,1,1
11100,1,2
11101,1,1
11102,1,1
11103,1,1
11105,1,2
11106,1,1
11107,1,1
11108,1,1
11110,1,2
11111,1,1
11112,1,1
11114,2,2
11115,1,1
11116,1,1
11117,1,1
11119,1,2
11120,1,1
11121,1,1
11122,1,1
11124,1,2
11125,1,1
11126,1,1
11128,2,2
11129,1,1
11130,1,1
11131,1,1
11133,2,2
11134,1,1
11135,1,1
11136,1,1
11138,1,2
11139,1,1
11140,1,1
11141,1,1
11143,1,2
11144,1,1
11145,1,1
11147,2,2
11148,1,1
11149,1,1
11150,1,1
11152,2,2
11153,1,1
11154,1,1
11155,1,1
11157,1,2
11158,1,1
11159,1,1
11160,1,1
11162,1,2
11163,1,1
11164,1,1
11165,1,1
11167,1,2
11168,1,1
11170,2,2
11171,1,1
11172,1,1
11173,1,1
11174,1,1
11176,1,2
11177,1,1
11178,1,1
11180,2,2
11181,1,1
11182,1,1
11183,1,1
11185,1,2
11186,1,1
11187,1,1
11189,1,2
11190,1,1
11191,1,1
11192,1,1
11194,1,2
11195,1,1
11196,1,1
11198,1,2
11199,1,1
11200,1,1
11202,2,2
11203,1,1
11204,1,1
11205,1,1
11207,1,2
11208,1,1
11209,1,1
11211,2,2
11212,1,1
11213,1,1
11215,2,2
11216,1,1
11217,1,1
11218,1,1
11219,1,1
11221,1,2
11222,1,1
11223,1,1
11225,2,2
11226,1,1
11227,1,1
11228,1,1
11230,1,2
11231,1,1
11232,1,1
11233,1,1
11235,1,2
11236,1,1
11237,1,1
11239,2,2
11240,1,1
11241,1,1
11243,2,2
11244,1,1
11245,1,1
11246,1,1
11247,1,1
11249,1,2
11250,1,1
11251,1,1
11253,1,2
11254,1,1
11255,1,1
11256,1,1
11258,1,2
11259,1,1
11260,1,1
11262,2,2
11263,1,1
11264,1,1
11265,1,1
11267,1,2
11268,1,1
11269,1,1
11270,1,1
11272,1,2
11273,1,1
11274,1,1
11275,1,1
11277,1,2
11278,1,1
11279,1,1
11281,2,2
11282,1,1
11283,1,1
11284,1,1
11285,0,1
11287,1,2
11288,1,1
11289,1,1
11291,1,2
11292,1,1
11293,1,1
11295,2,2
11296,1,1
11297,1,1
11298,1,1
11300,1,2
11301,1,1
11302,1,1
11304,2,2
11305,1,1
11306,1,1
11307,1,1
11309,2,2
11310,1,1
11311,1,1
11312,1,1
11314,1,2
11315,1,1
11316,1,1
11317,1,1
11319,1,2
11320,1,1
11321,1,1
11323,2,2
11324,1,1
11325,1,1
11326,1,1
11328,1,2
11329,1,1
11330,1,1
11332,2,2
11333,1,1
11334,1,1
11335,1,1
11336,1,1
11338,1,2
11339,1,1
11340,1,1
11342,2,2
11343,1,1
11344,1,1
11345,1,1
11347,1,2
11348,1,1
11349,1,1
11351,2,2
11352,1,1
11353,1,1
11354,1,1
11356,1,2
11357,1,1
11358,1,1
11359,1,1
11361,1,2
11362,1,1
11363,1,1
11364,1,1
11365,0,1
11367,1,2
11368,1,1
11369,0,1
11371,1,2
11372,1,1
11373,1,1
11375,1,2
11376,1,1
11377,1,1
11378,1,1
11380,1,2
11381,1,1
11382,1,1
11383,1,1
11385,1,2
11386,1,1
11387,1,1
11389,1,2
11390,1,1
11391,1,1
11392,1,1
11393,0,1
11395,1,2
11396,1,1
11397,1,1
11399,1,2
11400,1,1
11401,1,1
11403,2,2
11404,1,1
11405,1,1
11406,1,1
11407,1,1
11409,1,2
11410,1,1
11411,1,1
11412,1,1
11413,1,1
11415,1,2
11416,1,1
11417,1,1
11418,1,1
11420,1,2
11421,1,1
11422,1,1
11423,1,1
11425,1,2
11426,1,1
11427,1,1
11428,1,1
11430,1,2
11431,1,1
11432,1,1
11433,1,1
11435,1,2
11436,1,1
11437,1,1
11438,1,1
11440,1,2
11441,1,1
11442,1,1
11447,5,5
11447,3,0
11448,3,1
11448,2,0
11449,2,1
11450,1,1
11451,1,1
11452,1,1
11454,2,2
11455,1,1
11456,1,1
11458,2,2
11459,1,1
11460,1,1
11461,1,1
11463,1,2
11464,1,1
11465,1,1
11467,2,2
11468,1,1
11469,1,1
11471,2,2
11472,1,1
11473,1,1
11474,1,1
11476,1,2
11477,1,1
11478,1,1
11479,1,1
11481,1,2
11482,1,1
11483,1,1
11485,1,2
11486,1,1
11487,1,1
11489,2,2
11490,1,1
11491,1,1
11493,2,2
11494,1,1
11495,1,1
11496,1,1
11498,2,2
11499,1,1
11500,1,1
11502,2,2
11503,1,1
11504,1,1
11506,2,2
11507,1,1
11508,1,1
11509,1,1
11511,2,2
11512,1,1
11513,1,1
11515,2,2
11516,1,1
11517,1,1
11518,1,1
11520,1,2
11521,1,1
11522,1,1
11524,2,2
11525,1,1
11526,1,1
11527,1,1
11529,1,2
11530,1,1
11531,1,1
11533,2,2
11534,1,1
11535,1,1
11537,2,2
11538,1,1
11539,1,1
11541,1,2
11542,1,1
11543,1,1
11545,1,2
11546,1,1
11547,1,1
11549,1,2
11550,1,1
11552,2,2
11553,1,1
11554,1,1
11556,1,2
11557,1,1
11558,1,1
11560,1,2
11561,1,1
11562,1,1
11564,1,2
11565,1,1
11566,1,1
11568,1,2
11569,1,1
11570,1,1
11572,1,2
11573,1,1
11574,1,1
11576,1,2
11577,1,1
11578,1,1
11580,1,2
11581,1,1
11583,2,2
11584,1,1
11585,1,1
11587,1,2
11588,1,1
11589,1,1
11591,1,2
11592,1,1
11594,2,2
11595,1,1
11596,1,1
11598,1,2
11599,1,1
11600,1,1
11602,1,2
11603,1,1
11604,1,1
11606,1,2
11607,1,1
11609,2,2
11610,1,1
11611,1,1
11613,1,2
11614,1,1
11615,1,1
11617,1,2
11618,1,1
11620,2,2
11621,1,1
11622,1,1
11624,1,2
11625,1,1
11626,1,1
11628,1,2
11629,1,1
11631,1,2
11632,1,1
11634,2,2
11635,1,1
11637,2,2
11638,1,1
11639,1,1
11641,2,2
11643,2,2
11644,1,1
11646,2,2
11646,1,0
11648,1,2
11649,1,1
11651,2,2
11652,1,1
11653,1,1
11655,2,2
11656,2,1
11657,1,1
11658,1,1
11660,2,2
11661,2,1
11662,1,1
11663,1,1
11664,1,1
11666,2,2
11667,1,1
11668,1,1
11670,2,2
11671,1,1
11672,1,1
11673,1,1
11675,2,2
11676,1,1
11677,1,1
11679,2,2
11680,1,1
11681,1,1
11682,1,1
11684,2,2
11685,1,1
11686,1,1
11687,1,1
11689,1,2
11690,1,1
11692,2,2
11693,1,1
11694,1,1
11695,1,1
11697,2,2
11698,1,1
11699,1,1
11701,2,2
11702,1,1
11703,1,1
11704,1,1
11705,1,1
11707,1,2
11708,1,1
11709,1,1
11711,2,2
11712,1,1
11713,1,1
11715,2,2
11716,2,1
11717,1,1
11718,1,1
11719,1,1
11721,2,2
11722,1,1
11723,1,1
11724,1,1
11726,2,2
11727,1,1
11728,1,1
11730,2,2
11731,1,1
11732,1,1
11733,1,1
11735,2,2
11736,1,1
11737,1,1
11738,1,1
11740,2,2
11741,1,1
11742,1,1
11743,1,1
11744,1,1
11746,1,2
11747,1,1
11749,2,2
11750,1,1
11751,1,1
11752,1,1
11753,1,1
11755,1,2
11756,1,1
11757,1,1
11758,1,1
11760,1,2
11761,1,1
11762,1,1
11764,2,2
11765,1,1
11766,1,1
11767,1,1
11768,1,1
11770,1,2
11771,1,1
11772,1,1
11774,1,2
11775,1,1
11777,2,2
11778,1,1
11779,1,1
11780,1,1
11782,1,2
11783,1,1
11784,1,1
11786,1,2
11787,1,1
11788,1,1
11789,1,1
11791,1,2
11792,1,1
11793,1,1
11795,2,2
11796,1,1
11797,1,1
11798,1,1
11800,2,2
11801,1,1
11802,1,1
11803,1,1
11805,1,2
11807,2,2
11807,1,0
11809,1,2
11810,1,1
11811,1,1
11813,2,2
11814,1,1
11815,1,1
11816,1,1
11817,1,1
11819,1,2
11820,1,1
11821,1,1
11823,2,2
11824,1,1
11825,1,1
11828,1,3
11831,3,3
11831,1,0
11832,1,1
11833,1,1
11835,1,2
11836,1,1
11837,1,1
11839,2,2
11840,1,1
11841,1,1
11842,1,1
11844,2,2
11845,1,1
11846,1,1
11847,1,1
11849,2,2
11850,1,1
11851,1,1
11852,1,1
11854,1,2
11855,1,1
11856,1,1
11858,1,2
11859,1,1
11860,1,1
11862,2,2
11863,1,1
11864,1,1
11865,1,1
11867,1,2
11868,1,1
11869,1,1
11871,2,2
11872,1,1
11873,1,1
11874,1,1
11876,1,2
11877,1,1
11878,1,1
11879,1,1
11881,1,2
11882,1,1
11883,1,1
11884,1,1
11886,1,2
11887,1,1
11888,1,1
11890,1,2
11891,1,1
11892,1,1
11894,2,2
11895,1,1
11897,2,2
11898,2,1
11899,1,1
11900,1,1
11901,1,1
11903,1,2
11904,1,1
11905,1,1
11907,1,2
11908,1,1
11909,1,1
11911,1,2
11912,1,1
11913,1,1
11915,2,2
11916,1,1
11917,1,1
11918,1,1
11920,2,2
11921,1,1
11922,1,1
11923,1,1
11925,1,2
11926,1,1
11927,1,1
11929,2,2
11930,1,1
11931,1,1
11932,1,1
11934,2,2
11935,1,1
11936,1,1
11937,1,1
11939,1,2
11940,1,1
11941,1,1
11943,2,2
11944,1,1
11945,1,1
11946,1,1
11948,1,2
11949,1,1
11950,1,1
11952,2,2
11953,1,1
11954,1,1
11955,1,1
11957,1,2
11958,1,1
11959,1,1
11961,2,2
11962,1,1
11963,1,1
11964,1,1
11965,0,1
11967,1,2
11968,1,1
11969,1,1
11971,1,2
11972,1,1
11973,1,1
11975,1,2
11976,1,1
11977,1,1
11979,1,2
11980,1,1
11981,1,1
11982,1,1
11984,1,2
11985,1,1
11986,1,1
11988,2,2
11989,1,1
11990,1,1
11991,1,1
11993,1,2
11994,1,1
11995,1,1
11997,2,2
11998,1,1
12000,1,2
12002,2,2
12003,1,1
12004,1,1
12005,1,1
12007,2,2
12008,1,1
12009,1,1
12010,1,1
12011,1,1
12013,1,2
12014,1,1
12015,1,1
12017,2,2
12018,2,1
12019,1,1
12020,1,1
12021,1,1
12023,2,2
12024,1,1
12025,1,1
12026,1,1
12027,1,1
12029,1,2
12030,1,1
12031,1,1
12032,1,1
12033,1,1
12035,1,2
12036,1,1
12037,1,1
12039,2,2
12040,2,1
12041,1,1
12042,1,1
12044,2,2
12044,1,0
12046,1,2
12047,1,1
12048,1,1
12049,1,1
12051,2,2
12052,1,1
12053,1,1
12054,1,1
12055,1,1
12057,1,2
12058,1,1
12059,1,1
12060,1,1
12061,0,1
12063,1,2
12064,1,1
12065,1,1
12067,1,2
12068,1,1
12069,1,1
12070,1,1
12072,1,2
12073,1,1
12074,1,1
12075,1,1
12076,0,1
12078,1,2
12079,1,1
12080,1,1
12081,1,1
12083,1,2
12084,1,1
12085,1,1
12087,1,2
12088,1,1
12089,1,1
12090,1,1
12092,1,2
12093,1,1
12094,1,1
12095,1,1
12097,1,2
12098,1,1
12099,1,1
12100,1,1
12101,1,1
12103,1,2
12104,1,1
12107,3,3
12107,1,0
12108,1,1
12109,1,1
12111,2,2
12112,1,1
12113,1,1
12115,2,2
12116,1,1
12117,1,1
12118,1,1
12120,2,2
12121,1,1
12122,1,1
12123,1,1
12124,1,1
12126,1,2
12127,1,1
12128,1,1
12129,0,1
12131,1,2
12132,1,1
12133,1,1
12135,1,2
12136,1,1
12137,1,1
12138,0,1
12140,1,2
12141,1,1
12142,1,1
12144,1,2
12145,1,1
12146,1,1
12147,1,1
12149,1,2
12150,1,1
12151,1,1
12153,1,2
12154,1,1
12155,1,1
12156,1,1
12158,1,2
12159,1,1
12160,1,1
12161,1,1
12163,1,2
12164,1,1
12165,1,1
12167,1,2
12168,1,1
12169,1,1
12170,1,1
12172,1,2
12173,1,1
12174,1,1
12175,0,1
12177,1,2
12178,1,1
12179,1,1
12181,1,2
12182,1,1
12183,1,1
12185,2,2
12186,1,1
12187,1,1
12188,1,1
12190,1,2
12191,1,1
12192,1,1
12193,1,1
12195,1,2
12196,1,1
12197,1,1
12198,1,1
12200,1,2
12201,1,1
12202,1,1
12203,1,1
12205,1,2
12206,1,1
12207,1,1
12208,1,1
12210,1,2
12211,1,1
12212,1,1
12213,0,1
12215,1,2
12216,1,1
12218,2,2
12219,1,1
12220,1,1
12221,1,1
12223,1,2
12224,1,1
12225,1,1
12226,1,1
12228,1,2
12229,1,1
12230,1,1
12231,1,1
12232,1,1
12234,1,2
12235,1,1
12236,1,1
12238,1,2
12239,1,1
12240,1,1
12242,1,2
12243,1,1
12244,1,1
12245,1,1
12247,1,2
12248,1,1
12249,1,1
12250,1,1
12252,1,2
12253,1,1
12254,1,1
12255,1,1
12257,1,2
12258,1,1
12259,1,1
12261,1,2
12262,1,1
12263,1,1
12264,1,1
12265,0,1
12267,1,2
12268,1,1
12269,1,1
12271,1,2
12272,1,1
12273,1,1
12275,1,2
12276,1,1
12277,1,1
12278,0,1
12280,1,2
12281,1,1
12282,1,1
12284,1,2
12285,1,1
12286,1,1
12287,1,1
12289,1,2
12290,1,1
12291,1,1
12292,1,1
12294,1,2
12295,1,1
12296,1,1
12297,0,1
12299,1,2
12300,1,1
12301,1,1
12303,1,2
12304,1,1
12305,1,1
12307,1,2
12308,1,1
12309,1,1
12311,1,2
12312,1,1
12314,1,2
12315,1,1
12317,2,2
12318,1,1
12319,1,1
12321,1,2
12322,1,1
12324,1,2
12325,1,1
12327,2,2
12328,1,1
12329,1,1
12331,1,2
12332,1,1
12334,1,2
12335,1,1
12337,2,2
12338,1,1
12339,1,1
12341,1,2
12342,1,1
12344,2,2
12345,1,1
12346,1,1
12348,1,2
12349,1,1
12351,2,2
12352,1,1
12353,1,1
12355,1,2
12356,1,1
12357,1,1
12359,1,2
12360,1,1
12362,1,2
12363,1,1
12364,1,1
12366,1,2
12367,1,1
12369,1,2
12370,1,1
12371,1,1
12373,1,2
12374,1,1
12376,2,2
12377,1,1
12378,1,1
12380,1,2
12381,1,1
12383,2,2
12384,1,1
12385,1,1
12386,0,1
12388,1,2
12389,1,1
12391,1,2
12392,1,1
12394,1,2
12395,1,1
12396,1,1
12398,1,2
12399,1,1
12400,1,1
12402,1,2
12403,1,1
12404,1,1
12406,1,2
12407,1,1
12408,1,1
12410,1,2
12411,1,1
12413,1,2
12414,1,1
12415,1,1
12417,1,2
12418,1,1
12420,2,2
12421,1,1
12422,1,1
12424,1,2
12425,1,1
12426,1,1
12428,1,2
12429,1,1
12430,1,1
12432,1,2
12433,1,1
12434,1,1
12436,1,2
12437,1,1
12439,1,2
12440,1,1
12441,1,1
12443,1,2
12447,4,4
12447,3,0
12449,3,2
12449,2,0
12449,1,0
12451,1,2
12452,1,1
12453,1,1
12455,1,2
12456,1,1
12457,1,1
12458,1,1
12460,1,2
12461,1,1
12462,1,1
12464,2,2
12465,1,1
12466,1,1
12467,1,1
12468,1,1
12470,1,2
12471,1,1
12472,1,1
12474,2,2
12475,1,1
12476,1,1
12477,1,1
12479,2,2
12480,1,1
12481,1,1
12482,1,1
12484,2,2
12485,1,1
12486,1,1
12487,1,1
12489,1,2
12490,1,1
12491,1,1
12492,1,1
12494,1,2
12495,1,1
12496,1,1
12498,2,2
12499,1,1
12500,1,1
12501,1,1
12503,1,2
12504,1,1
12505,1,1
12507,1,2
12508,1,1
12509,1,1
12511,2,2
12512,1,1
12513,1,1
12514,1,1
12515,1,1
12517,1,2
12518,1,1
12519,1,1
12521,2,2
12522,1,1
12523,1,1
12524,1,1
12526,1,2
12527,1,1
12528,1,1
12530,2,2
12531,1,1
12532,1,1
12533,1,1
12535,1,2
12536,1,1
12537,1,1
12538,1,1
12540,1,2
12541,1,1
12542,1,1
12543,1,1
12545,1,2
12546,1,1
12547,1,1
12549,1,2
12550,1,1
12551,1,1
12552,1,1
12553,0,1
12555,1,2
12556,1,1
12557,1,1
12559,1,2
12560,1,1
12561,1,1
12563,1,2
12564,1,1
12565,1,1
12566,1,1
12568,1,2
12569,1,1
12570,1,1
12572,2,2
12573,1,1
12574,1,1
12575,1,1
12576,0,1
12578,1,2
12579,1,1
12580,1,1
12581,0,1
12583,1,2
12584,1,1
12585,1,1
12587,1,2
12588,1,1
12589,1,1
12591,2,2
12592,1,1
12593,1,1
12594,1,1
12596,2,2
12597,1,1
12598,1,1
12599,1,1
12601,1,2
12602,1,1
12603,1,1
12604,1,1
12606,1,2
12607,1,1
12608,1,1
12609,0,1
12611,1,2
12612,1,1
12613,1,1
12615,1,2
12616,1,1
12617,1,1
12619,1,2
12620,1,1
12621,1,1
12622,1,1
12624,1,2
12625,1,1
12626,1,1
12627,1,1
12629,2,2
12630,1,1
12631,1,1
12633,2,2
12634,1,1
12635,1,1
12636,1,1
12638,2,2
12639,1,1
12640,1,1
12641,1,1
12643,1,2
12644,1,1
12645,1,1
12647,2,2
12648,1,1
12649,1,1
12650,1,1
12651,1,1
12653,1,2
12654,1,1
12655,1,1
12657,2,2
12658,1,1
12659,1,1
12661,2,2
12662,1,1
12663,1,1
12664,1,1
12666,2,2
12667,1,1
12668,1,1
12670,2,2
12671,1,1
12672,1,1
12673,1,1
12675,2,2
12676,1,1
12677,1,1
12678,1,1
12680,1,2
12681,1,1
12682,1,1
12683,1,1
12685,1,2
12686,1,1
12687,1,1
12689,2,2
12690,1,1
12691,1,1
12693,2,2
12693,0,0
12695,1,2
12696,1,1
12697,1,1
12699,1,2
12700,1,1
12701,1,1
12703,2,2
12704,1,1
12705,1,1
12706,1,1
12708,1,2
12709,1,1
12710,1,1
12712,2,2
12713,1,1
12714,1,1
12715,1,1
12716,0,1
12718,1,2
12719,1,1
12721,2,2
12722,1,1
12723,1,1
12724,1,1
12725,1,1
12727,1,2
12728,1,1
12729,1,1
12731,1,2
12733,2,2
12734,1,1
12735,1,1
12737,1,2
12738,1,1
12739,1,1
12741,1,2
12742,1,1
12743,1,1
12745,2,2
12746,1,1
12747,1,1
12749,2,2
12750,1,1
12751,1,1
12752,1,1
12754,1,2
12755,1,1
12756,1,1
12758,2,2
12759,1,1
12760,1,1
12761,1,1
12762,1,1
12764,1,2
12765,1,1
12766,1,1
12768,1,2
12769,1,1
12770,1,1
12771,1,1
12773,1,2
12774,1,1
12775,1,1
12777,1,2
12778,1,1
12779,1,1
12780,1,1
12782,1,2
12783,1,1
12784,1,1
12786,1,2
12787,1,1
12788,1,1
12790,1,2
12791,1,1
12792,1,1
12793,1,1
12795,1,2
12796,1,1
12797,1,1
12799,1,2
12800,1,1
12801,1,1
12802,1,1
12804,1,2
12805,1,1
12806,1,1
12807,1,1
12809,1,2
12810,1,1
12811,1,1
12813,1,2
12814,1,1
12815,1,1
12816,1,1
12818,1,2
12819,1,1
12820,1,1
12822,2,2
12823,1,1
12824,1,1
12825,1,1
12827,1,2
12828,1,1
12829,1,1
12831,2,2
12832,1,1
12833,1,1
12835,2,2
12836,1,1
12837,1,1
12838,1,1
12840,2,2
12841,1,1
12842,1,1
12843,1,1
12845,1,2
12846,1,1
12848,2,2
12849,1,1
12850,1,1
12851,1,1
12853,1,2
12854,1,1
12855,1,1
12857,2,2
12858,1,1
12859,1,1
12860,1,1
12862,2,2
12863,1,1
12864,1,1
12865,1,1
12867,1,2
12874,7,7
12876,1,2
12877,1,1
12879,2,2
12880,1,1
12881,1,1
12882,1,1
12884,2,2
12885,1,1
12886,1,1
12888,2,2
12889,1,1
12890,1,1
12891,1,1
12893,1,2
12894,1,1
12896,2,2
12897,2,1
12898,1,1
12899,1,1
12901,2,2
12902,1,1
12903,1,1
12904,1,1
12906,1,2
12907,1,1
12908,1,1
12909,0,1
12911,1,2
12912,1,1
12913,1,1
12915,1,2
12916,1,1
12917,1,1
12919,1,2
12920,1,1
12921,1,1
12923,2,2
12924,1,1
12925,1,1
12927,2,2
12928,1,1
12929,1,1
12930,1,1
12932,1,2
12933,1,1
12934,1,1
12935,1,1
12937,1,2
12938,1,1
12939,1,1
12941,1,2
12942,1,1
12943,1,1
12944,1,1
12946,1,2
12947,1,1
12948,1,1
12950,1,2
12951,1,1
12952,1,1
12953,1,1
12955,1,2
12956,1,1
12957,1,1
12959,1,2
12960,1,1
12961,1,1
12963,1,2
12964,1,1
12965,1,1
12967,2,2
12968,1,1
12969,1,1
12971,2,2
12972,1,1
12973,1,1
12974,1,1
12976,2,2
12977,1,1
12978,1,1
12979,1,1
12981,1,2
12982,1,1
12983,1,1
12984,1,1
12986,1,2
12987,1,1
12988,1,1
12989,1,1
12991,1,2
12992,1,1
12993,1,1
12995,1,2
12996,1,1
12997,1,1
12999,2,2
13000,1,1
13001,1,1
13002,1,1
13003,1,1
13005,1,2
13006,1,1
13007,1,1
13008,1,1
13009,0,1
13011,1,2
13012,1,1
13013,1,1
13015,1,2
13016,1,1
13017,1,1
13018,1,1
13019,1,1
13021,1,2
13022,1,1
13023,1,1
13024,1,1
13026,1,2
13027,1,1
13028,1,1
13029,1,1
13031,1,2
13032,1,1
13033,1,1
13035,1,2
13036,1,1
13037,1,1
13038,1,1
13040,1,2
13041,1,1
13042,1,1
13043,1,1
13045,1,2
13046,1,1
13047,1,1
13048,1,1
13050,1,2
13051,1,1
13052,1,1
13054,1,2
13055,1,1
13056,1,1
13057,0,1
13059,1,2
13060,1,1
13062,2,2
13063,1,1
13064,1,1
13065,1,1
13067,1,2
13068,1,1
13069,1,1
13071,2,2
13072,1,1
13073,1,1
13074,1,1
13076,1,2
13077,1,1
13078,1,1
13080,2,2
13081,1,1
13082,1,1
13083,1,1
13084,1,1
13086,1,2
13087,1,1
13088,1,1
13090,2,2
13091,1,1
13092,1,1
13093,1,1
13095,2,2
13096,1,1
13097,1,1
13098,1,1
13100,1,2
13101,1,1
13102,1,1
13104,2,2
13105,1,1
13106,1,1
13107,1,1
13109,2,2
13110,1,1
13111,1,1
13112,1,1
13114,2,2
13115,1,1
13116,1,1
13117,1,1
13119,1,2
13120,1,1
13121,1,1
13122,1,1
13124,1,2
13125,1,1
13126,1,1
13127,1,1
13129,1,2
13130,1,1
13131,1,1
13132,1,1
13134,1,2
13135,1,1
13136,1,1
13138,2,2
13139,1,1
13140,1,1
13141,1,1
13143,2,2
13144,1,1
13145,1,1
13147,2,2
13148,1,1
13149,1,1
13150,1,1
13151,1,1
13153,1,2
13154,1,1
13155,1,1
13157,2,2
13158,1,1
13159,1,1
13160,1,1
13162,1,2
13163,1,1
13164,1,1
13166,2,2
13167,1,1
13168,1,1
13169,1,1
13171,2,2
13172,1,1
13173,1,1
13174,1,1
13176,2,2
13177,1,1
13178,1,1
13179,1,1
13181,2,2
13182,1,1
13183,1,1
13184,1,1
13185,1,1
13187,1,2
13188,1,1
13190,2,2
13191,1,1
13192,1,1
13193,1,1
13194,1,1
13196,1,2
13197,1,1
13198,1,1
13199,1,1
13201,1,2
13202,1,1
13203,1,1
13204,1,1
13206,1,2
13207,1,1
13208,1,1
13210,2,2
13211,1,1
13212,1,1
13213,1,1
13215,1,2
13216,1,1
13217,1,1
13219,2,2
13220,1,1
13221,1,1
13222,1,1
13223,1,1
13225,1,2
13226,1,1
13227,1,1
13229,2,2
13230,1,1
13231,1,1
13232,1,1
13234,2,2
13235,1,1
13236,1,1
13237,1,1
13239,2,2
13240,1,1
13241,1,1
13242,1,1
13244,2,2
13245,1,1
13246,1,1
13248,2,2
13249,2,1
13250,1,1
13251,1,1
13252,1,1
13254,1,2
13255,1,1
13257,2,2
13258,2,1
13259,1,1
13260,1,1
13261,1,1
13263,1,2
13264,1,1
13265,1,1
13267,2,2
13268,1,1
13269,1,1
13270,1,1
13272,2,2
13273,2,1
