time (ms)
2
11
13
14
16
18
19
20
21
23
24
26
27
29
31
33
35
36
38
39
40
41
51
53
55
59
60
62
65
66
69
70
71
73
75
76
77
79
81
83
84
86
88
94
97
98
100
101
102
104
106
108
111
112
116
117
119
120
122
123
124
128
141
148
149
152
157
158
159
160
162
164
166
167
168
169
171
173
174
176
177
179
181
183
186
187
189
190
192
193
196
198
200
201
203
205
206
208
209
211
212
213
215
217
218
220
223
224
225
226
228
229
231
232
233
235
236
238
239
240
241
243
244
246
247
260
271
273
280
281
301
306
315
316
317
319
320
321
322
323
324
326
327
328
330
331
333
334
335
336
338
339
341
342
344
345
346
348
352
353
355
356
357
359
360
362
363
365
366
368
370
371
373
374
375
376
377
378
379
381
382
384
385
386
388
391
393
394
396
397
398
399
400
401
403
404
406
407
409
410
411
412
413
414
416
417
418
419
420
422
424
425
426
428
431
433
434
436
437
439
441
442
443
444
445
447
449
450
451
453
454
455
457
458
459
461
462
463
465
466
468
472
473
474
476
477
479
480
482
483
485
486
488
489
491
492
494
495
496
497
499
500
502
503
505
506
507
508
512
514
515
517
518
520
521
522
523
525
526
528
529
531
532
534
535
536
537
538
540
541
543
544
545
546
547
549
550
551
552
556
557
558
560
562
563
564
565
567
568
569
571
572
573
575
577
578
580
581
583
584
586
587
589
591
592
595
596
598
599
600
601
603
604
606
608
609
611
612
614
615
616
617
618
620
621
623
624
626
627
628
629
630
632
635
637
638
640
641
643
644
645
647
649
650
652
654
655
656
657
658
660
661
663
664
665
667
668
670
671
676
678
680
681
683
685
686
687
689
693
697
699
700
702
704
730
731
732
733
734
735
737
738
739
741
742
743
745
746
747
748
749
751
752
753
755
756
757
759
760
761
762
763
764
765
766
768
779
781
783
784
786
787
789
791
792
793
794
796
797
798
799
800
801
803
804
805
807
808
811
812
813
815
817
818
820
821
823
824
826
828
829
831
832
834
835
836
838
839
841
842
843
844
845
846
848
853
854
855
857
860
861
863
864
866
868
869
871
872
874
875
876
877
878
880
881
882
883
884
885
887
888
893
895
897
898
900
901
902
903
904
905
907
909
910
912
914
915
916
918
919
920
922
923
925
926
927
928
932
933
934
936
938
939
941
943
944
945
946
948
950
951
953
954
956
957
958
959
960
962
963
964
966
967
971
973
974
976
978
979
980
981
983
984
985
986
988
989
991
992
994
995
997
998
999
1001
1002
1004
1005
1006
1007
1008
1013
1015
1016
1018
1019
1020
1021
1022
1023
1024
1026
1027
1029
1031
1032
1034
1035
1036
1037
1038
1040
1041
1042
1044
1045
1047
1048
1052
1054
1056
1057
1059
1060
1062
1064
1065
1067
1068
1070
1072
1073
1075
1076
1078
1079
1080
1081
1082
1083
1085
1086
1088
1089
1091
1092
1099
1101
1103
1105
1106
1107
1108
1110
1111
1113
1114
1116
1117
1118
1120
1121
1123
1124
1126
1127
1128
1130
1131
1136
1140
1141
1143
1144
1146
1147
1149
1150
1152
1153
1155
1156
1158
1159
1160
1161
1163
1165
1166
1167
1169
1170
1171
1172
1173
1175
1176
1181
1183
1185
1186
1187
1188
1190
1192
1193
1195
1196
1198
1200
1202
1203
1205
1206
1207
1208
1209
1211
1212
1214
1215
1219
1221
1222
1224
1225
1227
1228
1229
1231
1233
1234
1236
1237
1239
1240
1242
1244
1245
1247
1248
1250
1251
1253
1254
1255
1260
1261
1262
1264
1265
1267
1268
1270
1272
1273
1275
1276
1278
1279
1281
1283
1284
1285
1286
1287
1289
1290
1292
1293
1295
1296
1300
1302
1303
1304
1305
1307
1308
1310
1311
1313
1314
1316
1317
1319
1321
1322
1324
1325
1327
1328
1329
1330
1331
1333
1334
1336
1340
1341
1342
1344
1346
1347
1349
1350
1352
1354
1355
1357
1358
1359
1360
1362
1363
1364
1365
1367
1368
1370
1371
1373
1374
1376
1380
1381
1382
1384
1385
1387
1388
1390
1392
1393
1395
1396
1398
1399
1401
1403
1404
1405
1407
1408
1409
1410
1412
1413
1415
1416
1421
1422
1423
1424
1425
1426
1428
1430
1431
1433
1434
1436
1437
1439
1441
1442
1444
1445
1447
1449
1451
1452
1453
1455
1456
1458
1459
1464
1465
1467
1470
1471
1472
1474
1475
1476
1477
1478
1479
1481
1483
1484
1485
1487
1489
1490
1492
1493
1495
1496
1498
1499
1504
1505
1507
1508
1509
1511
1512
1513
1515
1517
1518
1520
1521
1522
1523
1525
1526
1528
1529
1531
1532
1534
1535
1536
1537
1538
1539
1540
1541
1543
1544
1550
1552
1553
1555
1557
1558
1560
1561
1563
1564
1565
1566
1568
1569
1571
1572
1574
1576
1577
1579
1580
1582
1583
1584
1588
1589
1591
1593
1594
1596
1597
1599
1600
1602
1603
1606
1608
1609
1611
1612
1614
1616
1618
1619
1620
1622
1623
1624
1625
1626
1628
1632
1634
1635
1637
1638
1640
1641
1643
1644
1645
1646
1648
1649
1650
1652
1654
1655
1657
1658
1659
1661
1662
1663
1664
1665
1667
1668
1674
1675
1676
1678
1680
1681
1682
1684
1685
1686
1688
1689
1691
1692
1694
1696
1697
1699
1700
1702
1703
1704
1706
1707
1712
1713
1715
1717
1718
1720
1721
1723
1725
1726
1727
1728
1729
1731
1732
1733
1734
1735
1737
1738
1740
1741
1743
1744
1745
1747
1748
1750
1751
1756
1758
1759
1761
1763
1764
1765
1767
1769
1770
1771
1773
1774
1775
1777
1778
1779
1781
1783
1784
1785
1786
1787
1789
1790
1792
1796
1797
1799
1801
1803
1804
1806
1807
1809
1810
1811
1812
1814
1815
1817
1818
1820
1822
1823
1825
1826
1828
1829
1831
1832
1833
1835
1840
1842
1843
1844
1845
1847
1848
1849
1851
1853
1855
1856
1857
1859
1861
1863
1864
1865
1866
1867
1868
1870
1871
1872
1873
1874
1876
1880
1881
1882
1883
1884
1885
1887
1888
1890
1892
1893
1895
1896
1898
1900
1901
1903
1904
1905
1906
1908
1909
1911
1912
1913
1914
1915
1920
1921
1922
1924
1925
1927
1928
1930
1931
1932
1934
1935
1937
1938
1939
1940
1941
1942
1944
1945
1947
1948
1950
1951
1953
1954
1956
1960
1961
1962
1964
1966
1967
1969
1970
1972
1974
1976
1977
1979
1980
1982
1983
1985
1986
1988
1989
1990
1992
1993
1995
1996
2000
2001
2002
2003
2004
2005
2007
2008
2009
2011
2013
2014
2016
2017
2019
2020
2022
2023
2025
2026
2028
2029
2031
2032
2033
2035
2036
2038
2039
2044
2046
2047
2049
2051
2052
2053
2055
2057
2058
2060
2061
2063
2064
2066
2067
2069
2071
2072
2073
2074
2075
2076
2078
2079
2084
2085
2088
2089
2091
2092
2093
2095
2097
2099
2100
2102
2104
2105
2107
2108
2109
2111
2112
2113
2114
2115
2116
2117
2118
2120
2121
2123
2124
2130
2131
2133
2134
2135
2136
2137
2138
2139
2140
2141
2143
2144
2146
2147
2148
2149
2150
2151
2153
2154
2156
2157
2158
2160
2161
2163
2164
2168
2171
2173
2174
2176
2178
2179
2180
2182
2184
2186
2187
2188
2189
2190
2191
2192
2193
2194
2196
2197
2198
2199
2200
2201
2202
2203
2207
2209
2211
2213
2214
2216
2217
2218
2219
2220
2221
2222
2223
2224
2225
2226
2227
2228
2229
2230
2231
2233
2235
2236
2237
2239
2240
2242
2243
2245
2246
2248
2254
2256
2258
2259
2261
2262
2264
2265
2267
2268
2270
2271
2273
2275
2277
2278
2279
2281
2282
2284
2285
2286
2288
2291
2292
2294
2296
2297
2300
2302
2304
2305
2306
2307
2308
2309
2310
2312
2313
2315
2316
2317
2319
2320
2322
2323
2324
2326
2327
2331
2333
2334
2335
2336
2338
2339
2341
2342
2344
2345
2346
2347
2348
2350
2352
2353
2355
2356
2358
2359
2360
2362
2363
2365
2366
2367
2368
2374
2375
2377
2379
2381
2383
2384
2386
2387
2389
2391
2392
2394
2395
2397
2398
2400
2401
2402
2404
2405
2407
2408
2411
2412
2414
2415
2417
2419
2420
2421
2423
2425
2426
2428
2429
2431
2433
2434
2435
2436
2437
2438
2439
2440
2442
2443
2444
2445
2446
2448
2454
2455
2457
2459
2461
2463
2464
2465
2466
2467
2468
2469
2470
2472
2474
2475
2476
2478
2479
2480
2481
2482
2483
2484
2485
2487
2488
2494
2496
2497
2499
2501
2502
2503
2505
2507
2508
2510
2511
2512
2514
2515
2517
2518
2520
2521
2522
2524
2525
2527
2528
2531
2532
2533
2536
2537
2538
2539
2540
2541
2542
2543
2544
2545
2546
2547
2548
2550
2551
2553
2555
2556
2557
2559
2560
2562
2563
2564
2566
2567
2568
2572
2575
2576
2578
2580
2582
2583
2584
2586
2588
2589
2590
2591
2592
2593
2595
2596
2597
2599
2600
2601
2602
2603
2604
2605
2607
2608
2613
2616
2617
2618
2619
2620
2622
2624
2626
2628
2629
2631
2632
2634
2636
2637
2639
2641
2642
2644
2645
2647
2648
2649
2651
2652
2657
2658
2659
2661
2663
2664
2666
2667
2668
2669
2670
2671
2673
2674
2676
2677
2679
2680
2682
2683
2685
2686
2688
2689
2690
2692
2696
2698
2700
2701
2703
2705
2706
2708
2709
2711
2712
2714
2716
2717
2719
2720
2722
2723
2724
2725
2726
2728
2729
2731
2732
2736
2737
2739
2741
2742
2744
2745
2747
2748
2749
2750
2751
2752
2754
2755
2757
2758
2759
2760
2762
2764
2765
2767
2768
2769
2771
2772
2774
2775
2776
2780
2781
2782
2784
2786
2787
2789
2790
2792
2793
2795
2796
2798
2799
2800
2801
2803
2804
2805
2807
2809
2810
2812
2813
2815
2816
2820
2821
2823
2825
2826
2828
2829
2831
2832
2834
2835
2836
2837
2839
2840
2841
2842
2844
2845
2847
2848
2849
2851
2852
2854
2855
2856
2857
2858
2860
2864
2865
2867
2868
2870
2871
2873
2874
2876
2877
2878
2879
2881
2882
2884
2885
2887
2889
2890
2891
2892
2893
2895
2896
2898
2899
2904
2905
2906
2907
2908
2910
2911
2912
2913
2915
2916
2918
2919
2921
2922
2924
2926
2928
2929
2931
2932
2933
2935
2936
2937
2938
2940
2941
2942
2943
2944
2950
2951
2953
2954
2955
2956
2958
2959
2960
2961
2962
2963
2964
2965
2966
2968
2969
2971
2972
2974
2975
2977
2979
2980
2981
2983
2984
2989
2991
2993
2994
2995
2996
2997
2998
2999
3000
3001
3003
3004
3005
3007
3008
3009
3011
3012
3013
3014
3015
3016
3017
3019
3020
3021
3023
3024
3025
3026
3027
3032
3033
3034
3035
3037
3038
3039
3041
3042
3044
3045
3047
3049
3050
3052
3054
3055
3057
3058
3059
3060
3062
3064
3065
3067
3068
3072
3073
3075
3077
3078
3080
3081
3083
3084
3086
3087
3088
3089
3090
3091
3092
3093
3095
3096
3098
3099
3101
3103
3104
3105
3107
3108
3109
3110
3111
3116
3118
3119
3121
3122
3123
3124
3126
3128
3129
3130
3132
3134
3135
3137
3139
3140
3141
3143
3144
3145
3147
3148
3149
3151
3152
3157
3158
3159
3160
3161
3163
3164
3165
3167
3168
3169
3170
3172
3173
3175
3176
3177
3178
3180
3181
3182
3183
3185
3187
3188
3189
3191
3192
3193
3194
3195
3200
3202
3203
3205
3206
3208
3209
3211
3212
3214
3216
3217
3219
3220
3222
3223
3224
3225
3227
3228
3229
3231
3233
3234
3236
3240
3241
3243
3245
3246
3247
3248
3249
3251
3252
3254
3255
3256
3257
3259
3260
3262
3264
3265
3267
3268
3270
3271
3272
3274
3275
3277
3278
3279
3280
3284
3285
3286
3288
3290
3291
3292
3293
3295
3296
3297
3299
3301
3302
3304
3305
3307
3308
3309
3311
3313
3314
3316
3317
3319
3320
3324
3325
3327
3328
3329
3331
3332
3333
3335
3337
3338
3340
3341
3343
3344
3346
3347
3349
3351
3352
3353
3354
3355
3357
3358
3360
3361
3363
3364
3368
3370
3371
3373
3374
3376
3377
3379
3380
3382
3384
3385
3387
3388
3389
3391
3393
3395
3396
3397
3398
3399
3400
3402
3403
3408
3409
3410
3411
3413
3415
3416
3417
3418
3419
3421
3422
3424
3425
3427
3428
3430
3432
3433
3435
3436
3437
3439
3440
3441
3443
3444
3446
3447
3452
3453
3455
3456
3458
3459
3460
3461
3463
3464
3466
3467
3469
3470
3472
3474
3475
3477
3478
3486
3487
3488
3493
3495
3497
3499
3500
3501
3502
3503
3505
3507
3508
3509
3510
3511
3512
3513
3515
3516
3517
3519
3520
3522
3523
3524
3525
3526
3528
3529
3530
3531
3532
3541
3543
3545
3547
3548
3549
3550
3551
3553
3554
3555
3557
3559
3560
3562
3563
3564
3565
3566
3567
3568
3570
3571
3575
3577
3578
3579
3580
3581
3583
3584
3585
3586
3587
3588
3590
3591
3593
3594
3596
3597
3599
3600
3602
3604
3605
3606
3608
3609
3611
3612
3613
3614
3615
3620
3622
3624
3626
3628
3629
3631
3632
3634
3636
3637
3639
3641
3643
3644
3646
3648
3649
3651
3652
3654
3655
3659
3660
3662
3663
3664
3665
3666
3668
3669
3671
3672
3674
3675
3677
3678
3680
3681
3683
3684
3686
3687
3689
3690
3692
3693
3694
3696
3700
3701
3702
3704
3705
3707
3708
3710
3711
3713
3715
3716
3717
3718
3719
3720
3721
3723
3724
3725
3727
3728
3729
3730
3731
3732
3733
3735
3736
3740
3741
3743
3745
3746
3747
3749
3751
3752
3754
3755
3756
3757
3759
3760
3761
3763
3764
3766
3768
3769
3771
3772
3774
3775
3776
3781
3782
3783
3784
3785
3787
3788
3789
3790
3791
3793
3794
3796
3797
3798
3799
3801
3803
3804
3805
3806
3807
3809
3811
3812
3813
3815
3816
3817
3818
3819
3824
3826
3828
3829
3831
3832
3834
3836
3837
3838
3839
3840
3841
3842
3844
3845
3847
3848
3850
3852
3853
3854
3856
3857
3859
3860
3864
3865
3866
3867
3868
3869
3871
3872
3873
3874
3875
3877
3879
3880
3881
3883
3884
3886
3888
3889
3891
3892
3893
3894
3896
3897
3898
3900
3904
3905
3907
3908
3909
3910
3911
3912
3914
3915
3917
3918
3919
3921
3922
3923
3925
3926
3927
3929
3931
3932
3934
3935
3936
3937
3938
3940
3944
3945
3947
3948
3950
3951
3953
3955
3956
3957
3959
3961
3962
3964
3965
3967
3968
3970
3971
3973
3974
3976
3977
3978
3980
3984
3985
3986
3987
3988
3989
3991
3992
3993
3994
3995
3997
3999
4000
4002
4003
4005
4006
4007
4008
4009
4011
4012
4014
4016
4017
4019
4020
4021
4023
4024
4030
4031
4033
4034
4036
4037
4039
4040
4042
4043
4044
4045
4047
4048
4049
4050
4052
4054
4055
4057
4058
4060
4061
4063
4064
4068
4069
4071
4073
4074
4076
4077
4079
4080
4081
4083
4085
4086
4088
4089
4091
4092
4094
4095
4097
4098
4105
4106
4107
4109
4110
4111
4113
4114
4115
4116
4117
4118
4120
4121
4122
4123
4125
4126
4127
4129
4130
4131
4133
4134
4135
4137
4139
4140
4141
4145
4146
4147
4149
4150
4151
4153
4154
4155
4157
4158
4159
4161
4162
4163
4165
4166
4167
4169
4170
4171
4173
4174
4175
4176
4177
4178
4181
4182
4183
4184
4185
4189
4190
4191
4192
4193
4194
4196
4197
4198
4200
4201
4202
4204
4205
4206
4208
4209
4210
4211
4212
4213
4214
4216
4217
4218
4220
4225
4226
4227
4229
4230
4232
4233
4234
4235
4237
4238
4239
4241
4242
4243
4244
4245
4246
4247
4249
4250
4251
4253
4254
4255
4256
4257
4258
4260
4261
4262
4265
4266
4267
4268
4273
4274
4275
4277
4281
4282
4289
4290
4291
4293
4301
4302
4303
4305
4306
4307
4308
4309
4312
4313
4314
4315
4316
4317
4319
4320
4321
4322
4324
4325
4326
4328
4329
4330
4332
4333
4334
4336
4337
4339
4341
4342
4343
4345
4349
4350
4352
4353
4354
4356
4357
4358
4360
4361
4362
4364
4365
4366
4367
4368
4373
4374
4375
4377
4378
4379
4381
4382
4383
4389
4390
4392
4393
4394
4395
4397
4398
4399
4401
4402
4403
4405
4406
4407
4409
4410
4411
4413
4414
4415
4417
4418
4421
4422
4423
4424
4425
4426
4427
4429
4432
4434
4435
4436
4438
4439
4440
4442
4443
4445
4446
4447
4449
4450
4451
4453
4454
4455
4456
4457
4458
4459
4461
4462
4463
4465
4466
4467
4468
4469
4470
4471
4473
4474
4475
4477
4478
4479
4481
4482
4483
4484
4486
4487
4488
4490
4491
4492
4494
4495
4496
4498
4499
4500
4502
4503
4505
4506
4507
4508
4509
4510
4512
4513
4514
4515
4517
4518
4519
4521
4522
4524
4525
4526
4528
4529
4531
4532
4533
4534
4535
4537
4538
4540
4541
4542
4544
4548
4550
4551
4553
4554
4555
4556
4557
4558
4560
4561
4563
4564
4566
4568
4569
4571
4573
4574
4576
4577
4579
4580
4582
4584
4585
4586
4588
4590
4591
4592
4593
4594
4595
4597
4598
4599
4601
4602
4603
4605
4606
4607
4609
4610
4611
4612
4614
4615
4616
4618
4619
4621
4622
4623
4624
4625
4626
4628
4630
4631
4633
4634
4635
4637
4638
4639
4640
4642
4643
4644
4646
4647
4648
4649
4651
4652
4653
4655
4656
4657
4658
4659
4661
4662
4663
4664
4666
4667
4668
4670
4672
4673
4674
4676
4677
4678
4680
4681
4682
4684
4685
4686
4687
4688
4690
4691
4692
4693
4695
4696
4697
4698
4700
4701
4702
4703
4704
4706
4707
4708
4711
4712
4713
4714
4716
4717
4718
4719
4721
4722
4723
4725
4726
4727
4728
4730
4731
4732
4733
4735
4736
4737
4738
4739
4741
4742
4743
4744
4745
4746
4747
4748
4751
4753
4754
4755
4756
4758
4759
4760
4762
4763
4764
4765
4767
4768
4769
4770
4771
4773
4774
4775
4776
4778
4779
4780
4781
4782
4783
4784
4785
4786
4787
4788
4791
4792
4794
4795
4796
4798
4799
4800
4802
4803
4804
4805
4806
4808
4809
4810
4811
4813
4814
4815
4816
4818
4819
4820
4821
4822
4824
4825
4826
4827
4831
4833
4834
4835
4837
4838
4839
4841
4842
4843
4844
4846
4847
4848
4849
4851
4852
4853
4854
4855
4857
4858
4859
4860
4861
4862
4863
4864
4865
4867
4868
4869
4870
4872
4876
4878
4879
4881
4882
4883
4885
4886
4887
4888
4890
4891
4892
4893
4895
4896
4897
4898
4900
4901
4902
4903
4904
4906
4907
4908
4909
4911
4912
4915
4917
4918
4920
4921
4922
4924
4925
4926
4927
4929
4930
4931
4932
4934
4935
4936
4937
4938
4939
4940
4941
4942
4943
4944
4945
4946
4947
4948
4949
4950
4951
4952
4954
4955
4956
4961
4963
4964
4966
4967
4968
4969
4971
4972
4973
4974
4976
4977
4978
4979
4981
4982
4983
4984
4986
4987
4988
4989
4991
4992
4993
4994
4998
4999
5000
5001
5002
5004
5005
5007
5008
5009
5010
5011
5013
5014
5015
5017
5018
5019
5020
5022
5023
5024
5025
5027
5028
5029
5030
5032
5033
5034
5036
5039
5041
5042
5043
5045
5046
5047
5048
5050
5051
5052
5053
5055
5056
5057
5059
5060
5061
5062
5064
5065
5066
5067
5069
5070
5071
5072
5074
5075
5076
5081
5082
5083
5084
5085
5086
5087
5089
5090
5091
5093
5094
5095
5097
5098
5099
5100
5102
5103
5104
5105
5107
5108
5109
5110
5111
5112
5113
5114
5116
5121
5122
5123
5124
5126
5127
5128
5130
5131
5132
5133
5134
5135
5137
5138
5139
5140
5142
5143
5144
5145
5147
5148
5149
5151
5152
5153
5154
5156
5161
5162
5164
5165
5167
5168
5169
5171
5172
5173
5174
5176
5177
5178
5180
5181
5182
5183
5184
5185
5186
5187
5189
5190
5191
5192
5194
5195
5196
5197
5199
5200
5205
5207
5208
5209
5211
5212
5214
5215
5217
5218
5219
5220
5221
5222
5223
5224
5226
5227
5228
5229
5231
5232
5233
5234
5236
5237
5238
5239
5244
5245
5247
5248
5249
5251
5252
5254
5255
5256
5257
5258
5259
5260
5262
5263
5264
5265
5267
5268
5269
5270
5272
5273
5274
5276
5277
5278
5279
5281
5282
5283
5284
5290
5291
5293
5294
5295
5297
5298
5300
5301
5302
5303
5305
5306
5307
5309
5310
5311
5312
5314
5315
5316
5317
5318
5320
5321
5322
5323
5328
5329
5330
5331
5332
5334
5335
5336
5337
5338
5340
5341
5342
5344
5345
5346
5347
5349
5350
5351
5352
5354
5355
5356
5357
5359
5360
5361
5362
5364
5365
5366
5367
5374
5375
5376
5378
5379
5381
5382
5384
5385
5386
5387
5389
5390
5391
5392
5394
5395
5396
5398
5399
5400
5401
5402
5403
5404
5405
5407
5408
5412
5413
5414
5415
5416
5418
5419
5420
5422
5423
5425
5426
5427
5428
5430
5431
5432
5434
5435
5436
5437
5439
5440
5441
5442
5444
5445
5446
5447
5449
5450
5451
5456
5457
5459
5460
5462
5463
5465
5466
5467
5469
5470
5471
5473
5474
5475
5476
5478
5479
5480
5481
5482
5484
5485
5486
5488
5489
5490
5491
5496
5497
5498
5500
5501
5503
5504
5505
5507
5508
5509
5511
5512
5513
5514
5516
5517
5518
5519
5521
5522
5523
5524
5525
5526
5528
5529
5530
5531
5533
5534
5535
5536
5542
5544
5546
5547
5548
5550
5551
5552
5553
5554
5555
5556
5557
5559
5560
5561
5562
5564
5565
5566
5567
5569
5570
5571
5572
5574
5575
5576
5582
5584
5585
5586
5587
5588
5590
5591
5593
5594
5596
5597
5599
5601
5602
5604
5605
5607
5608
5609
5611
5612
5613
5614
5615
5617
5618
5620
5629
5631
5633
5634
5636
5638
5639
5641
5642
5643
5644
5645
5646
5648
5649
5651
5652
5654
5655
5656
5658
5659
5663
5664
5667
5669
5671
5672
5674
5675
5676
5677
5679
5680
5682
5683
5685
5686
5688
5689
5691
5692
5693
5694
5695
5697
5698
5700
5703
5705
5707
5709
5710
5711
5712
5714
5715
5717
5718
5720
5721
5723
5725
5726
5727
5728
5729
5731
5732
5734
5735
5736
5737
5738
5740
5744
5745
5747
5749
5751
5752
5753
5755
5756
5758
5759
5760
5762
5763
5765
5766
5767
5768
5770
5771
5773
5774
5776
5777
5779
5780
5784
5786
5787
5789
5790
5792
5793
5795
5796
5798
5800
5801
5802
5803
5804
5806
5807
5809
5810
5812
5813
5815
5816
5817
5819
5820
5822
5823
5828
5829
5830
5832
5834
5835
5837
5838
5840
5841
5843
5844
5846
5848
5849
5851
5852
5853
5854
5856
5857
5858
5860
5861
5863
5864
5868
5869
5870
5872
5873
5874
5875
5876
5878
5880
5881
5883
5884
5886
5887
5888
5889
5891
5892
5893
5894
5896
5897
5899
5900
5902
5903
5908
5909
5910
5911
5912
5914
5915
5917
5918
5919
5920
5922
5924
5925
5927
5928
5930
5931
5933
5934
5936
5937
5939
5940
5941
5943
5944
5949
5950
5952
5953
5955
5956
5958
5960
5961
5963
5964
5966
5967
5969
5971
5972
5973
5975
5977
5978
5979
5981
5982
5984
5988
5989
5991
5992
5993
5995
5996
5997
5999
6001
6003
6004
6005
6007
6008
6010
6012
6013
6015
6016
6017
6019
6020
6022
6023
6024
6025
6026
6028
6032
6034
6035
6037
6039
6040
6041
6042
6043
6045
6047
6048
6050
6051
6053
6054
6056
6057
6058
6059
6060
6061
6062
6063
6064
6065
6066
6067
6072
6073
6075
6076
6078
6079
6081
6082
6084
6086
6087
6089
6090
6092
6093
6095
6096
6098
6099
6101
6102
6103
6104
6105
6106
6108
6111
6113
6114
6116
6117
6119
6120
6122
6123
6125
6126
6128
6129
6131
6132
6134
6135
6137
6138
6140
6141
6143
6144
6145
6147
6148
6150
6151
6152
6155
6158
6160
6161
6163
6164
6166
6167
6169
6171
6172
6174
6175
6177
6178
6180
6181
6182
6184
6185
6187
6188
6190
6191
6192
6196
6198
6200
6202
6203
6205
6206
6208
6209
6211
6212
6214
6215
6217
6218
6220
6221
6222
6223
6224
6226
6227
6229
6230
6231
6235
6236
6238
6240
6241
6242
6244
6245
6247
6248
6250
6251
6253
6254
6256
6257
6259
6260
6262
6263
6264
6266
6267
6269
6270
6271
6272
6276
6278
6280
6282
6283
6285
6286
6288
6290
6291
6293
6294
6296
6297
6299
6300
6302
6303
6304
6306
6307
6308
6309
6310
6312
6315
6318
6320
6321
6323
6325
6326
6328
6329
6330
6331
6333
6334
6336
6337
6339
6340
6342
6343
6344
6346
6347
6349
6350
6352
6353
6355
6356
6361
6362
6364
6365
6366
6368
6369
6371
6372
6374
6375
6377
6378
6380
6381
6383
6384
6386
6387
6388
6389
6390
6391
6392
6393
6394
6395
6396
6400
6402
6403
6405
6407
6409
6410
6412
6413
6415
6416
6417
6418
6420
6421
6423
6424
6425
6426
6428
6429
6430
6431
6432
6433
6434
6435
6436
6440
6442
6444
6445
6447
6448
6450
6452
6453
6454
6456
6457
6459
6460
6462
6464
6465
6467
6468
6469
6470
6471
6472
6474
6475
6476
6480
6482
6483
6485
6486
6488
6489
6491
6492
6494
6495
6497
6498
6500
6501
6503
6504
6506
6507
6509
6510
6512
6513
6514
6516
6517
6519
6520
6523
6525
6527
6529
6530
6532
6533
6535
6536
6538
6539
6541
6542
6544
6546
6547
6548
6549
6551
6552
6554
6555
6557
6558
6559
6563
6564
6565
6567
6569
6571
6572
6574
6576
6577
6579
6580
6582
6583
6584
6586
6588
6589
6591
6592
6593
6594
6595
6597
6598
6599
6600
6604
6605
6607
6609
6610
6612
6613
6615
6616
6618
6619
6621
6623
6624
6625
6627
6629
6630
6632
6633
6635
6636
6637
6639
6640
6644
6645
6647
6649
6650
6652
6654
6655
6657
6658
6660
6661
6663
6664
6665
6667
6668
6669
6671
6673
6674
6675
6677
6678
6679
6680
6684
6685
6686
6688
6689
6691
6693
6694
6696
6697
6699
6700
6702
6703
6704
6706
6707
6709
6710
6711
6712
6713
6715
6716
6717
6718
6719
6724
6726
6728
6729
6730
6731
6733
6734
6735
6737
6739
6740
6742
6743
6745
6746
6747
6748
6750
6751
6752
6753
6754
6755
6756
6758
6759
6764
6765
6766
6768
6769
6771
6772
6774
6776
6777
6779
6780
6782
6783
6785
6787
6788
6789
6791
6792
6794
6795
6797
6798
6800
6804
6805
6807
6809
6810
6812
6813
6815
6816
6817
6818
6820
6822
6823
6824
6825
6826
6828
6829
6831
6832
6833
6835
6836
6837
6838
6839
6841
6842
6844
6848
6850
6852
6854
6855
6857
6858
6860
6861
6863
6864
6866
6868
6869
6871
6872
6874
6875
6877
6878
6880
6881
6882
6883
6884
6889
6890
6891
6893
6894
6896
6898
6900
6901
6903
6904
6905
6907
6909
6910
6912
6913
6915
6916
6918
6919
6921
6922
6923
6925
6926
6928
6932
6934
6936
6937
6938
6939
6941
6942
6944
6945
6947
6948
6950
6952
6953
6955
6956
6958
6959
6961
6962
6964
6965
6967
6968
6972
6973
6974
6975
6977
6978
6980
6981
6983
6984
6986
6988
6989
6991
6992
6994
6995
6996
6997
6999
7000
7001
7003
7004
7005
7006
7007
7009
7010
7011
7012
7016
7018
7019
7021
7022
7024
7025
7027
7029
7030
7031
7033
7034
7036
7037
7038
7040
7041
7043
7045
7046
7048
7049
7051
7052
7056
7057
7058
7059
7060
7061
7063
7064
7065
7066
7067
7068
7069
7071
7072
7073
7075
7077
7078
7080
7081
7083
7084
7086
7087
7089
7090
7091
7093
7094
7096
7100
7102
7103
7105
7106
7108
7109
7111
7113
7114
7116
7117
7119
7120
7122
7123
7125
7126
7128
7129
7130
7131
7132
7133
7135
7136
7139
7141
7142
7143
7145
7146
7148
7149
7151
7152
7154
7155
7157
7158
7160
7161
7163
7164
7166
7167
7168
7170
7171
7173
7174
7176
7177
7179
7180
7185
7187
7189
7191
7192
7194
7195
7197
7198
7200
7201
7202
7203
7205
7207
7208
7209
7211
7212
7214
7215
7217
7218
7220
7224
7225
7227
7229
7230
7232
7233
7235
7236
7238
7239
7241
7243
7244
7245
7246
7248
7249
7250
7251
7252
7253
7254
7255
7256
7258
7259
7261
7262
7264
7268
7270
7272
7273
7275
7276
7278
7280
7281
7282
7284
7285
7287
7289
7290
7292
7293
7294
7295
7297
7299
7301
7302
7303
7307
7308
7310
7311
7313
7314
7316
7317
7319
7320
7322
7323
7325
7326
7328
7329
7331
7332
7334
7335
7336
7338
7339
7340
7341
7342
7344
7348
7350
7351
7353
7354
7356
7357
7359
7360
7362
7363
7365
7366
7368
7370
7371
7373
7374
7375
7377
7378
7380
7381
7383
7384
7387
7389
7390
7392
7393
7395
7397
7398
7400
7401
7402
7404
7406
7407
7409
7410
7412
7413
7414
7416
7417
7419
7420
7421
7423
7424
7427
7428
7430
7431
7433
7434
7436
7438
7439
7441
7442
7444
7445
7447
7448
7450
7452
7453
7454
7455
7456
7457
7459
7460
7462
7463
7467
7469
7471
7473
7475
7476
7478
7479
7481
7482
7484
7485
7487
7488
7490
7491
7493
7494
7495
7497
7498
7499
7500
7501
7503
7504
7507
7510
7512
7513
7515
7516
7518
7519
7521
7523
7524
7526
7527
7529
7530
7532
7533
7535
7536
7537
7539
7540
7542
7543
7545
7546
7547
7551
7553
7555
7557
7559
7560
7562
7564
7565
7566
7568
7570
7571
7572
7574
7576
7578
7579
7581
7582
7583
7585
7586
7587
7588
7594
7596
7598
7600
7601
7603
7604
7605
7606
7608
7609
7611
7612
7614
7615
7616
7618
7619
7620
7622
7623
7624
7625
7626
7628
7631
7634
7636
7637
7639
7640
7642
7644
7646
7647
7649
7650
7652
7653
7655
7656
7658
7659
7660
7661
7662
7664
7665
7666
7667
7668
7672
7673
7674
7676
7678
7680
7681
7683
7684
7685
7687
7688
7690
7692
7693
7695
7696
7698
7699
7700
7701
7702
7703
7704
7705
7707
7708
7714
7715
7716
7718
7720
7721
7722
7724
7725
7726
7727
7728
7729
7731
7733
7734
7736
7737
7739
7740
7741
7742
7744
7745
7746
7747
7748
7752
7754
7755
7756
7757
7759
7760
7761
7763
7764
7765
7767
7768
7769
7771
7772
7773
7775
7776
7777
7779
7781
7782
7784
7785
7787
7788
7790
7791
7792
7797
7799
7800
7801
7802
7803
7805
7806
7807
7809
7811
7812
7814
7815
7817
7818
7819
7820
7821
7823
7824
7826
7827
7828
7829
7830
7831
7832
7836
7837
7838
7839
7840
7842
7843
7845
7847
7848
7849
7850
7851
7853
7854
7856
7857
7858
7859
7861
7863
7864
7865
7867
7868
7870
7871
7872
7878
7879
7880
7881
7883
7884
7885
7887
7889
7891
7892
7893
7895
7897
7898
7900
7901
7903
7904
7906
7908
7909
7910
7911
7912
7913
7915
7916
7920
7921
7922
7924
7925
7927
7928
7930
7932
7933
7935
7936
7938
7939
7940
7941
7943
7944
7945
7947
7949
7950
7951
7953
7954
7956
7960
7961
7962
7964
7965
7967
7968
7970
7972
7973
7975
7976
7978
7980
7981
7983
7984
7985
7987
7989
7990
7991
7993
7994
7996
8000
8001
8003
8005
8006
8008
8009
8011
8012
8014
8015
8017
8018
8020
8021
8023
8024
8025
8027
8028
8029
8031
8032
8033
8035
8037
8038
8039
8044
8045
8047
8048
8050
8051
8053
8054
8056
8057
8059
8060
8062
8063
8065
8066
8068
8069
8071
8072
8074
8075
8077
8078
8079
8080
8084
8085
8086
8088
8089
8091
8092
8093
8094
8096
8097
8099
8100
8102
8103
8105
8106
8108
8110
8111
8113
8114
8115
8117
8118
8120
8124
8125
8126
8128
8129
8131
8133
8134
8136
8137
8138
8139
8141
8142
8144
8145
8146
8148
8150
8151
8153
8154
8155
8157
8158
8160
8164
8165
8166
8168
8170
8172
8173
8175
8176
8178
8179
8180
8181
8183
8184
8186
8187
8188
8189
8191
8192
8193
8195
8196
8198
8199
8204
8205
8206
8207
8208
8210
8211
8213
8214
8216
8217
8218
8219
8220
8221
8223
8224
8226
8227
8229
8230
8232
8234
8235
8236
8238
8239
8244
8245
8246
8248
8250
8251
8252
8254
8256
8257
8259
8260
8261
8263
8265
8266
8268
8269
8271
8272
8274
8275
8276
8278
8279
8284
8285
8287
8288
8289
8291
8292
8293
8295
8296
8297
8299
8300
8301
8303
8304
8306
8308
8309
8311
8312
8314
8315
8317
8318
8320
8321
8323
8324
8328
8330
8331
8333
8335
8336
8337
8339
8341
8342
8344
8345
8347
8348
8350
8351
8352
8353
8355
8356
8358
8359
8361
8362
8363
8368
8370
8371
8373
8375
8376
8377
8379
8381
8382
8383
8385
8386
8387
8388
8390
8392
8393
8395
8396
8398
8399
8401
8402
8404
8405
8406
8408
8412
8413
8414
8416
8417
8419
8420
8422
8424
8425
8427
8428
8429
8430
8432
8433
8435
8436
8437
8439
8441
8442
8443
8445
8446
8447
8448
8452
8453
8454
8456
8458
8459
8461
8462
8464
8466
8467
8469
8470
8472
8473
8475
8476
8478
8480
8481
8482
8484
8485
8487
8488
8492
8493
8494
8496
8497
8499
8501
8502
8504
8505
8506
8507
8509
8510
8512
8513
8514
8515
8516
8517
8518
8520
8521
8522
8523
8524
8525
8526
8527
8532
8533
8535
8536
8538
8539
8541
8542
8544
8545
8546
8547
8549
8550
8552
8553
8555
8556
8558
8559
8561
8563
8564
8565
8567
8568
8573
8574
8575
8576
8577
8579
8580
8581
8583
8585
8586
8588
8589
8590
8591
8594
8596
8597
8599
8600
8602
8603
8605
8606
8608
8609
8611
8612
8616
8617
8618
8620
8621
8623
8624
8626
8627
8628
8630
8631
8633
8634
8636
8638
8639
8641
8642
8644
8645
8647
8648
8649
8651
8652
8657
8658
8659
8660
8661
8663
8664
8666
8667
8668
8669
8670
8672
8673
8675
8676
8678
8680
8681
8683
8684
8685
8687
8688
8689
8690
8692
8693
8694
8696
8700
8702
8704
8705
8706
8708
8709
8711
8712
8714
8715
8716
8718
8719
8721
8722
8724
8726
8727
8729
8730
8732
8733
8734
8735
8736
8740
8741
8743
8745
8746
8747
8748
8749
8751
8752
8754
8755
8757
8758
8760
8762
8763
8765
8766
8768
8769
8771
8772
8774
8775
8776
8777
8778
8780
8784
8785
8787
8788
8789
8791
8792
8794
8796
8797
8799
8800
8802
8803
8805
8807
8808
8809
8811
8812
8813
8814
8815
8816
8817
8818
8820
8824
8825
8826
8828
8829
8831
8832
8834
8836
8837
8839
8840
8841
8843
8845
8846
8848
8849
8851
8852
8854
8855
8856
8858
8859
8864
8866
8868
8869
8870
8871
8872
8873
8874
8876
8877
8879
8880
8882
8883
8884
8886
8887
8889
8890
8891
8892
8893
8894
8895
8897
8898
8900
8901
8902
8904
8908
8910
8911
8913
8914
8916
8917
8919
8920
8922
8923
8924
8925
8927
8928
8929
8931
8933
8934
8936
8937
8939
8940
8942
8943
8948
8949
8950
8951
8952
8953
8955
8957
8958
8960
8961
8963
8964
8966
8967
8968
8969
8970
8971
8973
8974
8976
8977
8979
8980
8982
8983
8984
8985
8986
8988
8992
8994
8996
8997
8999
9000
9002
9004
9005
9006
9008
9009
9010
9011
9012
9013
9014
9016
9017
9019
9020
9022
9023
9025
9026
9028
9032
9034
9035
9036
9037
9039
9041
9042
9044
9045
9046
9047
9049
9051
9052
9053
9055
9057
9058
9060
9061
9063
9064
9066
9067
9069
9070
9071
9076
9078
9079
9081
9083
9084
9085
9087
9089
9090
9091
9092
9093
9094
9095
9096
9097
9098
9099
9101
9102
9104
9105
9107
9108
9109
9110
9111
9112
9116
9117
9119
9121
9123
9124
9126
9127
9129
9131
9132
9134
9135
9136
9137
9138
9140
9141
9143
9144
9145
9147
9148
9150
9151
9152
9156
9158
9160
9161
9163
9164
9166
9167
9169
9170
9172
9174
9175
9177
9179
9180
9181
9183
9184
9185
9186
9187
9189
9190
9191
9195
9196
9198
9200
9201
9203
9205
9206
9208
9209
9211
9213
9214
9216
9217
9219
9220
9221
9222
9223
9224
9226
9227
9229
9230
9231
9232
9238
9240
9241
9243
9245
9247
9248
9250
9251
9253
9255
9256
9258
9260
9261
9262
9264
9265
9267
9268
9269
9271
9272
9275
9276
9278
9279
9281
9283
9285
9286
9288
9290
9292
9293
9294
9295
9297
9298
9300
9301
9302
9303
9304
9305
9306
9307
9308
9310
9311
9312
9314
9315
9322
9325
9327
9328
9330
9331
9333
9335
9336
9338
9339
9341
9343
9344
9346
9347
9348
9350
9351
9353
9354
9355
9359
9360
9362
9363
9365
9367
9370
9372
9373
9374
9375
9376
9377
9379
9381
9382
9384
9385
9386
9388
9389
9391
9392
9393
9395
9396
9398
9399
9400
9408
9410
9412
9413
9415
9416
9417
9419
9420
9422
9423
9425
9426
9428
9429
9430
9432
9433
9435
9436
9437
9438
9439
9440
9444
9446
9448
9450
9452
9453
9454
9455
9456
9457
9458
9460
9461
9462
9464
9465
9467
9468
9470
9471
9473
9475
9476
9478
9479
9481
9482
9484
9487
9488
9489
9490
9492
9493
9495
9497
9498
9505
9506
9507
9509
9510
9511
9512
9514
9515
9516
9517
9518
9519
9521
9522
9523
9524
9525
9526
9527
9529
9530
9531
9532
9533
9534
9536
9538
9539
9541
9542
9544
9546
9548
9549
9550
9551
9553
9555
9556
9557
9560
9562
9563
9564
9569
9570
9572
9574
9575
9577
9578
9580
9581
9583
9585
9586
9588
9589
9590
9591
9593
9594
9596
9597
9599
9600
9601
9603
9604
9609
9610
9613
9616
9617
9619
9620
9621
9623
9626
9627
9629
9630
9632
9633
9635
9637
9638
9639
9641
9642
9643
9644
9645
9647
9648
9652
9654
9656
9658
9660
9661
9663
9664
9665
9667
9669
9670
9672
9674
9675
9677
9678
9680
9681
9683
9684
9685
9687
9688
9692
9694
9695
9697
9698
9700
9701
9703
9704
9705
9706
9708
9709
9711
9712
9714
9715
9717
9718
9720
9721
9723
9724
9726
9727
9728
9733
9734
9736
9737
9739
9741
9742
9744
9745
9746
9747
9749
9751
9752
9753
9755
9756
9758
9759
9761
9762
9764
9765
9767
9768
9772
9774
9776
9777
9779
9780
9782
9783
9784
9786
9787
9789
9790
9791
9792
9793
9794
9796
9797
9799
9800
9801
9803
9804
9805
9806
9807
9812
9814
9815
9817
9819
9820
9821
9823
9825
9826
9827
9829
9830
9832
9834
9835
9837
9838
9839
9841
9842
9844
9845
9847
9848
9853
9854
9857
9858
9860
9861
9862
9863
9865
9866
9868
9869
9870
9871
9873
9874
9876
9877
9878
9880
9881
9883
9884
9886
9887
9889
9890
9892
9896
9897
9899
9901
9902
9904
9905
9906
9908
9909
9910
9912
9913
9915
9916
9917
9919
9920
9922
9923
9925
9926
9928
9929
9931
9932
9936
9937
9938
9940
9942
9944
9945
9947
9948
9950
9951
9952
9953
9955
9956
9958
9959
9960
9961
9963
9964
9965
9967
9968
9970
9971
9972
9976
9977
9978
9980
9981
9983
9984
9986
9987
9989
9991
9992
9994
9995
9996
9998
10000
10001
10002
10004
10006
10008
10009
10010
10011
10012
10017
10019
10021
10022
10023
10024
10025
10027
10028
10030
10032
10033
10035
10036
10038
10039
10041
10042
10044
10045
10047
10048
10050
10051
10053
10054
10056
10060
10061
10062
10064
10066
10068
10069
10071
10072
10074
10075
10077
10079
10080
10081
10083
10085
10086
10088
10089
10091
10092
10094
10095
10096
10101
10102
10103
10105
10107
10108
10110
10111
10113
10114
10115
10116
10118
10120
10121
10123
10124
10125
10127
10129
10130
10131
10133
10134
10135
10136
10137
10139
10140
10144
10145
10146
10148
10150
10151
10153
10154
10156
10157
10159
10160
10161
10163
10165
10166
10168
10170
10171
10173
10174
10176
10177
10179
10180
10184
10185
10186
10187
10189
10190
10192
10193
10195
10196
10198
10199
10200
10202
10203
10205
10206
10208
10209
10210
10211
10213
10214
10216
10217
10219
10220
10222
10223
10224
10229
10231
10233
10234
10236
10237
10238
10240
10242
10243
10245
10246
10248
10249
10250
10251
10253
10255
10256
10257
10258
10259
10260
10262
10263
10268
10269
10271
10272
10273
10275
10276
10277
10279
10281
10282
10284
10285
10287
10288
10289
10291
10293
10294
10296
10297
10299
10300
10302
10303
10304
10306
10307
10312
10313
10314
10316
10317
10319
10321
10322
10324
10325
10327
10328
10330
10332
10333
10335
10336
10338
10339
10341
10342
10344
10345
10346
10348
10352
10354
10355
10356
10357
10359
10361
10362
10364
10365
10367
10368
10370
10372
10373
10375
10376
10378
10379
10380
10382
10383
10385
10386
10387
10389
10390
10392
10396
10397
10399
10401
10402
10404
10405
10407
10408
10410
10412
10413
10415
10416
10418
10419
10421
10422
10424
10425
10426
10427
10428
10430
10431
10436
10438
10439
10440
10442
10443
10445
10446
10448
10449
10451
10452
10453
10455
10456
10457
10459
10461
10462
10464
10466
10467
10468
10470
10471
10473
10474
10475
10476
10480
10481
10482
10484
10487
10488
10489
10491
10492
10493
10494
10496
10497
10499
10500
10501
10503
10504
10505
10507
10509
10510
10512
10513
10514
10516
10520
10522
10523
10524
10525
10527
10528
10529
10531
10533
10534
10536
10537
10539
10540
10542
10543
10545
10546
10548
10549
10551
10553
10554
10555
10557
10558
10560
10564
10565
10566
10568
10570
10571
10573
10574
10576
10577
10578
10580
10581
10583
10585
10586
10588
10589
10591
10592
10594
10595
10597
10598
10599
10604
10605
10606
10607
10609
10610
10612
10613
10615
10616
10618
10619
10620
10621
10623
10624
10626
10627
10628
10629
10631
10632
10634
10635
10636
10638
10639
10641
10642
10643
10644
10648
10650
10652
10654
10655
10656
10657
10659
10660
10662
10663
10666
10667
10669
10671
10672
10673
10674
10675
10677
10678
10680
10681
10683
10684
10687
10689
10690
10691
10693
10694
10696
10697
10699
10700
10702
10703
10705
10707
10708
10709
10711
10712
10714
10715
10716
10718
10719
10721
10722
10723
10725
10726
10728
10732
10733
10735
10736
10738
10739
10741
10742
10744
10746
10747
10749
10750
10752
10753
10755
10757
10758
10759
10761
10762
10764
10765
10766
10767
10768
10773
10774
10775
10776
10777
10779
10780
10781
10783
10785
10786
10788
10789
10791
10792
10794
10795
10796
10797
10799
10800
10801
10803
10804
10805
10806
10807
10809
10810
10811
10812
10816
10818
10820
10822
10824
10825
10827
10828
10829
10830
10831
10832
10833
10834
10835
10837
10838
10840
10841
10843
10844
10845
10846
10848
10849
10851
10852
10856
10857
10859
10860
10862
10864
10865
10867
10868
10870
10871
10873
10874
10875
10877
10878
10880
10881
10882
10883
10885
10886
10888
10889
10890
10891
10892
10894
10895
10900
10902
10904
10905
10907
10908
10910
10911
10913
10914
10916
10918
10920
10921
10922
10923
10924
10926
10927
10929
10930
10931
10932
10933
10935
10936
10941
10942
10943
10945
10946
10948
10949
10951
10952
10954
10955
10956
10958
10959
10961
10962
10964
10966
10967
10969
10970
10971
10972
10973
10975
10976
10977
10978
10979
10984
10985
10986
10988
10990
10992
10993
10995
10996
10998
11000
11002
11003
11005
11006
11008
11009
11011
11013
11014
11015
11017
11018
11019
11020
11024
11025
11027
11029
11030
11033
11034
11036
11037
11039
11040
11042
11044
11045
11047
11048
11050
11051
11053
11054
11056
11057
11058
11059
11060
11062
11063
11068
11069
11071
11072
11074
11076
11077
11078
11080
11081
11082
11084
11085
11086
11088
11090
11091
11093
11095
11096
11097
11099
11100
11102
11103
11104
11108
11110
11111
11113
11114
11116
11118
11120
11121
11123
11124
11125
11127
11129
11130
11131
11132
11134
11135
11137
11138
11139
11141
11142
11144
11148
11150
11151
11152
11154
11155
11157
11159
11160
11161
11163
11165
11166
11168
11169
11171
11172
11174
11175
11176
11177
11178
11180
11181
11182
11183
11184
11186
11187
11192
11193
11194
11196
11198
11200
11201
11203
11204
11206
11208
11209
11211
11212
11213
11215
11217
11219
11220
11221
11222
11223
11224
11226
11227
11232
11233
11234
11235
11236
11238
11239
11240
11242
11244
11245
11247
11248
11249
11251
11252
11253
11255
11256
11258
11259
11261
11263
11264
11265
11267
11268
11269
11270
11271
11276
11278
11279
11281
11283
11284
11285
11287
11288
11289
11291
11292
11294
11295
11296
11297
11299
11300
11301
11302
11303
11304
11305
11307
11308
11309
11311
11312
11317
11319
11321
11322
11324
11326
11327
11328
11330
11332
11333
11335
11336
11338
11339
11340
11341
11343
11344
11346
11347
11348
11349
11350
11351
11352
11353
11355
11356
11361
11362
11364
11366
11367
11368
11370
11371
11372
11373
11375
11377
11378
11379
11380
11381
11382
11383
11385
11386
11387
11389
11391
11392
11393
11394
11395
11396
11401
11402
11403
11404
11406
11407
11409
11411
11412
11413
11415
11417
11418
11420
11422
11423
11425
11426
11428
11429
11430
11431
11432
11433
11434
11435
11440
11442
11443
11444
11445
11447
11448
11449
11451
11453
11454
11456
11457
11459
11460
11462
11464
11465
11467
11468
11469
11471
11472
11473
11474
11476
11477
11478
11480
11484
11485
11487
11488
11490
11491
11493
11494
11496
11497
11498
11499
11500
11501
11503
11504
11506
11508
11509
11511
11512
11514
11515
11517
11518
11519
11524
11525
11527
11529
11530
11532
11534
11535
11537
11538
11540
11541
11543
11545
11546
11547
11549
11550
11552
11554
11555
11556
11558
11559
11561
11562
11563
11564
11568
11569
11571
11573
11574
11576
11577
11579
11580
11581
11582
11584
11585
11587
11588
11590
11591
11593
11594
11595
11597
11598
11600
11601
11603
11604
11607
11609
11610
11611
11613
11614
11616
11618
11619
11621
11622
11623
11625
11626
11628
11629
11631
11632
11633
11634
11635
11637
11638
11640
11641
11642
11644
11648
11650
11651
11653
11655
11656
11658
11659
11661
11662
11663
11665
11666
11668
11669
11670
11671
11672
11673
11674
11676
11677
11679
11680
11681
11682
11684
11688
11691
11693
11695
11696
11698
11699
11701
11702
11704
11705
11706
11708
11709
11710
11711
11713
11714
11715
11717
11718
11720
11721
11722
11724
11727
11730
11731
11733
11734
11735
11736
11738
11740
11741
11742
11743
11745
11746
11748
11749
11750
11752
11753
11755
11756
11758
11759
11761
11762
11763
11765
11766
11768
11772
11774
11775
11777
11779
11780
11782
11783
11784
11786
11787
11789
11790
11791
11792
11794
11795
11796
11798
11799
11800
11801
11802
11803
11804
11805
11806
11807
11808
11814
11816
11817
11819
11820
11822
11824
11825
11827
11828
11829
11831
11832
11834
11836
11837
11839
11840
11841
11843
11844
11845
11847
11848
11852
11854
11855
11857
11858
11859
11861
11862
11864
11865
11867
11868
11870
11871
11873
11874
11876
11878
11879
11880
11881
11882
11883
11885
11886
11888
11891
11893
11895
11896
11898
11899
11901
11902
11905
11906
11908
11909
11911
11912
11914
11915
11917
11918
11919
11921
11922
11923
11924
11925
11927
11928
11931
11933
11935
11937
11938
11940
11941
11943
11944
11946
11948
11949
11950
11952
11953
11955
11956
11958
11959
11960
11962
11963
11964
11965
11966
11968
11971
11973
11975
11977
11978
11980
11981
11983
11985
11986
11987
11988
11990
11992
11993
11995
11997
11998
11999
12001
12002
12004
12005
12006
12008
12011
12014
12016
12017
12019
12021
12022
12024
12025
12027
12028
12030
12032
12034
12035
12037
12038
12040
12041
12043
12044
12046
12047
12048
12050
12051
12055
12056
12057
12059
12060
12062
12063
12064
12066
12067
12069
12070
12072
12074
12075
12077
12078
12079
12080
12081
12082
12083
12084
12085
12086
12088
12089
12090
12092
12099
12100
12102
12104
12105
12107
12108
12109
12111
12112
12114
12115
12116
12117
12119
12120
12122
12123
12124
12125
12127
12128
12129
12131
12132
12137
12138
12139
12141
12142
12144
12145
12146
12148
12149
12151
12152
12154
12156
12157
12159
12161
12162
12164
12165
12166
12168
12169
12171
12172
12173
12174
12175
12181
12183
12185
12187
12188
12190
12191
12192
12193
12194
12195
12196
12198
12200
12201
12203
12204
12205
12207
12208
12210
12211
12213
12214
12215
12220
12221
12223
12225
12226
12228
12229
12231
12232
12234
12235
12237
12239
12240
12241
12242
12243
12244
12245
12246
12248
12249
12251
12252
12254
12255
12257
12258
12260
12264
12266
12267
12269
12271
12272
12273
12274
12275
12277
12278
12280
12281
12283
12285
12286
12288
12289
12291
12292
12294
12295
12297
12299
12300
12304
12305
12306
12308
12310
12311
12312
12314
12316
12317
12319
12320
12322
12323
12324
12325
12327
12328
12329
12331
12332
12334
12335
12336
12337
12338
12340
12341
12343
12344
12348
12350
12352
12353
12354
12355
12356
12357
12359
12360
12362
12363
12365
12366
12368
12370
12371
12373
12374
12376
12378
12379
12380
12382
12383
12387
12389
12390
12391
12393
12394
12396
12397
12399
12400
12402
12403
12405
12407
12408
12410
12411
12412
12414
12415
12416
12418
12419
12420
12422
12423
12425
12426
12428
12432
12434
12435
12437
12438
12440
12441
12443
12444
12446
12448
12449
12450
12452
12454
12455
12457
12458
12459
12461
12462
12463
12464
12465
12466
12467
12472
12474
12476
12478
12480
12482
12483
12485
12486
12488
12489
12490
12492
12494
12495
12497
12498
12500
12501
12503
12504
12505
12506
12508
12509
12510
12511
12517
12519
12520
12521
12523
12525
12527
12528
12530
12531
12532
12534
12535
12537
12538
12540
12541
12543
12545
12546
12548
12549
12551
12552
12556
12557
12559
12561
12562
12563
12564
12566
12567
12569
12570
12572
12574
12575
12577
12578
12580
12581
12583
12584
12585
12586
12587
12588
12589
12591
12592
12593
12594
12595
12601
12603
12605
12606
12608
12610
12612
12613
12614
12616
12617
12619
12621
12623
12624
12625
12627
12628
12630
12631
12633
12634
12636
12639
12641
12642
12643
12645
12646
12648
12649
12650
12652
12653
12655
12656
12658
12660
12661
12663
12664
12666
12667
12669
12670
12672
12673
12674
12676
12677
12679
12680
12687
12689
12690
12691
12693
12695
12696
12698
12699
12701
12702
12704
12705
12707
12708
12709
12710
12711
12712
12713
12714
12715
12716
12718
12719
12720
12727
12729
12730
12732
12733
12735
12737
12738
12740
12741
12742
12743
12745
12747
12748
12749
12750
12751
12753
12754
12755
12757
12758
12760
12764
12766
12767
12768
12769
12770
12772
12773
12774
12775
12777
12778
12780
12781
12782
12783
12784
12785
12787
12788
12789
12791
12792
12794
12796
12797
12799
12800
12801
12803
12804
12810
12812
12813
12815
12816
12818
12819
12820
12821
12823
12824
12826
12827
12829
12830
12831
12832
12834
12835
12837
12838
12839
12840
12841
12843
12844
12848
12849
12850
12851
12853
12854
12855
12856
12858
12859
12861
12863
12864
12865
12867
12868
12870
12872
12874
12875
12877
12878
12880
12881
12883
12884
12888
12889
12890
12892
12893
12895
12897
12898
12900
12901
12903
12904
12906
12908
12909
12911
12912
12914
12915
12917
12918
12919
12920
12921
12923
12924
12929
12930
12932
12933
12935
12937
12938
12940
12941
12942
12944
12946
12948
12950
12951
12952
12954
12955
12957
12959
12960
12961
12962
12964
12969
12970
12971
12973
12974
12976
12977
12979
12980
12982
12983
12985
12986
12988
12989
12990
12992
12993
12995
12996
12998
12999
13000
13001
13002
13004
13008
13009
13010
13012
13014
13015
13017
13018
13019
13020
13021
13022
13024
13025
13027
13028
13030
13031
13033
13034
13035
13037
13038
13039
13041
13042
13043
13044
13048
13049
13050
13052
13053
13055
13057
13058
13060
13061
13063
13064
13065
13067
13069
13070
13072
13074
13075
13076
13077
13078
13079
13080
13081
13083
13084
13088
13089
13090
13092
13093
13095
13096
13098
13099
13101
13102
13104
13105
13107
13108
13110
13111
13113
13114
13116
13117
13118
13120
13121
13122
13123
13124
13128
13130
13131
13132
13134
13135
13137
13139
13140
13142
13143
13144
13146
13148
13149
13151
13152
13153
13155
13156
13157
13159
13160
13162
13163
13164
13168
13170
13172
13174
13175
13176
13177
13179
13181
13182
13184
13186
13188
13189
13191
13192
13193
13195
13196
13198
13199
13201
13202
13203
13207
13208
13209
13210
13212
13213
13215
13216
13218
13219
13221
13222
13224
13225
13227
13228
13230
13231
13233
13234
13235
13237
13238
13240
13241
13242
13244
13247
13248
13250
13251
13253
13254
13256
13257
13259
13260
13262
13263
13265
13266
13268
13269
13271
13272
13273
13275
13276
13278
13279
13280
13282
13283
13284
13288
13289
13290
13292
13294
13295
13296
13298
13299
13301
13303
13304
13306
13307
13308
13309
13310
13312
13313
13315
13316
13318
13319
13321
13322
13323
13327
13330
13331
13333
13335
13336
13337
13338
13340
13341
13342
13344
13345
13347
13348
13350
13351
13353
13354
13355
13356
13357
13359
13360
13361
13363
13364
13366
13367
13368
13372
13374
13376
13377
13379
13380
13382
13383
13384
13385
13387
13388
13390
13391
13392
13393
13395
13396
13398
13399
13400
13402
13403
13404
13405
13406
13407
13408
13412
13414
13415
13417
13419
13420
13422
13423
13425
13426
13428
13429
13431
13432
13434
13435
13437
13438
13439
13441
13442
13444
13445
13446
13448
13451
13454
13455
13457
13458
13459
13461
13462
13464
13465
13467
13468
13470
13471
13473
13474
13476
13477
13478
13479
13480
13482
13483
13485
13486
13487
13489
13490
13492
13496
13498
13500
13502
13503
13505
13506
13508
13509
13511
13513
13514
13516
13519
13520
13522
13524
13525
13527
13528
13529
13531
13532
13537
13538
13540
13542
13544
13545
13546
13548
13549
13551
13552
13554
13555
13556
13558
13559
13561
13562
13564
13565
13566
13568
13569
13570
13571
13572
13574
13575
13576
13583
13585
13587
13588
13589
13590
13592
13594
13595
13597
13598
13599
13600
13601
13602
13604
13605
13607
13608
13610
13611
13612
13614
13615
13619
13622
13623
13624
13625
13627
13628
13629
13630
13632
13633
13634
13635
13637
13639
13640
13641
13642
13643
13645
13646
13648
13649
13650
13651
13652
13653
13655
13656
13657
13658
13659
13664
13666
13668
13670
13672
13674
13675
13677
13678
13679
13680
13682
13683
13685
13687
13688
13690
13691
13692
13693
13695
13696
13698
13699
13703
13705
13706
13707
13709
13710
13711
13712
13713
13715
13716
13718
13720
13721
13723
13725
13726
13728
13729
13731
13732
13733
13734
13735
13737
13739
13741
13742
13743
13750
13753
13755
13756
13758
13759
13761
13762
13763
13764
13765
13766
13768
13769
13771
13772
13773
13774
13776
13777
13778
13780
13781
13782
13783
13784
13789
13790
13791
13793
13794
13796
13798
13799
13801
13802
13804
13805
13807
13808
13809
13811
13812
13813
13815
13816
13818
13819
13821
13822
13823
13824
13825
13827
13828
13832
13833
13835
13837
13838
13840
13841
13843
13844
13846
13847
13848
13850
13851
13853
13854
13855
13856
13858
13860
13861
13862
13864
13865
13867
13868
13872
13873
13875
13876
13877
13879
13880
13881
13883
13884
13886
13888
13889
13891
13892
13893
13895
13897
13898
13900
13902
13903
13904
13905
13907
13909
13910
13911
13916
13917
13918
13920
13921
13923
13925
13926
13928
13929
13931
13932
13933
13934
13935
13936
13938
13939
13941
13942
13944
13946
13947
13948
13949
13950
13951
13952
13956
13957
13959
13960
13962
13964
13965
13967
13968
13970
13971
13973
13974
13976
13977
13979
13980
13982
13984
13985
13986
13988
13989
13990
13991
13992
13997
13998
13999
14000
14001
14003
14004
14005
14006
14007
14008
14009
14011
14012
14013
14015
14017
14018
14019
14020
14021
14023
14024
14026
14027
14028
14030
14031
14033
14034
14036
14040
14041
14042
14044
14046
14047
14049
14051
14052
14053
14055
14057
14058
14060
14061
14063
14064
14065
14067
14069
14070
14072
14073
14075
14076
14080
14081
14082
14083
14084
14085
14087
14088
14090
14091
14093
14094
14096
14097
14099
14100
14102
14103
14105
14106
14108
14109
14110
14111
14112
14113
14115
14116
14118
14119
14120
14125
14127
14129
14130
14132
14133
14135
14136
14138
14139
14141
14142
14143
14144
14146
14147
14148
14149
14150
14152
14153
14155
14156
14158
14159
14160
14165
14166
14167
14169
14170
14172
14173
14175
14176
14178
14179
14181
14182
14184
14185
14187
14188
14190
14191
14193
14194
14195
14197
14198
14200
14201
14202
14204
14208
14210
14212
14214
14215
14217
14218
14220
14221
14223
14224
14225
14226
14228
14229
14231
14232
14234
14235
14237
14238
14239
14241
14242
14243
14244
14248
14250
14251
14253
14254
14256
14257
14259
14260
14262
14263
14265
14266
14268
14269
14270
14271
14272
14273
14274
14276
14277
14279
14280
14281
14283
14284
14285
14286
14287
14292
14294
14296
14297
14299
14300
14302
14303
14305
14307
14308
14310
14311
14313
14314
14316
14317
14319
14321
14322
14323
14325
14326
14328
14331
14332
14334
14335
14336
14338
14339
14341
14342
14344
14345
14347
14348
14350
14351
14352
14353
14355
14356
14358
14359
14360
14361
14362
14363
14365
14366
14368
14372
14374
14375
14377
14378
14380
14381
14383
14384
14386
14387
14388
14389
14391
14392
14394
14395
14397
14399
14400
14401
14403
14404
14405
14407
14408
14412
14413
14415
14416
14418
14419
14420
14421
14423
14424
14426
14427
14428
14429
14430
14432
14434
14435
14437
14438
14439
14441
14442
14444
14445
14446
14448
14452
14454
14455
14457
14458
14459
14460
14462
14463
14464
14465
14467
14468
14469
14471
14472
14473
14475
14476
14478
14479
14481
14482
14484
14485
14487
14488
14491
14493
14494
14496
14497
14499
14500
14502
14503
14505
14506
14507
14508
14509
14511
14512
14514
14515
14516
14517
14521
14525
14526
14527
14529
14530
14531
14532
14533
14534
14535
14537
14538
14540
14541
14542
14544
14545
14547
14548
14549
14551
14552
14557
14558
14559
14560
14561
14562
14564
14565
14567
14568
14571
14573
14574
14575
14576
14577
14578
14579
14581
14582
14583
14585
14586
14588
14589
14590
14592
14593
14594
14596
14597
14598
14600
14601
14602
14605
14606
14607
14608
14609
14613
14614
14615
14616
14617
14618
14620
14621
14622
14624
14625
14626
14627
14628
14629
14631
14632
14633
14635
14636
14638
14639
14640
14642
14643
14645
14646
14649
14650
14651
14652
14653
14655
14656
14657
14659
14660
14661
14662
14663
14664
14666
14667
14668
14670
14671
14672
14674
14675
14677
14678
14679
14681
14685
14686
14687
14688
14689
14690
14692
14693
14694
14696
14697
14698
14699
14700
14701
14702
14703
14704
14706
14707
14708
14710
14711
14712
14713
14714
14717
14718
14719
14721
14722
14724
14725
14726
14729
14730
14733
14734
14735
14736
14737
14739
14740
14741
14743
14744
14746
14747
14748
14749
14751
14752
14753
14754
14755
14757
14758
14760
14761
14763
14764
14766
14767
14768
14770
14771
14772
14774
14775
14776
14778
14779
14781
14782
14784
14785
14786
14788
14789
14791
14792
14793
14794
14796
14797
14799
14800
14802
14805
14806
14807
14809
14810
14811
14812
14813
14815
14816
14817
14819
14820
14822
14824
14825
14827
14828
14830
14831
14832
14833
14834
14836
14837
14839
14841
14842
14844
14849
14850
14852
14853
14854
14856
14857
14858
14860
14861
14863
14864
14866
14868
14869
14870
14873
14874
14875
14877
14878
14879
14885
14886
14887
14888
14889
14890
14892
14893
14894
14896
14897
14898
14899
14900
14901
14902
14903
14904
14906
14907
14908
14909
14910
14912
14913
14915
14917
14918
14919
14920
14921
14922
14925
14926
14927
14929
14933
14934
14935
14936
14937
14938
14940
14941
14942
14944
14945
14946
14947
14948
14949
14951
14952
14953
14955
14956
14958
14959
14960
14961
14962
14963
14965
14966
14969
14970
14972
14973
14975
14976
14977
14978
14979
14980
14981
14982
14984
14985
14986
14988
14989
14991
14992
14993
14995
14997
14998
15001
15002
15003
15004
15005
15006
15007
15008
15013
15014
15015
15016
15017
15018
15020
15021
15022
15024
15025
15026
15028
15029
15030
15031
15032
15033
15035
15036
15038
15039
15041
15042
15043
15044
15045
15047
15049
15050
15052
15053
15055
15056
15057
15059
15061
15062
15064
15065
15066
15068
15069
15071
15072
15074
15075
15077
15078
15080
15081
15082
15084
15085
15086
15087
15089
15090
15091
15092
15093
15095
15096
15097
15098
15099
15100
15101
15102
15103
15104
15105
15107
15108
15109
15110
15111
15113
15114
15115
15116
15117
15118
15120
15121
15122
15123
15124
15126
15127
15128
15130
15131
15133
15134
15135
15136
15138
15139
15140
15142
15143
15144
15145
15147
15148
15149
15150
15152
15153
15154
15155
15157
15158
15159
15160
15162
15163
15164
15165
15166
15168
15170
15171
15172
15173
15174
15175
15177
15178
15179
15180
15182
15183
15184
15185
15186
15187
15188
15189
15191
15192
15193
15194
15196
15197
15198
15199
15201
15202
15203
15204
15206
15207
15208
15211
15213
15214
15215
15217
15218
