time (ms),latency (ms),consume (ms)
0,6,0
7,2,7
14,2,7
20,1,6
27,2,7
33,1,6
40,1,7
47,1,7
54,2,7
60,1,6
66,1,6
73,2,7
79,1,6
88,4,9
93,0,5
100,1,7
106,1,6
112,0,6
120,2,8
128,2,8
134,1,6
141,1,7
147,1,6
154,1,7
160,1,6
167,1,7
175,2,8
182,1,7
190,2,8
199,2,9
207,2,8
219,2,12
227,2,8
234,2,7
242,2,8
250,2,8
258,2,8
266,3,8
274,2,8
282,1,8
290,2,8
298,2,8
305,2,7
311,1,6
319,2,8
327,2,8
334,1,7
341,1,7
351,2,10
358,2,7
365,1,7
372,1,7
379,1,7
387,2,8
395,2,8
401,1,6
410,3,9
417,2,7
424,2,7
432,2,8
441,3,9
450,3,9
460,4,10
468,2,8
475,1,7
483,1,8
491,2,8
499,2,8
506,2,7
513,2,7
520,2,7
529,3,9
536,2,7
542,1,6
549,1,7
556,1,7
563,2,7
570,1,7
576,1,6
585,3,9
592,1,7
600,2,8
607,1,7
617,4,10
624,1,7
632,1,8
638,1,6
645,1,7
652,1,7
658,1,6
665,1,7
671,1,6
681,1,10
688,1,7
694,1,6
703,2,9
710,1,7
717,1,7
723,1,6
730,1,7
736,1,6
743,1,7
750,1,7
757,1,7
765,1,8
771,1,6
777,1,6
783,0,6
790,1,7
796,1,6
803,1,7
812,4,9
819,2,7
825,1,6
834,1,9
841,1,7
849,1,8
856,1,7
863,2,7
870,1,7
877,1,7
884,1,7
891,1,7
898,2,7
904,1,6
911,1,7
917,1,6
924,1,7
930,1,6
937,1,7
944,2,7
950,1,6
956,1,6
962,0,6
968,1,6
975,1,7
982,2,7
989,2,7
996,2,7
1003,2,7
1009,1,6
1016,1,7
1023,1,7
1032,3,9
1039,2,7
1047,2,8
1056,4,9
1062,1,6
1069,1,7
1076,2,7
1083,2,7
1091,1,8
1098,1,7
1105,1,7
1112,1,7
1119,1,7
1127,1,8
1134,1,7
1144,1,10
1151,1,7
1159,2,8
1166,2,7
1173,2,7
1180,2,7
1186,1,6
1193,1,7
1200,1,7
1207,2,7
1215,3,8
1222,1,7
1229,1,7
1236,2,7
1242,1,6
1249,1,7
1255,1,6
1262,1,7
1270,2,8
1278,2,8
1285,2,7
1296,5,11
1303,1,7
1312,3,9
1319,1,7
1325,0,6
1332,1,7
1338,1,6
1346,2,8
1354,1,8
1362,1,8
1369,1,7
1379,5,10
1390,1,11
1397,1,7
1404,2,7
1410,1,6
1417,1,7
1423,1,6
1429,1,6
1436,1,7
1443,2,7
1450,2,7
1456,1,6
1462,1,6
1468,1,6
1474,1,6
1481,2,7
1487,1,6
1493,1,6
1500,1,7
1506,1,6
1512,1,6
1518,1,6
1525,1,7
1531,1,6
1538,2,7
1544,1,6
1551,1,7
1567,11,16
1570,1,3
1576,1,6
1582,0,6
1588,1,6
1597,4,9
1602,1,5
1608,1,6
1614,1,6
1620,1,6
1626,1,6
1632,1,6
1638,1,6
1643,0,5
1649,1,6
1655,1,6
1661,1,6
1668,1,7
1676,3,8
1684,3,8
1691,2,7
1699,2,8
1706,2,7
1713,1,7
1719,1,6
1727,2,8
1734,1,7
1741,1,7
1748,1,7
1755,0,7
1762,1,7
1771,1,9
1779,2,8
1788,3,9
1796,3,8
1804,3,8
1811,2,7
1818,2,7
1824,1,6
1831,1,7
1837,1,6
1844,2,7
1850,1,6
1856,1,6
1862,1,6
1868,1,6
1874,1,6
1881,2,7
1888,1,7
1894,1,6
1901,1,7
1907,1,6
1913,0,6
1920,1,7
1926,1,6
1932,1,6
1939,1,7
1946,1,7
1952,1,6
1958,1,6
1964,1,6
1970,0,6
1977,1,7
1983,1,6
1989,1,6
1996,1,7
2002,1,6
2008,1,6
2014,1,6
2020,1,6
2027,1,7
2034,2,7
2041,2,7
2047,1,6
2054,1,7
2060,1,6
2076,4,16
2078,1,2
2083,1,5
2092,4,9
2093,0,1
2099,0,6
2106,1,7
2114,3,8
2120,1,6
2126,1,6
2133,1,7
2139,1,6
2145,1,6
2156,5,11
2163,2,7
2168,1,5
2174,1,6
2180,1,6
2187,1,7
2193,1,6
2200,1,7
2206,1,6
2213,2,7
2219,1,6
2226,2,7
2233,2,7
2247,2,14
2253,1,6
2260,1,7
2267,1,7
2273,1,6
2284,6,11
2295,6,11
2301,2,6
2309,2,8
2322,8,13
2331,3,9
2339,3,8
2347,3,8
2353,1,6
2359,0,6
2366,1,7
2372,1,6
2378,1,6
2385,2,7
2391,1,6
2397,1,6
2403,1,6
2410,1,7
2416,1,6
2422,1,6
2428,1,6
2434,1,6
2440,1,6
2446,0,6
2453,1,7
2459,1,6
2466,1,7
2472,1,6
2479,1,7
2486,2,7
2492,1,6
2498,1,6
2504,1,6
2511,1,7
2517,1,6
2523,1,6
2529,1,6
2535,1,6
2542,2,7
2548,1,6
2554,1,6
2561,2,7
2567,1,6
2573,1,6
2579,1,6
2586,1,7
2594,3,8
2600,1,6
2607,2,7
2613,1,6
2619,1,6
2624,0,5
2632,2,8
2640,2,8
2652,6,12
2660,3,8
2666,1,6
2673,1,7
2679,1,6
2708,8,29
2720,3,12
2726,1,6
2733,2,7
2738,0,5
2744,0,6
2751,1,7
2757,1,6
2763,1,6
2769,0,6
2775,1,6
2781,1,6
2787,0,6
2793,0,6
2800,1,7
2806,1,6
2813,1,7
2819,1,6
2825,0,6
2832,1,7
2838,1,6
2845,1,7
2851,1,6
2857,1,6
2864,1,7
2870,1,6
2876,1,6
2883,2,7
2890,1,7
2897,2,7
2903,1,6
2909,1,6
2915,1,6
2922,1,7
2928,1,6
2935,2,7
2941,1,6
2947,1,6
2953,1,6
2959,0,6
2967,1,8
2973,1,6
2980,1,7
2987,1,7
2993,1,6
3000,2,7
3006,1,6
3013,2,7
3019,1,6
3025,1,6
3032,1,7
3038,1,6
3044,1,6
3050,1,6
3056,1,6
3061,0,5
3067,0,6
3073,0,6
3080,1,7
3086,1,6
3092,1,6
3098,1,6
3104,1,6
3110,1,6
3117,1,7
3123,1,6
3129,1,6
3135,1,6
3141,0,6
3148,1,7
3154,1,6
3159,0,5
3165,0,6
3171,1,6
3177,1,6
3183,1,6
3189,1,6
3195,1,6
3201,1,6
3208,2,7
3214,1,6
3220,1,6
3226,1,6
3232,1,6
3238,1,6
3244,1,6
3250,1,6
3256,1,6
3262,0,6
3268,0,6
3274,0,6
3280,1,6
3287,1,7
3293,1,6
3299,1,6
3305,0,6
3311,0,6
3318,1,7
3324,1,6
3330,1,6
3336,1,6
3344,3,8
3354,1,10
3360,1,6
3366,1,6
3372,0,6
3378,1,6
3385,1,7
3391,1,6
3397,1,6
3403,1,6
3409,0,6
3415,1,6
3421,1,6
3427,0,6
3433,1,6
3440,2,7
3446,1,6
3452,1,6
3458,1,6
3464,1,6
3473,3,9
3482,4,9
3489,1,7
3496,2,7
3504,1,8
3511,2,7
3517,1,6
3524,1,7
3530,1,6
3536,1,6
3542,1,6
3548,1,6
3554,1,6
3560,1,6
3566,1,6
3573,1,7
3579,1,6
3585,0,6
3592,1,7
3598,1,6
3607,4,9
3613,1,6
3620,1,7
3626,1,6
3632,1,6
3638,1,6
3645,1,7
3651,1,6
3657,0,6
3664,1,7
3675,2,11
3681,1,6
3688,1,7
3695,1,7
3702,2,7
3708,1,6
3714,1,6
3720,1,6
3728,3,8
3738,1,10
3744,1,6
3750,1,6
3757,1,7
3763,1,6
3769,1,6
3775,1,6
3781,1,6
3787,1,6
3793,1,6
3800,2,7
3806,1,6
3812,1,6
3818,1,6
3824,1,6
3830,1,6
3838,3,8
3844,1,6
3850,1,6
3857,1,7
3863,1,6
3869,1,6
3874,0,5
3881,1,7
3887,1,6
3894,1,7
3901,2,7
3908,2,7
3914,1,6
3921,1,7
3928,1,7
3935,2,7
3941,1,6
3948,1,7
3953,0,5
3964,1,11
3970,1,6
3976,1,6
3985,1,9
3992,0,7
3998,0,6
4005,1,7
4011,1,6
4017,1,6
4023,1,6
4029,1,6
4036,1,7
4042,1,6
4048,1,6
4054,1,6
4060,1,6
4066,1,6
4072,1,6
4078,1,6
4090,1,12
4096,1,6
4103,1,7
4109,1,6
4115,1,6
4122,1,7
4128,1,6
4135,2,7
4141,1,6
4147,1,6
4154,1,7
4159,0,5
4165,1,6
4172,1,7
4179,1,7
4185,1,6
4191,1,6
4197,0,6
4204,1,7
4211,2,7
4217,1,6
4224,1,7
4231,2,7
4237,1,6
4248,5,11
4255,2,7
4261,1,6
4268,1,7
4274,1,6
4280,1,6
4286,0,6
4292,0,6
4299,1,7
4305,1,6
4311,1,6
4318,1,7
4325,2,7
4331,1,6
4339,3,8
4346,1,7
4354,2,8
4360,1,6
4371,2,11
4378,2,7
4384,1,6
4390,1,6
4396,1,6
4402,0,6
4408,0,6
4415,1,7
4421,1,6
4427,1,6
4433,1,6
4439,0,6
4446,1,7
4452,1,6
4458,1,6
4464,1,6
4470,1,6
4476,1,6
4482,0,6
4488,0,6
4495,1,7
4501,1,6
4507,1,6
4513,1,6
4518,0,5
4524,0,6
4536,7,12
4545,1,9
4551,1,6
4557,1,6
4563,1,6
4569,1,6
4576,2,7
4582,1,6
4588,1,6
4594,1,6
4600,1,6
4606,1,6
4612,1,6
4618,1,6
4624,1,6
4631,1,7
4638,1,7
4645,2,7
4651,1,6
4658,1,7
4664,1,6
4671,1,7
4677,1,6
4683,1,6
4690,1,7
4696,1,6
4702,1,6
4708,1,6
4714,1,6
4720,1,6
4726,1,6
4732,1,6
4738,1,6
4744,1,6
4750,1,6
4756,1,6
4769,8,13
4775,1,6
4784,3,9
4792,3,8
4800,2,8
4807,2,7
4814,2,7
4821,2,7
4828,1,7
4835,1,7
4843,2,8
4850,2,7
4857,2,7
4864,2,7
4872,2,8
4881,4,9
4887,1,6
4894,1,7
4900,1,6
4907,1,7
4913,1,6
4920,1,7
4927,2,7
4934,2,7
4941,2,7
4948,1,7
4955,1,7
4963,2,8
4970,2,7
4976,1,6
4983,1,7
4990,1,7
4998,2,8
5006,2,8
5013,2,7
5021,2,8
5029,3,8
5036,2,7
5043,1,7
5050,1,7
5057,1,7
5063,1,6
5069,0,6
5076,1,7
5082,1,6
5087,0,5
5094,1,7
5100,1,6
5106,1,6
5112,1,6
5118,0,6
5125,1,7
5131,1,6
5137,1,6
5143,1,6
5150,1,7
5156,1,6
5162,1,6
5168,1,6
5175,1,7
5181,0,6
5187,0,6
5193,0,6
5199,0,6
5206,1,7
5211,0,5
5218,1,7
5224,1,6
5230,1,6
5236,1,6
5242,1,6
5248,1,6
5255,1,7
5261,1,6
5267,1,6
5273,1,6
5280,1,7
5286,1,6
5292,1,6
5298,1,6
5304,1,6
5310,1,6
5316,1,6
5322,1,6
5328,1,6
5334,1,6
5340,1,6
5346,1,6
5352,1,6
5358,1,6
5364,1,6
5370,1,6
5376,1,6
5382,1,6
5388,1,6
5395,1,7
5400,0,5
5406,0,6
5412,1,6
5418,1,6
5424,1,6
5430,1,6
5435,0,5
5441,0,6
5447,1,6
5458,1,11
5464,1,6
5470,1,6
5477,2,7
5483,1,6
5489,1,6
5496,1,7
5502,1,6
5508,1,6
5514,1,6
5520,1,6
5526,1,6
5532,1,6
5538,1,6
5544,1,6
5550,1,6
5556,0,6
5562,0,6
5568,1,6
5574,1,6
5580,0,6
5586,1,6
5592,1,6
5598,1,6
5604,1,6
5611,1,7
5616,0,5
5622,0,6
5628,0,6
5634,1,6
5641,1,7
5647,1,6
5653,1,6
5659,1,6
5665,1,6
5672,2,7
5678,1,6
5685,2,7
5691,1,6
5697,1,6
5703,1,6
5709,1,6
5715,1,6
5721,1,6
5728,1,7
5734,1,6
5740,1,6
5746,1,6
5752,1,6
5758,1,6
5764,0,6
5770,0,6
5776,1,6
5782,1,6
5788,0,6
5795,1,7
5801,1,6
5807,1,6
5813,0,6
5819,0,6
5825,1,6
5832,2,7
5838,1,6
5844,1,6
5850,1,6
5856,1,6
5862,1,6
5870,3,8
5877,2,7
5885,3,8
5893,2,8
5900,2,7
5908,2,8
5916,2,8
5923,2,7
5930,1,7
5938,2,8
5948,2,10
5955,1,7
5962,1,7
5969,1,7
5977,2,8
5984,2,7
5994,2,10
6002,2,8
6009,2,7
6016,2,7
6023,2,7
6030,1,7
6038,2,8
6045,2,7
6052,2,7
6059,2,7
6066,2,7
6073,1,7
6084,2,11
6102,2,18
6109,1,7
6115,1,6
6122,1,7
6129,2,7
6137,2,8
6144,2,7
6151,2,7
6158,2,7
6165,2,7
6172,2,7
6179,2,7
6187,2,8
6194,2,7
6200,1,6
6207,1,7
6214,1,7
6221,1,7
6228,2,7
6235,2,7
6242,2,7
6249,2,7
6256,2,7
6263,2,7
6271,2,8
6277,1,6
6292,5,15
6299,2,7
6306,1,7
6313,2,7
6320,1,7
6328,3,8
6336,2,8
6343,2,7
6350,1,7
6356,1,6
6362,0,6
6368,1,6
6374,1,6
6380,1,6
6386,1,6
6392,1,6
6398,1,6
6404,1,6
6410,1,6
6415,0,5
6421,0,6
6427,1,6
6432,0,5
6438,0,6
6444,1,6
6450,1,6
6456,1,6
6462,1,6
6468,1,6
6474,1,6
6480,1,6
6486,1,6
6492,1,6
6498,1,6
6503,0,5
6509,0,6
6516,1,7
6522,1,6
6528,1,6
6534,1,6
6539,0,5
6545,0,6
6552,1,7
6558,1,6
6564,1,6
6570,1,6
6577,1,7
6583,2,6
6589,1,6
6604,11,15
6620,8,16
6628,8,8
6632,4,4
6634,1,2
6639,0,5
6645,1,6
6650,1,5
6655,1,5
6660,0,5
6665,0,5
6671,1,6
6676,1,5
6681,0,5
6687,1,6
6692,1,5
6697,0,5
6703,1,6
6708,1,5
6713,1,5
6719,1,6
6724,1,5
6730,1,6
6735,1,5
6740,1,5
6747,1,7
6752,1,5
6758,1,6
6763,1,5
6769,1,6
6776,1,7
6782,1,6
6788,1,6
6794,1,6
6800,1,6
6806,1,6
6812,1,6
6818,1,6
6825,1,7
6831,1,6
6837,1,6
6843,1,6
6849,1,6
6861,1,12
6867,1,6
6873,1,6
6880,1,7
6886,1,6
6894,1,8
6901,1,7
6907,1,6
6914,1,7
6920,1,6
6926,1,6
6932,1,6
6938,1,6
6945,1,7
6951,1,6
6957,1,6
6964,1,7
6970,1,6
6977,1,7
6984,1,7
6990,1,6
6996,0,6
7002,0,6
7008,1,6
7014,0,6
7020,1,6
7026,1,6
7031,0,5
7037,0,6
7043,0,6
7051,1,8
7057,1,6
7063,1,6
7070,1,7
7086,6,16
7086,1,0
7091,1,5
7096,0,5
7102,1,6
7107,1,5
7112,0,5
7118,1,6
7123,0,5
7129,1,6
7134,1,5
7140,1,6
7145,1,5
7151,1,6
7156,1,5
7162,1,6
7168,1,6
7174,1,6
7180,1,6
7187,1,7
7197,1,10
7203,1,6
7209,1,6
7215,1,6
7221,0,6
7227,0,6
7233,0,6
7239,0,6
7246,1,7
7252,1,6
7257,0,5
7263,0,6
7270,1,7
7275,0,5
7281,0,6
7287,1,6
7293,1,6
7299,1,6
7305,1,6
7311,1,6
7317,1,6
7323,1,6
7328,0,5
7334,1,6
7340,1,6
7347,0,7
7353,0,6
7359,1,6
7365,1,6
7371,1,6
7377,1,6
7383,1,6
7389,1,6
7395,1,6
7401,1,6
7406,0,5
7412,0,6
7418,1,6
7423,0,5
7430,1,7
7435,0,5
7441,1,6
7446,0,5
7452,0,6
7458,1,6
7464,1,6
7474,1,10
7480,1,6
7485,0,5
7491,0,6
7497,0,6
7503,0,6
7510,1,7
7516,1,6
7522,1,6
7528,0,6
7535,1,7
7541,1,6
7547,1,6
7553,1,6
7559,1,6
7566,1,7
7572,1,6
7578,1,6
7584,1,6
7590,1,6
7597,1,7
7603,1,6
7610,1,7
7617,1,7
7624,2,7
7630,1,6
7637,1,7
7643,1,6
7649,0,6
7656,1,7
7662,1,6
7669,2,7
7675,1,6
7685,1,10
7692,2,7
7698,1,6
7704,1,6
7711,1,7
7717,1,6
7723,1,6
7730,1,7
7736,1,6
7742,1,6
7754,2,12
7760,1,6
7767,1,7
7773,1,6
7779,1,6
7786,1,7
7792,1,6
7798,1,6
7804,1,6
7811,1,7
7817,1,6
7823,1,6
7830,1,7
7836,1,6
7842,1,6
7848,1,6
7855,1,7
7861,1,6
7867,1,6
7873,1,6
7880,1,7
7886,1,6
7892,1,6
7899,1,7
7905,1,6
7911,1,6
7918,1,7
7924,1,6
7930,1,6
7937,2,7
7944,1,7
7951,1,7
7958,1,7
7965,2,7
7971,1,6
7977,1,6
7984,1,7
7990,1,6
7996,1,6
8002,0,6
8009,1,7
8015,1,6
8021,1,6
8027,1,6
8033,1,6
8041,1,8
8047,1,6
8053,1,6
8060,1,7
8066,1,6
8072,1,6
8078,0,6
8084,0,6
8091,1,7
8097,1,6
8103,1,6
8110,1,7
8116,1,6
8122,1,6
8129,2,7
8135,1,6
8140,0,5
8146,0,6
8153,1,7
8159,1,6
8166,2,7
8172,1,6
8182,1,10
8188,1,6
8194,1,6
8200,1,6
8206,1,6
8212,0,6
8218,0,6
8224,0,6
8230,1,6
8236,0,6
8243,1,7
8249,1,6
8255,1,6
8261,1,6
8267,1,6
8273,1,6
8279,1,6
8285,1,6
8292,2,7
8297,0,5
8303,0,6
8309,0,6
8315,1,6
8321,1,6
8327,0,6
8333,0,6
8339,1,6
8347,1,8
8353,1,6
8359,1,6
8365,1,6
8371,0,6
8377,0,6
8383,0,6
8389,1,6
8395,0,6
8402,1,7
8407,0,5
8413,0,6
8419,1,6
8425,1,6
8431,1,6
8436,0,5
8442,0,6
8448,1,6
8454,1,6
8460,1,6
8466,1,6
8473,1,7
8480,2,7
8486,1,6
8494,3,8
8503,3,9
8510,1,7
8515,1,5
8521,1,6
8528,2,7
8534,1,6
8540,1,6
8547,1,7
8559,1,12
8565,1,6
8571,0,6
8578,1,7
8584,1,6
8591,1,7
8597,1,6
8604,2,7
8610,1,6
8617,1,7
8623,1,6
8630,1,7
8636,1,6
8642,0,6
8649,1,7
8655,1,6
8662,1,7
8668,0,6
8675,1,7
8681,1,6
8687,1,6
8697,1,10
8703,1,6
8709,1,6
8715,1,6
8721,1,6
8728,2,7
8734,1,6
8744,1,10
8750,1,6
8756,1,6
8763,1,7
8769,1,6
8775,1,6
8781,1,6
8787,1,6
8792,0,5
8799,1,7
8805,1,6
8811,1,6
8817,1,6
8823,1,6
8829,1,6
8836,1,7
8844,3,8
8850,1,6
8856,1,6
8863,2,7
8869,1,6
8875,1,6
8882,1,7
8889,2,7
8896,1,7
8906,1,10
8912,1,6
8918,1,6
8925,1,7
8931,1,6
8937,1,6
8943,1,6
8949,1,6
8956,2,7
8962,1,6
8968,1,6
8974,1,6
8980,1,6
8988,3,8
8995,1,7
9001,1,6
9007,1,6
9013,1,6
9020,1,7
9027,1,7
9033,1,6
9039,1,6
9045,0,6
9051,0,6
9057,0,6
9063,0,6
9070,1,7
9076,1,6
9082,1,6
9088,1,6
9094,1,6
9101,1,7
9107,1,6
9113,1,6
9119,1,6
9124,0,5
9130,0,6
9137,1,7
9143,1,6
9149,1,6
9155,1,6
9161,0,6
9167,1,6
9173,1,6
9179,1,6
9185,1,6
9190,0,5
9196,0,6
9203,2,7
9209,1,6
9215,1,6
9221,1,6
9227,1,6
9233,1,6
9239,1,6
9245,1,6
9251,1,6
9257,1,6
9263,1,6
9269,1,6
9275,1,6
9281,1,6
9287,0,6
9293,0,6
9300,1,7
9307,2,7
9313,1,6
9319,1,6
9325,1,6
9331,1,6
9337,1,6
9343,1,6
9349,1,6
9355,1,6
9361,1,6
9367,0,6
9378,1,11
9384,1,6
9390,1,6
9396,1,6
9402,1,6
9408,1,6
9414,1,6
9420,1,6
9426,1,6
9432,1,6
9438,1,6
9444,1,6
9451,1,7
9457,1,6
9463,1,6
9469,1,6
9475,1,6
9481,1,6
9488,1,7
9494,1,6
9500,1,6
9506,1,6
9512,0,6
9518,1,6
9525,1,7
9531,1,6
9536,0,5
9542,0,6
9548,1,6
9554,1,6
9560,1,6
9566,1,6
9572,1,6
9578,1,6
9584,1,6
9590,1,6
9596,1,6
9602,1,6
9609,1,7
9615,1,6
9621,1,6
9627,1,6
9634,1,7
9640,1,6
9645,0,5
9651,0,6
9657,1,6
9663,0,6
9669,1,6
9675,1,6
9681,1,6
9687,1,6
9693,1,6
9699,0,6
9705,1,6
9711,0,6
9717,0,6
9723,1,6
9729,1,6
9735,1,6
9741,1,6
9747,1,6
9754,2,7
9760,1,6
9766,1,6
9772,1,6
9778,1,6
9784,1,6
9790,1,6
9796,1,6
9803,2,7
9809,1,6
9815,1,6
9821,1,6
9827,1,6
9833,1,6
9839,1,6
9844,0,5
9850,0,6
9856,1,6
9862,1,6
9868,1,6
9874,1,6
9880,1,6
9886,0,6
9893,1,7
9899,1,6
9905,1,6
9912,2,7
9919,1,7
9927,2,8
9934,2,7
9941,1,7
9947,1,6
9954,1,7
9960,1,6
9967,1,7
9973,1,6
9980,1,7
9987,2,7
9994,2,7
10000,1,6
10007,1,7
10013,1,6
10019,1,6
10025,1,6
10031,1,6
10036,0,5
10042,0,6
10048,1,6
10054,1,6
10061,1,7
10068,2,7
10080,1,12
10086,1,6
10093,2,7
10099,1,6
10107,1,8
10112,0,5
10119,1,7
10124,0,5
10130,0,6
10136,1,6
10142,1,6
10148,1,6
10154,1,6
10160,1,6
10166,1,6
10172,1,6
10177,0,5
10183,0,6
10189,1,6
10195,1,6
10201,1,6
10207,1,6
10213,1,6
10219,1,6
10225,1,6
10231,1,6
10236,0,5
10243,1,7
10248,0,5
10254,1,6
10260,1,6
10266,1,6
10271,0,5
10277,0,6
10283,1,6
10294,1,11
10300,1,6
10306,1,6
10312,1,6
10317,0,5
10323,1,6
10329,1,6
10334,0,5
10340,0,6
10346,1,6
10353,2,7
10359,0,6
10365,1,6
10370,0,5
10376,0,6
10382,1,6
10388,1,6
10394,1,6
10400,1,6
10406,1,6
10412,1,6
10418,1,6
10424,1,6
10430,1,6
10440,1,10
10446,1,6
10452,0,6
10459,1,7
10465,1,6
10471,1,6
10477,1,6
10484,2,7
10490,1,6
10496,1,6
10505,1,9
10511,1,6
10517,1,6
10523,0,6
10529,0,6
10535,0,6
10542,1,7
10548,1,6
10553,0,5
10560,1,7
10565,0,5
10571,0,6
10578,1,7
10584,1,6
10590,1,6
10597,1,7
10603,1,6
10609,1,6
10615,1,6
10622,1,7
10628,1,6
10634,1,6
10640,1,6
10645,0,5
10651,0,6
10657,1,6
10663,1,6
10669,1,6
10674,0,5
10681,1,7
10687,1,6
10693,1,6
10700,1,7
10706,1,6
10712,1,6
10722,1,10
10728,1,6
10735,1,7
10741,1,6
10747,1,6
10754,2,7
10760,1,6
10766,1,6
10772,1,6
10777,0,5
10783,0,6
10789,1,6
10795,0,6
10802,1,7
10807,0,5
10813,0,6
10819,0,6
10825,1,6
10831,1,6
10837,1,6
10843,1,6
10849,1,6
10855,1,6
10861,1,6
10867,1,6
10873,1,6
10879,1,6
10886,2,7
10892,1,6
10897,0,5
10903,0,6
10911,1,8
10917,1,6
10923,1,6
10929,1,6
10935,1,6
10941,0,6
10947,0,6
10954,1,7
10959,0,5
10965,0,6
10971,1,6
10977,1,6
10983,1,6
10989,1,6
10995,1,6
11000,0,5
11006,0,6
11012,1,6
11018,1,6
11024,1,6
11030,1,6
11036,1,6
11042,1,6
11048,1,6
11054,1,6
11059,0,5
11065,0,6
11071,1,6
11077,1,6
11083,0,6
11089,0,6
11095,1,6
11101,1,6
11108,1,7
11114,1,6
11120,1,6
11126,1,6
11132,0,6
11139,1,7
11145,1,6
11151,1,6
11158,1,7
11167,4,9
11173,0,6
11179,1,6
11184,0,5
11190,0,6
11196,0,6
11202,1,6
11209,1,7
11214,0,5
11221,1,7
11227,1,6
11233,1,6
11240,1,7
11246,1,6
11252,1,6
11258,1,6
11264,0,6
11270,1,6
11276,1,6
11282,1,6
11288,1,6
11293,0,5
11299,0,6
11305,1,6
11311,1,6
11318,1,7
11324,1,6
11330,1,6
11336,1,6
11342,1,6
11348,1,6
11354,0,6
11360,0,6
11367,1,7
11372,0,5
11378,0,6
11384,1,6
11390,1,6
11398,3,8
11405,1,7
11411,1,6
11417,1,6
11424,2,7
11430,1,6
11436,1,6
11449,7,13
11455,1,6
11468,1,13
11474,1,6
11480,1,6
11487,1,7
11493,1,6
11499,1,6
11505,1,6
11512,1,7
11518,1,6
11524,1,6
11530,1,6
11537,1,7
11543,1,6
11549,1,6
11555,1,6
11562,1,7
11568,1,6
11574,1,6
11580,1,6
11587,2,7
11593,1,6
11599,0,6
11605,0,6
11612,1,7
11618,1,6
11624,1,6
11630,1,6
11640,5,10
11646,1,6
11652,1,6
11660,3,8
11666,1,6
11672,1,6
11682,1,10
11692,2,10
11698,1,6
11704,1,6
11710,1,6
11717,2,7
11723,1,6
11729,1,6
11735,1,6
11741,1,6
11748,1,7
11754,1,6
11760,1,6
11766,0,6
11772,1,6
11778,0,6
11784,0,6
11791,1,7
11797,1,6
11803,1,6
11809,1,6
11816,1,7
11822,1,6
11828,1,6
11834,1,6
11841,1,7
11847,1,6
11853,1,6
11859,1,6
11865,1,6
11871,0,6
11877,0,6
11884,1,7
11890,1,6
11896,1,6
11903,1,7
11909,1,6
11915,1,6
11921,1,6
11928,1,7
11934,1,6
11940,1,6
11947,2,7
11956,4,9
11966,1,10
11972,1,6
11978,1,6
11984,1,6
11990,1,6
11996,1,6
12002,1,6
12009,1,7
12015,1,6
12021,1,6
12028,1,7
12035,1,7
12041,1,6
12048,1,7
12054,1,6
12060,1,6
12066,1,6
12072,1,6
12078,1,6
12085,1,7
12099,9,14
12099,4,0
12101,0,2
12107,1,6
12112,1,5
12117,1,5
12123,1,6
12128,1,5
12134,1,6
12140,1,6
12146,1,6
12152,1,6
12158,1,6
12164,1,6
12170,1,6
12176,1,6
12182,0,6
12189,1,7
12195,1,6
12201,1,6
12207,1,6
12213,0,6
12219,0,6
12225,0,6
12232,1,7
12238,1,6
12244,1,6
12250,1,6
12256,1,6
12262,1,6
12268,1,6
12275,1,7
12281,1,6
12287,1,6
12293,0,6
12299,0,6
12305,1,6
12311,1,6
12318,2,7
12324,1,6
12330,1,6
12336,1,6
12342,1,6
12348,1,6
12354,1,6
12360,1,6
12366,1,6
12371,0,5
12378,1,7
12384,1,6
12390,1,6
12396,1,6
12402,1,6
12408,1,6
12413,0,5
12419,0,6
12425,1,6
12430,0,5
12436,0,6
12442,1,6
12447,0,5
12453,0,6
12459,1,6
12465,1,6
12472,1,7
12478,1,6
12484,1,6
12490,1,6
12496,1,6
12502,1,6
12509,1,7
12515,1,6
12521,0,6
12528,1,7
12534,1,6
12540,1,6
12546,1,6
12553,1,7
12559,1,6
12565,1,6
12571,1,6
12577,1,6
12584,2,7
12590,1,6
12596,1,6
12602,1,6
12608,1,6
12614,1,6
12620,1,6
12626,1,6
12632,1,6
12638,1,6
12643,0,5
12649,1,6
12655,1,6
12661,0,6
12667,0,6
12673,0,6
12679,0,6
12686,1,7
12692,1,6
12698,1,6
12704,1,6
12710,1,6
12716,1,6
12722,1,6
12728,1,6
12734,1,6
12740,1,6
12746,1,6
12752,1,6
12758,1,6
12764,1,6
12770,1,6
12775,0,5
12781,1,6
12787,0,6
12793,0,6
12799,0,6
12805,0,6
12812,1,7
12818,1,6
12824,1,6
12830,1,6
12836,1,6
12842,1,6
12848,1,6
12854,1,6
12860,1,6
12866,1,6
12872,1,6
12878,1,6
12884,1,6
12890,1,6
12896,1,6
12903,1,7
12909,1,6
12915,1,6
12921,1,6
12932,1,11
12938,1,6
12944,1,6
12950,0,6
12957,1,7
12963,1,6
12969,1,6
12975,1,6
12981,1,6
12987,1,6
12993,1,6
12999,1,6
13005,1,6
13010,0,5
13017,1,7
13023,1,6
13029,1,6
13035,0,6
13041,0,6
13048,1,7
13054,1,6
13060,1,6
13066,1,6
13072,1,6
13078,1,6
13084,1,6
13090,1,6
13097,1,7
13103,1,6
13109,1,6
13115,1,6
13121,1,6
13127,1,6
13133,1,6
13138,0,5
13144,1,6
13150,1,6
13156,1,6
13162,1,6
13168,1,6
13174,0,6
13180,0,6
13186,0,6
13193,1,7
13199,1,6
13205,1,6
13212,2,7
13218,1,6
13224,1,6
13230,1,6
13236,1,6
13242,1,6
13248,1,6
13254,1,6
13261,2,7
13267,1,6
13273,1,6
13279,1,6
13286,2,7
13292,1,6
13298,1,6
13304,1,6
13310,1,6
13316,1,6
13322,1,6
13328,1,6
13334,1,6
13340,1,6
13346,1,6
13351,0,5
13357,1,6
13363,1,6
13369,1,6
13374,0,5
13380,1,6
13386,1,6
13391,0,5
13397,1,6
13403,1,6
13409,1,6
13415,1,6
13420,0,5
13426,0,6
13432,1,6
13438,1,6
13444,1,6
13450,1,6
13456,1,6
13461,0,5
13468,1,7
13473,0,5
13479,0,6
13486,1,7
13491,0,5
13497,1,6
13503,1,6
13509,1,6
13514,0,5
13520,1,6
13526,1,6
13535,1,9
13541,0,6
13547,1,6
13553,1,6
13559,1,6
13565,1,6
13571,1,6
13577,1,6
13584,2,7
13591,2,7
13597,1,6
13603,1,6
13610,1,7
13616,1,6
13624,2,8
13631,2,7
13637,1,6
13644,1,7
13651,2,7
13657,1,6
13664,1,7
13672,2,8
13679,1,7
13686,2,7
13693,2,7
13699,1,6
13706,1,7
13713,1,7
13720,2,7
13727,2,7
13734,2,7
13740,1,6
13747,1,7
13754,2,7
13761,1,7
13768,2,7
13775,2,7
13782,2,7
13789,2,7
13801,7,12
13807,1,6
13813,1,6
13819,1,6
13826,1,7
13832,1,6
13838,1,6
13845,1,7
13851,1,6
13857,1,6
13863,1,6
13870,1,7
13877,2,7
13883,1,6
13890,1,7
13896,1,6
13902,1,6
13908,1,6
13915,1,7
13921,1,6
13927,1,6
13933,1,6
13939,1,6
13945,1,6
13952,1,7
13958,1,6
13964,1,6
13970,1,6
13976,1,6
13982,1,6
13988,1,6
13995,1,7
14001,1,6
14007,1,6
14013,1,6
14019,0,6
14026,1,7
14032,1,6
14038,1,6
14044,1,6
14050,1,6
14056,1,6
14062,0,6
14071,0,9
14077,0,6
14084,1,7
14090,1,6
14096,1,6
14102,1,6
14108,1,6
14114,0,6
14120,1,6
14126,1,6
14132,1,6
14138,0,6
14144,1,6
14150,0,6
14156,0,6
14162,0,6
14168,0,6
14174,0,6
14180,0,6
14186,1,6
14192,1,6
14198,1,6
14204,1,6
14210,1,6
14216,1,6
14222,1,6
14229,2,7
14235,1,6
14241,1,6
14248,1,7
14254,1,6
14260,1,6
14265,0,5
14271,1,6
14277,1,6
14283,1,6
14289,0,6
14296,1,7
14302,1,6
14307,0,5
14313,1,6
14319,1,6
14324,0,5
14330,1,6
14336,0,6
14343,1,7
14349,1,6
14355,1,6
14361,1,6
14367,1,6
14373,1,6
14379,1,6
14385,1,6
14391,1,6
14397,1,6
14404,1,7
14410,1,6
14416,1,6
14422,1,6
14428,1,6
14435,1,7
14441,1,6
14447,1,6
14453,1,6
14460,1,7
14466,1,6
14472,1,6
14478,1,6
14485,1,7
14491,1,6
14497,1,6
14504,1,7
14510,1,6
14516,1,6
14523,1,7
14529,1,6
14535,1,6
14541,1,6
14547,1,6
14553,1,6
14559,1,6
14565,1,6
14571,0,6
14578,1,7
14584,1,6
14590,1,6
14596,1,6
14602,1,6
14608,1,6
14614,1,6
14620,1,6
14627,1,7
14633,1,6
14639,1,6
14646,2,7
14652,1,6
14658,1,6
14664,1,6
14670,1,6
14676,0,6
14682,0,6
14689,1,7
14697,1,8
14704,1,7
14710,1,6
14719,3,9
14725,1,6
14731,1,6
14737,1,6
14743,1,6
14750,1,7
14756,1,6
14763,1,7
14770,2,7
14776,1,6
14782,1,6
14789,1,7
14796,2,7
14802,1,6
14809,2,7
14816,2,7
14822,1,6
14829,1,7
14836,2,7
14842,1,6
14849,2,7
14855,1,6
14861,0,6
14867,0,6
14874,1,7
14880,1,6
14886,1,6
14892,1,6
14898,1,6
14904,1,6
14910,1,6
14916,1,6
14922,1,6
14928,1,6
14936,3,8
14942,1,6
14948,1,6
14954,1,6
14960,1,6
14966,1,6
14972,1,6
14978,1,6
14983,0,5
14989,1,6
14995,1,6
15002,1,7
15008,1,6
15014,1,6
15021,1,7
15027,1,6
15034,1,7
15041,2,7
15047,1,6
15053,1,6
15059,1,6
15065,1,6
15071,1,6
15078,1,7
15084,1,6
15090,1,6
15096,1,6
15102,1,6
15108,1,6
15114,1,6
15120,1,6
15125,0,5
15131,0,6
15137,0,6
15143,0,6
15149,0,6
15156,1,7
15162,1,6
15168,1,6
15174,1,6
15180,1,6
15186,1,6
15192,1,6
15199,1,7
15205,1,6
15211,1,6
15217,1,6
15223,1,6
15229,1,6
15236,1,7
15242,1,6
15248,1,6
15254,1,6
15260,0,6
15267,1,7
15273,1,6
15278,0,5
15284,0,6
15291,1,7
15297,1,6
15303,1,6
15309,1,6
15315,1,6
15321,1,6
15327,1,6
15333,1,6
15339,1,6
15345,1,6
15351,1,6
15358,1,7
15364,1,6
15370,1,6
15376,1,6
15382,1,6
15388,1,6
15394,1,6
15400,0,6
15406,0,6
15412,0,6
15418,0,6
15424,0,6
15430,0,6
15436,1,6
15442,0,6
15448,1,6
15454,1,6
15459,0,5
15472,1,13
15478,1,6
15484,1,6
15491,1,7
15497,1,6
15503,1,6
15509,1,6
15515,0,6
15521,0,6
15527,1,6
15533,0,6
15539,1,6
15545,1,6
15552,1,7
15558,1,6
15564,1,6
15570,1,6
15576,1,6
15582,1,6
15588,1,6
15594,1,6
15601,2,7
15607,1,6
15613,1,6
15619,1,6
15625,1,6
15631,1,6
15637,1,6
15643,1,6
15649,1,6
15656,1,7
15662,1,6
15670,2,8
15676,1,6
15683,1,7
15689,1,6
15695,1,6
15702,1,7
15708,1,6
15714,1,6
15720,1,6
15726,1,6
15733,1,7
15739,1,6
15745,1,6
15750,0,5
15756,0,6
15762,1,6
15768,0,6
15774,1,6
15780,1,6
15786,1,6
15796,5,10
15802,1,6
15808,1,6
15814,1,6
15820,1,6
15826,1,6
15833,1,7
15839,1,6
15845,1,6
15851,0,6
15857,0,6
15863,0,6
15869,0,6
15875,1,6
15881,1,6
15887,1,6
15893,1,6
15899,1,6
15904,0,5
15910,1,6
15916,1,6
15928,1,12
15934,1,6
15940,1,6
15946,1,6
15953,1,7
15958,0,5
15964,0,6
15970,1,6
15976,1,6
15981,0,5
15988,1,7
15994,1,6
16000,1,6
16006,1,6
16012,1,6
16017,0,5
16024,1,7
16031,1,7
16037,1,6
16043,1,6
16050,0,7
16057,1,7
16063,1,6
16069,1,6
16075,1,6
16080,0,5
16086,0,6
16092,1,6
16098,1,6
16104,1,6
16110,1,6
16115,0,5
16121,1,6
16127,1,6
16133,1,6
16139,1,6
16145,0,6
16151,0,6
16157,0,6
16163,0,6
16169,0,6
16175,0,6
16181,1,6
16187,1,6
16194,1,7
16200,0,6
16206,1,6
16212,1,6
16218,1,6
16224,1,6
16230,1,6
16236,1,6
16242,1,6
16248,1,6
16254,1,6
16260,1,6
16266,1,6
16272,1,6
16278,1,6
16284,1,6
16290,0,6
16296,0,6
16302,0,6
16308,1,6
16313,0,5
16319,0,6
16325,1,6
16331,1,6
16337,1,6
16343,1,6
16349,1,6
16355,1,6
16361,1,6
16367,1,6
16373,1,6
16379,1,6
16385,0,6
16391,0,6
16398,1,7
16404,1,6
16410,1,6
16416,1,6
16422,1,6
16427,0,5
16433,1,6
16439,1,6
16454,1,15
16462,1,8
16468,1,6
16473,0,5
16479,1,6
16485,1,6
16491,1,6
16497,1,6
16503,1,6
16509,1,6
16515,1,6
16521,1,6
16527,1,6
16533,1,6
16539,1,6
16544,0,5
16550,1,6
16556,1,6
16562,1,6
16568,1,6
16574,1,6
16580,1,6
16586,1,6
16592,0,6
16598,1,6
16604,1,6
16610,1,6
16616,0,6
16623,1,7
16628,0,5
16634,1,6
16640,1,6
16646,1,6
16652,1,6
16658,0,6
16665,1,7
16671,1,6
16680,1,9
16686,1,6
16691,1,5
16696,1,5
16702,1,6
16707,1,5
16712,1,5
16718,1,6
16723,1,5
16728,1,5
16733,1,5
16744,6,11
16752,0,8
16758,1,6
16763,1,5
16768,1,5
16773,0,5
16779,1,6
16784,1,5
16789,1,5
16795,1,6
16800,1,5
16805,1,5
16811,1,6
16816,1,5
16822,1,6
16827,1,5
16832,1,5
16837,0,5
16843,1,6
16848,0,5
16855,1,7
16861,1,6
16867,1,6
16873,1,6
16882,1,9
16888,1,6
16894,1,6
16900,0,6
16906,0,6
16912,0,6
16919,1,7
16925,1,6
16931,1,6
16937,1,6
16943,1,6
16949,1,6
16955,1,6
16961,1,6
16967,1,6
16973,1,6
16979,1,6
16985,1,6
16991,1,6
16998,2,7
17004,1,6
17012,1,8
17018,1,6
17024,1,6
17032,3,8
17038,1,6
17045,1,7
17051,1,6
17057,1,6
17063,1,6
17070,1,7
17076,1,6
17082,1,6
17088,1,6
17093,0,5
17107,3,14
17110,1,3
17115,1,5
17120,1,5
17125,0,5
17130,0,5
17136,1,6
17141,1,5
17146,0,5
17152,1,6
17157,1,5
17163,1,6
17173,6,10
17178,0,5
17185,1,7
17191,1,6
17197,1,6
17203,1,6
17209,1,6
17215,1,6
17223,3,8
17231,3,8
17237,1,6
17244,1,7
17250,1,6
17255,0,5
17261,0,6
17267,0,6
17273,0,6
17279,0,6
17285,1,6
17290,0,5
17296,1,6
17302,1,6
17308,1,6
17313,0,5
17319,0,6
17325,1,6
17330,0,5
17336,0,6
17342,0,6
17349,1,7
17355,1,6
17361,1,6
17367,1,6
17373,1,6
17379,1,6
17385,1,6
17390,0,5
17396,1,6
17402,1,6
17408,1,6
17413,0,5
17419,1,6
17425,1,6
17431,1,6
17437,1,6
17442,0,5
17448,0,6
17454,1,6
17460,1,6
17466,1,6
17472,1,6
17478,1,6
17484,1,6
17490,1,6
17496,0,6
17502,0,6
17508,0,6
17514,0,6
17520,1,6
17526,1,6
17532,1,6
17538,1,6
17544,1,6
17550,1,6
17556,1,6
17562,1,6
17568,1,6
17574,1,6
17580,0,6
17590,1,10
17596,1,6
17602,1,6
17610,2,8
17622,1,12
17628,1,6
17634,1,6
17640,1,6
17646,1,6
17652,1,6
17658,1,6
17663,0,5
17670,1,7
17676,1,6
17682,1,6
17688,1,6
17694,1,6
17700,1,6
17706,1,6
17713,2,7
17719,1,6
17725,1,6
17731,1,6
17737,1,6
17744,1,7
17750,1,6
17756,1,6
17762,1,6
17768,1,6
17774,1,6
17781,1,7
17787,1,6
17793,1,6
17799,1,6
17805,0,6
17811,0,6
17817,0,6
17823,0,6
17829,0,6
17835,0,6
17841,1,6
17848,1,7
17854,1,6
17860,1,6
17866,1,6
17872,1,6
17883,1,11
17889,1,6
17896,1,7
17902,1,6
17908,1,6
17914,1,6
17920,1,6
17926,1,6
17937,1,11
17943,1,6
17950,2,7
17956,1,6
17962,1,6
17968,1,6
17974,1,6
17980,1,6
17986,1,6
17992,1,6
17998,1,6
18004,1,6
18009,0,5
18016,1,7
18030,1,14
18036,1,6
18042,1,6
18048,1,6
18055,1,7
18061,1,6
18067,1,6
18074,1,7
18080,1,6
18086,1,6
18092,1,6
18098,1,6
18105,1,7
18111,1,6
18117,1,6
18123,1,6
18129,1,6
18135,1,6
18141,1,6
18147,1,6
18153,1,6
18159,1,6
18165,1,6
18171,1,6
18177,1,6
18183,1,6
18189,1,6
18195,1,6
18200,0,5
18206,0,6
18213,1,7
18219,1,6
18224,0,5
18230,0,6
18236,1,6
18242,0,6
18248,0,6
18254,0,6
18260,1,6
18266,1,6
18272,1,6
18279,1,7
18286,1,7
18292,0,6
18299,1,7
18304,0,5
18310,1,6
18316,1,6
18321,0,5
18327,1,6
18333,1,6
18339,1,6
18345,1,6
18350,0,5
18356,0,6
18362,1,6
18368,1,6
18374,1,6
18380,1,6
18386,1,6
18392,1,6
18398,1,6
18405,2,7
18411,1,6
18418,1,7
18424,1,6
18430,1,6
18436,0,6
18443,1,7
18449,1,6
18456,2,7
18463,2,7
18470,2,7
18476,1,6
18483,1,7
18490,2,7
18497,1,7
18503,0,6
18510,1,7
18515,0,5
18522,1,7
18527,0,5
18533,0,6
18539,0,6
18545,1,6
18552,1,7
18558,1,6
18564,1,6
18570,1,6
18576,1,6
18582,1,6
18588,1,6
18594,1,6
18601,1,7
18607,1,6
18613,1,6
18619,1,6
18625,0,6
18632,1,7
18638,1,6
18644,1,6
18650,1,6
18656,1,6
18662,1,6
18668,1,6
18674,1,6
18680,1,6
18686,1,6
18692,1,6
18698,1,6
18704,1,6
18710,1,6
18716,0,6
18722,0,6
18729,1,7
18735,1,6
18741,1,6
18747,1,6
18753,1,6
18759,1,6
18765,1,6
18771,1,6
18777,1,6
18784,1,7
18790,1,6
18796,1,6
18802,0,6
18808,0,6
18814,1,6
18820,1,6
18826,1,6
18832,1,6
18838,0,6
18844,0,6
18850,0,6
18856,0,6
18862,0,6
18868,1,6
18874,0,6
18881,1,7
18893,1,12
18900,1,7
18907,1,7
18914,1,7
18920,1,6
18927,1,7
18934,1,7
18941,1,7
18947,1,6
18954,1,7
18961,2,7
18968,2,7
18975,2,7
18982,2,7
18989,2,7
18996,2,7
19004,3,8
19011,2,7
19018,2,7
19024,1,6
19031,1,7
19038,1,7
19045,1,7
19053,2,8
19060,2,7
19067,2,7
19074,1,7
19081,2,7
19089,3,8
19096,2,7
19103,2,7
19110,1,7
19116,1,6
19122,1,6
19128,1,6
19134,1,6
19140,1,6
19146,1,6
19152,1,6
19158,1,6
19164,1,6
19170,0,6
19177,1,7
19183,1,6
19189,1,6
19195,1,6
19200,0,5
19206,0,6
19213,1,7
19219,1,6
19225,1,6
19231,1,6
19237,1,6
19245,1,8
19251,1,6
19256,0,5
19262,0,6
19268,1,6
19274,1,6
19280,1,6
19285,0,5
19291,0,6
19297,0,6
19303,1,6
19309,1,6
19315,1,6
19321,1,6
19327,1,6
19332,0,5
19338,1,6
19344,1,6
19350,1,6
19356,1,6
19362,1,6
19368,1,6
19374,1,6
19380,1,6
19386,1,6
19392,0,6
19399,1,7
19405,1,6
19411,1,6
19417,1,6
19423,1,6
19429,0,6
19435,0,6
19442,1,7
19448,1,6
19457,2,9
19464,2,7
19471,2,7
19478,2,7
19485,2,7
19492,2,7
19499,1,7
19506,1,7
19513,1,7
19521,2,8
19527,1,6
19534,1,7
19541,1,7
19547,1,6
19552,0,5
19559,1,7
19565,1,6
19570,0,5
19576,0,6
19582,1,6
19588,1,6
19594,1,6
19599,0,5
19605,0,6
19611,1,6
19617,1,6
19623,1,6
19629,1,6
19636,1,7
19642,1,6
19648,1,6
19654,1,6
19660,1,6
19666,1,6
19672,1,6
19677,0,5
19683,1,6
19689,1,6
19694,0,5
19700,0,6
19706,1,6
19711,0,5
19717,1,6
19723,1,6
19729,1,6
19735,1,6
19741,1,6
19747,1,6
19753,1,6
19759,1,6
19765,1,6
19771,1,6
19776,0,5
19782,0,6
19788,1,6
19795,2,7
19801,1,6
19807,1,6
19813,1,6
19820,2,7
19827,2,7
19834,2,7
19840,1,6
19847,1,7
19856,1,9
19863,1,7
19870,1,7
19877,2,7
19884,2,7
19890,1,6
19897,2,7
19904,2,7
19911,2,7
19917,1,6
19924,1,7
19931,1,7
19938,2,7
19944,1,6
19951,2,7
19958,2,7
19965,2,7
19972,2,7
19979,2,7
19986,1,7
19993,2,7
20000,2,7
20007,2,7
20013,0,6
20019,0,6
20025,1,6
20031,1,6
20037,1,6
20043,0,6
20050,1,7
20056,1,6
20062,1,6
20068,1,6
20074,1,6
20080,1,6
20086,1,6
20092,1,6
20097,0,5
20103,0,6
20109,1,6
20114,0,5
20121,1,7
20126,0,5
20132,1,6
20137,0,5
20143,0,6
20149,1,6
20155,1,6
20160,0,5
20166,0,6
20172,1,6
20179,1,7
20185,1,6
20191,1,6
20197,1,6
20203,1,6
20210,1,7
20216,1,6
20222,1,6
20227,0,5
20233,0,6
20240,1,7
20246,1,6
20252,1,6
20258,1,6
20264,0,6
20271,1,7
20277,1,6
20283,1,6
20289,0,6
20296,1,7
20304,3,8
20310,1,6
20316,1,6
20323,1,7
20329,1,6
20335,1,6
20341,1,6
20347,1,6
20353,1,6
20359,1,6
20365,1,6
20372,1,7
20386,1,14
20392,1,6
20398,1,6
20404,1,6
20410,0,6
20417,1,7
20423,1,6
20430,2,7
20436,1,6
20446,1,10
20452,1,6
20458,1,6
20464,1,6
20470,0,6
20477,1,7
20483,1,6
20489,1,6
20495,1,6
20501,1,6
20507,0,6
20513,0,6
20519,1,6
20524,0,5
20530,0,6
20537,1,7
20543,1,6
20549,1,6
20555,1,6
20561,0,6
20567,0,6
20573,0,6
20579,0,6
20585,0,6
20591,1,6
20597,1,6
20603,1,6
20609,1,6
20615,1,6
20621,1,6
20627,1,6
20633,1,6
20639,1,6
20645,1,6
20651,1,6
20657,1,6
20663,1,6
20669,1,6
20675,0,6
20682,1,7
20688,1,6
20694,1,6
20700,1,6
20708,1,8
20714,1,6
20720,1,6
20726,1,6
20732,1,6
20738,1,6
20746,3,8
20752,1,6
20758,0,6
20764,0,6
20771,1,7
20776,0,5
20782,1,6
20788,1,6
20793,0,5
20799,1,6
20805,0,6
20811,1,6
20817,0,6
20824,1,7
20830,1,6
20842,1,12
20848,1,6
20853,0,5
20859,0,6
20865,1,6
20870,0,5
20876,0,6
20882,1,6
20888,1,6
20894,1,6
20899,0,5
20906,1,7
20912,1,6
20918,1,6
20924,1,6
20930,1,6
20936,1,6
20942,1,6
20948,1,6
20954,1,6
20960,1,6
20965,0,5
20971,1,6
20976,0,5
20983,1,7
20989,1,6
20994,0,5
21001,1,7
21007,1,6
21013,1,6
21018,0,5
21024,0,6
21030,1,6
21036,1,6
21042,1,6
21048,1,6
21055,2,7
21061,1,6
21067,1,6
21073,1,6
21079,1,6
21085,1,6
21091,1,6
21097,1,6
21103,1,6
21108,0,5
21114,0,6
21120,1,6
21126,1,6
21132,1,6
21138,1,6
21144,1,6
21150,1,6
21156,1,6
21162,1,6
21168,1,6
21174,1,6
21180,1,6
21186,1,6
21193,1,7
21198,0,5
21204,0,6
21210,0,6
21220,1,10
21234,1,14
21240,1,6
21246,1,6
21252,1,6
21258,1,6
21264,1,6
21269,0,5
21275,0,6
21281,1,6
21287,1,6
21293,1,6
21299,0,6
21305,0,6
21311,1,6
21317,1,6
21322,0,5
21329,1,7
21335,1,6
21342,2,7
21349,2,7
21355,1,6
21361,1,6
21367,1,6
21373,1,6
21379,1,6
21385,1,6
21391,1,6
21397,1,6
21403,1,6
21409,0,6
21416,1,7
21422,1,6
21428,1,6
21434,1,6
21440,1,6
21446,0,6
21453,1,7
21459,1,6
21465,1,6
21471,1,6
21477,1,6
21483,1,6
21489,1,6
21495,1,6
21501,1,6
21507,0,6
21513,0,6
21519,1,6
21525,1,6
21531,1,6
21537,1,6
21543,1,6
21549,1,6
21555,1,6
21560,0,5
21566,1,6
21571,0,5
21577,0,6
21583,1,6
21589,1,6
21595,1,6
21602,1,7
21608,1,6
21613,0,5
21620,1,7
21626,1,6
21632,1,6
21637,0,5
21644,1,7
21650,1,6
21656,1,6
21662,1,6
21668,1,6
21673,0,5
21679,0,6
21685,1,6
21691,1,6
21697,1,6
21703,1,6
21709,1,6
21715,1,6
21721,1,6
21727,1,6
21732,0,5
21738,1,6
21744,1,6
21750,1,6
21756,1,6
21762,1,6
21768,1,6
21776,3,8
21782,1,6
21788,1,6
21794,1,6
21799,0,5
21805,0,6
21811,1,6
21817,1,6
21828,0,11
21835,1,7
21841,1,6
21847,1,6
21853,1,6
21859,1,6
21865,1,6
21870,0,5
21876,1,6
21882,1,6
21888,0,6
21895,1,7
21901,1,6
21907,1,6
21913,1,6
21919,1,6
21925,1,6
21931,1,6
21937,1,6
21943,1,6
21949,0,6
21956,1,7
21962,1,6
21968,1,6
21974,0,6
21981,1,7
21987,1,6
21993,0,6
22000,1,7
22006,1,6
22012,1,6
22019,1,7
22025,1,6
22032,1,7
22038,1,6
22045,1,7
22052,2,7
22058,1,6
22064,0,6
22070,0,6
22077,2,7
22083,1,6
22089,1,6
22095,1,6
22102,1,7
22121,14,19
22121,4,0
22123,1,2
22128,1,5
22134,1,6
22139,1,5
22145,2,6
22150,1,5
22155,1,5
22161,1,6
22166,1,5
22172,1,6
22177,1,5
22183,1,6
22188,0,5
22194,1,6
22200,1,6
22206,2,6
22211,1,5
22217,2,6
22223,2,6
22229,1,6
22235,1,6
22242,1,7
22248,1,6
22255,2,7
22261,1,6
22268,2,7
22274,1,6
22280,1,6
22287,1,7
22293,1,6
22299,1,6
22305,0,6
22312,1,7
22318,1,6
22324,1,6
22330,1,6
22336,1,6
22342,1,6
22348,1,6
22353,0,5
22359,0,6
22365,1,6
22371,1,6
22379,1,8
22385,1,6
22391,1,6
22397,1,6
22403,1,6
22408,0,5
22414,1,6
22420,1,6
22426,1,6
22432,1,6
22438,1,6
22444,1,6
22450,1,6
22456,1,6
22462,1,6
22468,1,6
22474,1,6
22479,0,5
22486,1,7
22492,1,6
22498,1,6
22504,1,6
22510,1,6
22516,0,6
22522,1,6
22528,1,6
22534,1,6
22540,1,6
22546,1,6
22553,1,7
22559,1,6
22565,1,6
22571,1,6
22577,1,6
22583,1,6
22589,1,6
22595,1,6
22602,1,7
22608,1,6
22614,0,6
22621,1,7
22627,1,6
22635,1,8
22642,1,7
22649,2,7
22655,1,6
22662,1,7
22669,1,7
22676,2,7
22682,1,6
22688,0,6
22695,1,7
22701,1,6
22707,1,6
22713,1,6
22719,1,6
22725,1,6
22731,1,6
22737,1,6
22743,1,6
22749,1,6
22755,1,6
22761,1,6
22767,1,6
22773,1,6
22779,1,6
22786,1,7
22792,1,6
22798,1,6
22804,1,6
22809,0,5
22815,0,6
22821,1,6
22827,1,6
22833,1,6
22839,0,6
22846,1,7
22852,1,6
22858,1,6
22864,1,6
22869,0,5
22875,1,6
22881,1,6
22887,1,6
22893,1,6
22899,1,6
22905,1,6
22911,1,6
22917,1,6
22923,1,6
22929,1,6
22935,1,6
22940,0,5
22946,0,6
22952,1,6
22958,1,6
22964,1,6
22970,1,6
22976,1,6
22982,1,6
22988,1,6
22994,1,6
23001,2,7
23007,1,6
23013,1,6
23019,1,6
23025,1,6
23030,0,5
23036,0,6
23042,1,6
23048,1,6
23054,1,6
23059,0,5
23065,1,6
23071,1,6
23077,1,6
23083,1,6
23089,1,6
23095,0,6
23102,1,7
23108,1,6
23114,1,6
23120,1,6
23126,1,6
23132,1,6
23138,1,6
23144,0,6
23151,1,7
23157,1,6
23163,1,6
23169,1,6
23175,1,6
23181,1,6
23187,1,6
23193,1,6
23199,1,6
23206,1,7
23212,1,6
23218,1,6
23224,1,6
23230,1,6
23236,1,6
23242,1,6
23248,1,6
23254,1,6
23261,1,7
23267,1,6
23273,1,6
23280,2,7
23286,1,6
23292,1,6
23297,0,5
23303,0,6
23309,1,6
23315,1,6
23321,1,6
23328,1,7
23334,1,6
23340,1,6
23348,2,8
23354,1,6
23360,1,6
23366,1,6
23372,1,6
23378,1,6
23384,1,6
23390,1,6
23396,0,6
23402,1,6
23408,0,6
23414,1,6
23420,1,6
23428,1,8
23434,1,6
23440,1,6
23446,1,6
23452,1,6
23458,1,6
23464,1,6
23470,1,6
23476,1,6
23481,0,5
23487,0,6
23493,0,6
23499,1,6
23505,1,6
23510,0,5
23516,1,6
23521,0,5
23527,0,6
23533,0,6
23540,1,7
23546,1,6
23552,1,6
23558,1,6
23565,0,7
23571,0,6
23577,1,6
23582,0,5
23588,1,6
23594,1,6
23600,1,6
23606,1,6
23612,1,6
23618,1,6
23624,1,6
23630,1,6
23636,1,6
23642,1,6
23648,1,6
23654,1,6
23660,1,6
23666,1,6
23672,0,6
23679,1,7
23684,0,5
23690,0,6
23696,1,6
23702,1,6
23708,1,6
23714,1,6
23720,1,6
23725,0,5
23731,0,6
23737,1,6
23743,1,6
23748,0,5
23754,0,6
23761,1,7
23767,1,6
23773,1,6
23779,1,6
23785,1,6
23791,1,6
23797,1,6
23803,1,6
23809,1,6
23815,1,6
23821,1,6
23826,0,5
23832,0,6
23838,1,6
23843,0,5
23849,1,6
23855,1,6
23861,1,6
23867,1,6
23873,1,6
23879,1,6
23886,1,7
23892,1,6
23898,0,6
23905,1,7
23910,0,5
23917,1,7
23923,1,6
23929,1,6
23935,1,6
23942,2,7
23948,1,6
23958,1,10
23964,1,6
23971,1,7
23977,1,6
23983,1,6
23990,1,7
23996,1,6
24002,1,6
24009,1,7
24015,1,6
24021,1,6
24027,0,6
24033,0,6
24039,0,6
24045,1,6
24051,1,6
24057,1,6
24063,1,6
24069,1,6
24075,1,6
24081,1,6
24087,1,6
24093,1,6
24099,1,6
24106,1,7
24112,1,6
24118,1,6
24124,1,6
24130,1,6
24136,1,6
24142,0,6
24151,1,9
24157,1,6
24163,1,6
24169,1,6
24175,1,6
24181,1,6
24187,1,6
24193,1,6
24199,1,6
24205,1,6
24211,1,6
24217,1,6
24223,1,6
24230,1,7
24236,1,6
24242,1,6
24248,1,6
24254,1,6
24260,1,6
24266,0,6
24272,1,6
24278,1,6
24284,1,6
24290,1,6
24296,1,6
24301,0,5
24307,0,6
24313,1,6
24319,1,6
24325,1,6
24331,1,6
24337,0,6
24344,1,7
24350,1,6
24356,1,6
24362,1,6
24368,1,6
24374,1,6
24379,0,5
24386,1,7
24391,0,5
24397,0,6
24403,0,6
24410,1,7
24416,1,6
24422,1,6
24428,1,6
24434,1,6
24440,1,6
24447,1,7
24453,1,6
24459,1,6
24465,1,6
24471,1,6
24477,1,6
24483,1,6
24489,1,6
24495,1,6
24501,0,6
24507,1,6
24513,0,6
24519,1,6
24525,1,6
24531,1,6
24537,1,6
24543,0,6
24549,0,6
24556,1,7
24562,1,6
24568,1,6
24574,1,6
24580,1,6
24586,1,6
24591,0,5
24598,1,7
24604,1,6
24609,0,5
24615,0,6
24622,1,7
24628,1,6
24634,1,6
24640,1,6
24647,2,7
24653,1,6
24659,1,6
24665,1,6
24671,1,6
24677,0,6
24683,0,6
24689,0,6
24695,0,6
24702,1,7
24708,1,6
24714,1,6
24720,1,6
24726,1,6
24733,1,7
24739,1,6
24745,1,6
24751,1,6
24756,0,5
24762,0,6
24768,1,6
24774,1,6
24780,1,6
24786,1,6
24793,1,7
24799,1,6
24805,1,6
24811,1,6
24818,1,7
24824,1,6
24829,0,5
24835,0,6
24841,1,6
24851,1,10
24857,1,6
24863,1,6
24869,0,6
24876,1,7
24883,1,7
24890,2,7
24897,2,7
24903,1,6
24909,1,6
24916,1,7
24922,1,6
24928,1,6
24934,1,6
24940,1,6
24946,0,6
24953,1,7
24959,1,6
24964,0,5
24970,0,6
24976,1,6
24982,0,6
24988,0,6
24995,1,7
25001,1,6
25008,1,7
25014,0,6
25020,1,6
25026,1,6
25032,0,6
25039,1,7
25045,1,6
25051,1,6
25057,1,6
25063,1,6
25068,0,5
25074,1,6
25080,1,6
25086,1,6
25092,1,6
25098,0,6
25104,0,6
25110,1,6
25116,1,6
25122,1,6
25127,0,5
25133,0,6
25139,1,6
25145,0,6
25152,1,7
25158,1,6
25164,1,6
25170,1,6
25176,1,6
25182,1,6
25188,1,6
25194,1,6
25200,1,6
25206,1,6
25212,1,6
25218,1,6
25223,0,5
25229,1,6
25235,1,6
25240,0,5
25246,0,6
25252,0,6
25258,1,6
25264,1,6
25270,1,6
25277,1,7
25283,1,6
25289,1,6
25295,1,6
25301,1,6
25306,0,5
25312,1,6
25317,0,5
25323,0,6
25329,0,6
25335,0,6
25341,1,6
25347,1,6
25353,1,6
25359,1,6
25365,1,6
25371,1,6
25377,1,6
25384,1,7
25390,1,6
25396,1,6
25402,1,6
25408,1,6
25413,0,5
25419,1,6
25425,1,6
25431,1,6
25437,1,6
25443,1,6
25449,1,6
25455,1,6
25461,1,6
25467,1,6
25473,1,6
25479,1,6
25485,0,6
25492,1,7
25498,1,6
25504,1,6
25510,1,6
25516,1,6
25522,1,6
25527,0,5
25533,0,6
25539,0,6
25545,0,6
25552,1,7
25557,0,5
25563,0,6
25569,0,6
25575,0,6
25581,0,6
25588,1,7
25593,0,5
25599,0,6
25605,0,6
25611,1,6
25617,1,6
25623,1,6
25629,1,6
25635,1,6
25641,1,6
25647,1,6
25653,1,6
25659,1,6
25664,0,5
25671,1,7
25677,1,6
25683,1,6
25688,0,5
25695,1,7
25702,1,7
25708,0,6
25714,0,6
25720,1,6
25726,1,6
25732,1,6
25738,1,6
25744,1,6
25750,1,6
25756,1,6
25762,1,6
25767,0,5
25774,1,7
25780,1,6
25786,1,6
25792,1,6
25798,1,6
25804,1,6
25810,1,6
25816,1,6
25822,1,6
25828,1,6
25834,1,6
25840,1,6
25846,1,6
25852,1,6
25858,1,6
25864,1,6
25870,1,6
25876,1,6
25882,0,6
25889,1,7
25895,1,6
25901,1,6
25907,1,6
25913,1,6
25919,1,6
25926,1,7
25932,1,6
25938,1,6
25944,1,6
25950,1,6
25956,1,6
25962,1,6
25968,1,6
25974,1,6
25980,1,6
25986,1,6
25992,1,6
25998,1,6
26004,1,6
26009,0,5
26015,0,6
26021,1,6
26027,1,6
26033,1,6
26039,1,6
26045,1,6
26052,1,7
26058,1,6
26063,0,5
26069,1,6
26075,1,6
26081,1,6
26087,1,6
26093,1,6
26099,1,6
26105,1,6
26110,0,5
26116,1,6
26122,1,6
26128,1,6
26133,0,5
26139,0,6
26145,1,6
26151,1,6
26156,0,5
26162,0,6
26168,1,6
26174,1,6
26179,0,5
26186,1,7
26191,0,5
26197,0,6
26202,0,5
26208,0,6
26214,1,6
26219,0,5
26225,0,6
26231,1,6
26237,1,6
26243,1,6
26248,0,5
26254,0,6
26260,0,6
26266,1,6
26272,1,6
26277,0,5
26283,0,6
26289,0,6
26295,1,6
26301,0,6
26308,1,7
26314,1,6
26320,1,6
26326,1,6
26332,1,6
26338,1,6
26344,1,6
26350,1,6
26356,1,6
26362,1,6
26368,1,6
26374,1,6
26380,1,6
26385,0,5
26392,1,7
26397,0,5
26404,1,7
26409,0,5
26415,0,6
26421,0,6
26427,1,6
26434,1,7
26440,1,6
26446,1,6
26452,1,6
26457,0,5
26463,1,6
26469,1,6
26475,0,6
26481,1,6
26486,0,5
26492,0,6
26498,1,6
26504,1,6
26510,1,6
26516,1,6
26522,1,6
26528,1,6
26534,1,6
26540,1,6
26546,1,6
26552,1,6
26558,1,6
26564,0,6
26570,1,6
26576,1,6
26582,1,6
26588,1,6
26594,1,6
26600,1,6
26605,0,5
26611,1,6
26617,1,6
26623,1,6
26629,1,6
26635,1,6
26641,1,6
26647,1,6
26653,0,6
26660,1,7
26666,1,6
26671,0,5
26678,1,7
26684,1,6
26689,0,5
26695,0,6
26701,1,6
26707,1,6
26713,1,6
26719,1,6
26725,1,6
26731,1,6
26737,1,6
26743,1,6
26749,1,6
26755,1,6
26761,1,6
26767,1,6
26773,1,6
26780,1,7
26785,1,5
26790,1,5
26795,1,5
26800,0,5
26805,0,5
26810,0,5
26816,1,6
26821,1,5
26826,1,5
26831,0,5
26837,1,6
26842,1,5
26847,1,5
26852,0,5
26857,0,5
26863,1,6
26868,1,5
26873,1,5
26879,1,6
26884,1,5
26889,1,5
26894,0,5
26899,0,5
26905,1,6
26910,1,5
26915,1,5
26920,0,5
26925,0,5
26931,1,6
26936,1,5
26942,1,6
26947,1,5
26952,1,5
26957,0,5
26963,1,6
26968,1,5
26973,0,5
26979,1,6
26984,1,5
26990,1,6
26995,1,5
27000,1,5
27006,1,6
27011,1,5
27016,0,5
27022,1,6
27027,1,5
27033,1,6
27038,1,5
27044,1,6
27049,1,5
27054,0,5
27060,1,6
27065,1,5
27071,1,6
27078,2,7
27084,1,6
27091,1,7
27097,1,6
27104,1,7
27110,1,6
27116,1,6
27137,13,21
27137,8,0
27137,3,0
27140,0,3
27146,1,6
27151,1,5
27156,0,5
27162,1,6
27167,1,5
27173,1,6
27178,1,5
27184,1,6
27192,4,8
27199,1,7
27205,1,6
27211,1,6
27217,1,6
27223,1,6
27229,1,6
27235,1,6
27241,0,6
27248,1,7
27254,1,6
27263,1,9
27269,1,6
27276,1,7
27282,1,6
27288,1,6
27294,1,6
27300,1,6
27306,1,6
27313,1,7
27319,1,6
27325,1,6
27331,1,6
27337,1,6
27343,1,6
27349,1,6
27355,0,6
27362,1,7
27368,1,6
27374,1,6
27380,1,6
27386,0,6
27393,1,7
27399,1,6
27405,1,6
27411,1,6
27417,1,6
27423,1,6
27429,1,6
27435,1,6
27441,1,6
27448,2,7
27454,0,6
27460,0,6
27466,0,6
27472,0,6
27479,1,7
27484,0,5
27490,0,6
27496,0,6
27502,1,6
27508,1,6
27514,1,6
27520,1,6
27526,1,6
27532,1,6
27538,1,6
27543,0,5
27549,0,6
27555,1,6
27561,1,6
27566,0,5
27572,0,6
27578,1,6
27584,1,6
27590,1,6
27596,1,6
27602,1,6
27608,1,6
27614,1,6
27620,1,6
27626,1,6
27632,1,6
27639,1,7
27645,1,6
27651,1,6
27657,1,6
27662,0,5
27668,1,6
27674,1,6
27680,1,6
27686,1,6
27691,0,5
27698,1,7
27704,1,6
27709,0,5
27715,0,6
27721,1,6
27727,1,6
27733,1,6
27739,1,6
27745,1,6
27751,1,6
27758,0,7
27764,1,6
27769,0,5
27775,0,6
27781,1,6
27786,0,5
27792,0,6
27799,1,7
27805,1,6
27811,1,6
27817,1,6
27822,0,5
27828,0,6
27834,0,6
27840,1,6
27846,1,6
27852,1,6
27858,1,6
27863,0,5
27869,1,6
27875,1,6
27880,0,5
27886,0,6
27893,1,7
27899,0,6
27905,0,6
27911,1,6
27917,1,6
27923,1,6
27929,1,6
27935,1,6
27940,0,5
27946,0,6
27952,1,6
27957,0,5
27963,0,6
27969,1,6
27975,1,6
27981,1,6
27986,0,5
27992,1,6
27998,1,6
28004,1,6
28010,1,6
28016,1,6
28022,1,6
28028,1,6
28034,1,6
28040,1,6
28046,0,6
28052,1,6
28058,1,6
28064,0,6
28070,0,6
28077,1,7
28083,1,6
28089,1,6
28095,1,6
28101,1,6
28107,1,6
28113,1,6
28120,1,7
28126,1,6
28132,1,6
28139,1,7
28145,1,6
28151,1,6
28157,1,6
28163,1,6
28170,1,7
28176,1,6
28182,1,6
28188,1,6
28195,1,7
28201,1,6
28207,1,6
28213,1,6
28219,1,6
28225,1,6
28231,1,6
28237,1,6
28243,1,6
28249,1,6
28255,1,6
28261,1,6
28267,1,6
28273,0,6
28280,1,7
28286,1,6
28292,1,6
28298,1,6
28304,1,6
28310,1,6
28316,1,6
28322,0,6
28328,0,6
28334,0,6
28340,0,6
28346,0,6
28352,0,6
28358,1,6
28364,1,6
28369,0,5
28375,0,6
28381,1,6
28387,1,6
28393,1,6
28399,0,6
28406,1,7
28412,1,6
28418,1,6
28424,1,6
28430,1,6
28436,1,6
28442,1,6
28448,1,6
28454,1,6
28461,1,7
28467,1,6
28473,1,6
28479,1,6
28484,0,5
28490,0,6
28497,1,7
28503,1,6
28509,1,6
28515,1,6
28521,1,6
28527,1,6
28533,0,6
28541,2,8
28547,1,6
28553,1,6
28559,1,6
28565,1,6
28571,0,6
28578,1,7
28584,1,6
28589,0,5
28595,0,6
28601,1,6
28607,0,6
28614,1,7
28620,1,6
28626,1,6
28632,1,6
28637,0,5
28643,1,6
28649,1,6
28655,1,6
28661,1,6
28667,1,6
28673,1,6
28679,1,6
28685,1,6
28691,1,6
28697,1,6
28703,1,6
28709,1,6
28716,1,7
28722,1,6
28728,1,6
28734,1,6
28740,0,6
28747,1,7
28754,2,7
28760,1,6
28766,1,6
28773,1,7
28779,1,6
28786,1,7
28792,1,6
28798,1,6
28804,1,6
28810,1,6
28817,2,7
28825,2,8
28831,1,6
28838,1,7
28845,1,7
28852,1,7
28859,2,7
28866,2,7
28873,2,7
28880,2,7
28887,2,7
28894,1,7
28902,2,8
28908,1,6
28915,1,7
28922,1,7
28929,2,7
28935,1,6
28944,3,9
28951,2,7
28957,1,6
28964,2,7
28971,1,7
28977,1,6
28984,1,7
28991,2,7
28998,2,7
29005,2,7
29012,2,7
29019,2,7
29026,2,7
29033,2,7
29039,1,6
29045,1,6
29052,1,7
29058,1,6
29064,1,6
29070,1,6
29076,1,6
29082,1,6
29088,0,6
29094,1,6
29100,1,6
29106,1,6
29112,1,6
29118,1,6
29124,1,6
29130,1,6
29136,1,6
29142,1,6
29148,1,6
29154,1,6
29160,1,6
29166,1,6
29172,1,6
29179,1,7
29187,1,8
29193,1,6
29202,4,9
29208,1,6
29214,1,6
29220,1,6
29226,1,6
29232,1,6
29238,1,6
29245,1,7
29251,1,6
29256,0,5
29262,1,6
29268,1,6
29274,1,6
29280,1,6
29286,1,6
29292,1,6
29298,1,6
29304,1,6
29316,7,12
29321,1,5
29326,1,5
29331,0,5
29337,1,6
29342,1,5
29347,1,5
29352,0,5
29358,1,6
29363,1,5
29369,1,6
29375,2,6
29380,1,5
29385,1,5
29392,2,7
29397,1,5
29402,1,5
29408,1,6
29413,1,5
29418,0,5
29424,1,6
29429,1,5
29435,1,6
29440,1,5
29446,1,6
29454,1,8
29460,1,6
29466,1,6
29472,1,6
29478,1,6
29484,1,6
29490,1,6
29496,0,6
29503,1,7
29509,1,6
29514,0,5
29520,1,6
29526,1,6
29532,1,6
29538,1,6
29544,1,6
29550,1,6
29556,1,6
29561,0,5
29567,0,6
29573,1,6
29579,1,6
29585,1,6
29591,1,6
29597,1,6
29602,0,5
29608,0,6
29614,1,6
29620,1,6
29627,1,7
29633,1,6
29639,1,6
29645,1,6
29650,0,5
29656,0,6
29662,1,6
29668,1,6
29674,1,6
29681,1,7
29687,1,6
29693,1,6
29699,1,6
29707,1,8
29713,1,6
29719,1,6
29725,1,6
29731,1,6
29737,1,6
29743,1,6
29749,0,6
29755,0,6
29761,1,6
29767,1,6
29773,1,6
29779,1,6
29785,1,6
29791,1,6
29798,1,7
29804,1,6
29809,0,5
29815,1,6
29821,1,6
29827,1,6
29833,1,6
29839,1,6
29845,1,6
29851,1,6
29858,1,7
29864,1,6
29869,0,5
29875,0,6
29881,1,6
29887,1,6
29893,1,6
29899,1,6
29905,0,6
29916,2,11
29923,1,7
29930,2,7
29938,2,8
29945,2,7
29952,2,7
29959,2,7
29967,2,8
29974,2,7
29981,2,7
29989,3,8
29996,2,7
30002,1,6
30011,3,9
30018,2,7
30025,2,7
30032,2,7
30039,2,7
30047,2,8
30053,1,6
30060,1,7
30068,2,8
30075,2,7
30083,2,8
30090,2,7
30098,2,8
30105,2,7
30112,1,7
30120,2,8
30127,2,7
30134,2,7
30141,2,7
30148,2,7
30155,2,7
30162,2,7
30169,2,7
30177,3,8
30184,2,7
30191,2,7
30199,2,8
30207,3,8
30214,2,7
30221,1,7
30228,1,7
30236,2,8
30243,2,7
30250,2,7
30259,2,9
30266,2,7
30274,2,8
30281,2,7
30289,2,8
30296,2,7
30303,2,7
30310,2,7
30318,2,8
30325,2,7
30332,1,7
30339,1,7
30345,0,6
30351,1,6
30357,1,6
30363,1,6
30369,1,6
30375,1,6
30381,1,6
30386,0,5
30392,0,6
30398,0,6
30404,0,6
30410,0,6
30416,0,6
30422,1,6
30428,1,6
30434,1,6
30439,0,5
30445,1,6
30451,1,6
30457,1,6
30463,1,6
30469,1,6
30475,1,6
30481,1,6
30487,1,6
30493,1,6
30499,1,6
30505,1,6
30511,1,6
30517,1,6
30523,1,6
30529,1,6
30535,1,6
30541,1,6
30547,1,6
30553,1,6
30559,1,6
30564,0,5
30570,0,6
30576,1,6
30582,0,6
30588,0,6
30595,1,7
30601,1,6
30607,1,6
30613,1,6
30619,1,6
30625,1,6
30632,1,7
30638,1,6
30644,1,6
30650,1,6
30657,1,7
30663,1,6
30669,1,6
30675,1,6
30681,1,6
30686,0,5
30692,1,6
30698,1,6
30704,1,6
30710,1,6
30716,1,6
30721,0,5
30727,0,6
30733,1,6
30739,1,6
30745,1,6
30750,0,5
30756,0,6
30762,1,6
30768,1,6
30776,1,8
30782,1,6
30788,1,6
30794,1,6
30800,1,6
30805,0,5
30811,1,6
30817,1,6
30822,0,5
30828,0,6
30834,1,6
30839,0,5
30845,1,6
30850,0,5
30856,1,6
30862,1,6
30868,1,6
30874,1,6
30880,1,6
30887,1,7
30893,1,6
30899,1,6
30905,1,6
30911,1,6
30917,1,6
30923,1,6
30929,1,6
30934,0,5
30940,1,6
30946,1,6
30952,1,6
30957,0,5
30963,1,6
30969,1,6
30975,1,6
30981,1,6
30987,1,6
30992,0,5
30998,1,6
31005,2,7
31011,1,6
31017,1,6
31023,1,6
31029,1,6
31035,0,6
31041,0,6
31048,1,7
31054,1,6
31059,0,5
31065,0,6
31071,1,6
31077,1,6
31083,1,6
31089,1,6
31095,1,6
31101,1,6
31107,1,6
31113,0,6
31120,1,7
31126,1,6
31132,1,6
31138,1,6
31144,1,6
31150,1,6
31156,1,6
31162,1,6
31168,0,6
31174,1,6
31180,1,6
31186,1,6
31192,0,6
31198,0,6
31205,1,7
31211,1,6
31217,1,6
31223,1,6
31229,1,6
31235,1,6
31241,1,6
31247,1,6
31253,1,6
31260,1,7
31265,0,5
31272,1,7
31279,1,7
31285,1,6
31291,1,6
31297,0,6
31303,0,6
31309,1,6
31315,1,6
31321,1,6
31327,1,6
31334,1,7
31341,2,7
31346,0,5
31352,0,6
31358,1,6
31364,1,6
31370,1,6
31376,1,6
31382,1,6
31388,1,6
31394,1,6
31400,1,6
31406,1,6
31412,1,6
31417,0,5
31423,0,6
31430,1,7
31436,1,6
31442,1,6
31448,1,6
31454,1,6
31460,1,6
31466,1,6
31472,1,6
31477,0,5
31484,1,7
31490,1,6
31496,1,6
31502,1,6
31507,0,5
31514,1,7
31519,0,5
31525,0,6
31532,2,7
31538,1,6
31545,2,7
31552,2,7
31558,1,6
31566,2,8
31572,1,6
31579,1,7
31586,1,7
31594,2,8
31601,2,7
31607,1,6
31614,1,7
31621,1,7
31628,2,7
31634,1,6
31642,2,8
31649,2,7
31656,2,7
31663,2,7
31670,2,7
31677,2,7
31684,2,7
31691,1,7
31698,2,7
31705,2,7
31712,2,7
31719,2,7
31728,4,9
31734,1,6
31741,2,7
31747,1,6
31754,2,7
31761,2,7
31768,1,7
31773,0,5
31779,0,6
31785,0,6
31792,1,7
31798,1,6
31804,1,6
31810,1,6
31816,1,6
31822,1,6
31828,1,6
31834,1,6
31840,1,6
31846,1,6
31852,0,6
31859,1,7
31865,1,6
31871,1,6
31877,1,6
31883,1,6
31890,1,7
31899,4,9
31905,1,6
31911,1,6
31918,1,7
31924,1,6
31930,1,6
31936,1,6
31942,1,6
31948,1,6
31954,0,6
31960,0,6
31966,0,6
31972,1,6
31978,1,6
31984,0,6
31990,0,6
31997,1,7
32003,1,6
32009,1,6
32015,1,6
32021,1,6
32027,1,6
32033,1,6
32039,1,6
32045,1,6
32051,1,6
32057,0,6
32063,0,6
32074,1,11
32080,1,6
32086,1,6
32092,1,6
32098,1,6
32104,1,6
32109,0,5
32115,0,6
32121,1,6
32127,1,6
32133,1,6
32145,5,12
32146,1,1
32152,1,6
32157,1,5
32162,1,5
32168,1,6
32173,1,5
32178,1,5
32184,1,6
32189,1,5
32194,0,5
32199,0,5
32205,1,6
32210,1,5
32215,0,5
32220,0,5
32226,1,6
32232,1,6
32237,1,5
32242,0,5
32247,0,5
32253,1,6
32258,1,5
32265,2,7
32271,1,6
32277,0,6
32283,0,6
32289,0,6
32295,1,6
32301,0,6
32307,0,6
32313,1,6
32319,1,6
32324,0,5
32330,1,6
32336,1,6
32342,1,6
32348,1,6
32354,1,6
32360,1,6
32365,0,5
32371,0,6
32377,0,6
32383,1,6
32389,1,6
32395,1,6
32401,1,6
32407,1,6
32413,1,6
32419,1,6
32424,0,5
32430,1,6
32436,1,6
32442,1,6
32448,1,6
32454,1,6
32461,1,7
32466,0,5
32473,1,7
32479,1,6
32485,1,6
32491,1,6
32498,2,7
32503,0,5
32510,1,7
32516,1,6
32522,1,6
32527,0,5
32533,0,6
32539,0,6
32545,0,6
32551,1,6
32557,1,6
32563,1,6
32569,1,6
32575,1,6
32581,1,6
32587,1,6
32593,1,6
32598,0,5
32604,1,6
32610,1,6
32616,1,6
32622,1,6
32628,1,6
32634,1,6
32640,1,6
32645,0,5
32651,0,6
32657,1,6
32663,1,6
32669,1,6
32674,0,5
32680,1,6
32688,2,8
32693,0,5
32699,0,6
32705,1,6
32711,0,6
32717,0,6
32724,1,7
32730,1,6
32736,1,6
32741,0,5
32747,1,6
32754,2,7
32760,1,6
32766,1,6
32772,1,6
32778,1,6
32785,1,7
32791,1,6
32797,1,6
32803,1,6
32809,1,6
32814,0,5
32820,0,6
32826,1,6
32832,1,6
32838,1,6
32844,1,6
32850,1,6
32856,1,6
32862,0,6
32868,0,6
32875,1,7
32881,1,6
32887,1,6
32893,0,6
32899,1,6
32905,0,6
32911,0,6
32917,0,6
32923,0,6
32929,1,6
32936,2,7
32942,1,6
32948,1,6
32954,1,6
32960,1,6
32966,1,6
32972,1,6
32978,1,6
32984,1,6
32990,1,6
32996,1,6
33002,1,6
33009,1,7
33016,1,7
33024,2,8
33031,2,7
33038,2,7
33045,1,7
33053,2,8
33060,2,7
33067,2,7
33074,2,7
33085,1,11
33093,2,8
33099,1,6
33107,2,8
33113,1,6
33120,2,7
33127,2,7
33133,1,6
33140,1,7
33147,1,7
33154,1,7
33162,2,8
33169,2,7
33177,2,8
33183,1,6
33190,1,7
33197,2,7
33204,2,7
33211,2,7
33218,2,7
33224,1,6
33230,1,6
33237,2,7
33244,2,7
33251,1,7
33261,2,10
33268,2,7
33275,1,7
33281,1,6
33288,1,7
33295,1,7
33302,1,7
33309,1,7
33316,1,7
33323,1,7
33330,2,7
33337,2,7
33343,1,6
33350,1,7
33356,1,6
33362,0,6
33368,0,6
33374,1,6
33380,1,6
33386,1,6
33392,1,6
33398,1,6
33404,1,6
33410,1,6
33416,1,6
33422,1,6
33428,1,6
33434,1,6
33440,1,6
33446,1,6
33451,0,5
33458,1,7
33464,1,6
33470,1,6
33477,1,7
33484,1,7
33490,1,6
33496,1,6
33502,1,6
33508,1,6
33514,1,6
33520,1,6
33526,1,6
33532,1,6
33538,1,6
33544,1,6
33550,1,6
33555,0,5
33561,0,6
33568,1,7
33574,1,6
33580,1,6
33586,1,6
33592,1,6
33598,1,6
33604,1,6
33610,0,6
33616,0,6
33622,1,6
33628,1,6
33637,4,9
33643,1,6
33649,1,6
33654,0,5
33660,0,6
33667,1,7
33676,4,9
33683,1,7
33689,1,6
33695,1,6
33701,1,6
33707,1,6
33716,4,9
33724,3,8
33730,1,6
33736,1,6
33743,1,7
33749,1,6
33754,0,5
33760,0,6
33766,0,6
33773,1,7
33779,1,6
33785,1,6
33791,1,6
33797,1,6
33803,1,6
33809,0,6
33815,0,6
33821,1,6
33827,1,6
33833,1,6
33839,1,6
33845,0,6
33852,1,7
33858,1,6
33864,1,6
33870,1,6
33876,1,6
33882,1,6
33889,2,7
33895,1,6
33901,1,6
33907,1,6
33913,1,6
33919,1,6
33925,1,6
33931,1,6
33937,1,6
33943,1,6
33951,3,8
33957,1,6
33963,1,6
33969,1,6
33974,0,5
33980,1,6
33986,1,6
33992,1,6
33998,1,6
34004,1,6
34009,0,5
34015,0,6
34021,0,6
34027,1,6
34033,1,6
34039,1,6
34045,1,6
34051,1,6
34057,1,6
34062,0,5
34068,1,6
34075,2,7
34081,1,6
34087,1,6
34093,1,6
34099,1,6
34105,1,6
34111,1,6
34117,1,6
34123,1,6
34129,1,6
34135,1,6
34141,1,6
34147,1,6
34153,1,6
34158,0,5
34164,1,6
34170,1,6
34175,0,5
34181,1,6
34187,1,6
34193,1,6
34199,1,6
34204,0,5
34210,0,6
34216,1,6
34222,1,6
34228,1,6
34235,1,7
34241,1,6
34247,1,6
34253,1,6
34259,1,6
34265,1,6
34271,1,6
34276,0,5
34282,0,6
34288,1,6
34294,1,6
34299,0,5
34305,0,6
34311,1,6
34317,1,6
34322,0,5
34328,1,6
34334,1,6
34340,1,6
34346,1,6
34352,1,6
34358,1,6
34364,1,6
34370,1,6
34375,0,5
34381,0,6
34387,1,6
34393,1,6
34399,1,6
34405,1,6
34411,1,6
34417,1,6
34423,1,6
34429,1,6
34434,0,5
34440,0,6
34446,0,6
34452,1,6
34458,1,6
34464,0,6
34470,0,6
34476,0,6
34488,6,12
34495,1,7
34504,4,9
34510,1,6
34516,1,6
34522,1,6
34532,5,10
34538,1,6
34543,0,5
34549,0,6
34555,1,6
34561,1,6
34566,0,5
34572,0,6
34578,1,6
34584,1,6
34590,1,6
34596,1,6
34601,0,5
34607,0,6
34613,1,6
34619,1,6
34624,0,5
34630,1,6
34635,0,5
34641,0,6
34648,2,7
34653,0,5
34659,1,6
34664,0,5
34670,0,6
34676,1,6
34681,0,5
34687,0,6
34693,0,6
34699,1,6
34705,1,6
34711,1,6
34717,1,6
34723,1,6
34729,1,6
34735,1,6
34741,1,6
34747,1,6
34754,2,7
34760,1,6
34766,1,6
34772,1,6
34777,0,5
34783,1,6
34789,1,6
34794,0,5
34800,1,6
34806,1,6
34812,1,6
34817,0,5
34824,1,7
34829,0,5
34835,0,6
34841,0,6
34847,1,6
34853,0,6
34859,1,6
34865,1,6
34871,1,6
34878,1,7
34884,1,6
34890,0,6
34896,0,6
34902,0,6
34908,0,6
34914,0,6
34920,1,6
34926,0,6
34932,1,6
34938,1,6
34944,1,6
34950,1,6
34956,1,6
34962,1,6
34968,1,6
34974,1,6
34980,1,6
34986,1,6
34992,1,6
34998,1,6
35004,1,6
35010,1,6
35016,1,6
35021,0,5
35027,1,6
35033,1,6
35039,1,6
35045,1,6
35051,1,6
35058,2,7
35064,1,6
35070,1,6
35076,1,6
35082,1,6
35088,1,6
35094,1,6
35100,1,6
35105,0,5
35111,0,6
35117,1,6
35123,1,6
35129,1,6
35134,0,5
35140,0,6
35146,0,6
35152,0,6
35158,1,6
35164,1,6
35170,1,6
35176,1,6
35182,1,6
35188,1,6
35194,1,6
35200,1,6
35206,1,6
35212,1,6
35218,1,6
35224,1,6
35230,1,6
35236,1,6
35242,1,6
35249,1,7
35256,1,7
35262,1,6
35268,1,6
35274,1,6
35280,1,6
35286,0,6
35292,0,6
35306,1,14
35312,1,6
35318,1,6
35324,1,6
35330,1,6
35336,1,6
35342,1,6
35348,1,6
35354,1,6
35360,1,6
35366,1,6
35372,1,6
35378,1,6
35384,1,6
35390,0,6
35397,1,7
35403,1,6
35408,0,5
35415,1,7
35421,1,6
35427,1,6
35433,1,6
35439,1,6
35445,1,6
35451,1,6
35457,1,6
35464,1,7
35470,1,6
35476,1,6
35482,0,6
35489,1,7
35495,1,6
35501,1,6
35507,1,6
35513,1,6
35519,1,6
35525,1,6
35530,0,5
35537,1,7
35544,1,7
35551,1,7
35557,1,6
35563,1,6
35570,2,7
35576,1,6
35582,1,6
35588,1,6
35595,1,7
35601,1,6
35607,1,6
35613,1,6
35619,1,6
35625,1,6
35630,0,5
35636,0,6
35642,0,6
35648,0,6
35654,1,6
35660,1,6
35666,1,6
35672,1,6
35678,1,6
35684,1,6
35690,1,6
35696,1,6
35702,1,6
35708,1,6
35714,1,6
35720,1,6
35726,0,6
35732,1,6
35738,1,6
35744,1,6
35750,1,6
35757,2,7
35763,1,6
35769,1,6
35776,1,7
35782,1,6
35788,1,6
35793,0,5
35799,1,6
35805,1,6
35811,1,6
35816,0,5
35822,1,6
35828,1,6
35834,1,6
35840,1,6
35846,1,6
35852,1,6
35858,1,6
35863,0,5
35869,0,6
35875,1,6
35881,1,6
35887,1,6
35893,1,6
35899,0,6
35906,1,7
35912,1,6
35917,0,5
35924,1,7
35930,1,6
35936,1,6
35942,1,6
35947,0,5
35954,1,7
35960,1,6
35966,1,6
35971,0,5
35977,0,6
35983,0,6
35989,0,6
35996,1,7
36002,0,6
36008,1,6
36014,1,6
36019,0,5
36028,3,9
36034,1,6
36040,1,6
36046,1,6
36052,1,6
36058,1,6
36064,1,6
36070,0,6
36076,1,6
36082,1,6
36088,1,6
36094,1,6
36100,1,6
36105,0,5
36111,0,6
36118,1,7
36124,1,6
36130,1,6
36136,1,6
36142,1,6
36148,1,6
36154,1,6
36160,1,6
36165,0,5
36171,0,6
36177,1,6
36183,1,6
36189,1,6
36195,1,6
36201,1,6
36207,1,6
36213,1,6
36219,1,6
36226,1,7
36232,1,6
36238,1,6
36244,1,6
36250,1,6
36256,1,6
36262,1,6
36268,1,6
36274,1,6
36280,1,6
36286,1,6
36292,1,6
36298,1,6
36304,1,6
36309,0,5
36315,0,6
36321,1,6
36327,1,6
36340,1,13
36346,1,6
36352,1,6
36358,1,6
36364,0,6
36371,1,7
36377,1,6
36383,1,6
36389,0,6
36395,0,6
36401,0,6
36408,1,7
36414,1,6
36419,0,5
36425,0,6
36432,1,7
36439,2,7
36445,1,6
36453,1,8
36460,1,7
36466,1,6
36473,1,7
36480,2,7
36486,1,6
36493,1,7
36500,2,7
36507,1,7
36513,1,6
36520,1,7
36526,1,6
36532,1,6
36538,1,6
36547,3,9
36553,1,6
36560,2,7
36566,1,6
36572,1,6
36578,0,6
36585,1,7
36591,1,6
36598,1,7
36605,1,7
36611,1,6
36617,1,6
36623,1,6
36630,1,7
36636,1,6
36642,1,6
36649,1,7
36656,2,7
36662,1,6
36669,2,7
36675,1,6
36682,1,7
36689,2,7
36695,1,6
36702,1,7
36708,1,6
36715,1,7
36721,1,6
36728,2,7
36736,1,8
36743,1,7
36749,1,6
36756,1,7
36764,2,8
36772,2,8
36778,1,6
36785,1,7
36791,1,6
36798,2,7
36804,1,6
36810,1,6
36817,1,7
36823,1,6
36829,1,6
36836,1,7
36843,2,7
36852,4,9
36858,1,6
36864,1,6
36869,1,5
36874,1,5
36880,2,6
36885,1,5
36890,1,5
36895,1,5
36900,1,5
36905,0,5
36911,1,6
36916,1,5
36921,1,5
36926,1,5
36931,0,5
36936,0,5
36942,1,6
36947,1,5
36952,1,5
36958,1,6
36963,1,5
36968,1,5
36974,2,6
36979,1,5
36984,1,5
36990,1,6
36995,1,5
37000,1,5
37006,2,6
37011,1,5
37016,1,5
37022,2,6
37028,2,6
37032,0,4
37038,1,6
37043,1,5
37048,1,5
37053,1,5
37058,0,5
37064,1,6
37069,1,5
37074,1,5
37079,0,5
37085,1,6
37092,1,7
37097,1,5
37102,1,5
37108,1,6
37113,1,5
37118,1,5
37123,1,5
37128,0,5
37134,1,6
37139,1,5
37144,0,5
37153,4,9
37155,1,2
37160,1,5
37165,0,5
37170,0,5
37176,1,6
37181,1,5
37187,1,6
37192,1,5
37197,1,5
37203,1,6
37208,1,5
37213,1,5
37219,2,6
37224,1,5
37229,1,5
37234,1,5
37240,1,6
37245,1,5
37250,1,5
37256,1,6
37261,1,5
37267,1,6
37272,1,5
37277,0,5
37283,1,6
37288,1,5
37294,1,6
37299,1,5
37304,0,5
37310,1,6
37315,1,5
37320,0,5
37325,0,5
37331,1,6
37336,1,5
37341,0,5
37347,1,6
37352,1,5
37358,1,6
37363,1,5
37368,1,5
37374,1,6
37383,1,9
37388,0,5
37395,1,7
37401,1,6
37407,1,6
37413,1,6
37419,1,6
37425,1,6
37430,0,5
37436,1,6
37442,1,6
37447,0,5
37453,1,6
37459,1,6
37465,1,6
37471,1,6
37477,1,6
37483,1,6
37489,1,6
37495,1,6
37501,0,6
37508,1,7
37514,1,6
37520,1,6
37526,1,6
37532,1,6
37538,1,6
37544,1,6
37550,1,6
37556,1,6
37562,0,6
37569,1,7
37575,1,6
37581,1,6
37587,1,6
37593,1,6
37599,1,6
37605,1,6
37611,1,6
37617,1,6
37623,1,6
37629,1,6
37635,1,6
37642,1,7
37648,1,6
37654,1,6
37660,1,6
37666,1,6
37672,1,6
37678,1,6
37684,1,6
37690,1,6
37696,1,6
37702,1,6
37708,1,6
37714,1,6
37720,1,6
37726,1,6
37732,1,6
37738,1,6
37744,1,6
37750,0,6
37756,0,6
37762,0,6
37768,0,6
37774,0,6
37780,0,6
37786,0,6
37792,0,6
37798,0,6
37804,0,6
37812,1,8
37818,1,6
37824,1,6
37830,1,6
37836,1,6
37842,1,6
37848,0,6
37855,1,7
37861,1,6
37868,1,7
37874,1,6
37881,2,7
37888,2,7
37894,1,6
37901,1,7
37908,2,7
37914,1,6
37921,2,7
37927,1,6
37934,1,7
37941,2,7
37948,2,7
37954,1,6
37960,1,6
37967,1,7
37973,1,6
37979,1,6
37986,2,7
37992,1,6
37998,1,6
38005,1,7
38011,1,6
38017,1,6
38024,1,7
38030,1,6
38036,1,6
38043,1,7
38049,1,6
38056,1,7
38062,1,6
38068,1,6
38073,0,5
38079,0,6
38085,1,6
38091,0,6
38097,0,6
38103,1,6
38109,1,6
38115,1,6
38121,1,6
38127,1,6
38133,1,6
38140,1,7
38146,1,6
38152,1,6
38158,1,6
38164,1,6
38171,1,7
38177,1,6
38183,1,6
38189,1,6
38195,1,6
38201,1,6
38207,1,6
38213,1,6
38218,0,5
38224,0,6
38231,2,7
38238,1,7
38244,1,6
38250,1,6
38256,1,6
38262,1,6
38268,1,6
38274,1,6
38281,1,7
38287,1,6
38293,1,6
38300,1,7
38306,1,6
38313,2,7
38319,1,6
38325,1,6
38332,1,7
38338,1,6
38344,0,6
38351,1,7
38357,1,6
38363,0,6
38370,1,7
38375,0,5
38381,0,6
38388,2,7
38394,1,6
38400,1,6
38407,1,7
38413,1,6
38419,1,6
38425,1,6
38432,2,7
38438,1,6
38444,0,6
38451,1,7
38457,1,6
38462,0,5
38468,0,6
38474,0,6
38480,1,6
38486,1,6
38492,1,6
38498,1,6
38503,0,5
38509,0,6
38515,1,6
38521,0,6
38527,0,6
38533,1,6
38539,1,6
38545,1,6
38551,1,6
38557,1,6
38563,1,6
38569,1,6
38574,0,5
38580,1,6
38586,1,6
38592,1,6
38597,0,5
38603,1,6
38609,1,6
38615,1,6
38621,1,6
38627,1,6
38633,1,6
38638,0,5
38644,0,6
38650,1,6
38656,1,6
38662,1,6
38667,0,5
38673,0,6
38679,0,6
38686,1,7
38691,0,5
38697,0,6
38703,1,6
38709,1,6
38715,1,6
38721,1,6
38727,1,6
38733,1,6
38738,0,5
38744,0,6
38750,1,6
38756,1,6
38762,1,6
38768,0,6
38774,1,6
38780,1,6
38786,1,6
38792,1,6
38799,2,7
38805,1,6
38810,0,5
38816,0,6
38822,0,6
38828,0,6
38835,1,7
38841,1,6
38847,1,6
38853,1,6
38859,1,6
38865,1,6
38871,1,6
38877,1,6
38883,1,6
38897,1,14
38903,1,6
38909,1,6
38915,1,6
38921,1,6
38927,1,6
38933,0,6
38940,1,7
38946,1,6
38953,1,7
38959,1,6
38965,1,6
38971,1,6
38977,1,6
38983,0,6
38989,1,6
38995,1,6
39001,1,6
39007,1,6
39012,0,5
39018,1,6
39023,1,5
39029,1,6
39034,1,5
39039,0,5
39044,0,5
39050,1,6
39055,1,5
39060,0,5
39065,0,5
39071,1,6
39077,1,6
39083,1,6
39089,1,6
39094,0,5
39100,1,6
39105,0,5
39111,0,6
39117,0,6
39123,1,6
39129,1,6
39135,1,6
39141,1,6
39146,0,5
39152,1,6
39158,1,6
39163,0,5
39169,1,6
39174,0,5
39184,1,10
39190,1,6
39195,0,5
39202,1,7
39207,0,5
39213,0,6
39219,0,6
39225,0,6
39231,1,6
39237,1,6
39242,0,5
39248,0,6
39254,0,6
39260,1,6
39265,0,5
39271,1,6
39277,1,6
39282,0,5
39288,1,6
39294,1,6
39300,1,6
39306,1,6
39311,0,5
39317,0,6
39323,1,6
39329,0,6
39335,0,6
39341,0,6
39347,0,6
39353,0,6
39359,1,6
39364,0,5
39370,0,6
39376,1,6
39381,0,5
39387,0,6
39396,1,9
39402,1,6
39408,1,6
39414,1,6
39419,0,5
39425,0,6
39431,1,6
39437,1,6
39443,1,6
39449,1,6
39455,1,6
39461,1,6
39467,1,6
39473,1,6
39479,1,6
39485,1,6
39491,1,6
39498,1,7
39505,1,7
39511,1,6
39517,1,6
39523,1,6
39529,1,6
39538,1,9
39544,0,6
39550,0,6
39556,0,6
39562,0,6
39568,1,6
39573,0,5
39579,1,6
39585,1,6
39590,0,5
39596,0,6
39602,1,6
39608,1,6
39614,1,6
39620,1,6
39626,0,6
39632,1,6
39638,1,6
39644,1,6
39650,1,6
39656,1,6
39662,1,6
39667,0,5
39673,1,6
39679,1,6
39684,0,5
39690,0,6
39696,1,6
39702,1,6
39707,0,5
39713,0,6
39719,1,6
39725,1,6
39731,1,6
39737,1,6
39743,1,6
39748,0,5
39754,0,6
39760,0,6
39766,1,6
39772,1,6
39778,1,6
39784,1,6
39789,0,5
39795,0,6
39801,1,6
39806,0,5
39812,1,6
39818,1,6
39823,0,5
39830,1,7
39836,1,6
39842,1,6
39848,1,6
39853,0,5
39859,0,6
39865,1,6
39871,1,6
39877,1,6
39883,1,6
39889,1,6
39895,1,6
39901,0,6
39908,2,7
39914,1,6
39920,1,6
39932,3,12
39938,1,6
39944,1,6
39949,0,5
39955,0,6
39961,1,6
39967,1,6
39973,1,6
39978,0,5
39984,0,6
39990,0,6
39996,1,6
40002,1,6
40008,1,6
40013,0,5
40019,1,6
40024,0,5
40030,0,6
40036,1,6
40042,1,6
40048,1,6
40054,1,6
40060,1,6
40065,0,5
40071,0,6
40077,1,6
40083,1,6
40089,1,6
40095,1,6
40101,0,6
40107,1,6
40113,1,6
40119,1,6
40125,1,6
40131,1,6
40137,1,6
40143,1,6
40148,0,5
40154,0,6
40160,1,6
40166,1,6
40171,0,5
40177,0,6
40183,1,6
40189,1,6
40195,1,6
40201,1,6
40207,1,6
40213,1,6
40219,1,6
40225,1,6
40230,0,5
40236,1,6
40242,1,6
40248,1,6
40254,1,6
40260,1,6
40266,1,6
40272,1,6
40277,0,5
40283,0,6
40289,0,6
40295,0,6
40301,0,6
40307,0,6
40313,1,6
40319,1,6
40325,1,6
40331,1,6
40337,1,6
40343,0,6
40349,0,6
40357,2,8
40363,1,6
40369,1,6
40375,1,6
40381,1,6
40387,1,6
40393,1,6
40400,2,7
40405,0,5
40411,1,6
40417,1,6
40423,1,6
40429,1,6
40435,1,6
40441,1,6
40447,1,6
40454,1,7
40460,1,6
40466,1,6
40473,1,7
40479,1,6
40485,1,6
40491,1,6
40498,1,7
40504,1,6
40510,1,6
40516,1,6
40522,1,6
40529,1,7
40536,2,7
40542,1,6
40549,1,7
40555,1,6
40561,1,6
40568,1,7
40574,1,6
40580,1,6
40587,1,7
40594,2,7
40600,1,6
40607,2,7
40613,1,6
40619,1,6
40625,1,6
40631,1,6
40637,1,6
40644,1,7
40650,1,6
40656,1,6
40663,1,7
40669,1,6
40675,1,6
40682,1,7
40688,1,6
40695,2,7
40701,1,6
40713,6,12
40726,1,13
40732,1,6
40738,0,6
40745,1,7
40751,1,6
40757,1,6
40763,1,6
40769,1,6
40776,1,7
40782,1,6
40788,1,6
40794,1,6
40800,1,6
40806,1,6
40812,1,6
40818,0,6
40825,1,7
40830,0,5
40837,1,7
40844,2,7
40850,1,6
40856,1,6
40863,1,7
40869,1,6
40875,1,6
40881,1,6
40888,1,7
40894,1,6
40901,2,7
40907,1,6
40913,1,6
40920,1,7
40926,1,6
40933,1,7
40939,1,6
40945,1,6
40952,2,7
40958,1,6
40963,0,5
40969,1,6
40975,0,6
40981,1,6
40986,0,5
40992,1,6
40998,1,6
41003,0,5
41010,1,7
41016,1,6
41022,1,6
41028,1,6
41033,0,5
41039,0,6
41045,1,6
41051,1,6
41057,1,6
41063,1,6
41068,0,5
41074,0,6
41080,0,6
41086,0,6
41092,1,6
41098,1,6
41103,0,5
41109,1,6
41114,0,5
41120,1,6
41126,0,6
41132,1,6
41138,1,6
41143,0,5
41149,0,6
41155,1,6
41161,1,6
41166,0,5
41172,0,6
41178,1,6
41184,1,6
41190,1,6
41195,0,5
41201,1,6
41207,1,6
41212,0,5
41218,1,6
41224,1,6
41230,1,6
41236,1,6
41242,1,6
41247,0,5
41253,0,6
41259,1,6
41265,1,6
41271,1,6
41277,1,6
41283,1,6
41289,1,6
41295,1,6
41301,1,6
41306,0,5
41312,1,6
41318,1,6
41323,0,5
41329,0,6
41335,0,6
41341,1,6
41347,1,6
41353,1,6
41358,0,5
41364,1,6
41370,1,6
41376,1,6
41382,1,6
41389,2,7
41395,1,6
41401,1,6
41406,0,5
41412,1,6
41417,0,5
41423,0,6
41429,1,6
41435,1,6
41441,1,6
41447,1,6
41453,1,6
41459,1,6
41464,0,5
41470,0,6
41476,1,6
41484,1,8
41493,1,9
41499,1,6
41505,1,6
41511,1,6
41516,0,5
41522,1,6
41528,1,6
41533,0,5
41539,1,6
41545,1,6
41551,1,6
41557,1,6
41563,1,6
41569,1,6
41575,1,6
41580,0,5
41586,0,6
41592,1,6
41598,1,6
41604,1,6
41609,0,5
41615,0,6
41621,0,6
41627,1,6
41633,1,6
41639,1,6
41645,1,6
41651,1,6
41657,1,6
41663,1,6
41669,1,6
41675,1,6
41681,1,6
41687,1,6
41693,1,6
41699,1,6
41705,1,6
41711,1,6
41716,0,5
41722,0,6
41728,1,6
41733,0,5
41739,0,6
41745,1,6
41751,0,6
41757,1,6
41763,1,6
41769,1,6
41775,1,6
41781,1,6
41787,1,6
41793,1,6
41799,1,6
41804,0,5
41810,0,6
41816,0,6
41822,0,6
41828,0,6
41834,0,6
41840,0,6
41846,0,6
41852,0,6
41858,0,6
41864,1,6
41870,0,6
41876,1,6
41882,1,6
41888,1,6
41893,0,5
41899,0,6
41905,1,6
41911,1,6
41916,0,5
41922,0,6
41929,1,7
41935,1,6
41941,1,6
41947,1,6
41952,0,5
41958,0,6
41964,1,6
41970,1,6
41975,0,5
41981,1,6
41987,1,6
41993,1,6
41999,1,6
42005,1,6
42011,1,6
42016,0,5
42022,1,6
42028,1,6
42034,1,6
42040,1,6
42046,1,6
42052,1,6
42058,1,6
42063,0,5
42069,0,6
42075,1,6
42081,1,6
42087,1,6
42093,1,6
42099,1,6
42104,0,5
42110,0,6
42116,1,6
42122,1,6
42128,1,6
42134,1,6
42140,1,6
42146,1,6
42152,1,6
42167,10,15
42167,5,0
42168,1,1
42173,0,5
42179,1,6
42184,1,5
42189,1,5
42194,0,5
42200,1,6
42205,1,5
42210,1,5
42215,0,5
42220,0,5
42225,0,5
42231,1,6
42236,1,5
42241,1,5
42247,1,6
42252,1,5
42257,1,5
42262,0,5
42267,0,5
42273,1,6
42278,1,5
42283,1,5
42288,0,5
42297,1,9
42302,1,5
42307,1,5
42312,1,5
42318,1,6
42323,1,5
42328,1,5
42333,1,5
42338,0,5
42344,1,6
42349,1,5
42354,1,5
42359,0,5
42365,1,6
42370,1,5
42375,1,5
42380,0,5
42385,0,5
42391,1,6
42396,1,5
42401,1,5
42406,0,5
42411,0,5
42416,0,5
42422,1,6
42427,1,5
42432,0,5
42437,0,5
42443,1,6
42448,1,5
42453,1,5
42458,0,5
42463,0,5
42469,1,6
42474,1,5
42479,1,5
42484,0,5
42489,0,5
42495,1,6
42500,1,5
42505,1,5
42510,0,5
42516,1,6
42521,1,5
42526,1,5
42531,0,5
42537,1,6
42542,1,5
42547,1,5
42552,0,5
42557,0,5
42563,1,6
42568,1,5
42574,1,6
42579,1,5
42585,1,6
42590,1,5
42599,4,9
42600,0,1
42606,1,6
42611,1,5
42617,1,6
42622,1,5
42627,1,5
42632,1,5
42637,0,5
42643,1,6
42648,1,5
42653,1,5
42658,0,5
42664,1,6
42669,1,5
42674,1,5
42679,0,5
42685,1,6
42689,0,4
42695,1,6
42700,1,5
42705,0,5
42710,0,5
42716,1,6
42721,1,5
42727,1,6
42732,1,5
42737,1,5
42743,1,6
42748,1,5
42754,1,6
42759,1,5
42764,0,5
42770,1,6
42775,1,5
42781,1,6
42788,1,7
42793,1,5
42799,1,6
42804,1,5
42809,0,5
42815,1,6
42820,1,5
42825,0,5
42831,1,6
42836,1,5
42842,1,6
42847,1,5
42853,1,6
42858,1,5
42863,0,5
42869,1,6
42874,1,5
42880,1,6
42885,1,5
42891,1,6
42896,1,5
42902,1,6
42907,1,5
42913,1,6
42918,1,5
42924,1,6
42929,1,5
42935,1,6
42940,1,5
42946,1,6
42951,0,5
42957,1,6
42962,1,5
42968,1,6
42973,1,5
42978,0,5
42984,1,6
42989,1,5
42995,1,6
43000,1,5
43005,0,5
43011,1,6
43016,1,5
43022,1,6
43027,1,5
43032,1,5
43038,1,6
43043,1,5
43048,1,5
43054,1,6
43059,0,5
43065,1,6
43071,1,6
43076,0,5
43082,0,6
43088,1,6
43094,1,6
43100,1,6
43106,1,6
43112,1,6
43118,1,6
43124,1,6
43130,1,6
43136,1,6
43141,0,5
43147,0,6
43153,0,6
43159,1,6
43165,1,6
43171,1,6
43176,0,5
43182,1,6
43187,0,5
43194,1,7
43200,1,6
43206,1,6
43212,1,6
43218,1,6
43223,0,5
43230,1,7
43236,1,6
43242,1,6
43248,1,6
43254,1,6
43259,0,5
43265,1,6
43270,0,5
43276,0,6
43282,0,6
43288,1,6
43294,1,6
43299,0,5
43306,1,7
43311,0,5
43317,0,6
43323,0,6
43329,1,6
43335,1,6
43341,1,6
43347,1,6
43353,1,6
43358,0,5
43364,0,6
43370,0,6
43376,1,6
43382,1,6
43388,1,6
43394,1,6
43399,0,5
43405,0,6
43411,1,6
43417,1,6
43423,1,6
43429,1,6
43435,1,6
43441,0,6
43448,1,7
43454,1,6
43463,1,9
43468,0,5
43474,0,6
43480,0,6
43486,0,6
43492,1,6
43498,0,6
43504,0,6
43510,1,6
43516,1,6
43521,0,5
43527,1,6
43532,0,5
43538,0,6
43544,1,6
43549,0,5
43555,0,6
43561,1,6
43567,1,6
43574,2,7
43580,0,6
43586,0,6
43592,1,6
43598,1,6
43604,1,6
43610,1,6
43615,0,5
43621,1,6
43627,1,6
43633,1,6
43639,1,6
43644,0,5
43650,0,6
43656,1,6
43662,1,6
43668,1,6
43674,1,6
43679,0,5
43685,1,6
43693,1,8
43701,2,8
43707,1,6
43713,1,6
43719,1,6
43725,1,6
43731,1,6
43737,1,6
43743,1,6
43749,1,6
43755,1,6
43761,1,6
43766,0,5
43772,0,6
43778,0,6
43784,0,6
43790,1,6
43796,1,6
43802,1,6
43808,1,6
43814,1,6
43820,1,6
43826,1,6
43832,1,6
43838,1,6
43843,0,5
43849,0,6
43855,1,6
43861,1,6
43867,1,6
43872,0,5
43878,1,6
43884,1,6
43890,1,6
43896,1,6
43902,1,6
43908,1,6
43914,0,6
43921,1,7
43927,1,6
43933,1,6
43939,1,6
43944,0,5
43950,1,6
43956,1,6
43962,1,6
43967,1,5
43972,0,5
43978,1,6
43983,1,5
43988,0,5
43994,1,6
43999,1,5
44004,0,5
44010,1,6
44016,1,6
44021,0,5
44027,1,6
44032,0,5
44038,1,6
44043,1,5
44048,0,5
44054,1,6
44059,1,5
44064,0,5
44070,1,6
44075,1,5
44080,0,5
44086,1,6
44091,1,5
44097,1,6
44102,1,5
44107,1,5
44113,1,6
44118,1,5
44124,1,6
44129,1,5
44134,1,5
44139,0,5
44149,1,10
44155,1,6
44160,1,5
44165,0,5
44170,0,5
44176,1,6
44182,1,6
44188,1,6
44193,1,5
44199,1,6
44205,1,6
44211,1,6
44217,1,6
44223,1,6
44229,1,6
44235,0,6
44241,0,6
44247,0,6
44253,0,6
44259,0,6
44265,1,6
44272,1,7
44278,1,6
44284,1,6
44290,1,6
44296,1,6
44302,0,6
44308,0,6
44315,1,7
44321,1,6
44327,1,6
44333,1,6
44338,0,5
44344,1,6
44350,1,6
44355,0,5
44361,0,6
44367,0,6
44373,0,6
44379,1,6
44385,1,6
44391,1,6
44396,0,5
44402,0,6
44408,1,6
44414,1,6
44420,1,6
44426,1,6
44432,1,6
44438,1,6
44444,1,6
44450,1,6
44456,1,6
44464,1,8
44470,1,6
44476,1,6
44482,1,6
44487,0,5
44493,0,6
44499,0,6
44505,0,6
44511,0,6
44517,0,6
44523,1,6
44529,1,6
44535,1,6
44541,1,6
44546,0,5
44552,0,6
44558,0,6
44564,1,6
44570,1,6
44576,1,6
44581,0,5
44587,0,6
44593,1,6
44599,1,6
44605,1,6
44610,0,5
44616,0,6
44622,1,6
44628,1,6
44634,1,6
44640,1,6
44646,1,6
44652,1,6
44660,1,8
44666,1,6
44671,0,5
44677,1,6
44687,5,10
44693,1,6
44698,1,5
44703,1,5
44709,1,6
44714,1,5
44719,1,5
44724,1,5
44729,0,5
44734,0,5
44740,1,6
44745,1,5
44750,0,5
44755,0,5
44760,0,5
44766,1,6
44771,1,5
44776,0,5
44781,0,5
44787,1,6
44792,1,5
44797,1,5
44802,0,5
44808,1,6
44813,1,5
44818,1,5
44823,0,5
44828,0,5
44833,0,5
44839,1,6
44844,1,5
44849,0,5
44855,1,6
44860,1,5
44865,1,5
44870,0,5
44875,0,5
44881,1,6
44886,1,5
44892,1,6
44897,1,5
44902,0,5
44908,1,6
44913,1,5
44918,1,5
44924,1,6
44929,1,5
44934,1,5
44939,1,5
44944,0,5
44949,0,5
44955,1,6
44960,1,5
44965,0,5
44971,1,6
44976,1,5
44981,1,5
44987,1,6
44992,1,5
44998,1,6
45003,1,5
45008,1,5
45013,1,5
45018,0,5
45024,1,6
45029,1,5
45034,1,5
45039,0,5
45045,1,6
45050,1,5
45056,1,6
45061,1,5
45066,1,5
45071,0,5
45076,0,5
45082,1,6
45087,1,5
45092,1,5
45097,0,5
45103,1,6
45108,1,5
45113,1,5
45118,0,5
45123,0,5
45129,1,6
45135,2,6
45140,1,5
45146,2,6
45151,1,5
45156,1,5
45162,2,6
45167,1,5
45173,2,6
45178,1,5
45183,1,5
45189,2,6
45194,1,5
45199,1,5
45205,2,6
45210,1,5
45215,1,5
45221,2,6
45226,1,5
45231,1,5
45237,2,6
45242,1,5
45247,1,5
45253,2,6
45258,1,5
45263,1,5
45268,1,5
45274,2,6
45279,1,5
45285,2,6
45290,2,5
45295,1,5
45301,2,6
45306,2,5
45311,1,5
45317,2,6
45322,2,5
45327,1,5
45332,1,5
45337,1,5
45343,1,6
45349,2,6
45355,2,6
45360,1,5
45365,1,5
45371,2,6
45376,1,5
45381,1,5
45386,1,5
45391,1,5
45396,0,5
45402,1,6
45407,1,5
45412,1,5
45417,0,5
45423,1,6
45428,1,5
45433,1,5
45439,1,6
45444,1,5
45449,1,5
45454,1,5
45459,0,5
45465,1,6
45470,1,5
45475,1,5
45480,0,5
45485,0,5
45491,1,6
45496,1,5
45501,1,5
45506,0,5
45511,0,5
45516,0,5
45522,1,6
45527,1,5
45532,0,5
45538,1,6
45543,1,5
45552,1,9
45557,1,5
45562,1,5
45568,1,6
45573,1,5
45578,0,5
45584,1,6
45589,1,5
45594,0,5
45600,1,6
45605,1,5
45611,1,6
45616,1,5
45621,0,5
45627,1,6
45632,1,5
45638,1,6
45643,1,5
45648,0,5
45654,1,6
45659,1,5
45664,0,5
45670,1,6
45680,1,10
45685,1,5
45691,1,6
45696,1,5
45701,0,5
45706,0,5
45712,1,6
45718,1,6
45723,1,5
45728,0,5
45734,1,6
45740,1,6
45745,1,5
45751,1,6
45756,1,5
45761,0,5
45767,1,6
45772,1,5
45778,0,6
45784,1,6
45789,1,5
45795,1,6
45800,1,5
45809,5,9
45816,2,7
45822,1,6
45828,1,6
45834,1,6
45840,1,6
45846,1,6
45852,1,6
45858,0,6
45864,1,6
45870,1,6
45877,1,7
45883,1,6
45889,1,6
45895,1,6
45901,1,6
45906,0,5
45912,1,6
45918,1,6
45924,1,6
45930,0,6
45937,1,7
45943,1,6
45955,2,12
45962,2,7
45969,2,7
45975,1,6
45982,2,7
45989,2,7
45996,2,7
46002,1,6
46009,1,7
46016,1,7
46023,2,7
46030,2,7
46037,2,7
46043,1,6
46050,1,7
46056,1,6
46062,1,6
46069,1,7
46076,2,7
46082,1,6
46089,1,7
46095,1,6
46103,2,8
46110,2,7
46116,1,6
46123,1,7
46130,2,7
46137,1,7
46144,2,7
46150,1,6
46157,2,7
46164,2,7
46171,2,7
46178,2,7
46185,2,7
46191,1,6
46198,2,7
46204,1,6
46211,1,7
46217,1,6
46223,1,6
46230,1,7
46236,1,6
46242,1,6
46249,2,7
46255,1,6
46262,1,7
46269,2,7
46276,2,7
46283,1,7
46290,1,7
46296,1,6
46302,1,6
46309,1,7
46315,1,6
46321,1,6
46327,1,6
46334,1,7
46340,1,6
46346,1,6
46352,1,6
46358,1,6
46364,1,6
46370,0,6
46377,1,7
46383,1,6
46390,1,7
46395,1,5
46400,0,5
46406,1,6
46412,1,6
46417,1,5
46422,0,5
46428,1,6
46434,1,6
46440,1,6
46446,1,6
46452,1,6
46458,1,6
46464,1,6
46470,1,6
46475,0,5
46481,1,6
46487,1,6
46492,0,5
46498,0,6
46504,1,6
46510,1,6
46516,1,6
46522,1,6
46528,1,6
46534,1,6
46540,1,6
46545,0,5
46551,0,6
46557,1,6
46562,0,5
46568,0,6
46574,1,6
46580,1,6
46586,1,6
46592,1,6
46597,0,5
46603,0,6
46609,0,6
46615,1,6
46621,1,6
46626,0,5
46632,1,6
46638,1,6
46644,1,6
46650,1,6
46658,2,8
46666,3,8
46673,2,7
46679,1,6
46686,1,7
46692,1,6
46699,1,7
46705,1,6
46711,0,6
46717,0,6
46723,1,6
46729,1,6
46735,1,6
46741,1,6
46747,1,6
46753,1,6
46758,0,5
46764,1,6
46770,1,6
46776,1,6
46782,1,6
46788,1,6
46794,1,6
46800,1,6
46806,1,6
46811,0,5
46817,0,6
46823,0,6
46829,0,6
46835,1,6
46841,1,6
46847,1,6
46854,1,7
46859,0,5
46865,0,6
46871,0,6
46877,0,6
46883,1,6
46890,1,7
46896,1,6
46902,1,6
46908,1,6
46914,1,6
46919,0,5
46925,1,6
46931,1,6
46937,1,6
46942,0,5
46948,0,6
46954,0,6
46960,1,6
46966,0,6
46973,1,7
46977,0,4
46982,0,5
46988,1,6
46993,1,5
46998,0,5
47004,1,6
47009,1,5
47014,1,5
47019,0,5
47024,0,5
47029,0,5
47034,0,5
47039,0,5
47045,1,6
47050,1,5
47055,0,5
47060,0,5
47066,1,6
47071,1,5
47076,1,5
47081,0,5
47086,0,5
47092,1,6
47097,1,5
47103,2,6
47108,1,5
47114,1,6
47119,1,5
47124,1,5
47129,0,5
47135,1,6
47140,1,5
47145,1,5
47150,0,5
47155,0,5
47160,0,5
47166,1,6
47183,13,17
47183,8,0
47183,2,0
47187,1,4
47192,1,5
47197,1,5
47202,0,5
47207,0,5
47213,1,6
47218,1,5
47224,1,6
47229,1,5
47234,1,5
47239,1,5
47245,1,6
47250,1,5
47255,1,5
47260,1,5
47266,1,6
47271,1,5
47276,1,5
47281,0,5
47287,1,6
47293,1,6
47298,1,5
47303,1,5
47308,0,5
47314,1,6
47319,1,5
47324,1,5
47330,1,6
47335,1,5
47340,0,5
47346,0,6
47352,1,6
47358,1,6
47363,0,5
47369,0,6
47375,1,6
47381,1,6
47387,1,6
47393,1,6
47398,0,5
47404,1,6
47410,1,6
47416,1,6
47421,0,5
47427,0,6
47433,0,6
47439,1,6
47445,1,6
47451,1,6
47457,1,6
47463,1,6
47469,1,6
47474,0,5
47480,0,6
47486,1,6
47492,1,6
47498,1,6
47504,1,6
47510,1,6
47516,1,6
47522,1,6
47528,1,6
47534,1,6
47540,1,6
47546,1,6
47551,0,5
47557,0,6
47564,1,7
47569,0,5
47575,1,6
47581,1,6
47587,1,6
47592,0,5
47598,0,6
47604,1,6
47609,0,5
47615,1,6
47621,1,6
47627,1,6
47633,1,6
47638,0,5
47644,1,6
47650,1,6
47656,1,6
47661,0,5
47668,1,7
47673,0,5
47679,0,6
47685,1,6
47691,1,6
47696,0,5
47702,1,6
47708,1,6
47713,0,5
47719,0,6
47725,1,6
47731,1,6
47737,1,6
47743,1,6
47749,1,6
47755,1,6
47761,1,6
47767,1,6
47773,1,6
47779,1,6
47785,0,6
47793,3,8
47799,1,6
47805,1,6
47811,1,6
47817,1,6
47823,1,6
47828,0,5
47834,0,6
47840,0,6
47846,0,6
47853,1,7
47858,0,5
47864,0,6
47870,1,6
47876,0,6
47882,0,6
47888,0,6
47894,0,6
47900,0,6
47906,1,6
47912,1,6
47918,1,6
47924,1,6
47930,1,6
47936,1,6
47942,1,6
47948,1,6
47954,1,6
47960,1,6
47966,0,6
47972,0,6
47978,0,6
47984,0,6
47990,0,6
47996,1,6
48002,1,6
48008,1,6
48013,0,5
48019,0,6
48025,1,6
48031,1,6
48037,1,6
48043,1,6
48049,0,6
48055,0,6
48061,0,6
48067,0,6
48073,0,6
48080,1,7
48086,1,6
48092,1,6
48098,1,6
48104,1,6
48110,1,6
48116,1,6
48122,1,6
48128,1,6
48134,1,6
48140,1,6
48146,1,6
48152,1,6
48158,1,6
48164,1,6
48170,1,6
48176,1,6
48182,1,6
48188,1,6
48194,1,6
48200,1,6
48205,0,5
48211,1,6
48217,1,6
48223,1,6
48229,1,6
48235,1,6
48241,1,6
48246,0,5
48252,0,6
48258,0,6
48264,1,6
48270,1,6
48275,0,5
48281,1,6
48286,0,5
48292,0,6
48298,1,6
48304,1,6
48309,0,5
48315,1,6
48321,1,6
48327,1,6
48332,0,5
48338,0,6
48344,0,6
48350,0,6
48356,0,6
48362,1,6
48368,1,6
48373,0,5
48379,0,6
48385,1,6
48390,0,5
48396,0,6
48402,0,6
48408,1,6
48413,0,5
48419,1,6
48425,1,6
48430,0,5
48437,1,7
48442,0,5
48449,1,7
48454,0,5
48461,1,7
48467,1,6
48473,1,6
48478,0,5
48484,0,6
48490,1,6
48495,0,5
48501,0,6
48507,1,6
48512,0,5
48518,0,6
48524,1,6
48530,1,6
48535,0,5
48541,0,6
48547,0,6
48553,0,6
48559,0,6
48565,0,6
48571,1,6
48577,1,6
48583,1,6
48589,1,6
48595,0,6
48601,0,6
48607,0,6
48612,0,5
48618,0,6
48624,1,6
48629,0,5
48635,1,6
48641,1,6
48646,0,5
48652,1,6
48658,1,6
48664,1,6
48670,1,6
48676,1,6
48682,1,6
48687,0,5
48693,1,6
48699,1,6
48704,0,5
48711,1,7
48717,1,6
48723,1,6
48728,0,5
48734,1,6
48739,0,5
48745,0,6
48751,1,6
48757,1,6
48763,1,6
48769,1,6
48775,1,6
48781,1,6
48786,0,5
48792,0,6
48798,1,6
48804,1,6
48810,1,6
48815,0,5
48821,0,6
48827,1,6
48833,1,6
48839,1,6
48845,1,6
48851,1,6
48857,1,6
48863,1,6
48869,1,6
48876,1,7
48882,1,6
48889,2,7
48895,1,6
48901,1,6
48907,1,6
48914,2,7
48920,1,6
48926,1,6
48932,1,6
48937,0,5
48943,0,6
48949,1,6
48955,1,6
48961,0,6
48967,0,6
48973,1,6
48979,1,6
48985,1,6
48990,0,5
48997,1,7
49003,1,6
49009,1,6
49014,0,5
49020,0,6
49026,0,6
49032,0,6
49038,0,6
49044,0,6
49050,1,6
49056,1,6
49061,0,5
49067,0,6
49073,1,6
49079,1,6
49084,0,5
49090,0,6
49096,0,6
49102,0,6
49108,1,6
49114,0,6
49120,1,6
49132,6,12
49137,1,5
49142,0,5
49148,1,6
49153,1,5
49158,1,5
49163,0,5
49168,0,5
49173,0,5
49178,0,5
49184,1,6
49189,1,5
49195,1,6
49200,1,5
49206,1,6
49213,1,7
49220,2,7
49227,1,7
49233,1,6
49239,1,6
49246,1,7
49252,1,6
49258,0,6
49264,1,6
49269,0,5
49275,0,6
49281,0,6
49287,0,6
49293,1,6
49299,1,6
49304,0,5
49310,0,6
49316,1,6
49321,0,5
49327,1,6
49333,0,6
49339,1,6
49345,1,6
49351,1,6
49356,0,5
49362,1,6
49368,1,6
49373,0,5
49379,0,6
49385,1,6
49391,1,6
49396,0,5
49402,0,6
49408,1,6
49413,0,5
49419,0,6
49425,1,6
49431,1,6
49437,1,6
49443,1,6
49449,0,6
49455,0,6
49461,0,6
49467,1,6
49473,1,6
49478,0,5
49484,0,6
49490,1,6
49495,0,5
49501,1,6
49507,1,6
49512,0,5
49518,0,6
49524,1,6
49530,1,6
49536,1,6
49542,1,6
49548,1,6
49554,1,6
49561,1,7
49567,1,6
49572,0,5
49578,0,6
49584,0,6
49590,0,6
49596,0,6
49602,0,6
49608,1,6
49614,1,6
49620,1,6
49625,0,5
49631,1,6
49637,1,6
49643,0,6
49649,0,6
49655,1,6
49661,1,6
49667,1,6
49673,0,6
49679,0,6
49685,0,6
49691,1,6
49697,0,6
49703,0,6
49709,0,6
49715,0,6
49721,1,6
49727,1,6
49732,0,5
49738,0,6
49744,1,6
49750,1,6
49756,1,6
49762,1,6
49768,1,6
49774,1,6
49780,1,6
49786,1,6
49792,1,6
49799,1,7
49804,0,5
49810,1,6
49816,1,6
49821,0,5
49827,1,6
49832,0,5
49838,0,6
49844,1,6
49850,1,6
49856,1,6
49862,1,6
49867,0,5
49873,1,6
49879,1,6
49885,1,6
49890,0,5
49896,0,6
49902,0,6
49908,0,6
49914,1,6
49920,1,6
49925,0,5
49931,1,6
49937,1,6
49942,0,5
49948,0,6
49954,0,6
49960,1,6
49965,0,5
49971,1,6
49977,1,6
49982,0,5
49988,0,6
49994,1,6
50000,1,6
50006,1,6
50012,1,6
50018,1,6
50024,1,6
50031,1,7
50036,1,5
50041,0,5
50047,1,6
50052,1,5
50058,1,6
50062,0,4
50068,1,6
50073,1,5
50078,0,5
50083,0,5
50089,1,6
50094,1,5
50099,0,5
50105,1,6
50110,1,5
50115,0,5
50120,0,5
50126,1,6
50131,1,5
50136,0,5
50142,1,6
50147,1,5
50152,0,5
50157,0,5
50162,0,5
50168,1,6
50173,0,5
50178,0,5
50183,0,5
50189,1,6
50194,1,5
50199,0,5
50205,1,6
50210,1,5
50215,0,5
50220,0,5
50226,1,6
50231,1,5
50236,0,5
50242,1,6
50247,1,5
50253,1,6
50258,1,5
50263,0,5
50269,1,6
50274,1,5
50279,0,5
50284,0,5
50289,0,5
50295,1,6
50300,0,5
50305,0,5
50310,0,5
50316,1,6
50321,1,5
50326,0,5
50332,1,6
50337,1,5
50342,0,5
50347,0,5
50353,1,6
50358,1,5
50363,1,5
50368,0,5
50373,0,5
50379,1,6
50384,1,5
50389,0,5
50394,0,5
50399,0,5
50405,1,6
50410,1,5
50415,0,5
50420,0,5
50426,1,6
50431,0,5
50437,1,6
50442,1,5
50448,1,6
50453,1,5
50458,1,5
50463,0,5
50468,0,5
50474,1,6
50481,3,7
50484,0,3
50490,1,6
50496,1,6
50501,0,5
50507,1,6
50513,1,6
50518,0,5
50524,0,6
50530,1,6
50536,1,6
50542,1,6
50548,1,6
50554,1,6
50560,1,6
50566,1,6
50572,1,6
50578,1,6
50583,0,5
50589,0,6
50595,1,6
50601,0,6
50607,1,6
50613,1,6
50618,0,5
50624,0,6
50630,1,6
50635,0,5
50641,0,6
50647,1,6
50652,0,5
50658,0,6
50664,1,6
50670,1,6
50675,0,5
50681,0,6
50687,0,6
50693,0,6
50699,0,6
50705,0,6
50711,1,6
50716,0,5
50722,1,6
50728,1,6
50734,1,6
50740,1,6
50746,1,6
50753,1,7
50758,0,5
50764,0,6
50770,1,6
50776,1,6
50782,1,6
50788,1,6
50794,1,6
50800,1,6
50805,0,5
50811,1,6
50817,1,6
50823,1,6
50828,0,5
50834,1,6
50840,0,6
50847,1,7
50853,1,6
50859,1,6
50865,1,6
50871,1,6
50880,1,9
50890,1,10
50896,1,6
50902,1,6
50908,1,6
50914,1,6
50920,1,6
50925,0,5
50931,0,6
50937,1,6
50943,1,6
50949,1,6
50954,0,5
50960,1,6
50966,1,6
50972,1,6
50977,0,5
50983,0,6
50989,1,6
50995,1,6
51001,1,6
51006,0,5
51012,0,6
51018,0,6
51024,1,6
51029,0,5
51035,0,6
51041,1,6
51046,0,5
51052,1,6
51057,0,5
51063,1,6
51069,1,6
51075,1,6
51081,1,6
51086,0,5
51092,0,6
51098,1,6
51104,1,6
51110,1,6
51115,0,5
51121,1,6
51127,1,6
51133,1,6
51138,0,5
51144,0,6
51150,0,6
51156,1,6
51161,0,5
51167,0,6
51172,0,5
51179,1,7
51184,0,5
51190,0,6
51196,1,6
51202,1,6
51208,1,6
51213,0,5
51219,0,6
51225,1,6
51231,1,6
51237,0,6
51243,1,6
51249,1,6
51254,0,5
51260,0,6
51266,1,6
51271,0,5
51277,0,6
51283,0,6
51289,0,6
51295,1,6
51301,1,6
51307,1,6
51313,1,6
51319,1,6
51324,0,5
51330,0,6
51337,1,7
51343,1,6
51349,1,6
51355,1,6
51361,1,6
51366,0,5
51372,0,6
51378,1,6
51384,1,6
51390,1,6
51396,1,6
51401,0,5
51407,0,6
51413,1,6
51418,0,5
51424,1,6
51430,1,6
51435,0,5
51441,0,6
51447,0,6
51453,1,6
51459,1,6
51464,0,5
51470,0,6
51477,1,7
51483,1,6
51488,0,5
51494,0,6
51500,1,6
51505,0,5
51511,0,6
51517,1,6
51522,0,5
51528,1,6
51534,1,6
51540,1,6
51546,1,6
51551,0,5
51557,1,6
51563,1,6
51569,1,6
51575,1,6
51581,1,6
51587,1,6
51593,1,6
51599,1,6
51606,2,7
51612,1,6
51618,1,6
51624,1,6
51630,1,6
51636,1,6
51642,1,6
51647,1,5
51652,0,5
51658,0,6
51665,1,7
51671,1,6
51677,1,6
51683,1,6
51689,1,6
51695,1,6
51701,1,6
51707,1,6
51713,1,6
51718,0,5
51724,0,6
51730,1,6
51736,1,6
51742,1,6
51748,0,6
51754,0,6
51760,1,6
51766,1,6
51771,0,5
51777,1,6
51782,0,5
51788,0,6
51794,1,6
51800,1,6
51805,0,5
51811,0,6
51817,0,6
51823,1,6
51829,1,6
51834,0,5
51840,1,6
51846,1,6
51852,1,6
51858,1,6
51863,0,5
51869,0,6
51875,1,6
51881,1,6
51887,1,6
51893,1,6
51899,1,6
51905,1,6
51911,1,6
51917,1,6
51922,0,5
51928,0,6
51935,2,7
51941,1,6
51948,2,7
51955,2,7
51962,2,7
51968,1,6
51975,1,7
51981,1,6
51988,1,7
51994,1,6
52000,1,6
52006,1,6
52012,0,6
52018,0,6
52025,1,7
52031,1,6
52037,1,6
52043,1,6
52050,1,7
52056,1,6
52062,1,6
52068,1,6
52074,1,6
52080,1,6
52086,1,6
52092,1,6
52098,0,6
52105,1,7
52111,1,6
52117,1,6
52123,1,6
52128,0,5
52134,0,6
52140,1,6
52146,1,6
52152,1,6
52158,1,6
52164,1,6
52170,1,6
52175,0,5
52181,0,6
52197,10,16
52197,5,0
52198,1,1
52203,1,5
52208,0,5
52213,0,5
52219,1,6
52224,1,5
52229,1,5
52234,0,5
52240,1,6
52245,1,5
52250,1,5
52255,0,5
52261,1,6
52266,1,5
52271,1,5
52277,1,6
52282,1,5
52287,1,5
52293,1,6
52298,1,5
52303,1,5
52309,1,6
52314,1,5
52319,0,5
52325,1,6
52330,1,5
52335,1,5
52340,0,5
52346,1,6
52351,1,5
52356,0,5
52362,1,6
52367,1,5
52372,0,5
52378,1,6
52383,1,5
52388,0,5
52393,0,5
52399,1,6
52404,1,5
52409,0,5
52414,0,5
52420,1,6
52425,0,5
52430,0,5
52436,1,6
52441,1,5
52446,0,5
52452,1,6
52457,1,5
52462,0,5
52468,1,6
52473,1,5
52478,0,5
52484,1,6
52489,1,5
52494,0,5
52499,0,5
52505,1,6
52510,1,5
52515,0,5
52520,0,5
52526,1,6
52531,1,5
52536,0,5
52542,1,6
52547,1,5
52552,0,5
52558,1,6
52563,1,5
52568,0,5
52574,1,6
52579,1,5
52584,0,5
52590,1,6
52595,1,5
52600,0,5
52606,1,6
52611,1,5
52616,0,5
52622,1,6
52628,1,6
52633,1,5
52639,1,6
52644,1,5
52649,0,5
52655,1,6
52661,1,6
52666,0,5
52672,0,6
52678,1,6
52684,1,6
52690,1,6
52696,1,6
52702,1,6
52708,1,6
52714,1,6
52720,1,6
52726,1,6
52732,1,6
52738,1,6
52746,1,8
52752,1,6
52758,1,6
52763,0,5
52769,0,6
52775,0,6
52784,4,9
52791,1,7
52796,1,5
52801,1,5
52806,0,5
52812,1,6
52818,1,6
52824,1,6
52830,1,6
52836,1,6
52842,1,6
52848,1,6
52854,1,6
52860,0,6
52866,0,6
52872,0,6
52878,0,6
52884,0,6
52894,1,10
52900,1,6
52906,1,6
52912,1,6
52918,1,6
52924,1,6
52929,0,5
52935,0,6
52941,1,6
52947,1,6
52953,1,6
52959,1,6
52964,0,5
52970,0,6
52976,1,6
52982,1,6
52988,1,6
52994,1,6
53000,1,6
53005,0,5
53011,0,6
53017,1,6
53023,1,6
53028,0,5
53034,0,6
53040,1,6
53045,1,5
53050,0,5
53056,1,6
53061,1,5
53066,0,5
53071,0,5
53077,1,6
53082,1,5
53087,0,5
53093,1,6
53098,1,5
53103,0,5
53109,1,6
53114,1,5
53119,1,5
53124,0,5
53130,1,6
53135,1,5
53140,0,5
53145,0,5
53151,1,6
53156,1,5
53161,0,5
53167,1,6
53172,1,5
53177,0,5
53182,0,5
53188,1,6
53193,1,5
53198,0,5
53203,0,5
53209,1,6
53214,1,5
53219,0,5
53225,1,6
53230,1,5
53235,0,5
53241,1,6
53247,1,6
53252,0,5
53258,1,6
53263,0,5
53269,1,6
53274,1,5
53279,0,5
53285,1,6
53290,1,5
53295,0,5
53301,1,6
53306,1,5
53311,1,5
53316,0,5
53322,1,6
53327,1,5
53332,0,5
53337,0,5
53343,1,6
53349,1,6
53354,1,5
53359,0,5
53365,1,6
53370,0,5
53376,1,6
53382,0,6
53388,0,6
53394,1,6
53400,1,6
53406,1,6
53411,0,5
53417,0,6
53423,1,6
53429,0,6
53435,0,6
53441,1,6
53447,1,6
53452,0,5
53458,0,6
53464,1,6
53470,1,6
53476,1,6
53482,1,6
53487,0,5
53493,0,6
53499,1,6
53505,1,6
53510,0,5
53516,1,6
53521,0,5
53527,0,6
53533,0,6
53539,1,6
53545,1,6
53551,1,6
53556,0,5
53562,1,6
53567,0,5
53573,0,6
53579,1,6
53585,1,6
53591,1,6
53597,1,6
53603,1,6
53609,1,6
53615,1,6
53621,1,6
53626,0,5
53633,1,7
53638,0,5
53644,1,6
53650,1,6
53655,0,5
53661,0,6
53667,1,6
53673,1,6
53678,0,5
53684,1,6
53690,1,6
53696,1,6
53702,0,6
53708,0,6
53714,1,6
53720,1,6
53726,1,6
53732,1,6
53738,1,6
53745,1,7
53751,1,6
53757,1,6
53763,0,6
53768,0,5
53774,0,6
53779,0,5
53785,1,6
53791,1,6
53797,1,6
53802,1,5
53808,1,6
53813,1,5
53818,1,5
53824,1,6
53829,1,5
53835,1,6
53840,1,5
53845,1,5
53850,0,5
53856,1,6
53862,1,6
53868,1,6
53875,1,7
53881,1,6
53888,2,7
53894,1,6
53900,2,6
53905,1,5
53910,0,5
53916,1,6
53921,1,5
53927,1,6
53933,1,6
53938,1,5
53944,1,6
53949,1,5
53954,1,5
53960,1,6
53965,0,5
53970,0,5
53976,1,6
53981,0,5
53987,1,6
53992,1,5
53998,1,6
54003,1,5
54009,1,6
54014,1,5
54019,1,5
54025,1,6
54030,1,5
54035,0,5
54041,1,6
54046,1,5
54051,0,5
54057,1,6
54062,1,5
54068,1,6
54073,1,5
54078,1,5
54083,0,5
54089,1,6
54094,0,5
54100,1,6
54105,1,5
54110,0,5
54116,1,6
54121,1,5
54127,1,6
54132,1,5
54138,2,6
54143,1,5
54149,1,6
54154,1,5
54161,2,7
54165,1,4
54171,1,6
54177,1,6
54184,1,7
54190,1,6
54196,1,6
54202,0,6
54208,0,6
54214,1,6
54220,1,6
54225,0,5
54231,1,6
54237,1,6
54242,0,5
54248,0,6
54254,0,6
54260,1,6
54266,1,6
54271,0,5
54277,1,6
54283,1,6
54289,1,6
54294,0,5
54300,0,6
54306,1,6
54312,1,6
54317,0,5
54323,1,6
54329,1,6
54335,1,6
54341,1,6
54347,1,6
54353,1,6
54358,0,5
54364,0,6
54370,1,6
54376,0,6
54382,1,6
54388,1,6
54394,1,6
54400,1,6
54407,1,7
54413,1,6
54419,1,6
54425,0,6
54432,1,7
54439,2,7
54445,1,6
54451,0,6
54458,1,7
54464,1,6
54471,1,7
54477,1,6
54484,2,7
54490,1,6
54497,2,7
54504,2,7
54511,2,7
54518,2,7
54525,2,7
54531,1,6
54539,2,8
54546,2,7
54553,2,7
54562,3,9
54568,1,6
54577,2,9
54583,1,6
54590,1,7
54597,1,7
54604,2,7
54612,3,8
54618,0,6
54624,0,6
54630,0,6
54638,1,8
54644,1,6
54650,0,6
54656,0,6
54662,1,6
54668,1,6
54680,1,12
54686,1,6
54692,1,6
54698,1,6
54704,1,6
54710,1,6
54716,1,6
54722,1,6
54728,1,6
54734,1,6
54740,1,6
54746,1,6
54752,1,6
54758,1,6
54764,1,6
54770,1,6
54776,1,6
54782,1,6
54788,1,6
54794,1,6
54800,1,6
54806,1,6
54812,1,6
54818,1,6
54824,1,6
54829,0,5
54835,0,6
54841,1,6
54847,1,6
54853,1,6
54859,1,6
54865,1,6
54871,1,6
54877,1,6
54883,1,6
54889,1,6
54895,1,6
54901,1,6
54907,1,6
54913,1,6
54919,1,6
54925,1,6
54931,1,6
54937,1,6
54943,1,6
54949,1,6
54955,1,6
54961,1,6
54967,1,6
54972,0,5
54978,0,6
54984,0,6
54990,1,6
54996,1,6
55002,1,6
55007,0,5
55014,1,7
55020,1,6
55025,1,5
55030,0,5
55036,1,6
55041,1,5
55046,0,5
55052,1,6
55057,1,5
55062,0,5
55068,1,6
55073,1,5
55078,0,5
55084,1,6
55089,1,5
55095,1,6
55100,1,5
55105,1,5
55110,0,5
55116,1,6
55121,0,5
55126,0,5
55132,1,6
55137,1,5
55142,0,5
55147,0,5
55153,1,6
55158,1,5
55164,1,6
55168,0,4
55174,1,6
55180,2,6
55185,1,5
55190,1,5
55195,1,5
55200,0,5
55206,1,6
55211,1,5
55216,1,5
55221,1,5
55226,0,5
55231,0,5
55237,1,6
55242,1,5
55247,1,5
55252,0,5
55258,1,6
55263,1,5
55268,1,5
55273,0,5
55278,0,5
55284,1,6
55289,1,5
55294,1,5
55299,0,5
55304,0,5
55310,1,6
55315,1,5
55320,1,5
55325,0,5
55330,0,5
55335,0,5
55341,1,6
55346,1,5
55352,1,6
55357,1,5
55362,1,5
55367,1,5
55373,1,6
55378,1,5
55383,1,5
55389,1,6
55396,1,7
55401,1,5
55407,1,6
55412,1,5
55417,0,5
55423,1,6
55428,1,5
55433,0,5
55446,1,13
55452,1,6
55457,1,5
55462,0,5
55467,0,5
55473,1,6
55478,0,5
55483,0,5
55489,1,6
55494,1,5
55499,0,5
55505,1,6
55510,1,5
55515,0,5
55521,1,6
55526,1,5
55531,0,5
55536,0,5
55542,1,6
55547,1,5
55552,0,5
55557,0,5
55563,1,6
55568,1,5
55573,0,5
55579,1,6
55584,1,5
55589,0,5
55595,1,6
55600,1,5
55605,1,5
55610,0,5
55615,0,5
55621,1,6
55626,1,5
55631,0,5
55636,0,5
55642,1,6
55647,1,5
55652,0,5
55658,1,6
55663,1,5
55668,0,5
55674,1,6
55679,1,5
55684,0,5
55690,1,6
55695,1,5
55700,0,5
55706,1,6
55711,1,5
55716,1,5
55721,0,5
55726,0,5
55731,0,5
55737,1,6
55742,1,5
55747,0,5
55753,1,6
55758,1,5
55763,0,5
55768,0,5
55773,0,5
55779,1,6
55785,1,6
55790,0,5
55796,1,6
55801,1,5
55806,0,5
55811,0,5
55816,0,5
55822,1,6
55827,1,5
55832,0,5
55837,0,5
55843,1,6
55848,1,5
55853,0,5
55858,0,5
55863,0,5
55869,1,6
55874,1,5
55879,0,5
55885,1,6
55890,1,5
55895,0,5
55901,1,6
55906,1,5
55911,0,5
55916,0,5
55922,1,6
55927,1,5
55932,0,5
55937,0,5
55943,1,6
55948,0,5
55953,0,5
55959,1,6
55964,1,5
55969,0,5
55975,1,6
55980,1,5
55985,0,5
55990,0,5
55996,1,6
56001,0,5
56007,1,6
56012,1,5
56017,0,5
56022,0,5
56028,1,6
56033,1,5
56039,1,6
56046,1,7
56051,1,5
56056,1,5
56061,0,5
56066,0,5
56072,1,6
56077,1,5
56082,0,5
56088,1,6
56093,1,5
56098,0,5
56104,1,6
56109,1,5
56115,1,6
56120,1,5
56126,1,6
56131,1,5
56137,1,6
56142,1,5
56147,0,5
56153,1,6
56158,1,5
56163,0,5
56168,0,5
56174,1,6
56179,0,5
56184,0,5
56190,1,6
56195,0,5
56201,1,6
56206,1,5
56211,0,5
56216,0,5
56222,0,6
56228,1,6
56234,1,6
56240,1,6
56246,1,6
56252,1,6
56257,0,5
56263,0,6
56270,1,7
56276,1,6
56282,1,6
56288,1,6
56294,1,6
56299,1,5
56304,0,5
56310,1,6
56316,1,6
56322,1,6
56328,1,6
56334,1,6
56340,0,6
56346,1,6
56352,1,6
56358,1,6
56364,1,6
56370,1,6
56376,1,6
56382,1,6
56389,2,7
56395,1,6
56400,1,5
56405,0,5
56411,1,6
56416,1,5
56421,0,5
56427,1,6
56432,1,5
56437,1,5
56442,0,5
56447,0,5
56453,1,6
56458,1,5
56464,1,6
56469,1,5
56474,0,5
56481,1,7
56487,1,6
56492,0,5
56498,0,6
56504,0,6
56510,1,6
56516,1,6
56522,1,6
56528,1,6
56535,1,7
56541,1,6
56547,0,6
56554,1,7
56560,1,6
56566,1,6
56572,1,6
56578,1,6
56584,1,6
56589,0,5
56595,0,6
56601,0,6
56608,1,7
56613,0,5
56619,0,6
56625,0,6
56631,1,6
56637,1,6
56642,0,5
56648,1,6
56653,0,5
56659,0,6
56665,1,6
56671,1,6
56677,1,6
56683,1,6
56689,1,6
56695,1,6
56701,1,6
56706,0,5
56712,1,6
56718,1,6
56724,1,6
56729,0,5
56735,0,6
56741,1,6
56747,1,6
56754,2,7
56760,1,6
56765,0,5
56771,0,6
56777,1,6
56783,1,6
56789,1,6
56795,1,6
56801,0,6
56807,1,6
56813,1,6
56819,1,6
56825,1,6
56831,1,6
56837,1,6
56843,1,6
56849,1,6
56855,1,6
56861,1,6
56867,1,6
56873,1,6
56879,1,6
56885,1,6
56891,1,6
56897,1,6
56904,1,7
56910,1,6
56916,1,6
56922,1,6
56929,2,7
56935,1,6
56941,1,6
56946,0,5
56952,0,6
56958,1,6
56964,1,6
56971,1,7
56977,1,6
56983,1,6
56988,0,5
56994,0,6
57000,0,6
57006,0,6
57012,0,6
57018,0,6
57024,1,6
57031,1,7
57037,1,6
57042,0,5
57050,1,8
57055,1,5
57060,0,5
57065,0,5
57070,0,5
57076,1,6
57081,1,5
57086,1,5
57091,1,5
57096,0,5
57101,0,5
57106,0,5
57112,1,6
57117,1,5
57122,1,5
57128,1,6
57133,1,5
57138,1,5
57143,0,5
57148,0,5
57154,1,6
57159,1,5
57164,1,5
57169,0,5
57174,0,5
57180,1,6
57185,1,5
57190,0,5
57195,0,5
57208,8,13
57208,3,0
57211,1,3
57216,0,5
57221,0,5
57227,1,6
57232,1,5
57237,0,5
57243,1,6
57248,1,5
57253,1,5
57258,0,5
57263,0,5
57269,1,6
57274,1,5
57279,1,5
57286,2,7
57291,2,5
57296,1,5
57301,1,5
57307,2,6
57312,1,5
57317,1,5
57322,1,5
57327,0,5
57336,2,9
57340,0,4
57345,0,5
57351,1,6
57356,1,5
57361,0,5
57366,0,5
57371,0,5
57377,1,6
57382,1,5
57387,0,5
57392,0,5
57397,0,5
57403,1,6
57408,1,5
57413,1,5
57418,0,5
57423,0,5
57429,1,6
57434,1,5
57440,1,6
57444,0,4
57450,1,6
57455,1,5
57460,1,5
57465,0,5
57470,0,5
57476,1,6
57481,1,5
57486,1,5
57491,0,5
57496,0,5
57502,1,6
57507,1,5
57512,1,5
57517,1,5
57522,0,5
57527,0,5
57533,1,6
57538,1,5
57543,1,5
57548,0,5
57553,0,5
57559,1,6
57564,1,5
57569,0,5
57574,0,5
57579,0,5
57585,1,6
57590,1,5
57595,1,5
57600,0,5
57605,0,5
57611,1,6
57616,1,5
57621,1,5
57626,0,5
57631,0,5
57637,1,6
57642,1,5
57647,0,5
57652,0,5
57657,0,5
57663,1,6
57668,1,5
57674,1,6
57679,1,5
57684,1,5
57690,1,6
57695,1,5
57700,0,5
57705,0,5
57711,1,6
57716,1,5
57721,0,5
57727,1,6
57732,1,5
57737,1,5
57743,1,6
57748,0,5
57754,1,6
57759,1,5
57764,0,5
57770,1,6
57775,1,5
57780,0,5
57786,1,6
57791,1,5
57796,0,5
57802,1,6
57807,1,5
57812,0,5
57818,1,6
57823,1,5
57828,0,5
57834,1,6
57840,2,6
57845,1,5
57850,1,5
57855,0,5
57860,0,5
57866,1,6
57871,1,5
57876,0,5
57882,1,6
57887,1,5
57892,0,5
57898,1,6
57903,1,5
57908,0,5
57913,0,5
57918,0,5
57924,1,6
57929,0,5
57934,0,5
57940,1,6
57945,1,5
57950,0,5
57956,1,6
57961,1,5
57966,0,5
57971,0,5
57977,1,6
57982,1,5
57988,1,6
57993,1,5
57999,1,6
58004,1,5
58010,1,6
58015,0,5
58020,0,5
58026,1,6
58031,0,5
58037,0,6
58043,0,6
58049,1,6
58054,0,5
58060,1,6
58066,1,6
58072,1,6
58078,1,6
58084,1,6
58090,1,6
58095,0,5
58101,0,6
58107,0,6
58113,1,6
58118,0,5
58124,1,6
58129,0,5
58135,0,6
58141,1,6
58147,1,6
58152,0,5
58158,1,6
58164,1,6
58170,1,6
58175,0,5
58181,1,6
58187,1,6
58192,0,5
58198,1,6
58203,0,5
58209,0,6
58215,1,6
58220,0,5
58227,1,7
58233,1,6
58238,0,5
58244,0,6
58250,0,6
58256,1,6
58262,1,6
58267,0,5
58273,0,6
58279,0,6
58286,1,7
58292,1,6
58298,1,6
58304,1,6
58310,1,6
58316,1,6
58322,1,6
58328,1,6
58334,1,6
58340,1,6
58346,1,6
58352,1,6
58358,1,6
58364,1,6
58370,1,6
58376,1,6
58382,1,6
58388,1,6
58394,1,6
58400,1,6
58416,1,16
58422,1,6
58428,1,6
58434,1,6
58440,1,6
58446,1,6
58452,1,6
58458,1,6
58463,0,5
58469,1,6
58475,0,6
58481,1,6
58487,1,6
58493,1,6
58499,1,6
58505,1,6
58512,2,7
58518,1,6
58525,2,7
58531,1,6
58537,1,6
58543,1,6
58549,1,6
58555,1,6
58562,1,7
58568,1,6
58574,1,6
58581,1,7
58587,1,6
58593,1,6
58600,2,7
58606,1,6
58612,1,6
58619,1,7
58625,1,6
58631,1,6
58637,1,6
58643,1,6
58649,1,6
58655,0,6
58661,1,6
58667,1,6
58674,1,7
58680,1,6
58686,1,6
58693,2,7
58699,1,6
58706,1,7
58712,1,6
58718,1,6
58724,1,6
58730,1,6
58737,1,7
58744,2,7
58751,2,7
58757,1,6
58763,1,6
58769,1,6
58775,1,6
58781,1,6
58787,1,6
58793,1,6
58800,1,7
58806,1,6
58812,1,6
58819,1,7
58825,1,6
58831,1,6
58837,1,6
58843,0,6
58850,1,7
58856,1,6
58862,1,6
58868,1,6
58873,0,5
58879,1,6
58885,1,6
58892,1,7
58898,1,6
58905,2,7
58911,1,6
58917,1,6
58923,1,6
58929,1,6
58935,1,6
58942,1,7
58948,1,6
58954,1,6
58959,0,5
58965,1,6
58971,0,6
58976,0,5
58982,1,6
58987,1,5
58992,0,5
58997,0,5
59003,1,6
59008,1,5
59013,0,5
59019,0,6
59025,1,6
59030,1,5
59035,0,5
59041,1,6
59046,0,5
59052,1,6
59057,1,5
59062,0,5
59067,0,5
59073,1,6
59078,1,5
59084,1,6
59089,1,5
59094,1,5
59100,1,6
59105,1,5
59110,1,5
59116,1,6
59121,1,5
59126,0,5
59132,1,6
59137,1,5
59142,0,5
59148,1,6
59153,1,5
59158,0,5
59164,1,6
59169,1,5
59174,0,5
59179,0,5
59185,1,6
59190,1,5
59195,0,5
59201,1,6
59206,1,5
59211,0,5
59217,1,6
59222,1,5
59227,0,5
59233,1,6
59238,1,5
59243,0,5
59249,1,6
59254,1,5
59259,0,5
59265,1,6
59270,1,5
59275,1,5
59280,0,5
59286,1,6
59291,1,5
59296,0,5
59301,0,5
59307,1,6
59312,1,5
59317,0,5
59323,1,6
59328,1,5
59333,1,5
59338,0,5
59344,1,6
59349,1,5
59355,1,6
59361,2,6
59365,0,4
59371,1,6
59377,1,6
59383,1,6
59389,1,6
59394,0,5
59400,1,6
59405,0,5
59411,0,6
59417,1,6
59422,0,5
59428,1,6
59434,1,6
59440,1,6
59445,0,5
59452,1,7
59457,0,5
59463,0,6
59469,0,6
59475,1,6
59481,0,6
59487,0,6
59493,0,6
59499,1,6
59505,1,6
59510,0,5
59516,1,6
59521,0,5
59527,0,6
59533,1,6
59539,1,6
59544,0,5
59550,1,6
59556,1,6
59562,1,6
59568,1,6
59573,0,5
59579,1,6
59586,1,7
59591,0,5
59597,1,6
59603,1,6
59608,0,5
59614,1,6
59620,1,6
59625,0,5
59631,0,6
59637,1,6
59643,1,6
59648,0,5
59654,0,6
59660,1,6
59665,0,5
59671,1,6
59677,1,6
59683,1,6
59690,2,7
59697,1,7
59703,1,6
59709,1,6
59715,1,6
59721,0,6
59728,1,7
59734,1,6
59740,1,6
59746,1,6
59752,1,6
59758,1,6
59764,1,6
59770,1,6
59776,1,6
59782,1,6
59788,0,6
59795,1,7
59801,1,6
59807,1,6
59813,1,6
59819,1,6
59824,0,5
59830,0,6
59836,1,6
59842,1,6
59847,0,5
59853,0,6
59859,1,6
59864,0,5
59870,0,6
59876,1,6
59884,1,8
59890,0,6
59897,1,7
59903,1,6
59909,1,6
59915,1,6
59921,1,6
59928,1,7
59934,1,6
59941,2,7
59947,1,6
59953,0,6
59960,1,7
59966,1,6
59972,1,6
59978,1,6
59985,1,7
59992,2,7
59998,1,6
60005,1,7
60012,1,7
60018,1,6
60024,1,6
60030,1,6
60038,1,8
60044,2,6
60049,1,5
60055,1,6
60061,2,6
60066,1,5
60072,1,6
60077,1,5
60083,2,6
60088,1,5
60094,2,6
60100,2,6
60105,1,5
60110,1,5
60116,1,6
60121,1,5
60126,0,5
60132,1,6
60137,1,5
60142,0,5
60148,1,6
60153,1,5
60159,1,6
60165,2,6
60170,1,5
60176,2,6
60181,1,5
60187,2,6
60192,1,5
60198,1,6
60203,1,5
60209,1,6
60214,1,5
60219,0,5
60227,1,8
60232,1,5
60238,1,6
60243,1,5
60248,0,5
60253,0,5
60259,1,6
60264,1,5
60269,0,5
60274,0,5
60280,1,6
60285,1,5
60290,0,5
60296,1,6
60301,1,5
60306,0,5
60311,0,5
60317,1,6
60323,1,6
60329,1,6
60334,0,5
60340,0,6
60346,1,6
60352,1,6
60358,1,6
60363,0,5
60369,0,6
60375,1,6
60381,1,6
60387,1,6
60392,0,5
60398,0,6
60404,1,6
60410,1,6
60416,1,6
60422,1,6
60427,0,5
60433,1,6
60439,1,6
60445,1,6
60451,1,6
60457,1,6
60463,1,6
60469,1,6
60475,1,6
60480,0,5
60486,0,6
60492,1,6
60497,0,5
60503,0,6
60509,1,6
60514,0,5
60520,1,6
60526,1,6
60532,1,6
60538,1,6
60544,1,6
60550,1,6
60556,1,6
60562,1,6
60568,0,6
60574,0,6
60581,1,7
60586,0,5
60592,0,6
60598,0,6
60604,0,6
60610,1,6
60616,1,6
60622,1,6
60628,1,6
60633,0,5
