time (ms)
0
17
29
42
54
66
79
91
103
116
128
141
153
165
181
193
204
216
227
241
253
265
276
287
299
310
322
334
346
359
372
386
398
410
422
434
446
457
469
482
494
506
518
529
541
553
566
577
590
602
614
626
637
648
660
672
683
695
706
718
730
742
753
766
777
790
801
812
823
834
846
858
870
881
892
903
914
926
937
948
961
972
985
997
1012
1025
1036
1047
1062
1073
1085
1096
1108
1119
1132
1144
1157
1169
1180
1193
1204
1215
1226
1238
1249
1261
1272
1284
1295
1307
1318
1330
1346
1357
1369
1381
1394
1405
1417
1430
1442
1454
1466
1479
1491
1504
1518
1530
1541
1552
1563
1574
1585
1596
1607
1618
1630
1641
1651
1664
1675
1685
1697
1708
1720
1731
1743
1755
1766
1777
1788
1800
1811
1822
1833
1844
1856
1867
1881
1892
1903
1914
1926
1936
1948
1959
1970
1981
1992
2004
2015
2027
2038
2049
2060
2071
2082
2093
2104
2115
2126
2137
2149
2160
2172
2183
2195
2207
2219
2230
2241
2260
2274
2285
2296
2308
2319
2330
2340
2351
2361
2371
2382
2392
2402
2413
2423
2434
2444
2454
2465
2476
2487
2498
2509
2520
2531
2542
2558
2569
2579
2590
2601
2614
2625
2636
2647
2657
2668
2679
2690
2701
2712
2722
2733
2744
2756
2770
2781
2792
2803
2814
2825
2837
2850
2861
2873
2884
2899
2911
2924
2938
2951
2964
2975
2989
3001
3013
3024
3035
3047
3058
3069
3080
3092
3103
3114
3125
3136
3148
3159
3171
3182
3193
3205
3216
3227
3239
3250
3260
3271
3283
3294
3305
3316
3328
3338
3349
3360
3371
3382
3393
3404
3415
3426
3436
3447
3461
3473
3483
3495
3509
3520
3532
3543
3554
3565
3576
3587
3598
3609
3620
3631
3642
3653
3664
3675
3686
3697
3714
3725
3736
3747
3758
3769
3785
3796
3807
3818
3832
3843
3854
3864
3875
3886
3897
3908
3919
3930
3941
3952
3963
3974
3984
3995
4008
4019
4029
4040
4051
4062
4073
4083
4094
4105
4116
4127
4138
4149
4160
4171
4182
4193
4204
4215
4226
4237
4248
4259
4270
4281
4293
4305
4315
4327
4338
4349
4362
4374
4390
4402
4413
4424
4450
4468
4481
4492
4503
4514
4525
4536
4547
4558
4569
4580
4590
4601
4612
4623
4634
4646
4656
4667
4678
4689
4700
4710
4721
4732
4742
4753
4764
4775
4785
4796
4807
4818
4829
4839
4850
4861
4871
4883
4895
4906
4916
4928
4939
4949
4960
4971
4987
4998
5009
5020
5031
5042
5053
5065
5076
5087
5098
5109
5120
5131
5142
5153
5164
5175
5185
5196
5207
5218
5230
5241
5252
5264
5275
5287
5298
5310
5321
5333
5344
5355
5367
5379
5390
5402
5413
5424
5436
5447
5458
5470
5482
5493
5504
5515
5527
5538
5550
5561
5572
5583
5598
5609
5620
5632
5643
5654
5665
5676
5688
5699
5710
5721
5733
5744
5755
5766
5777
5789
5800
5810
5823
5836
5847
5860
5871
5882
5901
5913
5925
5936
5947
5958
5970
5981
5992
6003
6014
6025
6036
6047
6059
6070
6082
6093
6104
6115
6127
6138
6149
6160
6171
6182
6193
6204
6215
6226
6237
6248
6262
6273
6284
6295
6306
6317
6328
6339
6350
6361
6372
6383
6394
6405
6415
6426
6437
6449
6460
6471
6482
6493
6504
6515
6526
6537
6549
6560
6571
6582
6593
6603
6614
6625
6636
6647
6658
6669
6680
6691
6702
6713
6724
6735
6746
6757
6768
6779
6790
6801
6812
6824
6835
6846
6861
6873
6884
6895
6906
6916
6927
6938
6949
6960
6970
6981
6992
7003
7013
7024
7035
7045
7056
7067
7078
7088
7099
7110
7120
7138
7149
7160
7171
7182
7193
7203
7214
7225
7236
7248
7259
7270
7282
7294
7305
7317
7336
7346
7357
7367
7378
7388
7399
7409
7420
7430
7441
7451
7462
7473
7485
7496
7507
7518
7529
7541
7552
7563
7575
7586
7598
7609
7620
7639
7650
7661
7673
7684
7695
7706
7717
7728
7739
7750
7761
7772
7783
7793
7805
7816
7828
7839
7850
7861
7873
7884
7895
7906
7917
7929
7940
7950
7961
7972
7983
7994
8005
8016
8028
8043
8055
8066
8078
8089
8100
8111
8122
8133
8144
8155
8166
8176
8187
8199
8210
8221
8231
8242
8253
8264
8274
8285
8297
8308
8319
8330
8341
8352
8363
8374
8385
8396
8406
8417
8428
8440
8451
8462
8472
8483
8494
8505
8515
8526
8537
8548
8558
8569
8580
8591
8602
8613
8624
8635
8646
8657
8668
8679
8690
8701
8711
8722
8733
8744
8758
8770
8781
8791
8806
8817
8827
8838
8849
8860
8871
8882
8893
8903
8914
8925
8936
8947
8957
8968
8979
8990
9001
9012
9023
9034
9045
9055
9066
9077
9088
9099
9109
9120
9131
9142
9153
9164
9174
9185
9196
9212
9222
9232
9242
9253
9263
9273
9284
9294
9304
9314
9325
9335
9345
9356
9366
9377
9387
9398
9408
9419
9430
9440
9451
9461
9472
9483
9494
9504
9515
9525
9536
9547
9558
9569
9580
9591
9602
9613
9623
9635
9646
9657
9668
9679
9690
9701
9712
9723
9734
9745
9757
9768
9779
9794
9805
9816
9827
9838
9850
9861
9872
9883
9894
9905
9916
9927
9938
9949
9960
9971
9982
9993
10004
10016
10028
10039
10050
10061
10072
10083
10095
10106
10117
10128
10139
10151
10162
10173
10184
10195
10206
10218
10231
10246
10257
10268
10280
10291
10302
10313
10324
10335
10346
10358
10369
10381
10394
10408
10422
10435
10448
10462
10475
10488
10500
10513
10525
10537
10550
10566
10583
10596
10609
10621
10634
10647
10659
10672
10685
10698
10712
10725
10739
10752
10765
10777
10789
10800
10811
10821
10833
10844
10854
10865
10876
10887
10898
10909
10920
10931
10942
10953
10964
10975
10986
10997
11008
11019
11031
11042
11053
11067
11078
11089
11100
11111
11122
11132
11143
11154
11165
11177
11188
11199
11210
11221
11232
11243
11254
11265
11276
11287
11299
11310
11320
11332
11343
11356
11368
11381
11393
11406
11418
11430
11442
11454
11465
11477
11488
11500
11511
11522
11534
11551
11562
11574
11585
11597
11608
11620
11631
11646
11658
11669
11681
11693
11704
11716
11728
11740
11751
11763
11775
11787
11799
11811
11822
11834
11845
11856
11866
11877
11888
11898
11909
11920
11930
11941
11952
11963
11973
11984
11995
12006
12017
12027
12038
12049
12060
12070
12081
12092
12102
12113
12124
12135
12146
12157
12168
12179
12190
12201
12211
12222
12233
12247
12258
12268
12279
12289
12300
12311
12322
12332
12348
12358
12368
12379
12389
12399
12409
12420
12430
12440
12451
12461
12471
12481
12492
12502
12512
12523
12533
12543
12554
12564
12574
12585
12596
12606
12617
12628
12640
12651
12662
12673
12684
12695
12706
12717
12728
12739
12750
12761
12771
12782
12793
12805
12817
12827
12838
12854
12865
12876
12887
12898
12909
12920
12931
12942
12953
12964
12975
12986
12997
13008
13019
13030
13041
13052
13063
13074
13085
13096
13110
13121
13132
13143
13154
13165
13176
13187
13198
13208
13222
13233
13244
13254
13265
13276
13287
13298
13309
13320
13330
13341
13352
13363
13374
13385
13397
13408
13419
13430
13441
13452
13463
13474
13485
13496
13507
13518
13528
13539
13550
13561
13572
13583
13594
13604
13615
13626
13637
13648
13659
13670
13681
13692
13703
13714
13725
13735
13746
13757
13768
13779
13790
13801
13813
13824
13834
13845
13856
13866
13877
13888
13899
13909
13920
13931
13941
13955
13966
13976
13987
13998
14009
14019
14030
14041
14052
14063
14074
14085
14096
14107
14117
14129
14139
14150
14161
14172
14182
14193
14203
14214
14225
14235
14246
14257
14267
14278
14289
14299
14310
14321
14331
14342
14353
14363
14374
14385
14396
14406
14417
14428
14439
14450
14461
14472
14483
14494
14505
14518
14529
14540
14552
14563
14573
14584
14596
14613
14624
14635
14646
14657
14668
14679
14690
14701
14712
14723
14735
14746
14758
14769
14780
14793
14804
14815
14826
14837
14854
14865
14876
14887
14898
14909
14920
14935
14946
14957
14968
14980
14991
15002
15013
15024
15036
15051
15062
15073
15085
15096
15106
15117
15130
15141
15152
15163
15174
15185
15195
15206
15218
15229
15240
15251
15262
15272
15283
15294
15305
15316
15328
15339
15352
15364
15376
15389
15401
15412
15424
15436
15448
15460
15471
15483
15494
15506
15518
15530
15542
15554
15565
15577
15589
15601
15613
15627
15640
15652
15665
15677
15690
15702
15714
15727
15738
15750
15762
15773
15785
15797
15809
15821
15833
15844
15855
15866
15878
15890
15901
15914
15926
15939
15951
15962
15974
15987
15998
16010
16022
16034
16046
16057
16069
16081
16093
16106
16122
16135
16147
16158
16170
16182
16194
16206
16218
16230
16243
16255
16266
16278
16290
16302
16314
16326
16338
16350
16363
16375
16388
16400
16411
16424
16436
16449
16462
16475
16487
16500
16512
16523
16535
16547
16558
16569
16581
16594
16606
16619
16631
16643
16655
16666
16677
16688
16699
16710
16721
16732
16744
16755
16766
16777
16788
16799
16810
16821
16832
16843
16854
16865
16876
16886
16897
16908
16919
16931
16942
16953
16964
16975
16986
16997
17008
17019
17030
17041
17051
17062
17073
17084
17094
17105
17116
17126
17137
17148
17159
17170
17181
17191
17202
17213
17224
17235
17247
17258
17269
17280
17291
17303
17314
17325
17335
17346
17357
17367
17377
17388
17398
17408
17419
17430
17442
17458
17469
17480
17491
17502
17513
17524
17536
17547
17558
17569
17580
17592
17603
17614
17625
17636
17647
17658
17669
17680
17691
17702
17713
17724
17735
17746
17757
17768
17779
17790
17805
17816
17827
17838
17849
17860
17871
17882
17893
17904
17914
17926
17937
17948
17959
17970
17981
17992
18004
18014
18025
18036
18047
18057
18068
18079
18089
18100
18111
18122
18132
18143
18154
18164
18177
18188
18198
18209
18220
18231
18242
18253
18263
18274
18285
18296
18307
18318
18329
18340
18351
18362
18373
18384
18395
18406
18417
18428
18440
18451
18463
18474
18485
18496
18508
18519
18530
18541
18552
18566
18578
18589
18600
18611
18622
18633
18644
18655
18666
18677
18689
18700
18711
18722
18733
18744
18756
18767
18779
18790
18801
18812
18824
18835
18847
18858
18870
18881
18893
18904
18916
18927
18938
18948
18960
18971
18983
18994
19004
19015
19026
19037
19048
19059
19070
19081
19092
19103
19114
19125
19136
19147
19158
19170
19181
19192
19203
19215
19225
19236
19247
19258
19269
19280
19291
19301
19311
19321
19331
19342
19352
19362
19373
19389
19400
19411
19421
19432
19443
19454
19464
19475
19486
19497
19508
19518
19530
19540
19551
19562
19573
19584
19596
19607
19618
19629
19641
19652
19663
19674
19686
19697
19708
19720
19731
19742
19753
19764
19775
19785
19796
19809
19819
19830
19841
19852
19863
19873
19891
19902
19913
19924
19935
19946
19957
19968
19979
19990
20001
20012
20022
20033
20044
20055
20066
20076
20087
20098
20109
20120
20131
20143
20154
20165
20176
20187
20198
20214
20225
20236
20250
20261
20274
20285
20296
20307
20318
20329
20340
20352
20365
20377
20390
20402
20414
20426
20438
20450
20461
20474
20486
20499
20511
20523
20535
20547
20559
20572
20583
20595
20606
20618
20629
20641
20652
20664
20675
20687
20699
20711
20722
20735
20747
20759
20772
20784
20802
20814
20825
20837
20848
20860
20871
20882
20893
20904
20915
20926
20938
20949
20960
20971
20982
20993
21003
21014
21025
21036
21048
21059
21070
21083
21094
21105
21116
21127
21138
21149
21160
21171
21182
21193
21205
21216
21227
21238
21249
21260
21271
21283
21294
21305
21317
21328
21340
21351
21362
21374
21385
21396
21407
21419
21430
21442
21453
21464
21475
21486
21497
21508
21519
21530
21541
21552
21563
21574
21586
21597
21608
21619
21630
21641
21652
21663
21674
21684
21695
21707
21718
21729
21740
21751
21762
21773
21784
21795
21807
21817
21828
21840
21851
21861
21872
21883
21894
21904
21915
21927
21938
21949
21960
21972
21983
21994
22005
22016
22027
22039
22050
22062
22073
22085
22098
22110
22122
22135
22147
22160
22173
22185
22198
22211
22223
22235
22248
22260
22273
22286
22299
22311
22325
22337
22350
22364
22375
22385
22396
22406
22416
22427
22437
22447
22458
22468
22478
22489
22499
22509
22520
22531
22541
22552
22562
22573
22583
22595
22606
22617
22628
22639
22650
22661
22672
22683
22694
22705
22717
22728
22739
22750
22760
22771
22782
22794
22805
22816
22827
22838
22849
22860
22871
22882
22893
22904
22915
22926
22937
22948
22959
22970
22981
22992
23002
23013
23025
23036
23046
23057
23068
23079
23089
23100
23111
23122
23133
23143
23154
23165
23176
23186
23197
23208
23218
23229
23240
23251
23261
23272
23283
23293
23304
23315
23325
23336
23347
23359
23370
23382
23393
23404
23415
23427
23438
23450
23461
23473
23484
23496
23507
23519
23530
23542
23553
23565
23577
23589
23601
23614
23627
23640
23652
23664
23676
23688
23700
23712
23724
23737
23748
23760
23772
23784
23795
23807
23819
23832
23844
23859
23871
23883
23895
23906
23918
23930
23942
23954
23966
23978
23990
24003
24015
24028
24039
24051
24063
24075
24087
24099
24111
24123
24135
24147
24159
24171
24182
24199
24211
24222
24234
24245
24257
24268
24280
24291
24303
24315
24326
24338
24350
24362
24373
24384
24395
24407
24418
24430
24441
24452
24464
24475
24486
24498
24509
24520
24531
24542
24553
24564
24576
24587
24598
24609
24620
24631
24642
24653
24665
24682
24693
24704
24715
24726
24738
24749
24760
24771
24782
24793
24804
24815
24826
24837
24848
24859
24870
24881
24891
24903
24914
24925
24936
24947
24958
24969
24980
24991
25002
25013
25024
25035
25046
25058
25069
25080
25091
25102
25113
25123
25134
25146
25157
25168
25179
25191
25202
25213
25224
25235
25246
25256
25267
25278
25289
25300
25310
25321
25332
25343
25354
25365
25377
25388
25400
25411
25423
25434
25445
25456
25467
25478
25488
25500
25511
25522
25533
25544
25555
25565
25577
25588
25599
25610
25622
25633
25644
25655
25667
25678
25689
25701
25712
25723
25734
25745
25756
25767
25778
25789
25801
25812
25822
25834
25845
25856
25867
25879
25890
25901
25912
25923
25935
25946
25957
25968
25979
25990
26001
26013
26024
26035
26046
26057
26068
26079
26090
26101
26113
26124
26135
26146
26157
26169
26180
26191
26202
26213
26224
26235
26246
26257
26268
26279
26290
26301
26312
26323
26334
26345
26355
26366
26377
26388
26399
26410
26421
26432
26443
26454
26465
26476
26487
26498
26509
26520
26531
26542
26553
26564
26575
26586
26597
26608
26619
26630
26641
26652
26664
26675
26686
26698
26709
26720
26731
26742
26753
26764
26775
26786
26798
26809
26819
26831
26842
26853
26864
26875
26885
26896
26907
26918
26929
26940
26951
26962
26973
26984
26995
27006
27018
27029
27040
27050
27061
27072
27082
27093
27104
27114
27126
27137
27148
27158
27169
27180
27191
27202
27213
27224
27235
27245
27256
27267
27278
27289
27299
27310
27321
27332
27343
27354
27365
27376
27387
27397
27407
27418
27428
27439
27449
27459
27470
27480
27491
27501
27512
27522
27532
27543
27553
27565
27576
27586
27597
27608
27619
27630
27641
27652
27662
27673
27684
27695
27706
27717
27728
27739
27750
27766
27777
27787
27798
27809
27820
27831
27843
27854
27865
27876
27886
27897
27908
27918
27929
27940
27951
27961
27973
27983
27995
28005
28016
28027
28038
28049
28060
28071
28082
28094
28104
28115
28127
28137
28148
28160
28171
28182
28193
28204
28215
28226
28238
28249
28260
28271
28282
28293
28304
28315
28326
28337
28348
28359
28370
28381
28392
28403
28414
28425
28436
28447
28457
28468
28479
28490
28500
28511
28522
28533
28544
28554
28565
28576
28587
28598
28608
28619
28630
28641
28652
28663
28674
28685
28696
28706
28717
28728
28739
28749
28760
28771
28781
28792
28803
28813
28824
28835
28845
28856
28867
28877
28888
28899
28918
28930
28940
28951
28962
28973
28984
28996
29007
29017
29029
29039
29050
29061
29071
29082
29093
29104
29115
29126
29137
29148
29158
29169
29180
29191
29201
29212
29223
29234
29245
29256
29267
29278
29289
29300
29311
29322
29333
29344
29355
29366
29376
29387
29397
29407
29418
29428
29438
29453
29464
29474
29485
29496
29506
29517
29528
29539
29549
29560
29571
29582
29592
29603
29613
29624
29635
29650
29660
29671
29682
29693
29703
29714
29725
29736
29747
29758
29769
29780
29791
29802
29812
29823
29834
29846
29857
29868
29879
29890
29901
29912
29923
29934
29945
29956
29966
29979
29990
30001
30012
30023
30034
30044
30055
30066
30077
30087
30098
30109
30120
30130
30141
30152
30162
30174
30184
30195
30206
30216
30231
30242
30253
30265
30276
30287
30299
30310
30321
30334
30345
30357
30367
30378
30390
30402
30413
30424
30435
30446
30457
30468
30479
30489
30500
30511
30522
30533
30543
30554
30565
30576
30587
30598
30609
30619
30630
30641
30652
30663
30674
30685
30695
30706
30717
30728
30739
30750
30761
30772
30783
30794
30804
30815
30827
30838
30849
30860
30871
30882
30893
30904
30915
30925
30936
30947
30958
30969
30983
30994
31005
31017
31037
31050
31061
31072
31083
31094
31105
31116
31127
31139
31149
31160
31171
31182
31193
31204
31215
31226
31237
31249
31260
31271
31282
31293
31304
31315
31326
31338
31351
31363
31375
31387
31399
31412
31424
31436
31448
31459
31471
31482
31494
31505
31516
31528
31539
31551
31564
31576
31587
31599
31610
31622
31633
31645
31657
31668
31680
31692
31704
31716
31728
31739
31751
31763
31782
31794
31805
31817
31829
31841
31852
31863
31874
31885
31896
31907
31918
31929
31940
31951
31962
31974
31985
31996
32007
32018
32029
32039
32050
32061
32072
32083
32094
32106
32117
32128
32140
32151
32162
32173
32183
32194
32205
32216
32227
32238
32248
32259
32271
32282
32293
32304
32315
32326
32337
32347
32358
32369
32380
32392
32402
32412
32423
32433
32443
32454
32464
32474
32485
32495
32506
32516
32527
32537
32547
32558
32568
32579
32589
32599
32610
32621
32632
32643
32653
32664
32675
32685
32696
32707
32718
32729
32739
32750
32761
32772
32783
32794
32805
32816
32827
32838
32849
32859
32871
32882
32893
32904
32915
32927
32938
32949
32961
32972
32983
32994
33005
33016
33027
33038
33049
33060
33071
33082
33093
33104
33115
33126
33137
33148
33159
33170
33181
33192
33203
33213
33224
33235
33246
33257
33267
33278
33289
33300
33311
33323
33334
33347
33359
33372
33385
33398
33410
33423
33436
33449
33463
33476
33488
33500
33512
33524
33536
33549
33561
33573
33585
33598
33609
33621
33633
33644
33655
33667
33678
33689
33701
33712
33723
33735
33747
33758
33770
33782
33794
33805
33817
33829
33841
33852
33863
33874
33885
33897
33908
33919
33931
33942
33953
33965
33976
33988
33999
34010
34021
34033
34044
34055
34066
34077
34088
34099
34110
34122
34132
34144
34155
34166
34177
34188
34199
34210
34221
34232
34244
34255
34266
34277
34288
34299
34311
34322
34333
34345
34356
34367
34378
34389
34400
34412
34423
34434
34445
34456
34467
34478
34489
34499
34511
34522
34533
34544
34556
34567
34578
34589
34600
34611
34622
34634
34645
34656
34667
34678
34689
34701
34712
34723
34734
34745
34756
34767
34778
34789
34801
34812
34823
34835
34846
34857
34868
34880
34891
34902
34913
34925
34936
34947
34959
34971
34982
34993
35004
35015
35026
35037
35049
35060
35071
35082
35094
35105
35116
35128
35139
35150
35162
35173
35184
35196
35207
35218
35230
35241
35252
35263
35274
35285
35297
35308
35319
35330
35341
35353
35364
35376
35387
35399
35410
35422
35433
35444
35455
35466
35478
35488
35499
35510
35521
35532
35543
35554
35566
35577
35588
35600
35611
35622
35633
35644
35655
35666
35677
35688
35699
35710
35721
35732
35742
35753
35764
35775
35786
35797
35808
35819
35830
35841
35855
35866
35877
35888
35899
35910
35921
35932
35943
35955
35965
35976
35987
35998
36009
36020
36032
36043
36054
36065
36079
36092
36103
36114
36125
36136
36147
36158
36169
36180
36192
36203
36214
36226
36237
36248
36259
36270
36281
36292
36303
36314
36325
36336
36347
36359
36370
36381
36393
36404
36415
36427
36438
36449
36460
36471
36482
36493
36504
36514
36525
36536
36547
36558
36569
36580
36591
36602
36613
36625
36638
36649
36660
36673
36686
36699
36712
36723
36734
36746
36757
36768
36780
36791
36807
36822
36833
36844
36856
36867
36878
36889
36900
36911
36922
36933
36944
36955
36966
36977
36988
36999
37010
37021
37032
37043
37053
37064
37074
37085
37096
37107
37121
37132
37143
37154
37165
37176
37188
37199
37210
37221
37232
37243
37254
37265
37276
37287
37298
37310
37320
37332
37343
37354
37365
37376
37387
37400
37410
37420
37431
37441
37451
37461
37472
37482
37492
37503
37513
37524
37535
37546
37557
37569
37580
37590
37602
37613
37624
37635
37646
37657
37668
37679
37690
37701
37712
37723
37735
37746
37757
37768
37779
37790
37801
37812
37823
37834
37845
37856
37867
37878
37889
37900
37911
37922
37933
37944
37954
37965
37976
37986
37997
38007
38018
38029
38040
38051
38061
38072
38083
38093
38105
38115
38126
38137
38148
38158
38169
38180
38191
38202
38214
38228
38240
38252
38264
38276
38288
38300
38311
38323
38335
38347
38359
38371
38384
38396
38409
38421
38434
38447
38460
38472
38484
38496
38508
38520
38532
38545
38557
38569
38581
38595
38607
38620
38638
38649
38660
38671
38682
38693
38703
38714
38725
38736
38747
38757
38768
38780
38790
38801
38812
38824
38835
38847
38859
38871
38883
38894
38906
38918
38930
38942
38954
38971
38983
38995
39007
39020
39034
39046
39059
39071
39083
39096
39108
39120
39132
39146
39159
39171
39183
39195
39207
39219
39232
39244
39256
39270
39287
39299
39311
39324
39336
39347
39359
39370
39381
39393
39404
39415
39426
39437
39447
39457
39468
39478
39488
39498
39509
39519
39529
39540
39550
39560
39571
39581
39592
39602
39613
39623
39633
39644
39654
39664
39675
39685
39696
39707
39719
39730
39741
39752
39763
39774
39785
39796
39806
39817
39827
39838
39849
39860
39870
39881
39892
39903
39914
39925
39936
39948
39959
39971
39982
39993
40004
40015
40026
40037
40048
40059
40070
40081
40092
40104
40114
40125
40136
40147
40158
40169
40180
40192
40202
40213
40224
40235
40246
40257
40268
40279
40290
40301
40312
40323
40334
40345
40356
40367
40378
40389
40400
40411
40423
40434
40446
40457
40468
40480
40491
40503
40514
40526
40538
40550
40560
40571
40582
40593
40604
40615
40626
40637
40648
40659
40670
40681
40692
40703
40714
40725
40737
40748
40759
40770
40781
40792
40803
40813
40824
40835
40846
40857
40867
40878
40889
40900
40911
40922
40933
40944
40955
40965
40976
40987
40998
41008
41019
41030
41040
41051
41062
41073
41084
41095
41105
41117
41128
41139
41150
41161
41172
41183
41193
41204
41216
41227
41238
41249
41260
41271
41282
41294
41305
41316
41327
41338
41350
41361
41372
41383
41394
41405
41416
41428
41439
41450
41461
41472
41483
41494
41505
41516
41527
41538
41548
41559
41570
41581
41592
41603
41613
41624
41635
41646
41657
41668
41679
41689
41700
41711
41722
41732
41743
41754
41765
41776
41787
41798
41809
41820
41831
41842
41853
41864
41874
41885
41896
41907
41918
41928
41939
41950
41961
41971
41982
41993
42004
42015
42025
42036
42047
42058
42069
42080
42091
42101
42112
42123
42134
42146
42157
42168
42179
42190
42201
42212
42222
42233
42244
42255
42266
42277
42287
42298
42309
42320
42331
42342
42353
42364
42375
42386
42397
42408
42418
42428
42438
42449
42459
42469
42480
42490
42500
42511
42521
42532
42542
42552
42564
42574
42585
42595
42606
42616
42627
42637
42648
42659
42670
42680
42691
42702
42713
42723
42734
42745
42756
42767
42778
42789
42800
42811
42822
42833
42844
42855
42866
42877
42888
42899
42910
42921
42932
42943
42954
42965
42976
42987
42998
43010
43021
43032
43043
43054
43064
43076
43087
43098
43109
43120
43131
43141
43153
43164
43175
43187
43198
43209
43220
43232
43243
43253
43264
43275
43286
43297
43308
43319
43330
43341
43352
43363
43375
43386
43397
43408
43419
43430
43441
43452
43463
43474
43484
43496
43507
43518
43529
43539
43550
43562
43573
43584
43595
43606
43617
43628
43639
43650
43661
43672
43683
43694
43705
43715
43726
43737
43748
43760
43771
43782
43793
43804
43815
43826
43837
43848
43859
43870
43881
43892
43902
43913
43924
43935
43946
43957
43968
43979
43990
44001
44012
44023
44034
44046
44057
44068
44080
44091
44102
44113
44124
44135
44146
44157
44168
44179
44190
44201
44212
44224
44235
44246
44256
44267
44278
44289
44300
44311
44322
44333
44343
44354
44365
44376
44387
44398
44409
44420
44431
44442
44453
44464
44475
44486
44497
44508
44519
44530
44540
44551
44562
44573
44584
44595
44605
44616
44627
44638
44649
44661
44672
44683
44694
44705
44715
44726
44737
44748
44759
44771
44782
44793
44804
44815
44826
44837
44848
44859
44870
44881
44892
44902
44913
44924
44935
44946
44958
44969
44980
44991
45002
45013
45024
45035
45046
45056
45067
45078
45088
45099
45110
45121
45132
45142
45153
45164
45175
45186
45197
45208
45219
45230
45240
45251
45262
45273
45283
45294
45305
45316
45326
45337
45348
45359
45370
45382
45393
45404
45415
45426
45437
45448
45459
45470
45481
45492
45503
45514
45525
45537
45548
45559
45570
45581
45592
45602
45613
45624
45635
45646
45657
45668
45680
45691
45702
45713
45724
45735
45746
45757
45768
45779
45790
45801
45812
45823
45834
45846
45858
45870
45882
45894
45906
45918
45930
45942
45954
45965
45977
45989
46000
46015
46027
46039
46050
46062
46074
46086
46099
46111
46122
46134
46147
46159
46171
46184
46196
46208
46221
46234
46247
46259
46272
46284
46297
46309
46322
46334
46346
46358
46370
46382
46394
46406
46418
46430
46442
46454
46465
46477
46490
46502
46513
46525
46537
46549
46561
46573
46584
46596
46608
46619
46631
46643
46655
46666
46678
46691
46703
46715
46726
46738
46750
46761
46773
46784
46796
46808
46820
46833
46844
46855
46866
46877
46888
46900
46911
46922
46933
46944
46956
46967
46978
46989
46999
47010
47021
47032
47043
47055
47066
47077
47088
47099
47110
47121
47132
47143
47154
47165
47176
47187
47198
47209
47220
47231
47242
47253
47264
47276
47287
47298
47309
47320
47332
47343
47354
47365
47376
47387
47399
47410
47422
47432
47442
47453
47463
47473
47484
47494
47504
47515
47525
47536
47546
47557
47567
47577
47588
47598
47609
47619
47630
47640
47650
47661
47672
47683
47693
47704
47715
47726
47737
47748
47759
47771
47782
47793
47804
47815
47826
47838
47849
47860
47871
47882
47893
47904
47915
47927
47938
47949
47960
47970
47981
47992
48004
48015
48026
48036
48047
48058
48069
48080
48092
48103
48114
48126
48137
48149
48160
48171
48182
48194
48205
48216
48227
48238
48249
48260
48272
48283
48294
48305
48316
48328
48339
48354
48365
48376
48387
48398
48409
48420
48432
48443
48454
48466
48477
48488
48499
48510
48521
48532
48543
48554
48565
48576
48591
48602
48613
48625
48636
48647
48657
48668
48679
48690
48701
48712
48723
48734
48745
48756
48767
48778
48789
48800
48811
48822
48833
48844
48856
48867
48878
48890
48901
48913
48925
48936
48947
48958
48969
48980
48991
49003
49014
49025
49037
49048
49059
49070
49081
49097
49108
49119
49130
49142
49153
49164
49175
49186
49197
49208
49219
49230
49241
49252
49263
49274
49286
49297
49308
49319
49330
49341
49352
49364
49375
49386
49398
49409
49420
49431
49442
49453
49464
49475
49486
49504
49514
49524
49535
49545
49555
49565
49576
49586
49596
49606
49618
49629
49639
49649
49660
49670
49680
49691
49701
49712
49723
49734
49745
49756
49767
49778
49789
49800
49811
49822
49833
49845
49856
49867
49878
49889
49900
49910
49921
49932
49943
49954
49965
49976
49987
49998
50009
50020
50031
50042
50054
50065
50076
50087
50098
50109
50120
50131
50142
50153
50165
50176
50187
50198
50209
50220
50231
50243
50254
50265
50276
50287
50298
50310
50321
50332
50343
50354
50365
50376
50387
50398
50411
50423
50435
50447
50459
50471
50483
50495
50507
50520
50532
50544
50556
50569
50581
50593
50605
50617
50629
50641
50653
50665
50676
50689
50701
50714
50726
50738
50751
50763
50775
50787
50799
50812
50824
50836
50849
50862
50874
50887
50900
50912
50924
50936
50948
50961
50975
50995
51008
51020
51032
51046
51058
51071
51083
51097
51109
51122
51135
51147
51160
51172
51184
51197
51209
51220
51233
51245
51257
51268
51280
51292
51304
51316
51328
51341
51353
51364
51376
51387
51399
51410
51422
51433
51445
51457
51468
51480
51491
51503
51516
51527
51538
51549
51560
51571
51582
51593
51604
51615
51626
51637
51648
51659
51669
51680
51691
51702
51712
51723
51734
51745
51756
51766
51777
51788
51799
51810
51821
51832
51843
51854
51864
51875
51886
51896
51907
51918
51929
51940
51950
51961
51972
51983
51994
52006
52017
52029
52040
52051
52062
52073
52085
52096
52107
52118
52129
52140
52151
52162
52172
52183
52194
52204
52215
52226
52237
52248
52260
52271
52282
52293
52304
52315
52326
52337
52348
52359
52370
52381
52392
52403
52414
52426
52436
52447
52457
52467
52478
52488
52498
52509
52519
52530
52540
52550
52561
52571
52581
52592
52602
52612
52623
52633
52643
52654
52664
52675
52685
52696
52706
52717
52728
52739
52750
52761
52772
52783
52794
52805
52816
52827
52838
52849
52860
52871
52882
52893
52904
52915
52926
52937
52947
52958
52969
52980
52991
53002
53013
53024
53035
53046
53057
53068
53078
53089
53100
53111
53122
53133
53145
53156
53167
53177
53188
53199
53210
53220
53231
53242
53253
53263
53274
53285
53296
53306
53317
53328
53339
53349
53360
53371
53382
53393
53403
53414
53425
53436
53447
53457
53468
53479
53490
53501
53512
53523
53534
53545
53556
53567
53578
53589
53601
53612
53623
53634
53645
53656
53667
53678
53689
53701
53712
53723
53734
53745
53756
53767
53778
53789
53800
53811
53822
53833
53844
53855
53866
53877
53888
53898
53909
53920
53931
53942
53953
53963
53974
53985
53996
54007
54018
54029
54040
54051
54061
54072
54083
54094
54105
54117
54127
54138
54150
54161
54172
54183
54194
54205
54217
54227
54238
54249
54260
54271
54282
54293
54304
54315
54326
54337
54348
54359
54370
54381
54392
54403
54414
54426
54437
54448
54459
54470
54481
54492
54503
54514
54525
54536
54547
54558
54570
54581
54592
54603
54614
54626
54637
54648
54659
54671
54682
54693
54704
54715
54726
54738
54749
54760
54771
54781
54792
54803
54814
54825
54836
54847
54858
54869
54880
54891
54902
54913
54924
54935
54946
54956
54967
54978
54989
54999
55010
55021
55031
55042
55053
55064
55075
55085
55097
55107
55118
55130
55141
55151
55162
55173
55183
55194
55205
55216
55226
55237
55248
55258
55269
55280
55290
55301
55311
55322
55333
55343
55354
55365
55376
55386
55397
55409
55421
55433
55445
55456
55468
55480
55492
55504
55516
55528
55541
55553
55564
55578
55591
55602
55614
55626
55637
55650
55662
55674
55686
55698
55709
55720
55731
55742
55753
55764
55775
55786
55797
55808
55820
55831
55842
55853
55864
55874
55885
55896
55907
55917
55928
55939
55950
55960
55971
55982
55992
56003
56014
56024
56035
56045
56056
56067
56077
56088
56099
56109
56120
56131
56141
56152
56163
56174
56185
56196
56207
56218
56229
56239
56250
56261
56271
56282
56293
56304
56314
56325
56336
56347
56358
56370
56381
56392
56404
56415
56426
56438
56449
56460
56472
56483
56495
56506
56518
56530
56542
56554
56565
56579
56591
56603
56614
56626
56638
56650
56662
56674
56686
56699
56711
56724
56737
56749
56762
56775
56787
56799
56811
56823
56835
56847
56858
56869
56880
56891
56902
56913
56924
56935
56946
56957
56968
56979
56990
57000
57011
57022
57032
57043
57054
57064
57075
57086
57097
57108
57119
57130
57141
57151
57162
57173
57186
57196
57207
57218
57228
57239
57249
57260
57271
57282
57293
57303
57314
57325
57342
57353
57363
57374
57385
57396
57407
57418
57428
57444
57454
57464
57474
57485
57495
57505
57515
57525
57536
57546
57556
57566
57577
57587
57597
57607
57618
57628
57638
57649
57659
57669
57680
57690
57700
57711
57721
57733
57744
57755
57766
57778
57789
57800
57811
57822
57833
57845
57856
57867
57879
57890
57901
57912
57923
57934
57945
57957
57968
57979
57990
58001
58012
58024
58035
58046
58057
58068
58079
58090
58101
58112
58123
58134
58145
58156
58166
58178
58189
58200
58211
58222
58233
58244
58255
58266
58277
58288
58299
58311
58322
58333
58343
58354
58365
58377
58388
58399
58410
58422
58433
58444
58455
58466
58478
58489
58500
58511
58522
58533
58545
58556
58567
58578
58589
58601
58612
58623
58634
58645
58656
58667
58678
58689
58700
58711
58722
58733
58744
58755
58766
58777
58789
58800
58811
58822
58833
58844
58855
58867
58878
58889
58900
58911
58922
58933
58944
58954
58965
58976
58987
58998
59009
59020
59031
59042
59053
59064
59075
59086
59097
59108
59119
59130
59141
59152
59164
59175
59186
59197
59210
59221
59232
59243
59254
59265
59275
59286
59297
59308
59319
59330
59341
59354
59366
59378
59390
59402
59414
59425
59437
59449
59460
59472
59484
59496
59508
59519
59531
59543
59554
59570
59580
59591
59601
59612
59622
59632
59642
59653
59663
59673
59684
59694
59704
59715
59725
59735
59746
59756
59767
59777
59788
59798
59809
59819
59830
59841
59851
59861
59872
59882
59892
59903
59913
59923
59934
59944
59954
59965
59975
59986
59996
60006
60017
60027
60038
60049
60059
60070
60081
60091
60102
60112
60122
60133
60145
60157
60168
60179
60189
60200
60215
60226
60237
60248
60259
60270
60282
60294
60306
60317
60329
60340
60351
60362
60373
60384
60395
60407
60418
60430
60441
60452
60463
60474
60484
60495
60506
60517
60528
60539
60550
60561
60572
60583
60595
60606
60617
60628
60639
60650
60661
60672
60683
60694
60705
60716
60727
60738
60750
60761
60772
60783
60794
60805
60816
60827
60839
60850
60861
60872
60883
60894
60905
60916
60927
60938
60949
60960
60970
60981
60992
61003
61014
61025
61035
61046
61057
61068
61079
61090
61101
61112
61123
61134
61145
61156
61167
61178
61189
61200
61212
61223
61234
61245
61257
61268
61279
61290
61301
61312
61323
61334
61346
61357
61368
61379
61390
61401
61412
61423
61434
61446
61457
61468
61479
61490
61501
61512
61524
61535
61546
61558
61569
61580
61591
61602
61613
61624
61636
61647
61658
61669
61680
61691
61707
61722
61733
61744
61755
61766
61782
61793
61804
61815
61826
61837
61848
61859
61871
61882
61893
61904
61915
61926
61937
61948
61959
61970
61981
61992
62002
62013
62024
62035
62045
62056
62066
62077
62088
62099
62109
62120
62131
62142
62153
62164
62175
62186
62197
62208
62218
62230
62241
62251
62262
62274
62285
62296
62307
62318
62329
62340
62350
62361
62372
62383
62394
62405
62415
62426
62438
62452
62462
62472
62483
62493
62503
62514
62524
62534
62544
62555
62565
62575
62586
62596
62607
62617
62627
62638
62648
62658
62669
62679
62690
62700
62710
62721
62731
62741
62752
62762
62772
62783
62794
62805
62816
62827
62838
62848
62859
62870
62882
62893
62904
62915
62926
62937
62948
62959
62970
62981
62991
63002
63013
63025
63035
63046
63057
63068
63079
63090
63101
63111
63122
63133
63144
63155
63170
63181
63192
63202
63213
63224
63235
63246
63257
63267
63278
63289
63300
63310
63321
63332
63343
63354
63365
63376
63387
63398
63409
63421
63432
63443
63454
63466
63477
63488
63499
63510
63521
63532
63543
63554
63565
63576
63588
63599
63610
63621
63632
63643
63654
63665
63676
63686
63697
63708
63719
63731
63742
63753
63764
63775
63786
63796
63807
63818
63829
63840
63851
63862
63873
63884
63896
63907
63918
63928
63939
63950
63961
63972
63983
63994
64005
64016
64026
64037
64048
64059
64070
64081
64092
64103
64114
64124
64136
64147
64157
64168
64178
64188
64199
64209
64220
64230
64240
64251
64262
64274
64286
64297
64308
64319
64330
64341
64352
64362
64373
64384
64395
64406
64417
64428
64438
64449
64460
64470
64481
64492
64505
64515
64526
64537
64548
64559
64570
64580
64591
64602
64613
64624
64635
64646
64657
64668
64678
64689
64700
64711
64722
64734
64744
64755
64766
64777
64788
64799
64810
64821
64832
64843
64853
64864
64875
64885
64896
64907
64917
64928
64939
64950
64961
64972
64983
64993
65004
65015
65027
65038
65049
65060
65071
65082
65093
65104
65115
65126
65137
65148
65160
65171
65182
65193
65203
65214
65226
65237
65247
65258
65269
65280
65291
65302
65313
65324
65335
65346
65357
65368
65378
65389
65400
65412
65423
65434
65445
65456
65467
65478
65489
65500
65511
65522
65533
65544
65555
65567
65578
65589
65600
65611
65622
65633
65644
65655
65666
65677
65688
65699
65709
65720
65731
65741
65752
65763
65774
65785
65795
65806
65817
65828
65839
65850
65860
65871
65882
65893
65904
65914
65925
65936
65947
65958
65969
65980
65991
66002
66013
66024
66035
66046
66057
66068
66078
66089
66100
66111
66122
66133
66144
66155
66166
66176
66187
66198
66209
66220
66231
66242
66252
66263
66274
66285
66296
66306
66317
66328
66339
66350
66360
66371
66382
66393
66404
66415
66426
66437
66448
66459
66469
66480
66491
66501
66512
66523
66533
66544
66555
66566
66578
66589
66600
66611
66622
66633
66644
66655
66666
66677
66687
66698
66709
66719
66730
66741
66752
66762
66773
66784
66794
66805
66816
66827
66838
66848
66859
66870
66881
66892
66903
66914
66925
66936
66947
66957
66968
66979
66990
67000
67011
67022
67032
67043
67054
67064
67075
67085
67096
67107
67117
67128
67139
67149
67160
67171
67181
67192
67202
67213
67224
67234
67245
67256
67266
67277
67288
67298
67309
67319
67330
67341
67353
67364
67376
67388
67400
67411
67423
67434
67446
67464
67474
67485
67495
67505
67516
67526
67536
67547
67557
67568
67579
67589
67600
67611
67622
67632
67643
67654
67664
67675
67686
67697
67707
67718
67728
67741
67752
67763
67775
67787
67799
67811
67823
67835
67846
67857
67868
67879
67890
67901
67912
67923
67934
67945
67956
67967
67978
67989
68000
68011
68022
68033
68045
68056
68067
68078
68089
68100
68111
68122
68133
68144
68155
68166
68177
68188
68199
68209
68220
68231
68242
68253
68263
68274
68285
68296
68307
68317
68328
68338
68349
68360
68370
68381
68392
68402
68413
68424
68434
68445
68456
68467
68478
68488
68499
68511
68521
68532
68543
68553
68565
68575
68586
68597
68607
68618
68629
68640
68651
68662
68673
68684
68696
68707
68718
68729
68740
68751
68762
68772
68783
68793
68804
68815
68826
68837
68848
68859
68870
68881
68891
68902
68913
68923
68934
68945
68955
68966
68977
68987
68998
69009
69020
69030
69041
69052
69062
69073
69084
69095
69106
69117
69127
69138
69149
69160
69170
69181
69192
69203
69213
69224
69235
69245
69256
69267
69277
69288
69299
69309
69320
69331
69342
69353
69364
69376
69387
69399
69410
69422
69434
69445
69457
69468
69480
69491
69503
69514
69526
69538
69549
69561
69573
69584
69596
69608
69620
69632
69644
69656
69667
69679
69690
69702
69713
69725
69737
69747
69757
69767
69777
69788
69798
69808
69818
69829
69839
69849
69859
69869
69880
69890
69900
69911
69921
69932
69942
69952
69962
69973
69983
69994
70004
70014
70025
70035
70046
70056
70067
70077
70087
70098
70109
70119
70129
70140
70150
70160
70171
70181
70191
70202
70212
70222
70233
70243
70253
70264
70274
70284
70295
70305
70315
70326
70336
70347
70357
70367
70378
70388
70398
70408
70419
70430
70440
70451
70461
70472
70482
70492
70503
70513
70523
70533
70544
70554
70564
70575
70585
70595
70606
70616
70627
70637
70648
70658
70669
70680
70690
70701
70712
70723
70734
70744
70755
70766
70777
70787
70798
70809
70820
70831
70842
70852
70863
70874
70885
70896
70907
70918
70929
70939
70950
70961
70972
70983
70993
71004
71015
71026
71037
71048
71058
71069
71080
71090
71101
71111
71122
71133
71143
71154
71165
71176
71186
71197
71207
71218
71229
71240
71251
71262
71273
71284
71295
71306
71317
71328
71338
71350
71361
71372
71384
71395
71406
71418
71430
71441
71453
71464
71476
71488
71502
71514
71530
71546
71558
71570
71581
71593
71605
71616
71627
71639
71650
71662
71673
71685
71696
71707
71718
71730
71741
71753
71764
71776
71787
71799
71812
71823
71838
71850
71861
71873
71885
71896
71908
71920
71931
71943
71954
71966
71978
71989
72000
72012
72023
72035
72046
72058
72069
72081
72093
72104
72115
72127
72139
72151
72162
72174
72185
72197
72208
72220
72232
72243
72254
72266
72278
72291
72303
72315
72327
72339
72351
72362
72373
72384
72395
72406
72417
72428
72439
72450
72461
72472
72483
72493
72504
72514
72524
72534
72545
72555
72565
72575
72585
72596
72606
72616
72626
72637
72647
72657
72667
72677
72688
72698
72708
72719
72729
72739
72750
72760
72770
72781
72791
72801
72812
72822
72832
72842
72853
72863
72873
72883
72894
72904
72914
72924
72935
72945
72955
72970
72981
72992
73002
73013
73025
73036
73047
73058
73068
73079
73090
73100
73111
73122
73133
73144
73155
73166
73177
73188
73199
73210
73221
73232
73244
73255
73266
73277
73288
73299
73311
73322
73333
73344
73355
73366
73378
73389
73400
73411
73422
73434
73445
73456
73467
73479
73490
73501
73513
73524
73535
73546
73557
73568
73579
73590
73601
73612
73623
73633
73644
73655
73666
73677
73688
73698
73709
73720
73730
73741
73752
73762
73773
73784
73795
73806
73817
73829
73840
73851
73862
73873
73884
73895
73906
73917
73928
73939
73950
73960
73971
73982
73993
74004
74014
74025
74036
74048
74059
74070
74081
74092
74103
74114
74124
74135
74146
74157
74169
74180
74191
74202
74213
74224
74235
74246
74257
74267
74278
74289
74301
74312
74323
74334
74345
74356
74369
74382
74393
74404
74415
74426
74437
74447
74458
74469
74479
74490
74501
74512
74522
74533
74544
74555
74566
74577
74589
74600
74611
74622
74633
74644
74655
74666
74677
74689
74700
74711
74722
74733
74744
74755
74766
74778
74789
74800
74811
74822
74833
74844
74855
74866
74879
74890
74901
74911
74922
74933
74944
74955
74967
74978
74989
75000
75011
75022
75033
75044
75055
75066
75078
75089
75100
75112
75122
75134
75145
75156
75167
75179
75189
75200
75211
75222
75233
75244
75255
75266
75277
75288
75299
75310
75321
75332
75343
75354
75365
75376
75387
75398
75409
75421
75432
75443
75454
75465
75476
75487
75498
75509
75520
75531
75542
75553
75564
75576
75587
75598
75610
75621
75633
75644
75655
75666
75677
75689
75700
75711
75723
75734
75745
75756
75767
75778
75789
75800
75811
75822
75834
75845
75856
75867
75878
75889
75900
75911
75922
75933
75944
75955
75966
75977
75988
75999
76011
76022
76033
76043
76054
76065
76076
76087
76098
76110
76121
76132
76143
76154
76165
76176
76187
76198
76210
76221
76232
76243
76254
76265
76276
76287
76298
76309
76320
76331
76342
76353
76364
76374
76385
76396
76407
76418
76429
76440
76451
76461
76472
76484
76495
76506
76517
76528
76539
76550
76561
76572
76583
76594
76605
76616
76627
76639
76650
76661
76672
76683
76694
76705
76716
76727
76738
76749
76760
76771
76784
76795
76806
76818
76829
76840
76851
76862
76873
76885
76896
76907
76918
76929
76940
76951
76962
76973
76984
76995
77006
77017
77028
77039
77050
77062
77073
77084
77095
77106
77117
77128
77139
77150
77161
77172
77183
77194
77205
77216
77227
77238
77249
77260
77271
77282
77293
77304
77316
77327
77338
77349
77360
77371
77382
77393
77404
77415
77426
77437
77449
77460
77471
77482
77493
77504
77514
77524
77534
77545
77555
77565
77576
77586
77596
77607
77617
77628
77638
77649
77659
77670
77680
77691
77701
77712
77722
77733
77743
77754
77764
77775
77785
77795
77806
77816
77827
77837
77849
77860
77871
77882
77893
77904
77916
77927
77938
77950
77961
77972
77984
77995
78006
78017
78028
78039
78050
78062
78073
78084
78095
78106
78117
78128
78139
78150
78161
78173
78184
78195
78206
78217
78229
78240
78251
78263
78274
78286
78297
78308
78320
78331
78342
78353
78365
78376
78387
78399
78410
78422
78433
78444
78455
78466
78477
78489
78500
78511
78523
78534
78545
78556
78567
78579
78590
78601
78612
78623
78634
78645
78656
78667
78678
78690
78702
78714
78725
78736
78748
78759
78770
78781
78792
78804
78815
78826
78837
78848
78859
78870
78881
78892
78904
78915
78926
78937
78948
78959
78970
78982
78993
79004
79015
79026
79038
79049
79060
79071
79082
79093
79104
79115
79127
79138
79149
79160
79172
79183
79194
79205
79216
79227
79239
79250
79261
79274
79286
79298
79310
79322
79335
79346
79357
79369
79380
79392
79403
79414
79426
79437
79449
79460
79471
79482
79493
79505
79516
79527
79538
79550
79561
79572
79583
79594
79605
79616
79627
79639
79650
79661
79672
79683
79694
79705
79716
79727
79738
79749
79760
79772
79783
79794
79805
79816
79827
79838
79850
79861
79872
79883
79893
79903
79914
79924
79934
79944
79955
79965
79975
79986
79996
80006
80017
80027
80037
80048
80058
80068
80079
80089
80099
80110
80120
80131
80141
80151
80161
80172
80182
80192
80203
80213
80224
80234
80245
80255
80266
80276
80287
80297
80308
80318
80329
80340
80350
80361
80372
80383
80395
80407
80420
80431
80443
80454
80465
80477
80488
80499
80510
80521
80532
80543
80554
80565
80579
80590
80601
80613
80624
80635
80646
80657
80669
80681
80692
80704
80716
80728
80740
80751
80762
80773
80784
80796
80807
80818
80830
80841
80852
80863
80874
80885
80897
80908
80919
80930
80942
80953
80964
80975
80986
80997
81008
81020
81031
81042
81053
81066
81077
81088
81100
81111
81122
81134
81145
81156
81167
81179
81190
81201
81213
81224
81235
81247
81258
81269
81281
81292
81303
81314
81326
81337
81348
81360
81371
81382
81394
81405
81416
81428
81439
81450
81461
81472
81483
81495
81506
81517
81528
81539
81551
81565
81576
81588
81599
81610
81621
81632
81643
81655
81666
81677
81689
81700
81711
81722
81733
81745
81756
81768
81779
81790
81802
81814
81825
81836
81848
81859
81871
81882
81893
81905
81916
81927
81938
81949
81960
81971
81983
81994
82005
82016
82028
82040
82051
82063
82074
82085
82097
82108
82119
82130
82143
82155
82167
82180
82192
82204
82216
82228
82240
82253
82264
82276
82288
82300
82312
82325
82337
82348
82360
82372
82384
82399
82411
82424
82436
82449
82460
82471
82483
82494
82510
82520
82531
82541
82551
82562
82572
82583
82593
82604
82614
82625
82635
82646
82656
82667
82677
82688
82699
82709
82720
82730
82741
82751
82762
82772
82783
82793
82804
82814
82825
82835
82846
82858
82869
82880
82891
82902
82913
82932
82944
82955
82966
82977
82988
82999
83010
83021
83032
83043
83054
83065
83077
83088
83099
83110
83122
83133
83145
83156
83167
83178
83190
83201
83212
83224
83235
83246
83257
83268
83279
83291
83302
83313
83324
83335
83346
83358
83370
83382
83394
83406
83418
83430
83442
83455
83468
83480
83492
83505
83517
83530
83542
83554
83566
83579
83591
83604
83616
83628
83640
83652
83664
83676
83688
83700
83713
83725
83737
83749
83761
83773
83784
83796
83807
83819
83830
83841
83853
83864
83876
83887
83898
83910
83921
83932
83944
83955
83967
83978
83989
84001
84012
84023
84035
84046
84057
84069
84080
84091
84103
84114
84126
84137
84148
84160
84171
84183
84194
84205
84216
84227
84238
84249
84260
84272
84283
84294
84305
84316
84327
84338
84349
84360
84372
84383
84395
84406
84417
84428
84440
84451
84463
84474
84486
84497
84508
84520
84531
84543
84554
84566
84577
84588
84600
84611
84622
84634
84645
84657
84668
84679
84691
84702
84713
84725
84736
84747
84758
84770
84781
84792
84804
84815
84826
84838
84849
84861
84872
84883
84895
84906
84917
84929
84940
84951
84962
84974
84985
84996
85008
85019
85030
85042
85053
85064
85076
85087
85098
85110
85123
85134
85146
85157
85168
85180
85191
85203
85214
85226
85237
85248
85259
85270
85282
85293
85304
85316
85327
85338
85349
85360
85371
85383
85394
85405
85416
85428
85439
85450
85461
85472
85484
85495
85506
85517
85528
85539
85550
85562
85573
85584
85596
85607
85618
85630
85641
85652
85663
85675
85686
85698
85709
85720
85732
85743
85754
85766
85777
85788
85800
85811
85823
85834
85845
85862
85873
85885
85896
85907
85919
85930
85941
85952
85963
85974
85984
85995
86006
86018
86029
86040
86052
86063
86074
86085
86096
86107
86119
86130
86141
86152
86163
86175
86186
86198
86209
86220
86231
86243
86254
86266
86277
86289
86300
86311
86322
86333
86344
86356
86367
86378
86389
86400
86411
86422
86433
86444
86455
86467
86478
86490
86501
86513
86524
86535
86547
86558
86570
86581
86592
86604
86615
86626
86638
86649
86661
86672
86683
86695
86706
86717
86728
86739
86751
86762
86773
86784
86795
86806
86817
86828
86839
86850
86862
86873
86884
86896
86907
86919
86930
86941
86953
86964
86975
86987
86998
87010
87021
87032
87047
87058
87069
87080
87092
87103
87114
87125
87137
87148
87159
87170
87182
87193
87204
87215
87226
87237
87248
87259
87270
87282
87293
87304
87315
87326
87337
87348
87359
87371
87382
87393
87404
87415
87426
87438
87450
87463
87475
87487
87499
87516
87526
87538
87548
87559
87569
87580
87590
87601
87611
87622
87632
87643
87653
87664
87674
87685
87696
87707
87719
87731
87741
87752
87763
87774
87785
87796
87807
87817
87828
87839
87850
87862
87874
87885
87896
87908
87919
87930
87942
87955
87967
87979
87991
88003
88015
88027
88040
88052
88065
88077
88090
88102
88114
88127
88139
88151
88163
88175
88185
88196
88207
88218
88228
88239
88250
88261
88271
88282
88293
88306
88317
88328
88339
88351
88364
88376
88389
88401
88413
88426
88438
88451
88463
88476
88488
88501
88513
88526
88538
88551
88563
88576
88588
88600
88611
88623
88635
88648
88660
88672
88684
88696
88709
88722
88734
88746
88757
88768
88779
88790
88802
88813
88824
88835
88846
88857
88868
88880
88891
88903
88914
88925
88938
88950
88961
88972
88983
88994
89005
89016
89027
89038
89049
89061
89072
89083
89094
89106
89117
89128
89139
89150
89161
89172
89183
89195
89206
89217
89229
89240
89252
89264
89275
89286
89297
89309
89320
89332
89343
89354
89365
89377
89388
89399
89411
89422
89434
89445
89457
89468
89480
89491
89502
89514
89525
89536
89548
89559
89570
89581
89593
89604
89616
89627
89639
89650
89661
89672
89684
89696
89707
89719
89730
89742
89754
89766
89778
89789
89801
89812
89823
89835
89846
89857
89869
89880
89891
89904
89915
89926
89938
89950
89960
89971
89981
89991
90001
90012
90022
90032
90043
90053
90063
90073
90084
90094
90104
90115
90125
90135
90146
90156
90166
90177
90187
90197
90208
90218
90228
90239
90249
90259
90270
90280
90291
90301
90312
90322
90333
90344
90354
90365
90375
90386
90396
90407
90418
90429
90439
90450
90460
90471
90481
90493
90504
90516
90527
90538
90550
90561
90573
90585
90596
90607
90619
90630
90641
90653
90664
90676
90687
90699
90711
90722
90734
90746
90757
90768
90780
90791
90803
90814
90825
90837
90849
90861
90873
90884
90895
90906
90917
90928
90939
90950
90961
90972
90983
90994
91005
91016
91028
91039
91051
91063
91076
91088
91100
91112
91124
91136
91147
91159
91171
91183
91195
91206
91219
91230
91241
91253
91264
91275
91286
91297
91308
91319
91330
91341
91352
91363
91375
91386
91397
91408
91419
91430
91441
91451
91462
91474
91485
91496
91507
91518
91529
91540
91551
91562
91573
91584
91596
91607
91618
91629
91641
91652
91663
91674
91686
91697
91708
91719
91730
91741
91752
91763
91774
91784
91795
91806
91817
91828
91839
91849
91860
91871
91882
91893
91904
91915
91926
91937
91948
91959
91970
91981
91992
92002
92013
92024
92035
92045
92056
92068
92079
92090
92101
92112
92123
92133
92144
92155
92166
92177
92188
92199
92210
92221
92232
92243
92254
92265
92276
92287
92298
92309
92319
92331
92342
92353
92364
92375
92386
92398
92409
92420
92431
92442
92453
92464
92475
92486
92497
92508
92519
92530
92541
92551
92562
92572
92582
92593
92603
92613
92624
92634
92644
92655
92665
92676
92686
92696
92707
92717
92728
92738
92748
92759
92769
92779
92790
92800
92811
92821
92831
92842
92852
92863
92873
92883
92894
92904
92915
92925
92936
92946
92957
92967
92978
92989
93000
93011
93022
93033
93044
93055
93067
93078
93089
93100
93111
93122
93134
93145
93156
93167
93178
93189
93200
93211
93222
93234
93245
93255
93266
93277
93288
93299
93310
93322
93332
93344
93355
93365
93376
93387
93399
93410
93421
93432
93443
93454
93465
93476
93488
93499
93510
93521
93532
93544
93555
93566
93576
93587
93597
93608
93618
93629
93640
93651
93662
93673
93684
93695
93706
93717
93728
93739
93750
93762
93773
93784
93795
93806
93817
93828
93839
93851
93862
93873
93883
93894
93905
93916
93927
93938
93949
93960
93971
93982
93993
94003
94014
94025
94036
94047
94060
94070
94081
94091
94101
94112
94122
94132
94143
94153
94163
94174
94184
94194
94205
94215
94226
94236
94246
94257
94267
94278
94288
94298
94309
94319
94329
94340
94350
94361
94372
94383
94394
94405
94416
94427
94438
94449
94460
94471
94482
94493
94504
94515
94526
94537
94548
94560
94571
94582
94593
94604
94615
94626
94637
94648
94659
94670
94681
94692
94704
94715
94725
94737
94747
94758
94769
94780
94791
94802
94813
94824
94835
94846
94857
94868
94879
94890
94900
94911
94922
94933
94944
94955
94965
94976
94987
94999
95010
95021
95032
95043
95054
95065
95076
95087
95098
95109
95120
95131
95142
95153
95164
95175
95186
95198
95208
95219
95230
95241
95252
95262
95273
95284
95295
95306
95317
95328
95340
95351
95361
95372
95383
95394
95405
95416
95428
95439
95450
95461
95472
95483
95494
95505
95516
95527
95538
95549
95560
95571
95582
95593
95604
95615
95626
95637
95648
95659
95670
95681
95692
95703
95714
95725
95736
95747
95758
95769
95779
95790
95801
95813
95824
95835
95846
95858
95869
95881
95893
95904
95916
95928
95939
95951
95963
95974
95986
95997
96009
96020
96032
96043
96055
96067
96079
96091
96103
96115
96127
96139
96151
96162
96174
96186
96197
96208
96220
96232
96244
96256
96267
96280
96292
96304
96315
96327
96339
96349
96360
96371
96382
96393
96404
96415
96426
96437
96448
96458
96468
96479
96489
96500
96510
96521
96531
96542
96552
96562
96573
96583
96594
96604
96614
96625
96635
96645
96656
96666
96677
96687
96699
96710
96721
96732
96743
96754
96765
96776
96787
96798
96809
96820
96832
96843
96854
96865
96876
96887
96898
96910
96921
96932
96943
96954
96965
96977
96988
96999
97010
97021
97032
97044
97055
97066
97077
97088
97099
97110
97125
97135
97146
97156
97167
97177
97188
97198
97209
97219
97229
97240
97250
97261
97272
97283
97294
97305
97316
97327
97338
97349
97360
97371
97382
97393
97404
97415
97426
97437
97448
97459
97470
97481
97492
97503
97514
97525
97536
97552
97562
97572
97583
97593
97603
97614
97624
97634
97645
97655
97665
97676
97686
97696
97707
97717
97728
97738
97748
97759
97769
97780
97790
97801
97811
97822
97832
97842
97853
97863
97874
97884
97894
97905
97915
97926
97936
97946
97957
97967
97977
97988
97998
98008
98019
98029
98039
98050
98060
98071
98082
98093
98104
98115
98125
98136
98147
98158
98169
98180
98191
98202
98213
98224
98235
98246
98257
98268
98279
98290
98301
98312
98322
98334
98344
98356
98366
98378
98389
98400
98411
98422
98433
98443
98453
98463
98474
98484
98494
98505
98515
98526
98537
98548
98559
98570
98581
98591
98602
98613
98624
98635
98645
98656
98667
98678
98688
98700
98711
98722
98733
98744
98754
98765
98776
98787
98797
98808
98819
98830
98841
98851
98862
98873
98884
98895
98906
98916
98927
98938
98949
98960
98971
98982
98993
99004
99016
99027
99038
99050
99061
99072
99083
99094
99105
99116
99127
99139
99149
99160
99172
99183
99194
99205
99216
99227
99238
99249
99260
99271
99282
99293
99304
99315
99326
99337
99348
99359
99370
99381
99393
99404
99415
99426
99437
99448
99459
99470
99481
99492
99503
99514
99525
99536
99547
99558
99569
99580
99591
99602
99613
99624
99635
99646
99657
99668
99679
99690
99700
99711
99722
99733
99744
99755
99767
99778
99789
99800
99811
99822
99833
99844
99855
99866
99877
99888
99899
99910
99921
99932
99943
99954
99965
99976
99987
99998
100008
100024
100034
100044
100054
100064
100075
100085
100095
100105
100116
100126
100136
100146
100157
100167
100177
100187
100198
100208
100218
100229
100239
100249
100260
100270
100280
100291
100301
100311
100322
100332
100343
100353
100363
100374
100384
100395
100405
100415
100426
100436
100446
100457
100467
100477
100488
100498
100508
100518
100529
100539
100549
100560
100570
100580
100591
100601
100612
100622
100632
100643
100653
100664
100674
100684
100695
100706
100717
100728
100739
100750
100761
100772
100783
100794
100805
100816
100827
100838
100850
100861
100872
100883
100894
100904
100915
100926
100937
100949
100959
100971
100982
100993
101004
101015
101026
101037
101049
101060
101071
101082
101093
101104
101115
101126
101137
101148
101159
101171
101182
101193
101204
101215
101226
101237
101248
101259
101270
101281
101293
101304
101315
101326
101336
101347
101358
101369
101380
101391
101402
101413
101424
101434
101445
101456
101467
101478
101489
101500
101511
101522
101533
101544
101555
101566
101577
101588
101599
101610
101622
101633
101644
101655
101666
101677
101688
101699
101710
101721
101732
101743
101754
101765
101776
101787
101799
101810
101821
101832
101843
101854
101865
101876
101887
101897
101908
101919
101930
101942
101953
101964
101975
101986
101997
102007
102019
102030
102041
102052
102063
102075
102086
102097
102108
102120
102131
102142
102154
102165
102176
102187
102198
102209
102221
102232
102243
102254
102266
102277
102288
102299
102309
102320
102331
102342
102353
102364
102375
102386
102397
102409
102419
102431
102442
102452
102463
102474
102485
102496
102507
102518
102528
102539
102550
102561
102571
102582
102592
102602
102612
102623
102633
102643
102653
102663
102674
102684
102694
102704
102715
102725
102735
102745
102756
102766
102776
102787
102797
102808
102818
102829
102839
102850
102860
102870
102881
102891
102902
102912
102923
102934
102945
102956
102966
102977
102988
102999
103010
103020
103032
103044
103056
103068
103080
103092
103103
103115
103127
103139
103150
103161
103171
103182
103193
103204
103215
103226
103236
103247
103258
103269
103280
103291
103301
103312
103323
103334
103345
103356
103367
103378
103389
103400
103411
103422
103433
103444
103455
103466
103476
103487
103498
103509
103521
103532
103543
103554
103565
103576
103587
103598
103609
103619
103630
103641
103652
103663
103674
103685
103696
103707
103718
103729
103740
103752
103762
103774
103785
103796
103807
103818
103829
103840
103852
103863
103874
103885
103896
103907
103918
103929
103940
103951
103970
103981
103992
104003
104015
104026
104038
104049
104060
104071
104083
104095
104106
104117
104128
104139
104150
104161
104172
104183
104194
104205
104216
104227
104238
104249
104260
104272
104283
104294
104305
104315
104326
104338
104349
104360
104371
104382
104393
104403
104414
104425
104436
104446
104457
104468
104479
104490
104501
104512
104523
104534
104546
104557
104568
104580
104591
104603
104614
104625
104636
104647
104658
104670
104681
104692
104703
104714
104725
104736
104747
104758
104770
104781
104793
104804
104815
104826
104837
104848
104859
104870
104882
104893
104904
104915
104926
104937
104948
104959
104970
104982
104993
105004
105014
105025
105036
105047
105058
105069
105080
105091
105101
105112
105122
105132
105143
105153
105163
105174
105184
105194
105205
105215
105226
105236
105247
105257
105268
105278
105289
105300
105311
105322
105334
105345
105356
105367
105378
105389
105400
105411
105422
105434
105445
105456
105467
105478
105489
105500
105511
105523
105534
105545
105557
105568
105579
105590
105601
105612
105622
105633
105643
105654
105665
105677
105688
105699
105709
105720
105731
105742
105752
105763
105774
105784
105795
105806
105817
105827
105838
105849
105859
105870
105881
105892
105903
105914
105925
105936
105947
105958
105969
105980
105991
106002
106013
106024
106035
106046
106057
106067
106078
106089
106100
106111
106122
106133
106145
106156
106167
106178
106189
106200
106211
106222
106233
106244
106255
106265
106276
106287
106298
106309
106319
106330
106341
106351
106362
106373
106384
106395
106405
106416
106427
106438
106448
106459
106470
106480
106491
106502
106512
106523
106534
106545
106555
106566
106578
106589
106600
106611
106622
106633
106644
106655
106666
106677
106687
106698
106709
106721
106732
106743
106754
106765
106776
106787
106798
106809
106820
106831
106842
106853
106865
106876
106887
106898
106909
106921
106932
106942
106953
106964
106975
106986
106997
107008
107020
107031
107042
107052
107063
107074
107085
107096
107106
107117
107128
107139
107150
107161
107172
107183
107194
107205
107215
107226
107237
107248
107259
107271
107282
107293
107303
107314
107325
107336
107348
107359
107370
107381
107392
107403
107414
107425
107435
107446
107457
107468
107480
107491
107501
107512
107523
107534
107545
107556
107572
107582
107593
107603
107613
107624
107634
107644
107654
107665
107675
107685
107695
107706
107716
107727
107737
107747
107757
107768
107778
107789
107799
107809
107820
107830
107841
107851
107861
107872
107882
107893
107903
107914
107925
107935
107946
107956
107967
107978
107990
108001
108012
108023
108034
108046
108057
108068
108079
108090
108101
108112
108123
108134
108145
108156
108167
108178
108189
108200
108211
108222
108233
108245
108256
108267
108278
108289
108300
108311
108322
108334
108345
108356
108367
108378
108389
108400
108415
108426
108437
108448
108459
108470
108481
108492
108503
108514
108525
108536
108547
108558
108570
108581
108593
108604
108615
108626
108637
108648
108659
108670
108681
108692
108703
108714
108725
108736
108747
108758
108769
108780
108791
108802
108814
108825
108836
108847
108858
108870
108881
108892
108903
108915
108926
108937
108948
108960
108971
108982
108993
109004
109015
109026
109037
109049
109060
109070
109081
109092
109103
109113
109124
109135
109147
109158
109168
109179
109190
109201
109211
109222
109233
109243
109254
109265
109276
109287
109298
109309
109320
109331
109343
109354
109365
109376
109386
109397
109409
109419
109430
109441
109452
109463
109474
109485
109496
109507
109518
109528
109539
109550
109561
109571
109582
109593
109604
109614
109625
109636
109646
109657
109668
109678
109689
109700
109710
109721
109732
109743
109753
109765
109775
109786
109797
109807
109818
109829
109840
109852
109864
109876
109887
109900
109912
109924
109936
109948
109960
109972
109984
109996
110008
110020
110032
110047
110059
110071
110083
110095
110105
110115
110126
110136
110146
110157
110167
110177
110188
110198
110208
110218
110229
110239
110249
110260
110270
110281
110291
110301
110312
110322
110333
110344
110354
110364
110375
110385
110396
110406
110416
110427
110438
110448
110458
110468
110479
110489
110499
110510
110520
110530
110541
110551
110561
110572
110582
110593
110603
110613
110624
110634
110645
110655
110665
110676
110686
110697
110707
110718
110728
110738
110749
110759
110770
110780
110791
110802
110813
110824
110835
110846
110857
110868
110879
110890
110901
110912
110923
110934
110945
110956
110966
110977
110988
110999
111010
111021
111031
111042
111053
111065
111075
111086
111097
111108
111119
111130
111141
111152
111163
111174
111184
111195
111206
111217
111229
111240
111251
111262
111273
111284
111295
111306
111318
111329
111340
111351
111362
111374
111384
