time (ms),latency (ms),consume (ms)
0,15,0
1,9,1
1,8,0
1,6,0
1,6,0
7,8,6
8,7,1
8,6,0
8,5,0
12,8,4
12,7,0
13,7,1
13,7,0
20,12,7
20,7,0
20,6,0
20,6,0
21,6,1
21,5,0
29,10,8
29,10,0
29,8,0
29,7,0
30,7,1
30,6,0
30,6,0
30,5,0
30,4,0
35,8,5
35,7,0
35,6,0
37,2,2
38,1,1
39,1,1
41,1,2
42,1,1
43,1,1
44,1,1
45,1,1
46,1,1
47,1,1
50,2,3
50,1,0
51,0,1
52,1,1
54,2,2
55,1,1
59,3,4
60,0,1
62,1,2
63,1,1
64,1,1
65,1,1
66,1,1
67,1,1
68,1,1
69,1,1
71,2,2
74,0,3
76,1,2
77,1,1
78,1,1
79,1,1
80,0,1
81,0,1
82,1,1
83,1,1
83,0,0
84,1,1
85,1,1
85,0,0
87,2,2
88,1,1
90,0,2
91,0,1
92,1,1
93,1,1
93,0,0
94,1,1
96,2,2
97,0,1
99,1,2
103,1,4
104,0,1
107,1,3
109,1,2
110,1,1
111,1,1
112,1,1
112,0,0
114,2,2
119,1,5
119,0,0
122,1,3
123,1,1
124,1,1
124,0,0
125,1,1
126,1,1
126,0,0
127,0,1
128,1,1
129,1,1
129,0,0
130,1,1
133,1,3
134,1,1
134,0,0
135,0,1
136,1,1
136,0,0
137,1,1
138,1,1
139,0,1
140,1,1
141,1,1
141,0,0
142,1,1
143,1,1
145,1,2
146,0,1
147,1,1
149,1,2
150,1,1
151,1,1
151,0,0
152,1,1
153,1,1
154,0,1
155,1,1
155,0,0
158,0,3
159,0,1
161,1,2
162,1,1
163,1,1
163,0,0
164,1,1
165,1,1
165,0,0
166,1,1
167,1,1
168,1,1
169,1,1
170,0,1
175,1,5
176,1,1
177,1,1
177,0,0
178,0,1
179,0,1
180,0,1
181,1,1
181,0,0
182,0,1
183,1,1
184,1,1
184,0,0
185,1,1
186,1,1
191,1,5
192,1,1
192,0,0
193,1,1
194,1,1
194,0,0
195,1,1
196,1,1
197,1,1
198,1,1
199,1,1
199,0,0
200,1,1
200,0,0
205,1,5
206,1,1
207,1,1
207,0,0
208,0,1
209,1,1
210,1,1
210,0,0
213,1,3
214,1,1
217,1,3
218,1,1
219,1,1
219,0,0
220,0,1
221,1,1
221,0,0
222,0,1
223,1,1
224,1,1
224,0,0
226,0,2
227,1,1
227,0,0
228,0,1
229,1,1
229,0,0
230,0,1
234,1,4
234,0,0
235,0,1
236,1,1
238,0,2
239,1,1
240,1,1
240,0,0
242,2,2
242,0,0
243,0,1
244,1,1
244,0,0
260,1,16
262,1,2
263,1,1
266,1,3
267,1,1
268,1,1
268,0,0
273,3,5
273,0,0
276,1,3
276,0,0
277,0,1
278,1,1
279,1,1
279,0,0
280,1,1
280,0,0
281,0,1
282,1,1
282,0,0
283,1,1
285,2,2
288,1,3
289,1,1
290,0,1
291,1,1
291,0,0
293,1,2
295,1,2
296,0,1
298,1,2
299,1,1
299,0,0
300,0,1
302,2,2
305,2,3
308,1,3
309,1,1
310,0,1
311,1,1
315,1,4
318,0,3
319,0,1
320,1,1
320,0,0
321,1,1
322,1,1
322,0,0
323,1,1
323,0,0
324,0,1
325,1,1
325,0,0
326,1,1
327,1,1
327,0,0
328,1,1
330,0,2
331,1,1
332,0,1
333,1,1
333,0,0
334,1,1
335,1,1
335,0,0
336,1,1
336,0,0
337,1,1
337,0,0
338,0,1
339,1,1
342,0,3
343,1,1
344,1,1
344,0,0
345,1,1
345,0,0
346,1,1
347,1,1
347,0,0
348,1,1
349,1,1
350,1,1
350,0,0
351,0,1
354,3,3
356,1,2
357,1,1
358,1,1
359,1,1
363,1,4
364,1,1
365,1,1
366,1,1
366,0,0
367,1,1
368,1,1
368,0,0
369,0,1
370,1,1
371,1,1
372,1,1
372,0,0
373,1,1
379,1,6
382,0,3
387,1,5
387,0,0
388,1,1
389,1,1
389,0,0
390,1,1
390,0,0
394,4,4
395,1,1
395,0,0
396,0,1
397,1,1
397,0,0
398,1,1
398,0,0
399,0,1
402,3,3
407,1,5
407,0,0
408,1,1
408,0,0
409,0,1
410,1,1
415,1,5
415,0,0
418,1,3
419,1,1
419,0,0
420,1,1
420,0,0
421,1,1
421,0,0
422,1,1
423,1,1
423,0,0
424,1,1
424,0,0
425,1,1
425,0,0
426,1,1
426,0,0
427,1,1
427,0,0
428,0,1
429,1,1
429,0,0
430,1,1
430,0,0
431,1,1
431,0,0
433,1,2
434,1,1
434,0,0
435,1,1
435,0,0
436,1,1
438,0,2
439,1,1
440,1,1
442,0,2
443,1,1
443,0,0
449,3,6
451,1,2
451,0,0
452,0,1
453,1,1
453,0,0
454,1,1
454,0,0
455,1,1
455,0,0
456,0,1
457,1,1
457,0,0
458,0,1
459,1,1
462,1,3
467,1,5
467,0,0
468,1,1
469,1,1
469,0,0
470,1,1
470,0,0
471,1,1
471,0,0
472,1,1
472,0,0
473,0,1
474,1,1
474,0,0
475,1,1
475,0,0
476,1,1
476,0,0
477,1,1
478,1,1
478,0,0
479,1,1
479,0,0
480,1,1
480,0,0
481,1,1
481,0,0
482,1,1
482,0,0
485,1,3
486,0,1
487,1,1
487,0,0
488,0,1
489,1,1
489,0,0
490,1,1
491,1,1
491,0,0
494,0,3
495,0,1
496,1,1
497,1,1
497,0,0
498,1,1
499,1,1
499,0,0
500,1,1
500,0,0
501,0,1
502,1,1
502,0,0
503,1,1
504,1,1
504,0,0
505,0,1
506,1,1
506,0,0
507,1,1
510,1,3
511,1,1
511,0,0
512,1,1
513,1,1
513,0,0
514,1,1
514,0,0
515,1,1
515,0,0
516,1,1
516,0,0
517,1,1
517,0,0
518,0,1
519,1,1
519,0,0
520,1,1
522,0,2
523,1,1
524,1,1
524,0,0
525,1,1
525,0,0
526,1,1
526,0,0
527,1,1
527,0,0
528,0,1
529,1,1
529,0,0
530,1,1
530,0,0
531,1,1
531,0,0
532,1,1
532,0,0
533,1,1
534,0,1
535,1,1
535,0,0
536,1,1
536,0,0
537,1,1
537,0,0
538,0,1
542,0,4
543,0,1
544,1,1
544,0,0
547,3,3
548,1,1
551,3,3
579,7,28
583,1,4
583,0,0
584,1,1
584,0,0
585,1,1
585,0,0
586,0,1
587,1,1
587,0,0
588,1,1
591,1,3
591,0,0
594,2,3
595,1,1
597,1,2
597,0,0
598,1,1
598,0,0
599,0,1
600,1,1
600,0,0
601,1,1
601,0,0
602,1,1
602,0,0
603,1,1
604,1,1
604,0,0
605,1,1
605,0,0
606,1,1
610,1,4
610,0,0
614,1,4
614,0,0
615,1,1
615,0,0
616,1,1
616,0,0
617,1,1
617,0,0
618,1,1
618,0,0
622,0,4
623,1,1
623,0,0
626,0,3
627,1,1
627,0,0
628,1,1
628,0,0
629,1,1
629,0,0
630,1,1
630,0,0
631,1,1
631,0,0
632,1,1
632,0,0
633,1,1
633,0,0
634,1,1
634,0,0
635,1,1
635,0,0
636,1,1
636,0,0
638,0,2
639,1,1
639,0,0
640,1,1
640,0,0
641,1,1
641,0,0
642,0,1
643,1,1
643,0,0
644,1,1
644,0,0
646,0,2
647,1,1
647,0,0
648,1,1
648,0,0
650,0,2
651,1,1
651,0,0
652,1,1
652,0,0
653,1,1
653,0,0
654,1,1
654,0,0
655,1,1
655,0,0
656,1,1
656,0,0
657,1,1
658,0,1
659,1,1
660,1,1
660,0,0
661,1,1
661,0,0
662,1,1
666,0,4
667,1,1
667,0,0
670,0,3
671,1,1
671,0,0
672,1,1
672,0,0
673,1,1
673,0,0
674,1,1
674,0,0
675,1,1
675,0,0
676,1,1
676,0,0
677,1,1
677,0,0
678,1,1
678,0,0
679,1,1
682,3,3
682,0,0
683,1,1
683,0,0
684,1,1
684,0,0
686,0,2
687,1,1
687,0,0
688,1,1
688,0,0
689,1,1
689,0,0
690,1,1
690,0,0
691,1,1
691,0,0
692,1,1
692,0,0
693,1,1
693,0,0
694,1,1
700,0,6
701,0,1
702,1,1
702,0,0
703,1,1
710,7,7
710,0,0
713,1,3
713,0,0
714,1,1
714,0,0
715,1,1
715,0,0
716,1,1
716,0,0
717,1,1
717,0,0
718,1,1
718,0,0
719,1,1
719,0,0
720,1,1
720,0,0
722,0,2
723,1,1
723,0,0
724,1,1
724,0,0
725,1,1
725,0,0
726,1,1
726,0,0
727,1,1
727,0,0
728,1,1
730,0,2
731,1,1
731,0,0
732,1,1
732,0,0
733,1,1
733,0,0
734,0,1
735,1,1
735,0,0
735,0,0
738,0,3
742,0,4
743,1,1
744,1,1
744,0,0
745,1,1
745,0,0
746,1,1
746,0,0
747,1,1
747,0,0
748,1,1
748,0,0
750,0,2
751,1,1
751,0,0
752,1,1
752,0,0
753,1,1
753,0,0
754,1,1
754,0,0
755,1,1
788,33,33
788,22,0
788,21,0
788,21,0
788,21,0
788,20,0
788,20,0
788,18,0
788,18,0
788,17,0
789,18,1
789,18,0
789,17,0
789,17,0
789,15,0
789,15,0
789,14,0
789,11,0
789,7,0
789,7,0
789,6,0
789,6,0
789,5,0
789,5,0
789,5,0
789,4,0
789,4,0
789,3,0
807,18,18
807,17,0
807,17,0
807,17,0
807,16,0
807,16,0
807,15,0
807,15,0
807,14,0
807,14,0
807,13,0
807,13,0
807,12,0
807,12,0
807,11,0
807,11,0
807,10,0
807,10,0
807,10,0
807,7,0
807,5,0
807,5,0
807,4,0
807,4,0
807,4,0
807,3,0
807,3,0
807,2,0
807,2,0
807,1,0
807,1,0
816,9,9
816,6,0
816,6,0
816,5,0
816,2,0
816,2,0
816,1,0
816,1,0
816,1,0
818,2,2
818,1,0
818,1,0
818,0,0
819,1,1
819,0,0
819,0,0
822,0,3
823,1,1
823,0,0
824,1,1
824,0,0
825,1,1
826,0,1
827,1,1
827,0,0
828,1,1
828,0,0
829,1,1
829,0,0
830,1,1
830,0,0
831,1,1
834,0,3
835,1,1
838,0,3
839,1,1
839,0,0
840,1,1
842,0,2
843,1,1
843,0,0
844,1,1
844,0,0
845,1,1
845,0,0
845,0,0
846,0,1
846,0,0
847,0,1
847,0,0
848,1,1
848,0,0
849,1,1
849,0,0
850,1,1
850,0,0
851,1,1
851,0,0
852,1,1
852,0,0
853,1,1
854,0,1
855,1,1
855,0,0
856,1,1
856,0,0
857,1,1
857,0,0
860,1,3
860,0,0
861,1,1
861,0,0
862,0,1
862,0,0
867,0,5
868,1,1
868,0,0
869,0,1
869,0,0
870,0,1
870,0,0
871,1,1
871,0,0
872,1,1
872,0,0
873,1,1
873,0,0
874,1,1
874,0,0
875,1,1
878,0,3
881,0,3
882,1,1
882,0,0
883,1,1
883,0,0
884,1,1
884,0,0
885,1,1
885,0,0
886,1,1
886,0,0
887,1,1
887,0,0
888,1,1
888,0,0
889,1,1
889,0,0
889,0,0
890,0,1
890,0,0
891,0,1
894,0,3
895,1,1
895,0,0
895,0,0
896,0,1
896,0,0
897,1,1
897,0,0
898,1,1
898,0,0
901,1,3
901,0,0
902,1,1
902,0,0
906,0,4
907,1,1
907,0,0
908,1,1
908,0,0
909,1,1
909,0,0
910,1,1
910,0,0
911,1,1
911,0,0
911,0,0
912,0,1
912,0,0
913,1,1
913,0,0
914,1,1
914,0,0
915,1,1
915,0,0
918,0,3
922,0,4
923,1,1
923,0,0
924,1,1
924,0,0
925,1,1
925,0,0
926,1,1
926,0,0
927,1,1
927,0,0
927,0,0
928,0,1
928,0,0
929,1,1
929,0,0
930,1,1
930,0,0
931,1,1
931,0,0
932,1,1
934,0,2
935,1,1
935,0,0
936,1,1
936,0,0
936,0,0
937,0,1
938,1,1
942,0,4
943,1,1
943,0,0
944,0,1
944,0,0
945,0,1
945,0,0
946,1,1
946,0,0
947,1,1
947,0,0
948,1,1
948,0,0
949,1,1
949,0,0
950,1,1
954,0,4
956,2,2
956,0,0
957,1,1
957,0,0
958,1,1
958,0,0
959,1,1
960,0,1
961,1,1
961,0,0
961,0,0
962,0,1
962,0,0
963,0,1
963,0,0
964,1,1
964,0,0
965,1,1
965,0,0
966,0,1
966,0,0
967,0,1
967,0,0
970,0,3
971,1,1
971,0,0
972,1,1
972,0,0
972,0,0
973,0,1
973,0,0
974,0,1
974,0,0
978,0,4
979,1,1
979,0,0
980,1,1
980,0,0
981,1,1
981,0,0
982,1,1
982,0,0
983,1,1
983,0,0
986,0,3
987,1,1
987,0,0
988,1,1
988,0,0
989,1,1
989,0,0
990,1,1
994,0,4
995,1,1
995,0,0
995,0,0
996,0,1
996,0,0
997,0,1
997,0,0
998,1,1
998,0,0
999,1,1
999,0,0
1000,1,1
1000,0,0
1001,1,1
1001,0,0
1002,1,1
1002,0,0
1003,1,1
1003,0,0
1004,1,1
1004,0,0
1005,1,1
1005,0,0
1006,0,1
1006,0,0
1009,0,3
1010,1,1
1010,0,0
1016,2,6
1017,1,1
1017,0,0
1018,1,1
1018,0,0
1019,1,1
1019,0,0
1019,0,0
1020,0,1
1020,0,0
1021,1,1
1021,0,0
1022,1,1
1024,2,2
1024,0,0
1025,1,1
1025,0,0
1026,1,1
1026,0,0
1027,1,1
1027,0,0
1028,1,1
1028,0,0
1029,1,1
1029,0,0
1034,0,5
1035,1,1
1035,0,0
1036,1,1
1036,0,0
1037,1,1
1038,0,1
1039,1,1
1039,0,0
1040,1,1
1040,0,0
1040,0,0
1041,0,1
1041,0,0
1042,1,1
1042,0,0
1043,1,1
1043,0,0
1044,1,1
1044,0,0
1050,0,6
1051,0,1
1052,1,1
1052,0,0
1053,1,1
1053,0,0
1053,0,0
1054,0,1
1054,0,0
1055,0,1
1055,0,0
1056,1,1
1056,0,0
1057,1,1
1057,0,0
1058,1,1
1058,0,0
1060,0,2
1061,1,1
1061,0,0
1062,1,1
1062,0,0
1063,1,1
1063,0,0
1064,1,1
1064,0,0
1065,1,1
1065,0,0
1066,1,1
1066,0,0
1067,1,1
1067,0,0
1067,0,0
1068,0,1
1068,0,0
1069,1,1
1069,0,0
1070,1,1
1074,0,4
1075,1,1
1075,0,0
1076,1,1
1076,0,0
1077,1,1
1077,0,0
1078,1,1
1078,0,0
1078,0,0
1079,0,1
1079,0,0
1080,1,1
1080,0,0
1081,1,1
1081,0,0
1082,0,1
1082,0,0
1083,0,1
1083,0,0
1084,1,1
1086,0,2
1087,1,1
1087,0,0
1088,1,1
1088,0,0
1089,1,1
1089,0,0
1090,1,1
1090,0,0
1090,0,0
1091,1,1
1091,0,0
1092,1,1
1092,0,0
1093,1,1
1093,0,0
1094,1,1
1094,0,0
1095,1,1
1095,0,0
1095,0,0
1096,0,1
1096,0,0
1097,1,1
1098,0,1
1098,0,0
1099,0,1
1099,0,0
1100,1,1
1100,0,0
1101,1,1
1101,0,0
1108,1,7
1110,0,2
1114,0,4
1115,1,1
1115,0,0
1116,1,1
1116,0,0
1116,0,0
1117,1,1
1117,0,0
1118,1,1
1118,0,0
1119,1,1
1119,0,0
1120,1,1
1120,0,0
1120,0,0
1121,0,1
1121,0,0
1122,0,1
1125,0,3
1126,0,1
1127,1,1
1127,0,0
1127,0,0
1128,0,1
1128,0,0
1130,0,2
1131,1,1
1131,0,0
1131,0,0
1132,0,1
1132,0,0
1133,1,1
1133,0,0
1134,1,1
1134,0,0
1135,1,1
1135,0,0
1136,1,1
1136,0,0
1136,0,0
1137,0,1
1138,0,1
1138,0,0
1139,0,1
1139,0,0
1140,1,1
1140,0,0
1142,0,2
1142,0,0
1143,0,1
1146,0,3
1147,1,1
1147,0,0
1147,0,0
1148,1,1
1148,0,0
1149,1,1
1149,0,0
1150,1,1
1150,0,0
1151,1,1
1151,0,0
1152,1,1
1152,0,0
1152,0,0
1154,0,2
1154,0,0
1155,0,1
1155,0,0
1156,1,1
1156,0,0
1157,1,1
1157,0,0
1158,1,1
1159,1,1
1159,0,0
1159,0,0
1160,1,1
1160,0,0
1161,1,1
1162,0,1
1162,0,0
1163,0,1
1163,0,0
1164,1,1
1166,0,2
1167,1,1
1167,0,0
1168,1,1
1168,0,0
1170,0,2
1170,0,0
1171,0,1
1171,0,0
1172,0,1
1172,0,0
1173,1,1
1173,0,0
1174,1,1
1174,0,0
1175,1,1
1175,0,0
1176,1,1
1176,0,0
1176,0,0
1177,1,1
1177,0,0
1178,1,1
1178,0,0
1179,1,1
1182,0,3
1186,0,4
1187,1,1
1187,0,0
1188,1,1
1188,0,0
1188,0,0
1189,0,1
1189,0,0
1190,1,1
1190,0,0
1191,1,1
1191,0,0
1192,1,1
1192,0,0
1193,1,1
1193,0,0
1193,0,0
1194,1,1
1194,0,0
1195,1,1
1195,0,0
1196,1,1
1196,0,0
1196,0,0
1197,1,1
1197,0,0
1198,1,1
1198,0,0
1199,1,1
1199,0,0
1199,0,0
1200,0,1
1200,0,0
1201,1,1
1201,0,0
1202,1,1
1202,0,0
1203,1,1
1203,0,0
1203,0,0
1204,1,1
1206,0,2
1207,1,1
1207,0,0
1208,1,1
1208,0,0
1208,0,0
1209,1,1
1209,0,0
1210,0,1
1211,1,1
1214,0,3
1215,1,1
1215,0,0
1216,1,1
1216,0,0
1216,0,0
1217,1,1
1217,0,0
1218,1,1
1218,0,0
1219,1,1
1219,0,0
1220,1,1
1220,0,0
1222,0,2
1223,1,1
1223,0,0
1223,0,0
1224,1,1
1224,0,0
1225,1,1
1225,0,0
1226,1,1
1226,0,0
1227,1,1
1227,0,0
1227,0,0
1228,1,1
1228,0,0
1229,1,1
1229,0,0
1230,1,1
1230,0,0
1230,0,0
1231,0,1
1231,0,0
1232,1,1
1234,0,2
1235,1,1
1235,0,0
1235,0,0
1236,1,1
1238,1,2
1238,0,0
1239,1,1
1239,0,0
1240,1,1
1240,0,0
1241,1,1
1241,0,0
1242,1,1
1242,0,0
1243,1,1
1243,0,0
1243,0,0
1244,1,1
1244,0,0
1245,1,1
1245,0,0
1246,1,1
1250,0,4
1251,1,1
1251,0,0
1252,1,1
1252,0,0
1252,0,0
1253,0,1
1253,0,0
1254,1,1
1254,0,0
1255,1,1
1255,0,0
1256,1,1
1256,0,0
1257,1,1
1257,0,0
1257,0,0
1258,1,1
1258,0,0
1259,1,1
1259,0,0
1260,1,1
1260,0,0
1260,0,0
1261,0,1
1261,0,0
1262,1,1
1262,0,0
1263,1,1
1263,0,0
1264,1,1
1264,0,0
1264,0,0
1265,1,1
1265,0,0
1266,1,1
1266,0,0
1267,1,1
1267,0,0
1267,0,0
1268,0,1
1268,0,0
1269,1,1
1269,0,0
1270,1,1
1270,0,0
1270,0,0
1271,0,1
1271,0,0
1272,1,1
1272,0,0
1273,1,1
1273,0,0
1274,0,1
1274,0,0
1275,1,1
1275,0,0
1276,1,1
1276,0,0
1277,1,1
1278,0,1
1278,0,0
1279,0,1
1279,0,0
1280,1,1
1280,0,0
1281,1,1
1281,0,0
1282,1,1
1282,0,0
1283,1,1
1283,0,0
1283,0,0
1286,0,3
1287,1,1
1287,0,0
1287,0,0
1288,0,1
1288,0,0
1289,0,1
1289,0,0
1290,1,1
1290,0,0
1291,1,1
1291,0,0
1292,1,1
1292,0,0
1293,1,1
1293,0,0
1293,0,0
1294,0,1
1294,0,0
1295,1,1
1295,0,0
1296,1,1
1296,0,0
1297,1,1
1297,0,0
1297,0,0
1298,1,1
1298,0,0
1299,1,1
1299,0,0
1300,1,1
1302,1,2
1302,0,0
1303,1,1
1303,0,0
1304,1,1
1304,0,0
1304,0,0
1305,0,1
1306,1,1
1307,1,1
1307,0,0
1308,1,1
1308,0,0
1309,1,1
1309,0,0
1310,1,1
1310,0,0
1310,0,0
1311,0,1
1311,0,0
1314,0,3
1315,1,1
1315,0,0
1316,1,1
1316,0,0
1316,0,0
1317,1,1
1317,0,0
1318,1,1
1318,0,0
1319,1,1
1319,0,0
1320,1,1
1320,0,0
1320,0,0
1321,1,1
1322,1,1
1322,0,0
1323,1,1
1323,0,0
1323,0,0
1324,0,1
1324,0,0
1325,1,1
1325,0,0
1326,1,1
1326,0,0
1327,1,1
1327,0,0
1329,2,2
1329,0,0
1330,1,1
1334,0,4
1335,1,1
1335,0,0
1336,1,1
1336,0,0
1341,5,5
1342,0,1
1343,1,1
1343,0,0
1343,0,0
1344,1,1
1344,0,0
1345,1,1
1345,0,0
1346,1,1
1346,0,0
1350,0,4
1351,1,1
1352,1,1
1352,0,0
1353,1,1
1353,0,0
1354,1,1
1354,0,0
1355,1,1
1355,0,0
1356,1,1
1356,0,0
1357,1,1
1357,0,0
1358,1,1
1358,0,0
1358,0,0
1359,0,1
1360,1,1
1360,0,0
1360,0,0
1361,0,1
1362,1,1
1362,0,0
1363,1,1
1363,0,0
1363,0,0
1364,0,1
1365,1,1
1365,0,0
1366,1,1
1370,0,4
1371,1,1
1371,0,0
1372,1,1
1374,0,2
1375,1,1
1376,1,1
1376,0,0
1377,1,1
1378,1,1
1378,0,0
1379,1,1
1379,0,0
1380,0,1
1380,0,0
1381,1,1
1381,0,0
1382,1,1
1382,0,0
1383,1,1
1383,0,0
1384,1,1
1384,0,0
1384,0,0
1385,0,1
1385,0,0
1386,1,1
1386,0,0
1390,0,4
1391,1,1
1391,0,0
1392,1,1
1392,0,0
1393,1,1
1393,0,0
1393,0,0
1394,1,1
1394,0,0
1395,1,1
1395,0,0
1396,1,1
1396,0,0
1396,0,0
1397,0,1
1397,0,0
1398,1,1
1398,0,0
1399,1,1
1399,0,0
1400,1,1
1400,0,0
1402,0,2
1403,1,1
1403,0,0
1403,0,0
1404,0,1
1404,0,0
1405,1,1
1405,0,0
1406,1,1
1406,0,0
1407,1,1
1407,0,0
1407,0,0
1408,0,1
1408,0,0
1409,1,1
1409,0,0
1410,1,1
1410,0,0
1411,1,1
1411,0,0
1411,0,0
1412,0,1
1414,0,2
1418,0,4
1419,1,1
1419,0,0
1420,1,1
1420,0,0
1420,0,0
1421,0,1
1421,0,0
1422,1,1
1422,0,0
1423,1,1
1423,0,0
1424,1,1
1424,0,0
1424,0,0
1425,1,1
1425,0,0
1426,1,1
1426,0,0
1427,1,1
1427,0,0
1428,1,1
1430,0,2
1431,1,1
1431,0,0
1432,1,1
1432,0,0
1432,0,0
1433,0,1
1433,0,0
1434,1,1
1434,0,0
1435,1,1
1435,0,0
1436,1,1
1436,0,0
1436,0,0
1437,1,1
1437,0,0
1438,1,1
1438,0,0
1439,0,1
1439,0,0
1440,1,1
1440,0,0
1441,1,1
1441,0,0
1442,1,1
1444,0,2
1446,0,2
1447,1,1
1447,0,0
1448,1,1
1448,0,0
1448,0,0
1449,0,1
1449,0,0
1450,1,1
1450,0,0
1451,1,1
1451,0,0
1452,1,1
1452,0,0
1452,0,0
1453,1,1
1454,0,1
1454,0,0
1455,1,1
1455,0,0
1456,1,1
1456,0,0
1457,1,1
1457,0,0
1458,1,1
1458,0,0
1462,1,4
1466,0,4
1467,1,1
1467,0,0
1468,1,1
1468,0,0
1469,1,1
1469,0,0
1469,0,0
1470,0,1
1470,0,0
1471,1,1
1471,0,0
1472,1,1
1472,0,0
1473,1,1
1473,0,0
1473,0,0
1474,0,1
1474,0,0
1475,1,1
1475,0,0
1476,1,1
1476,0,0
1477,1,1
1477,0,0
1477,0,0
1478,0,1
1478,0,0
1479,1,1
1479,0,0
1480,1,1
1480,0,0
1480,0,0
1481,0,1
1481,0,0
1482,1,1
1482,0,0
1483,1,1
1483,0,0
1484,1,1
1484,0,0
1484,0,0
1486,0,2
1487,1,1
1487,0,0
1487,0,0
1488,0,1
1488,0,0
1489,1,1
1489,0,0
1490,1,1
1490,0,0
1491,1,1
1491,0,0
1491,0,0
1494,0,3
1495,1,1
1495,0,0
1498,0,3
1499,1,1
1499,0,0
1499,0,0
1500,0,1
1500,0,0
1501,1,1
1501,0,0
1502,1,1
1502,0,0
1503,1,1
1503,0,0
1504,1,1
1504,0,0
1504,0,0
1505,1,1
1505,0,0
1506,1,1
1506,0,0
1507,1,1
1507,0,0
1508,1,1
1508,0,0
1508,0,0
1509,1,1
1509,0,0
1510,1,1
1510,0,0
1512,1,2
1512,0,0
1512,0,0
1513,0,1
1513,0,0
1514,1,1
1514,0,0
1515,1,1
1515,0,0
1518,0,3
1518,0,0
1519,0,1
1519,0,0
1520,1,1
1520,0,0
1522,0,2
1522,0,0
1523,0,1
1523,0,0
1524,1,1
1524,0,0
1525,1,1
1525,0,0
1526,1,1
1526,0,0
1527,1,1
1527,0,0
1527,0,0
1528,1,1
1528,0,0
1529,1,1
1529,0,0
1530,1,1
1534,0,4
1535,1,1
1536,1,1
1536,0,0
1537,1,1
1538,1,1
1538,0,0
1539,1,1
1542,0,3
1543,1,1
1544,1,1
1544,0,0
1545,1,1
1546,1,1
1546,0,0
1547,1,1
1548,1,1
1548,0,0
1549,1,1
1550,1,1
1550,0,0
1551,1,1
1552,1,1
1552,0,0
1553,1,1
1554,1,1
1554,0,0
1555,1,1
1556,1,1
1556,0,0
1557,1,1
1558,1,1
1558,0,0
1562,1,4
1563,1,1
1563,0,0
1564,1,1
1565,1,1
1565,0,0
1566,1,1
1570,0,4
1571,1,1
1571,0,0
1572,1,1
1572,0,0
1572,0,0
1573,1,1
1573,0,0
1574,1,1
1574,0,0
1575,1,1
1575,0,0
1575,0,0
1576,0,1
1576,0,0
1577,1,1
1577,0,0
1578,1,1
1578,0,0
1579,1,1
1579,0,0
1579,0,0
1580,0,1
1580,0,0
1581,1,1
1581,0,0
1582,1,1
1582,0,0
1582,0,0
1583,0,1
1583,0,0
1584,1,1
1584,0,0
1586,0,2
1586,0,0
1587,0,1
1587,0,0
1588,1,1
1588,0,0
1589,1,1
1589,0,0
1590,1,1
1590,0,0
1590,0,0
1591,0,1
1591,0,0
1592,1,1
1592,0,0
1593,1,1
1593,0,0
1593,0,0
1594,0,1
1594,0,0
1595,1,1
1597,0,2
1597,0,0
1598,0,1
1599,1,1
1599,0,0
1602,0,3
1603,1,1
1603,0,0
1604,1,1
1604,0,0
1605,1,1
1606,0,1
1606,0,0
1607,0,1
1607,0,0
1608,1,1
1608,0,0
1609,1,1
1609,0,0
1610,1,1
1610,0,0
1611,1,1
1611,0,0
1612,1,1
1612,0,0
1612,0,0
1614,0,2
1614,0,0
1615,0,1
1615,0,0
1616,1,1
1616,0,0
1617,1,1
1617,0,0
1618,1,1
1618,0,0
1619,1,1
1619,0,0
1620,1,1
1620,0,0
1620,0,0
1621,1,1
1626,0,5
1627,1,1
1627,0,0
1628,1,1
1628,0,0
1629,1,1
1629,0,0
1629,0,0
1630,0,1
1630,0,0
1634,0,4
1635,1,1
1635,0,0
1636,1,1
1636,0,0
1636,0,0
1637,0,1
1637,0,0
1638,1,1
1638,0,0
1639,0,1
1639,0,0
1640,1,1
1640,0,0
1641,1,1
1641,0,0
1642,1,1
1642,0,0
1642,0,0
1643,0,1
1643,0,0
1644,1,1
1644,0,0
1645,1,1
1645,0,0
1645,0,0
1646,0,1
1646,0,0
1647,1,1
1647,0,0
1648,1,1
1648,0,0
1648,0,0
1649,0,1
1649,0,0
1650,1,1
1650,0,0
1651,1,1
1651,0,0
1652,1,1
1652,0,0
1652,0,0
1653,1,1
1653,0,0
1654,1,1
1654,0,0
1655,1,1
1657,1,2
1658,0,1
1658,0,0
1659,0,1
1659,0,0
1660,1,1
1660,0,0
1661,1,1
1662,0,1
1663,1,1
1663,0,0
1664,1,1
1664,0,0
1664,0,0
1665,1,1
1665,0,0
1666,1,1
1666,0,0
1670,0,4
1671,1,1
1671,0,0
1672,1,1
1672,0,0
1673,1,1
1673,0,0
1674,0,1
1674,0,0
1675,0,1
1675,0,0
1676,1,1
1676,0,0
1677,1,1
1678,0,1
1678,0,0
1679,1,1
1679,0,0
1680,1,1
1680,0,0
1681,1,1
1681,0,0
1682,1,1
1682,0,0
1682,0,0
1683,1,1
1683,0,0
1684,1,1
1686,0,2
1686,0,0
1687,0,1
1687,0,0
1688,1,1
1688,0,0
1689,1,1
1689,0,0
1690,1,1
1690,0,0
1690,0,0
1691,0,1
1691,0,0
1692,1,1
1692,0,0
1693,1,1
1693,0,0
1693,0,0
1694,0,1
1694,0,0
1695,1,1
1695,0,0
1698,0,3
1699,1,1
1699,0,0
1699,0,0
1700,0,1
1700,0,0
1702,0,2
1702,0,0
1703,0,1
1703,0,0
1704,1,1
1704,0,0
1705,1,1
1705,0,0
1706,1,1
1706,0,0
1707,1,1
1707,0,0
1707,0,0
1708,1,1
1708,0,0
1709,1,1
1709,0,0
1710,0,1
1710,0,0
1711,1,1
1711,0,0
1712,1,1
1712,0,0
1713,1,1
1714,0,1
1714,0,0
1715,0,1
1715,0,0
1718,0,3
1718,0,0
1719,0,1
1719,0,0
1720,1,1
1720,0,0
1721,1,1
1721,0,0
1722,1,1
1726,0,4
1727,1,1
1727,0,0
1728,1,1
1728,0,0
1728,0,0
1729,0,1
1729,0,0
1730,1,1
1730,0,0
1731,1,1
1731,0,0
1732,1,1
1732,0,0
1732,0,0
1733,1,1
1733,0,0
1734,1,1
1734,0,0
1735,1,1
1735,0,0
1736,1,1
1736,0,0
1736,0,0
1737,1,1
1738,0,1
1738,0,0
1739,0,1
1739,0,0
1740,1,1
1740,0,0
1741,1,1
1741,0,0
1741,0,0
1742,1,1
1742,0,0
1746,0,4
1746,0,0
1747,0,1
1747,0,0
1748,1,1
1748,0,0
1749,1,1
1749,0,0
1750,1,1
1750,0,0
1750,0,0
1751,0,1
1751,0,0
1752,1,1
1752,0,0
1753,1,1
1753,0,0
1753,0,0
1754,0,1
1754,0,0
1755,1,1
1755,0,0
1756,1,1
1756,0,0
1758,0,2
1758,0,0
1759,0,1
1759,0,0
1760,1,1
1760,0,0
1761,1,1
1761,0,0
1762,1,1
1762,0,0
1762,0,0
1763,0,1
1763,0,0
1764,1,1
1764,0,0
1765,1,1
1765,0,0
1765,0,0
1766,0,1
1766,0,0
1767,1,1
1767,0,0
1768,1,1
1768,0,0
1770,0,2
1770,0,0
1774,0,4
1774,0,0
1775,0,1
1775,0,0
1776,1,1
1776,0,0
1777,1,1
1777,0,0
1778,1,1
1778,0,0
1778,0,0
1779,1,1
1779,0,0
1780,1,1
1780,0,0
1781,1,1
1781,0,0
1781,0,0
1782,0,1
1782,0,0
1786,0,4
1786,0,0
1787,0,1
1787,0,0
1788,1,1
1788,0,0
1789,1,1
1789,0,0
1790,1,1
1790,0,0
1790,0,0
1791,1,1
1791,0,0
1792,1,1
1792,0,0
1793,1,1
1793,0,0
1793,0,0
1794,1,1
1794,0,0
1795,1,1
1795,0,0
1796,1,1
1796,0,0
1797,1,1
1798,0,1
1799,1,1
1799,0,0
1799,0,0
1800,1,1
1800,0,0
1801,1,1
1801,0,0
1802,1,1
1804,1,2
1804,0,0
1805,1,1
1805,0,0
1806,1,1
1806,0,0
1806,0,0
1807,1,1
1807,0,0
1808,1,1
1808,0,0
1809,1,1
1810,0,1
1810,0,0
1811,0,1
1812,0,1
1813,1,1
1813,0,0
1814,1,1
1814,0,0
1815,1,1
1815,0,0
1816,1,1
1816,0,0
1817,1,1
1817,0,0
1817,0,0
1818,0,1
1818,0,0
1822,0,4
1826,0,4
1827,1,1
1827,0,0
1827,0,0
1828,1,1
1828,0,0
1829,1,1
1829,0,0
1830,1,1
1830,0,0
1831,1,1
1831,0,0
1831,0,0
1832,1,1
1832,0,0
1833,1,1
1833,0,0
1834,1,1
1834,0,0
1834,0,0
1835,1,1
1835,0,0
1836,1,1
1836,0,0
1837,1,1
1837,0,0
1837,0,0
1838,0,1
1838,0,0
1839,1,1
1839,0,0
1840,1,1
1840,0,0
1840,0,0
1841,1,1
1841,0,0
1842,1,1
1842,0,0
1843,1,1
1843,0,0
1843,0,0
1844,1,1
1844,0,0
1845,1,1
1845,0,0
1846,0,1
1847,1,1
1847,0,0
1848,1,1
1848,0,0
1850,0,2
1854,1,4
1854,0,0
1854,0,0
1855,0,1
1855,0,0
1856,1,1
1856,0,0
1857,1,1
1857,0,0
1858,1,1
1858,0,0
1859,1,1
1859,0,0
1859,0,0
1860,1,1
1860,0,0
1861,1,1
1861,0,0
1861,0,0
1862,0,1
1862,0,0
1863,1,1
1863,0,0
1865,1,2
1865,0,0
1866,1,1
1866,0,0
1867,1,1
1867,0,0
1868,1,1
1868,0,0
1868,0,0
1869,1,1
1869,0,0
1870,1,1
1870,0,0
1871,1,1
1871,0,0
1871,0,0
1873,2,2
1873,0,0
1873,0,0
1874,1,1
1874,0,0
1875,1,1
1875,0,0
1876,1,1
1878,0,2
1878,0,0
1879,0,1
1879,0,0
1880,1,1
1880,0,0
1881,1,1
1886,0,5
1886,0,0
1887,0,1
1887,0,0
1888,1,1
1888,0,0
1889,1,1
1889,0,0
1890,1,1
1890,0,0
1890,0,0
1891,1,1
1891,0,0
1893,2,2
1893,0,0
1893,0,0
1894,1,1
1894,0,0
1895,1,1
1895,0,0
1896,1,1
1896,0,0
1896,0,0
1898,0,2
1898,0,0
1899,0,1
1899,0,0
1900,1,1
1900,0,0
1901,1,1
1901,0,0
1901,0,0
1902,0,1
1902,0,0
1903,1,1
1903,0,0
1904,1,1
1904,0,0
1905,1,1
1905,0,0
1905,0,0
1906,0,1
1906,0,0
1907,1,1
1910,0,3
1910,0,0
1911,0,1
1911,0,0
1912,1,1
1912,0,0
1913,1,1
1913,0,0
1914,1,1
1914,0,0
1914,0,0
1915,0,1
1915,0,0
1916,1,1
1916,0,0
1917,1,1
1917,0,0
1918,0,1
1918,0,0
1919,1,1
1919,0,0
1920,1,1
1920,0,0
1921,1,1
1921,0,0
1921,0,0
1922,0,1
1926,0,4
1927,1,1
1927,0,0
1928,1,1
1928,0,0
1929,1,1
1929,0,0
1929,0,0
1930,1,1
1930,0,0
1931,1,1
1931,0,0
1932,1,1
1932,0,0
1934,0,2
1935,1,1
1935,0,0
1935,0,0
1936,0,1
1936,0,0
1937,1,1
1937,0,0
1938,1,1
1938,0,0
1939,1,1
1939,0,0
1939,0,0
1940,1,1
1940,0,0
1941,1,1
1941,0,0
1941,0,0
1942,0,1
1942,0,0
1943,1,1
1943,0,0
1946,0,3
1946,0,0
1947,0,1
1947,0,0
1948,1,1
1948,0,0
1949,1,1
1949,0,0
1950,1,1
1950,0,0
1950,0,0
1951,0,1
1951,0,0
1952,1,1
1952,0,0
1953,1,1
1953,0,0
1953,0,0
1954,0,1
1956,0,2
1956,0,0
1957,1,1
1957,0,0
1958,1,1
1958,0,0
1959,1,1
1959,0,0
1959,0,0
1960,0,1
1960,0,0
1961,1,1
1961,0,0
1962,1,1
1963,1,1
1963,0,0
1964,1,1
1964,0,0
1965,1,1
1966,0,1
1966,0,0
1967,1,1
1967,0,0
1968,1,1
1968,0,0
1970,0,2
1970,0,0
1971,1,1
1971,0,0
1972,1,1
1972,0,0
1973,1,1
1973,0,0
1973,0,0
1974,0,1
1978,0,4
1979,1,1
1979,0,0
1980,1,1
1980,0,0
1980,0,0
1981,1,1
1981,0,0
1982,1,1
1982,0,0
1983,1,1
1986,0,3
1986,0,0
1987,0,1
1987,0,0
1988,1,1
1988,0,0
1989,1,1
1989,0,0
1990,1,1
1990,0,0
1990,0,0
1991,1,1
1991,0,0
1992,1,1
1992,0,0
1993,1,1
1993,0,0
1993,0,0
1994,1,1
1994,0,0
1995,1,1
1995,0,0
1996,1,1
1996,0,0
1996,0,0
1997,1,1
1997,0,0
1998,1,1
1998,0,0
1999,1,1
1999,0,0
1999,0,0
2000,1,1
2000,0,0
2001,1,1
2001,0,0
2002,1,1
2002,0,0
2002,0,0
2003,1,1
2003,0,0
2004,1,1
2004,0,0
2005,1,1
2005,0,0
2005,0,0
2006,0,1
2010,0,4
2013,1,3
2013,0,0
2014,1,1
2014,0,0
2015,1,1
2015,0,0
2016,1,1
2016,0,0
2016,0,0
2017,1,1
2017,0,0
2018,1,1
2018,0,0
2019,1,1
2019,0,0
2019,0,0
2020,0,1
2020,0,0
2021,1,1
2021,0,0
2022,1,1
2022,0,0
2022,0,0
2023,0,1
2023,0,0
2024,1,1
2024,0,0
2025,1,1
2025,0,0
2026,1,1
2026,0,0
2026,0,0
2027,1,1
2027,0,0
2028,1,1
2028,0,0
2029,1,1
2029,0,0
2030,0,1
2030,0,0
2031,1,1
2031,0,0
2032,1,1
2032,0,0
2033,1,1
2033,0,0
2033,0,0
2034,0,1
2034,0,0
2038,0,4
2039,1,1
2039,0,0
2040,1,1
2040,0,0
2040,0,0
2041,0,1
2042,0,1
2042,0,0
2043,1,1
2043,0,0
2044,1,1
2044,0,0
2045,1,1
2045,0,0
2045,0,0
2046,0,1
2046,0,0
2050,0,4
2051,1,1
2051,0,0
2051,0,0
2052,0,1
2052,0,0
2053,1,1
2053,0,0
2054,1,1
2054,0,0
2055,1,1
2055,0,0
2055,0,0
2056,1,1
2056,0,0
2057,1,1
2057,0,0
2058,1,1
2058,0,0
2058,0,0
2059,1,1
2059,0,0
2060,1,1
2060,0,0
2060,0,0
2061,0,1
2061,0,0
2062,1,1
2062,0,0
2063,1,1
2065,1,2
2065,0,0
2066,1,1
2066,0,0
2067,1,1
2067,0,0
2067,0,0
2068,1,1
2068,0,0
2069,1,1
2069,0,0
2070,1,1
2070,0,0
2070,0,0
2071,1,1
2071,0,0
2072,1,1
2072,0,0
2073,1,1
2074,0,1
2074,0,0
2075,0,1
2075,0,0
2076,1,1
2078,0,2
2079,1,1
2079,0,0
2079,0,0
2080,1,1
2080,0,0
2081,1,1
2081,0,0
2082,1,1
2086,0,4
2087,1,1
2087,0,0
2087,0,0
2088,1,1
2088,0,0
2089,1,1
2089,0,0
2090,1,1
2090,0,0
2090,0,0
2091,0,1
2091,0,0
2092,1,1
2092,0,0
2094,0,2
2094,0,0
2095,0,1
2095,0,0
2096,1,1
2096,0,0
2097,1,1
2097,0,0
2098,1,1
2098,0,0
2098,0,0
2099,1,1
2099,0,0
2100,1,1
2100,0,0
2101,1,1
2101,0,0
2102,1,1
2102,0,0
2102,0,0
2103,0,1
2103,0,0
2104,0,1
2105,1,1
2105,0,0
2106,1,1
2106,0,0
2107,1,1
2107,0,0
2107,0,0
2108,1,1
2108,0,0
2110,0,2
2110,0,0
2112,1,2
2112,0,0
2113,1,1
2113,0,0
2115,2,2
2115,0,0
2116,1,1
2116,0,0
2116,0,0
2117,1,1
2117,0,0
2118,1,1
2118,0,0
2122,1,4
2122,0,0
2123,1,1
2123,0,0
2126,0,3
2127,1,1
2127,0,0
2128,1,1
2128,0,0
2128,0,0
2129,0,1
2129,0,0
2130,1,1
2130,0,0
2131,1,1
2131,0,0
2132,1,1
2132,0,0
2132,0,0
2133,1,1
2133,0,0
2134,1,1
2134,0,0
2134,0,0
2135,0,1
2135,0,0
2136,1,1
2136,0,0
2137,1,1
2137,0,0
2137,0,0
2138,1,1
2138,0,0
2139,1,1
2139,0,0
2139,0,0
2140,0,1
2140,0,0
2141,1,1
2141,0,0
2142,1,1
2142,0,0
2142,0,0
2143,1,1
2143,0,0
2146,0,3
2147,1,1
2147,0,0
2147,0,0
2148,0,1
2148,0,0
2149,1,1
2149,0,0
2150,1,1
2150,0,0
2150,0,0
2151,0,1
2151,0,0
2152,1,1
2152,0,0
2153,1,1
2153,0,0
2153,0,0
2154,1,1
2154,0,0
2155,1,1
2155,0,0
2156,1,1
2156,0,0
2156,0,0
2157,1,1
2157,0,0
2158,1,1
2158,0,0
2158,0,0
2159,1,1
2159,0,0
2160,1,1
2160,0,0
2161,1,1
2161,0,0
2161,0,0
2162,0,1
2163,0,1
2164,1,1
2164,0,0
2164,0,0
2165,0,1
2165,0,0
2166,1,1
2166,0,0
2167,1,1
2167,0,0
2167,0,0
2168,0,1
2168,0,0
2169,1,1
2169,0,0
2170,0,1
2171,1,1
2171,0,0
2172,1,1
2172,0,0
2174,0,2
2175,1,1
2175,0,0
2176,1,1
2177,1,1
2177,0,0
2178,1,1
2179,1,1
2179,0,0
2179,0,0
2180,0,1
2181,1,1
2181,0,0
2182,0,1
2183,1,1
2183,0,0
2186,0,3
2187,1,1
2188,1,1
2188,0,0
2189,1,1
2189,0,0
2190,0,1
2191,1,1
2191,0,0
2192,1,1
2193,1,1
2193,0,0
2194,1,1
2195,1,1
2195,0,0
2196,1,1
2197,1,1
2197,0,0
2198,1,1
2198,0,0
2199,0,1
2200,1,1
2200,0,0
2201,1,1
2202,0,1
2202,0,0
2203,1,1
2203,0,0
2204,1,1
2204,0,0
2205,1,1
2205,0,0
2205,0,0
2206,0,1
2206,0,0
2210,0,4
2210,0,0
2211,0,1
2211,0,0
2212,1,1
2212,0,0
2213,1,1
2213,0,0
2214,1,1
2214,0,0
2214,0,0
2215,1,1
2215,0,0
2216,1,1
2216,0,0
2216,0,0
2217,0,1
2217,0,0
2218,1,1
2218,0,0
2219,1,1
2219,0,0
2219,0,0
2220,1,1
2220,0,0
2221,1,1
2221,0,0
2221,0,0
2222,0,1
2222,0,0
2223,1,1
2230,0,7
2231,1,1
2231,0,0
2232,1,1
2232,0,0
2232,0,0
2233,1,1
2233,0,0
2234,1,1
2234,0,0
2235,1,1
2235,0,0
2235,0,0
2236,1,1
2236,0,0
2237,1,1
2237,0,0
2238,1,1
2238,0,0
2243,1,5
2243,0,0
2244,1,1
2244,0,0
2244,0,0
2245,0,1
2245,0,0
2246,1,1
2246,0,0
2247,1,1
2247,0,0
2248,1,1
2248,0,0
2248,0,0
2249,1,1
2249,0,0
2250,1,1
2250,0,0
2250,0,0
2251,0,1
2251,0,0
2252,1,1
2252,0,0
2253,1,1
2253,0,0
2253,0,0
2254,0,1
2254,0,0
2255,0,1
2256,1,1
2258,0,2
2259,1,1
2259,0,0
2260,1,1
2260,0,0
2260,0,0
2261,1,1
2261,0,0
2262,1,1
2262,0,0
2263,1,1
2263,0,0
2263,0,0
2264,1,1
2264,0,0
2265,1,1
2265,0,0
2266,1,1
2266,0,0
2266,0,0
2267,1,1
2267,0,0
2268,1,1
2268,0,0
2268,0,0
2269,1,1
2270,0,1
2270,0,0
2271,1,1
2274,0,3
2275,1,1
2275,0,0
2276,1,1
2276,0,0
2276,0,0
2277,1,1
2278,0,1
2278,0,0
2279,1,1
2279,0,0
2280,1,1
2280,0,0
2281,1,1
2281,0,0
2281,0,0
2282,1,1
2286,0,4
2287,1,1
2287,0,0
2287,0,0
2288,0,1
2288,0,0
2289,1,1
2289,0,0
2290,1,1
2290,0,0
2290,0,0
2291,0,1
2291,0,0
2292,1,1
2292,0,0
2293,1,1
2293,0,0
2294,1,1
2294,0,0
2294,0,0
2295,1,1
2295,0,0
2296,1,1
2296,0,0
2296,0,0
2297,1,1
2299,1,2
2299,0,0
2300,1,1
2300,0,0
2301,1,1
2301,0,0
2302,1,1
2302,0,0
2302,0,0
2304,1,2
2304,0,0
2305,1,1
2305,0,0
2306,1,1
2306,0,0
2307,1,1
2307,0,0
2307,0,0
2308,1,1
2308,0,0
2309,1,1
2309,0,0
2309,0,0
2310,0,1
2310,0,0
2311,1,1
2311,0,0
2312,1,1
2312,0,0
2312,0,0
2313,1,1
2313,0,0
2314,0,1
2314,0,0
2315,1,1
2315,0,0
2318,0,3
2318,0,0
2319,0,1
2319,0,0
2320,1,1
2320,0,0
2321,1,1
2321,0,0
2321,0,0
2322,1,1
2322,0,0
2323,1,1
2323,0,0
2324,1,1
2324,0,0
2324,0,0
2325,1,1
2325,0,0
2326,1,1
2326,0,0
2326,0,0
2327,0,1
2327,0,0
2328,1,1
2328,0,0
2329,1,1
2329,0,0
2329,0,0
2330,0,1
2330,0,0
2331,1,1
2331,0,0
2332,1,1
2332,0,0
2332,0,0
2333,0,1
2333,0,0
2334,1,1
2334,0,0
2335,1,1
2338,0,3
2339,1,1
2339,0,0
2340,1,1
2340,0,0
2340,0,0
2341,1,1
2341,0,0
2342,1,1
2342,0,0
2343,1,1
2343,0,0
2343,0,0
2344,1,1
2344,0,0
2345,1,1
2345,0,0
2346,1,1
2346,0,0
2346,0,0
2347,1,1
2347,0,0
2348,1,1
2348,0,0
2348,0,0
2349,0,1
2349,0,0
2350,1,1
2350,0,0
2351,1,1
2351,0,0
2351,0,0
2352,1,1
2352,0,0
2353,1,1
2353,0,0
2353,0,0
2354,0,1
2354,0,0
2355,1,1
2355,0,0
2356,1,1
2356,0,0
2356,0,0
2357,0,1
2357,0,0
2358,1,1
2358,0,0
2359,1,1
2362,0,3
2363,1,1
2363,0,0
2363,0,0
2364,1,1
2364,0,0
2365,1,1
2365,0,0
2366,1,1
2366,0,0
2374,0,8
2375,1,1
2375,0,0
2376,1,1
2376,0,0
2377,1,1
2377,0,0
2378,1,1
2378,0,0
2378,0,0
2379,1,1
2379,0,0
2380,1,1
2380,0,0
2380,0,0
2381,0,1
2381,0,0
2382,1,1
2382,0,0
2383,1,1
2383,0,0
2383,0,0
2384,1,1
2384,0,0
2385,1,1
2385,0,0
2386,1,1
2386,0,0
2386,0,0
2387,1,1
2387,0,0
2388,1,1
2388,0,0
2388,0,0
2390,0,2
2390,0,0
2391,0,1
2391,0,0
2392,1,1
2392,0,0
2393,1,1
2393,0,0
2393,0,0
2394,0,1
2394,0,0
2395,1,1
2395,0,0
2396,1,1
2396,0,0
2396,0,0
2397,1,1
2397,0,0
2398,1,1
2401,1,3
2402,0,1
2403,1,1
2403,0,0
2403,0,0
2404,1,1
2404,0,0
2405,1,1
2405,0,0
2406,1,1
2410,0,4
2412,2,2
2412,0,0
2413,1,1
2413,0,0
2413,0,0
2414,0,1
2414,0,0
2415,1,1
2415,0,0
2416,1,1
2416,0,0
2416,0,0
2417,1,1
2417,0,0
2418,1,1
2418,0,0
2419,1,1
2419,0,0
2419,0,0
2420,1,1
2420,0,0
2421,1,1
2421,0,0
2421,0,0
2422,0,1
2422,0,0
2423,1,1
2423,0,0
2424,1,1
2424,0,0
2424,0,0
2425,1,1
2425,0,0
2426,1,1
2426,0,0
2426,0,0
2427,0,1
2427,0,0
2428,1,1
2428,0,0
2429,1,1
2429,0,0
2429,0,0
2430,1,1
2430,0,0
2431,1,1
2431,0,0
2431,0,0
2432,0,1
2432,0,0
2433,1,1
2433,0,0
2434,1,1
2434,0,0
2434,0,0
2435,1,1
2435,0,0
2436,1,1
2436,0,0
2436,0,0
2437,0,1
2437,0,0
2438,0,1
2438,0,0
2439,1,1
2439,0,0
2442,0,3
2443,1,1
2443,0,0
2444,1,1
2444,0,0
2444,0,0
2445,1,1
2445,0,0
2446,1,1
2446,0,0
2447,1,1
2447,0,0
2447,0,0
2448,1,1
2448,0,0
2449,1,1
2449,0,0
2449,0,0
2450,0,1
2450,0,0
2451,1,1
2451,0,0
2452,1,1
2452,0,0
2452,0,0
2453,1,1
2453,0,0
2454,1,1
2454,0,0
2454,0,0
2455,0,1
2455,0,0
2456,1,1
2456,0,0
2457,1,1
2457,0,0
2457,0,0
2458,1,1
2458,0,0
2459,1,1
2462,0,3
2463,1,1
2463,0,0
2463,0,0
2464,0,1
2464,0,0
2465,1,1
2465,0,0
2466,1,1
2466,0,0
2467,1,1
2467,0,0
2467,0,0
2468,1,1
2468,0,0
2469,1,1
2469,0,0
2469,0,0
2470,1,1
2470,0,0
2471,1,1
2471,0,0
2471,0,0
2472,0,1
2472,0,0
2473,1,1
2473,0,0
2474,1,1
2474,0,0
2474,0,0
2475,1,1
2475,0,0
2478,3,3
2482,0,4
2483,1,1
2483,0,0
2484,1,1
2484,0,0
2485,1,1
2485,0,0
2485,0,0
2486,1,1
2486,0,0
2487,1,1
2487,0,0
2487,0,0
2488,0,1
2488,0,0
2490,0,2
2490,0,0
2491,1,1
2491,0,0
2492,1,1
2492,0,0
2493,1,1
2493,0,0
2493,0,0
2494,1,1
2494,0,0
2495,1,1
2495,0,0
2495,0,0
2496,0,1
2498,0,2
2498,0,0
2499,0,1
2499,0,0
2500,1,1
2502,0,2
2503,1,1
2503,0,0
2503,0,0
2504,1,1
2504,0,0
2505,1,1
2505,0,0
2506,1,1
2506,0,0
2506,0,0
2507,0,1
2507,0,0
2508,1,1
2508,0,0
2509,1,1
2509,0,0
2510,1,1
2510,0,0
2510,0,0
2511,1,1
2514,0,3
2515,1,1
2515,0,0
2515,0,0
2516,1,1
2516,0,0
2517,1,1
2517,0,0
2518,0,1
2518,0,0
2519,1,1
2519,0,0
2520,1,1
2520,0,0
2521,1,1
2521,0,0
2522,0,1
2522,0,0
2523,1,1
2523,0,0
2524,1,1
2524,0,0
2525,1,1
2525,0,0
2525,0,0
2526,1,1
2530,0,4
2530,0,0
2531,0,1
2531,0,0
2532,1,1
2532,0,0
2533,1,1
2533,0,0
2533,0,0
2534,0,1
2534,0,0
2535,1,1
2535,0,0
2536,1,1
2536,0,0
2536,0,0
2537,1,1
2537,0,0
2538,1,1
2542,0,4
2543,1,1
2543,0,0
2543,0,0
2544,0,1
2544,0,0
2545,1,1
2545,0,0
2546,1,1
2546,0,0
2546,0,0
2547,0,1
2547,0,0
2548,1,1
2548,0,0
2549,1,1
2549,0,0
2549,0,0
2550,1,1
2550,0,0
2551,1,1
2551,0,0
2551,0,0
2552,0,1
2552,0,0
2553,1,1
2553,0,0
2554,1,1
2554,0,0
2554,0,0
2555,1,1
2555,0,0
2556,1,1
2556,0,0
2556,0,0
2557,1,1
2557,0,0
2558,1,1
2558,0,0
2559,1,1
2559,0,0
2559,0,0
2560,1,1
2560,0,0
2561,1,1
2562,0,1
2562,0,0
2563,0,1
2563,0,0
2564,1,1
2564,0,0
2565,1,1
2565,0,0
2566,1,1
2566,0,0
2566,0,0
2567,1,1
2567,0,0
2568,1,1
2568,0,0
2568,0,0
2570,0,2
2570,0,0
2571,1,1
2571,0,0
2572,1,1
2574,0,2
2574,0,0
2575,0,1
2575,0,0
2576,1,1
2576,0,0
2577,1,1
2577,0,0
2578,1,1
2578,0,0
2578,0,0
2579,1,1
2582,0,3
2583,1,1
2583,0,0
2583,0,0
2584,1,1
2584,0,0
2585,1,1
2585,0,0
2586,1,1
2586,0,0
2586,0,0
2587,1,1
2587,0,0
2588,1,1
2588,0,0
2588,0,0
2589,1,1
2590,0,1
2590,0,0
2591,1,1
2591,0,0
2592,1,1
2592,0,0
2593,1,1
2593,0,0
2593,0,0
2594,1,1
2594,0,0
2595,1,1
2598,0,3
2598,0,0
2599,0,1
2599,0,0
2600,1,1
2600,0,0
2601,1,1
2601,0,0
2601,0,0
2602,1,1
2602,0,0
2603,1,1
2603,0,0
2603,0,0
2604,0,1
2604,0,0
2606,0,2
2606,0,0
2607,0,1
2607,0,0
2608,1,1
2608,0,0
2609,1,1
2609,0,0
2609,0,0
2610,1,1
2610,0,0
2611,1,1
2611,0,0
2611,0,0
2612,0,1
2612,0,0
2613,1,1
2614,0,1
2614,0,0
2615,1,1
2615,0,0
2616,1,1
2618,0,2
2619,1,1
2619,0,0
2619,0,0
2620,1,1
2620,0,0
2621,1,1
2621,0,0
2621,0,0
2622,0,1
2626,0,4
2627,1,1
2627,0,0
2627,0,0
2628,1,1
2628,0,0
2629,1,1
2629,0,0
2630,1,1
2630,0,0
2630,0,0
2631,1,1
2631,0,0
2632,1,1
2632,0,0
2632,0,0
2633,0,1
2633,0,0
2634,1,1
2634,0,0
2638,0,4
2639,1,1
2639,0,0
2639,0,0
2640,1,1
2640,0,0
2641,1,1
2641,0,0
2642,1,1
2642,0,0
2642,0,0
2643,1,1
2643,0,0
2644,1,1
2644,0,0
2644,0,0
2645,0,1
2645,0,0
2646,1,1
2646,0,0
2647,1,1
2647,0,0
2647,0,0
2648,1,1
2648,0,0
2649,1,1
2649,0,0
2649,0,0
2650,0,1
2650,0,0
2651,1,1
2651,0,0
2652,1,1
2652,0,0
2652,0,0
2653,1,1
2653,0,0
2655,2,2
2655,0,0
2655,0,0
2656,0,1
2656,0,0
2657,0,1
2657,0,0
2658,0,1
2658,0,0
2659,1,1
2662,0,3
2662,0,0
2663,0,1
2663,0,0
2664,1,1
2664,0,0
2665,1,1
2665,0,0
2666,1,1
2666,0,0
2666,0,0
2670,0,4
2671,1,1
2671,0,0
2671,0,0
2672,1,1
2672,0,0
2673,1,1
2673,0,0
2673,0,0
2674,0,1
2674,0,0
2675,1,1
2675,0,0
2676,1,1
2676,0,0
2676,0,0
2677,1,1
2677,0,0
2678,1,1
2678,0,0
2678,0,0
2679,0,1
2679,0,0
2680,1,1
2680,0,0
2681,1,1
2681,0,0
2681,0,0
2682,1,1
2682,0,0
2683,1,1
2683,0,0
2683,0,0
2684,1,1
2684,0,0
2685,1,1
2685,0,0
2685,0,0
2690,0,5
2691,1,1
2691,0,0
2691,0,0
2692,1,1
2692,0,0
2693,1,1
2693,0,0
2694,1,1
2694,0,0
2694,0,0
2695,1,1
2695,0,0
2696,1,1
2696,0,0
2697,1,1
2697,0,0
2698,0,1
2698,0,0
2699,1,1
2699,0,0
2700,1,1
2700,0,0
2701,1,1
2701,0,0
2701,0,0
2702,1,1
2706,0,4
2707,1,1
2707,0,0
2707,0,0
2708,0,1
2708,0,0
2709,1,1
2709,0,0
2710,1,1
2710,0,0
2710,0,0
2711,0,1
2711,0,0
2712,1,1
2712,0,0
2713,1,1
2713,0,0
2713,0,0
2714,1,1
2714,0,0
2715,1,1
2715,0,0
2715,0,0
2716,0,1
2716,0,0
2717,1,1
2717,0,0
2718,1,1
2718,0,0
2718,0,0
2719,1,1
2719,0,0
2720,1,1
2720,0,0
2720,0,0
2721,1,1
2721,0,0
2722,1,1
2722,0,0
2723,1,1
2723,0,0
2723,0,0
2724,1,1
2726,0,2
2727,1,1
2727,0,0
2727,0,0
2728,1,1
2728,0,0
2729,1,1
2729,0,0
2730,1,1
2730,0,0
2730,0,0
2731,1,1
2731,0,0
2732,1,1
2732,0,0
2732,0,0
2733,0,1
2733,0,0
2734,1,1
2734,0,0
2735,1,1
2735,0,0
2738,0,3
2739,1,1
2739,0,0
2740,1,1
2740,0,0
2740,0,0
2741,1,1
2741,0,0
2742,0,1
2742,0,0
2743,1,1
2743,0,0
2746,0,3
2747,1,1
2747,0,0
2747,0,0
2748,1,1
2748,0,0
2749,1,1
2749,0,0
2750,1,1
2750,0,0
2751,1,1
2751,0,0
2751,0,0
2752,1,1
2752,0,0
2753,1,1
2753,0,0
2754,1,1
2754,0,0
2755,1,1
2755,0,0
2755,0,0
2756,1,1
2756,0,0
2757,1,1
2757,0,0
2757,0,0
2758,1,1
2758,0,0
2759,1,1
2759,0,0
2762,0,3
2763,1,1
2763,0,0
2763,0,0
2764,1,1
2764,0,0
2765,1,1
2765,0,0
2766,1,1
2770,0,4
2771,1,1
2771,0,0
2771,0,0
2772,1,1
2772,0,0
2773,1,1
2773,0,0
2774,1,1
2774,0,0
2774,0,0
2775,1,1
2775,0,0
2776,1,1
2776,0,0
2776,0,0
2777,0,1
2777,0,0
2778,1,1
2778,0,0
2779,1,1
2779,0,0
2779,0,0
2780,1,1
2780,0,0
2781,1,1
2781,0,0
2781,0,0
2782,1,1
2782,0,0
2783,1,1
2783,0,0
2783,0,0
2784,0,1
2786,0,2
2786,0,0
2787,0,1
2787,0,0
2788,1,1
2788,0,0
2789,1,1
2789,0,0
2789,0,0
2790,1,1
2790,0,0
2791,1,1
2791,0,0
2792,1,1
2792,0,0
2792,0,0
2793,1,1
2793,0,0
2794,1,1
2794,0,0
2794,0,0
2795,0,1
2795,0,0
2796,1,1
2796,0,0
2797,1,1
2797,0,0
2797,0,0
2798,1,1
2802,0,4
2803,1,1
2803,0,0
2804,1,1
2804,0,0
2804,0,0
2806,0,2
2806,0,0
2807,0,1
2807,0,0
2808,1,1
2808,0,0
2809,1,1
2809,0,0
2809,0,0
2810,1,1
2810,0,0
2811,1,1
2811,0,0
2812,1,1
2812,0,0
2812,0,0
2813,1,1
2813,0,0
2814,1,1
2814,0,0
2814,0,0
2818,0,4
2818,0,0
2819,0,1
2819,0,0
2820,1,1
2820,0,0
2821,1,1
2821,0,0
2821,0,0
2822,0,1
2822,0,0
2823,1,1
2823,0,0
2824,1,1
2824,0,0
2824,0,0
2825,1,1
2825,0,0
2826,1,1
2826,0,0
2827,1,1
2827,0,0
2827,0,0
2828,1,1
2828,0,0
2829,1,1
2829,0,0
2829,0,0
2830,1,1
2830,0,0
2831,1,1
2831,0,0
2832,1,1
2832,0,0
2832,0,0
2833,1,1
2833,0,0
2834,1,1
2834,0,0
2837,1,3
2837,0,0
2837,0,0
2838,0,1
2838,0,0
2839,1,1
2839,0,0
2840,1,1
2840,0,0
2840,0,0
2841,1,1
2841,0,0
2842,1,1
2842,0,0
2843,1,1
2843,0,0
2843,0,0
2846,0,3
2846,0,0
2847,0,1
2847,0,0
2848,1,1
2848,0,0
2849,1,1
2849,0,0
2849,0,0
2850,0,1
2850,0,0
2851,1,1
2851,0,0
2852,1,1
2852,0,0
2852,0,0
2853,1,1
2853,0,0
2854,1,1
2854,0,0
2854,0,0
2855,0,1
2855,0,0
2857,1,2
2857,0,0
2858,1,1
2858,0,0
2859,1,1
2859,0,0
2859,0,0
2860,1,1
2860,0,0
2861,1,1
2861,0,0
2861,0,0
2862,0,1
2862,0,0
2865,1,3
2866,0,1
2866,0,0
2867,1,1
2867,0,0
2868,1,1
2868,0,0
2869,1,1
2869,0,0
2869,0,0
2870,1,1
2870,0,0
2871,1,1
2874,0,3
2875,1,1
2875,0,0
2876,1,1
2876,0,0
2877,1,1
2877,0,0
2877,0,0
2878,1,1
2878,0,0
2879,1,1
2879,0,0
2880,1,1
2880,0,0
2880,0,0
2881,1,1
2881,0,0
2882,1,1
2882,0,0
2883,1,1
2883,0,0
2883,0,0
2884,1,1
2886,0,2
2886,0,0
2887,0,1
2887,0,0
2888,1,1
2888,0,0
2889,1,1
2889,0,0
2889,0,0
2890,0,1
2890,0,0
2891,1,1
2891,0,0
2892,1,1
2892,0,0
2892,0,0
2893,1,1
2893,0,0
2894,1,1
2894,0,0
2895,1,1
2895,0,0
2895,0,0
2896,1,1
2896,0,0
2897,1,1
2897,0,0
2897,0,0
2898,1,1
2902,0,4
2903,1,1
2906,0,3
2907,1,1
2907,0,0
2908,1,1
2909,1,1
2909,0,0
2910,1,1
2910,0,0
2911,1,1
2911,0,0
2911,0,0
2912,0,1
2912,0,0
2913,1,1
2913,0,0
2914,1,1
2914,0,0
2914,0,0
2915,1,1
2915,0,0
2916,1,1
2916,0,0
2917,1,1
2917,0,0
2917,0,0
2918,1,1
2918,0,0
2919,1,1
2919,0,0
2919,0,0
2920,0,1
2920,0,0
2921,1,1
2921,0,0
2922,1,1
2922,0,0
2922,0,0
2923,1,1
2923,0,0
2924,1,1
2924,0,0
2924,0,0
2925,1,1
2925,0,0
2926,1,1
2926,0,0
2927,1,1
2927,0,0
2927,0,0
2928,1,1
2928,0,0
2929,1,1
2930,0,1
2930,0,0
2931,1,1
2931,0,0
2932,1,1
2932,0,0
2933,1,1
2933,0,0
2933,0,0
2934,1,1
2934,0,0
2938,0,4
2938,0,0
2939,1,1
2939,0,0
2940,1,1
2942,0,2
2942,0,0
2943,1,1
2943,0,0
2944,1,1
2944,0,0
2945,1,1
2945,0,0
2945,0,0
2946,1,1
2946,0,0
2947,1,1
2947,0,0
2947,0,0
2948,0,1
2948,0,0
2949,1,1
2949,0,0
2950,1,1
2950,0,0
2950,0,0
2951,1,1
2951,0,0
2952,1,1
2952,0,0
2952,0,0
2953,1,1
2953,0,0
2954,1,1
2954,0,0
2954,0,0
2956,1,2
2956,0,0
2957,0,1
2958,1,1
2958,0,0
2958,0,0
2959,1,1
2959,0,0
2960,1,1
2960,0,0
2961,1,1
2962,0,1
2962,0,0
2963,1,1
2963,0,0
2964,1,1
2964,0,0
2965,1,1
2965,0,0
2965,0,0
2966,1,1
2966,0,0
2967,1,1
2970,0,3
2971,1,1
2971,0,0
2971,0,0
2972,1,1
2972,0,0
2974,0,2
2974,0,0
2975,0,1
2975,0,0
2976,1,1
2976,0,0
2977,1,1
2977,0,0
2977,0,0
2978,1,1
2978,0,0
2979,1,1
2979,0,0
2980,1,1
2980,0,0
2980,0,0
2981,1,1
2981,0,0
2982,1,1
2982,0,0
2982,0,0
2983,0,1
2983,0,0
2984,1,1
2986,0,2
2987,1,1
2987,0,0
2987,0,0
2988,0,1
2988,0,0
2989,1,1
2989,0,0
2990,1,1
2990,0,0
2990,0,0
2991,0,1
2991,0,0
2992,1,1
2992,0,0
2993,1,1
2993,0,0
2993,0,0
2994,1,1
2994,0,0
2998,0,4
2998,0,0
2999,0,1
2999,0,0
3000,1,1
3000,0,0
3001,1,1
3001,0,0
3001,0,0
3002,1,1
3002,0,0
3003,1,1
3006,0,3
3006,0,0
3007,0,1
3007,0,0
3008,1,1
3008,0,0
3009,1,1
3009,0,0
3009,0,0
3010,0,1
3010,0,0
3011,1,1
3011,0,0
3012,1,1
3012,0,0
3012,0,0
3013,1,1
3013,0,0
3014,1,1
3014,0,0
3014,0,0
3015,0,1
3015,0,0
3016,1,1
3016,0,0
3017,1,1
3017,0,0
3017,0,0
3018,1,1
3018,0,0
3019,1,1
3019,0,0
3019,0,0
3020,1,1
3020,0,0
3021,1,1
3021,0,0
3021,0,0
3022,0,1
3022,0,0
3023,1,1
3023,0,0
3024,1,1
3024,0,0
3024,0,0
3025,1,1
3025,0,0
3026,1,1
3030,0,4
3030,0,0
3034,0,4
3035,1,1
3035,0,0
3035,0,0
3036,1,1
3036,0,0
3037,1,1
3037,0,0
3038,1,1
3038,0,0
3038,0,0
3039,1,1
3039,0,0
3040,1,1
3040,0,0
3040,0,0
3041,0,1
3041,0,0
3042,1,1
3042,0,0
3043,1,1
3043,0,0
3043,0,0
3044,1,1
3044,0,0
3045,1,1
3045,0,0
3045,0,0
3046,0,1
3046,0,0
3047,1,1
3047,0,0
3048,1,1
3048,0,0
3048,0,0
3049,1,1
3049,0,0
3050,1,1
3050,0,0
3050,0,0
3051,1,1
3051,0,0
3052,1,1
3052,0,0
3052,0,0
3053,1,1
3053,0,0
3054,1,1
3054,0,0
3055,1,1
3055,0,0
3055,0,0
3056,1,1
3056,0,0
3057,1,1
3057,0,0
3058,1,1
3058,0,0
3059,1,1
3059,0,0
3060,0,1
3060,0,0
3061,1,1
3061,0,0
3062,1,1
3062,0,0
3063,1,1
3063,0,0
3063,0,0
3065,0,2
3066,1,1
3066,0,0
3067,1,1
3067,0,0
3068,1,1
3068,0,0
3068,0,0
3069,1,1
3069,0,0
3070,1,1
3070,0,0
3071,1,1
3071,0,0
3071,0,0
3072,0,1
3072,0,0
3073,1,1
3073,0,0
3074,1,1
3074,0,0
3074,0,0
3075,1,1
3075,0,0
3076,1,1
3076,0,0
3078,0,2
3078,0,0
3079,1,1
3079,0,0
3080,1,1
3080,0,0
3081,1,1
3081,0,0
3086,5,5
3107,17,21
3107,17,0
3107,17,0
3107,17,0
3107,17,0
3107,17,0
3107,17,0
3107,17,0
3107,16,0
3107,16,0
3107,16,0
3108,14,1
3108,14,0
3108,14,0
3108,14,0
3108,13,0
3108,13,0
3108,13,0
3108,13,0
3108,13,0
3108,10,0
3110,12,2
3110,12,0
3110,12,0
3110,12,0
3110,12,0
3110,12,0
3110,12,0
3110,11,0
3110,11,0
3111,12,1
3111,12,0
3111,12,0
3111,12,0
3111,12,0
3111,12,0
3111,12,0
3111,12,0
3111,11,0
3111,11,0
3112,12,1
3112,12,0
3112,12,0
3112,12,0
3112,12,0
3112,12,0
3112,12,0
3112,11,0
3112,11,0
3112,11,0
3112,11,0
3112,11,0
3112,11,0
3112,11,0
3113,6,1
3113,5,0
3113,4,0
3113,4,0
3113,4,0
3113,4,0
3113,3,0
3113,3,0
3113,3,0
3113,3,0
3114,3,1
3114,2,0
3114,2,0
3114,1,0
3115,1,1
3115,1,0
3115,0,0
3116,1,1
3116,0,0
3117,1,1
3117,0,0
3117,0,0
3118,1,1
3118,0,0
3119,1,1
3119,0,0
3120,1,1
3120,0,0
3121,1,1
3121,0,0
3121,0,0
3122,1,1
3122,0,0
3123,1,1
3123,0,0
3124,1,1
3124,0,0
3124,0,0
3125,1,1
3125,0,0
3126,0,1
3126,0,0
3127,1,1
3127,0,0
3130,0,3
3131,1,1
3131,0,0
3131,0,0
3132,0,1
3132,0,0
3133,1,1
3133,0,0
3134,1,1
3134,0,0
3134,0,0
3135,0,1
3135,0,0
3136,1,1
3136,0,0
3137,1,1
3137,0,0
3137,0,0
3138,0,1
3138,0,0
3139,1,1
3139,0,0
3140,1,1
3140,0,0
3140,0,0
3141,0,1
3141,0,0
3142,1,1
3142,0,0
3143,1,1
3143,0,0
3144,1,1
3144,0,0
3144,0,0
3145,1,1
3145,0,0
3146,1,1
3146,0,0
3147,1,1
3147,0,0
3150,0,3
3150,0,0
3151,0,1
3151,0,0
3152,1,1
3152,0,0
3153,1,1
3153,0,0
3153,0,0
3154,0,1
3154,0,0
3155,1,1
3155,0,0
3156,1,1
3156,0,0
3157,1,1
3157,0,0
3157,0,0
3158,1,1
3158,0,0
3159,1,1
3159,0,0
3159,0,0
3160,0,1
3160,0,0
3161,1,1
3161,0,0
3162,1,1
3162,0,0
3162,0,0
3163,0,1
3163,0,0
3164,1,1
3164,0,0
3165,1,1
3165,0,0
3165,0,0
3166,1,1
3166,0,0
3167,1,1
3167,0,0
3167,0,0
3168,0,1
3174,1,6
3178,0,4
3179,0,1
3180,1,1
3181,1,1
3181,0,0
3182,1,1
3182,0,0
3183,1,1
3183,0,0
3183,0,0
3184,1,1
3184,0,0
3185,1,1
3185,0,0
3186,1,1
3186,0,0
3186,0,0
3187,1,1
3187,0,0
3188,1,1
3188,0,0
3189,1,1
3189,0,0
3189,0,0
3190,0,1
3190,0,0
3191,1,1
3191,0,0
3192,1,1
3192,0,0
3193,1,1
3193,0,0
3194,1,1
3194,0,0
3194,0,0
3195,0,1
3195,0,0
3196,1,1
3196,0,0
3197,1,1
3197,0,0
3197,0,0
3198,1,1
3198,0,0
3199,1,1
3199,0,0
3199,0,0
3200,0,1
3200,0,0
3201,1,1
3201,0,0
3201,0,0
3202,0,1
3202,0,0
3203,1,1
3203,0,0
3204,1,1
3204,0,0
3204,0,0
3205,1,1
3205,0,0
3206,1,1
3206,0,0
3206,0,0
3209,0,3
3210,1,1
3210,0,0
3210,0,0
3211,1,1
3211,0,0
3212,1,1
3212,0,0
3213,1,1
3213,0,0
3213,0,0
3214,1,1
3214,0,0
3215,1,1
3215,0,0
3216,1,1
3216,0,0
3216,0,0
3217,1,1
3217,0,0
3218,1,1
3218,0,0
3219,1,1
3219,0,0
3219,0,0
3220,1,1
3220,0,0
3221,1,1
3221,0,0
3221,0,0
3222,1,1
3222,0,0
3223,1,1
3223,0,0
3223,0,0
3224,0,1
3224,0,0
3225,1,1
3225,0,0
3226,1,1
3226,0,0
3230,0,4
3230,0,0
3231,1,1
3231,0,0
3232,1,1
3232,0,0
3233,1,1
3233,0,0
3233,0,0
3234,0,1
3234,0,0
3235,1,1
3235,0,0
3236,1,1
3236,0,0
3236,0,0
3237,1,1
3237,0,0
3238,1,1
3238,0,0
3238,0,0
3239,0,1
3239,0,0
3240,1,1
3240,0,0
3240,0,0
3241,0,1
3241,0,0
3242,1,1
3242,0,0
3243,1,1
3243,0,0
3243,0,0
3244,1,1
3244,0,0
3245,1,1
3245,0,0
3245,0,0
3246,1,1
3246,0,0
3247,1,1
3247,0,0
3247,0,0
3248,1,1
3248,0,0
3249,1,1
3249,0,0
3249,0,0
3250,1,1
3250,0,0
3251,1,1
3251,0,0
3252,1,1
3252,0,0
3252,0,0
3253,1,1
3253,0,0
3254,1,1
3254,0,0
3254,0,0
3255,1,1
3255,0,0
3256,1,1
3256,0,0
3256,0,0
3257,0,1
3258,0,1
3258,0,0
3259,1,1
3259,0,0
3260,1,1
3260,0,0
3261,1,1
3261,0,0
3261,0,0
3262,1,1
3262,0,0
3266,0,4
3266,0,0
3267,0,1
3267,0,0
3268,1,1
3268,0,0
3269,1,1
3269,0,0
3270,1,1
3270,0,0
3271,1,1
3271,0,0
3271,0,0
3272,1,1
3272,0,0
3273,1,1
3273,0,0
3273,0,0
3274,0,1
3274,0,0
3275,1,1
3275,0,0
3276,1,1
3276,0,0
3276,0,0
3277,1,1
3277,0,0
3278,1,1
3278,0,0
3278,0,0
3279,1,1
3279,0,0
3280,1,1
3280,0,0
3280,0,0
3281,0,1
3281,0,0
3282,1,1
3282,0,0
3283,1,1
3283,0,0
3283,0,0
3284,1,1
3284,0,0
3285,1,1
3285,0,0
3285,0,0
3286,1,1
3286,0,0
3287,1,1
3287,0,0
3287,0,0
3288,1,1
3288,0,0
3289,1,1
3289,0,0
3289,0,0
3290,0,1
3290,0,0
3291,1,1
3291,0,0
3294,0,3
3294,0,0
3295,0,1
3295,0,0
3296,1,1
3296,0,0
3297,1,1
3297,0,0
3297,0,0
3298,1,1
3298,0,0
3299,1,1
3299,0,0
3299,0,0
3300,0,1
3300,0,0
3303,3,3
3303,0,0
3304,1,1
3304,0,0
3305,1,1
3305,0,0
3305,0,0
3306,1,1
3306,0,0
3307,1,1
3307,0,0
3307,0,0
3308,0,1
3308,0,0
3309,1,1
3309,0,0
3310,1,1
3310,0,0
3310,0,0
3311,1,1
3311,0,0
3312,1,1
3312,0,0
3312,0,0
3313,1,1
3313,0,0
3314,1,1
3316,0,2
3317,1,1
3317,0,0
3317,0,0
3318,1,1
3318,0,0
3319,1,1
3319,0,0
3320,1,1
3320,0,0
3320,0,0
3321,1,1
3321,0,0
3322,1,1
3322,0,0
3323,1,1
3323,0,0
3323,0,0
3324,1,1
3324,0,0
3325,1,1
3325,0,0
3325,0,0
3326,0,1
3326,0,0
3327,1,1
3327,0,0
3328,1,1
3328,0,0
3328,0,0
3329,1,1
3329,0,0
3330,1,1
3330,0,0
3330,0,0
3332,2,2
3334,0,2
3335,1,1
3335,0,0
3335,0,0
3336,1,1
3336,0,0
3337,1,1
3337,0,0
3337,0,0
3338,0,1
3338,0,0
3339,1,1
3339,0,0
3340,1,1
3340,0,0
3340,0,0
3341,1,1
3341,0,0
3342,1,1
3342,0,0
3342,0,0
3343,0,1
3343,0,0
3344,1,1
3344,0,0
3345,1,1
3345,0,0
3346,0,1
3346,0,0
3347,1,1
3347,0,0
3348,1,1
3348,0,0
3349,1,1
3349,0,0
3349,0,0
3350,1,1
3350,0,0
3351,1,1
3354,0,3
3354,0,0
3355,1,1
3355,0,0
3356,1,1
3356,0,0
3357,1,1
3357,0,0
3357,0,0
3358,0,1
3358,0,0
3359,1,1
3359,0,0
3360,1,1
3360,0,0
3360,0,0
3361,1,1
3361,0,0
3362,1,1
3362,0,0
3362,0,0
3363,0,1
3363,0,0
3364,1,1
3364,0,0
3364,0,0
3365,0,1
3365,0,0
3366,1,1
3366,0,0
3367,1,1
3367,0,0
3367,0,0
3368,1,1
3369,1,1
3369,0,0
3370,0,1
3370,0,0
3371,1,1
3371,0,0
3372,1,1
3372,0,0
3372,0,0
3373,1,1
3373,0,0
3374,1,1
3374,0,0
3374,0,0
3375,0,1
3375,0,0
3376,1,1
3377,0,1
3377,0,0
3378,1,1
3382,0,4
3383,1,1
3383,0,0
3384,1,1
3384,0,0
3384,0,0
3385,1,1
3385,0,0
3386,1,1
3386,0,0
3386,0,0
3387,1,1
3387,0,0
3388,1,1
3388,0,0
3388,0,0
3389,0,1
3389,0,0
3390,1,1
3390,0,0
3391,1,1
3391,0,0
3391,0,0
3392,1,1
3392,0,0
3393,1,1
3393,0,0
3393,0,0
3394,1,1
3394,0,0
3395,1,1
3395,0,0
3395,0,0
3396,1,1
3396,0,0
3397,1,1
3397,0,0
3397,0,0
3398,1,1
3398,0,0
3399,1,1
3399,0,0
3399,0,0
3400,1,1
3400,0,0
3401,1,1
3401,0,0
3402,1,1
3402,0,0
3402,0,0
3403,1,1
3403,0,0
3404,1,1
3404,0,0
3404,0,0
3405,1,1
3405,0,0
3406,1,1
3406,0,0
3406,0,0
3407,1,1
3407,0,0
3408,1,1
3408,0,0
3408,0,0
3409,1,1
3409,0,0
3410,1,1
3410,0,0
3411,1,1
3411,0,0
3412,0,1
3413,1,1
3413,0,0
3413,0,0
3414,0,1
3414,0,0
3415,1,1
3415,0,0
3416,1,1
3416,0,0
3416,0,0
3417,1,1
3417,0,0
3418,1,1
3418,0,0
3418,0,0
3419,0,1
3419,0,0
3420,1,1
3420,0,0
3422,0,2
3422,0,0
3423,0,1
3423,0,0
3424,1,1
3424,0,0
3425,1,1
3425,0,0
3425,0,0
3426,1,1
3426,0,0
3427,1,1
3427,0,0
3427,0,0
3428,0,1
3428,0,0
3430,0,2
3430,0,0
3431,1,1
3431,0,0
3432,1,1
3432,0,0
3433,1,1
3433,0,0
3433,0,0
3434,1,1
3434,0,0
3435,1,1
3435,0,0
3436,1,1
3436,0,0
3436,0,0
3437,1,1
3437,0,0
3439,2,2
3440,1,1
3440,0,0
3441,1,1
3442,0,1
3442,0,0
3446,4,4
3447,1,1
3447,0,0
3448,1,1
3448,0,0
3449,1,1
3449,0,0
3450,1,1
3450,0,0
3458,0,8
3459,0,1
3460,1,1
3460,0,0
3461,1,1
3461,0,0
3462,1,1
3462,0,0
3462,0,0
3463,0,1
3463,0,0
3464,1,1
3464,0,0
3465,1,1
3465,0,0
3465,0,0
3466,0,1
3466,0,0
3467,1,1
3467,0,0
3468,1,1
3468,0,0
3468,0,0
3469,1,1
3469,0,0
3470,1,1
3470,0,0
3470,0,0
3471,0,1
3471,0,0
3472,1,1
3472,0,0
3473,1,1
3473,0,0
3473,0,0
3474,1,1
3474,0,0
3475,1,1
3475,0,0
3475,0,0
3476,1,1
3476,0,0
3477,1,1
3477,0,0
3477,0,0
3478,1,1
3478,0,0
3480,2,2
3480,0,0
3481,1,1
3481,0,0
3481,0,0
3482,0,1
3483,1,1
3486,0,3
3487,1,1
3487,0,0
3487,0,0
3488,1,1
3488,0,0
3489,1,1
3489,0,0
3490,1,1
3490,0,0
3490,0,0
3491,0,1
3491,0,0
3494,0,3
3494,0,0
3495,0,1
3495,0,0
3496,1,1
3496,0,0
3497,1,1
3497,0,0
3497,0,0
3498,1,1
3498,0,0
3499,1,1
3499,0,0
3499,0,0
3500,0,1
3500,0,0
3501,1,1
3501,0,0
3502,1,1
3502,0,0
3502,0,0
3503,1,1
3503,0,0
3504,1,1
3504,0,0
3504,0,0
3505,1,1
3505,0,0
3506,1,1
3506,0,0
3506,0,0
3507,0,1
3507,0,0
3508,1,1
3508,0,0
3509,1,1
3510,0,1
3510,0,0
3511,0,1
3511,0,0
3512,1,1
3514,0,2
3514,0,0
3515,0,1
3515,0,0
3516,1,1
3516,0,0
3517,1,1
3517,0,0
3518,1,1
3518,0,0
3518,0,0
3519,1,1
3519,0,0
3522,0,3
3523,1,1
3523,0,0
3523,0,0
3524,1,1
3524,0,0
3525,1,1
3525,0,0
3525,0,0
3526,0,1
3526,0,0
3527,1,1
3527,0,0
3528,1,1
3528,0,0
3528,0,0
3529,0,1
3529,0,0
3530,0,1
3530,0,0
3534,0,4
3534,0,0
3535,0,1
3535,0,0
3536,1,1
3536,0,0
3537,1,1
3537,0,0
3537,0,0
3538,1,1
3538,0,0
3539,1,1
3539,0,0
3539,0,0
3540,0,1
3540,0,0
3541,1,1
3541,0,0
3542,1,1
3542,0,0
3546,0,4
3547,1,1
3547,0,0
3547,0,0
3548,1,1
3548,0,0
3549,1,1
3549,0,0
3549,0,0
3550,0,1
3550,0,0
3551,1,1
3551,0,0
3552,1,1
3552,0,0
3552,0,0
3553,1,1
3553,0,0
3554,1,1
3554,0,0
3554,0,0
3555,1,1
3555,0,0
3556,1,1
3556,0,0
3557,1,1
3557,0,0
3557,0,0
3558,0,1
3558,0,0
3559,1,1
3559,0,0
3560,1,1
3560,0,0
3560,0,0
3561,1,1
3561,0,0
3562,1,1
3566,0,4
3567,1,1
3567,0,0
3568,1,1
3568,0,0
3568,0,0
3569,1,1
3569,0,0
3570,1,1
3570,0,0
3570,0,0
3571,0,1
3571,0,0
3572,1,1
3572,0,0
3573,1,1
3573,0,0
3574,1,1
3574,0,0
3574,0,0
3575,1,1
3575,0,0
3576,1,1
3578,0,2
3578,0,0
3579,1,1
3579,0,0
3580,1,1
3580,0,0
3581,1,1
3581,0,0
3581,0,0
3582,1,1
3582,0,0
3583,1,1
3583,0,0
3583,0,0
3584,0,1
3584,0,0
3585,1,1
3585,0,0
3586,1,1
3586,0,0
3586,0,0
3587,1,1
3587,0,0
3588,1,1
3588,0,0
3588,0,0
3589,1,1
3589,0,0
3590,1,1
3590,0,0
3591,1,1
3591,0,0
3591,0,0
3592,1,1
3593,0,1
3594,1,1
3594,0,0
3595,1,1
3595,0,0
3596,1,1
3596,0,0
3596,0,0
3597,0,1
3597,0,0
3599,2,2
3602,0,3
3603,1,1
3603,0,0
3603,0,0
3604,1,1
3604,0,0
3605,1,1
3605,0,0
3605,0,0
3606,0,1
3607,0,1
3608,1,1
3608,0,0
3608,0,0
3609,1,1
3609,0,0
3610,1,1
3610,0,0
3611,1,1
3611,0,0
3611,0,0
3612,1,1
3612,0,0
3613,1,1
3613,0,0
3613,0,0
3614,1,1
3614,0,0
3615,1,1
3615,0,0
3615,0,0
3616,1,1
3616,0,0
3617,1,1
3617,0,0
3617,0,0
3618,0,1
3618,0,0
3619,1,1
3619,0,0
3620,1,1
3620,0,0
3620,0,0
3621,1,1
3621,0,0
3622,1,1
3622,0,0
3622,0,0
3623,0,1
3623,0,0
3624,1,1
3624,0,0
3625,1,1
3626,0,1
3626,0,0
3627,1,1
3627,0,0
3628,1,1
3628,0,0
3629,1,1
3629,0,0
3629,0,0
3630,1,1
3630,0,0
3631,1,1
3631,0,0
3634,0,3
3634,0,0
3635,0,1
3635,0,0
3636,1,1
3636,0,0
3637,1,1
3637,0,0
3637,0,0
3638,1,1
3638,0,0
3639,1,1
3639,0,0
3639,0,0
3640,0,1
3640,0,0
3641,1,1
3641,0,0
3642,1,1
3642,0,0
3642,0,0
3643,1,1
3643,0,0
3644,1,1
3644,0,0
3644,0,0
3645,1,1
3645,0,0
3646,1,1
3646,0,0
3646,0,0
3647,1,1
3647,0,0
3648,1,1
3648,0,0
3648,0,0
3649,1,1
3649,0,0
3650,1,1
3650,0,0
3650,0,0
3651,0,1
3651,0,0
3652,1,1
3652,0,0
3652,0,0
3653,0,1
3653,0,0
3654,0,1
3654,0,0
3655,1,1
3655,0,0
3658,0,3
3659,1,1
3659,0,0
3659,0,0
3660,0,1
3660,0,0
3661,1,1
3661,0,0
3662,1,1
3662,0,0
3663,1,1
3663,0,0
3663,0,0
3664,1,1
3664,0,0
3665,1,1
3665,0,0
3666,1,1
3666,0,0
3666,0,0
3667,1,1
3667,0,0
3668,1,1
3668,0,0
3668,0,0
3669,1,1
3669,0,0
3670,1,1
3670,0,0
3671,1,1
3671,0,0
3671,0,0
3672,1,1
3672,0,0
3673,1,1
3673,0,0
3673,0,0
3674,1,1
3674,0,0
3675,1,1
3675,0,0
3675,0,0
3676,0,1
3676,0,0
3678,0,2
3678,0,0
3679,0,1
3679,0,0
3680,1,1
3680,0,0
3681,1,1
3681,0,0
3681,0,0
3682,1,1
3682,0,0
3683,1,1
3683,0,0
3683,0,0
3684,0,1
3684,0,0
3685,1,1
3685,0,0
3686,1,1
3686,0,0
3687,1,1
3687,0,0
3687,0,0
3690,0,3
3690,0,0
3691,0,1
3691,0,0
3692,1,1
3692,0,0
3693,1,1
3693,0,0
3693,0,0
3694,1,1
3694,0,0
3695,1,1
3695,0,0
3695,0,0
3696,0,1
3696,0,0
3697,1,1
3697,0,0
3698,1,1
3698,0,0
3698,0,0
3699,1,1
3699,0,0
3700,1,1
3700,0,0
3700,0,0
3701,1,1
3701,0,0
3702,1,1
3702,0,0
3702,0,0
3703,1,1
3703,0,0
3704,1,1
3704,0,0
3704,0,0
3705,0,1
3705,0,0
3706,1,1
3706,0,0
3707,1,1
3707,0,0
3710,0,3
3711,1,1
3711,0,0
3711,0,0
3712,1,1
3712,0,0
3713,1,1
3713,0,0
3714,1,1
3714,0,0
3714,0,0
3715,1,1
3715,0,0
3716,1,1
3716,0,0
3717,1,1
3717,0,0
3717,0,0
3718,1,1
3718,0,0
3719,1,1
3719,0,0
3719,0,0
3720,1,1
3720,0,0
3721,1,1
3721,0,0
3722,1,1
3722,0,0
3722,0,0
3723,1,1
3723,0,0
3724,1,1
3724,0,0
3724,0,0
3725,1,1
3725,0,0
3726,1,1
3726,0,0
3726,0,0
3727,0,1
3727,0,0
3728,1,1
3728,0,0
3728,0,0
3729,0,1
3729,0,0
3730,1,1
3730,0,0
3730,0,0
3734,0,4
3735,1,1
3735,0,0
3736,1,1
3736,0,0
3737,1,1
3737,0,0
3737,0,0
3738,1,1
3738,0,0
3739,1,1
3739,0,0
3739,0,0
3740,0,1
3740,0,0
3741,1,1
3741,0,0
3742,1,1
3742,0,0
3742,0,0
3743,1,1
3743,0,0
3744,1,1
3744,0,0
3744,0,0
3745,0,1
3745,0,0
3746,1,1
3746,0,0
3746,0,0
3747,0,1
3747,0,0
3748,1,1
3748,0,0
3749,1,1
3749,0,0
3749,0,0
3750,1,1
3750,0,0
3751,1,1
3751,0,0
3752,1,1
3752,0,0
3752,0,0
3753,1,1
3753,0,0
3754,1,1
3754,0,0
3754,0,0
3755,1,1
3755,0,0
3756,1,1
3756,0,0
3756,0,0
3757,0,1
3757,0,0
3758,1,1
3758,0,0
3761,0,3
3762,1,1
3762,0,0
3762,0,0
3763,1,1
3763,0,0
3764,1,1
3764,0,0
3765,1,1
3765,0,0
3765,0,0
3766,1,1
3766,0,0
3767,1,1
3767,0,0
3767,0,0
3768,0,1
3768,0,0
3769,1,1
3769,0,0
3770,1,1
3770,0,0
3770,0,0
3771,1,1
3771,0,0
3772,1,1
3772,0,0
3772,0,0
3773,1,1
3773,0,0
3774,1,1
3774,0,0
3774,0,0
3775,1,1
3775,0,0
3776,1,1
3776,0,0
3776,0,0
3777,1,1
3777,0,0
3778,0,1
3778,0,0
3779,1,1
3779,0,0
3780,1,1
3780,0,0
3780,0,0
3782,0,2
3782,0,0
3783,1,1
3783,0,0
3784,1,1
3784,0,0
3784,0,0
3785,0,1
3785,0,0
3786,1,1
3786,0,0
3787,1,1
3787,0,0
3787,0,0
3788,1,1
3788,0,0
3789,1,1
3789,0,0
3790,1,1
3790,0,0
3790,0,0
3794,0,4
3795,1,1
3795,0,0
3796,1,1
3796,0,0
3796,0,0
3797,0,1
3797,0,0
3798,1,1
3798,0,0
3799,1,1
3799,0,0
3799,0,0
3800,1,1
3800,0,0
3801,1,1
3801,0,0
3801,0,0
3802,1,1
3802,0,0
3803,1,1
3803,0,0
3803,0,0
3804,0,1
3804,0,0
3805,1,1
3805,0,0
3806,1,1
3806,0,0
3806,0,0
3807,1,1
3807,0,0
3808,1,1
3808,0,0
3808,0,0
3809,1,1
3809,0,0
3810,1,1
3810,0,0
3810,0,0
3811,0,1
3811,0,0
3812,1,1
3812,0,0
3812,0,0
3813,0,1
3813,0,0
3814,1,1
3814,0,0
3815,1,1
3815,0,0
3815,0,0
3816,1,1
3816,0,0
3817,1,1
3817,0,0
3817,0,0
3818,1,1
3822,0,4
3822,0,0
3823,0,1
3823,0,0
3824,1,1
3824,0,0
3825,1,1
3825,0,0
3825,0,0
3826,1,1
3826,0,0
3827,1,1
3827,0,0
3827,0,0
3828,0,1
3828,0,0
3829,1,1
3829,0,0
3830,1,1
3830,0,0
3830,0,0
3831,1,1
3831,0,0
3832,1,1
3832,0,0
3832,0,0
3834,2,2
3834,0,0
3835,1,1
3835,0,0
3835,0,0
3836,1,1
3836,0,0
3837,1,1
3837,0,0
3837,0,0
3838,1,1
3838,0,0
3839,1,1
3839,0,0
3839,0,0
3840,0,1
3840,0,0
3841,1,1
3841,0,0
3841,0,0
3842,0,1
3842,0,0
3843,1,1
3843,0,0
3844,1,1
3844,0,0
3844,0,0
3845,1,1
3845,0,0
3846,1,1
3846,0,0
3846,0,0
3847,1,1
3847,0,0
3848,1,1
3848,0,0
3848,0,0
3849,1,1
3849,0,0
3849,0,0
3850,0,1
3850,0,0
3851,1,1
3851,0,0
3851,0,0
3854,0,3
3854,0,0
3855,1,1
3855,0,0
3856,1,1
3856,0,0
3857,1,1
3857,0,0
3857,0,0
3858,0,1
3858,0,0
3859,1,1
3859,0,0
3860,1,1
3860,0,0
3860,0,0
3861,1,1
3861,0,0
3862,1,1
3862,0,0
3863,1,1
3863,0,0
3863,0,0
3864,1,1
3864,0,0
3865,1,1
3865,0,0
3865,0,0
3866,1,1
3866,0,0
3867,1,1
3867,0,0
3867,0,0
3868,0,1
3868,0,0
3869,1,1
3869,0,0
3869,0,0
3870,0,1
3874,0,4
3874,0,0
3875,0,1
3875,0,0
3876,1,1
3876,0,0
3877,1,1
3877,0,0
3877,0,0
3878,1,1
3878,0,0
3879,1,1
3879,0,0
3879,0,0
3880,1,1
3880,0,0
3881,1,1
3881,0,0
3881,0,0
3882,0,1
3882,0,0
3883,1,1
3883,0,0
3883,0,0
3884,0,1
3884,0,0
3885,1,1
3885,0,0
3886,1,1
3886,0,0
3886,0,0
3887,1,1
3887,0,0
3888,1,1
3888,0,0
3888,0,0
3889,1,1
3889,0,0
3890,1,1
3890,0,0
3890,0,0
3891,1,1
3891,0,0
3892,1,1
3892,0,0
3892,0,0
3893,1,1
3893,0,0
3894,1,1
3894,0,0
3894,0,0
3895,0,1
3895,0,0
3896,1,1
3896,0,0
3896,0,0
3897,1,1
3897,0,0
3898,1,1
3898,0,0
3898,0,0
3899,1,1
3899,0,0
3900,1,1
3900,0,0
3900,0,0
3901,1,1
3901,0,0
3902,1,1
3906,0,4
3906,0,0
3907,1,1
3907,0,0
3908,1,1
3908,0,0
3909,1,1
3909,0,0
3909,0,0
3910,1,1
3910,0,0
3911,1,1
3911,0,0
3911,0,0
3912,1,1
3912,0,0
3913,1,1
3913,0,0
3913,0,0
3914,0,1
3914,0,0
3915,1,1
3915,0,0
3916,1,1
3916,0,0
3916,0,0
3917,1,1
3917,0,0
3918,1,1
3918,0,0
3918,0,0
3919,1,1
3919,0,0
3920,1,1
3920,0,0
3920,0,0
3921,1,1
3921,0,0
3922,1,1
3922,0,0
3922,0,0
3923,1,1
3923,0,0
3924,1,1
3924,0,0
3924,0,0
3925,1,1
3925,0,0
3926,1,1
3926,0,0
3926,0,0
3927,1,1
3927,0,0
3928,1,1
3928,0,0
3928,0,0
3929,1,1
3929,0,0
3930,1,1
3930,0,0
3930,0,0
3931,1,1
3931,0,0
3932,1,1
3932,0,0
3932,0,0
3933,1,1
3933,0,0
3934,1,1
3934,0,0
3934,0,0
3935,0,1
3935,0,0
3936,1,1
3936,0,0
3938,0,2
3939,1,1
3939,0,0
3939,0,0
3940,1,1
3940,0,0
3941,1,1
3941,0,0
3941,0,0
3942,0,1
3942,0,0
3943,1,1
3943,0,0
3944,1,1
3944,0,0
3944,0,0
3945,1,1
3945,0,0
3946,1,1
3946,0,0
3946,0,0
3947,1,1
3947,0,0
3948,1,1
3948,0,0
3948,0,0
3949,1,1
3950,0,1
3950,0,0
3951,0,1
3951,0,0
3952,1,1
3952,0,0
3953,1,1
3953,0,0
3953,0,0
3954,1,1
3954,0,0
3955,1,1
3956,1,1
3962,6,6
3966,0,4
3967,1,1
3967,0,0
3968,1,1
3968,0,0
3968,0,0
3969,1,1
3969,0,0
3970,1,1
3970,0,0
3970,0,0
3971,0,1
3971,0,0
3972,1,1
3972,0,0
3972,0,0
3973,0,1
3973,0,0
3974,1,1
3979,0,5
3979,0,0
3980,1,1
3980,0,0
3981,1,1
3982,0,1
3983,1,1
3983,0,0
3984,1,1
3984,0,0
3985,1,1
3985,0,0
3985,0,0
3986,1,1
3986,0,0
3987,1,1
3987,0,0
3987,0,0
3988,0,1
3988,0,0
3989,1,1
3989,0,0
3990,1,1
3990,0,0
3990,0,0
3991,0,1
3991,0,0
3992,1,1
3992,0,0
3993,1,1
3993,0,0
3994,0,1
3994,0,0
3995,1,1
3995,0,0
3996,1,1
3996,0,0
3997,1,1
3997,0,0
3997,0,0
3998,1,1
4002,0,4
4003,1,1
4006,0,3
4007,1,1
4007,0,0
4008,1,1
4008,0,0
4008,0,0
4009,1,1
4009,0,0
4010,1,1
4010,0,0
4011,1,1
4011,0,0
4011,0,0
4012,1,1
4012,0,0
4013,1,1
4013,0,0
4013,0,0
4014,1,1
4014,0,0
4015,1,1
4015,0,0
4015,0,0
4016,1,1
4016,0,0
4017,1,1
4017,0,0
4017,0,0
4018,0,1
4018,0,0
4019,1,1
4019,0,0
4019,0,0
4020,0,1
4020,0,0
4021,1,1
4021,0,0
4021,0,0
4022,0,1
4022,0,0
4023,1,1
4023,0,0
4023,0,0
4024,0,1
4024,0,0
4025,1,1
4025,0,0
4025,0,0
4026,0,1
4026,0,0
4027,1,1
4027,0,0
4027,0,0
4028,0,1
4028,0,0
4029,1,1
4030,0,1
4030,0,0
4031,1,1
4031,0,0
4032,1,1
4032,0,0
4033,1,1
4033,0,0
4033,0,0
4034,1,1
4034,0,0
4038,0,4
4038,0,0
4039,0,1
4039,0,0
4042,0,3
4042,0,0
4043,0,1
4043,0,0
4044,1,1
4044,0,0
4045,1,1
4045,0,0
4045,0,0
4046,0,1
4046,0,0
4047,1,1
4047,0,0
4048,1,1
4048,0,0
4048,0,0
4049,1,1
4049,0,0
4050,1,1
4050,0,0
4050,0,0
4051,1,1
4051,0,0
4052,1,1
4052,0,0
4052,0,0
4053,0,1
4053,0,0
4054,1,1
4054,0,0
4054,0,0
4055,0,1
4055,0,0
4056,1,1
4056,0,0
4056,0,0
4057,1,1
4057,0,0
4058,1,1
4058,0,0
4059,1,1
4059,0,0
4062,1,3
4062,0,0
4063,1,1
4063,0,0
4064,1,1
4064,0,0
4064,0,0
4065,1,1
4065,0,0
4066,1,1
4066,0,0
4066,0,0
4067,1,1
4067,0,0
4068,1,1
4068,0,0
4070,0,2
4070,0,0
4071,1,1
4071,0,0
4072,1,1
4072,0,0
4073,1,1
4073,0,0
4073,0,0
4074,1,1
4074,0,0
4075,1,1
4075,0,0
4076,1,1
4076,0,0
4076,0,0
4077,1,1
4077,0,0
4078,1,1
4078,0,0
4078,0,0
4079,1,1
4079,0,0
4080,1,1
4080,0,0
4080,0,0
4082,2,2
4086,0,4
4090,0,4
4091,1,1
4091,0,0
4091,0,0
4092,1,1
4092,0,0
4093,1,1
4093,0,0
4093,0,0
4094,0,1
4094,0,0
4095,1,1
4095,0,0
4096,1,1
4096,0,0
4096,0,0
4097,1,1
4097,0,0
4098,1,1
4098,0,0
4098,0,0
4099,1,1
4099,0,0
4100,1,1
4100,0,0
4100,0,0
4101,1,1
4101,0,0
4102,1,1
4102,0,0
4102,0,0
4103,1,1
4103,0,0
4104,1,1
4104,0,0
4104,0,0
4105,1,1
4105,0,0
4106,1,1
4106,0,0
4106,0,0
4107,1,1
4107,0,0
4108,1,1
4108,0,0
4108,0,0
4109,0,1
4109,0,0
4110,1,1
4110,0,0
4111,1,1
4111,0,0
4111,0,0
4113,2,2
4113,0,0
4114,1,1
4114,0,0
4114,0,0
4116,2,2
4116,0,0
4116,0,0
4117,1,1
4117,0,0
4118,1,1
4118,0,0
4122,0,4
4123,1,1
4123,0,0
4124,1,1
4124,0,0
4126,0,2
4126,0,0
4127,0,1
4127,0,0
4128,1,1
4128,0,0
4129,1,1
4129,0,0
4129,0,0
4130,1,1
4130,0,0
4131,1,1
4131,0,0
4131,0,0
4132,0,1
4132,0,0
4133,1,1
4133,0,0
4134,1,1
4134,0,0
4134,0,0
4135,1,1
4135,0,0
4136,1,1
4136,0,0
4136,0,0
4137,1,1
4137,0,0
4138,1,1
4138,0,0
4142,0,4
4143,1,1
4143,0,0
4144,1,1
4144,0,0
4144,0,0
4145,1,1
4145,0,0
4146,1,1
4146,0,0
4147,1,1
4147,0,0
4147,0,0
4148,1,1
4148,0,0
4149,1,1
4149,0,0
4149,0,0
4150,1,1
4150,0,0
4151,1,1
4151,0,0
4151,0,0
4152,1,1
4152,0,0
4153,1,1
4153,0,0
4153,0,0
4154,0,1
4154,0,0
4158,0,4
4159,1,1
4159,0,0
4160,1,1
4160,0,0
4160,0,0
4161,1,1
4161,0,0
4162,1,1
4162,0,0
4163,1,1
4163,0,0
4163,0,0
4164,1,1
4164,0,0
4165,1,1
4165,0,0
4165,0,0
4166,1,1
4166,0,0
4167,1,1
4167,0,0
4167,0,0
4168,1,1
4168,0,0
4169,1,1
4169,0,0
4169,0,0
4170,1,1
4170,0,0
4171,1,1
4171,0,0
4171,0,0
4172,1,1
4172,0,0
4174,0,2
4175,1,1
4175,0,0
4175,0,0
4176,0,1
4176,0,0
4177,1,1
4177,0,0
4177,0,0
4178,0,1
4178,0,0
4179,1,1
4179,0,0
4180,1,1
4180,0,0
4180,0,0
4181,1,1
4181,0,0
4182,1,1
4182,0,0
4182,0,0
4183,1,1
4183,0,0
4184,1,1
4190,0,6
4191,1,1
4191,0,0
4192,1,1
4192,0,0
4193,1,1
4193,0,0
4193,0,0
4194,1,1
4194,0,0
4195,1,1
4195,0,0
4196,1,1
4196,0,0
4196,0,0
4197,1,1
4197,0,0
4198,1,1
4198,0,0
4198,0,0
4199,1,1
4199,0,0
4200,1,1
4200,0,0
4200,0,0
4201,1,1
4201,0,0
4202,1,1
4202,0,0
4203,1,1
4203,0,0
4203,0,0
4204,1,1
4204,0,0
4206,0,2
4206,0,0
4207,1,1
4207,0,0
4208,1,1
4208,0,0
4208,0,0
4209,1,1
4209,0,0
4210,1,1
4210,0,0
4211,1,1
4211,0,0
4211,0,0
4212,1,1
4212,0,0
4213,1,1
4213,0,0
4213,0,0
4214,0,1
4214,0,0
4215,1,1
4215,0,0
4216,1,1
4216,0,0
4216,0,0
4217,1,1
4217,0,0
4218,1,1
4218,0,0
4219,1,1
4219,0,0
4222,0,3
4222,0,0
4223,1,1
4223,0,0
4224,1,1
4224,0,0
4224,0,0
4225,0,1
4226,0,1
4226,0,0
4227,1,1
4227,0,0
4228,1,1
4228,0,0
4228,0,0
4229,0,1
4229,0,0
4230,1,1
4230,0,0
4231,1,1
4231,0,0
4234,0,3
4234,0,0
4235,1,1
4235,0,0
4236,1,1
4236,0,0
4237,1,1
4237,0,0
4237,0,0
4238,1,1
4238,0,0
4239,1,1
4239,0,0
4239,0,0
4240,1,1
4240,0,0
4241,1,1
4241,0,0
4241,0,0
4242,1,1
4242,0,0
4244,2,2
4244,0,0
4245,1,1
4245,0,0
4245,0,0
4246,0,1
4246,0,0
4247,1,1
4250,0,3
4250,0,0
4251,0,1
4251,0,0
4252,1,1
4252,0,0
4253,1,1
4253,0,0
4253,0,0
4254,1,1
4254,0,0
4255,1,1
4255,0,0
4255,0,0
4256,1,1
4256,0,0
4257,1,1
4257,0,0
4258,1,1
4258,0,0
4262,0,4
4263,1,1
4263,0,0
4263,0,0
4264,0,1
4264,0,0
4265,1,1
4265,0,0
4266,1,1
4266,0,0
4266,0,0
4267,1,1
4267,0,0
4268,1,1
4268,0,0
4268,0,0
4269,0,1
4269,0,0
4270,1,1
4270,0,0
4271,1,1
4271,0,0
4271,0,0
4272,1,1
4272,0,0
4273,1,1
4273,0,0
4273,0,0
4274,0,1
4274,0,0
4275,1,1
4278,0,3
4278,0,0
4279,1,1
4279,0,0
4280,1,1
4280,0,0
4280,0,0
4281,0,1
4281,0,0
4282,1,1
4282,0,0
4283,1,1
4283,0,0
4283,0,0
4284,1,1
4284,0,0
4285,1,1
4285,0,0
4285,0,0
4286,0,1
4286,0,0
4287,1,1
4287,0,0
4288,1,1
4288,0,0
4288,0,0
4289,1,1
4289,0,0
4290,1,1
4290,0,0
4290,0,0
4291,0,1
4291,0,0
4294,0,3
4294,0,0
4295,0,1
4295,0,0
4296,1,1
4296,0,0
4297,1,1
4297,0,0
4297,0,0
4298,1,1
4298,0,0
4299,1,1
4299,0,0
4300,1,1
4300,0,0
4300,0,0
4301,1,1
4301,0,0
4302,1,1
4306,0,4
4307,1,1
4307,0,0
4308,1,1
4308,0,0
4308,0,0
4309,1,1
4309,0,0
4310,1,1
4310,0,0
4310,0,0
4311,0,1
4311,0,0
4312,1,1
4312,0,0
4312,0,0
4313,0,1
4314,1,1
4315,1,1
4315,0,0
4316,1,1
4316,0,0
4318,0,2
4318,0,0
4319,0,1
4319,0,0
4320,1,1
4320,0,0
4321,1,1
4321,0,0
4321,0,0
4322,1,1
4322,0,0
4323,1,1
4323,0,0
4323,0,0
4324,0,1
4324,0,0
4325,1,1
4325,0,0
4326,1,1
4326,0,0
4326,0,0
4327,1,1
4327,0,0
4328,1,1
4328,0,0
4328,0,0
4329,1,1
4329,0,0
4330,1,1
4330,0,0
4330,0,0
4334,0,4
4335,1,1
4335,0,0
4336,1,1
4336,0,0
4336,0,0
4337,1,1
4337,0,0
4338,1,1
4338,0,0
4339,1,1
4339,0,0
4339,0,0
4340,1,1
4340,0,0
4341,1,1
4341,0,0
4341,0,0
4342,0,1
4342,0,0
4346,0,4
4346,0,0
4347,1,1
4347,0,0
4348,1,1
4348,0,0
4349,1,1
4349,0,0
4349,0,0
4350,1,1
4350,0,0
4351,1,1
4351,0,0
4351,0,0
4352,0,1
4352,0,0
4353,1,1
4353,0,0
4354,1,1
4354,0,0
4354,0,0
4355,1,1
4355,0,0
4356,1,1
4356,0,0
4356,0,0
4357,1,1
4357,0,0
4358,1,1
4358,0,0
4358,0,0
4359,0,1
4359,0,0
4360,1,1
4360,0,0
4361,1,1
4361,0,0
4362,0,1
4362,0,0
4363,1,1
4363,0,0
4364,1,1
4364,0,0
4364,0,0
4365,1,1
4365,0,0
4366,1,1
4366,0,0
4366,0,0
4368,0,2
4369,1,1
4369,0,0
4370,1,1
4370,0,0
4371,1,1
4371,0,0
4371,0,0
4372,1,1
4372,0,0
4373,1,1
4374,0,1
4374,0,0
4375,1,1
4375,0,0
4376,1,1
4376,0,0
4376,0,0
4377,1,1
4377,0,0
4378,1,1
4378,0,0
4379,1,1
4379,0,0
4379,0,0
4380,1,1
4380,0,0
4381,1,1
4386,0,5
4387,1,1
4387,0,0
4387,0,0
4388,0,1
4388,0,0
4389,1,1
4389,0,0
4390,1,1
4390,0,0
4390,0,0
4391,1,1
4391,0,0
4392,1,1
4392,0,0
4392,0,0
4393,1,1
4394,0,1
4394,0,0
4395,1,1
4395,0,0
4396,1,1
4396,0,0
4396,0,0
4397,1,1
4397,0,0
4398,1,1
4398,0,0
4398,0,0
4402,0,4
4403,1,1
4403,0,0
4403,0,0
4404,1,1
4404,0,0
4405,1,1
4405,0,0
4405,0,0
4406,1,1
4406,0,0
4407,1,1
4407,0,0
4407,0,0
4408,0,1
4408,0,0
4409,1,1
4409,0,0
4410,1,1
4410,0,0
4410,0,0
4411,1,1
4411,0,0
4412,1,1
4412,0,0
4412,0,0
4413,1,1
4413,0,0
4414,1,1
4414,0,0
4414,0,0
4415,1,1
4415,0,0
4416,1,1
4416,0,0
4416,0,0
4417,0,1
4417,0,0
4418,1,1
4418,0,0
4418,0,0
4419,0,1
4419,0,0
4420,1,1
4420,0,0
4422,0,2
4423,1,1
4423,0,0
4423,0,0
4424,1,1
4424,0,0
4425,1,1
4425,0,0
4426,1,1
4426,0,0
4426,0,0
4427,1,1
4430,0,3
4430,0,0
4431,1,1
4431,0,0
4432,1,1
4432,0,0
4433,1,1
4433,0,0
4433,0,0
4434,1,1
4434,0,0
4435,1,1
4435,0,0
4435,0,0
4438,0,3
4439,1,1
4439,0,0
4440,1,1
4440,0,0
4440,0,0
4441,1,1
4441,0,0
4442,1,1
4442,0,0
4442,0,0
4443,0,1
4443,0,0
4444,1,1
4444,0,0
4444,0,0
4445,0,1
4445,0,0
4446,1,1
4446,0,0
4447,1,1
4447,0,0
4447,0,0
4448,1,1
4448,0,0
4449,1,1
4449,0,0
4449,0,0
4450,1,1
4450,0,0
4451,1,1
4451,0,0
4451,0,0
4452,0,1
4452,0,0
4453,1,1
4453,0,0
4453,0,0
4454,0,1
4458,0,4
4462,0,4
4463,1,1
4463,0,0
4464,1,1
4464,0,0
4465,1,1
4465,0,0
4465,0,0
4466,1,1
4466,0,0
4467,1,1
4467,0,0
4467,0,0
4468,0,1
4468,0,0
4469,1,1
4469,0,0
4469,0,0
4470,0,1
4470,0,0
4471,1,1
4471,0,0
4472,1,1
4472,0,0
4472,0,0
4473,1,1
4473,0,0
4474,1,1
4474,0,0
4474,0,0
4475,1,1
4475,0,0
4476,1,1
4476,0,0
4476,0,0
4477,1,1
4477,0,0
4478,1,1
4478,0,0
4478,0,0
4479,0,1
4479,0,0
4480,1,1
4480,0,0
4480,0,0
4481,0,1
4481,0,0
4482,1,1
4482,0,0
4483,1,1
4483,0,0
4483,0,0
4484,1,1
4484,0,0
4484,0,0
4485,0,1
4485,0,0
4486,1,1
4486,0,0
4487,1,1
4487,0,0
4488,1,1
4490,0,2
4491,1,1
4494,0,3
4495,1,1
4495,0,0
4495,0,0
4496,1,1
4496,0,0
4497,1,1
4497,0,0
4498,1,1
4498,0,0
4498,0,0
4499,1,1
4499,0,0
4500,1,1
4500,0,0
4500,0,0
4501,1,1
4501,0,0
4502,1,1
4502,0,0
4503,1,1
4503,0,0
4503,0,0
4504,1,1
4504,0,0
4504,0,0
4505,0,1
4506,0,1
4506,0,0
4507,1,1
4507,0,0
4508,1,1
4508,0,0
4508,0,0
4509,1,1
4509,0,0
4510,1,1
4510,0,0
4510,0,0
4513,0,3
4513,0,0
4514,1,1
4514,0,0
4515,1,1
4515,0,0
4516,1,1
4516,0,0
4516,0,0
4517,1,1
4517,0,0
4518,1,1
4518,0,0
4518,0,0
4522,0,4
4523,1,1
4523,0,0
4523,0,0
4524,1,1
4524,0,0
4525,1,1
4525,0,0
4525,0,0
4526,0,1
4526,0,0
4527,1,1
4527,0,0
4528,1,1
4528,0,0
4528,0,0
4529,1,1
4529,0,0
4530,1,1
4530,0,0
4530,0,0
4534,0,4
4535,1,1
4535,0,0
4535,0,0
4536,1,1
4536,0,0
4537,1,1
4537,0,0
4538,1,1
4538,0,0
4538,0,0
4539,1,1
4539,0,0
4540,1,1
4540,0,0
4540,0,0
4541,1,1
4541,0,0
4542,1,1
4542,0,0
4543,1,1
4543,0,0
4543,0,0
4544,1,1
4544,0,0
4544,0,0
4545,0,1
4545,0,0
4546,1,1
4546,0,0
4547,1,1
4547,0,0
4547,0,0
4548,1,1
4548,0,0
4549,1,1
4550,0,1
4550,0,0
4551,1,1
4551,0,0
4552,1,1
4552,0,0
4552,0,0
4553,0,1
4553,0,0
4554,1,1
4554,0,0
4554,0,0
4555,0,1
4555,0,0
4556,1,1
4556,0,0
4557,1,1
4557,0,0
4557,0,0
4558,0,1
4558,0,0
4559,1,1
4559,0,0
4563,0,4
4564,1,1
4564,0,0
4564,0,0
4565,1,1
4565,0,0
4566,1,1
4566,0,0
4567,1,1
4567,0,0
4567,0,0
4568,1,1
4568,0,0
4569,1,1
4569,0,0
4569,0,0
4570,0,1
4574,0,4
4575,1,1
4575,0,0
4576,1,1
4576,0,0
4576,0,0
4577,1,1
4577,0,0
4578,1,1
4578,0,0
4579,1,1
4579,0,0
4579,0,0
4580,1,1
4580,0,0
4581,1,1
4581,0,0
4581,0,0
4582,1,1
4582,0,0
4583,1,1
4583,0,0
4583,0,0
4584,1,1
4586,0,2
4586,0,0
4587,0,1
4587,0,0
4588,1,1
4588,0,0
4589,1,1
4589,0,0
4589,0,0
4590,1,1
4590,0,0
4591,1,1
4591,0,0
4591,0,0
4592,1,1
4592,0,0
4593,1,1
4593,0,0
4593,0,0
4594,1,1
4594,0,0
4595,1,1
4595,0,0
4595,0,0
4596,1,1
4596,0,0
4597,1,1
4597,0,0
4597,0,0
4598,0,1
4598,0,0
4600,0,2
4600,0,0
4601,1,1
4601,0,0
4602,1,1
4602,0,0
4602,0,0
4603,1,1
4603,0,0
4604,1,1
4604,0,0
4606,0,2
4606,0,0
4607,0,1
4607,0,0
4608,1,1
4608,0,0
4610,0,2
4610,0,0
4611,0,1
4611,0,0
4612,1,1
4612,0,0
4613,1,1
4613,0,0
4613,0,0
4614,1,1
4614,0,0
4615,1,1
4615,0,0
4615,0,0
4616,1,1
4616,0,0
4617,1,1
4617,0,0
4617,0,0
4618,0,1
4618,0,0
4619,1,1
4622,0,3
4622,0,0
4626,0,4
4626,0,0
4627,0,1
4627,0,0
4628,1,1
4628,0,0
4629,1,1
4629,0,0
4629,0,0
4630,1,1
4630,0,0
4631,1,1
4631,0,0
4631,0,0
4632,1,1
4632,0,0
4633,1,1
4633,0,0
4633,0,0
4634,0,1
4634,0,0
4635,1,1
4635,0,0
4636,1,1
4636,0,0
4636,0,0
4637,1,1
4637,0,0
4638,1,1
4638,0,0
4638,0,0
4639,1,1
4639,0,0
4640,1,1
4640,0,0
4640,0,0
4641,1,1
4641,0,0
4642,1,1
4642,0,0
4642,0,0
4643,1,1
4643,0,0
4644,1,1
4644,0,0
4644,0,0
4645,1,1
4645,0,0
4646,1,1
4646,0,0
4646,0,0
4647,1,1
4650,0,3
4650,0,0
4651,1,1
4651,0,0
4652,1,1
4652,0,0
4653,1,1
4654,0,1
4654,0,0
4655,1,1
4655,0,0
4656,1,1
4656,0,0
4656,0,0
4657,1,1
4657,0,0
4658,1,1
4658,0,0
4659,1,1
4659,0,0
4659,0,0
4660,1,1
4660,0,0
4661,1,1
4661,0,0
4662,0,1
4662,0,0
4663,0,1
4663,0,0
4664,1,1
4664,0,0
4665,1,1
4665,0,0
4665,0,0
4666,0,1
4669,0,3
4670,1,1
4670,0,0
4671,1,1
4671,0,0
4672,1,1
4672,0,0
4672,0,0
4673,1,1
4673,0,0
4674,1,1
4674,0,0
4674,0,0
4675,1,1
4675,0,0
4676,1,1
4678,0,2
4678,0,0
4679,0,1
4679,0,0
4680,1,1
4680,0,0
4681,1,1
4681,0,0
4681,0,0
4682,1,1
4682,0,0
4683,1,1
4683,0,0
4683,0,0
4684,0,1
4684,0,0
4685,1,1
4685,0,0
4686,1,1
4686,0,0
4686,0,0
4687,1,1
4687,0,0
4688,1,1
4688,0,0
4688,0,0
4689,1,1
4689,0,0
4690,1,1
4690,0,0
4690,0,0
4691,1,1
4691,0,0
4692,1,1
4692,0,0
4694,0,2
4698,0,4
4699,1,1
4699,0,0
4700,1,1
4700,0,0
4700,0,0
4701,1,1
4701,0,0
4702,1,1
4702,0,0
4703,1,1
4703,0,0
4703,0,0
4704,1,1
4704,0,0
4705,1,1
4705,0,0
4705,0,0
4706,1,1
4706,0,0
4707,1,1
4707,0,0
4707,0,0
4708,1,1
4708,0,0
4709,1,1
4709,0,0
4709,0,0
4710,0,1
4714,1,4
4714,0,0
4715,1,1
4715,0,0
4716,1,1
4716,0,0
4716,0,0
4717,1,1
4718,1,1
4719,1,1
4719,0,0
4720,0,1
4721,1,1
4721,0,0
4722,1,1
4723,1,1
4723,0,0
4724,1,1
4724,0,0
4725,0,1
4726,1,1
4726,0,0
4727,0,1
4728,1,1
4728,0,0
4730,0,2
4731,1,1
4731,0,0
4732,0,1
4733,1,1
4733,0,0
4734,0,1
4735,1,1
4735,0,0
4736,1,1
4737,1,1
4737,0,0
4738,1,1
4739,1,1
4743,1,4
4744,1,1
4746,0,2
4747,1,1
4748,1,1
4748,0,0
4749,1,1
4750,1,1
4750,0,0
4751,1,1
4752,1,1
4752,0,0
4753,1,1
4753,0,0
4754,0,1
4755,1,1
4755,0,0
4756,1,1
4757,1,1
4757,0,0
4758,1,1
4759,1,1
4759,0,0
4760,1,1
4761,1,1
4762,0,1
4763,1,1
4764,1,1
4764,0,0
4765,1,1
4765,0,0
4766,1,1
4766,0,0
4767,1,1
4767,0,0
4767,0,0
4768,1,1
4769,0,1
4770,1,1
4770,0,0
4774,0,4
4775,1,1
4775,0,0
4776,1,1
4776,0,0
4776,0,0
4777,0,1
4777,0,0
4778,1,1
4778,0,0
4779,1,1
4779,0,0
4779,0,0
4780,1,1
4780,0,0
4781,1,1
4782,0,1
4782,0,0
4783,1,1
4783,0,0
4784,1,1
4784,0,0
4784,0,0
4785,0,1
4785,0,0
4786,1,1
4786,0,0
4787,1,1
4787,0,0
4787,0,0
4788,1,1
4788,0,0
4789,1,1
4789,0,0
4789,0,0
4790,0,1
4790,0,0
4791,1,1
4791,0,0
4794,0,3
4795,1,1
4795,0,0
4795,0,0
4796,1,1
4796,0,0
4797,1,1
4797,0,0
4797,0,0
4798,1,1
4798,0,0
4799,1,1
4799,0,0
4799,0,0
4800,1,1
4800,0,0
4801,1,1
4801,0,0
4801,0,0
4802,1,1
4802,0,0
4803,1,1
4803,0,0
4803,0,0
4806,0,3
4807,1,1
4807,0,0
4807,0,0
4808,1,1
4808,0,0
4809,1,1
4809,0,0
4809,0,0
4810,1,1
4810,0,0
4811,1,1
4812,1,1
4813,1,1
4813,0,0
4813,0,0
4814,1,1
4814,0,0
4815,1,1
4815,0,0
4815,0,0
4818,0,3
4819,1,1
4819,0,0
4819,0,0
4820,1,1
4820,0,0
4821,1,1
4821,0,0
4821,0,0
4822,1,1
4822,0,0
4823,1,1
4823,0,0
4823,0,0
4824,1,1
4824,0,0
4825,1,1
4825,0,0
4825,0,0
4826,0,1
4826,0,0
4827,1,1
4830,0,3
4831,1,1
4831,0,0
4832,1,1
4832,0,0
4832,0,0
4833,0,1
4833,0,0
4834,1,1
4834,0,0
4835,1,1
4835,0,0
4835,0,0
4836,1,1
4836,0,0
4837,1,1
4837,0,0
4838,0,1
4838,0,0
4839,1,1
4839,0,0
4840,1,1
4841,1,1
4842,1,1
4842,0,0
4842,0,0
4843,0,1
4846,0,3
4847,1,1
4847,0,0
4847,0,0
4848,1,1
4848,0,0
4849,1,1
4849,0,0
4849,0,0
4850,1,1
4850,0,0
4851,1,1
4851,0,0
4851,0,0
4852,1,1
4852,0,0
4853,1,1
4853,0,0
4853,0,0
4854,1,1
4854,0,0
4855,1,1
4855,0,0
4855,0,0
4858,0,3
4859,1,1
4859,0,0
4859,0,0
4860,1,1
4860,0,0
4861,1,1
4861,0,0
4862,1,1
4862,0,0
4862,0,0
4863,1,1
4863,0,0
4864,1,1
4864,0,0
4864,0,0
4865,1,1
4865,0,0
4866,1,1
4866,0,0
4866,0,0
4867,1,1
4867,0,0
4868,1,1
4868,0,0
4868,0,0
4869,1,1
4869,0,0
4870,1,1
4870,0,0
4874,0,4
4875,1,1
4875,0,0
4876,1,1
4876,0,0
4877,1,1
4877,0,0
4877,0,0
4878,1,1
4882,0,4
4883,1,1
4883,0,0
4884,1,1
4884,0,0
4885,1,1
4885,0,0
4885,0,0
4886,1,1
4886,0,0
4887,1,1
4887,0,0
4887,0,0
4888,1,1
4888,0,0
4889,1,1
4889,0,0
4890,1,1
4890,0,0
4890,0,0
4891,1,1
4891,0,0
4891,0,0
4892,0,1
4892,0,0
4893,1,1
4893,0,0
4893,0,0
4894,0,1
4894,0,0
4895,1,1
4895,0,0
4895,0,0
4896,0,1
4896,0,0
4897,1,1
4897,0,0
4897,0,0
4898,0,1
4898,0,0
4899,1,1
4899,0,0
4899,0,0
4900,0,1
4900,0,0
4901,1,1
4901,0,0
4901,0,0
4902,0,1
4902,0,0
4903,1,1
4906,0,3
4907,1,1
4907,0,0
4907,0,0
4908,0,1
4908,0,0
4909,1,1
4909,0,0
4910,1,1
4910,0,0
4910,0,0
4911,1,1
4911,0,0
4912,1,1
4912,0,0
4912,0,0
4913,1,1
4914,0,1
4914,0,0
4915,1,1
4915,0,0
4916,1,1
4916,0,0
4916,0,0
4917,1,1
4917,0,0
4918,1,1
4918,0,0
4918,0,0
4919,1,1
4920,1,1
4920,0,0
4920,0,0
4921,1,1
4921,0,0
4922,0,1
4922,0,0
4923,1,1
4923,0,0
4924,1,1
4924,0,0
4924,0,0
4925,1,1
4926,0,1
4926,0,0
4927,1,1
4927,0,0
4928,1,1
4928,0,0
4928,0,0
4929,1,1
4930,1,1
4936,1,6
4938,0,2
4939,1,1
4939,0,0
4940,1,1
4940,0,0
4941,1,1
4941,0,0
4942,1,1
4942,0,0
4943,1,1
4943,0,0
4944,1,1
4944,0,0
4945,1,1
4946,1,1
4946,0,0
4947,1,1
4947,0,0
4948,1,1
4948,0,0
4949,1,1
4949,0,0
4950,1,1
4954,0,4
4955,1,1
4956,1,1
4956,0,0
4957,1,1
4957,0,0
4957,0,0
4958,1,1
4958,0,0
4959,1,1
4959,0,0
4959,0,0
4960,1,1
4960,0,0
4961,1,1
4961,0,0
4962,1,1
4962,0,0
4962,0,0
4963,1,1
4963,0,0
4964,1,1
4964,0,0
4964,0,0
4965,1,1
4965,0,0
4966,1,1
4966,0,0
4967,1,1
4967,0,0
4967,0,0
4968,1,1
4968,0,0
4969,1,1
4969,0,0
4969,0,0
4970,1,1
4970,0,0
4971,1,1
4971,0,0
4971,0,0
4972,1,1
4972,0,0
4973,1,1
4973,0,0
4973,0,0
4974,0,1
4974,0,0
4975,1,1
4975,0,0
4976,1,1
4976,0,0
4976,0,0
4977,1,1
4977,0,0
4978,1,1
4978,0,0
4978,0,0
4979,1,1
4979,0,0
4980,1,1
4980,0,0
4980,0,0
4982,0,2
4986,1,4
4986,0,0
4987,1,1
4987,0,0
4987,0,0
4989,2,2
4989,0,0
4990,1,1
4990,0,0
4991,1,1
4991,0,0
4991,0,0
4992,1,1
4992,0,0
4993,1,1
4993,0,0
4994,1,1
4994,0,0
4994,0,0
4995,0,1
4995,0,0
4996,1,1
4996,0,0
4997,1,1
4997,0,0
4998,0,1
4998,0,0
4999,1,1
4999,0,0
5000,1,1
5000,0,0
5000,0,0
5001,0,1
5001,0,0
5002,1,1
5006,0,4
5007,1,1
5010,0,3
5011,1,1
5011,0,0
5011,0,0
5012,1,1
5012,0,0
5013,1,1
5013,0,0
5013,0,0
5014,0,1
5014,0,0
5015,1,1
5015,0,0
5016,1,1
5016,0,0
5016,0,0
5017,1,1
5017,0,0
5017,0,0
5018,0,1
5018,0,0
5019,1,1
5019,0,0
5020,1,1
5020,0,0
5020,0,0
5021,1,1
5021,0,0
5021,0,0
5022,0,1
5022,0,0
5023,1,1
5023,0,0
5023,0,0
5024,0,1
5024,0,0
5025,1,1
5025,0,0
5025,0,0
5026,1,1
5026,0,0
5027,1,1
5027,0,0
5027,0,0
5028,1,1
5028,0,0
5029,1,1
5029,0,0
5029,0,0
5030,1,1
5030,0,0
5031,1,1
5031,0,0
5031,0,0
5032,1,1
5032,0,0
5033,1,1
5034,0,1
5034,0,0
5035,1,1
5035,0,0
5036,1,1
5036,0,0
5036,0,0
5037,0,1
5037,0,0
5038,1,1
5038,0,0
5038,0,0
5039,0,1
5042,0,3
5042,0,0
5043,1,1
5043,0,0
5044,1,1
5044,0,0
5046,0,2
5046,0,0
5047,1,1
5047,0,0
5048,1,1
5048,0,0
5048,0,0
5049,1,1
5049,0,0
5050,1,1
5050,0,0
5050,0,0
5051,0,1
5051,0,0
5052,1,1
5052,0,0
5052,0,0
5053,0,1
5053,0,0
5054,1,1
5054,0,0
5055,1,1
5055,0,0
5055,0,0
5056,1,1
5056,0,0
5057,1,1
5057,0,0
5058,0,1
5058,0,0
5059,1,1
5059,0,0
5060,1,1
5060,0,0
5060,0,0
5061,1,1
5061,0,0
5062,1,1
5065,1,3
5065,0,0
5066,1,1
5066,0,0
5066,0,0
5067,1,1
5070,0,3
5070,0,0
5071,0,1
5071,0,0
5072,1,1
5072,0,0
5073,1,1
5073,0,0
5073,0,0
5074,1,1
5074,0,0
5075,1,1
5075,0,0
5075,0,0
5076,1,1
5076,0,0
5077,1,1
5077,0,0
5077,0,0
5078,1,1
5078,0,0
5079,1,1
5079,0,0
5079,0,0
5080,1,1
5080,0,0
5081,1,1
5081,0,0
5081,0,0
5082,1,1
5082,0,0
5083,1,1
5083,0,0
5083,0,0
5084,1,1
5084,0,0
5085,1,1
5085,0,0
5085,0,0
5086,1,1
5086,0,0
5090,0,4
5090,0,0
5091,0,1
5091,0,0
5092,1,1
5092,0,0
5093,1,1
5093,0,0
5093,0,0
5094,0,1
5094,0,0
5095,1,1
5095,0,0
5098,0,3
5098,0,0
5099,1,1
5099,0,0
5100,1,1
5100,0,0
5100,0,0
5101,0,1
5101,0,0
5102,1,1
5102,0,0
5103,1,1
5103,0,0
5103,0,0
5104,1,1
5104,0,0
5105,1,1
5105,0,0
5105,0,0
5106,1,1
5106,0,0
5107,1,1
5107,0,0
5107,0,0
5108,1,1
5108,0,0
5108,0,0
5109,0,1
5109,0,0
5110,1,1
5110,0,0
5110,0,0
5111,1,1
5111,0,0
5112,1,1
5112,0,0
5112,0,0
5113,1,1
5113,0,0
5114,1,1
5114,0,0
5114,0,0
5115,1,1
5115,0,0
5116,1,1
5116,0,0
5118,0,2
5119,1,1
5119,0,0
5119,0,0
5120,0,1
5122,0,2
5122,0,0
5123,1,1
5123,0,0
5124,1,1
5124,0,0
5124,0,0
5125,1,1
5125,0,0
5126,1,1
5126,0,0
5126,0,0
5127,1,1
5127,0,0
5128,1,1
5128,0,0
5128,0,0
5129,1,1
5129,0,0
5130,1,1
5130,0,0
5130,0,0
5131,1,1
5131,0,0
5132,1,1
5134,0,2
5135,1,1
5135,0,0
5135,0,0
5136,1,1
5136,0,0
5137,1,1
5138,0,1
5138,0,0
5139,1,1
5139,0,0
5140,1,1
5140,0,0
5140,0,0
5141,1,1
5141,0,0
5142,1,1
5142,0,0
5142,0,0
5143,1,1
5143,0,0
5144,1,1
5144,0,0
5144,0,0
5145,1,1
5145,0,0
5146,0,1
5146,0,0
5147,1,1
5147,0,0
5148,1,1
5148,0,0
5148,0,0
5149,1,1
5150,0,1
5150,0,0
5151,1,1
5151,0,0
5152,1,1
5154,0,2
5154,0,0
5155,0,1
5155,0,0
5156,1,1
5156,0,0
5156,0,0
5157,0,1
5157,0,0
5158,1,1
5162,0,4
5162,0,0
5163,0,1
5163,0,0
5164,1,1
5164,0,0
5165,1,1
5165,0,0
5165,0,0
5166,0,1
5166,0,0
5167,1,1
5167,0,0
5167,0,0
5168,0,1
5168,0,0
5169,1,1
5169,0,0
5169,0,0
5170,1,1
5170,0,0
5171,1,1
5171,0,0
5171,0,0
5172,1,1
5172,0,0
5173,1,1
5173,0,0
5174,0,1
5174,0,0
5175,1,1
5175,0,0
5176,1,1
5176,0,0
5176,0,0
5177,1,1
5177,0,0
5178,1,1
5178,0,0
5178,0,0
5179,1,1
5182,0,3
5182,0,0
5183,1,1
5183,0,0
5184,1,1
5184,0,0
5184,0,0
5185,0,1
5185,0,0
5186,1,1
5186,0,0
5187,1,1
5187,0,0
5187,0,0
5188,1,1
5188,0,0
5189,1,1
5189,0,0
5189,0,0
5190,1,1
5190,0,0
5191,1,1
5191,0,0
5191,0,0
5192,1,1
5192,0,0
5192,0,0
5193,1,1
5193,0,0
5194,1,1
5194,0,0
5194,0,0
5195,1,1
5198,0,3
5198,0,0
5199,1,1
5199,0,0
5200,1,1
5200,0,0
5200,0,0
5201,1,1
5201,0,0
5202,1,1
5202,0,0
5202,0,0
5203,1,1
5203,0,0
5204,1,1
5204,0,0
5204,0,0
5205,1,1
5205,0,0
5206,1,1
5208,1,2
5208,0,0
5208,0,0
5209,1,1
5209,0,0
5210,1,1
5210,0,0
5210,0,0
5211,0,1
5211,0,0
5212,1,1
5212,0,0
5213,1,1
5213,0,0
5213,0,0
5214,1,1
5214,0,0
5215,1,1
5215,0,0
5215,0,0
5216,0,1
5216,0,0
5217,1,1
5217,0,0
5218,1,1
5218,0,0
5218,0,0
5221,1,3
5221,0,0
5221,0,0
5222,1,1
5226,0,4
5226,0,0
5227,1,1
5227,0,0
5228,1,1
5228,0,0
5228,0,0
5229,1,1
5229,0,0
5230,1,1
5230,0,0
5230,0,0
5231,1,1
5231,0,0
5232,1,1
5232,0,0
5233,1,1
5233,0,0
5233,0,0
5234,1,1
5234,0,0
5235,1,1
5235,0,0
5235,0,0
5236,1,1
5236,0,0
5236,0,0
5237,0,1
5238,0,1
5238,0,0
5239,1,1
5239,0,0
5240,1,1
5240,0,0
5240,0,0
5241,1,1
5241,0,0
5241,0,0
5242,0,1
5242,0,0
5243,1,1
5246,0,3
5246,0,0
5247,1,1
5247,0,0
5248,1,1
5248,0,0
5248,0,0
5249,1,1
5249,0,0
5250,1,1
5250,0,0
5250,0,0
5251,1,1
5251,0,0
5252,1,1
5252,0,0
5252,0,0
5253,1,1
5253,0,0
5254,1,1
5254,0,0
5254,0,0
5255,1,1
5255,0,0
5256,1,1
5256,0,0
5256,0,0
5257,1,1
5257,0,0
5258,0,1
5258,0,0
5259,1,1
5259,0,0
5260,1,1
5260,0,0
5260,0,0
5261,1,1
5262,0,1
5262,0,0
5263,1,1
5263,0,0
5264,1,1
5264,0,0
5264,0,0
5265,1,1
5265,0,0
5266,1,1
5266,0,0
5266,0,0
5267,1,1
5267,0,0
5268,1,1
5268,0,0
5270,0,2
5270,0,0
5274,0,4
5275,1,1
5275,0,0
5275,0,0
5276,1,1
5276,0,0
5277,1,1
5277,0,0
5277,0,0
5278,1,1
5278,0,0
5279,1,1
5279,0,0
5279,0,0
5280,1,1
5280,0,0
5281,1,1
5281,0,0
5281,0,0
5282,1,1
5282,0,0
5283,1,1
5283,0,0
5283,0,0
5284,1,1
5284,0,0
5284,0,0
5285,0,1
5286,0,1
5286,0,0
5287,1,1
5287,0,0
5288,1,1
5288,0,0
5288,0,0
5289,1,1
5289,0,0
5290,1,1
5290,0,0
5291,1,1
5292,1,1
5294,0,2
5294,0,0
5295,1,1
5295,0,0
5296,1,1
5296,0,0
5296,0,0
5297,1,1
5297,0,0
5298,1,1
5298,0,0
5298,0,0
5299,1,1
5299,0,0
5300,1,1
5300,0,0
5300,0,0
5301,1,1
5301,0,0
5302,0,1
5302,0,0
5303,1,1
5303,0,0
5304,1,1
5304,0,0
5306,0,2
5306,0,0
5307,1,1
5307,0,0
5308,1,1
5308,0,0
5308,0,0
5309,1,1
5309,0,0
5310,1,1
5314,0,4
5314,0,0
5315,0,1
5315,0,0
5316,1,1
5316,0,0
5316,0,0
5317,0,1
5317,0,0
5318,1,1
5318,0,0
5319,1,1
5319,0,0
5319,0,0
5320,1,1
5320,0,0
5321,1,1
5321,0,0
5321,0,0
5322,1,1
5326,0,4
5326,0,0
5327,1,1
5327,0,0
5328,1,1
5328,0,0
5328,0,0
5329,1,1
5329,0,0
5330,1,1
5330,0,0
5331,1,1
5331,0,0
5332,1,1
5332,0,0
5333,1,1
5334,1,1
5334,0,0
5335,1,1
5335,0,0
5336,1,1
5337,1,1
5337,0,0
5338,1,1
5338,0,0
5339,1,1
5340,1,1
5340,0,0
5341,1,1
5341,0,0
5342,1,1
5343,1,1
5343,0,0
5344,1,1
5344,0,0
5345,1,1
5346,1,1
5346,0,0
5347,1,1
5347,0,0
5350,0,3
5351,1,1
5351,0,0
5352,0,1
5353,1,1
5353,0,0
5354,1,1
5355,1,1
5355,0,0
5356,1,1
5356,0,0
5357,1,1
5358,0,1
5359,1,1
5359,0,0
5360,1,1
5361,1,1
5361,0,0
5362,1,1
5363,1,1
5366,1,3
5366,0,0
5367,1,1
5367,0,0
5368,1,1
5369,1,1
5370,0,1
5371,1,1
5371,0,0
5373,2,2
5373,0,0
5374,1,1
5375,1,1
5375,0,0
5376,1,1
5376,0,0
5377,0,1
5378,0,1
5379,1,1
5379,0,0
5380,1,1
5381,1,1
5382,0,1
5383,1,1
5383,0,0
5384,1,1
5385,1,1
5385,0,0
5386,1,1
5390,0,4
5391,1,1
5392,1,1
5392,0,0
5393,1,1
5394,0,1
5395,1,1
5395,0,0
5396,1,1
5397,1,1
5397,0,0
5398,1,1
5398,0,0
5399,1,1
5402,0,3
5403,1,1
5403,0,0
5404,0,1
5405,1,1
5405,0,0
5406,1,1
5407,1,1
5407,0,0
5408,1,1
5408,0,0
5409,1,1
5409,0,0
5410,0,1
5411,1,1
5411,0,0
5412,1,1
5412,0,0
5413,0,1
5414,1,1
5414,0,0
5415,1,1
5415,0,0
5416,0,1
5417,1,1
5417,0,0
5418,1,1
5418,0,0
5419,1,1
5420,1,1
5420,0,0
5421,0,1
5422,0,1
5423,1,1
5426,0,3
5427,1,1
5427,0,0
5428,0,1
5430,0,2
5431,1,1
5431,0,0
5432,0,1
5433,1,1
5433,0,0
5434,1,1
5435,1,1
5435,0,0
5436,1,1
5436,0,0
5437,1,1
5438,1,1
5438,0,0
5439,1,1
5439,0,0
5440,1,1
5441,1,1
5442,0,1
5443,1,1
5443,0,0
5444,1,1
5445,1,1
5445,0,0
5446,1,1
5446,0,0
5447,1,1
5448,1,1
5448,0,0
5449,1,1
5449,0,0
5454,0,5
5455,0,1
5458,0,3
5459,1,1
5459,0,0
5460,0,1
5461,1,1
5461,0,0
5462,1,1
5463,1,1
5463,0,0
5464,1,1
5465,1,1
5465,0,0
5466,0,1
5467,1,1
5467,0,0
5468,1,1
5468,0,0
5469,0,1
5470,1,1
5470,0,0
5471,1,1
5472,1,1
5472,0,0
5473,1,1
5473,0,0
5474,1,1
5475,1,1
5475,0,0
5478,0,3
5479,1,1
5479,0,0
5480,0,1
5481,1,1
5481,0,0
5482,1,1
5483,1,1
5483,0,0
5484,1,1
5484,0,0
5485,1,1
5485,0,0
5486,1,1
5487,1,1
5487,0,0
5488,1,1
5490,0,2
5491,1,1
5491,0,0
5492,0,1
5493,1,1
5493,0,0
5494,1,1
5494,0,0
5495,0,1
5496,1,1
5496,0,0
5497,1,1
5498,0,1
5499,1,1
5499,0,0
5500,0,1
5501,1,1
5501,0,0
5502,1,1
5502,0,0
5506,0,4
5510,0,4
5511,1,1
5512,1,1
5512,0,0
5513,1,1
5513,0,0
5514,0,1
5515,1,1
5515,0,0
5516,1,1
5517,1,1
5517,0,0
5518,1,1
5518,0,0
5519,1,1
5520,1,1
5520,0,0
5521,1,1
5521,0,0
5522,1,1
5523,1,1
5523,0,0
5524,1,1
5524,0,0
5525,1,1
5525,0,0
5526,1,1
5527,1,1
5527,0,0
5528,1,1
5528,0,0
5529,1,1
5530,1,1
5530,0,0
5531,1,1
5531,0,0
5532,1,1
5533,1,1
5534,0,1
5535,1,1
5535,0,0
5538,0,3
5539,1,1
5539,0,0
5540,0,1
5541,1,1
5541,0,0
5542,1,1
5543,1,1
5546,0,3
5547,0,1
5548,1,1
5548,0,0
5549,1,1
5550,1,1
5550,0,0
5551,1,1
5551,0,0
5552,1,1
5553,1,1
5553,0,0
5554,1,1
5555,1,1
5555,0,0
5556,1,1
5556,0,0
5557,1,1
5558,0,1
5559,1,1
5559,0,0
5560,1,1
5561,1,1
5561,0,0
5562,1,1
5562,0,0
5566,0,4
5567,1,1
5568,1,1
5568,0,0
5569,1,1
5570,1,1
5570,0,0
5571,1,1
5571,0,0
5574,0,3
5575,1,1
5575,0,0
5576,0,1
5577,1,1
5577,0,0
5578,1,1
5579,1,1
5579,0,0
5580,1,1
5580,0,0
5581,1,1
5581,0,0
5582,0,1
5583,1,1
5583,0,0
5584,1,1
5584,0,0
5585,1,1
5586,1,1
5586,0,0
5587,1,1
5587,0,0
5588,1,1
5589,1,1
5589,0,0
5591,2,2
5591,0,0
5594,0,3
5598,0,4
5599,1,1
5600,1,1
5601,1,1
5601,0,0
5602,1,1
5603,1,1
5603,0,0
5604,1,1
5604,0,0
5605,1,1
5606,1,1
5606,0,0
5607,1,1
5607,0,0
5608,1,1
5609,1,1
5609,0,0
5610,1,1
5610,0,0
5611,1,1
5612,1,1
5612,0,0
5613,1,1
5613,0,0
5614,0,1
5615,1,1
5617,0,2
5618,1,1
5618,0,0
5619,1,1
5620,1,1
5620,0,0
5621,1,1
5621,0,0
5622,1,1
5623,1,1
5623,0,0
5624,1,1
5624,0,0
5625,1,1
5626,1,1
5626,0,0
5627,1,1
5630,0,3
5631,1,1
5631,0,0
5632,0,1
5633,1,1
5633,0,0
5634,0,1
5635,1,1
5635,0,0
5636,1,1
5638,0,2
5639,1,1
5639,0,0
5640,0,1
5641,1,1
5641,0,0
5642,1,1
5643,1,1
5643,0,0
5644,1,1
5644,0,0
5645,1,1
5646,1,1
5646,0,0
5647,1,1
5647,0,0
5648,1,1
5648,0,0
5649,0,1
5650,1,1
5650,0,0
5654,0,4
5655,1,1
5656,1,1
5658,0,2
5659,1,1
5660,1,1
5660,0,0
5661,1,1
5661,0,0
5662,1,1
5663,1,1
5663,0,0
5664,1,1
5665,1,1
5665,0,0
5666,1,1
5666,0,0
5667,1,1
5667,0,0
5668,0,1
5669,1,1
5669,0,0
5670,1,1
5670,0,0
5671,0,1
5672,1,1
5672,0,0
5673,1,1
5674,1,1
5678,0,4
5679,1,1
5679,0,0
5680,0,1
5681,1,1
5681,0,0
5682,1,1
5683,1,1
5683,0,0
5684,1,1
5684,0,0
5685,1,1
5685,0,0
5690,0,5
5691,1,1
5692,1,1
5692,0,0
5693,1,1
5693,0,0
5695,2,2
5696,1,1
5696,0,0
5697,1,1
5698,1,1
5698,0,0
5699,1,1
5699,0,0
5700,0,1
5701,1,1
5701,0,0
5702,1,1
5702,0,0
5703,1,1
5704,1,1
5704,0,0
5705,1,1
5705,0,0
5706,1,1
5707,1,1
5707,0,0
5708,1,1
5708,0,0
5709,1,1
5709,0,0
5711,1,2
5711,0,0
5712,1,1
5713,1,1
5713,0,0
5714,1,1
5714,0,0
5715,0,1
5718,1,3
5718,0,0
5719,1,1
5719,0,0
5720,0,1
5721,1,1
5721,0,0
5722,1,1
5723,1,1
5724,1,1
5725,1,1
5725,0,0
5726,1,1
5730,0,4
5731,1,1
5732,1,1
5732,0,0
5733,1,1
5734,1,1
5734,0,0
5735,1,1
5736,1,1
5736,0,0
5738,0,2
5739,1,1
5739,0,0
5740,0,1
5741,1,1
5741,0,0
5742,1,1
5742,0,0
5743,0,1
5744,1,1
5744,0,0
5745,1,1
5745,0,0
5746,0,1
5747,1,1
5747,0,0
5748,1,1
5750,0,2
5751,1,1
5752,1,1
5752,0,0
5753,1,1
5754,1,1
5754,0,0
5755,1,1
5756,1,1
5756,0,0
5757,1,1
5757,0,0
5758,0,1
5762,0,4
5763,1,1
5764,1,1
5764,0,0
5765,1,1
5766,1,1
5768,1,2
5769,1,1
5769,0,0
5770,1,1
5770,0,0
5771,0,1
5772,1,1
5772,0,0
5773,1,1
5774,1,1
5774,0,0
5775,1,1
5776,1,1
5776,0,0
5777,1,1
5778,1,1
5782,0,4
5783,1,1
5784,1,1
5784,0,0
5785,0,1
5786,1,1
5786,0,0
5787,1,1
5788,1,1
5788,0,0
5789,1,1
5790,1,1
5790,0,0
5791,1,1
5792,1,1
5792,0,0
5793,1,1
5794,1,1
5794,0,0
5798,0,4
5799,1,1
5800,1,1
5800,0,0
5801,1,1
5802,1,1
5803,1,1
5804,1,1
5804,0,0
5805,1,1
5805,0,0
5806,0,1
5807,1,1
5807,0,0
5808,1,1
5808,0,0
5809,1,1
5810,1,1
5810,0,0
5811,1,1
5812,1,1
5812,0,0
5813,1,1
5813,0,0
5814,1,1
5814,0,0
5815,0,1
5818,1,3
5819,1,1
5819,0,0
5820,1,1
5821,1,1
5822,1,1
5822,0,0
5823,0,1
5824,1,1
5824,0,0
5825,1,1
5825,0,0
5826,0,1
5827,1,1
5830,0,3
5831,1,1
5831,0,0
5832,1,1
5832,0,0
5832,0,0
5833,1,1
5833,0,0
5834,1,1
5834,0,0
5834,0,0
5835,1,1
5835,0,0
5835,0,0
5836,0,1
5836,0,0
5838,0,2
5838,0,0
5839,1,1
5839,0,0
5839,0,0
5840,0,1
5840,0,0
5841,1,1
5841,0,0
5841,0,0
5842,1,1
5842,0,0
5843,1,1
5843,0,0
5843,0,0
5844,1,1
5844,0,0
5845,1,1
5845,0,0
5845,0,0
5846,1,1
5846,0,0
5846,0,0
5847,0,1
5847,0,0
5848,1,1
5850,0,2
5850,0,0
5851,1,1
5851,0,0
5852,1,1
5852,0,0
5852,0,0
5853,1,1
5853,0,0
5854,1,1
5854,0,0
5854,0,0
5855,1,1
5855,0,0
5858,0,3
5858,0,0
5859,0,1
5859,0,0
5860,1,1
5860,0,0
5861,1,1
5861,0,0
5861,0,0
5862,1,1
5862,0,0
5863,1,1
5863,0,0
5863,0,0
5864,1,1
5864,0,0
5865,1,1
5865,0,0
5866,0,1
5867,1,1
5868,1,1
5869,1,1
5869,0,0
5870,1,1
5870,0,0
5871,1,1
5871,0,0
5871,0,0
5872,1,1
5873,0,1
5873,0,0
5874,1,1
5874,0,0
5875,1,1
5875,0,0
5875,0,0
5876,1,1
5876,0,0
5877,1,1
5877,0,0
5877,0,0
5878,0,1
5878,0,0
5879,1,1
5882,0,3
5886,0,4
5886,0,0
5887,0,1
5887,0,0
5888,1,1
5888,0,0
5889,1,1
5889,0,0
5889,0,0
5890,1,1
5890,0,0
5891,1,1
5891,0,0
5891,0,0
5892,1,1
5892,0,0
5892,0,0
5893,0,1
5893,0,0
5894,1,1
5894,0,0
5894,0,0
5895,1,1
5895,0,0
5896,1,1
5896,0,0
5896,0,0
5897,1,1
5897,0,0
5897,0,0
5898,0,1
5898,0,0
5899,1,1
5899,0,0
5899,0,0
5900,1,1
5900,0,0
5901,1,1
5901,0,0
5901,0,0
5902,1,1
5902,0,0
5903,1,1
5903,0,0
5903,0,0
5904,1,1
5904,0,0
5904,0,0
5905,0,1
5905,0,0
5906,1,1
5906,0,0
5907,1,1
5907,0,0
5908,1,1
5910,0,2
5910,0,0
5911,1,1
5911,0,0
5912,1,1
5912,0,0
5912,0,0
5913,1,1
5913,0,0
5914,1,1
5914,0,0
5914,0,0
5915,1,1
5915,0,0
5918,1,3
5918,0,0
5919,1,1
5919,0,0
5920,1,1
5920,0,0
5920,0,0
5921,0,1
5921,0,0
5922,1,1
5922,0,0
5923,1,1
5923,0,0
5923,0,0
5924,1,1
5924,0,0
5924,0,0
5925,0,1
5925,0,0
5926,1,1
5926,0,0
5926,0,0
5927,1,1
5930,0,3
5930,0,0
5931,1,1
5931,0,0
5932,1,1
5932,0,0
5932,0,0
5933,1,1
5933,0,0
5934,1,1
5934,0,0
5934,0,0
5935,1,1
5935,0,0
5936,1,1
5936,0,0
5936,0,0
5937,1,1
5938,1,1
5939,1,1
5942,0,3
5942,0,0
5943,0,1
5943,0,0
5944,1,1
5944,0,0
5944,0,0
5945,0,1
5945,0,0
5946,1,1
5946,0,0
5946,0,0
5947,0,1
5947,0,0
5948,1,1
5948,0,0
5948,0,0
5949,1,1
5949,0,0
5950,1,1
5950,0,0
5950,0,0
5951,1,1
5951,0,0
5952,1,1
5952,0,0
5952,0,0
5953,1,1
5953,0,0
5953,0,0
5954,1,1
5954,0,0
5955,1,1
5956,1,1
5958,0,2
5958,0,0
5959,1,1
5959,0,0
5960,1,1
5960,0,0
5960,0,0
5961,1,1
5961,0,0
5962,1,1
5962,0,0
5962,0,0
5963,1,1
5963,0,0
5964,1,1
5964,0,0
5964,0,0
5965,1,1
5965,0,0
5966,1,1
5966,0,0
5966,0,0
5967,1,1
5967,0,0
5967,0,0
5970,0,3
5970,0,0
5971,1,1
5971,0,0
5972,1,1
5972,0,0
5972,0,0
5973,1,1
5973,0,0
5974,1,1
5974,0,0
5974,0,0
5978,0,4
5978,0,0
5979,0,1
5979,0,0
5980,1,1
5980,0,0
5980,0,0
5981,0,1
5981,0,0
5982,1,1
5982,0,0
5982,0,0
5983,0,1
5983,0,0
5984,1,1
5984,0,0
5984,0,0
5985,1,1
5985,0,0
5986,1,1
5986,0,0
5986,0,0
5987,1,1
5987,0,0
5988,1,1
5988,0,0
5988,0,0
5989,1,1
5989,0,0
5989,0,0
5990,0,1
5990,0,0
5991,1,1
5994,0,3
5994,0,0
5995,0,1
5995,0,0
5996,1,1
5996,0,0
5996,0,0
5997,0,1
5997,0,0
5998,1,1
5998,0,0
5998,0,0
5999,0,1
5999,0,0
6000,1,1
6000,0,0
6001,1,1
6001,0,0
6001,0,0
6002,1,1
6002,0,0
6002,0,0
6003,1,1
6003,0,0
6004,1,1
6004,0,0
6004,0,0
6005,1,1
6005,0,0
6006,1,1
6006,0,0
6010,0,4
6010,0,0
6011,0,1
6011,0,0
6012,1,1
6012,0,0
6012,0,0
6017,4,5
6018,1,1
6018,1,0
6018,0,0
6018,0,0
6019,0,1
6019,0,0
6020,1,1
6020,0,0
6020,0,0
6021,1,1
6021,0,0
6021,0,0
6022,1,1
6022,0,0
6023,1,1
6023,1,0
6026,3,3
6034,8,8
6034,8,0
6034,8,0
6034,8,0
6034,8,0
6034,8,0
6034,8,0
6034,8,0
6034,7,0
6046,12,12
6046,12,0
6046,12,0
6046,12,0
6046,12,0
6046,12,0
6046,12,0
6046,11,0
6046,11,0
6046,11,0
6046,11,0
6046,11,0
6046,11,0
6046,11,0
6046,11,0
6046,11,0
6046,11,0
6046,10,0
6046,10,0
6046,10,0
6046,10,0
6046,10,0
6046,10,0
6046,10,0
6046,10,0
6046,10,0
6046,10,0
6046,9,0
6046,9,0
6046,9,0
6046,9,0
6046,9,0
6046,9,0
6046,9,0
6046,9,0
6050,3,4
6058,8,8
6058,8,0
6058,8,0
6058,8,0
6058,8,0
6058,8,0
6058,8,0
6058,7,0
6058,7,0
6058,7,0
6058,7,0
6058,7,0
6058,7,0
6058,7,0
6058,7,0
6058,7,0
6058,7,0
6058,7,0
6058,6,0
6058,6,0
6058,6,0
6058,6,0
6058,4,0
6063,5,5
6063,5,0
6063,4,0
6063,4,0
6063,4,0
6063,4,0
6063,4,0
