time (ms),latency (ms),consume (ms)
0,14,0
1,8,1
1,7,0
1,5,0
8,9,7
8,6,0
8,5,0
9,5,1
9,4,0
19,12,10
19,9,0
20,10,1
20,8,0
20,7,0
27,9,7
28,8,1
28,7,0
29,7,1
29,6,0
30,4,1
30,2,0
32,1,2
33,1,1
34,1,1
35,1,1
36,1,1
38,1,2
39,1,1
40,1,1
43,1,3
47,4,4
48,1,1
52,1,4
52,0,0
53,0,1
54,1,1
55,1,1
56,1,1
57,0,1
59,1,2
59,0,0
60,0,1
61,1,1
63,0,2
64,1,1
65,1,1
66,0,1
69,3,3
70,0,1
72,1,2
74,1,2
74,0,0
75,1,1
76,1,1
77,1,1
77,0,0
80,2,3
81,1,1
81,0,0
83,1,2
83,0,0
85,0,2
86,0,1
88,1,2
88,0,0
89,1,1
90,0,1
91,1,1
91,0,0
92,0,1
93,1,1
94,1,1
96,1,2
97,1,1
98,1,1
98,0,0
99,0,1
101,1,2
101,0,0
103,1,2
105,1,2
106,1,1
107,1,1
110,2,3
112,1,2
112,0,0
113,1,1
114,1,1
114,0,0
119,0,5
122,0,3
123,1,1
124,1,1
124,0,0
125,1,1
126,1,1
126,0,0
127,0,1
129,1,2
129,0,0
130,1,1
131,1,1
131,0,0
132,1,1
133,1,1
133,0,0
134,1,1
134,0,0
135,0,1
136,1,1
136,0,0
137,0,1
139,1,2
139,0,0
140,1,1
141,1,1
143,0,2
147,1,4
148,1,1
148,0,0
149,1,1
150,1,1
150,0,0
151,1,1
151,0,0
152,0,1
153,1,1
155,0,2
156,1,1
157,1,1
157,0,0
158,1,1
158,0,0
159,0,1
162,1,3
163,1,1
163,0,0
164,0,1
165,1,1
167,1,2
168,1,1
168,0,0
169,0,1
170,1,1
170,0,0
171,0,1
172,1,1
172,0,0
173,1,1
174,1,1
174,0,0
175,0,1
180,1,5
182,1,2
182,0,0
183,1,1
184,1,1
184,0,0
185,0,1
186,1,1
186,0,0
187,1,1
188,1,1
188,0,0
189,1,1
189,0,0
190,1,1
191,1,1
192,1,1
193,1,1
193,0,0
194,1,1
195,1,1
195,0,0
196,1,1
197,1,1
198,0,1
199,0,1
200,1,1
201,1,1
203,0,2
204,1,1
204,0,0
205,0,1
206,1,1
206,0,0
208,1,2
210,1,2
211,1,1
213,1,2
213,0,0
215,0,2
216,1,1
217,1,1
217,0,0
218,1,1
219,0,1
220,1,1
220,0,0
221,1,1
222,1,1
223,0,1
225,2,2
227,0,2
231,1,4
232,1,1
232,0,0
233,1,1
234,1,1
234,0,0
235,1,1
235,0,0
237,2,2
237,0,0
238,1,1
238,0,0
240,1,2
241,1,1
241,0,0
242,1,1
242,0,0
243,0,1
246,3,3
247,1,1
247,0,0
248,0,1
249,1,1
251,0,2
252,1,1
253,1,1
253,0,0
254,1,1
254,0,0
255,0,1
259,0,4
260,0,1
262,2,2
262,0,0
263,1,1
264,1,1
264,0,0
265,1,1
266,1,1
268,2,2
269,0,1
270,1,1
271,1,1
271,0,0
272,1,1
273,1,1
274,0,1
276,0,2
277,1,1
278,1,1
279,1,1
280,1,1
286,0,6
287,0,1
288,1,1
288,0,0
289,0,1
290,1,1
290,0,0
291,1,1
292,1,1
292,0,0
293,1,1
294,1,1
294,0,0
295,1,1
295,0,0
296,0,1
297,1,1
297,0,0
298,1,1
298,0,0
299,1,1
300,1,1
300,0,0
303,0,3
304,1,1
305,1,1
305,0,0
306,0,1
307,1,1
307,0,0
308,1,1
309,1,1
309,0,0
310,1,1
310,0,0
311,1,1
312,1,1
312,0,0
313,1,1
313,0,0
314,1,1
314,0,0
315,0,1
316,1,1
321,3,5
321,0,0
322,0,1
323,1,1
323,0,0
324,1,1
325,1,1
325,0,0
326,1,1
330,1,4
331,1,1
331,0,0
332,1,1
333,1,1
339,6,6
340,0,1
341,1,1
341,0,0
342,0,1
348,1,6
351,0,3
352,1,1
352,0,0
353,1,1
354,1,1
354,0,0
355,1,1
355,0,0
359,3,4
359,0,0
361,0,2
362,1,1
363,1,1
368,1,5
368,0,0
369,1,1
369,0,0
370,1,1
371,1,1
371,0,0
372,1,1
372,0,0
373,0,1
374,1,1
375,0,1
376,1,1
376,0,0
377,1,1
377,0,0
378,1,1
378,0,0
379,0,1
383,0,4
384,0,1
385,1,1
385,0,0
386,1,1
386,0,0
387,1,1
387,0,0
388,0,1
389,1,1
389,0,0
390,1,1
390,0,0
391,1,1
391,0,0
392,1,1
392,0,0
393,0,1
395,2,2
395,0,0
396,1,1
396,0,0
397,1,1
398,1,1
398,0,0
399,1,1
402,3,3
404,1,2
405,1,1
406,0,1
407,0,1
413,2,6
414,1,1
414,0,0
415,1,1
415,0,0
416,1,1
416,0,0
419,0,3
420,1,1
421,1,1
421,0,0
422,1,1
422,0,0
423,0,1
424,1,1
425,1,1
426,1,1
427,0,1
428,1,1
429,1,1
430,1,1
430,0,0
431,1,1
431,0,0
432,0,1
434,1,2
436,2,2
437,1,1
437,0,0
439,0,2
440,1,1
440,0,0
441,1,1
441,0,0
442,0,1
443,1,1
443,0,0
444,1,1
444,0,0
445,1,1
447,1,2
447,0,0
448,1,1
448,0,0
451,0,3
452,0,1
453,1,1
453,0,0
454,1,1
454,0,0
455,1,1
455,0,0
456,1,1
456,0,0
457,1,1
457,0,0
458,0,1
459,1,1
459,0,0
460,1,1
460,0,0
461,1,1
461,0,0
462,1,1
463,1,1
463,0,0
464,1,1
467,0,3
468,1,1
469,1,1
469,0,0
470,1,1
470,0,0
471,1,1
471,0,0
472,1,1
472,0,0
473,0,1
473,0,0
474,0,1
475,1,1
475,0,0
476,1,1
476,0,0
477,1,1
477,0,0
478,1,1
478,0,0
479,1,1
479,0,0
480,1,1
481,1,1
481,0,0
482,1,1
482,0,0
483,1,1
483,0,0
484,1,1
484,0,0
488,1,4
488,0,0
489,1,1
489,0,0
490,1,1
490,0,0
491,1,1
491,0,0
492,0,1
493,1,1
493,0,0
494,1,1
494,0,0
495,1,1
495,0,0
496,1,1
496,0,0
497,1,1
497,0,0
498,1,1
498,0,0
499,1,1
501,2,2
505,4,4
507,0,2
508,0,1
509,1,1
509,0,0
510,0,1
536,6,26
544,1,8
545,1,1
546,1,1
547,1,1
547,0,0
548,1,1
549,1,1
549,0,0
550,1,1
550,0,0
551,0,1
552,1,1
554,2,2
555,0,1
559,1,4
560,1,1
560,0,0
561,1,1
562,1,1
562,0,0
563,1,1
563,0,0
564,1,1
564,0,0
565,1,1
565,0,0
566,1,1
566,0,0
567,1,1
568,1,1
571,0,3
572,0,1
573,1,1
575,0,2
576,0,1
577,1,1
578,1,1
578,0,0
579,1,1
579,0,0
580,1,1
580,0,0
581,1,1
581,0,0
582,1,1
582,0,0
583,1,1
584,1,1
584,0,0
585,1,1
585,0,0
586,1,1
586,0,0
587,1,1
587,0,0
588,1,1
588,0,0
589,1,1
589,0,0
590,1,1
590,0,0
591,1,1
592,1,1
595,0,3
596,1,1
596,0,0
597,1,1
597,0,0
598,1,1
598,0,0
599,1,1
603,4,4
607,0,4
608,1,1
608,0,0
615,7,7
616,1,1
616,0,0
617,1,1
617,0,0
618,1,1
618,0,0
619,1,1
619,0,0
620,1,1
620,0,0
621,1,1
621,0,0
622,1,1
629,7,7
629,2,0
648,19,19
648,18,0
648,17,0
648,17,0
648,16,0
648,16,0
648,13,0
648,13,0
648,9,0
648,9,0
648,8,0
648,8,0
648,7,0
648,7,0
648,7,0
648,5,0
648,5,0
648,4,0
648,4,0
648,4,0
648,3,0
648,3,0
649,3,1
649,2,0
649,2,0
649,1,0
660,9,11
660,9,0
660,8,0
660,8,0
660,6,0
660,1,0
660,0,0
661,1,1
661,0,0
665,4,4
666,1,1
666,0,0
667,1,1
668,1,1
668,0,0
669,1,1
669,0,0
670,1,1
671,0,1
672,1,1
672,0,0
673,1,1
673,0,0
674,1,1
674,0,0
675,1,1
675,0,0
679,0,4
680,1,1
680,0,0
681,1,1
683,2,2
684,1,1
684,0,0
685,1,1
687,0,2
691,4,4
692,1,1
692,0,0
693,1,1
693,0,0
694,1,1
694,0,0
695,1,1
695,0,0
696,1,1
696,0,0
697,1,1
697,0,0
698,1,1
698,0,0
699,1,1
699,0,0
700,1,1
700,0,0
700,0,0
701,0,1
701,0,0
702,0,1
702,0,0
703,0,1
703,0,0
705,0,2
707,0,2
708,1,1
708,0,0
709,1,1
709,0,0
710,1,1
710,0,0
711,0,1
712,1,1
712,0,0
715,0,3
723,0,8
724,0,1
724,0,0
725,0,1
725,0,0
726,0,1
726,0,0
727,0,1
727,0,0
728,0,1
728,0,0
729,1,1
729,0,0
730,1,1
730,0,0
731,1,1
731,0,0
732,1,1
732,0,0
734,2,2
734,0,0
735,1,1
735,0,0
736,1,1
736,0,0
737,1,1
737,0,0
738,1,1
739,1,1
739,0,0
740,1,1
740,0,0
743,0,3
744,1,1
744,0,0
745,1,1
745,0,0
746,1,1
746,0,0
747,1,1
747,0,0
748,1,1
748,0,0
749,1,1
749,0,0
750,1,1
750,0,0
751,0,1
752,1,1
752,0,0
753,1,1
753,0,0
754,1,1
755,0,1
756,1,1
756,0,0
759,0,3
760,1,1
760,0,0
761,1,1
761,0,0
762,1,1
762,0,0
763,1,1
767,0,4
769,1,2
769,0,0
770,1,1
770,0,0
771,1,1
771,0,0
772,1,1
772,0,0
773,1,1
773,0,0
774,1,1
774,0,0
774,0,0
775,0,1
776,1,1
776,0,0
776,0,0
777,0,1
777,0,0
778,1,1
778,0,0
779,1,1
779,0,0
783,0,4
784,1,1
784,0,0
785,1,1
785,0,0
786,1,1
786,0,0
787,1,1
787,0,0
788,1,1
788,0,0
789,1,1
789,0,0
790,1,1
790,0,0
790,0,0
791,0,1
791,0,0
792,0,1
792,0,0
793,1,1
793,0,0
794,1,1
794,0,0
795,1,1
799,0,4
800,1,1
800,0,0
801,1,1
801,0,0
802,1,1
802,0,0
803,1,1
803,0,0
804,1,1
804,0,0
805,1,1
805,0,0
806,1,1
806,0,0
807,1,1
807,0,0
808,1,1
811,0,3
812,1,1
812,0,0
813,1,1
813,0,0
814,1,1
814,0,0
815,1,1
815,0,0
816,1,1
816,0,0
817,1,1
817,0,0
818,1,1
818,0,0
819,1,1
819,0,0
820,1,1
820,0,0
821,1,1
821,0,0
821,0,0
822,0,1
822,0,0
823,1,1
823,0,0
824,1,1
824,0,0
825,1,1
825,0,0
826,1,1
827,0,1
828,1,1
828,0,0
828,0,0
829,0,1
829,0,0
830,1,1
831,0,1
832,1,1
835,0,3
836,1,1
836,0,0
837,1,1
837,0,0
838,1,1
839,0,1
840,1,1
840,0,0
841,1,1
841,0,0
842,1,1
842,0,0
843,1,1
844,1,1
844,0,0
847,0,3
848,1,1
848,0,0
849,1,1
849,0,0
850,1,1
850,0,0
851,1,1
851,0,0
852,1,1
852,0,0
853,1,1
853,0,0
854,1,1
854,0,0
855,1,1
855,0,0
856,1,1
856,0,0
857,1,1
857,0,0
858,1,1
859,0,1
860,1,1
860,0,0
861,1,1
863,0,2
864,1,1
864,0,0
865,1,1
865,0,0
866,1,1
866,0,0
867,1,1
871,0,4
872,1,1
872,0,0
874,2,2
875,0,1
876,1,1
876,0,0
877,1,1
877,0,0
878,1,1
878,0,0
879,1,1
879,0,0
880,1,1
883,0,3
884,1,1
884,0,0
885,1,1
885,0,0
886,1,1
886,0,0
887,1,1
887,0,0
888,1,1
888,0,0
889,1,1
889,0,0
890,1,1
890,0,0
891,1,1
891,0,0
892,1,1
892,0,0
893,1,1
893,0,0
894,1,1
894,0,0
895,1,1
895,0,0
896,1,1
896,0,0
896,0,0
897,0,1
897,0,0
898,1,1
898,0,0
899,1,1
899,0,0
900,1,1
903,0,3
904,1,1
904,0,0
905,1,1
907,0,2
908,1,1
908,0,0
909,1,1
909,0,0
910,1,1
910,0,0
911,1,1
911,0,0
912,1,1
912,0,0
913,1,1
913,0,0
914,1,1
914,0,0
914,0,0
915,0,1
916,1,1
916,0,0
916,0,0
917,0,1
917,0,0
918,0,1
918,0,0
919,1,1
920,1,1
920,0,0
921,1,1
921,0,0
922,1,1
922,0,0
923,0,1
924,1,1
926,0,2
926,0,0
927,0,1
927,0,0
928,0,1
928,0,0
929,0,1
929,0,0
930,1,1
930,0,0
931,1,1
931,0,0
932,1,1
948,16,16
948,16,0
948,15,0
948,15,0
949,16,1
949,10,0
949,10,0
949,10,0
949,9,0
949,9,0
949,8,0
949,7,0
949,7,0
949,7,0
949,6,0
950,7,1
950,3,0
950,3,0
950,3,0
951,0,1
952,1,1
952,0,0
954,1,2
954,0,0
955,1,1
955,0,0
956,1,1
959,0,3
960,1,1
960,0,0
961,1,1
961,0,0
962,1,1
962,0,0
963,1,1
963,0,0
964,1,1
964,0,0
965,1,1
965,0,0
966,1,1
966,0,0
966,0,0
967,0,1
967,0,0
968,0,1
968,0,0
969,0,1
969,0,0
970,1,1
970,0,0
971,1,1
971,0,0
972,1,1
972,0,0
973,1,1
973,0,0
974,1,1
974,0,0
975,1,1
976,0,1
977,1,1
978,1,1
978,0,0
983,0,5
984,1,1
984,0,0
985,1,1
985,0,0
986,1,1
987,0,1
987,0,0
988,0,1
988,0,0
989,0,1
989,0,0
990,1,1
990,0,0
991,1,1
991,0,0
992,1,1
995,0,3
996,1,1
996,0,0
997,1,1
997,0,0
998,1,1
998,0,0
999,1,1
999,0,0
999,0,0
1000,0,1
1000,0,0
1003,0,3
1004,1,1
1004,0,0
1005,1,1
1005,0,0
1006,1,1
1006,0,0
1007,1,1
1007,0,0
1008,1,1
1008,0,0
1008,0,0
1009,0,1
1009,0,0
1015,0,6
1016,1,1
1016,0,0
1017,1,1
1017,0,0
1018,1,1
1018,0,0
1018,0,0
1019,0,1
1020,1,1
1020,0,0
1020,0,0
1026,0,6
1027,1,1
1031,0,4
1032,1,1
1032,0,0
1033,1,1
1033,0,0
1034,1,1
1034,0,0
1035,1,1
1035,0,0
1036,1,1
1036,0,0
1037,1,1
1037,0,0
1038,1,1
1038,0,0
1039,1,1
1039,0,0
1039,0,0
1040,0,1
1040,0,0
1041,1,1
1041,0,0
1042,1,1
1042,0,0
1043,1,1
1047,0,4
1048,1,1
1048,0,0
1049,1,1
1049,0,0
1050,1,1
1050,0,0
1051,1,1
1051,0,0
1052,1,1
1052,0,0
1052,0,0
1053,0,1
1053,0,0
1054,1,1
1055,0,1
1055,0,0
1056,0,1
1056,0,0
1057,1,1
1057,0,0
1058,1,1
1058,0,0
1059,1,1
1059,0,0
1063,0,4
1065,0,2
1066,1,1
1066,0,0
1067,1,1
1067,0,0
1068,1,1
1068,0,0
1069,1,1
1069,0,0
1070,1,1
1070,0,0
1071,1,1
1071,0,0
1072,1,1
1072,0,0
1073,1,1
1073,0,0
1073,0,0
1074,0,1
1074,0,0
1075,1,1
1075,0,0
1076,1,1
1076,0,0
1077,1,1
1077,0,0
1078,1,1
1079,0,1
1079,0,0
1080,0,1
1080,0,0
1081,1,1
1081,0,0
1082,1,1
1082,0,0
1085,0,3
1087,0,2
1088,1,1
1088,0,0
1089,1,1
1089,0,0
1090,1,1
1090,0,0
1090,0,0
1091,0,1
1095,0,4
1096,1,1
1096,0,0
1096,0,0
1097,0,1
1099,0,2
1100,1,1
1100,0,0
1100,0,0
1101,0,1
1101,0,0
1102,0,1
1102,0,0
1103,1,1
1103,0,0
1104,1,1
1104,0,0
1105,1,1
1105,0,0
1106,1,1
1106,0,0
1107,1,1
1107,0,0
1107,0,0
1108,0,1
1108,0,0
1109,1,1
1109,0,0
1111,0,2
1112,1,1
1112,0,0
1113,1,1
1113,0,0
1114,1,1
1114,0,0
1115,1,1
1115,0,0
1116,1,1
1116,0,0
1117,1,1
1117,0,0
1118,1,1
1118,0,0
1119,1,1
1119,0,0
1120,1,1
1123,0,3
1124,1,1
1124,0,0
1125,1,1
1126,0,1
1127,1,1
1127,0,0
1128,1,1
1128,0,0
1129,1,1
1129,0,0
1130,1,1
1130,0,0
1130,0,0
1131,0,1
1131,0,0
1132,1,1
1132,0,0
1133,1,1
1133,0,0
1134,1,1
1134,0,0
1135,0,1
1135,0,0
1136,0,1
1139,0,3
1140,1,1
1140,0,0
1141,1,1
1141,0,0
1145,4,4
1145,0,0
1146,1,1
1146,0,0
1147,1,1
1147,0,0
1148,1,1
1148,0,0
1149,1,1
1149,0,0
1150,1,1
1155,4,5
1156,1,1
1156,0,0
1157,1,1
1157,0,0
1158,1,1
1158,0,0
1159,1,1
1159,0,0
1159,0,0
1160,0,1
1160,0,0
1163,0,3
1164,1,1
1164,0,0
1165,1,1
1165,0,0
1165,0,0
1166,0,1
1167,0,1
1168,1,1
1168,0,0
1168,0,0
1169,1,1
1169,0,0
1170,1,1
1170,0,0
1171,1,1
1175,0,4
1176,1,1
1176,0,0
1177,1,1
1179,0,2
1180,1,1
1180,0,0
1181,1,1
1181,0,0
1181,0,0
1182,0,1
1182,0,0
1183,1,1
1184,0,1
1185,0,1
1185,0,0
1186,1,1
1186,0,0
1187,1,1
1187,0,0
1188,1,1
1188,0,0
1189,1,1
1189,0,0
1189,0,0
1190,0,1
1190,0,0
1191,1,1
1191,0,0
1192,1,1
1192,0,0
1195,1,3
1195,0,0
1196,1,1
1196,0,0
1196,0,0
1197,0,1
1197,0,0
1198,1,1
1198,0,0
1199,1,1
1199,0,0
1200,1,1
1200,0,0
1200,0,0
1201,0,1
1201,0,0
1202,1,1
1203,1,1
1203,0,0
1203,0,0
1204,0,1
1204,0,0
1207,0,3
1207,0,0
1208,0,1
1208,0,0
1209,1,1
1209,0,0
1210,1,1
1210,0,0
1211,1,1
1211,0,0
1212,1,1
1212,0,0
1213,1,1
1213,0,0
1213,0,0
1214,0,1
1214,0,0
1215,1,1
1215,0,0
1216,1,1
1216,0,0
1217,1,1
1217,0,0
1217,0,0
1218,0,1
1218,0,0
1219,1,1
1219,0,0
1220,1,1
1220,0,0
1221,1,1
1221,0,0
1221,0,0
1223,0,2
1223,0,0
1225,1,2
1225,0,0
1226,1,1
1226,0,0
1227,1,1
1227,0,0
1228,1,1
1228,0,0
1228,0,0
1229,1,1
1229,0,0
1230,1,1
1230,0,0
1231,1,1
1235,0,4
1236,1,1
1236,0,0
1236,0,0
1237,0,1
1237,0,0
1238,1,1
1238,0,0
1239,1,1
1239,0,0
1240,1,1
1240,0,0
1240,0,0
1241,0,1
1241,0,0
1242,1,1
1242,0,0
1243,0,1
1244,1,1
1244,0,0
1245,1,1
1245,0,0
1246,0,1
1247,1,1
1248,1,1
1248,0,0
1249,1,1
1249,0,0
1250,0,1
1251,1,1
1251,0,0
1252,1,1
1252,0,0
1253,0,1
1254,1,1
1254,0,0
1255,0,1
1256,1,1
1256,0,0
1257,0,1
1258,1,1
1258,0,0
1259,0,1
1260,1,1
1260,0,0
1261,0,1
1263,0,2
1264,1,1
1265,1,1
1265,0,0
1266,1,1
1267,1,1
1267,0,0
1268,1,1
1269,1,1
1269,0,0
1270,1,1
1271,1,1
1271,0,0
1272,1,1
1273,1,1
1275,0,2
1276,1,1
1277,1,1
1277,0,0
1278,1,1
1279,1,1
1279,0,0
1280,1,1
1281,1,1
1281,0,0
1282,1,1
1283,1,1
1283,0,0
1284,1,1
1285,1,1
1285,0,0
1286,1,1
1288,2,2
1288,0,0
1291,0,3
1292,1,1
1292,0,0
1293,1,1
1293,0,0
1293,0,0
1294,1,1
1294,0,0
1295,1,1
1295,0,0
1296,1,1
1296,0,0
1297,1,1
1297,0,0
1298,1,1
1298,0,0
1299,1,1
1299,0,0
1300,1,1
1300,0,0
1300,0,0
1301,1,1
1301,0,0
1302,1,1
1302,0,0
1303,1,1
1303,0,0
1303,0,0
1304,0,1
1304,0,0
1305,1,1
1305,0,0
1314,7,9
1314,7,0
1314,7,0
1314,6,0
1314,6,0
1314,6,0
1314,5,0
1314,5,0
1314,5,0
1314,4,0
1314,4,0
1314,4,0
1314,3,0
1314,3,0
1315,4,1
1315,3,0
1315,3,0
1315,3,0
1318,1,3
1318,0,0
1319,1,1
1319,0,0
1320,1,1
1320,0,0
1321,1,1
1321,0,0
1321,0,0
1322,0,1
1322,0,0
1327,0,5
1331,0,4
1332,1,1
1332,0,0
1332,0,0
1333,1,1
1333,0,0
1334,1,1
1334,0,0
1335,1,1
1335,0,0
1336,1,1
1336,0,0
1336,0,0
1337,0,1
1337,0,0
1338,1,1
1338,0,0
1339,1,1
1339,0,0
1340,1,1
1340,0,0
1340,0,0
1341,0,1
1343,0,2
1343,0,0
1344,0,1
1344,0,0
1345,1,1
1345,0,0
1346,1,1
1346,0,0
1347,1,1
1347,0,0
1347,0,0
1348,0,1
1348,0,0
1349,1,1
1349,0,0
1350,1,1
1350,0,0
1351,1,1
1351,0,0
1351,0,0
1352,0,1
1352,0,0
1353,1,1
1353,0,0
1354,1,1
1355,0,1
1355,0,0
1356,0,1
1359,0,3
1360,1,1
1360,0,0
1361,1,1
1361,0,0
1362,1,1
1362,0,0
1362,0,0
1363,0,1
1363,0,0
1364,1,1
1367,0,3
1368,1,1
1368,0,0
1369,1,1
1369,0,0
1370,1,1
1370,0,0
1370,0,0
1371,0,1
1371,0,0
1372,1,1
1372,0,0
1373,1,1
1373,0,0
1374,1,1
1374,0,0
1374,0,0
1375,0,1
1375,0,0
1376,1,1
1376,0,0
1377,1,1
1377,0,0
1378,1,1
1378,0,0
1378,0,0
1379,0,1
1380,0,1
1381,1,1
1381,0,0
1382,1,1
1383,1,1
1384,1,1
1384,0,0
1385,1,1
1385,0,0
1385,0,0
1386,1,1
1386,0,0
1387,0,1
1387,0,0
1388,1,1
1391,0,3
1392,1,1
1392,0,0
1392,0,0
1393,1,1
1393,0,0
1394,1,1
1396,0,2
1396,0,0
1397,0,1
1397,0,0
1398,1,1
1398,0,0
1399,1,1
1399,0,0
1400,1,1
1400,0,0
1400,0,0
1401,0,1
1401,0,0
1402,1,1
1402,0,0
1403,1,1
1403,0,0
1403,0,0
1404,0,1
1404,0,0
1405,1,1
1405,0,0
1406,1,1
1406,0,0
1406,0,0
1407,0,1
1407,0,0
1408,1,1
1408,0,0
1409,1,1
1409,0,0
1409,0,0
1410,0,1
1411,0,1
1411,0,0
1412,0,1
1412,0,0
1413,1,1
1413,0,0
1414,1,1
1414,0,0
1415,1,1
1415,0,0
1423,4,8
1424,1,1
1424,0,0
1425,1,1
1425,0,0
1426,1,1
1426,0,0
1427,1,1
1427,0,0
1428,1,1
1428,0,0
1429,1,1
1429,0,0
1429,0,0
1430,0,1
1430,0,0
1431,1,1
1431,0,0
1432,1,1
1432,0,0
1433,1,1
1433,0,0
1433,0,0
1434,1,1
1434,0,0
1435,1,1
1435,0,0
1436,1,1
1436,0,0
1439,0,3
1440,1,1
1440,0,0
1441,1,1
1441,0,0
1441,0,0
1442,0,1
1442,0,0
1443,1,1
1443,0,0
1444,1,1
1444,0,0
1445,1,1
1445,0,0
1446,1,1
1446,0,0
1446,0,0
1447,1,1
1447,0,0
1448,1,1
1448,0,0
1449,1,1
1449,0,0
1451,0,2
1451,0,0
1452,0,1
1452,0,0
1453,1,1
1453,0,0
1454,1,1
1454,0,0
1455,1,1
1455,0,0
1456,1,1
1456,0,0
1456,0,0
1457,0,1
1457,0,0
1459,0,2
1459,0,0
1460,0,1
1460,0,0
1461,1,1
1461,0,0
1462,1,1
1462,0,0
1463,0,1
1463,0,0
1464,1,1
1464,0,0
1465,1,1
1465,0,0
1467,0,2
1468,1,1
1468,0,0
1468,0,0
1471,0,3
1471,0,0
1472,0,1
1472,0,0
1473,1,1
1473,0,0
1474,1,1
1474,0,0
1475,1,1
1475,0,0
1476,1,1
1476,0,0
1476,0,0
1477,0,1
1477,0,0
1478,1,1
1479,0,1
1479,0,0
1480,0,1
1480,0,0
1481,1,1
1481,0,0
1482,1,1
1482,0,0
1483,1,1
1483,0,0
1487,0,4
1488,1,1
1488,0,0
1489,1,1
1491,0,2
1491,0,0
1492,0,1
1492,0,0
1493,1,1
1493,0,0
1494,1,1
1494,0,0
1495,1,1
1495,0,0
1496,1,1
1496,0,0
1496,0,0
1497,1,1
1497,0,0
1498,1,1
1498,0,0
1499,1,1
1499,0,0
1499,0,0
1500,1,1
1500,0,0
1501,1,1
1501,0,0
1502,1,1
1502,0,0
1502,0,0
1503,0,1
1507,0,4
1508,1,1
1508,0,0
1508,0,0
1509,0,1
1509,0,0
1510,1,1
1510,0,0
1511,1,1
1511,0,0
1512,1,1
1512,0,0
1512,0,0
1513,1,1
1513,0,0
1514,1,1
1514,0,0
1515,1,1
1515,0,0
1515,0,0
1516,1,1
1516,0,0
1519,0,3
1519,0,0
1520,0,1
1520,0,0
1521,1,1
1521,0,0
1522,1,1
1522,0,0
1523,1,1
1523,0,0
1524,1,1
1524,0,0
1524,0,0
1525,1,1
1525,0,0
1526,1,1
1526,0,0
1527,1,1
1527,0,0
1527,0,0
1528,0,1
1528,0,0
1529,1,1
1529,0,0
1530,1,1
1530,0,0
1530,0,0
1531,1,1
1531,0,0
1532,1,1
1532,0,0
1533,1,1
1533,0,0
1533,0,0
1535,0,2
1539,0,4
1540,1,1
1540,0,0
1540,0,0
1541,1,1
1541,0,0
1542,1,1
1542,0,0
1543,1,1
1543,0,0
1544,1,1
1544,0,0
1544,0,0
1545,1,1
1545,0,0
1547,0,2
1547,0,0
1548,0,1
1548,0,0
1549,1,1
1549,0,0
1550,1,1
1550,0,0
1551,1,1
1551,0,0
1551,0,0
1552,1,1
1552,0,0
1553,1,1
1553,0,0
1554,1,1
1554,0,0
1554,0,0
1555,1,1
1559,0,4
1560,1,1
1560,0,0
1561,1,1
1561,0,0
1561,0,0
1562,0,1
1562,0,0
1563,1,1
1563,0,0
1564,1,1
1564,0,0
1565,1,1
1565,0,0
1565,0,0
1566,0,1
1566,0,0
1567,1,1
1567,0,0
1568,1,1
1571,0,3
1572,1,1
1572,0,0
1572,0,0
1573,0,1
1573,0,0
1574,1,1
1574,0,0
1575,1,1
1575,0,0
1576,1,1
1576,0,0
1576,0,0
1577,0,1
1577,0,0
1578,1,1
1578,0,0
1579,1,1
1579,0,0
1580,1,1
1580,0,0
1580,0,0
1581,1,1
1581,0,0
1582,1,1
1582,0,0
1583,1,1
1583,0,0
1583,0,0
1584,1,1
1584,0,0
1585,1,1
1585,0,0
1586,1,1
1586,0,0
1586,0,0
1587,1,1
1587,0,0
1591,0,4
1592,1,1
1592,0,0
1593,1,1
1594,1,1
1594,0,0
1595,0,1
1599,0,4
1600,0,1
1601,1,1
1601,0,0
1602,1,1
1603,1,1
1603,0,0
1604,1,1
1604,0,0
1605,1,1
1606,1,1
1606,0,0
1607,1,1
1607,0,0
1607,0,0
1608,0,1
1608,0,0
1609,1,1
1609,0,0
1610,1,1
1610,0,0
1610,0,0
1611,0,1
1611,0,0
1612,1,1
1612,0,0
1613,1,1
1613,0,0
1613,0,0
1614,0,1
1614,0,0
1615,1,1
1615,0,0
1616,1,1
1616,0,0
1616,0,0
1619,0,3
1620,1,1
1620,0,0
1620,0,0
1621,1,1
1621,0,0
1622,1,1
1622,0,0
1623,1,1
1623,0,0
1627,0,4
1628,1,1
1628,0,0
1629,1,1
1629,0,0
1629,0,0
1630,0,1
1630,0,0
1631,1,1
1631,0,0
1632,1,1
1632,0,0
1633,1,1
1633,0,0
1633,0,0
1634,1,1
1634,0,0
1635,1,1
1635,0,0
1636,1,1
1636,0,0
1636,0,0
1639,0,3
1639,0,0
1640,0,1
1640,0,0
1641,1,1
1641,0,0
1642,1,1
1642,0,0
1643,1,1
1643,0,0
1643,0,0
1644,0,1
1644,0,0
1645,1,1
1645,0,0
1646,1,1
1646,0,0
1647,1,1
1647,0,0
1647,0,0
1648,1,1
1648,0,0
1649,1,1
1649,0,0
1649,0,0
1650,0,1
1650,0,0
1651,0,1
1651,0,0
1652,1,1
1652,0,0
1653,1,1
1653,0,0
1659,0,6
1660,1,1
1660,0,0
1661,1,1
1661,0,0
1662,1,1
1662,0,0
1663,1,1
1663,0,0
1663,0,0
1664,0,1
1664,0,0
1665,1,1
1665,0,0
1666,1,1
1666,0,0
1667,1,1
1667,0,0
1667,0,0
1668,0,1
1668,0,0
1671,0,3
1672,1,1
1672,0,0
1672,0,0
1673,1,1
1673,0,0
1674,1,1
1674,0,0
1675,1,1
1675,0,0
1676,1,1
1676,0,0
1677,1,1
1677,0,0
1677,0,0
1678,0,1
1678,0,0
1679,1,1
1679,0,0
1680,1,1
1680,0,0
1681,1,1
1681,0,0
1681,0,0
1682,1,1
1682,0,0
1683,1,1
1683,0,0
1684,1,1
1684,0,0
1684,0,0
1685,1,1
1685,0,0
1686,1,1
1687,0,1
1687,0,0
1688,0,1
1688,0,0
1691,0,3
1691,0,0
1692,0,1
1692,0,0
1693,1,1
1693,0,0
1694,1,1
1695,0,1
1695,0,0
1696,0,1
1696,0,0
1697,1,1
1697,0,0
1698,1,1
1698,0,0
1699,1,1
1699,0,0
1699,0,0
1702,0,3
1703,1,1
1703,0,0
1704,1,1
1704,0,0
1705,1,1
1705,0,0
1706,1,1
1706,0,0
1706,0,0
1708,1,2
1708,0,0
1709,1,1
1709,0,0
1711,0,2
1711,0,0
1712,0,1
1712,0,0
1713,1,1
1713,0,0
1714,1,1
1714,0,0
1715,1,1
1715,0,0
1716,1,1
1716,0,0
1716,0,0
1717,1,1
1717,0,0
1718,1,1
1718,0,0
1719,1,1
1719,0,0
1719,0,0
1720,0,1
1720,0,0
1721,1,1
1721,0,0
1723,0,2
1723,0,0
1724,0,1
1724,0,0
1725,1,1
1725,0,0
1726,1,1
1726,0,0
1727,1,1
1727,0,0
1728,1,1
1728,0,0
1728,0,0
1729,1,1
1729,0,0
1730,1,1
1730,0,0
1731,1,1
1731,0,0
1732,1,1
1735,0,3
1736,1,1
1736,0,0
1736,0,0
1737,1,1
1737,0,0
1738,1,1
1738,0,0
1739,1,1
1739,0,0
1739,0,0
1740,0,1
1740,0,0
1741,1,1
1741,0,0
1742,1,1
1742,0,0
1743,1,1
1743,0,0
1743,0,0
1744,0,1
1744,0,0
1745,1,1
1745,0,0
1746,1,1
1746,0,0
1747,1,1
1747,0,0
1747,0,0
1748,1,1
1748,0,0
1749,1,1
1749,0,0
1750,1,1
1750,0,0
1750,0,0
1751,0,1
1751,0,0
1752,1,1
1752,0,0
1753,1,1
1753,0,0
1755,0,2
1755,0,0
1756,0,1
1756,0,0
1757,1,1
1757,0,0
1758,1,1
1758,0,0
1759,1,1
1759,0,0
1760,1,1
1760,0,0
1760,0,0
1761,1,1
1761,0,0
1762,1,1
1762,0,0
1763,1,1
1763,0,0
1763,0,0
1764,0,1
1764,0,0
1765,1,1
1765,0,0
1767,0,2
1767,0,0
1768,0,1
1768,0,0
1769,1,1
1769,0,0
1770,1,1
1770,0,0
1771,1,1
1771,0,0
1771,0,0
1772,0,1
1772,0,0
1773,1,1
1773,0,0
1774,1,1
1774,0,0
1775,1,1
1775,0,0
1775,0,0
1776,1,1
1776,0,0
1778,0,2
1778,0,0
1779,0,1
1779,0,0
1780,1,1
1780,0,0
1781,1,1
1781,0,0
1782,1,1
1782,0,0
1783,1,1
1783,0,0
1783,0,0
1784,0,1
1784,0,0
1785,1,1
1785,0,0
1786,1,1
1786,0,0
1787,0,1
1788,1,1
1788,0,0
1788,0,0
1789,1,1
1789,0,0
1790,1,1
1791,0,1
1791,0,0
1792,1,1
1792,0,0
1793,1,1
1793,0,0
1794,1,1
1794,0,0
1795,1,1
1795,0,0
1796,1,1
1796,0,0
1799,0,3
1800,1,1
1800,0,0
1800,0,0
1801,0,1
1801,0,0
1802,1,1
1802,0,0
1803,1,1
1803,0,0
1804,1,1
1804,0,0
1804,0,0
1805,0,1
1805,0,0
1806,1,1
1806,0,0
1807,1,1
1807,0,0
1808,1,1
1808,0,0
1809,1,1
1809,0,0
1810,1,1
1810,0,0
1811,1,1
1811,0,0
1811,0,0
1812,1,1
1812,0,0
1813,1,1
1813,0,0
1814,1,1
1814,0,0
1815,1,1
1815,0,0
1816,1,1
1816,0,0
1817,1,1
1817,0,0
1817,0,0
1818,1,1
1818,0,0
1819,1,1
1819,0,0
1820,1,1
1820,0,0
1823,0,3
1824,1,1
1824,0,0
1825,1,1
1825,0,0
1826,1,1
1826,0,0
1827,1,1
1831,4,4
1835,0,4
1836,1,1
1836,0,0
1837,1,1
1837,0,0
1838,1,1
1838,0,0
1839,1,1
1839,0,0
1840,1,1
1841,1,1
1841,0,0
1842,1,1
1842,0,0
1843,1,1
1843,0,0
1847,0,4
1848,1,1
1848,0,0
1849,1,1
1849,0,0
1850,1,1
1850,0,0
1851,1,1
1851,0,0
1852,1,1
1852,0,0
1852,0,0
1853,1,1
1853,0,0
1854,1,1
1854,0,0
1855,1,1
1855,0,0
1856,1,1
1856,0,0
1856,0,0
1857,1,1
1857,0,0
1858,1,1
1858,0,0
1859,1,1
1859,0,0
1859,0,0
1863,0,4
1864,1,1
1864,0,0
1865,1,1
1865,0,0
1865,0,0
1866,1,1
1866,0,0
1867,1,1
1867,0,0
1868,1,1
1868,0,0
1869,1,1
1869,0,0
1870,1,1
1870,0,0
1870,0,0
1871,1,1
1871,0,0
1872,1,1
1872,0,0
1873,1,1
1873,0,0
1873,0,0
1875,0,2
1875,0,0
1876,1,1
1876,0,0
1877,1,1
1877,0,0
1878,1,1
1878,0,0
1879,1,1
1879,0,0
1879,0,0
1880,1,1
1880,0,0
1881,1,1
1881,0,0
1882,1,1
1882,0,0
1883,0,1
1883,0,0
1884,0,1
1884,0,0
1885,1,1
1885,0,0
1887,0,2
1891,0,4
1892,1,1
1892,0,0
1892,0,0
1893,0,1
1893,0,0
1894,1,1
1894,0,0
1895,0,1
1895,0,0
1896,1,1
1897,1,1
1897,0,0
1897,0,0
1898,1,1
1898,0,0
1899,1,1
1899,0,0
1903,0,4
1904,1,1
1904,0,0
1905,1,1
1905,0,0
1906,1,1
1906,0,0
1907,1,1
1907,0,0
1908,1,1
1908,0,0
1908,0,0
1909,0,1
1909,0,0
1910,1,1
1910,0,0
1911,1,1
1911,0,0
1912,1,1
1912,0,0
1912,0,0
1913,0,1
1913,0,0
1914,1,1
1914,0,0
1915,1,1
1915,0,0
1916,1,1
1916,0,0
1916,0,0
1917,1,1
1917,0,0
1918,1,1
1918,0,0
1918,0,0
1919,1,1
1923,0,4
1924,1,1
1924,0,0
1925,1,1
1925,0,0
1925,0,0
1926,1,1
1926,0,0
1927,1,1
1927,0,0
1928,1,1
1928,0,0
1929,1,1
1929,0,0
1929,0,0
1930,1,1
1931,0,1
1931,0,0
1932,0,1
1932,0,0
1933,1,1
1933,0,0
1934,1,1
1934,0,0
1935,1,1
1935,0,0
1939,0,4
1940,1,1
1940,0,0
1940,0,0
1941,0,1
1941,0,0
1942,1,1
1942,0,0
1943,1,1
1943,0,0
1944,1,1
1944,0,0
1944,0,0
1945,0,1
1945,0,0
1946,1,1
1946,0,0
1947,1,1
1947,0,0
1948,1,1
1948,0,0
1948,0,0
1949,1,1
1949,0,0
1950,1,1
1950,0,0
1951,1,1
1951,0,0
1951,0,0
1952,0,1
1955,0,3
1955,0,0
1956,0,1
1956,0,0
1957,1,1
1957,0,0
1958,1,1
1958,0,0
1959,1,1
1959,0,0
1959,0,0
1960,1,1
1960,0,0
1961,1,1
1961,0,0
1962,1,1
1962,0,0
1962,0,0
1963,1,1
1963,0,0
1964,1,1
1964,0,0
1964,0,0
1965,0,1
1967,0,2
1967,0,0
1968,0,1
1968,0,0
1969,1,1
1969,0,0
1970,1,1
1970,0,0
1971,1,1
1971,0,0
1971,0,0
1972,1,1
1972,0,0
1973,1,1
1973,0,0
1974,1,1
1974,0,0
1974,0,0
1975,0,1
1979,1,4
1979,0,0
1980,1,1
1980,0,0
1980,0,0
1981,0,1
1981,0,0
1983,0,2
1983,0,0
1984,0,1
1984,0,0
1985,1,1
1985,0,0
1986,1,1
1986,0,0
1987,1,1
1987,0,0
1987,0,0
1988,1,1
1988,0,0
1989,1,1
1989,0,0
1990,1,1
1990,0,0
1990,0,0
1991,0,1
1991,0,0
1995,0,4
1995,0,0
1996,0,1
1996,0,0
1997,1,1
1997,0,0
1998,1,1
1998,0,0
1999,1,1
1999,0,0
1999,0,0
2000,1,1
2000,0,0
2001,1,1
2001,0,0
2002,1,1
2002,0,0
2002,0,0
2003,1,1
2003,0,0
2004,1,1
2004,0,0
2005,1,1
2007,0,2
2007,0,0
2008,0,1
2008,0,0
2009,1,1
2009,0,0
2010,1,1
2010,0,0
2011,1,1
2011,0,0
2011,0,0
2012,1,1
2012,0,0
2013,1,1
2013,0,0
2013,0,0
2014,0,1
2014,0,0
2015,1,1
2015,0,0
2016,1,1
2016,0,0
2016,0,0
2017,0,1
2017,0,0
2018,1,1
2018,0,0
2019,1,1
2023,0,4
2024,1,1
2024,0,0
2027,0,3
2028,1,1
2028,0,0
2028,0,0
2029,0,1
2029,0,0
2030,1,1
2030,0,0
2031,1,1
2031,0,0
2031,0,0
2032,0,1
2032,0,0
2033,1,1
2033,0,0
2034,1,1
2034,0,0
2034,0,0
2035,0,1
2035,0,0
2036,1,1
2036,0,0
2037,1,1
2037,0,0
2037,0,0
2038,0,1
2038,0,0
2039,1,1
2039,0,0
2040,1,1
2040,0,0
2040,0,0
2041,0,1
2041,0,0
2042,1,1
2042,0,0
2043,1,1
2043,0,0
2043,0,0
2044,1,1
2047,0,3
2048,1,1
2048,0,0
2048,0,0
2049,0,1
2049,0,0
2050,1,1
2050,0,0
2051,1,1
2051,0,0
2051,0,0
2052,0,1
2052,0,0
2053,1,1
2053,0,0
2054,1,1
2054,0,0
2054,0,0
2055,0,1
2059,0,4
2060,1,1
2060,0,0
2061,1,1
2061,0,0
2062,1,1
2062,0,0
2062,0,0
2063,0,1
2063,0,0
2064,1,1
2064,0,0
2065,1,1
2065,0,0
2066,1,1
2066,0,0
2066,0,0
2067,1,1
2067,0,0
2068,1,1
2068,0,0
2068,0,0
2071,0,3
2072,1,1
2072,0,0
2072,0,0
2073,0,1
2073,0,0
2074,1,1
2074,0,0
2075,1,1
2075,0,0
2076,1,1
2076,0,0
2076,0,0
2077,1,1
2077,0,0
2078,1,1
2078,0,0
2078,0,0
2079,0,1
2079,0,0
2080,0,1
2080,0,0
2081,1,1
2081,0,0
2082,1,1
2082,0,0
2083,1,1
2083,0,0
2083,0,0
2084,0,1
2084,0,0
2085,1,1
2087,0,2
2088,1,1
2088,0,0
2088,0,0
2089,1,1
2089,0,0
2090,1,1
2090,0,0
2091,1,1
2091,0,0
2092,1,1
2092,0,0
2092,0,0
2093,1,1
2095,0,2
2095,0,0
2096,0,1
2096,0,0
2097,1,1
2097,0,0
2098,1,1
2098,0,0
2099,1,1
2099,0,0
2099,0,0
2100,1,1
2100,0,0
2101,1,1
2101,0,0
2101,0,0
2102,0,1
2102,0,0
2103,1,1
2103,0,0
2104,1,1
2104,0,0
2104,0,0
2105,0,1
2105,0,0
2106,1,1
2106,0,0
2107,1,1
2107,0,0
2111,0,4
2111,0,0
2112,0,1
2112,0,0
2113,1,1
2113,0,0
2114,1,1
2114,0,0
2115,1,1
2115,0,0
2115,0,0
2116,1,1
2116,0,0
2117,1,1
2117,0,0
2118,1,1
2118,0,0
2118,0,0
2119,1,1
2119,0,0
2120,1,1
2120,0,0
2121,1,1
2121,0,0
2121,0,0
2122,1,1
2122,0,0
2123,1,1
2123,0,0
2123,0,0
2124,0,1
2124,0,0
2125,1,1
2125,0,0
2126,1,1
2126,0,0
2126,0,0
2127,1,1
2127,0,0
2128,1,1
2128,0,0
2129,1,1
2129,0,0
2129,0,0
2130,1,1
2130,0,0
2131,1,1
2131,0,0
2131,0,0
2132,0,1
2132,0,0
2133,1,1
2133,0,0
2134,1,1
2134,0,0
2134,0,0
2135,1,1
2135,0,0
2139,0,4
2140,1,1
2140,0,0
2140,0,0
2141,1,1
2141,0,0
2142,1,1
2142,0,0
2143,1,1
2143,0,0
2143,0,0
2144,1,1
2144,0,0
2145,1,1
2145,0,0
2146,1,1
2146,0,0
2146,0,0
2147,1,1
2147,0,0
2148,1,1
2148,0,0
2149,1,1
2149,0,0
2149,0,0
2150,1,1
2150,0,0
2151,1,1
2151,0,0
2152,1,1
2152,0,0
2152,0,0
2153,1,1
2153,0,0
2154,1,1
2154,0,0
2154,0,0
2155,0,1
2155,0,0
2156,1,1
2156,0,0
2157,1,1
2157,0,0
2158,1,1
2158,0,0
2158,0,0
2159,1,1
2159,0,0
2160,1,1
2160,0,0
2160,0,0
2161,0,1
2161,0,0
2163,0,2
2163,0,0
2164,0,1
2164,0,0
2165,1,1
2165,0,0
2166,1,1
2166,0,0
2171,0,5
2172,1,1
2172,0,0
2173,1,1
2175,0,2
2176,0,1
2177,1,1
2179,0,2
2180,1,1
2180,0,0
2180,0,0
2181,1,1
2181,0,0
2182,1,1
2182,0,0
2183,1,1
2183,0,0
2183,0,0
2184,1,1
2184,0,0
2185,1,1
2185,0,0
2186,1,1
2186,0,0
2186,0,0
2187,1,1
2187,0,0
2188,1,1
2188,0,0
2189,1,1
2189,0,0
2189,0,0
2195,0,6
2196,1,1
2196,0,0
2197,1,1
2197,0,0
2198,1,1
2198,0,0
2198,0,0
2199,0,1
2199,0,0
2200,1,1
2200,0,0
2201,1,1
2201,0,0
2201,0,0
2202,0,1
2202,0,0
2207,0,5
2208,1,1
2208,0,0
2209,1,1
2209,0,0
2210,1,1
2210,0,0
2210,0,0
2211,0,1
2211,0,0
2212,1,1
2212,0,0
2213,1,1
2213,0,0
2213,0,0
2214,0,1
2214,0,0
2215,1,1
2215,0,0
2216,1,1
2216,0,0
2216,0,0
2217,1,1
2217,0,0
2218,1,1
2218,0,0
2219,1,1
2219,0,0
2219,0,0
2220,1,1
2220,0,0
2221,1,1
2221,0,0
2222,1,1
2222,0,0
2222,0,0
2223,1,1
2223,0,0
2225,2,2
2225,0,0
2226,1,1
2226,0,0
2226,0,0
2227,0,1
2230,1,3
2230,0,0
2230,0,0
2231,0,1
2231,0,0
2232,1,1
2232,0,0
2233,1,1
2233,0,0
2234,1,1
2234,0,0
2235,1,1
2235,0,0
2235,0,0
2236,1,1
2236,0,0
2237,1,1
2239,0,2
2239,0,0
2240,0,1
2240,0,0
2241,1,1
2241,0,0
2242,1,1
2242,0,0
2243,1,1
2243,0,0
2243,0,0
2244,1,1
2244,0,0
2247,0,3
2248,1,1
2248,0,0
2248,0,0
2249,0,1
2249,0,0
2250,1,1
2250,0,0
2251,1,1
2251,0,0
2252,1,1
2252,0,0
2252,0,0
2253,1,1
2253,0,0
2254,1,1
2255,0,1
2255,0,0
2256,1,1
2256,0,0
2257,1,1
2257,0,0
2258,1,1
2258,0,0
2258,0,0
2259,1,1
2259,0,0
2260,1,1
2260,0,0
2261,1,1
2261,0,0
2263,1,2
2263,0,0
2264,1,1
2264,0,0
2264,0,0
2267,0,3
2267,0,0
2268,0,1
2268,0,0
2269,1,1
2269,0,0
2270,1,1
2270,0,0
2271,1,1
2271,0,0
2271,0,0
2272,0,1
2272,0,0
2273,1,1
2273,0,0
2274,1,1
2274,0,0
2274,0,0
2275,1,1
2275,0,0
2276,1,1
2276,0,0
2276,0,0
2277,0,1
2277,0,0
2278,1,1
2278,0,0
2279,1,1
2279,0,0
2283,0,4
2284,1,1
2284,0,0
2287,0,3
2288,1,1
2288,0,0
2288,0,0
2289,0,1
2289,0,0
2290,1,1
2290,0,0
2291,1,1
2291,0,0
2292,1,1
2292,0,0
2292,0,0
2293,1,1
2293,0,0
2294,1,1
2294,0,0
2295,1,1
2295,0,0
2295,0,0
2296,1,1
2296,0,0
2297,1,1
2297,0,0
2298,1,1
2298,0,0
2298,0,0
2299,1,1
2299,0,0
2300,1,1
2300,0,0
2300,0,0
2301,0,1
2303,0,2
2303,0,0
2304,0,1
2304,0,0
2305,1,1
2305,0,0
2307,0,2
2307,0,0
2308,0,1
2308,0,0
2309,1,1
2309,0,0
2310,1,1
2310,0,0
2311,1,1
2311,0,0
2311,0,0
2312,1,1
2312,0,0
2313,1,1
2313,0,0
2314,1,1
2314,0,0
2314,0,0
2315,1,1
2316,1,1
2323,0,7
2324,0,1
2324,0,0
2325,1,1
2325,0,0
2326,1,1
2326,0,0
2327,1,1
2327,0,0
2328,1,1
2328,0,0
2328,0,0
2329,1,1
2329,0,0
2330,1,1
2330,0,0
2331,1,1
2331,0,0
2331,0,0
2332,1,1
2332,0,0
2333,1,1
2333,0,0
2333,0,0
2334,0,1
2334,0,0
2335,1,1
2335,0,0
2336,1,1
2336,0,0
2336,0,0
2337,0,1
2337,0,0
2338,1,1
2338,0,0
2339,0,1
2339,0,0
2340,0,1
2340,0,0
2341,1,1
2343,0,2
2343,0,0
2344,0,1
2344,0,0
2345,1,1
2345,0,0
2346,1,1
2346,0,0
2346,0,0
2347,0,1
2347,0,0
2348,1,1
2348,0,0
2349,1,1
2349,0,0
2349,0,0
2350,1,1
2350,0,0
2351,1,1
2351,0,0
2351,0,0
2353,1,2
2353,0,0
2354,1,1
2355,0,1
2355,0,0
2356,1,1
2356,0,0
2357,1,1
2357,0,0
2358,1,1
2360,1,2
2360,0,0
2361,1,1
2361,0,0
2361,0,0
2363,0,2
2363,0,0
2364,0,1
2364,0,0
2365,1,1
2365,0,0
2366,1,1
2366,0,0
2366,0,0
2367,0,1
2367,0,0
2368,1,1
2371,0,3
2372,1,1
2372,0,0
2372,0,0
2373,0,1
2375,0,2
2375,0,0
2376,0,1
2376,0,0
2377,1,1
2377,0,0
2378,1,1
2378,0,0
2378,0,0
2379,0,1
2379,0,0
2380,1,1
2380,0,0
2381,1,1
2381,0,0
2381,0,0
2382,0,1
2382,0,0
2383,1,1
2383,0,0
2384,1,1
2384,0,0
2384,0,0
2385,0,1
2385,0,0
2386,1,1
2386,0,0
2387,1,1
2391,0,4
2392,1,1
2392,0,0
2393,1,1
2393,0,0
2393,0,0
2394,0,1
2394,0,0
2395,1,1
2395,0,0
2396,1,1
2396,0,0
2399,0,3
2400,1,1
2400,0,0
2400,0,0
2401,1,1
2401,0,0
2402,1,1
2402,0,0
2403,1,1
2403,0,0
2403,0,0
2404,0,1
2404,0,0
2405,1,1
2405,0,0
2406,1,1
2406,0,0
2406,0,0
2407,0,1
2407,0,0
2408,1,1
2408,0,0
2409,1,1
2409,0,0
2409,0,0
2410,1,1
2410,0,0
2411,1,1
2411,0,0
2412,1,1
2412,0,0
2412,0,0
2413,1,1
2413,0,0
2414,1,1
2414,0,0
2415,1,1
2415,0,0
2415,0,0
2416,1,1
2416,0,0
2419,0,3
2420,1,1
2420,0,0
2420,0,0
2421,0,1
2421,0,0
2422,1,1
2422,0,0
2423,1,1
2423,0,0
2424,1,1
2427,0,3
2428,1,1
2428,0,0
2429,1,1
2429,0,0
2430,1,1
2430,0,0
2431,1,1
2431,0,0
2431,0,0
2432,0,1
2432,0,0
2433,1,1
2433,0,0
2434,1,1
2434,0,0
2434,0,0
2435,1,1
2435,0,0
2436,1,1
2436,0,0
2437,1,1
2437,0,0
2437,0,0
2438,1,1
2438,0,0
2439,1,1
2443,0,4
2444,1,1
2444,0,0
2445,1,1
2445,0,0
2446,1,1
2446,0,0
2446,0,0
2447,0,1
2447,0,0
2448,1,1
2448,0,0
2449,1,1
2449,0,0
2449,0,0
2450,0,1
2450,0,0
2451,1,1
2451,0,0
2455,0,4
2456,1,1
2456,0,0
2457,1,1
2457,0,0
2458,1,1
2458,0,0
2458,0,0
2459,0,1
2459,0,0
2460,1,1
2460,0,0
2461,1,1
2461,0,0
2461,0,0
2462,0,1
2462,0,0
2463,1,1
2463,0,0
2464,1,1
2464,0,0
2464,0,0
2465,0,1
2465,0,0
2466,1,1
2466,0,0
2467,1,1
2467,0,0
2467,0,0
2468,0,1
2468,0,0
2469,1,1
2469,0,0
2470,1,1
2470,0,0
2471,1,1
2471,0,0
2471,0,0
2472,1,1
2472,0,0
2473,1,1
2473,0,0
2473,0,0
2474,1,1
2474,0,0
2475,0,1
2475,0,0
2476,1,1
2476,0,0
2477,1,1
2479,0,2
2479,0,0
2480,0,1
2480,0,0
2481,1,1
2481,0,0
2483,0,2
2483,0,0
2484,0,1
2484,0,0
2485,1,1
2485,0,0
2486,1,1
2486,0,0
2487,1,1
2487,0,0
2487,0,0
2488,0,1
2488,0,0
2489,1,1
2489,0,0
2490,1,1
2490,0,0
2490,0,0
2491,1,1
2491,0,0
2492,1,1
2495,0,3
2496,1,1
2496,0,0
2496,0,0
2499,0,3
2500,1,1
2500,0,0
2500,0,0
2501,1,1
2501,0,0
2502,1,1
2502,0,0
2503,1,1
2503,0,0
2503,0,0
2504,1,1
2504,0,0
2505,1,1
2505,0,0
2506,1,1
2506,0,0
2506,0,0
2507,1,1
2507,0,0
2508,1,1
2508,0,0
2508,0,0
2509,0,1
2509,0,0
2510,1,1
2510,0,0
2511,1,1
2511,0,0
2511,0,0
2512,1,1
2512,0,0
2513,1,1
2513,0,0
2513,0,0
2514,0,1
2515,0,1
2515,0,0
2516,1,1
2516,0,0
2517,1,1
2517,0,0
2518,1,1
2518,0,0
2519,1,1
2523,0,4
2527,0,4
2528,1,1
2528,0,0
2529,1,1
2529,0,0
2530,1,1
2530,0,0
2530,0,0
2531,1,1
2531,0,0
2532,1,1
2532,0,0
2533,1,1
2533,0,0
2533,0,0
2534,1,1
2534,0,0
2535,1,1
2535,0,0
2535,0,0
2536,0,1
2536,0,0
2537,1,1
2537,0,0
2538,1,1
2538,0,0
2538,0,0
2539,1,1
2539,0,0
2540,1,1
2540,0,0
2540,0,0
2541,1,1
2541,0,0
2542,1,1
2542,0,0
2543,1,1
2543,0,0
2543,0,0
2544,1,1
2544,0,0
2545,1,1
2545,0,0
2545,0,0
2546,0,1
2546,0,0
2547,1,1
2547,0,0
2548,1,1
2548,0,0
2548,0,0
2549,1,1
2549,0,0
2551,0,2
2551,0,0
2552,0,1
2552,0,0
2553,1,1
2553,0,0
2554,1,1
2554,0,0
2554,0,0
2555,1,1
2559,0,4
2560,1,1
2560,0,0
2561,1,1
2561,0,0
2561,0,0
2562,1,1
2562,0,0
2563,1,1
2563,0,0
2564,1,1
2564,0,0
2567,0,3
2567,0,0
2568,0,1
2568,0,0
2569,1,1
2569,0,0
2570,1,1
2570,0,0
2570,0,0
2571,0,1
2571,0,0
2572,1,1
2572,0,0
2573,1,1
2573,0,0
2573,0,0
2574,1,1
2574,0,0
2575,1,1
2575,0,0
2575,0,0
2576,0,1
2576,0,0
2577,1,1
2577,0,0
2578,1,1
2578,0,0
2578,0,0
2579,1,1
2580,1,1
2580,0,0
2580,0,0
2581,0,1
2581,0,0
2582,1,1
2582,0,0
2583,1,1
2583,0,0
2583,0,0
2584,0,1
2584,0,0
2585,1,1
2585,0,0
2587,0,2
2587,0,0
2588,0,1
2588,0,0
2589,1,1
2589,0,0
2590,1,1
2591,0,1
2591,0,0
2592,1,1
2592,0,0
2593,1,1
2593,0,0
2594,1,1
2594,0,0
2594,0,0
2595,1,1
2595,0,0
2596,1,1
2596,0,0
2596,0,0
2597,0,1
2597,0,0
2599,0,2
2599,0,0
2603,0,4
2603,0,0
2604,0,1
2604,0,0
2605,1,1
2605,0,0
2606,1,1
2606,0,0
2606,0,0
2607,0,1
2607,0,0
2608,1,1
2608,0,0
2609,1,1
2609,0,0
2609,0,0
2610,1,1
2610,0,0
2611,0,1
2611,0,0
2612,1,1
2615,0,3
2615,0,0
2616,0,1
2616,0,0
2617,1,1
2617,0,0
2618,1,1
2618,0,0
2618,0,0
2619,0,1
2619,0,0
2620,1,1
2620,0,0
2621,1,1
2621,0,0
2621,0,0
2622,1,1
2622,0,0
2623,1,1
2623,0,0
2623,0,0
2624,0,1
2624,0,0
2625,1,1
2625,0,0
2626,1,1
2626,0,0
2626,0,0
2627,1,1
2627,0,0
2628,1,1
2628,0,0
2631,1,3
2631,0,0
2632,1,1
2632,0,0
2632,0,0
2633,1,1
2633,0,0
2634,1,1
2634,0,0
2635,1,1
2635,0,0
2635,0,0
2636,1,1
2636,0,0
2637,1,1
2637,0,0
2639,0,2
2639,0,0
2640,1,1
2640,0,0
2641,1,1
2641,0,0
2642,1,1
2642,0,0
2642,0,0
2643,0,1
2643,0,0
2644,1,1
2644,0,0
2645,1,1
2645,0,0
2645,0,0
2646,1,1
2646,0,0
2647,1,1
2651,0,4
2652,1,1
2652,0,0
2653,1,1
2653,0,0
2653,0,0
2654,1,1
2655,0,1
2655,0,0
2656,0,1
2656,0,0
2657,1,1
2657,0,0
2658,1,1
2658,0,0
2659,1,1
2660,1,1
2660,0,0
2661,1,1
2663,0,2
2663,0,0
2664,1,1
2664,0,0
2665,1,1
2665,0,0
2666,1,1
2666,0,0
2666,0,0
2667,0,1
2667,0,0
2668,1,1
2668,0,0
2669,1,1
2669,0,0
2669,0,0
2670,1,1
2670,0,0
2671,1,1
2671,0,0
2672,1,1
2672,0,0
2672,0,0
2673,0,1
2673,0,0
2674,1,1
2674,0,0
2675,1,1
2675,0,0
2676,1,1
2676,0,0
2676,0,0
2677,1,1
2677,0,0
2678,1,1
2679,0,1
2679,0,0
2680,1,1
2680,0,0
2681,1,1
2681,0,0
2682,1,1
2682,0,0
2682,0,0
2683,1,1
2683,0,0
2684,1,1
2684,0,0
2687,0,3
2687,0,0
2688,1,1
2688,0,0
2691,0,3
2691,0,0
2692,0,1
2692,0,0
2693,1,1
2693,0,0
2694,1,1
2694,0,0
2694,0,0
2695,1,1
2695,0,0
2696,1,1
2696,0,0
2697,1,1
2697,0,0
2697,0,0
2698,1,1
2698,0,0
2699,1,1
2699,0,0
2699,0,0
2700,0,1
2700,0,0
2701,1,1
2701,0,0
2701,0,0
2702,0,1
2702,0,0
2703,1,1
2703,0,0
2704,1,1
2704,0,0
2704,0,0
2706,2,2
2706,0,0
2707,1,1
2707,0,0
2707,0,0
2709,2,2
2715,0,6
2716,1,1
2716,0,0
2716,0,0
2717,0,1
2717,0,0
2718,1,1
2718,0,0
2719,1,1
2719,0,0
2719,0,0
2720,1,1
2720,0,0
2721,1,1
2721,0,0
2721,0,0
2722,0,1
2722,0,0
2723,1,1
2723,0,0
2724,1,1
2724,0,0
2724,0,0
2725,1,1
2725,0,0
2726,1,1
2726,0,0
2726,0,0
2727,1,1
2727,0,0
2728,1,1
2728,0,0
2729,1,1
2731,1,2
2731,0,0
2732,1,1
2732,0,0
2733,1,1
2734,1,1
2734,0,0
2735,1,1
2735,0,0
2736,1,1
2736,0,0
2737,0,1
2738,1,1
2738,0,0
2740,2,2
2740,0,0
2741,1,1
2742,1,1
2742,0,0
2743,1,1
2743,0,0
2744,1,1
2747,0,3
2748,1,1
2748,0,0
2749,1,1
2750,1,1
2751,0,1
2752,1,1
2752,0,0
2753,1,1
2753,0,0
2754,0,1
2754,0,0
2755,1,1
2755,0,0
2756,1,1
2756,0,0
2757,1,1
2757,0,0
2757,0,0
2759,0,2
2759,0,0
2760,0,1
2760,0,0
2761,1,1
2761,0,0
2762,1,1
2762,0,0
2762,0,0
2763,1,1
2763,0,0
2764,1,1
2764,0,0
2764,0,0
2765,0,1
2765,0,0
2766,1,1
2766,0,0
2767,1,1
2767,0,0
2771,0,4
2771,0,0
2775,0,4
2775,0,0
2776,0,1
2776,0,0
2777,1,1
2777,0,0
2778,1,1
2778,0,0
2778,0,0
2779,0,1
2779,0,0
2780,1,1
2780,0,0
2781,1,1
2781,0,0
2781,0,0
2782,1,1
2782,0,0
2783,1,1
2783,0,0
2783,0,0
2784,0,1
2784,0,0
2785,1,1
2785,0,0
2786,1,1
2786,0,0
2786,0,0
2787,1,1
2787,0,0
2788,1,1
2788,0,0
2788,0,0
2789,0,1
2789,0,0
2790,1,1
2790,0,0
2791,1,1
2791,0,0
2791,0,0
2792,1,1
2792,0,0
2793,1,1
2793,0,0
2793,0,0
2794,1,1
2794,0,0
2795,1,1
2795,0,0
2796,1,1
2796,0,0
2796,0,0
2797,1,1
2797,0,0
2798,1,1
2799,0,1
2799,0,0
2800,1,1
2800,0,0
2801,1,1
2801,0,0
2803,0,2
2803,0,0
2804,1,1
2804,0,0
2805,1,1
2805,0,0
2806,1,1
2806,0,0
2806,0,0
2807,1,1
2807,0,0
2808,1,1
2811,0,3
2811,0,0
2812,0,1
2812,0,0
2813,1,1
2813,0,0
2814,1,1
2814,0,0
2814,0,0
2815,0,1
2815,0,0
2816,1,1
2816,0,0
2819,0,3
2819,0,0
2820,1,1
2820,0,0
2821,1,1
2821,0,0
2822,1,1
2822,0,0
2822,0,0
2823,1,1
2823,0,0
2824,1,1
2824,0,0
2825,1,1
2825,0,0
2825,0,0
2826,1,1
2826,0,0
2827,1,1
2827,0,0
2827,0,0
2828,0,1
2828,0,0
2829,1,1
2829,0,0
2830,1,1
2830,0,0
2830,0,0
2831,1,1
2831,0,0
2832,1,1
2832,0,0
2832,0,0
2833,0,1
2833,0,0
2834,1,1
2834,0,0
2834,0,0
2835,0,1
2839,0,4
2840,1,1
2840,0,0
2843,0,3
2844,1,1
2844,0,0
2844,0,0
2845,0,1
2845,0,0
2846,1,1
2846,0,0
2847,1,1
2847,0,0
2847,0,0
2848,0,1
2848,0,0
2849,1,1
2849,0,0
2850,1,1
2850,0,0
2850,0,0
2851,1,1
2851,0,0
2852,1,1
2852,0,0
2852,0,0
2853,0,1
2853,0,0
2854,1,1
2854,0,0
2855,1,1
2855,0,0
2855,0,0
2856,1,1
2856,0,0
2857,1,1
2857,0,0
2857,0,0
2858,1,1
2858,0,0
2859,1,1
2859,0,0
2859,0,0
2860,0,1
2860,0,0
2861,1,1
2862,1,1
2862,0,0
2863,1,1
2863,0,0
2867,0,4
2868,1,1
2868,0,0
2868,0,0
2869,0,1
2869,0,0
2870,1,1
2870,0,0
2871,1,1
2871,0,0
2872,1,1
2872,0,0
2872,0,0
2873,1,1
2875,0,2
2875,0,0
2876,0,1
2876,0,0
2877,1,1
2877,0,0
2878,1,1
2878,0,0
2878,0,0
2879,1,1
2879,0,0
2880,1,1
2880,0,0
2881,1,1
2881,0,0
2881,0,0
2882,1,1
2882,0,0
2883,1,1
2883,0,0
2884,1,1
2884,0,0
2884,0,0
2885,1,1
2885,0,0
2886,1,1
2886,0,0
2886,0,0
2887,1,1
2887,0,0
2888,1,1
2888,0,0
2891,0,3
2892,1,1
2892,0,0
2892,0,0
2893,1,1
2893,0,0
2894,1,1
2894,0,0
2895,1,1
2899,0,4
2900,1,1
2900,0,0
2901,1,1
2901,0,0
2902,1,1
2902,0,0
2902,0,0
2903,1,1
2903,0,0
2904,1,1
2904,0,0
2904,0,0
2905,0,1
2905,0,0
2906,1,1
2906,0,0
2907,1,1
2907,0,0
2907,0,0
2908,1,1
2908,0,0
2909,1,1
2909,0,0
2909,0,0
2910,0,1
2910,0,0
2911,1,1
2911,0,0
2912,1,1
2912,0,0
2912,0,0
2913,1,1
2915,0,2
2915,0,0
2916,0,1
2916,0,0
2917,1,1
2917,0,0
2918,1,1
2918,0,0
2918,0,0
2919,0,1
2919,0,0
2920,1,1
2920,0,0
2921,1,1
2921,0,0
2921,0,0
2922,1,1
2922,0,0
2923,1,1
2923,0,0
2924,1,1
2924,0,0
2924,0,0
2925,1,1
2925,0,0
2926,1,1
2926,0,0
2926,0,0
2927,0,1
2927,0,0
2928,1,1
2931,0,3
2932,1,1
2932,0,0
2935,0,3
2935,0,0
2936,0,1
2936,0,0
2937,1,1
2937,0,0
2938,1,1
2938,0,0
2938,0,0
2939,1,1
2939,0,0
2940,1,1
2940,0,0
2941,1,1
2941,0,0
2941,0,0
2942,1,1
2942,0,0
2943,1,1
2943,0,0
2943,0,0
2944,1,1
2944,0,0
2945,1,1
2945,0,0
2945,0,0
2946,0,1
2946,0,0
2947,1,1
2947,0,0
2948,1,1
2948,0,0
2948,0,0
2949,1,1
2949,0,0
2950,1,1
2950,0,0
2950,0,0
2951,1,1
2951,0,0
2952,1,1
2955,0,3
2955,0,0
2956,0,1
2956,0,0
2957,1,1
2959,0,2
2960,1,1
2961,1,1
2961,0,0
2962,1,1
2962,0,0
2962,0,0
2963,0,1
2963,0,0
2964,1,1
2964,0,0
2965,1,1
2965,0,0
2965,0,0
2966,1,1
2966,0,0
2967,1,1
2967,0,0
2967,0,0
2968,0,1
2968,0,0
2969,1,1
2969,0,0
2969,0,0
2970,0,1
2970,0,0
2971,1,1
2971,0,0
2972,1,1
2972,0,0
2973,1,1
2973,0,0
2974,1,1
2974,0,0
2975,1,1
2975,0,0
2975,0,0
2976,1,1
2976,0,0
2977,1,1
2977,0,0
2977,0,0
2978,0,1
2979,0,1
2979,0,0
2980,1,1
2980,0,0
2981,1,1
2981,0,0
2982,1,1
2982,0,0
2982,0,0
2983,1,1
2983,0,0
2987,0,4
2987,0,0
2988,0,1
2988,0,0
2989,1,1
2989,0,0
2990,1,1
2990,0,0
2990,0,0
2991,0,1
2991,0,0
2992,1,1
2992,0,0
2993,1,1
2993,0,0
2993,0,0
2994,1,1
2994,0,0
2995,1,1
2995,0,0
2995,0,0
2996,1,1
2996,0,0
2997,1,1
2997,0,0
2997,0,0
2998,0,1
2998,0,0
2999,1,1
2999,0,0
3000,1,1
3000,0,0
3000,0,0
3001,1,1
3001,0,0
3002,1,1
3002,0,0
3002,0,0
3003,0,1
3003,0,0
3004,1,1
3004,0,0
3005,1,1
3005,0,0
3005,0,0
3006,1,1
3006,0,0
3007,1,1
3007,0,0
3007,0,0
3008,1,1
3008,0,0
3009,1,1
3009,0,0
3009,0,0
3010,1,1
3010,0,0
3011,1,1
3011,0,0
3012,1,1
3012,0,0
3012,0,0
3013,1,1
3015,0,2
3015,0,0
3016,0,1
3016,0,0
3017,1,1
3017,0,0
3018,1,1
3018,0,0
3018,0,0
3019,0,1
3019,0,0
3020,1,1
3020,0,0
3021,1,1
3021,0,0
3021,0,0
3022,0,1
3022,0,0
3023,1,1
3023,0,0
3024,1,1
3024,0,0
3024,0,0
3025,1,1
3025,0,0
3026,1,1
3026,0,0
3027,1,1
3027,0,0
3031,0,4
3032,1,1
3032,0,0
3033,1,1
3033,0,0
3033,0,0
3034,1,1
3034,0,0
3035,1,1
3035,0,0
3036,1,1
3036,0,0
3036,0,0
3037,1,1
3037,0,0
3038,1,1
3038,0,0
3038,0,0
3039,0,1
3039,0,0
3040,1,1
3040,0,0
3041,1,1
3041,0,0
3041,0,0
3042,1,1
3042,0,0
3043,1,1
3043,0,0
3043,0,0
3044,0,1
3044,0,0
3045,1,1
3045,0,0
3046,1,1
3046,0,0
3046,0,0
3047,1,1
3047,0,0
3048,1,1
3048,0,0
3048,0,0
3049,1,1
3049,0,0
3050,1,1
3050,0,0
3051,1,1
3051,0,0
3051,0,0
3052,1,1
3052,0,0
3053,1,1
3053,0,0
3053,0,0
3054,1,1
3054,0,0
3055,1,1
3055,0,0
3056,1,1
3056,0,0
3056,0,0
3057,1,1
3057,0,0
3058,1,1
3058,0,0
3059,0,1
3059,0,0
3060,1,1
3060,0,0
3061,1,1
3061,0,0
3061,0,0
3062,1,1
3062,0,0
3063,0,1
3063,0,0
3064,1,1
3064,0,0
3067,0,3
3068,1,1
3068,0,0
3068,0,0
3069,1,1
3069,0,0
3070,1,1
3070,0,0
3071,1,1
3071,0,0
3071,0,0
3072,1,1
3072,0,0
3073,1,1
3073,0,0
3073,0,0
3074,1,1
3074,0,0
3075,1,1
3075,0,0
3076,1,1
3076,0,0
3076,0,0
3077,1,1
3077,0,0
3078,1,1
3078,0,0
3078,0,0
3079,1,1
3079,0,0
3080,1,1
3080,0,0
3080,0,0
3081,0,1
3081,0,0
3082,1,1
3082,0,0
3083,1,1
3083,0,0
3083,0,0
3084,1,1
3084,0,0
3087,0,3
3087,0,0
3088,0,1
3088,0,0
3089,1,1
3089,0,0
3090,1,1
3090,0,0
3090,0,0
3091,0,1
3091,0,0
3092,1,1
3092,0,0
3093,1,1
3093,0,0
3093,0,0
3094,1,1
3094,0,0
3095,1,1
3095,0,0
3095,0,0
3096,0,1
3096,0,0
3097,1,1
3097,0,0
3098,1,1
3098,0,0
3098,0,0
3099,1,1
3099,0,0
3100,1,1
3100,0,0
3100,0,0
3101,1,1
3101,0,0
3102,1,1
3102,0,0
3103,1,1
3103,0,0
3103,0,0
3104,1,1
3104,0,0
3107,0,3
3107,0,0
3108,0,1
3108,0,0
3109,1,1
3109,0,0
3110,1,1
3110,0,0
3110,0,0
3111,0,1
3111,0,0
3112,1,1
3112,0,0
3113,1,1
3113,0,0
3113,0,0
3114,1,1
3114,0,0
3115,1,1
3115,0,0
3115,0,0
3116,0,1
3116,0,0
3117,1,1
3117,0,0
3118,1,1
3118,0,0
3118,0,0
3119,1,1
3119,0,0
3120,1,1
3120,0,0
3120,0,0
3121,0,1
3121,0,0
3122,1,1
3122,0,0
3123,1,1
3123,0,0
3123,0,0
3124,1,1
3124,0,0
3125,1,1
3127,0,2
3127,0,0
3128,0,1
3128,0,0
3129,1,1
3129,0,0
3130,1,1
3130,0,0
3130,0,0
3131,0,1
3131,0,0
3132,1,1
3132,0,0
3133,1,1
3133,0,0
3133,0,0
3134,1,1
3134,0,0
3135,1,1
3135,0,0
3136,1,1
3136,0,0
3136,0,0
3137,1,1
3137,0,0
3138,1,1
3138,0,0
3138,0,0
3139,1,1
3139,0,0
3140,1,1
3140,0,0
3140,0,0
3141,0,1
3143,0,2
3143,0,0
3144,1,1
3144,0,0
3145,1,1
3145,0,0
3146,1,1
3146,0,0
3146,0,0
3147,0,1
3147,0,0
3151,1,4
3151,0,0
3152,1,1
3152,0,0
3153,1,1
3153,0,0
3153,0,0
3154,0,1
3154,0,0
3159,0,5
3160,1,1
3160,0,0
3160,0,0
3161,1,1
3161,0,0
3162,1,1
3163,0,1
3163,0,0
3164,1,1
3164,0,0
3165,1,1
3165,0,0
3166,1,1
3166,0,0
3166,0,0
3171,5,5
3172,1,1
3172,1,0
3172,0,0
3172,0,0
3173,1,1
3187,9,14
3187,9,0
3187,9,0
3187,9,0
3187,9,0
3187,9,0
3187,9,0
3187,8,0
3187,8,0
3187,8,0
3187,8,0
3187,8,0
3187,8,0
3187,8,0
3187,8,0
3187,8,0
3187,7,0
3187,7,0
3187,7,0
3187,7,0
3187,7,0
3187,5,0
3195,8,8
3195,8,0
3195,8,0
3195,7,0
3195,7,0
3195,7,0
3195,7,0
3195,4,0
3201,6,6
3201,6,0
3201,6,0
3201,6,0
3201,6,0
3201,6,0
3201,5,0
3201,5,0
3201,5,0
3201,5,0
3201,5,0
3202,6,1
3202,6,0
3202,6,0
3202,6,0
3202,6,0
3202,5,0
3202,5,0
3202,5,0
3202,3,0
3203,4,1
3203,3,0
3203,3,0
3203,3,0
3203,3,0
3204,3,1
3204,3,0
3204,3,0
3204,2,0
3204,2,0
3204,2,0
3204,2,0
3204,1,0
3204,1,0
3204,1,0
3205,1,1
3205,1,0
3205,0,0
3206,1,1
3206,1,0
3215,9,9
3215,9,0
3215,8,0
3215,8,0
3215,0,0
3216,1,1
3227,4,11
3227,4,0
3227,4,0
3227,4,0
3227,4,0
3227,4,0
3227,4,0
3227,4,0
3227,4,0
3227,3,0
3227,3,0
3229,5,2
3229,5,0
3229,5,0
3229,5,0
3229,5,0
3229,5,0
3229,5,0
3229,4,0
3229,4,0
3229,4,0
3229,4,0
3229,4,0
3231,4,2
3231,4,0
3231,4,0
3231,4,0
3231,4,0
3231,4,0
3231,3,0
3231,3,0
3231,3,0
3231,3,0
3231,3,0
3232,4,1
3232,4,0
3232,4,0
3232,4,0
3232,3,0
3233,4,1
3233,2,0
3233,2,0
3233,2,0
3233,2,0
3233,2,0
3233,2,0
3233,2,0
3233,1,0
3244,5,11
3244,5,0
3244,5,0
3244,5,0
3244,5,0
3244,5,0
3244,5,0
3244,5,0
3244,4,0
3244,4,0
3244,4,0
3247,7,3
3247,4,0
3247,3,0
3255,8,8
3255,8,0
3255,8,0
3255,8,0
3255,8,0
3255,8,0
3255,8,0
3255,7,0
3255,7,0
3255,7,0
3255,5,0
3262,7,7
3263,8,1
3263,8,0
3263,8,0
3263,8,0
3263,7,0
3263,7,0
3263,7,0
3263,7,0
3263,7,0
3267,11,4
3267,11,0
3267,11,0
3267,11,0
3267,11,0
3267,10,0
3267,10,0
3267,10,0
3267,10,0
3267,10,0
3267,10,0
3267,10,0
3267,10,0
3267,10,0
3267,10,0
3267,9,0
3267,9,0
3267,9,0
3267,9,0
3267,7,0
3274,7,7
3274,7,0
3274,7,0
3274,7,0
3274,6,0
3274,6,0
3274,6,0
3274,6,0
3274,6,0
3274,6,0
3274,6,0
3274,6,0
3274,6,0
3274,6,0
3274,5,0
3274,5,0
3274,5,0
3274,5,0
3274,5,0
3274,5,0
3274,5,0
3274,5,0
3279,7,5
3279,5,0
3288,9,9
3288,9,0
3288,9,0
3288,9,0
3288,9,0
3288,9,0
3288,9,0
3288,8,0
3288,8,0
3288,8,0
3288,8,0
3290,10,2
3290,10,0
3290,10,0
3290,10,0
3290,10,0
3290,10,0
3290,9,0
3290,9,0
3290,9,0
3290,9,0
3293,12,3
3293,12,0
3293,12,0
3293,12,0
3293,12,0
3293,11,0
3293,11,0
3293,11,0
3293,11,0
3293,11,0
3293,11,0
3304,22,11
3304,22,0
3304,22,0
3304,21,0
3304,21,0
3304,21,0
3304,21,0
3304,21,0
3304,21,0
3304,21,0
3304,21,0
3304,21,0
3305,21,1
3305,21,0
3305,21,0
3305,21,0
3305,21,0
3305,19,0
3305,19,0
3305,19,0
3305,19,0
3305,19,0
3305,17,0
3307,19,2
3307,19,0
3307,19,0
3307,19,0
3307,18,0
3307,18,0
3307,18,0
3307,18,0
3307,18,0
3307,18,0
3307,18,0
3307,17,0
3307,17,0
3307,16,0
3307,16,0
3307,16,0
3307,16,0
3307,16,0
3307,15,0
3307,15,0
3307,15,0
3307,15,0
3307,15,0
3307,15,0
3307,15,0
3307,15,0
3307,3,0
3311,4,4
3321,10,10
3321,10,0
3321,10,0
3321,10,0
3321,10,0
3321,10,0
3321,10,0
3321,10,0
3321,9,0
3321,9,0
3321,9,0
3321,9,0
3321,9,0
3321,9,0
3321,9,0
3321,9,0
3321,9,0
3321,9,0
3321,8,0
3321,8,0
3321,8,0
3321,8,0
3322,9,1
3322,9,0
3322,9,0
3322,9,0
3322,9,0
3322,8,0
3322,7,0
3322,7,0
3322,7,0
3322,7,0
3322,7,0
3322,7,0
3322,7,0
3322,7,0
3322,6,0
3322,6,0
3322,6,0
3322,6,0
3322,5,0
3322,5,0
3322,5,0
3322,5,0
3322,5,0
3327,10,5
3327,8,0
3327,6,0
3327,5,0
3335,8,8
3335,8,0
3335,8,0
3335,8,0
3335,8,0
3335,8,0
3335,8,0
3335,8,0
3335,7,0
3335,7,0
3344,16,9
3344,16,0
3344,16,0
3344,16,0
3344,16,0
3344,16,0
3344,16,0
3344,15,0
3344,15,0
3344,15,0
3344,15,0
3344,15,0
3344,15,0
3344,13,0
3344,13,0
3344,13,0
3344,13,0
3344,13,0
3344,13,0
3344,12,0
3344,12,0
3344,11,0
3344,11,0
3344,11,0
3344,9,0
3344,9,0
3344,9,0
3344,8,0
3344,8,0
3347,3,3
3353,6,6
3353,6,0
3353,6,0
3353,6,0
3353,6,0
3353,6,0
3353,6,0
3353,6,0
3353,5,0
3353,5,0
3353,5,0
3355,7,2
3355,7,0
3355,7,0
3355,7,0
3355,7,0
3355,7,0
3356,8,1
3356,7,0
3356,7,0
3356,7,0
3356,7,0
3356,7,0
3356,7,0
3356,7,0
3356,7,0
3356,7,0
3356,6,0
3356,6,0
3356,6,0
3356,6,0
3356,5,0
3356,5,0
3357,6,1
3357,6,0
3357,6,0
3357,6,0
3357,6,0
3357,6,0
3357,6,0
3357,5,0
3357,5,0
3357,5,0
3358,5,1
3358,5,0
3358,5,0
3358,4,0
3358,3,0
3358,3,0
3358,3,0
3358,3,0
3358,2,0
3360,4,2
3360,3,0
3360,2,0
3360,1,0
3360,1,0
3360,1,0
3360,1,0
3360,1,0
3369,9,9
3369,9,0
3369,9,0
3369,9,0
3369,6,0
3369,6,0
3369,6,0
3369,6,0
3369,6,0
3369,6,0
3369,6,0
3375,12,6
3375,12,0
3375,11,0
3375,11,0
3375,11,0
3375,11,0
3375,11,0
3375,11,0
3375,11,0
3375,11,0
3375,11,0
3377,1,2
3379,2,2
3383,4,4
3383,4,0
3383,4,0
3383,4,0
3383,4,0
3383,4,0
3383,4,0
3383,4,0
3383,3,0
3383,3,0
3383,3,0
3384,4,1
3388,4,4
3388,4,0
3388,3,0
3388,3,0
3388,3,0
3388,3,0
3389,1,1
3390,1,1
3390,1,0
3390,1,0
3390,0,0
3392,2,2
3392,1,0
3392,1,0
3395,0,3
3396,1,1
3396,0,0
3396,0,0
3397,1,1
3397,0,0
3398,1,1
3399,0,1
3399,0,0
3400,1,1
3400,0,0
3401,1,1
3401,0,0
3402,1,1
3402,0,0
3402,0,0
3403,1,1
3403,0,0
3404,1,1
3404,0,0
3405,1,1
3407,0,2
3408,1,1
3408,0,0
3411,0,3
3412,1,1
3412,0,0
3412,0,0
3413,1,1
3413,0,0
3414,1,1
3414,0,0
3415,1,1
3415,0,0
3415,0,0
3416,1,1
3416,0,0
3417,1,1
3417,0,0
3417,0,0
3418,1,1
3418,0,0
3419,1,1
3419,0,0
3420,1,1
3420,0,0
3420,0,0
3421,1,1
3421,0,0
3422,1,1
3422,0,0
3422,0,0
3423,0,1
3423,0,0
3424,1,1
3424,0,0
3425,1,1
3427,0,2
3428,1,1
3428,0,0
3428,0,0
3429,1,1
3429,0,0
3430,1,1
3430,0,0
3431,1,1
3431,0,0
3431,0,0
3432,1,1
3432,0,0
3433,0,1
3433,0,0
3434,1,1
3434,0,0
3435,1,1
3439,0,4
3440,1,1
3440,0,0
3441,1,1
3441,0,0
3441,0,0
3442,1,1
3442,0,0
3443,1,1
3443,0,0
3444,1,1
3444,0,0
3444,0,0
3445,1,1
3445,0,0
3446,1,1
3446,0,0
3447,0,1
3447,0,0
3448,1,1
3448,0,0
3449,1,1
3449,0,0
3449,0,0
3451,0,2
3451,0,0
3452,1,1
3452,0,0
3453,1,1
3453,0,0
3454,1,1
3454,0,0
3454,0,0
3455,1,1
3455,0,0
3456,1,1
3456,0,0
3457,1,1
3457,0,0
3457,0,0
3458,1,1
3458,0,0
3459,1,1
3459,0,0
3461,0,2
3462,0,1
3462,0,0
3463,0,1
3463,0,0
3464,1,1
3464,0,0
3465,1,1
3465,0,0
3465,0,0
3466,0,1
3466,0,0
3467,1,1
3467,0,0
3468,1,1
3468,0,0
3468,0,0
3469,1,1
3469,0,0
3470,1,1
3470,0,0
3470,0,0
3471,0,1
3475,0,4
3476,1,1
3476,0,0
3476,0,0
3477,1,1
3477,0,0
3478,1,1
3478,0,0
3479,1,1
3483,0,4
3484,1,1
3484,0,0
3485,1,1
3485,0,0
3485,0,0
3491,6,6
3512,21,21
3512,21,0
3512,21,0
3512,21,0
3512,21,0
3512,20,0
3512,20,0
3512,20,0
3512,20,0
3512,20,0
3512,20,0
3513,21,1
3513,21,0
3513,21,0
3513,21,0
3513,20,0
3513,20,0
3513,20,0
3513,20,0
3513,20,0
3513,20,0
3515,21,2
3515,21,0
3515,20,0
3515,20,0
3515,20,0
3515,20,0
3515,20,0
3515,20,0
3515,20,0
3515,20,0
3516,21,1
3516,20,0
3516,20,0
3516,20,0
3516,17,0
3516,17,0
3516,17,0
3516,17,0
3516,17,0
3516,17,0
3516,17,0
3516,17,0
3517,17,1
3518,18,1
3518,18,0
3518,18,0
3518,18,0
3518,15,0
3518,11,0
3518,11,0
3518,11,0
3518,11,0
3518,11,0
3519,12,1
3519,12,0
3519,12,0
3519,12,0
3519,11,0
3519,11,0
3519,11,0
3519,11,0
3519,11,0
3519,8,0
3519,7,0
3519,7,0
3520,8,1
3520,7,0
3520,7,0
3520,7,0
3520,6,0
3520,6,0
3520,5,0
3521,6,1
3521,6,0
3521,6,0
3521,6,0
3521,6,0
3521,5,0
3521,4,0
3521,4,0
3521,3,0
3521,3,0
3521,3,0
3523,4,2
3523,4,0
3523,4,0
3523,3,0
3523,3,0
3523,2,0
3524,1,1
3524,0,0
3524,0,0
3525,0,1
3525,0,0
3526,1,1
3526,0,0
3527,1,1
3527,0,0
3528,1,1
3528,0,0
3528,0,0
3529,1,1
3529,0,0
3531,0,2
3531,0,0
3532,1,1
3532,0,0
3533,1,1
3533,0,0
3534,1,1
3534,0,0
3534,0,0
3535,0,1
3539,0,4
3540,1,1
3540,0,0
3540,0,0
3541,1,1
3541,0,0
3542,1,1
3542,0,0
3543,1,1
3543,0,0
3543,0,0
3544,1,1
3547,0,3
3547,0,0
3548,0,1
3548,0,0
3549,1,1
3549,0,0
3550,1,1
3550,0,0
3550,0,0
3551,0,1
3551,0,0
3552,1,1
3552,0,0
3553,1,1
3553,0,0
3553,0,0
3554,1,1
3554,0,0
3555,1,1
3555,0,0
3555,0,0
3556,1,1
3556,0,0
3557,1,1
3557,0,0
3557,0,0
3558,1,1
3558,0,0
3559,1,1
3559,0,0
3559,0,0
3560,0,1
3560,0,0
3561,1,1
3561,0,0
3561,0,0
3562,1,1
3562,0,0
3563,1,1
3563,0,0
3564,1,1
3564,0,0
3564,0,0
3565,1,1
3565,0,0
3566,1,1
3566,0,0
3566,0,0
3567,1,1
3567,0,0
3568,1,1
3568,0,0
3571,0,3
3571,0,0
3572,1,1
3575,0,3
3575,0,0
3576,0,1
3576,0,0
3577,1,1
3577,0,0
3578,1,1
3578,0,0
3578,0,0
3579,1,1
3579,0,0
3580,1,1
3580,0,0
3580,0,0
3581,0,1
3581,0,0
3582,1,1
3582,0,0
3583,1,1
3583,0,0
3584,1,1
3584,0,0
3584,0,0
3585,1,1
3585,0,0
3586,1,1
3586,0,0
3586,0,0
3587,0,1
3587,0,0
3588,1,1
3588,0,0
3589,1,1
3589,0,0
3589,0,0
3590,1,1
3590,0,0
3591,1,1
3591,0,0
3591,0,0
3592,1,1
3592,0,0
3593,1,1
3595,0,2
3595,0,0
3596,0,1
3596,0,0
3597,0,1
3599,0,2
3599,0,0
3600,1,1
3600,0,0
3601,1,1
3601,0,0
3602,1,1
3602,0,0
3602,0,0
3603,1,1
3603,0,0
3604,1,1
3604,0,0
3604,0,0
3605,1,1
3605,0,0
3606,1,1
3606,0,0
3607,1,1
3607,0,0
3607,0,0
3608,1,1
3608,0,0
3609,1,1
3609,0,0
3609,0,0
3610,1,1
3610,0,0
3611,1,1
3611,0,0
3615,0,4
3619,0,4
3620,1,1
3620,0,0
3620,0,0
3621,1,1
3621,0,0
3622,1,1
3622,0,0
3623,1,1
3623,0,0
3623,0,0
3624,1,1
3624,0,0
3625,1,1
3625,0,0
3625,0,0
3626,1,1
3626,0,0
3627,1,1
3627,0,0
3628,1,1
3628,0,0
3628,0,0
3629,1,1
3629,0,0
3630,1,1
3630,0,0
3630,0,0
3631,1,1
3631,0,0
3632,1,1
3632,0,0
3632,0,0
3633,1,1
3633,0,0
3634,1,1
3634,0,0
3634,0,0
3635,0,1
3635,0,0
3636,1,1
3636,0,0
3637,1,1
3637,0,0
3637,0,0
3638,1,1
3638,0,0
3639,1,1
3639,0,0
3639,0,0
3640,1,1
3640,0,0
3641,1,1
3641,0,0
3641,0,0
3643,2,2
3643,0,0
3644,1,1
3644,0,0
3644,0,0
3645,1,1
3645,0,0
3646,1,1
3646,0,0
3652,1,6
3652,0,0
3653,1,1
3653,0,0
3654,1,1
3654,0,0
3654,0,0
3655,0,1
3656,1,1
3659,0,3
3660,1,1
3660,0,0
3661,1,1
3661,0,0
3661,0,0
3662,1,1
3662,0,0
3663,1,1
3663,0,0
3664,1,1
3664,0,0
3664,0,0
3665,1,1
3665,0,0
3666,1,1
3666,0,0
3667,1,1
3667,0,0
3667,0,0
3668,1,1
3668,0,0
3669,1,1
3669,0,0
3670,1,1
3670,0,0
3671,1,1
3671,0,0
3672,0,1
3673,1,1
3673,0,0
3674,1,1
3674,0,0
3675,1,1
3675,0,0
3676,1,1
3676,0,0
3677,0,1
3678,1,1
3678,0,0
3679,1,1
3679,0,0
3680,1,1
3680,0,0
3681,1,1
3681,0,0
3682,1,1
3682,0,0
3683,0,1
3684,1,1
3684,0,0
3687,0,3
3691,0,4
3692,1,1
3692,0,0
3693,1,1
3693,0,0
3694,1,1
3694,0,0
3695,1,1
3695,0,0
3695,0,0
3696,1,1
3696,0,0
3697,1,1
3697,0,0
3697,0,0
3698,1,1
3698,0,0
3699,1,1
3699,0,0
3700,1,1
3700,0,0
3700,0,0
3701,1,1
3701,0,0
3702,1,1
3702,0,0
3702,0,0
3703,1,1
3703,0,0
3704,1,1
3704,0,0
3704,0,0
3705,1,1
3705,0,0
3706,1,1
3706,0,0
3706,0,0
3707,1,1
3707,0,0
3708,1,1
3710,0,2
3710,0,0
3711,1,1
3711,0,0
3712,1,1
3712,0,0
3712,0,0
3713,1,1
3713,0,0
3714,1,1
3714,0,0
3715,1,1
3715,0,0
3715,0,0
3716,1,1
3716,0,0
3719,0,3
3719,0,0
3720,1,1
3720,0,0
3721,1,1
3723,0,2
3723,0,0
3724,1,1
3724,0,0
3725,1,1
3725,0,0
3726,1,1
3726,0,0
3726,0,0
3727,1,1
3727,0,0
3728,1,1
3728,0,0
3728,0,0
3729,1,1
3729,0,0
3730,1,1
3730,0,0
3730,0,0
3731,1,1
3731,0,0
3732,1,1
3732,0,0
3732,0,0
3733,1,1
3733,0,0
3734,1,1
3734,0,0
3735,1,1
3735,0,0
3735,0,0
3736,1,1
3736,0,0
3737,1,1
3737,0,0
3739,0,2
3739,0,0
3740,1,1
3740,0,0
3743,0,3
3743,0,0
3744,0,1
3744,0,0
3745,1,1
3745,0,0
3746,1,1
3746,0,0
3746,0,0
3747,1,1
3747,0,0
3748,1,1
3748,0,0
3748,0,0
3749,1,1
3749,0,0
3750,1,1
3750,0,0
3750,0,0
3751,0,1
3751,0,0
3752,1,1
3752,0,0
3752,0,0
3753,0,1
3753,0,0
3755,0,2
3755,0,0
3756,1,1
3756,0,0
3757,1,1
3757,0,0
3758,1,1
3758,0,0
3758,0,0
3759,1,1
3759,0,0
3760,1,1
3760,0,0
3760,0,0
3761,1,1
3761,0,0
3762,1,1
3763,0,1
3763,0,0
3764,1,1
3764,0,0
3765,1,1
3765,0,0
3765,0,0
3767,0,2
3767,0,0
3768,1,1
3768,0,0
3769,1,1
3769,0,0
3769,0,0
3770,0,1
3770,0,0
3771,1,1
3775,0,4
3775,0,0
3776,1,1
3776,0,0
3777,1,1
3777,0,0
3778,1,1
3778,0,0
3778,0,0
3779,1,1
3779,0,0
3780,1,1
3783,0,3
3784,1,1
3784,0,0
3784,0,0
3785,1,1
3785,0,0
3786,1,1
3786,0,0
3786,0,0
3787,1,1
3787,0,0
3788,1,1
3788,0,0
3789,1,1
3789,0,0
3789,0,0
3790,1,1
3790,0,0
3791,1,1
3791,0,0
3791,0,0
3792,1,1
3792,0,0
3793,1,1
3793,0,0
3793,0,0
3794,1,1
3794,0,0
3794,0,0
3795,0,1
3795,0,0
3796,1,1
3796,0,0
3796,0,0
3797,0,1
3797,0,0
3798,1,1
3798,0,0
3798,0,0
3799,1,1
3799,0,0
3800,1,1
3800,0,0
3800,0,0
3801,1,1
3801,0,0
3802,1,1
3802,0,0
3802,0,0
3803,1,1
3803,0,0
3804,1,1
3804,0,0
3804,0,0
3805,1,1
3805,0,0
3806,1,1
3807,0,1
3807,0,0
3811,0,4
3811,0,0
3812,1,1
3812,0,0
3813,1,1
3813,0,0
3813,0,0
3814,0,1
3814,0,0
3815,1,1
3815,0,0
3815,0,0
3816,0,1
3816,0,0
3817,1,1
3817,0,0
3819,0,2
3819,0,0
3820,1,1
3820,0,0
3822,2,2
3822,0,0
3822,0,0
3823,1,1
3823,0,0
3824,1,1
3824,0,0
3824,0,0
3825,1,1
3825,0,0
3826,1,1
3826,0,0
3826,0,0
3827,1,1
3827,0,0
3828,1,1
3828,0,0
3828,0,0
3829,1,1
3829,0,0
3830,1,1
3830,0,0
3830,0,0
3831,1,1
3834,0,3
3835,1,1
3835,0,0
3836,1,1
3836,0,0
3836,0,0
3837,0,1
3837,0,0
3838,1,1
3838,0,0
3839,1,1
3839,0,0
3839,0,0
3840,1,1
3843,0,3
3843,0,0
3844,1,1
3844,0,0
3845,1,1
3845,0,0
3845,0,0
3846,0,1
3846,0,0
3847,1,1
3847,0,0
3848,1,1
3848,0,0
3848,0,0
3849,1,1
3849,0,0
3849,0,0
3850,0,1
3850,0,0
3851,1,1
3851,0,0
3851,0,0
3852,0,1
3852,0,0
3853,1,1
3853,0,0
3853,0,0
3854,0,1
3854,0,0
3855,1,1
3855,0,0
3855,0,0
3856,1,1
3856,0,0
3857,1,1
3857,0,0
3857,0,0
3858,1,1
3858,0,0
3859,1,1
3859,0,0
3859,0,0
3860,1,1
3860,0,0
3861,1,1
3861,0,0
3863,0,2
3863,0,0
3864,0,1
3864,0,0
3865,1,1
3865,0,0
3866,1,1
3866,0,0
3867,0,1
3867,0,0
3868,1,1
3868,0,0
3869,1,1
3869,0,0
3869,0,0
3870,1,1
3870,0,0
3871,1,1
3871,0,0
3875,0,4
3875,0,0
3876,1,1
3876,0,0
3877,1,1
3877,0,0
3877,0,0
3878,1,1
3878,0,0
3879,0,1
3879,0,0
3880,1,1
3880,0,0
3881,1,1
3881,0,0
3883,0,2
3883,0,0
3884,1,1
3884,0,0
3885,1,1
3885,0,0
3886,1,1
3886,0,0
3886,0,0
3887,1,1
3887,0,0
3888,1,1
3888,0,0
3888,0,0
3889,1,1
3889,0,0
3890,1,1
3890,0,0
3890,0,0
3891,1,1
3891,0,0
3892,1,1
3892,0,0
3892,0,0
3893,1,1
3893,0,0
3894,1,1
3894,0,0
3894,0,0
3895,1,1
3899,0,4
3899,0,0
3900,0,1
3900,0,0
3901,1,1
3901,0,0
3902,1,1
3902,0,0
3902,0,0
3903,1,1
3903,0,0
3904,1,1
3904,0,0
3904,0,0
3905,0,1
3905,0,0
3906,1,1
3906,0,0
3906,0,0
3907,0,1
3907,0,0
3911,0,4
3912,1,1
3912,0,0
3913,1,1
3913,0,0
3913,0,0
3914,1,1
3914,0,0
3915,1,1
3915,0,0
3915,0,0
3916,1,1
3916,0,0
3917,1,1
3917,0,0
3917,0,0
3918,1,1
3918,0,0
3919,1,1
3919,0,0
3919,0,0
3920,1,1
3920,0,0
3921,1,1
3921,0,0
3921,0,0
3922,1,1
3922,0,0
3923,1,1
3923,0,0
3923,0,0
3924,1,1
3924,0,0
3925,1,1
3925,0,0
3925,0,0
3926,1,1
3926,0,0
3927,1,1
3927,0,0
3927,0,0
3928,0,1
3928,0,0
3929,1,1
3929,0,0
3929,0,0
3930,1,1
3930,0,0
3931,0,1
3931,0,0
3932,1,1
3932,0,0
3933,1,1
3933,0,0
3935,1,2
3935,0,0
3936,1,1
3936,0,0
3936,0,0
3937,1,1
3937,0,0
3939,0,2
3939,0,0
3940,1,1
3940,0,0
3942,2,2
3942,0,0
3943,1,1
3943,0,0
3944,1,1
3944,0,0
3944,0,0
3945,1,1
3945,0,0
3946,1,1
3947,0,1
3947,0,0
3948,1,1
3948,0,0
3949,1,1
3949,0,0
3949,0,0
3950,0,1
3950,0,0
3951,1,1
3951,0,0
3951,0,0
3955,0,4
3955,0,0
3956,1,1
3956,0,0
3957,1,1
3959,0,2
3959,0,0
3960,1,1
3960,0,0
3961,1,1
3961,0,0
3961,0,0
3962,0,1
3962,0,0
3963,1,1
3963,0,0
3963,0,0
3964,0,1
3964,0,0
3965,1,1
3965,0,0
3965,0,0
3966,0,1
3966,0,0
3967,1,1
3967,0,0
3968,1,1
3968,0,0
3968,0,0
3969,1,1
3969,0,0
3970,1,1
3970,0,0
3970,0,0
3971,1,1
3971,0,0
3972,1,1
3972,0,0
3972,0,0
3973,1,1
3973,0,0
3975,0,2
3975,0,0
3976,0,1
3976,0,0
3977,1,1
3977,0,0
3978,1,1
3978,0,0
3978,0,0
3979,1,1
3979,0,0
3980,1,1
3980,0,0
3980,0,0
3983,3,3
3983,0,0
3983,0,0
3985,1,2
3985,0,0
3986,1,1
3986,0,0
3986,0,0
3987,0,1
3987,0,0
3988,1,1
3988,0,0
3991,0,3
3991,0,0
3992,1,1
3992,0,0
3993,1,1
3995,0,2
3995,0,0
3996,1,1
3996,0,0
3997,1,1
3997,0,0
3998,1,1
3998,0,0
3998,0,0
3999,1,1
3999,0,0
4000,1,1
4000,0,0
4000,0,0
4001,1,1
4001,0,0
4002,1,1
4002,0,0
4002,0,0
4003,1,1
4003,0,0
4004,1,1
4004,0,0
4004,0,0
4005,1,1
4005,0,0
4006,1,1
4006,0,0
4006,0,0
4007,1,1
4007,0,0
4008,1,1
4008,0,0
4008,0,0
4009,1,1
4011,0,2
4011,0,0
4012,0,1
4012,0,0
4013,1,1
4015,0,2
4015,0,0
4016,0,1
4016,0,0
4017,1,1
4017,0,0
4018,1,1
4018,0,0
4018,0,0
4019,1,1
4019,0,0
4020,1,1
4020,0,0
4020,0,0
4021,1,1
4021,0,0
4022,1,1
4022,0,0
4022,0,0
4023,0,1
4023,0,0
4024,1,1
4024,0,0
4024,0,0
4025,0,1
4025,0,0
4027,0,2
4027,0,0
4028,1,1
4028,0,0
4029,1,1
4029,0,0
4029,0,0
4030,0,1
4031,0,1
4031,0,0
4032,1,1
4032,0,0
4033,1,1
4033,0,0
4033,0,0
4034,1,1
4034,0,0
4035,1,1
4035,0,0
4035,0,0
4036,0,1
4039,0,3
4039,0,0
4040,1,1
4043,0,3
4043,0,0
4044,0,1
4044,0,0
4045,1,1
4045,0,0
4046,1,1
4046,0,0
4046,0,0
4047,1,1
4047,0,0
4048,1,1
4048,0,0
4048,0,0
4049,1,1
4049,0,0
4050,1,1
4050,0,0
4050,0,0
4051,1,1
4051,0,0
4052,1,1
4052,0,0
4052,0,0
4053,1,1
4053,0,0
4054,1,1
4054,0,0
4054,0,0
4055,1,1
4055,0,0
4056,1,1
4056,0,0
4056,0,0
4057,1,1
4057,0,0
4058,1,1
4058,0,0
4058,0,0
4059,1,1
4059,0,0
4060,1,1
4060,0,0
4060,0,0
4061,1,1
4061,0,0
4061,0,0
4062,0,1
4063,0,1
4063,0,0
4064,1,1
4064,0,0
4067,0,3
4067,0,0
4068,1,1
4068,0,0
4069,1,1
4069,0,0
4070,1,1
4071,0,1
4071,0,0
4072,1,1
4072,0,0
4073,1,1
4073,0,0
4073,0,0
4074,0,1
4074,0,0
4075,1,1
4075,0,0
4076,1,1
4076,0,0
4076,0,0
4077,1,1
4077,0,0
4078,1,1
4078,0,0
4079,1,1
4083,0,4
4083,0,0
4084,0,1
4084,0,0
4085,1,1
4085,0,0
4086,1,1
4086,0,0
4086,0,0
4087,0,1
4087,0,0
4088,1,1
4088,0,0
4089,1,1
4089,0,0
4089,0,0
4090,1,1
4091,0,1
4091,0,0
4092,1,1
4092,0,0
4093,1,1
4093,0,0
4093,0,0
4094,1,1
4094,0,0
4095,1,1
4095,0,0
4095,0,0
4096,1,1
4096,0,0
4097,1,1
4099,0,2
4099,0,0
4100,1,1
4100,0,0
4101,1,1
4101,0,0
4102,1,1
4102,0,0
4102,0,0
4103,1,1
4103,0,0
4104,1,1
4104,0,0
4104,0,0
4105,1,1
4105,0,0
4106,1,1
4106,0,0
4106,0,0
4107,1,1
4107,0,0
4108,1,1
4108,0,0
4108,0,0
4109,1,1
4109,0,0
4110,1,1
4110,0,0
4110,0,0
4111,1,1
4111,0,0
4112,1,1
4112,0,0
4112,0,0
4113,1,1
4113,0,0
4113,0,0
4115,0,2
4115,0,0
4116,1,1
4116,0,0
4117,1,1
4117,0,0
4117,0,0
4119,0,2
4119,0,0
4120,1,1
4120,0,0
4121,1,1
4121,0,0
4122,1,1
4122,0,0
4122,0,0
4123,1,1
4123,0,0
4124,1,1
4127,0,3
4128,1,1
4128,0,0
4128,0,0
4129,1,1
4129,0,0
4130,1,1
4130,0,0
4131,0,1
4131,0,0
4132,1,1
4132,0,0
4133,1,1
4133,0,0
4133,0,0
4134,1,1
4134,0,0
4135,0,1
4135,0,0
4136,1,1
4136,0,0
4137,1,1
4137,0,0
4139,0,2
4139,0,0
4140,1,1
4140,0,0
4141,1,1
4141,0,0
4141,0,0
4142,1,1
4142,0,0
4143,1,1
4143,0,0
4144,1,1
4144,0,0
4144,0,0
4145,1,1
4145,0,0
4145,0,0
4146,0,1
4146,0,0
4147,1,1
4147,0,0
4147,0,0
4148,0,1
4148,0,0
4149,1,1
4149,0,0
4149,0,0
4150,0,1
4150,0,0
4151,0,1
4151,0,0
4152,1,1
4155,0,3
4159,0,4
4159,0,0
4160,1,1
4160,0,0
4161,1,1
4161,0,0
4162,1,1
4162,0,0
4162,0,0
4163,1,1
4163,0,0
4164,1,1
4164,0,0
4164,0,0
4165,1,1
4165,0,0
4166,1,1
4166,0,0
4166,0,0
4167,1,1
4167,0,0
4168,1,1
4168,0,0
4168,0,0
4169,1,1
4169,0,0
4170,1,1
4170,0,0
4170,0,0
4171,1,1
4171,0,0
4172,1,1
4172,0,0
4172,0,0
4173,1,1
4173,0,0
4174,1,1
4174,0,0
4174,0,0
4175,0,1
4175,0,0
4176,1,1
4176,0,0
4176,0,0
4177,1,1
4177,0,0
4178,1,1
4178,0,0
4178,0,0
4179,0,1
4179,0,0
4180,1,1
4180,0,0
4183,0,3
4183,0,0
4184,1,1
4184,0,0
4185,1,1
4185,0,0
4185,0,0
4186,0,1
4186,0,0
4187,1,1
4187,0,0
4188,1,1
4188,0,0
4188,0,0
4189,1,1
4189,0,0
4191,0,2
4191,0,0
4192,1,1
4192,0,0
4193,1,1
4193,0,0
4194,1,1
4194,0,0
4194,0,0
4195,1,1
4195,0,0
4196,1,1
4196,0,0
4196,0,0
4197,1,1
4197,0,0
4198,1,1
4198,0,0
4198,0,0
4199,1,1
4199,0,0
4200,1,1
4200,0,0
4200,0,0
4201,1,1
4201,0,0
4202,1,1
4203,0,1
4203,0,0
4204,1,1
4204,0,0
4207,0,3
4207,0,0
4208,1,1
4208,0,0
4209,1,1
4209,0,0
4210,1,1
4210,0,0
4210,0,0
4211,1,1
4211,0,0
4212,1,1
4212,0,0
4212,0,0
4213,1,1
4215,0,2
4215,0,0
4216,0,1
4216,0,0
4217,1,1
4217,0,0
4218,1,1
4218,0,0
4218,0,0
4219,1,1
4219,0,0
4220,1,1
4220,0,0
4220,0,0
4221,0,1
4221,0,0
4222,1,1
4222,0,0
4222,0,0
4224,2,2
4224,0,0
4225,1,1
4225,0,0
4225,0,0
4226,1,1
4226,0,0
4227,1,1
4227,0,0
4231,0,4
4231,0,0
4232,0,1
4232,0,0
4233,1,1
4235,0,2
4235,0,0
4236,0,1
4236,0,0
4237,1,1
4237,0,0
4238,1,1
4238,0,0
4238,0,0
4239,1,1
4239,0,0
4240,1,1
4240,0,0
4240,0,0
4241,1,1
4241,0,0
4242,1,1
4242,0,0
4242,0,0
4243,1,1
4243,0,0
4244,1,1
4244,0,0
4244,0,0
4245,1,1
4245,0,0
4246,1,1
4246,0,0
4246,0,0
4247,1,1
4247,0,0
4248,1,1
4248,0,0
4248,0,0
4249,1,1
4251,0,2
4251,0,0
4252,1,1
4252,0,0
4253,1,1
4253,0,0
4253,0,0
4254,0,1
4254,0,0
4255,1,1
4255,0,0
4256,1,1
4256,0,0
4256,0,0
4257,1,1
4257,0,0
4258,1,1
4258,0,0
4258,0,0
4259,1,1
4259,0,0
4260,1,1
4260,0,0
4260,0,0
4261,1,1
4261,0,0
4262,1,1
4263,0,1
4263,0,0
4264,1,1
4264,0,0
4265,1,1
4265,0,0
4267,0,2
4267,0,0
4268,1,1
4268,0,0
4269,1,1
4269,0,0
4269,0,0
4270,0,1
4270,0,0
4271,1,1
4271,0,0
4272,1,1
4272,0,0
4275,0,3
4275,0,0
4276,1,1
4276,0,0
4277,1,1
4277,0,0
4277,0,0
4278,0,1
4278,0,0
4279,1,1
4279,0,0
4280,1,1
4280,0,0
4280,0,0
4281,1,1
4281,0,0
4283,0,2
4283,0,0
4284,1,1
4284,0,0
4285,1,1
4285,0,0
4285,0,0
4286,1,1
4286,0,0
4287,1,1
4287,0,0
4288,1,1
4288,0,0
4288,0,0
4289,1,1
4289,0,0
4289,0,0
4290,0,1
4290,0,0
4291,1,1
4291,0,0
4291,0,0
4292,0,1
4292,0,0
4293,1,1
4293,0,0
4293,0,0
4295,2,2
4299,0,4
4300,1,1
4300,0,0
4300,0,0
4301,1,1
4303,0,2
4303,0,0
4304,1,1
4304,0,0
4305,1,1
4305,0,0
4305,0,0
4306,0,1
4306,0,0
4307,1,1
4307,0,0
4307,0,0
4308,0,1
4308,0,0
4309,1,1
4309,0,0
4309,0,0
4310,0,1
4310,0,0
4311,1,1
4311,0,0
4311,0,0
4312,0,1
4312,0,0
4313,1,1
4313,0,0
4313,0,0
4314,1,1
4314,0,0
4315,1,1
4315,0,0
4315,0,0
4316,1,1
4319,0,3
4320,1,1
4320,0,0
4320,0,0
4321,1,1
4321,0,0
4322,1,1
4322,0,0
4322,0,0
4323,0,1
4323,0,0
4324,1,1
4324,0,0
4325,1,1
4325,0,0
4325,0,0
4326,1,1
4326,0,0
4326,0,0
4327,0,1
4327,0,0
4328,1,1
4328,0,0
4329,1,1
4329,0,0
4329,0,0
4330,1,1
4330,0,0
4331,1,1
4331,0,0
4331,0,0
4332,1,1
4332,0,0
4333,1,1
4335,0,2
4335,0,0
4336,1,1
4336,0,0
4337,1,1
4337,0,0
4338,1,1
4338,0,0
4338,0,0
4339,1,1
4339,0,0
4340,1,1
4340,0,0
4340,0,0
4341,0,1
4341,0,0
4342,1,1
4343,0,1
4343,0,0
4344,1,1
4344,0,0
4345,1,1
4345,0,0
4345,0,0
4346,0,1
4346,0,0
4347,1,1
4347,0,0
4348,1,1
4348,0,0
4348,0,0
4349,1,1
4349,0,0
4351,0,2
4351,0,0
4352,1,1
4352,0,0
4355,0,3
4355,0,0
4356,1,1
4356,0,0
4357,1,1
4357,0,0
4357,0,0
4358,0,1
4358,0,0
4359,1,1
4359,0,0
4360,1,1
4360,0,0
4360,0,0
4361,1,1
4361,0,0
4362,1,1
4362,0,0
4362,0,0
4363,1,1
4363,0,0
4364,1,1
4367,0,3
4367,0,0
4368,1,1
4368,0,0
4369,1,1
4369,0,0
4370,1,1
4370,0,0
4370,0,0
4371,1,1
4371,0,0
4372,1,1
4372,0,0
4372,0,0
4373,1,1
4373,0,0
4374,1,1
4374,0,0
4374,0,0
4375,1,1
4376,0,1
4379,0,3
4380,1,1
4380,0,0
4380,0,0
4381,1,1
4381,0,0
4382,1,1
4382,0,0
4382,0,0
4383,1,1
4383,0,0
4384,1,1
4384,0,0
4384,0,0
4385,1,1
4385,0,0
4386,1,1
4386,0,0
4386,0,0
4387,1,1
4387,0,0
4388,1,1
4388,0,0
4388,0,0
4389,1,1
4389,0,0
4390,1,1
4390,0,0
4390,0,0
4391,1,1
4391,0,0
4392,1,1
4392,0,0
4392,0,0
4393,1,1
4395,0,2
4395,0,0
4396,1,1
4396,0,0
4397,1,1
4397,0,0
4397,0,0
4398,1,1
4398,0,0
4399,1,1
4399,0,0
4399,0,0
4400,1,1
4400,0,0
4401,1,1
4403,0,2
4403,0,0
4404,1,1
4404,0,0
4405,1,1
4405,0,0
4406,1,1
4406,0,0
4406,0,0
4407,1,1
4407,0,0
4408,1,1
4408,0,0
4408,0,0
4409,1,1
4409,0,0
4409,0,0
4410,0,1
4410,0,0
4411,0,1
4411,0,0
4412,1,1
4412,0,0
4413,1,1
4415,0,2
4415,0,0
4416,1,1
4416,0,0
4417,1,1
4417,0,0
4417,0,0
4418,1,1
4418,0,0
4419,1,1
4419,0,0
4419,0,0
4423,0,4
4424,1,1
4424,0,0
4424,0,0
4425,1,1
4425,0,0
4426,1,1
4426,0,0
4426,0,0
4427,1,1
4427,0,0
4428,1,1
4428,0,0
4428,0,0
4429,1,1
4429,0,0
4430,1,1
4430,0,0
4430,0,0
4431,1,1
4431,0,0
4432,1,1
4432,0,0
4432,0,0
4433,1,1
4435,0,2
4435,0,0
4436,1,1
4436,0,0
4437,1,1
4437,0,0
4438,1,1
4438,0,0
4438,0,0
4439,1,1
4439,0,0
4440,1,1
4440,0,0
4440,0,0
4441,1,1
4441,0,0
4441,0,0
4442,0,1
4442,0,0
4443,1,1
4443,0,0
4443,0,0
4444,0,1
4444,0,0
4445,1,1
4445,0,0
4445,0,0
4446,1,1
4446,0,0
4447,1,1
4447,0,0
4447,0,0
4448,1,1
4448,0,0
4451,0,3
4455,0,4
4455,0,0
4456,1,1
4456,0,0
4457,1,1
4457,0,0
4457,0,0
4458,0,1
4458,0,0
4459,1,1
4459,0,0
4460,1,1
4460,0,0
4460,0,0
4461,1,1
4461,0,0
4461,0,0
4462,0,1
4462,0,0
4463,1,1
4463,0,0
4463,0,0
4464,0,1
4464,0,0
4465,1,1
4465,0,0
4465,0,0
4466,1,1
4466,0,0
4467,1,1
4467,0,0
4467,0,0
4468,1,1
4468,0,0
4469,1,1
4469,0,0
4469,0,0
4470,1,1
4470,0,0
4471,1,1
4471,0,0
4471,0,0
4472,1,1
4472,0,0
4475,0,3
4476,1,1
4476,0,0
4476,0,0
4477,1,1
4477,0,0
4478,1,1
4478,0,0
4478,0,0
4479,0,1
4479,0,0
4480,1,1
4480,0,0
4480,0,0
4481,0,1
4481,0,0
4482,1,1
4482,0,0
4482,0,0
4483,0,1
4483,0,0
4486,0,3
4487,1,1
4487,0,0
4488,1,1
4488,0,0
4488,0,0
4489,1,1
4489,0,0
4490,1,1
4490,0,0
4490,0,0
4491,1,1
4491,0,0
4492,1,1
4492,0,0
4492,0,0
4493,1,1
4493,0,0
4494,1,1
4494,0,0
4494,0,0
4495,1,1
4499,0,4
4500,1,1
4500,0,0
4500,0,0
4501,1,1
4501,0,0
4502,1,1
4502,0,0
4502,0,0
4503,0,1
4503,0,0
4504,1,1
4504,0,0
4504,0,0
4505,0,1
4505,0,0
4506,1,1
4506,0,0
4506,0,0
4507,1,1
4507,0,0
4508,1,1
4508,0,0
4508,0,0
4509,1,1
4511,0,2
4511,0,0
4512,1,1
4512,0,0
4513,1,1
4513,0,0
4513,0,0
4514,0,1
4514,0,0
4515,1,1
4515,0,0
4516,1,1
4516,0,0
4516,0,0
4517,1,1
4517,0,0
4517,0,0
4518,0,1
4518,0,0
4519,1,1
4519,0,0
4519,0,0
4520,0,1
4520,0,0
4521,1,1
4521,0,0
4521,0,0
4522,1,1
4522,0,0
4523,1,1
4523,0,0
4523,0,0
4524,1,1
4524,0,0
4527,0,3
4527,0,0
4528,1,1
4528,0,0
4529,1,1
4529,0,0
4529,0,0
4530,0,1
4530,0,0
4531,1,1
4531,0,0
4532,1,1
4535,0,3
4536,1,1
4536,0,0
4536,0,0
4537,1,1
4537,0,0
4538,1,1
4538,0,0
4538,0,0
4539,1,1
4539,0,0
4540,1,1
4540,0,0
4540,0,0
4541,0,1
4541,0,0
4542,1,1
4542,0,0
4542,0,0
4543,0,1
4543,0,0
4544,1,1
4544,0,0
4544,0,0
4545,0,1
4545,0,0
4546,1,1
4546,0,0
4546,0,0
4547,1,1
4547,0,0
4551,0,4
4552,1,1
4552,0,0
4552,0,0
4553,1,1
4553,0,0
4554,1,1
4554,0,0
4555,1,1
4555,0,0
4555,0,0
4556,1,1
4556,0,0
4557,1,1
4557,0,0
4557,0,0
4558,1,1
4558,0,0
4558,0,0
4559,0,1
4559,0,0
4560,1,1
4560,0,0
4560,0,0
4561,1,1
4561,0,0
4563,0,2
4563,0,0
4564,1,1
4564,0,0
4565,1,1
4565,0,0
4565,0,0
4566,1,1
4566,0,0
4567,1,1
4567,0,0
4567,0,0
4568,1,1
4568,0,0
4569,1,1
4569,0,0
4569,0,0
4570,1,1
4570,0,0
4571,1,1
4571,0,0
4571,0,0
4572,1,1
4572,0,0
4573,1,1
4575,0,2
4575,0,0
4576,1,1
4576,0,0
4577,1,1
4577,0,0
4577,0,0
4578,1,1
4578,0,0
4579,1,1
4579,0,0
4579,0,0
4583,0,4
4584,1,1
4584,0,0
4584,0,0
4585,1,1
4585,0,0
4586,1,1
4586,0,0
4587,1,1
4587,0,0
4587,0,0
4588,1,1
4588,0,0
4589,1,1
4589,0,0
4589,0,0
4590,1,1
4590,0,0
4591,1,1
4591,0,0
4591,0,0
4592,1,1
4592,0,0
4593,1,1
4593,0,0
4595,0,2
4595,0,0
4596,1,1
4596,0,0
4597,1,1
4597,0,0
4598,1,1
4598,0,0
4598,0,0
4599,1,1
4599,0,0
4600,1,1
4600,0,0
4600,0,0
4601,1,1
4601,0,0
4602,1,1
4602,0,0
4602,0,0
4603,1,1
4603,0,0
4604,1,1
4604,0,0
4604,0,0
4605,1,1
4605,0,0
4606,1,1
4606,0,0
4606,0,0
4607,1,1
4611,0,4
4615,0,4
4616,1,1
4616,0,0
4617,1,1
4617,0,0
4617,0,0
4618,1,1
4618,0,0
4619,1,1
4619,0,0
4619,0,0
4620,1,1
4620,0,0
4621,1,1
4621,0,0
4621,0,0
4622,1,1
4622,0,0
4623,1,1
4623,0,0
4623,0,0
4624,1,1
4624,0,0
4625,1,1
4625,0,0
4625,0,0
4626,1,1
4626,0,0
4627,1,1
4627,0,0
4627,0,0
4628,1,1
4628,0,0
4629,1,1
4629,0,0
4629,0,0
4630,1,1
4630,0,0
4631,1,1
4631,0,0
4631,0,0
4632,1,1
4632,0,0
4633,1,1
4633,0,0
4633,0,0
4634,1,1
4634,0,0
4634,0,0
4635,0,1
4635,0,0
4636,1,1
4636,0,0
4637,1,1
4637,0,0
4637,0,0
4638,1,1
4638,0,0
4638,0,0
4639,1,1
4639,0,0
4640,1,1
4640,0,0
4643,0,3
4643,0,0
4644,0,1
4644,0,0
4645,1,1
4645,0,0
4646,1,1
4646,0,0
4647,0,1
4647,0,0
4648,1,1
4648,0,0
4649,1,1
4649,0,0
4649,0,0
4650,1,1
4650,0,0
4651,1,1
4655,0,4
4656,1,1
4656,0,0
4657,1,1
4657,0,0
4657,0,0
4658,0,1
4658,0,0
4659,1,1
4659,0,0
4660,1,1
4661,1,1
4661,0,0
4662,1,1
4662,0,0
4662,0,0
4663,1,1
4663,0,0
4664,1,1
4664,0,0
4664,0,0
4665,1,1
4665,0,0
4666,1,1
4666,0,0
4666,0,0
4667,1,1
4667,0,0
4671,0,4
4672,1,1
4672,0,0
4672,0,0
4673,1,1
4673,0,0
4674,1,1
4674,0,0
4674,0,0
4675,0,1
4675,0,0
4676,1,1
4676,0,0
4676,0,0
4677,0,1
4677,0,0
4678,1,1
4678,0,0
4678,0,0
4679,0,1
4679,0,0
4680,1,1
4680,0,0
4680,0,0
4681,1,1
4681,0,0
4682,1,1
4682,0,0
4682,0,0
4683,1,1
4683,0,0
4684,1,1
4684,0,0
4684,0,0
4685,1,1
4685,0,0
4686,1,1
4686,0,0
4686,0,0
4687,1,1
4687,0,0
4688,1,1
4688,0,0
4688,0,0
4689,1,1
4691,0,2
4691,0,0
4692,1,1
4692,0,0
4693,1,1
4693,0,0
4694,1,1
4694,0,0
4694,0,0
4695,1,1
4695,0,0
4696,1,1
4696,0,0
4696,0,0
4697,1,1
4697,0,0
4698,1,1
4698,0,0
4699,0,1
4699,0,0
4700,1,1
4700,0,0
4701,1,1
4701,0,0
4701,0,0
4702,1,1
4702,0,0
4703,0,1
4703,0,0
4704,1,1
4704,0,0
4705,1,1
4705,0,0
4705,0,0
4707,0,2
4711,0,4
4712,1,1
4712,0,0
4712,0,0
4713,0,1
4713,0,0
4714,1,1
4714,0,0
4714,0,0
4715,0,1
4715,0,0
4716,1,1
4716,0,0
4716,0,0
4717,1,1
4719,0,2
4719,0,0
4720,0,1
4720,0,0
4721,1,1
4721,0,0
4722,1,1
4722,0,0
4722,0,0
4723,1,1
4723,0,0
4724,1,1
4724,0,0
4725,1,1
4725,0,0
4725,0,0
4726,1,1
4726,0,0
4726,0,0
4727,0,1
4727,0,0
4728,1,1
4728,0,0
4728,0,0
4729,0,1
4729,0,0
4730,1,1
4730,0,0
4731,1,1
4731,0,0
4731,0,0
4732,1,1
4735,0,3
4735,0,0
4736,0,1
4736,0,0
4737,1,1
4739,0,2
4739,0,0
4741,2,2
4741,0,0
4742,1,1
4742,0,0
4742,0,0
4743,1,1
4743,0,0
4744,1,1
4744,0,0
4744,0,0
4745,1,1
4745,0,0
4746,1,1
4746,0,0
4747,1,1
4747,0,0
4747,0,0
4748,1,1
4748,0,0
4749,1,1
4749,0,0
4749,0,0
4750,1,1
4750,0,0
4751,1,1
4751,0,0
4752,1,1
4752,0,0
4752,0,0
4753,1,1
4753,0,0
4754,1,1
4754,0,0
4755,0,1
4755,0,0
4756,1,1
4756,0,0
4757,1,1
4757,0,0
4757,0,0
4758,1,1
4758,0,0
4759,1,1
4763,0,4
4764,1,1
4764,0,0
4767,0,3
4767,0,0
4768,1,1
4768,0,0
4769,1,1
4769,0,0
4769,0,0
4770,0,1
4770,0,0
4771,1,1
4771,0,0
4771,0,0
4772,0,1
4772,0,0
4773,1,1
4773,0,0
4774,1,1
4775,1,1
4775,0,0
4776,1,1
4776,0,0
4776,0,0
4777,1,1
4777,0,0
4777,0,0
4778,0,1
4778,0,0
4779,1,1
4779,0,0
4779,0,0
4780,0,1
4780,0,0
4781,1,1
4781,0,0
4781,0,0
4782,1,1
4782,0,0
4783,1,1
4783,0,0
4783,0,0
4784,1,1
4784,0,0
4785,1,1
4785,0,0
4785,0,0
4786,1,1
4786,0,0
4787,1,1
4787,0,0
4788,1,1
4788,0,0
4788,0,0
4791,0,3
4791,0,0
4792,1,1
4792,0,0
4793,1,1
4793,0,0
4793,0,0
4794,0,1
4794,0,0
4795,1,1
4795,0,0
4795,0,0
4796,0,1
4796,0,0
4797,1,1
4797,0,0
4797,0,0
4798,0,1
4798,0,0
4799,1,1
4799,0,0
4803,0,4
4803,0,0
4804,1,1
4804,0,0
4805,1,1
4805,0,0
4806,1,1
4806,0,0
4806,0,0
4807,1,1
4807,0,0
4808,1,1
4808,0,0
4808,0,0
4809,1,1
4809,0,0
4809,0,0
4810,0,1
4810,0,0
4811,0,1
4811,0,0
4812,1,1
4812,0,0
4813,1,1
4813,0,0
4815,0,2
4815,0,0
4816,1,1
4816,0,0
4817,1,1
4817,0,0
4817,0,0
4818,1,1
4818,0,0
4819,1,1
4819,0,0
4819,0,0
4820,1,1
4820,0,0
4821,1,1
4821,0,0
4821,0,0
4822,1,1
4822,0,0
4823,1,1
4823,0,0
4823,0,0
4824,1,1
4824,0,0
4825,1,1
4825,0,0
4825,0,0
4826,1,1
4826,0,0
4827,1,1
4831,0,4
4832,1,1
4832,0,0
4833,1,1
4833,0,0
4834,1,1
4834,0,0
4835,1,1
4835,0,0
4837,0,2
4838,1,1
4838,0,0
4839,1,1
4839,0,0
4840,1,1
4840,0,0
4841,1,1
4841,0,0
4842,1,1
4842,0,0
4843,1,1
4843,0,0
4844,1,1
4844,0,0
4845,0,1
4847,0,2
4848,1,1
4848,0,0
4849,1,1
4849,0,0
4850,1,1
4850,0,0
4851,1,1
4851,0,0
4852,1,1
4852,0,0
4853,0,1
4853,0,0
4854,0,1
4855,1,1
4855,0,0
4856,1,1
4856,0,0
4857,1,1
4857,0,0
4858,1,1
4858,0,0
4860,2,2
4863,0,3
4864,1,1
4864,0,0
4865,1,1
4865,0,0
4866,1,1
4866,0,0
4871,0,5
4872,1,1
4872,0,0
4872,0,0
4873,1,1
4873,0,0
4874,1,1
4874,0,0
4874,0,0
4875,1,1
4875,0,0
4876,1,1
4876,0,0
4876,0,0
4877,1,1
4877,0,0
4878,1,1
4878,0,0
4878,0,0
4879,1,1
4879,0,0
4880,1,1
4880,0,0
4880,0,0
4881,1,1
4881,0,0
4882,1,1
4882,0,0
4882,0,0
4883,1,1
4884,1,1
4884,0,0
4884,0,0
4885,1,1
4885,0,0
4886,1,1
4886,0,0
4886,0,0
4887,0,1
4887,0,0
4891,0,4
4892,1,1
4892,0,0
4892,0,0
4893,0,1
4893,0,0
4894,1,1
4894,0,0
4895,1,1
4895,0,0
4895,0,0
4896,1,1
4896,0,0
4897,1,1
4897,0,0
4897,0,0
4898,1,1
4898,0,0
4898,0,0
4899,0,1
4899,0,0
4900,1,1
4900,0,0
4900,0,0
4901,1,1
4901,0,0
4902,1,1
4902,0,0
4902,0,0
4903,1,1
4903,0,0
4904,1,1
4907,0,3
4908,1,1
4908,0,0
4908,0,0
4909,1,1
4909,0,0
4910,1,1
4910,0,0
4911,1,1
4911,0,0
4912,1,1
4912,0,0
4913,1,1
4913,0,0
4914,1,1
4914,0,0
4914,0,0
4915,1,1
4916,1,1
4916,0,0
4917,1,1
4917,0,0
4918,1,1
4919,0,1
4920,1,1
4920,0,0
4921,1,1
4922,1,1
4922,0,0
4923,1,1
4923,0,0
4927,0,4
4928,1,1
4928,0,0
4929,1,1
4930,1,1
4930,0,0
4931,1,1
4932,1,1
4932,0,0
4933,1,1
4933,0,0
4935,0,2
4936,1,1
4936,0,0
4937,1,1
4938,1,1
4938,0,0
4939,1,1
4939,0,0
4940,0,1
4941,1,1
4941,0,0
4942,1,1
4942,0,0
4943,0,1
4944,1,1
4944,0,0
4947,0,3
4948,1,1
4948,0,0
4949,1,1
4950,1,1
4950,0,0
4951,1,1
4951,0,0
4952,0,1
4953,1,1
4953,0,0
4954,1,1
4954,0,0
4955,0,1
4956,1,1
4956,0,0
4957,1,1
4957,0,0
4959,0,2
4960,1,1
4960,0,0
4961,1,1
4962,1,1
4962,0,0
4963,1,1
4963,0,0
4964,1,1
4965,1,1
4965,0,0
4966,1,1
4967,0,1
4971,0,4
4972,1,1
4973,1,1
4973,0,0
4974,1,1
4974,0,0
4975,0,1
4976,1,1
4979,0,3
4980,1,1
4981,1,1
4981,0,0
4982,1,1
4982,0,0
4983,1,1
4984,0,1
4985,1,1
4986,1,1
4987,1,1
4988,1,1
4988,0,0
4990,2,2
4990,0,0
4991,0,1
4992,1,1
4992,0,0
4993,1,1
4994,1,1
4994,0,0
4995,1,1
4995,0,0
4996,1,1
4997,1,1
4997,0,0
4998,1,1
4998,0,0
4999,1,1
5000,1,1
5000,0,0
5001,1,1
5002,1,1
5002,0,0
5003,0,1
5007,0,4
5008,1,1
5008,0,0
5009,1,1
5011,0,2
5012,1,1
5012,0,0
5013,1,1
5014,1,1
5014,0,0
5015,1,1
5015,0,0
5016,1,1
5017,1,1
5017,0,0
5018,1,1
5018,0,0
5019,1,1
5019,0,0
5020,1,1
5020,0,0
5020,0,0
5021,1,1
5021,0,0
5022,1,1
5022,0,0
5022,0,0
5023,0,1
5023,0,0
5024,1,1
5024,0,0
5025,1,1
5025,0,0
5027,0,2
5028,1,1
5028,0,0
5028,0,0
5029,1,1
5029,0,0
5030,1,1
5030,0,0
5031,1,1
5031,0,0
5031,0,0
5032,1,1
5032,0,0
5033,1,1
5033,0,0
5033,0,0
5034,1,1
5034,0,0
5035,1,1
5035,0,0
5036,1,1
5036,0,0
5036,0,0
5037,1,1
5037,0,0
5038,0,1
5038,0,0
5039,1,1
5039,0,0
5040,1,1
5040,0,0
5043,0,3
5047,0,4
5048,1,1
5048,0,0
5048,0,0
5049,1,1
5049,0,0
5050,1,1
5050,0,0
5050,0,0
5051,1,1
5051,0,0
5052,1,1
5052,0,0
5052,0,0
5053,1,1
5053,0,0
5054,1,1
5054,0,0
5054,0,0
5055,1,1
5055,0,0
5056,1,1
5056,0,0
5056,0,0
5057,1,1
5057,0,0
5058,1,1
5058,0,0
5059,1,1
5059,0,0
5059,0,0
5060,1,1
5060,0,0
5061,1,1
5061,0,0
5061,0,0
5062,1,1
5062,0,0
5063,1,1
5063,0,0
5063,0,0
5064,1,1
5064,0,0
5065,1,1
5065,0,0
5065,0,0
5067,0,2
5067,0,0
5068,0,1
5068,0,0
5069,1,1
5069,0,0
5070,1,1
5071,1,1
5071,0,0
5072,1,1
5072,0,0
5073,0,1
5074,1,1
5074,0,0
5075,1,1
5079,0,4
5081,1,2
5082,1,1
5082,0,0
5083,1,1
5083,0,0
5084,1,1
5085,1,1
5085,0,0
5086,1,1
5086,0,0
5087,1,1
5088,1,1
5088,0,0
5089,1,1
5090,1,1
5090,0,0
5091,1,1
5091,0,0
5092,1,1
5092,0,0
5093,1,1
5094,1,1
5094,0,0
5095,1,1
5095,0,0
5096,1,1
5097,1,1
5097,0,0
5098,1,1
5098,0,0
5099,1,1
5100,1,1
5100,0,0
5101,1,1
5101,0,0
5102,1,1
5102,0,0
5103,1,1
5103,0,0
5104,1,1
5104,0,0
5104,0,0
5105,1,1
5105,0,0
5106,1,1
5106,0,0
5106,0,0
5107,1,1
5107,0,0
5108,1,1
5108,0,0
5108,0,0
5109,0,1
5109,0,0
5111,0,2
5111,0,0
5112,0,1
5112,0,0
5113,1,1
5113,0,0
5114,1,1
5114,0,0
5114,0,0
5115,1,1
5115,0,0
5116,1,1
5116,0,0
5117,1,1
5117,0,0
5118,1,1
5118,0,0
5119,0,1
5120,1,1
5120,0,0
5121,1,1
5123,0,2
5124,1,1
5124,0,0
5125,1,1
5125,0,0
5126,1,1
5127,1,1
5127,0,0
5131,4,4
5135,0,4
5136,1,1
5137,1,1
5137,0,0
5138,1,1
5138,0,0
5139,1,1
5139,0,0
5139,0,0
5140,1,1
5140,0,0
5141,1,1
5141,0,0
5141,0,0
5143,0,2
5143,0,0
5144,1,1
5144,0,0
5145,1,1
5145,0,0
5145,0,0
5146,0,1
5146,0,0
5147,1,1
5147,0,0
5147,0,0
5148,0,1
5148,0,0
5149,1,1
5149,0,0
5150,1,1
5150,0,0
5150,0,0
5151,1,1
5151,0,0
5151,0,0
5155,0,4
5156,1,1
5156,0,0
5157,1,1
5157,0,0
5157,0,0
5159,0,2
5160,1,1
5160,0,0
5160,0,0
5161,1,1
5161,0,0
5162,1,1
5163,1,1
5163,0,0
5164,1,1
5164,0,0
5164,0,0
5165,1,1
5165,0,0
5165,0,0
5166,0,1
5166,0,0
5167,1,1
5167,0,0
5167,0,0
5168,0,1
5171,0,3
5171,0,0
5172,0,1
5172,0,0
5173,1,1
5173,0,0
5173,0,0
5174,0,1
5174,0,0
5175,1,1
5175,0,0
5176,1,1
5176,0,0
5176,0,0
5177,1,1
5177,0,0
5178,1,1
5178,0,0
5178,0,0
5179,1,1
5179,0,0
5180,1,1
5180,0,0
5180,0,0
5181,1,1
5181,0,0
5181,0,0
5182,0,1
5182,0,0
5183,1,1
5183,0,0
5183,0,0
5185,0,2
5186,1,1
5186,0,0
5187,1,1
5187,0,0
5187,0,0
5188,0,1
5188,0,0
5189,1,1
5189,0,0
5190,1,1
5190,0,0
5190,0,0
5191,1,1
5191,0,0
5192,1,1
5192,0,0
5192,0,0
5193,1,1
5193,0,0
5193,0,0
5194,1,1
5195,0,1
5195,0,0
5196,1,1
5196,0,0
5197,1,1
5197,0,0
5197,0,0
5198,1,1
5198,0,0
5199,0,1
5199,0,0
5200,1,1
5200,0,0
5201,1,1
5201,0,0
5203,0,2
5207,0,4
5208,1,1
5208,0,0
5208,0,0
5209,1,1
5209,0,0
5210,1,1
5210,0,0
5210,0,0
5211,0,1
5211,0,0
5212,1,1
5212,0,0
5212,0,0
5213,0,1
5213,0,0
5214,1,1
5214,0,0
5214,0,0
5215,1,1
5215,0,0
5216,1,1
5216,0,0
5216,0,0
5217,1,1
5217,0,0
5219,0,2
5219,0,0
5220,1,1
5220,0,0
5221,1,1
5221,0,0
5221,0,0
5222,1,1
5222,0,0
5223,1,1
5223,0,0
5223,0,0
5225,1,2
5225,0,0
5226,1,1
5226,0,0
5226,0,0
5227,1,1
5227,0,0
5228,1,1
5228,0,0
5228,0,0
5229,1,1
5229,0,0
5230,1,1
5230,0,0
5230,0,0
5231,0,1
5231,0,0
5235,0,4
5235,0,0
5236,0,1
5236,0,0
5237,1,1
5237,0,0
5238,1,1
5238,0,0
5238,0,0
5239,1,1
5239,0,0
5240,1,1
5240,0,0
5240,0,0
5241,1,1
5243,0,2
5243,0,0
5244,1,1
5244,0,0
5245,1,1
5245,0,0
5245,0,0
5246,1,1
5246,0,0
5247,1,1
5247,0,0
5247,0,0
5248,1,1
5248,0,0
5249,1,1
5249,0,0
5249,0,0
5250,1,1
5250,0,0
5251,1,1
5251,0,0
5251,0,0
5252,1,1
5252,0,0
5252,0,0
5253,1,1
5253,0,0
5254,1,1
5254,0,0
5254,0,0
5255,1,1
5255,0,0
5256,1,1
5256,0,0
5256,0,0
5257,1,1
5257,0,0
5257,0,0
5259,0,2
5259,0,0
5260,1,1
5260,0,0
5261,1,1
5261,0,0
5261,0,0
5262,1,1
5262,0,0
5263,1,1
5263,0,0
5263,0,0
5264,1,1
5264,0,0
5267,0,3
5267,0,0
5268,1,1
5268,0,0
5269,1,1
5269,0,0
5269,0,0
5270,1,1
5271,0,1
5271,0,0
5272,1,1
5272,0,0
5273,1,1
5273,0,0
5273,0,0
5274,1,1
5274,0,0
5275,1,1
5275,0,0
5275,0,0
5276,1,1
5279,0,3
5279,0,0
5280,1,1
5280,0,0
5281,1,1
5281,0,0
5281,0,0
5282,0,1
5282,0,0
5283,1,1
5283,0,0
5283,0,0
5284,0,1
5284,0,0
5285,1,1
5285,0,0
5285,0,0
5286,1,1
5286,0,0
5287,1,1
5287,0,0
5287,0,0
5288,1,1
5288,0,0
5289,1,1
5289,0,0
5289,0,0
5291,0,2
5291,0,0
5292,1,1
5292,0,0
5293,1,1
5293,0,0
5293,0,0
5294,1,1
5294,0,0
5295,1,1
5295,0,0
5295,0,0
5296,1,1
5296,0,0
5296,0,0
5297,1,1
5297,0,0
5298,1,1
5298,0,0
5298,0,0
5299,1,1
5299,0,0
5300,1,1
5301,1,1
5301,0,0
5303,0,2
5303,0,0
5304,1,1
5304,0,0
5305,1,1
5305,0,0
5307,0,2
5307,0,0
5308,1,1
5308,0,0
5309,1,1
5309,0,0
5309,0,0
5310,1,1
5310,0,0
5311,1,1
5311,0,0
5311,0,0
5312,1,1
5312,0,0
5312,0,0
5313,1,1
5313,0,0
5314,1,1
5314,0,0
5314,0,0
5315,1,1
5315,0,0
5319,0,4
5319,0,0
5320,1,1
5320,0,0
5321,1,1
5321,0,0
5321,0,0
5323,2,2
5323,0,0
5327,0,4
5327,0,0
5328,1,1
5328,0,0
5329,1,1
5329,0,0
5330,1,1
5330,0,0
5330,0,0
5331,1,1
5331,0,0
5332,1,1
5332,0,0
5332,0,0
5333,1,1
5333,0,0
5334,1,1
5334,0,0
5334,0,0
5335,1,1
5335,0,0
5336,1,1
5336,0,0
5336,0,0
5337,1,1
5337,0,0
5337,0,0
5338,1,1
5338,0,0
5339,1,1
5339,0,0
5339,0,0
5340,1,1
5340,0,0
5341,1,1
5341,0,0
5341,0,0
5342,1,1
5342,0,0
5343,1,1
5343,0,0
5343,0,0
5344,1,1
5344,0,0
5344,0,0
5345,0,1
5345,0,0
5346,1,1
5346,0,0
5346,0,0
5347,1,1
5347,0,0
5348,1,1
5348,0,0
5348,0,0
5349,1,1
5349,0,0
5350,1,1
5350,0,0
5350,0,0
5351,1,1
5351,0,0
5355,0,4
5355,0,0
5356,1,1
5356,0,0
5357,1,1
5357,0,0
5357,0,0
5358,1,1
5358,0,0
5359,0,1
5359,0,0
5360,1,1
5360,0,0
5360,0,0
5361,0,1
5361,0,0
5362,1,1
5363,0,1
5363,0,0
5364,1,1
5364,0,0
5365,1,1
5365,0,0
5365,0,0
5366,1,1
5366,0,0
5366,0,0
5367,0,1
5367,0,0
5368,1,1
5368,0,0
5368,0,0
5369,1,1
5369,0,0
5370,1,1
5371,0,1
5371,0,0
5372,1,1
5372,0,0
5373,1,1
5373,0,0
5373,0,0
5374,1,1
5374,0,0
5374,0,0
5375,0,1
5375,0,0
5376,1,1
5376,0,0
5376,0,0
5377,1,1
5377,0,0
5378,1,1
5378,0,0
5378,0,0
5379,1,1
5383,0,4
5384,1,1
5384,0,0
5384,0,0
5385,1,1
5385,0,0
5386,1,1
5386,0,0
5386,0,0
5387,1,1
5387,0,0
5389,0,2
5389,0,0
5390,0,1
5390,0,0
5391,1,1
5391,0,0
5392,1,1
5392,0,0
5392,0,0
5393,1,1
5393,0,0
5393,0,0
5394,1,1
5394,0,0
5395,1,1
5395,0,0
5395,0,0
5396,1,1
5396,0,0
5397,1,1
5397,0,0
5397,0,0
5398,1,1
5398,0,0
5398,0,0
5399,0,1
5399,0,0
5400,1,1
5400,0,0
5400,0,0
5403,0,3
5403,0,0
5404,1,1
5404,0,0
5405,1,1
5405,0,0
5405,0,0
5406,1,1
5406,0,0
5407,1,1
5407,0,0
5407,0,0
5408,1,1
5408,0,0
5409,1,1
5409,0,0
5409,0,0
5410,1,1
5410,0,0
5410,0,0
5411,0,1
5411,0,0
5412,1,1
5412,0,0
5412,0,0
5413,1,1
5413,0,0
5414,1,1
5414,0,0
5414,0,0
5415,1,1
5415,0,0
5416,1,1
5416,0,0
5416,0,0
5417,1,1
5419,0,2
5419,0,0
5420,1,1
5420,0,0
5421,1,1
5421,0,0
5421,0,0
5422,1,1
5422,0,0
5423,0,1
5423,0,0
5424,1,1
5424,0,0
5424,0,0
5425,0,1
5427,0,2
5427,0,0
5428,1,1
5428,0,0
5429,1,1
5429,0,0
5429,0,0
5430,0,1
5430,0,0
5431,1,1
5431,0,0
5432,1,1
5432,0,0
5432,0,0
5433,1,1
5433,0,0
5433,0,0
5434,1,1
5434,0,0
5435,1,1
5435,0,0
5435,0,0
5436,1,1
5436,0,0
5439,0,3
5439,0,0
5440,0,1
5440,0,0
5441,1,1
5441,0,0
5441,0,0
5442,0,1
5442,0,0
5443,1,1
5447,0,4
5448,1,1
5448,0,0
5448,0,0
5449,1,1
5449,0,0
5450,1,1
5450,0,0
5450,0,0
5451,1,1
5451,0,0
5452,1,1
5452,0,0
5452,0,0
5453,1,1
5453,0,0
5453,0,0
5454,1,1
5454,0,0
5455,1,1
5455,0,0
5455,0,0
5456,1,1
5456,0,0
5457,1,1
5457,0,0
5457,0,0
5458,1,1
5458,0,0
5459,1,1
5459,0,0
5459,0,0
5460,1,1
5460,0,0
5460,0,0
5461,1,1
5461,0,0
5462,1,1
5462,0,0
5463,0,1
5463,0,0
5464,1,1
5464,0,0
5465,1,1
5465,0,0
5465,0,0
5466,1,1
5466,0,0
5466,0,0
5467,0,1
5471,0,4
5471,0,0
5472,1,1
5472,0,0
5473,1,1
5473,0,0
5473,0,0
5474,1,1
5474,0,0
5475,1,1
5475,0,0
5475,0,0
5476,1,1
5476,0,0
5476,0,0
5477,0,1
5477,0,0
5478,1,1
5478,0,0
5478,0,0
5479,1,1
5479,0,0
5480,1,1
5480,0,0
5480,0,0
5481,1,1
5481,0,0
5481,0,0
5482,1,1
5483,0,1
5483,0,0
5484,1,1
5484,0,0
5484,0,0
5485,0,1
5485,0,0
5486,1,1
5486,0,0
5486,0,0
5487,1,1
5487,0,0
5488,1,1
5488,0,0
5488,0,0
5489,0,1
5490,0,1
5490,0,0
5491,1,1
5491,0,0
5491,0,0
5492,0,1
5492,0,0
5493,1,1
5493,0,0
5493,0,0
5494,1,1
5495,0,1
5495,0,0
5496,1,1
5496,0,0
5497,1,1
5497,0,0
5497,0,0
5498,1,1
5498,0,0
5498,0,0
5499,0,1
5499,0,0
5500,1,1
5500,0,0
5500,0,0
5501,1,1
5501,0,0
5503,0,2
5503,0,0
5507,0,4
5507,0,0
5508,0,1
5508,0,0
5509,1,1
5509,0,0
5509,0,0
5510,0,1
5510,0,0
5511,1,1
5511,0,0
5511,0,0
5512,0,1
5512,0,0
5513,1,1
5513,0,0
5513,0,0
5514,1,1
5514,0,0
5515,1,1
5515,0,0
5515,0,0
5516,1,1
5516,0,0
5516,0,0
5519,0,3
5519,0,0
5520,1,1
5520,0,0
5521,1,1
5521,0,0
5521,0,0
5522,1,1
5522,0,0
5523,1,1
5523,0,0
5523,0,0
5524,1,1
5524,0,0
5525,1,1
5525,0,0
5525,0,0
5526,1,1
5526,0,0
5527,1,1
5527,0,0
5527,0,0
5528,1,1
5528,0,0
5528,0,0
5529,1,1
5529,0,0
5530,1,1
5530,0,0
5530,0,0
5531,1,1
5531,0,0
5532,1,1
5532,0,0
5532,0,0
5533,1,1
5533,0,0
5533,0,0
5534,1,1
5534,0,0
5535,0,1
5535,0,0
5536,1,1
5536,0,0
5536,0,0
5539,0,3
5540,1,1
5543,0,3
5543,0,0
5544,1,1
5544,0,0
5545,1,1
5545,0,0
5545,0,0
5546,1,1
5546,0,0
5547,1,1
5547,0,0
5547,0,0
5548,0,1
5548,0,0
5549,1,1
5549,0,0
5549,0,0
5550,1,1
5550,0,0
5551,1,1
5551,0,0
5551,0,0
5552,1,1
5552,0,0
5553,1,1
5553,0,0
5553,0,0
5554,1,1
5554,0,0
5554,0,0
5555,1,1
5555,0,0
5556,1,1
5556,0,0
5556,0,0
5557,1,1
5557,0,0
5557,0,0
5558,1,1
5558,0,0
5559,1,1
5559,0,0
5563,0,4
5563,0,0
5564,1,1
5564,0,0
5565,1,1
5565,0,0
5565,0,0
5566,1,1
5566,0,0
5567,1,1
5567,0,0
5567,0,0
5568,0,1
5568,0,0
5569,1,1
5569,0,0
5569,0,0
5570,1,1
5570,0,0
5571,1,1
5571,0,0
5571,0,0
5575,0,4
5576,1,1
5576,0,0
5576,0,0
5577,1,1
5577,0,0
5578,1,1
5578,0,0
5578,0,0
5579,1,1
5579,0,0
5580,1,1
5580,0,0
5580,0,0
5581,1,1
5581,0,0
5582,1,1
5582,0,0
5582,0,0
5583,1,1
5583,0,0
5584,1,1
5584,0,0
5584,0,0
5585,1,1
5585,0,0
5586,1,1
5586,0,0
5586,0,0
5587,1,1
5587,0,0
5588,1,1
5588,0,0
5588,0,0
5589,1,1
5589,0,0
5590,1,1
5590,0,0
5590,0,0
5591,1,1
5591,0,0
5591,0,0
5592,0,1
5592,0,0
5593,1,1
5593,0,0
5593,0,0
5594,1,1
5594,0,0
5595,1,1
5595,0,0
5599,0,4
5599,0,0
5600,0,1
5600,0,0
5601,1,1
5601,0,0
5601,0,0
5602,1,1
5602,0,0
5603,1,1
5603,0,0
5603,0,0
5604,0,1
5604,0,0
5607,0,3
5608,1,1
5608,0,0
5608,0,0
5609,1,1
5609,0,0
5610,1,1
5610,0,0
5610,0,0
5611,1,1
5611,0,0
5611,0,0
5612,0,1
5612,0,0
5613,1,1
5613,0,0
5613,0,0
5614,1,1
5614,0,0
5615,1,1
5615,0,0
5615,0,0
5616,1,1
5616,0,0
5616,0,0
5617,1,1
5617,0,0
5618,1,1
5618,0,0
5618,0,0
5619,1,1
5619,0,0
5619,0,0
5620,0,1
5620,0,0
5622,2,2
5622,0,0
5622,0,0
5623,0,1
5623,0,0
5624,1,1
5624,0,0
5625,1,1
5625,0,0
5625,0,0
5626,1,1
5626,0,0
5627,1,1
5627,0,0
5631,0,4
5632,1,1
5632,0,0
5632,0,0
5633,1,1
5633,0,0
5633,0,0
5634,0,1
5634,0,0
5635,1,1
5635,0,0
5639,0,4
5639,0,0
5640,0,1
5640,0,0
5641,1,1
5641,0,0
5641,0,0
5642,0,1
5642,0,0
5643,1,1
5643,0,0
5644,1,1
5644,0,0
5644,0,0
5645,1,1
5645,0,0
5645,0,0
5646,1,1
5646,0,0
5647,1,1
5647,0,0
5647,0,0
5648,1,1
5648,0,0
5649,1,1
5649,0,0
5649,0,0
5650,1,1
5650,0,0
5650,0,0
5651,1,1
5651,0,0
5652,1,1
5652,0,0
5652,0,0
5653,1,1
5653,0,0
5654,1,1
5654,0,0
5654,0,0
5655,1,1
5655,0,0
5655,0,0
5656,0,1
5656,0,0
5657,1,1
5657,0,0
5657,0,0
5658,1,1
5658,0,0
5659,1,1
5659,0,0
5659,0,0
5660,1,1
5660,0,0
5661,1,1
5661,0,0
5661,0,0
5662,1,1
5662,0,0
5663,1,1
5663,0,0
5663,0,0
5664,1,1
5664,0,0
5667,0,3
5667,0,0
5668,0,1
5668,0,0
5669,1,1
5669,0,0
5669,0,0
5671,0,2
5671,0,0
5672,1,1
5672,0,0
5673,1,1
5673,0,0
5673,0,0
5674,1,1
5674,0,0
5675,1,1
5675,0,0
5675,0,0
5676,0,1
5676,0,0
5677,1,1
5677,0,0
5677,0,0
5678,1,1
5678,0,0
5679,1,1
5679,0,0
5679,0,0
5683,0,4
5683,0,0
5684,1,1
5684,0,0
5685,1,1
5685,0,0
5685,0,0
5686,1,1
5686,0,0
5687,1,1
5687,0,0
5687,0,0
5688,1,1
5688,0,0
5689,1,1
5689,0,0
5689,0,0
5690,1,1
5690,0,0
5691,1,1
5691,0,0
5695,0,4
5696,1,1
5696,0,0
5696,0,0
5697,1,1
5697,0,0
5698,1,1
5698,0,0
5698,0,0
5699,1,1
5699,0,0
5700,1,1
5700,0,0
5700,0,0
5701,1,1
5701,0,0
5701,0,0
5702,0,1
5702,0,0
5703,1,1
5703,0,0
5703,0,0
5704,0,1
5704,0,0
5705,1,1
5705,0,0
5705,0,0
5706,1,1
5706,0,0
5707,1,1
5707,0,0
5707,0,0
5708,1,1
5708,0,0
5709,1,1
5709,0,0
5709,0,0
5710,1,1
5710,0,0
5710,0,0
5712,2,2
5712,0,0
5712,0,0
5713,1,1
5713,0,0
5714,1,1
5715,0,1
5716,1,1
5716,0,0
5716,0,0
5717,1,1
5717,0,0
5718,1,1
5718,0,0
5718,0,0
5719,1,1
5719,0,0
5719,0,0
5720,0,1
5720,0,0
5721,1,1
5721,0,0
5723,0,2
5723,0,0
5724,0,1
5724,0,0
5725,1,1
5725,0,0
5726,1,1
5726,0,0
5726,0,0
5727,0,1
5727,0,0
5728,1,1
5728,0,0
5731,0,3
5731,0,0
5732,1,1
5732,0,0
5733,1,1
5733,0,0
5733,0,0
5734,1,1
5734,0,0
5735,1,1
5735,0,0
5735,0,0
5736,1,1
5736,0,0
5737,1,1
5737,0,0
5737,0,0
5738,1,1
5739,0,1
5739,0,0
5740,1,1
5740,0,0
5741,1,1
5741,0,0
5741,0,0
5742,1,1
5742,0,0
5743,1,1
5743,0,0
5743,0,0
5744,1,1
5744,0,0
5744,0,0
5745,0,1
5745,0,0
5747,0,2
5747,0,0
5748,1,1
5748,0,0
5749,1,1
5749,0,0
5749,0,0
5750,0,1
5750,0,0
5751,1,1
5751,0,0
5752,1,1
5752,0,0
5752,0,0
5754,2,2
5755,0,1
5755,0,0
5756,1,1
5756,0,0
5757,1,1
5757,0,0
5757,0,0
5758,1,1
5758,0,0
5759,1,1
5759,0,0
5759,0,0
5763,0,4
5764,1,1
5764,0,0
5764,0,0
5765,1,1
5765,0,0
5766,1,1
5766,0,0
5767,0,1
5767,0,0
5768,1,1
5768,0,0
5768,0,0
5769,0,1
5769,0,0
5770,1,1
5770,0,0
5770,0,0
5771,1,1
5775,0,4
5776,1,1
5776,0,0
5776,0,0
5777,1,1
5777,0,0
5778,1,1
5778,0,0
5778,0,0
5779,1,1
5779,0,0
5780,1,1
5780,0,0
5780,0,0
5781,1,1
5781,0,0
5781,0,0
5782,0,1
5782,0,0
5783,1,1
5783,0,0
5783,0,0
5784,1,1
5784,0,0
5785,1,1
5785,0,0
5785,0,0
5786,1,1
5786,0,0
5786,0,0
5787,1,1
5787,0,0
5788,1,1
5788,0,0
5788,0,0
5789,1,1
5789,0,0
5789,0,0
5790,1,1
5790,0,0
5791,1,1
5791,0,0
5791,0,0
5792,1,1
5792,0,0
5793,1,1
5793,0,0
5795,0,2
5795,0,0
5796,1,1
5796,0,0
5797,1,1
5797,0,0
5797,0,0
5798,1,1
5798,0,0
5799,1,1
5799,0,0
5799,0,0
5800,1,1
5800,0,0
5801,1,1
5801,0,0
5801,0,0
5802,1,1
5802,0,0
5803,1,1
5803,0,0
5803,0,0
5804,1,1
5804,0,0
5804,0,0
5805,1,1
5805,0,0
5806,1,1
5806,0,0
5806,0,0
5807,1,1
5807,0,0
5811,0,4
5811,0,0
5815,0,4
5815,0,0
5816,1,1
5816,0,0
5817,1,1
5817,0,0
5817,0,0
5818,1,1
5818,0,0
5819,1,1
5819,0,0
5819,0,0
5820,1,1
5820,0,0
5821,1,1
5821,0,0
5821,0,0
5822,1,1
5822,0,0
5823,1,1
5823,0,0
5823,0,0
5824,1,1
5824,0,0
5824,0,0
5825,1,1
5825,0,0
5826,1,1
5826,0,0
5826,0,0
5827,1,1
5827,0,0
5827,0,0
5828,0,1
5828,0,0
5829,1,1
5829,0,0
5829,0,0
5830,1,1
5830,0,0
5830,0,0
5831,0,1
5831,0,0
5832,1,1
5832,0,0
5832,0,0
5833,1,1
5833,0,0
5834,1,1
5834,0,0
5834,0,0
5835,1,1
5835,0,0
5836,1,1
5836,0,0
5836,0,0
5837,1,1
5837,0,0
5838,1,1
5838,0,0
5838,0,0
5839,1,1
5839,0,0
5840,1,1
5840,0,0
5840,0,0
5843,0,3
5843,0,0
5844,1,1
5844,0,0
5847,0,3
5847,0,0
5848,1,1
5848,0,0
5849,1,1
5849,0,0
5849,0,0
5850,1,1
5850,0,0
5851,1,1
5851,0,0
5851,0,0
