time (ms)
0
12
19
26
32
39
46
52
59
67
74
81
87
100
105
111
118
124
130
139
145
151
157
164
170
177
183
190
196
203
210
219
226
233
239
246
252
258
265
271
277
284
290
296
302
308
315
321
328
335
341
347
354
360
366
373
379
385
392
399
405
411
417
424
430
436
442
448
454
460
466
473
479
485
491
497
504
511
517
523
531
537
544
551
557
563
570
576
582
588
594
601
607
613
619
626
632
639
645
652
658
665
671
677
683
689
695
702
708
714
721
727
735
742
752
759
765
771
778
785
793
800
807
813
820
826
833
839
846
852
859
865
871
878
884
890
896
902
909
916
921
928
934
940
947
953
960
967
973
979
985
992
998
1004
1010
1016
1022
1029
1038
1044
1050
1056
1062
1069
1075
1081
1087
1094
1100
1107
1113
1119
1125
1131
1139
1145
1151
1158
1164
1171
1177
1183
1191
1197
1203
1210
1216
1225
1233
1239
1247
1259
1266
1272
1280
1286
1293
1300
1306
1312
1318
1325
1332
1338
1344
1350
1357
1362
1369
1375
1381
1387
1393
1399
1406
1419
1425
1431
1444
1451
1457
1463
1469
1476
1482
1487
1493
1499
1505
1511
1517
1523
1528
1535
1541
1547
1555
1563
1569
1575
1581
1587
1593
1601
1609
1615
1623
1630
1642
1649
1657
1665
1672
1679
1686
1694
1700
1707
1713
1719
1726
1732
1738
1744
1751
1757
1763
1769
1776
1782
1788
1795
1801
1807
1813
1819
1825
1831
1837
1843
1849
1855
1861
1867
1873
1879
1885
1892
1898
1903
1909
1914
1919
1925
1930
1935
1941
1947
1952
1957
1962
1968
1973
1978
1983
1989
1994
1999
2004
2010
2015
2020
2026
2031
2037
2042
2047
2053
2058
2070
2076
2082
2088
2094
2100
2108
2114
2121
2127
2137
2143
2150
2156
2162
2168
2174
2180
2187
2193
2199
2204
2210
2216
2222
2229
2235
2241
2247
2254
2260
2266
2273
2279
2286
2292
2298
2304
2310
2316
2322
2328
2334
2340
2346
2352
2359
2365
2371
2377
2383
2389
2397
2404
2410
2417
2424
2431
2439
2446
2455
2464
2470
2476
2495
2504
2512
2518
2524
2529
2535
2541
2547
2553
2559
2565
2571
2577
2583
2589
2595
2601
2607
2613
2619
2625
2630
2636
2642
2648
2654
2660
2667
2672
2678
2684
2690
2696
2702
2708
2714
2720
2726
2732
2739
2745
2751
2758
2764
2770
2776
2782
2787
2794
2799
2806
2812
2818
2824
2830
2836
2842
2848
2854
2860
2866
2872
2878
2884
2891
2896
2902
2909
2915
2922
2928
2934
2940
2946
2952
2959
2965
2971
2977
2984
2990
2996
3003
3009
3016
3023
3029
3035
3042
3049
3055
3062
3069
3075
3082
3088
3094
3101
3107
3114
3120
3131
3138
3145
3151
3159
3166
3173
3182
3192
3198
3205
3211
3217
3223
3230
3237
3243
3250
3257
3263
3275
3285
3292
3298
3305
3312
3321
3329
3336
3343
3349
3356
3363
3369
3376
3382
3389
3395
3401
3407
3416
3423
3430
3436
3443
3450
3457
3463
3469
3475
3481
3488
3495
3501
3508
3515
3521
3528
3540
3546
3553
3559
3566
3573
3582
3589
3596
3603
3610
3618
3624
3631
3638
3645
3652
3658
3665
3672
3679
3685
3692
3699
3706
3713
3719
3725
3730
3736
3742
3749
3755
3761
3767
3772
3779
3785
3791
3798
3804
3811
3817
3824
3830
3837
3843
3849
3855
3861
3868
3874
3882
3888
3899
3905
3911
3917
3923
3930
3935
3941
3948
3954
3960
3966
3972
3978
3984
3990
3998
4005
4011
4016
4021
4027
4032
4037
4042
4048
4054
4060
4066
4072
4077
4083
4089
4095
4101
4107
4114
4120
4126
4132
4138
4144
4152
4159
4165
4171
4177
4182
4188
4194
4200
4207
4213
4219
4225
4231
4238
4244
4251
4257
4263
4269
4275
4281
4287
4293
4299
4305
4314
4325
4331
4337
4343
4349
4355
4362
4368
4374
4380
4386
4392
4398
4404
4410
4416
4422
4428
4434
4440
4447
4453
4460
4469
4475
4481
4487
4493
4499
4505
4511
4517
4523
4529
4534
4540
4549
4555
4561
4567
4573
4579
4585
4591
4597
4603
4609
4615
4621
4626
4632
4638
4644
4649
4655
4661
4667
4673
4678
4684
4690
4696
4702
4708
4715
4721
4728
4734
4740
4745
4751
4757
4763
4769
4775
4781
4787
4793
4800
4806
4812
4818
4824
4830
4837
4843
4849
4856
4862
4869
4875
4882
4888
4895
4901
4907
4913
4919
4926
4932
4938
4945
4960
4966
4973
4979
4986
4992
4999
5006
5012
5018
5025
5031
5037
5043
5049
5055
5061
5067
5073
5079
5086
5092
5103
5108
5113
5119
5124
5129
5135
5140
5145
5150
5156
5161
5166
5171
5176
5182
5187
5195
5201
5206
5213
5218
5224
5230
5236
5243
5249
5255
5261
5267
5273
5279
5285
5292
5298
5304
5310
5316
5322
5328
5334
5340
5346
5352
5358
5364
5370
5376
5383
5389
5395
5400
5407
5412
5419
5424
5430
5437
5443
5449
5455
5461
5467
5473
5480
5486
5492
5498
5504
5509
5516
5522
5528
5534
5539
5545
5551
5557
5564
5570
5576
5582
5588
5594
5600
5606
5612
5618
5624
5630
5636
5642
5648
5653
5660
5665
5671
5677
5684
5689
5697
5703
5709
5715
5721
5727
5732
5738
5744
5750
5756
5761
5768
5774
5780
5786
5792
5798
5803
5809
5815
5821
5827
5833
5838
5844
5850
5856
5861
5867
5873
5879
5885
5891
5897
5903
5908
5914
5922
5931
5937
5943
5949
5955
5961
5967
5972
5978
5984
5990
5996
6002
6008
6014
6019
6026
6032
6038
6044
6049
6055
6061
6067
6072
6078
6084
6090
6096
6101
6108
6114
6119
6125
6131
6137
6143
6149
6155
6161
6167
6172
6178
6184
6190
6196
6202
6208
6214
6224
6230
6236
6241
6248
6254
6260
6265
6271
6277
6283
6288
6294
6300
6306
6312
6318
6324
6330
6336
6341
6347
6353
6359
6365
6371
6377
6382
6388
6394
6400
6406
6411
6417
6423
6429
6435
6441
6449
6456
6464
6470
6475
6481
6488
6494
6500
6507
6513
6519
6525
6531
6536
6542
6548
6554
6560
6566
6572
6578
6584
6590
6596
6602
6608
6613
6619
6625
6631
6636
6643
6649
6656
6661
6668
6674
6680
6686
6691
6697
6703
6709
6714
6720
6727
6732
6738
6744
6750
6756
6762
6768
6774
6780
6787
6795
6804
6810
6816
6822
6828
6834
6840
6846
6852
6857
6863
6869
6875
6881
6886
6892
6898
6904
6910
6916
6921
6927
6933
6939
6944
6953
6959
6965
6971
6976
6984
6990
6995
7001
7008
7014
7021
7027
7033
7039
7046
7052
7058
7064
7070
7077
7088
7094
7101
7107
7113
7119
7125
7131
7136
7142
7148
7154
7161
7167
7173
7179
7185
7191
7197
7203
7209
7215
7221
7227
7233
7239
7245
7251
7257
7263
7269
7275
7281
7288
7294
7300
7306
7311
7317
7323
7329
7335
7340
7346
7352
7358
7364
7370
7376
7381
7388
7394
7400
7406
7412
7418
7424
7429
7435
7441
7447
7453
7459
7465
7471
7477
7483
7489
7494
7500
7507
7513
7518
7524
7530
7536
7542
7548
7553
7559
7565
7571
7577
7583
7589
7595
7601
7607
7613
7619
7625
7631
7637
7643
7648
7654
7660
7667
7672
7678
7684
7689
7695
7701
7707
7713
7719
7726
7733
7739
7749
7755
7762
7768
7774
7781
7787
7793
7800
7806
7812
7818
7824
7831
7837
7843
7849
7856
7862
7868
7874
7881
7887
7897
7903
7910
7916
7922
7929
7935
7941
7947
7954
7960
7966
7973
7979
7985
7991
7997
8003
8009
8015
8021
8027
8034
8040
8046
8052
8058
8065
8071
8080
8086
8092
8098
8104
8111
8117
8123
8132
8138
8144
8150
8156
8162
8168
8174
8180
8185
8191
8197
8203
8209
8215
8221
8227
8233
8239
8245
8250
8257
8263
8269
8274
8280
8286
8292
8300
8306
8312
8318
8323
8329
8335
8341
8347
8353
8359
8365
8371
8377
8382
8388
8394
8403
8410
8416
8422
8429
8435
8441
8452
8458
8465
8471
8477
8483
8489
8496
8502
8508
8514
8520
8526
8532
8538
8544
8550
8557
8563
8569
8576
8582
8588
8595
8601
8608
8614
8620
8627
8633
8639
8645
8651
8657
8663
8669
8675
8681
8688
8694
8700
8707
8713
8719
8725
8731
8737
8743
8748
8756
8762
8768
8774
8780
8786
8793
8799
8805
8811
8818
8824
8830
8837
8843
8849
8856
8863
8869
8876
8882
8888
8894
8900
8906
8912
8918
8924
8936
8942
8948
8953
8959
8965
8971
8977
8983
8988
8994
9001
9007
9013
9019
9026
9033
9039
9045
9051
9057
9063
9069
9075
9082
9089
9095
9102
9108
9114
9121
9127
9134
9141
9147
9153
9159
9166
9172
9178
9184
9190
9196
9202
9209
9215
9221
9228
9234
9240
9246
9253
9259
9266
9272
9278
9284
9291
9297
9303
9310
9316
9323
9329
9335
9342
9348
9355
9362
9368
9375
9381
9387
9393
9399
9406
9413
9420
9426
9432
9438
9445
9452
9459
9466
9472
9479
9486
9492
9498
9505
9511
9518
9524
9531
9537
9544
9550
9556
9562
9568
9575
9581
9587
9593
9600
9606
9613
9619
9625
9631
9637
9643
9654
9661
9666
9673
9680
9687
9693
9699
9706
9712
9719
9725
9732
9739
9745
9751
9758
9764
9771
9777
9784
9790
9796
9803
9809
9815
9822
9828
9834
9839
9845
9851
9857
9863
9869
9879
9886
9892
9898
9904
9911
9917
9923
9929
9936
9942
9948
9954
9961
9967
9973
9980
9986
9992
9998
10004
10010
10016
10023
10028
10035
10041
10047
10053
10060
10066
10072
10078
10085
10091
10099
10106
10119
10124
10129
10134
10140
10145
10150
10155
10161
10166
10171
10176
10181
10187
10192
10197
10202
10207
10213
10218
10224
10229
10234
10240
10245
10250
10256
10261
10266
10271
10277
10282
10293
10300
10308
10315
10322
10328
10334
10341
10348
10354
10362
10369
10375
10382
10388
10395
10402
10408
10415
10422
10428
10434
10441
10448
10454
10461
10468
10474
10481
10487
10494
10501
10508
10515
10521
10528
10535
10542
10549
10556
10563
10570
10576
10583
10589
10595
10602
10609
10615
10622
10629
10635
10641
10648
10655
10661
10668
10675
10681
10688
10694
10701
10708
10714
10721
10728
10734
10741
10748
10755
10762
10768
10774
10781
10792
10798
10805
10811
10817
10824
10830
10837
10843
10850
10857
10864
10871
10877
10884
10890
10896
10902
10908
10914
10921
10927
10933
10939
10945
10951
10957
10964
10970
10976
10982
10988
10994
11000
11006
11012
11018
11024
11031
11038
11044
11050
11056
11063
11069
11081
11087
11093
11099
11105
11111
11118
11124
11130
11136
11142
11148
11154
11159
11166
11171
11177
11183
11189
11195
11201
11207
11213
11218
11224
11230
11236
11241
11247
11256
11262
11268
11276
11282
11291
11297
11303
11309
11315
11321
11327
11333
11339
11345
11351
11357
11363
11369
11376
11382
11388
11393
11399
11406
11412
11418
11424
11430
11436
11442
11448
11455
11461
11467
11474
11480
11486
11491
11497
11503
11509
11516
11522
11528
11534
11541
11547
11556
11568
11574
11580
11587
11593
11599
11605
11611
11617
11623
11629
11635
11641
11648
11654
11661
11667
11672
11678
11684
11690
11696
11702
11708
11714
11720
11726
11732
11737
11743
11750
11756
11762
11768
11774
11780
11786
11791
11797
11803
11809
11815
11821
11827
11832
11839
11845
11851
11857
11864
11870
11876
11882
11888
11894
11900
11907
11913
11919
11925
11932
11938
11944
11950
11956
11962
11968
11975
11981
11992
11997
12003
12008
12013
12018
12023
12029
12034
12039
12044
12049
12055
12060
12065
12070
12076
12081
12086
12091
12096
12101
12107
12112
12117
12122
12127
12133
12138
12143
12148
12153
12159
12164
12169
12174
12180
12185
12190
12196
12201
12206
12211
12217
12222
12228
12234
12240
12245
12252
12258
12263
12269
12274
12279
12285
12290
12296
12301
12306
12312
12317
12322
12328
12333
12339
12344
12350
12355
12361
12367
12372
12377
12383
12388
12394
12399
12412
12418
12424
12429
12436
12443
12448
12455
12462
12469
12475
12482
12488
12495
12501
12509
12516
12523
12529
12536
12542
12549
12555
12562
12568
12575
12581
12588
12595
12601
12608
12614
12621
12628
12634
12641
12648
12654
12660
12666
12673
12680
12687
12694
12701
12708
12714
12721
12727
12734
12740
12747
12753
12760
12766
12772
12778
12785
12791
12797
12803
12809
12815
12821
12827
12833
12839
12845
12851
12857
12863
12869
12875
12881
12887
12892
12898
12904
12910
12916
12923
12929
12935
12941
12946
12952
12958
12965
12971
12977
12983
12990
12996
13004
13010
13016
13023
13029
13035
13041
13047
13053
13059
13065
13071
13077
13083
13089
13095
13101
13107
13113
13119
13124
13131
13136
13142
13148
13154
13160
13166
13171
13177
13182
13187
13193
13198
13204
13209
13214
13220
13225
13231
13237
13243
13248
13254
13259
13265
13270
13276
13281
13287
13292
13298
13303
13308
13313
13319
13325
13332
13338
13344
13351
13358
13364
13370
13376
13382
13388
13394
13399
13406
13411
13417
13423
13429
13435
13441
13447
13453
13459
13465
13472
13478
13484
13490
13497
13503
13509
13514
13521
13526
13533
13538
13544
13550
13556
13562
13568
13574
13580
13586
13592
13598
13608
13614
13620
13626
13632
13638
13643
13649
13655
13661
13667
13674
13680
13686
13692
13699
13705
13712
13718
13724
13730
13737
13743
13749
13755
13761
13768
13774
13780
13786
13792
13802
13809
13815
13821
13827
13833
13839
13844
13854
13861
13867
13872
13878
13884
13890
13896
13902
13909
13915
13921
13927
13934
13940
13946
13952
13958
13963
13970
13976
13982
13988
13994
14002
14008
14014
14021
14027
14033
14039
14045
14051
14057
14063
14070
14076
14082
14089
14095
14101
14107
14113
14119
14125
14132
14138
14144
14151
14157
14162
14168
14173
14178
14183
14189
14194
14200
14205
14210
14216
14221
14226
14232
14237
14243
14248
14254
14260
14266
14273
14279
14285
14291
14296
14302
14308
14314
14320
14326
14332
14338
14344
14350
14356
14362
14368
14374
14380
14385
14391
14397
14403
14409
14415
14420
14427
14433
14438
14444
14451
14457
14463
14469
14475
14481
14487
14493
14499
14505
14512
14517
14523
14529
14535
14541
14547
14552
14558
14564
14570
14576
14581
14587
14593
14599
14605
14610
14616
14622
14628
14634
14640
14645
14651
14657
14662
14668
14673
14678
14683
14689
14694
14700
14705
14710
14717
14723
14728
14733
14738
14744
14749
14755
14760
14765
14770
14776
14781
14787
14792
14798
14804
14810
14816
14823
14828
14834
14841
14846
14852
14858
14865
14871
14876
14882
14888
14894
14899
14906
14912
14917
14923
14929
14935
14941
14947
14952
14958
14964
14970
14976
14982
14988
14994
15000
15007
15013
15019
15025
15030
15036
15041
15046
15052
15057
15063
15068
15073
15079
15084
15089
15095
15100
15105
15110
15116
15122
15127
15132
15137
15143
15148
15153
15158
15164
15169
15174
15179
15185
15190
15195
15200
15206
15211
15216
15222
15227
15232
15237
15243
15248
15253
15259
15265
15270
15275
15281
15286
15291
15297
15302
15308
15313
15318
15323
15329
15334
15339
15345
15350
15355
15360
15366
15371
15376
15381
15387
15393
15399
15405
15411
15417
15423
15428
15434
15440
15446
15452
15458
15464
15470
15475
15481
15487
15493
15498
15504
15510
15516
15521
15527
15533
15539
15545
15550
15556
15562
15568
15573
15579
15585
15590
15596
15602
15608
15614
15620
15626
15632
15638
15644
15650
15656
15663
15668
15674
15680
15686
15692
15698
15703
15709
15715
15721
15727
15733
15739
15744
15750
15756
15762
15768
15774
15780
15786
15792
15798
15804
15810
15817
15824
15831
15836
15842
15848
15860
15868
15874
15880
15886
15892
15898
15904
15910
15916
15922
15928
15934
15940
15946
15955
15962
15969
15976
15982
15989
15996
16002
16009
16015
16022
16027
16033
16038
16043
16049
16054
16059
16065
16070
16075
16081
16086
16091
16096
16101
16107
16112
16117
16123
16128
16135
16142
16148
16161
16168
16174
16179
16185
16191
16198
16204
16211
16217
16223
16230
16236
16242
16248
16254
16260
16267
16273
16284
16291
16296
16302
16308
16314
16320
16327
16333
16339
16345
16351
16357
16363
16370
16375
16381
16387
16393
16399
16405
16411
16417
16423
16428
16434
16440
16446
16452
16460
16466
16472
16478
16484
16490
16496
16502
16508
16514
16520
16527
16533
16538
16544
16550
16557
16563
16569
16575
16581
16587
16592
16605
16611
16617
16623
16629
16635
16641
16647
16652
16661
16667
16673
16679
16684
16690
16696
16702
16709
16714
16720
16727
16733
16739
16745
16752
16758
16764
16770
16776
16782
16788
16794
16801
16807
16813
16819
16825
16832
16838
16845
16851
16858
16864
16870
16877
16884
16890
16896
16902
16908
16914
16921
16927
16933
16939
16946
16952
16959
16965
16972
16979
16985
16991
16997
17003
17009
17015
17021
17027
17033
17039
17045
17056
17065
17071
17078
17084
17091
17098
17104
17111
17118
17124
17131
17138
17145
17150
17156
17162
17168
17174
17180
17186
17191
17197
17203
17210
17215
17221
17227
17233
17239
17245
17251
17258
17264
17270
17276
17282
17288
17293
17299
17305
17311
17317
17322
17328
17334
17340
17346
17351
17358
17363
17369
17375
17381
17387
17393
17399
17405
17411
17417
17422
17429
17434
17440
17456
17462
17468
17474
17480
17486
17492
17498
17504
17510
17516
17521
17527
17533
17539
17545
17550
17557
17562
17569
17574
17581
17586
17592
17598
17604
17610
17616
17622
17628
17633
17639
17645
17651
17658
17664
17670
17676
17682
17688
17694
17700
17706
17712
17719
17725
17731
17737
17744
17750
17756
17761
17767
17773
17779
17784
17790
17796
17802
17808
17813
17820
17826
17833
17839
17846
17853
17860
17867
17874
17881
17887
17893
17900
17907
17913
17920
17926
17933
17939
17945
17952
17959
17965
17972
17978
17985
17992
17998
18005
18011
18018
18026
18032
18038
18044
18051
18057
18064
18071
18077
18085
18091
18098
18105
18112
18118
18125
18132
18139
18145
18151
18157
18164
18172
18179
18185
18192
18198
18205
18213
18219
18227
18234
18240
18248
18254
18261
18268
18275
18281
18289
18295
18302
18308
18315
18321
18327
18333
18339
18346
18352
18358
18364
18370
18376
18382
18388
18394
18401
18407
18414
18420
18426
18433
18438
18444
18451
18457
18463
18470
18476
18482
18489
18495
18501
18508
18516
18523
18530
18538
18546
18553
18560
18567
18575
18584
18591
18598
18605
18612
18619
18625
18632
18639
18646
18653
18661
18668
18675
18682
18689
18697
18704
18709
18714
18720
18727
18733
18740
18747
18754
18760
18765
18771
18776
18782
18787
18793
18798
18804
18809
18815
18820
18826
18831
18837
18842
18848
18853
18858
18864
18869
18875
18881
18886
18892
18897
18903
18908
18914
18920
18925
18931
18936
18942
18948
18953
18958
18964
18969
18975
18981
18986
18992
18998
19003
19008
19014
19019
19025
19030
19035
19041
19046
19051
19057
19062
19067
19073
19078
19083
19089
19094
19099
19104
19110
19115
19120
19126
19131
19136
19142
19147
19152
19158
19163
19168
19174
19179
19184
19189
19195
19200
19206
19213
19220
19227
19233
19240
19246
19252
19259
19265
19272
19279
19284
19291
19296
19303
19308
19314
19319
19325
19331
19337
19343
19349
19355
19361
19366
19371
19376
19382
19387
19392
19397
19402
19408
19413
19418
19423
19429
19434
19439
19445
19450
19456
19461
19466
19471
19477
19482
19487
19492
19498
19504
19509
19515
19521
19527
19533
19539
19545
19562
19569
19575
19581
19587
19593
19599
19605
19611
19617
19623
19629
19635
19641
19647
19653
19659
19665
19671
19677
19684
19690
19697
19702
19708
19714
19720
19727
19733
19739
19745
19751
19758
19764
19769
19775
19781
19787
19793
19799
19805
19813
19819
19825
19831
19837
19843
19849
19855
19861
19867
19872
19879
19885
19891
19896
19902
19908
19914
19920
19926
19932
19938
19944
19950
19956
19962
19968
19974
19982
19988
19994
20000
20006
20013
20020
20025
20030
20036
20042
20049
20056
20062
20068
20074
20080
20085
20092
20097
20103
20109
20115
20121
20127
20135
20140
20145
20150
20156
20161
20166
20171
20177
20182
20192
20198
20204
20210
20219
20227
20234
20241
20247
20254
20262
20268
20274
20281
20287
20293
20299
20305
20311
20317
20323
20329
20335
20342
20348
20354
20360
20366
20372
20378
20384
20390
20397
20403
20409
20415
20421
20427
20433
20439
20445
20451
20457
20464
20470
20476
20483
20489
20495
20502
20508
20514
20521
20527
20533
20540
20546
20552
20558
20564
20571
20577
20583
20589
20600
20606
20612
20618
20624
20630
20636
20642
20648
20654
20660
20667
20673
20680
20686
20691
20697
20704
20710
20716
20722
20728
20735
20740
20746
20752
20758
20764
20771
20777
20782
20788
20793
20799
20805
20811
20817
20823
20828
20834
20840
20846
20853
20859
20864
20870
20876
20882
20888
20894
20900
20905
20912
20918
20924
20930
20936
20942
20948
20954
20959
20965
20971
20978
20983
20989
20995
21001
21007
21013
21019
21024
21031
21036
21042
21048
21053
21059
21064
21070
21078
21084
21089
21095
21100
21106
21112
21117
21122
21128
21133
21138
21143
21149
21154
21159
21164
21170
21181
21187
21193
21199
21205
21211
21216
21222
21228
21234
21240
21245
21252
21260
21266
21273
21280
21287
21293
21300
21307
21314
21320
21327
21333
21340
21346
21352
21358
21364
21369
21375
21382
21388
21395
21401
21407
21413
21420
21426
21433
21439
21445
21451
21457
21463
21469
21476
21482
21488
21494
21501
21507
21513
21519
21525
21532
21538
21544
21550
21556
21562
21568
21574
21580
21586
21592
21598
21604
21611
21617
21624
21630
21636
21642
21648
21654
21661
21667
21673
21679
21685
21691
21697
21703
21710
21716
21726
21734
21740
21746
21752
21758
21764
21770
21776
21782
21788
21794
21800
21806
21812
21818
21824
21830
21836
21841
21847
21853
21862
21868
21874
21880
21886
21892
21900
21906
21912
21918
21924
21930
21936
21942
21947
21953
21959
21965
21971
21977
21983
21989
21996
22001
22007
22013
22019
22026
22032
22038
22044
22050
22056
22062
22071
22076
22081
22086
22092
22097
22102
22107
22112
22117
22123
22128
22133
22138
22143
22148
22153
22159
22164
22169
22174
22179
22185
22190
22195
22200
22206
22211
22216
22221
22226
22231
22237
22242
22247
22252
22257
22263
22268
22273
22278
22283
22289
22294
22299
22304
22309
22315
22320
22325
22330
22335
22341
22346
22351
22356
22361
22366
22372
22377
22382
22387
22392
22398
22403
22408
22413
22418
22424
22429
22434
22439
22444
22449
22455
22460
22465
22470
22476
22481
22486
22491
22496
22502
22507
22512
22517
22522
22527
22533
22538
22543
22548
22553
22559
22564
22569
22574
22580
22585
22590
22595
22600
22606
22611
22616
22621
22626
22632
22637
22642
22647
22652
22657
22663
22668
22673
22678
22683
22688
22694
22699
22704
22709
22714
22719
22725
22730
22735
22740
22745
22751
22756
22761
22766
22771
22777
22782
22787
22792
22797
22803
22808
22813
22818
22823
22829
22834
22839
22844
22849
22855
22860
22865
22870
22876
22881
22886
22891
22896
22902
22907
22912
22917
22923
22928
22933
22938
22943
22948
22954
22959
22964
22969
22974
22980
22985
22990
22995
23000
23005
23011
23016
23021
23026
23031
23037
23042
23047
23052
23057
23062
23068
23073
23078
23083
23088
23094
23099
23104
23109
23115
23120
23125
23130
23135
23141
23146
23151
23156
23162
23167
23172
23177
23183
23188
23193
23198
23203
23209
23214
23219
23224
23229
23235
23240
23245
23250
23255
23261
23266
23271
23276
23281
23287
23292
23297
23302
23307
23313
23318
23323
23328
23333
23339
23344
23349
23354
23360
23365
23370
23375
23380
23385
23391
23396
23401
23406
23411
23416
23422
23427
23432
23437
23442
23448
23453
23458
23464
23469
23474
23479
23486
23491
23496
23501
23507
23512
23518
23523
23528
23534
23539
23544
23550
23555
23560
23566
23571
23576
23582
23587
23592
23598
23603
23609
23614
23620
23625
23630
23636
23641
23646
23652
23657
23662
23668
23673
23678
23683
23689
23694
23699
23704
23710
23715
23720
23726
23731
23737
23742
23747
23753
23758
23764
23769
23774
23780
23785
23790
23796
23801
23806
23812
23817
23822
23828
23834
23839
23845
23850
23856
23861
23867
23872
23878
23883
23889
23894
23899
23905
23911
23916
23922
23927
23933
23938
23944
23949
23954
23959
23965
23970
23976
23981
23986
23991
23997
24002
24007
24013
24018
24023
24029
24034
24039
24045
24050
24055
24061
24066
24071
24077
24082
24089
24094
24100
24105
24111
24117
24122
24127
24132
24138
24143
24148
24153
24159
24164
24169
24175
24180
24185
24190
24196
24202
24207
24212
24218
24223
24228
24234
24239
24244
24250
24255
24260
24266
24271
24276
24281
24287
24292
24297
24303
24308
24313
24319
24324
24329
24335
24340
24345
24351
24356
24361
24367
24372
24377
24383
24388
24393
24398
24404
24409
24414
24422
24427
24433
24438
24443
24448
24455
24461
24469
24476
24483
24490
24497
24505
24512
24519
24527
24534
24541
24548
24555
24562
24569
24576
24583
24590
24596
24602
24609
24616
24621
24628
24634
24639
24646
24652
24660
24666
24673
24680
24687
24694
24701
24708
24714
24721
24727
24733
24740
24747
24756
24764
24771
24778
24784
24789
24795
24801
24806
24813
24820
24826
24832
24838
24845
24851
24856
24862
24868
24874
24880
24887
24893
24898
24904
24910
24915
24921
24929
24934
24941
24947
24952
24958
24963
24969
24975
24980
24986
24991
24996
25002
25007
25013
25018
25024
25029
25035
25040
25046
25051
25057
25062
25068
25073
25079
25084
25090
25095
25101
25106
25112
25118
25123
25129
25134
25139
25145
25150
25155
25160
25166
25171
25177
25182
25187
25193
25198
25204
25209
25214
25220
25226
25231
25236
25242
25247
25253
25258
25264
25269
25275
25281
25286
25292
25297
25303
25308
25314
25319
25324
25330
25335
25340
25346
25351
25356
25362
25367
25372
25378
25383
25388
25394
25399
25404
25410
25415
25420
25426
25431
25436
25442
25447
25453
25458
25463
25468
25474
25479
25484
25489
25495
25500
25505
25511
25516
25522
25528
25533
25538
25543
25549
25554
25559
25565
25570
25575
25580
25586
25591
25596
25602
25607
25612
25617
25623
25628
25633
25639
25644
25649
25655
25660
25665
25671
25676
25681
25687
25692
25697
25703
25708
25713
25719
25724
25729
25734
25740
25745
25750
25756
25761
25767
25772
25777
25783
25788
25793
25798
25804
25809
25814
25819
25825
25830
25835
25841
25846
25851
25856
25861
25867
25872
25877
25883
25888
25893
25898
25904
25909
25914
25919
25924
25930
25935
25940
25945
25951
25956
25961
25966
25971
25977
25982
25987
25992
25997
26003
26008
26013
26018
26024
26029
26034
26040
26046
26052
26057
26063
26069
26075
26081
26087
26094
26102
26108
26115
26121
26127
26134
26140
26147
26153
26159
26168
26175
26180
26186
26192
26199
26205
26211
26217
26223
26229
26235
26242
26248
26259
26265
26271
26277
26283
26288
26294
26300
26306
26312
26317
26323
26329
26335
26341
26347
26353
26358
26364
26370
26375
26381
26387
26393
26399
26405
26411
26417
26423
26429
26435
26440
26446
26452
26458
26464
26470
26476
26482
26488
26494
26500
26506
26511
26517
26523
26529
26535
26540
26546
26552
26558
26563
26569
26575
26581
26587
26593
26600
26606
26612
26618
26624
26630
26636
26642
26647
26653
26660
26666
26672
26679
26684
26690
26696
26702
26709
26715
26723
26729
26735
26741
26747
26753
26758
26764
26770
26776
26782
26788
26794
26800
26806
26812
26818
26824
26830
26836
26842
26849
26855
26861
26867
26873
26879
26885
26891
26897
26903
26909
26914
26920
26926
26932
26938
26945
26952
26958
26964
26970
26976
26982
26988
26994
27003
27009
27015
27021
27027
27033
27039
27045
27051
27057
27064
27070
27076
27082
27088
27094
27100
27106
27112
27118
27124
27130
27136
27144
27149
27154
27159
27165
27170
27175
27180
27185
27191
27196
27201
27206
27211
27216
27222
27227
27232
27237
27242
27247
27253
27258
27263
27268
27273
27278
27284
27289
27294
27299
27305
27310
27315
27320
27326
27331
27336
27342
27347
27352
27357
27363
27368
27373
27378
27384
27389
27394
27400
27405
27410
27415
27421
27427
27432
27437
27442
27447
27453
27458
27463
27468
27474
27479
27484
27489
27494
27500
27505
27510
27515
27520
27525
27531
27536
27541
27546
27552
27557
27562
27567
27572
27577
27583
27588
27593
27598
27604
27609
27614
27622
27627
27632
27638
27643
27648
27653
27658
27663
27669
27674
27679
27684
27690
27695
27700
27705
27710
27716
27721
27726
27731
27737
27742
27747
27752
27758
27763
27768
27773
27778
27786
27792
27797
27802
27808
27813
27818
27824
27829
27834
27840
27845
27850
27856
27861
27866
27872
27877
27882
27888
27893
27898
27903
27909
27914
27919
27924
27930
27935
27940
27946
27951
27956
27962
27967
27972
27978
27983
27989
27994
28000
28005
28010
28015
28024
28029
28035
28040
28045
28050
28055
28061
28066
28071
28076
28082
28087
28092
28097
28103
28108
28113
28118
28124
28129
28134
28139
28145
28150
28155
28160
28166
28171
28176
28181
28186
28192
28197
28202
28207
28213
28218
28223
28228
28233
28239
28244
28249
28254
28260
28265
28270
28275
28280
28286
28291
28296
28301
28307
28312
28317
28322
28327
28332
28338
28343
28348
28353
28358
28364
28369
28374
28379
28385
28390
28395
28400
28405
28411
28416
28421
28427
28432
28437
28442
28448
28453
28458
28463
28469
28474
28479
28484
28490
28495
28500
28505
28510
28516
28521
28526
28531
28536
28541
28547
28552
28557
28562
28567
28573
28578
28583
28588
28593
28599
28604
28609
28614
28619
28624
28630
28635
28640
28645
28650
28655
28661
28666
28671
28676
28681
28686
28692
28697
28702
28707
28712
28717
28723
28728
28734
28739
28744
28749
28755
28760
28765
28770
28776
28781
28786
28792
28797
28802
28808
28813
28818
28824
28829
28834
28840
28845
28850
28856
28861
28866
28872
28877
28882
28887
28892
28898
28903
28908
28913
28919
28924
28929
28935
28940
28945
28950
28956
28961
28966
28971
28976
28982
28987
28992
28997
29003
29008
29013
29018
29024
29029
29034
29039
29045
29050
29055
29060
29066
29071
29076
29081
29086
29092
29097
29102
29108
29113
29118
29123
29129
29134
29139
29144
29150
29155
29161
29166
29172
29177
29183
29188
29193
29199
29204
29209
29215
29220
29225
29231
29236
29241
29247
29252
29257
29263
29268
29273
29279
29285
29290
29295
29301
29306
29311
29317
29322
29327
29333
29338
29343
29348
29354
29359
29364
29370
29375
29380
29386
29391
29396
29401
29407
29412
29417
29422
29428
29433
29438
29444
29449
29454
29459
29464
29470
29475
29480
29485
29490
29496
29501
29506
29512
29517
29522
29528
29533
29539
29544
29549
29555
29560
29565
29571
29576
29581
29586
29592
29597
29602
29607
29613
29618
29623
29628
29634
29639
29644
29649
29655
29660
29666
29671
29676
29681
29687
29692
29697
29704
29709
29715
29720
29725
29731
29736
29741
29747
29752
29757
29763
29768
29773
29778
29784
29789
29794
29800
29805
29810
29815
29821
29826
29831
29836
29841
29847
29852
29857
29862
29868
29873
29878
29883
29888
29893
29898
29904
29909
29914
29919
29924
29930
29935
29940
29945
29950
29955
29961
29966
29971
29976
29982
29987
29992
29997
30002
30008
30013
30018
30023
30028
30033
30039
30044
30049
30054
30059
30064
30070
30075
30080
30085
30090
30096
30101
30106
30111
30116
30121
30127
30132
30137
30142
30148
30153
30158
30163
30168
30174
30179
30184
30189
30194
30200
30205
30210
30215
30220
30225
30231
30236
30241
30246
30252
30257
30262
30267
30272
30278
30283
30288
30293
30298
30303
30308
30314
30319
30324
30329
30334
30342
30347
30353
30358
30363
30369
30374
30379
30384
30390
30395
30400
30406
30411
30416
30422
30427
30433
30439
30445
30451
30457
30463
30469
30476
30482
30489
30497
30504
30512
30518
30524
30530
30536
30542
30548
30555
30561
30567
30573
30579
30585
30590
30596
30602
30608
30614
30620
30626
30632
30637
30645
30651
30657
30663
30669
30675
30681
30687
30693
30699
30705
30711
30717
30723
30729
30735
30741
30747
30752
30758
30764
30770
30776
30782
30788
30794
30800
30807
30813
30819
30826
30832
30838
30844
30850
30858
30865
30871
30877
30882
30888
30894
30900
30906
30912
30917
30927
30933
30938
30943
30948
30953
30959
30964
30969
30974
30979
30984
30990
30995
31000
31005
31010
31016
31021
31026
31031
31037
31042
31047
31052
31058
31063
31068
31074
31079
31085
31090
31095
31100
31106
31111
31116
31122
31127
31132
31137
31144
31149
31155
31160
31165
31171
31176
31181
31186
31191
31197
31202
31207
31212
31217
31223
31228
31233
31238
31243
31249
31254
31259
31264
31270
31275
31280
31285
31290
31296
31301
31306
31311
31316
31322
31327
31332
31337
31342
31348
31353
31358
31363
31369
31374
31379
31384
31390
31395
31400
31406
31411
31416
31422
31427
31432
31438
31443
31448
31453
31459
31464
31469
31475
31480
31485
31490
31496
31501
31506
31512
31517
31522
31527
31533
31538
31543
31548
31554
31559
31564
31569
31575
31580
31585
31591
31596
31601
31607
31612
31617
31623
31628
31633
31638
31644
31649
31654
31659
31665
31670
31675
31680
31685
31691
31696
31701
31706
31711
31717
31722
31727
31732
31738
31743
31748
31753
31758
31764
31769
31774
31779
31784
31789
31794
31800
31806
31812
31818
31823
31829
31836
31843
31849
31856
31862
31868
31874
31884
31890
31898
31904
31911
31919
31926
31936
31943
31949
31956
31963
31970
31976
31983
31989
31996
32002
32008
32015
32021
32028
32035
32041
32048
32054
32060
32066
32073
32079
32084
32090
32096
32102
32108
32114
32120
32126
32132
32138
32151
32159
32164
32170
32179
32187
32195
32203
32211
32219
32227
32235
32243
32251
32259
32267
32275
32280
32286
32292
32298
32304
32310
32316
32322
32328
32334
32340
32346
32352
32358
32363
32369
32375
32381
32387
32393
32399
32405
32410
32416
32422
32428
32434
32439
32445
32451
32458
32464
32469
32475
32481
32488
32494
32500
32506
32512
32518
32524
32530
32536
32542
32548
32554
32560
32565
32571
32577
32583
32589
32595
32601
32607
32613
32619
32625
32630
32637
32642
32648
32654
32660
32666
32673
32679
32685
32691
32697
32703
32709
32715
32721
32727
32733
32745
32751
32757
32768
32774
32780
32788
32794
32801
32807
32813
32819
32824
32830
32836
32843
32849
32855
32861
32866
32872
32878
32883
32889
32895
32901
32906
32912
32918
32924
32929
32935
32941
32947
32953
32959
32965
32970
32976
32982
32988
32993
32999
33005
33011
33017
33023
33029
33035
33040
33046
33052
33058
33064
33070
33076
33083
33089
33095
33102
33108
33114
33119
33125
33130
33135
33140
33145
33151
33156
33161
33167
33172
33177
33182
33187
33193
33198
33203
33208
33216
33221
33227
33232
33237
33243
33248
33253
33259
33264
33269
33274
33279
33285
33290
33295
33300
33305
33311
33316
33321
33326
33331
33336
33342
33347
33352
33357
33363
33368
33373
33378
33383
33388
33394
33399
33404
33409
33414
33419
33425
33430
33435
33440
33445
33451
33456
33461
33466
33471
33477
33482
33487
33492
33498
33504
33510
33516
33522
33528
33534
33540
33547
33553
33560
33566
33572
33579
33585
33591
33597
33603
33609
33615
33621
33628
33634
33640
33646
33652
33657
33663
33669
33675
33681
33687
33693
33702
33708
33714
33720
33726
33733
33739
33745
33751
33758
33764
33770
33776
33782
33788
33794
33800
33806
33813
33819
33824
33830
33836
33842
33848
33853
33858
33864
33869
33874
33879
33885
33890
33895
33901
33906
33911
33917
33922
33927
33933
33938
33943
33948
33954
33959
33965
33970
33975
33980
33986
33991
33996
34002
34007
34012
34018
34023
34028
34033
34039
34044
34050
34056
34061
34066
34071
34076
34082
34088
34093
34098
34103
34108
34114
34119
34124
34129
34134
34139
34145
34150
34156
34161
34167
34172
34177
34183
34188
34193
34198
34203
34209
34214
34219
34224
34230
34235
34240
34246
34251
34256
34262
34267
34272
34277
34283
34288
34293
34298
34303
34309
34314
34319
34324
34329
34335
34340
34345
34350
34355
34361
34366
34371
34376
34381
34387
34392
34397
34403
34408
34413
34418
34423
34429
34434
34439
34445
34450
34455
34460
34466
34471
34476
34481
34486
34494
34499
34504
34510
34515
34520
34525
34530
34536
34541
34546
34551
34557
34562
34567
34572
34577
34583
34588
34593
34598
34603
34612
34617
34622
34627
34633
34638
34643
34648
34653
34659
34664
34669
34674
34679
34684
34690
34695
34700
34705
34710
34716
34721
34726
34731
34736
34742
34747
34752
34757
34762
34767
34773
34778
34783
34788
34793
34798
34804
34809
34814
34819
34824
34829
34835
34840
34845
34851
34856
34861
34866
34871
34877
34882
34887
34892
34897
34902
34908
34913
34918
34923
34928
34933
34939
34944
34949
34954
34959
34964
34969
34975
34980
34985
34990
34995
35001
35006
35011
35016
35021
35026
35032
35037
35042
35047
35052
35057
35063
35068
35073
35078
35083
35089
35094
35099
35104
35109
35115
35120
35125
35130
35135
35141
35146
35151
35156
35161
35166
35172
35177
35182
35187
35193
35198
35203
35208
35214
35219
35224
35229
35234
35239
35245
35250
35255
35260
35265
35270
35276
35281
35286
35291
35296
35301
35306
35312
35317
35322
35327
35332
35337
35343
35348
35353
35358
35363
35368
35374
35379
35384
35389
35394
35399
35405
35410
35415
35420
35425
35430
35435
35441
35446
35451
35456
35461
35466
35472
35477
35482
35487
35492
35497
35503
35508
35513
35518
35523
35529
35534
35539
35544
35549
35554
35560
35565
35570
35575
35580
35586
35591
35596
35606
35611
35617
35622
35627
35632
35637
35642
35648
35653
35658
35663
35668
35673
35679
35684
35689
35694
35699
35705
35710
35715
35720
35725
35731
35736
35741
35746
35751
35757
35762
35767
35772
35777
35782
35788
35793
35798
35803
35809
35814
35819
35824
35829
35834
35840
35845
35850
35855
35860
35866
35871
35876
35881
35886
35892
35897
35902
35907
35912
35918
35923
35928
35933
35939
35944
35949
35954
35959
35965
35970
35975
35980
35985
35991
35996
36001
36006
36011
36016
36021
36027
36032
36037
36042
36048
36053
36058
36063
36068
36074
36079
36084
36089
36095
36100
36105
36110
36116
36121
36126
36131
36137
36142
36147
36152
36158
36163
36168
36173
36178
36183
36189
36194
36199
36204
36209
36214
36220
36225
36230
36235
36240
36245
36251
36256
36261
36266
36273
36278
36283
36288
36293
36299
36304
36309
36314
36319
36324
36330
36335
36340
36345
36351
36356
36361
36366
36372
36377
36382
36388
36393
36398
36403
36409
36414
36419
36424
36429
36435
36440
36445
36450
36455
36460
36466
36471
36476
36481
36486
36491
36497
36502
36507
36512
36517
36523
36528
36533
36538
36543
36549
36554
36559
36564
36570
36575
36580
36585
36591
36596
36601
36606
36611
36617
36622
36627
36633
36638
36643
36649
36654
36659
36665
36670
36675
36680
36685
36690
36695
36701
36706
36711
36716
36721
36726
36732
36737
36742
36747
36752
36758
36763
36768
36773
36778
36783
36789
36794
36799
36804
36809
36815
36820
36825
36830
36835
36841
36846
36851
36856
36862
36867
36872
36877
36883
36888
36893
36898
36904
36909
36914
36919
36924
36929
36935
36940
36945
36950
36955
36961
36966
36971
36976
36982
36987
36992
36997
37002
37007
37013
37018
37023
37028
37033
37039
37044
37049
37054
37059
37065
37070
37075
37080
37085
37091
37096
37101
37106
37111
37116
37121
37127
37132
37137
37142
37147
37152
37158
37163
37168
37173
37178
37184
37189
37195
37200
37206
37211
37216
37221
37227
37232
37237
37242
37248
37253
37258
37263
37268
37274
37279
37284
37289
37294
37299
37305
37310
37315
37320
37325
37330
37336
37341
37346
37351
37356
37361
37367
37372
37377
37382
37387
37392
37398
37403
37408
37413
37418
37423
37429
37434
37439
37444
37449
37454
37459
37465
37470
37475
37480
37485
37491
37496
37501
37506
37511
37517
37522
37527
37532
37537
37543
37553
37559
37565
37571
37577
37582
37588
37594
37599
37607
37612
37618
37623
37629
37634
37640
37645
37651
37657
37662
37667
37673
37679
37684
37690
37696
37702
37708
37714
37720
37726
37733
37738
37744
37750
37756
37762
37768
37774
37780
37786
37791
37797
37803
37808
37813
37818
37824
37829
37834
37839
37844
37850
37855
37860
37865
37871
37876
37881
37886
37892
37897
37902
37907
37912
37918
37923
37928
37933
37939
37944
37949
37954
37960
37965
37970
37975
37981
37986
37991
37996
38001
38007
38012
38017
38022
38028
38033
38038
38043
38048
38053
38058
38064
38069
38074
38079
38084
38089
38095
38100
38105
38110
38115
38121
38126
38131
38136
38141
38147
38152
38157
38162
38167
38173
38178
38183
38188
38193
38198
38204
38209
38214
38219
38224
38230
38235
38240
38245
38250
38256
38261
38273
38279
38285
38290
38296
38302
38308
38315
38321
38327
38333
38339
38345
38350
38356
38362
38368
38374
38380
38386
38392
38398
38404
38410
38415
38421
38427
38432
38438
38444
38450
38455
38461
38467
38473
38479
38485
38491
38496
38502
38508
38514
38520
38526
38532
38538
38544
38550
38556
38562
38569
38574
38580
38586
38592
38597
38603
38608
38613
38618
38624
38629
38634
38639
38645
38650
38655
38660
38666
38671
38676
38681
38687
38692
38697
38703
38708
38713
38718
38724
38729
38734
38740
38745
38750
38755
38761
38766
38771
38776
38781
38786
38791
38797
38802
38807
38812
38818
38823
38828
38833
38838
38844
38849
38854
38859
38864
38869
38875
38880
38885
38890
38895
38902
38907
38912
38917
38923
38928
38933
38938
38943
38949
38954
38959
38964
38970
38975
38980
38986
38991
38996
39001
39007
39013
39021
39026
39031
39036
39042
39047
39052
39057
39062
39068
39073
39078
39083
39089
39094
39099
39104
39109
39114
39119
39125
39130
39135
39140
39145
39150
39155
39161
39166
39171
39176
39181
39186
39191
39197
39202
39207
39212
39219
39224
39229
39235
39240
39245
39250
39255
39260
39266
39271
39276
39281
39286
39291
39296
39302
39307
39312
39317
39322
39328
39333
39338
39343
39348
39354
39359
39364
39370
39377
39382
39387
39392
39398
39403
39408
39414
39419
39424
39431
39436
39441
39446
39452
39459
39465
39470
39475
39480
39486
39491
39496
39501
39507
39512
39517
39522
39528
39533
39538
39543
39549
39554
39559
39564
39570
39575
39580
39585
39590
39596
39601
39606
39612
39617
39622
39627
39633
39638
39643
39649
39654
39660
39665
39671
39676
39681
39686
39692
39697
39702
39708
39713
39718
39724
39729
39734
39740
39745
39750
39755
39761
39766
39771
39777
39782
39787
39793
39798
39803
39808
39814
39819
39824
39829
39834
39840
39845
39850
39855
39860
39866
39871
39876
39881
39886
39892
39897
39902
39908
39913
39918
39923
39928
39934
39939
39944
39949
39955
39961
39966
39971
39976
39982
39987
39992
39997
40003
40008
40013
40018
40024
40029
40034
40039
40044
40050
40055
40060
40066
40071
40076
40081
40087
40092
40098
40103
40108
40113
40119
40124
40129
40135
40140
40145
40150
40156
40161
40166
40171
40176
40182
40187
40192
40197
40203
40208
40218
40223
40228
40234
40239
40244
40254
40259
40264
40270
40275
40281
40286
40291
40297
40302
40307
40312
40317
40323
40328
40333
40338
40344
40349
40354
40360
40365
40370
40375
40381
40386
40391
40396
40402
40407
40412
40417
40423
40428
40433
40438
40444
40449
40454
40459
40465
40470
40475
40480
40485
40491
40496
40501
40506
40512
40517
40522
40527
40533
40538
40543
40548
40554
40559
40564
40569
40575
40580
40585
40590
40595
40601
40606
40611
40616
40622
40627
40633
40638
40643
40648
40654
40659
40664
40669
40675
40680
40685
40690
40696
40701
40706
40712
40717
40722
40727
40733
40738
40743
40748
40754
40759
40764
40769
40775
40780
40785
40790
40796
40801
40806
40812
40817
40822
40828
40833
40838
40843
40848
40854
40859
40864
40869
40875
40880
40885
40891
40896
40901
40907
40912
40918
40923
40929
40934
40940
40945
40951
40956
40961
40967
40972
40977
40982
40988
40993
40998
41003
41009
41014
41019
41024
41030
41035
41040
41046
41051
41057
41062
41067
41072
41078
41083
41088
41094
41099
41104
41110
41115
41120
41125
41131
41136
41142
41147
41152
41158
41163
41168
41173
41179
41184
41189
41195
41200
41205
41210
41216
41221
41227
41232
41237
41242
41248
41253
41258
41264
41269
41274
41279
41285
41290
41295
41300
41306
41311
41316
41321
41327
41332
41337
41342
41347
41353
41358
41363
41369
41374
41379
41384
41390
41395
41400
41405
41410
41416
41421
41426
41432
41437
41442
41447
41453
41458
41463
41469
41474
41479
41485
41490
41495
41500
41506
41511
41516
41521
41526
41532
41537
41542
41547
41552
41558
41563
41568
41574
41579
41584
41589
41595
41600
41605
41610
41615
41620
41626
41631
41636
41641
41646
41652
41657
41662
41667
41673
41678
41683
41688
41694
41699
41704
41709
41715
41720
41725
41730
41735
41740
41746
41751
41756
41761
41767
41772
41777
41783
41788
41793
41798
41804
41809
41814
41819
41825
41830
41835
41840
41846
41852
41857
41862
41868
41873
41878
41884
41890
41895
41900
41905
41911
41916
41922
41927
41932
41937
41943
41948
41953
41959
41964
41969
41974
41980
41985
41990
41996
42001
42007
42012
42017
42023
42028
42033
42038
42044
42049
42054
42060
42065
42072
42077
42083
42088
42093
42099
42104
42109
42114
42120
42125
42130
42136
42141
42146
42151
42157
42162
42167
42173
42178
42183
42188
42194
42199
42204
42210
42215
42220
42225
42231
42236
42241
42246
42252
42257
42262
42268
42273
42278
42283
42289
42294
42299
42304
42309
42315
42320
42325
42330
42335
42340
42345
42350
42356
42361
42366
42371
42376
42382
42387
42392
42397
42402
42408
42413
42418
42423
42428
42434
42439
42444
42449
42454
42460
42465
42470
42475
42480
42485
42491
42496
42501
42506
42511
42516
42522
42527
42532
42537
42542
42547
42552
42558
42563
42568
42573
42578
42584
42589
42594
42599
42604
42610
42615
42620
42625
42630
42635
42640
42646
42651
42656
42661
42666
42671
42677
42682
42687
42692
42697
42702
42708
42713
42718
42723
42728
42733
42739
42744
42749
42754
42760
42765
42770
42775
42780
42785
42791
42796
42801
42806
42812
42817
42823
42828
42833
42838
42844
42849
42854
42859
42864
42870
42875
42880
42886
42891
42896
42901
42907
42912
42917
42922
42928
42933
42938
42944
42949
42954
42960
42965
42970
42976
42981
42986
42992
42997
43002
43008
43013
43018
43024
43029
43034
43040
43046
43051
43056
43062
43067
43072
43078
43083
43088
43093
43099
43104
43109
43115
43120
43125
43130
43136
43141
43146
43152
43157
43162
43167
43173
43178
43183
43188
43194
43199
43204
43210
43215
43220
43225
43231
43236
43241
43247
43252
43257
43262
43268
43273
43278
43284
43289
43295
43300
43305
43310
43316
43321
43326
43332
43337
43342
43348
43353
43358
43364
43369
43374
43380
43385
43390
43396
43401
43406
43412
43417
43422
43427
43433
43438
43443
43449
43454
43459
43465
43470
43475
43480
43485
43491
43496
43501
43506
43512
43517
43522
43527
43532
43538
43543
43548
43553
43558
43563
43569
43574
43579
43584
43590
43595
43600
43605
43610
43616
43621
43626
43631
43636
43641
43647
43652
43657
43662
43667
43673
43678
43683
43688
43693
43699
43704
43709
43714
43719
43725
43730
43735
43741
43746
43751
43757
43762
43767
43772
43778
43783
43788
43793
43799
43804
43809
43814
43819
43825
43830
43835
43840
43845
43850
43856
43861
43866
43871
43876
43882
43887
43892
43897
43902
43907
43913
43918
43923
43928
43933
43938
43944
43949
43954
43959
43965
43970
43975
43980
43985
43990
43996
44001
44006
44011
44016
44022
44027
44032
44037
44042
44047
44052
44058
44063
44068
44073
44078
44083
44088
44094
44099
44104
44109
44114
44119
44125
44130
44135
44140
44145
44151
44156
44161
44166
44171
44176
44182
44187
44192
44197
44202
44208
44213
44218
44223
44228
44234
44239
44244
44249
44254
44260
44265
44270
44275
44281
44286
44291
44296
44301
44307
44312
44317
44322
44327
44332
44338
44343
44348
44353
44358
44364
44369
44374
44380
44386
44392
44398
44404
44410
44416
44422
44427
44433
44439
44445
44450
44456
44462
44468
44473
44479
44485
44490
44496
44502
44508
44514
44520
44526
44532
44538
44544
44550
44556
44562
44568
44574
44580
44586
44592
44598
44604
44610
44616
44622
44628
44634
44640
44646
44652
44658
44664
44670
44676
44682
44687
44692
44697
44703
44708
44713
44718
44723
44729
44735
44740
44745
44751
44756
44761
44766
44772
44777
44782
44787
44793
44798
44803
44808
44813
44819
44824
44829
44834
44839
44845
44854
44859
44864
44870
44875
44880
44885
44890
44896
44901
44906
44911
44916
44921
44927
44932
44937
44942
44948
44962
44967
44972
44977
44983
44988
44993
44998
45003
45009
45014
45019
45024
45029
45035
45040
45045
45050
45055
45061
45066
45071
45076
45081
45086
45091
45097
45102
45107
45112
45117
45123
45128
45133
45138
45143
45149
45154
45162
45167
45173
45184
45189
45195
45200
45205
45210
45215
45221
45226
45231
45236
45242
45247
45252
45257
45263
45268
45273
45278
45283
45288
45294
45299
45304
45309
45315
45320
45325
45330
45336
45341
45347
45352
45358
45363
45368
45373
45379
45384
45389
45395
45400
45406
45411
45416
45421
45427
45432
45437
45443
45448
45453
45459
45464
45469
45474
45480
45485
45490
45495
45501
45506
45511
45516
45522
45527
45532
45538
45543
45548
45554
45559
45564
45569
45575
45580
45585
45590
45596
45601
45606
45611
45617
45622
45627
45632
45638
45658
45663
45669
45674
45680
45685
45690
45696
45701
45706
45712
45717
45722
45727
45733
45742
45747
45753
45758
45764
45769
45774
45779
45785
45790
45795
45800
45806
45811
45816
45822
45827
45832
45838
45843
45848
45854
45859
45864
45870
45875
45880
45886
45891
45896
45902
45907
45912
45917
45923
45928
45933
45938
45944
45949
45955
45966
45971
45976
45981
45987
45992
45997
46002
46008
46013
46018
46023
46028
46034
46039
46044
46049
46055
46060
46065
46070
46075
46081
46086
46091
46096
46102
46107
46112
46117
46122
46128
46133
46138
46143
46149
46154
46159
46164
46169
46175
46180
46185
46190
46196
46201
46206
46211
46217
46222
46227
46232
46238
46243
46248
46253
46259
46264
46269
46274
46280
46285
46290
46295
46301
46313
46318
46323
46329
46334
46339
46344
46349
46354
46360
46365
46370
46375
46380
46386
46391
46396
46401
46406
46411
46417
46422
46427
46432
46437
46443
46448
46453
46458
46463
46469
46474
46479
46484
46490
46495
46500
46505
46510
46515
46521
46526
46531
46536
46541
46547
46552
46557
46562
46567
46572
46578
46583
46588
46593
46599
46604
46609
46614
46619
46625
46630
46635
46643
46649
46666
46672
46678
46684
46691
46697
46703
46710
46716
46722
46728
46734
46740
46746
46752
46758
46764
46769
46775
46781
46786
46792
46798
46805
46811
46817
46823
46829
46836
46841
46846
46851
46857
46862
46867
46873
46878
46883
46889
46894
46899
46904
46910
46915
46920
46926
46931
46936
46942
46947
46952
46958
46963
46968
46973
46978
46984
46989
46994
46999
47004
47010
47015
47020
47025
47030
47036
47041
47046
47051
47056
47062
47067
47072
47077
47082
47088
47093
47098
47103
47108
47114
47119
47124
47129
47134
47140
47145
47150
47155
47161
47166
47171
47176
47181
47187
47192
47197
47202
47207
47213
47218
47223
47228
47233
47239
47244
47249
47254
47259
47265
47270
47275
47280
47285
47291
47296
47301
47306
47312
47317
47322
47327
47332
47337
47343
47348
47353
47358
47364
47369
47374
47379
47384
47390
47395
47400
47405
47410
47416
47421
47426
47431
47436
47442
47447
47452
47457
47462
47468
47473
47478
47483
47488
47493
47499
47504
47509
47514
47519
47524
47530
47535
47540
47545
47551
47556
47561
47567
47572
47577
47582
47587
47593
47598
47603
47608
47613
47618
47624
47629
47634
47639
47644
47650
47655
47660
47665
47670
47675
47680
47686
47691
47696
47701
47706
47711
47717
47722
47727
47732
47737
47743
47748
47753
47758
47763
47768
47774
47779
47784
47789
47795
47800
47805
47810
47815
47820
47827
47832
47837
47842
47847
47853
47858
47863
47868
47874
47879
47884
47889
47894
47900
47905
47910
47915
47920
47926
47931
47936
47941
47947
47955
47960
47965
47971
47976
47981
47986
47991
47997
48002
48007
48012
48017
48023
48028
48033
48038
48043
48049
48054
48059
48064
48069
48075
48080
48085
48090
48096
48101
48106
48111
48116
48122
48127
48132
48137
48143
48148
48153
48158
48163
48169
48174
48179
48185
48190
48195
48200
48206
48211
48216
48221
48226
48231
48237
48242
48247
48252
48258
48263
48268
48273
48279
48284
48290
48295
48300
48305
48311
48316
48321
48326
48332
48337
48342
48347
48352
48358
48363
48368
48373
48379
48384
48389
48394
48399
48405
48410
48415
48420
48425
48431
48436
48441
48446
48451
48457
48462
48467
48472
48477
48483
48488
48493
48498
48503
48509
48514
48519
48524
48530
48535
48540
48546
48554
48559
48565
48570
48575
48581
48586
48591
48596
48601
48607
48612
48617
48622
48628
48633
48638
48643
48649
48654
48659
48664
48670
48675
48680
48686
48691
48696
48701
48707
48712
48717
48722
48727
48733
48738
48743
48748
48753
48759
48764
48769
48774
48780
48785
48790
48795
48800
48806
48811
48816
48821
48827
48832
48837
48842
48848
48853
48858
48863
48869
48874
48879
48884
48890
48895
48900
48908
48914
48920
48926
48931
48937
48942
48948
48953
48958
48963
48969
48974
48979
48985
48990
48995
49001
49006
49011
49016
49022
49027
49032
49038
49043
49048
49054
49059
49064
49070
49075
49080
49085
49091
49096
49101
49106
49112
49117
49123
49128
49133
49138
49144
49149
49154
49159
49165
49170
49175
49181
49186
49191
49196
49202
49207
49212
49217
49223
49228
49233
49239
49244
49249
49254
49260
49265
49271
49276
49281
49287
49292
49297
49303
49308
49313
49318
49324
49329
49335
49340
49345
49351
49356
49361
49366
49372
49377
49382
49387
49393
49398
49403
49409
49414
49419
49424
49430
49435
49440
49445
49451
49456
49461
49466
49472
49477
49482
49488
49493
49498
49504
49509
49514
49520
49525
49530
49536
49541
49547
49552
49558
49563
49569
49574
49579
49585
49590
49595
49600
49606
49611
49616
49622
49627
49632
49638
49643
49648
49653
49659
49665
49670
49675
49681
49686
49691
49698
49704
49709
49715
49720
49726
49731
49736
49742
49747
49753
49758
49764
49769
49774
49779
49785
49790
49795
49806
49811
49823
49829
49835
49841
49847
49853
49869
49875
49881
49888
49894
49901
49907
49913
49918
49924
49929
49935
49942
49949
49956
49962
49969
49975
49982
49989
49995
50002
50011
50018
50028
50036
50043
50049
50055
50061
50066
50072
50078
50083
50089
50094
50100
50105
50111
50116
50121
50127
50132
50137
50143
50148
50154
50159
50164
50170
50175
50180
50186
50191
50196
50202
50207
50212
50218
50223
50228
50234
50239
50244
50250
50255
50260
50266
50271
50277
50283
50288
50293
50299
50304
50309
50315
50323
50330
50337
50344
50353
50360
50365
50371
50376
50381
50387
50392
50397
50403
50408
50413
50419
50424
50430
50435
50442
50447
50453
50458
50463
50469
50478
50483
50489
50494
50499
50506
50511
50517
50522
50528
50533
50538
50544
50554
50560
50565
50570
50576
50581
50586
50592
50597
50602
50607
50613
50618
50623
50628
50634
50639
50645
50650
50656
50661
50666
50672
50677
50686
50692
50697
50702
50707
50713
50718
50723
50729
50734
50740
50745
50750
50756
50761
50766
50771
50777
50782
50787
50792
50798
50803
50810
50815
50821
50826
50831
50837
50842
50847
50853
50858
50863
50869
50874
50879
50885
50890
50895
50901
50906
50911
50917
50922
50927
50932
50938
50943
50948
50953
50959
50967
50973
50979
50984
50990
50995
51002
51008
51013
51018
51024
51029
51034
51039
51045
51050
51055
51061
51066
51071
51076
51082
51087
51092
51097
51103
51108
51113
51119
51124
51129
51135
51140
51145
51150
51156
51161
51167
51172
51177
51182
51188
51193
51198
51204
51209
51214
51220
51225
51230
51236
51241
51246
51251
51257
51262
51267
51273
51278
51283
51288
51294
51299
51304
51310
51315
51320
51325
51331
51336
51341
51346
51351
51356
51362
51367
51372
51377
51382
51387
51392
51398
51403
51408
51413
51419
51424
51429
51434
51439
51445
51450
51455
51460
51466
51471
51476
51481
51486
51492
51497
51502
51507
51512
51518
51523
51528
51533
51539
51544
51549
51555
51560
51565
51570
51575
51581
51586
51591
51596
51601
51606
51612
51617
51622
51627
51633
51638
51643
51648
51653
51659
51664
51669
51674
51679
51684
51690
51695
51700
51705
51710
51716
51721
51726
51731
51736
51741
51747
51752
51757
51762
51767
51773
51778
51783
51788
51793
51799
51804
51809
51814
51819
51825
51830
51835
51840
51845
51850
51856
51861
51866
51871
51876
51881
51887
51892
51897
51902
51907
51913
51918
51923
51928
51933
51938
51944
51949
51954
51959
51964
51970
51975
51980
51985
51990
51995
52001
52006
52011
52016
52021
52027
52032
52037
52042
52047
52052
52058
52063
52068
52073
52078
52083
52088
52094
52099
52104
52110
52115
52120
52126
52131
52136
52141
52146
52151
52157
52163
52168
52173
52178
52183
52189
52194
52199
52204
52209
52215
52220
52225
52230
52235
52241
52246
52251
52256
52261
52267
52272
52277
52282
52287
52293
52298
52303
52308
52313
52319
52324
52329
52334
52339
52344
52350
52355
52360
52365
52371
52376
52381
52386
52391
52396
52402
52407
52412
52417
52422
52427
52433
52438
52443
52448
52453
52458
52463
52469
52474
52479
52484
52489
52495
52500
52505
52510
52515
52521
52526
52531
52537
52542
52548
52553
52558
52563
52569
52574
52579
52584
52589
52595
52600
52605
52610
52615
52621
52626
52631
52636
52641
52646
52652
52657
52662
52667
52672
52678
52683
52688
52693
52698
52704
52709
52714
52719
52724
52729
52735
52740
52745
52750
52755
52760
52766
52771
52776
52781
52786
52792
52797
52802
52807
52813
52818
52823
52828
52833
52839
52844
52849
52854
52859
52865
52870
52875
52880
52885
52891
52896
52901
52906
52911
52917
52922
52927
52932
52937
52942
52948
52953
52958
52963
52968
52974
52979
52984
52989
52994
52999
53005
53010
53015
53020
53025
53030
53036
53041
53046
53051
53056
53061
53067
53072
53077
53082
53087
53092
53097
53103
53108
53113
53118
53123
53129
53134
53139
53144
53149
53155
53160
53165
53170
53175
53181
53186
53191
53196
53201
53207
53212
53217
53222
53227
53232
53237
53243
53248
53253
53258
53263
53268
53274
53279
53284
53289
53294
53299
53305
53310
53315
53320
53325
53330
53335
53341
53346
53351
53356
53361
53366
53372
53377
53382
53387
53392
53398
53403
53408
53413
53418
53423
53428
53434
53439
53444
53449
53454
53459
53464
53470
53475
53480
53485
53490
53496
53501
53506
53511
53516
53521
53527
53532
53537
53542
53547
53552
53557
53563
53568
53573
53578
53583
53588
53594
53599
53604
53609
53614
53619
53625
53630
53635
53640
53645
53651
53656
53661
53666
53671
53676
53682
53687
53692
53697
53702
53707
53713
53718
53723
53728
53733
53738
53744
53749
53754
53759
53764
53770
53775
53780
53785
53790
53795
53801
53806
53811
53816
53821
53826
53832
53837
53842
53847
53852
53857
53863
53868
53873
53878
53883
53888
53894
53899
53904
53910
53915
53920
53925
53930
53935
53941
53946
53951
53956
53961
53967
53972
53977
53982
53987
53992
53998
54003
54008
54013
54018
54023
54028
54034
54039
54044
54049
54055
54060
54065
54071
54076
54081
54086
54091
54096
54102
54107
54112
54117
54122
54127
54133
54138
54143
54149
54154
54159
54164
54170
54175
54180
54185
54191
54196
54201
54206
54211
54217
54222
54227
54233
54238
54243
54248
54253
54259
54264
54269
54275
54280
54285
54291
54296
54301
54307
54312
54317
54322
54328
54333
54338
54344
54349
54354
54359
54366
54372
54377
54382
54388
54393
54399
54404
54409
54414
54419
54425
54430
54435
54440
54445
54451
54456
54461
54466
54471
54476
54482
54487
54492
54497
54502
54508
54513
54518
54523
54528
54533
54539
54544
54549
54554
54560
54565
54570
54575
54580
54586
54591
54596
54601
54606
54611
54617
54622
54627
54632
54637
54642
54648
54653
54658
54663
54668
54673
54679
54684
54689
54694
54699
54704
54709
54715
54720
54725
54730
54735
54741
54746
54751
54756
54761
54767
54772
54777
54782
54787
54792
54798
54803
54808
54813
54818
54824
54829
54834
54839
54844
54850
54855
54860
54865
54870
54876
54881
54886
54891
54896
54902
54907
54912
54917
54922
54928
54933
54938
54943
54948
54953
54959
54964
54969
54974
54979
54984
54990
54995
55000
55005
55010
55015
55020
55026
55031
55036
55041
55046
55051
55057
55062
55067
55072
55077
55082
55087
55093
55098
55103
55108
55113
55118
55123
55129
55134
55139
55144
55149
55154
55160
55165
55170
55175
55180
55186
55191
55196
55201
55206
55211
55217
55222
55227
55232
55238
55243
55248
55253
55258
55263
55269
55274
55279
55284
55289
55294
55299
55305
55310
55315
55320
55325
55331
55336
55341
55346
55351
55356
55362
55367
55372
55377
55382
55387
55392
55398
55403
55408
55413
55418
55423
55429
55434
55439
55444
55449
55454
55460
55465
55470
55475
55480
55485
55490
55496
55501
55506
55511
55516
55521
55526
55532
55537
55542
55547
55552
55558
55563
55568
55573
55578
55584
55589
55594
55599
55604
55610
55615
55620
55625
55630
55635
55640
55646
55651
55656
55661
55666
55672
55677
55682
55687
55692
55697
55703
55708
55713
55718
55723
55728
55734
55739
55744
55749
55754
55759
55765
55770
55775
55780
55785
55790
55796
55801
55806
55811
55816
55821
55827
55832
55837
55842
55848
55853
55858
55863
55869
55874
55879
55884
55889
55895
55900
55905
55910
55915
55920
55926
55931
55936
55941
55946
55951
55957
55962
55967
55972
55977
55983
55988
55993
55998
56003
56009
56014
56019
56024
56029
56034
56040
56045
56050
56055
56061
56066
56071
56076
56081
56087
56092
56097
56102
56110
56115
56120
56125
56131
56136
56141
56146
56151
56157
56162
56167
56172
56177
56182
56187
56193
56198
56203
56208
56213
56219
56224
56229
56234
56239
56244
56249
56255
56260
56265
56270
56275
56281
56286
56291
56296
56301
56307
56312
56317
56322
56328
56333
56338
56343
56349
56354
56359
56364
56370
56375
56380
56385
56390
56396
56401
56406
56411
56417
56422
56427
56432
56438
56443
56448
56453
56458
56464
56469
56474
56479
56484
56490
56495
56501
56506
56512
56517
56522
56527
56532
56538
56543
56548
56553
56559
56564
56569
56574
56580
56585
56590
56595
56600
56607
56615
56620
56625
56631
56636
56641
56646
56652
56657
56662
56667
56673
56678
56683
56689
56694
56699
56704
56710
56715
56720
56726
56731
56736
56742
56747
56753
56758
56763
56769
