time (ms),latency (ms),consume (ms)
0,21,0
7,11,7
10,6,3
14,2,4
21,3,7
29,2,8
37,2,8
45,2,8
55,4,10
62,2,7
70,2,8
79,2,9
87,2,8
99,5,12
108,2,9
115,1,7
124,2,9
132,2,8
143,5,11
152,2,9
160,1,8
168,2,8
177,2,9
187,2,10
196,2,9
204,1,8
212,1,8
221,2,9
229,2,8
241,2,12
249,2,8
262,2,13
272,3,10
280,2,8
288,2,8
295,1,7
303,2,8
312,3,9
320,2,8
328,1,8
336,2,8
344,2,8
351,1,7
359,2,8
367,2,8
376,3,9
384,2,8
391,1,7
402,2,11
410,2,8
419,3,9
427,2,8
434,1,7
442,2,8
451,3,9
459,2,8
468,3,9
476,1,8
484,2,8
492,2,8
501,2,9
510,3,9
520,2,10
530,2,10
538,1,8
548,2,10
556,2,8
564,2,8
572,2,8
579,1,7
586,1,7
596,2,10
603,1,7
611,1,8
618,1,7
625,1,7
633,2,8
641,1,8
649,1,8
658,3,9
666,2,8
673,1,7
681,2,8
688,1,7
696,2,8
704,2,8
711,2,7
718,1,7
725,1,7
732,1,7
739,1,7
746,1,7
753,1,7
762,3,9
769,1,7
776,1,7
783,1,7
791,2,8
798,2,7
805,1,7
812,1,7
819,1,7
826,1,7
833,1,7
840,1,7
848,2,8
856,2,8
863,1,7
870,1,7
877,1,7
884,1,7
896,6,12
903,1,7
911,1,8
921,1,10
929,1,8
936,1,7
943,1,7
952,2,9
959,1,7
967,1,8
975,2,8
982,1,7
989,1,7
997,2,8
1004,1,7
1011,1,7
1018,1,7
1025,1,7
1032,1,7
1039,1,7
1046,1,7
1054,2,8
1061,2,7
1068,2,7
1074,1,6
1082,2,8
1090,2,8
1099,3,9
1107,2,8
1114,1,7
1121,1,7
1128,1,7
1137,3,9
1144,1,7
1151,1,7
1160,2,9
1167,1,7
1175,2,8
1182,1,7
1191,3,9
1199,2,8
1206,1,7
1213,1,7
1221,2,8
1230,3,9
1237,1,7
1244,1,7
1257,2,13
1265,2,8
1273,2,8
1280,1,7
1288,1,8
1296,1,8
1304,1,8
1312,2,8
1320,2,8
1328,2,8
1339,5,11
1347,1,8
1356,2,9
1364,2,8
1372,2,8
1380,2,8
1387,1,7
1394,1,7
1401,1,7
1409,2,8
1416,2,7
1425,2,9
1432,1,7
1441,3,9
1449,2,8
1458,2,9
1467,2,9
1477,2,10
1487,4,10
1495,1,8
1504,1,9
1512,2,8
1522,2,10
1537,2,15
1544,1,7
1552,2,8
1560,2,8
1567,1,7
1575,2,8
1583,1,8
1593,4,10
1600,1,7
1607,1,7
1614,1,7
1640,2,26
1649,3,9
1657,2,8
1665,2,8
1674,3,9
1683,2,9
1691,2,8
1700,2,9
1708,2,8
1716,2,8
1725,2,9
1733,2,8
1742,2,9
1750,2,8
1759,2,9
1792,26,33
1795,16,3
1797,11,2
1798,5,1
1801,1,3
1813,6,12
1818,2,5
1824,1,6
1831,2,7
1839,2,8
1846,2,7
1854,2,8
1861,2,7
1868,2,7
1875,2,7
1883,2,8
1890,2,7
1897,2,7
1908,6,11
1917,4,9
1924,2,7
1931,2,7
1938,2,7
1945,1,7
1954,3,9
1963,3,9
1972,3,9
1981,2,9
1994,4,13
2004,2,10
2014,2,10
2021,1,7
2027,1,6
2037,2,10
2045,1,8
2053,1,8
2062,2,9
2070,2,8
2079,2,9
2086,1,7
2093,1,7
2100,1,7
2107,1,7
2114,1,7
2122,2,8
2129,1,7
2137,2,8
2144,1,7
2151,1,7
2159,1,8
2167,2,8
2174,1,7
2182,2,8
2189,1,7
2196,1,7
2203,1,7
2212,2,9
2219,1,7
2226,1,7
2233,1,7
2240,1,7
2248,2,8
2255,1,7
2263,2,8
2271,2,8
2278,1,7
2286,2,8
2294,2,8
2302,1,8
2310,1,8
2318,1,8
2325,1,7
2332,1,7
2339,1,7
2346,1,7
2354,2,8
2361,1,7
2368,1,7
2375,1,7
2387,6,12
2394,1,7
2402,1,8
2410,2,8
2419,3,9
2427,2,8
2434,1,7
2443,2,9
2450,2,7
2458,2,8
2466,2,8
2473,1,7
2481,2,8
2490,2,9
2497,1,7
2505,1,8
2512,1,7
2520,2,8
2527,1,7
2534,1,7
2541,1,7
2550,3,9
2557,1,7
2574,2,17
2581,1,7
2588,1,7
2596,2,8
2603,2,7
2611,2,8
2622,2,11
2630,2,8
2638,2,8
2647,3,9
2655,2,8
2663,2,8
2671,2,8
2678,1,7
2717,30,39
2718,25,1
2719,21,1
2721,18,2
2722,13,1
2723,9,1
2724,5,1
2726,1,2
2732,2,6
2738,2,6
2743,1,5
2749,1,6
2755,2,6
2761,2,6
2768,2,7
2776,2,8
2783,2,7
2790,1,7
2797,1,7
2804,1,7
2811,1,7
2818,1,7
2825,1,7
2835,4,10
2843,2,8
2851,2,8
2858,1,7
2866,2,8
2873,1,7
2881,2,8
2888,1,7
2895,1,7
2903,2,8
2910,1,7
2919,3,9
2926,1,7
2934,2,8
2944,4,10
2951,2,7
2958,1,7
2965,1,7
2972,1,7
2980,1,8
2994,2,14
3001,1,7
3009,1,8
3019,4,10
3026,1,7
3033,1,7
3041,2,8
3101,11,60
3123,4,22
3130,1,7
3137,1,7
3145,2,8
3152,1,7
3160,1,8
3168,2,8
3176,2,8
3184,2,8
3192,2,8
3200,2,8
3208,2,8
3216,2,8
3224,2,8
3232,2,8
3240,2,8
3247,1,7
3255,2,8
3262,1,7
3270,2,8
3277,1,7
3285,2,8
3292,1,7
3300,2,8
3307,1,7
3315,2,8
3323,2,8
3330,1,7
3338,2,8
3345,1,7
3353,2,8
3360,1,7
3368,2,8
3375,1,7
3383,2,8
3391,2,8
3398,1,7
3406,2,8
3414,2,8
3424,1,10
3432,2,8
3440,2,8
3448,2,8
3455,1,7
3462,1,7
3469,1,7
3476,1,7
3483,1,7
3490,1,7
3497,1,7
3504,1,7
3511,1,7
3519,2,8
3527,2,8
3535,2,8
3542,1,7
3549,1,7
3556,1,7
3563,1,7
3570,1,7
3577,1,7
3584,1,7
3592,2,8
3600,2,8
3608,2,8
3616,2,8
3624,2,8
3631,1,7
3639,2,8
3646,1,7
3654,1,8
3661,2,7
3668,2,7
3674,1,6
3681,1,7
3688,1,7
3695,1,7
3702,1,7
3709,1,7
3716,1,7
3724,2,8
3731,2,7
3737,1,6
3743,1,6
3750,1,7
3756,1,6
3762,1,6
3768,1,6
3775,1,7
3782,2,7
3788,1,6
3794,0,6
3801,1,7
3807,1,6
3813,1,6
3819,1,6
3825,0,6
3831,0,6
3838,1,7
3844,1,6
3851,2,7
3864,1,13
3869,1,5
3874,1,5
3879,0,5
3885,1,6
3890,1,5
3895,1,5
3900,1,5
3905,0,5
3911,1,6
3916,1,5
3921,1,5
3926,0,5
3931,0,5
3937,1,6
3942,1,5
3947,0,5
3952,0,5
3958,1,6
3963,1,5
3970,0,7
3979,3,9
3986,2,7
3992,1,6
3998,0,6
4007,3,9
4015,3,8
4021,1,6
4027,0,6
4034,1,7
4040,1,6
4047,2,7
4053,1,6
4060,1,7
4066,1,6
4073,1,7
4079,0,6
4086,1,7
4092,1,6
4099,2,7
4105,0,6
4111,0,6
4117,0,6
4123,0,6
4129,1,6
4135,1,6
4142,1,7
4148,1,6
4154,1,6
4160,0,6
4166,1,6
4172,0,6
4178,0,6
4184,0,6
4190,0,6
4196,0,6
4202,0,6
4211,3,9
4219,0,8
4226,1,7
4232,1,6
4239,1,7
4245,1,6
4252,1,7
4260,2,8
4267,2,7
4274,1,7
4281,2,7
4287,1,6
4294,1,7
4300,0,6
4306,0,6
4312,1,6
4318,1,6
4324,1,6
4331,1,7
4338,1,7
4344,1,6
4350,1,6
4357,1,7
4363,1,6
4369,1,6
4375,1,6
4381,1,6
4387,1,6
4395,2,8
4403,2,8
4412,2,9
4419,1,7
4427,2,8
4435,2,8
4442,1,7
4449,1,7
4457,2,8
4465,2,8
4472,1,7
4480,2,8
4488,2,8
4499,1,11
4506,1,7
4514,2,8
4521,1,7
4528,1,7
4536,2,8
4543,1,7
4551,2,8
4558,1,7
4565,1,7
4572,1,7
4579,1,7
4586,1,7
4592,1,6
4603,5,11
4610,1,7
4617,1,7
4624,1,7
4631,1,7
4637,1,6
4644,1,7
4651,1,7
4657,0,6
4664,1,7
4670,0,6
4677,1,7
4684,1,7
4690,1,6
4697,1,7
4703,1,6
4710,1,7
4716,1,6
4723,1,7
4730,1,7
4736,1,6
4743,1,7
4749,1,6
4756,1,7
4766,5,10
4772,1,6
4780,2,8
4787,1,7
4793,0,6
4800,1,7
4806,1,6
4813,1,7
4819,1,6
4826,1,7
4832,1,6
4840,2,8
4847,1,7
4855,2,8
4863,2,8
4870,1,7
4877,1,7
4887,4,10
4897,1,10
4904,1,7
4911,1,7
4917,0,6
4924,1,7
4930,1,6
4937,2,7
4943,1,6
4950,1,7
4956,0,6
4963,1,7
4970,1,7
4978,3,8
4985,1,7
4993,1,8
5000,1,7
5007,1,7
5013,1,6
5021,2,8
5028,2,7
5035,1,7
5042,1,7
5049,1,7
5057,2,8
5064,1,7
5072,2,8
5088,5,16
5094,1,6
5101,1,7
5107,1,6
5114,1,7
5121,1,7
5127,1,6
5136,3,9
5143,1,7
5150,1,7
5157,1,7
5164,1,7
5171,1,7
5178,1,7
5186,2,8
5192,1,6
5203,5,11
5210,2,7
5216,1,6
5223,1,7
5229,0,6
5236,1,7
5244,2,8
5251,1,7
5258,1,7
5265,1,7
5273,2,8
5281,2,8
5289,2,8
5296,1,7
5303,1,7
5311,2,8
5318,1,7
5325,1,7
5333,2,8
5340,1,7
5356,10,16
5364,2,8
5372,1,8
5380,2,8
5388,2,8
5396,1,8
5404,2,8
5411,1,7
5419,2,8
5427,2,8
5436,2,9
5443,1,7
5451,2,8
5459,2,8
5467,2,8
5475,2,8
5483,2,8
5492,2,9
5499,1,7
5507,2,8
5515,2,8
5522,1,7
5529,1,7
5535,1,6
5542,1,7
5549,1,7
5555,0,6
5562,1,7
5569,1,7
5576,1,7
5584,2,8
5591,2,7
5599,2,8
5605,1,6
5612,1,7
5619,1,7
5625,1,6
5632,1,7
5638,1,6
5645,2,7
5651,1,6
5658,1,7
5665,2,7
5671,1,6
5678,1,7
5685,1,7
5692,1,7
5699,2,7
5706,1,7
5712,0,6
5719,1,7
5726,1,7
5735,3,9
5741,1,6
5748,1,7
5754,1,6
5761,1,7
5767,1,6
5774,1,7
5780,1,6
5786,1,6
5792,1,6
5798,0,6
5809,1,11
5816,1,7
5822,1,6
5828,1,6
5834,1,6
5840,1,6
5847,1,7
5853,1,6
5859,1,6
5865,1,6
5871,0,6
5878,1,7
5885,2,7
5892,1,7
5900,2,8
5908,2,8
5916,2,8
5923,1,7
5932,3,9
5939,1,7
5947,2,8
5955,2,8
5963,2,8
5971,2,8
5979,2,8
5987,2,8
5995,1,8
6003,2,8
6011,2,8
6019,2,8
6027,2,8
6035,2,8
6043,2,8
6051,2,8
6059,2,8
6067,2,8
6075,2,8
6083,2,8
6091,2,8
6099,2,8
6110,2,11
6118,2,8
6127,2,9
6135,2,8
6143,2,8
6150,1,7
6159,2,9
6170,2,11
6178,2,8
6186,2,8
6194,2,8
6201,1,7
6209,1,8
6216,1,7
6223,1,7
6229,1,6
6236,1,7
6242,1,6
6248,1,6
6255,1,7
6261,1,6
6268,1,7
6275,1,7
6281,1,6
6288,1,7
6294,1,6
6300,1,6
6307,1,7
6313,1,6
6319,1,6
6325,1,6
6331,1,6
6338,1,7
6344,1,6
6350,1,6
6357,1,7
6363,1,6
6369,0,6
6376,1,7
6381,0,5
6388,1,7
6394,1,6
6400,1,6
6407,1,7
6413,1,6
6419,1,6
6429,1,10
6435,1,6
6441,1,6
6447,0,6
6453,0,6
6459,0,6
6465,0,6
6471,0,6
6477,0,6
6483,0,6
6490,1,7
6496,1,6
6502,1,6
6508,1,6
6514,0,6
6520,0,6
6526,1,6
6532,1,6
6538,1,6
6545,1,7
6551,1,6
6557,0,6
6563,0,6
6570,1,7
6576,0,6
6582,0,6
6588,1,6
6594,1,6
6601,1,7
6608,2,7
6614,1,6
6620,0,6
6626,1,6
6632,1,6
6638,1,6
6644,1,6
6650,1,6
6656,1,6
6662,0,6
6668,1,6
6675,1,7
6681,0,6
6687,0,6
6693,0,6
6699,0,6
6705,0,6
6711,0,6
6717,1,6
6723,1,6
6729,1,6
6736,0,7
6742,0,6
6753,1,11
6759,1,6
6765,1,6
6771,1,6
6777,1,6
6783,1,6
6790,1,7
6796,1,6
6802,1,6
6808,1,6
6814,1,6
6821,1,7
6827,1,6
6833,1,6
6840,1,7
6846,1,6
6853,1,7
6859,1,6
6866,1,7
6872,1,6
6878,0,6
6885,1,7
6892,1,7
6898,1,6
6904,1,6
6910,0,6
6923,5,13
6929,1,6
6936,1,7
6942,1,6
6948,1,6
6954,1,6
6961,1,7
6968,2,7
6974,1,6
6980,1,6
6986,0,6
6992,0,6
6999,1,7
7006,1,7
7012,1,6
7019,1,7
7025,1,6
7031,0,6
7038,1,7
7044,1,6
7051,1,7
7057,1,6
7063,1,6
7070,1,7
7076,1,6
7082,1,6
7088,0,6
7095,1,7
7101,1,6
7107,1,6
7113,1,6
7120,1,7
7126,1,6
7133,1,7
7139,1,6
7145,0,6
7152,1,7
7159,1,7
7165,1,6
7172,1,7
7179,1,7
7185,1,6
7192,1,7
7199,1,7
7205,1,6
7212,1,7
7219,1,7
7225,1,6
7232,1,7
7245,1,13
7252,1,7
7258,1,6
7265,1,7
7272,1,7
7280,2,8
7288,2,8
7295,1,7
7302,1,7
7309,1,7
7316,1,7
7324,2,8
7331,1,7
7339,2,8
7346,1,7
7354,2,8
7361,2,7
7368,1,7
7375,1,7
7383,2,8
7390,1,7
7398,2,8
7405,1,7
7412,1,7
7419,1,7
7427,2,8
7434,1,7
7442,2,8
7449,2,7
7456,1,7
7464,2,8
7471,2,7
7478,1,7
7486,2,8
7494,2,8
7501,1,7
7508,1,7
7515,1,7
7523,2,8
7530,2,7
7537,2,7
7544,2,7
7551,1,7
7557,1,6
7564,1,7
7570,1,6
7577,1,7
7583,1,6
7590,1,7
7600,2,10
7609,2,9
7615,1,6
7622,1,7
7629,1,7
7636,1,7
7644,2,8
7650,1,6
7657,1,7
7664,1,7
7670,1,6
7678,2,8
7685,2,7
7692,1,7
7699,1,7
7707,1,8
7714,1,7
7743,23,29
7748,23,5
7750,19,2
7751,15,1
7753,12,2
7756,8,3
7760,1,4
7768,2,8
7775,2,7
7782,1,7
7789,1,7
7796,1,7
7803,1,7
7810,1,7
7817,1,7
7824,1,7
7831,1,7
7838,1,7
7845,1,7
7853,2,8
7860,2,7
7867,1,7
7874,1,7
7882,2,8
7889,1,7
7897,2,8
7904,1,7
7912,2,8
7919,1,7
7932,7,13
7939,1,7
7954,2,15
7961,1,7
7968,1,7
7975,1,7
7983,2,8
7990,1,7
7998,2,8
8006,2,8
8014,2,8
8022,2,8
8030,2,8
8037,1,7
8044,1,7
8050,1,6
8056,1,6
8062,1,6
8069,1,7
8075,1,6
8083,2,8
8091,2,8
8098,1,7
8105,1,7
8112,1,7
8122,1,10
8133,1,11
8140,1,7
8148,2,8
8155,2,7
8162,1,7
8169,1,7
8177,2,8
8184,1,7
8192,2,8
8199,1,7
8206,1,7
8213,1,7
8220,1,7
8227,1,7
8233,1,6
8240,1,7
8248,2,8
8255,1,7
8262,1,7
8268,1,6
8274,1,6
8280,0,6
8293,1,13
8299,1,6
8305,0,6
8312,1,7
8318,1,6
8324,1,6
8330,1,6
8336,0,6
8342,0,6
8349,0,7
8356,1,7
8362,1,6
8369,1,7
8375,1,6
8382,1,7
8388,1,6
8394,1,6
8400,1,6
8406,0,6
8413,1,7
8419,1,6
8425,1,6
8431,1,6
8437,0,6
8444,1,7
8451,1,7
8458,2,7
8464,1,6
8471,1,7
8477,1,6
8484,1,7
8490,1,6
8497,1,7
8506,1,9
8513,1,7
8520,2,7
8526,1,6
8532,0,6
8539,1,7
8545,1,6
8552,1,7
8558,1,6
8565,1,7
8577,1,12
8583,1,6
8590,1,7
8596,1,6
8603,1,7
8610,1,7
8616,1,6
8622,0,6
8629,1,7
8635,1,6
8641,1,6
8647,1,6
8653,1,6
8659,1,6
8664,0,5
8670,0,6
8676,0,6
8682,0,6
8688,0,6
8695,1,7
8701,1,6
8707,1,6
8713,1,6
8719,0,6
8725,0,6
8731,0,6
8738,1,7
8744,1,6
8750,1,6
8756,1,6
8762,1,6
8768,1,6
8774,1,6
8781,1,7
8787,1,6
8793,1,6
8799,1,6
8805,0,6
8811,0,6
8817,0,6
8823,0,6
8830,1,7
8836,1,6
8843,1,7
8849,1,6
8856,1,7
8862,1,6
8868,1,6
8874,1,6
8880,1,6
8886,1,6
8892,1,6
8899,1,7
8905,1,6
8912,1,7
8918,1,6
8924,1,6
8930,0,6
8938,0,8
8945,1,7
8951,1,6
8957,1,6
8963,1,6
8969,0,6
8975,0,6
8981,0,6
8988,1,7
8997,1,9
9003,1,6
9009,1,6
9016,1,7
9022,1,6
9028,1,6
9035,1,7
9041,0,6
9047,1,6
9053,0,6
9059,1,6
9065,1,6
9071,1,6
9077,1,6
9084,1,7
9090,1,6
9097,1,7
9103,1,6
9109,1,6
9116,1,7
9122,1,6
9128,1,6
9134,1,6
9139,0,5
9145,0,6
9151,1,6
9157,0,6
9163,1,6
9169,1,6
9175,1,6
9181,1,6
9187,1,6
9193,1,6
9199,0,6
9205,0,6
9211,0,6
9217,1,6
9223,1,6
9229,1,6
9235,1,6
9240,0,5
9246,0,6
9252,0,6
9258,1,6
9264,1,6
9270,1,6
9275,0,5
9282,1,7
9288,1,6
9293,0,5
9299,0,6
9307,3,8
9313,1,6
9319,1,6
9324,0,5
9330,0,6
9336,0,6
9342,0,6
9349,1,7
9355,1,6
9364,0,9
9370,0,6
9376,1,6
9382,1,6
9388,1,6
9393,0,5
9399,0,6
9405,0,6
9411,1,6
9417,1,6
9423,1,6
9428,0,5
9434,0,6
9440,0,6
9446,1,6
9452,1,6
9459,1,7
9464,0,5
9470,0,6
9476,0,6
9482,1,6
9488,0,6
9494,0,6
9500,0,6
9506,1,6
9512,1,6
9519,2,7
9525,1,6
9531,1,6
9537,1,6
9542,0,5
9548,0,6
9554,0,6
9560,0,6
9566,0,6
9572,1,6
9578,1,6
9584,1,6
9589,0,5
9595,0,6
9601,0,6
9607,1,6
9613,1,6
9618,0,5
9627,3,9
9633,1,6
9638,0,5
9644,0,6
9650,0,6
9656,0,6
9662,0,6
9668,1,6
9676,0,8
9683,1,7
9693,1,10
9699,1,6
9705,1,6
9711,1,6
9717,1,6
9723,1,6
9729,0,6
9736,1,7
9742,1,6
9748,1,6
9754,1,6
9760,1,6
9766,1,6
9772,1,6
9778,1,6
9784,1,6
9790,1,6
9796,1,6
9802,1,6
9808,1,6
9814,1,6
9820,1,6
9825,0,5
9831,0,6
9838,1,7
9844,1,6
9849,0,5
9857,2,8
9863,1,6
9869,1,6
9875,1,6
9881,1,6
9888,0,7
9894,0,6
9900,0,6
9906,0,6
9912,1,6
9918,1,6
9924,1,6
9930,1,6
9936,1,6
9942,0,6
9948,0,6
9954,1,6
9960,1,6
9966,1,6
9972,1,6
9978,1,6
9987,0,9
9994,1,7
10000,1,6
10005,1,5
10010,0,5
10016,1,6
10021,1,5
10026,0,5
10033,1,7
10039,1,6
10045,0,6
10051,0,6
10057,0,6
10063,0,6
10069,0,6
10076,1,7
10082,1,6
10088,1,6
10094,1,6
10100,1,6
10106,1,6
10112,0,6
10119,1,7
10125,1,6
10131,1,6
10137,1,6
10143,1,6
10153,1,10
10159,1,6
10165,1,6
10171,1,6
10177,1,6
10183,1,6
10189,1,6
10195,1,6
10201,1,6
10207,1,6
10212,0,5
10218,0,6
10224,0,6
10230,0,6
10236,0,6
10242,0,6
10249,1,7
10255,1,6
10262,1,7
10268,1,6
10274,1,6
10280,1,6
10286,1,6
10292,1,6
10298,0,6
10305,1,7
10311,1,6
10317,1,6
10323,1,6
10329,0,6
10335,0,6
10341,1,6
10347,1,6
10355,1,8
10361,1,6
10367,1,6
10373,0,6
10379,0,6
10385,0,6
10392,1,7
10398,1,6
10404,1,6
10410,1,6
10416,0,6
10423,1,7
10429,1,6
10435,0,6
10442,1,7
10448,1,6
10456,2,8
10462,1,6
10467,0,5
10473,0,6
10479,0,6
10485,1,6
10491,1,6
10497,1,6
10502,0,5
10508,0,6
10514,0,6
10520,1,6
10526,1,6
10531,0,5
10537,0,6
10543,0,6
10549,1,6
10555,1,6
10561,1,6
10567,1,6
10573,0,6
10579,0,6
10585,0,6
10591,1,6
10597,1,6
10602,0,5
10608,0,6
10614,0,6
10620,1,6
10626,1,6
10632,1,6
10638,1,6
10645,1,7
10651,1,6
10657,0,6
10664,1,7
10670,1,6
10676,1,6
10682,1,6
10688,1,6
10695,1,7
10701,1,6
10708,1,7
10714,1,6
10720,1,6
10727,1,7
10733,0,6
10740,1,7
10746,1,6
10753,1,7
10759,1,6
10766,1,7
10772,1,6
10779,1,7
10786,2,7
10792,1,6
10799,1,7
10806,1,7
10813,1,7
10819,1,6
10826,1,7
10833,1,7
10840,1,7
10851,6,11
10858,1,7
10865,1,7
10872,2,7
10880,2,8
10887,1,7
10894,1,7
10901,1,7
10908,1,7
10915,2,7
10921,1,6
10928,1,7
10935,1,7
10942,1,7
10949,1,7
10956,1,7
10962,1,6
10969,1,7
10976,1,7
10983,1,7
10989,1,6
10996,1,7
11003,1,7
11010,2,7
11016,1,6
11023,1,7
11030,1,7
11036,1,6
11043,1,7
11050,1,7
11056,1,6
11063,1,7
11070,1,7
11076,1,6
11083,1,7
11089,1,6
11100,1,11
11106,0,6
11113,1,7
11119,1,6
11125,1,6
11131,1,6
11137,0,6
11144,1,7
11150,1,6
11156,1,6
11162,1,6
11168,1,6
11174,1,6
11180,1,6
11186,0,6
11193,1,7
11199,1,6
11205,1,6
11211,1,6
11217,1,6
11223,1,6
11229,1,6
11235,1,6
11241,1,6
11246,0,5
11252,0,6
11258,0,6
11264,0,6
11270,1,6
11276,1,6
11282,1,6
11287,0,5
11293,0,6
11299,0,6
11305,1,6
11313,1,8
11319,1,6
11325,1,6
11331,1,6
11337,1,6
11343,1,6
11349,0,6
11355,0,6
11361,0,6
11367,0,6
11373,0,6
11379,1,6
11385,0,6
11391,0,6
11397,0,6
11403,0,6
11409,0,6
11415,0,6
11421,1,6
11427,1,6
11433,1,6
11439,1,6
11445,1,6
11451,1,6
11457,1,6
11463,1,6
11468,0,5
11474,0,6
11480,0,6
11486,0,6
11492,0,6
11498,0,6
11504,0,6
11510,0,6
11519,0,9
11525,0,6
11532,1,7
11538,1,6
11544,1,6
11550,1,6
11556,1,6
11562,1,6
11568,1,6
11574,1,6
11580,1,6
11586,1,6
11592,1,6
11598,1,6
11603,0,5
11609,0,6
11616,1,7
11621,0,5
11627,0,6
11633,0,6
11639,0,6
11645,0,6
11652,1,7
11658,1,6
11664,1,6
11670,1,6
11677,1,7
11683,1,6
11689,1,6
11695,0,6
11701,0,6
11707,1,6
11713,1,6
11719,1,6
11725,1,6
11731,1,6
11737,1,6
11743,1,6
11749,1,6
11754,0,5
11760,0,6
11766,1,6
11772,1,6
11778,1,6
11784,1,6
11790,1,6
11796,1,6
11802,1,6
11808,1,6
11814,0,6
11820,1,6
11826,1,6
11832,1,6
11838,1,6
11844,1,6
11850,1,6
11856,1,6
11862,0,6
11868,0,6
11874,0,6
11881,1,7
11887,0,6
11893,0,6
11900,1,7
11906,1,6
11912,1,6
11918,1,6
11924,1,6
11931,1,7
11937,1,6
11943,1,6
11949,1,6
11955,1,6
11964,4,9
11970,1,6
11976,1,6
11982,1,6
11988,1,6
11994,1,6
12000,1,6
12006,1,6
12012,0,6
12019,1,7
12025,1,6
12031,1,6
12038,1,7
12044,1,6
12050,1,6
12056,1,6
12062,1,6
12068,1,6
12074,1,6
12080,1,6
12086,1,6
12092,0,6
12099,1,7
12105,1,6
12111,1,6
12118,1,7
12124,1,6
12130,1,6
12136,1,6
12142,1,6
12148,1,6
12154,1,6
12160,1,6
12166,1,6
12171,0,5
12177,0,6
12183,0,6
12189,0,6
12197,2,8
12203,1,6
12209,1,6
12215,1,6
12220,0,5
12226,0,6
12232,1,6
12242,5,10
12249,1,7
12255,1,6
12262,1,7
12269,1,7
12275,1,6
12282,1,7
12289,1,7
12296,1,7
12302,1,6
12309,1,7
12316,1,7
12323,2,7
12329,1,6
12337,2,8
12344,2,7
12351,2,7
12358,2,7
12365,1,7
12371,1,6
12378,1,7
12385,1,7
12393,1,8
12400,1,7
12407,1,7
12414,1,7
12421,1,7
12428,1,7
12435,1,7
12447,6,12
12454,1,7
12461,1,7
12468,1,7
12477,1,9
12484,1,7
12492,2,8
12499,2,7
12506,1,7
12513,1,7
12520,1,7
12527,1,7
12534,1,7
12541,1,7
12548,1,7
12556,2,8
12563,2,7
12571,2,8
12579,2,8
12587,2,8
12594,2,7
12601,1,7
12608,2,7
12615,1,7
12622,1,7
12629,1,7
12637,2,8
12644,2,7
12651,2,7
12658,1,7
12666,1,8
12673,1,7
12680,1,7
12687,1,7
12695,2,8
12702,1,7
12709,1,7
12716,1,7
12723,1,7
12730,1,7
12737,1,7
12761,14,24
12762,10,1
12764,6,2
12765,2,1
12770,2,5
12776,2,6
12781,2,5
12786,1,5
12795,5,9
12798,1,3
12806,2,8
12813,1,7
12820,1,7
12827,1,7
12834,1,7
12841,2,7
12848,2,7
12855,1,7
12862,1,7
12869,1,7
12876,1,7
12883,1,7
12890,1,7
12897,1,7
12904,1,7
12911,1,7
12918,1,7
12926,2,8
12934,1,8
12942,1,8
12949,1,7
12956,1,7
12963,1,7
12970,1,7
12980,2,10
12987,1,7
12995,2,8
13001,1,6
13010,2,9
13017,1,7
13025,2,8
13032,1,7
13040,2,8
13047,1,7
13054,1,7
13061,1,7
13069,2,8
13077,3,8
13086,2,9
13094,2,8
13102,2,8
13109,2,7
13116,1,7
13124,2,8
13131,1,7
13139,2,8
13147,2,8
13154,1,7
13162,2,8
13168,2,6
13173,1,5
13179,1,6
13185,2,6
13191,2,6
13197,2,6
13202,1,5
13208,2,6
13213,1,5
13219,1,6
13225,2,6
13230,1,5
13237,1,7
13244,1,7
13251,1,7
13258,1,7
13265,1,7
13271,1,6
13278,1,7
13286,2,8
13293,2,7
13301,2,8
13308,1,7
13316,2,8
13324,2,8
13331,1,7
13339,2,8
13347,2,8
13356,2,9
13361,1,5
13367,1,6
13372,1,5
13378,1,6
13384,2,6
13390,2,6
13395,1,5
13401,1,6
13407,2,6
13412,1,5
13418,2,6
13423,1,5
13429,1,6
13437,2,8
13444,1,7
13452,2,8
13458,2,6
13465,2,7
13472,2,7
13479,2,7
13486,2,7
13493,1,7
13501,2,8
13508,1,7
13515,1,7
13523,2,8
13531,2,8
13539,2,8
13546,1,7
13554,2,8
13562,2,8
13570,2,8
13578,2,8
13585,1,7
13593,2,8
13600,1,7
13607,1,7
13614,1,7
13621,1,7
13628,1,7
13635,1,7
13642,1,7
13648,1,6
13655,1,7
13662,1,7
13669,1,7
13676,1,7
13683,1,7
13689,1,6
13696,1,7
13703,1,7
13709,1,6
13716,1,7
13723,2,7
13730,2,7
13737,1,7
13745,2,8
13752,1,7
13760,2,8
13767,1,7
13775,2,8
13783,2,8
13791,2,8
13799,2,8
13806,1,7
13813,1,7
13820,1,7
13827,1,7
13834,1,7
13842,2,8
13850,2,8
13857,1,7
13864,1,7
13871,1,7
13878,1,7
13884,1,6
13892,2,8
13899,1,7
13906,1,7
13914,2,8
13921,1,7
13928,2,7
13937,3,9
13944,1,7
13949,1,5
13955,1,6
13960,1,5
13965,1,5
13971,2,6
13976,1,5
13982,2,6
13987,2,5
13992,1,5
13997,1,5
14003,2,6
14008,1,5
14013,1,5
14018,1,5
14024,1,6
14029,1,5
14034,1,5
14040,2,6
14045,1,5
14050,1,5
14056,2,6
14060,0,4
14066,1,6
14071,1,5
14076,1,5
14081,0,5
14087,1,6
14092,1,5
14097,1,5
14103,1,6
14108,1,5
14113,1,5
14118,1,5
14124,1,6
14129,1,5
14134,1,5
14139,1,5
14145,1,6
14150,1,5
14156,2,6
14162,2,6
14167,2,5
14172,1,5
14178,2,6
14183,2,5
14188,1,5
14193,1,5
14199,1,6
14204,1,5
14209,1,5
14215,1,6
14220,1,5
14225,1,5
14231,1,6
14236,1,5
14241,1,5
14247,1,6
14252,1,5
14257,1,5
14263,1,6
14268,1,5
14273,1,5
14279,1,6
14284,1,5
14289,1,5
14295,1,6
14300,1,5
14305,1,5
14311,2,6
14316,1,5
14321,1,5
14326,1,5
14332,1,6
14337,1,5
14343,2,6
14348,1,5
14353,1,5
14359,2,6
14364,1,5
14369,1,5
14374,1,5
14380,1,6
14385,1,5
14390,1,5
14396,1,6
14401,1,5
14406,1,5
14412,1,6
14418,2,6
14423,2,5
14429,2,6
14434,2,5
14440,2,6
14445,2,5
14450,1,5
14456,2,6
14461,2,5
14466,1,5
14472,2,6
14477,1,5
14483,2,6
14488,2,5
14493,1,5
14498,1,5
14504,1,6
14509,1,5
14515,2,6
14520,1,5
14525,1,5
14531,2,6
14537,2,6
14542,2,5
14547,1,5
14552,1,5
14558,2,6
14563,1,5
14568,1,5
14574,2,6
14579,1,5
14584,1,5
14590,2,6
14595,1,5
14600,1,5
14605,1,5
14611,1,6
14616,1,5
14621,1,5
14627,1,6
14632,1,5
14637,1,5
14643,1,6
14649,2,6
14654,2,5
14659,1,5
14665,2,6
14676,7,11
14683,2,7
14690,1,7
14697,1,7
14704,1,7
14711,1,7
14718,1,7
14725,1,7
14732,1,7
14739,1,7
14746,1,7
14753,1,7
14759,1,6
14766,1,7
14773,1,7
14779,1,6
14786,1,7
14793,1,7
14800,2,7
14807,2,7
14814,1,7
14821,1,7
14828,1,7
14835,1,7
14842,1,7
14849,1,7
14856,1,7
14864,2,8
14871,1,7
14878,2,7
14884,1,6
14891,1,7
14898,1,7
14905,1,7
14912,1,7
14918,1,6
14926,2,8
14933,2,7
14940,2,7
14947,2,7
14956,3,9
14963,2,7
14970,2,7
14983,2,13
14990,1,7
14998,2,8
15005,1,7
15011,1,6
15018,1,7
15025,1,7
15032,1,7
15039,1,7
15046,1,7
15052,1,6
15059,1,7
15066,1,7
15073,1,7
15080,1,7
15087,1,7
15095,2,8
15102,1,7
15109,1,7
15116,1,7
15123,1,7
15129,1,6
15136,1,7
15143,1,7
15151,2,8
15158,1,7
15165,2,7
15172,2,7
15178,1,6
15185,1,7
15192,1,7
15199,1,7
15206,1,7
15213,1,7
15220,1,7
15227,2,7
15234,1,7
15241,1,7
15247,1,6
15254,1,7
15262,2,8
15269,1,7
15276,1,7
15284,2,8
15291,1,7
15298,1,7
15306,2,8
15314,2,8
15321,1,7
15329,2,8
15336,1,7
15344,2,8
15351,1,7
15358,1,7
15365,1,7
15372,1,7
15378,1,6
15384,1,6
15391,1,7
15397,1,6
15404,1,7
15411,2,7
15418,1,7
15425,1,7
15432,2,7
15439,2,7
15446,2,7
15453,1,7
15460,1,7
15467,1,7
15475,2,8
15484,3,9
15491,1,7
15499,2,8
15508,2,9
15516,2,8
15524,2,8
15532,2,8
15540,2,8
15548,1,8
15555,2,7
15562,1,7
15570,2,8
15577,1,7
15585,2,8
15592,2,7
15600,2,8
15607,1,7
15614,1,7
15621,1,7
15627,1,6
15634,1,7
15641,1,7
15647,1,6
15654,1,7
15661,1,7
15668,1,7
15674,1,6
15681,1,7
15686,1,5
15693,1,7
15699,1,6
15704,1,5
15711,1,7
15718,1,7
15723,1,5
15729,1,6
15736,2,7
15741,1,5
15747,1,6
15754,1,7
15761,1,7
15767,1,6
15772,1,5
15779,1,7
15785,1,6
15791,2,6
15798,2,7
15805,2,7
15812,1,7
15819,2,7
15826,1,7
15832,1,6
15839,1,7
15847,2,8
15855,2,8
15862,1,7
15869,1,7
15876,1,7
15883,1,7
15890,1,7
15897,1,7
15904,1,7
15911,1,7
15919,2,8
15926,2,7
15933,1,7
15940,2,7
15947,2,7
15954,2,7
15961,1,7
15968,1,7
15975,1,7
15982,1,7
15989,2,7
15996,1,7
16003,2,7
16009,1,6
16016,1,7
16023,1,7
16029,1,6
16035,1,6
16041,2,6
16047,2,6
16052,1,5
16058,1,6
16065,1,7
16071,1,6
16078,1,7
16086,2,8
16093,2,7
16100,1,7
16107,1,7
16113,1,6
16120,1,7
16127,1,7
16132,1,5
16138,1,6
16143,1,5
16150,1,7
16156,1,6
16163,1,7
16169,1,6
16176,2,7
16183,1,7
16189,2,6
16194,1,5
16200,1,6
16205,1,5
16211,1,6
16218,1,7
16225,1,7
16231,2,6
16236,1,5
16243,1,7
16249,1,6
16255,1,6
16261,1,6
16267,1,6
16274,1,7
16280,1,6
16287,1,7
16294,1,7
16300,1,6
16307,1,7
16313,1,6
16320,1,7
16328,2,8
16335,1,7
16342,1,7
16350,1,8
16355,1,5
16361,1,6
16366,1,5
16372,1,6
16377,1,5
16383,1,6
16388,1,5
16393,0,5
16399,1,6
16404,1,5
16410,1,6
16415,1,5
16421,1,6
16427,1,6
16433,1,6
16439,1,6
16444,1,5
16451,1,7
16456,1,5
16463,1,7
16469,1,6
16476,1,7
16483,1,7
16489,1,6
16496,1,7
16503,1,7
16509,1,6
16515,0,6
16522,1,7
16528,0,6
16535,1,7
16541,1,6
16547,1,6
16553,1,6
16559,1,6
16566,1,7
16572,1,6
16578,0,6
16585,1,7
16591,2,6
16597,1,6
16603,1,6
16608,1,5
16614,1,6
16621,1,7
16627,1,6
16634,1,7
16640,1,6
16647,1,7
16653,1,6
16659,1,6
16666,1,7
16672,1,6
16679,1,7
16685,1,6
16691,0,6
16698,1,7
16705,1,7
16712,1,7
16719,1,7
16725,1,6
16731,1,6
16736,1,5
16742,1,6
16748,2,6
16754,1,6
16760,1,6
16766,1,6
16773,1,7
16778,1,5
16785,1,7
16792,1,7
16799,1,7
16806,1,7
16813,1,7
16820,1,7
16827,1,7
16835,2,8
16842,1,7
16849,1,7
16859,4,10
16866,1,7
16873,1,7
16883,2,10
16890,1,7
16897,1,7
16904,1,7
16911,1,7
16918,1,7
16925,1,7
16931,1,6
16939,2,8
16945,1,6
16952,1,7
16959,1,7
16966,2,7
16972,1,6
16980,2,8
16987,2,7
16994,2,7
17001,1,7
17009,2,8
17016,2,7
17029,1,13
17036,1,7
17043,1,7
17049,1,6
17056,1,7
17063,1,7
17070,1,7
17077,1,7
17084,1,7
17092,2,8
17100,2,8
17107,1,7
17114,1,7
17121,1,7
17128,1,7
17135,2,7
17142,2,7
17149,1,7
17156,2,7
17163,2,7
17170,2,7
17177,1,7
17184,1,7
17191,1,7
17199,2,8
17205,1,6
17218,1,13
17225,2,7
17232,2,7
17240,2,8
17247,1,7
17254,1,7
17262,2,8
17275,8,13
17280,1,5
17285,0,5
17291,1,6
17296,1,5
17302,1,6
17307,1,5
17313,0,6
17320,1,7
17326,1,6
17332,1,6
17339,1,7
17345,1,6
17352,1,7
17359,2,7
17366,1,7
17373,1,7
17380,1,7
17387,1,7
17394,1,7
17401,1,7
17408,1,7
17416,2,8
17424,2,8
17431,1,7
17438,1,7
17445,1,7
17452,2,7
17459,1,7
17466,1,7
17473,1,7
17480,1,7
17487,1,7
17493,1,6
17500,1,7
17507,1,7
17514,1,7
17520,1,6
17527,1,7
17535,2,8
17542,1,7
17550,2,8
17558,2,8
17565,1,7
17573,2,8
17580,1,7
17588,2,8
17595,1,7
17608,2,13
17617,1,9
17624,1,7
17630,1,6
17638,2,8
17646,2,8
17653,1,7
17661,2,8
17668,1,7
17676,2,8
17683,1,7
17691,2,8
17699,2,8
17706,1,7
17714,2,8
17721,1,7
17728,2,7
17736,2,8
17744,2,8
17752,2,8
17759,1,7
17788,21,29
17789,17,1
17790,12,1
17791,8,1
17792,4,1
17795,1,3
17800,1,5
17805,1,5
17810,1,5
17816,1,6
17821,1,5
17826,1,5
17832,1,6
17837,1,5
17843,2,6
17848,1,5
17853,1,5
17858,1,5
17864,1,6
17869,1,5
17875,2,6
17880,1,5
17885,1,5
17890,1,5
17896,1,6
17901,1,5
17906,1,5
17916,5,10
17923,1,7
17930,1,7
17937,1,7
17943,1,6
17950,1,7
17957,1,7
17964,1,7
17971,1,7
17978,1,7
17985,1,7
17993,2,8
18000,1,7
18008,2,8
18015,1,7
18022,2,7
18029,2,7
18036,2,7
18044,2,8
18055,6,11
18064,2,9
18071,1,7
18078,1,7
18085,1,7
18092,1,7
18099,1,7
18106,1,7
18113,2,7
18119,1,6
18126,1,7
18133,1,7
18140,1,7
18146,1,6
18153,1,7
18159,1,6
18166,1,7
18173,1,7
18180,1,7
18187,1,7
18194,1,7
18201,1,7
18207,1,6
18214,1,7
18221,1,7
18227,1,6
18235,2,8
18241,1,6
18248,1,7
18258,4,10
18265,1,7
18272,1,7
18279,1,7
18285,1,6
18292,1,7
18299,1,7
18305,0,6
18312,1,7
18319,1,7
18326,1,7
18332,1,6
18340,2,8
18347,2,7
18355,1,8
18362,1,7
18369,1,7
18376,1,7
18384,2,8
18391,1,7
18397,1,6
18404,1,7
18411,1,7
18424,7,13
18432,2,8
18442,2,10
18449,2,7
18456,2,7
18463,2,7
18469,1,6
18476,1,7
18487,5,11
18495,3,8
18502,2,7
18509,2,7
18517,1,8
18524,1,7
18531,1,7
18538,1,7
18545,1,7
18551,1,6
18558,1,7
18565,1,7
18571,1,6
18578,1,7
18585,1,7
18592,1,7
18599,2,7
18606,1,7
18613,1,7
18621,2,8
18628,1,7
18635,2,7
18642,1,7
18649,1,7
18655,1,6
18662,1,7
18669,1,7
18675,1,6
18682,1,7
18689,1,7
18695,1,6
18702,1,7
18709,1,7
18715,1,6
18722,1,7
18729,1,7
18736,1,7
18743,1,7
18749,1,6
18756,1,7
18763,1,7
18769,1,6
18776,1,7
18783,1,7
18790,1,7
18797,1,7
18803,1,6
18810,1,7
18816,1,6
18823,1,7
18829,1,6
18835,1,6
18842,1,7
18849,1,7
18857,2,8
18862,1,5
18869,1,7
18875,1,6
18881,1,6
18887,1,6
18892,1,5
18898,1,6
18903,1,5
18909,1,6
18915,1,6
18933,1,18
18940,1,7
18947,1,7
18953,1,6
18960,1,7
18967,1,7
18974,1,7
18981,1,7
18989,1,8
18996,1,7
19003,1,7
19010,1,7
19017,1,7
19023,1,6
19030,1,7
19037,1,7
19044,2,7
19050,1,6
19057,1,7
19064,1,7
19070,1,6
19077,1,7
19084,1,7
19091,1,7
19097,1,6
19104,1,7
19111,1,7
19117,1,6
19124,1,7
19130,1,6
19137,1,7
19145,1,8
19152,1,7
19159,1,7
19166,1,7
19172,1,6
19177,1,5
19183,1,6
19188,1,5
19194,1,6
19199,1,5
19205,1,6
19210,1,5
19216,1,6
19221,1,5
19227,1,6
19232,1,5
19238,1,6
19244,2,6
19249,1,5
19255,1,6
19260,1,5
19266,1,6
19271,1,5
19277,1,6
19283,1,6
19289,1,6
19295,2,6
19301,1,6
19308,1,7
19314,1,6
19320,1,6
19326,1,6
19335,4,9
19349,1,14
19356,1,7
19363,1,7
19369,1,6
19376,1,7
19382,1,6
19389,1,7
19396,1,7
19402,1,6
19409,1,7
19416,1,7
19422,1,6
19429,1,7
19436,1,7
19442,1,6
19449,1,7
19456,1,7
19462,1,6
19469,1,7
19476,1,7
19482,1,6
19490,1,8
19497,1,7
19504,2,7
19510,1,6
19517,1,7
19524,1,7
19531,2,7
19537,1,6
19544,1,7
19552,2,8
19558,0,6
19565,1,7
19572,1,7
19579,2,7
19586,1,7
19593,1,7
19600,1,7
19607,1,7
19614,1,7
19621,2,7
19629,3,8
19636,1,7
19643,1,7
19650,1,7
19657,1,7
19663,0,6
19670,1,7
19677,1,7
19683,1,6
19690,1,7
19698,2,8
19705,1,7
19713,2,8
19720,1,7
19727,1,7
19734,1,7
19740,1,6
19747,1,7
19755,2,8
19762,1,7
19769,1,7
19775,1,6
19782,1,7
19789,1,7
19796,1,7
19803,1,7
19810,1,7
19818,2,8
19823,1,5
19829,2,6
19835,2,6
19840,1,5
19846,2,6
19851,1,5
19857,1,6
19862,1,5
19868,1,6
19874,2,6
19879,1,5
19884,1,5
19890,1,6
19896,1,6
19901,1,5
19907,1,6
19912,1,5
19918,1,6
19923,1,5
19929,1,6
19935,1,6
19941,2,6
19946,1,5
19953,1,7
19958,1,5
19965,1,7
19972,1,7
19979,1,7
19986,1,7
19993,1,7
19999,2,6
20004,1,5
20009,1,5
20015,1,6
20020,1,5
20025,1,5
20031,1,6
20036,1,5
20041,1,5
20047,1,6
20052,1,5
20058,2,6
20063,1,5
20068,1,5
20073,1,5
20079,1,6
20084,1,5
20090,2,6
20095,1,5
20101,2,6
20105,1,4
20111,1,6
20116,1,5
20121,1,5
20126,0,5
20132,1,6
20137,1,5
20143,2,6
20148,1,5
20153,1,5
20158,1,5
20164,1,6
20169,1,5
20174,1,5
20179,1,5
20185,1,6
20190,1,5
20196,1,6
20201,1,5
20207,2,6
20212,1,5
20218,2,6
20223,2,5
20228,1,5
20234,2,6
20239,2,5
20244,1,5
20250,2,6
20255,1,5
20260,1,5
20265,1,5
20271,1,6
20276,1,5
20281,1,5
20286,1,5
20292,1,6
20297,1,5
20303,1,6
20308,1,5
20313,1,5
20320,3,7
20324,1,4
20329,1,5
20335,1,6
20341,2,6
20346,1,5
20352,1,6
20358,2,6
20363,1,5
20368,1,5
20374,1,6
20379,1,5
20385,1,6
20390,1,5
20396,1,6
20402,2,6
20407,1,5
20413,1,6
20418,1,5
20424,1,6
20429,1,5
20435,1,6
20440,1,5
20446,1,6
20451,1,5
20457,1,6
20462,1,5
20468,1,6
20473,1,5
20479,1,6
20484,1,5
20490,1,6
20495,1,5
20501,1,6
20506,1,5
20512,1,6
20517,1,5
20523,1,6
20529,1,6
20534,1,5
20540,1,6
20545,1,5
20551,1,6
20557,2,6
20562,1,5
20568,1,6
20573,1,5
20579,1,6
20585,2,6
20591,2,6
20596,1,5
20601,1,5
20607,1,6
20612,1,5
20618,1,6
20623,1,5
20629,1,6
20635,2,6
20640,1,5
20646,1,6
20651,1,5
20656,1,5
20662,1,6
20667,1,5
20673,1,6
20679,2,6
20684,1,5
20690,2,6
20695,1,5
20701,1,6
20706,1,5
20712,1,6
20717,1,5
20723,1,6
20728,1,5
20734,1,6
20740,1,6
20746,1,6
20751,1,5
20757,1,6
20763,2,6
20768,1,5
20774,1,6
20780,2,6
20785,1,5
20791,2,6
20797,2,6
20802,1,5
20807,1,5
20813,1,6
20818,1,5
20824,1,6
20830,1,6
20835,1,5
20841,1,6
20846,1,5
20852,1,6
20857,1,5
20864,1,7
20871,2,7
20877,1,6
20884,1,7
20891,1,7
20897,1,6
20904,1,7
20910,0,6
20917,1,7
20924,1,7
20930,1,6
20937,1,7
20944,2,7
20951,2,7
20958,1,7
20965,1,7
20972,1,7
20979,2,7
20986,2,7
20992,1,6
20999,1,7
21007,2,8
21014,1,7
21020,1,6
21027,1,7
21034,1,7
21042,3,8
21049,1,7
21057,2,8
21064,1,7
21071,1,7
21078,1,7
21085,1,7
21091,1,6
21099,2,8
21106,1,7
21112,1,6
21119,1,7
21125,1,6
21132,1,7
21138,1,6
21145,0,7
21152,1,7
21158,1,6
21165,1,7
21170,1,5
21176,1,6
21181,1,5
21187,1,6
21192,1,5
21198,1,6
21203,1,5
21209,1,6
21214,1,5
21220,1,6
21225,1,5
21231,1,6
21236,1,5
21242,1,6
21247,1,5
21253,1,6
21258,1,5
21264,1,6
21269,1,5
21275,1,6
21280,1,5
21286,1,6
21291,1,5
21297,1,6
21302,1,5
21308,1,6
21313,1,5
21319,1,6
21325,2,6
21330,1,5
21336,1,6
21341,1,5
21347,1,6
21352,1,5
21358,1,6
21363,1,5
21369,1,6
21374,1,5
21380,1,6
21385,1,5
21391,1,6
21396,1,5
21402,1,6
21408,2,6
21413,1,5
21418,1,5
21424,1,6
21429,0,5
21435,1,6
21440,0,5
21446,1,6
21452,1,6
21457,1,5
21463,1,6
21468,1,5
21474,1,6
21479,1,5
21485,1,6
21491,1,6
21496,1,5
21502,1,6
21511,5,9
21518,1,7
21526,2,8
21533,1,7
21540,1,7
21547,1,7
21553,0,6
21560,1,7
21567,1,7
21573,1,6
21580,1,7
21587,1,7
21594,1,7
21601,1,7
21608,1,7
21614,1,6
21621,1,7
21628,1,7
21637,3,9
21644,1,7
21652,2,8
21659,1,7
21666,1,7
21673,1,7
21679,1,6
21686,1,7
21693,1,7
21700,1,7
21707,2,7
21713,1,6
21720,1,7
21726,1,6
21733,1,7
21740,1,7
21746,1,6
21753,1,7
21760,1,7
21767,1,7
21773,1,6
21780,1,7
21787,1,7
21794,1,7
21801,1,7
21807,1,6
21814,1,7
21821,2,7
21827,1,6
21834,1,7
21839,1,5
21845,1,6
21852,2,7
21858,1,6
21864,1,6
21874,1,10
21881,1,7
21889,1,8
21896,2,7
21904,2,8
21911,1,7
21918,1,7
21925,1,7
21933,2,8
21940,2,7
21947,2,7
21954,1,7
21962,2,8
21969,2,7
21976,1,7
21984,2,8
21992,2,8
21997,1,5
22003,1,6
22008,1,5
22014,1,6
22019,1,5
22025,1,6
22030,1,5
22036,1,6
22041,1,5
22047,1,6
22052,1,5
22058,1,6
22063,1,5
22068,0,5
22075,2,7
22085,1,10
22091,1,6
22097,1,6
22103,1,6
22110,1,7
22115,0,5
22121,0,6
22127,0,6
22133,1,6
22140,1,7
22148,3,8
22155,1,7
22162,1,7
22170,1,8
22177,1,7
22184,1,7
22191,1,7
22198,1,7
22205,1,7
22213,1,8
22220,1,7
22225,1,5
22232,1,7
22238,2,6
22243,1,5
22248,0,5
22255,1,7
22261,1,6
22268,1,7
22276,2,8
22281,1,5
22287,1,6
22293,2,6
22299,2,6
22304,1,5
22310,1,6
22316,2,6
22322,2,6
22327,1,5
22333,2,6
22338,1,5
22344,1,6
22350,2,6
22356,2,6
22361,1,5
22367,1,6
22373,2,6
22379,2,6
22384,1,5
22390,2,6
22396,2,6
22402,2,6
22407,1,5
22413,1,6
22419,2,6
22425,2,6
22430,1,5
22436,1,6
22442,1,6
22447,1,5
22453,1,6
22459,1,6
22465,2,6
22470,1,5
22476,1,6
22483,1,7
22490,1,7
22497,1,7
22504,1,7
22511,1,7
22518,1,7
22525,1,7
22532,2,7
22539,2,7
22545,1,6
22552,1,7
22559,1,7
22566,1,7
22572,1,6
22580,2,8
22588,2,8
22595,1,7
22603,2,8
22611,2,8
22619,2,8
22626,1,7
22634,2,8
22642,1,8
22650,1,8
22658,2,8
22665,1,7
22673,2,8
22680,1,7
22688,2,8
22696,2,8
22703,1,7
22711,2,8
22717,1,6
22724,1,7
22731,1,7
22739,2,8
22746,2,7
22753,1,7
22761,2,8
22768,1,7
22775,1,7
22784,3,9
22809,21,25
22811,17,2
22812,13,1
22812,8,0
22813,3,1
22816,1,3
22821,1,5
22827,2,6
22833,2,6
22837,1,4
22843,1,6
22848,1,5
22854,1,6
22859,1,5
22865,2,6
22870,1,5
22875,1,5
22881,1,6
22886,1,5
22892,2,6
22897,1,5
22902,1,5
22907,1,5
22913,1,6
22918,1,5
22923,1,5
22928,0,5
22934,1,6
22939,1,5
22945,2,6
22950,1,5
22955,1,5
22960,1,5
22966,1,6
22971,1,5
22977,2,6
22983,2,6
22988,1,5
22994,2,6
22999,1,5
23004,1,5
23009,1,5
23015,1,6
23020,1,5
23026,2,6
23031,1,5
23036,1,5
23042,1,6
23047,1,5
23053,2,6
23058,1,5
23063,1,5
23068,1,5
23074,1,6
23084,6,10
23091,2,7
23098,2,7
23105,2,7
23111,1,6
23118,1,7
23125,1,7
23132,1,7
23138,1,6
23145,1,7
23152,1,7
23159,1,7
23166,1,7
23172,1,6
23179,1,7
23186,1,7
23193,1,7
23201,2,8
23208,2,7
23215,1,7
23222,1,7
23230,2,8
23238,1,8
23244,1,6
23250,1,6
23256,1,6
23262,1,6
23268,0,6
23274,0,6
23280,0,6
23286,0,6
23292,0,6
23298,0,6
23304,0,6
23310,0,6
23316,0,6
23323,1,7
23329,1,6
23336,1,7
23342,1,6
23349,1,7
23355,1,6
23361,1,6
23367,1,6
23373,0,6
23379,0,6
23385,0,6
23391,0,6
23397,0,6
23404,1,7
23411,1,7
23417,1,6
23423,1,6
23429,1,6
23436,1,7
23442,1,6
23448,1,6
23454,0,6
23460,1,6
23466,1,6
23472,1,6
23478,0,6
23484,1,6
23490,1,6
23496,1,6
23502,1,6
23508,1,6
23514,1,6
23520,0,6
23526,0,6
23533,1,7
23539,1,6
23545,1,6
23551,1,6
23557,1,6
23563,1,6
23569,1,6
23574,0,5
23581,1,7
23587,1,6
23593,1,6
23599,0,6
23605,0,6
23611,0,6
23617,0,6
23624,1,7
23630,1,6
23636,1,6
23643,1,7
23649,1,6
23655,1,6
23662,1,7
23668,1,6
23674,1,6
23680,0,6
23686,0,6
23692,0,6
23699,1,7
23704,0,5
23710,0,6
23716,0,6
23722,0,6
23728,0,6
23734,0,6
23744,1,10
23751,1,7
23757,1,6
23763,1,6
23769,0,6
23775,0,6
23781,0,6
23788,1,7
23794,1,6
23799,0,5
23805,0,6
23811,0,6
23817,0,6
23823,0,6
23829,1,6
23835,1,6
23841,1,6
23846,0,5
23852,0,6
23858,0,6
23864,1,6
23870,1,6
23875,0,5
23881,0,6
23887,0,6
23893,1,6
23899,1,6
23904,0,5
23910,0,6
23916,1,6
23922,1,6
23928,1,6
23934,1,6
23939,0,5
23945,0,6
23951,0,6
23957,1,6
23963,1,6
23969,1,6
23975,0,6
23981,1,6
23987,1,6
23993,1,6
23998,0,5
24003,0,5
24008,0,5
24014,1,6
24019,0,5
24024,0,5
24030,1,6
24035,1,5
24040,0,5
24045,0,5
24051,1,6
24056,1,5
24061,0,5
24066,0,5
24072,1,6
24077,1,5
24082,0,5
24087,0,5
24093,1,6
24098,1,5
24103,0,5
24108,0,5
24114,1,6
24119,1,5
24124,0,5
24130,1,6
24135,1,5
24140,1,5
24145,0,5
24150,0,5
24156,1,6
24161,1,5
24166,1,5
24171,0,5
24176,0,5
24181,0,5
24187,1,6
24192,1,5
24197,1,5
24202,1,5
24207,0,5
24212,0,5
24217,0,5
24223,1,6
24228,1,5
24233,1,5
24238,0,5
24243,0,5
24249,1,6
24254,1,5
24259,1,5
24264,0,5
24269,0,5
24274,0,5
24280,1,6
24285,1,5
24290,1,5
24295,0,5
24300,0,5
24305,0,5
24311,1,6
24316,1,5
24321,0,5
24326,0,5
24332,1,6
24337,1,5
24342,0,5
24347,0,5
24352,0,5
24358,1,6
24363,1,5
24368,1,5
24374,1,6
24379,1,5
24384,1,5
24389,0,5
24394,0,5
24400,1,6
24405,1,5
24410,1,5
24415,0,5
24420,0,5
24425,0,5
24431,1,6
24436,1,5
24441,1,5
24446,0,5
24452,1,6
24457,1,5
24462,0,5
24468,1,6
24473,1,5
24478,1,5
24483,1,5
24488,0,5
24494,1,6
24499,1,5
24504,1,5
24509,0,5
24514,0,5
24520,1,6
24525,1,5
24530,1,5
24535,0,5
24541,1,6
24546,1,5
24551,1,5
24556,0,5
24561,0,5
24566,0,5
24572,1,6
24577,1,5
24582,0,5
24587,0,5
24593,1,6
24598,1,5
24603,1,5
24608,0,5
24613,0,5
24618,0,5
24624,1,6
24629,1,5
24634,0,5
24639,0,5
24645,1,6
24650,1,5
24655,0,5
24660,0,5
24666,1,6
24671,1,5
24676,1,5
24681,0,5
24686,0,5
24692,1,6
24697,1,5
24702,1,5
24707,0,5
24712,0,5
24718,1,6
24723,1,5
24728,0,5
24734,1,6
24739,1,5
24744,1,5
24749,1,5
24754,0,5
24759,0,5
24765,1,6
24770,1,5
24775,0,5
24781,1,6
24786,1,5
24791,0,5
24797,1,6
24802,1,5
24807,0,5
24813,1,6
24818,1,5
24823,0,5
24829,1,6
24834,1,5
24839,0,5
24845,1,6
24850,1,5
24856,1,6
24861,1,5
24866,0,5
24872,1,6
24877,1,5
24883,1,6
24888,1,5
24893,0,5
24899,1,6
24904,1,5
24909,0,5
24915,1,6
24920,1,5
24925,0,5
24931,1,6
24936,1,5
24942,1,6
24947,1,5
24952,0,5
24958,1,6
24963,1,5
24968,0,5
24973,0,5
24979,1,6
24984,1,5
24989,0,5
24995,1,6
25000,1,5
25005,0,5
25011,1,6
25016,1,5
25021,1,5
25026,0,5
25032,1,6
25037,1,5
25042,1,5
25047,0,5
25053,1,6
25058,1,5
25063,1,5
25068,0,5
25074,1,6
25079,0,5
25085,1,6
25090,1,5
25095,0,5
25101,1,6
25106,1,5
25111,0,5
25117,1,6
25122,1,5
25127,0,5
25133,1,6
25138,1,5
25143,0,5
25149,1,6
25154,0,5
25160,1,6
25165,0,5
25170,0,5
25176,1,6
25182,1,6
25187,1,5
25192,1,5
25198,1,6
25203,1,5
25208,0,5
25214,1,6
25219,1,5
25225,1,6
25230,1,5
25235,0,5
25241,1,6
25246,1,5
25253,1,7
25259,1,6
25264,1,5
25269,0,5
25275,0,6
25281,0,6
25287,1,6
25293,1,6
25298,0,5
25308,0,10
25313,0,5
25319,1,6
25324,1,5
25329,1,5
25334,0,5
25339,0,5
25345,1,6
25350,1,5
25355,0,5
25361,1,6
25366,1,5
25371,1,5
25376,0,5
25382,1,6
25387,1,5
25392,0,5
25398,1,6
25403,1,5
25408,0,5
25414,1,6
25420,1,6
25427,1,7
25433,1,6
25439,0,6
25445,0,6
25452,1,7
25458,1,6
25463,0,5
25469,0,6
25475,0,6
25481,0,6
25487,0,6
25493,0,6
25499,0,6
25505,1,6
25511,1,6
25517,1,6
25523,1,6
25529,1,6
25535,1,6
25540,0,5
25546,0,6
25552,0,6
25558,0,6
25564,0,6
25570,0,6
25576,0,6
25582,1,6
25588,0,6
25594,1,6
25600,0,6
25606,0,6
25612,1,6
25618,1,6
25623,0,5
25629,0,6
25635,0,6
25641,1,6
25647,1,6
25652,0,5
25658,0,6
25664,0,6
25670,1,6
25675,0,5
25681,0,6
25687,0,6
25693,1,6
25699,0,6
25705,1,6
25711,1,6
25717,1,6
25723,1,6
25729,1,6
25734,0,5
25740,0,6
25746,1,6
25752,1,6
25758,1,6
25763,0,5
25769,0,6
25775,0,6
25781,0,6
25787,0,6
25793,0,6
25799,0,6
25805,1,6
25811,1,6
25817,1,6
25823,1,6
25828,0,5
25834,0,6
25840,0,6
25846,0,6
25852,0,6
25858,1,6
25864,1,6
25870,1,6
25875,0,5
25881,0,6
25887,0,6
25893,1,6
25899,1,6
25905,1,6
25911,1,6
25918,1,7
25924,1,6
25929,0,5
25935,0,6
25941,0,6
25947,1,6
25953,1,6
25959,1,6
25965,1,6
25970,0,5
25976,0,6
25982,0,6
25989,1,7
25995,1,6
26000,0,5
26006,0,6
26012,0,6
26018,0,6
26024,0,6
26030,1,6
26036,1,6
26042,1,6
26047,0,5
26053,0,6
26059,1,6
26065,1,6
26071,1,6
26077,1,6
26084,1,7
26090,1,6
26096,1,6
26102,1,6
26108,1,6
26114,1,6
26120,1,6
26126,1,6
26133,1,7
26139,1,6
26145,0,6
26152,1,7
26158,1,6
26164,1,6
26170,1,6
26177,1,7
26182,1,5
26188,1,6
26194,1,6
26199,0,5
26205,0,6
26211,1,6
26217,1,6
26223,1,6
26229,1,6
26236,1,7
26242,1,6
26248,1,6
26254,1,6
26260,0,6
26266,0,6
26272,1,6
26278,0,6
26285,1,7
26291,1,6
26296,0,5
26302,0,6
26308,0,6
26314,0,6
26320,0,6
26326,0,6
26332,0,6
26338,0,6
26344,0,6
26350,1,6
26355,0,5
26360,0,5
26366,1,6
26371,1,5
26376,0,5
26382,1,6
26387,1,5
26392,0,5
26398,1,6
26403,1,5
26408,0,5
26413,0,5
26419,1,6
26424,1,5
26429,0,5
26434,0,5
26440,1,6
26445,1,5
26450,0,5
26456,1,6
26461,1,5
26466,0,5
26471,0,5
26477,1,6
26482,1,5
26487,0,5
26493,1,6
26498,1,5
26503,0,5
26509,1,6
26514,1,5
26519,0,5
26524,0,5
26530,1,6
26535,1,5
26541,1,6
26546,1,5
26551,0,5
26556,0,5
26562,1,6
26567,1,5
26572,0,5
26578,1,6
26583,1,5
26588,0,5
26594,1,6
26599,1,5
26604,0,5
26610,1,6
26615,1,5
26620,0,5
26626,1,6
26631,1,5
26636,0,5
26642,1,6
26647,1,5
26652,0,5
26658,1,6
26663,1,5
26668,0,5
26674,1,6
26679,1,5
26684,0,5
26689,0,5
26695,1,6
26700,1,5
26705,0,5
26711,1,6
26716,1,5
26721,0,5
26726,0,5
26732,1,6
26737,0,5
26743,1,6
26749,2,6
26754,1,5
26760,1,6
26765,1,5
26771,1,6
26776,1,5
26782,1,6
26788,2,6
26793,1,5
26798,1,5
26804,1,6
26810,1,6
26815,1,5
26821,1,6
26826,1,5
26832,1,6
26838,1,6
26843,1,5
26852,4,9
26857,2,5
26862,1,5
26867,1,5
26873,1,6
26878,1,5
26883,1,5
26888,1,5
26894,1,6
26899,1,5
26905,1,6
26910,1,5
26915,1,5
26920,1,5
26926,1,6
26931,1,5
26937,2,6
26942,1,5
26947,1,5
26953,2,6
26958,1,5
26963,1,5
26969,2,6
26974,1,5
26979,1,5
26985,2,6
26990,1,5
26995,1,5
27001,2,6
27007,2,6
27012,2,5
27018,2,6
27024,2,6
27029,2,5
27034,1,5
27039,1,5
27045,1,6
27050,1,5
27056,2,6
27061,1,5
27066,1,5
27071,1,5
27077,1,6
27082,1,5
27087,1,5
27095,2,8
27100,1,5
27106,2,6
27112,3,6
27116,1,4
27122,2,6
27128,2,6
27133,2,5
27138,1,5
27143,1,5
27148,1,5
27154,1,6
27160,2,6
27165,2,5
27171,2,6
27176,2,5
27182,2,6
27186,1,4
27192,1,6
27197,1,5
27203,2,6
27208,1,5
27214,2,6
27222,4,8
27224,1,2
27230,2,6
27235,1,5
27240,1,5
27246,2,6
27251,1,5
27256,1,5
27262,2,6
27267,1,5
27272,1,5
27277,1,5
27283,1,6
27288,1,5
27293,1,5
27299,1,6
27304,1,5
27309,1,5
27315,1,6
27320,1,5
27325,1,5
27331,2,6
27336,1,5
27342,2,6
27347,1,5
27353,2,6
27358,1,5
27363,1,5
27368,1,5
27374,2,6
27379,1,5
27384,1,5
27390,2,6
27395,1,5
27400,1,5
27406,2,6
27411,1,5
27416,1,5
27421,1,5
27427,1,6
27434,3,7
27438,2,4
27443,1,5
27450,3,7
27456,3,6
27462,2,6
27467,1,5
27473,1,6
27479,2,6
27485,2,6
27491,2,6
27497,2,6
27502,1,5
27509,3,7
27514,2,5
27520,2,6
27533,3,13
27544,2,11
27550,2,6
27555,1,5
27561,1,6
27566,1,5
27572,1,6
27578,2,6
27585,2,7
27590,1,5
27599,2,9
27605,2,6
27611,2,6
27617,2,6
27622,1,5
27628,2,6
27634,2,6
27640,2,6
27648,2,8
27654,2,6
27660,2,6
27666,2,6
27671,1,5
27677,2,6
27683,2,6
27689,2,6
27694,1,5
27699,1,5
27705,1,6
27711,2,6
27716,1,5
27722,1,6
27728,2,6
27733,1,5
27739,1,6
27744,1,5
27750,1,6
27756,1,6
27762,2,6
27768,2,6
27773,1,5
27779,2,6
27785,2,6
27791,2,6
27797,2,6
27802,1,5
27808,2,6
27842,30,34
27844,27,2
27845,22,1
27847,19,2
27848,15,1
27849,10,1
27851,7,2
27852,3,1
27856,1,4
27861,1,5
27866,1,5
27872,1,6
27877,1,5
27882,1,5
27888,1,6
27893,1,5
27898,1,5
27904,2,6
27909,1,5
27914,1,5
27919,1,5
27925,1,6
27930,1,5
27935,1,5
27941,1,6
27946,1,5
27951,1,5
27957,1,6
27962,1,5
27967,1,5
27972,0,5
27978,1,6
27983,1,5
27989,1,6
27994,1,5
28000,2,6
28005,1,5
28011,2,6
28016,1,5
28024,1,8
28031,1,7
28038,1,7
28046,2,8
28053,1,7
28060,1,7
28067,1,7
28074,1,7
28082,2,8
28091,3,9
28099,2,8
28107,2,8
28114,1,7
28121,1,7
28129,2,8
28136,2,7
28144,2,8
28151,1,7
28159,2,8
28167,2,8
28175,2,8
28186,2,11
28194,2,8
28202,2,8
28210,2,8
28218,2,8
28226,2,8
28234,2,8
28242,2,8
28253,2,11
28261,2,8
28269,2,8
28276,1,7
28284,2,8
28292,2,8
28299,1,7
28307,2,8
28315,2,8
28326,5,11
28332,2,6
28338,2,6
28343,2,5
28348,1,5
28354,2,6
28359,1,5
28364,1,5
28371,2,7
28376,1,5
28381,1,5
28393,8,12
28401,2,8
28407,1,6
28414,1,7
28425,1,11
28433,2,8
28440,1,7
28447,1,7
28455,2,8
28462,1,7
28469,1,7
28477,2,8
28484,1,7
28491,1,7
28498,1,7
28506,2,8
28513,1,7
28520,1,7
28527,1,7
28534,1,7
28541,1,7
28549,2,8
28556,1,7
28563,1,7
28570,1,7
28578,2,8
28586,2,8
28592,1,6
28599,1,7
28606,1,7
28614,2,8
28622,1,8
28628,0,6
28634,0,6
28641,1,7
28648,1,7
28655,2,7
28661,1,6
28667,1,6
28674,1,7
28680,1,6
28686,1,6
28693,1,7
28700,1,7
28710,1,10
28717,1,7
28724,2,7
28730,1,6
28737,1,7
28744,1,7
28751,1,7
28757,1,6
28763,1,6
28769,0,6
28776,1,7
28782,1,6
28789,1,7
28795,1,6
28801,1,6
28808,2,7
28814,1,6
28820,1,6
28827,2,7
28834,1,7
28843,1,9
28850,1,7
28856,1,6
28863,1,7
28870,1,7
28876,1,6
28882,1,6
28888,0,6
28895,1,7
28902,2,7
28909,2,7
28915,1,6
28923,2,8
28930,1,7
28938,2,8
28945,1,7
28952,1,7
28960,2,8
28968,2,8
28976,2,8
28984,2,8
28991,2,7
28998,2,7
29003,1,5
29009,1,6
29014,1,5
29020,1,6
29025,1,5
29031,1,6
29036,1,5
29042,1,6
29048,2,6
29054,2,6
29059,1,5
29064,1,5
29070,1,6
29076,1,6
29081,1,5
29087,1,6
29092,1,5
29098,2,6
29103,1,5
29109,1,6
29115,2,6
29120,1,5
29126,1,6
29131,1,5
29137,1,6
29142,1,5
29148,1,6
29153,1,5
29159,1,6
29164,1,5
29170,1,6
29175,1,5
29180,1,5
29185,1,5
29191,1,6
29196,1,5
29201,1,5
29207,1,6
29212,1,5
29217,1,5
29223,1,6
29228,1,5
29234,2,6
29239,1,5
29245,2,6
29250,2,5
29255,1,5
29261,2,6
29266,2,5
29271,1,5
29277,2,6
29282,2,5
29287,1,5
29293,2,6
29298,2,5
29303,1,5
29309,2,6
29314,2,5
29319,1,5
29325,2,6
29330,1,5
29335,1,5
29340,1,5
29346,1,6
29351,1,5
29356,1,5
29362,1,6
29367,1,5
29373,2,6
29378,1,5
29383,1,5
29388,1,5
29394,1,6
29399,1,5
29404,1,5
29410,1,6
29415,1,5
29421,2,6
29426,1,5
29431,1,5
29437,2,6
29442,1,5
29447,1,5
29452,1,5
29458,1,6
29463,1,5
29468,1,5
29474,1,6
29479,1,5
29485,2,6
29490,1,5
29495,1,5
29500,1,5
29506,1,6
29511,1,5
29516,1,5
29522,1,6
29527,1,5
29533,2,6
29538,1,5
29543,1,5
29548,1,5
29554,1,6
29559,1,5
29564,1,5
29569,1,5
29575,1,6
29580,1,5
29585,1,5
29591,1,6
29596,1,5
29601,1,5
29607,1,6
29612,1,5
29617,1,5
29623,2,6
29628,1,5
29633,1,5
29638,1,5
29644,1,6
29649,1,5
29655,2,6
29660,1,5
29665,1,5
29670,1,5
29676,1,6
29681,1,5
29687,2,6
29692,1,5
29697,1,5
29702,1,5
29708,1,6
29713,1,5
29718,1,5
29724,1,6
29729,1,5
29734,1,5
29741,2,7
29745,1,4
29750,1,5
29756,1,6
29761,1,5
29767,1,6
29772,1,5
29778,1,6
29783,1,5
29788,0,5
29794,1,6
29799,0,5
29805,1,6
29811,2,6
29816,1,5
29822,1,6
29827,1,5
29833,1,6
29838,1,5
29844,1,6
29849,1,5
29855,1,6
29860,1,5
29865,0,5
29871,1,6
29876,0,5
29882,1,6
29888,1,6
29893,1,5
29899,1,6
29904,1,5
29910,1,6
29915,1,5
29921,1,6
29926,1,5
29932,1,6
29937,1,5
29943,1,6
29948,1,5
29954,1,6
29959,1,5
29965,1,6
29970,1,5
29976,1,6
29981,1,5
29988,1,7
29994,1,6
30000,2,6
30005,2,5
30010,1,5
30016,2,6
30021,1,5
30026,1,5
30031,1,5
30036,0,5
30042,1,6
30047,1,5
30053,1,6
30058,1,5
30064,2,6
30069,1,5
30074,1,5
30079,1,5
30084,1,5
30090,1,6
30095,1,5
30100,1,5
30106,1,6
30111,1,5
30116,1,5
30121,1,5
30127,1,6
30132,1,5
30138,2,6
30143,1,5
30148,1,5
30154,2,6
30160,2,6
30165,2,5
30170,1,5
30175,1,5
30181,2,6
30186,1,5
30192,2,6
30196,1,4
30202,1,6
30207,1,5
30213,2,6
30218,1,5
30224,2,6
30229,1,5
30234,1,5
30240,1,6
30245,1,5
30251,2,6
30256,1,5
30261,1,5
30266,1,5
30272,1,6
30277,1,5
30283,2,6
30288,1,5
30294,2,6
30299,2,5
30304,1,5
30310,2,6
30316,2,6
30321,2,5
30326,1,5
30332,1,6
30338,2,6
30343,2,5
30348,1,5
30353,1,5
30359,2,6
30364,1,5
30369,1,5
30375,2,6
30380,1,5
30385,1,5
30391,2,6
30396,1,5
30401,1,5
30407,2,6
30412,1,5
30418,2,6
30423,2,5
30428,1,5
30433,1,5
30439,2,6
30444,1,5
30449,1,5
30455,2,6
30460,1,5
30465,1,5
30471,2,6
30476,1,5
30481,1,5
30486,1,5
30492,1,6
30497,1,5
30502,1,5
30508,2,6
30513,1,5
30519,2,6
30524,1,5
30529,1,5
30534,1,5
30540,1,6
30545,1,5
30550,1,5
30556,1,6
30561,1,5
30567,2,6
30572,1,5
30578,2,6
30583,2,5
30589,2,6
30594,2,5
30599,1,5
30604,1,5
30610,2,6
30615,1,5
30621,2,6
30626,1,5
30631,1,5
30636,1,5
30642,1,6
30647,1,5
30652,1,5
30657,1,5
30663,1,6
30668,1,5
30674,2,6
30679,1,5
30684,1,5
30689,1,5
30695,1,6
30700,1,5
30705,1,5
30711,1,6
30716,1,5
30721,1,5
30727,1,6
30732,1,5
30738,2,6
30743,1,5
30748,1,5
30754,2,6
30759,1,5
30764,1,5
30769,1,5
30775,1,6
30780,1,5
30785,1,5
30791,1,6
30796,1,5
30802,2,6
30807,1,5
30812,1,5
30817,1,5
30823,1,6
30828,1,5
30834,1,6
30839,1,5
30845,2,6
30850,1,5
30855,1,5
30861,2,6
30866,1,5
30871,1,5
30877,2,6
30882,1,5
30888,2,6
30893,2,5
30899,2,6
30904,2,5
30909,1,5
30914,1,5
30920,2,6
30925,1,5
30930,1,5
30936,2,6
30941,1,5
30947,2,6
30952,2,5
30957,1,5
30962,1,5
30967,1,5
30973,1,6
30978,1,5
30984,2,6
30989,1,5
30994,1,5
30999,1,5
31005,1,6
31010,1,5
31015,1,5
31020,1,5
31026,1,6
31031,1,5
31037,2,6
31042,1,5
31047,1,5
31052,1,5
31058,1,6
31063,1,5
31069,2,6
31074,1,5
31079,1,5
31086,3,7
31090,1,4
31095,1,5
31101,2,6
31106,1,5
31111,1,5
31117,1,6
31123,2,6
31128,2,5
31133,1,5
31139,2,6
31144,1,5
31149,1,5
31154,1,5
31160,1,6
31165,1,5
31170,1,5
31176,1,6
31181,1,5
31187,2,6
31192,1,5
31197,1,5
31203,2,6
31208,1,5
31213,1,5
31219,2,6
31224,1,5
31229,1,5
31235,2,6
31240,1,5
31245,1,5
31251,2,6
31256,1,5
31261,1,5
31267,2,6
31272,1,5
31277,1,5
31283,2,6
31288,1,5
31293,1,5
31299,2,6
31304,1,5
31309,1,5
31315,2,6
31320,1,5
31325,1,5
31330,1,5
31336,1,6
31341,1,5
31346,1,5
31351,0,5
31357,1,6
31362,1,5
31368,2,6
31373,1,5
31378,1,5
31383,1,5
31389,1,6
31394,1,5
31399,1,5
31404,1,5
31410,1,6
31415,1,5
31421,2,6
31425,0,4
31431,1,6
31436,1,5
31441,0,5
31447,1,6
31452,1,5
31457,1,5
31463,1,6
31468,1,5
31473,1,5
31479,1,6
31484,1,5
31489,1,5
31494,0,5
31500,1,6
31505,1,5
31510,1,5
31516,1,6
31523,3,7
31526,1,3
31532,1,6
31537,1,5
31543,2,6
31548,1,5
31553,1,5
31559,2,6
31564,1,5
31570,2,6
31575,1,5
31581,2,6
31586,1,5
31591,1,5
31597,2,6
31602,1,5
31607,1,5
31613,2,6
31618,1,5
31624,2,6
31629,1,5
31634,1,5
31639,1,5
31644,0,5
31649,0,5
31655,1,6
31660,1,5
31665,0,5
31671,1,6
31676,1,5
31681,1,5
31686,0,5
31692,1,6
31697,1,5
31702,1,5
31708,1,6
31713,1,5
31718,1,5
31723,1,5
31728,0,5
31733,0,5
31739,1,6
31744,1,5
31749,1,5
31755,1,6
31760,1,5
31765,1,5
31770,0,5
31775,0,5
31781,1,6
31786,1,5
31791,0,5
31797,1,6
31802,1,5
31807,0,5
31813,1,6
31818,1,5
31823,1,5
31829,1,6
31834,1,5
31840,1,6
31845,1,5
31851,1,6
31856,1,5
31862,1,6
31867,1,5
31872,0,5
31878,1,6
31883,1,5
31888,0,5
31894,1,6
31899,1,5
31904,0,5
31909,0,5
31915,1,6
31920,0,5
31926,1,6
31931,1,5
31937,1,6
31942,1,5
31948,1,6
31953,1,5
31958,0,5
31964,1,6
31969,1,5
31975,1,6
31980,1,5
31986,1,6
31991,1,5
31997,1,6
32002,1,5
32007,0,5
32013,1,6
32018,1,5
32023,0,5
32029,1,6
32034,1,5
32040,1,6
32045,1,5
32050,0,5
32056,1,6
32061,0,5
32066,0,5
32072,1,6
32077,1,5
32082,0,5
32088,1,6
32093,1,5
32098,0,5
32103,0,5
32109,1,6
32114,0,5
32120,1,6
32125,1,5
32130,0,5
32136,1,6
32141,1,5
32146,1,5
32151,0,5
32157,1,6
32162,0,5
32167,0,5
32173,1,6
32178,1,5
32183,0,5
32189,1,6
32194,1,5
32199,0,5
32205,1,6
32210,1,5
32215,1,5
32220,0,5
32226,1,6
32231,1,5
32236,1,5
32241,0,5
32247,1,6
32252,1,5
32257,1,5
32262,0,5
32267,0,5
32272,0,5
32278,1,6
32283,1,5
32288,0,5
32293,0,5
32299,1,6
32304,1,5
32309,1,5
32314,0,5
32319,0,5
32324,0,5
32330,1,6
32335,1,5
32340,1,5
32345,0,5
32350,0,5
32356,1,6
32361,1,5
32366,0,5
32371,0,5
32377,1,6
32382,1,5
32387,1,5
32392,0,5
32397,0,5
32402,0,5
32407,0,5
32413,1,6
32418,1,5
32423,0,5
32428,0,5
32433,0,5
32439,1,6
32444,1,5
32449,0,5
32454,0,5
32460,1,6
32465,1,5
32470,1,5
32475,0,5
32480,0,5
32486,1,6
32493,3,7
32498,0,5
32504,1,6
32509,0,5
32515,1,6
32520,1,5
32526,1,6
32531,1,5
32537,1,6
32542,1,5
32547,0,5
32552,0,5
32558,1,6
32563,1,5
32568,0,5
32574,0,6
32581,1,7
32587,1,6
32593,0,6
32600,1,7
32607,1,7
32613,1,6
32620,1,7
32626,1,6
32632,1,6
32639,1,7
32645,1,6
32651,1,6
32657,1,6
32663,1,6
32669,1,6
32675,1,6
32681,0,6
32687,0,6
32693,0,6
32699,1,6
32705,1,6
32711,1,6
32716,0,5
32722,0,6
32728,1,6
32734,1,6
32740,1,6
32747,1,7
32754,1,7
32760,1,6
32767,1,7
32774,1,7
32781,2,7
32788,2,7
32795,2,7
32805,5,10
32812,1,7
32818,0,6
32825,1,7
32832,1,7
32839,1,7
32863,18,24
32863,13,0
32864,8,1
32865,4,1
32867,1,2
32873,1,6
32878,1,5
32883,1,5
32889,2,6
32894,1,5
32899,1,5
32905,1,6
32910,1,5
32915,1,5
32921,1,6
32926,1,5
32932,2,6
32938,2,6
32943,2,5
32948,1,5
32954,2,6
32959,1,5
32964,1,5
32970,2,6
32975,1,5
32980,1,5
32986,2,6
32991,1,5
32996,1,5
33002,2,6
33007,1,5
33012,1,5
33018,2,6
33023,1,5
33028,1,5
33034,1,6
33040,2,6
33047,2,7
33052,1,5
33058,2,6
33064,2,6
33068,1,4
33074,2,6
33079,1,5
33085,2,6
33091,2,6
33095,1,4
33101,2,6
33106,1,5
33112,2,6
33117,1,5
33123,2,6
33128,2,5
33133,1,5
33138,1,5
33143,1,5
33149,1,6
33154,1,5
33159,1,5
33165,1,6
33170,1,5
33176,2,6
33181,1,5
33186,1,5
33192,2,6
33197,1,5
33202,1,5
33207,1,5
33213,1,6
33218,1,5
33223,1,5
33229,1,6
33234,1,5
33239,1,5
33244,1,5
33250,1,6
33255,1,5
33260,1,5
33266,1,6
33271,1,5
33278,3,7
33284,1,6
33289,1,5
33295,1,6
33300,1,5
33306,1,6
33311,1,5
33317,1,6
33323,2,6
33328,1,5
33334,2,6
33339,1,5
33344,1,5
33350,1,6
33356,2,6
33361,1,5
33367,1,6
33373,2,6
33378,1,5
33384,1,6
33389,1,5
33395,1,6
33400,1,5
33406,1,6
33411,1,5
33418,2,7
33423,1,5
33429,2,6
33434,1,5
33440,1,6
33445,1,5
33451,1,6
33457,2,6
33462,1,5
33468,1,6
33473,1,5
33479,1,6
33484,1,5
33490,1,6
33496,2,6
33502,2,6
33507,1,5
33513,2,6
33518,1,5
33524,1,6
33529,1,5
33535,1,6
33541,2,6
33547,2,6
33554,2,7
33561,1,7
33569,2,8
33576,2,7
33583,1,7
33590,1,7
33596,1,6
33603,1,7
33610,1,7
33618,2,8
33625,1,7
33633,2,8
33640,2,7
33647,1,7
33653,1,6
33659,1,6
33665,2,6
33670,1,5
33676,1,6
33682,2,6
33687,1,5
33693,1,6
33698,1,5
33704,1,6
33709,1,5
33715,1,6
33720,1,5
33726,1,6
33731,1,5
33737,1,6
33743,2,6
33748,1,5
33753,1,5
33759,1,6
33765,2,6
33771,2,6
33776,1,5
33781,1,5
33787,1,6
33792,1,5
33798,1,6
33803,1,5
33809,1,6
33815,2,6
33820,1,5
33826,1,6
33832,2,6
33837,1,5
33842,1,5
33848,1,6
33854,2,6
33859,1,5
33865,1,6
33870,1,5
33876,1,6
33881,1,5
33887,1,6
33892,1,5
33898,1,6
33903,1,5
33909,1,6
33914,1,5
33920,1,6
33925,1,5
33932,2,7
33937,1,5
33943,1,6
33948,1,5
33954,1,6
33959,1,5
33965,1,6
33970,1,5
33976,1,6
33981,1,5
33987,2,6
33992,1,5
33997,1,5
34004,1,7
34011,1,7
34017,1,6
34025,2,8
34032,2,7
34039,1,7
34046,1,7
34052,1,6
34061,1,9
34068,1,7
34074,1,6
34081,1,7
34091,4,10
34098,1,7
34105,1,7
34112,1,7
34121,1,9
34128,1,7
34137,1,9
34144,1,7
34151,1,7
34161,1,10
34168,1,7
34174,1,6
34184,4,10
34189,1,5
34196,2,7
34202,1,6
34209,1,7
34227,8,18
34231,4,4
34243,8,12
34251,8,8
34259,8,8
34267,8,8
34275,8,8
34280,5,5
34291,8,11
34299,8,8
34307,8,8
34315,8,8
34323,8,8
34331,8,8
34339,8,8
34347,8,8
34352,5,5
34363,8,11
34371,8,8
34379,8,8
34387,8,8
34395,8,8
34403,8,8
34411,8,8
34419,8,8
34424,5,5
34435,8,11
34443,8,8
34451,8,8
34457,6,6
34459,2,2
34471,8,12
34479,8,8
34484,5,5
34495,8,11
34503,8,8
34511,8,8
34518,7,7
34530,13,12
34539,12,9
34541,2,2
34559,8,18
34567,8,8
34574,7,7
34584,10,10
34588,4,4
34590,0,2
34597,1,7
34604,1,7
34611,1,7
34617,1,6
34624,1,7
34631,1,7
34638,1,7
34645,2,7
34651,1,6
34658,1,7
34665,1,7
34672,1,7
34678,1,6
34685,1,7
34692,1,7
34699,1,7
34706,1,7
34712,1,6
34719,1,7
34726,2,7
34732,1,6
34739,1,7
34745,1,6
34751,1,6
34757,0,6
34764,1,7
34770,1,6
34776,1,6
34782,1,6
34788,1,6
34794,1,6
34800,1,6
34806,1,6
34811,0,5
34817,0,6
34823,0,6
34829,0,6
34835,0,6
34841,0,6
34847,1,6
34853,1,6
34859,1,6
34865,1,6
34871,1,6
34877,1,6
34883,1,6
34889,1,6
34895,1,6
34900,0,5
34906,0,6
34912,0,6
34918,0,6
34924,0,6
34930,1,6
34936,1,6
34942,0,6
34948,0,6
34954,0,6
34960,1,6
34966,1,6
34972,1,6
34978,1,6
34984,1,6
34990,0,6
34997,1,7
35003,1,6
35009,1,6
35015,1,6
35021,1,6
35026,1,5
35033,1,7
35039,0,6
35047,3,8
35053,1,6
35059,1,6
35066,1,7
35071,0,5
35079,2,8
35086,2,7
35093,1,7
35099,1,6
35105,1,6
35111,1,6
35117,1,6
35123,1,6
35129,1,6
35135,1,6
35141,0,6
35148,1,7
35154,1,6
35160,1,6
35166,1,6
35172,1,6
35178,1,6
35184,1,6
35190,1,6
35196,1,6
35202,1,6
35208,1,6
35214,0,6
35220,1,6
35226,1,6
35232,1,6
35238,1,6
35244,1,6
35250,1,6
35256,1,6
35262,1,6
35268,1,6
35273,0,5
35279,0,6
35285,0,6
35291,0,6
35297,0,6
35303,0,6
35309,0,6
35315,0,6
35321,0,6
35328,1,7
35334,1,6
35341,1,7
35347,1,6
35353,0,6
35359,0,6
35366,1,7
35372,1,6
35377,0,5
35384,1,7
35390,1,6
35396,1,6
35402,0,6
35409,1,7
35415,1,6
35421,1,6
35428,1,7
35434,1,6
35441,1,7
35447,1,6
35453,1,6
35460,1,7
35466,1,6
35472,1,6
35479,1,7
35485,1,6
35491,1,6
35497,1,6
35503,1,6
35509,1,6
35515,1,6
35521,1,6
35527,1,6
35532,1,5
35537,0,5
35543,1,6
35549,1,6
35554,1,5
35559,0,5
35564,0,5
35570,1,6
35575,0,5
35581,1,6
35587,1,6
35592,1,5
35597,0,5
35603,1,6
35608,1,5
35613,1,5
35619,1,6
35624,1,5
35629,0,5
35635,1,6
35640,1,5
35646,1,6
35651,1,5
35657,1,6
35662,1,5
35668,0,6
35673,0,5
35679,1,6
35684,1,5
35690,1,6
35695,1,5
35700,0,5
35706,1,6
35711,1,5
35716,0,5
35722,1,6
35727,1,5
35733,1,6
35739,2,6
35744,1,5
35750,1,6
35756,2,6
35761,1,5
35767,1,6
35776,2,9
35781,1,5
35787,2,6
35792,1,5
35799,2,7
35804,1,5
35811,1,7
35819,2,8
35826,2,7
35832,1,6
35839,1,7
35846,1,7
35853,1,7
35860,2,7
35866,1,6
35873,1,7
35880,1,7
35887,1,7
35894,1,7
35901,1,7
35908,2,7
35914,1,6
35921,1,7
35928,1,7
35934,1,6
35941,1,7
35948,1,7
35954,1,6
35961,1,7
35967,1,6
35973,1,6
35980,1,7
35986,1,6
35993,1,7
35999,1,6
36006,1,7
36012,1,6
36019,1,7
36025,1,6
36032,1,7
36040,2,8
36046,1,6
36053,1,7
36061,2,8
36067,1,6
36074,1,7
36081,2,7
36087,1,6
36094,1,7
36101,1,7
36108,1,7
36115,1,7
36123,2,8
36130,1,7
36137,1,7
36144,1,7
36151,1,7
36158,1,7
36167,2,9
36174,1,7
36182,2,8
36188,1,6
36195,1,7
36203,2,8
36210,1,7
36217,1,7
36223,1,6
36228,1,5
36234,1,6
36240,2,6
36246,2,6
36251,1,5
36256,1,5
36263,2,7
36268,1,5
36274,2,6
36279,1,5
36285,1,6
36291,2,6
36296,1,5
36302,1,6
36309,3,7
36314,1,5
36319,1,5
36325,2,6
36330,1,5
36336,1,6
36341,1,5
36347,2,6
36352,1,5
36357,1,5
36363,2,6
36368,1,5
36374,2,6
36379,1,5
36384,1,5
36390,2,6
36395,1,5
36400,1,5
36406,2,6
36412,2,6
36417,2,5
36422,1,5
36427,1,5
36433,2,6
36438,1,5
36444,2,6
36449,2,5
36454,1,5
36460,2,6
36465,1,5
36470,1,5
36475,1,5
36481,1,6
36486,1,5
36491,1,5
36497,2,6
36502,1,5
36507,1,5
36512,1,5
36518,1,6
36523,1,5
36529,2,6
36534,1,5
36540,2,6
36545,2,5
36550,1,5
36555,1,5
36560,1,5
36566,1,6
36571,1,5
36576,1,5
36582,1,6
36588,2,6
36593,2,5
36598,1,5
36604,2,6
36610,2,6
36616,2,6
36620,1,4
36626,2,6
36631,1,5
36637,2,6
36642,2,5
36648,2,6
36652,1,4
36658,2,6
36663,1,5
36669,2,6
36674,1,5
36680,2,6
36687,4,7
36690,1,3
36695,1,5
36700,1,5
36706,1,6
36711,1,5
36716,1,5
36722,2,6
36727,1,5
36732,1,5
36738,2,6
36743,1,5
36748,1,5
36753,1,5
36759,1,6
36764,1,5
36769,1,5
36775,2,6
36780,1,5
36785,1,5
36791,2,6
36796,1,5
36801,1,5
36807,2,6
36812,1,5
36817,1,5
36822,1,5
36828,1,6
36833,1,5
36839,2,6
36844,1,5
36849,1,5
36854,1,5
36860,1,6
36865,1,5
36870,1,5
36875,1,5
36881,1,6
36886,1,5
36891,1,5
36897,1,6
36902,1,5
36907,1,5
36912,1,5
36918,1,6
36923,1,5
36928,1,5
36934,1,6
36939,1,5
36944,1,5
36949,0,5
36955,1,6
36960,1,5
36965,1,5
36971,1,6
36976,1,5
36982,2,6
36987,1,5
36992,1,5
36998,2,6
37003,1,5
37008,1,5
37013,1,5
37019,2,6
37024,1,5
37029,1,5
37035,2,6
37040,1,5
37045,1,5
37051,2,6
37056,1,5
37061,1,5
37066,1,5
37072,2,6
37077,1,5
37083,2,6
37088,2,5
37093,1,5
37099,2,6
37104,2,5
37109,1,5
37114,1,5
37120,2,6
37125,1,5
37130,1,5
37136,2,6
37141,1,5
37146,1,5
37152,2,6
37157,1,5
37162,1,5
37168,2,6
37173,1,5
37178,1,5
37183,1,5
37189,2,6
37194,1,5
37199,1,5
37205,2,6
37210,1,5
37215,1,5
37221,2,6
37226,1,5
37232,2,6
37237,2,5
37242,1,5
37247,1,5
37252,1,5
37258,1,6
37263,1,5
37268,1,5
37274,1,6
37279,1,5
37284,1,5
37290,1,6
37296,2,6
37301,1,5
37307,2,6
37311,1,4
37317,1,6
37322,1,5
37327,1,5
37333,1,6
37338,1,5
37344,2,6
37348,0,4
37354,1,6
37359,1,5
37364,1,5
37370,1,6
37376,2,6
37381,2,5
37386,1,5
37391,1,5
37396,1,5
37402,1,6
37407,1,5
37412,1,5
37418,1,6
37423,1,5
37429,2,6
37434,1,5
37440,2,6
37445,2,5
37450,1,5
37455,1,5
37460,1,5
37466,1,6
37471,1,5
37477,2,6
37482,1,5
37487,1,5
37492,1,5
37498,1,6
37503,1,5
37508,1,5
37514,2,6
37519,1,5
37524,1,5
37530,2,6
37535,1,5
37540,1,5
37546,2,6
37551,1,5
37556,1,5
37561,1,5
37567,1,6
37572,1,5
37577,1,5
37582,1,5
37588,1,6
37593,1,5
37598,1,5
37604,1,6
37609,1,5
37615,2,6
37620,1,5
37625,1,5
37630,1,5
37636,1,6
37641,1,5
37646,1,5
37652,1,6
37657,1,5
37662,1,5
37668,1,6
37673,1,5
37678,1,5
37684,1,6
37689,1,5
37694,1,5
37700,1,6
37705,1,5
37710,1,5
37715,1,5
37721,1,6
37726,1,5
37732,2,6
37737,1,5
37742,1,5
37748,2,6
37753,1,5
37758,1,5
37764,1,6
37769,1,5
37775,2,6
37780,1,5
37785,1,5
37790,1,5
37796,1,6
37801,1,5
37807,2,6
37812,1,5
37817,1,5
37823,2,6
37828,1,5
37833,1,5
37838,1,5
37844,1,6
37849,1,5
37854,1,5
37860,1,6
37883,19,23
37884,15,1
37885,10,1
37886,6,1
37887,2,1
37891,1,4
37897,1,6
37902,1,5
37908,2,6
37913,1,5
37919,2,6
37924,1,5
37929,1,5
37934,1,5
37939,1,5
37945,1,6
37950,1,5
37955,1,5
37961,1,6
37966,1,5
37971,1,5
37977,2,6
37982,1,5
37987,1,5
37992,1,5
37998,1,6
38003,1,5
38009,2,6
38014,1,5
38019,1,5
38024,1,5
38030,1,6
38035,1,5
38040,1,5
38046,1,6
38051,1,5
38056,1,5
38062,1,6
38067,1,5
38072,1,5
38077,1,5
38083,1,6
38088,1,5
38093,1,5
38099,2,6
38104,1,5
38109,1,5
38114,1,5
38120,1,6
38125,1,5
38130,1,5
38136,2,6
38141,1,5
38146,1,5
38152,1,6
38157,1,5
38163,2,6
38168,1,5
38173,1,5
38179,2,6
38184,1,5
38189,1,5
38195,2,6
38200,1,5
38205,1,5
38211,2,6
38216,1,5
38221,1,5
38227,2,6
38232,1,5
38237,1,5
38243,2,6
38248,1,5
38253,1,5
38259,2,6
38264,1,5
38269,1,5
38275,2,6
38280,1,5
38285,1,5
38290,1,5
38296,1,6
38301,1,5
38306,1,5
38311,1,5
38317,1,6
38322,1,5
38327,1,5
38333,1,6
38338,1,5
38343,1,5
38348,1,5
38353,0,5
38359,1,6
38364,1,5
38369,1,5
38374,0,5
38380,1,6
38385,1,5
38390,1,5
38395,0,5
38401,1,6
38406,1,5
38412,2,6
38417,1,5
38422,1,5
38427,1,5
38433,1,6
38438,1,5
38443,1,5
38449,2,6
38454,1,5
38459,1,5
38465,2,6
38470,1,5
38475,1,5
38481,2,6
38486,1,5
38491,1,5
38496,1,5
38501,0,5
38507,1,6
38512,1,5
38517,1,5
38522,0,5
38528,1,6
38533,1,5
38538,0,5
38544,1,6
38549,1,5
38554,1,5
38560,1,6
38565,1,5
38570,1,5
38575,0,5
38581,1,6
38586,1,5
38591,1,5
38597,1,6
38602,1,5
38607,1,5
38613,2,6
38618,1,5
38623,1,5
38629,2,6
38635,2,6
38640,2,5
38651,6,11
38653,2,2
38658,2,5
38663,1,5
38668,1,5
38673,1,5
38678,0,5
38684,1,6
38689,1,5
38694,1,5
38700,1,6
38705,1,5
38711,2,6
38716,1,5
38722,2,6
38727,2,5
38732,1,5
38737,1,5
38742,1,5
38747,1,5
38752,0,5
38758,1,6
38763,1,5
38768,1,5
38773,0,5
38778,0,5
38783,0,5
38789,1,6
38794,1,5
38799,0,5
38804,0,5
38810,1,6
38815,1,5
38820,1,5
38825,0,5
38830,0,5
38836,1,6
38841,1,5
38846,1,5
38851,0,5
38856,0,5
38863,2,7
38867,1,4
38872,0,5
38877,0,5
38883,1,6
38888,1,5
38893,0,5
38898,0,5
38903,0,5
38909,1,6
38914,1,5
38919,1,5
38924,0,5
38929,0,5
38935,1,6
38940,1,5
38945,1,5
38950,0,5
38956,1,6
38961,1,5
38966,1,5
38971,1,5
38976,0,5
38981,0,5
38986,0,5
38992,1,6
38997,1,5
39002,1,5
39007,0,5
39012,0,5
39017,0,5
39023,1,6
39028,1,5
39033,0,5
39038,0,5
39043,0,5
39049,1,6
39054,1,5
39059,1,5
39064,0,5
39069,0,5
39074,0,5
39080,1,6
39085,1,5
39090,0,5
39095,0,5
39100,0,5
39105,0,5
39111,1,6
39116,1,5
39121,1,5
39126,0,5
39131,0,5
39136,0,5
39142,1,6
39147,1,5
39152,1,5
39157,0,5
39162,0,5
39167,0,5
39172,0,5
39178,1,6
39183,1,5
39188,0,5
39193,0,5
39198,0,5
39203,0,5
39209,1,6
39214,1,5
39219,0,5
39224,0,5
39229,0,5
39234,0,5
39240,1,6
39245,1,5
39250,0,5
39256,1,6
39261,1,5
39266,1,5
39271,1,5
39276,0,5
39281,0,5
39286,0,5
39292,1,6
39297,1,5
39302,0,5
39307,0,5
39313,1,6
39318,1,5
39323,1,5
39328,0,5
39333,0,5
39339,1,6
39344,1,5
39349,1,5
39354,0,5
39359,0,5
39364,0,5
39370,1,6
39375,1,5
39380,1,5
39385,0,5
39390,0,5
39396,1,6
39401,1,5
39406,1,5
39411,0,5
39417,1,6
39422,1,5
39427,1,5
39432,0,5
39438,1,6
39443,1,5
39448,1,5
39453,0,5
39459,1,6
39464,1,5
39469,1,5
39474,0,5
39479,0,5
39485,1,6
39490,1,5
39495,0,5
39500,0,5
39506,1,6
39511,1,5
39516,1,5
39521,0,5
39526,0,5
39532,1,6
39537,1,5
39542,1,5
39547,0,5
39553,1,6
39558,1,5
39563,1,5
39568,0,5
39573,0,5
39579,1,6
39584,1,5
39589,1,5
39594,0,5
39599,0,5
39605,1,6
39610,1,5
39615,1,5
39620,0,5
39625,0,5
39631,1,6
39636,1,5
39641,1,5
39646,0,5
39651,0,5
39656,0,5
39662,1,6
39667,1,5
39672,1,5
39677,0,5
39683,0,6
39688,0,5
39693,0,5
39699,1,6
39704,1,5
39709,0,5
39714,0,5
39719,0,5
39724,0,5
39730,1,6
39735,1,5
39740,0,5
39745,0,5
39750,0,5
39755,0,5
39761,1,6
39766,1,5
39771,1,5
39776,0,5
39781,0,5
39786,0,5
39792,1,6
39797,1,5
39802,0,5
39807,0,5
39812,0,5
39818,1,6
39823,1,5
39828,1,5
39833,0,5
39838,0,5
39844,1,6
39849,1,5
39854,1,5
39859,0,5
39864,0,5
39869,0,5
39875,1,6
39880,1,5
39885,1,5
39890,0,5
39895,0,5
39900,0,5
39906,1,6
39911,1,5
39916,0,5
39921,0,5
39926,0,5
39932,1,6
39937,1,5
39942,1,5
39947,0,5
39952,0,5
39957,0,5
39963,1,6
39968,1,5
39977,5,9
39983,1,6
39990,1,7
39996,1,6
40001,0,5
40014,6,13
40014,0,0
40020,0,6
40026,1,6
40031,0,5
40037,0,6
40043,1,6
40049,1,6
40054,0,5
40060,0,6
40066,1,6
40072,1,6
40077,0,5
40083,0,6
40089,1,6
40095,1,6
40100,0,5
40106,0,6
40112,1,6
40118,1,6
40123,0,5
40129,0,6
40135,1,6
40141,1,6
40146,0,5
40152,0,6
40158,0,6
40164,1,6
40170,1,6
40175,0,5
40181,0,6
40187,1,6
40193,1,6
40198,0,5
40204,0,6
40210,0,6
40216,1,6
40222,1,6
40228,1,6
40233,0,5
40240,1,7
40245,1,5
40251,1,6
40257,1,6
40263,1,6
40268,1,5
40274,1,6
40279,1,5
40285,1,6
40290,1,5
40296,1,6
40302,1,6
40307,1,5
40312,0,5
40318,1,6
40323,1,5
40329,1,6
40334,1,5
40340,1,6
40345,1,5
40351,1,6
40356,1,5
40362,1,6
40367,1,5
40372,1,5
40377,0,5
40383,1,6
40388,1,5
40394,2,6
40399,1,5
40404,1,5
40409,1,5
40415,1,6
40420,1,5
40425,1,5
40431,1,6
40436,1,5
40441,1,5
40446,1,5
40452,1,6
40457,1,5
40463,2,6
40468,1,5
40473,1,5
40478,1,5
40484,1,6
40489,1,5
40494,1,5
40500,2,6
40505,1,5
40510,1,5
40516,2,6
40521,1,5
40526,1,5
40532,2,6
40537,1,5
40542,1,5
40548,1,6
40553,1,5
40558,1,5
40563,1,5
40569,1,6
40574,1,5
40580,2,6
40585,1,5
40590,1,5
40595,1,5
40600,0,5
40606,1,6
40612,2,6
40617,2,5
40622,1,5
40627,1,5
40632,1,5
40638,1,6
40643,1,5
40648,1,5
40654,1,6
40659,1,5
40664,1,5
40670,2,6
40676,1,6
40683,1,7
40690,1,7
40696,1,6
40703,1,7
40710,1,7
40721,1,11
40728,1,7
40735,2,7
40742,2,7
40748,1,6
40755,1,7
40762,1,7
40768,1,6
40775,1,7
40782,1,7
40789,1,7
40795,1,6
40802,1,7
40808,1,6
40816,2,8
40823,1,7
40830,1,7
40837,1,7
40844,1,7
40850,1,6
40857,1,7
40863,1,6
40870,1,7
40876,1,6
40884,2,8
40891,2,7
40898,1,7
40905,1,7
40912,2,7
40918,1,6
40925,1,7
40932,1,7
40938,1,6
40945,1,7
40952,1,7
40959,2,7
40965,1,6
40972,1,7
40979,1,7
40986,2,7
40992,1,6
40999,1,7
41005,1,6
41012,1,7
41018,1,6
41025,1,7
41031,1,6
41038,1,7
41044,1,6
41051,1,7
41058,1,7
41065,2,7
41071,1,6
41077,1,6
41084,1,7
41090,1,6
41096,0,6
41103,1,7
41109,0,6
41116,1,7
41122,1,6
41128,0,6
41135,1,7
41141,1,6
41148,1,7
41154,0,6
41161,1,7
41167,1,6
41174,0,7
41180,1,6
41186,2,6
41191,1,5
41197,1,6
41203,2,6
41208,1,5
41214,1,6
41220,2,6
41225,1,5
41231,2,6
41237,2,6
41242,1,5
41248,2,6
41253,1,5
41259,1,6
41264,1,5
41270,2,6
41275,1,5
41280,1,5
41285,1,5
41291,1,6
41296,1,5
41301,1,5
41307,1,6
41312,1,5
41317,1,5
41322,1,5
41328,1,6
41333,1,5
41338,1,5
41344,1,6
41349,1,5
41354,1,5
41359,1,5
41365,1,6
41373,4,8
41379,2,6
41384,1,5
41390,1,6
41396,2,6
41401,1,5
41407,1,6
41413,2,6
41418,1,5
41424,1,6
41430,2,6
41435,1,5
41441,2,6
41446,1,5
41451,1,5
41457,2,6
41462,1,5
41467,1,5
41472,1,5
41478,1,6
41488,6,10
41490,1,2
41497,1,7
41503,1,6
41513,1,10
41519,1,6
41526,1,7
41532,1,6
41539,1,7
41546,1,7
41552,1,6
41559,1,7
41567,2,8
41574,1,7
41582,2,8
41589,1,7
41597,2,8
41604,1,7
41612,2,8
41619,1,7
41627,2,8
41634,1,7
41642,2,8
41648,2,6
41653,1,5
41659,2,6
41664,1,5
41670,1,6
41676,2,6
41681,1,5
41687,1,6
41693,2,6
41698,1,5
41703,1,5
41709,2,6
41714,1,5
41719,1,5
41725,2,6
41730,1,5
41735,1,5
41740,1,5
41746,1,6
41751,1,5
41756,1,5
41761,1,5
41766,0,5
41772,1,6
41777,1,5
41782,1,5
41787,0,5
41792,0,5
41798,1,6
41803,1,5
41808,1,5
41813,0,5
41818,0,5
41824,1,6
41829,1,5
41834,1,5
41839,0,5
41845,1,6
41850,1,5
41855,1,5
41860,0,5
41865,0,5
41871,1,6
41876,1,5
41881,1,5
41887,1,6
41892,1,5
41897,1,5
41902,1,5
41907,0,5
41913,1,6
41918,1,5
41923,1,5
41928,0,5
41933,0,5
41938,0,5
41944,1,6
41949,1,5
41954,1,5
41959,0,5
41964,0,5
41969,0,5
41975,1,6
41980,1,5
41985,0,5
41990,0,5
41996,1,6
42001,1,5
42006,1,5
42011,0,5
42016,0,5
42021,0,5
42027,1,6
42032,1,5
42037,0,5
42042,0,5
42047,0,5
42053,1,6
42058,1,5
42063,0,5
42068,0,5
42074,1,6
42079,1,5
42084,0,5
42089,0,5
42095,1,6
42100,1,5
42105,1,5
42110,0,5
42116,1,6
42121,1,5
42126,1,5
42131,0,5
42136,0,5
42141,0,5
42147,1,6
42152,1,5
42157,1,5
42162,0,5
42167,0,5
42172,0,5
42178,1,6
42183,1,5
42188,1,5
42193,0,5
42198,0,5
42203,0,5
42209,1,6
42214,1,5
42219,1,5
42224,0,5
42229,0,5
42234,0,5
42240,1,6
42245,1,5
42250,0,5
42255,0,5
42260,0,5
42266,1,6
42271,1,5
42276,0,5
42281,0,5
42286,0,5
42292,1,6
42297,1,5
42302,1,5
42307,0,5
42312,0,5
42317,0,5
42323,1,6
42328,1,5
42333,1,5
42338,0,5
42343,0,5
42348,0,5
42354,1,6
42359,1,5
42364,0,5
42369,0,5
42375,1,6
42380,1,5
42385,1,5
42390,1,5
42396,1,6
42401,1,5
42406,1,5
42411,1,5
42416,0,5
42421,0,5
42427,1,6
42432,1,5
42437,1,5
42443,1,6
42448,1,5
42453,1,5
42458,1,5
42463,0,5
42469,1,6
42474,1,5
42479,1,5
42484,1,5
42489,0,5
42495,1,6
42500,1,5
42505,1,5
42511,1,6
42516,1,5
42521,1,5
42526,1,5
42531,0,5
42536,0,5
42542,1,6
42547,1,5
42552,1,5
42557,0,5
42562,0,5
42567,0,5
42572,0,5
42578,1,6
42583,1,5
42588,1,5
42593,0,5
42598,0,5
42603,0,5
42608,0,5
42613,0,5
42619,1,6
42624,1,5
42629,1,5
42634,0,5
42639,0,5
42644,0,5
42649,0,5
42655,1,6
42660,1,5
42665,0,5
42670,0,5
42675,0,5
42681,1,6
42686,1,5
42691,0,5
42696,0,5
42701,0,5
42706,0,5
42712,1,6
42717,1,5
42722,0,5
42727,0,5
42732,0,5
42738,1,6
42743,1,5
42749,1,6
42754,1,5
42759,1,5
42765,1,6
42770,1,5
42776,2,6
42781,1,5
42787,2,6
42792,1,5
42798,2,6
42803,1,5
42808,1,5
42814,2,6
42819,1,5
42825,2,6
42830,1,5
42836,2,6
42841,1,5
42847,2,6
42852,1,5
42857,1,5
42863,1,6
42869,2,6
42874,2,5
42879,1,5
42909,23,30
42909,18,0
42910,13,1
42911,9,1
42912,5,1
42913,1,1
42919,1,6
42924,1,5
42929,1,5
42935,2,6
42940,1,5
42945,1,5
42950,1,5
42956,1,6
42961,1,5
42966,1,5
42972,2,6
42977,1,5
42983,2,6
42988,2,5
42993,1,5
42999,2,6
43004,2,5
43009,1,5
43014,1,5
43019,1,5
43025,1,6
43030,1,5
43035,1,5
43040,1,5
43046,1,6
43051,1,5
43056,1,5
43062,1,6
43067,1,5
43072,1,5
43078,1,6
43083,1,5
43088,1,5
43093,1,5
43099,1,6
43104,1,5
43109,1,5
43114,1,5
43120,1,6
43125,1,5
43131,2,6
43136,1,5
43141,1,5
43147,2,6
43152,1,5
43157,1,5
43162,1,5
43167,1,5
43173,1,6
43178,1,5
43184,2,6
43189,1,5
43194,1,5
43199,1,5
43205,2,6
43210,1,5
43215,1,5
43220,1,5
43226,1,6
43231,1,5
43236,1,5
43242,2,6
43247,1,5
43252,1,5
43257,1,5
43263,1,6
43268,1,5
43273,1,5
43279,2,6
43284,1,5
43290,2,6
43295,2,5
43302,3,7
43305,1,3
43311,1,6
43317,2,6
43323,2,6
43328,1,5
43334,2,6
43339,1,5
43345,1,6
43351,2,6
43357,2,6
43362,1,5
43367,1,5
43372,1,5
43378,1,6
43383,1,5
43388,1,5
43393,1,5
43399,1,6
43404,1,5
43409,1,5
43415,1,6
43420,1,5
43425,1,5
43431,2,6
43436,1,5
43441,1,5
43447,2,6
43452,1,5
43457,1,5
43463,2,6
43468,1,5
43473,1,5
43479,2,6
43484,1,5
43489,1,5
43495,2,6
43500,1,5
43505,1,5
43511,2,6
43516,1,5
43521,1,5
43527,2,6
43532,1,5
43537,1,5
43542,1,5
43548,1,6
43553,1,5
43558,1,5
43563,1,5
43569,1,6
43574,1,5
43579,1,5
43585,1,6
43590,1,5
43596,2,6
43601,1,5
43606,1,5
43612,2,6
43617,1,5
43622,1,5
43627,1,5
43633,1,6
43638,1,5
43644,2,6
43649,1,5
43654,1,5
43659,1,5
43664,1,5
43670,1,6
43675,1,5
43681,2,6
43686,1,5
43691,1,5
43697,2,6
43702,1,5
43708,2,6
43712,1,4
43718,1,6
43723,1,5
43728,1,5
43734,2,6
43739,1,5
43744,1,5
43749,1,5
43755,1,6
43760,1,5
43766,2,6
43771,1,5
43776,1,5
43782,2,6
43787,1,5
43792,1,5
43797,1,5
43803,2,6
43808,1,5
43813,1,5
43818,1,5
43824,1,6
43829,1,5
43834,1,5
43839,1,5
43845,1,6
43850,1,5
43855,1,5
43860,1,5
43866,1,6
43871,1,5
43876,1,5
43882,2,6
43887,1,5
43892,1,5
43897,1,5
43903,1,6
43908,1,5
43913,1,5
43919,1,6
43924,1,5
43929,1,5
43934,1,5
43940,1,6
43945,1,5
43950,1,5
43956,2,6
43961,1,5
43966,1,5
43971,1,5
43976,0,5
43982,1,6
43987,1,5
43992,1,5
43998,1,6
44003,1,5
44008,1,5
44013,1,5
44019,1,6
44025,2,6
44029,1,4
44035,1,6
44040,1,5
44046,2,6
44051,1,5
44056,1,5
44061,1,5
44067,2,6
44072,1,5
44077,1,5
44082,1,5
44088,1,6
44093,1,5
44098,1,5
44103,1,5
44109,1,6
44114,1,5
44119,1,5
44125,1,6
44130,1,5
44135,1,5
44141,2,6
44146,1,5
44152,2,6
44157,2,5
44162,1,5
44167,1,5
44172,1,5
44177,0,5
44183,1,6
44188,1,5
44193,1,5
44199,1,6
44204,1,5
44209,1,5
44215,1,6
44220,1,5
44226,2,6
44231,1,5
44236,1,5
44241,1,5
44247,1,6
44252,1,5
44257,1,5
44263,2,6
44268,1,5
44273,1,5
44278,1,5
44283,0,5
44289,1,6
44294,1,5
44300,2,6
44305,1,5
44310,1,5
44315,1,5
44321,1,6
44326,1,5
44332,2,6
44336,1,4
44342,1,6
44347,1,5
44352,1,5
44357,0,5
44363,1,6
44368,1,5
44373,1,5
44379,1,6
44384,1,5
44389,1,5
44395,1,6
44400,1,5
44405,1,5
44410,1,5
44416,1,6
44421,1,5
44426,1,5
44431,1,5
44437,1,6
44442,1,5
44447,1,5
44452,0,5
44458,1,6
44463,1,5
44468,1,5
44474,1,6
44479,1,5
44484,1,5
44489,1,5
44495,1,6
44500,1,5
44505,1,5
44511,1,6
44516,1,5
44521,1,5
44526,1,5
44532,1,6
44537,1,5
44542,1,5
44548,1,6
44553,1,5
44558,1,5
44563,1,5
44569,1,6
44574,1,5
44579,1,5
44585,1,6
44590,1,5
44596,2,6
44600,1,4
44606,1,6
44611,1,5
44616,1,5
44621,1,5
44626,1,5
44631,0,5
44637,1,6
44642,1,5
44648,2,6
44653,1,5
44658,1,5
44663,1,5
44669,2,6
44674,1,5
44679,1,5
44684,1,5
44689,1,5
44694,0,5
44700,1,6
44705,1,5
44710,1,5
44715,0,5
44721,1,6
44726,1,5
44731,1,5
44736,1,5
44742,1,6
44747,1,5
44752,1,5
44757,1,5
44762,0,5
44768,1,6
44773,1,5
44778,1,5
44784,1,6
44789,1,5
44794,1,5
44800,1,6
44805,1,5
44810,1,5
44815,1,5
44821,1,6
44826,1,5
44832,2,6
44836,0,4
44842,1,6
44847,1,5
44852,1,5
44858,1,6
44863,1,5
44868,1,5
44873,0,5
44879,1,6
44884,1,5
44889,1,5
44895,1,6
44900,1,5
44905,1,5
44910,1,5
44916,1,6
44921,1,5
44926,1,5
44932,1,6
44937,1,5
44942,1,5
44947,1,5
44953,1,6
44958,1,5
44963,1,5
44969,1,6
44974,1,5
44979,1,5
44985,2,6
44990,1,5
44995,1,5
45001,2,6
45006,1,5
45012,2,6
45017,2,5
45022,1,5
45028,2,6
45033,1,5
45038,1,5
45043,1,5
45048,1,5
45054,1,6
45059,1,5
45064,1,5
45070,1,6
45075,1,5
45080,1,5
45085,1,5
45091,1,6
45096,1,5
45101,1,5
45107,1,6
45112,1,5
45117,1,5
45122,1,5
45128,1,6
45133,1,5
45138,1,5
45144,1,6
45149,1,5
45154,1,5
45160,2,6
45165,1,5
45170,1,5
45175,1,5
45180,0,5
45186,1,6
45191,1,5
45197,1,6
45202,1,5
45208,2,6
45213,2,5
45218,1,5
45223,1,5
45229,2,6
45234,1,5
45240,2,6
45245,2,5
45250,1,5
45255,1,5
45260,1,5
45266,1,6
45271,1,5
45277,2,6
45282,1,5
45287,1,5
45292,1,5
45298,2,6
45303,1,5
45308,1,5
45314,2,6
45319,1,5
45324,1,5
45330,2,6
45335,1,5
45340,1,5
45346,2,6
45351,1,5
45356,1,5
45361,1,5
45367,2,6
45372,1,5
45377,1,5
45382,1,5
45388,1,6
45393,1,5
45398,1,5
45404,1,6
45409,1,5
45414,1,5
45419,1,5
45425,1,6
45430,1,5
45436,2,6
45441,1,5
45446,1,5
45451,1,5
45457,1,6
45462,1,5
45468,2,6
45474,2,6
45478,1,4
45483,1,5
45489,2,6
45494,1,5
45499,1,5
45505,2,6
45510,1,5
45515,1,5
45520,1,5
45525,1,5
45531,1,6
45536,1,5
45541,1,5
45547,1,6
45552,1,5
45557,1,5
45563,1,6
45568,1,5
45573,1,5
45579,2,6
45584,1,5
45589,1,5
45594,1,5
45600,1,6
45605,1,5
45610,1,5
45616,1,6
45621,1,5
45627,1,6
45632,1,5
45637,1,5
45644,2,7
45649,1,5
45655,2,6
45660,1,5
45665,1,5
45671,2,6
45676,1,5
45681,1,5
45687,2,6
45692,1,5
45698,2,6
45703,2,5
45708,1,5
45713,1,5
45719,1,6
45724,1,5
45729,1,5
45734,1,5
45740,1,6
45745,1,5
45750,1,5
45756,1,6
45761,1,5
45766,1,5
45771,1,5
45776,0,5
45782,1,6
45787,1,5
45793,2,6
45798,1,5
45803,1,5
45808,1,5
45814,1,6
45819,1,5
45824,1,5
45829,1,5
45835,1,6
45840,1,5
45845,1,5
45851,2,6
45856,1,5
45861,1,5
45867,2,6
45872,1,5
45877,1,5
45882,1,5
45888,2,6
45893,1,5
45898,1,5
45904,2,6
45909,1,5
45914,1,5
45919,1,5
45925,2,6
45930,1,5
45935,1,5
45941,2,6
45946,1,5
45951,1,5
45956,1,5
45962,1,6
45967,1,5
45972,1,5
45978,2,6
45983,1,5
45988,1,5
45993,1,5
45999,1,6
46004,1,5
46009,1,5
46015,2,6
46020,1,5
46025,1,5
46031,2,6
46036,1,5
46041,1,5
46047,2,6
46052,1,5
46057,1,5
46062,1,5
46067,1,5
46072,0,5
46078,1,6
46083,1,5
46088,1,5
46093,0,5
46099,1,6
46104,1,5
46109,1,5
46115,1,6
46120,1,5
46125,1,5
46130,1,5
46136,1,6
46141,1,5
46146,1,5
46152,1,6
46157,1,5
46163,2,6
46167,1,4
46173,1,6
46178,1,5
46183,1,5
46189,1,6
46194,1,5
46199,1,5
46204,1,5
46210,1,6
46215,1,5
46220,1,5
46226,2,6
46231,1,5
46236,1,5
46241,1,5
46247,1,6
46252,1,5
46257,1,5
46262,1,5
46268,1,6
46273,1,5
46278,1,5
46284,1,6
46291,2,7
46298,1,7
46305,1,7
46312,1,7
46319,2,7
46325,1,6
46332,1,7
46339,1,7
46346,1,7
46353,1,7
46360,1,7
46368,2,8
46376,2,8
46381,1,5
46388,2,7
46394,1,6
46401,2,7
46406,1,5
46412,2,6
46417,1,5
46423,1,6
46428,1,5
46434,1,6
46439,1,5
46445,1,6
46450,1,5
46456,1,6
46461,1,5
46467,1,6
46472,1,5
46478,1,6
46487,5,9
46488,0,1
46495,1,7
46502,1,7
46508,1,6
46515,1,7
46521,0,6
46528,1,7
46535,1,7
46542,1,7
46548,1,6
46555,1,7
46562,1,7
46569,1,7
46575,2,6
46582,2,7
46588,2,6
46593,1,5
46599,2,6
46605,2,6
46610,1,5
46615,1,5
46621,1,6
46626,1,5
46632,1,6
46638,2,6
46643,1,5
46649,1,6
46655,2,6
46660,1,5
46666,1,6
46671,1,5
46679,3,8
46683,1,4
46688,1,5
46694,2,6
46699,1,5
46704,1,5
46710,2,6
46715,1,5
46720,1,5
46726,2,6
46731,1,5
46736,1,5
46742,1,6
46747,1,5
46752,1,5
46758,2,6
46763,1,5
46768,1,5
46774,2,6
46779,1,5
46787,1,8
46793,2,6
46797,1,4
46803,1,6
46808,1,5
46813,1,5
46818,0,5
46824,1,6
46829,1,5
46834,1,5
46840,1,6
46845,1,5
46851,2,6
46856,1,5
46861,1,5
46867,1,6
46872,1,5
46877,1,5
46884,2,7
46889,2,5
46893,0,4
46902,2,9
46907,1,5
46912,1,5
46918,2,6
46923,1,5
46929,2,6
46934,1,5
46939,1,5
46944,1,5
46950,1,6
46955,1,5
46960,1,5
46965,1,5
46971,1,6
46976,1,5
46981,1,5
46987,1,6
46997,2,10
47002,1,5
47007,1,5
47012,1,5
47018,1,6
47024,2,6
47032,1,8
47039,1,7
47046,1,7
47052,1,6
47059,1,7
47065,1,6
47072,1,7
47078,1,6
47085,1,7
47091,1,6
47098,1,7
47105,1,7
47111,1,6
47118,1,7
47124,1,6
47131,1,7
47138,1,7
47144,1,6
47151,1,7
47157,1,6
47164,1,7
47170,1,6
47177,1,7
47183,1,6
47190,1,7
47196,1,6
47203,1,7
47209,1,6
47216,1,7
47223,1,7
47229,1,6
47236,1,7
47242,1,6
47249,1,7
47255,1,6
47262,1,7
47268,1,6
47275,1,7
47281,1,6
47288,1,7
47294,1,6
47301,1,7
47308,1,7
47315,1,7
47322,1,7
47329,1,7
47335,1,6
47342,1,7
47349,2,7
47356,2,7
47362,1,6
47369,1,7
47375,1,6
47381,1,6
47388,1,7
47394,1,6
47400,1,6
47406,0,6
47413,1,7
47418,1,5
47424,1,6
47429,1,5
47435,1,6
47440,1,5
47445,0,5
47451,1,6
47456,1,5
47462,1,6
47467,1,5
47473,1,6
47478,1,5
47484,1,6
47489,1,5
47494,0,5
47500,1,6
47505,1,5
47511,1,6
47516,1,5
47522,1,6
47527,1,5
47533,1,6
47538,1,5
47543,0,5
47549,1,6
47554,0,5
47560,1,6
47565,1,5
47570,1,5
47576,1,6
47581,1,5
47586,1,5
47591,1,5
47597,1,6
47602,1,5
47607,1,5
47613,1,6
47618,1,5
47623,1,5
47628,1,5
47633,0,5
47639,1,6
47644,1,5
47649,1,5
47655,1,6
47661,2,6
47666,2,5
47671,1,5
47676,1,5
47681,1,5
47687,1,6
47692,1,5
47697,1,5
47702,1,5
47708,1,6
47713,1,5
47719,2,6
47724,1,5
47729,1,5
47734,1,5
47739,1,5
47746,2,7
47750,1,4
47755,1,5
47761,1,6
47767,1,6
47772,1,5
47778,1,6
47783,1,5
47789,1,6
47794,1,5
47800,1,6
47806,2,6
47811,1,5
47816,1,5
47821,1,5
47827,1,6
47832,1,5
47837,1,5
47843,1,6
47848,1,5
47853,1,5
47859,2,6
47864,1,5
47869,1,5
47874,1,5
47880,1,6
47885,1,5
47890,1,5
47896,2,6
47901,1,5
47906,1,5
47928,18,22
47929,13,1
47930,9,1
47930,4,0
47932,0,2
47938,1,6
47943,1,5
47948,0,5
47954,1,6
47959,1,5
47964,1,5
47970,1,6
47975,1,5
47980,1,5
47985,1,5
47991,1,6
47996,1,5
48001,1,5
48007,1,6
48012,1,5
48017,1,5
48022,0,5
48028,1,6
48033,1,5
48038,1,5
48043,0,5
48049,1,6
48055,2,6
48060,1,5
48065,1,5
48070,1,5
48076,1,6
48081,1,5
48086,1,5
48092,2,6
48097,1,5
48102,1,5
48107,1,5
48113,1,6
48118,1,5
48124,2,6
48129,1,5
48134,1,5
48139,1,5
48144,1,5
48150,1,6
48155,1,5
48160,1,5
48165,1,5
48171,1,6
48176,1,5
48181,1,5
48187,1,6
48192,1,5
48197,1,5
48202,1,5
48208,1,6
48213,1,5
48218,1,5
48224,1,6
48229,1,5
48234,1,5
48240,2,6
48245,1,5
48250,1,5
48255,1,5
48260,1,5
48266,1,6
48271,1,5
48276,1,5
48282,1,6
48287,1,5
48292,1,5
48298,2,6
48302,0,4
48308,1,6
48313,1,5
48319,2,6
48324,1,5
48329,1,5
48334,1,5
48339,0,5
48345,1,6
48350,1,5
48355,1,5
48360,0,5
48366,1,6
48371,1,5
48377,1,6
48382,1,5
48387,1,5
48393,1,6
48398,1,5
48403,1,5
48409,1,6
48414,1,5
48419,1,5
48425,2,6
48430,1,5
48435,1,5
48440,1,5
48446,1,6
48451,1,5
48456,1,5
48461,0,5
48467,1,6
48472,1,5
48478,2,6
48483,1,5
48488,1,5
48493,1,5
48498,1,5
48504,1,6
48509,1,5
48515,2,6
48520,1,5
48525,1,5
48531,2,6
48536,1,5
48541,1,5
48547,2,6
48552,1,5
48557,1,5
48562,1,5
48568,1,6
48573,1,5
48579,2,6
48584,1,5
48589,1,5
48594,1,5
48600,1,6
48605,1,5
48611,2,6
48616,1,5
48621,1,5
48627,2,6
48632,1,5
48637,1,5
48643,2,6
48648,1,5
48654,2,6
48659,2,5
48664,1,5
48669,1,5
48674,1,5
48682,3,8
48685,1,3
48690,1,5
48696,1,6
48701,1,5
48706,1,5
48711,1,5
48717,1,6
48722,1,5
48727,1,5
48733,1,6
48738,1,5
48743,0,5
48748,0,5
48753,0,5
48759,1,6
48764,1,5
48769,1,5
48774,0,5
48779,0,5
48784,0,5
48790,1,6
48795,1,5
48800,1,5
48805,0,5
48810,0,5
48815,0,5
48820,0,5
48826,1,6
48831,1,5
48836,0,5
48841,0,5
48846,0,5
48851,0,5
48857,1,6
48862,1,5
48867,0,5
48872,0,5
48877,0,5
48883,1,6
48888,1,5
48893,1,5
48899,1,6
48904,1,5
48909,1,5
48914,0,5
48919,0,5
48925,1,6
48930,1,5
48935,1,5
48940,0,5
48945,0,5
48950,0,5
48956,1,6
48961,1,5
48966,1,5
48971,0,5
48976,0,5
48981,0,5
48987,1,6
48992,1,5
48997,0,5
49002,0,5
49008,1,6
49013,1,5
49018,1,5
49023,0,5
49028,0,5
49033,0,5
49039,1,6
49044,1,5
49049,1,5
49054,0,5
49059,0,5
49065,1,6
49070,1,5
49075,1,5
49080,0,5
49085,0,5
49090,0,5
49095,0,5
49101,1,6
49106,1,5
49111,0,5
49116,0,5
49121,0,5
49127,1,6
49132,1,5
49137,1,5
49142,0,5
49147,0,5
49152,0,5
49157,0,5
49163,1,6
49168,1,5
49173,0,5
49178,0,5
49183,0,5
49189,1,6
49195,1,6
49200,1,5
49205,1,5
49210,0,5
49215,0,5
49220,0,5
49226,1,6
49231,1,5
49237,1,6
49242,1,5
49247,1,5
49253,1,6
49258,1,5
49264,2,6
49269,2,5
49274,1,5
49280,2,6
49285,2,5
49290,1,5
49296,2,6
49301,2,5
49306,1,5
49311,1,5
49317,2,6
49322,1,5
49328,2,6
49333,2,5
49338,1,5
49344,2,6
49349,2,5
49354,1,5
49360,2,6
49365,2,5
49370,1,5
49376,2,6
49381,2,5
49386,1,5
49392,2,6
49397,2,5
49402,1,5
49407,1,5
49413,2,6
49418,1,5
49424,2,6
49429,2,5
49434,1,5
49440,2,6
49445,2,5
49450,1,5
49456,2,6
49461,2,5
49466,1,5
49471,1,5
49477,2,6
49482,1,5
49487,1,5
49493,2,6
49498,1,5
49503,1,5
49509,2,6
49514,2,5
49519,1,5
49524,1,5
49530,2,6
49535,1,5
49540,1,5
49546,2,6
49551,1,5
49556,1,5
49562,2,6
49567,1,5
49572,1,5
49577,1,5
49582,1,5
49588,1,6
49593,1,5
49598,1,5
49604,2,6
49609,1,5
49614,1,5
49620,2,6
49625,1,5
49630,1,5
49635,1,5
49641,1,6
49646,1,5
49651,1,5
49657,1,6
49662,1,5
49667,1,5
49672,1,5
49678,1,6
49683,1,5
49688,1,5
49693,1,5
49699,1,6
49704,1,5
49709,1,5
49715,1,6
49720,1,5
49725,1,5
49731,1,6
49735,0,4
49741,1,6
49746,1,5
49751,0,5
49756,0,5
49762,1,6
49767,1,5
49772,1,5
49777,0,5
49782,0,5
49788,1,6
49793,1,5
49798,1,5
49803,0,5
49808,0,5
49814,1,6
49819,1,5
49824,1,5
49829,1,5
49834,0,5
49839,0,5
49845,1,6
49850,1,5
49855,1,5
49860,0,5
49866,1,6
49871,1,5
49876,1,5
49881,0,5
49886,0,5
49892,1,6
49897,1,5
49902,1,5
49907,0,5
49912,0,5
49918,1,6
49923,1,5
49928,1,5
49933,0,5
49938,0,5
49943,0,5
49949,1,6
49954,1,5
49959,1,5
49964,0,5
49969,0,5
49974,0,5
49979,0,5
49985,1,6
49990,1,5
49995,0,5
50000,0,5
50005,0,5
50011,1,6
50016,1,5
50021,1,5
50026,0,5
50031,0,5
50036,0,5
50041,0,5
50047,1,6
50052,1,5
50057,0,5
50062,0,5
50067,0,5
50073,1,6
50078,1,5
50083,1,5
50088,0,5
50093,0,5
50098,0,5
50103,0,5
50109,1,6
50114,1,5
50119,0,5
50124,0,5
50129,0,5
50134,0,5
50140,1,6
50145,1,5
50150,0,5
50155,0,5
50160,0,5
50165,0,5
50171,1,6
50176,1,5
50181,1,5
50186,0,5
50191,0,5
50196,0,5
50202,1,6
50207,1,5
50212,1,5
50217,0,5
50222,0,5
50227,0,5
50232,0,5
50238,1,6
50244,1,6
50249,1,5
50254,1,5
50261,2,7
50266,2,5
50271,1,5
50276,1,5
50282,2,6
50287,1,5
50292,1,5
50298,2,6
50302,0,4
50308,1,6
50313,1,5
50318,1,5
50324,1,6
50329,1,5
50334,1,5
50339,0,5
50345,1,6
50350,1,5
50355,1,5
50361,1,6
50366,1,5
50371,1,5
50377,1,6
50382,1,5
50387,1,5
50392,0,5
50398,1,6
50403,1,5
50409,1,6
50414,1,5
50420,2,6
50425,1,5
50430,1,5
50435,1,5
50441,2,6
50446,1,5
50451,1,5
50457,2,6
50462,1,5
50468,2,6
50473,2,5
50478,1,5
50484,2,6
50488,1,4
50494,1,6
50499,1,5
50504,1,5
50509,0,5
50515,1,6
50520,1,5
50525,1,5
50531,1,6
50536,1,5
50541,1,5
50546,1,5
50552,1,6
50557,1,5
50563,2,6
50568,1,5
50573,1,5
50578,1,5
50583,0,5
50589,1,6
50594,1,5
50599,1,5
50605,1,6
50610,1,5
50615,1,5
50621,2,6
50626,1,5
50631,1,5
50636,1,5
50642,1,6
50647,1,5
50652,1,5
50657,1,5
50663,1,6
50668,1,5
50673,1,5
50679,1,6
50684,1,5
50689,1,5
50695,1,6
50700,1,5
50705,1,5
50710,1,5
50716,1,6
50721,1,5
50726,1,5
50731,1,5
50737,1,6
50742,1,5
50748,2,6
50753,1,5
50759,2,6
50764,1,5
50769,1,5
50774,1,5
50779,1,5
50785,1,6
50790,1,5
50796,2,6
50801,1,5
50806,1,5
50811,1,5
50817,1,6
50822,1,5
50827,1,5
50833,1,6
50838,1,5
50843,1,5
50848,0,5
50854,1,6
50859,1,5
50865,2,6
50870,1,5
50875,1,5
50880,1,5
50886,1,6
50891,1,5
50896,1,5
50901,1,5
50907,1,6
50912,1,5
50917,1,5
50922,1,5
50928,1,6
50933,1,5
50938,1,5
50943,1,5
50949,1,6
50954,1,5
50959,1,5
50965,1,6
50970,1,5
50975,1,5
50980,1,5
50986,1,6
50991,1,5
50996,1,5
51001,1,5
51006,0,5
51011,0,5
51017,1,6
51022,1,5
51027,1,5
51032,0,5
51037,0,5
51043,1,6
51048,1,5
51053,1,5
51059,1,6
51064,1,5
51070,2,6
51075,1,5
51080,1,5
51085,1,5
51091,2,6
51096,1,5
51101,1,5
51107,2,6
51112,2,5
51117,1,5
51123,1,6
51128,1,5
51134,1,6
51140,2,6
51145,1,5
51151,2,6
51156,1,5
51161,0,5
51167,1,6
51173,1,6
51178,1,5
51184,1,6
51189,1,5
51195,1,6
51200,1,5
51205,1,5
51211,1,6
51216,1,5
51221,1,5
51226,0,5
51232,1,6
51237,1,5
51242,1,5
51248,1,6
51253,1,5
51258,1,5
51263,1,5
51269,1,6
51274,1,5
51279,1,5
51285,1,6
51290,1,5
51295,1,5
51300,0,5
51306,1,6
51311,1,5
51316,1,5
51322,1,6
51327,1,5
51332,1,5
51337,1,5
51343,1,6
51348,1,5
51353,1,5
51358,0,5
51364,1,6
51369,1,5
51374,1,5
51380,1,6
51385,1,5
51391,2,6
51396,1,5
51401,1,5
51406,1,5
51412,1,6
51417,1,5
51422,1,5
51428,2,6
51433,1,5
51438,1,5
51443,1,5
51449,1,6
51454,1,5
51459,1,5
51465,2,6
51470,1,5
51475,1,5
51481,2,6
51486,1,5
51492,2,6
51497,1,5
51502,1,5
51508,2,6
51513,1,5
51518,1,5
51524,2,6
51529,1,5
51534,1,5
51540,2,6
51545,1,5
51550,1,5
51556,2,6
51561,1,5
51566,1,5
51572,2,6
51577,1,5
51582,1,5
51588,2,6
51593,1,5
51598,1,5
51604,2,6
51609,1,5
51614,1,5
51619,1,5
51625,1,6
51630,1,5
51635,1,5
51641,2,6
51646,1,5
51651,1,5
51657,2,6
51662,1,5
51667,1,5
51672,1,5
51678,1,6
51683,1,5
51688,1,5
51694,1,6
51699,1,5
51704,1,5
51709,1,5
51715,1,6
51720,1,5
51725,1,5
51731,1,6
51736,1,5
51741,1,5
51747,1,6
51752,1,5
51757,1,5
51762,1,5
51768,1,6
51773,1,5
51778,1,5
51783,0,5
51789,1,6
51794,1,5
51800,2,6
51805,1,5
51810,1,5
51815,1,5
51821,1,6
51826,1,5
51831,1,5
51836,1,5
51842,1,6
51847,1,5
51852,1,5
51858,1,6
51863,1,5
51868,1,5
51873,1,5
51879,1,6
51884,1,5
51889,1,5
51894,0,5
51900,1,6
51905,1,5
51910,1,5
51916,1,6
51921,1,5
51927,2,6
51932,1,5
51937,1,5
51942,1,5
51947,1,5
51953,1,6
51958,1,5
51963,1,5
51968,1,5
51974,1,6
51979,1,5
51984,1,5
51990,1,6
51995,1,5
52000,1,5
52005,0,5
52011,1,6
52016,1,5
52022,2,6
52028,2,6
52032,1,4
52038,1,6
52044,2,6
52049,1,5
52054,1,5
52060,1,6
52066,1,6
52071,1,5
52077,1,6
52082,1,5
52088,1,6
52093,1,5
52099,1,6
52104,1,5
52109,1,5
52115,1,6
52120,1,5
52126,2,6
52131,1,5
52136,1,5
52141,1,5
52146,1,5
52152,1,6
52157,1,5
52162,1,5
52168,1,6
52174,2,6
52179,1,5
52184,1,5
52190,2,6
52195,1,5
52201,2,6
52206,2,5
52211,1,5
52217,2,6
52222,2,5
52228,2,6
52232,1,4
52237,0,5
52243,1,6
52248,1,5
52253,1,5
52258,0,5
52263,0,5
52268,0,5
52273,0,5
52279,1,6
52284,1,5
52289,0,5
52295,1,6
52300,1,5
52305,1,5
52311,1,6
52316,1,5
52321,1,5
52326,1,5
52331,0,5
52337,1,6
52342,1,5
52347,1,5
52353,1,6
52357,0,4
52363,1,6
52368,1,5
52373,1,5
52378,0,5
52384,1,6
52389,1,5
52394,1,5
52399,1,5
52404,0,5
52410,1,6
52416,2,6
52421,1,5
52426,1,5
52431,1,5
52437,1,6
52442,1,5
52447,1,5
52452,1,5
52458,1,6
52463,1,5
52468,1,5
52474,1,6
52479,1,5
52484,1,5
52490,1,6
52495,1,5
52500,1,5
52506,1,6
52513,1,7
52518,0,5
52523,0,5
52529,0,6
52536,1,7
52542,1,6
52548,1,6
52554,1,6
52560,1,6
52566,0,6
52572,0,6
52579,1,7
52585,1,6
52591,1,6
52597,1,6
52602,0,5
52608,0,6
52614,1,6
52620,1,6
52625,0,5
52631,0,6
52637,0,6
52643,1,6
52649,1,6
52654,0,5
52660,0,6
52666,1,6
52672,1,6
52678,1,6
52684,1,6
52690,1,6
52695,0,5
52701,0,6
52708,1,7
52714,1,6
52721,1,7
52727,1,6
52732,0,5
52738,0,6
52744,0,6
52750,0,6
52756,1,6
52762,1,6
52768,1,6
52773,0,5
52779,0,6
52785,0,6
52790,0,5
52795,0,5
52801,1,6
52806,1,5
52811,0,5
52817,1,6
52822,1,5
52827,0,5
52832,0,5
52838,1,6
52843,1,5
52852,4,9
52856,3,4
52860,1,4
52865,1,5
52871,2,6
52876,1,5
52882,2,6
52887,1,5
52892,1,5
52898,1,6
52903,1,5
52909,1,6
52914,1,5
52920,2,6
52925,1,5
52950,21,25
52952,17,2
52952,12,0
52953,8,1
52954,4,1
52957,1,3
52962,1,5
52967,1,5
52973,1,6
52978,1,5
52983,1,5
52988,1,5
52994,1,6
52999,1,5
53004,1,5
53012,3,8
53015,1,3
53020,1,5
53026,1,6
53031,1,5
53036,1,5
53041,1,5
53047,1,6
53052,1,5
53058,2,6
53063,1,5
53068,1,5
53073,1,5
53079,1,6
53084,1,5
53089,1,5
53095,1,6
53100,1,5
53105,1,5
53111,2,6
53116,1,5
53121,1,5
53127,2,6
53132,1,5
53137,1,5
53142,1,5
53148,1,6
53153,1,5
53159,2,6
53164,1,5
53170,2,6
53176,1,6
53183,3,7
53187,1,4
53193,2,6
53198,2,5
53203,1,5
53208,1,5
53214,1,6
53219,1,5
53225,2,6
53230,1,5
53235,1,5
53240,1,5
53245,1,5
53250,0,5
53255,0,5
53261,1,6
53266,1,5
53271,1,5
53276,0,5
53282,1,6
53287,1,5
53292,1,5
53297,0,5
53302,0,5
53308,1,6
53313,1,5
53318,0,5
53323,0,5
53328,0,5
53333,0,5
53339,1,6
53344,1,5
53349,0,5
53354,0,5
53359,0,5
53365,1,6
53370,1,5
53375,1,5
53380,0,5
53385,0,5
53391,1,6
53396,1,5
53401,1,5
53406,0,5
53411,0,5
53417,1,6
53422,1,5
53427,1,5
53432,0,5
53437,0,5
53442,0,5
53448,1,6
53453,1,5
53458,0,5
53463,0,5
53468,0,5
53473,0,5
53479,1,6
53484,1,5
53489,1,5
53494,0,5
53499,0,5
53504,0,5
53510,1,6
53515,1,5
53520,1,5
53525,0,5
53530,0,5
53536,1,6
53541,1,5
53546,1,5
53551,0,5
53556,0,5
53562,1,6
53567,1,5
53572,1,5
53577,0,5
53582,0,5
53588,1,6
53593,1,5
53598,1,5
53603,0,5
53609,1,6
53614,1,5
53619,1,5
53624,0,5
53629,0,5
53634,0,5
53640,1,6
53645,1,5
53650,1,5
53655,0,5
53661,1,6
53666,1,5
53671,1,5
53676,0,5
53682,1,6
53687,1,5
53692,1,5
53697,1,5
53702,0,5
53707,0,5
53713,1,6
53718,1,5
53723,1,5
53728,0,5
53734,1,6
53739,1,5
53744,1,5
53749,0,5
53755,1,6
53760,1,5
53765,1,5
53770,1,5
53775,0,5
53781,1,6
53786,1,5
53791,1,5
53796,0,5
53801,0,5
53806,0,5
53812,1,6
53817,1,5
53822,1,5
53827,0,5
53832,0,5
53838,1,6
53843,1,5
53848,1,5
53853,0,5
53859,1,6
53864,1,5
53869,1,5
53874,0,5
53879,0,5
53884,0,5
53890,1,6
53895,1,5
53900,0,5
53905,0,5
53910,0,5
53916,1,6
53921,1,5
53926,1,5
53931,0,5
53936,0,5
53942,1,6
53947,1,5
53952,1,5
53957,0,5
53962,0,5
53967,0,5
53973,1,6
53978,1,5
53983,1,5
53988,0,5
53993,0,5
53999,1,6
54004,1,5
54009,1,5
54014,0,5
54019,0,5
54024,0,5
54030,1,6
54035,1,5
54040,0,5
54045,0,5
54050,0,5
54055,0,5
54061,1,6
54066,1,5
54071,1,5
54076,0,5
54081,0,5
54086,0,5
54091,0,5
54097,1,6
54102,1,5
54107,0,5
54112,0,5
54117,0,5
54122,0,5
54128,1,6
54133,1,5
54138,0,5
54143,0,5
54148,0,5
54153,0,5
54159,1,6
54164,1,5
54169,0,5
54174,0,5
54179,0,5
54184,0,5
54190,1,6
54195,1,5
54200,1,5
54205,0,5
54210,0,5
54215,0,5
54221,1,6
54226,1,5
54231,0,5
54237,1,6
54242,1,5
54247,1,5
54253,1,6
54258,1,5
54263,1,5
54268,0,5
54274,1,6
54279,1,5
54284,1,5
54290,1,6
54295,1,5
54300,1,5
54305,1,5
54311,1,6
54316,1,5
54321,1,5
54327,1,6
54332,1,5
54337,1,5
54342,1,5
54348,1,6
54353,1,5
54358,1,5
54363,1,5
54369,1,6
54374,1,5
54379,1,5
54385,1,6
54390,1,5
54396,2,6
54401,1,5
54406,1,5
54412,2,6
54417,2,5
54422,1,5
54427,1,5
54432,1,5
54438,1,6
54443,1,5
54448,1,5
54453,0,5
54459,1,6
54465,2,6
54469,1,4
54475,1,6
54480,1,5
54485,1,5
54491,1,6
54496,1,5
54501,1,5
54506,1,5
54512,1,6
54517,1,5
54522,1,5
54528,1,6
54533,1,5
54538,1,5
54543,0,5
54549,1,6
54554,1,5
54559,1,5
54565,1,6
54570,1,5
54575,1,5
54581,1,6
54586,1,5
54591,1,5
54596,0,5
54602,1,6
54607,1,5
54612,1,5
54617,0,5
54623,1,6
54628,1,5
54633,1,5
54639,1,6
54644,1,5
54650,2,6
54655,1,5
54660,1,5
54666,2,6
54671,1,5
54676,1,5
54681,1,5
54687,2,6
54692,1,5
54697,1,5
54702,1,5
54708,1,6
54713,1,5
54718,1,5
54723,0,5
54729,1,6
54735,2,6
54740,1,5
54745,1,5
54750,1,5
54755,1,5
54761,1,6
54766,1,5
54771,1,5
54777,1,6
54782,1,5
54787,1,5
54792,1,5
54798,1,6
54803,1,5
54808,1,5
54814,2,6
54819,1,5
54824,1,5
54829,1,5
54834,1,5
54840,1,6
54845,1,5
54850,1,5
54855,1,5
54860,0,5
54866,1,6
54871,1,5
54876,1,5
54881,1,5
54887,1,6
54892,1,5
54897,1,5
54902,1,5
54908,1,6
54913,1,5
54919,2,6
54923,1,4
54928,0,5
54934,1,6
54939,1,5
54944,1,5
54949,1,5
54955,1,6
54960,1,5
54965,1,5
54971,2,6
54976,1,5
54981,1,5
54986,1,5
54992,2,6
54997,1,5
55002,1,5
55007,1,5
55013,1,6
55018,1,5
55024,2,6
55029,2,5
55034,1,5
55040,2,6
55045,1,5
55051,2,6
55056,2,5
55061,1,5
55067,2,6
55072,1,5
55077,1,5
55083,1,6
55088,1,5
55093,1,5
55099,2,6
55104,1,5
55109,1,5
55115,2,6
55120,1,5
55126,2,6
55132,2,6
55136,1,4
55141,1,5
55147,1,6
55152,1,5
55157,1,5
55163,1,6
55168,1,5
55173,1,5
55179,1,6
55184,1,5
55189,1,5
55195,2,6
55200,1,5
55205,1,5
55211,2,6
55216,1,5
55221,1,5
55226,1,5
55232,1,6
55237,1,5
55243,2,6
55248,1,5
55253,1,5
55258,1,5
55263,1,5
55269,1,6
55274,1,5
55280,2,6
55285,1,5
55291,2,6
55297,2,6
55301,1,4
55307,2,6
55312,1,5
55317,1,5
55322,1,5
55327,0,5
55333,1,6
55338,1,5
55343,1,5
55349,1,6
55354,1,5
55359,1,5
55364,0,5
55370,1,6
55375,1,5
55380,1,5
55386,1,6
55391,1,5
55396,1,5
55401,1,5
55407,1,6
55412,1,5
55417,1,5
55423,1,6
55428,1,5
55433,1,5
55439,1,6
55444,1,5
55449,1,5
55454,1,5
55460,1,6
55465,1,5
55470,1,5
55475,1,5
55481,1,6
55486,1,5
55491,1,5
55496,1,5
55501,0,5
55507,1,6
55512,1,5
55517,1,5
55523,1,6
55528,1,5
55533,1,5
55538,1,5
55544,1,6
55549,1,5
55554,1,5
55559,1,5
55565,1,6
55570,1,5
55575,1,5
55581,1,6
55586,1,5
55591,1,5
55596,1,5
55601,0,5
55607,1,6
55612,1,5
55617,1,5
55623,1,6
55628,1,5
55633,1,5
55638,1,5
55643,1,5
55649,1,6
55654,1,5
55659,1,5
55664,0,5
55670,1,6
55675,1,5
55680,1,5
55685,1,5
55691,1,6
55696,1,5
55701,1,5
55706,0,5
55711,0,5
55717,1,6
55722,1,5
55727,1,5
55732,0,5
55738,1,6
55743,1,5
55748,1,5
55753,0,5
55758,0,5
55764,1,6
55769,1,5
55774,1,5
55779,0,5
55785,1,6
55790,1,5
55795,1,5
55800,0,5
55806,1,6
55811,1,5
55816,1,5
55821,0,5
55827,1,6
55832,1,5
55837,1,5
55842,0,5
55847,0,5
55853,1,6
55858,1,5
55863,1,5
55868,0,5
55874,1,6
55879,1,5
55884,1,5
55890,1,6
55895,1,5
55900,1,5
55905,0,5
55911,1,6
55916,1,5
55921,1,5
55926,1,5
55931,0,5
55937,1,6
55942,1,5
55947,1,5
55952,1,5
55957,0,5
55963,1,6
55968,1,5
55973,1,5
55979,1,6
55984,1,5
55989,1,5
55994,1,5
55999,0,5
56005,1,6
56010,1,5
56015,1,5
56020,0,5
56025,0,5
56031,1,6
56036,1,5
56041,1,5
56047,1,6
56052,1,5
56057,1,5
56062,0,5
56067,0,5
56073,1,6
56078,1,5
56083,1,5
56088,0,5
56094,1,6
56099,1,5
56104,1,5
56109,0,5
56114,0,5
56120,1,6
56125,1,5
56130,0,5
56135,0,5
56141,1,6
56146,1,5
56151,1,5
56156,0,5
56162,1,6
56167,1,5
56172,1,5
56178,1,6
56183,1,5
56188,1,5
56193,0,5
56198,0,5
56204,1,6
56209,1,5
56214,1,5
56220,1,6
56225,1,5
56230,1,5
56237,2,7
56242,1,5
56248,2,6
56253,1,5
56258,1,5
56264,2,6
56269,1,5
56274,1,5
56279,1,5
56285,1,6
56290,1,5
56296,2,6
56301,1,5
56306,1,5
56311,1,5
56316,1,5
56323,2,7
56328,1,5
56333,1,5
56338,1,5
56344,1,6
56350,2,6
56355,1,5
56360,1,5
56366,1,6
56371,1,5
56377,1,6
56382,1,5
56388,1,6
56393,1,5
56399,1,6
56404,1,5
56409,1,5
56414,0,5
56420,1,6
56425,1,5
56430,1,5
56436,1,6
56441,1,5
56446,1,5
56452,2,6
56457,1,5
56462,1,5
56467,1,5
56473,1,6
56478,1,5
56483,1,5
56488,0,5
56494,1,6
56499,1,5
56504,1,5
56510,1,6
56515,1,5
56520,1,5
56526,1,6
56531,1,5
56536,1,5
56541,1,5
56547,1,6
56552,1,5
56557,1,5
56563,1,6
56568,1,5
56573,1,5
56578,1,5
56584,1,6
56589,1,5
56594,1,5
56600,1,6
56605,1,5
56611,2,6
56616,1,5
56622,2,6
56627,2,5
56632,1,5
56637,1,5
56642,1,5
56648,1,6
56653,1,5
56659,2,6
56664,1,5
56669,1,5
56675,2,6
56680,1,5
56685,1,5
56691,2,6
56696,1,5
56702,2,6
56706,1,4
56712,1,6
56717,1,5
56724,3,7
56728,1,4
56733,1,5
56738,1,5
56743,0,5
56748,0,5
56753,0,5
56759,1,6
56764,1,5
56769,0,5
56774,0,5
56780,1,6
56785,1,5
56790,1,5
56795,0,5
56800,0,5
56806,1,6
56811,1,5
56816,0,5
56821,0,5
56827,1,6
56833,2,6
56838,1,5
56844,1,6
56849,1,5
56854,1,5
56859,0,5
56864,0,5
56870,1,6
56875,1,5
56880,0,5
56886,1,6
56891,1,5
56896,1,5
56901,1,5
56907,1,6
56912,1,5
56917,1,5
56923,1,6
56928,1,5
56933,1,5
56938,0,5
56943,0,5
56949,1,6
56954,1,5
56959,1,5
56964,0,5
56969,0,5
56975,1,6
56980,1,5
56985,0,5
56990,0,5
56995,0,5
57001,1,6
57006,1,5
57011,0,5
57016,0,5
57021,0,5
57027,1,6
57032,1,5
57037,1,5
57042,0,5
57047,0,5
57053,1,6
57058,1,5
57063,1,5
57068,0,5
57074,1,6
57079,1,5
57084,1,5
57089,1,5
57095,1,6
57100,1,5
57105,1,5
57110,1,5
57115,0,5
57120,0,5
57126,1,6
57131,1,5
57137,1,6
57142,1,5
57147,1,5
57152,1,5
57157,0,5
57163,1,6
57168,1,5
57173,1,5
57178,0,5
57183,0,5
57189,1,6
57194,1,5
57199,1,5
57204,0,5
57209,0,5
57214,0,5
57220,1,6
57225,1,5
57230,1,5
57235,0,5
57241,1,6
57246,1,5
57252,2,6
57257,1,5
57262,1,5
57267,1,5
57273,1,6
57278,1,5
57283,1,5
57288,1,5
57294,1,6
57299,1,5
57304,1,5
57309,1,5
57315,1,6
57320,1,5
57326,2,6
57331,1,5
57336,1,5
57341,1,5
57347,1,6
57352,1,5
57357,1,5
57362,1,5
57368,1,6
57373,1,5
57378,1,5
57383,0,5
57389,1,6
57394,1,5
57399,1,5
57405,1,6
57410,1,5
57415,1,5
57421,1,6
57426,1,5
57432,2,6
57437,1,5
57442,1,5
57448,2,6
57453,1,5
57459,2,6
57464,1,5
57469,1,5
57475,2,6
57480,1,5
57485,1,5
57491,2,6
57496,1,5
57501,1,5
57506,1,5
57512,1,6
57517,1,5
57523,2,6
57528,1,5
57533,1,5
57539,2,6
57544,1,5
57549,1,5
57555,2,6
57560,1,5
57565,1,5
57570,1,5
57576,1,6
57581,1,5
57587,2,6
57592,1,5
57597,1,5
57602,1,5
57608,2,6
57613,1,5
57619,2,6
57624,2,5
57629,1,5
57635,2,6
57640,1,5
57645,1,5
57650,1,5
57655,1,5
57661,1,6
57666,1,5
57672,2,6
57677,1,5
57683,2,6
57688,2,5
57693,1,5
57699,2,6
57704,1,5
57709,1,5
57714,1,5
57720,1,6
57725,1,5
57730,1,5
57736,1,6
57741,1,5
57747,2,6
57751,0,4
57757,1,6
57762,1,5
57768,1,6
57773,1,5
57778,1,5
57783,0,5
57788,0,5
57794,1,6
57799,1,5
57804,0,5
57809,0,5
57814,0,5
57820,1,6
57825,1,5
57830,0,5
57835,0,5
57840,0,5
57846,1,6
57851,1,5
57856,0,5
57862,1,6
57867,1,5
57872,1,5
57877,0,5
57883,1,6
57888,1,5
57893,1,5
57899,1,6
57904,1,5
57909,1,5
57915,1,6
57920,1,5
57925,1,5
57930,1,5
57940,1,10
57945,1,5
57966,16,21
57970,15,4
57975,15,5
57976,11,1
57977,1,1
57983,1,6
57989,0,6
57996,1,7
58002,1,6
58009,1,7
58015,1,6
58021,1,6
58027,1,6
58033,1,6
58040,1,7
58046,1,6
58052,0,6
58059,1,7
58064,0,5
58070,0,6
58076,0,6
58083,1,7
58089,1,6
58095,1,6
58101,1,6
58107,0,6
58113,1,6
58119,1,6
58125,1,6
58131,1,6
58136,0,5
58142,0,6
58148,0,6
58156,2,8
58163,1,7
58171,2,8
58178,1,7
58186,2,8
58193,1,7
58199,2,6
58204,1,5
58210,1,6
58216,2,6
58222,2,6
58227,1,5
58233,2,6
58238,1,5
58244,1,6
58249,1,5
58255,1,6
58260,1,5
58265,1,5
58270,0,5
58276,1,6
58281,1,5
58286,0,5
58291,0,5
58296,0,5
58302,1,6
58307,1,5
58312,0,5
58317,0,5
58322,0,5
58327,0,5
58333,1,6
58338,1,5
58343,0,5
58348,0,5
58353,0,5
58359,1,6
58364,1,5
58369,1,5
58374,0,5
58379,0,5
58384,0,5
58389,0,5
58395,1,6
58400,1,5
58405,0,5
58410,0,5
58416,1,6
58421,1,5
58426,1,5
58431,0,5
58437,1,6
58441,0,4
58447,1,6
58452,1,5
58457,1,5
58462,0,5
58467,0,5
58473,1,6
58478,1,5
58483,1,5
58488,1,5
58493,0,5
58498,0,5
58504,1,6
58509,1,5
58514,1,5
58519,0,5
58524,0,5
58529,0,5
58534,0,5
58540,1,6
58545,1,5
58550,0,5
58555,0,5
58560,0,5
58565,0,5
58571,1,6
58576,1,5
58581,1,5
58586,0,5
58591,0,5
58596,0,5
58602,1,6
58607,1,5
58612,1,5
58617,0,5
58622,0,5
58627,0,5
58633,1,6
58638,1,5
58643,0,5
58649,1,6
58654,1,5
58659,0,5
58665,1,6
58670,1,5
58675,1,5
58680,0,5
58686,1,6
58691,1,5
58696,1,5
58701,0,5
58706,0,5
58711,0,5
58716,0,5
58722,1,6
58727,1,5
58732,1,5
58738,1,6
58743,1,5
58748,1,5
58753,1,5
58759,1,6
58764,1,5
58769,1,5
58775,1,6
58780,1,5
58785,1,5
58791,1,6
58796,1,5
58801,1,5
58806,1,5
58812,1,6
58817,1,5
58822,1,5
58828,2,6
58833,1,5
58838,1,5
58843,1,5
58849,1,6
58854,1,5
58859,1,5
58864,1,5
58870,1,6
58875,1,5
58881,2,6
58886,1,5
58891,1,5
58896,1,5
58901,1,5
58907,1,6
58912,1,5
58917,1,5
58923,1,6
58928,1,5
58933,1,5
58939,1,6
58944,1,5
58949,1,5
58954,1,5
58960,1,6
58965,1,5
58970,1,5
58975,1,5
58981,1,6
58986,1,5
58991,1,5
58997,1,6
59002,1,5
59007,1,5
59013,1,6
59018,1,5
59023,1,5
59028,1,5
59034,1,6
59039,1,5
59044,1,5
59050,1,6
59055,1,5
59060,1,5
59065,1,5
59071,1,6
59076,1,5
59081,1,5
59087,1,6
59092,1,5
59097,1,5
59102,1,5
59108,1,6
59113,1,5
59118,1,5
59124,2,6
59129,1,5
59134,1,5
59139,1,5
59145,1,6
59150,1,5
59155,1,5
59161,1,6
59166,1,5
59171,1,5
59177,2,6
59182,1,5
59187,1,5
59193,2,6
59198,1,5
59203,1,5
59208,1,5
59214,1,6
59219,1,5
59224,1,5
59230,1,6
59235,1,5
59240,1,5
59246,1,6
59251,1,5
59256,1,5
59262,2,6
59267,1,5
59272,1,5
59277,1,5
59283,1,6
59288,1,5
59293,1,5
59298,1,5
59304,1,6
59309,1,5
59314,1,5
59320,1,6
59325,1,5
59330,1,5
59336,2,6
59341,1,5
59346,1,5
59352,2,6
59357,1,5
59362,1,5
59367,1,5
59372,0,5
59378,1,6
59383,1,5
59388,1,5
59393,0,5
59399,1,6
59404,1,5
59409,1,5
59415,1,6
59420,1,5
59425,1,5
59431,1,6
