time (ms),latency (ms),consume (ms)
0,11,0
1,4,1
6,3,5
11,2,5
18,3,7
23,2,5
28,1,5
34,2,6
40,2,6
46,2,6
52,2,6
57,1,5
63,2,6
69,2,6
74,1,5
80,2,6
86,2,6
91,1,5
97,1,6
103,1,6
110,1,7
116,1,6
123,1,7
130,2,7
136,2,6
142,2,6
147,2,5
153,2,6
158,2,5
163,1,5
170,2,7
175,1,5
181,2,6
187,2,6
193,2,6
199,2,6
204,2,5
210,2,6
216,2,6
222,2,6
227,1,5
233,2,6
239,1,6
245,1,6
252,2,7
258,2,6
264,1,6
271,2,7
277,2,6
283,2,6
289,2,6
294,2,5
300,2,6
305,2,5
310,1,5
316,2,6
322,2,6
328,2,6
333,1,5
339,2,6
345,1,6
351,2,6
356,1,5
364,1,8
370,2,6
378,4,8
382,2,4
387,1,5
393,1,6
400,2,7
406,1,6
412,2,6
417,1,5
423,2,6
428,1,5
434,2,6
439,1,5
445,2,6
450,1,5
456,2,6
462,2,6
467,2,5
473,2,6
478,2,5
484,2,6
489,1,5
495,2,6
500,1,5
505,1,5
511,2,6
517,2,6
522,2,5
527,1,5
533,2,6
538,1,5
544,2,6
549,1,5
555,2,6
560,1,5
566,2,6
572,2,6
577,2,5
582,1,5
588,2,6
593,1,5
599,2,6
604,1,5
610,2,6
615,1,5
621,2,6
626,1,5
632,2,6
637,2,5
642,1,5
648,1,6
654,2,6
659,1,5
665,2,6
670,1,5
676,2,6
681,1,5
687,2,6
692,1,5
698,2,6
703,1,5
709,2,6
715,2,6
721,2,6
726,2,5
733,3,7
737,2,4
743,2,6
748,1,5
754,2,6
760,2,6
765,2,5
771,2,6
777,2,6
782,2,5
788,2,6
793,1,5
799,2,6
804,1,5
810,2,6
816,2,6
821,2,5
827,2,6
832,1,5
838,2,6
844,2,6
850,3,6
854,1,4
860,2,6
865,1,5
871,2,6
876,1,5
882,2,6
887,1,5
893,2,6
899,2,6
904,1,5
910,2,6
915,1,5
921,2,6
926,1,5
932,2,6
937,1,5
943,2,6
948,1,5
954,2,6
959,1,5
965,2,6
970,1,5
976,2,6
982,2,6
987,1,5
994,3,7
999,1,5
1005,1,6
1011,2,6
1016,1,5
1022,2,6
1027,1,5
1033,2,6
1039,2,6
1044,1,5
1050,2,6
1056,2,6
1062,2,6
1067,1,5
1073,2,6
1081,2,8
1087,1,6
1092,1,5
1098,2,6
1104,2,6
1109,2,5
1114,1,5
1120,2,6
1125,1,5
1131,2,6
1136,1,5
1142,2,6
1147,1,5
1152,1,5
1158,2,6
1163,1,5
1169,2,6
1174,1,5
1180,2,6
1185,1,5
1191,2,6
1196,1,5
1201,1,5
1207,2,6
1212,1,5
1221,5,9
1241,19,20
1242,15,1
1242,9,0
1242,4,0
1245,1,3
1255,6,10
1260,1,5
1266,2,6
1272,1,6
1278,2,6
1283,1,5
1288,1,5
1294,2,6
1300,2,6
1305,2,5
1310,1,5
1316,2,6
1321,1,5
1327,2,6
1332,2,5
1337,1,5
1343,1,6
1348,1,5
1354,2,6
1359,1,5
1365,2,6
1370,1,5
1375,1,5
1381,1,6
1387,2,6
1392,1,5
1398,2,6
1403,2,5
1409,2,6
1414,1,5
1420,2,6
1425,1,5
1432,2,7
1440,2,8
1445,2,5
1450,1,5
1456,1,6
1462,2,6
1467,2,5
1473,2,6
1478,1,5
1483,1,5
1489,1,6
1495,2,6
1500,1,5
1506,2,6
1511,1,5
1517,1,6
1523,2,6
1528,1,5
1533,1,5
1539,2,6
1544,1,5
1551,2,7
1556,1,5
1562,2,6
1567,1,5
1573,2,6
1578,1,5
1584,2,6
1589,1,5
1595,1,6
1601,2,6
1607,2,6
1612,1,5
1618,2,6
1623,1,5
1629,2,6
1634,2,5
1640,2,6
1645,2,5
1651,2,6
1656,2,5
1661,1,5
1667,2,6
1672,2,5
1678,2,6
1683,2,5
1688,1,5
1694,2,6
1699,1,5
1705,2,6
1710,1,5
1716,2,6
1721,2,5
1726,1,5
1732,2,6
1737,1,5
1742,1,5
1748,1,6
1754,2,6
1759,1,5
1764,1,5
1770,2,6
1775,1,5
1781,2,6
1787,2,6
1794,2,7
1799,1,5
1805,2,6
1810,1,5
1816,2,6
1821,2,5
1827,2,6
1832,2,5
1837,1,5
1842,1,5
1848,2,6
1853,1,5
1858,1,5
1864,2,6
1869,1,5
1875,2,6
1881,2,6
1886,2,5
1891,1,5
1896,1,5
1902,2,6
1907,1,5
1913,2,6
1918,1,5
1923,1,5
1929,2,6
1938,5,9
1939,1,1
1945,2,6
1950,1,5
1955,1,5
1960,1,5
1966,1,6
1971,1,5
1977,2,6
1982,1,5
1987,1,5
1993,2,6
1998,1,5
2003,1,5
2009,1,6
2014,1,5
2020,2,6
2025,1,5
2030,1,5
2036,2,6
2041,1,5
2046,1,5
2052,2,6
2057,1,5
2063,2,6
2069,3,6
2074,1,5
2080,1,6
2086,1,6
2091,1,5
2097,2,6
2102,1,5
2110,4,8
2118,5,8
2123,1,5
2129,2,6
2134,2,5
2141,3,7
2158,2,17
2163,2,5
2168,1,5
2174,2,6
2179,1,5
2185,2,6
2190,1,5
2195,1,5
2201,2,6
2206,1,5
2211,1,5
2217,2,6
2222,1,5
2227,1,5
2233,2,6
2238,1,5
2244,2,6
2249,2,5
2254,1,5
2260,2,6
2265,1,5
2270,1,5
2276,2,6
2281,1,5
2286,1,5
2292,2,6
2297,1,5
2302,1,5
2308,1,6
2313,1,5
2319,2,6
2324,1,5
2329,1,5
2335,2,6
2340,1,5
2345,1,5
2351,2,6
2356,1,5
2361,1,5
2367,1,6
2372,1,5
2378,2,6
2383,1,5
2388,1,5
2394,2,6
2399,1,5
2405,2,6
2410,1,5
2416,2,6
2421,1,5
2426,1,5
2432,1,6
2437,1,5
2443,1,6
2448,1,5
2454,1,6
2459,1,5
2465,2,6
2470,1,5
2476,2,6
2481,1,5
2487,1,6
2492,1,5
2498,1,6
2503,1,5
2509,1,6
2515,2,6
2520,2,5
2525,1,5
2531,2,6
2536,1,5
2541,1,5
2547,2,6
2552,1,5
2557,1,5
2563,2,6
2568,1,5
2573,1,5
2579,1,6
2584,1,5
2590,2,6
2595,1,5
2600,1,5
2606,2,6
2611,1,5
2616,1,5
2622,2,6
2627,1,5
2633,2,6
2638,2,5
2643,1,5
2648,1,5
2654,2,6
2659,1,5
2665,2,6
2670,2,5
2675,1,5
2681,2,6
2686,1,5
2691,1,5
2697,2,6
2702,1,5
2707,1,5
2713,2,6
2718,1,5
2723,1,5
2729,2,6
2734,1,5
2743,5,9
2745,2,2
2750,1,5
2755,1,5
2761,2,6
2766,1,5
2771,1,5
2777,1,6
2782,1,5
2787,1,5
2793,1,6
2798,1,5
2804,2,6
2809,1,5
2815,2,6
2820,1,5
2826,2,6
2831,1,5
2837,2,6
2842,1,5
2848,2,6
2853,1,5
2859,2,6
2864,2,5
2869,1,5
2875,2,6
2880,1,5
2885,1,5
2891,2,6
2896,1,5
2901,1,5
2907,2,6
2912,1,5
2917,1,5
2922,1,5
2928,1,6
2933,1,5
2939,2,6
2944,1,5
2949,1,5
2954,1,5
2960,1,6
2965,1,5
2971,2,6
2976,1,5
2982,2,6
2987,2,5
2992,1,5
2997,1,5
3003,2,6
3008,1,5
3016,4,8
3021,4,5
3024,1,3
3029,1,5
3035,1,6
3040,1,5
3047,2,7
3052,2,5
3057,1,5
3063,2,6
3068,1,5
3074,2,6
3079,1,5
3085,2,6
3090,1,5
3095,1,5
3101,1,6
3106,1,5
3112,1,6
3118,2,6
3123,1,5
3129,1,6
3137,4,8
3139,1,2
3145,2,6
3150,1,5
3155,1,5
3161,1,6
3166,1,5
3172,2,6
3177,1,5
3182,1,5
3187,1,5
3193,1,6
3198,1,5
3203,1,5
3209,1,6
3214,1,5
3219,1,5
3225,1,6
3230,1,5
3236,2,6
3241,1,5
3246,1,5
3252,2,6
3257,1,5
3262,1,5
3267,1,5
3273,1,6
3278,1,5
3284,2,6
3289,1,5
3294,1,5
3300,2,6
3305,1,5
3310,1,5
3316,2,6
3321,1,5
3329,1,8
3337,4,8
3340,1,3
3345,1,5
3351,2,6
3356,1,5
3361,1,5
3367,2,6
3372,1,5
3378,2,6
3383,2,5
3388,1,5
3393,1,5
3399,2,6
3404,1,5
3409,1,5
3415,2,6
3420,1,5
3425,1,5
3431,2,6
3436,1,5
3441,1,5
3447,2,6
3452,1,5
3457,1,5
3463,2,6
3468,1,5
3473,1,5
3479,2,6
3484,1,5
3489,1,5
3495,2,6
3500,1,5
3505,1,5
3511,2,6
3516,1,5
3521,1,5
3526,1,5
3532,1,6
3537,1,5
3543,2,6
3548,1,5
3553,1,5
3558,1,5
3564,1,6
3569,1,5
3575,2,6
3580,1,5
3585,1,5
3591,2,6
3596,1,5
3601,1,5
3607,2,6
3612,1,5
3617,1,5
3623,2,6
3628,1,5
3633,1,5
3639,2,6
3644,1,5
3649,1,5
3655,2,6
3660,1,5
3665,1,5
3671,1,6
3676,1,5
3682,2,6
3687,1,5
3692,1,5
3697,1,5
3703,2,6
3708,1,5
3713,1,5
3719,1,6
3724,1,5
3730,2,6
3735,1,5
3740,1,5
3746,2,6
3751,1,5
3757,2,6
3762,1,5
3767,1,5
3773,1,6
3778,1,5
3784,2,6
3789,1,5
3795,2,6
3800,1,5
3805,1,5
3810,1,5
3816,1,6
3821,1,5
3826,1,5
3832,1,6
3837,1,5
3843,2,6
3848,1,5
3853,1,5
3859,2,6
3864,1,5
3869,1,5
3875,2,6
3880,1,5
3886,1,6
3892,2,6
3897,1,5
3902,1,5
3908,1,6
3914,2,6
3919,1,5
3925,2,6
3930,1,5
3936,2,6
3941,1,5
3946,1,5
3952,1,6
3958,2,6
3963,1,5
3969,2,6
3974,1,5
3980,2,6
3985,1,5
3991,2,6
3996,1,5
4002,1,6
4007,1,5
4013,1,6
4018,1,5
4024,2,6
4029,1,5
4034,1,5
4040,1,6
4046,2,6
4051,2,5
4056,1,5
4061,1,5
4067,1,6
4072,1,5
4078,1,6
4083,1,5
4089,2,6
4094,1,5
4100,2,6
4105,1,5
4110,1,5
4115,1,5
4121,1,6
4126,1,5
4132,2,6
4137,1,5
4142,1,5
4147,1,5
4153,1,6
4158,1,5
4164,2,6
4169,1,5
4174,1,5
4180,2,6
4185,1,5
4190,1,5
4196,1,6
4201,1,5
4206,1,5
4212,1,6
4217,1,5
4222,1,5
4228,1,6
4233,1,5
4239,2,6
4244,1,5
4249,1,5
4255,2,6
4260,1,5
4265,1,5
4271,2,6
4276,1,5
4281,1,5
4287,1,6
4292,1,5
4298,2,6
4303,1,5
4308,1,5
4314,2,6
4319,1,5
4324,1,5
4330,1,6
4335,1,5
4341,2,6
4346,1,5
4351,1,5
4357,2,6
4362,1,5
4367,1,5
4373,2,6
4378,1,5
4383,1,5
4389,2,6
4394,1,5
4399,1,5
4405,1,6
4410,1,5
4415,1,5
4421,1,6
4426,1,5
4432,2,6
4437,1,5
4443,2,6
4448,1,5
4453,1,5
4459,1,6
4464,1,5
4469,1,5
4475,1,6
4480,1,5
4486,2,6
4491,1,5
4496,1,5
4502,2,6
4507,1,5
4512,1,5
4518,2,6
4523,1,5
4528,1,5
4534,2,6
4539,1,5
4544,1,5
4550,2,6
4555,1,5
4564,2,9
4569,1,5
4574,1,5
4580,1,6
4585,1,5
4591,2,6
4596,1,5
4601,1,5
4606,1,5
4612,1,6
4617,1,5
4623,2,6
4628,1,5
4633,1,5
4639,2,6
4644,1,5
4649,1,5
4655,2,6
4660,1,5
4665,1,5
4672,2,7
4677,1,5
4682,1,5
4688,1,6
4693,1,5
4698,1,5
4704,1,6
4709,1,5
4715,2,6
4720,1,5
4725,1,5
4731,2,6
4736,1,5
4741,1,5
4747,2,6
4752,1,5
4757,1,5
4763,2,6
4768,1,5
4773,1,5
4779,1,6
4784,1,5
4790,2,6
4795,1,5
4800,1,5
4806,2,6
4811,1,5
4816,1,5
4822,2,6
4827,1,5
4832,1,5
4838,2,6
4843,1,5
4848,1,5
4853,1,5
4859,1,6
4864,1,5
4869,1,5
4875,1,6
4880,1,5
4886,2,6
4891,1,5
4896,1,5
4902,1,6
4907,1,5
4912,1,5
4918,1,6
4923,1,5
4929,2,6
4934,1,5
4939,1,5
4945,1,6
4950,1,5
4956,1,6
4961,1,5
4967,1,6
4973,1,6
4979,1,6
4984,1,5
4990,2,6
4995,1,5
5000,1,5
5005,1,5
5011,1,6
5016,1,5
5022,2,6
5027,1,5
5032,1,5
5038,2,6
5043,1,5
5048,1,5
5054,2,6
5059,1,5
5064,1,5
5070,2,6
5075,1,5
5080,1,5
5086,2,6
5091,1,5
5099,4,8
5102,2,3
5107,1,5
5113,2,6
5118,1,5
5123,1,5
5129,2,6
5134,1,5
5139,1,5
5145,2,6
5150,1,5
5155,1,5
5161,2,6
5166,1,5
5171,1,5
5177,2,6
5182,1,5
5187,1,5
5193,2,6
5198,1,5
5204,2,6
5209,2,5
5214,1,5
5219,1,5
5225,2,6
5230,1,5
5235,1,5
5241,2,6
5246,1,5
5251,1,5
5257,2,6
5262,1,5
5267,1,5
5273,2,6
5278,1,5
5283,1,5
5289,2,6
5294,1,5
5299,1,5
5305,2,6
5310,1,5
5315,1,5
5321,2,6
5326,1,5
5331,1,5
5337,2,6
5342,1,5
5347,1,5
5353,2,6
5358,1,5
5363,1,5
5369,2,6
5374,1,5
5380,2,6
5385,1,5
5390,1,5
5396,2,6
5401,1,5
5407,2,6
5412,1,5
5417,1,5
5423,2,6
5428,1,5
5433,1,5
5439,2,6
5444,1,5
5449,1,5
5457,1,8
5462,1,5
5468,1,6
5473,1,5
5479,2,6
5484,1,5
5489,1,5
5495,2,6
5500,1,5
5505,1,5
5511,1,6
5516,1,5
5522,2,6
5527,1,5
5532,1,5
5537,1,5
5543,1,6
5548,1,5
5553,1,5
5559,1,6
5564,1,5
5569,1,5
5575,2,6
5580,1,5
5585,1,5
5591,1,6
5596,1,5
5601,1,5
5607,1,6
5612,1,5
5617,1,5
5623,1,6
5628,1,5
5633,1,5
5639,1,6
5644,1,5
5649,1,5
5655,1,6
5660,1,5
5666,2,6
5671,1,5
5676,1,5
5682,2,6
5687,1,5
5692,1,5
5697,1,5
5703,1,6
5708,1,5
5714,2,6
5719,1,5
5724,1,5
5729,1,5
5735,1,6
5740,1,5
5746,2,6
5751,1,5
5756,1,5
5761,1,5
5767,1,6
5773,2,6
5778,2,5
5783,1,5
5789,2,6
5794,1,5
5799,1,5
5805,1,6
5811,2,6
5816,1,5
5821,1,5
5826,1,5
5832,1,6
5837,1,5
5843,2,6
5848,1,5
5853,1,5
5859,2,6
5864,1,5
5869,1,5
5874,1,5
5881,1,7
5887,2,6
5892,1,5
5897,1,5
5903,1,6
5908,1,5
5914,2,6
5919,1,5
5924,1,5
5929,1,5
5935,1,6
5940,1,5
5945,1,5
5951,1,6
5956,1,5
5962,2,6
5967,1,5
5972,1,5
5977,1,5
5983,1,6
5988,1,5
5993,1,5
5999,1,6
6004,1,5
6009,1,5
6015,1,6
6020,1,5
6025,1,5
6031,1,6
6036,1,5
6042,2,6
6048,2,6
6053,2,5
6058,1,5
6063,1,5
6069,1,6
6074,1,5
6080,1,6
6085,1,5
6091,1,6
6096,1,5
6102,1,6
6107,1,5
6113,1,6
6118,1,5
6124,1,6
6129,1,5
6135,1,6
6140,1,5
6146,1,6
6151,1,5
6157,2,6
6162,1,5
6168,2,6
6173,1,5
6179,2,6
6184,1,5
6189,1,5
6195,1,6
6200,1,5
6206,1,6
6211,1,5
6217,2,6
6222,1,5
6228,1,6
6234,2,6
6239,1,5
6244,1,5
6250,1,6
6255,1,5
6260,1,5
6266,1,6
6271,1,5
6277,2,6
6282,1,5
6287,1,5
6293,2,6
6298,1,5
6303,1,5
6309,2,6
6314,1,5
6319,1,5
6325,2,6
6330,1,5
6335,1,5
6341,1,6
6346,1,5
6351,1,5
6357,1,6
6362,1,5
6367,1,5
6373,1,6
6378,1,5
6383,1,5
6389,1,6
6394,1,5
6399,1,5
6405,1,6
6410,1,5
6416,2,6
6421,1,5
6426,1,5
6431,1,5
6437,1,6
6442,1,5
6447,1,5
6453,1,6
6458,1,5
6463,1,5
6469,1,6
6474,1,5
6479,1,5
6485,1,6
6490,1,5
6495,1,5
6501,1,6
6506,1,5
6512,1,6
6517,1,5
6522,1,5
6528,1,6
6533,1,5
6538,1,5
6544,1,6
6549,1,5
6554,1,5
6560,1,6
6565,1,5
6571,1,6
6576,1,5
6582,1,6
6587,1,5
6593,1,6
6598,1,5
6604,1,6
6609,1,5
6615,1,6
6620,1,5
6626,1,6
6631,1,5
6636,1,5
6642,1,6
6647,1,5
6653,1,6
6658,1,5
6664,1,6
6669,1,5
6675,1,6
6680,1,5
6686,2,6
6691,1,5
6697,2,6
6702,1,5
6708,2,6
6713,1,5
6718,1,5
6724,1,6
6729,1,5
6735,1,6
6742,1,7
6747,1,5
6753,2,6
6758,1,5
6764,2,6
6769,1,5
6775,2,6
6780,1,5
6786,2,6
6791,1,5
6797,2,6
6802,1,5
6807,1,5
6813,1,6
6819,2,6
6824,1,5
6829,1,5
6835,2,6
6840,1,5
6845,1,5
6851,2,6
6856,1,5
6861,1,5
6867,2,6
6872,1,5
6877,1,5
6883,2,6
6888,1,5
6893,1,5
6899,2,6
6904,1,5
6909,1,5
6915,1,6
6920,1,5
6925,1,5
6931,1,6
6936,1,5
6942,2,6
6947,1,5
6952,1,5
6958,2,6
6963,1,5
6968,1,5
6973,1,5
6979,1,6
6984,1,5
6990,2,6
6995,1,5
7000,1,5
7005,1,5
7011,1,6
7016,1,5
7021,1,5
7027,1,6
7032,1,5
7038,2,6
7043,1,5
7050,2,7
7055,1,5
7061,2,6
7066,1,5
7071,1,5
7077,1,6
7082,1,5
7088,2,6
7093,1,5
7098,1,5
7103,1,5
7109,1,6
7122,9,13
7122,3,0
7126,2,4
7131,1,5
7136,1,5
7142,2,6
7147,1,5
7152,1,5
7157,1,5
7165,1,8
7170,1,5
7176,1,6
7181,1,5
7186,1,5
7192,1,6
7201,5,9
7207,2,6
7212,1,5
7217,1,5
7223,2,6
7228,1,5
7233,1,5
7239,2,6
7244,1,5
7249,1,5
7255,2,6
7260,1,5
7266,2,6
7271,1,5
7276,1,5
7282,2,6
7287,1,5
7296,5,9
7298,2,2
7303,1,5
7309,2,6
7314,1,5
7320,1,6
7325,1,5
7331,2,6
7336,1,5
7342,2,6
7347,1,5
7353,1,6
7359,2,6
7364,1,5
7369,1,5
7375,2,6
7380,1,5
7386,2,6
7391,1,5
7396,1,5
7402,2,6
7407,2,5
7412,1,5
7417,1,5
7423,2,6
7428,1,5
7433,1,5
7439,2,6
7444,1,5
7449,1,5
7455,2,6
7460,1,5
7465,1,5
7471,2,6
7476,1,5
7481,1,5
7487,2,6
7492,1,5
7497,1,5
7503,2,6
7508,1,5
7514,2,6
7519,2,5
7524,1,5
7529,1,5
7535,1,6
7540,1,5
7546,2,6
7551,1,5
7556,1,5
7562,1,6
7568,2,6
7573,1,5
7578,1,5
7584,1,6
7589,1,5
7595,1,6
7600,1,5
7606,1,6
7611,1,5
7617,1,6
7622,1,5
7628,1,6
7633,1,5
7639,2,6
7644,1,5
7649,1,5
7655,2,6
7660,1,5
7666,2,6
7672,2,6
7676,1,4
7681,1,5
7687,2,6
7692,1,5
7698,2,6
7703,1,5
7708,1,5
7714,2,6
7719,1,5
7724,1,5
7730,2,6
7735,1,5
7740,1,5
7745,1,5
7751,2,6
7756,1,5
7761,1,5
7767,2,6
7772,1,5
7777,1,5
7783,2,6
7789,2,6
7794,1,5
7799,1,5
7805,2,6
7810,1,5
7815,1,5
7821,2,6
7826,1,5
7831,1,5
7837,2,6
7842,1,5
7847,1,5
7853,2,6
7858,1,5
7863,1,5
7869,2,6
7874,1,5
7879,1,5
7885,2,6
7890,1,5
7895,1,5
7901,2,6
7906,1,5
7911,1,5
7916,1,5
7922,1,6
7927,1,5
7932,1,5
7938,1,6
7943,1,5
7948,1,5
7954,1,6
7959,1,5
7964,1,5
7970,2,6
7975,1,5
7980,1,5
7986,2,6
7991,1,5
7996,1,5
8002,2,6
8007,1,5
8012,1,5
8018,2,6
8023,1,5
8028,1,5
8034,2,6
8039,1,5
8044,1,5
8050,2,6
8056,2,6
8060,1,4
8066,2,6
8071,1,5
8076,1,5
8082,2,6
8087,1,5
8092,1,5
8098,2,6
8103,1,5
8108,1,5
8114,2,6
8119,1,5
8124,1,5
8130,2,6
8135,1,5
8140,1,5
8146,2,6
8151,1,5
8156,1,5
8164,4,8
8167,1,3
8172,1,5
8178,2,6
8183,1,5
8188,1,5
8194,2,6
8199,1,5
8204,1,5
8210,2,6
8215,1,5
8220,1,5
8226,2,6
8231,1,5
8236,1,5
8241,1,5
8247,1,6
8252,1,5
8258,2,6
8263,1,5
8268,1,5
8273,1,5
8279,2,6
8284,1,5
8289,1,5
8295,2,6
8300,1,5
8305,1,5
8311,2,6
8316,1,5
8321,1,5
8327,1,6
8333,1,6
8339,1,6
8345,2,6
8350,1,5
8355,1,5
8361,1,6
8366,1,5
8373,2,7
8378,1,5
8383,1,5
8389,1,6
8394,1,5
8400,1,6
8405,1,5
8411,1,6
8416,1,5
8422,1,6
8427,1,5
8433,1,6
8438,1,5
8444,1,6
8449,1,5
8455,1,6
8460,1,5
8466,1,6
8471,1,5
8477,1,6
8482,1,5
8488,1,6
8493,1,5
8499,1,6
8504,1,5
8510,2,6
8515,1,5
8520,1,5
8526,2,6
8531,1,5
8536,1,5
8541,1,5
8547,1,6
8552,1,5
8558,2,6
8563,1,5
8568,1,5
8574,2,6
8579,1,5
8584,1,5
8590,2,6
8595,1,5
8600,1,5
8605,1,5
8611,1,6
8616,1,5
8621,1,5
8627,1,6
8632,1,5
8637,1,5
8643,1,6
8648,1,5
8653,1,5
8659,1,6
8664,1,5
8669,1,5
8675,1,6
8680,1,5
8685,1,5
8691,1,6
8696,1,5
8701,1,5
8707,1,6
8712,1,5
8717,1,5
8723,1,6
8728,1,5
8733,1,5
8739,2,6
8744,1,5
8749,1,5
8755,2,6
8760,1,5
8765,1,5
8771,2,6
8776,1,5
8781,1,5
8787,2,6
8792,1,5
8797,1,5
8802,1,5
8808,1,6
8814,2,6
8819,2,5
8824,1,5
8829,1,5
8835,2,6
8840,1,5
8845,1,5
8851,2,6
8856,1,5
8861,1,5
8867,2,6
8872,1,5
8877,1,5
8883,2,6
8888,1,5
8893,1,5
8899,2,6
8904,1,5
8909,1,5
8915,2,6
8920,1,5
8925,1,5
8931,1,6
8936,1,5
8942,2,6
8947,1,5
8952,1,5
8957,1,5
8963,1,6
8968,1,5
8973,1,5
8979,1,6
8984,1,5
8990,1,6
8995,1,5
9001,1,6
9006,1,5
9012,1,6
9017,1,5
9023,1,6
9028,1,5
9034,2,6
9039,1,5
9045,2,6
9050,1,5
9056,2,6
9061,1,5
9066,1,5
9072,1,6
9077,1,5
9083,1,6
9089,2,6
9094,1,5
9099,1,5
9105,1,6
9110,1,5
9116,2,6
9121,1,5
9126,1,5
9132,2,6
9138,2,6
9142,1,4
9147,1,5
9154,2,7
9159,1,5
9164,1,5
9170,2,6
9175,1,5
9180,1,5
9186,2,6
9191,1,5
9196,1,5
9202,2,6
9207,1,5
9212,1,5
9218,2,6
9223,1,5
9228,1,5
9234,2,6
9239,1,5
9244,1,5
9250,2,6
9255,1,5
9260,1,5
9266,2,6
9271,1,5
9276,1,5
9282,2,6
9287,1,5
9292,1,5
9298,2,6
9303,1,5
9308,1,5
9314,2,6
9319,1,5
9324,1,5
9330,2,6
9335,1,5
9341,2,6
9346,2,5
9351,1,5
9356,1,5
9362,2,6
9367,1,5
9373,2,6
9378,2,5
9383,1,5
9388,1,5
9394,2,6
9399,1,5
9405,2,6
9410,2,5
9415,1,5
9420,1,5
9426,2,6
9433,3,7
9436,1,3
9442,2,6
9447,1,5
9452,1,5
9458,2,6
9463,1,5
9469,2,6
9474,2,5
9479,1,5
9484,1,5
9490,2,6
9495,1,5
9500,1,5
9506,2,6
9511,1,5
9516,1,5
9522,2,6
9527,1,5
9532,1,5
9538,2,6
9543,1,5
9553,6,10
9559,2,6
9564,1,5
9569,1,5
9574,1,5
9580,1,6
9585,1,5
9590,1,5
9596,1,6
9601,1,5
9606,1,5
9612,2,6
9617,1,5
9622,1,5
9627,1,5
9633,1,6
9639,2,6
9644,2,5
9649,1,5
9654,1,5
9660,2,6
9665,1,5
9671,2,6
9676,1,5
9681,1,5
9687,2,6
9692,1,5
9697,1,5
9702,1,5
9708,2,6
9713,1,5
9718,1,5
9724,2,6
9729,1,5
9734,1,5
9740,2,6
9745,1,5
9751,2,6
9756,1,5
9761,1,5
9766,1,5
9772,1,6
9777,1,5
9783,2,6
9789,1,6
9795,1,6
9801,2,6
9806,1,5
9811,1,5
9817,2,6
9822,1,5
9827,1,5
9833,2,6
9838,1,5
9843,1,5
9849,2,6
9854,1,5
9859,1,5
9864,1,5
9870,1,6
9875,1,5
9881,2,6
9886,1,5
9891,1,5
9896,1,5
9902,1,6
9907,1,5
9913,2,6
9918,1,5
9923,1,5
9929,2,6
9934,1,5
9939,1,5
9945,2,6
9950,1,5
9955,1,5
9961,2,6
9966,1,5
9971,1,5
9977,2,6
9982,1,5
9987,1,5
9993,2,6
9998,1,5
10003,1,5
10008,1,5
10014,2,6
10019,1,5
10024,1,5
10030,2,6
10035,1,5
10040,1,5
10046,2,6
10051,1,5
10056,1,5
10062,2,6
10067,1,5
10072,1,5
10077,1,5
10083,1,6
10088,1,5
10094,2,6
10099,1,5
10104,1,5
10109,1,5
10115,2,6
10120,1,5
10125,1,5
10131,2,6
10136,1,5
10141,1,5
10147,2,6
10152,1,5
10157,1,5
10163,2,6
10168,1,5
10174,2,6
10179,2,5
10184,1,5
10190,2,6
10195,2,5
10200,1,5
10205,1,5
10211,2,6
10216,1,5
10221,1,5
10227,2,6
10232,1,5
10237,1,5
10243,2,6
10248,1,5
10253,1,5
10259,2,6
10264,1,5
10269,1,5
10275,2,6
10280,1,5
10285,1,5
10291,2,6
10296,1,5
10301,1,5
10307,2,6
10312,1,5
10317,1,5
10323,2,6
10328,1,5
10333,1,5
10339,2,6
10344,1,5
10349,1,5
10355,2,6
10360,1,5
10365,1,5
10371,1,6
10376,1,5
10382,1,6
10387,1,5
10393,1,6
10399,2,6
10404,1,5
10410,2,6
10415,1,5
10421,1,6
10426,1,5
10432,1,6
10437,1,5
10443,1,6
10448,1,5
10455,2,7
10460,2,5
10465,1,5
10471,2,6
10476,1,5
10481,1,5
10487,2,6
10492,1,5
10497,1,5
10503,2,6
10508,1,5
10514,2,6
10519,2,5
10524,1,5
10529,1,5
10535,2,6
10540,1,5
10545,1,5
10551,2,6
10556,1,5
10561,1,5
10567,2,6
10572,1,5
10577,1,5
10583,2,6
10588,1,5
10593,1,5
10599,2,6
10604,1,5
10610,2,6
10615,2,5
10620,1,5
10625,1,5
10631,2,6
10636,1,5
10641,1,5
10647,2,6
10652,1,5
10657,1,5
10663,2,6
10668,1,5
10673,1,5
10678,1,5
10684,1,6
10689,1,5
10694,1,5
10700,1,6
10705,1,5
10710,1,5
10716,1,6
10721,1,5
10726,1,5
10732,2,6
10737,1,5
10742,1,5
10748,2,6
10753,1,5
10758,1,5
10763,1,5
10769,1,6
10774,1,5
10780,2,6
10785,1,5
10790,1,5
10795,1,5
10801,1,6
10806,1,5
10811,1,5
10817,2,6
10822,1,5
10827,1,5
10833,2,6
10838,1,5
10843,1,5
10849,2,6
10854,1,5
10859,1,5
10865,2,6
10870,1,5
10875,1,5
10880,1,5
10886,2,6
10891,1,5
10896,1,5
10902,2,6
10907,1,5
10912,1,5
10918,2,6
10923,1,5
10928,1,5
10933,1,5
10939,1,6
10944,1,5
10949,1,5
10955,2,6
10960,1,5
10965,1,5
10971,2,6
10976,1,5
10981,1,5
10987,2,6
10992,1,5
10997,1,5
11002,1,5
11008,1,6
11013,1,5
11018,1,5
11024,1,6
11029,1,5
11034,1,5
11040,1,6
11047,3,7
11050,1,3
11056,1,6
11061,1,5
11066,1,5
11072,1,6
11077,1,5
11082,1,5
11088,2,6
11093,1,5
11098,1,5
11104,2,6
11109,1,5
11114,1,5
11120,2,6
11125,1,5
11130,1,5
11135,1,5
11141,1,6
11146,1,5
11152,2,6
11157,1,5
11162,1,5
11168,2,6
11173,1,5
11178,1,5
11184,2,6
11189,1,5
11194,1,5
11200,2,6
11205,2,5
11210,1,5
11216,2,6
11221,2,5
11226,1,5
11232,2,6
11237,2,5
11242,1,5
11247,1,5
11253,2,6
11258,1,5
11264,2,6
11269,2,5
11274,1,5
11279,1,5
11285,2,6
11290,1,5
11295,1,5
11301,2,6
11306,2,5
11311,1,5
11316,1,5
11322,2,6
11327,1,5
11332,1,5
11338,2,6
11343,1,5
11348,1,5
11354,2,6
11359,2,5
11364,1,5
11369,1,5
11375,2,6
11380,1,5
11385,1,5
11391,2,6
11396,1,5
11401,1,5
11407,2,6
11412,1,5
11417,1,5
11423,2,6
11428,1,5
11433,1,5
11439,2,6
11444,1,5
11449,1,5
11454,1,5
11460,1,6
11465,1,5
11471,2,6
11476,1,5
11481,1,5
11487,2,6
11492,1,5
11497,1,5
11503,2,6
11508,1,5
11513,1,5
11519,2,6
11524,1,5
11529,1,5
11534,1,5
11540,1,6
11545,1,5
11550,1,5
11556,1,6
11561,1,5
11566,1,5
11572,2,6
11577,1,5
11582,1,5
11588,2,6
11593,1,5
11598,1,5
11604,2,6
11609,1,5
11614,1,5
11620,2,6
11625,1,5
11630,1,5
11635,1,5
11641,1,6
11646,1,5
11651,1,5
11657,2,6
11662,1,5
11667,1,5
11673,2,6
11678,1,5
11683,1,5
11688,1,5
11694,2,6
11699,1,5
11704,1,5
11709,1,5
11715,1,6
11720,1,5
11725,1,5
11731,2,6
11736,1,5
11741,1,5
11746,1,5
11752,1,6
11757,1,5
11762,1,5
11768,1,6
11773,1,5
11778,1,5
11784,2,6
11789,1,5
11794,1,5
11800,2,6
11805,1,5
11810,1,5
11816,2,6
11821,1,5
11826,1,5
11832,2,6
11837,2,5
11842,1,5
11847,1,5
11853,2,6
11858,1,5
11864,2,6
11869,1,5
11874,1,5
11880,1,6
11886,2,6
11891,2,5
11896,1,5
11901,1,5
11907,2,6
11912,1,5
11917,1,5
11923,2,6
11928,1,5
11933,1,5
11939,2,6
11944,1,5
11949,1,5
11955,2,6
11960,1,5
11965,1,5
11971,2,6
11976,1,5
11981,1,5
11986,1,5
11992,1,6
11997,1,5
12003,2,6
12008,1,5
12013,1,5
12019,2,6
12024,1,5
12029,1,5
12035,2,6
12040,1,5
12045,1,5
12053,4,8
12056,1,3
12061,1,5
12067,2,6
12072,1,5
12077,1,5
12083,2,6
12088,1,5
12093,1,5
12099,2,6
12104,1,5
12110,2,6
12114,1,4
12120,1,6
12125,1,5
12131,2,6
12136,2,5
12141,1,5
12146,1,5
12152,2,6
12157,1,5
12162,1,5
12168,2,6
12173,1,5
12178,1,5
12184,2,6
12189,1,5
12194,1,5
12200,2,6
12205,1,5
12210,1,5
12215,1,5
12221,1,6
12226,1,5
12231,1,5
12237,1,6
12242,1,5
12247,1,5
12253,1,6
12258,1,5
12263,1,5
12269,1,6
12274,1,5
12279,1,5
12285,1,6
12290,1,5
12296,2,6
12301,1,5
12307,2,6
12312,1,5
12317,1,5
12323,2,6
12328,1,5
12333,1,5
12339,2,6
12344,1,5
12349,1,5
12354,1,5
12360,1,6
12365,1,5
12371,2,6
12376,1,5
12381,1,5
12387,2,6
12392,1,5
12397,1,5
12403,2,6
12408,1,5
12413,1,5
12419,2,6
12424,1,5
12429,1,5
12435,1,6
12440,1,5
12446,2,6
12451,1,5
12456,1,5
12462,1,6
12467,1,5
12473,2,6
12478,1,5
12483,1,5
12489,1,6
12494,1,5
12500,2,6
12505,1,5
12510,1,5
12516,2,6
12521,1,5
12526,1,5
12531,1,5
12537,1,6
12542,1,5
12547,1,5
12553,1,6
12558,1,5
12563,1,5
12569,2,6
12574,1,5
12579,1,5
12584,1,5
12590,1,6
12595,1,5
12600,1,5
12606,2,6
12611,1,5
12616,1,5
12622,2,6
12627,1,5
12632,1,5
12637,1,5
12643,1,6
12648,1,5
12653,1,5
12659,2,6
12664,1,5
12669,1,5
12675,2,6
12680,1,5
12685,1,5
12690,1,5
12696,1,6
12701,1,5
12707,2,6
12712,1,5
12717,1,5
12723,2,6
12728,1,5
12733,1,5
12738,1,5
12744,1,6
12749,1,5
12754,1,5
12760,1,6
12765,1,5
12770,1,5
12776,2,6
12781,1,5
12786,1,5
12791,1,5
12797,1,6
12802,1,5
12808,2,6
12813,1,5
12818,1,5
12824,2,6
12829,2,5
12834,1,5
12839,1,5
12845,2,6
12850,1,5
12855,1,5
12861,2,6
12866,1,5
12871,1,5
12877,2,6
12882,2,5
12887,1,5
12892,1,5
12898,2,6
12903,1,5
12908,1,5
12913,1,5
12919,2,6
12924,1,5
12929,1,5
12935,2,6
12940,1,5
12945,1,5
12950,1,5
12956,1,6
12961,1,5
12966,1,5
12971,1,5
12977,1,6
12982,1,5
12988,2,6
12993,1,5
12998,1,5
13003,1,5
13009,1,6
13014,1,5
13019,1,5
13025,1,6
13030,1,5
13036,2,6
13041,1,5
13047,2,6
13051,1,4
13057,1,6
13062,1,5
13068,2,6
13073,1,5
13078,1,5
13083,1,5
13089,2,6
13094,1,5
13099,1,5
13105,2,6
13110,1,5
13115,1,5
13121,2,6
13126,1,5
13131,1,5
13137,2,6
13142,1,5
13147,1,5
13152,1,5
13158,1,6
13163,1,5
13168,1,5
13174,2,6
13179,1,5
13184,1,5
13189,1,5
13195,1,6
13200,1,5
13205,1,5
13211,2,6
13216,1,5
13221,1,5
13227,2,6
13232,1,5
13237,1,5
13242,1,5
13248,1,6
13253,1,5
13258,1,5
13264,1,6
13269,1,5
13274,1,5
13280,2,6
13285,1,5
13290,1,5
13295,1,5
13301,1,6
13306,1,5
13311,1,5
13317,1,6
13322,1,5
13327,1,5
13333,1,6
13338,1,5
13343,1,5
13348,1,5
13354,1,6
13359,1,5
13369,6,10
13370,1,1
13375,1,5
13381,2,6
13386,1,5
13391,1,5
13397,2,6
13402,1,5
13407,1,5
13412,1,5
13418,1,6
13423,1,5
13428,1,5
13434,2,6
13439,1,5
13444,1,5
13450,2,6
13455,1,5
13460,1,5
13466,2,6
13471,1,5
13476,1,5
13482,2,6
13487,1,5
13492,1,5
13498,2,6
13503,1,5
13508,1,5
13514,2,6
13519,1,5
13524,1,5
13529,1,5
13535,1,6
13540,1,5
13545,1,5
13551,2,6
13556,1,5
13561,1,5
13567,2,6
13572,1,5
13577,1,5
13582,1,5
13588,1,6
13593,1,5
13598,1,5
13604,1,6
13609,1,5
13614,1,5
13620,1,6
13625,1,5
13632,3,7
13635,0,3
13641,1,6
13646,1,5
13652,1,6
13657,1,5
13663,2,6
13668,1,5
13673,1,5
13679,2,6
13684,1,5
13689,1,5
13695,2,6
13700,1,5
13705,1,5
13710,1,5
13716,1,6
13721,1,5
13727,2,6
13732,1,5
13737,1,5
13742,1,5
13748,2,6
13753,1,5
13758,1,5
13764,2,6
13769,1,5
13774,1,5
13780,1,6
13785,1,5
13791,1,6
13796,1,5
13802,2,6
13807,1,5
13812,1,5
13818,1,6
13823,1,5
13829,1,6
13834,1,5
13840,1,6
13846,1,6
13851,1,5
13857,2,6
13862,1,5
13867,1,5
13872,1,5
13878,1,6
13883,1,5
13888,1,5
13894,1,6
13899,1,5
13904,1,5
13910,1,6
13915,1,5
13921,2,6
13926,2,5
13931,1,5
13936,1,5
13941,1,5
13947,1,6
13952,1,5
13958,2,6
13963,2,5
13969,2,6
13973,1,4
13978,1,5
13984,1,6
13989,1,5
13995,2,6
14000,1,5
14005,1,5
14010,1,5
14016,1,6
14021,1,5
14027,2,6
14032,2,5
14037,1,5
14042,1,5
14050,4,8
14053,1,3
14058,1,5
14063,1,5
14069,1,6
14074,1,5
14080,2,6
14085,1,5
14090,1,5
14096,2,6
14101,2,5
14107,2,6
14112,2,5
14117,1,5
14123,2,6
14128,1,5
14133,1,5
14139,2,6
14144,1,5
14149,1,5
14155,2,6
14160,1,5
14165,1,5
14170,1,5
14176,1,6
14181,1,5
14187,2,6
14192,1,5
14197,1,5
14202,1,5
14208,1,6
14213,1,5
14218,1,5
14224,1,6
14229,1,5
14234,1,5
14240,1,6
14245,1,5
14250,1,5
14256,1,6
14261,1,5
14267,2,6
14272,1,5
14277,1,5
14282,1,5
14288,1,6
14293,1,5
14298,1,5
14304,2,6
14309,1,5
14314,1,5
14320,2,6
14325,1,5
14330,1,5
14336,2,6
14341,1,5
14346,1,5
14352,2,6
14357,1,5
14362,1,5
14368,2,6
14373,1,5
14378,1,5
14384,2,6
14389,1,5
14394,1,5
14399,1,5
14405,1,6
14410,1,5
14415,1,5
14421,1,6
14426,1,5
14431,1,5
14437,1,6
14443,2,6
14448,1,5
14453,1,5
14458,1,5
14464,1,6
14469,1,5
14474,1,5
14480,1,6
14485,1,5
14491,2,6
14496,1,5
14501,1,5
14507,2,6
14512,1,5
14518,1,6
14524,1,6
14530,2,6
14535,1,5
14541,2,6
14546,1,5
14552,2,6
14557,1,5
14562,1,5
14568,1,6
14573,1,5
14578,1,5
14584,1,6
14589,1,5
14594,1,5
14600,1,6
14605,1,5
14611,2,6
14616,1,5
14621,1,5
14627,2,6
14632,1,5
14638,2,6
14643,1,5
14649,2,6
14654,1,5
14660,1,6
14665,1,5
14671,1,6
14676,1,5
14681,1,5
14687,1,6
14692,1,5
14697,1,5
14703,2,6
14708,1,5
14713,1,5
14719,2,6
14724,1,5
14729,1,5
14735,2,6
14740,1,5
14745,1,5
14750,1,5
14757,2,7
14762,1,5
14767,1,5
14773,2,6
14778,1,5
14783,1,5
14789,2,6
14794,1,5
14799,1,5
14805,2,6
14810,1,5
14815,1,5
14820,1,5
14826,2,6
14831,1,5
14837,2,6
14842,2,5
14847,1,5
14853,2,6
14858,2,5
14863,1,5
14868,1,5
14875,3,7
14879,1,4
14885,2,6
14890,1,5
14895,1,5
14901,2,6
14906,1,5
14911,1,5
14917,2,6
14922,2,5
14927,1,5
14933,2,6
14938,1,5
14943,1,5
14949,2,6
14954,2,5
14959,1,5
14964,1,5
14970,1,6
14975,1,5
14980,1,5
14986,1,6
14991,1,5
14996,1,5
15002,2,6
15007,1,5
15012,1,5
15018,2,6
15023,1,5
15028,1,5
15034,2,6
15039,1,5
15044,1,5
15050,1,6
15055,1,5
15061,2,6
15066,1,5
15071,1,5
15077,2,6
15082,1,5
15087,1,5
15092,1,5
15098,1,6
15103,1,5
15109,2,6
15114,1,5
15119,1,5
15124,1,5
15130,1,6
15135,1,5
15141,2,6
15146,2,5
15151,1,5
15156,1,5
15162,2,6
15167,1,5
15172,1,5
15177,1,5
15183,2,6
15188,1,5
15194,2,6
15199,2,5
15204,1,5
15209,1,5
15215,2,6
15220,1,5
15225,1,5
15231,2,6
15236,1,5
15241,1,5
15247,2,6
15252,1,5
15257,1,5
15262,1,5
15268,1,6
15273,1,5
15279,2,6
15284,1,5
15289,1,5
15294,1,5
15300,1,6
15305,1,5
15310,1,5
15316,1,6
15321,1,5
15326,1,5
15332,2,6
15337,1,5
15343,2,6
15348,1,5
15353,1,5
15358,1,5
15364,1,6
15369,1,5
15375,2,6
15380,1,5
15385,1,5
15390,1,5
15396,1,6
15401,1,5
15407,2,6
15412,1,5
15417,1,5
15423,2,6
15428,1,5
15433,1,5
15439,2,6
15444,1,5
15449,1,5
15455,2,6
15460,1,5
15465,1,5
15471,2,6
15476,1,5
15481,1,5
15487,2,6
15492,1,5
15497,1,5
15503,2,6
15508,1,5
15513,1,5
15518,1,5
15524,2,6
15529,1,5
15535,2,6
15540,1,5
15545,1,5
15550,1,5
15556,1,6
15561,1,5
15566,1,5
15572,1,6
15577,1,5
15585,4,8
15588,2,3
15593,1,5
15598,1,5
15604,2,6
15609,1,5
15614,1,5
15620,2,6
15625,1,5
15630,1,5
15635,1,5
15641,1,6
15646,1,5
15652,2,6
15657,1,5
15662,1,5
15668,2,6
15673,1,5
15678,1,5
15684,2,6
15689,1,5
15694,1,5
15700,2,6
15705,1,5
15710,1,5
15715,1,5
15721,2,6
15726,1,5
15731,1,5
15737,2,6
15742,1,5
15747,1,5
15752,1,5
15758,1,6
15763,1,5
15768,1,5
15774,1,6
15779,1,5
15784,1,5
15790,2,6
15795,1,5
15800,1,5
15806,2,6
15811,1,5
15816,1,5
15821,1,5
15827,1,6
15832,1,5
15838,2,6
15843,1,5
15848,1,5
15853,1,5
15859,2,6
15864,1,5
15869,1,5
15874,1,5
15880,1,6
15885,1,5
15891,2,6
15896,1,5
15901,1,5
15907,2,6
15912,1,5
15917,1,5
15922,1,5
15928,1,6
15933,1,5
15938,1,5
15944,2,6
15949,1,5
15954,1,5
15960,2,6
15965,1,5
15970,1,5
15976,1,6
15981,1,5
15987,1,6
15992,1,5
15998,1,6
16003,1,5
16009,1,6
16014,1,5
16020,1,6
16025,1,5
16031,1,6
16036,1,5
16041,1,5
16047,1,6
16052,1,5
16057,1,5
16063,2,6
16068,1,5
16073,1,5
16079,2,6
16084,1,5
16089,1,5
16094,1,5
16100,1,6
16105,1,5
16110,1,5
16116,1,6
16121,1,5
16126,1,5
16132,1,6
16137,1,5
16143,1,6
16148,1,5
16153,1,5
16159,2,6
16164,1,5
16169,1,5
16175,2,6
16180,1,5
16185,1,5
16191,2,6
16196,1,5
16201,1,5
16207,2,6
16212,1,5
16217,1,5
16222,1,5
16228,1,6
16233,1,5
16239,2,6
16244,1,5
16249,1,5
16254,1,5
16260,1,6
16265,1,5
16270,1,5
16276,1,6
16281,1,5
16286,1,5
16292,2,6
16297,1,5
16302,1,5
16308,2,6
16313,1,5
16318,1,5
16324,2,6
16329,1,5
16334,1,5
16340,2,6
16345,1,5
16350,1,5
16356,2,6
16361,1,5
16366,1,5
16371,1,5
16377,2,6
16382,1,5
16387,1,5
16393,2,6
16398,1,5
16403,1,5
16409,2,6
16414,1,5
16419,1,5
16425,2,6
16430,1,5
16435,1,5
16441,2,6
16446,1,5
16451,1,5
16457,2,6
16462,1,5
16467,1,5
16472,1,5
16478,1,6
16483,1,5
16488,1,5
16494,1,6
16499,1,5
16504,1,5
16510,2,6
16515,1,5
16520,1,5
16525,1,5
16531,1,6
16536,1,5
16541,1,5
16547,1,6
16552,1,5
16557,1,5
16563,1,6
16568,1,5
16573,1,5
16579,2,6
16584,1,5
16589,1,5
16594,1,5
16600,1,6
16605,1,5
16611,2,6
16616,1,5
16621,1,5
16626,1,5
16632,1,6
16637,1,5
16643,2,6
16648,1,5
16653,1,5
16658,1,5
16664,1,6
16669,1,5
16675,2,6
16680,2,5
16685,1,5
16690,1,5
16696,2,6
16701,1,5
16706,1,5
16711,1,5
16717,1,6
16722,1,5
16727,1,5
16733,1,6
16738,1,5
16744,2,6
16749,1,5
16754,1,5
16759,1,5
16765,1,6
16770,1,5
16776,2,6
16781,1,5
16786,1,5
16792,2,6
16797,1,5
16802,1,5
16807,1,5
16813,1,6
16818,1,5
16823,1,5
16829,1,6
16834,1,5
16840,2,6
16845,1,5
16850,1,5
16856,2,6
16861,1,5
16866,1,5
16872,2,6
16877,1,5
16882,1,5
16888,2,6
16893,1,5
16898,1,5
16903,1,5
16909,2,6
16914,1,5
16919,1,5
16925,2,6
16931,2,6
16935,1,4
16941,2,6
16946,1,5
16951,1,5
16957,2,6
16962,1,5
16967,1,5
16973,2,6
16978,1,5
16983,1,5
16989,2,6
16994,1,5
16999,1,5
17005,2,6
17010,1,5
17015,1,5
17021,2,6
17026,1,5
17031,1,5
17037,2,6
17042,1,5
17049,3,7
17054,3,5
17058,1,4
17063,1,5
17069,1,6
17074,1,5
17080,2,6
17085,1,5
17090,1,5
17096,1,6
17101,1,5
17107,2,6
17112,1,5
17117,1,5
17123,1,6
17128,1,5
17134,2,6
17139,1,5
17144,1,5
17149,1,5
17155,1,6
17160,1,5
17165,1,5
17171,2,6
17176,1,5
17181,1,5
17187,2,6
17192,1,5
17197,1,5
17202,1,5
17208,1,6
17213,1,5
17218,1,5
17224,1,6
17229,1,5
17234,1,5
17240,2,6
17245,1,5
17250,1,5
17256,2,6
17261,1,5
17266,1,5
17272,2,6
17277,1,5
17282,1,5
17287,1,5
17293,2,6
17298,1,5
17303,1,5
17308,1,5
17314,1,6
17319,1,5
17324,1,5
17333,4,9
17335,1,2
17340,1,5
17346,1,6
17351,1,5
17356,1,5
17362,1,6
17367,1,5
17372,1,5
17378,1,6
17383,1,5
17388,1,5
17394,1,6
17399,1,5
17404,1,5
17411,3,7
17415,1,4
17420,1,5
17425,1,5
17431,1,6
17436,1,5
17441,1,5
17447,1,6
17452,1,5
17457,1,5
17463,1,6
17468,1,5
17473,1,5
17479,1,6
17484,1,5
17489,1,5
17495,2,6
17500,1,5
17505,1,5
17511,2,6
17516,1,5
17521,1,5
17527,2,6
17532,1,5
17537,1,5
17542,1,5
17548,1,6
17553,1,5
17558,1,5
17564,1,6
17573,1,9
17578,1,5
17584,1,6
17589,1,5
17594,1,5
17600,1,6
17608,4,8
17617,1,9
17622,1,5
17628,1,6
17633,1,5
17638,1,5
17644,1,6
17650,2,6
17655,1,5
17660,1,5
17666,2,6
17671,1,5
17676,1,5
17682,1,6
17687,1,5
17693,2,6
17698,1,5
17703,1,5
17709,2,6
17714,1,5
17719,1,5
17724,1,5
17730,1,6
17735,1,5
17741,2,6
17746,1,5
17751,1,5
17757,2,6
17762,1,5
17767,1,5
17772,1,5
17778,2,6
17783,1,5
17788,1,5
17794,2,6
17799,1,5
17804,1,5
17810,2,6
17815,1,5
17820,1,5
17825,1,5
17831,1,6
17836,1,5
17842,2,6
17847,1,5
17852,1,5
17858,2,6
17863,1,5
17868,1,5
17873,1,5
17879,1,6
17884,1,5
17889,1,5
17895,1,6
17900,1,5
17905,1,5
17911,1,6
17916,1,5
17921,1,5
17927,1,6
17932,1,5
17938,2,6
17943,1,5
17948,1,5
17953,1,5
17959,1,6
17965,1,6
17970,1,5
17975,1,5
17981,1,6
17986,1,5
17991,1,5
17997,1,6
18002,1,5
18007,1,5
18013,1,6
18018,1,5
18023,1,5
18029,2,6
18034,1,5
18039,1,5
18044,1,5
18050,1,6
18055,1,5
18060,1,5
18066,1,6
18071,1,5
18076,1,5
18082,2,6
18087,1,5
18092,1,5
18098,2,6
18103,1,5
18108,1,5
18114,2,6
18119,1,5
18124,1,5
18129,1,5
18135,1,6
18140,1,5
18146,2,6
18151,1,5
18156,1,5
18161,1,5
18167,1,6
18172,1,5
18178,2,6
18183,1,5
18188,1,5
18193,1,5
18199,2,6
18204,1,5
18210,2,6
18215,1,5
18220,1,5
18226,2,6
18232,2,6
18236,1,4
18242,2,6
18247,1,5
18253,2,6
18258,2,5
18263,1,5
18268,1,5
18274,1,6
18279,1,5
18285,2,6
18290,1,5
18295,1,5
18300,1,5
18306,1,6
18311,1,5
18317,2,6
18322,2,5
18327,1,5
18332,1,5
18338,2,6
18343,1,5
18349,2,6
18354,1,5
18359,1,5
18365,2,6
18370,1,5
18375,1,5
18382,3,7
18386,1,4
18391,1,5
18397,2,6
18402,1,5
18407,1,5
18412,1,5
18418,1,6
18423,1,5
18429,1,6
18434,1,5
18440,1,6
18445,1,5
18450,1,5
18456,1,6
18461,1,5
18467,1,6
18472,1,5
18477,1,5
18483,1,6
18489,2,6
18494,1,5
18499,1,5
18504,1,5
18510,1,6
18515,1,5
18521,2,6
18526,1,5
18531,1,5
18537,2,6
18542,1,5
18547,1,5
18553,2,6
18558,1,5
18563,1,5
18569,2,6
18574,1,5
18580,2,6
18585,2,5
18591,2,6
18596,2,5
18601,1,5
18606,1,5
18612,2,6
18617,1,5
18622,1,5
18627,1,5
18633,1,6
18638,1,5
18644,2,6
18649,1,5
18654,1,5
18660,2,6
18665,1,5
18670,1,5
18675,1,5
18681,1,6
18686,1,5
18692,1,6
18697,1,5
18702,1,5
18708,1,6
18713,1,5
18718,1,5
18724,1,6
18729,1,5
18734,1,5
18740,2,6
18745,1,5
18750,1,5
18755,1,5
18761,1,6
18767,2,6
18772,2,5
18777,1,5
18782,1,5
18788,2,6
18793,1,5
18798,1,5
18803,1,5
18809,1,6
18814,1,5
18820,2,6
18825,1,5
18830,1,5
18835,1,5
18841,1,6
18846,1,5
18851,1,5
18857,1,6
18862,1,5
18868,2,6
18873,1,5
18878,1,5
18884,2,6
18889,1,5
18894,1,5
18900,1,6
18905,1,5
18911,2,6
18916,1,5
18921,1,5
18927,1,6
18932,1,5
18938,1,6
18943,1,5
18949,1,6
18955,2,6
18960,1,5
18966,2,6
18971,1,5
18977,2,6
18982,1,5
18988,2,6
18993,1,5
18998,1,5
19003,1,5
19009,1,6
19014,1,5
19020,2,6
19025,1,5
19030,1,5
19035,1,5
19041,1,6
19046,1,5
19053,3,7
19057,1,4
19062,1,5
19068,2,6
19073,1,5
19078,1,5
19084,1,6
19089,1,5
19095,2,6
19100,1,5
19105,1,5
19110,1,5
19116,1,6
19121,1,5
19126,1,5
19132,1,6
19137,1,5
19142,1,5
19148,1,6
19153,1,5
19158,1,5
19165,2,7
19169,1,4
19175,2,6
19180,1,5
19185,1,5
19191,2,6
19196,1,5
19202,2,6
19207,1,5
19212,1,5
19218,2,6
19223,1,5
19228,1,5
19234,2,6
19239,1,5
19244,1,5
19250,2,6
19255,1,5
19260,1,5
19265,1,5
19271,1,6
19276,1,5
19281,1,5
19287,2,6
19292,1,5
19297,1,5
19303,2,6
19308,1,5
19313,1,5
19318,1,5
19325,2,7
19329,1,4
19335,2,6
19340,1,5
19345,1,5
19350,1,5
19356,1,6
19361,1,5
19366,1,5
19372,1,6
19377,1,5
19382,1,5
19388,1,6
19393,1,5
19398,1,5
19404,1,6
19409,1,5
19414,1,5
19420,1,6
19425,1,5
19431,2,6
19436,1,5
19441,1,5
19447,2,6
19452,1,5
19457,1,5
19462,1,5
19468,1,6
19473,1,5
19479,2,6
19484,1,5
19489,1,5
19494,1,5
19500,1,6
19506,2,6
19511,2,5
19516,1,5
19521,1,5
19527,2,6
19532,1,5
19537,1,5
19542,1,5
19548,1,6
19553,1,5
19559,2,6
19564,1,5
19569,1,5
19574,1,5
19580,1,6
19585,1,5
19591,2,6
19596,1,5
19601,1,5
19607,2,6
19612,1,5
19617,1,5
19622,1,5
19628,1,6
19633,1,5
19638,1,5
19644,1,6
19649,1,5
19654,1,5
19660,2,6
19665,1,5
19670,1,5
19676,2,6
19681,1,5
19686,1,5
19692,2,6
19697,1,5
19702,1,5
19708,2,6
19713,1,5
19718,1,5
19723,1,5
19729,1,6
19734,1,5
19739,1,5
19745,1,6
19750,1,5
19755,1,5
19761,1,6
19766,1,5
19771,1,5
19777,2,6
19782,1,5
19787,1,5
19793,2,6
19798,1,5
19803,1,5
19809,2,6
19814,1,5
19819,1,5
19825,2,6
19830,1,5
19835,1,5
19840,1,5
19846,2,6
19851,1,5
19856,1,5
19862,2,6
19867,1,5
19873,2,6
19878,2,5
19883,1,5
19888,1,5
19894,2,6
19899,1,5
19904,1,5
19910,2,6
19915,1,5
19920,1,5
19925,1,5
19931,2,6
19936,1,5
19941,1,5
19947,2,6
19952,1,5
19957,1,5
19963,1,6
19968,1,5
19974,2,6
19979,1,5
19984,1,5
19989,1,5
19995,2,6
20000,1,5
20005,1,5
20011,2,6
20016,1,5
20021,1,5
20027,1,6
20033,2,6
20038,1,5
20043,1,5
20048,1,5
20054,1,6
20059,1,5
20064,1,5
20070,1,6
20075,1,5
20080,1,5
20086,2,6
20091,1,5
20096,1,5
20102,2,6
20107,1,5
20112,1,5
20117,1,5
20123,1,6
20128,1,5
20134,2,6
20139,1,5
20144,1,5
20150,2,6
20155,1,5
20160,1,5
20166,1,6
20171,1,5
20176,1,5
20182,2,6
20187,1,5
20192,1,5
20197,1,5
20203,1,6
20208,1,5
20213,1,5
20219,1,6
20224,1,5
20229,1,5
20235,1,6
20240,1,5
20245,1,5
20251,2,6
20256,1,5
20261,1,5
20267,2,6
20272,1,5
20277,1,5
20283,2,6
20288,1,5
20293,1,5
20298,1,5
20304,1,6
20309,1,5
20314,1,5
20320,2,6
20325,1,5
20330,1,5
20336,2,6
20341,1,5
20346,1,5
20352,2,6
20357,1,5
20362,1,5
20367,1,5
20373,2,6
20378,1,5
20383,1,5
20389,2,6
20394,1,5
20399,1,5
20404,1,5
20410,2,6
20415,1,5
20420,1,5
20425,1,5
20431,1,6
20436,1,5
20442,1,6
20448,1,6
20454,1,6
20460,1,6
20466,1,6
20472,1,6
20477,1,5
20482,1,5
20488,1,6
20493,1,5
20498,1,5
20504,1,6
20509,1,5
20514,1,5
20520,1,6
20525,1,5
20530,1,5
20535,0,5
20541,1,6
20546,1,5
20552,2,6
20557,1,5
20562,1,5
20567,1,5
20573,1,6
20578,1,5
20584,2,6
20589,1,5
20594,1,5
20600,2,6
20605,1,5
20610,1,5
20615,1,5
20621,1,6
20626,1,5
20631,1,5
20637,1,6
20642,1,5
20647,1,5
20653,1,6
20658,1,5
20663,1,5
20669,1,6
20674,1,5
20679,1,5
20685,1,6
20690,1,5
20695,1,5
20701,1,6
20706,1,5
20711,1,5
20717,1,6
20722,1,5
20727,1,5
20733,1,6
20738,1,5
20743,1,5
20749,1,6
20754,1,5
20759,1,5
20765,2,6
20770,1,5
20775,1,5
20781,2,6
20786,1,5
20791,1,5
20796,1,5
20802,1,6
20807,1,5
20812,1,5
20818,2,6
20823,1,5
20828,1,5
20833,1,5
20839,1,6
20844,1,5
20849,1,5
20855,2,6
20860,1,5
20865,1,5
20871,2,6
20876,1,5
20881,1,5
20886,1,5
20891,1,5
20897,1,6
20902,1,5
20907,1,5
20913,1,6
20918,1,5
20923,1,5
20929,1,6
20934,1,5
20939,1,5
20944,1,5
20950,1,6
20955,1,5
20960,1,5
20966,1,6
20971,1,5
20976,1,5
20982,2,6
20987,1,5
20992,1,5
20997,1,5
21003,1,6
21008,1,5
21013,1,5
21019,2,6
21024,1,5
21029,1,5
21034,1,5
21040,1,6
21045,1,5
21051,2,6
21056,1,5
21061,1,5
21067,2,6
21072,1,5
21077,1,5
21082,1,5
21088,1,6
21093,1,5
21098,1,5
21104,1,6
21109,1,5
21114,1,5
21120,2,6
21125,1,5
21130,1,5
21136,1,6
21141,1,5
21147,2,6
21152,1,5
21157,1,5
21162,1,5
21168,1,6
21173,1,5
21179,2,6
21184,1,5
21189,1,5
21194,1,5
21200,2,6
21205,1,5
21210,1,5
21216,2,6
21221,1,5
21226,1,5
21232,2,6
21237,1,5
21242,1,5
21247,1,5
21253,1,6
21258,1,5
21263,1,5
21269,1,6
21274,1,5
21279,1,5
21285,2,6
21290,1,5
21295,1,5
21300,1,5
21306,1,6
21311,1,5
21316,1,5
21322,2,6
21327,1,5
21332,1,5
21338,2,6
21343,1,5
21348,1,5
21353,1,5
21359,1,6
21364,1,5
21370,2,6
21375,1,5
21380,1,5
21385,1,5
21390,1,5
21396,1,6
21401,1,5
21406,1,5
21412,1,6
21417,1,5
21422,1,5
21428,1,6
21433,1,5
21438,1,5
21444,2,6
21449,1,5
21454,1,5
21459,1,5
21465,1,6
21470,1,5
21475,1,5
21481,1,6
21486,1,5
21491,1,5
21497,2,6
21502,1,5
21507,1,5
21512,1,5
21518,1,6
21523,1,5
21529,2,6
21534,1,5
21539,1,5
21544,1,5
21550,2,6
21555,1,5
21560,1,5
21565,1,5
21571,1,6
21576,1,5
21581,1,5
21587,1,6
21592,1,5
21597,1,5
21603,2,6
21608,1,5
21613,1,5
21618,1,5
21624,1,6
21629,1,5
21634,1,5
21640,2,6
21645,1,5
21650,1,5
21656,2,6
21661,1,5
21666,1,5
21672,2,6
21677,1,5
21682,1,5
21688,2,6
21693,1,5
21698,1,5
21703,1,5
21709,1,6
21714,1,5
21720,2,6
21725,1,5
21731,2,6
21736,1,5
21741,1,5
21747,2,6
21752,1,5
21757,1,5
21762,1,5
21768,1,6
21773,1,5
21778,1,5
21784,1,6
21789,1,5
21794,1,5
21800,1,6
21805,1,5
21810,1,5
21816,2,6
21821,1,5
21826,1,5
21832,2,6
21837,1,5
21842,1,5
21847,1,5
21853,1,6
21858,1,5
21863,1,5
21869,2,6
21874,1,5
21879,1,5
21885,2,6
21890,1,5
21895,1,5
21900,1,5
21906,1,6
21911,1,5
21916,1,5
21922,2,6
21927,1,5
21933,2,6
21938,2,5
21943,1,5
21948,1,5
21953,1,5
21959,2,6
21964,1,5
21969,1,5
21975,2,6
21980,1,5
21985,1,5
21990,1,5
21996,1,6
22001,1,5
22007,2,6
22012,1,5
22017,1,5
22022,1,5
22028,2,6
22033,1,5
22038,1,5
22044,2,6
22049,1,5
22055,2,6
22060,1,5
22065,1,5
22071,2,6
22076,1,5
22081,1,5
22086,1,5
22092,1,6
22097,1,5
22102,1,5
22108,1,6
22113,1,5
22118,1,5
22124,1,6
22129,1,5
22135,1,6
22140,1,5
22146,2,6
22151,1,5
22157,2,6
22162,1,5
22168,2,6
22173,1,5
22179,2,6
22184,1,5
22190,2,6
22195,1,5
22201,2,6
22206,1,5
22212,2,6
22217,1,5
22222,1,5
22228,1,6
22233,1,5
22238,1,5
22244,2,6
22249,1,5
22254,1,5
22259,1,5
22265,2,6
22270,1,5
22275,1,5
22281,2,6
22286,1,5
22291,1,5
22296,1,5
22301,1,5
22307,1,6
22312,1,5
22317,1,5
22323,1,6
22328,1,5
22333,1,5
22338,1,5
22344,1,6
22349,1,5
22354,1,5
22360,1,6
22365,1,5
22370,1,5
22376,2,6
22381,1,5
22386,1,5
22391,0,5
22397,1,6
22403,1,6
22408,1,5
22413,1,5
22419,1,6
22425,2,6
22430,1,5
22436,2,6
22441,1,5
22446,1,5
22452,1,6
22457,1,5
22463,2,6
22468,1,5
22473,1,5
22479,2,6
22484,1,5
22489,1,5
22495,2,6
22500,1,5
22505,1,5
22511,2,6
22516,1,5
22521,1,5
22526,1,5
22532,1,6
22537,1,5
22543,2,6
22548,1,5
22553,1,5
22558,1,5
22564,1,6
22569,1,5
22574,1,5
22580,1,6
22585,1,5
22590,1,5
22596,1,6
22601,1,5
22606,1,5
22612,1,6
22617,1,5
22622,1,5
22628,2,6
22633,1,5
22638,1,5
22644,2,6
22649,1,5
22654,1,5
22660,2,6
22665,1,5
22670,1,5
22675,1,5
22681,1,6
22686,1,5
22692,2,6
22697,1,5
22702,1,5
22707,1,5
22713,1,6
22718,1,5
22723,1,5
22729,2,6
22734,1,5
22739,1,5
22745,2,6
22750,1,5
22755,1,5
22761,2,6
22766,1,5
22771,1,5
22777,2,6
22782,2,5
22787,1,5
22792,1,5
22798,2,6
22803,1,5
22808,1,5
22813,1,5
22819,1,6
22824,1,5
22830,1,6
22836,1,6
22841,1,5
22846,1,5
22852,1,6
22857,1,5
22863,1,6
22868,1,5
22873,1,5
22879,2,6
22884,1,5
22889,1,5
22894,1,5
22900,1,6
22905,1,5
22910,1,5
22916,1,6
22921,1,5
22926,1,5
22932,2,6
22937,1,5
22942,1,5
22948,2,6
22953,1,5
22958,1,5
22964,2,6
22969,1,5
22974,1,5
22979,1,5
22985,1,6
22990,1,5
22996,2,6
23001,2,5
23006,1,5
23011,1,5
23017,2,6
23022,1,5
23027,1,5
23032,1,5
23038,1,6
23044,2,6
23049,2,5
23054,1,5
23059,1,5
23065,2,6
23070,1,5
23075,1,5
23081,2,6
23086,1,5
23091,1,5
23097,2,6
23102,1,5
23108,2,6
23114,1,6
23120,1,6
23125,1,5
23130,1,5
23136,2,6
23141,1,5
23146,1,5
23151,1,5
23157,1,6
23162,1,5
23167,1,5
23173,2,6
23178,1,5
23183,1,5
23188,1,5
23194,1,6
23199,1,5
23204,1,5
23210,1,6
23215,1,5
23220,1,5
23226,2,6
23231,1,5
23236,1,5
23241,1,5
23247,1,6
23252,1,5
23258,2,6
23263,1,5
23268,1,5
23273,1,5
23279,2,6
23284,1,5
23289,1,5
23294,1,5
23300,1,6
23305,1,5
23310,1,5
23316,2,6
23321,1,5
23326,1,5
23332,2,6
23337,1,5
23342,1,5
23347,1,5
23353,1,6
23358,1,5
23363,1,5
23369,1,6
23374,1,5
23379,1,5
23385,1,6
23390,1,5
23396,2,6
23401,1,5
23406,1,5
23411,1,5
23417,1,6
23422,1,5
23427,1,5
23433,1,6
23438,1,5
23443,1,5
23449,1,6
23454,1,5
23459,1,5
23465,2,6
23470,1,5
23475,1,5
23481,2,6
23486,1,5
23491,1,5
23496,1,5
23502,1,6
23507,1,5
23512,1,5
23518,1,6
23523,1,5
23528,1,5
23534,2,6
23539,1,5
23544,1,5
23549,1,5
23555,1,6
23560,1,5
23565,1,5
23571,1,6
23576,1,5
23581,1,5
23587,2,6
23592,1,5
23597,1,5
23602,1,5
23608,1,6
23613,1,5
23618,1,5
23624,1,6
23629,1,5
23634,1,5
23640,1,6
23645,1,5
23650,1,5
23656,1,6
23661,1,5
23666,1,5
23672,2,6
23677,1,5
23682,1,5
23688,2,6
23693,1,5
23698,1,5
23704,1,6
23709,1,5
23715,1,6
23720,1,5
23726,1,6
23731,1,5
23737,1,6
23743,1,6
23748,1,5
23753,1,5
23759,2,6
23764,1,5
23769,1,5
23775,2,6
23780,1,5
23785,1,5
23790,1,5
23796,1,6
23801,1,5
23806,1,5
23812,2,6
23817,1,5
23822,1,5
23828,2,6
23833,1,5
23838,1,5
23844,2,6
23849,1,5
23854,1,5
23860,2,6
23865,1,5
23870,1,5
23876,2,6
23881,1,5
23886,1,5
23891,1,5
23897,2,6
23902,1,5
23907,1,5
23913,2,6
23918,1,5
23923,1,5
23929,2,6
23934,1,5
23939,1,5
23945,2,6
23950,1,5
23955,1,5
23961,2,6
23966,1,5
23971,1,5
23977,2,6
23982,1,5
23987,1,5
23993,2,6
23998,1,5
24003,1,5
24009,2,6
24014,1,5
24019,1,5
24025,2,6
24030,2,5
24035,1,5
24040,1,5
24046,2,6
24051,1,5
24056,1,5
24062,2,6
24067,1,5
24072,1,5
24078,2,6
24083,1,5
24088,1,5
24093,1,5
24099,1,6
24104,1,5
24109,1,5
24115,2,6
24120,1,5
24125,1,5
24130,1,5
24136,1,6
24141,1,5
24147,2,6
24152,1,5
24157,1,5
24162,1,5
24168,1,6
24173,1,5
24178,1,5
24184,2,6
24189,1,5
24195,2,6
24200,2,5
24205,1,5
24210,1,5
24216,2,6
24221,1,5
24226,1,5
24231,1,5
24237,1,6
24242,1,5
24248,2,6
24253,1,5
24258,1,5
24263,1,5
24269,1,6
24274,1,5
24279,1,5
24285,2,6
24290,1,5
24295,1,5
24301,2,6
24306,1,5
24311,1,5
24317,2,6
24322,1,5
24327,1,5
24332,1,5
24338,1,6
24343,1,5
24348,1,5
24354,2,6
24359,1,5
24364,1,5
24370,2,6
24375,1,5
24380,1,5
24386,2,6
24391,1,5
24396,1,5
24401,1,5
24407,2,6
24412,1,5
24417,1,5
24423,2,6
24430,3,7
24433,1,3
24438,1,5
24444,1,6
24449,1,5
24454,1,5
24460,1,6
24465,1,5
24470,1,5
24476,1,6
24481,1,5
24486,1,5
24492,1,6
24497,1,5
24503,2,6
24508,1,5
24513,1,5
24518,1,5
24524,1,6
24529,1,5
24535,2,6
24540,1,5
24545,1,5
24550,1,5
24556,1,6
24561,1,5
24567,2,6
24572,1,5
24577,1,5
24582,1,5
24588,1,6
24593,1,5
24598,1,5
24604,1,6
24609,1,5
24614,1,5
24620,1,6
24625,1,5
24630,1,5
24636,2,6
24641,1,5
24646,1,5
24652,2,6
24657,1,5
24662,1,5
24669,1,7
24675,2,6
24680,1,5
24685,1,5
24690,1,5
24696,1,6
24701,1,5
24707,2,6
24712,1,5
24717,1,5
24723,1,6
24728,1,5
24734,1,6
24739,1,5
24745,2,6
24750,1,5
24755,1,5
24760,1,5
24766,1,6
24771,1,5
24776,1,5
24782,2,6
24787,1,5
24792,1,5
24798,2,6
24803,1,5
24808,1,5
24813,1,5
24819,1,6
24824,1,5
24829,1,5
24835,1,6
24840,1,5
24845,1,5
24856,7,11
24857,2,1
24861,1,4
24866,1,5
24872,1,6
24877,1,5
24882,1,5
24888,1,6
24893,1,5
24898,1,5
24904,2,6
24909,1,5
24914,1,5
24919,1,5
24925,1,6
24930,1,5
24935,1,5
24941,1,6
24946,1,5
24951,1,5
24957,2,6
24962,1,5
24967,1,5
24973,2,6
24978,1,5
24983,1,5
24989,2,6
24994,1,5
24999,1,5
25005,2,6
25010,1,5
25015,1,5
25020,1,5
25026,1,6
25031,1,5
25036,1,5
25042,2,6
25047,1,5
25052,1,5
25057,1,5
25063,1,6
25068,1,5
25073,1,5
25079,1,6
25084,1,5
25089,1,5
25095,1,6
25100,1,5
25105,1,5
25111,2,6
25116,1,5
25121,1,5
25126,1,5
25132,1,6
25137,1,5
25143,2,6
25148,1,5
25153,1,5
25158,1,5
25164,1,6
25169,1,5
25175,2,6
25180,1,5
25185,1,5
25191,1,6
25196,1,5
25201,1,5
25207,2,6
25212,1,5
25217,1,5
25222,1,5
25228,1,6
25233,1,5
25239,2,6
25244,1,5
25249,1,5
25254,1,5
25260,1,6
25265,1,5
25270,1,5
25276,2,6
25281,1,5
25286,1,5
25292,2,6
25297,1,5
25302,1,5
25307,1,5
25313,1,6
25318,1,5
25323,1,5
25328,1,5
25334,1,6
25339,1,5
25344,1,5
25350,2,6
25355,1,5
25360,1,5
25366,2,6
25371,1,5
25376,1,5
25381,1,5
25386,1,5
25392,1,6
25397,1,5
25402,1,5
25408,1,6
25413,1,5
25418,1,5
25424,2,6
25429,1,5
25434,1,5
25439,1,5
25445,1,6
25450,1,5
25455,1,5
25461,2,6
25466,1,5
25471,1,5
25476,1,5
25482,1,6
25515,29,33
25521,1,6
25526,1,5
25532,2,6
25537,1,5
25542,1,5
25548,2,6
25553,2,5
25558,1,5
25563,1,5
25569,2,6
25574,1,5
25579,1,5
25585,2,6
25590,1,5
25595,1,5
25601,2,6
25606,1,5
25611,1,5
25617,1,6
25622,1,5
25628,2,6
25633,1,5
25638,1,5
25643,1,5
25649,1,6
25654,1,5
25659,1,5
25665,1,6
25670,1,5
25675,1,5
25681,1,6
25686,1,5
25691,1,5
25697,2,6
25702,1,5
25707,1,5
25712,1,5
25718,2,6
25723,1,5
25728,1,5
25733,1,5
25739,1,6
25744,1,5
25749,1,5
25755,1,6
25760,1,5
25765,1,5
25770,1,5
25776,1,6
25781,1,5
25786,1,5
25792,1,6
25797,1,5
25802,1,5
25808,1,6
25813,1,5
25819,2,6
25824,2,5
25829,1,5
25834,1,5
25840,2,6
25845,1,5
25850,1,5
25855,1,5
25861,1,6
25866,1,5
25871,1,5
25877,2,6
25882,1,5
25887,1,5
25893,2,6
25898,1,5
25903,1,5
25909,2,6
25914,1,5
25919,1,5
25924,1,5
25932,3,8
25935,1,3
25941,2,6
25946,2,5
25951,1,5
25956,1,5
25961,1,5
25967,1,6
25972,1,5
25977,1,5
25983,2,6
25988,1,5
25993,1,5
25999,2,6
26004,1,5
26009,1,5
26014,1,5
26020,1,6
26025,1,5
26031,2,6
26036,1,5
26041,1,5
26046,1,5
26052,2,6
26057,1,5
26062,1,5
26068,2,6
26073,1,5
26078,1,5
26084,2,6
26089,1,5
26094,1,5
26099,1,5
26105,1,6
26110,1,5
26115,1,5
26120,1,5
26126,1,6
26132,2,6
26137,2,5
26142,1,5
26147,1,5
26153,2,6
26158,2,5
26163,1,5
26168,1,5
26174,2,6
26180,2,6
26184,1,4
26189,1,5
26195,1,6
26200,1,5
26205,1,5
26211,2,6
26216,1,5
26221,1,5
26226,1,5
26232,1,6
26237,1,5
26242,1,5
26248,1,6
26253,1,5
26258,1,5
26264,1,6
26269,1,5
26274,1,5
26280,1,6
26285,1,5
26290,1,5
26296,1,6
26301,1,5
26306,1,5
26312,1,6
26317,1,5
26322,1,5
26328,2,6
26333,1,5
26338,1,5
26344,1,6
26349,1,5
26354,1,5
26360,1,6
26365,1,5
26370,1,5
26376,1,6
26381,1,5
26387,1,6
26392,1,5
26398,2,6
26403,1,5
26408,1,5
26414,1,6
26419,1,5
26425,2,6
26430,1,5
26435,1,5
26441,1,6
26446,1,5
26452,2,6
26457,1,5
26462,1,5
26467,1,5
26473,1,6
26478,1,5
26483,1,5
26489,1,6
26494,1,5
26499,1,5
26505,1,6
26510,1,5
26515,1,5
26521,1,6
26526,1,5
26531,1,5
26537,1,6
26542,1,5
26547,1,5
26553,2,6
26558,1,5
26563,1,5
26568,1,5
26574,1,6
26579,1,5
26584,1,5
26589,1,5
26595,1,6
26600,1,5
26605,1,5
26611,1,6
26616,1,5
26621,1,5
26626,1,5
26632,1,6
26637,1,5
26643,2,6
26648,1,5
26653,1,5
26658,1,5
26664,1,6
26669,1,5
26674,1,5
26680,1,6
26685,1,5
26691,2,6
26696,1,5
26701,1,5
26706,1,5
26712,2,6
26717,1,5
26722,1,5
26727,1,5
26733,1,6
26738,1,5
26744,2,6
26749,2,5
26754,1,5
26759,1,5
26765,2,6
26770,1,5
26775,1,5
26780,1,5
26786,2,6
26791,1,5
26796,1,5
26802,2,6
26807,1,5
26812,1,5
26818,2,6
26823,1,5
26828,1,5
26833,1,5
26839,1,6
26844,1,5
26849,1,5
26855,1,6
26860,1,5
26865,1,5
26871,2,6
26876,1,5
26881,1,5
26886,1,5
26892,1,6
26897,1,5
26903,2,6
26908,1,5
26913,1,5
26918,1,5
26924,1,6
26930,2,6
26935,2,5
26940,1,5
26945,1,5
26950,1,5
26956,1,6
26961,1,5
26966,1,5
26971,1,5
26977,1,6
26982,1,5
26988,2,6
26993,1,5
26998,1,5
27004,1,6
27009,1,5
27014,1,5
27020,2,6
27025,1,5
27030,1,5
27035,1,5
27041,1,6
27048,3,7
27051,1,3
27057,2,6
27062,1,5
27067,1,5
27073,2,6
27078,2,5
27083,1,5
27088,1,5
27094,2,6
27099,1,5
27104,1,5
27109,1,5
27115,2,6
27120,1,5
27125,1,5
27131,2,6
27136,1,5
27141,1,5
27147,2,6
27152,1,5
27157,1,5
27162,1,5
27168,2,6
27173,1,5
27178,1,5
27184,2,6
27189,1,5
27194,1,5
27200,2,6
27205,1,5
27210,1,5
27215,1,5
27221,2,6
27226,1,5
27231,1,5
27236,1,5
27242,1,6
27247,1,5
27252,1,5
27258,2,6
27263,1,5
27268,1,5
27274,2,6
27279,1,5
27284,1,5
27289,1,5
27295,2,6
27300,1,5
27305,1,5
27310,1,5
27316,1,6
27321,1,5
27326,1,5
27332,1,6
27337,1,5
27342,1,5
27348,1,6
27353,1,5
27358,1,5
27364,1,6
27369,1,5
27374,1,5
27380,1,6
27385,1,5
27390,1,5
27396,2,6
27401,1,5
27406,1,5
27412,2,6
27417,1,5
27422,1,5
27427,1,5
27433,1,6
27438,1,5
27443,1,5
27449,2,6
27454,1,5
27459,1,5
27464,1,5
27470,2,6
27475,1,5
27485,6,10
27486,2,1
27491,1,5
27496,1,5
27502,2,6
27507,1,5
27513,2,6
27518,1,5
27523,1,5
27529,1,6
27534,1,5
27540,1,6
27545,1,5
27551,2,6
27556,1,5
27561,1,5
27566,1,5
27572,1,6
27577,1,5
27583,2,6
27588,1,5
27593,1,5
27598,1,5
27605,3,7
27609,1,4
27614,1,5
27620,1,6
27625,1,5
27632,3,7
27636,1,4
27641,1,5
27647,2,6
27652,1,5
27657,1,5
27663,2,6
27668,1,5
27673,1,5
27678,1,5
27684,1,6
27689,1,5
27694,1,5
27700,1,6
27705,1,5
27710,1,5
27716,1,6
27721,1,5
27726,1,5
27732,1,6
27737,1,5
27742,1,5
27747,1,5
27753,1,6
27758,1,5
27764,2,6
27769,1,5
27774,1,5
27780,2,6
27785,1,5
27790,1,5
27795,1,5
27801,1,6
27806,1,5
27811,1,5
27817,2,6
27822,1,5
27827,1,5
27832,1,5
27838,1,6
27843,1,5
27848,1,5
27854,2,6
27859,1,5
27864,1,5
27870,2,6
27875,1,5
27880,1,5
27885,1,5
27891,2,6
27896,1,5
27901,1,5
27907,2,6
27912,1,5
27917,1,5
27922,1,5
27928,1,6
27933,1,5
27939,2,6
27944,2,5
27949,1,5
27955,2,6
27960,2,5
27965,1,5
27970,1,5
27976,2,6
27981,1,5
27986,1,5
27991,1,5
27997,2,6
28002,1,5
28007,1,5
28013,2,6
28018,1,5
28023,1,5
28029,2,6
28034,1,5
28039,1,5
28044,1,5
28053,5,9
28055,1,2
28060,1,5
28066,2,6
28071,1,5
28076,1,5
28082,2,6
28087,1,5
28092,1,5
28097,1,5
28103,1,6
28108,1,5
28113,1,5
28119,1,6
28125,1,6
28130,1,5
28135,1,5
28141,1,6
28146,1,5
28151,1,5
28157,1,6
28162,1,5
28167,1,5
28173,1,6
28179,1,6
28185,1,6
28191,1,6
28196,1,5
28202,1,6
28210,4,8
28213,1,3
28218,1,5
28224,1,6
28229,1,5
28235,1,6
28240,1,5
28246,2,6
28251,1,5
28257,2,6
28262,1,5
28268,2,6
28273,1,5
28279,2,6
28284,1,5
28289,1,5
28294,1,5
28300,2,6
28305,1,5
28310,1,5
28316,2,6
28321,1,5
28326,1,5
28332,2,6
28337,1,5
28342,1,5
28348,2,6
28353,1,5
28358,1,5
28364,2,6
28369,1,5
28374,1,5
28380,2,6
28385,1,5
28390,1,5
28395,1,5
28401,1,6
28406,1,5
28411,1,5
28419,3,8
28422,1,3
28427,1,5
28433,2,6
28438,1,5
28443,1,5
28449,2,6
28454,1,5
28459,1,5
28464,1,5
28470,1,6
28475,1,5
28481,2,6
28486,1,5
28491,1,5
28496,1,5
28502,2,6
28507,1,5
28513,2,6
28518,1,5
28524,2,6
28529,1,5
28534,1,5
28540,2,6
28545,1,5
28550,1,5
28555,1,5
28561,1,6
28566,1,5
28571,1,5
28577,1,6
28582,1,5
28588,2,6
28593,1,5
28598,1,5
28603,1,5
28609,1,6
28614,1,5
28619,1,5
28625,1,6
28630,1,5
28635,1,5
28641,2,6
28646,1,5
28651,1,5
28656,1,5
28662,1,6
28667,1,5
28672,1,5
28678,1,6
28683,1,5
28688,1,5
28697,5,9
28702,1,5
28708,2,6
28713,1,5
28718,1,5
28724,2,6
28729,1,5
28735,1,6
28740,1,5
28746,2,6
28751,1,5
28756,1,5
28762,2,6
28767,1,5
28772,1,5
28778,2,6
28783,1,5
28788,1,5
28793,1,5
28799,1,6
28804,1,5
28809,1,5
28815,1,6
28820,1,5
28825,1,5
28831,1,6
28836,1,5
28842,1,6
28848,1,6
28853,1,5
28858,1,5
28864,1,6
28869,1,5
28882,6,13
28883,2,1
28892,5,9
28894,2,2
28899,1,5
28904,1,5
28910,2,6
28915,1,5
28920,1,5
28926,2,6
28931,1,5
28937,2,6
28942,1,5
28948,2,6
28953,1,5
28959,2,6
28964,1,5
28970,2,6
28977,1,7
28983,2,6
28988,1,5
28993,1,5
28998,1,5
29004,1,6
29009,1,5
29015,2,6
29020,1,5
29025,1,5
29030,1,5
29036,1,6
29041,1,5
29049,4,8
29054,4,5
29057,1,3
29062,1,5
29068,2,6
29073,1,5
29078,1,5
29083,1,5
29089,2,6
29094,1,5
29099,1,5
29104,1,5
29110,1,6
29115,1,5
29120,1,5
29126,2,6
29131,1,5
29136,1,5
29141,1,5
29147,1,6
29152,1,5
29157,1,5
29163,1,6
29168,1,5
29174,1,6
29179,1,5
29185,1,6
29190,1,5
29196,1,6
29201,1,5
29207,1,6
29212,1,5
29218,1,6
29223,1,5
29229,1,6
29234,1,5
29240,2,6
29245,1,5
29251,2,6
29256,1,5
29261,1,5
29267,1,6
29272,1,5
29278,1,6
29283,1,5
29289,1,6
29294,1,5
29300,1,6
29305,1,5
29310,1,5
29316,1,6
29321,1,5
29327,2,6
29332,1,5
29337,1,5
29342,1,5
29347,1,5
29353,1,6
29358,1,5
29363,1,5
29369,1,6
29374,1,5
29379,1,5
29385,2,6
29390,1,5
29395,1,5
29400,1,5
29406,1,6
29411,1,5
29416,1,5
29422,2,6
29427,1,5
29435,4,8
29437,1,2
29443,2,6
29448,1,5
29453,1,5
29458,1,5
29464,1,6
29469,1,5
29474,1,5
29479,1,5
29485,1,6
29490,1,5
29496,2,6
29501,1,5
29506,1,5
29511,1,5
29517,1,6
29522,1,5
29527,1,5
29533,1,6
29538,1,5
29543,1,5
29549,1,6
29554,1,5
29560,2,6
29565,1,5
29570,1,5
29576,2,6
29581,1,5
29586,1,5
29592,2,6
29598,2,6
29603,1,5
29608,1,5
29613,1,5
29618,0,5
29625,2,7
29629,1,4
29634,1,5
29639,0,5
29644,0,5
29651,2,7
29658,3,7
29661,1,3
29666,1,5
29672,1,6
29677,1,5
29682,1,5
29688,1,6
29693,1,5
29698,1,5
29704,2,6
29709,1,5
29714,1,5
29719,1,5
29725,1,6
29730,1,5
29735,1,5
29741,1,6
29746,1,5
29751,1,5
29757,2,6
29762,1,5
29767,1,5
29772,1,5
29778,1,6
29783,1,5
29788,1,5
29794,2,6
29799,1,5
29804,1,5
29809,1,5
29815,1,6
29820,1,5
29825,1,5
29831,2,6
29836,1,5
29841,1,5
29846,1,5
29852,1,6
29857,1,5
29862,1,5
29868,2,6
29873,1,5
29878,1,5
29883,1,5
29889,1,6
29894,1,5
29899,1,5
29905,2,6
29910,1,5
29915,1,5
29920,1,5
29926,1,6
29931,1,5
29936,1,5
29942,2,6
29947,1,5
29952,1,5
29957,1,5
29963,1,6
29968,1,5
29973,1,5
29979,2,6
29984,1,5
29989,1,5
29994,1,5
30000,1,6
30005,1,5
30013,4,8
30016,2,3
30021,1,5
30026,1,5
30031,1,5
30037,1,6
30042,1,5
30047,1,5
30053,1,6
30058,1,5
30063,1,5
30069,2,6
30074,1,5
30079,1,5
30084,1,5
30090,2,6
30095,1,5
30100,1,5
30106,2,6
30111,1,5
30116,1,5
30122,2,6
30127,1,5
30132,1,5
30137,1,5
30143,2,6
30148,1,5
30153,1,5
30158,1,5
30164,1,6
30169,1,5
30174,1,5
30179,1,5
30185,1,6
30190,1,5
30195,1,5
30201,1,6
30206,1,5
30211,1,5
30217,2,6
30222,1,5
30227,1,5
30232,1,5
30238,1,6
30243,1,5
30248,1,5
30254,1,6
30259,1,5
30264,1,5
30270,2,6
30275,1,5
30280,1,5
30285,1,5
30291,1,6
30296,1,5
30301,1,5
30307,1,6
30314,2,7
30319,0,5
30326,1,7
30332,1,6
30338,1,6
30344,1,6
30350,2,6
30356,2,6
30361,1,5
30367,1,6
30373,1,6
30380,2,7
30385,1,5
30390,1,5
30396,2,6
30401,1,5
30406,1,5
30411,1,5
30417,2,6
30422,1,5
30427,1,5
30432,1,5
30438,1,6
30443,1,5
30448,1,5
30454,2,6
30459,1,5
30464,1,5
30469,1,5
30475,1,6
30480,1,5
30485,1,5
30490,1,5
30496,1,6
30502,1,6
30508,1,6
30513,1,5
30518,1,5
30524,1,6
30530,1,6
30536,1,6
30541,1,5
30546,1,5
30552,2,6
30557,1,5
30562,1,5
30567,1,5
30573,1,6
30578,1,5
30583,1,5
30589,2,6
30594,1,5
30599,1,5
30604,1,5
30610,1,6
30615,1,5
30620,1,5
30625,1,5
30631,1,6
30636,1,5
30642,2,6
30647,1,5
30652,1,5
30657,1,5
30663,2,6
30668,1,5
30673,1,5
30678,1,5
30684,1,6
30689,1,5
30694,1,5
30699,1,5
30705,1,6
30710,1,5
30716,2,6
30721,1,5
30726,1,5
30731,1,5
30737,1,6
30742,1,5
30747,1,5
30752,1,5
30758,1,6
30763,1,5
30769,2,6
30774,1,5
30779,1,5
30784,1,5
30790,2,6
30795,1,5
30800,1,5
30805,1,5
30811,1,6
30816,1,5
30821,1,5
30826,1,5
30832,1,6
30837,1,5
30842,1,5
30848,1,6
30853,1,5
30858,1,5
30863,1,5
30869,1,6
30874,1,5
30879,1,5
30885,1,6
30890,1,5
30895,1,5
30901,1,6
30906,1,5
30911,1,5
30917,2,6
30922,1,5
30927,1,5
30932,1,5
30938,1,6
30943,1,5
30948,1,5
30953,1,5
30959,1,6
30964,1,5
30969,1,5
30975,1,6
30980,1,5
30985,1,5
30990,1,5
30996,1,6
31001,1,5
31006,1,5
31012,1,6
31017,1,5
31022,1,5
31027,1,5
31033,1,6
31038,1,5
31043,1,5
31053,5,10
31055,2,2
31060,1,5
31065,1,5
31070,1,5
31076,2,6
31081,1,5
31086,1,5
31091,1,5
31097,1,6
31102,1,5
31107,1,5
31113,1,6
31118,1,5
31123,1,5
31129,2,6
31134,1,5
31139,1,5
31144,1,5
31150,1,6
31155,1,5
31160,1,5
31166,2,6
31171,1,5
31176,1,5
31182,2,6
31187,1,5
31192,1,5
31197,1,5
31203,1,6
31208,1,5
31213,1,5
31218,1,5
31224,1,6
31229,1,5
31234,1,5
31240,1,6
31245,1,5
31250,1,5
31256,1,6
31261,1,5
31266,1,5
31272,2,6
31277,1,5
31282,1,5
31288,1,6
31293,1,5
31298,1,5
31304,2,6
31309,1,5
31314,1,5
31320,2,6
31325,1,5
31330,1,5
31335,1,5
31341,2,6
31346,1,5
31351,1,5
31356,1,5
31362,1,6
31367,1,5
31372,1,5
31378,1,6
31383,1,5
31388,1,5
31394,2,6
31399,1,5
31404,1,5
31409,1,5
31415,1,6
31420,1,5
31425,1,5
31431,1,6
31436,1,5
31441,1,5
31447,2,6
31452,1,5
31457,1,5
31462,1,5
31468,1,6
31473,1,5
31478,1,5
31483,1,5
31489,1,6
31495,1,6
31501,2,6
31506,1,5
31511,1,5
31516,1,5
31522,2,6
31527,1,5
31532,1,5
31537,1,5
31543,1,6
31548,1,5
31553,1,5
31559,2,6
31564,1,5
31569,1,5
31574,1,5
31580,1,6
31585,1,5
31590,1,5
31595,1,5
31601,1,6
31606,1,5
31611,1,5
31617,1,6
31622,1,5
31627,1,5
31633,1,6
31639,1,6
31644,1,5
31649,1,5
31654,1,5
31660,1,6
31665,1,5
31670,1,5
31676,1,6
31681,1,5
31686,1,5
31692,2,6
31697,1,5
31702,1,5
31707,1,5
31713,1,6
31718,1,5
31723,1,5
31728,1,5
31734,1,6
31739,1,5
31744,1,5
31749,0,5
31755,1,6
31760,1,5
31765,1,5
31771,1,6
31776,1,5
31781,1,5
31786,0,5
31792,1,6
31797,1,5
31802,1,5
31808,1,6
31813,1,5
31818,1,5
31824,1,6
31829,1,5
31834,1,5
31840,1,6
31845,1,5
31850,1,5
31855,1,5
31861,1,6
31866,1,5
31871,1,5
31877,1,6
31882,1,5
31887,1,5
31892,1,5
31898,1,6
31903,1,5
31908,1,5
31914,2,6
31919,1,5
31924,1,5
31929,1,5
31935,2,6
31940,1,5
31945,1,5
31950,1,5
31956,1,6
31961,1,5
31966,1,5
31972,2,6
31977,1,5
31982,1,5
31987,1,5
31992,1,5
31998,1,6
32003,1,5
32008,1,5
32014,1,6
32019,1,5
32024,1,5
32030,2,6
32035,1,5
32040,1,5
32045,1,5
32051,2,6
32056,1,5
32061,1,5
32066,1,5
32072,1,6
32077,1,5
32082,1,5
32087,1,5
32093,1,6
32098,1,5
32103,1,5
32109,1,6
32114,1,5
32119,1,5
32125,2,6
32130,1,5
32135,1,5
32141,2,6
32146,1,5
32151,1,5
32156,1,5
32161,1,5
32167,1,6
32172,1,5
32177,1,5
32183,2,6
32188,1,5
32193,1,5
32198,1,5
32204,1,6
32209,1,5
32214,1,5
32220,1,6
32225,1,5
32230,1,5
32235,1,5
32241,1,6
32246,1,5
32252,1,6
32257,1,5
32262,1,5
32268,1,6
32273,1,5
32278,0,5
32284,1,6
32289,1,5
32295,1,6
32300,1,5
32305,1,5
32311,1,6
32316,1,5
32321,1,5
32326,0,5
32332,1,6
32337,1,5
32342,1,5
32348,1,6
32353,1,5
32358,1,5
32363,1,5
32369,1,6
32374,1,5
32379,1,5
32385,1,6
32390,1,5
32395,1,5
32400,1,5
32406,1,6
32411,1,5
32416,1,5
32422,2,6
32427,1,5
32432,1,5
32437,1,5
32443,1,6
32448,1,5
32453,1,5
32459,1,6
32464,1,5
32469,1,5
32475,2,6
32480,1,5
32486,2,6
32490,1,4
32496,1,6
32501,1,5
32506,1,5
32511,1,5
32516,1,5
32521,0,5
32527,1,6
32532,1,5
32537,1,5
32542,1,5
32547,1,5
32553,1,6
32558,1,5
32563,1,5
32568,1,5
32573,1,5
32578,1,5
32584,1,6
32589,1,5
32594,1,5
32599,1,5
32604,1,5
32610,2,6
32615,1,5
32620,1,5
32625,1,5
32630,1,5
32635,1,5
32641,2,6
32646,1,5
32651,1,5
32656,1,5
32662,2,6
32667,1,5
32672,1,5
32677,1,5
32683,1,6
32688,1,5
32694,2,6
32699,2,5
32704,1,5
32709,1,5
32715,2,6
32720,1,5
32725,1,5
32730,1,5
32736,1,6
32741,1,5
32746,1,5
32752,1,6
32757,1,5
32763,2,6
32768,1,5
32773,1,5
32779,1,6
32784,1,5
32790,1,6
32796,1,6
32802,2,6
32807,1,5
32813,1,6
32818,1,5
32824,1,6
32830,1,6
32836,1,6
32842,2,6
32847,1,5
32852,1,5
32858,1,6
32863,1,5
32869,2,6
32874,1,5
32879,1,5
32885,1,6
32890,1,5
32896,2,6
32901,1,5
32906,1,5
32912,1,6
32917,1,5
32922,1,5
32927,1,5
32933,1,6
32938,1,5
32943,1,5
32948,0,5
32954,1,6
32959,1,5
32964,1,5
32970,1,6
32975,1,5
32980,1,5
32986,2,6
32991,1,5
32996,1,5
33001,1,5
33007,1,6
33012,1,5
33017,1,5
33022,1,5
33028,1,6
33033,1,5
33038,1,5
33044,2,6
33049,1,5
33054,1,5
33060,2,6
33065,1,5
33070,1,5
33075,1,5
33081,1,6
33086,1,5
33091,1,5
33096,1,5
33102,1,6
33107,1,5
33113,2,6
33118,1,5
33123,1,5
33128,1,5
33134,2,6
33139,1,5
33144,1,5
33150,2,6
33155,1,5
33160,1,5
33165,1,5
33171,2,6
33176,1,5
33181,1,5
33186,1,5
33192,1,6
33197,1,5
33202,1,5
33208,2,6
33213,1,5
33218,1,5
33223,1,5
33228,1,5
33234,1,6
33239,1,5
33244,1,5
33250,2,6
33255,1,5
33260,1,5
33265,1,5
33271,2,6
33276,1,5
33281,1,5
33286,1,5
33292,2,6
33297,1,5
33302,1,5
33307,1,5
33313,1,6
33318,1,5
33323,1,5
33329,2,6
33334,1,5
33339,1,5
33344,1,5
33349,1,5
33355,1,6
33360,1,5
33365,1,5
33371,2,6
33376,1,5
33381,1,5
33386,1,5
33392,2,6
33397,1,5
33402,1,5
33407,1,5
33413,1,6
33418,1,5
33423,1,5
33428,1,5
33436,3,8
33439,1,3
33444,1,5
33450,2,6
33455,1,5
33460,1,5
33466,2,6
33471,1,5
33476,1,5
33481,1,5
33487,1,6
33492,1,5
33497,1,5
33503,2,6
33508,1,5
33513,1,5
33519,2,6
33524,1,5
33529,1,5
33534,1,5
33540,1,6
33545,1,5
33550,1,5
33556,2,6
33561,1,5
33566,1,5
33572,2,6
33577,1,5
33582,1,5
33587,1,5
33593,1,6
33598,1,5
33603,1,5
33609,1,6
33614,1,5
33619,1,5
33625,2,6
33630,1,5
33635,1,5
33640,1,5
33646,1,6
33651,1,5
33656,1,5
33662,2,6
33667,1,5
33672,1,5
33677,1,5
33683,1,6
33688,1,5
33693,1,5
33698,1,5
33704,1,6
33709,1,5
33715,2,6
33720,1,5
33725,1,5
33730,1,5
33736,2,6
33741,1,5
33746,1,5
33751,1,5
33757,1,6
33762,1,5
33767,1,5
33773,1,6
33778,1,5
33783,1,5
33789,1,6
33794,1,5
33799,1,5
33804,1,5
33810,1,6
33815,1,5
33820,1,5
33826,1,6
33831,1,5
33836,1,5
33842,2,6
33847,1,5
33852,1,5
33857,1,5
33863,1,6
33868,1,5
33873,1,5
33879,1,6
33884,1,5
33889,1,5
33895,2,6
33900,1,5
33905,1,5
33910,1,5
33916,1,6
33921,1,5
33926,1,5
33932,2,6
33937,1,5
33942,1,5
33947,1,5
33953,1,6
33958,1,5
33963,1,5
33969,1,6
33974,1,5
33979,1,5
33985,2,6
33990,1,5
33995,1,5
34000,1,5
34006,1,6
34011,1,5
34016,1,5
34022,2,6
34027,1,5
34032,1,5
34038,2,6
34043,1,5
34050,3,7
34054,2,4
34059,2,5
34064,1,5
34069,1,5
34075,2,6
34080,1,5
34085,1,5
34090,1,5
34095,1,5
34101,1,6
34106,1,5
34111,1,5
34117,1,6
34122,1,5
34127,1,5
34133,1,6
34138,1,5
34143,1,5
34148,1,5
34154,1,6
34159,1,5
34164,1,5
34170,1,6
34175,1,5
34180,1,5
34185,1,5
34191,1,6
34196,1,5
34201,1,5
34207,1,6
34212,1,5
34217,1,5
34223,2,6
34228,1,5
34233,1,5
34238,1,5
34244,1,6
34249,1,5
34254,1,5
34260,1,6
34265,1,5
34270,1,5
34276,2,6
34281,1,5
34286,1,5
34291,1,5
34297,1,6
34302,1,5
34307,1,5
34313,2,6
34318,1,5
34323,1,5
34328,1,5
34334,1,6
34339,1,5
34344,1,5
34350,2,6
34355,1,5
34360,1,5
34365,1,5
34371,1,6
34376,1,5
34381,1,5
34386,1,5
34392,1,6
34397,1,5
34402,1,5
34408,1,6
34413,1,5
34418,1,5
34424,2,6
34429,1,5
34434,1,5
34439,1,5
34445,1,6
34450,1,5
34455,1,5
34461,2,6
34466,1,5
34471,1,5
34477,2,6
34482,1,5
34487,1,5
34492,1,5
34498,2,6
34503,1,5
34508,1,5
34513,1,5
34519,1,6
34524,1,5
34529,1,5
34534,1,5
34540,1,6
34545,1,5
34550,1,5
34556,1,6
34561,1,5
34566,1,5
34571,1,5
34577,1,6
34582,1,5
34587,1,5
34593,1,6
34598,1,5
34603,1,5
34609,1,6
34614,1,5
34619,1,5
34625,2,6
34630,1,5
34635,1,5
34640,1,5
34646,1,6
34651,1,5
34656,1,5
34662,2,6
34667,1,5
34672,1,5
34677,1,5
34683,1,6
34688,1,5
34693,1,5
34698,1,5
34704,1,6
34709,1,5
34714,1,5
34720,1,6
34725,1,5
34730,1,5
34736,2,6
34741,1,5
34746,1,5
34751,1,5
34757,1,6
34762,1,5
34767,1,5
34773,1,6
34778,1,5
34783,1,5
34789,2,6
34794,1,5
34799,1,5
34804,1,5
34810,1,6
34815,1,5
34820,1,5
34826,2,6
34831,1,5
34836,1,5
34841,1,5
34847,1,6
34852,1,5
34857,1,5
34862,1,5
34868,1,6
34873,1,5
34878,1,5
34884,1,6
34889,1,5
34894,1,5
34900,1,6
34905,1,5
34910,1,5
34915,1,5
34921,1,6
34926,1,5
34931,1,5
34937,1,6
34942,1,5
34947,1,5
34953,2,6
34958,1,5
34963,1,5
34968,1,5
34974,1,6
34979,1,5
34984,1,5
34990,2,6
34995,1,5
35000,1,5
35005,1,5
35011,1,6
35016,1,5
35021,1,5
35027,1,6
35038,2,11
35043,1,5
35058,11,15
35058,6,0
35058,1,0
35064,1,6
35069,1,5
35074,1,5
35080,1,6
35085,1,5
35090,1,5
35096,2,6
35101,1,5
35106,1,5
35111,1,5
35117,1,6
35122,1,5
35128,2,6
35133,1,5
35138,1,5
35143,1,5
35149,2,6
35154,1,5
35159,1,5
35164,1,5
35170,2,6
35175,1,5
35180,1,5
35185,1,5
35191,1,6
35196,1,5
35201,1,5
35206,1,5
35212,1,6
35217,1,5
35222,1,5
35228,1,6
35233,1,5
35238,1,5
35243,1,5
35249,1,6
35254,1,5
35259,1,5
35265,1,6
35270,1,5
35275,1,5
35281,1,6
35287,1,6
35293,1,6
35299,1,6
35304,1,5
35309,1,5
35315,1,6
35320,1,5
35325,1,5
35330,1,5
35336,1,6
35341,1,5
35346,1,5
35352,1,6
35357,1,5
35362,1,5
35367,1,5
35373,1,6
35378,1,5
35383,1,5
35389,1,6
35394,1,5
35399,1,5
35405,2,6
35410,1,5
35415,1,5
35420,1,5
35426,1,6
35431,1,5
35436,1,5
35441,1,5
35447,1,6
35452,1,5
35457,1,5
35463,1,6
35469,1,6
35475,1,6
35480,0,5
35486,0,6
35492,1,6
35498,1,6
35504,1,6
35509,1,5
35514,1,5
35520,1,6
35525,1,5
35530,1,5
35535,1,5
35541,1,6
35546,1,5
35551,1,5
35557,1,6
35562,1,5
35567,1,5
35573,2,6
35578,1,5
35583,1,5
35588,1,5
35593,1,5
35599,1,6
35604,1,5
35610,2,6
35615,1,5
35620,1,5
35625,1,5
35631,2,6
35636,1,5
35641,1,5
35646,1,5
35652,1,6
35657,1,5
35663,1,6
35668,1,5
35674,1,6
35679,1,5
35684,1,5
35690,2,6
35695,1,5
35701,2,6
35706,2,5
35711,1,5
35716,1,5
35721,1,5
35727,2,6
35732,1,5
35737,1,5
35742,1,5
35748,1,6
35753,1,5
35758,1,5
35764,2,6
35769,1,5
35775,2,6
35780,1,5
35785,1,5
35791,1,6
35796,1,5
35801,1,5
35807,2,6
35812,1,5
35817,1,5
35822,1,5
35828,1,6
35833,1,5
35838,1,5
35844,2,6
35849,1,5
35854,1,5
35859,1,5
35865,1,6
35870,1,5
35875,1,5
35880,1,5
35886,1,6
35891,1,5
35896,1,5
35902,1,6
35907,1,5
35912,1,5
35918,1,6
35923,1,5
35928,1,5
35933,1,5
35939,1,6
35944,1,5
35949,1,5
35955,2,6
35960,1,5
35965,1,5
35971,2,6
35976,1,5
35981,1,5
35986,1,5
35992,2,6
35997,1,5
36002,1,5
36007,1,5
36013,1,6
36018,1,5
36023,1,5
36029,2,6
36034,1,5
36039,1,5
36045,2,6
36050,1,5
36055,1,5
36060,1,5
36066,2,6
36071,1,5
36076,1,5
36081,1,5
36087,1,6
36092,1,5
36097,1,5
36103,2,6
36108,1,5
36113,1,5
36118,1,5
36124,1,6
36129,1,5
36134,1,5
36140,2,6
36145,1,5
36150,1,5
36155,1,5
36161,1,6
36166,1,5
36171,1,5
36177,1,6
36182,1,5
36187,1,5
36193,2,6
36198,1,5
36203,1,5
36208,1,5
36214,1,6
36219,1,5
36224,1,5
36230,2,6
36235,1,5
36240,1,5
36245,1,5
36251,1,6
36256,1,5
36261,1,5
36266,1,5
36272,1,6
36277,1,5
36282,1,5
36288,1,6
36293,1,5
36298,1,5
36303,1,5
36309,1,6
36314,1,5
36320,2,6
36325,1,5
36330,1,5
36335,1,5
36341,1,6
36346,1,5
36351,1,5
36356,1,5
36362,1,6
36367,1,5
36372,1,5
36378,1,6
36383,1,5
36388,1,5
36394,2,6
36399,1,5
36404,1,5
36409,1,5
36414,0,5
36420,1,6
36425,1,5
36430,1,5
36436,1,6
36441,1,5
36447,2,6
36452,1,5
36457,1,5
36462,1,5
36468,2,6
36473,1,5
36478,1,5
36483,1,5
36489,1,6
36494,1,5
36499,1,5
36505,1,6
36510,1,5
36515,1,5
36521,2,6
36526,1,5
36531,1,5
36536,1,5
36542,2,6
36547,1,5
36552,1,5
36557,1,5
36563,2,6
36568,1,5
36573,1,5
36579,2,6
36584,1,5
36589,1,5
36594,1,5
36600,2,6
36605,1,5
36610,1,5
36616,2,6
36621,1,5
36626,1,5
36631,1,5
36637,1,6
36642,1,5
36647,1,5
36653,2,6
36658,1,5
36663,1,5
36668,1,5
36674,1,6
36679,1,5
36684,1,5
36690,2,6
36695,1,5
36700,1,5
36705,1,5
36711,2,6
36716,1,5
36721,1,5
36727,2,6
36732,1,5
36737,1,5
36743,2,6
36748,1,5
36753,1,5
36758,1,5
36764,2,6
36769,1,5
36774,1,5
36779,1,5
36785,1,6
36790,1,5
36795,1,5
36801,1,6
36806,1,5
36811,1,5
36817,2,6
36822,1,5
36827,1,5
36832,1,5
36838,2,6
36843,1,5
36848,1,5
36853,1,5
36859,1,6
36864,1,5
36869,1,5
36875,1,6
36880,1,5
36885,1,5
36891,2,6
36896,1,5
36901,1,5
36906,1,5
36912,1,6
36917,1,5
36922,1,5
36929,2,7
36933,1,4
36938,1,5
36944,2,6
36949,1,5
36954,1,5
36959,1,5
36965,1,6
36971,1,6
36977,2,6
36982,1,5
36988,2,6
36993,1,5
36998,1,5
37004,1,6
37009,1,5
37015,2,6
37020,1,5
37025,1,5
37030,1,5
37036,1,6
37041,1,5
37050,5,9
37053,3,3
37057,1,4
37062,1,5
37068,2,6
37073,1,5
37078,1,5
37083,1,5
37089,1,6
37094,1,5
37099,1,5
37105,1,6
37110,1,5
37115,1,5
37121,2,6
37126,1,5
37131,1,5
37136,1,5
37143,2,7
37147,1,4
37152,1,5
37158,2,6
37163,1,5
37168,1,5
37173,1,5
37179,1,6
37184,1,5
37189,1,5
37195,2,6
37200,1,5
37205,1,5
37210,1,5
37216,1,6
37221,1,5
37226,1,5
37231,1,5
37237,1,6
37242,1,5
37247,1,5
37253,1,6
37258,1,5
37263,1,5
37268,1,5
37274,1,6
37279,1,5
37284,1,5
37290,1,6
37295,1,5
37300,1,5
37306,2,6
37311,1,5
37316,1,5
37321,1,5
37327,1,6
37332,1,5
37337,1,5
37342,1,5
37348,1,6
37353,1,5
37358,1,5
37364,1,6
37369,1,5
37374,1,5
37380,2,6
37385,1,5
37390,1,5
37395,1,5
37401,1,6
37406,1,5
37411,1,5
37417,2,6
37422,1,5
37427,1,5
37432,1,5
37438,1,6
37443,1,5
37448,1,5
37453,1,5
37459,1,6
37464,1,5
37469,1,5
37475,2,6
37480,1,5
37485,1,5
37490,1,5
37496,2,6
37501,1,5
37506,1,5
37511,1,5
37517,1,6
37522,1,5
37527,1,5
37532,0,5
37538,1,6
37543,1,5
37549,2,6
37554,1,5
37559,1,5
37564,1,5
37569,1,5
37575,1,6
37580,1,5
37585,1,5
37590,1,5
37596,1,6
37601,1,5
37606,1,5
37612,1,6
37617,1,5
37622,1,5
37628,1,6
37633,1,5
37638,1,5
37643,1,5
37649,1,6
37654,1,5
37660,1,6
37668,4,8
37671,2,3
37676,1,5
37681,1,5
37687,1,6
37692,1,5
37697,1,5
37703,1,6
37708,1,5
37714,2,6
37719,1,5
37724,1,5
37729,1,5
37735,2,6
37741,1,6
37747,2,6
37752,1,5
37757,1,5
37763,2,6
37768,1,5
37773,1,5
37779,2,6
37784,1,5
37789,1,5
37795,2,6
37800,1,5
37805,1,5
37811,2,6
37816,1,5
37821,1,5
37826,1,5
37832,2,6
37837,1,5
37842,1,5
37848,2,6
37853,1,5
37858,1,5
37863,1,5
37868,1,5
37874,1,6
37880,1,6
37885,1,5
37890,1,5
37895,1,5
37901,1,6
37906,1,5
37911,1,5
37916,1,5
37922,1,6
37927,1,5
37932,1,5
37938,2,6
37943,1,5
37948,1,5
37953,1,5
37959,1,6
37964,1,5
37969,1,5
37975,2,6
37980,1,5
37985,1,5
37990,1,5
37996,2,6
38001,1,5
38007,2,6
38013,2,6
38017,1,4
38022,1,5
38028,1,6
38033,1,5
38038,1,5
38044,2,6
38049,1,5
38054,1,5
38060,2,6
38065,1,5
38070,1,5
38075,1,5
38081,2,6
38086,1,5
38092,2,6
38097,2,5
38102,1,5
38107,1,5
38112,1,5
38118,2,6
38125,3,7
38128,1,3
38134,2,6
38139,1,5
38144,1,5
38149,1,5
38155,1,6
38160,1,5
38165,1,5
38171,2,6
38176,1,5
38181,1,5
38186,1,5
38192,1,6
38197,1,5
38202,1,5
38208,2,6
38213,1,5
38218,1,5
38224,2,6
38229,1,5
38234,1,5
38240,2,6
38245,2,5
38250,1,5
38255,1,5
38261,2,6
38269,1,8
38275,2,6
38280,1,5
38285,1,5
38290,1,5
38296,2,6
38301,1,5
38306,1,5
38311,1,5
38317,1,6
38322,1,5
38327,1,5
38333,2,6
38338,1,5
38343,1,5
38348,1,5
38353,1,5
38359,1,6
38364,1,5
38369,1,5
38375,2,6
38380,1,5
38385,1,5
38390,1,5
38396,1,6
38401,1,5
38406,1,5
38411,1,5
38417,1,6
38422,1,5
38427,1,5
38433,2,6
38438,1,5
38443,1,5
38448,1,5
38455,3,7
38459,1,4
38464,1,5
38469,1,5
38474,1,5
38480,2,6
38485,1,5
38490,1,5
38495,1,5
38501,1,6
38506,1,5
38511,1,5
38516,1,5
38522,1,6
38527,1,5
38532,1,5
38538,1,6
38543,1,5
38548,1,5
38553,1,5
38559,1,6
38564,1,5
38569,1,5
38574,1,5
38579,1,5
38585,1,6
38590,1,5
38595,1,5
38601,1,6
38606,1,5
38611,1,5
38616,1,5
38622,1,6
38627,1,5
38632,1,5
38637,1,5
38643,1,6
38648,1,5
38653,1,5
38658,0,5
38664,1,6
38669,1,5
38674,1,5
38680,1,6
38685,1,5
38690,1,5
38695,1,5
38701,1,6
38706,1,5
38711,1,5
38716,1,5
38721,1,5
38727,1,6
38732,1,5
38737,1,5
38742,1,5
38748,2,6
38753,1,5
38758,1,5
38763,1,5
38768,1,5
38774,1,6
38779,1,5
38784,1,5
38789,1,5
38795,1,6
38800,1,5
38805,1,5
38810,1,5
38816,1,6
38821,1,5
38826,1,5
38831,1,5
38836,0,5
38842,1,6
38847,1,5
38852,1,5
38858,1,6
38863,1,5
38868,1,5
38873,1,5
38879,1,6
38884,1,5
38889,1,5
38894,0,5
38900,1,6
38905,1,5
38910,1,5
38916,1,6
38921,1,5
38926,1,5
38932,2,6
38937,1,5
38942,1,5
38947,1,5
38953,1,6
38958,1,5
38963,1,5
38969,2,6
38974,1,5
38979,1,5
38985,2,6
38990,1,5
38995,1,5
39000,1,5
39006,2,6
39011,1,5
39016,1,5
39021,1,5
39027,1,6
39032,1,5
39037,1,5
39042,1,5
39049,2,7
39053,1,4
39058,1,5
39063,1,5
39069,1,6
39074,1,5
39079,1,5
39085,2,6
39090,1,5
39095,1,5
39100,1,5
39106,1,6
39111,1,5
39116,1,5
39121,1,5
39127,1,6
39132,1,5
39137,1,5
39143,2,6
39148,1,5
39153,1,5
39158,1,5
39164,1,6
39169,1,5
39174,1,5
39180,1,6
39185,1,5
39190,1,5
39195,1,5
39201,1,6
39206,1,5
39211,1,5
39216,1,5
39222,1,6
39227,1,5
39232,1,5
39238,1,6
39243,1,5
39248,1,5
39253,1,5
39259,1,6
39264,1,5
39269,1,5
39275,2,6
39280,1,5
39285,1,5
39290,1,5
39296,1,6
39301,1,5
39306,1,5
39311,1,5
39317,1,6
39322,1,5
39327,1,5
39333,1,6
39338,1,5
39343,1,5
39349,2,6
39354,1,5
39359,1,5
39364,1,5
39370,1,6
39375,1,5
39380,1,5
39386,2,6
39391,1,5
39396,1,5
39402,2,6
39407,1,5
39412,1,5
39417,1,5
39423,2,6
39430,3,7
39433,1,3
39438,1,5
39444,1,6
39449,1,5
39455,1,6
39460,1,5
39466,1,6
39471,1,5
39477,1,6
39482,1,5
39488,1,6
39493,1,5
39499,1,6
39504,1,5
39510,1,6
39515,1,5
39521,1,6
39526,1,5
39532,2,6
39537,1,5
39543,2,6
39548,1,5
39554,2,6
39559,1,5
39564,1,5
39570,1,6
39575,1,5
39581,1,6
39586,1,5
39592,1,6
39597,1,5
39602,1,5
39608,1,6
39613,1,5
39618,1,5
39624,1,6
39629,1,5
39634,1,5
39640,2,6
39645,1,5
39650,1,5
39655,1,5
39661,1,6
39666,1,5
39671,1,5
39676,1,5
39682,1,6
39687,1,5
39692,1,5
39697,1,5
39703,1,6
39708,1,5
39713,1,5
39718,1,5
39724,1,6
39729,1,5
39734,1,5
39740,1,6
39745,1,5
39750,1,5
39755,1,5
39761,1,6
39766,1,5
39771,1,5
39777,2,6
39782,1,5
39787,1,5
39792,1,5
39797,1,5
39803,1,6
39808,1,5
39813,1,5
39819,2,6
39824,1,5
39829,1,5
39834,1,5
39840,1,6
39845,1,5
39850,1,5
39855,1,5
39861,1,6
39866,1,5
39871,1,5
39876,1,5
39882,1,6
39887,1,5
39892,1,5
39897,1,5
39903,1,6
39908,1,5
39913,1,5
39918,1,5
39924,1,6
39929,1,5
39934,1,5
39939,1,5
39945,1,6
39950,1,5
39955,1,5
39961,1,6
39966,1,5
39971,1,5
39976,1,5
39981,0,5
39987,1,6
39992,1,5
39997,1,5
40003,1,6
40008,1,5
40013,1,5
40018,1,5
40024,1,6
40029,1,5
40034,1,5
40039,1,5
40045,1,6
40050,1,5
40055,1,5
40061,2,6
40066,1,5
40071,1,5
40076,1,5
40082,2,6
40087,1,5
40092,1,5
40097,1,5
40103,2,6
40108,1,5
40113,1,5
40118,1,5
40124,1,6
40129,1,5
40134,1,5
40139,1,5
40145,1,6
40150,1,5
40155,1,5
40161,2,6
40166,1,5
40171,1,5
40176,1,5
40182,2,6
40187,1,5
40192,1,5
40197,1,5
40202,1,5
40208,1,6
40213,1,5
40218,1,5
40224,1,6
40229,1,5
40234,1,5
40240,2,6
40245,1,5
40250,1,5
40255,1,5
40261,1,6
40266,1,5
40271,1,5
40276,1,5
40282,1,6
40287,1,5
40292,1,5
40298,2,6
40303,1,5
40308,1,5
40314,2,6
40319,1,5
40324,1,5
40329,1,5
40335,2,6
40340,1,5
40345,1,5
40350,1,5
40356,1,6
40361,1,5
40366,1,5
40372,2,6
40377,1,5
40382,1,5
40388,2,6
40393,1,5
40398,1,5
40403,1,5
40409,1,6
40414,1,5
40419,1,5
40425,2,6
40430,1,5
40435,1,5
40441,2,6
40446,1,5
40451,1,5
40456,1,5
40462,2,6
40467,1,5
40472,1,5
40477,1,5
40483,1,6
40488,1,5
40493,1,5
40499,2,6
40504,1,5
40509,1,5
40515,2,6
40520,1,5
40525,1,5
40530,1,5
40536,2,6
40541,1,5
40546,1,5
40551,1,5
40557,1,6
40562,1,5
40567,1,5
40572,0,5
40578,1,6
40583,1,5
40589,2,6
40594,1,5
40599,1,5
40605,2,6
40610,1,5
40615,1,5
40620,1,5
40625,1,5
40631,1,6
40636,1,5
40642,2,6
40647,1,5
40652,1,5
40658,2,6
40663,1,5
40668,1,5
40673,1,5
40678,1,5
40684,1,6
40689,1,5
40694,1,5
40700,1,6
40705,1,5
40710,1,5
40716,2,6
40721,1,5
40726,1,5
40731,1,5
40737,1,6
40742,1,5
40747,1,5
40753,1,6
40758,1,5
40763,1,5
40769,2,6
40774,1,5
40779,1,5
40784,1,5
40790,1,6
40795,1,5
40800,1,5
40806,2,6
40811,1,5
40816,1,5
40821,1,5
40827,1,6
40832,1,5
40837,1,5
40843,2,6
40848,1,5
40853,1,5
40858,1,5
40864,1,6
40869,1,5
40874,1,5
40879,1,5
40885,1,6
40890,1,5
40895,1,5
40901,1,6
40906,1,5
40912,1,6
40918,1,6
40924,1,6
40930,1,6
40936,1,6
40942,1,6
40948,1,6
40954,1,6
40960,1,6
40966,1,6
40972,1,6
40978,1,6
40984,1,6
40990,1,6
40996,1,6
41002,1,6
41008,1,6
41014,1,6
41020,1,6
41026,1,6
41032,1,6
41038,1,6
41044,1,6
41053,4,9
41055,1,2
41061,1,6
41066,1,5
41071,1,5
41077,2,6
41082,1,5
41087,1,5
41092,1,5
41098,1,6
41103,1,5
41108,1,5
41114,1,6
41119,1,5
41124,1,5
41130,2,6
41135,1,5
41140,1,5
41145,1,5
41151,1,6
41156,1,5
41161,1,5
41167,2,6
41172,1,5
41178,1,6
41184,1,6
41190,1,6
41196,1,6
41202,1,6
41208,1,6
41214,1,6
41220,2,6
41225,1,5
41230,1,5
41235,1,5
41241,1,6
41246,1,5
41251,1,5
41257,1,6
41262,1,5
41267,1,5
41272,1,5
41278,1,6
41283,1,5
41289,2,6
41294,1,5
41299,1,5
41304,1,5
41310,1,6
41315,1,5
41320,1,5
41325,1,5
41331,1,6
41336,1,5
41341,1,5
41347,1,6
41352,1,5
41357,1,5
41362,1,5
41368,1,6
41373,1,5
41378,1,5
41384,2,6
41389,1,5
41394,1,5
41399,1,5
41405,1,6
41410,1,5
41415,1,5
41421,1,6
41426,1,5
41431,1,5
41437,2,6
41442,1,5
41447,1,5
41452,1,5
41458,1,6
41463,1,5
41468,1,5
41474,2,6
41479,1,5
41484,1,5
41489,1,5
41495,1,6
41500,1,5
41505,1,5
41511,2,6
41516,1,5
41521,1,5
41526,1,5
41532,1,6
41537,1,5
41542,1,5
41547,1,5
41553,1,6
41558,1,5
41563,1,5
41569,1,6
41574,1,5
41579,1,5
41585,2,6
41590,1,5
41595,1,5
41600,1,5
41606,1,6
41611,1,5
41616,1,5
41622,1,6
41627,1,5
41632,1,5
41638,2,6
41643,1,5
41648,1,5
41653,1,5
41659,1,6
41664,1,5
41669,1,5
41674,1,5
41680,1,6
41685,1,5
41690,1,5
41696,1,6
41701,1,5
41706,1,5
41711,1,5
41717,1,6
41722,1,5
41727,1,5
41733,1,6
41738,1,5
41743,1,5
41749,1,6
41754,1,5
41759,1,5
41765,2,6
41770,1,5
41775,1,5
41780,1,5
41786,1,6
41791,1,5
41796,1,5
41801,1,5
41807,1,6
41812,1,5
41817,1,5
41823,1,6
41828,1,5
41833,1,5
41839,2,6
41844,1,5
41849,1,5
41854,1,5
41860,1,6
41865,1,5
41870,1,5
41876,1,6
41881,1,5
41886,1,5
41892,2,6
41897,1,5
41902,1,5
41907,1,5
41913,1,6
41918,1,5
41923,1,5
41932,1,9
41937,1,5
41942,1,5
41948,1,6
41953,1,5
41958,1,5
41963,1,5
41969,1,6
41974,1,5
41980,2,6
41985,1,5
41990,1,5
41995,1,5
42001,1,6
42006,1,5
42011,1,5
42017,2,6
42022,1,5
42027,1,5
42032,1,5
42038,2,6
42043,1,5
42048,1,5
42053,1,5
42059,1,6
42064,1,5
42069,1,5
42075,1,6
42080,1,5
42085,1,5
42090,1,5
42096,1,6
42101,1,5
42106,1,5
42112,1,6
42117,1,5
42122,1,5
42128,2,6
42133,1,5
42138,1,5
42144,2,6
42149,1,5
42154,1,5
42160,2,6
42165,1,5
42170,1,5
42175,1,5
42181,1,6
42186,1,5
42191,1,5
42197,2,6
42202,1,5
42207,1,5
42213,2,6
42218,1,5
42223,1,5
42228,1,5
42234,2,6
42239,1,5
42244,1,5
42250,2,6
42255,1,5
42260,1,5
42265,1,5
42271,1,6
42276,1,5
42281,1,5
42287,1,6
42292,1,5
42297,1,5
42302,1,5
42308,1,6
42313,1,5
42318,1,5
42324,1,6
42329,1,5
42334,1,5
42339,1,5
42345,1,6
42350,1,5
42355,1,5
42361,1,6
42366,1,5
42371,1,5
42377,2,6
42382,1,5
42387,1,5
42392,1,5
42398,1,6
42403,1,5
42408,1,5
42414,1,6
42419,1,5
42424,1,5
42429,1,5
42435,1,6
42440,1,5
42445,1,5
42450,0,5
42456,1,6
42461,1,5
42466,1,5
42472,1,6
42477,1,5
42482,1,5
42487,1,5
42493,1,6
42498,1,5
42503,1,5
42509,1,6
42514,1,5
42519,1,5
42524,0,5
42530,1,6
42535,1,5
42540,1,5
42546,1,6
42551,1,5
42556,1,5
42562,1,6
42567,1,5
42572,1,5
42577,1,5
42583,1,6
42588,1,5
42593,1,5
42599,1,6
42604,1,5
42609,1,5
42615,1,6
42620,1,5
42625,1,5
42631,2,6
42636,1,5
42641,1,5
42646,1,5
42652,1,6
42657,1,5
42662,1,5
42668,1,6
42681,9,13
42683,6,2
42683,1,0
42689,2,6
42694,1,5
42699,1,5
42704,1,5
42709,1,5
42715,1,6
42720,1,5
42725,1,5
42730,1,5
42735,1,5
42741,1,6
42746,1,5
42751,1,5
42756,1,5
42762,1,6
42767,1,5
42772,1,5
42777,1,5
42782,1,5
42788,1,6
42793,1,5
42798,1,5
42803,1,5
42809,1,6
42814,1,5
42819,1,5
42824,1,5
42829,0,5
42835,1,6
42840,1,5
42845,1,5
42853,4,8
42856,1,3
42861,1,5
42867,2,6
42872,1,5
42877,1,5
42882,1,5
42888,2,6
42893,1,5
42898,1,5
42903,1,5
42909,1,6
42914,1,5
42919,1,5
42924,1,5
42930,1,6
42935,1,5
42941,2,6
42946,1,5
42951,1,5
42956,1,5
42962,1,6
42967,1,5
42972,1,5
42978,2,6
42983,1,5
42991,4,8
42997,2,6
43002,1,5
43007,1,5
43012,1,5
43018,2,6
43023,1,5
43028,1,5
43034,2,6
43039,1,5
43044,1,5
43049,1,5
43055,1,6
43060,1,5
43065,1,5
43071,2,6
43076,1,5
43081,1,5
43087,2,6
43092,1,5
43097,1,5
43102,1,5
43108,1,6
43113,1,5
43118,1,5
43124,2,6
43129,1,5
43134,1,5
43139,1,5
43145,1,6
43150,1,5
43155,1,5
43161,2,6
43166,1,5
43171,1,5
43177,2,6
43182,1,5
43187,1,5
43192,1,5
43198,2,6
43203,1,5
43208,1,5
43213,1,5
43219,1,6
43224,1,5
43230,2,6
43235,2,5
43240,1,5
43245,1,5
43250,1,5
43256,1,6
43261,1,5
43266,1,5
43272,2,6
43277,1,5
43282,1,5
43287,1,5
43293,1,6
43298,1,5
43303,1,5
43309,2,6
43314,1,5
43319,1,5
43325,2,6
43330,1,5
43335,1,5
43340,1,5
43346,1,6
43351,1,5
43356,1,5
43362,2,6
43367,1,5
43372,1,5
43377,1,5
43382,1,5
43388,1,6
43393,1,5
43399,2,6
43404,1,5
43409,1,5
43414,1,5
43420,1,6
43425,1,5
43430,1,5
43436,2,6
43441,1,5
43446,1,5
43452,2,6
43457,1,5
43462,1,5
43467,1,5
43473,2,6
43478,1,5
43484,1,6
43490,1,6
43495,1,5
43500,1,5
43506,1,6
43511,1,5
43517,2,6
43522,1,5
43527,1,5
43533,1,6
43538,1,5
43543,1,5
43549,1,6
43554,1,5
43560,1,6
43565,1,5
43570,1,5
43576,1,6
43581,1,5
43586,1,5
43592,2,6
43597,1,5
43602,1,5
43607,1,5
43613,1,6
43618,1,5
43623,1,5
43628,1,5
43634,1,6
43639,1,5
43644,1,5
43650,2,6
43655,1,5
43660,1,5
43665,1,5
43671,1,6
43676,1,5
43681,1,5
43687,2,6
43692,1,5
43697,1,5
43702,1,5
43708,1,6
43713,1,5
43718,1,5
43724,2,6
43729,1,5
43734,1,5
43740,2,6
43745,1,5
43750,1,5
43755,1,5
43761,2,6
43766,1,5
43771,1,5
43777,2,6
43782,1,5
43787,1,5
43792,1,5
43798,1,6
43803,1,5
43808,1,5
43813,1,5
43819,1,6
43824,1,5
43829,1,5
43835,2,6
43840,1,5
43845,1,5
43851,2,6
43856,1,5
43861,1,5
43867,2,6
43872,1,5
43877,1,5
43883,1,6
43888,1,5
43893,1,5
43899,1,6
43904,1,5
43910,1,6
43915,1,5
43920,1,5
43926,1,6
43931,1,5
43936,1,5
43942,1,6
43947,1,5
43952,1,5
43958,1,6
43963,1,5
43968,1,5
43974,2,6
43979,1,5
43984,1,5
43989,1,5
43995,1,6
44000,1,5
44005,1,5
44011,2,6
44016,1,5
44021,1,5
44027,2,6
44032,1,5
44037,1,5
44042,1,5
44050,3,8
44053,1,3
44058,1,5
44064,1,6
44069,1,5
44074,1,5
44080,1,6
44085,1,5
44090,1,5
44096,1,6
44101,1,5
44107,2,6
44112,1,5
44117,1,5
44123,1,6
44128,1,5
44134,2,6
44139,1,5
44144,1,5
44150,1,6
44155,1,5
44161,1,6
44166,1,5
44172,2,6
44177,1,5
44183,2,6
44188,1,5
44193,1,5
44199,1,6
44205,2,6
44211,2,6
44216,1,5
44221,1,5
44227,2,6
44232,1,5
44237,1,5
44242,1,5
44248,1,6
44253,1,5
44259,1,6
44264,1,5
44270,2,6
44275,1,5
44280,1,5
44286,1,6
44291,1,5
44297,1,6
44302,1,5
44307,1,5
44313,2,6
44318,1,5
44323,1,5
44328,1,5
44333,1,5
44339,1,6
44344,1,5
44349,1,5
44355,1,6
44360,1,5
44365,1,5
44370,1,5
44376,1,6
44381,1,5
44386,1,5
44392,2,6
44397,1,5
44402,1,5
44407,1,5
44413,1,6
44418,1,5
44423,1,5
44433,6,10
44434,1,1
44439,1,5
44445,2,6
44450,1,5
44455,1,5
44460,1,5
44466,1,6
44471,1,5
44477,2,6
44482,1,5
44487,1,5
44492,1,5
44498,1,6
44503,1,5
44508,1,5
44513,1,5
44519,1,6
44524,1,5
44529,1,5
44535,1,6
44540,1,5
44545,1,5
44550,1,5
44556,1,6
44561,1,5
44566,1,5
44572,1,6
44577,1,5
44583,2,6
44588,1,5
44593,1,5
44598,1,5
44603,1,5
44609,1,6
44614,1,5
44619,1,5
44625,1,6
44630,1,5
44635,1,5
44641,1,6
44646,1,5
44651,1,5
44656,1,5
44662,1,6
44667,1,5
44672,1,5
44678,1,6
44683,1,5
44688,1,5
44693,1,5
44699,1,6
44704,1,5
44709,1,5
44715,1,6
44720,1,5
44725,1,5
44731,2,6
44736,1,5
44741,1,5
44746,1,5
44752,1,6
44757,1,5
44762,1,5
44768,1,6
44773,1,5
44778,1,5
44783,1,5
44789,1,6
44794,1,5
44799,1,5
44805,1,6
44810,1,5
44815,1,5
44820,0,5
44826,1,6
44831,1,5
44837,1,6
44842,1,5
44847,1,5
44853,1,6
44858,1,5
44863,1,5
44869,2,6
44874,1,5
44879,1,5
44884,1,5
44890,1,6
44895,1,5
44900,1,5
44905,1,5
44911,1,6
44916,1,5
44921,1,5
44927,1,6
44932,1,5
44937,1,5
44942,0,5
44948,1,6
44953,1,5
44959,2,6
44964,1,5
44969,1,5
44975,2,6
44980,1,5
44985,1,5
44991,2,6
44996,1,5
45001,1,5
45007,2,6
45012,1,5
45017,1,5
45022,1,5
45028,1,6
45033,1,5
45038,1,5
45044,2,6
45049,1,5
45054,1,5
45060,1,6
45065,1,5
45070,1,5
45076,2,6
45081,1,5
45086,1,5
45091,1,5
45097,1,6
45102,1,5
45107,1,5
45112,1,5
45118,1,6
45123,1,5
45128,1,5
45134,1,6
45139,1,5
45144,1,5
45149,1,5
45155,1,6
45160,1,5
45165,1,5
45170,1,5
45176,1,6
45181,1,5
45186,1,5
45192,1,6
45197,1,5
45202,1,5
45208,2,6
45213,1,5
45218,1,5
45224,2,6
45229,1,5
45234,1,5
45239,1,5
45245,2,6
45250,1,5
45255,1,5
45261,2,6
45266,1,5
45271,1,5
45276,1,5
45282,1,6
45287,1,5
45292,1,5
45297,1,5
45303,1,6
45308,1,5
45313,1,5
45319,2,6
45324,1,5
45329,1,5
45334,1,5
45340,1,6
45345,1,5
45350,1,5
45356,2,6
45361,1,5
45366,1,5
45371,1,5
45377,1,6
45382,1,5
45387,1,5
45393,2,6
45398,1,5
45403,1,5
45408,1,5
45414,2,6
45419,1,5
45424,1,5
45429,1,5
45435,2,6
45440,1,5
45445,1,5
45450,1,5
45456,1,6
45461,1,5
45466,1,5
45472,1,6
45477,1,5
45482,1,5
45487,1,5
45493,1,6
45498,1,5
45503,1,5
45509,1,6
45514,1,5
45519,1,5
45525,2,6
45530,1,5
45535,1,5
45540,1,5
45546,1,6
45551,1,5
45556,1,5
45561,1,5
45567,1,6
45572,1,5
45577,1,5
45582,1,5
45588,1,6
45593,1,5
45598,1,5
45604,1,6
45609,1,5
45614,1,5
45620,2,6
45625,1,5
45630,1,5
45635,1,5
45641,1,6
45646,1,5
45651,1,5
45657,1,6
45662,1,5
45667,1,5
45673,1,6
45678,1,5
45683,1,5
45688,1,5
45694,1,6
45699,1,5
45704,1,5
45710,2,6
45715,1,5
45720,1,5
45725,1,5
45731,1,6
45736,1,5
45741,1,5
45747,2,6
45752,1,5
45757,1,5
45762,1,5
45768,1,6
45773,1,5
45778,1,5
45784,1,6
45789,1,5
45794,1,5
45800,1,6
45805,1,5
45810,1,5
45816,1,6
45821,1,5
45826,1,5
45831,1,5
45837,1,6
45842,1,5
45847,1,5
45853,2,6
45858,1,5
45863,1,5
45868,1,5
45874,2,6
45879,1,5
45884,1,5
45889,1,5
45895,1,6
45900,1,5
45905,1,5
45910,1,5
45916,1,6
45921,1,5
45926,1,5
45932,1,6
45937,1,5
45942,1,5
45948,2,6
45953,1,5
45958,1,5
45963,1,5
45969,1,6
45974,1,5
45979,1,5
45984,1,5
45990,1,6
45995,1,5
46000,1,5
46006,1,6
46011,1,5
46016,1,5
46022,2,6
46027,1,5
46032,1,5
46037,1,5
46043,1,6
46052,5,9
46053,1,1
46059,1,6
46064,1,5
46069,1,5
46075,2,6
46080,1,5
46085,1,5
46091,2,6
46096,1,5
46102,2,6
46107,2,5
46112,1,5
46117,1,5
46122,1,5
46128,2,6
46133,1,5
46139,2,6
46144,1,5
46150,1,6
46155,1,5
46160,1,5
46165,1,5
46171,1,6
46176,1,5
46181,1,5
46188,3,7
46192,1,4
46197,1,5
46202,1,5
46208,1,6
46213,1,5
46218,1,5
46224,1,6
46229,1,5
46234,1,5
46239,1,5
46245,1,6
46250,1,5
46255,1,5
46261,1,6
46266,1,5
46271,1,5
46277,2,6
46282,1,5
46287,1,5
46292,1,5
46298,1,6
46303,1,5
46309,2,6
46314,1,5
46319,1,5
46324,1,5
46330,2,6
46335,1,5
46340,1,5
46346,2,6
46351,1,5
46356,1,5
46362,2,6
46367,2,5
46372,1,5
46377,1,5
46382,1,5
46388,1,6
46393,1,5
46398,1,5
46404,1,6
46409,1,5
46414,1,5
46420,2,6
46425,1,5
46430,1,5
46436,2,6
46441,1,5
46446,1,5
46451,1,5
46457,2,6
46462,1,5
46467,1,5
46472,1,5
46478,2,6
46483,1,5
46488,1,5
46493,1,5
46499,2,6
46504,1,5
46509,1,5
46514,1,5
46520,1,6
46525,1,5
46530,1,5
46536,2,6
46541,1,5
46546,1,5
46552,2,6
46557,1,5
46562,1,5
46567,1,5
46573,1,6
46578,1,5
46583,1,5
46588,1,5
46594,1,6
46599,1,5
46605,2,6
46610,1,5
46615,1,5
46620,1,5
46626,1,6
46631,1,5
46636,1,5
46642,2,6
46647,1,5
46652,1,5
46658,2,6
46662,0,4
46668,1,6
46673,1,5
46679,2,6
46684,1,5
46689,1,5
46694,1,5
46700,1,6
46705,1,5
46710,1,5
46715,1,5
46721,1,6
46726,1,5
46732,2,6
46737,1,5
46742,1,5
46748,2,6
46753,1,5
46758,1,5
46763,1,5
46769,2,6
46774,1,5
46779,1,5
46784,1,5
46790,1,6
46795,1,5
46800,1,5
46806,2,6
46811,1,5
46816,1,5
46821,1,5
46827,1,6
46832,1,5
46837,1,5
46842,1,5
46848,1,6
46853,1,5
46858,1,5
46863,1,5
46869,1,6
46874,1,5
46879,1,5
46885,1,6
46890,1,5
46895,1,5
46901,1,6
46906,1,5
46911,1,5
46917,2,6
46922,1,5
46927,1,5
46933,2,6
46938,1,5
46943,1,5
46948,1,5
46953,1,5
46959,1,6
46964,1,5
46969,1,5
46975,1,6
46980,1,5
46985,1,5
46990,1,5
46996,1,6
47001,1,5
47006,1,5
47011,1,5
47017,1,6
47022,1,5
47027,1,5
47033,1,6
47038,1,5
47043,1,5
47049,2,6
47054,1,5
47059,1,5
47064,1,5
47070,1,6
47075,1,5
47080,1,5
47085,1,5
47091,1,6
47096,1,5
47101,1,5
47107,2,6
47112,1,5
47117,1,5
47123,2,6
47128,1,5
47133,1,5
47138,1,5
47144,2,6
47149,1,5
47154,1,5
47159,1,5
47165,1,6
47170,1,5
47175,1,5
47181,1,6
47186,1,5
47191,1,5
47197,2,6
47202,1,5
47207,1,5
47212,1,5
47218,1,6
47223,1,5
47228,1,5
47233,1,5
47239,1,6
47244,1,5
47249,1,5
47255,2,6
47260,1,5
47265,1,5
47270,1,5
47276,1,6
47281,1,5
47286,1,5
47292,2,6
47297,1,5
47302,1,5
47307,1,5
47313,1,6
47318,1,5
47323,1,5
47329,1,6
47334,1,5
47339,1,5
47345,2,6
47350,1,5
47355,1,5
47360,1,5
47366,1,6
47371,1,5
47376,1,5
47382,2,6
47387,1,5
47392,1,5
47397,1,5
47403,1,6
47408,1,5
47413,1,5
47419,2,6
47424,1,5
47429,1,5
47434,1,5
47440,1,6
47445,1,5
47451,2,6
47456,1,5
47461,1,5
47467,2,6
47472,1,5
47480,4,8
47482,1,2
47488,1,6
47493,1,5
47499,1,6
47504,1,5
47509,1,5
47515,1,6
47520,1,5
47526,1,6
47531,1,5
47537,1,6
47542,1,5
47548,1,6
47553,1,5
47559,2,6
47564,1,5
47570,2,6
47575,1,5
47580,1,5
47586,1,6
47591,1,5
47597,2,6
47602,1,5
47607,1,5
47613,2,6
47618,2,5
47623,1,5
47628,1,5
47633,1,5
47639,2,6
47644,1,5
47649,1,5
47654,1,5
47660,1,6
47665,1,5
47670,1,5
47676,2,6
47681,1,5
47686,1,5
47691,1,5
47697,1,6
47702,1,5
47707,1,5
47712,1,5
47718,1,6
47723,1,5
47729,2,6
47734,2,5
47739,1,5
47744,1,5
47750,2,6
47755,1,5
47760,1,5
47765,1,5
47771,2,6
47776,1,5
47781,1,5
47786,1,5
47792,2,6
47797,1,5
47802,1,5
47807,1,5
47813,1,6
47818,1,5
47823,1,5
47829,2,6
47834,1,5
47839,1,5
47845,2,6
47850,1,5
47856,2,6
47860,1,4
47866,2,6
47871,1,5
47876,1,5
47881,1,5
47887,2,6
47892,1,5
47897,1,5
47902,1,5
47908,1,6
47913,1,5
47918,1,5
47923,1,5
47929,1,6
47934,1,5
47939,1,5
47944,1,5
47950,1,6
47955,1,5
47961,2,6
47966,1,5
47971,1,5
47976,1,5
47982,2,6
47987,1,5
47992,1,5
47997,1,5
48003,2,6
48008,1,5
48013,1,5
48018,1,5
48024,2,6
48029,1,5
48034,1,5
48039,1,5
48045,1,6
48050,1,5
48055,1,5
48061,2,6
48066,1,5
48071,1,5
48077,2,6
48082,2,5
48087,1,5
48092,1,5
48098,2,6
48103,1,5
48108,1,5
48113,1,5
48118,1,5
48124,1,6
48129,1,5
48134,1,5
48140,2,6
48145,1,5
48150,1,5
48155,1,5
48161,1,6
48166,1,5
48171,1,5
48177,2,6
48182,1,5
48192,4,10
48194,1,2
48200,1,6
48205,1,5
48210,1,5
48215,1,5
48221,1,6
48226,1,5
48231,1,5
48237,2,6
48242,1,5
48247,1,5
48253,2,6
48258,1,5
48263,1,5
48268,1,5
48273,1,5
48279,1,6
48284,1,5
48289,1,5
48297,4,8
48300,1,3
48305,1,5
48310,1,5
48316,2,6
48321,1,5
48326,1,5
48331,1,5
48337,2,6
48342,1,5
48347,1,5
48352,1,5
48358,2,6
48363,1,5
48368,1,5
48373,1,5
48379,2,6
48384,1,5
48389,1,5
48394,1,5
48400,1,6
48405,1,5
48410,1,5
48416,2,6
48421,1,5
48426,1,5
48431,1,5
48437,2,6
48442,1,5
48447,1,5
48452,1,5
48457,1,5
48463,1,6
48468,1,5
48473,1,5
48479,2,6
48484,1,5
48489,1,5
48494,1,5
48500,2,6
48505,1,5
48510,1,5
48515,1,5
48521,1,6
48526,1,5
48531,1,5
48537,2,6
48542,1,5
48547,1,5
48553,2,6
48558,1,5
48563,1,5
48568,1,5
48573,1,5
48579,1,6
48584,1,5
48589,1,5
48594,1,5
48600,1,6
48605,1,5
48610,1,5
48616,1,6
48621,1,5
48626,1,5
48632,2,6
48637,1,5
48642,1,5
48648,2,6
48653,1,5
48658,1,5
48664,2,6
48669,2,5
48674,1,5
48679,1,5
48684,1,5
48690,2,6
48695,1,5
48700,1,5
48705,1,5
48711,1,6
48716,1,5
48721,1,5
48726,1,5
48732,1,6
48737,1,5
48742,1,5
48748,2,6
48753,1,5
48758,1,5
48763,1,5
48769,1,6
48774,1,5
48779,1,5
48785,2,6
48790,1,5
48795,1,5
48800,1,5
48806,2,6
48811,1,5
48816,1,5
48821,1,5
48827,2,6
48832,1,5
48837,1,5
48842,1,5
48848,1,6
48853,1,5
48858,1,5
48864,2,6
48869,1,5
48874,1,5
48879,1,5
48885,2,6
48890,1,5
48895,1,5
48900,1,5
48906,1,6
48911,1,5
48916,1,5
48921,1,5
48927,1,6
48932,1,5
48937,1,5
48942,1,5
48948,1,6
48953,1,5
48958,1,5
48964,2,6
48969,1,5
48974,1,5
48979,1,5
48985,1,6
48990,1,5
48995,1,5
49000,1,5
49006,1,6
49011,1,5
49016,1,5
49021,1,5
49027,1,6
49032,1,5
49037,1,5
49042,1,5
49048,1,6
49053,1,5
49058,1,5
49063,1,5
49069,1,6
49074,1,5
49079,1,5
49085,2,6
49090,1,5
49095,1,5
49100,1,5
49105,1,5
49111,1,6
49116,1,5
49121,1,5
49126,1,5
49132,1,6
49137,1,5
49142,1,5
49148,2,6
49153,1,5
49158,1,5
49163,1,5
49169,1,6
49174,1,5
49179,1,5
49184,1,5
49190,1,6
49195,1,5
49200,1,5
49206,2,6
49211,1,5
49216,1,5
49222,2,6
49227,1,5
49232,1,5
49237,1,5
49242,1,5
49248,1,6
49253,1,5
49258,1,5
49263,1,5
49269,1,6
49274,1,5
49279,1,5
49285,1,6
49290,1,5
49295,1,5
49301,2,6
49306,1,5
49311,1,5
49316,1,5
49322,1,6
49327,1,5
49333,2,6
49338,2,5
49343,1,5
49348,1,5
49354,2,6
49359,1,5
49364,1,5
49369,1,5
49374,1,5
49380,1,6
49385,1,5
49390,1,5
49396,2,6
49401,1,5
49406,1,5
49412,2,6
49417,1,5
49422,1,5
49427,1,5
49433,2,6
49438,1,5
49443,1,5
49449,2,6
49454,1,5
49459,1,5
49464,1,5
49470,2,6
49475,1,5
49480,1,5
49485,1,5
49491,2,6
49496,1,5
49501,1,5
49506,1,5
49512,1,6
49517,1,5
49523,2,6
49528,2,5
49533,1,5
49538,1,5
49543,1,5
49549,1,6
49554,1,5
49559,1,5
49565,2,6
49570,1,5
49575,1,5
49580,1,5
49586,1,6
49591,1,5
49596,1,5
49602,2,6
49607,1,5
49612,1,5
49617,1,5
49623,2,6
49628,1,5
49633,1,5
49638,1,5
49644,1,6
49649,1,5
49654,1,5
49660,1,6
49665,1,5
49670,1,5
49676,2,6
49681,1,5
49686,1,5
49692,2,6
49697,1,5
49702,1,5
49707,1,5
49713,2,6
49718,1,5
49723,1,5
49729,2,6
49734,1,5
49739,1,5
49745,2,6
49750,1,5
49755,1,5
49760,1,5
49766,2,6
49771,1,5
49776,1,5
49781,1,5
49786,1,5
49792,1,6
49797,1,5
49802,1,5
49808,1,6
49813,1,5
49819,2,6
49824,1,5
49829,1,5
49834,1,5
49840,1,6
49845,1,5
49850,1,5
49855,1,5
49861,1,6
49866,1,5
49871,1,5
49876,1,5
49882,1,6
49887,1,5
49892,1,5
49897,1,5
49903,1,6
49908,1,5
49913,1,5
49919,2,6
49924,1,5
49929,1,5
49934,1,5
49940,1,6
49945,1,5
49950,1,5
49956,1,6
49961,1,5
49966,1,5
49972,2,6
49977,1,5
49982,1,5
49988,2,6
49993,1,5
49998,1,5
50004,2,6
50009,2,5
50014,1,5
50019,1,5
50024,1,5
50030,1,6
50035,1,5
50040,1,5
50048,4,8
50051,1,3
50056,1,5
50062,2,6
50067,1,5
50072,1,5
50077,1,5
50083,1,6
50088,1,5
50093,1,5
50099,1,6
50104,1,5
50109,1,5
50115,2,6
50120,1,5
50125,1,5
50130,1,5
50136,1,6
50141,1,5
50146,1,5
50152,2,6
50157,1,5
50162,1,5
50167,1,5
50173,1,6
50178,1,5
50183,1,5
50192,1,9
50197,1,5
50202,1,5
50208,1,6
50213,1,5
50219,2,6
50224,1,5
50229,1,5
50234,1,5
50240,2,6
50245,1,5
50250,1,5
50255,1,5
50261,1,6
50266,1,5
50271,1,5
50277,1,6
50282,1,5
50287,1,5
50293,1,6
50298,1,5
50303,1,5
50309,2,6
50314,1,5
50319,1,5
50324,1,5
50330,1,6
50335,1,5
50340,1,5
50345,1,5
50351,1,6
50356,1,5
50361,1,5
50367,2,6
50372,1,5
50377,1,5
50383,2,6
50388,1,5
50393,1,5
50399,1,6
50404,1,5
50409,1,5
50415,1,6
50420,1,5
50425,1,5
50430,1,5
50436,1,6
50441,1,5
50446,1,5
50451,1,5
50457,1,6
50462,1,5
50467,1,5
50473,2,6
50478,1,5
50483,1,5
50488,1,5
50494,2,6
50499,1,5
50504,1,5
50510,2,6
50515,1,5
50520,1,5
50525,1,5
50530,1,5
50537,2,7
50541,1,4
50546,1,5
50552,2,6
50557,1,5
50562,1,5
50567,1,5
50573,1,6
50578,1,5
50583,1,5
50588,1,5
50594,1,6
50599,1,5
50604,1,5
50609,1,5
50615,1,6
50620,1,5
50625,1,5
50630,1,5
50636,1,6
50641,1,5
50646,1,5
50651,1,5
50657,1,6
50663,2,6
50668,2,5
50673,1,5
50678,1,5
50683,1,5
50689,2,6
50694,1,5
50699,1,5
50704,1,5
50710,1,6
50715,1,5
50720,1,5
50725,1,5
50731,1,6
50736,1,5
50741,1,5
50747,2,6
50752,1,5
50757,1,5
50762,1,5
50768,1,6
50773,1,5
50778,1,5
50784,1,6
50789,1,5
50794,1,5
50800,2,6
50805,1,5
50810,1,5
50815,1,5
50821,1,6
50826,1,5
50831,1,5
50837,2,6
50842,1,5
50847,1,5
50852,1,5
50858,2,6
50863,1,5
50868,1,5
50873,1,5
50879,1,6
50884,1,5
50889,1,5
50894,1,5
50900,1,6
50905,1,5
50910,1,5
50915,1,5
50921,1,6
50926,1,5
50931,1,5
50937,1,6
50942,1,5
50947,1,5
50952,1,5
50958,1,6
50963,1,5
50968,1,5
50974,1,6
50979,1,5
50984,1,5
50990,2,6
50995,1,5
51000,1,5
51005,1,5
51011,1,6
51016,1,5
51021,1,5
51027,2,6
51032,1,5
51037,1,5
51042,1,5
51049,2,7
51053,1,4
51058,1,5
51063,1,5
51069,1,6
51074,1,5
51079,1,5
51085,1,6
51090,1,5
51095,1,5
51101,2,6
51106,1,5
51111,1,5
51117,1,6
51122,1,5
51128,2,6
51133,1,5
51138,1,5
51143,1,5
51149,1,6
51154,1,5
51159,1,5
51165,2,6
51170,1,5
51175,1,5
51180,1,5
51186,2,6
51191,1,5
51196,1,5
51201,1,5
51207,2,6
51212,1,5
51217,1,5
51222,1,5
51228,1,6
51233,1,5
51239,2,6
51244,1,5
51249,1,5
51254,1,5
51260,2,6
51265,1,5
51270,1,5
51275,1,5
51281,1,6
51286,1,5
51291,1,5
51296,1,5
51302,1,6
51307,1,5
51312,1,5
51317,1,5
51323,1,6
51328,1,5
51333,1,5
51338,1,5
51344,1,6
51349,1,5
51354,1,5
51359,1,5
51365,1,6
51370,1,5
51375,1,5
51381,1,6
51386,1,5
51391,1,5
51397,2,6
51402,1,5
51407,1,5
51412,1,5
51417,1,5
51423,1,6
51428,1,5
51433,1,5
51438,1,5
51444,1,6
51449,1,5
51454,1,5
51460,2,6
51465,1,5
51470,1,5
51475,1,5
51481,1,6
51486,1,5
51491,1,5
51496,1,5
51502,2,6
51507,1,5
51512,1,5
51517,1,5
51523,2,6
51528,1,5
51533,1,5
51538,1,5
51544,1,6
51549,1,5
51554,1,5
51559,1,5
51565,1,6
51570,1,5
51575,1,5
51580,1,5
51586,1,6
51591,1,5
51596,1,5
51602,2,6
51607,1,5
51612,1,5
51617,1,5
51622,1,5
51628,1,6
51633,1,5
51638,1,5
51644,1,6
51649,1,5
51654,1,5
51660,2,6
51665,1,5
51670,1,5
51675,1,5
51681,1,6
51686,1,5
51691,1,5
51697,2,6
51702,1,5
51707,1,5
51713,2,6
51718,1,5
51723,1,5
51728,1,5
51734,1,6
51739,1,5
51744,1,5
51750,2,6
51755,1,5
51760,1,5
51766,2,6
51771,1,5
51776,1,5
51781,1,5
51787,2,6
51792,1,5
51797,1,5
51802,1,5
51808,1,6
51813,1,5
51818,1,5
51824,2,6
51829,1,5
51834,1,5
51839,1,5
51845,1,6
51850,1,5
51855,1,5
51861,2,6
51866,1,5
51871,1,5
51877,2,6
51882,1,5
51887,1,5
51892,1,5
51898,2,6
51903,1,5
51908,1,5
51914,2,6
51919,1,5
51924,1,5
51929,1,5
51935,1,6
51940,1,5
51946,2,6
51950,1,4
51956,1,6
51961,1,5
51966,1,5
51972,1,6
51977,1,5
51982,1,5
51987,1,5
51993,1,6
51998,1,5
52004,2,6
52009,1,5
52014,1,5
52020,2,6
52025,1,5
52030,1,5
52035,1,5
52041,2,6
52046,1,5
52051,1,5
52057,2,6
52062,1,5
52067,1,5
52072,1,5
52078,2,6
52083,1,5
52088,1,5
52093,1,5
52098,0,5
52104,1,6
52109,1,5
52115,2,6
52120,1,5
52125,1,5
52130,1,5
52136,1,6
52141,1,5
52146,1,5
52152,1,6
52157,1,5
52162,1,5
52168,2,6
52173,1,5
52178,1,5
52184,2,6
52189,1,5
52194,1,5
52199,1,5
52205,2,6
52210,1,5
52215,1,5
52221,2,6
52226,1,5
52231,1,5
52237,2,6
52242,1,5
52247,1,5
52252,1,5
52258,2,6
52263,1,5
52268,1,5
52274,2,6
52279,1,5
52284,1,5
52289,1,5
52295,2,6
52300,1,5
52305,1,5
52310,1,5
52316,1,6
52321,1,5
52326,1,5
52332,2,6
52337,1,5
52342,1,5
52348,2,6
52353,1,5
52358,1,5
52363,1,5
52369,2,6
52374,1,5
52379,1,5
52385,2,6
52390,1,5
52395,1,5
52400,1,5
52406,2,6
52411,1,5
52416,1,5
52422,2,6
52427,1,5
52432,1,5
52437,1,5
52443,2,6
52448,1,5
52454,2,6
52459,1,5
52464,1,5
52470,1,6
52475,1,5
52480,1,5
52486,1,6
52492,2,6
52497,1,5
52502,1,5
52507,1,5
52513,2,6
52518,1,5
52523,1,5
52528,1,5
52534,2,6
52539,1,5
52544,1,5
52549,1,5
52555,2,6
52560,1,5
52565,1,5
52570,1,5
52576,1,6
52581,1,5
52586,1,5
52592,1,6
52597,1,5
52602,1,5
52608,2,6
52613,1,5
52618,1,5
52623,1,5
52629,2,6
52634,1,5
52639,1,5
52645,2,6
52650,2,5
52655,1,5
52660,1,5
52665,1,5
52671,2,6
52676,1,5
52681,1,5
52687,2,6
52692,1,5
52697,1,5
52702,1,5
52707,1,5
52713,1,6
52718,1,5
52723,1,5
52729,2,6
52734,1,5
52739,1,5
52744,1,5
52750,1,6
52755,1,5
52760,1,5
52766,2,6
52771,1,5
52776,1,5
52781,1,5
52786,1,5
52792,1,6
52797,1,5
52802,1,5
52808,1,6
52813,1,5
52818,1,5
52823,1,5
52829,1,6
52834,1,5
52839,1,5
52845,1,6
52850,1,5
52855,1,5
52860,1,5
52869,4,9
52871,1,2
52876,1,5
52881,1,5
52887,1,6
52892,1,5
52897,1,5
52903,1,6
52908,1,5
52913,1,5
52919,2,6
52924,1,5
52929,1,5
52934,1,5
52940,2,6
52945,1,5
52950,1,5
52956,2,6
52961,1,5
52966,1,5
52971,1,5
52977,2,6
52982,1,5
52987,1,5
52992,1,5
52998,1,6
53003,1,5
53008,1,5
53013,1,5
53019,1,6
53024,1,5
53029,1,5
53034,1,5
53041,2,7
53045,1,4
53050,1,5
53055,1,5
53061,1,6
53066,1,5
53071,1,5
53077,1,6
53082,1,5
53087,1,5
53093,2,6
53098,1,5
53103,1,5
53108,1,5
53113,0,5
53119,1,6
53128,5,9
53130,2,2
53134,0,4
53140,1,6
53145,1,5
53150,1,5
53155,0,5
53161,1,6
53166,1,5
53171,1,5
53177,1,6
53182,1,5
53187,1,5
53192,1,5
53198,1,6
53203,1,5
53208,1,5
53213,1,5
53219,1,6
53224,1,5
53229,1,5
53234,1,5
53239,0,5
53245,1,6
53250,1,5
53255,1,5
53261,1,6
53266,1,5
53271,1,5
53277,1,6
53282,1,5
53287,1,5
53292,1,5
53298,1,6
53303,1,5
53308,1,5
53314,2,6
53319,1,5
53324,1,5
53330,2,6
53335,1,5
53340,1,5
53345,1,5
53350,1,5
53356,1,6
53361,1,5
53366,1,5
53371,1,5
53377,1,6
53382,1,5
53387,1,5
53393,1,6
53398,1,5
53403,1,5
53409,1,6
53414,1,5
53420,2,6
53425,2,5
53430,1,5
53435,1,5
53440,1,5
53446,1,6
