time (ms)
2
10
12
13
15
16
17
18
19
21
23
24
26
27
29
31
33
35
36
38
39
41
50
51
53
56
57
59
62
63
65
66
68
69
71
72
74
75
77
79
80
83
84
86
95
96
98
99
101
102
103
105
106
109
112
113
115
116
117
118
120
121
127
130
131
132
135
136
137
139
140
141
142
143
145
146
147
150
151
152
153
154
158
159
160
162
163
164
165
166
169
171
172
174
175
177
178
180
181
183
184
185
186
187
189
190
191
193
194
195
196
197
198
208
210
211
213
214
215
216
217
219
220
221
223
229
230
232
235
236
252
256
261
262
264
265
267
268
269
271
272
274
275
277
278
279
280
281
283
284
286
287
289
290
299
300
302
303
305
306
307
308
309
311
312
314
315
317
318
320
321
322
323
324
326
327
329
330
340
342
343
345
346
348
349
351
352
354
355
357
358
359
360
361
363
364
366
367
368
370
379
380
381
382
384
385
387
388
390
391
393
394
395
397
398
400
401
402
403
404
406
407
409
410
412
413
415
416
417
418
429
430
432
433
434
436
437
438
440
441
443
444
446
447
449
451
452
453
455
457
458
464
467
468
470
471
473
474
476
477
479
480
482
483
485
486
487
489
490
492
493
495
496
498
499
501
502
504
505
515
517
518
520
521
523
524
526
527
529
530
532
533
535
536
537
538
539
541
543
544
545
554
555
556
558
559
561
562
564
565
567
568
569
570
571
573
574
576
577
579
580
582
583
584
585
586
588
589
591
593
594
605
606
608
609
611
612
614
615
616
617
618
620
621
623
624
626
627
629
630
631
632
633
642
644
645
646
648
649
651
652
654
655
656
657
658
660
661
663
664
666
667
669
670
671
672
673
675
677
678
679
680
681
692
693
695
696
700
701
703
704
706
707
710
731
733
735
736
738
739
740
742
743
744
745
746
748
749
751
752
753
754
755
757
758
759
760
761
763
764
766
767
768
769
770
782
783
784
786
787
789
790
791
792
793
795
796
798
799
800
801
802
804
805
807
808
810
818
820
821
822
823
825
826
827
828
829
831
832
834
835
836
837
838
840
841
843
844
846
847
849
850
851
853
854
856
857
858
868
869
871
872
874
875
877
878
879
881
882
884
885
887
888
889
890
891
893
894
895
896
897
907
908
910
911
912
914
915
916
917
918
920
921
923
924
925
926
927
929
930
932
933
934
935
936
938
939
941
942
943
944
945
956
957
959
960
962
963
964
965
966
968
969
971
972
973
974
975
977
978
979
980
981
983
984
986
995
996
997
999
1000
1001
1002
1003
1005
1006
1007
1009
1010
1012
1013
1014
1015
1016
1018
1019
1021
1022
1023
1024
1025
1027
1028
1030
1031
1032
1033
1034
1045
1047
1048
1049
1050
1051
1053
1054
1056
1057
1059
1060
1061
1062
1063
1065
1066
1068
1069
1070
1071
1072
1074
1083
1084
1085
1086
1088
1089
1091
1092
1094
1095
1096
1097
1099
1100
1101
1103
1104
1106
1107
1109
1110
1112
1113
1115
1116
1117
1118
1119
1121
1122
1133
1134
1136
1137
1139
1140
1141
1142
1144
1145
1147
1148
1149
1150
1151
1152
1154
1155
1157
1158
1160
1161
1170
1171
1174
1175
1177
1178
1179
1181
1182
1184
1185
1187
1188
1190
1191
1193
1194
1196
1197
1199
1200
1201
1202
1203
1205
1206
1208
1209
1219
1220
1222
1223
1225
1226
1228
1229
1230
1232
1233
1235
1236
1238
1239
1241
1242
1244
1245
1247
1248
1249
1250
1258
1259
1260
1262
1263
1265
1266
1267
1269
1270
1272
1273
1275
1276
1278
1279
1281
1282
1284
1285
1287
1288
1290
1291
1292
1293
1295
1296
1298
1307
1309
1310
1312
1313
1315
1316
1318
1319
1321
1322
1323
1324
1326
1327
1328
1330
1331
1333
1334
1336
1337
1346
1347
1349
1350
1352
1353
1355
1356
1358
1359
1361
1362
1363
1364
1365
1367
1368
1370
1371
1373
1374
1376
1377
1379
1380
1382
1383
1384
1385
1395
1397
1398
1400
1401
1403
1404
1406
1407
1409
1410
1411
1412
1414
1415
1416
1418
1419
1421
1422
1424
1425
1434
1436
1437
1439
1440
1441
1443
1444
1446
1447
1449
1450
1452
1453
1455
1456
1458
1459
1460
1462
1463
1465
1466
1468
1469
1471
1472
1474
1483
1484
1486
1487
1489
1490
1492
1493
1495
1496
1497
1498
1499
1501
1502
1504
1505
1507
1508
1510
1511
1513
1514
1522
1524
1525
1527
1528
1529
1530
1531
1533
1534
1536
1537
1539
1540
1542
1543
1545
1546
1547
1548
1549
1551
1552
1554
1555
1557
1558
1560
1561
1572
1573
1575
1576
1578
1579
1580
1582
1583
1585
1586
1588
1589
1591
1592
1594
1596
1597
1599
1600
1601
1609
1611
1612
1613
1615
1616
1617
1618
1619
1621
1622
1624
1625
1627
1628
1630
1631
1632
1633
1634
1636
1637
1639
1640
1641
1642
1643
1645
1646
1648
1649
1660
1661
1662
1663
1665
1666
1668
1669
1671
1672
1674
1675
1676
1678
1679
1681
1682
1683
1684
1685
1687
1688
1690
1698
1699
1702
1703
1704
1706
1707
1708
1709
1710
1712
1713
1715
1716
1718
1719
1721
1722
1724
1725
1727
1728
1729
1731
1732
1734
1735
1736
1737
1738
1749
1751
1752
1753
1754
1755
1757
1758
1760
1761
1762
1763
1764
1766
1767
1769
1770
1771
1772
1773
1775
1776
1778
1786
1787
1788
1790
1791
1792
1793
1794
1796
1797
1799
1800
1802
1803
1805
1806
1808
1809
1810
1812
1813
1815
1816
1818
1819
1827
1828
1829
1830
1832
1833
1835
1837
1838
1843
1844
1845
1846
1848
1849
1850
1852
1853
1854
1855
1857
1858
1859
1861
1862
1863
1865
1866
1867
1869
1870
1872
1873
1874
1876
1878
1879
1880
1883
1885
1886
1887
1888
1889
1891
1892
1893
1895
1896
1897
1899
1900
1901
1903
1904
1905
1907
1908
1909
1910
1911
1912
1913
1914
1916
1917
1919
1920
1931
1932
1933
1934
1935
1936
1937
1939
1940
1941
1943
1944
1945
1947
1948
1950
1951
1953
1954
1959
1960
1967
1968
1969
1970
1971
1972
1973
1975
1976
1977
1979
1980
1981
1982
1983
1984
1985
1987
1988
1990
1991
1993
1994
1996
1997
2000
2003
2004
2005
2006
2007
2008
2009
2011
2012
2013
2015
2016
2017
2018
2019
2020
2021
2023
2024
2025
2027
2028
2030
2031
2033
2034
2036
2037
2038
2043
2044
2045
2046
2047
2055
2056
2057
2058
2059
2060
2061
2063
2064
2065
2067
2068
2069
2070
2071
2073
2074
2076
2078
2079
2080
2083
2086
2088
2089
2090
2091
2092
2093
2094
2095
2097
2098
2100
2101
2103
2104
2106
2108
2110
2112
2117
2118
2119
2120
2122
2123
2124
2125
2126
2128
2129
2131
2132
2134
2135
2137
2138
2139
2141
2142
2144
2145
2146
2155
2156
2157
2158
2160
2161
2163
2164
2166
2167
2169
2170
2172
2173
2174
2176
2177
2179
2180
2182
2183
2184
2185
2186
2196
2197
2198
2199
2200
2201
2203
2204
2206
2207
2209
2210
2212
2213
2214
2215
2216
2218
2219
2221
2222
2224
2225
2227
2228
2230
2231
2233
2234
2244
2247
2248
2249
2251
2252
2254
2255
2256
2258
2259
2261
2262
2264
2265
2267
2268
2270
2271
2273
2274
2283
2285
2286
2287
2288
2290
2291
2292
2293
2295
2296
2297
2299
2300
2302
2303
2305
2306
2308
2309
2311
2312
2314
2315
2316
2317
2318
2320
2322
2332
2333
2335
2336
2338
2339
2340
2342
2343
2345
2346
2348
2349
2351
2352
2354
2355
2357
2358
2359
2360
2361
2370
2371
2372
2374
2375
2376
2377
2378
2380
2381
2383
2384
2386
2387
2389
2390
2392
2393
2395
2396
2397
2398
2399
2401
2402
2404
2405
2407
2408
2410
2420
2422
2423
2424
2426
2427
2429
2430
2432
2433
2434
2435
2436
2438
2439
2441
2442
2444
2445
2447
2448
2450
2458
2459
2462
2463
2465
2466
2467
2469
2470
2472
2473
2475
2476
2478
2479
2480
2481
2482
2484
2486
2488
2489
2491
2492
2494
2495
2496
2498
2507
2508
2509
2511
2512
2514
2515
2516
2518
2519
2521
2522
2524
2525
2527
2528
2530
2531
2533
2534
2536
2537
2546
2547
2549
2550
2551
2553
2554
2556
2557
2559
2560
2562
2563
2565
2566
2567
2568
2570
2571
2572
2574
2575
2577
2578
2580
2581
2583
2584
2586
2595
2597
2598
2600
2601
2603
2604
2606
2607
2609
2610
2611
2612
2614
2615
2616
2618
2619
2621
2622
2624
2625
2626
2634
2635
2638
2639
2641
2642
2643
2645
2646
2648
2649
2651
2652
2654
2655
2657
2658
2659
2660
2662
2663
2664
2666
2667
2669
2670
2672
2673
2683
2684
2685
2687
2688
2689
2691
2692
2694
2695
2697
2698
2700
2701
2703
2704
2706
2707
2709
2710
2711
2712
2714
2722
2723
2726
2727
2729
2730
2731
2733
2734
2736
2737
2739
2740
2742
2743
2744
2746
2747
2749
2750
2752
2753
2755
2756
2757
2758
2759
2761
2762
2773
2774
2775
2777
2778
2781
2782
2783
2784
2785
2787
2788
2790
2791
2792
2793
2794
2796
2797
2799
2800
2801
2802
2811
2812
2813
2815
2816
2817
2819
2820
2822
2823
2824
2825
2826
2828
2829
2831
2832
2834
2835
2837
2838
2840
2841
2843
2844
2846
2847
2848
2850
2860
2861
2863
2864
2865
2867
2868
2870
2871
2872
2873
2874
2876
2877
2879
2880
2881
2882
2883
2885
2886
2888
2889
2898
2901
2902
2903
2905
2906
2908
2909
2911
2912
2913
2915
2916
2918
2919
2920
2921
2922
2924
2925
2927
2928
2930
2931
2932
2933
2934
2936
2937
2948
2949
2951
2952
2954
2955
2956
2958
2959
2961
2962
2963
2964
2965
2967
2968
2970
2971
2972
2973
2974
2976
2977
2986
2989
2990
2991
2992
2993
2994
2996
2997
2999
3000
3002
3003
3004
3005
3006
3008
3009
3011
3012
3014
3015
3016
3017
3018
3020
3021
3023
3024
3025
3026
3036
3038
3039
3040
3042
3043
3044
3045
3046
3048
3049
3051
3052
3054
3055
3056
3057
3058
3060
3061
3063
3064
3066
3074
3076
3077
3078
3079
3081
3082
3083
3084
3085
3087
3088
3090
3091
3092
3093
3094
3096
3097
3099
3100
3101
3102
3103
3105
3106
3108
3109
3111
3112
3113
3114
3125
3126
3128
3129
3131
3132
3133
3135
3136
3138
3139
3140
3141
3142
3144
3145
3147
3148
3149
3150
3151
3153
3154
3163
3164
3165
3167
3168
3170
3171
3172
3173
3174
3176
3177
3179
3180
3181
3182
3183
3185
3186
3188
3189
3190
3191
3192
3194
3195
3196
3197
3198
3200
3201
3209
3213
3215
3216
3218
3219
3221
3222
3223
3225
3226
3228
3229
3230
3231
3232
3234
3235
3237
3238
3239
3240
3241
3250
3251
3254
3255
3256
3258
3259
3260
3261
3262
3264
3265
3267
3268
3269
3270
3271
3273
3274
3276
3277
3278
3279
3280
3282
3283
3284
3285
3286
3288
3289
3300
3302
3303
3304
3306
3307
3309
3310
3311
3312
3313
3315
3316
3318
3319
3321
3322
3323
3324
3326
3327
3328
3330
3339
3340
3341
3342
3344
3345
3347
3348
3349
3350
3351
3353
3354
3355
3356
3357
3359
3360
3362
3363
3365
3366
3367
3368
3369
3371
3372
3374
3375
3377
3378
3388
3390
3391
3392
3394
3395
3397
3398
3400
3401
3402
3403
3404
3406
3407
3409
3410
3411
3412
3413
3415
3416
3418
3426
3427
3430
3431
3433
3434
3435
3437
3438
3439
3440
3441
3443
3444
3446
3447
3448
3449
3450
3452
3453
3455
3456
3457
3458
3459
3461
3462
3464
3465
3466
3476
3478
3479
3481
3482
3484
3485
3486
3487
3488
3490
3491
3493
3494
3495
3496
3497
3499
3500
3502
3503
3504
3505
3506
3515
3518
3519
3520
3522
3523
3525
3526
3528
3529
3530
3532
3533
3535
3536
3538
3539
3540
3541
3542
3544
3545
3547
3548
3549
3550
3551
3553
3554
3565
3567
3568
3569
3571
3572
3574
3575
3576
3577
3578
3580
3581
3583
3584
3585
3586
3587
3589
3590
3592
3593
3602
3605
3606
3607
3609
3610
3611
3613
3614
3616
3617
3619
3620
3621
3622
3623
3625
3626
3627
3628
3629
3631
3632
3634
3635
3637
3638
3640
3641
3651
3653
3654
3655
3656
3657
3658
3660
3661
3663
3664
3666
3667
3668
3669
3670
3672
3673
3675
3676
3677
3678
3679
3681
3682
3692
3693
3694
3696
3697
3699
3700
3702
3703
3704
3706
3707
3708
3709
3711
3716
3717
3719
3720
3721
3723
3724
3726
3727
3728
3729
3730
3740
3742
3743
3744
3745
3746
3748
3749
3751
3752
3753
3754
3755
3757
3758
3760
3761
3762
3763
3764
3766
3767
3769
3770
3779
3780
3782
3783
3785
3786
3788
3789
3791
3792
3793
3795
3796
3798
3799
3800
3801
3802
3804
3805
3807
3808
3810
3819
3820
3821
3823
3824
3825
3827
3828
3829
3830
3831
3833
3834
3836
3837
3838
3840
3841
3843
3844
3846
3847
3849
3850
3852
3853
3855
3856
3857
3867
3869
3870
3872
3873
3875
3876
3877
3878
3879
3881
3883
3885
3886
3887
3889
3890
3892
3893
3895
3896
3898
3906
3907
3908
3909
3910
3911
3913
3914
3916
3917
3919
3920
3921
3923
3924
3926
3927
3929
3930
3931
3933
3934
3936
3937
3938
3941
3942
3943
3945
3946
3956
3957
3959
3960
3961
3963
3964
3966
3967
3969
3970
3972
3973
3974
3976
3977
3979
3980
3981
3982
3983
3985
3986
3996
3997
3998
4000
4001
4002
4003
4004
4005
4006
4007
4009
4010
4012
4013
4014
4015
4016
4018
4019
4021
4022
4024
4025
4026
4027
4028
4030
4031
4033
4034
4045
4046
4048
4049
4051
4052
4053
4055
4056
4058
4059
4061
4062
4064
4065
4066
4067
4068
4070
4071
4073
4074
4083
4084
4086
4088
4089
4090
4091
4092
4093
4094
4095
4097
4098
4099
4100
4101
4103
4104
4105
4106
4107
4109
4110
4112
4113
4114
4115
4116
4118
4119
4120
4121
4122
4136
4137
4138
4140
4141
4143
4144
4146
4147
4148
4150
4151
4153
4154
4155
4156
4157
4159
4160
4162
4169
4172
4173
4174
4175
4176
4177
4179
4180
4182
4183
4184
4185
4186
4188
4189
4191
4192
4193
4194
4195
4197
4198
4200
4201
4203
4204
4205
4206
4207
4209
4210
4216
4221
4222
4223
4225
4226
4228
4229
4230
4231
4232
4234
4235
4237
4238
4239
4240
4241
4243
4244
4246
4247
4249
4250
4256
4260
4261
4262
4264
4265
4266
4267
4268
4269
4270
4271
4273
4274
4275
4276
4277
4279
4280
4282
4283
4284
4285
4286
4288
4289
4291
4292
4293
4294
4295
4297
4298
4309
4310
4311
4312
4314
4315
4316
4317
4318
4320
4321
4322
4323
4324
4331
4332
4333
4334
4335
4336
4338
4339
4340
4341
4342
4343
4345
4346
4347
4349
4350
4351
4352
4354
4356
4357
4358
4360
4362
4363
4364
4365
4366
4368
4369
4370
4371
4372
4374
4375
4376
4377
4378
4389
4391
4392
4394
4395
4396
4397
4398
4400
4401
4403
4404
4406
4407
4409
4410
4411
4413
4414
4416
4417
4426
4428
4429
4430
4431
4433
4434
4436
4437
4439
4440
4441
4443
4444
4446
4447
4448
4449
4450
4452
4453
4455
4456
4457
4458
4459
4461
4462
4463
4464
4465
4476
4478
4479
4480
4482
4483
4484
4485
4487
4488
4489
4491
4492
4494
4495
4497
4498
4499
4501
4502
4503
4504
4505
4514
4515
4518
4519
4520
4522
4523
4524
4525
4526
4528
4529
4531
4532
4534
4535
4536
4538
4539
4541
4542
4544
4545
4547
4548
4549
4551
4552
4554
4567
4568
4569
4570
4571
4572
4573
4575
4576
4578
4579
4580
4582
4583
4584
4585
4586
4588
4589
4591
4592
4593
4594
4602
4603
4604
4605
4606
4608
4609
4611
4612
4614
4615
4616
4618
4619
4621
4622
4623
4624
4625
4627
4628
4630
4631
4633
4634
4636
4637
4639
4640
4641
4652
4653
4655
4656
4657
4658
4659
4661
4662
4664
4665
4666
4667
4668
4670
4671
4673
4674
4676
4677
4679
4680
4681
4690
4692
4693
4694
4696
4697
4698
4700
4701
4703
4704
4705
4706
4707
4709
4710
4712
4713
4714
4715
4716
4718
4719
4720
4721
4723
4724
4726
4727
4728
4730
4736
4737
4741
4742
4744
4745
4746
4748
4749
4751
4752
4753
4754
4755
4757
4758
4759
4760
4761
4763
4764
4766
4767
4768
4769
4770
4780
4781
4782
4784
4785
4786
4787
4788
4790
4791
4792
4793
4794
4796
4797
4799
4800
4801
4802
4803
4805
4806
4808
4809
4811
4812
4813
4814
4815
4817
4818
4828
4830
4831
4833
4834
4836
4837
4839
4840
4841
4843
4844
4846
4847
4848
4849
4850
4852
4853
4855
4856
4857
4858
4867
4868
4869
4870
4872
4873
4875
4876
4877
4878
4879
4881
4882
4883
4884
4885
4887
4888
4890
4891
4893
4894
4895
4897
4898
4900
4901
4903
4904
4905
4906
4911
4918
4920
4921
4923
4924
4926
4927
4929
4930
4932
4933
4935
4936
4937
4938
4939
4941
4942
4943
4944
4945
4954
4957
4958
4959
4960
4961
4962
4964
4965
4967
4968
4969
4971
4972
4974
4975
4977
4978
4979
4981
4982
4984
4985
4986
4987
4988
4990
4991
4992
4993
4997
5000
5001
5004
5008
5010
5011
5013
5014
5015
5017
5018
5020
5021
5022
5023
5024
5026
5027
5028
5029
5030
5031
5032
5033
5043
5044
5045
5047
5048
5049
5050
5051
5053
5054
5055
5056
5057
5059
5060
5062
5063
5065
5066
5068
5069
5070
5072
5073
5075
5076
5077
5078
5079
5081
5082
5092
5094
5095
5096
5098
5099
5100
5101
5102
5104
5105
5107
5108
5110
5111
5113
5114
5116
5117
5118
5120
5121
5130
5132
5133
5134
5135
5136
5137
5139
5140
5142
5143
5145
5146
5147
5148
5150
5151
5152
5154
5155
5156
5157
5158
5160
5161
5163
5164
5166
5167
5169
5170
5181
5182
5183
5185
5186
5187
5188
5190
5191
5192
5194
5195
5197
5198
5200
5201
5202
5203
5204
5206
5207
5208
5209
5210
5220
5221
5222
5223
5225
5226
5228
5229
5231
5232
5234
5235
5236
5238
5239
5241
5242
5243
5244
5245
5247
5248
5250
5251
5253
5254
5255
5257
5258
5268
5269
5271
5272
5274
5275
5276
5278
5279
5281
5282
5283
5284
5285
5287
5288
5289
5290
5291
5293
5294
5295
5296
5297
5307
5308
5309
5311
5312
5313
5315
5316
5318
5319
5320
5321
5322
5324
5325
5327
5328
5330
5331
5333
5334
5335
5337
5338
5339
5340
5341
5343
5344
5346
5356
5357
5359
5360
5361
5362
5363
5365
5366
5368
5369
5370
5371
5372
5374
5375
5377
5378
5379
5380
5381
5383
5384
5386
5395
5396
5397
5398
5400
5401
5402
5404
5406
5407
5408
5410
5411
5412
5413
5414
5416
5417
5419
5420
5421
5422
5423
5425
5426
5428
5429
5430
5431
5432
5434
5444
5446
5447
5448
5450
5451
5453
5454
5455
5456
5457
5459
5460
5462
5463
5465
5466
5467
5469
5470
5472
5473
5482
5483
5486
5487
5489
5490
5491
5493
5494
5495
5496
5497
5499
5500
5502
5503
5505
5506
5508
5509
5510
5512
5513
5515
5516
5517
5518
5519
5521
5522
5532
5533
5535
5536
5538
5539
5540
5541
5542
5544
5545
5546
5547
5548
5550
5551
5552
5553
5554
5556
5557
5559
5560
5562
5571
5572
5573
5574
5576
5577
5579
5580
5582
5583
5584
5585
5586
5588
5589
5591
5592
5593
5594
5595
5597
5598
5599
5600
5601
5603
5604
5605
5606
5607
5609
5610
5620
5622
5623
5625
5626
5627
5629
5630
5632
5633
5635
5636
5637
5638
5639
5641
5642
5643
5644
5645
5647
5648
5650
5659
5660
5661
5662
5664
5665
5667
5668
5669
5670
5671
5673
5674
5676
5677
5679
5680
5681
5683
5684
5686
5687
5689
5690
5692
5693
5695
5696
5697
5708
5709
5711
5712
5713
5715
5716
5718
5719
5720
5721
5722
5724
5725
5726
5727
5728
5730
5731
5733
5734
5736
5737
5746
5748
5749
5750
5751
5753
5754
5756
5757
5759
5760
5762
5763
5765
5766
5767
5769
5770
5771
5772
5774
5775
5776
5778
5779
5781
5782
5784
5785
5786
5796
5797
5798
5799
5800
5802
5803
5804
5805
5806
5808
5809
5811
5812
5813
5814
5815
5817
5818
5820
5821
5822
5823
5824
5826
5835
5836
5837
5839
5841
5842
5844
5845
5847
5848
5850
5851
5853
5854
5856
5857
5859
5860
5861
5863
5864
5866
5867
5869
5870
5871
5873
5874
5885
5886
5887
5889
5890
5891
5892
5893
5895
5896
5898
5899
5901
5902
5903
5905
5906
5907
5908
5909
5911
5912
5914
5924
5925
5926
5927
5928
5930
5932
5933
5934
5936
5937
5939
5940
5941
5942
5943
5945
5946
5947
5948
5949
5951
5952
5954
5955
5957
5958
5959
5961
5962
5973
5974
5976
5977
5979
5980
5981
5982
5983
5985
5986
5988
5989
5990
5991
5992
5994
5995
5996
5997
5998
6000
6001
6006
6008
6013
6014
6016
6017
6018
6020
6021
6023
6024
6026
6027
6029
6030
6032
6033
6034
6036
6037
6039
6040
6042
6043
6045
6046
6055
6056
6057
6059
6060
6062
6063
6065
6066
6068
6069
6071
6073
6074
6075
6076
6077
6079
6080
6082
6083
6085
6086
6094
6095
6096
6098
6099
6101
6102
6104
6105
6106
6108
6109
6111
6112
6113
6114
6115
6117
6118
6119
6120
6122
6123
6125
6126
6127
6128
6129
6131
6132
6133
6134
6144
6145
6146
6147
6149
6150
6152
6153
6155
6156
6157
6159
6160
6162
6163
6165
6166
6167
6168
6169
6171
6172
6173
6174
6183
6184
6185
6186
6188
6189
6191
6192
6193
6195
6196
6197
6198
6199
6201
6202
6203
6204
6205
6207
6208
6210
6211
6212
6213
6214
6216
6217
6219
6220
6222
6235
6236
6237
6238
6240
6241
6243
6244
6245
6246
6247
6249
6250
6251
6252
6253
6255
6256
6258
6259
6261
6262
6270
6271
6274
6275
6276
6278
6279
6280
6281
6282
6284
6285
6287
6288
6289
6290
6291
6293
6294
6295
6297
6298
6299
6301
6302
6304
6305
6306
6307
6308
6310
6320
6322
6323
6324
6326
6327
6329
6330
6331
6333
6334
6336
6337
6339
6340
6341
6342
6343
6345
6346
6348
6349
6358
6359
6360
6361
6362
6363
6364
6365
6366
6368
6369
6371
6372
6373
6374
6375
6377
6378
6380
6381
6382
6383
6384
6386
6387
6388
6389
6390
6392
6393
6395
6396
6397
6398
6405
6409
6410
6411
6412
6414
6415
6416
6417
6418
6420
6421
6423
6424
6426
6427
6429
6430
6431
6433
6434
6436
6437
6438
6447
6448
6449
6450
6452
6453
6454
6456
6457
6459
6460
6461
6462
6463
6465
6466
6467
6468
6469
6471
6472
6474
6475
6476
6477
6478
6480
6481
6483
6484
6486
6492
6496
6498
6499
6501
6502
6503
6504
6505
6507
6508
6509
6510
6511
6512
6513
6514
6516
6517
6519
6520
6522
6523
6525
6526
6535
6536
6537
6538
6540
6541
6543
6544
6546
6547
6548
6549
6550
6552
6553
6555
6556
6558
6559
6560
6562
6563
6565
6566
6567
6568
6569
6571
6572
6573
6574
6584
6586
6587
6588
6589
6590
6592
6593
6595
6596
6598
6599
6601
6602
6603
6605
6606
6607
6608
6609
6611
6612
6613
6614
6623
6624
6625
6626
6628
6629
6631
6632
6634
6635
6636
6638
6639
6640
6641
6642
6644
6645
6647
6648
6650
6651
6652
6653
6654
6656
6657
6659
6660
6662
6672
6674
6675
6676
6678
6679
6681
6682
6684
6685
6687
6688
6689
6691
6692
6694
6695
6696
6697
6698
6700
6701
6710
6711
6712
6714
6715
6716
6718
6719
6720
6721
6722
6724
6725
6727
6728
6730
6731
6732
6734
6735
6737
6738
6739
6740
6741
6743
6744
6746
6747
6749
6750
6756
6757
6761
6762
6764
6765
6766
6768
6769
6771
6772
6773
6774
6775
6777
6778
6780
6781
6782
6783
6784
6786
6787
6788
6789
6790
6800
6801
6802
6803
6804
6805
6807
6808
6810
6811
6813
6814
6816
6817
6818
6820
6821
6823
6824
6825
6826
6827
6829
6830
6831
6832
6833
6835
6836
6837
6838
6845
6849
6850
6851
6852
6853
6855
6856
6858
6859
6861
6862
6864
6865
6866
6868
6869
6871
6872
6873
6874
6875
6877
6878
6887
6888
6890
6891
6893
6894
6896
6897
6898
6900
6901
6903
6904
6906
6907
6909
6910
6912
6913
6914
6916
6917
6919
6920
6921
6922
6923
6925
6926
6936
6937
6939
6940
6942
6943
6945
6946
6948
6949
6950
6952
6953
6955
6956
6957
6958
6959
6961
6962
6963
6964
6965
6974
6975
6976
6978
6979
6980
6981
6982
6984
6985
6986
6987
6988
6990
6991
6993
6994
6996
6997
6999
7000
7001
7003
7005
7006
7007
7008
7010
7011
7013
7014
7024
7026
7027
7028
7030
7031
7033
7034
7036
7037
7039
7040
7042
7043
7044
7046
7047
7049
7050
7052
7053
7062
7063
7064
7065
7067
7068
7070
7071
7073
7074
7076
7077
7078
7080
7081
7083
7084
7086
7087
7089
7090
7093
7094
7095
7096
7097
7098
7099
7101
7102
7108
7112
7113
7115
7116
7118
7119
7120
7121
7122
7124
7125
7127
7128
7129
7130
7131
7133
7134
7135
7136
7137
7139
7140
7141
7142
7151
7153
7154
7156
7157
7159
7160
7162
7163
7164
7166
7167
7168
7169
7170
7172
7173
7175
7176
7177
7178
7179
7181
7182
7184
7185
7186
7187
7188
7190
7200
7201
7203
7204
7205
7206
7207
7209
7210
7211
7212
7213
7215
7216
7217
7218
7219
7221
7222
7224
7225
7226
7227
7228
7230
7239
7240
7243
7244
7246
7247
7248
7250
7251
7253
7254
7255
7256
7257
7259
7260
7261
7262
7263
7265
7266
7268
7269
7270
7271
7272
7273
7274
7275
7277
7278
7288
7289
7291
7292
7293
7294
7295
7297
7298
7299
7300
7301
7303
7304
7306
7307
7309
7310
7311
7312
7313
7315
7316
7318
7327
7329
7330
7331
7333
7334
7335
7337
7338
7340
7341
7342
7344
7345
7347
7348
7349
7350
7351
7353
7354
7356
7357
7358
7360
7361
7363
7364
7365
7366
7376
7378
7379
7381
7382
7383
7385
7386
7388
7389
7391
7392
7393
7394
7395
7397
7398
7400
7401
7403
7404
7405
7406
7415
7416
7417
7418
7419
7420
7421
7423
7424
7425
7426
7427
7429
7430
7432
7433
7435
7436
7437
7438
7439
7441
7442
7444
7445
7446
7447
7448
7450
7451
7452
7453
7454
7465
7466
7467
7468
7469
7471
7472
7473
7474
7476
7477
7478
7480
7481
7482
7483
7485
7486
7488
7489
7491
7492
7493
7503
7504
7505
7506
7507
7508
7509
7510
7511
7513
7514
7515
7516
7517
7519
7520
7522
7523
7525
7526
7528
7529
7530
7532
7533
7535
7536
7538
7539
7541
7542
7552
7553
7555
7556
7558
7559
7561
7562
7563
7565
7566
7567
7568
7570
7571
7572
7574
7575
7577
7578
7579
7580
7581
7591
7592
7593
7594
7596
7597
7599
7600
7601
7603
7604
7606
7607
7608
7609
7611
7612
7613
7615
7616
7617
7618
7619
7621
7622
7623
7624
7625
7627
7628
7630
7641
7643
7644
7645
7647
7648
7650
7651
7652
7653
7654
7655
7656
7657
7659
7660
7662
7663
7664
7665
7666
7668
7669
7679
7680
7681
7682
7684
7685
7687
7688
7689
7691
7692
7694
7695
7697
7698
7699
7700
7701
7703
7704
7706
7707
7708
7709
7710
7712
7713
7715
7716
7717
7718
7729
7730
7732
7733
7735
7736
7738
7739
7740
7742
7743
7745
7746
7747
7748
7749
7751
7752
7754
7755
7756
7757
7758
7767
7768
7769
7770
7771
7772
7773
7774
7776
7777
7779
7780
7782
7783
7785
7786
7788
7789
7791
7792
7793
7795
7796
7798
7799
7801
7802
7803
7805
7806
7812
7816
7817
7818
7820
7821
7822
7824
7825
7827
7828
7829
7830
7831
7833
7834
7836
7837
7840
7841
7843
7844
7846
7855
7856
7857
7858
7859
7860
7862
7863
7865
7866
7868
7869
7870
7872
7873
7875
7876
7877
7878
7879
7881
7882
7884
7885
7886
7887
7888
7890
7891
7892
7893
7894
7906
7907
7908
7910
7911
7913
7914
7916
7917
7919
7920
7922
7923
7924
7926
7927
7929
7930
7932
7933
7941
7942
7944
7945
7946
7948
7949
7951
7952
7954
7955
7957
7958
7960
7961
7962
7964
7965
7967
7968
7969
7970
7971
7973
7974
7976
7977
7978
7979
7980
7982
7988
7992
7994
7995
7996
7997
7998
8000
8001
8003
8005
8006
8007
8009
8010
8012
8013
8014
8015
8016
8018
8019
8020
8021
8022
8032
8033
8034
8036
8037
8039
8040
8041
8042
8043
8045
8046
8048
8049
8051
8052
8053
8055
8056
8058
8059
8061
8062
8064
8065
8067
8068
8070
8080
8082
8083
8085
8086
8088
8089
8091
8092
8094
8095
8096
8098
8099
8101
8102
8104
8105
8107
8108
8109
8110
8118
8119
8121
8122
8123
8125
8126
8128
8129
8131
8132
8133
8135
8136
8138
8139
8141
8142
8144
8145
8146
8148
8149
8151
8152
8154
8155
8156
8157
8158
8169
8170
8172
8173
8175
8176
8178
8179
8180
8181
8182
8184
8185
8187
8188
8189
8190
8191
8193
8194
8195
8196
8197
8207
8208
8209
8210
8212
8213
8215
8216
8218
8219
8221
8222
8224
8225
8226
8228
8229
8231
8232
8233
8234
8235
8237
8238
8241
8242
8243
8245
8246
8257
8258
8260
8261
8263
8264
8265
8266
8267
8269
8270
8272
8273
8274
8275
8276
8278
8279
8281
8282
8284
8285
8294
8296
8297
8298
8299
8301
8302
8303
8304
8305
8307
8308
8310
8311
8312
8313
8315
8316
8317
8319
8320
8321
8322
8323
8325
8326
8327
8328
8329
8331
8332
8334
8345
8346
8348
8349
8350
8352
8353
8355
8356
8357
8358
8359
8361
8362
8363
8364
8365
8367
8368
8370
8371
8372
8373
8374
8384
8385
8386
8387
8388
8389
8391
8392
8394
8395
8397
8398
8399
8401
8402
8404
8405
8407
8408
8410
8411
8413
8414
8416
8417
8419
8420
8421
8428
8434
8435
8436
8438
8439
8441
8442
8443
8445
8446
8448
8449
8450
8451
8452
8454
8455
8456
8457
8458
8460
8461
8470
8471
8474
8475
8476
8478
8479
8481
8482
8484
8485
8486
8488
8489
8491
8492
8493
8494
8495
8497
8498
8500
8501
8502
8503
8504
8506
8507
8508
8509
8510
8521
8522
8523
8524
8526
8527
8528
8529
8530
8532
8533
8535
8536
8537
8538
8539
8541
8542
8543
8544
8545
8547
8548
8550
8559
8560
8561
8563
8564
8566
8567
8568
8570
8571
8572
8573
8574
8576
8577
8579
8580
8581
8582
8583
8585
8586
8587
8588
8589
8591
8592
8593
8594
8595
8597
8598
8608
8609
8611
8612
8614
8615
8616
8617
8618
8620
8621
8622
8623
8624
8626
8627
8629
8630
8631
8632
8633
8635
8636
8638
8647
8648
8649
8650
8652
8653
8655
8656
8657
8658
8659
8661
8662
8663
8664
8665
8667
8668
8670
8671
8673
8674
8676
8677
8678
8680
8681
8683
8684
8685
8686
8696
8698
8699
8700
8701
8702
8704
8705
8706
8707
8708
8710
8711
8712
8713
8714
8716
8717
8719
8720
8722
8723
8725
8726
8735
8736
8737
8738
8740
8741
8742
8743
8744
8745
8746
8747
8749
8750
8751
8752
8753
8755
8756
8757
8758
8759
8761
8762
8763
8764
8765
8767
8768
8770
8771
8773
8774
8785
8786
8788
8789
8791
8792
8793
8794
8795
8797
8798
8799
8800
8801
8803
8804
8806
8807
8808
8809
8810
8812
8813
8822
8824
8825
8826
8827
8829
8830
8832
8833
8835
8836
8837
8838
8840
8841
8843
8844
8845
8847
8848
8850
8851
8853
8854
8856
8857
8859
8860
8861
8872
8873
8875
8876
8877
8879
8881
8882
8883
8885
8886
8888
8889
8891
8892
8893
8894
8895
8897
8898
8900
8901
8902
8911
8912
8913
8914
8916
8917
8918
8919
8920
8921
8922
8923
8925
8926
8927
8928
8929
8931
8932
8934
8935
8937
8938
8939
8941
8942
8943
8944
8945
8947
8948
8950
8954
8957
8961
8963
8964
8965
8967
8968
8970
8971
8972
8973
8974
8976
8978
8979
8980
8982
8983
8985
8986
8987
8988
8989
8999
9000
9001
9003
9004
9006
9007
9008
9010
9011
9013
9014
9016
9017
9019
9020
9021
9023
9024
9026
9027
9029
9030
9032
9033
9035
9036
9037
9048
9049
9051
9052
9053
9055
9056
9058
9059
9061
9062
9063
9065
9066
9068
9069
9071
9072
9074
9075
9077
9078
9086
9087
9088
9089
9090
9091
9093
9094
9096
9097
9099
9100
9101
9103
9104
9106
9107
9108
9109
9110
9112
9113
9115
9116
9117
9118
9119
9121
9122
9123
9124
9125
9136
9137
9138
9139
9141
9142
9143
9144
9145
9147
9148
9150
9151
9153
9154
9155
9157
9158
9159
9160
9161
9163
9164
9166
9175
9176
9177
9178
9180
9181
9182
9184
9185
9187
9188
9189
9190
9191
9193
9194
9195
9196
9197
9199
9200
9202
9203
9204
9205
9206
9208
9209
9210
9211
9212
9214
9220
9225
9226
9228
9229
9231
9232
9234
9235
9236
9238
9239
9241
9242
9243
9244
9245
9247
9248
9249
9250
9251
9253
9254
9263
9264
9265
9267
9268
9270
9271
9272
9274
9275
9277
9278
9279
9280
9281
9283
9284
9285
9286
9287
9289
9290
9291
9292
9293
9295
9296
9298
9299
9301
9302
9312
9314
9315
9317
9318
9320
9321
9323
9324
9325
9327
9329
9331
9332
9333
9334
9335
9337
9338
9340
9341
9342
9350
9351
9355
9359
9360
9361
9363
9364
9365
9367
9368
9369
9371
9372
9373
9375
9376
9377
9379
9380
9382
9383
9384
9385
9386
9388
9389
9394
9396
9400
9401
9403
9404
9405
9407
9408
9410
9411
9413
9414
9415
9417
9418
9420
9421
9423
9424
9425
9426
9427
9429
9430
9440
9441
9442
9443
9444
9445
9447
9448
9449
9450
9451
9453
9454
9456
9457
9458
9459
9460
9462
9463
9464
9465
9466
9468
9469
9471
9472
9474
9475
9477
9478
9488
9490
9491
9493
9494
9495
9497
9498
9500
9501
9503
9504
9506
9507
9509
9510
9511
9513
9514
9516
9517
9518
9526
9527
9528
9530
9531
9532
9533
9534
9536
9537
9539
9540
9541
9542
9543
9545
9546
9547
9548
9549
9551
9552
9554
9555
9557
9558
9560
9561
9563
9564
9565
9572
9577
9578
9579
9581
9582
9584
9585
9587
9588
9590
9591
9592
9594
9595
9597
9598
9599
9600
9601
9603
9604
9606
9614
9615
9617
9618
9619
9621
9622
9623
9624
9625
9627
9628
9630
9631
9633
9634
9635
9636
9637
9639
9640
9642
9643
9644
9645
9646
9648
9649
9651
9652
9653
9654
9660
9665
9667
9668
9669
9671
9672
9673
9674
9675
9677
9678
9679
9680
9681
9683
9684
9686
9687
9688
9689
9690
9692
9693
9694
9703
9704
9705
9706
9707
9708
9710
9711
9712
9713
9714
9716
9717
9719
9720
9721
9722
9723
9725
9726
9727
9728
9729
9731
9732
9734
9735
9736
9737
9738
9740
9741
9742
9749
9754
9755
9756
9758
9759
9761
9762
9763
9764
9765
9767
9768
9769
9770
9771
9772
9773
9774
9776
9777
9779
9780
9782
9791
9792
9793
9795
9796
9797
9799
9800
9802
9803
9804
9805
9806
9808
9809
9811
9812
9814
9815
9816
9818
9819
9821
9822
9824
9825
9826
9827
9828
9830
9847
9848
9849
9851
9852
9854
9855
9857
9858
9860
9861
9862
9864
9865
9867
9868
9869
9870
9877
9878
9879
9880
9882
9883
9885
9886
9888
9889
9890
9892
9893
9895
9896
9897
9898
9899
9901
9902
9904
9905
9906
9907
9908
9910
9911
9918
9921
9924
9925
9927
9928
9930
9931
9932
9934
9935
9937
9938
9940
9941
9943
9944
9946
9947
9948
9950
9951
9952
9953
9954
9964
9965
9967
9968
9970
9971
9972
9974
9975
9977
9978
9979
9980
9981
9983
9985
9986
9988
9989
9991
9992
9993
9995
9998
9999
10001
10002
10006
10013
10015
10016
10017
10019
10020
10022
10023
10024
10025
10027
10028
10029
10031
10032
10034
10035
10036
10038
10039
10041
10042
10046
10052
10053
10055
10056
10057
10059
10060
10061
10062
10063
10065
10066
10068
10069
10070
10071
10072
10074
10075
10077
10078
10080
10081
10083
10084
10085
10087
10088
10090
10100
10102
10103
10105
10106
10107
10108
10109
10111
10112
10114
10115
10117
10118
10119
10121
10122
10123
10124
10125
10127
10128
10129
10130
10139
10140
10141
10142
10143
10144
10146
10147
10149
10150
10151
10153
10154
10156
10157
10159
10160
10162
10163
10164
10166
10167
10168
10169
10170
10172
10173
10175
10176
10178
10188
10189
10191
10192
10193
10194
10195
10197
10198
10199
10200
10201
10203
10204
10206
10207
10208
10209
10210
10212
10213
10215
10216
10218
10227
10228
10229
10231
10232
10233
10235
10236
10238
10239
10240
10241
10242
10244
10245
10247
10248
10249
10250
10251
10253
10254
10255
10256
10257
10259
10260
10262
10263
10264
10265
10266
10277
10278
10279
10281
10282
10284
10285
10286
10287
10288
10290
10291
10293
10294
10295
10296
10297
10299
10300
10302
10303
10304
10305
10306
10316
10317
10318
10319
10320
10321
10323
10324
10326
10327
10329
10330
10332
10333
10335
10336
10337
10339
10340
10341
10342
10343
10345
10346
10348
10349
10350
10351
10352
10354
10364
10366
10367
10369
10370
10371
10373
10374
10376
10377
10379
10380
10381
10382
10383
10385
10386
10387
10388
10389
10391
10392
10394
10403
10404
10405
10406
10407
10408
10409
10411
10412
10413
10414
10415
10416
10417
10418
10420
10421
10422
10423
10424
10426
10427
10428
10429
10431
10432
10433
10435
10436
10438
10439
10440
10441
10442
10455
10456
10458
10459
10461
10462
10464
10465
10467
10468
10469
10471
10472
10474
10475
10476
10477
10478
10480
10481
10490
10491
10492
10493
10495
10496
10498
10499
10500
10502
10503
10505
10506
10508
10509
10510
10511
10512
10514
10515
10517
10518
10519
10520
10521
10523
10524
10525
10526
10527
10529
10530
10541
10542
10544
10545
10546
10548
10549
10551
10552
10553
10554
10555
10557
10558
10559
10560
10561
10563
10564
10566
10567
10568
10569
10570
10579
10580
10581
10582
10583
10585
10586
10587
10588
10589
10591
10592
10594
10595
10596
10597
10598
10600
10601
10603
10604
10606
10607
10608
10609
10610
10612
10613
10615
10616
10617
10618
10625
10629
10630
10632
10633
10635
10636
10638
10639
10641
10642
10643
10645
10646
10648
10649
10650
10651
10652
10654
10655
10656
10657
10658
10667
10668
10669
10670
10671
10673
10674
10676
10677
10679
10680
10681
10683
10684
10686
10687
10689
10690
10692
10693
10694
10696
10697
10699
10700
10701
10702
10703
10705
10706
10716
10717
10719
10720
10722
10723
10725
10726
10728
10729
10730
10732
10733
10735
10736
10737
10738
10739
10741
10742
10744
10745
10746
10755
10756
10757
10758
10760
10761
10763
10764
10765
10767
10768
10770
10771
10772
10773
10774
10776
10777
10779
10780
10781
10782
10783
10785
10786
10788
10789
10791
10792
10793
10794
10804
10805
10807
10808
10809
10810
10811
10813
10814
10816
10817
10818
10819
10820
10822
10823
10825
10826
10827
10828
10829
10831
10832
10834
10843
10844
10845
10846
10848
10849
10851
10852
10853
10854
10855
10857
10858
10860
10861
10862
10863
10864
10866
10867
10868
10869
10870
10872
10873
10875
10876
10877
10878
10879
10881
10882
10892
10893
10894
10895
10897
10898
10899
10900
10901
10903
10904
10905
10906
10907
10909
10910
10912
10913
10914
10915
10917
10918
10920
10921
10922
10932
10934
10935
10936
10937
10938
10939
10940
10942
10943
10944
10945
10946
10948
10949
10951
10952
10954
10955
10957
10958
10959
10961
10962
10964
10965
10967
10968
10970
10979
10980
10981
10982
10984
10986
10987
10988
10990
10991
10993
10994
10995
10996
10997
10999
11000
11001
11002
11003
11005
11006
11007
11008
11009
11019
11020
11022
11023
11024
11026
11027
11028
11029
11030
11032
11033
11035
11036
11037
11038
11039
11041
11042
11044
11045
11046
11047
11048
11050
11051
11052
11053
11054
11056
11057
11068
11070
11071
11072
11074
11075
11077
11078
11080
11081
11083
11084
11085
11087
11088
11090
11091
11093
11094
11096
11097
11106
11107
11108
11109
11110
11111
11112
11114
11115
11116
11117
11118
11120
11121
11123
11124
11125
11126
11127
11129
11130
11131
11132
11133
11135
11136
11138
11139
11141
11142
11143
11145
11146
11158
11159
11161
11162
11163
11164
11165
11167
11168
11170
11171
11173
11174
11176
11177
11178
11180
11181
11183
11184
11185
11186
11194
11195
11198
11199
11200
11202
11203
11204
11205
11206
11208
11209
11210
11211
11212
11214
11215
11216
11217
11218
11220
11221
11223
11224
11225
11226
11227
11229
11230
11231
11232
11233
11244
11246
11247
11248
11249
11250
11252
11253
11254
11255
11256
11258
11259
11260
11261
11262
11264
11265
11267
11268
11269
11270
11271
11273
11274
11284
11285
11286
11288
11289
11291
11292
11294
11295
11297
11298
11300
11301
11302
11304
11305
11307
11308
11309
11310
11311
11313
11314
11315
11316
11317
11319
11320
11322
11332
11333
11334
11335
11337
11338
11340
11341
11343
11344
11346
11347
11349
11350
11351
11353
11354
11356
11357
11358
11359
11360
11362
11372
11373
11375
11376
11377
11379
11380
11382
11383
11385
11386
11388
11389
11390
11392
11393
11395
11396
11397
11398
11399
11401
11402
11403
11404
11405
11407
11408
11410
11415
11424
11425
11427
11428
11429
11431
11432
11434
11435
11437
11438
11440
11441
11442
11444
11445
11447
11448
11449
11450
11458
11459
11460
11461
11463
11464
11466
11467
11468
11470
11471
11472
11473
11474
11476
11477
11478
11479
11480
11482
11483
11485
11486
11487
11488
11489
11491
11492
11494
11495
11497
11498
11508
11511
11512
11514
11515
11516
11517
11518
11520
11521
11523
11524
11525
11526
11527
11529
11530
11531
11532
11533
11535
11536
11538
11546
11547
11550
11551
11552
11554
11555
11556
11557
11558
11560
11561
11563
11564
11566
11567
11569
11570
11571
11573
11574
11576
11577
11578
11579
11580
11582
11583
11584
11585
11586
11598
11599
11600
11602
11603
11605
11606
11608
11609
11611
11612
11613
11615
11616
11618
11619
11621
11622
11624
11625
11626
11636
11637
11638
11639
11641
11642
11644
11645
11647
11648
11649
11651
11652
11654
11655
11656
11657
11658
11660
11661
11663
11664
11665
11666
11667
11669
11670
11671
11672
11673
11684
11686
11687
11688
11690
11691
11693
11694
11695
11696
11697
11699
11700
11701
11702
11703
11705
11706
11707
11708
11709
11711
11712
11714
11723
11724
11725
11726
11727
11729
11730
11732
11733
11735
11736
11737
11738
11739
11741
11742
11744
11745
11746
11747
11748
11750
11751
11752
11753
11754
11756
11757
11759
11760
11761
11762
11772
11774
11775
11776
11777
11778
11780
11781
11783
11784
11786
11787
11789
11790
11792
11793
11794
11796
11797
11799
11800
11801
11802
11811
11812
11813
11814
11816
11817
11818
11819
11820
11821
11822
11823
11825
11826
11828
11829
11830
11831
11832
11834
11835
11836
11837
11838
11840
11841
11843
11844
11845
11846
11847
11849
11850
11861
11862
11864
11865
11867
11868
11869
11870
11871
11873
11874
11875
11876
11877
11879
11880
11882
11883
11885
11886
11887
11888
11889
11899
11900
11901
11902
11903
11904
11906
11907
11908
11909
11910
11912
11913
11915
11916
11917
11918
11919
11921
11922
11924
11925
11927
11928
11929
11930
11931
11933
11934
11936
11937
11948
11950
11951
11952
11954
11955
11956
11957
11958
11960
11961
11963
11964
11966
11967
11968
11969
11970
11972
11973
11974
11975
11976
11978
11988
11989
11990
11991
11993
11994
11996
11997
11998
12000
12001
12003
12004
12005
12006
12007
12009
12010
12012
12013
12014
12015
12016
12018
12019
12020
12021
12022
12024
12025
12036
12037
12039
12040
12041
12042
12043
12045
12046
12048
12049
12050
12051
12053
12054
12055
12057
12058
12059
12060
12061
12063
12064
12066
12075
12076
12077
12078
12080
12081
12083
12084
12086
12087
12088
12094
12095
12096
12098
12099
12100
12101
12102
12103
12104
12106
12107
12108
12109
12110
12111
12112
12114
12115
12116
12118
12119
12120
12122
12123
12125
12126
12127
12129
12135
12136
12137
12138
12139
12141
12142
12143
12144
12146
12147
12148
12149
12150
12151
12152
12154
12155
12156
12158
12159
12160
12162
12163
12164
12165
12167
12168
12171
12175
12176
12177
12179
12180
12181
12182
12184
12185
12186
12188
12189
12190
12192
12193
12194
12196
12197
12199
12200
12201
12202
12203
12205
12206
12207
12215
12217
12218
12219
12221
12222
12223
12225
12226
12227
12228
12230
12231
12232
12233
12234
12235
12236
12238
12239
12241
12242
12244
12245
12247
12248
12255
12256
12257
12259
12260
12261
12262
12264
12265
12266
12268
12269
12270
12271
12272
12273
12274
12276
12277
12279
12280
12282
12283
12285
12291
12292
12294
12295
12297
12298
12299
12300
12302
12303
12304
12306
12307
12308
12310
12311
12312
12314
12315
12316
12318
12319
12321
12322
12323
12324
12325
12329
12330
12332
12333
12335
12336
12337
12339
12340
12342
12343
12344
12346
12347
12349
12350
12352
12353
12354
12358
12359
12360
12362
12366
12367
12369
12370
12371
12373
12374
12376
12377
12379
12380
12382
12383
12385
12386
12388
12389
12390
12392
12393
12403
12404
12405
12406
12408
12409
12411
12412
12413
12414
12415
12417
12418
12419
12420
12421
12423
12424
12426
12427
12428
12429
12430
12432
12433
12435
12436
12437
12438
12439
12441
12442
12453
12455
12456
12458
12459
12460
12461
12462
12464
12465
12467
12468
12469
12470
12471
12473
12474
12475
12476
12477
12479
12480
12482
12491
12492
12493
12494
12495
12496
12497
12498
12499
12501
12502
12504
12505
12506
12507
12508
12510
12511
12512
12513
12514
12516
12517
12519
12520
12522
12523
12525
12526
12528
12529
12530
12542
12543
12544
12546
12547
12549
12550
12551
12552
12554
12555
12556
12558
12559
12561
12562
12564
12566
12568
12569
12570
12579
12580
12581
12583
12584
12586
12587
12588
12590
12591
12592
12593
12594
12596
12597
12599
12600
12601
12602
12603
12605
12606
12608
12609
12610
12611
12612
12614
12615
12617
12618
12628
12630
12631
12632
12633
12634
12636
12637
12638
12639
12640
12642
12643
12644
12645
12646
12648
12649
12650
12651
12652
12654
12655
12657
12658
12667
12668
12669
12670
12672
12673
12675
12676
12678
12679
12680
12681
12682
12684
12685
12687
12688
12689
12690
12691
12693
12694
12695
12696
12697
12699
12700
12702
12703
12705
12706
12716
12717
12718
12719
12721
12722
12724
12725
12726
12727
12728
12730
12731
12733
12734
12736
12737
12738
12740
12741
12743
12744
12746
12754
12755
12758
12759
12760
12762
12763
12764
12765
12766
12768
12769
12771
12772
12773
12774
12775
12777
12778
12780
12781
12782
12783
12784
12786
12787
12789
12790
12792
12793
12800
12804
12805
12807
12808
12810
12811
12813
12814
12816
12817
12818
12820
12821
12823
12824
12825
12826
12827
12829
12830
12831
12832
12833
12843
12844
12845
12846
12848
12849
12851
12852
12853
12854
12855
12857
12858
12859
12860
12861
12863
12864
12866
12867
12869
12870
12871
12873
12874
12876
12877
12879
12880
12881
12882
12892
12894
12895
12897
12898
12899
12901
12902
12904
12905
12907
12908
12909
12911
12912
12914
12915
12916
12917
12918
12920
12921
12930
12931
12932
12934
12935
12937
12938
12939
12941
12942
12944
12945
12947
12948
12949
12951
12952
12954
12955
12956
12957
12958
12960
12961
12963
12964
12966
12967
12969
12970
12980
12981
12982
12983
12984
12986
12987
12988
12989
12990
12991
12992
12993
12995
12996
12998
12999
13000
13001
13002
13004
13005
13007
13008
13009
13010
13019
13020
13021
13023
13024
13025
13026
13027
13028
13029
13030
13032
13033
13035
13036
13037
13038
13039
13041
13042
13043
13044
13045
13047
13048
13050
13051
13052
13053
13054
13056
13057
13058
13069
13070
13071
13072
13073
13075
13076
13078
13079
13081
13082
13083
13085
13086
13088
13089
13090
13091
13092
13094
13095
13096
13097
13098
13107
13110
13111
13112
13114
13115
13116
13117
13118
13120
13121
13122
13123
13124
13126
13127
13129
13130
13132
13133
13134
13136
13137
13139
13140
13142
13143
13144
13146
13156
13157
13159
13160
13161
13162
13163
13165
13166
13168
13169
13170
13171
13172
13174
13175
13176
13177
13178
13180
13181
13183
13184
13185
13186
13195
13196
13197
13198
13200
13201
13203
13204
13205
13206
13207
13209
13210
13212
13213
13214
13215
13216
13218
13219
13220
13221
13222
13224
13225
13227
13228
13229
13230
13231
13232
13233
13245
13246
13248
13249
13251
13252
13253
13254
13255
13257
13258
13259
13260
13261
13263
13264
13266
13267
13268
13269
13270
13272
13273
13287
13288
13289
13291
13292
13293
13295
13296
13297
13298
13299
13301
13302
13303
13304
13305
13307
13308
13310
13311
13312
13313
13314
13316
13317
13319
13320
13321
13322
13323
13325
13326
13336
13338
13339
13341
13342
13344
13345
13347
13348
13350
13351
13353
13354
13355
13357
13358
13360
13361
13363
13364
13365
13366
13374
13375
13378
13379
13380
13382
13383
13384
13385
13386
13388
13389
13391
13392
13393
13394
13395
13397
13398
13400
13401
13403
13404
13405
13407
13408
13410
13411
13412
13413
13414
13425
13427
13428
13430
13431
13432
13434
13435
13437
13438
13440
13441
13443
13444
13446
13447
13448
13450
13451
13452
13453
13454
13463
13464
13466
13467
13468
13470
13471
13473
13474
13476
13477
13478
13479
13480
13481
13483
13484
13486
13487
13488
13490
13491
13492
13493
13494
13496
13497
13499
13500
13501
13502
13509
13513
13514
13515
13516
13517
13519
13520
13521
13522
13523
13525
13526
13527
13528
13529
13531
13532
13534
13535
13536
13537
13538
13540
13541
13551
13552
13553
13554
13556
13557
13559
13560
13561
13562
13563
13565
13566
13568
13569
13570
13571
13572
13574
13575
13576
13577
13578
13580
13581
13582
13583
13584
13586
13587
13589
13590
13600
13602
13603
13605
13606
13608
13609
13611
13612
13613
13615
13616
13618
13619
13621
13622
13624
13625
13626
13628
13629
13638
13639
13640
13641
13643
13644
13645
13646
13647
13649
13650
13651
13653
13654
13656
13657
13659
13660
13662
13663
13665
13666
13667
13669
13670
13672
13673
13674
13675
13676
13677
13678
13685
13689
13690
13691
13693
13694
13696
13697
13698
13699
13700
13702
13703
13704
13705
13706
13708
13709
13711
13712
13713
13714
13715
13717
13718
13727
13728
13729
13731
13732
13734
13735
13736
13738
13739
13741
13742
13743
13744
13745
13747
13748
13750
13751
13753
13754
13756
13757
13758
13760
13761
13763
13764
13766
13775
13777
13778
13780
13781
13783
13784
13785
13786
13787
13789
13790
13792
13793
13794
13795
13796
13798
13799
13801
13802
13803
13804
13806
13811
13812
13821
13823
13825
13826
13828
13829
13831
13832
13834
13835
13836
13839
13840
13841
13842
13843
13845
13846
13848
13849
13856
13862
13863
13865
13866
13868
13869
13871
13872
13874
13875
13877
13878
13879
13881
13882
13883
13884
13885
13887
13888
13889
13890
13899
13901
13902
13903
13905
13906
13908
13909
13911
13912
13913
13914
13915
13917
13918
13919
13920
13921
13923
13924
13926
13927
13928
13929
13930
13940
13942
13943
13944
13945
13946
13948
13949
13951
13952
13954
13956
13957
13959
13960
13961
13963
13964
13965
13966
13967
13969
13970
13979
13980
13982
13983
13984
13986
13987
13988
13989
13990
13992
13993
13995
13996
13997
13998
13999
14001
14002
14004
14005
14007
14008
14009
14010
14011
14013
14014
14015
14016
14017
14029
14030
14031
14033
14034
14035
14036
14037
14039
14040
14042
14043
14044
14045
14046
14048
14049
14051
14052
14053
14054
14055
14057
14058
14067
14070
14071
14072
14074
14075
14076
14077
14078
14080
14081
14083
14084
14085
14086
14087
14089
14090
14092
14093
14095
14096
14098
14099
14100
14102
14103
14104
14105
14106
14117
14118
14120
14121
14123
14124
14126
14127
14129
14130
14132
14133
14134
14136
14137
14139
14140
14141
14142
14143
14145
14146
14155
14156
14157
14159
14160
14162
14163
14164
14165
14166
14168
14169
14171
14172
14174
14175
14176
14178
14179
14181
14182
14183
14184
14185
14187
14188
14189
14190
14191
14193
14194
14205
14207
14208
14209
14210
14211
14213
14214
14215
14216
14217
14219
14220
14222
14223
14224
14225
14226
14228
14229
14231
14232
14233
14234
14243
14244
14245
14247
14248
14249
14251
14252
14254
14255
14256
14257
14258
14260
14261
14263
14264
14265
14266
14267
14269
14270
14271
14272
14273
14275
14276
14278
14279
14281
14282
14288
14293
14294
14296
14297
14298
14300
14301
14303
14304
14305
14306
14307
14309
14310
14311
14312
14313
14315
14316
14318
14319
14320
14321
14322
14332
14333
14334
14336
14337
14339
14340
14342
14343
14344
14346
14347
14349
14350
14351
14352
14353
14355
14356
14358
14359
14361
14362
14364
14365
14366
14368
14369
14370
14383
14384
14385
14386
14387
14388
14389
14391
14392
14393
14395
14397
14398
14400
14401
14403
14404
14405
14407
14408
14409
14410
14418
14419
14420
14421
14422
14423
14425
14426
14427
14428
14430
14431
14432
14434
14435
14437
14438
14440
14441
14443
14444
14445
14447
14448
14450
14451
14453
14454
14456
14457
14458
14470
14471
14472
14474
14475
14477
14478
14480
14481
14483
14484
14486
14487
14488
14490
14491
14492
14493
14494
14496
14497
14506
14507
14508
14510
14511
14513
14514
14515
14517
14518
14520
14521
14523
14524
14526
14527
14528
14529
14530
14532
14533
14535
14536
14538
14539
14541
14542
14543
14545
14546
14556
14557
14558
14560
14561
14563
14564
14566
14567
14569
14570
14571
14572
14573
14574
14576
14577
14579
14580
14581
14582
14583
14585
14586
14595
14598
14599
14600
14602
14603
14604
14605
14606
14608
14609
14610
14611
14612
14614
14615
14617
14618
14620
14621
14622
14624
14625
14627
14628
14629
14630
14631
14633
14634
14644
14646
14647
14648
14650
14651
14652
14653
14654
14656
14657
14659
14660
14661
14662
14663
14665
14666
14668
14669
14671
14672
14673
14682
14683
14686
14687
14688
14690
14691
14692
14693
14694
14696
14697
14698
14699
14700
14702
14703
14704
14705
14706
14708
14709
14711
14712
14714
14715
14717
14718
14719
14721
14722
14732
14733
14735
14736
14738
14739
14741
14742
14744
14745
14746
14748
14749
14751
14752
14753
14755
14756
14758
14759
14761
14762
14770
14771
14772
14773
14774
14775
14777
14778
14780
14781
14783
14784
14785
14787
14788
14790
14791
14793
14794
14796
14797
14798
14800
14801
14803
14804
14805
14806
14807
14808
14809
14810
14822
14823
14824
14826
14827
14828
14829
14830
14832
14833
14835
14836
14838
14840
14841
14843
14844
14846
14847
14848
14850
14858
14859
14860
14861
14863
14864
14865
14866
14867
14869
14870
14871
14872
14873
14875
14876
14878
14879
14881
14882
14884
14885
14886
14888
14889
14891
14892
14893
14894
14895
14897
14898
14908
14910
14911
14914
14915
14917
14918
14919
14920
14921
14923
14924
14925
14926
14927
14929
14930
14931
14932
14933
14935
14936
14938
14946
14948
14949
14950
14951
14953
14954
14956
14957
14959
14960
14962
14963
14964
14966
14967
14969
14970
14972
14973
14975
14976
14977
14979
14980
14982
14983
14984
14985
14986
14992
14996
14997
14999
15000
15001
15002
15004
15006
15007
15008
15010
15011
15013
15014
15015
15016
15017
15019
15020
15021
15022
15023
15025
15026
15035
15037
15038
15039
15041
15042
15044
15046
15047
15049
15050
15052
15053
15054
15056
15057
15059
15060
15061
15062
15063
15065
15066
15067
15068
15069
15071
15072
15074
15084
15086
15087
15089
15090
15091
15093
15094
15096
15097
15098
15099
15100
15102
15103
15104
15105
15106
15108
15109
15110
15111
15112
15114
15123
15124
15125
15126
15127
15129
15130
15132
15133
15135
15136
15137
15139
15140
15142
15143
15144
15145
15146
15148
15149
15150
15151
15152
15154
15155
15157
15158
15159
15160
15161
15172
15174
15175
15177
15178
15179
15180
15181
15183
15184
15186
15187
15189
15190
15191
15193
15194
15195
15196
15197
15199
15200
15201
15202
15211
15212
15213
15214
15216
15217
15218
15220
15221
15223
15224
15225
15226
15227
15229
15230
15232
15233
15235
15236
15238
15239
15240
15242
15243
15244
15245
15246
15248
15249
15260
15261
15263
15264
15266
15267
15268
15270
15271
15272
15273
15274
15276
15277
15279
15280
15281
15282
15283
15285
15286
15288
15289
15298
15300
15301
15302
15303
15305
15306
15307
15308
15309
15311
15312
15314
15315
15317
15318
15320
15321
15322
15324
15325
15327
15328
15330
15331
15333
15334
15335
15337
15338
15347
15349
15350
15351
15352
15353
15355
15356
15357
15358
15359
15361
15362
15363
15364
15365
15367
15368
15370
15371
15372
15373
15374
15376
15377
15378
15387
15389
15390
15391
15392
15393
15395
15396
15398
15399
15401
15402
15404
15405
15406
15408
15409
15411
15412
15413
15414
15415
15417
15418
15427
15428
15430
15431
15432
15434
15435
15437
15438
15440
15441
15442
15444
15445
15447
15448
15449
15450
15451
15453
15454
15455
15456
15457
15459
15460
15462
15463
15465
15466
15476
15477
15478
15479
15481
15482
15484
15485
15486
15487
15488
15490
15491
15492
15493
15494
15496
15497
15499
15500
15501
15502
15503
15505
15506
15515
15518
15519
15520
15522
15523
15524
15525
15526
15528
15529
15531
15532
15534
15535
15537
15538
15539
15541
15542
15544
15545
15546
15547
15548
15550
15551
15552
15553
15554
15565
15567
15568
15569
15570
15571
15573
15574
15575
15576
15577
15579
15580
15581
15582
15583
15585
15586
15587
15588
15589
15591
15592
15594
15603
15604
15605
15606
15607
15608
15609
15611
15612
15614
15615
15617
15618
15619
15621
15622
15624
15625
15627
15628
15629
15630
15631
15633
15634
15635
15636
15637
15639
15640
15641
15642
15653
15654
15655
15656
15657
15659
15660
15662
15663
15665
15666
15667
15669
15670
15671
15672
15673
15675
15676
15678
15679
15680
15681
15682
15691
15692
15694
15695
15696
15698
15699
15700
15701
15702
15704
15705
15707
15708
15709
15710
15711
15713
15714
15715
15716
15717
15719
15720
15721
15722
15723
15725
15726
15727
15728
15729
15741
15742
15743
15745
15746
15747
15748
15749
15751
15752
15754
15755
15757
15758
15760
15761
15762
15764
15765
15767
15768
15770
15778
15779
15780
15781
15782
15783
15785
15786
15788
15789
15790
15791
15792
15793
15794
15795
15797
15798
15799
15801
15802
15804
15805
15806
15808
15809
15811
15812
15813
15814
15815
15817
15818
15825
15829
15831
15833
15834
15836
15837
15839
15840
15842
15843
15844
15846
15847
15849
15850
15851
15852
15853
15855
15856
15858
15862
15864
15868
15869
15870
15871
15873
15874
15875
15876
15877
15879
15880
15882
15883
15884
15886
15887
15889
15890
15891
15892
15893
15895
15896
15898
15899
15901
15902
15912
15913
15915
15916
15917
15919
15920
15922
15923
15924
15925
15926
15928
15929
15931
15932
15934
15935
15936
15938
15939
15940
15941
15942
15951
15952
15953
15955
15956
15957
15959
15960
15961
15962
15963
15965
15966
15967
15968
15969
15971
15972
15973
15974
15975
15977
15978
15979
15980
15981
15983
15984
15986
15987
15989
15990
16001
16002
16003
16004
16005
16007
16008
16010
16011
16012
16013
16014
16016
16017
16019
16020
16021
16022
16023
16025
16026
16027
16028
16029
16039
16040
16041
16042
16043
16044
16045
16047
16048
16050
16051
16053
16054
16056
16057
16058
16060
16061
16063
16064
16065
16066
16067
16069
16070
16072
16073
16074
16075
16076
16078
16088
16090
16091
16092
16093
16094
16096
16097
16098
16099
16100
16102
16103
16104
16105
16106
16108
16109
16111
16112
16113
16114
16115
16117
16122
16128
16129
16130
16132
16133
16134
16136
16137
16139
16140
16142
16143
16145
16146
16148
16149
16150
16152
16153
16155
16156
16157
16158
16159
16161
16162
16164
16165
16166
16176
16177
16179
16180
16182
16183
16184
16186
16187
16189
16190
16192
16193
16195
16196
16198
16199
16200
16202
16203
16204
16205
16206
16215
16216
16217
16218
16219
16220
16221
16222
16224
16225
16227
16228
16230
16231
16232
16234
16235
16237
16238
16240
16241
16243
16244
16246
16247
16248
16250
16251
16253
16254
16264
16266
16267
16268
16270
16271
16272
16273
16274
16276
16277
16279
16280
16281
16282
16283
16285
16286
16288
16289
16291
16292
16293
16303
16304
16305
16306
16307
16308
16309
16311
16312
16314
16315
16317
16318
16320
16321
16322
16324
16325
16327
16328
16329
16330
16331
16333
16334
16335
16336
16337
16339
16340
16342
16352
16354
16355
16356
16357
16358
16360
16361
16363
16364
16366
16367
16369
16370
16371
16373
16374
16375
16376
16377
16379
16380
16382
16390
16393
16394
16395
16396
16397
16398
16400
16401
16403
16404
16405
16406
16407
16409
16410
16411
16412
16413
16415
