time (ms)
0
29
53
67
80
94
107
120
132
145
158
171
183
195
211
223
235
247
259
274
287
299
311
323
335
347
359
371
384
398
410
425
437
451
463
475
487
499
512
525
537
550
561
573
586
598
614
626
642
655
668
684
696
709
721
735
747
760
773
785
799
812
825
845
860
878
892
905
919
932
945
962
977
990
1003
1016
1029
1044
1056
1070
1089
1103
1121
1138
1158
1181
1195
1208
1222
1236
1249
1263
1277
1288
1301
1315
1329
1341
1353
1365
1377
1389
1401
1413
1425
1437
1449
1461
1473
1485
1497
1509
1529
1541
1553
1566
1581
1593
1605
1620
1633
1646
1659
1671
1684
1700
1712
1731
1745
1757
1771
1784
1797
1809
1822
1834
1846
1858
1870
1883
1895
1908
1919
1932
1945
1957
1969
1983
1994
2006
2018
2031
2042
2054
2066
2077
2090
2102
2117
2129
2141
2153
2165
2176
2188
2200
2212
2224
2238
2252
2264
2276
2288
2299
2311
2323
2335
2347
2358
2370
2382
2394
2407
2418
2430
2443
2454
2469
2482
2494
2507
2529
2545
2557
2569
2581
2593
2605
2616
2628
2640
2651
2663
2682
2693
2705
2717
2729
2740
2752
2764
2775
2787
2799
2811
2822
2834
2846
2861
2871
2882
2892
2903
2913
2924
2935
2945
2956
2966
2977
2987
2997
3010
3020
3031
3041
3057
3072
3085
3097
3109
3122
3135
3148
3163
3175
3187
3201
3213
3229
3243
3257
3269
3283
3295
3308
3321
3333
3345
3356
3367
3379
3391
3403
3417
3429
3440
3453
3464
3476
3488
3500
3511
3523
3535
3547
3559
3570
3582
3594
3606
3617
3630
3641
3653
3665
3677
3688
3700
3712
3724
3736
3747
3759
3771
3783
3794
3809
3821
3832
3844
3858
3869
3881
3893
3904
3916
3928
3940
3951
3963
3974
3986
3998
4010
4022
4033
4045
4057
4075
4088
4100
4111
4125
4138
4153
4165
4177
4189
4203
4215
4226
4238
4249
4261
4272
4284
4296
4307
4319
4330
4342
4354
4365
4377
4388
4400
4411
4423
4435
4446
4457
4469
4480
4491
4503
4514
4526
4537
4548
4560
4572
4583
4595
4607
4618
4630
4641
4653
4665
4676
4690
4701
4713
4725
4737
4749
4765
4779
4791
4805
4817
4829
4861
4881
4892
4904
4916
4927
4938
4950
4961
4973
4985
4996
5008
5021
5033
5045
5056
5068
5079
5091
5102
5114
5125
5137
5148
5159
5171
5182
5194
5205
5217
5229
5240
5251
5263
5274
5286
5297
5309
5321
5334
5345
5359
5370
5382
5394
5406
5418
5437
5449
5461
5472
5484
5495
5507
5518
5530
5541
5553
5564
5576
5588
5600
5611
5623
5635
5646
5658
5670
5682
5693
5705
5717
5729
5740
5752
5764
5775
5787
5799
5810
5822
5834
5845
5857
5869
5881
5893
5904
5916
5930
5942
5953
5965
5976
5988
6001
6014
6025
6037
6049
6060
6077
6089
6101
6112
6124
6136
6148
6159
6171
6182
6198
6210
6221
6233
6244
6256
6267
6279
6290
6302
6314
6325
6340
6354
6366
6378
6397
6409
6421
6433
6444
6456
6467
6479
6490
6501
6513
6524
6536
6547
6561
6573
6585
6596
6607
6619
6630
6642
6654
6665
6677
6689
6700
6712
6723
6735
6746
6758
6773
6785
6796
6808
6819
6831
6843
6854
6866
6878
6889
6901
6913
6924
6936
6947
6959
6970
6982
6994
7005
7017
7028
7040
7052
7063
7075
7087
7099
7110
7122
7133
7145
7156
7168
7179
7191
7202
7214
7225
7237
7248
7260
7271
7282
7294
7305
7317
7328
7340
7351
7363
7374
7386
7397
7409
7420
7432
7443
7454
7466
7477
7489
7500
7512
7525
7537
7548
7559
7571
7582
7594
7605
7617
7628
7640
7651
7662
7674
7693
7705
7716
7728
7739
7751
7762
7774
7785
7797
7808
7820
7831
7843
7856
7868
7883
7893
7904
7916
7927
7939
7950
7963
7975
7986
7997
8009
8021
8032
8044
8055
8067
8078
8090
8101
8114
8125
8140
8151
8162
8174
8185
8197
8222
8233
8244
8256
8267
8279
8290
8302
8315
8326
8338
8349
8361
8372
8384
8395
8407
8418
8430
8441
8453
8464
8476
8487
8499
8510
8522
8534
8546
8558
8570
8581
8593
8605
8617
8629
8646
8658
8670
8682
8693
8705
8717
8728
8740
8752
8769
8781
8793
8804
8815
8826
8842
8854
8867
8880
8892
8905
8918
8930
8943
8956
8970
8985
8998
9011
9023
9036
9050
9062
9074
9086
9098
9110
9123
9135
9148
9160
9173
9185
9198
9211
9223
9238
9251
9265
9281
9295
9310
9324
9336
9349
9361
9374
9387
9399
9412
9424
9437
9449
9462
9475
9493
9506
9518
9534
9545
9557
9568
9580
9591
9602
9614
9625
9637
9649
9660
9672
9683
9695
9706
9718
9729
9741
9752
9764
9775
9787
9798
9810
9821
9832
9844
9855
9867
9879
9890
9902
9913
9925
9936
9947
9959
9970
9982
9993
10005
10018
10030
10042
10054
10066
10078
10090
10102
10113
10125
10138
10149
10161
10173
10185
10197
10209
10221
10233
10245
10257
10269
10281
10295
10309
10320
10332
10343
10355
10366
10377
10389
10400
10412
10423
10434
10446
10461
10472
10484
10495
10507
10518
10530
10541
10554
10565
10577
10589
10600
10611
10629
10641
10654
10666
10678
10690
10703
10715
10727
10740
10752
10764
10777
10790
10802
10814
10826
10839
10851
10863
10879
10891
10903
10915
10927
10940
10953
10964
10977
10989
11001
11013
11024
11037
11049
11060
11072
11084
11101
11114
11126
11138
11150
11162
11175
11187
11201
11213
11226
11238
11251
11263
11276
11289
11302
11314
11327
11339
11351
11363
11375
11388
11400
11413
11433
11449
11461
11474
11487
11499
11511
11523
11536
11548
11560
11573
11585
11598
11612
11623
11635
11646
11663
11674
11686
11697
11709
11720
11732
11743
11754
11766
11777
11789
11800
11811
11822
11834
11845
11856
11868
11879
11897
11908
11920
11931
11943
11954
11965
11977
11988
12000
12011
12022
12034
12045
12057
12069
12080
12091
12103
12114
12126
12138
12149
12161
12173
12185
12196
12207
12219
12231
12242
12254
12265
12277
12288
12300
12311
12323
12334
12346
12357
12369
12380
12392
12403
12415
12431
12442
12454
12465
12477
12488
12500
12511
12522
12534
12545
12557
12568
12580
12591
12605
12617
12628
12640
12651
12663
12674
12686
12697
12708
12720
12731
12743
12754
12766
12777
12789
12800
12811
12823
12834
12846
12857
12869
12880
12895
12905
12915
12926
12937
12947
12958
12968
12979
12990
13001
13012
13024
13034
13044
13055
13065
13075
13086
13096
13106
13117
13132
13143
13154
13174
13185
13197
13208
13219
13231
13243
13255
13266
13278
13289
13300
13312
13323
13335
13347
13359
13370
13381
13393
13404
13415
13427
13438
13449
13461
13472
13484
13496
13507
13518
13530
13541
13553
13564
13575
13587
13599
13610
13622
13634
13645
13656
13668
13679
13692
13703
13715
13726
13742
13755
13769
13785
13801
13812
13823
13835
13847
13858
13870
13881
13893
13904
13916
13927
13939
13950
13962
13975
13987
13998
14010
14021
14033
14044
14056
14074
14086
14097
14108
14120
14131
14143
14154
14165
14178
14189
14201
14212
14224
14235
14248
14260
14271
14283
14295
14307
14318
14330
14341
14353
14364
14376
14387
14399
14410
14422
14433
14444
14456
14467
14479
14490
14502
14513
14525
14537
14548
14560
14571
14583
14594
14606
14617
14629
14641
14652
14677
14689
14700
14712
14723
14735
14746
14757
14769
14781
14792
14804
14815
14827
14838
14850
14861
14873
14884
14896
14908
14919
14931
14942
14954
14965
14981
14992
15003
15015
15026
15037
15049
15060
15071
15083
15094
15106
15117
15129
15140
15152
15163
15174
15186
15197
15209
15220
15232
15243
15256
15267
15278
15290
15301
15313
15324
15336
15347
15359
15370
15382
15396
15407
15419
15430
15441
15453
15464
15476
15489
15502
15515
15528
15542
15555
15567
15578
15593
15604
15616
15627
15639
15650
15662
15673
15689
15700
15712
15723
15735
15746
15758
15769
15781
15793
15804
15816
15829
15840
15852
15863
15876
15888
15899
15911
15922
15937
15948
15960
15971
15983
15994
16009
16021
16032
16043
16055
16066
16078
16089
16100
16112
16124
16142
16154
16165
16177
16188
16200
16216
16234
16247
16260
16279
16293
16307
16321
16334
16346
16361
16373
16385
16397
16408
16420
16433
16446
16458
16470
16483
16497
16511
16524
16537
16550
16562
16574
16587
16599
16611
16623
16637
16651
16664
16677
16690
16702
16714
16726
16740
16754
16766
16778
16791
16804
16817
16830
16843
16855
16868
16881
16894
16907
16920
16932
16945
16958
16971
16984
16996
17009
17022
17035
17047
17060
17072
17086
17099
17112
17125
17138
17150
17163
17180
17193
17208
17220
17231
17243
17254
17265
17277
17288
17300
17317
17329
17340
17351
17363
17374
17386
17397
17409
17420
17432
17443
17454
17466
17477
17488
17500
17511
17522
17534
17545
17557
17569
17580
17592
17603
17614
17626
17637
17649
17660
17672
17683
17695
17706
17718
17729
17740
17751
17763
17774
17786
17801
17813
17826
17838
17850
17863
17876
17888
17903
17918
17928
17939
17950
17961
17972
17983
17994
18005
18018
18032
18045
18059
18073
18087
18105
18118
18129
18141
18152
18164
18178
18189
18201
18212
18224
18235
18247
18258
18269
18281
18292
18304
18315
18327
18338
18350
18361
18373
18384
18396
18407
18420
18433
18445
18457
18470
18483
18496
18509
18521
18534
18547
18559
18572
18584
18597
18609
18621
18634
18647
18660
18677
18690
18703
18716
18728
18742
18754
18766
18779
18791
18804
18816
18829
18841
18853
18866
18879
18891
18903
18915
18928
18940
18953
18965
18978
18991
19003
19016
19028
19041
19054
19069
19082
19095
19109
19126
19138
19149
19161
19172
19184
19195
19207
19218
19230
19241
19253
19264
19276
19288
19299
19312
19323
19334
19345
19357
19369
19380
19392
19403
19416
19427
19439
19450
19461
19473
19484
19496
19507
19518
19530
19543
19555
19566
19578
19589
19600
19612
19623
19634
19646
19657
19669
19680
19692
19703
19715
19726
19738
19749
19760
19772
19783
19794
19806
19817
19828
19840
19851
19863
19874
19885
19896
19908
19925
19938
19953
19966
19978
19991
20006
20019
20033
20046
20057
20068
20080
20091
20102
20114
20126
20138
20149
20160
20172
20183
20194
20206
20217
20229
20241
20253
20264
20276
20287
20298
20309
20321
20332
20343
20355
20366
20377
20389
20400
20411
20423
20434
20445
20456
20468
20480
20492
20503
20514
20526
20537
20549
20560
20571
20582
20594
20605
20617
20628
20639
20651
20662
20675
20686
20698
20710
20721
20732
20744
20755
20767
20778
20794
20805
20817
20829
20840
20852
20863
20875
20886
20897
20909
20920
20934
20946
20957
20969
20980
20991
21003
21014
21026
21037
21049
21060
21071
21082
21093
21105
21116
21128
21140
21151
21162
21174
21185
21196
21208
21219
21233
21245
21258
21270
21283
21297
21309
21327
21340
21353
21366
21378
21391
21403
21416
21428
21441
21453
21466
21478
21491
21503
21516
21529
21541
21553
21565
21578
21593
21605
21618
21630
21643
21656
21668
21681
21701
21713
21726
21742
21754
21769
21787
21799
21811
21824
21836
21849
21862
21874
21887
21900
21912
21924
21936
21949
21961
21974
21986
21998
22011
22023
22036
22049
22061
22074
22087
22099
22113
22125
22138
22149
22161
22172
22183
22195
22206
22218
22229
22240
22252
22265
22277
22289
22302
22321
22332
22344
22355
22366
22378
22389
22401
22412
22428
22441
22452
22464
22475
22486
22498
22509
22521
22532
22543
22554
22566
22577
22588
22599
22611
22623
22634
22646
22657
22669
22680
22692
22703
22714
22726
22737
22749
22761
22774
22787
22800
22812
22825
22838
22851
22863
22876
22888
22901
22914
22926
22939
22949
22959
22970
22980
22991
23001
23012
23023
23033
23044
23054
23065
23075
23086
23097
23107
23117
23128
23138
23148
23159
23169
23180
23190
23201
23211
23222
23232
23242
23253
23266
23276
23287
23297
23308
23319
23329
23340
23351
23362
23374
23385
23396
23408
23419
23430
23442
23453
23464
23476
23487
23498
23509
23521
23532
23544
23555
23566
23578
23590
23601
23612
23624
23635
23650
23662
23673
23685
23696
23707
23719
23730
23741
23753
23766
23777
23789
23800
23812
23823
23834
23846
23857
23868
23880
23891
23903
23914
23925
23937
23948
23960
23971
23982
23994
24005
24016
24028
24039
24050
24062
24073
24084
24096
24108
24120
24131
24144
24156
24168
24181
24194
24208
24221
24235
24246
24257
24269
24280
24291
24302
24314
24325
24336
24348
24359
24370
24381
24393
24404
24415
24427
24438
24449
24461
24472
24483
24494
24506
24517
24528
24540
24551
24562
24574
24585
24596
24607
24619
24630
24641
24652
24664
24675
24687
24698
24709
24721
24732
24743
24755
24766
24777
24789
24800
24811
24823
24834
24846
24857
24868
24880
24891
24902
24914
24925
24936
24948
24959
24971
24983
24994
25006
25017
25029
25041
25053
25066
25077
25089
25100
25112
25123
25137
25148
25160
25171
25182
25194
25205
25217
25228
25240
25251
25263
25274
25286
25297
25308
25319
25331
25342
25354
25365
25377
25388
25400
25412
25423
25435
25446
25457
25469
25480
25492
25503
25514
25526
25537
25549
25560
25571
25583
25594
25606
25618
25629
25650
25661
25673
25684
25696
25708
25720
25733
25746
25763
25775
25787
25799
25811
25823
25836
25849
25861
25874
25888
25900
25913
25925
25938
25950
25962
25975
25987
25999
26011
26024
26037
26049
26062
26074
26087
26099
26112
26125
26138
26150
26163
26175
26188
26201
26214
26226
26239
26252
26265
26278
26297
26309
26322
26335
26347
26360
26373
26386
26399
26411
26423
26436
26448
26460
26474
26486
26499
26511
26524
26535
26547
26558
26570
26581
26593
26604
26615
26627
26638
26649
26661
26672
26684
26695
26706
26718
26729
26741
26758
26770
26781
26792
26804
26826
26837
26849
26860
26871
26883
26894
26908
26919
26932
26944
26955
26966
26978
26989
27001
27012
27023
27035
27046
27057
27069
27080
27091
27103
27114
27125
27137
27148
27160
27171
27182
27194
27205
27238
27250
27261
27272
27284
27295
27308
27319
27331
27342
27354
27365
27377
27388
27400
27411
27422
27434
27445
27456
27468
27479
27491
27502
27513
27525
27536
27547
27559
27570
27582
27593
27604
27616
27627
27638
27649
27661
27672
27683
27695
27706
27718
27729
27740
27753
27765
27776
27787
27799
27810
27822
27833
27845
27856
27867
27879
27891
27903
27915
27927
27939
27952
27963
27973
27984
27995
28006
28017
28027
28038
28049
28060
28071
28081
28092
28105
28117
28129
28142
28155
28167
28180
28193
28204
28215
28227
28239
28252
28264
28276
28289
28302
28314
28327
28339
28351
28364
28377
28390
28402
28414
28426
28438
28452
28464
28476
28489
28502
28514
28526
28538
28550
28563
28576
28589
28601
28614
28626
28638
28650
28663
28675
28688
28700
28713
28724
28737
28749
28761
28773
28786
28798
28810
28822
28834
28846
28858
28870
28881
28892
28903
28915
28926
28940
28951
28962
28974
28985
28996
29008
29019
29030
29042
29053
29064
29076
29087
29098
29110
29121
29133
29144
29156
29167
29179
29190
29202
29213
29225
29236
29247
29259
29270
29281
29293
29304
29315
29327
29339
29351
29362
29373
29385
29396
29407
29418
29430
29441
29452
29464
29475
29486
29498
29509
29520
29531
29543
29554
29565
29577
29588
29599
29611
29622
29637
29648
29659
29671
29682
29694
29705
29716
29728
29739
29750
29762
29773
29784
29796
29807
29818
29830
29841
29854
29865
29877
29888
29900
29911
29922
29934
29945
29956
29968
29979
29990
30001
30013
30024
30035
30047
30059
30070
30081
30093
30104
30115
30127
30139
30150
30161
30173
30184
30195
30206
30218
30229
30240
30251
30263
30274
30285
30297
30308
30319
30331
30342
30353
30365
30376
30387
30399
30410
30422
30433
30444
30455
30467
30478
30489
30501
30513
30524
30536
30547
30558
30569
30581
30592
30604
30615
30626
30638
30649
30660
30672
30683
30694
30705
30716
30728
30739
30750
30761
30772
30784
30795
30808
30821
30833
30844
30855
30866
30877
30888
30899
30910
30921
30933
30944
30955
30966
30978
30989
31000
31011
31022
31033
31045
31056
31067
31078
31089
31100
31111
31122
31134
31145
31157
31168
31179
31191
31202
31214
31225
31237
31248
31259
31271
31282
31294
31305
31317
31328
31339
31351
31370
31381
31393
31404
31416
31430
31441
31453
31464
31475
31487
31498
31510
31521
31532
31544
31555
31566
31577
31589
31605
31616
31628
31639
31650
31661
31672
31684
31696
31707
31718
31730
31741
31770
31781
31793
31804
31816
31827
31839
31850
31861
31873
31884
31896
31907
31919
31931
31944
31956
31967
31979
31991
32002
32014
32026
32037
32049
32060
32072
32084
32095
32107
32119
32130
32142
32154
32166
32177
32190
32201
32218
32230
32242
32254
32267
32279
32291
32303
32315
32329
32341
32353
32366
32378
32390
32402
32414
32426
32438
32450
32463
32474
32486
32497
32509
32521
32533
32545
32557
32568
32580
32591
32603
32615
32626
32638
32650
32662
32673
32685
32697
32709
32720
32732
32744
32756
32767
32779
32791
32802
32814
32826
32837
32849
32861
32873
32884
32896
32908
32920
32931
32943
32955
32971
32981
32992
33002
33013
33023
33035
33047
33058
33073
33085
33096
33109
33120
33132
33144
33155
33167
33179
33190
33200
33210
33221
33231
33241
33252
33262
33272
33282
33293
33303
33314
33324
33335
33345
33355
33366
33376
33387
33397
33408
33419
33429
33441
33452
33464
33476
33487
33499
33510
33522
33534
33545
33556
33568
33580
33592
33604
33615
33626
33637
33648
33660
33671
33682
33693
33704
33716
33727
33739
33750
33761
33772
33796
33807
33818
33830
33841
33852
33863
33874
33885
33896
33907
33918
33929
33941
33953
33964
33978
33989
34001
34012
34023
34034
34045
34056
34068
34079
34090
34101
34112
34124
34135
34147
34158
34170
34181
34192
34203
34214
34226
34237
34249
34260
34271
34282
34294
34305
34316
34327
34338
34350
34361
34372
34384
34395
34406
34417
34429
34440
34451
34463
34474
34486
34497
34508
34519
34530
34542
34553
34564
34575
34587
34598
34609
34621
34632
34643
34654
34665
34677
34688
34699
34710
34722
34733
34744
34755
34766
34777
34788
34799
34810
34822
34833
34844
34855
34866
34878
34889
34900
34911
34922
34934
34945
34956
34967
34978
34989
35000
35011
35023
35034
35046
35058
35070
35082
35094
35106
35117
35129
35141
35153
35165
35177
35188
35200
35211
35223
35234
35246
35258
35269
35281
35292
35304
35315
35327
35338
35350
35361
35372
35383
35394
35406
35417
35428
35440
35451
35462
35474
35486
35497
35509
35520
35532
35543
35555
35566
35578
35589
35601
35612
35624
35635
35647
35658
35669
35681
35693
35704
35716
35727
35739
35751
35763
35775
35786
35798
35810
35821
35833
35845
35857
35869
35881
35893
35904
35916
35928
35940
35951
35965
35977
35989
36001
36012
36024
36036
36048
36059
36071
36082
36093
36105
36116
36127
36139
36150
36161
36172
36184
36195
36206
36218
36229
36240
36252
36263
36274
36286
36297
36308
36320
36338
36349
36361
36372
36384
36395
36406
36418
36429
36441
36452
36463
36475
36486
36497
36509
36520
36532
36543
36555
36566
36578
36589
36602
36615
36629
36642
36654
36667
36680
36693
36705
36718
36730
36742
36754
36767
36780
36792
36805
36817
36829
36842
36854
36867
36879
36891
36903
36915
36927
36939
36952
36965
36977
36990
37003
37015
37028
37040
37053
37067
37079
37096
37108
37121
37133
37146
37158
37171
37183
37199
37210
37221
37233
37244
37255
37266
37278
37289
37300
37312
37324
37337
37349
37362
37375
37387
37400
37412
37424
37437
37449
37462
37474
37486
37499
37511
37523
37536
37548
37559
37570
37586
37597
37608
37619
37635
37646
37658
37669
37680
37691
37703
37714
37725
37737
37748
37759
37771
37782
37793
37805
37816
37827
37838
37850
37861
37872
37883
37895
37906
37917
37928
37940
37951
37962
37973
37985
37995
38005
38016
38026
38038
38049
38061
38071
38082
38094
38105
38116
38128
38139
38150
38161
38173
38184
38195
38207
38219
38230
38243
38255
38271
38283
38294
38306
38317
38328
38339
38351
38362
38374
38387
38399
38412
38424
38437
38450
38462
38475
38487
38500
38512
38524
38538
38550
38562
38584
38596
38608
38619
38630
38642
38653
38665
38676
38687
38698
38710
38721
38732
38743
38755
38766
38778
38789
38800
38811
38823
38834
38845
38856
38871
38882
38894
38905
38916
38928
38939
38951
38962
38973
38984
38996
39007
39018
39033
39049
39060
39071
39082
39094
39105
39116
39127
39138
39149
39160
39172
39183
39194
39206
39217
39228
39240
39251
39262
39273
39284
39295
39306
39317
39328
39340
39351
39362
39373
39384
39395
39407
39418
39429
39440
39451
39463
39474
39485
39496
39508
39519
39530
39541
39553
39565
39576
39587
39598
39610
39621
39633
39644
39655
39666
39677
39688
39700
39711
39722
39733
39745
39761
39772
39784
39795
39807
39818
39829
39840
39851
39863
39874
39885
39896
39908
39919
39930
39941
39953
39964
39975
39986
39998
40009
40020
40032
40043
40055
40066
40077
40088
40100
40112
40125
40137
40150
40162
40174
40187
40199
40211
40222
40234
40245
40257
40268
40280
40293
40304
40316
40327
40340
40351
40363
40374
40386
40398
40409
40421
40432
40444
40455
40467
40478
40490
40501
40513
40524
40535
40547
40558
40569
40581
40592
40604
40616
40627
40638
40653
40666
40678
40690
40703
40715
40727
40740
40753
40765
40778
40790
40803
40816
40829
40841
40854
40866
40879
40891
40904
40922
40934
40947
40959
40972
40984
40997
41010
41022
41034
41047
41061
41073
41086
41098
41110
41122
41135
41147
41159
41172
41184
41196
41208
41221
41233
41246
41258
41272
41285
41297
41310
41322
41335
41347
41363
41378
41394
41406
41419
41431
41444
41455
41468
41480
41493
41505
41517
41529
41541
41554
41566
41578
41591
41603
41615
41627
41640
41652
41664
41676
41689
41701
41713
41727
41740
41752
41766
41779
41791
41804
41816
41828
41841
41854
41866
41878
41891
41903
41915
41928
41940
41952
41964
41976
41989
42001
42013
42025
42038
42050
42064
42076
42093
42106
42118
42130
42143
42157
42169
42180
42192
42204
42215
42226
42238
42249
42260
42271
42282
42294
42305
42316
42327
42339
42350
42361
42372
42383
42395
42406
42417
42428
42440
42451
42462
42473
42484
42495
42507
42518
42529
42540
42552
42563
42574
42585
42597
42608
42619
42630
42642
42653
42664
42675
42686
42698
42709
42720
42732
42743
42755
42767
42778
42789
42801
42812
42824
42835
42846
42858
42869
42880
42892
42903
42914
42926
42937
42948
42959
42971
42982
42995
43005
43016
43026
43036
43047
43057
43068
43078
43088
43099
43109
43120
43130
43141
43151
43162
43172
43183
43194
43205
43215
43226
43236
43247
43259
43271
43282
43293
43304
43315
43325
43335
43346
43356
43366
43377
43387
43397
43407
43418
43428
43439
43449
43459
43470
43480
43491
43502
43512
43523
43533
43544
43554
43565
43575
43586
43596
43608
43619
43630
43644
43655
43667
43678
43689
43703
43715
43726
43737
43749
43760
43771
43783
43794
43805
43817
43828
43843
43854
43864
43875
43886
43897
43909
43920
43931
43943
43954
43965
43977
43988
44000
44011
44022
44033
44045
44056
44067
44079
44090
44101
44113
44124
44136
44147
44158
44170
44181
44192
44203
44215
44226
44237
44249
44265
44276
44287
44299
44310
44321
44332
44344
44355
44366
44377
44389
44400
44411
44422
44434
44445
44456
44467
44479
44490
44501
44512
44523
44535
44546
44557
44568
44579
44591
44602
44613
44624
44635
44647
44658
44669
44681
44692
44703
44715
44726
44737
44748
44760
44771
44782
44793
44804
44816
44827
44838
44850
44861
44872
44883
44895
44906
44917
44928
44939
44951
44962
44973
44984
44996
45007
45020
45031
45042
45058
45069
45080
45091
45103
45114
45125
45136
45147
45158
45170
45181
45192
45203
45215
45226
45238
45249
45260
45272
45283
45294
45305
45317
45328
45339
45350
45362
45373
45384
45395
45414
45425
45437
45448
45459
45470
45482
45497
45509
45522
45534
45546
45559
45571
45583
45596
45607
45620
45632
45644
45656
45668
45680
45692
45704
45716
45727
45738
45749
45760
45772
45783
45794
45805
45816
45827
45839
45850
45861
45872
45883
45894
45905
45917
45929
45940
45951
45963
45974
45986
45998
46010
46021
46033
46044
46056
46067
46079
46090
46102
46113
46125
46136
46148
46159
46171
46183
46195
46207
46219
46231
46242
46254
46266
46278
46290
46302
46314
46326
46338
46350
46362
46374
46386
46398
46410
46422
46434
46446
46457
46469
46481
46493
46505
46517
46529
46541
46552
46565
46577
46588
46600
46612
46624
46635
46648
46659
46671
46683
46696
46709
46721
46734
46746
46758
46771
46783
46795
46807
46819
46831
46844
46856
46868
46881
46893
46906
46918
46932
46944
46957
46970
46981
46994
47006
47019
47031
47044
47056
47068
47080
47092
47104
47116
47128
47141
47153
47165
47177
47190
47203
47218
47230
47243
47255
47267
47280
47292
47307
47319
47331
47343
47356
47368
47380
47395
47416
47428
47441
47453
47465
47478
47490
47503
47515
47527
47540
47552
47564
47577
47589
47601
47614
47626
47638
47650
47663
47675
47689
47701
47713
47725
47738
47750
47762
47774
47786
47799
47811
47823
47835
47848
47860
47873
47885
47898
47910
47923
47935
47947
47960
47972
47984
47996
48008
48019
48029
48040
48050
48061
48072
48083
48094
48104
48115
48126
48137
48148
48158
48168
48179
48189
48200
48210
48221
48231
48242
48253
48268
48280
48291
48303
48315
48327
48341
48353
48366
48378
48391
48403
48414
48425
48436
48447
48458
48470
48482
48494
48506
48519
48531
48544
48558
48569
48579
48590
48602
48612
48624
48636
48647
48658
48669
48681
48692
48704
48715
48726
48737
48749
48760
48772
48783
48794
48806
48817
48828
48840
48852
48863
48875
48886
48897
48909
48920
48932
48943
48955
48967
48978
48989
49001
49012
49023
49035
49046
49058
49070
49081
49093
49104
49116
49127
49138
49150
49161
49172
49184
49195
49206
49217
49229
49240
49251
49262
49273
49284
49296
49307
49318
49329
49341
49352
49363
49375
49388
49399
49410
49421
49432
49443
49455
49466
49477
49488
49499
49510
49522
49533
49544
49558
49569
49580
49592
49603
49615
49626
49637
49649
49660
49671
49682
49693
49704
49716
49727
49738
49750
49761
49773
49784
49795
49806
49817
49828
49839
49851
49862
49873
49884
49896
49908
49919
49930
49942
49953
49964
49975
49987
49998
50009
50020
50031
50043
50087
50097
50109
50120
50131
50143
50154
50165
50176
50188
50200
50212
50224
50236
50248
50260
50272
50284
50295
50307
50318
50330
50341
50353
50364
50376
50387
50398
50410
50422
50438
50455
50469
50480
50492
50504
50515
50526
50538
50549
50561
50572
50584
50596
50608
50619
50631
50642
50654
50666
50677
50688
50699
50710
50721
50733
50744
50755
50766
50777
50788
50799
50810
50821
50832
50844
50855
50866
50877
50888
50899
50911
50922
50933
50945
50956
50967
50979
50990
51001
51013
51025
51037
51048
51059
51070
51081
51092
51104
51115
51126
51141
51152
51163
51174
51186
51197
51208
51220
51231
51242
51253
51264
51275
51286
51297
51308
51320
51331
51342
51353
51365
51380
51392
51403
51414
51425
51437
51448
51459
51470
51481
51492
51503
51515
51526
51537
51548
51559
51570
51581
51593
51604
51615
51626
51638
51649
51660
51672
51683
51694
51705
51716
51728
51739
51750
51761
51772
51784
51795
51806
51817
51829
51840
51851
51862
51873
51889
51900
51911
51923
51934
51945
51956
51967
51979
51990
52001
52012
52024
52035
52046
52057
52068
52079
52091
52102
52113
52124
52135
52146
52158
52169
52180
52194
52205
52217
52228
52240
52251
52263
52274
52285
52297
52308
52320
52331
52342
52354
52365
52377
52388
52399
52411
52424
52435
52446
52457
52469
52480
52491
52502
52514
52525
52536
52548
52559
52570
52582
52593
52604
52616
52627
52638
52650
52661
52673
52684
52695
52706
52717
52729
52740
52751
52762
52773
52785
52796
52807
52818
52829
52840
52852
52863
52874
52885
52896
52908
52919
52930
52942
52953
52964
52975
52986
52998
53010
53021
53032
53043
53053
53064
53074
53084
53095
53105
53115
53126
53136
53147
53157
53168
53179
53189
53200
53210
53221
53232
53244
53255
53265
53276
53286
53297
53307
53319
53330
53341
53352
53364
53375
53387
53398
53408
53418
53429
53439
53449
53460
53470
53480
53491
53501
53511
53522
53532
53542
53553
53563
53573
53584
53595
53605
53616
53626
53637
53647
53658
53668
53679
53690
53701
53711
53722
53732
53743
53753
53764
53774
53785
53796
53807
53819
53831
53842
53853
53865
53876
53887
53898
53910
53921
53932
53944
53955
53966
53978
53990
54001
54012
54024
54035
54047
54058
54069
54081
54092
54103
54115
54126
54137
54148
54160
54171
54182
54194
54205
54216
54227
54239
54251
54262
54273
54285
54296
54307
54318
54330
54341
54352
54363
54375
54386
54397
54408
54420
54431
54442
54454
54465
54476
54487
54498
54509
54521
54532
54543
54554
54565
54577
54588
54599
54610
54622
54633
54645
54656
54668
54679
54691
54702
54713
54725
54737
54748
54759
54770
54782
54793
54804
54815
54826
54838
54849
54860
54871
54882
54894
54905
54916
54927
54939
54950
54961
54972
54983
54994
55006
55017
55028
55039
55050
55062
55074
55085
55096
55107
55119
55130
55141
55152
55163
55175
55186
55199
55210
55220
55231
55242
55253
55264
55275
55286
55298
55309
55320
55331
55343
55354
55365
55376
55387
55398
55409
55421
55432
55443
55454
55466
55481
55492
55503
55514
55526
55537
55548
55559
55570
55581
55593
55604
55615
55626
55637
55648
55659
55671
55682
55693
55704
55715
55726
55737
55749
55760
55771
55782
55794
55805
55816
55828
55839
55850
55861
55872
55883
55894
55905
55917
55928
55939
55950
55961
55972
55983
55995
56006
56017
56028
56039
56050
56061
56072
56084
56095
56106
56118
56129
56140
56151
56163
56174
56185
56197
56213
56225
56236
56247
56259
56270
56281
56293
56304
56315
56327
56338
56349
56361
56372
56383
56394
56406
56417
56428
56439
56450
56461
56473
56484
56495
56506
56517
56529
56540
56552
56563
56574
56586
56597
56608
56620
56631
56642
56654
56665
56676
56687
56699
56710
56721
56732
56743
56754
56765
56776
56788
56799
56810
56821
56832
56843
56855
56866
56877
56888
56899
56910
56922
56933
56944
56955
56967
56978
56989
57001
57012
57023
57034
57045
57057
57068
57079
57090
57101
57113
57124
57135
57146
57157
57168
57179
57191
57202
57213
57225
57236
57247
57258
57269
57281
57292
57303
57314
57326
57337
57349
57361
57372
57383
57395
57408
57419
57430
57442
57453
57465
57476
57488
57500
57512
57524
57537
57548
57560
57571
57583
57594
57606
57617
57629
57640
57652
57664
57676
57687
57698
57710
57722
57733
57744
57756
57767
57779
57790
57804
57816
57827
57839
57850
57862
57873
57885
57896
57908
57919
57931
57942
57954
57965
57977
57988
58000
58011
58022
58034
58045
58056
58066
58077
58087
58097
58108
58119
58130
58140
58151
58161
58172
58183
58194
58205
58215
58226
58237
58248
58258
58269
58280
58291
58302
58313
58323
58335
58347
58359
58370
58382
58394
58406
58418
58430
58441
58454
58466
58478
58492
58504
58515
58526
58536
58547
58558
58570
58581
58591
58602
58613
58624
58635
58647
58658
58669
58681
58693
58704
58716
58728
58739
58751
58763
58774
58786
58798
58809
58821
58833
58844
58856
58867
58879
58891
58902
58914
58926
58937
58949
58961
58973
58984
58995
59007
59019
59030
59042
59054
59066
59078
59089
59101
59113
59124
59136
59147
59159
59170
59182
59193
59204
59215
59226
59237
59249
59260
59271
59282
59294
59305
59316
59327
59338
59350
59361
59372
59384
59396
59407
59419
59430
59442
59454
59465
59477
59489
59501
59512
59524
59536
59548
59560
59571
59583
59595
59606
59618
59630
59642
59653
59665
59677
59688
59700
59711
59723
59734
59746
59758
59769
59781
59792
59804
59816
59827
59839
59850
59862
59874
59885
59897
59908
59919
59931
59942
59953
59964
59975
59986
59997
60009
60020
60031
60046
60057
60069
60080
60091
60102
60113
60125
60136
60147
60158
60169
60181
60192
60203
60215
60226
60245
60256
60267
60279
60290
60301
60313
60324
60336
60347
60358
60370
60381
60393
60404
60416
60427
60439
60450
60461
60473
60484
60495
60507
60519
60530
60542
60554
60566
60577
60589
60600
60612
60624
60637
60648
60660
60672
60683
60694
60706
60717
60729
60740
60752
60763
60775
60787
60798
60810
60821
60833
60844
60855
60867
60879
60890
60902
60913
60926
60937
60950
60962
60974
60985
60997
61008
61019
61031
61043
61054
61065
61077
61089
61100
61112
61124
61136
61147
61158
61170
61181
61192
61204
61215
61226
61237
61249
61260
61271
61282
61296
61307
61318
61329
61340
61352
61363
61374
61385
61396
61407
61419
61430
61441
61452
61463
61474
61485
61496
61507
61518
61529
61541
61552
61563
61574
61585
61597
61608
61619
61630
61641
61653
61664
61675
61686
61698
61709
61725
61737
61748
61760
61771
61783
61794
61805
61817
61828
61839
61851
61862
61873
61885
61896
61908
61919
61930
61942
61953
61965
61976
61987
61999
62010
62022
62033
62044
62056
62067
62078
62089
62101
62112
62124
62135
62146
62160
62171
62183
62194
62206
62217
62229
62241
62252
62264
62275
62287
62298
62310
62321
62333
62344
62356
62368
62379
62390
62402
62413
62425
62437
62449
62460
62471
62483
62494
62505
62517
62529
62540
62551
62563
62576
62587
62598
62610
62621
62633
62645
62656
62668
62679
62691
62702
62714
62726
62737
62749
62760
62772
62784
62796
62807
62819
62830
62842
62854
62866
62878
62890
62902
62914
62926
62938
62950
62962
62974
62986
62998
63010
63022
63034
63045
63057
63068
63078
63089
63099
63109
63120
63131
63141
63158
63170
63182
63194
63206
63217
63235
63247
63258
63270
63282
63294
63309
63325
63337
63349
63360
63372
63384
63395
63407
63419
63430
63442
63454
63466
63478
63494
63507
63523
63533
63547
63557
63571
63582
63599
63609
63627
63639
63655
63671
63683
63699
63715
63726
63737
63748
63759
63770
63781
63791
63802
63813
63824
63835
63846
63857
63868
63879
63890
63901
63912
63924
63935
63946
63957
63968
63979
63991
64002
64014
64025
64036
64047
64058
64069
64080
64091
64103
64114
64125
64136
64148
64159
64170
64182
64193
64204
64215
64227
64238
64249
64260
64272
64283
64294
64306
64317
64328
64340
64351
64362
64374
64385
64396
64407
64419
64430
64441
64452
64464
64475
64486
64497
64509
64520
64531
64542
64554
64565
64577
64588
64600
64611
64622
64633
64644
64655
64666
64678
64689
64700
64711
64723
64734
64745
64757
64768
64780
64791
64802
64818
64829
64845
64856
64867
64881
64892
64904
64915
64926
64937
64948
64959
64970
64982
64992
65003
65014
65026
65037
65048
65060
65072
65085
65097
65108
65120
65131
65143
65154
65166
65177
65189
65200
65211
65222
65233
65244
65255
65266
65277
65289
65300
65311
65322
65333
65344
65356
65367
65378
65389
65401
65412
65423
65434
65445
65457
65468
65479
65490
65501
65513
65524
65535
65546
65557
65569
65580
65592
65603
65615
65627
65639
65650
65661
65673
65684
65696
65708
65719
65731
65742
65754
65765
65777
65789
65800
65812
65824
65835
65847
65858
65869
65881
65892
65904
65915
65926
65938
65949
65960
65971
65982
65993
66005
66016
66027
66038
66049
66060
66071
66082
66094
66105
66118
66129
66141
66152
66164
66175
66186
66197
66208
66220
66231
66242
66253
66264
66276
66287
66298
66309
66321
66337
66348
66359
66370
66381
66393
66404
66415
66426
66437
66449
66460
66471
66482
66494
66505
66516
66527
66538
66550
66561
66572
66584
66595
66606
66617
66629
66640
66651
66662
66674
66685
66696
66707
66719
66730
66741
66752
66764
66775
66786
66797
66808
66820
66831
66842
66853
66865
66876
66887
66898
66909
66921
66932
66943
66954
66966
66977
66988
67000
67011
67022
67034
67045
67057
67068
67079
67091
67102
67113
67124
67135
67147
67158
67169
67180
67191
67202
67214
67225
67236
67247
67259
67270
67281
67293
67304
67315
67326
67338
67349
67360
67371
67382
67394
67405
67416
67427
67438
67450
67461
67472
67483
67495
67506
67517
67528
67540
67551
67562
67573
67585
67596
67607
67618
67629
67641
67652
67663
67674
67685
67700
67711
67722
67733
67744
67756
67767
67778
67789
67800
67812
67823
67834
67846
67857
67868
67879
67890
67901
67912
67923
67935
67946
67957
67968
67979
67991
68002
68013
68024
68035
68047
68058
68071
68081
68091
68102
68112
68122
68133
68143
68153
68164
68174
68184
68195
68205
68215
68226
68236
68247
68257
68268
68278
68288
68299
68309
68319
68330
68340
68351
68361
68372
68382
68393
68403
68414
68424
68435
68445
68456
68466
68477
68487
68499
68510
68521
68532
68543
68554
68566
68577
68588
68599
68610
68622
68633
68644
68655
68666
68677
68688
68699
68711
68722
68733
68744
68755
68766
68777
68788
68799
68810
68821
68832
68844
68855
68866
68877
68888
68899
68910
68921
68933
68944
68955
68966
68977
68988
68999
69010
69021
69031
69042
69053
69063
69074
69084
69095
69105
69116
69126
69137
69147
69158
69169
69179
69190
69200
69211
69222
69232
69243
69255
69266
69277
69288
69299
69310
69322
69333
69344
69355
69366
69377
69388
69400
69411
69422
69433
69445
69456
69467
69478
69489
69500
69511
69522
69533
69544
69555
69566
69578
69589
69600
69611
69622
69634
69645
69656
69667
69678
69690
69701
69712
69723
69734
69745
69756
69767
69779
69790
69801
69812
69823
69834
69845
69856
69868
69879
69891
69902
69913
69924
69935
69946
69957
69969
69980
69991
70003
70014
70025
70036
70048
70060
70072
70083
70095
70106
70117
70128
70139
70150
70161
70173
70184
70195
70206
70217
70228
70239
70250
70262
70273
70284
70295
70306
70317
70328
70339
70350
70361
70373
70384
70395
70406
70418
70429
70440
70451
70462
70474
70485
70496
70508
70519
70530
70541
70552
70563
70574
70585
70596
70608
70619
70630
70641
70652
70663
70674
70685
70696
70708
70719
70731
70743
70754
70766
70777
70789
70801
70812
70824
70838
70849
70860
70872
70883
70895
70906
70918
70929
70941
70953
70964
70976
70987
70999
71010
71022
71033
71045
71056
71068
71080
71091
71103
71114
71126
71137
71149
71160
71172
71183
71194
71205
71216
71228
71239
71250
71261
71273
71284
71295
71306
71318
71329
71340
71351
71363
71374
71385
71396
71408
71419
71430
71441
71453
71464
71476
71487
71499
71510
71521
71532
71543
71554
71568
71579
71590
71601
71612
71623
71634
71647
71659
71670
71681
71692
71703
71714
71725
71736
71747
71759
71770
71781
71792
71803
71814
71825
71837
71848
71859
71870
71881
71892
71903
71915
71926
71937
71948
71959
71970
71981
71993
72004
72015
72026
72037
72048
72060
72071
72082
72093
72105
72116
72127
72138
72149
72160
72171
72182
72194
72205
72216
72227
72238
72249
72260
72271
72282
72294
72305
72316
72327
72338
72350
72361
72372
72383
72395
72406
72417
72429
72440
72451
72462
72473
72485
72496
72507
72518
72529
72541
72552
72563
72575
72586
72597
72609
72620
72631
72642
72654
72665
72676
72687
72699
72710
72721
72732
72744
72755
72766
72777
72788
72799
72810
72822
72833
72844
72855
72866
72877
72889
72900
72911
72922
72933
72944
72955
72967
72978
72989
73000
73011
73022
73033
73045
73056
73067
73078
73089
73099
73110
73120
73130
73141
73153
73163
73174
73184
73195
73205
73215
73226
73236
73247
73257
73268
73278
73289
73299
73309
73320
73330
73341
73352
73362
73373
73383
73393
73404
73414
73425
73436
73446
73457
73467
73478
73488
73499
73510
73521
73531
73542
73553
73564
73575
73586
73597
73609
73620
73631
73642
73653
73664
73676
73687
73698
73709
73720
73731
73742
73752
73762
73773
73783
73793
73803
73814
73824
73834
73845
73855
73865
73875
73886
73896
73906
73917
73927
73938
73948
73959
73969
73980
73990
74001
74011
74021
74032
74042
74052
74063
74073
74083
74094
74104
74115
74125
74135
74146
74158
74169
74179
74190
74200
74211
74221
74232
74242
74253
74263
74274
74284
74295
74305
74316
74326
74337
74347
74358
74368
74379
74389
74400
74411
74422
74434
74445
74456
74467
74478
74489
74500
74512
74523
74534
74545
74556
74567
74579
74590
74601
74612
74624
74635
74646
74657
74668
74679
74691
74702
74713
74725
74736
74747
74759
74771
74782
74793
74804
74817
74829
74849
74860
74871
74882
74895
74906
74917
74929
74940
74951
74963
74974
74985
74997
75010
75022
75034
75045
75057
75068
75084
75097
75108
75120
75131
75142
75154
75165
75177
75188
75200
75211
75223
75234
75245
75256
75268
75279
75290
75302
75313
75325
75336
75348
75359
75371
75382
75394
75405
75417
75428
75440
75451
75462
75474
75485
75497
75508
75519
75531
75542
75553
75565
75576
75588
75599
75611
75622
75633
75645
75656
75668
75679
75690
75702
75713
75724
75735
75746
75757
75769
75780
75791
75802
75814
75825
75836
75847
75858
75870
75881
75892
75904
75915
75926
75937
75949
75960
75971
75982
75993
76005
76016
76027
76038
76050
76061
76072
76084
76095
76106
76117
76129
76140
76151
76162
76173
76185
76196
76208
76219
76230
76241
76253
76264
76275
76286
76298
76309
76327
76341
76352
76363
76375
76386
76397
76411
76422
76433
76444
76456
76467
76478
76490
76501
76512
76523
76535
76546
76557
76569
76580
76592
76603
76614
76626
76637
76648
76660
76671
76683
76694
76705
76717
76728
76740
76751
76762
76773
76785
76796
76807
76819
76830
76841
76853
76864
76875
76886
76898
76910
76921
76932
76944
76955
76966
76978
76989
77001
77012
77024
77038
77050
77061
77072
77084
77095
77106
77118
77129
77141
77152
77163
77175
77186
77197
77209
77220
77231
77243
77254
77265
77276
77288
77299
77310
77321
77333
77344
77355
77366
77378
77389
77400
77412
77423
77434
77445
77457
77468
77479
77490
77502
77513
77524
77536
77547
77558
77569
77581
77592
77603
77614
77625
77636
77648
77659
77670
77681
77692
77704
77715
77726
77737
77749
77760
77773
77789
77800
77811
77823
77834
77845
77857
77868
77879
77890
77901
77912
77923
77935
77946
77957
77968
77980
77991
78002
78013
78024
78035
78047
78058
78069
78081
78092
78103
78113
78123
78134
78144
78154
78165
78175
78185
78196
78206
78216
78227
78237
78247
78258
78268
78278
78289
78299
78309
78319
78330
78340
78350
78361
78371
78382
78392
78403
78413
78424
78434
78445
78455
78466
78476
78487
78497
78508
78518
78529
78539
78550
78560
78571
78581
78592
78602
78613
78623
78633
78644
78657
78668
78679
78691
78702
78718
78731
78743
78755
78767
78779
78791
78803
78817
78834
78845
78856
78867
78878
78889
78901
78912
78922
78933
78944
78955
78965
78976
78987
78998
79009
79019
79032
79043
79054
79064
79075
79085
79096
79107
79118
79128
79140
79150
79161
79171
79182
79192
79203
79214
79224
79235
79245
79256
79266
79277
79287
79298
79309
79320
79331
79342
79352
79366
79377
79388
79399
79410
79421
79432
79443
79454
79465
79476
79486
79497
79507
79518
79529
79540
79554
79565
79576
79586
79597
79608
79619
79629
79640
79651
79662
79673
79684
79697
79709
79722
79733
79744
79755
79767
79779
79791
79802
79814
79826
79838
79850
79862
79873
79885
79896
79907
79918
79929
79940
79952
79966
79978
79990
80002
80014
80026
80038
80050
80062
80078
80091
80103
80116
80128
80138
80149
80160
80171
80182
80193
80204
80215
80227
80237
80248
80259
80271
80284
80296
80307
80319
80331
80343
80355
80368
80380
80392
80405
80418
80430
80442
80454
80466
80479
80491
80503
80515
80528
80540
80552
80565
80577
80589
80602
80614
80626
80639
80651
80663
80676
80688
80702
80715
80729
80741
80752
80764
80775
80786
80797
80809
80822
80835
80846
80858
80870
80881
80892
80903
80914
80928
80939
80950
80961
80973
80984
80995
81006
81019
81031
81044
81056
81068
81080
81092
81104
81115
81126
81137
81149
81160
81171
81182
81194
81205
81216
81228
81239
81250
81261
81272
81284
81295
81306
81318
81329
81340
81351
81363
81374
81385
81396
81407
81419
81430
81441
81452
81464
81475
81486
81497
81509
81520
81531
81542
81554
81565
81576
81588
81599
81610
81622
81633
81645
81656
81668
81679
81690
81701
81713
81724
81735
81746
81758
81769
81780
81791
81803
81814
81825
81836
81847
81859
81872
81883
81894
81905
81916
81927
81939
81950
81961
81972
81984
81995
82006
82017
82029
82040
82051
82063
82074
82086
82097
82108
82120
82131
82142
82153
82164
82175
82187
82198
82209
82220
82231
82243
82254
82265
82276
82287
82298
82310
82321
82332
82343
82354
82366
82377
82388
82399
82410
82421
82432
82444
82455
82466
82477
82495
82505
82516
82527
82537
82547
82558
82568
82578
82589
82599
82609
82620
82630
82640
82651
82662
82673
82685
82696
82707
82718
82729
82740
82752
82763
82774
82785
82796
82807
82819
82830
82841
82852
82863
82874
82885
82896
82908
82919
82930
82941
82952
82963
82974
82985
82996
83007
83019
83030
83041
83053
83064
83075
83087
83098
83113
83124
83134
83145
83155
83165
83176
83186
83196
83207
83217
83228
83238
83248
83259
83269
83279
83290
83300
83311
83322
83332
83342
83353
83363
83374
83384
83395
83405
83416
83426
83437
83447
83458
83468
83479
83489
83500
83510
83521
83531
83542
83552
83563
83573
83584
83594
83605
83615
83626
83636
83647
83657
83668
83678
83689
83699
83710
83721
83731
83742
83752
83763
83774
83785
83795
83805
83816
83826
83836
83847
83857
83867
83877
83888
83898
83908
83919
83929
83939
83950
83960
83970
83981
83991
84001
84011
84022
84032
84044
84054
84065
84075
84085
84096
84106
84116
84127
84137
84147
84158
84168
84178
84189
84199
84210
84220
84230
84241
84251
84262
84272
84282
84293
84303
84313
84324
84335
84345
84356
84366
84377
84387
84398
84408
84419
84430
84440
84451
84461
84472
84482
84493
84504
84514
84525
84535
84546
84557
84567
84578
84589
84599
84610
84622
84632
84643
84655
84667
84678
84690
84701
84713
84724
84736
84748
84759
84771
84783
84794
84806
84818
84830
84842
84853
84865
84876
84888
84899
84911
84923
84934
84946
84958
84974
84986
84997
85009
85021
85033
85045
85056
85068
85080
85093
85105
85117
85129
85142
85153
85165
85176
85186
85198
85208
85219
85229
85240
85250
85261
85271
85282
85292
85303
85313
85325
85336
85346
85357
85368
85379
85390
85401
85412
85423
85434
85445
85456
85468
85479
85490
85501
85512
85523
85534
85545
85556
85567
85578
85589
85600
85612
85623
85634
85645
85656
85667
85678
85689
85699
85710
85720
85731
85741
85752
85762
85772
85783
85794
85804
85815
85825
85835
85846
85857
85867
85878
85889
85901
85912
85923
85934
85945
85956
85967
85978
85990
86001
86012
86023
86035
86046
86057
86068
86079
86090
86102
86113
86124
86135
86146
86158
86170
86181
86193
86204
86216
86227
86238
86250
86261
86273
86284
86295
86310
86320
86331
86349
86363
86378
86389
86399
86410
86420
86432
86443
86454
86465
86477
86488
86499
86510
86521
86533
86544
86555
86566
86577
86589
86600
86611
86622
86633
86645
86656
86667
86678
86689
86700
86712
86723
86734
86745
86757
86768
86779
86790
86802
86813
86824
86835
86847
86858
86869
86880
86891
86903
86914
86927
86939
86950
86961
86972
86983
86994
87005
87016
87027
87039
87050
87061
87072
87083
87094
87106
87117
87128
87139
87151
87162
87173
87184
87195
87206
87217
87228
87239
87250
87261
87272
87283
87295
87306
87317
87328
87339
87351
87362
87373
87384
87396
87407
87418
87429
87441
87452
87463
87474
87486
87497
87508
87519
87531
87542
87553
87564
87576
87587
87598
87609
87621
87632
87643
87654
87666
87677
87688
87700
87711
87722
87733
87745
87756
87767
87778
87790
87801
87812
87823
87835
87846
87857
87868
87880
87891
87902
87913
87925
87936
87947
87959
87970
87981
87992
88004
88015
88026
88037
88049
88060
88071
88082
88094
88105
88119
88129
88139
88150
88160
88170
88181
88191
88201
88212
88222
88232
88243
88253
88263
88274
88284
88294
88305
88315
88325
88336
88346
88356
88367
88377
88387
88398
88408
88419
88429
88440
88450
88460
88471
88481
88491
88502
88512
88523
88533
88544
88554
88565
88575
88585
88596
88607
88617
88628
88638
88649
88659
88670
88680
88690
88701
88711
88722
88732
88743
88753
88764
88774
88784
88795
88805
88816
88826
88837
88847
88858
88868
88879
88889
88900
88911
88921
88931
88942
88952
88963
88973
88984
88994
89005
89018
89030
89040
89050
89061
89071
89082
89092
89102
89113
89123
89133
89143
89154
89164
89175
89185
89196
89207
89218
89229
89240
89251
89262
89273
89284
89295
89306
89317
89328
89339
89350
89362
89373
89384
89395
89406
89418
89429
89441
89454
89465
89476
89487
89498
89509
89521
89531
89542
89554
89565
89576
89587
89599
89610
89621
89632
89643
89654
89665
89676
89687
89698
89709
89720
89731
89742
89753
89764
89775
89786
89798
89809
89820
89831
89842
89854
89865
89876
89887
89898
89910
89921
89933
89944
89955
89966
89977
89989
90000
90011
90022
90034
90045
90056
90067
90079
90090
90102
90113
90124
90135
90147
90158
90169
90180
90192
90203
90218
90229
90241
90252
90262
90274
90285
90296
90307
90318
90329
90340
90351
90362
90373
90384
90395
90407
90418
90429
90440
90451
90463
90474
90485
90496
90507
90518
90530
90541
90552
90563
90574
90585
90596
90607
90619
90630
90641
90652
90663
90674
90685
90696
90707
90718
90729
90741
90752
90763
90774
90785
90796
90807
90819
90830
90841
90852
90863
90874
90886
90897
90908
90919
90930
90941
90952
90963
90974
90986
90997
91008
91019
91030
91041
91053
91064
91075
91086
91097
91108
91119
91130
91141
91153
91164
91175
91186
91197
91208
91219
91230
91241
91252
91263
91274
91286
91297
91308
91319
91331
91342
91353
91364
91375
91389
91399
91410
91420
91431
91442
91454
91465
91476
91487
91498
91509
91521
91532
91543
91554
91565
91577
91588
91599
91610
91621
91633
91644
91655
91666
91677
91689
91700
91711
91724
91736
91747
91758
91769
91781
91792
91803
91814
91825
91837
91848
91859
91870
91882
91893
91904
91916
91927
91938
91949
91960
91971
91983
91994
92005
92018
92029
92041
92052
92063
92075
92090
92101
92112
92124
92135
92146
92157
92168
92180
92192
92203
92214
92226
92237
92248
92260
92271
92283
92294
92305
92316
92328
92339
92350
92362
92373
92385
92396
92407
92418
92430
92441
92452
92463
92475
92486
92499
92510
92521
92533
92544
92558
92569
92581
92592
92604
92615
92626
92638
92649
92660
92671
92682
92693
92705
92716
92727
92738
92750
92761
92772
92784
92795
92806
92817
92828
92840
92851
92862
92873
92884
92896
92907
92918
92929
92941
92952
92963
92974
92986
92997
93008
93019
93031
93042
93053
93065
93076
93087
93099
93111
93122
93134
93144
93154
93165
93175
93185
93196
93206
93216
93227
93237
93247
93258
93268
93279
93289
93299
93310
93320
93330
93341
93351
93361
93372
93382
93393
93403
93414
93424
93435
93445
93456
93469
93480
93491
93502
93512
93523
93533
93544
93554
93565
93576
93586
93597
93607
93618
93629
93640
93651
93662
93673
93687
93699
93710
93723
93735
93747
93759
93772
93784
93796
93809
93821
93833
93845
93857
93869
93882
93894
93905
93916
93926
93937
93947
93957
93968
93978
93988
93999
94009
94020
94030
94040
94051
94061
94072
94082
94093
94103
94114
94124
94135
94145
94155
94166
94177
94187
94198
94209
94220
94230
94241
94252
94263
94274
94285
94296
94307
94318
94330
94340
94352
94362
94373
94384
94395
94406
94417
94428
94439
94450
94461
94472
94482
94493
94504
94515
94525
94536
94547
94558
94569
94580
94591
94601
94612
94623
94634
94645
94656
94666
94677
94688
94699
94712
94724
94736
94748
94760
94772
94784
94796
94808
94821
94833
94845
94858
94870
94882
94894
94907
94919
94931
94943
94954
94966
94979
94990
95003
95015
95027
95038
95050
95063
95075
95088
95101
95113
95125
95138
95149
95160
95171
95181
95192
95202
95213
95223
95234
95244
95255
95265
95276
95287
95297
95308
95318
95329
95340
95350
95360
95371
95381
95392
95402
95413
95424
95436
95447
95458
95470
95481
95492
95504
95515
95526
95538
95549
95560
95572
95584
95596
95607
95618
95630
95641
95652
95664
95675
95686
95698
95709
95720
95732
95743
95754
95765
95777
95788
95800
95811
95822
95834
95845
95857
95868
95879
95891
95903
95915
95928
95939
95950
95962
95973
95985
95996
96007
96019
96030
96041
96053
96064
96076
96087
96098
96110
96121
96132
96144
96155
96166
96178
96189
96201
96212
96224
96236
96247
96258
96270
96281
96292
96303
96314
96325
96336
96347
96358
96369
96380
96392
96403
96414
96425
96436
96447
96458
96469
96480
96491
96503
96514
96525
96536
96547
96558
96570
96582
96593
96605
96617
96628
96639
96650
96665
96676
96687
96698
96709
96720
96732
96743
96754
96765
96776
96787
96799
96810
96821
96832
96843
96854
96866
96877
96888
96899
96910
96921
96933
96944
96955
96966
96977
96988
96999
97011
97022
97033
97044
97056
97067
97079
97090
97101
97113
97124
97135
97146
97158
97169
97181
97192
97203
97214
97226
97237
97248
97260
97271
97282
97293
97305
97316
97327
97338
97350
97361
97372
97383
97395
97406
97417
97429
97440
97452
97463
97475
97486
97497
97508
97519
97531
97542
97553
97564
97576
97587
97598
97609
97620
97632
97643
97654
97665
97677
97688
97699
97712
97724
97735
97746
97758
97769
97780
97792
97803
97815
97826
97837
97849
97860
97871
97882
97894
97905
97916
97928
97939
97950
97961
97973
97985
97996
98008
98019
98030
98042
98053
98064
98075
98087
98098
98110
98121
98133
98144
98155
98166
98176
98187
98197
98207
98218
98228
98239
98249
98259
98270
98280
98291
98301
98311
98322
98332
98343
98353
98363
98374
98384
98395
98405
98416
98427
98437
98448
98458
98469
98480
98490
98501
98511
98522
98532
98543
98553
98564
98575
98585
98596
98606
98617
98628
98638
98649
98659
98671
98682
98693
98705
98716
98728
98739
98750
98762
98773
98784
98796
98807
98818
98829
98841
98852
98863
98875
98886
98897
98909
98920
98931
98943
98954
98965
98977
98988
98999
99011
99022
99033
99044
99056
99068
99079
99089
99100
99110
99121
99132
99142
99153
99163
99174
99184
99195
99205
99216
99226
99237
99247
99258
99268
99279
99289
99300
99310
99321
99331
99342
99352
99363
99373
99384
99395
99407
99418
99429
99440
99451
99462
99474
99485
99496
99507
99518
99530
99541
99552
99563
99575
99586
99597
99608
99619
99630
99642
99653
99664
99676
99687
99698
99709
99720
99731
99742
99754
99765
99776
99787
99798
99809
99821
99832
99844
99855
99866
99877
99888
99900
99911
99922
99933
99945
99956
99967
99978
99989
100001
100012
100023
100035
100046
100057
100069
100080
100091
100102
100113
100125
100136
100147
100157
100168
100178
100190
100201
100213
100225
100236
100247
100258
100270
100281
100292
100303
100315
100326
100337
100348
100360
100371
100382
100394
100405
100416
100427
100439
100450
100461
100472
100484
100495
100506
100518
100529
100540
100552
100563
100575
100587
100598
100610
100622
100634
100645
100657
100669
100681
100693
100705
100717
100729
100741
100753
100765
100777
100789
100801
100813
100825
100838
100850
100862
100874
100886
100899
100911
100923
100935
100947
100960
100972
100985
100999
101011
101024
101036
101047
101059
101071
101084
101096
101107
101120
101132
101144
101156
101169
101181
101193
101206
101218
101230
101242
101254
101266
101278
101290
101302
101314
101327
101339
101351
101363
101376
101388
101400
101412
101424
101436
101449
101461
101474
101486
101499
101511
101523
101535
101547
101560
101572
101590
101603
101615
101627
101639
101651
101664
101676
101688
101701
101714
101726
101738
101750
101762
101775
101787
101799
101811
101823
101836
101848
101861
101873
101885
101897
101909
101921
101934
101946
101958
101970
101982
101994
102006
102017
102029
102041
102052
102064
102075
102087
102098
102110
102121
102133
102144
102156
102167
102180
102191
102202
102214
102225
102236
102248
102259
102270
102281
102292
102304
102315
102326
102337
102348
102360
102371
102382
102394
102405
102416
102428
102439
102451
102463
102475
102488
102500
102513
102525
102538
102550
102562
102575
102587
102600
102612
102624
102636
102649
102660
102671
102683
102694
102705
102716
102728
102741
102752
102763
102774
102785
102797
102808
102819
102832
102843
102854
102866
102877
102888
102899
102911
102922
102933
102944
102955
102966
102979
102991
103003
103015
103028
103040
103052
103065
103077
103089
103101
103114
103127
103139
103151
103163
103174
103184
103195
103205
103215
103226
103237
103248
103258
103269
103280
103291
103301
103312
103323
103333
103344
103354
103364
103375
103385
103396
103406
103416
103427
103437
103448
103459
103469
103480
103491
103502
103513
103524
103535
103546
103557
103568
103579
103590
103601
103612
103623
103634
103646
103657
103668
103679
103690
103702
103713
103724
103736
103747
103759
103770
103781
103793
103804
103815
103826
103837
103849
103860
103871
103883
103894
103906
103918
103929
103940
103952
103964
103975
103986
103997
104009
104021
104033
104044
104054
104065
104075
104086
104096
104106
104116
104127
104137
104147
104157
104168
104178
104188
104199
104209
104219
104230
104240
104251
104261
104272
104282
104292
104303
104313
104323
104334
104344
104355
104365
104375
104386
104397
104407
104418
104429
104439
104450
104461
104471
104482
104493
104504
104514
104525
104536
104547
104557
104568
104579
104589
104600
104610
104621
104631
104642
104653
104663
104674
104684
104695
104705
104716
104726
104736
104747
104757
104768
104778
104789
104799
104809
104820
104830
104841
104851
104862
104873
104884
104895
104905
104917
104927
104939
104950
104961
104971
104982
104994
105005
105016
105027
105038
105049
105060
105071
105082
105093
105105
105116
105127
105138
105149
105160
105171
105182
105193
105203
105214
105224
105235
105245
105256
105266
105277
105287
105298
105309
105320
105331
105342
105353
105364
105375
105387
105398
105409
105420
105431
105442
105453
105465
105476
105487
105498
105509
105520
105531
105542
105553
105564
105575
105587
105598
105609
105620
105631
105642
105654
105665
105676
105687
105698
105709
105720
105731
105742
105753
105764
105775
105786
105797
105808
105819
105830
105841
105852
105863
105874
105885
105896
105907
105918
105929
105940
105951
105962
105973
105984
105995
106006
106017
106028
106039
106050
106061
106072
106083
106094
106105
106116
106127
106138
106149
106160
106171
106182
106193
106204
106215
106226
106237
106248
106260
106271
106282
106293
106304
106315
106326
106338
106349
106360
106371
106382
106393
106404
106416
106427
106438
106449
106460
106471
106482
106493
106504
106515
106527
106538
106549
106560
106571
106582
106593
106605
106616
106630
106641
106652
106664
106675
106686
106698
106709
106720
106731
106742
106753
106765
106776
106787
106798
106809
106820
106831
106843
106855
106868
106880
106892
106905
106917
106929
106941
106954
106966
106979
106991
107003
107015
107028
107040
107053
107065
107077
107090
107102
107114
107126
107138
107150
107162
107175
107186
107197
107208
107220
107231
107242
107254
107265
107277
107288
107299
107310
107321
107332
107343
107355
107366
107377
107388
107400
107411
107422
107433
107444
107455
107466
107478
107489
107500
107511
107522
107533
107545
107556
107567
107578
107589
107600
107611
107623
107634
107645
107656
107667
107678
107690
107701
107712
107724
107735
107746
107757
107768
107780
107791
107802
107813
107826
107837
107848
107859
107871
107882
107893
107904
107915
107927
107938
107949
107960
107971
107982
107994
108005
108016
108027
108039
108050
108061
108071
108082
108094
108105
108116
108127
108138
108149
108160
108172
108183
108193
108203
108214
108224
108234
108245
108255
108265
108275
108286
108296
108306
108317
108327
108337
108348
108358
108368
108379
108389
108399
108410
108420
108431
108441
108452
108462
108472
108483
108493
108504
108514
108524
108535
108545
108555
108566
108576
108586
108597
108607
108617
108628
108638
108648
108659
108669
108679
108690
108700
108710
108721
108731
108741
108752
108762
108773
108784
108794
108805
108816
108827
108837
108848
108859
108869
108880
108890
108901
108911
108922
108932
108943
108953
108964
108974
108985
108996
109007
109017
109028
109038
109049
109059
109070
109080
109090
109101
109111
109121
109132
109142
109152
109163
109173
109183
109194
109204
109214
109225
109235
109246
109257
109267
109278
109288
109299
109309
109320
109330
109340
109351
109361
109372
109382
109393
109403
109414
109424
109435
109445
109456
109466
109477
109487
109498
109508
109519
109529
109540
109551
109561
109571
109582
109592
109603
109613
109625
109636
109646
109657
109668
109679
109691
109702
109713
109724
109735
109746
109756
109767
109778
109789
109800
109811
109822
109833
109845
109856
109867
109878
109889
109900
109912
109923
109934
109945
109956
109967
109978
109989
110001
110012
110023
110034
110045
110056
110067
110077
110088
110099
110111
110121
110132
110142
110153
110164
110174
110185
110195
110206
110216
110227
110237
110248
110258
110269
110279
110290
110300
110311
110321
110332
110342
110353
110363
110374
110384
110395
110405
110416
110426
110437
110447
110458
110468
110479
110489
110500
110510
110521
110532
110543
110554
110565
110577
110588
110599
110610
110621
110632
110643
110655
110667
110679
110691
110703
110716
110729
110742
110754
110766
110778
110790
110802
110815
110828
110842
110854
110866
110878
110890
110903
110914
110927
110939
110950
110962
110975
110987
110998
111010
111022
111035
111047
111058
111069
111080
111092
111104
111116
111128
111140
111151
111164
111176
111188
111200
111212
111225
111238
111250
111262
111275
111287
111299
111311
111324
111336
111349
111361
111374
111386
111398
111411
111423
111435
111448
111459
111472
111484
111496
111509
111521
111533
111546
111558
111571
111583
111595
111608
111620
111633
111646
111658
111671
111683
111695
111707
111719
111731
111743
111755
111767
111779
111791
111804
111816
111829
111841
111853
111866
111880
111893
111905
111917
111930
111942
111955
111966
111978
111991
112003
112016
112028
112040
112053
112064
112075
112085
112096
112107
112118
112128
112140
112150
112161
112172
112183
112194
112205
112215
112226
112237
112248
112258
112269
112280
112291
112305
112315
112327
112338
112350
112362
112374
112387
112399
112411
112423
112434
112446
112458
112470
112483
112496
112506
112517
112531
112541
112552
112563
112574
112585
112596
112607
112617
112628
112642
112655
112667
112679
112692
112703
112715
112728
112740
112752
112765
112777
112790
112804
112815
112828
112840
112852
112864
112877
112889
112901
112913
112925
112939
112951
112963
112975
112987
112999
113012
113023
113035
113047
113059
113071
113083
113095
113108
113120
113132
113145
113157
113169
113181
113193
113203
113213
113224
113234
113244
113255
113265
113276
113286
113296
113307
113318
113328
113339
113349
113360
113371
113381
113392
113402
113413
113424
113434
113445
113455
113466
113476
113487
113498
113508
113519
113529
113540
113550
113562
113573
113585
113596
113608
113619
113630
113642
113653
113665
113676
113687
113699
113710
113721
113732
113742
113753
113763
113774
113784
113796
113807
113818
113829
113840
113851
113862
113873
113885
113896
113907
113918
113929
113940
113951
113962
113974
113985
113996
114007
114019
114030
114041
114053
114065
114076
114087
114098
114109
114120
114131
114142
114153
114165
114176
114187
114198
114208
114218
114229
114239
114249
114259
114270
114280
114290
114301
114311
114321
114334
114344
114355
114365
114375
114386
114396
114406
114417
114427
114437
114448
114458
114468
114479
114489
114500
114510
114521
114531
114542
114552
114562
114573
114583
114594
114604
114615
114625
114636
114646
114657
114667
114678
114688
114699
114709
114720
114730
114741
114751
114761
114772
114782
114793
114803
114814
114824
114835
114845
114856
114867
114877
114888
114899
114911
114923
114935
114947
114959
114970
114982
114994
115006
115018
115030
115041
115054
115064
115075
115086
115097
115107
115118
115128
115139
115149
115160
115171
