time (ms),latency (ms),consume (ms)
0,12,0
8,12,8
10,5,2
14,3,4
18,1,4
24,2,6
29,1,5
35,2,6
42,3,7
46,1,4
52,2,6
57,1,5
63,2,6
68,1,5
74,1,6
80,1,6
87,2,7
93,2,6
98,1,5
104,1,6
110,2,6
115,1,5
121,1,6
127,2,6
132,1,5
139,2,7
144,1,5
150,2,6
155,1,5
161,1,6
167,2,6
174,2,7
179,1,5
185,2,6
191,2,6
196,1,5
202,1,6
208,2,6
213,1,5
219,1,6
225,2,6
231,2,6
236,1,5
242,2,6
247,1,5
253,2,6
259,2,6
264,1,5
270,2,6
276,2,6
282,2,6
287,1,5
293,2,6
298,1,5
304,2,6
310,2,6
315,1,5
321,2,6
327,2,6
332,1,5
338,1,6
344,2,6
349,1,5
355,1,6
361,2,6
366,1,5
372,2,6
378,2,6
383,1,5
389,2,6
394,1,5
400,2,6
405,1,5
411,1,6
416,1,5
422,1,6
428,2,6
434,2,6
439,2,5
445,2,6
450,1,5
456,1,6
462,2,6
467,1,5
473,1,6
479,2,6
484,1,5
490,2,6
495,1,5
501,1,6
506,1,5
512,1,6
518,2,6
523,1,5
529,2,6
535,2,6
540,1,5
546,1,6
551,1,5
557,1,6
563,2,6
568,1,5
574,1,6
580,2,6
585,1,5
591,2,6
596,1,5
602,2,6
607,1,5
613,2,6
618,1,5
624,1,6
630,2,6
635,1,5
641,1,6
647,2,6
652,1,5
658,2,6
663,1,5
670,2,7
677,3,7
681,2,4
686,1,5
692,1,6
698,2,6
704,2,6
710,2,6
715,1,5
721,2,6
726,1,5
732,2,6
737,1,5
744,3,7
748,1,4
754,2,6
759,1,5
765,1,6
770,1,5
776,1,6
781,1,5
787,1,6
793,2,6
798,1,5
804,1,6
810,1,6
816,2,6
821,1,5
827,2,6
832,1,5
838,1,6
843,1,5
849,1,6
854,1,5
860,1,6
865,1,5
871,1,6
877,2,6
882,1,5
887,1,5
893,1,6
898,1,5
904,1,6
909,1,5
915,1,6
920,1,5
926,1,6
931,1,5
937,2,6
943,2,6
948,1,5
954,2,6
959,1,5
965,2,6
970,1,5
976,1,6
982,2,6
987,1,5
993,2,6
998,1,5
1004,1,6
1009,1,5
1015,1,6
1020,1,5
1026,1,6
1031,1,5
1037,1,6
1042,1,5
1048,1,6
1053,1,5
1059,1,6
1064,1,5
1070,1,6
1076,2,6
1082,2,6
1087,2,5
1092,1,5
1098,2,6
1103,1,5
1108,1,5
1114,1,6
1119,1,5
1125,2,6
1130,1,5
1136,2,6
1141,1,5
1146,1,5
1152,1,6
1157,1,5
1163,1,6
1168,1,5
1174,2,6
1179,1,5
1184,1,5
1190,1,6
1195,1,5
1201,1,6
1206,1,5
1223,13,17
1224,8,1
1225,4,1
1228,1,3
1233,1,5
1239,1,6
1245,2,6
1251,1,6
1258,2,7
1263,1,5
1269,1,6
1275,2,6
1280,1,5
1286,1,6
1292,2,6
1297,1,5
1303,1,6
1309,1,6
1315,2,6
1320,1,5
1326,1,6
1332,1,6
1338,1,6
1344,1,6
1351,2,7
1356,1,5
1362,2,6
1367,1,5
1373,2,6
1378,1,5
1384,2,6
1389,1,5
1394,1,5
1400,1,6
1405,1,5
1411,1,6
1416,1,5
1422,1,6
1429,2,7
1435,2,6
1441,2,6
1446,1,5
1451,1,5
1457,2,6
1462,1,5
1467,1,5
1473,1,6
1478,1,5
1484,2,6
1489,1,5
1494,1,5
1500,1,6
1505,1,5
1511,2,6
1516,1,5
1521,1,5
1527,1,6
1532,1,5
1538,2,6
1544,1,6
1549,1,5
1554,1,5
1560,1,6
1565,1,5
1571,1,6
1576,1,5
1581,1,5
1587,1,6
1592,1,5
1598,2,6
1603,1,5
1608,1,5
1614,1,6
1619,1,5
1625,2,6
1630,1,5
1635,1,5
1641,2,6
1647,1,6
1652,1,5
1658,2,6
1663,1,5
1668,1,5
1674,1,6
1679,1,5
1685,2,6
1690,1,5
1695,1,5
1701,2,6
1706,1,5
1711,1,5
1717,2,6
1723,2,6
1728,1,5
1734,2,6
1739,1,5
1744,1,5
1750,2,6
1755,1,5
1760,1,5
1766,1,6
1772,2,6
1777,1,5
1783,2,6
1788,1,5
1794,2,6
1799,1,5
1804,1,5
1814,2,10
1820,3,6
1824,1,4
1830,2,6
1835,1,5
1840,1,5
1846,1,6
1852,1,6
1857,1,5
1863,2,6
1868,1,5
1873,1,5
1879,1,6
1889,6,10
1891,3,2
1895,1,4
1900,1,5
1906,1,6
1911,1,5
1917,2,6
1922,1,5
1928,2,6
1933,1,5
1938,1,5
1944,1,6
1949,1,5
1955,2,6
1960,1,5
1966,2,6
1971,1,5
1976,1,5
1982,2,6
1987,1,5
1993,2,6
1998,1,5
2003,1,5
2009,1,6
2014,1,5
2020,2,6
2025,1,5
2031,2,6
2036,1,5
2041,1,5
2047,2,6
2052,1,5
2058,2,6
2064,1,6
2069,1,5
2075,2,6
2080,1,5
2085,1,5
2091,1,6
2096,1,5
2102,2,6
2108,2,6
2113,1,5
2119,1,6
2125,2,6
2143,2,18
2148,1,5
2154,2,6
2159,1,5
2165,1,6
2170,1,5
2176,1,6
2181,1,5
2187,1,6
2192,1,5
2198,1,6
2203,1,5
2209,1,6
2214,1,5
2220,1,6
2225,1,5
2231,1,6
2236,1,5
2242,1,6
2247,1,5
2253,1,6
2258,1,5
2264,1,6
2269,1,5
2275,1,6
2281,2,6
2286,1,5
2292,2,6
2297,1,5
2303,2,6
2308,1,5
2314,2,6
2319,1,5
2325,2,6
2330,1,5
2336,2,6
2341,1,5
2347,1,6
2352,1,5
2358,1,6
2363,1,5
2369,1,6
2374,1,5
2380,1,6
2385,1,5
2391,1,6
2396,1,5
2402,2,6
2407,1,5
2412,1,5
2418,2,6
2423,1,5
2428,1,5
2434,1,6
2439,1,5
2444,1,5
2450,1,6
2455,1,5
2461,2,6
2466,1,5
2471,1,5
2477,2,6
2482,1,5
2487,1,5
2493,2,6
2498,1,5
2504,2,6
2509,1,5
2514,1,5
2520,2,6
2525,1,5
2530,1,5
2536,1,6
2541,1,5
2547,2,6
2552,1,5
2557,1,5
2563,2,6
2568,1,5
2573,1,5
2579,2,6
2584,1,5
2589,1,5
2595,1,6
2600,1,5
2606,1,6
2612,2,6
2617,1,5
2622,1,5
2628,1,6
2633,1,5
2639,2,6
2644,1,5
2649,1,5
2655,2,6
2660,1,5
2665,1,5
2671,2,6
2676,1,5
2681,1,5
2687,2,6
2692,1,5
2697,1,5
2703,1,6
2708,1,5
2714,2,6
2719,1,5
2724,1,5
2731,3,7
2735,1,4
2740,1,5
2746,2,6
2751,1,5
2756,1,5
2762,2,6
2767,1,5
2773,2,6
2778,2,5
2783,1,5
2788,1,5
2794,2,6
2799,1,5
2805,2,6
2812,3,7
2815,1,3
2821,1,6
2826,1,5
2832,1,6
2838,2,6
2843,1,5
2849,2,6
2854,1,5
2860,2,6
2865,1,5
2870,1,5
2876,1,6
2881,1,5
2887,1,6
2892,1,5
2898,1,6
2903,1,5
2909,2,6
2914,1,5
2919,1,5
2925,1,6
2930,1,5
2935,1,5
2941,1,6
2946,1,5
2951,1,5
2957,1,6
2962,1,5
2967,1,5
2973,1,6
2978,1,5
2983,1,5
2989,1,6
2994,1,5
3000,2,6
3005,1,5
3010,1,5
3016,1,6
3021,1,5
3026,1,5
3032,1,6
3037,1,5
3043,1,6
3048,1,5
3054,2,6
3059,1,5
3064,1,5
3070,2,6
3075,1,5
3080,1,5
3085,1,5
3091,1,6
3097,1,6
3103,0,6
3109,1,6
3114,1,5
3120,1,6
3125,1,5
3130,1,5
3136,1,6
3141,1,5
3147,2,6
3152,1,5
3157,1,5
3163,1,6
3168,1,5
3173,1,5
3179,1,6
3184,1,5
3190,2,6
3195,1,5
3200,1,5
3206,2,6
3211,1,5
3216,1,5
3221,1,5
3227,2,6
3232,1,5
3237,1,5
3243,2,6
3248,1,5
3253,1,5
3259,2,6
3264,1,5
3269,1,5
3274,1,5
3280,1,6
3285,1,5
3291,2,6
3296,1,5
3301,1,5
3307,2,6
3312,1,5
3317,1,5
3323,2,6
3328,1,5
3333,1,5
3339,1,6
3344,1,5
3349,1,5
3355,1,6
3360,1,5
3365,1,5
3371,1,6
3376,1,5
3381,1,5
3387,1,6
3392,1,5
3397,1,5
3403,1,6
3408,1,5
3413,1,5
3419,1,6
3424,1,5
3430,2,6
3435,1,5
3441,2,6
3446,2,5
3451,1,5
3456,1,5
3462,1,6
3467,1,5
3473,2,6
3478,1,5
3483,1,5
3490,3,7
3494,1,4
3499,1,5
3505,2,6
3510,1,5
3515,1,5
3521,1,6
3526,1,5
3532,2,6
3537,1,5
3542,1,5
3548,2,6
3553,1,5
3559,1,6
3564,1,5
3570,1,6
3575,1,5
3581,1,6
3586,1,5
3592,1,6
3597,1,5
3603,1,6
3608,1,5
3614,1,6
3619,1,5
3625,1,6
3630,1,5
3636,1,6
3641,1,5
3647,1,6
3652,1,5
3658,1,6
3663,1,5
3669,1,6
3674,1,5
3680,1,6
3686,2,6
3693,3,7
3696,1,3
3702,1,6
3707,1,5
3713,1,6
3719,1,6
3725,1,6
3731,1,6
3737,1,6
3744,2,7
3750,1,6
3756,1,6
3762,1,6
3768,1,6
3774,1,6
3780,1,6
3785,1,5
3790,1,5
3796,1,6
3801,1,5
3806,1,5
3812,1,6
3818,1,6
3825,2,7
3830,1,5
3835,1,5
3841,2,6
3846,1,5
3851,1,5
3856,1,5
3862,1,6
3867,1,5
3873,2,6
3878,1,5
3883,1,5
3889,1,6
3894,1,5
3900,2,6
3905,1,5
3911,2,6
3916,1,5
3921,1,5
3927,2,6
3932,1,5
3937,1,5
3943,2,6
3948,1,5
3953,1,5
3959,2,6
3964,1,5
3969,1,5
3975,2,6
3980,1,5
3985,1,5
3991,2,6
3996,1,5
4001,1,5
4007,2,6
4012,1,5
4017,1,5
4023,2,6
4028,1,5
4033,1,5
4039,2,6
4044,1,5
4049,1,5
4055,2,6
4060,1,5
4065,1,5
4071,2,6
4076,1,5
4081,1,5
4087,2,6
4092,1,5
4097,1,5
4102,1,5
4108,1,6
4113,1,5
4119,2,6
4124,1,5
4129,1,5
4135,2,6
4140,1,5
4145,1,5
4151,2,6
4156,1,5
4161,1,5
4167,2,6
4172,1,5
4177,1,5
4183,2,6
4188,1,5
4194,2,6
4199,1,5
4204,1,5
4210,2,6
4215,1,5
4220,1,5
4226,1,6
4231,1,5
4237,2,6
4242,2,5
4247,1,5
4252,1,5
4258,2,6
4263,1,5
4268,1,5
4274,1,6
4279,1,5
4285,2,6
4290,1,5
4295,1,5
4301,2,6
4306,1,5
4311,1,5
4317,2,6
4322,2,5
4327,1,5
4333,2,6
4338,2,5
4343,1,5
4348,1,5
4354,2,6
4359,1,5
4364,1,5
4370,2,6
4375,1,5
4380,1,5
4386,2,6
4391,1,5
4396,1,5
4402,2,6
4407,1,5
4412,1,5
4418,2,6
4423,1,5
4428,1,5
4434,2,6
4439,1,5
4444,1,5
4449,1,5
4455,1,6
4460,1,5
4466,1,6
4471,1,5
4476,1,5
4482,1,6
4487,1,5
4492,1,5
4498,1,6
4503,1,5
4508,1,5
4514,1,6
4519,1,5
4525,2,6
4530,1,5
4535,1,5
4541,2,6
4546,1,5
4551,1,5
4557,2,6
4562,1,5
4567,1,5
4573,2,6
4578,1,5
4583,1,5
4589,2,6
4594,1,5
4599,1,5
4605,2,6
4610,1,5
4615,1,5
4621,2,6
4626,1,5
4631,1,5
4637,2,6
4642,1,5
4647,1,5
4653,2,6
4658,1,5
4663,1,5
4669,1,6
4674,1,5
4679,1,5
4685,1,6
4690,1,5
4696,2,6
4702,2,6
4706,1,4
4712,2,6
4717,1,5
4722,1,5
4728,2,6
4733,1,5
4738,1,5
4744,2,6
4749,1,5
4754,1,5
4760,2,6
4765,1,5
4770,1,5
4776,2,6
4781,1,5
4787,2,6
4792,1,5
4797,1,5
4803,2,6
4808,1,5
4813,1,5
4820,3,7
4824,1,4
4829,1,5
4835,2,6
4841,2,6
4846,1,5
4851,1,5
4857,2,6
4862,1,5
4867,1,5
4872,1,5
4879,2,7
4883,1,4
4889,1,6
4894,1,5
4900,2,6
4905,1,5
4910,1,5
4916,2,6
4921,1,5
4926,1,5
4932,1,6
4937,1,5
4942,1,5
4948,1,6
4953,1,5
4959,2,6
4964,1,5
4969,1,5
4975,1,6
4981,1,6
4988,2,7
4993,1,5
4998,1,5
5004,2,6
5009,1,5
5014,1,5
5020,1,6
5026,2,6
5031,2,5
5036,1,5
5041,1,5
5047,1,6
5052,1,5
5058,2,6
5063,1,5
5069,2,6
5074,2,5
5079,1,5
5085,2,6
5090,2,5
5095,1,5
5101,2,6
5106,1,5
5111,1,5
5117,2,6
5122,1,5
5127,1,5
5133,2,6
5138,1,5
5143,1,5
5149,1,6
5154,1,5
5160,1,6
5165,1,5
5174,5,9
5179,1,5
5185,1,6
5190,1,5
5196,1,6
5201,1,5
5207,1,6
5212,1,5
5217,1,5
5223,1,6
5228,1,5
5233,1,5
5239,1,6
5244,1,5
5249,1,5
5255,2,6
5260,1,5
5265,1,5
5271,2,6
5276,1,5
5281,1,5
5287,2,6
5292,1,5
5297,1,5
5303,2,6
5308,1,5
5313,1,5
5319,2,6
5324,1,5
5329,1,5
5335,2,6
5340,1,5
5345,1,5
5351,2,6
5356,1,5
5361,1,5
5367,2,6
5372,1,5
5378,2,6
5383,1,5
5388,1,5
5393,1,5
5399,1,6
5405,1,6
5411,1,6
5417,1,6
5423,2,6
5428,1,5
5433,1,5
5438,1,5
5444,1,6
5449,1,5
5455,2,6
5460,1,5
5465,1,5
5471,2,6
5476,1,5
5481,1,5
5487,2,6
5492,1,5
5497,1,5
5503,2,6
5508,1,5
5513,1,5
5519,2,6
5524,1,5
5529,1,5
5535,2,6
5540,1,5
5545,1,5
5551,2,6
5556,1,5
5561,1,5
5567,2,6
5572,1,5
5577,1,5
5583,2,6
5589,1,6
5594,1,5
5600,1,6
5605,1,5
5610,1,5
5616,1,6
5621,1,5
5627,2,6
5632,1,5
5637,1,5
5643,2,6
5648,1,5
5653,1,5
5659,2,6
5664,1,5
5669,1,5
5674,1,5
5680,1,6
5685,1,5
5691,2,6
5696,1,5
5701,1,5
5706,1,5
5712,1,6
5717,1,5
5723,2,6
5728,1,5
5733,1,5
5739,2,6
5744,1,5
5749,1,5
5755,2,6
5760,1,5
5765,1,5
5771,2,6
5776,1,5
5781,1,5
5787,2,6
5792,1,5
5797,1,5
5803,2,6
5808,1,5
5813,1,5
5820,3,7
5824,1,4
5829,1,5
5835,2,6
5840,1,5
5845,1,5
5851,2,6
5856,1,5
5861,1,5
5867,1,6
5872,1,5
5878,1,6
5884,2,6
5889,1,5
5894,1,5
5900,2,6
5905,1,5
5910,1,5
5916,2,6
5921,1,5
5926,1,5
5932,2,6
5937,1,5
5942,1,5
5948,1,6
5953,1,5
5959,2,6
5964,1,5
5969,1,5
5974,1,5
5980,1,6
5985,1,5
5991,2,6
5996,1,5
6001,1,5
6007,2,6
6012,1,5
6017,1,5
6023,2,6
6028,1,5
6033,1,5
6039,2,6
6044,1,5
6049,1,5
6055,2,6
6060,1,5
6065,1,5
6070,1,5
6076,1,6
6081,1,5
6087,2,6
6092,1,5
6097,1,5
6103,2,6
6108,1,5
6113,1,5
6119,2,6
6124,1,5
6129,1,5
6135,2,6
6140,1,5
6145,1,5
6151,2,6
6156,1,5
6161,1,5
6167,2,6
6172,1,5
6177,1,5
6183,1,6
6188,1,5
6193,1,5
6199,1,6
6204,1,5
6209,1,5
6215,1,6
6220,1,5
6225,1,5
6231,1,6
6236,1,5
6241,1,5
6247,1,6
6252,1,5
6257,1,5
6263,1,6
6268,1,5
6273,1,5
6279,1,6
6284,1,5
6289,1,5
6295,1,6
6300,1,5
6305,1,5
6311,1,6
6316,1,5
6321,1,5
6327,1,6
6332,1,5
6338,2,6
6343,1,5
6348,1,5
6354,2,6
6359,1,5
6364,1,5
6370,2,6
6375,1,5
6380,1,5
6386,2,6
6391,1,5
6396,1,5
6402,2,6
6407,1,5
6412,1,5
6418,1,6
6424,1,6
6430,1,6
6436,1,6
6442,1,6
6448,1,6
6453,1,5
6458,1,5
6464,1,6
6469,1,5
6475,2,6
6480,1,5
6486,2,6
6491,1,5
6496,1,5
6502,1,6
6507,1,5
6513,2,6
6518,1,5
6524,2,6
6529,1,5
6534,1,5
6540,1,6
6545,1,5
6551,2,6
6556,1,5
6561,1,5
6567,2,6
6572,1,5
6577,1,5
6583,2,6
6588,1,5
6593,1,5
6599,2,6
6604,1,5
6609,1,5
6615,2,6
6620,1,5
6625,1,5
6631,2,6
6636,1,5
6641,1,5
6647,2,6
6652,1,5
6657,1,5
6663,2,6
6668,1,5
6673,1,5
6679,2,6
6684,1,5
6689,1,5
6695,2,6
6700,1,5
6705,1,5
6711,2,6
6716,1,5
6721,1,5
6727,1,6
6732,1,5
6738,2,6
6743,1,5
6749,2,6
6754,1,5
6759,1,5
6765,2,6
6770,1,5
6775,1,5
6781,2,6
6786,1,5
6791,1,5
6797,2,6
6802,1,5
6807,1,5
6813,2,6
6821,4,8
6823,1,2
6829,2,6
6834,1,5
6839,1,5
6845,2,6
6850,1,5
6856,2,6
6861,2,5
6866,1,5
6871,1,5
6877,2,6
6882,1,5
6887,1,5
6894,2,7
6898,1,4
6904,1,6
6909,1,5
6915,2,6
6920,1,5
6925,1,5
6930,1,5
6936,1,6
6941,1,5
6947,2,6
6952,1,5
6957,1,5
6963,2,6
6968,1,5
6973,1,5
6979,2,6
6984,1,5
6989,1,5
6995,2,6
7000,1,5
7005,1,5
7011,1,6
7016,1,5
7022,1,6
7027,1,5
7033,1,6
7038,1,5
7044,1,6
7049,1,5
7055,1,6
7060,1,5
7066,1,6
7071,1,5
7077,2,6
7082,1,5
7087,1,5
7093,2,6
7098,1,5
7103,1,5
7109,2,6
7114,1,5
7119,1,5
7125,2,6
7130,1,5
7135,1,5
7141,2,6
7146,1,5
7151,1,5
7156,1,5
7162,1,6
7167,1,5
7173,2,6
7178,1,5
7183,1,5
7189,2,6
7194,1,5
7199,1,5
7205,2,6
7210,1,5
7215,1,5
7220,1,5
7226,1,6
7231,1,5
7236,1,5
7242,1,6
7247,1,5
7252,1,5
7258,1,6
7263,1,5
7269,2,6
7274,1,5
7279,1,5
7284,1,5
7290,1,6
7295,1,5
7301,2,6
7306,1,5
7311,1,5
7317,1,6
7323,1,6
7328,1,5
7334,2,6
7339,1,5
7344,1,5
7350,2,6
7355,1,5
7360,1,5
7366,2,6
7371,1,5
7376,1,5
7381,1,5
7387,1,6
7392,1,5
7398,2,6
7403,1,5
7408,1,5
7413,1,5
7419,1,6
7424,1,5
7430,2,6
7435,1,5
7440,1,5
7445,1,5
7451,1,6
7456,1,5
7461,1,5
7467,1,6
7472,1,5
7477,1,5
7483,1,6
7488,1,5
7493,1,5
7499,2,6
7504,1,5
7509,1,5
7515,2,6
7520,1,5
7525,1,5
7531,2,6
7536,1,5
7541,1,5
7547,2,6
7552,1,5
7557,1,5
7563,1,6
7568,1,5
7573,1,5
7579,1,6
7584,1,5
7589,1,5
7595,1,6
7600,1,5
7605,1,5
7611,1,6
7616,1,5
7622,2,6
7627,1,5
7632,1,5
7638,2,6
7643,1,5
7648,1,5
7654,2,6
7659,1,5
7664,1,5
7670,2,6
7675,1,5
7680,1,5
7686,1,6
7691,1,5
7696,1,5
7702,2,6
7707,1,5
7712,1,5
7718,2,6
7723,1,5
7728,1,5
7733,1,5
7739,1,6
7744,1,5
7750,2,6
7755,1,5
7760,1,5
7765,1,5
7771,1,6
7776,1,5
7782,2,6
7787,1,5
7792,1,5
7798,2,6
7803,1,5
7808,1,5
7813,1,5
7820,2,7
7824,1,4
7830,2,6
7835,1,5
7840,1,5
7846,2,6
7851,1,5
7856,1,5
7862,1,6
7867,1,5
7872,1,5
7878,1,6
7883,1,5
7889,2,6
7894,1,5
7899,1,5
7905,2,6
7910,1,5
7915,1,5
7921,2,6
7926,1,5
7931,1,5
7936,1,5
7942,1,6
7947,1,5
7953,2,6
7958,1,5
7963,1,5
7969,2,6
7974,1,5
7979,1,5
7985,2,6
7990,1,5
7995,1,5
8001,2,6
8006,1,5
8011,1,5
8017,2,6
8022,1,5
8027,1,5
8033,2,6
8038,1,5
8043,1,5
8049,2,6
8054,1,5
8059,1,5
8065,2,6
8070,1,5
8075,1,5
8081,2,6
8086,1,5
8091,1,5
8097,2,6
8102,1,5
8107,1,5
8113,2,6
8118,1,5
8123,1,5
8129,2,6
8134,1,5
8140,2,6
8145,1,5
8150,1,5
8155,1,5
8161,1,6
8166,1,5
8172,2,6
8177,1,5
8182,1,5
8188,2,6
8193,1,5
8198,1,5
8203,1,5
8209,1,6
8214,1,5
8220,1,6
8225,1,5
8230,1,5
8236,1,6
8241,1,5
8247,2,6
8252,1,5
8257,1,5
8262,1,5
8268,1,6
8273,1,5
8279,2,6
8284,1,5
8289,1,5
8295,2,6
8300,1,5
8305,1,5
8310,1,5
8316,1,6
8321,1,5
8327,2,6
8332,1,5
8337,1,5
8343,2,6
8348,1,5
8357,1,9
8363,2,6
8368,1,5
8374,2,6
8379,1,5
8384,1,5
8389,1,5
8395,2,6
8400,1,5
8406,2,6
8411,2,5
8416,1,5
8421,1,5
8427,2,6
8433,2,6
8438,2,5
8443,1,5
8448,1,5
8454,2,6
8459,1,5
8464,1,5
8470,2,6
8475,1,5
8480,1,5
8486,2,6
8491,1,5
8496,1,5
8502,2,6
8507,1,5
8512,1,5
8517,1,5
8523,1,6
8528,1,5
8534,1,6
8539,1,5
8545,1,6
8550,1,5
8556,1,6
8561,1,5
8567,1,6
8572,1,5
8578,1,6
8583,1,5
8589,2,6
8594,1,5
8600,2,6
8605,1,5
8610,1,5
8616,1,6
8621,1,5
8627,1,6
8632,1,5
8638,1,6
8643,1,5
8648,1,5
8654,1,6
8659,1,5
8665,1,6
8670,1,5
8676,1,6
8681,1,5
8687,2,6
8692,1,5
8697,1,5
8703,1,6
8708,1,5
8714,2,6
8719,1,5
8724,1,5
8730,1,6
8735,1,5
8741,1,6
8746,1,5
8752,2,6
8757,1,5
8763,2,6
8768,1,5
8773,1,5
8779,1,6
8784,1,5
8790,2,6
8795,1,5
8800,1,5
8805,1,5
8811,1,6
8816,1,5
8822,2,6
8827,1,5
8832,1,5
8837,1,5
8843,2,6
8849,2,6
8853,1,4
8859,2,6
8864,1,5
8869,1,5
8875,2,6
8880,1,5
8885,1,5
8891,2,6
8896,1,5
8901,1,5
8907,2,6
8912,1,5
8917,1,5
8923,2,6
8928,1,5
8933,1,5
8939,2,6
8944,1,5
8949,1,5
8955,2,6
8960,1,5
8965,1,5
8970,1,5
8976,1,6
8981,1,5
8987,2,6
8992,1,5
8997,1,5
9003,1,6
9008,1,5
9013,1,5
9019,1,6
9024,1,5
9029,1,5
9034,1,5
9040,1,6
9045,1,5
9051,2,6
9056,1,5
9061,1,5
9067,2,6
9072,1,5
9077,1,5
9083,1,6
9088,1,5
9094,2,6
9099,1,5
9104,1,5
9110,2,6
9115,1,5
9120,1,5
9126,1,6
9131,1,5
9136,1,5
9142,1,6
9147,1,5
9153,2,6
9158,1,5
9163,1,5
9169,1,6
9174,1,5
9180,2,6
9185,1,5
9191,2,6
9196,1,5
9201,1,5
9207,2,6
9212,1,5
9217,1,5
9223,1,6
9228,1,5
9234,2,6
9239,1,5
9244,1,5
9250,2,6
9255,1,5
9260,1,5
9266,1,6
9271,1,5
9277,2,6
9282,1,5
9289,3,7
9295,2,6
9300,1,5
9305,1,5
9311,1,6
9316,1,5
9321,1,5
9327,2,6
9332,1,5
9337,1,5
9343,2,6
9349,1,6
9354,1,5
9359,1,5
9365,1,6
9370,1,5
9376,2,6
9381,1,5
9386,1,5
9391,1,5
9397,1,6
9402,1,5
9408,2,6
9413,1,5
9418,1,5
9423,1,5
9429,1,6
9434,1,5
9439,1,5
9445,1,6
9450,1,5
9455,1,5
9461,1,6
9466,1,5
9471,1,5
9477,2,6
9482,1,5
9487,1,5
9493,2,6
9498,1,5
9503,1,5
9509,2,6
9514,1,5
9519,1,5
9524,1,5
9530,1,6
9535,1,5
9540,1,5
9546,1,6
9551,1,5
9556,1,5
9561,1,5
9567,1,6
9572,1,5
9577,1,5
9583,1,6
9588,1,5
9593,1,5
9604,6,11
9605,2,1
9609,1,4
9615,1,6
9620,1,5
9625,1,5
9631,1,6
9636,1,5
9641,1,5
9647,1,6
9652,1,5
9657,1,5
9663,1,6
9668,1,5
9673,1,5
9679,1,6
9684,1,5
9689,1,5
9695,2,6
9702,3,7
9705,1,3
9710,1,5
9716,1,6
9722,2,6
9727,1,5
9732,1,5
9737,1,5
9743,1,6
9748,1,5
9753,1,5
9759,1,6
9764,1,5
9769,1,5
9775,1,6
9780,1,5
9785,1,5
9791,1,6
9796,1,5
9802,2,6
9807,1,5
9812,1,5
9817,1,5
9823,1,6
9828,1,5
9834,2,6
9839,1,5
9844,1,5
9850,2,6
9855,1,5
9860,1,5
9865,1,5
9871,2,6
9876,1,5
9882,2,6
9887,2,5
9892,1,5
9897,1,5
9903,1,6
9908,1,5
9913,1,5
9919,1,6
9924,1,5
9929,1,5
9935,1,6
9940,1,5
9946,2,6
9952,1,6
9958,1,6
9963,1,5
9969,2,6
9974,2,5
9979,1,5
9985,2,6
9990,2,5
9995,1,5
10000,1,5
10005,1,5
10011,1,6
10016,1,5
10022,2,6
10027,1,5
10032,1,5
10037,1,5
10043,2,6
10048,1,5
10053,1,5
10059,2,6
10064,1,5
10069,1,5
10075,2,6
10080,1,5
10085,1,5
10091,2,6
10096,1,5
10101,1,5
10106,1,5
10112,1,6
10117,1,5
10123,2,6
10128,1,5
10133,1,5
10139,2,6
10144,1,5
10149,1,5
10155,2,6
10160,1,5
10165,1,5
10171,2,6
10176,1,5
10181,1,5
10187,2,6
10192,1,5
10197,1,5
10203,2,6
10208,1,5
10213,1,5
10218,1,5
10224,1,6
10229,1,5
10234,1,5
10240,1,6
10245,1,5
10250,1,5
10256,1,6
10261,1,5
10267,2,6
10272,1,5
10277,1,5
10282,1,5
10288,2,6
10293,1,5
10298,1,5
10304,2,6
10309,1,5
10314,1,5
10320,2,6
10325,1,5
10330,1,5
10335,1,5
10341,1,6
10346,1,5
10351,1,5
10357,1,6
10362,1,5
10367,1,5
10373,1,6
10378,1,5
10383,1,5
10389,1,6
10395,1,6
10400,1,5
10405,1,5
10410,1,5
10416,1,6
10421,1,5
10427,2,6
10432,1,5
10437,1,5
10442,1,5
10448,1,6
10453,1,5
10458,0,5
10464,1,6
10469,1,5
10475,2,6
10480,1,5
10485,1,5
10491,2,6
10496,1,5
10501,1,5
10506,1,5
10512,1,6
10517,1,5
10522,1,5
10528,2,6
10533,1,5
10538,1,5
10544,2,6
10549,1,5
10554,1,5
10559,1,5
10565,1,6
10570,1,5
10575,1,5
10581,1,6
10586,1,5
10591,1,5
10597,1,6
10602,1,5
10608,2,6
10613,1,5
10618,1,5
10624,2,6
10629,1,5
10634,1,5
10640,2,6
10645,1,5
10650,1,5
10656,2,6
10661,1,5
10666,1,5
10672,2,6
10677,1,5
10682,1,5
10688,2,6
10693,1,5
10698,1,5
10704,2,6
10709,1,5
10714,1,5
10720,2,6
10725,1,5
10730,1,5
10736,2,6
10741,1,5
10746,1,5
10753,1,7
10759,2,6
10764,1,5
10769,1,5
10775,2,6
10781,2,6
10785,1,4
10790,1,5
10796,1,6
10801,1,5
10807,2,6
10812,1,5
10817,1,5
10823,2,6
10828,1,5
10833,1,5
10838,1,5
10844,1,6
10849,1,5
10855,2,6
10860,1,5
10865,1,5
10871,2,6
10876,1,5
10881,1,5
10886,1,5
10892,1,6
10897,1,5
10903,2,6
10908,1,5
10913,1,5
10919,2,6
10924,1,5
10929,1,5
10935,2,6
10940,1,5
10945,1,5
10951,2,6
10956,1,5
10961,1,5
10966,1,5
10972,1,6
10977,1,5
10983,2,6
10988,1,5
10993,1,5
10998,1,5
11004,1,6
11009,1,5
11014,1,5
11020,1,6
11025,1,5
11031,2,6
11036,1,5
11041,1,5
11046,1,5
11052,1,6
11057,1,5
11062,1,5
11068,1,6
11073,1,5
11078,1,5
11084,1,6
11089,1,5
11095,1,6
11100,1,5
11106,1,6
11111,1,5
11116,1,5
11122,2,6
11127,1,5
11132,1,5
11137,1,5
11143,1,6
11148,1,5
11153,1,5
11159,2,6
11164,1,5
11169,1,5
11175,2,6
11180,1,5
11185,1,5
11191,2,6
11196,1,5
11201,1,5
11207,2,6
11212,1,5
11217,1,5
11223,1,6
11228,1,5
11233,1,5
11239,1,6
11244,1,5
11251,3,7
11256,1,5
11261,1,5
11267,1,6
11272,1,5
11277,1,5
11283,2,6
11288,1,5
11293,1,5
11298,1,5
11304,1,6
11309,1,5
11315,1,6
11321,2,6
11326,1,5
11332,2,6
11337,1,5
11343,2,6
11348,1,5
11354,2,6
11359,1,5
11365,2,6
11370,1,5
11375,1,5
11381,1,6
11386,1,5
11393,2,7
11399,1,6
11405,1,6
11411,1,6
11417,1,6
11422,1,5
11427,1,5
11433,1,6
11438,1,5
11443,1,5
11449,2,6
11454,1,5
11459,1,5
11465,2,6
11470,1,5
11475,1,5
11481,2,6
11486,1,5
11491,1,5
11497,2,6
11502,1,5
11507,1,5
11513,2,6
11518,1,5
11523,1,5
11529,2,6
11534,1,5
11539,1,5
11545,2,6
11550,1,5
11555,1,5
11561,2,6
11566,1,5
11571,1,5
11577,2,6
11582,1,5
11587,1,5
11593,2,6
11598,1,5
11603,1,5
11609,2,6
11614,1,5
11619,1,5
11625,2,6
11630,1,5
11635,1,5
11640,1,5
11646,1,6
11651,1,5
11656,1,5
11662,2,6
11667,1,5
11673,2,6
11678,2,5
11683,1,5
11688,1,5
11693,1,5
11699,1,6
11704,1,5
11709,1,5
11715,1,6
11720,1,5
11726,2,6
11731,2,5
11736,1,5
11741,1,5
11747,2,6
11752,1,5
11757,1,5
11763,2,6
11768,1,5
11773,1,5
11781,1,8
11787,2,6
11792,1,5
11797,1,5
11803,2,6
11808,1,5
11813,1,5
11819,2,6
11824,1,5
11829,1,5
11835,1,6
11840,1,5
11846,2,6
11851,1,5
11857,2,6
11862,1,5
11867,1,5
11873,1,6
11881,4,8
11884,1,3
11889,1,5
11895,1,6
11901,1,6
11907,2,6
11912,1,5
11917,1,5
11922,1,5
11928,1,6
11933,1,5
11938,1,5
11944,1,6
11949,1,5
11955,2,6
11960,1,5
11965,1,5
11971,2,6
11976,1,5
11981,1,5
11987,2,6
11992,1,5
11997,1,5
12003,2,6
12008,1,5
12013,1,5
12019,2,6
12024,1,5
12029,1,5
12035,2,6
12040,1,5
12045,1,5
12050,1,5
12056,1,6
12061,1,5
12066,1,5
12072,1,6
12078,2,6
12083,2,5
12088,1,5
12093,1,5
12098,1,5
12104,1,6
12109,1,5
12115,2,6
12120,1,5
12125,1,5
12133,1,8
12139,2,6
12144,1,5
12149,1,5
12154,1,5
12160,1,6
12165,1,5
12170,1,5
12176,1,6
12181,1,5
12186,1,5
12192,1,6
12197,1,5
12202,1,5
12208,1,6
12213,1,5
12219,2,6
12224,1,5
12229,1,5
12235,2,6
12240,1,5
12245,1,5
12250,1,5
12256,1,6
12261,1,5
12267,2,6
12272,1,5
12277,1,5
12283,2,6
12288,1,5
12293,1,5
12298,1,5
12304,2,6
12309,1,5
12314,1,5
12319,1,5
12325,2,6
12330,1,5
12335,1,5
12340,1,5
12346,1,6
12351,1,5
12356,1,5
12362,1,6
12367,1,5
12372,1,5
12378,2,6
12383,1,5
12388,1,5
12394,2,6
12399,1,5
12404,1,5
12409,1,5
12415,1,6
12420,1,5
12425,1,5
12431,2,6
12436,1,5
12441,1,5
12447,2,6
12452,1,5
12457,1,5
12462,1,5
12468,1,6
12473,1,5
12478,1,5
12484,1,6
12489,1,5
12494,1,5
12500,2,6
12505,1,5
12510,1,5
12516,2,6
12521,1,5
12526,1,5
12532,2,6
12537,1,5
12542,1,5
12547,1,5
12553,1,6
12558,1,5
12563,1,5
12569,1,6
12574,1,5
12579,1,5
12585,1,6
12590,1,5
12595,1,5
12601,1,6
12606,1,5
12611,1,5
12617,1,6
12622,1,5
12627,1,5
12633,1,6
12638,1,5
12643,1,5
12649,1,6
12654,1,5
12659,1,5
12665,1,6
12670,1,5
12676,2,6
12681,1,5
12686,1,5
12692,2,6
12697,1,5
12702,1,5
12708,2,6
12713,1,5
12718,1,5
12723,1,5
12729,1,6
12734,1,5
12739,1,5
12745,1,6
12753,4,8
12756,2,3
12761,1,5
12766,1,5
12772,2,6
12777,1,5
12782,1,5
12788,2,6
12793,1,5
12798,1,5
12804,2,6
12809,1,5
12814,1,5
12820,2,6
12825,1,5
12830,1,5
12835,1,5
12841,1,6
12846,1,5
12851,1,5
12857,1,6
12862,1,5
12867,1,5
12873,1,6
12878,1,5
12883,1,5
12889,1,6
12894,1,5
12899,1,5
12905,2,6
12910,1,5
12915,1,5
12920,1,5
12926,1,6
12931,1,5
12936,1,5
12942,1,6
12947,1,5
12952,1,5
12958,1,6
12963,1,5
12968,1,5
12974,2,6
12979,1,5
12984,1,5
12990,2,6
12995,1,5
13000,1,5
13005,1,5
13011,1,6
13016,1,5
13021,1,5
13027,1,6
13032,1,5
13037,1,5
13043,1,6
13048,1,5
13053,1,5
13059,2,6
13064,1,5
13069,1,5
13074,1,5
13080,1,6
13085,1,5
13090,1,5
13096,1,6
13101,1,5
13106,1,5
13112,1,6
13117,1,5
13122,1,5
13128,1,6
13133,1,5
13138,1,5
13144,1,6
13149,1,5
13155,2,6
13160,1,5
13165,1,5
13171,2,6
13176,1,5
13181,1,5
13186,1,5
13192,1,6
13197,1,5
13202,1,5
13208,1,6
13213,1,5
13218,1,5
13224,1,6
13229,1,5
13234,1,5
13240,1,6
13245,1,5
13250,1,5
13256,1,6
13262,1,6
13268,1,6
13273,1,5
13278,1,5
13284,1,6
13289,1,5
13294,1,5
13300,1,6
13305,1,5
13311,2,6
13316,1,5
13321,1,5
13326,1,5
13332,1,6
13337,1,5
13343,2,6
13348,1,5
13353,1,5
13358,1,5
13364,1,6
13369,1,5
13374,1,5
13380,2,6
13385,1,5
13390,1,5
13396,2,6
13401,1,5
13406,1,5
13412,2,6
13417,1,5
13422,1,5
13428,1,6
13433,1,5
13439,2,6
13444,1,5
13449,1,5
13454,1,5
13460,1,6
13465,1,5
13471,2,6
13476,1,5
13481,1,5
13486,1,5
13492,1,6
13497,1,5
13503,2,6
13508,1,5
13513,1,5
13519,2,6
13524,1,5
13529,1,5
13535,2,6
13540,1,5
13545,1,5
13551,2,6
13556,1,5
13561,1,5
13567,2,6
13572,1,5
13577,1,5
13583,1,6
13588,1,5
13594,2,6
13599,1,5
13604,1,5
13609,1,5
13615,1,6
13620,1,5
13626,2,6
13631,1,5
13637,2,6
13642,1,5
13647,1,5
13653,1,6
13658,1,5
13664,1,6
13669,1,5
13675,1,6
13680,1,5
13686,1,6
13691,1,5
13697,1,6
13702,1,5
13708,1,6
13713,1,5
13719,1,6
13724,1,5
13730,2,6
13735,1,5
13741,2,6
13746,1,5
13751,1,5
13757,1,6
13763,1,6
13768,1,5
13774,1,6
13779,1,5
13785,1,6
13790,1,5
13796,1,6
13801,1,5
13807,1,6
13812,1,5
13822,5,10
13825,3,3
13829,1,4
13835,1,6
13840,1,5
13846,1,6
13853,3,7
13857,1,4
13862,1,5
13868,1,6
13873,1,5
13878,1,5
13884,1,6
13889,1,5
13895,2,6
13900,1,5
13905,1,5
13911,2,6
13916,1,5
13921,1,5
13927,2,6
13932,1,5
13937,1,5
13942,1,5
13948,1,6
13953,1,5
13958,1,5
13964,1,6
13969,1,5
13975,1,6
13980,1,5
13986,2,6
13991,1,5
13996,1,5
14002,1,6
14008,2,6
14013,1,5
14018,1,5
14024,1,6
14029,1,5
14034,1,5
14040,1,6
14045,1,5
14050,1,5
14056,1,6
14061,1,5
14067,1,6
14072,1,5
14078,1,6
14083,1,5
14088,1,5
14094,2,6
14099,1,5
14105,2,6
14110,1,5
14115,1,5
14121,2,6
14126,1,5
14131,1,5
14137,2,6
14142,1,5
14147,1,5
14152,1,5
14158,1,6
14163,1,5
14168,1,5
14174,1,6
14179,1,5
14184,1,5
14190,2,6
14195,1,5
14200,1,5
14206,2,6
14211,1,5
14216,1,5
14221,1,5
14227,1,6
14232,1,5
14237,1,5
14243,1,6
14248,1,5
14253,1,5
14259,2,6
14264,1,5
14269,1,5
14274,1,5
14280,1,6
14285,1,5
14290,1,5
14296,1,6
14301,1,5
14307,2,6
14312,1,5
14317,1,5
14323,2,6
14328,1,5
14333,1,5
14338,1,5
14344,1,6
14349,1,5
14354,1,5
14360,1,6
14365,1,5
14371,1,6
14376,1,5
14381,1,5
14387,1,6
14392,1,5
14397,1,5
14403,1,6
14408,1,5
14413,1,5
14419,2,6
14424,1,5
14429,1,5
14435,2,6
14440,1,5
14445,1,5
14451,2,6
14456,1,5
14461,1,5
14466,1,5
14472,1,6
14477,1,5
14485,4,8
14488,1,3
14493,1,5
14499,2,6
14504,1,5
14509,1,5
14514,1,5
14520,1,6
14526,2,6
14531,2,5
14537,2,6
14542,1,5
14549,1,7
14554,1,5
14560,1,6
14565,1,5
14570,1,5
14575,1,5
14581,1,6
14586,1,5
14591,1,5
14597,2,6
14602,1,5
14607,1,5
14613,1,6
14618,1,5
14623,1,5
14629,2,6
14634,1,5
14639,1,5
14645,2,6
14650,1,5
14655,1,5
14661,2,6
14666,1,5
14671,1,5
14677,2,6
14682,2,5
14687,1,5
14692,1,5
14698,2,6
14705,3,7
14708,1,3
14713,1,5
14719,1,6
14724,1,5
14730,1,6
14735,1,5
14740,1,5
14746,2,6
14751,1,5
14756,1,5
14762,2,6
14767,1,5
14772,1,5
14778,2,6
14783,1,5
14788,1,5
14793,1,5
14799,1,6
14804,1,5
14809,1,5
14815,2,6
14820,1,5
14825,1,5
14831,2,6
14836,1,5
14842,2,6
14847,1,5
14852,1,5
14858,2,6
14864,1,6
14869,1,5
14874,1,5
14880,1,6
14885,1,5
14891,2,6
14896,1,5
14901,1,5
14906,1,5
14912,1,6
14917,1,5
14922,1,5
14928,1,6
14933,1,5
14938,1,5
14944,2,6
14949,1,5
14954,1,5
14960,2,6
14969,5,9
14970,1,1
14975,1,5
14981,1,6
14986,1,5
14992,2,6
14997,1,5
15002,1,5
15007,1,5
15013,2,6
15018,1,5
15023,1,5
15029,2,6
15034,1,5
15039,1,5
15045,2,6
15050,1,5
15055,1,5
15061,2,6
15066,1,5
15071,1,5
15076,1,5
15082,1,6
15087,1,5
15092,1,5
15098,2,6
15103,1,5
15108,1,5
15114,1,6
15119,1,5
15124,1,5
15130,2,6
15135,1,5
15140,1,5
15146,2,6
15151,1,5
15156,1,5
15161,1,5
15167,1,6
15172,1,5
15178,2,6
15183,1,5
15188,1,5
15193,1,5
15199,2,6
15204,1,5
15209,1,5
15215,2,6
15220,1,5
15225,1,5
15231,2,6
15236,1,5
15241,1,5
15247,2,6
15252,1,5
15257,1,5
15263,2,6
15268,1,5
15273,1,5
15279,2,6
15284,1,5
15289,1,5
15295,2,6
15300,1,5
15305,1,5
15311,2,6
15316,1,5
15321,1,5
15327,2,6
15332,1,5
15337,1,5
15342,1,5
15348,1,6
15353,1,5
15358,1,5
15364,1,6
15369,1,5
15374,1,5
15380,1,6
15385,1,5
15391,2,6
15396,2,5
15401,1,5
15406,1,5
15412,2,6
15417,1,5
15422,1,5
15428,2,6
15433,1,5
15438,1,5
15443,1,5
15449,1,6
15454,1,5
15459,1,5
15465,2,6
15470,1,5
15475,1,5
15481,2,6
15486,1,5
15491,1,5
15496,1,5
15502,1,6
15507,1,5
15512,1,5
15518,2,6
15523,1,5
15528,1,5
15533,1,5
15539,1,6
15544,1,5
15549,1,5
15555,1,6
15560,1,5
15565,1,5
15570,1,5
15576,1,6
15581,1,5
15587,2,6
15592,1,5
15597,1,5
15603,1,6
15608,1,5
15613,1,5
15619,1,6
15624,1,5
15630,2,6
15635,1,5
15640,1,5
15646,2,6
15651,1,5
15656,1,5
15661,1,5
15668,2,7
15673,1,5
15678,1,5
15684,2,6
15689,1,5
15694,1,5
15700,2,6
15705,1,5
15710,1,5
15715,1,5
15721,1,6
15726,1,5
15731,1,5
15737,2,6
15742,1,5
15747,1,5
15752,1,5
15758,1,6
15763,1,5
15768,1,5
15774,2,6
15779,1,5
15784,1,5
15789,1,5
15797,3,8
15800,1,3
15805,1,5
15810,1,5
15815,1,5
15820,0,5
15825,0,5
15830,0,5
15836,1,6
15841,1,5
15846,0,5
15851,0,5
15856,0,5
15862,1,6
15867,1,5
15872,0,5
15877,0,5
15882,0,5
15888,1,6
15893,1,5
15898,1,5
15903,0,5
15908,0,5
15914,1,6
15919,1,5
15924,1,5
15929,0,5
15934,0,5
15939,0,5
15945,1,6
15950,1,5
15955,0,5
15960,0,5
15965,0,5
15971,1,6
15976,1,5
15981,1,5
15986,0,5
15991,0,5
15996,0,5
16002,1,6
16007,1,5
16012,0,5
16017,0,5
16023,1,6
16028,1,5
16033,1,5
16038,0,5
16043,0,5
16048,0,5
16054,1,6
16059,1,5
16064,0,5
16069,0,5
16075,1,6
16080,1,5
16085,1,5
16090,1,5
16095,0,5
16100,0,5
16106,1,6
16111,1,5
16116,1,5
16121,0,5
16126,0,5
16131,0,5
16137,1,6
16142,1,5
16147,1,5
16152,0,5
16157,0,5
16163,1,6
16168,1,5
16173,1,5
16179,1,6
16184,1,5
16189,1,5
16194,1,5
16200,1,6
16205,1,5
16210,1,5
16216,1,6
16221,1,5
16226,1,5
16232,1,6
16237,1,5
16242,1,5
16247,1,5
16253,1,6
16258,1,5
16264,2,6
16269,1,5
16274,1,5
16279,1,5
16285,1,6
16290,1,5
16295,1,5
16301,1,6
16307,2,6
16312,1,5
16318,2,6
16323,1,5
16328,1,5
16334,2,6
16339,1,5
16344,1,5
16349,1,5
16355,1,6
16360,1,5
16365,1,5
16371,1,6
16376,1,5
16381,1,5
16387,1,6
16392,1,5
16397,1,5
16403,1,6
16408,1,5
16413,1,5
16419,2,6
16424,1,5
16429,1,5
16435,2,6
16440,1,5
16445,1,5
16451,2,6
16456,1,5
16461,1,5
16466,1,5
16472,1,6
16477,1,5
16482,1,5
16488,1,6
16493,1,5
16498,1,5
16504,2,6
16509,1,5
16514,1,5
16520,2,6
16525,1,5
16530,1,5
16535,1,5
16540,0,5
16545,0,5
16551,1,6
16556,1,5
16561,1,5
16566,0,5
16571,0,5
16577,1,6
16582,1,5
16587,1,5
16592,1,5
16597,0,5
16602,0,5
16607,0,5
16613,1,6
16618,1,5
16623,0,5
16628,0,5
16633,0,5
16639,1,6
16644,1,5
16649,1,5
16654,0,5
16660,1,6
16665,1,5
16670,1,5
16676,1,6
16681,1,5
16686,1,5
16692,2,6
16697,1,5
16702,1,5
16707,1,5
16713,1,6
16718,1,5
16723,1,5
16729,1,6
16734,1,5
16739,1,5
16745,1,6
16750,1,5
16756,2,6
16761,1,5
16766,1,5
16772,2,6
16777,1,5
16782,1,5
16787,1,5
16793,1,6
16798,1,5
16803,1,5
16809,2,6
16814,1,5
16821,3,7
16824,1,3
16830,2,6
16835,1,5
16840,1,5
16846,2,6
16851,1,5
16856,1,5
16861,1,5
16867,2,6
16872,1,5
16877,1,5
16882,1,5
16888,1,6
16893,1,5
16898,1,5
16904,2,6
16909,1,5
16914,1,5
16920,2,6
16925,1,5
16930,1,5
16935,1,5
16941,1,6
16946,1,5
16951,1,5
16957,2,6
16962,1,5
16967,1,5
16972,1,5
16978,1,6
16983,1,5
16988,1,5
16994,1,6
16999,1,5
17005,2,6
17010,1,5
17016,1,6
17021,1,5
17027,2,6
17032,1,5
17037,1,5
17042,1,5
17048,1,6
17053,1,5
17059,2,6
17065,2,6
17069,1,4
17076,3,7
17080,2,4
17085,1,5
17090,1,5
17096,2,6
17101,1,5
17106,1,5
17112,2,6
17117,1,5
17122,1,5
17127,1,5
17133,1,6
17138,1,5
17144,2,6
17149,2,5
17154,1,5
17159,1,5
17164,1,5
17170,1,6
17175,1,5
17180,1,5
17186,2,6
17191,1,5
17196,1,5
17202,2,6
17207,1,5
17212,1,5
17217,1,5
17223,2,6
17228,1,5
17233,1,5
17239,2,6
17244,1,5
17249,1,5
17254,1,5
17260,1,6
17265,1,5
17271,2,6
17276,1,5
17281,1,5
17287,2,6
17292,1,5
17297,1,5
17303,2,6
17308,1,5
17313,1,5
17319,2,6
17324,1,5
17329,1,5
17335,2,6
17340,1,5
17346,2,6
17351,1,5
17356,1,5
17361,1,5
17367,1,6
17372,1,5
17378,2,6
17383,1,5
17388,1,5
17393,1,5
17399,2,6
17404,1,5
17409,1,5
17414,1,5
17420,1,6
17425,1,5
17431,2,6
17436,1,5
17441,1,5
17447,2,6
17452,1,5
17457,1,5
17463,2,6
17468,1,5
17473,1,5
17479,1,6
17484,1,5
17490,2,6
17495,1,5
17500,1,5
17505,1,5
17511,1,6
17516,1,5
17521,1,5
17527,2,6
17532,1,5
17537,1,5
17543,2,6
17548,1,5
17553,1,5
17559,2,6
17564,1,5
17569,1,5
17574,1,5
17580,1,6
17586,2,6
17591,1,5
17596,1,5
17602,2,6
17607,1,5
17612,1,5
17617,1,5
17623,2,6
17628,1,5
17633,1,5
17639,1,6
17644,1,5
17649,1,5
17655,2,6
17660,1,5
17665,1,5
17671,2,6
17676,1,5
17681,1,5
17686,1,5
17692,1,6
17697,1,5
17702,1,5
17707,1,5
17713,1,6
17718,1,5
17723,1,5
17729,1,6
17734,1,5
17739,1,5
17745,1,6
17750,1,5
17755,1,5
17760,1,5
17766,1,6
17771,1,5
17776,1,5
17782,2,6
17787,1,5
17792,1,5
17797,1,5
17803,1,6
17808,1,5
17813,1,5
17820,3,7
17824,1,4
17829,1,5
17834,1,5
17840,2,6
17845,1,5
17850,1,5
17856,2,6
17861,1,5
17866,1,5
17871,1,5
17877,1,6
17882,1,5
17887,1,5
17893,1,6
17898,1,5
17903,1,5
17909,1,6
17914,1,5
17919,1,5
17925,1,6
17930,1,5
17936,1,6
17941,1,5
17946,1,5
17952,2,6
17957,1,5
17962,1,5
17967,1,5
17973,1,6
17978,1,5
17983,1,5
17989,2,6
17994,1,5
17999,1,5
18004,1,5
18010,1,6
18015,1,5
18021,2,6
18026,1,5
18031,1,5
18037,2,6
18042,1,5
18047,1,5
18052,1,5
18058,2,6
18063,1,5
18068,1,5
18074,2,6
18079,1,5
18084,1,5
18090,2,6
18095,1,5
18100,1,5
18105,1,5
18111,1,6
18116,1,5
18121,1,5
18127,2,6
18132,1,5
18137,1,5
18143,2,6
18148,1,5
18153,1,5
18159,2,6
18164,1,5
18169,1,5
18175,2,6
18180,1,5
18185,1,5
18191,2,6
18196,1,5
18201,1,5
18207,2,6
18212,1,5
18217,1,5
18223,2,6
18228,1,5
18233,1,5
18239,2,6
18244,1,5
18249,1,5
18255,2,6
18260,1,5
18265,1,5
18271,2,6
18276,1,5
18281,1,5
18287,2,6
18292,1,5
18297,1,5
18302,1,5
18308,1,6
18313,1,5
18319,2,6
18324,1,5
18329,1,5
18334,1,5
18340,1,6
18345,1,5
18350,1,5
18356,1,6
18361,1,5
18366,1,5
18372,1,6
18377,1,5
18383,2,6
18388,1,5
18393,1,5
18398,1,5
18404,1,6
18409,1,5
18414,1,5
18420,1,6
18425,1,5
18430,1,5
18436,1,6
18441,1,5
18447,2,6
18452,1,5
18457,1,5
18462,1,5
18468,1,6
18473,1,5
18478,1,5
18484,1,6
18489,1,5
18495,1,6
18500,1,5
18506,1,6
18511,1,5
18517,1,6
18522,1,5
18528,1,6
18533,1,5
18539,1,6
18544,1,5
18550,1,6
18555,1,5
18560,1,5
18566,1,6
18571,1,5
18577,2,6
18582,1,5
18587,1,5
18593,2,6
18598,1,5
18603,1,5
18609,2,6
18614,1,5
18619,1,5
18625,2,6
18630,1,5
18635,1,5
18640,1,5
18646,2,6
18651,1,5
18656,1,5
18662,2,6
18667,1,5
18672,1,5
18678,2,6
18683,1,5
18688,1,5
18693,1,5
18699,2,6
18704,1,5
18709,1,5
18715,2,6
18720,1,5
18725,1,5
18730,1,5
18736,1,6
18741,1,5
18746,1,5
18752,1,6
18757,1,5
18762,1,5
18768,1,6
18773,1,5
18778,1,5
18784,1,6
18789,1,5
18794,1,5
18800,1,6
18805,1,5
18811,2,6
18816,1,5
18825,5,9
18826,1,1
18832,1,6
18837,1,5
18842,1,5
18848,1,6
18853,1,5
18859,1,6
18864,1,5
18870,1,6
18875,1,5
18880,1,5
18886,1,6
18892,2,6
18897,1,5
18902,1,5
18907,1,5
18913,2,6
18918,1,5
18923,1,5
18929,2,6
18934,1,5
18939,1,5
18944,1,5
18950,1,6
18955,1,5
18961,1,6
18966,1,5
18971,1,5
18977,1,6
18982,1,5
18987,1,5
18993,1,6
18998,1,5
19003,1,5
19009,1,6
19014,1,5
19019,1,5
19025,2,6
19030,1,5
19035,1,5
19041,2,6
19046,1,5
19051,1,5
19056,1,5
19062,1,6
19067,1,5
19072,1,5
19078,1,6
19083,1,5
19088,1,5
19094,1,6
19099,1,5
19104,1,5
19110,2,6
19115,1,5
19120,1,5
19125,1,5
19131,1,6
19136,1,5
19141,1,5
19147,1,6
19152,1,5
19158,2,6
19163,1,5
19168,1,5
19174,2,6
19179,1,5
19184,1,5
19189,1,5
19195,1,6
19200,1,5
19206,2,6
19211,2,5
19216,1,5
19221,1,5
19226,1,5
19232,1,6
19237,1,5
19242,1,5
19248,1,6
19253,1,5
19258,1,5
19264,1,6
19269,1,5
19274,1,5
19280,1,6
19285,1,5
19290,1,5
19297,3,7
19301,1,4
19306,1,5
19312,2,6
19317,1,5
19322,1,5
19328,2,6
19333,1,5
19338,1,5
19344,2,6
19349,1,5
19354,1,5
19360,2,6
19365,1,5
19370,1,5
19376,2,6
19381,1,5
19386,1,5
19391,1,5
19397,1,6
19402,1,5
19408,2,6
19413,1,5
19418,1,5
19424,2,6
19429,1,5
19434,1,5
19439,1,5
19445,1,6
19450,1,5
19455,1,5
19461,2,6
19466,1,5
19471,1,5
19477,2,6
19482,1,5
19487,1,5
19492,1,5
19498,1,6
19503,1,5
19508,1,5
19514,1,6
19519,1,5
19524,1,5
19530,2,6
19535,1,5
19540,1,5
19546,2,6
19551,1,5
19556,1,5
19562,2,6
19567,1,5
19572,1,5
19577,1,5
19583,1,6
19588,1,5
19593,1,5
19599,2,6
19604,1,5
19609,1,5
19615,2,6
19620,1,5
19625,1,5
19631,2,6
19636,1,5
19641,1,5
19647,2,6
19652,1,5
19657,1,5
19662,1,5
19668,1,6
19673,1,5
19678,1,5
19684,1,6
19689,1,5
19694,1,5
19704,6,10
19705,1,1
19710,1,5
19716,2,6
19721,1,5
19726,1,5
19732,1,6
19737,1,5
19742,1,5
19748,1,6
19753,1,5
19758,1,5
19764,1,6
19769,1,5
19774,1,5
19780,1,6
19785,1,5
19791,2,6
19796,1,5
19801,1,5
19807,2,6
19812,1,5
19817,1,5
19822,1,5
19827,0,5
19833,1,6
19839,1,6
19845,1,6
19850,1,5
19856,1,6
19861,1,5
19866,1,5
19872,1,6
19877,1,5
19883,1,6
19888,1,5
19893,1,5
19899,2,6
19904,1,5
19909,1,5
19914,1,5
19920,1,6
19926,1,6
19932,1,6
19937,1,5
19942,1,5
19948,1,6
19953,1,5
19958,1,5
19964,1,6
19969,1,5
19974,1,5
19979,0,5
19985,1,6
19990,1,5
19995,0,5
20001,1,6
20006,1,5
20012,2,6
20017,1,5
20022,1,5
20028,2,6
20033,1,5
20038,1,5
20044,1,6
20050,1,6
20055,1,5
20061,1,6
20066,1,5
20071,1,5
20077,1,6
20082,1,5
20087,1,5
20093,1,6
20098,1,5
20103,1,5
20109,2,6
20114,1,5
20119,1,5
20124,1,5
20130,1,6
20135,1,5
20140,1,5
20146,1,6
20151,1,5
20156,1,5
20162,1,6
20167,1,5
20172,1,5
20177,1,5
20183,1,6
20188,1,5
20194,2,6
20199,1,5
20204,1,5
20209,1,5
20215,1,6
20220,1,5
20225,1,5
20231,1,6
20236,1,5
20241,1,5
20247,1,6
20252,1,5
20257,1,5
20262,1,5
20268,1,6
20273,1,5
20279,2,6
20284,1,5
20289,1,5
20294,1,5
20300,1,6
20305,1,5
20310,1,5
20316,1,6
20321,1,5
20326,1,5
20332,1,6
20337,1,5
20342,1,5
20348,1,6
20353,1,5
20359,1,6
20364,1,5
20369,1,5
20375,1,6
20381,1,6
20386,1,5
20391,1,5
20397,1,6
20402,1,5
20407,1,5
20413,1,6
20418,1,5
20423,1,5
20429,2,6
20434,1,5
20439,1,5
20445,2,6
20450,1,5
20455,1,5
20460,1,5
20466,1,6
20471,1,5
20476,1,5
20482,1,6
20487,1,5
20492,1,5
20497,1,5
20503,1,6
20508,1,5
20514,2,6
20519,1,5
20524,1,5
20529,1,5
20535,1,6
20540,1,5
20545,1,5
20550,0,5
20556,1,6
20561,1,5
20567,2,6
20572,1,5
20577,1,5
20582,1,5
20588,1,6
20593,1,5
20598,1,5
20604,1,6
20609,1,5
20614,1,5
20620,1,6
20625,1,5
20630,1,5
20636,2,6
20641,1,5
20646,1,5
20652,2,6
20657,1,5
20662,1,5
20667,1,5
20673,1,6
20678,1,5
20683,1,5
20689,2,6
20694,1,5
20699,1,5
20705,2,6
20710,1,5
20715,1,5
20721,2,6
20726,1,5
20731,1,5
20736,1,5
20742,1,6
20747,1,5
20752,1,5
20758,2,6
20763,1,5
20768,1,5
20773,1,5
20779,1,6
20784,1,5
20789,1,5
20795,1,6
20801,1,6
20807,1,6
20815,4,8
20821,4,6
20825,1,4
20831,2,6
20836,1,5
20841,1,5
20850,2,9
20855,2,5
20860,1,5
20865,1,5
20871,2,6
20876,1,5
20881,1,5
20887,2,6
20892,1,5
20897,1,5
20903,2,6
20908,1,5
20913,1,5
20919,2,6
20924,1,5
20929,1,5
20935,2,6
20940,1,5
20945,1,5
20951,2,6
20956,1,5
20961,1,5
20967,2,6
20972,1,5
20977,1,5
20983,2,6
20988,1,5
20993,1,5
20998,1,5
21004,1,6
21009,1,5
21015,1,6
21021,2,6
21026,1,5
21031,1,5
21037,2,6
21042,1,5
21047,1,5
21052,1,5
21058,1,6
21063,1,5
21068,1,5
21074,2,6
21079,1,5
21084,1,5
21089,1,5
21095,1,6
21100,1,5
21105,1,5
21111,1,6
21116,1,5
21121,1,5
21126,1,5
21132,1,6
21137,1,5
21143,2,6
21148,1,5
21153,1,5
21158,1,5
21164,1,6
21169,1,5
21175,2,6
21180,1,5
21185,1,5
21191,2,6
21196,1,5
21201,1,5
21206,1,5
21212,1,6
21217,1,5
21222,1,5
21228,1,6
21233,1,5
21239,1,6
21244,1,5
21250,1,6
21256,1,6
21262,1,6
21268,1,6
21274,1,6
21280,1,6
21286,1,6
21292,1,6
21298,1,6
21303,1,5
21309,1,6
21314,1,5
21320,1,6
21325,1,5
21330,1,5
21336,1,6
21341,1,5
21346,1,5
21351,1,5
21357,1,6
21362,1,5
21367,1,5
21373,2,6
21378,1,5
21383,1,5
21389,2,6
21394,1,5
21399,1,5
21404,1,5
21410,1,6
21415,1,5
21420,1,5
21426,2,6
21431,1,5
21436,1,5
21442,2,6
21447,1,5
21452,1,5
21457,1,5
21463,1,6
21468,1,5
21473,1,5
21479,2,6
21484,1,5
21489,1,5
21495,2,6
21500,1,5
21505,1,5
21510,1,5
21516,1,6
21521,1,5
21526,1,5
21532,1,6
21537,1,5
21542,1,5
21548,2,6
21553,1,5
21558,1,5
21564,1,6
21569,1,5
21574,1,5
21580,1,6
21585,1,5
21591,1,6
21596,1,5
21602,2,6
21607,1,5
21613,2,6
21618,1,5
21624,2,6
21629,1,5
21634,1,5
21640,1,6
21645,1,5
21651,1,6
21656,1,5
21662,1,6
21667,1,5
21673,1,6
21678,1,5
21684,1,6
21689,1,5
21695,1,6
21700,1,5
21706,1,6
21711,1,5
21717,1,6
21722,1,5
21727,0,5
21733,1,6
21739,1,6
21744,1,5
21750,2,6
21755,1,5
21761,2,6
21766,1,5
21771,1,5
21777,1,6
21782,1,5
21788,1,6
21793,1,5
21799,1,6
21805,2,6
21810,1,5
21815,1,5
21821,2,6
21826,1,5
21831,1,5
21837,2,6
21842,1,5
21847,1,5
21852,1,5
21858,2,6
21863,1,5
21868,1,5
21873,1,5
21879,1,6
21884,1,5
21889,1,5
21895,1,6
21900,1,5
21905,1,5
21911,1,6
21916,1,5
21921,1,5
21926,1,5
21932,1,6
21937,1,5
21942,1,5
21948,1,6
21953,1,5
21958,1,5
21964,1,6
21969,1,5
21974,1,5
21980,1,6
21985,1,5
21990,1,5
21996,1,6
22001,1,5
22006,1,5
22012,2,6
22017,1,5
22022,1,5
22028,2,6
22033,1,5
22038,1,5
22044,2,6
22049,1,5
22054,1,5
22059,1,5
22065,1,6
22070,1,5
22075,1,5
22081,1,6
22086,1,5
22091,1,5
22097,2,6
22102,1,5
22107,1,5
22113,2,6
22118,1,5
22123,1,5
22128,1,5
22134,2,6
22139,1,5
22144,1,5
22150,2,6
22155,1,5
22160,1,5
22165,1,5
22171,2,6
22176,1,5
22181,1,5
22186,1,5
22192,1,6
22197,1,5
22205,4,8
22217,11,12
22218,6,1
22219,2,1
22223,1,4
22229,1,6
22234,1,5
22239,1,5
22245,1,6
22250,1,5
22255,1,5
22261,1,6
22266,1,5
22271,1,5
22277,2,6
22282,1,5
22287,1,5
22293,2,6
22298,1,5
22303,1,5
22309,2,6
22314,1,5
22319,1,5
22325,2,6
22330,1,5
22335,1,5
22340,1,5
22346,2,6
22351,1,5
22356,1,5
22362,2,6
22367,1,5
22372,1,5
22378,2,6
22383,1,5
22388,1,5
22394,2,6
22399,1,5
22404,1,5
22409,1,5
22415,2,6
22420,1,5
22425,1,5
22431,2,6
22436,1,5
22441,1,5
22446,1,5
22452,1,6
22457,1,5
22463,2,6
22468,1,5
22473,1,5
22478,1,5
22484,1,6
22489,1,5
22494,1,5
22500,1,6
22505,1,5
22510,1,5
22516,2,6
22521,1,5
22526,1,5
22532,2,6
22537,1,5
22542,1,5
22548,2,6
22553,1,5
22558,1,5
22564,2,6
22569,1,5
22574,1,5
22580,2,6
22585,1,5
22590,1,5
22596,2,6
22601,1,5
22606,1,5
22611,1,5
22617,1,6
22622,1,5
22627,1,5
22633,1,6
22638,1,5
22644,1,6
22649,1,5
22655,1,6
22660,1,5
22666,1,6
22671,1,5
22677,1,6
22682,1,5
22688,1,6
22693,1,5
22699,1,6
22704,1,5
22710,1,6
22715,1,5
22721,1,6
22726,1,5
22732,1,6
22737,1,5
22743,1,6
22748,1,5
22753,1,5
22759,2,6
22764,1,5
22769,1,5
22775,2,6
22780,1,5
22785,1,5
22791,2,6
22796,1,5
22801,1,5
22807,2,6
22812,1,5
22818,2,6
22822,1,4
22828,1,6
22833,1,5
22839,1,6
22844,1,5
22850,2,6
22855,1,5
22860,1,5
22865,1,5
22871,1,6
22876,1,5
22881,1,5
22887,1,6
22892,1,5
22898,2,6
22903,1,5
22909,2,6
22914,1,5
22919,1,5
22925,1,6
22931,2,6
22936,1,5
22942,2,6
22947,1,5
22953,2,6
22958,1,5
22964,2,6
22969,1,5
22974,1,5
22980,1,6
22986,2,6
22991,1,5
22997,2,6
23002,1,5
23007,1,5
23013,1,6
23019,2,6
23024,1,5
23030,2,6
23035,1,5
23041,2,6
23049,4,8
23052,2,3
23057,1,5
23063,2,6
23068,1,5
23073,1,5
23079,1,6
23084,1,5
23089,1,5
23095,2,6
23100,1,5
23105,1,5
23110,1,5
23116,1,6
23121,1,5
23127,2,6
23132,1,5
23137,1,5
23143,2,6
23148,1,5
23153,1,5
23158,1,5
23164,1,6
23169,1,5
23174,1,5
23180,1,6
23185,1,5
23190,1,5
23196,1,6
23201,1,5
23206,1,5
23212,1,6
23217,1,5
23222,1,5
23228,1,6
23233,1,5
23238,1,5
23244,1,6
23249,1,5
23254,1,5
23259,1,5
23265,1,6
23270,1,5
23276,2,6
23281,1,5
23287,1,6
23292,1,5
23297,1,5
23303,1,6
23308,1,5
23313,1,5
23319,1,6
23324,1,5
23329,1,5
23334,1,5
23340,1,6
23345,1,5
23350,1,5
23356,1,6
23361,1,5
23366,1,5
23371,1,5
23377,1,6
23382,1,5
23387,1,5
23393,1,6
23398,1,5
23403,1,5
23409,2,6
23414,1,5
23419,1,5
23425,2,6
23430,1,5
23435,1,5
23441,2,6
23446,1,5
23451,1,5
23456,1,5
23461,1,5
23467,1,6
23472,1,5
23477,1,5
23483,2,6
23488,1,5
23493,1,5
23498,1,5
23503,0,5
23509,1,6
23514,1,5
23520,2,6
23525,1,5
23530,1,5
23536,2,6
23541,1,5
23546,1,5
23551,1,5
23557,2,6
23562,1,5
23567,1,5
23572,1,5
23578,2,6
23583,1,5
23588,1,5
23593,1,5
23598,1,5
23604,1,6
23609,1,5
23614,1,5
23619,1,5
23625,1,6
23630,1,5
23635,1,5
23641,2,6
23646,1,5
23651,1,5
23657,2,6
23662,1,5
23667,1,5
23673,2,6
23678,1,5
23683,1,5
23688,1,5
23694,2,6
23699,1,5
23704,1,5
23710,2,6
23715,1,5
23720,1,5
23726,2,6
23731,1,5
23736,1,5
23742,2,6
23747,1,5
23752,1,5
23757,1,5
23763,1,6
23768,1,5
23773,1,5
23779,1,6
23784,1,5
23789,1,5
23795,2,6
23800,1,5
23805,1,5
23811,2,6
23816,1,5
23823,3,7
23827,2,4
23832,1,5
23837,1,5
23842,1,5
23848,1,6
23853,1,5
23858,1,5
23864,2,6
23869,1,5
23874,1,5
23880,2,6
23885,1,5
23890,1,5
23896,2,6
23901,1,5
23906,1,5
23911,1,5
23917,1,6
23922,1,5
23927,1,5
23933,1,6
23938,1,5
23943,1,5
23949,2,6
23954,1,5
23959,1,5
23964,1,5
23970,1,6
23975,1,5
23980,1,5
23986,1,6
23991,1,5
23996,1,5
24002,2,6
24007,1,5
24012,1,5
24018,2,6
24023,1,5
24028,1,5
24034,2,6
24039,1,5
24044,1,5
24049,1,5
24055,1,6
24060,1,5
24066,2,6
24071,1,5
24076,1,5
24081,1,5
24087,1,6
24092,1,5
24097,1,5
24103,2,6
24108,1,5
24113,1,5
24118,1,5
24124,1,6
24129,1,5
24134,1,5
24140,1,6
24146,1,6
24152,1,6
24157,1,5
24162,1,5
24168,2,6
24173,1,5
24178,1,5
24184,2,6
24189,1,5
24194,1,5
24199,1,5
24205,1,6
24210,1,5
24215,1,5
24221,1,6
24226,1,5
24231,1,5
24237,2,6
24242,1,5
24247,1,5
24253,2,6
24258,1,5
24263,1,5
24268,1,5
24274,1,6
24279,1,5
24284,1,5
24290,2,6
24295,1,5
24300,1,5
24305,1,5
24311,1,6
24316,1,5
24321,1,5
24327,2,6
24332,1,5
24337,1,5
24342,1,5
24348,1,6
24353,1,5
24358,1,5
24364,1,6
24369,1,5
24374,1,5
24380,2,6
24385,1,5
24390,1,5
24396,2,6
24401,1,5
24406,1,5
24412,2,6
24417,1,5
24422,1,5
24427,1,5
24433,2,6
24438,1,5
24443,1,5
24449,2,6
24454,1,5
24459,1,5
24465,2,6
24470,1,5
24475,1,5
24480,1,5
24486,2,6
24491,1,5
24496,1,5
24502,2,6
24507,1,5
24512,1,5
24518,2,6
24523,1,5
24528,1,5
24533,1,5
24539,1,6
24544,1,5
24549,1,5
24555,2,6
24560,1,5
24565,1,5
24571,2,6
24576,1,5
24581,1,5
24587,2,6
24592,1,5
24597,1,5
24603,2,6
24608,1,5
24613,1,5
24618,1,5
24624,1,6
24629,1,5
24634,1,5
24640,1,6
24645,1,5
24651,2,6
24656,1,5
24661,1,5
24667,2,6
24672,1,5
24677,1,5
24683,2,6
24688,1,5
24693,1,5
24699,2,6
24705,1,6
24711,2,6
24716,1,5
24721,1,5
24727,2,6
24732,1,5
24737,1,5
24743,2,6
24748,1,5
24753,1,5
24758,1,5
24764,2,6
24769,1,5
24775,2,6
24781,3,6
24785,1,4
24791,1,6
24796,1,5
24802,2,6
24807,1,5
24812,1,5
24817,1,5
24823,2,6
24828,1,5
24833,1,5
24839,2,6
24844,1,5
24849,1,5
24854,1,5
24860,1,6
24865,1,5
24870,1,5
24876,1,6
24881,1,5
24886,1,5
24892,2,6
24897,1,5
24902,1,5
24907,1,5
24913,1,6
24918,1,5
24923,1,5
24929,1,6
24934,1,5
24939,1,5
24945,1,6
24950,1,5
24955,1,5
24960,1,5
24966,1,6
24971,1,5
24976,1,5
24982,1,6
24987,1,5
24992,1,5
24997,1,5
25003,1,6
25008,1,5
25013,1,5
25019,2,6
25024,1,5
25029,1,5
25035,2,6
25040,1,5
25045,1,5
25050,1,5
25056,1,6
25061,1,5
25066,1,5
25071,1,5
25077,1,6
25082,1,5
25087,1,5
25093,1,6
25098,1,5
25103,1,5
25109,2,6
25114,1,5
25119,1,5
25125,2,6
25130,1,5
25135,1,5
25140,1,5
25146,1,6
25151,1,5
25156,1,5
25162,2,6
25167,1,5
25172,1,5
25178,2,6
25183,1,5
25188,1,5
25193,1,5
25199,2,6
25204,1,5
25209,1,5
25215,2,6
25220,1,5
25225,1,5
25230,1,5
25236,2,6
25241,1,5
25246,1,5
25251,1,5
25257,1,6
25262,1,5
25267,1,5
25273,2,6
25278,1,5
25283,1,5
25289,2,6
25294,1,5
25299,1,5
25304,1,5
25310,1,6
25315,1,5
25320,1,5
25326,2,6
25331,1,5
25336,1,5
25341,1,5
25347,1,6
25352,1,5
25358,2,6
25363,2,5
25368,1,5
25373,1,5
25379,2,6
25384,1,5
25389,1,5
25395,2,6
25400,1,5
25405,1,5
25411,2,6
25416,1,5
25421,1,5
25427,2,6
25432,1,5
25437,1,5
25443,2,6
25448,1,5
25453,1,5
25459,2,6
25464,1,5
25469,1,5
25475,2,6
25480,2,5
25485,1,5
25490,1,5
25496,2,6
25501,1,5
25506,1,5
25512,2,6
25517,1,5
25522,1,5
25528,2,6
25533,1,5
25538,1,5
25543,1,5
25549,1,6
25554,1,5
25560,2,6
25565,1,5
25570,1,5
25576,2,6
25581,2,5
25586,1,5
25591,1,5
25597,2,6
25602,1,5
25607,1,5
25613,2,6
25618,1,5
25623,1,5
25629,2,6
25634,1,5
25639,1,5
25645,2,6
25650,2,5
25655,1,5
25660,1,5
25666,2,6
25671,1,5
25676,1,5
25681,1,5
25687,1,6
25692,1,5
25697,1,5
25703,1,6
25708,1,5
25713,1,5
25719,1,6
25724,1,5
25729,1,5
25735,1,6
25740,1,5
25745,1,5
25751,1,6
25756,1,5
25761,1,5
25767,2,6
25773,2,6
25777,1,4
25783,2,6
25788,1,5
25793,1,5
25798,1,5
25805,2,7
25810,1,5
25815,1,5
25821,2,6
25826,1,5
25831,1,5
25836,1,5
25842,1,6
25849,3,7
25853,2,4
25858,1,5
25863,1,5
25868,1,5
25874,1,6
25879,1,5
25884,1,5
25890,2,6
25895,1,5
25900,1,5
25905,1,5
25911,1,6
25916,1,5
25921,1,5
25927,2,6
25932,1,5
25937,1,5
25942,1,5
25948,1,6
25953,1,5
25958,1,5
25964,2,6
25969,1,5
25974,1,5
25980,2,6
25985,1,5
25990,1,5
25995,1,5
26001,1,6
26006,1,5
26011,1,5
26016,1,5
26022,1,6
26027,1,5
26032,1,5
26038,1,6
26043,1,5
26048,1,5
26054,2,6
26059,1,5
26064,1,5
26069,1,5
26075,1,6
26080,1,5
26085,1,5
26091,2,6
26096,1,5
26101,1,5
26106,1,5
26112,1,6
26117,1,5
26122,1,5
26128,2,6
26133,1,5
26138,1,5
26144,2,6
26149,1,5
26154,1,5
26159,1,5
26165,1,6
26170,1,5
26175,1,5
26181,1,6
26186,1,5
26191,1,5
26197,2,6
26202,1,5
26207,1,5
26213,2,6
26218,1,5
26223,1,5
26229,2,6
26234,1,5
26239,1,5
26245,2,6
26250,2,5
26255,1,5
26261,2,6
26266,2,5
26271,1,5
26277,2,6
26282,2,5
26287,1,5
26292,1,5
26298,2,6
26303,1,5
26309,2,6
26314,2,5
26319,1,5
26324,1,5
26330,2,6
26335,1,5
26340,1,5
26346,2,6
26351,2,5
26356,1,5
26361,1,5
26366,1,5
26372,1,6
26377,1,5
26383,2,6
26388,1,5
26393,1,5
26398,1,5
26404,2,6
26409,1,5
26414,1,5
26420,1,6
26425,1,5
26431,2,6
26436,1,5
26441,1,5
26446,1,5
26452,1,6
26457,1,5
26462,1,5
26468,1,6
26473,1,5
26478,1,5
26484,2,6
26489,1,5
26494,1,5
26500,2,6
26505,1,5
26510,1,5
26516,2,6
26521,1,5
26526,1,5
26531,1,5
26537,1,6
26542,1,5
26547,1,5
26553,2,6
26558,1,5
26563,1,5
26569,2,6
26574,1,5
26579,1,5
26584,1,5
26590,1,6
26595,1,5
26600,1,5
26606,2,6
26611,1,5
26616,1,5
26622,2,6
26627,1,5
26632,1,5
26637,1,5
26643,2,6
26648,1,5
26653,1,5
26659,2,6
26664,1,5
26669,1,5
26675,2,6
26680,1,5
26685,1,5
26691,2,6
26696,1,5
26701,1,5
26706,1,5
26712,2,6
26717,1,5
26722,1,5
26727,1,5
26733,1,6
26738,1,5
26743,1,5
26749,1,6
26754,1,5
26759,1,5
26765,2,6
26770,1,5
26775,1,5
26781,2,6
26786,1,5
26791,1,5
26797,2,6
26802,1,5
26807,1,5
26812,1,5
26818,2,6
26823,1,5
26828,1,5
26834,2,6
26839,1,5
26844,1,5
26850,2,6
26855,1,5
26861,2,6
26866,2,5
26871,1,5
26876,1,5
26882,2,6
26887,1,5
26892,1,5
26898,2,6
26903,1,5
26908,1,5
26913,1,5
26919,1,6
26924,1,5
26929,1,5
26935,2,6
26940,1,5
26945,1,5
26950,1,5
26956,1,6
26961,1,5
26966,1,5
26972,1,6
26977,1,5
26982,1,5
26988,1,6
26993,1,5
26998,1,5
27004,1,6
27009,1,5
27014,1,5
27020,1,6
27025,1,5
27030,1,5
27036,2,6
27041,1,5
27046,1,5
27051,1,5
27057,1,6
27062,1,5
27067,1,5
27073,1,6
27078,1,5
27083,1,5
27089,1,6
27094,1,5
27099,1,5
27105,2,6
27110,1,5
27115,1,5
27120,1,5
27126,1,6
27131,1,5
27136,1,5
27142,2,6
27147,1,5
27152,1,5
27158,2,6
27163,1,5
27168,1,5
27173,1,5
27178,1,5
27184,1,6
27189,1,5
27194,1,5
27200,1,6
27205,1,5
27210,1,5
27216,1,6
27221,1,5
27226,1,5
27232,1,6
27237,1,5
27242,1,5
27248,2,6
27253,1,5
27258,1,5
27263,1,5
27269,2,6
27273,1,4
27279,1,6
27284,1,5
27289,1,5
27294,1,5
27300,2,6
27305,1,5
27310,1,5
27315,1,5
27321,2,6
27326,1,5
27331,1,5
27336,1,5
27341,1,5
27347,1,6
27352,1,5
27357,1,5
27362,1,5
27367,1,5
27373,2,6
27378,1,5
27383,1,5
27388,1,5
27393,1,5
27399,2,6
27404,1,5
27409,1,5
27414,1,5
27419,1,5
27425,2,6
27430,1,5
27435,1,5
27440,1,5
27446,2,6
27451,1,5
27457,2,6
27462,1,5
27467,1,5
27473,2,6
27478,1,5
27483,1,5
27488,1,5
27494,1,6
27499,1,5
27504,1,5
27509,1,5
27515,1,6
27520,1,5
27525,1,5
27531,1,6
27536,1,5
27541,1,5
27546,1,5
27552,1,6
27557,1,5
27562,1,5
27568,1,6
27573,1,5
27578,1,5
27584,1,6
27589,1,5
27595,2,6
27600,1,5
27605,1,5
27610,1,5
27616,1,6
27621,1,5
27626,1,5
27632,1,6
27637,1,5
27643,2,6
27648,1,5
27653,1,5
27659,2,6
27664,1,5
27669,1,5
27674,1,5
27680,1,6
27685,1,5
27690,1,5
27696,2,6
27701,1,5
27706,1,5
27712,2,6
27717,1,5
27722,1,5
27728,2,6
27733,1,5
27738,1,5
27744,2,6
27749,1,5
27754,1,5
27759,1,5
27765,1,6
27770,1,5
27775,1,5
27781,2,6
27786,1,5
27791,1,5
27797,2,6
27802,1,5
27807,1,5
27813,2,6
27819,2,6
27823,1,4
27828,1,5
27834,1,6
27839,1,5
27844,1,5
27850,2,6
27855,1,5
27860,1,5
27865,1,5
27871,1,6
27876,1,5
27881,1,5
27887,1,6
27892,1,5
27897,1,5
27903,2,6
27908,1,5
27913,1,5
27919,2,6
27924,1,5
27929,1,5
27935,2,6
27940,1,5
27945,1,5
27951,2,6
27956,1,5
27961,1,5
27967,2,6
27972,1,5
27977,1,5
27983,2,6
27988,1,5
27993,1,5
27998,1,5
28004,1,6
28009,1,5
28014,1,5
28020,1,6
28025,1,5
28030,1,5
28036,1,6
28041,1,5
28046,1,5
28052,1,6
28057,1,5
28062,1,5
28068,1,6
28073,1,5
28078,1,5
28084,2,6
28089,1,5
28094,1,5
28100,2,6
28105,1,5
28110,1,5
28116,2,6
28121,1,5
28126,1,5
28132,2,6
28137,1,5
28142,1,5
28147,1,5
28153,1,6
28158,1,5
28164,2,6
28169,1,5
28174,1,5
28180,2,6
28185,1,5
28190,1,5
28196,2,6
28201,1,5
28206,1,5
28211,1,5
28217,2,6
28222,1,5
28227,1,5
28233,2,6
28238,1,5
28243,1,5
28249,2,6
28254,1,5
28259,1,5
28265,2,6
28270,1,5
28275,1,5
28280,1,5
28286,1,6
28291,1,5
28296,1,5
28302,2,6
28307,1,5
28312,1,5
28318,2,6
28323,1,5
28328,1,5
28333,1,5
28339,1,6
28344,1,5
28349,1,5
28355,1,6
28360,1,5
28365,1,5
28371,2,6
28376,1,5
28381,1,5
28387,2,6
28392,1,5
28397,1,5
28403,2,6
28408,1,5
28413,1,5
28419,2,6
28424,1,5
28429,1,5
28435,2,6
28440,1,5
28445,1,5
28450,1,5
28456,2,6
28461,1,5
28466,1,5
28472,2,6
28477,1,5
28483,2,6
28488,2,5
28493,1,5
28498,1,5
28504,2,6
28509,1,5
28514,1,5
28520,2,6
28525,1,5
28530,1,5
28536,2,6
28541,1,5
28546,1,5
28552,2,6
28557,1,5
28562,1,5
28568,2,6
28573,1,5
28578,1,5
28583,1,5
28589,1,6
28594,1,5
28599,1,5
28605,1,6
28610,1,5
28615,1,5
28621,1,6
28626,1,5
28631,1,5
28637,2,6
28642,1,5
28647,1,5
28653,2,6
28658,1,5
28663,1,5
28669,2,6
28674,1,5
28679,1,5
28685,2,6
28690,1,5
28695,1,5
28701,2,6
28706,1,5
28711,1,5
28716,1,5
28722,2,6
28727,1,5
28732,1,5
28738,2,6
28743,1,5
28748,1,5
28754,2,6
28759,1,5
28764,1,5
28769,1,5
28775,1,6
28780,1,5
28786,2,6
28792,1,6
28797,1,5
28803,1,6
28808,1,5
28822,9,14
28829,4,7
28835,2,6
28840,1,5
28846,2,6
28851,1,5
28856,1,5
28862,1,6
28867,1,5
28872,1,5
28878,2,6
28883,1,5
28888,1,5
28893,1,5
28899,1,6
28904,1,5
28909,1,5
28915,2,6
28920,1,5
28925,1,5
28930,1,5
28936,1,6
28941,1,5
28946,1,5
28951,1,5
28963,7,12
28964,3,1
28967,1,3
28973,2,6
28978,1,5
28983,1,5
28988,1,5
28993,1,5
28999,1,6
29004,1,5
29009,1,5
29014,1,5
29020,1,6
29025,1,5
29030,1,5
29036,2,6
29041,1,5
29046,1,5
29052,1,6
29057,1,5
29063,2,6
29068,1,5
29074,2,6
29079,1,5
29084,1,5
29090,1,6
29096,2,6
29101,1,5
29107,2,6
29112,1,5
29118,2,6
29123,1,5
29128,1,5
29134,1,6
29139,1,5
29145,1,6
29151,2,6
29156,1,5
29162,2,6
29167,1,5
29173,1,6
29178,1,5
29184,1,6
29189,1,5
29195,2,6
29200,1,5
29206,2,6
29211,1,5
29217,2,6
29222,1,5
29227,1,5
29233,1,6
29238,1,5
29244,1,6
29249,1,5
29255,2,6
29260,1,5
29265,1,5
29271,2,6
29276,1,5
29281,1,5
29286,1,5
29292,2,6
29297,1,5
29302,1,5
29308,2,6
29313,1,5
29318,1,5
29323,1,5
29329,1,6
29334,1,5
29339,1,5
29345,1,6
29350,1,5
29355,1,5
29361,2,6
29366,1,5
29371,1,5
29376,1,5
29382,1,6
29387,1,5
29392,1,5
29398,2,6
29403,1,5
29408,1,5
29414,2,6
29419,1,5
29424,1,5
29429,1,5
29435,1,6
29440,1,5
29445,1,5
29450,1,5
29456,1,6
29461,1,5
29466,1,5
29472,1,6
29477,1,5
29482,1,5
29488,1,6
29493,1,5
29498,1,5
29503,1,5
29509,1,6
29514,1,5
29520,1,6
29525,1,5
29534,5,9
29536,1,2
29541,1,5
29546,1,5
29552,1,6
29557,1,5
29562,1,5
29568,1,6
29573,1,5
29578,1,5
29584,1,6
29589,1,5
29594,1,5
29600,2,6
29605,1,5
29610,1,5
29615,1,5
29621,1,6
29626,1,5
29631,1,5
29637,1,6
29642,1,5
29647,1,5
29653,2,6
29658,1,5
29663,1,5
29669,2,6
29674,1,5
29679,1,5
29684,1,5
29690,1,6
29695,1,5
29701,2,6
29706,2,5
29711,1,5
29716,1,5
29721,1,5
29727,1,6
29732,1,5
29737,1,5
29743,1,6
29748,1,5
29754,1,6
29759,1,5
29765,2,6
29770,1,5
29775,1,5
29780,1,5
29786,1,6
29791,1,5
29796,1,5
29802,2,6
29807,1,5
29813,1,6
29819,2,6
29824,1,5
29829,1,5
29834,1,5
29840,1,6
29845,1,5
29850,1,5
29856,1,6
29861,1,5
29866,1,5
29872,2,6
29881,5,9
29882,1,1
29887,1,5
29893,2,6
29898,1,5
29903,1,5
29908,1,5
29914,1,6
29919,1,5
29924,1,5
29929,1,5
29935,1,6
29940,1,5
29945,1,5
29950,1,5
29956,1,6
29961,1,5
29967,2,6
29972,1,5
29977,1,5
29982,1,5
29988,2,6
29993,1,5
29998,1,5
30003,1,5
30009,1,6
30014,1,5
30019,1,5
30024,1,5
30030,1,6
30035,1,5
30040,1,5
30045,1,5
30051,1,6
30056,1,5
30061,1,5
30066,1,5
30072,1,6
30077,1,5
30083,2,6
30088,1,5
30093,1,5
30099,2,6
30104,2,5
30109,1,5
30114,1,5
30119,1,5
30125,1,6
30130,1,5
30135,1,5
30141,1,6
30146,1,5
30151,1,5
30157,2,6
30162,1,5
30167,1,5
30172,1,5
30178,2,6
30183,1,5
30188,1,5
30194,2,6
30200,2,6
30204,1,4
30209,1,5
30215,2,6
30220,1,5
30226,2,6
30232,1,6
30237,1,5
30243,1,6
30249,1,6
30255,1,6
30261,1,6
30266,1,5
30272,1,6
30277,1,5
30282,1,5
30288,2,6
30293,1,5
30298,1,5
30303,1,5
30309,1,6
30314,1,5
30319,1,5
30325,1,6
30330,1,5
30335,1,5
30341,1,6
30346,1,5
30351,1,5
30356,1,5
30362,1,6
30367,1,5
30372,1,5
30377,0,5
30383,1,6
30388,1,5
30393,1,5
30399,1,6
30404,1,5
30409,1,5
30415,2,6
30420,1,5
30425,1,5
30430,1,5
30436,1,6
30441,1,5
30446,1,5
30451,1,5
30457,1,6
30462,1,5
30467,1,5
30473,1,6
30478,1,5
30483,1,5
30489,2,6
30494,1,5
30499,1,5
30504,1,5
30510,2,6
30515,1,5
30520,1,5
30525,1,5
30531,1,6
30536,1,5
30541,1,5
30546,1,5
30552,1,6
30557,1,5
30563,2,6
30568,1,5
30573,1,5
30579,2,6
30584,1,5
30589,1,5
30594,1,5
30600,1,6
30605,1,5
30610,1,5
30616,2,6
30621,1,5
30626,1,5
30632,2,6
30637,1,5
30642,1,5
30647,1,5
30653,1,6
30658,1,5
30663,1,5
30669,2,6
30674,1,5
30679,1,5
30685,2,6
30690,1,5
30695,1,5
30700,1,5
30706,1,6
30711,1,5
30716,1,5
30721,1,5
30727,1,6
30732,1,5
30737,1,5
30743,2,6
30748,1,5
30753,1,5
30759,1,6
30764,1,5
30769,1,5
30775,2,6
30780,1,5
30785,1,5
30790,1,5
30796,1,6
30801,1,5
30806,1,5
30812,1,6
30817,1,5
30825,4,8
30828,1,3
30833,1,5
30839,2,6
30844,1,5
30851,3,7
30854,1,3
30860,1,6
30865,1,5
30870,1,5
30876,1,6
30881,1,5
30886,1,5
30892,2,6
30897,1,5
30902,1,5
30907,1,5
30913,1,6
30918,1,5
30923,1,5
30929,2,6
30934,1,5
30939,1,5
30945,2,6
30950,1,5
30955,1,5
30960,1,5
30966,2,6
30971,1,5
30976,1,5
30981,1,5
30987,1,6
30993,1,6
30998,1,5
31003,1,5
31008,1,5
31014,1,6
31019,1,5
31024,1,5
31030,2,6
31035,1,5
31040,1,5
31045,1,5
31051,1,6
31056,1,5
31061,1,5
31066,1,5
31072,1,6
31077,1,5
31082,1,5
31088,1,6
31093,1,5
31098,1,5
31104,2,6
31109,1,5
31114,1,5
31119,0,5
31125,1,6
31130,1,5
31136,1,6
31141,1,5
31147,1,6
31152,1,5
31157,1,5
31163,1,6
31168,1,5
31174,1,6
31179,1,5
31184,1,5
31189,1,5
31195,1,6
31200,1,5
31205,1,5
31210,1,5
31216,1,6
31221,1,5
31226,1,5
31232,1,6
31237,1,5
31242,1,5
31247,0,5
31253,1,6
31258,1,5
31263,1,5
31269,1,6
31274,1,5
31279,1,5
31285,1,6
31290,1,5
31295,1,5
31300,1,5
31306,1,6
31311,1,5
31316,1,5
31322,1,6
31327,1,5
31332,1,5
31337,0,5
31343,1,6
31348,1,5
31353,1,5
31359,1,6
31364,1,5
31369,1,5
31374,1,5
31380,1,6
31385,1,5
31390,1,5
31395,1,5
31401,1,6
31406,1,5
31411,1,5
31417,1,6
31422,1,5
31427,1,5
31433,2,6
31438,1,5
31443,1,5
31448,1,5
31454,1,6
31459,1,5
31464,1,5
31469,1,5
31475,1,6
31480,1,5
31485,1,5
31491,2,6
31496,1,5
31501,1,5
31507,2,6
31512,1,5
31517,1,5
31522,1,5
31528,1,6
31533,1,5
31538,1,5
31543,1,5
31549,1,6
31554,1,5
31559,1,5
31565,2,6
31570,1,5
31575,1,5
31580,1,5
31586,2,6
31591,1,5
31596,1,5
31601,1,5
31607,1,6
31612,1,5
31617,1,5
31622,1,5
31628,1,6
31633,1,5
31638,1,5
31644,2,6
31649,1,5
31654,1,5
31659,1,5
31665,1,6
31670,1,5
31675,1,5
31681,2,6
31686,1,5
31691,1,5
31696,1,5
31702,2,6
31707,1,5
31712,1,5
31718,2,6
31723,1,5
31728,1,5
31733,1,5
31739,2,6
31744,1,5
31749,1,5
31754,1,5
31760,1,6
31765,1,5
31770,1,5
31776,2,6
31781,1,5
31786,1,5
31791,1,5
31797,1,6
31802,1,5
31807,1,5
31812,1,5
31818,1,6
31823,1,5
31829,2,6
31834,1,5
31839,1,5
31844,1,5
31850,1,6
31855,1,5
31860,1,5
31865,1,5
31871,1,6
31876,1,5
31881,1,5
31887,2,6
31892,1,5
31897,1,5
31902,1,5
31908,1,6
31913,1,5
31918,1,5
31924,2,6
31929,1,5
31934,1,5
31939,1,5
31945,1,6
31950,1,5
31955,1,5
31960,1,5
31966,2,6
31971,1,5
31976,1,5
31981,1,5
31986,1,5
31992,1,6
31997,1,5
32002,1,5
32007,1,5
32013,1,6
32018,1,5
32023,1,5
32029,1,6
32034,1,5
32039,1,5
32044,1,5
32049,0,5
32055,1,6
32060,1,5
32065,1,5
32071,1,6
32076,1,5
32081,1,5
32086,1,5
32092,1,6
32097,1,5
32102,1,5
32108,1,6
32113,1,5
32118,1,5
32124,2,6
32129,1,5
32134,1,5
32139,1,5
32145,1,6
32150,1,5
32155,1,5
32161,2,6
32166,1,5
32171,1,5
32176,1,5
32182,1,6
32187,1,5
32192,1,5
32197,1,5
32205,4,8
32208,1,3
32213,1,5
32218,1,5
32224,1,6
32229,1,5
32234,1,5
32240,2,6
32245,1,5
32250,1,5
32255,1,5
32261,1,6
32266,1,5
32271,1,5
32277,2,6
32282,1,5
32287,1,5
32292,1,5
32298,1,6
32303,1,5
32308,1,5
32314,2,6
32319,1,5
32324,1,5
32329,1,5
32334,1,5
32340,1,6
32345,1,5
32350,1,5
32356,1,6
32361,1,5
32366,1,5
32371,1,5
32377,1,6
32382,1,5
32387,1,5
32393,1,6
32398,1,5
32403,1,5
32409,1,6
32414,1,5
32419,1,5
32425,1,6
32430,1,5
32436,2,6
32450,11,14
32451,6,1
32453,3,2
32456,1,3
32462,1,6
32467,1,5
32472,1,5
32478,2,6
32483,1,5
32488,1,5
32493,1,5
32499,1,6
32504,1,5
32509,1,5
32514,1,5
32520,1,6
32525,1,5
32530,1,5
32536,1,6
32541,1,5
32546,1,5
32552,1,6
32557,1,5
32562,1,5
32567,1,5
32573,1,6
32578,1,5
32583,1,5
32589,1,6
32594,1,5
32599,1,5
32605,2,6
32610,1,5
32615,1,5
32620,1,5
32626,1,6
32631,1,5
32636,1,5
32642,2,6
32647,1,5
32652,1,5
32658,2,6
32663,1,5
32668,1,5
32673,1,5
32679,1,6
32684,1,5
32689,1,5
32695,2,6
32700,1,5
32705,1,5
32710,1,5
32715,0,5
32721,1,6
32726,1,5
32732,1,6
32737,1,5
32742,1,5
32748,1,6
32753,1,5
32759,1,6
32764,1,5
32769,1,5
32775,1,6
32780,1,5
32786,1,6
32791,1,5
32797,1,6
32802,1,5
32808,2,6
32813,1,5
32823,6,10
32825,2,2
32830,1,5
32835,1,5
32841,2,6
32846,1,5
32851,1,5
32856,1,5
32862,1,6
32867,1,5
32872,1,5
32877,1,5
32883,1,6
32888,1,5
32893,1,5
32898,1,5
32904,1,6
32909,1,5
32914,1,5
32919,1,5
32925,1,6
32930,1,5
32936,2,6
32941,1,5
32946,1,5
32951,1,5
32956,1,5
32962,1,6
32967,1,5
32972,1,5
32978,2,6
32983,1,5
32988,1,5
32993,1,5
32998,0,5
33004,1,6
33009,1,5
33014,1,5
33020,1,6
33025,1,5
33030,1,5
33036,1,6
33041,1,5
33046,1,5
33052,1,6
33057,1,5
33062,1,5
33068,1,6
33073,1,5
33079,1,6
33084,1,5
33089,1,5
33095,1,6
33100,1,5
33106,1,6
33111,1,5
33116,1,5
33122,1,6
33127,1,5
33132,1,5
33138,1,6
33143,1,5
33149,1,6
33154,1,5
33159,1,5
33165,1,6
33170,1,5
33176,1,6
33181,1,5
33186,1,5
33192,1,6
33197,1,5
33203,2,6
33208,1,5
33213,1,5
33218,1,5
33224,1,6
33229,1,5
33234,1,5
33239,0,5
33245,1,6
33250,1,5
33256,2,6
33261,1,5
33266,1,5
33272,2,6
33277,1,5
33282,1,5
33287,1,5
33293,1,6
33298,1,5
33303,1,5
33308,1,5
33314,1,6
33319,1,5
33324,1,5
33329,1,5
33335,1,6
33340,1,5
33345,1,5
33350,1,5
33356,1,6
33361,1,5
33366,1,5
33372,1,6
33377,1,5
33382,1,5
33388,1,6
33393,1,5
33398,1,5
33403,0,5
33409,1,6
33414,1,5
33420,2,6
33425,1,5
33430,1,5
33436,2,6
33441,1,5
33446,1,5
33451,1,5
33457,1,6
33462,1,5
33467,1,5
33473,2,6
33478,1,5
33483,1,5
33488,1,5
33494,1,6
33499,1,5
33504,1,5
33510,2,6
33515,1,5
33520,1,5
33525,1,5
33531,1,6
33536,1,5
33541,1,5
33547,1,6
33552,1,5
33557,1,5
33563,2,6
33568,1,5
33573,1,5
33579,2,6
33584,1,5
33589,1,5
33594,1,5
33600,1,6
33605,1,5
33610,1,5
33616,2,6
33621,1,5
33626,1,5
33632,2,6
33637,1,5
33642,1,5
33648,2,6
33653,1,5
33658,1,5
33663,1,5
33669,1,6
33674,1,5
33679,1,5
33685,1,6
33690,1,5
33696,1,6
33701,1,5
33707,1,6
33712,1,5
33717,1,5
33723,1,6
33728,1,5
33734,1,6
33739,1,5
33744,1,5
33750,1,6
33755,1,5
33761,1,6
33766,1,5
33772,1,6
33777,1,5
33782,1,5
33788,1,6
33793,1,5
33799,1,6
33804,1,5
33809,1,5
33815,1,6
33824,5,9
33826,1,2
33831,1,5
33836,1,5
33842,2,6
33847,1,5
33852,1,5
33857,1,5
33863,1,6
33868,1,5
33873,1,5
33878,1,5
33884,1,6
33889,1,5
33895,2,6
33900,1,5
33905,1,5
33910,1,5
33916,2,6
33921,1,5
33926,1,5
33931,1,5
33937,1,6
33942,1,5
33947,1,5
33953,1,6
33958,1,5
33963,1,5
33969,2,6
33974,1,5
33979,1,5
33985,2,6
33990,1,5
33995,1,5
34001,2,6
34006,2,5
34011,1,5
34016,1,5
34021,1,5
34027,1,6
34032,1,5
34037,1,5
34043,1,6
34048,1,5
34053,1,5
34058,1,5
34064,1,6
34069,1,5
34074,1,5
34080,1,6
34085,1,5
34090,1,5
34096,1,6
34101,1,5
34106,1,5
34112,1,6
34117,1,5
34123,1,6
34129,1,6
34134,1,5
34139,1,5
34145,2,6
34150,1,5
34155,1,5
34161,2,6
34166,1,5
34171,1,5
34176,1,5
34181,1,5
34187,1,6
34192,1,5
34197,1,5
34202,1,5
34208,1,6
34213,1,5
34218,1,5
34224,2,6
34229,1,5
34234,1,5
34239,1,5
34245,1,6
34250,1,5
34255,1,5
34260,1,5
34266,1,6
34271,1,5
34276,1,5
34281,1,5
34287,1,6
34292,1,5
34297,1,5
34302,1,5
34308,1,6
34313,1,5
34319,2,6
34324,2,5
34329,1,5
34334,1,5
34340,2,6
34345,1,5
34350,1,5
34355,1,5
34361,2,6
34366,1,5
34371,1,5
34376,1,5
34382,1,6
34387,1,5
34392,1,5
34398,2,6
34403,1,5
34408,1,5
34413,1,5
34419,2,6
34424,1,5
34429,1,5
34434,1,5
34440,1,6
34445,1,5
34450,1,5
34456,2,6
34461,1,5
34466,1,5
34471,1,5
34477,1,6
34482,1,5
34487,1,5
34493,2,6
34498,1,5
34503,1,5
34508,1,5
34514,2,6
34519,1,5
34524,1,5
34530,2,6
34535,1,5
34540,1,5
34545,1,5
34550,1,5
34556,1,6
34561,1,5
34566,1,5
34572,1,6
34577,1,5
34582,1,5
34588,2,6
34593,1,5
34598,1,5
34604,2,6
34609,1,5
34614,1,5
34619,1,5
34625,2,6
34630,1,5
34635,1,5
34640,1,5
34646,1,6
34651,1,5
34656,1,5
34661,1,5
34667,1,6
34672,1,5
34677,1,5
34683,1,6
34688,1,5
34693,1,5
34698,1,5
34706,3,8
34709,1,3
34714,1,5
34720,2,6
34725,1,5
34730,1,5
34736,2,6
34741,1,5
34746,1,5
34751,1,5
34756,1,5
34762,1,6
34767,1,5
34772,1,5
34778,1,6
34783,1,5
34788,1,5
34794,2,6
34799,1,5
34804,1,5
34809,1,5
34815,2,6
34820,1,5
34825,1,5
34831,2,6
34836,1,5
34841,1,5
34846,1,5
34851,1,5
34857,1,6
34862,1,5
34868,2,6
34873,1,5
34878,1,5
34883,1,5
34889,1,6
34894,1,5
34899,1,5
34905,2,6
34910,1,5
34915,1,5
34920,1,5
34926,2,6
34931,1,5
34936,1,5
34941,1,5
34947,2,6
34952,1,5
34957,1,5
34963,2,6
34968,1,5
34973,1,5
34979,2,6
34984,1,5
34989,1,5
34994,1,5
34999,1,5
35005,1,6
35010,1,5
35015,1,5
35021,1,6
35026,1,5
35031,1,5
35036,1,5
35042,1,6
35047,1,5
35052,1,5
35057,1,5
35062,0,5
35068,1,6
35073,1,5
35078,1,5
35084,1,6
35089,1,5
35094,1,5
35100,2,6
35105,1,5
35110,1,5
35115,1,5
35121,2,6
35126,1,5
35131,1,5
35137,2,6
35142,2,5
35147,1,5
35152,1,5
35158,2,6
35163,1,5
35168,1,5
35173,1,5
35178,1,5
35184,1,6
35189,1,5
35194,1,5
35199,1,5
35205,1,6
35210,1,5
35215,1,5
35220,1,5
35226,1,6
35231,1,5
35236,1,5
35242,2,6
35247,1,5
35252,1,5
35257,1,5
35263,2,6
35268,1,5
35273,1,5
35278,1,5
35284,1,6
35289,1,5
35294,1,5
35300,2,6
35305,1,5
35310,1,5
35316,2,6
35321,1,5
35326,1,5
35331,1,5
35337,2,6
35342,1,5
35347,1,5
35352,1,5
35358,1,6
35363,1,5
35368,1,5
35374,2,6
35379,1,5
35384,1,5
35390,2,6
35395,1,5
35400,1,5
35405,1,5
35411,1,6
35416,1,5
35421,1,5
35426,1,5
35432,1,6
35437,1,5
35442,1,5
35448,1,6
35453,1,5
35458,1,5
35463,1,5
35469,1,6
35474,1,5
35479,1,5
35484,1,5
35490,1,6
35495,1,5
35501,2,6
35506,1,5
35511,1,5
35516,1,5
35522,2,6
35527,1,5
35532,1,5
35537,1,5
35543,2,6
35548,1,5
35553,1,5
35558,1,5
35564,1,6
35569,1,5
35574,1,5
35580,2,6
35585,1,5
35590,1,5
35596,2,6
35601,1,5
35606,1,5
35611,1,5
35617,1,6
35622,1,5
35627,1,5
35633,2,6
35638,1,5
35643,1,5
35649,2,6
35654,1,5
35660,2,6
35664,1,4
35670,2,6
35675,1,5
35680,1,5
35685,1,5
35691,1,6
35696,1,5
35701,1,5
35706,1,5
35712,1,6
35717,1,5
35722,1,5
35728,2,6
35733,1,5
35738,1,5
35744,2,6
35749,1,5
35754,1,5
35759,1,5
35765,2,6
35770,1,5
35775,1,5
35780,1,5
35786,1,6
35791,1,5
35796,1,5
35801,1,5
35807,1,6
35812,1,5
35818,2,6
35822,1,4
35828,1,6
35833,1,5
35839,2,6
35844,1,5
35849,1,5
35854,1,5
35860,2,6
35865,1,5
35870,1,5
35875,1,5
35881,1,6
35886,1,5
35891,1,5
35896,1,5
35902,1,6
35907,1,5
35912,1,5
35918,2,6
35923,1,5
35928,1,5
35933,1,5
35939,2,6
35944,1,5
35949,1,5
35955,2,6
35960,1,5
35965,1,5
35970,1,5
35976,2,6
35981,1,5
35986,1,5
35991,1,5
35997,2,6
36002,1,5
36007,1,5
36012,1,5
36018,1,6
36023,1,5
36028,1,5
36033,1,5
36039,1,6
36044,1,5
36049,1,5
36054,1,5
36060,1,6
36065,1,5
36070,1,5
36076,1,6
36081,1,5
36086,1,5
36092,2,6
36097,1,5
36102,1,5
36107,1,5
36112,0,5
36118,1,6
36123,1,5
36128,1,5
36134,1,6
36139,1,5
36144,1,5
36150,2,6
36155,1,5
36160,1,5
36165,1,5
36170,1,5
36176,1,6
36181,1,5
36186,1,5
36192,2,6
36197,1,5
36202,1,5
36207,1,5
36213,1,6
36218,1,5
36223,1,5
36228,1,5
36234,1,6
36239,1,5
36244,1,5
36249,1,5
36255,1,6
36260,1,5
36265,1,5
36270,1,5
36276,1,6
36281,1,5
36286,1,5
36291,1,5
36297,1,6
36302,1,5
36307,1,5
36313,2,6
36318,1,5
36323,1,5
36328,1,5
36333,1,5
36339,1,6
36344,1,5
36349,1,5
36355,2,6
36360,1,5
36365,1,5
36370,1,5
36376,2,6
36381,1,5
36386,1,5
36391,1,5
36397,1,6
36402,1,5
36407,1,5
36413,2,6
36418,1,5
36423,1,5
36428,1,5
36434,1,6
36439,1,5
36444,1,5
36450,2,6
36455,1,5
36460,1,5
36465,1,5
36471,2,6
36476,1,5
36481,1,5
36486,1,5
36492,1,6
36497,1,5
36502,1,5
36508,2,6
36513,1,5
36518,1,5
36524,2,6
36529,2,5
36534,1,5
36539,1,5
36545,2,6
36550,1,5
36555,1,5
36560,1,5
36566,2,6
36571,1,5
36576,1,5
36581,1,5
36587,2,6
36592,1,5
36597,1,5
36603,2,6
36608,1,5
36613,1,5
36619,2,6
36624,2,5
36629,1,5
36634,1,5
36640,2,6
36645,1,5
36650,1,5
36655,1,5
36661,2,6
36666,1,5
36671,1,5
36677,2,6
36682,1,5
36687,1,5
36692,1,5
36698,2,6
36703,1,5
36708,1,5
36713,1,5
36719,2,6
36724,1,5
36729,1,5
36735,2,6
36740,1,5
36745,1,5
36750,1,5
36756,2,6
36761,1,5
36766,1,5
36771,1,5
36777,1,6
36782,1,5
36787,1,5
36793,1,6
36798,1,5
36803,1,5
36809,2,6
36814,1,5
36819,1,5
36825,2,6
36830,1,5
36835,1,5
36840,1,5
36845,1,5
36851,1,6
36856,1,5
36861,1,5
36866,1,5
36872,1,6
36877,1,5
36883,2,6
36888,1,5
36893,1,5
36898,1,5
36903,1,5
36909,1,6
36914,1,5
36920,2,6
36925,1,5
36930,1,5
36935,1,5
36941,1,6
36946,1,5
36951,1,5
36957,1,6
36962,1,5
36967,1,5
36973,2,6
36978,1,5
36983,1,5
36988,1,5
36994,1,6
36999,1,5
37004,1,5
37010,2,6
37015,1,5
37020,1,5
37026,2,6
37031,1,5
37036,1,5
37041,1,5
37047,1,6
37052,1,5
37057,1,5
37063,2,6
37068,1,5
37074,2,6
37078,1,4
37084,1,6
37089,1,5
37094,1,5
37100,1,6
37105,1,5
37110,1,5
37115,1,5
37121,1,6
37126,1,5
37131,1,5
37136,1,5
37141,1,5
37147,1,6
37152,1,5
37157,1,5
37163,2,6
37168,1,5
37173,1,5
37178,1,5
37184,1,6
37189,1,5
37194,1,5
37199,1,5
37205,1,6
37210,1,5
37216,2,6
37221,1,5
37226,1,5
37231,1,5
37237,2,6
37242,1,5
37247,1,5
37253,2,6
37258,1,5
37263,1,5
37268,1,5
37274,2,6
37279,1,5
37284,1,5
37289,1,5
37295,1,6
37300,1,5
37305,1,5
37311,2,6
37317,2,6
37322,1,5
37327,1,5
37332,1,5
37338,1,6
37343,1,5
37348,1,5
37354,1,6
37359,1,5
37364,1,5
37370,2,6
37375,1,5
37380,1,5
37385,1,5
37391,1,6
37396,1,5
37401,1,5
37407,2,6
37412,1,5
37417,1,5
37423,2,6
37428,1,5
37433,1,5
37438,1,5
37444,1,6
37449,1,5
37455,2,6
37460,1,5
37465,1,5
37470,1,5
37476,1,6
37481,1,5
37486,1,5
37492,1,6
37497,1,5
37502,1,5
37508,2,6
37513,1,5
37518,1,5
37524,2,6
37529,1,5
37534,1,5
37539,1,5
37545,1,6
37550,1,5
37555,1,5
37561,2,6
37566,1,5
37571,1,5
37577,2,6
37582,1,5
37587,1,5
37592,1,5
37598,2,6
37603,1,5
37608,1,5
37613,1,5
37619,1,6
37624,1,5
37629,1,5
37635,2,6
37640,1,5
37645,1,5
37650,1,5
37656,1,6
37661,1,5
37666,1,5
37671,1,5
37677,1,6
37682,1,5
37687,1,5
37692,1,5
37697,1,5
37703,1,6
37708,1,5
37713,1,5
37718,1,5
37724,1,6
37729,1,5
37734,1,5
37740,2,6
37745,1,5
37750,1,5
37755,1,5
37761,1,6
37766,1,5
37771,1,5
37776,1,5
37782,1,6
37787,1,5
37792,1,5
37798,1,6
37803,1,5
37808,1,5
37814,2,6
37819,1,5
37824,1,5
37829,1,5
37835,1,6
37840,1,5
37845,1,5
37851,2,6
37856,1,5
37861,1,5
37867,2,6
37872,1,5
37877,1,5
37882,1,5
37888,2,6
37893,1,5
37898,1,5
37903,1,5
37909,1,6
37914,1,5
37919,1,5
37925,2,6
37930,1,5
37935,1,5
37940,1,5
37945,0,5
37951,1,6
37956,1,5
37961,1,5
37966,0,5
37972,1,6
37977,1,5
37982,1,5
37988,1,6
37993,1,5
37998,1,5
38003,1,5
38009,1,6
38014,1,5
38019,1,5
38025,1,6
38030,1,5
38035,1,5
38041,2,6
38046,1,5
38051,1,5
38056,1,5
38061,1,5
38067,1,6
38072,1,5
38077,1,5
38083,2,6
38088,1,5
38093,1,5
38098,1,5
38104,1,6
38109,1,5
38114,1,5
38120,1,6
38125,1,5
38130,1,5
38135,1,5
38141,1,6
38146,1,5
38151,1,5
38157,1,6
38162,1,5
38167,1,5
38172,1,5
38178,1,6
38183,1,5
38188,1,5
38194,2,6
38199,1,5
38204,1,5
38209,1,5
38215,1,6
38220,1,5
38225,1,5
38230,1,5
38236,1,6
38241,1,5
38246,1,5
38252,1,6
38257,1,5
38262,1,5
38268,2,6
38273,1,5
38278,1,5
38283,1,5
38289,1,6
38294,1,5
38299,1,5
38304,1,5
38310,1,6
38315,1,5
38320,1,5
38325,1,5
38331,1,6
38336,1,5
38341,1,5
38347,2,6
38352,1,5
38357,1,5
38362,1,5
38368,1,6
38373,1,5
38378,1,5
38383,1,5
38389,1,6
38394,1,5
38399,1,5
38405,2,6
38410,1,5
38415,1,5
38420,1,5
38426,1,6
38431,1,5
38436,1,5
38441,1,5
38447,1,6
38452,1,5
38457,1,5
38462,0,5
38468,1,6
38473,1,5
38478,1,5
38484,1,6
38489,1,5
38494,1,5
38499,1,5
38505,1,6
38510,1,5
38516,1,6
38521,1,5
38526,1,5
38532,1,6
38537,1,5
38543,1,6
38548,1,5
38554,1,6
38559,1,5
38565,1,6
38570,1,5
38576,1,6
38581,1,5
38587,1,6
38592,1,5
38598,1,6
38603,1,5
38608,1,5
38613,0,5
38619,1,6
38624,1,5
38630,2,6
38635,1,5
38640,1,5
38645,1,5
38651,1,6
38656,1,5
38661,1,5
38667,2,6
38672,1,5
38677,1,5
38683,2,6
38688,1,5
38693,1,5
38698,1,5
38704,1,6
38709,1,5
38714,1,5
38719,1,5
38725,1,6
38730,1,5
38735,1,5
38741,1,6
38746,1,5
38751,1,5
38757,1,6
38762,1,5
38768,1,6
38773,1,5
38778,1,5
38784,1,6
38789,1,5
38795,1,6
38800,1,5
38806,2,6
38811,1,5
38817,2,6
38822,1,5
38827,1,5
38833,1,6
38838,1,5
38844,1,6
38849,1,5
38855,1,6
38860,1,5
38865,1,5
38871,1,6
38876,1,5
38882,2,6
38887,1,5
38893,2,6
38898,1,5
38903,1,5
38909,1,6
38914,1,5
38920,2,6
38925,1,5
38930,1,5
38935,1,5
38941,1,6
38946,1,5
38951,1,5
38957,1,6
38962,1,5
38967,1,5
38973,2,6
38978,1,5
38983,1,5
38988,1,5
38994,1,6
38999,1,5
39004,1,5
39009,1,5
39015,1,6
39020,1,5
39025,1,5
39031,1,6
39036,1,5
39041,1,5
39047,2,6
39052,1,5
39057,1,5
39063,2,6
39068,1,5
39073,1,5
39078,1,5
39084,2,6
39089,1,5
39094,1,5
39100,2,6
39105,1,5
39110,1,5
39115,1,5
39121,1,6
39126,1,5
39131,1,5
39137,2,6
39142,1,5
39147,1,5
39153,2,6
39158,1,5
39163,1,5
39169,2,6
39174,1,5
39179,1,5
39185,2,6
39190,2,5
39195,1,5
39200,1,5
39206,2,6
39211,1,5
39216,1,5
39221,1,5
39227,1,6
39232,1,5
39237,1,5
39243,2,6
39248,1,5
39253,1,5
39259,2,6
39264,1,5
39269,1,5
39274,1,5
39280,2,6
39285,1,5
39290,1,5
39296,2,6
39301,1,5
39306,1,5
39311,1,5
39317,1,6
39323,2,6
39328,1,5
39333,1,5
39338,1,5
39344,1,6
39349,1,5
39354,1,5
39360,2,6
39365,1,5
39370,1,5
39376,2,6
39381,1,5
39386,1,5
39392,2,6
39397,2,5
39402,1,5
39407,1,5
39413,2,6
39418,1,5
39423,1,5
39428,1,5
39434,2,6
39439,1,5
39444,1,5
39449,1,5
39455,2,6
39460,1,5
39465,1,5
39471,2,6
39476,1,5
39481,1,5
39486,1,5
39491,1,5
39497,1,6
39502,1,5
39507,1,5
39513,2,6
39518,1,5
39523,1,5
39528,1,5
39534,2,6
39539,1,5
39544,1,5
39549,1,5
39555,1,6
39560,1,5
39565,1,5
39570,1,5
39576,1,6
39581,1,5
39586,1,5
39592,2,6
39597,1,5
39602,1,5
39607,1,5
39613,1,6
39618,1,5
39623,1,5
39629,2,6
39634,1,5
39639,1,5
39644,1,5
39650,2,6
39655,1,5
39660,1,5
39666,2,6
39671,1,5
39676,1,5
39681,1,5
39686,1,5
39692,1,6
39697,1,5
39702,1,5
39708,2,6
39713,1,5
39718,1,5
39724,2,6
39729,1,5
39734,1,5
39739,1,5
39745,2,6
39750,1,5
39755,1,5
39761,2,6
39766,1,5
39771,1,5
39776,1,5
39782,2,6
39787,1,5
39792,1,5
39797,1,5
39803,2,6
39808,1,5
39813,1,5
39819,2,6
39824,1,5
39829,1,5
39834,1,5
39840,2,6
39845,1,5
39850,1,5
39855,1,5
39861,2,6
39866,1,5
39871,1,5
39876,1,5
39882,1,6
39887,1,5
39892,1,5
39898,2,6
39903,1,5
39908,1,5
39913,1,5
39919,2,6
39924,1,5
39929,1,5
39937,4,8
39940,1,3
39945,1,5
39950,1,5
39956,2,6
39961,1,5
39966,1,5
39971,1,5
39977,1,6
39982,1,5
39987,1,5
39993,1,6
40008,4,15
40011,1,3
40016,1,5
40022,1,6
40027,1,5
40032,1,5
40038,2,6
40043,1,5
40048,1,5
40053,1,5
40059,2,6
40064,1,5
40069,1,5
40074,1,5
40080,1,6
40085,1,5
40090,1,5
40095,1,5
40101,1,6
40106,1,5
40111,1,5
40117,1,6
40122,1,5
40127,1,5
40133,2,6
40138,1,5
40143,1,5
40149,2,6
40154,1,5
40159,1,5
40164,1,5
40170,1,6
40175,1,5
40180,1,5
40186,2,6
40191,1,5
40196,1,5
40202,2,6
40207,1,5
40212,1,5
40217,1,5
40222,0,5
40228,1,6
40233,1,5
40239,2,6
40244,1,5
40249,1,5
40254,1,5
40260,1,6
40265,1,5
40270,1,5
40275,1,5
40281,1,6
40286,1,5
40291,1,5
40297,1,6
40302,1,5
40307,1,5
40313,2,6
40318,1,5
40323,1,5
40329,2,6
40334,1,5
40339,1,5
40344,1,5
40350,2,6
40355,1,5
40360,1,5
40366,2,6
40371,1,5
40376,1,5
40381,1,5
40387,1,6
40392,1,5
40397,1,5
40403,2,6
40408,1,5
40413,1,5
40419,2,6
40424,1,5
40429,1,5
40434,1,5
40440,2,6
40445,1,5
40450,1,5
40455,1,5
40461,1,6
40466,1,5
40472,2,6
40477,1,5
40482,1,5
40487,1,5
40493,2,6
40498,1,5
40503,1,5
40509,2,6
40514,1,5
40519,1,5
40525,2,6
40530,2,5
40535,1,5
40540,1,5
40546,2,6
40551,1,5
40556,1,5
40561,1,5
40567,2,6
40572,1,5
40577,1,5
40582,1,5
40588,1,6
40593,1,5
40598,1,5
40604,2,6
40609,1,5
40614,1,5
40620,2,6
40625,1,5
40630,1,5
40635,1,5
40641,1,6
40646,1,5
40651,1,5
40657,2,6
40662,1,5
40667,1,5
40672,1,5
40678,2,6
40683,1,5
40688,1,5
40694,2,6
40699,1,5
40704,1,5
40710,2,6
40715,1,5
40720,1,5
40725,1,5
40731,1,6
40736,1,5
40741,1,5
40747,2,6
40752,1,5
40757,1,5
40762,1,5
40768,1,6
40773,1,5
40778,1,5
40784,1,6
40789,1,5
40794,1,5
40799,1,5
40805,1,6
40810,1,5
40815,1,5
40821,1,6
40826,1,5
40831,1,5
40837,2,6
40842,1,5
40847,1,5
40852,1,5
40858,2,6
40863,1,5
40868,1,5
40874,2,6
40879,1,5
40887,4,8
40890,2,3
40895,2,5
40900,1,5
40905,1,5
40910,1,5
40916,1,6
40921,1,5
40926,1,5
40932,2,6
40937,1,5
40942,1,5
40948,2,6
40953,1,5
40958,1,5
40963,1,5
40969,1,6
40974,1,5
40980,2,6
40985,1,5
40990,1,5
40996,2,6
41001,1,5
41006,1,5
41011,1,5
41017,1,6
41022,1,5
41027,1,5
41033,1,6
41038,1,5
41043,1,5
41049,2,6
41054,1,5
41059,1,5
41065,2,6
41070,1,5
41075,1,5
41080,1,5
41086,2,6
41091,1,5
41096,1,5
41101,1,5
41107,1,6
41112,1,5
41117,1,5
41123,2,6
41128,1,5
41133,1,5
41139,2,6
41144,1,5
41149,1,5
41154,1,5
41160,2,6
41165,1,5
41170,1,5
41176,2,6
41181,1,5
41186,1,5
41191,1,5
41197,1,6
41202,1,5
41207,1,5
41213,2,6
41218,1,5
41223,1,5
41229,2,6
41234,1,5
41239,1,5
41244,1,5
41250,2,6
41255,1,5
41260,1,5
41266,2,6
41271,1,5
41276,1,5
41281,1,5
41287,2,6
41292,1,5
41297,1,5
41303,2,6
41308,1,5
41313,1,5
41319,2,6
41324,2,5
41329,1,5
41334,1,5
41340,2,6
41345,1,5
41350,1,5
41356,2,6
41361,1,5
41366,1,5
41371,1,5
41377,2,6
41382,1,5
41387,1,5
41393,2,6
41398,1,5
41403,1,5
41408,1,5
41414,2,6
41419,1,5
41424,1,5
41429,1,5
41435,1,6
41440,1,5
41446,2,6
41451,2,5
41456,1,5
41461,1,5
41467,2,6
41472,1,5
41477,1,5
41483,2,6
41488,2,5
41493,1,5
41498,1,5
41504,1,6
41509,1,5
41515,2,6
41520,2,5
41525,1,5
41530,1,5
41536,2,6
41541,1,5
41546,1,5
41552,1,6
41557,1,5
41563,1,6
41568,1,5
41574,2,6
41579,1,5
41585,2,6
41590,1,5
41595,1,5
41600,1,5
41606,2,6
41611,1,5
41616,1,5
41621,1,5
41627,2,6
41632,1,5
41637,1,5
41642,1,5
41648,1,6
41653,1,5
41658,1,5
41664,1,6
41669,1,5
41674,1,5
41679,1,5
41685,1,6
41690,1,5
41695,1,5
41701,2,6
41706,1,5
41711,1,5
41716,1,5
41722,1,6
41727,1,5
41732,1,5
41737,1,5
41743,1,6
41748,1,5
41754,2,6
41759,1,5
41764,1,5
41769,1,5
41775,2,6
41780,1,5
41785,1,5
41790,1,5
41796,1,6
41801,1,5
41806,1,5
41812,2,6
41817,1,5
41822,1,5
41827,1,5
41833,1,6
41838,1,5
41843,1,5
41849,2,6
41854,1,5
41859,1,5
41865,2,6
41870,1,5
41875,1,5
41880,1,5
41886,2,6
41891,1,5
41896,1,5
41901,1,5
41907,1,6
41912,1,5
41917,1,5
41923,2,6
41928,1,5
41933,1,5
41939,2,6
41944,1,5
41949,1,5
41954,1,5
41960,1,6
41965,1,5
41970,1,5
41976,2,6
41981,1,5
41986,1,5
41991,1,5
41997,1,6
42002,1,5
42007,1,5
42013,1,6
42018,1,5
42023,1,5
42029,2,6
42034,1,5
42039,1,5
42044,1,5
42050,1,6
42055,1,5
42060,1,5
42065,1,5
42071,1,6
42076,1,5
42081,1,5
42087,1,6
42092,1,5
42097,1,5
42103,2,6
42108,1,5
42113,1,5
42118,1,5
42124,1,6
42129,1,5
42134,1,5
42140,2,6
42145,1,5
42150,1,5
42156,2,6
42161,1,5
42166,1,5
42171,1,5
42177,1,6
42182,1,5
42187,1,5
42192,1,5
42198,1,6
42205,3,7
42208,1,3
42213,1,5
42219,1,6
42224,1,5
42229,1,5
42237,3,8
42240,1,3
42245,1,5
42251,2,6
42256,1,5
42261,1,5
42266,1,5
42272,1,6
42277,1,5
42282,1,5
42287,1,5
42293,1,6
42298,1,5
42303,1,5
42309,1,6
42314,1,5
42319,1,5
42325,1,6
42330,1,5
42335,1,5
42341,2,6
42346,1,5
42351,1,5
42356,1,5
42362,2,6
42367,1,5
42372,1,5
42378,2,6
42383,1,5
42388,1,5
42393,1,5
42399,2,6
42404,1,5
42409,1,5
42414,1,5
42420,1,6
42425,1,5
42431,2,6
42436,2,5
42442,2,6
42446,1,4
42452,2,6
42457,1,5
42462,1,5
42468,2,6
42473,1,5
42478,1,5
42483,1,5
42489,1,6
42494,1,5
42499,1,5
42505,2,6
42510,1,5
42515,1,5
42520,1,5
42526,2,6
42531,1,5
42536,1,5
42542,2,6
42547,1,5
42552,1,5
42557,1,5
42563,2,6
42568,1,5
42573,1,5
42579,2,6
42584,1,5
42589,1,5
42594,1,5
42600,2,6
42605,1,5
42610,1,5
42616,2,6
42622,2,6
42626,1,4
42632,2,6
42637,1,5
42642,1,5
42647,1,5
42653,2,6
42658,1,5
42663,1,5
42669,2,6
42674,1,5
42679,1,5
42685,2,6
42690,2,5
42695,1,5
42700,1,5
42706,2,6
42711,1,5
42716,1,5
42721,1,5
42727,1,6
42732,1,5
42737,1,5
42742,1,5
42748,1,6
42753,1,5
42758,1,5
42764,1,6
42769,1,5
42774,1,5
42780,2,6
42785,1,5
42790,1,5
42795,1,5
42801,1,6
42806,1,5
42811,1,5
42817,2,6
42822,1,5
42827,1,5
42833,2,6
42838,1,5
42844,1,6
42849,1,5
42855,2,6
42860,2,5
42865,1,5
42870,1,5
42875,1,5
42881,1,6
42886,1,5
42891,1,5
42897,2,6
42902,1,5
42907,1,5
42912,1,5
42918,1,6
42923,1,5
42928,1,5
42934,2,6
42939,1,5
42944,1,5
42949,1,5
42955,1,6
42960,1,5
42965,1,5
42971,1,6
42976,1,5
42981,1,5
42987,2,6
42992,1,5
42997,1,5
43002,1,5
43008,1,6
43013,1,5
43018,1,5
43024,2,6
43029,1,5
43034,1,5
43039,1,5
43045,1,6
43050,1,5
43055,1,5
43061,2,6
43066,1,5
43071,1,5
43077,2,6
43082,1,5
43087,1,5
43092,1,5
43098,2,6
43103,1,5
43108,1,5
43113,1,5
43119,1,6
43124,1,5
43129,1,5
43135,2,6
43140,1,5
43145,1,5
43150,1,5
43156,1,6
43161,1,5
43166,1,5
43172,1,6
43177,1,5
43182,1,5
43187,1,5
43193,1,6
43198,1,5
43203,1,5
43209,1,6
43214,1,5
43219,1,5
43225,2,6
43230,1,5
43235,1,5
43240,1,5
43246,1,6
43251,1,5
43256,1,5
43261,1,5
43267,1,6
43272,1,5
43277,1,5
43283,1,6
43288,1,5
43293,1,5
43299,2,6
43304,1,5
43309,1,5
43314,1,5
43320,1,6
43325,1,5
43330,1,5
43336,2,6
43341,1,5
43346,1,5
43352,2,6
43357,1,5
43362,1,5
43367,1,5
43373,1,6
43378,1,5
43383,1,5
43389,2,6
43394,1,5
43399,1,5
43405,2,6
43410,1,5
43415,1,5
43420,1,5
43426,1,6
43431,1,5
43437,2,6
43442,1,5
43447,1,5
43452,1,5
43458,1,6
43463,1,5
43468,1,5
43474,2,6
43479,1,5
43484,1,5
43489,1,5
43495,1,6
43500,1,5
43505,1,5
43511,1,6
43516,1,5
43521,1,5
43526,1,5
43532,1,6
43537,1,5
43542,1,5
43548,1,6
43553,1,5
43558,1,5
43564,1,6
43570,1,6
43576,1,6
43582,1,6
43588,1,6
43594,1,6
43600,1,6
43606,1,6
43612,1,6
43618,1,6
43624,1,6
43630,1,6
43636,1,6
43642,1,6
43648,1,6
43654,1,6
43660,1,6
43666,1,6
43672,1,6
43678,1,6
43684,1,6
43690,2,6
43695,0,5
43701,1,6
43707,1,6
43712,1,5
43717,1,5
43723,1,6
43728,1,5
43733,1,5
43739,2,6
43744,1,5
43749,1,5
43754,1,5
43760,1,6
43765,1,5
43771,2,6
43776,1,5
43781,1,5
43786,1,5
43792,1,6
43797,1,5
43802,1,5
43808,2,6
43813,1,5
43819,2,6
43824,2,5
43829,1,5
43834,1,5
43839,1,5
43845,1,6
43850,1,5
43855,1,5
43861,2,6
43866,1,5
43871,1,5
43877,2,6
43882,1,5
43887,1,5
43893,2,6
43898,1,5
43903,1,5
43909,2,6
43914,1,5
43919,1,5
43924,1,5
43930,1,6
43935,1,5
43940,1,5
43945,1,5
43951,1,6
43956,1,5
43962,2,6
43967,1,5
43972,1,5
43977,1,5
43983,1,6
43988,1,5
43993,1,5
43998,1,5
44004,1,6
44009,1,5
44015,2,6
44020,1,5
44025,1,5
44030,1,5
44036,2,6
44041,1,5
44046,1,5
44051,1,5
44057,1,6
44062,1,5
44068,2,6
44073,1,5
44078,1,5
44083,1,5
44089,2,6
44094,1,5
44099,1,5
44104,1,5
44110,1,6
44115,1,5
44120,1,5
44126,1,6
44131,1,5
44136,1,5
44142,2,6
44147,1,5
44152,1,5
44157,1,5
44163,1,6
44168,1,5
44173,1,5
44179,2,6
44184,1,5
44189,1,5
44194,1,5
44200,1,6
44205,1,5
44210,1,5
44216,2,6
44221,1,5
44226,1,5
44231,1,5
44237,1,6
44242,1,5
44247,1,5
44253,2,6
44258,1,5
44263,1,5
44268,1,5
44274,1,6
44279,1,5
44284,1,5
44290,2,6
44295,1,5
44301,2,6
44306,1,5
44311,1,5
44316,1,5
44322,2,6
44327,1,5
44332,1,5
44337,1,5
44343,1,6
44348,1,5
44353,1,5
44359,1,6
44364,1,5
44369,1,5
44375,2,6
44380,1,5
44385,1,5
44390,1,5
44396,1,6
44401,1,5
44406,1,5
44412,1,6
44417,1,5
44423,1,6
44428,1,5
44433,1,5
44439,1,6
44444,1,5
44450,1,6
44455,1,5
44461,1,6
44466,1,5
44472,1,6
44477,1,5
44483,2,6
44488,1,5
44494,2,6
44499,1,5
44504,1,5
44510,1,6
44515,1,5
44521,1,6
44526,1,5
44532,1,6
44537,1,5
44544,1,7
44549,1,5
44555,1,6
44560,1,5
44566,1,6
44571,1,5
44577,1,6
44582,1,5
44588,2,6
44593,1,5
44599,2,6
44604,1,5
44609,1,5
44615,1,6
44620,1,5
44626,1,6
44631,1,5
44637,1,6
44642,1,5
44648,2,6
44653,1,5
44659,2,6
44664,1,5
44669,1,5
44675,1,6
44680,1,5
44685,1,5
44691,1,6
44696,1,5
44702,1,6
44707,1,5
44713,2,6
44718,2,5
44723,1,5
44728,1,5
44734,2,6
44739,1,5
44744,1,5
44749,1,5
44755,2,6
44760,1,5
44765,1,5
44771,2,6
44776,1,5
44781,1,5
44787,2,6
44792,1,5
44797,1,5
44802,1,5
44808,2,6
44813,1,5
44818,1,5
44823,1,5
44829,1,6
44834,1,5
44839,1,5
44844,1,5
44852,3,8
44855,1,3
44861,2,6
44866,1,5
44871,1,5
44876,1,5
44882,2,6
44887,1,5
44892,1,5
44897,1,5
44903,2,6
44908,1,5
44913,1,5
44918,1,5
44924,1,6
44929,1,5
44934,1,5
44940,1,6
44945,1,5
44950,1,5
44955,1,5
44961,1,6
44966,1,5
44971,1,5
44977,1,6
44982,1,5
44987,1,5
44993,2,6
44998,1,5
45003,1,5
45009,2,6
45014,2,5
45019,1,5
45024,1,5
45029,1,5
45035,1,6
45040,1,5
45045,1,5
45051,2,6
45056,1,5
45061,1,5
45066,1,5
45072,1,6
45077,1,5
45082,1,5
45088,2,6
45093,1,5
45098,1,5
45103,1,5
45109,1,6
45114,1,5
45119,1,5
45125,1,6
45130,1,5
45135,1,5
45140,1,5
45146,1,6
45151,1,5
45156,1,5
45162,1,6
45167,1,5
45172,1,5
45177,1,5
45183,1,6
45188,1,5
45193,1,5
45199,1,6
45204,1,5
45209,1,5
45214,1,5
45220,1,6
45225,1,5
45230,1,5
45236,1,6
45241,1,5
45246,1,5
45252,2,6
45257,1,5
45262,1,5
45267,1,5
45273,1,6
45278,1,5
45283,1,5
45289,1,6
45294,1,5
45299,1,5
45305,2,6
45310,1,5
45315,1,5
45320,1,5
45326,1,6
45331,1,5
45336,1,5
45342,2,6
45347,1,5
45352,1,5
45357,1,5
45363,1,6
45368,1,5
45373,1,5
45379,2,6
45384,1,5
45389,1,5
45394,1,5
45400,1,6
45405,1,5
45410,1,5
45416,1,6
45421,1,5
45426,1,5
45432,1,6
45437,1,5
45442,1,5
45448,2,6
45453,1,5
45458,1,5
45464,2,6
45469,1,5
45474,1,5
45479,1,5
45485,1,6
45490,1,5
45495,1,5
45500,0,5
45506,1,6
45511,1,5
45516,1,5
45522,1,6
45527,1,5
45532,1,5
45538,1,6
45543,1,5
45548,1,5
45553,1,5
45559,1,6
45564,1,5
45569,1,5
45575,1,6
45580,1,5
45585,1,5
45590,1,5
45596,1,6
45601,1,5
45606,1,5
45612,1,6
45617,1,5
45622,1,5
45628,1,6
45633,1,5
45638,1,5
45644,2,6
45649,1,5
45654,1,5
45659,1,5
45665,1,6
45670,1,5
45675,1,5
45681,1,6
45686,1,5
45691,1,5
45697,2,6
45702,1,5
45707,1,5
45712,1,5
45718,1,6
45723,1,5
45728,1,5
45733,1,5
45739,1,6
45744,1,5
45749,1,5
45755,1,6
45760,1,5
45765,1,5
45771,2,6
45776,1,5
45781,1,5
45786,1,5
45792,1,6
45797,1,5
45802,1,5
45808,1,6
45813,1,5
45820,3,7
45824,1,4
45829,1,5
45834,1,5
45840,1,6
45845,1,5
45850,1,5
45855,1,5
45861,1,6
45866,1,5
45871,1,5
45877,1,6
45882,1,5
45888,2,6
45893,1,5
45898,1,5
45908,6,10
45910,3,2
45914,1,4
45919,1,5
45925,2,6
45930,1,5
45935,1,5
45940,1,5
45946,2,6
45951,1,5
45956,1,5
45961,1,5
45967,1,6
45972,1,5
45977,1,5
45983,2,6
45988,1,5
45993,1,5
45998,1,5
46004,1,6
46009,1,5
46014,1,5
46020,1,6
46025,1,5
46030,1,5
46037,2,7
46041,1,4
46047,2,6
46052,1,5
46057,1,5
46062,1,5
46068,1,6
46073,1,5
46078,1,5
46083,1,5
46089,1,6
46094,1,5
46099,1,5
46104,1,5
46110,1,6
46115,1,5
46120,1,5
46126,2,6
46131,1,5
46136,1,5
46141,1,5
46146,1,5
46152,1,6
46157,1,5
46162,1,5
46168,1,6
46173,1,5
46178,1,5
46183,1,5
46189,1,6
46194,1,5
46199,1,5
46205,2,6
46210,1,5
46215,1,5
46220,1,5
46226,1,6
46231,1,5
46236,1,5
46241,1,5
46247,1,6
46252,1,5
46257,1,5
46263,2,6
46268,1,5
46273,1,5
46279,2,6
46284,1,5
46289,1,5
46294,1,5
46300,1,6
46305,1,5
46310,1,5
46315,1,5
46321,1,6
46326,1,5
46331,1,5
46337,1,6
46342,1,5
46347,1,5
46353,2,6
46358,1,5
46363,1,5
46368,1,5
46373,1,5
46379,1,6
46384,1,5
46389,1,5
46395,1,6
46400,1,5
46405,1,5
46411,2,6
46416,1,5
46421,1,5
46426,1,5
46432,2,6
46437,1,5
46442,1,5
46448,2,6
46453,1,5
46458,1,5
46463,1,5
46469,2,6
46474,1,5
46479,1,5
46485,2,6
46490,1,5
46495,1,5
46501,2,6
46506,2,5
46511,1,5
46516,1,5
46521,1,5
46526,1,5
46532,1,6
46537,1,5
46543,2,6
46548,1,5
46553,1,5
46558,1,5
46564,2,6
46569,1,5
46574,1,5
46579,1,5
46585,1,6
46590,1,5
46595,1,5
46600,1,5
46606,1,6
46611,1,5
46616,1,5
46622,2,6
46627,1,5
46632,1,5
46637,1,5
46642,1,5
46648,1,6
46653,1,5
46658,1,5
46664,2,6
46669,1,5
46674,1,5
46679,1,5
46685,1,6
46690,1,5
46695,1,5
46701,2,6
46706,1,5
46711,1,5
46716,1,5
46722,2,6
46727,1,5
46732,1,5
46737,1,5
46743,2,6
46748,1,5
46753,1,5
46758,1,5
46764,1,6
46769,1,5
46774,1,5
46780,2,6
46785,1,5
46790,1,5
46795,1,5
46801,1,6
46806,1,5
46811,1,5
46817,2,6
46822,1,5
46827,1,5
46832,1,5
46838,2,6
46843,1,5
46848,1,5
46854,2,6
46859,2,5
46864,1,5
46869,1,5
46874,1,5
46880,1,6
46885,1,5
46890,1,5
46896,2,6
46901,1,5
46906,1,5
46911,1,5
46917,1,6
46922,1,5
46927,1,5
46933,1,6
46938,1,5
46943,1,5
46949,2,6
46954,1,5
46959,1,5
46965,2,6
46970,1,5
46975,1,5
46980,1,5
46986,2,6
46991,1,5
46996,1,5
47001,1,5
47007,2,6
47012,1,5
47017,1,5
47023,2,6
47028,1,5
47033,1,5
47038,1,5
47044,1,6
47049,1,5
47054,1,5
47060,2,6
47065,1,5
47070,1,5
47075,1,5
47081,1,6
47086,1,5
47091,1,5
47097,2,6
47104,3,7
47107,1,3
47112,1,5
47118,2,6
47123,1,5
47128,1,5
47133,1,5
47139,2,6
47144,1,5
47149,1,5
47155,2,6
47160,1,5
47165,1,5
47170,1,5
47176,2,6
47185,5,9
47187,2,2
47191,1,4
47197,1,6
47206,5,9
47209,3,3
47213,2,4
47218,1,5
47223,1,5
47228,1,5
47234,1,6
47239,1,5
47244,1,5
47250,2,6
47255,1,5
47260,1,5
47265,1,5
47271,1,6
47276,1,5
47281,1,5
47286,1,5
47292,1,6
47297,1,5
47302,1,5
47308,1,6
47313,1,5
47318,1,5
47324,1,6
47329,1,5
47334,1,5
47340,1,6
47345,1,5
47350,1,5
47356,1,6
47361,1,5
47367,1,6
47372,1,5
47377,1,5
47382,1,5
47388,1,6
47393,1,5
47398,1,5
47403,0,5
47409,1,6
47414,1,5
47419,1,5
47425,1,6
47430,1,5
47435,1,5
47440,1,5
47446,1,6
47451,1,5
47456,1,5
47461,1,5
47467,1,6
47472,1,5
47477,1,5
47482,1,5
47488,1,6
47493,1,5
47498,1,5
47504,2,6
47509,1,5
47514,1,5
47519,1,5
47525,1,6
47530,1,5
47535,1,5
47540,1,5
47546,1,6
47551,1,5
47556,1,5
47561,1,5
47567,1,6
47572,1,5
47577,1,5
47582,1,5
47588,1,6
47593,1,5
47598,1,5
47603,1,5
47609,1,6
47614,1,5
47621,3,7
47631,7,10
47631,2,0
47635,1,4
47641,1,6
47646,1,5
47651,1,5
47656,1,5
47662,1,6
47667,1,5
47672,1,5
47677,1,5
47683,1,6
47688,1,5
47693,1,5
47698,1,5
47704,1,6
47709,1,5
47714,1,5
47719,1,5
47725,1,6
47730,1,5
47735,1,5
47741,1,6
47746,1,5
47751,1,5
47756,1,5
47762,1,6
47767,1,5
47772,1,5
47777,1,5
47783,1,6
47788,1,5
47793,1,5
47798,1,5
47804,1,6
47809,1,5
47814,1,5
47821,2,7
47825,1,4
47830,1,5
47835,1,5
47841,1,6
47846,1,5
47851,1,5
47857,1,6
47862,1,5
47867,1,5
47873,2,6
47878,1,5
47883,1,5
47888,1,5
47894,1,6
47899,1,5
47904,1,5
47910,1,6
47915,1,5
47920,1,5
47926,2,6
47931,1,5
47936,1,5
47941,1,5
47947,2,6
47952,1,5
47957,1,5
47962,1,5
47968,1,6
47973,1,5
47978,1,5
47983,0,5
47989,1,6
47996,2,7
48001,1,5
48006,1,5
48011,1,5
48017,1,6
48022,1,5
48028,1,6
48033,1,5
48039,1,6
48044,1,5
48049,1,5
48055,1,6
48060,1,5
48066,2,6
48071,1,5
48076,1,5
48082,1,6
48087,1,5
48092,1,5
48097,1,5
48103,1,6
48108,1,5
48113,1,5
48119,2,6
48124,1,5
48129,1,5
48134,1,5
48140,1,6
48145,1,5
48150,1,5
48155,1,5
48161,1,6
48166,1,5
48171,1,5
48177,1,6
48182,1,5
48187,1,5
48192,1,5
48198,1,6
48203,1,5
48208,1,5
48214,2,6
48219,1,5
48224,1,5
48229,1,5
48235,1,6
48240,1,5
48245,1,5
48251,2,6
48256,1,5
48261,1,5
48266,1,5
48272,1,6
48277,1,5
48282,1,5
48288,1,6
48293,1,5
48299,2,6
48304,1,5
48309,1,5
48314,1,5
48320,2,6
48325,1,5
48330,1,5
48335,1,5
48341,1,6
48346,1,5
48351,1,5
48357,1,6
48362,1,5
48367,1,5
48373,2,6
48378,1,5
48383,1,5
48388,1,5
48394,1,6
48399,1,5
48404,1,5
48410,1,6
48415,1,5
48420,1,5
48426,1,6
48432,1,6
48438,1,6
48444,1,6
48450,1,6
48455,1,5
48461,1,6
48466,1,5
48472,2,6
48477,1,5
48483,2,6
48488,1,5
48493,1,5
48498,1,5
48504,1,6
48509,1,5
48515,1,6
48520,1,5
48525,1,5
48530,1,5
48536,1,6
48541,1,5
48546,1,5
48552,1,6
48557,1,5
48562,1,5
48568,2,6
48573,1,5
48578,1,5
48583,1,5
48589,1,6
48594,1,5
48599,1,5
48604,1,5
48610,1,6
48615,1,5
48620,1,5
48625,1,5
48631,1,6
48636,1,5
48641,1,5
48647,1,6
48652,1,5
48657,1,5
48663,2,6
48668,1,5
48673,1,5
48678,1,5
48684,1,6
48689,1,5
48694,1,5
48700,1,6
48706,1,6
48711,1,5
48716,1,5
48722,1,6
48728,1,6
48733,1,5
48739,1,6
48744,1,5
48750,2,6
48755,1,5
48760,1,5
48765,1,5
48771,1,6
48776,1,5
48781,1,5
48786,1,5
48792,1,6
48797,1,5
48802,1,5
48808,1,6
48813,1,5
48818,1,5
48823,1,5
48829,1,6
48834,1,5
48839,1,5
48845,1,6
48850,1,5
48855,1,5
48860,1,5
48866,1,6
48871,1,5
48876,1,5
48882,1,6
48887,1,5
48893,1,6
48898,1,5
48903,1,5
48909,1,6
48914,1,5
48920,1,6
48925,1,5
48931,2,6
48936,1,5
48941,1,5
48947,1,6
48952,1,5
48957,1,5
48963,1,6
48968,1,5
48974,1,6
48979,1,5
48985,1,6
48990,1,5
48996,1,6
49001,1,5
49007,1,6
49012,1,5
49018,1,6
49023,1,5
49028,1,5
49034,1,6
49039,1,5
49044,1,5
49050,2,6
49055,1,5
49060,1,5
49065,1,5
49071,2,6
49076,1,5
49081,1,5
49086,1,5
49092,1,6
49097,1,5
49102,1,5
49108,2,6
49113,1,5
49118,1,5
49124,2,6
49129,1,5
49134,1,5
49139,1,5
49145,2,6
49150,1,5
49155,1,5
49160,1,5
49166,1,6
49171,1,5
49176,1,5
49182,2,6
49187,1,5
49192,1,5
49197,1,5
49203,1,6
49208,1,5
49213,1,5
49219,2,6
49224,1,5
49229,1,5
49234,1,5
49240,1,6
49245,1,5
49250,1,5
49256,2,6
49261,1,5
49266,1,5
49272,2,6
49277,1,5
49282,1,5
49287,1,5
49293,1,6
49298,1,5
49303,1,5
49309,2,6
49314,1,5
49319,1,5
49325,2,6
49330,1,5
49335,1,5
49340,1,5
49346,2,6
49351,1,5
49356,1,5
49361,1,5
49367,1,6
49372,1,5
49377,1,5
49382,1,5
49388,1,6
49393,1,5
49398,1,5
49404,1,6
49409,1,5
49414,1,5
49419,1,5
49425,1,6
49430,1,5
49435,1,5
49441,1,6
49446,1,5
49451,1,5
49456,1,5
49462,1,6
49467,1,5
49472,1,5
49477,1,5
49483,1,6
49488,1,5
49493,1,5
49499,1,6
49504,1,5
49509,1,5
49514,1,5
49520,1,6
49525,1,5
49530,1,5
49536,1,6
49541,1,5
49546,1,5
49552,2,6
49557,1,5
49562,1,5
49567,1,5
49573,1,6
49578,1,5
49583,1,5
49589,2,6
49594,1,5
49599,1,5
49605,2,6
49610,1,5
49615,1,5
49620,1,5
49626,2,6
49631,1,5
49636,1,5
49641,1,5
49646,0,5
49652,1,6
49657,1,5
49662,1,5
49668,1,6
49673,1,5
49679,1,6
49684,1,5
49689,1,5
49695,1,6
49702,3,7
49705,1,3
49710,0,5
49716,1,6
49721,1,5
49726,1,5
49732,1,6
49737,1,5
49742,1,5
49748,1,6
49753,1,5
49758,1,5
49764,2,6
49769,1,5
49774,1,5
49779,1,5
49785,1,6
49790,1,5
49795,1,5
49801,1,6
49806,1,5
49811,1,5
49816,1,5
49822,1,6
49827,1,5
49833,2,6
49838,1,5
49843,1,5
49848,1,5
49854,2,6
49859,1,5
49864,1,5
49869,1,5
49875,1,6
49880,1,5
49885,1,5
49891,1,6
49896,1,5
49901,1,5
49907,1,6
49912,1,5
49917,1,5
49923,2,6
49928,1,5
49933,1,5
49939,2,6
49944,1,5
49949,1,5
49954,1,5
49960,1,6
49965,1,5
49970,1,5
49975,1,5
49981,1,6
49986,1,5
49991,1,5
49997,2,6
50002,1,5
50007,1,5
50012,1,5
50018,1,6
50023,1,5
50028,1,5
50034,2,6
50039,1,5
50044,1,5
50049,1,5
50055,1,6
50060,1,5
50065,1,5
50070,1,5
50076,1,6
50081,1,5
50086,1,5
50091,1,5
50097,1,6
50102,1,5
50108,2,6
50113,1,5
50118,1,5
50123,1,5
50129,2,6
50134,1,5
50139,1,5
50144,1,5
50150,1,6
50155,1,5
50160,1,5
50166,2,6
50171,1,5
50176,1,5
50181,1,5
50187,2,6
50192,1,5
50197,1,5
50202,1,5
50208,1,6
50213,1,5
50218,1,5
50224,2,6
50229,1,5
50234,1,5
50239,1,5
50245,1,6
50250,1,5
50255,1,5
50260,0,5
50266,1,6
50271,1,5
50277,2,6
50282,1,5
50287,1,5
50292,1,5
50298,2,6
50303,1,5
50308,1,5
50313,1,5
50319,2,6
50324,1,5
50329,1,5
50334,1,5
50340,1,6
50345,1,5
50350,1,5
50356,2,6
50361,1,5
50366,1,5
50371,1,5
50377,1,6
50382,1,5
50387,1,5
50393,2,6
50398,1,5
50403,1,5
50408,1,5
50414,1,6
50419,1,5
50424,1,5
50430,2,6
50435,1,5
50440,1,5
50445,1,5
50450,1,5
50456,1,6
50461,1,5
50466,1,5
50472,1,6
50477,1,5
50482,1,5
50488,2,6
50493,1,5
50498,1,5
50503,1,5
50509,1,6
50514,1,5
50519,1,5
50524,1,5
50530,1,6
50535,1,5
50540,1,5
50546,2,6
50551,1,5
50556,1,5
50561,1,5
50566,0,5
50572,1,6
50577,1,5
50582,1,5
50588,1,6
50593,1,5
50598,1,5
50604,2,6
50609,1,5
50614,1,5
50619,1,5
50625,1,6
50630,1,5
50636,1,6
50641,0,5
50647,0,6
50653,1,6
50659,1,6
50665,1,6
50670,1,5
50675,1,5
50680,1,5
50686,1,6
50691,1,5
50696,1,5
50702,2,6
50707,1,5
50712,1,5
50717,1,5
50723,1,6
50728,1,5
50733,1,5
50738,1,5
50744,1,6
50749,1,5
50754,1,5
50760,1,6
50765,1,5
50770,1,5
50776,1,6
50781,1,5
50786,1,5
50792,2,6
50797,1,5
50802,1,5
50807,1,5
50813,1,6
50824,7,11
50828,6,4
50829,2,1
50834,1,5
50839,1,5
50844,1,5
50850,1,6
50855,1,5
50860,1,5
50865,0,5
50871,1,6
50876,1,5
50881,1,5
50886,0,5
50892,1,6
50897,1,5
50902,1,5
50908,1,6
50913,1,5
50918,1,5
50926,3,8
50929,1,3
50934,1,5
50939,1,5
50945,1,6
50950,1,5
50956,2,6
50961,1,5
50966,1,5
50971,1,5
50977,1,6
50982,1,5
50987,1,5
50993,2,6
50998,1,5
51003,1,5
51009,2,6
51014,1,5
51019,1,5
51024,1,5
51030,1,6
51035,1,5
51040,1,5
51045,0,5
51051,1,6
51056,1,5
51062,2,6
51067,1,5
51072,1,5
51077,1,5
51083,1,6
51088,1,5
51093,1,5
51099,1,6
51104,1,5
51109,1,5
51114,1,5
51120,1,6
51125,1,5
51130,1,5
51136,1,6
51141,1,5
51146,1,5
51152,2,6
51157,1,5
51162,1,5
51168,2,6
51173,1,5
51178,1,5
51183,1,5
51189,1,6
51194,1,5
51199,1,5
51204,1,5
51210,1,6
51215,1,5
51220,1,5
51226,1,6
51231,1,5
51236,1,5
51241,1,5
51247,1,6
51252,1,5
51257,1,5
51263,1,6
51268,1,5
51273,1,5
51278,1,5
51284,1,6
51289,1,5
51294,1,5
51300,1,6
51305,1,5
51310,1,5
51316,2,6
51321,1,5
51326,1,5
51331,1,5
51337,1,6
51342,1,5
51347,1,5
51353,1,6
51358,1,5
51363,1,5
51369,2,6
51374,1,5
51380,2,6
51385,1,5
51390,1,5
51396,2,6
51401,1,5
51407,2,6
51411,1,4
51417,1,6
51422,1,5
51427,1,5
51433,1,6
51438,1,5
51443,1,5
51449,2,6
51454,1,5
51459,1,5
51465,2,6
51470,1,5
51475,1,5
51481,2,6
51486,1,5
51491,1,5
51497,2,6
51502,1,5
51507,1,5
51513,2,6
51518,1,5
51523,1,5
51529,2,6
51534,1,5
51539,1,5
51544,1,5
51550,2,6
51555,1,5
51560,1,5
51565,1,5
51571,1,6
51576,1,5
51581,1,5
51587,1,6
51592,1,5
51597,1,5
51603,1,6
51608,1,5
51613,1,5
51619,2,6
51624,1,5
51629,1,5
51635,2,6
51640,1,5
51645,1,5
51650,1,5
51656,1,6
51661,1,5
51666,1,5
51672,1,6
51677,1,5
51682,1,5
51688,2,6
51693,1,5
51698,1,5
51703,1,5
51708,1,5
51714,1,6
51719,1,5
51724,1,5
51730,1,6
51735,1,5
51740,1,5
51748,4,8
51754,1,6
51759,1,5
51764,1,5
51769,1,5
51775,1,6
51780,1,5
51785,1,5
51790,1,5
51796,1,6
51801,1,5
51806,1,5
51812,1,6
51817,1,5
51826,4,9
51829,2,3
51833,1,4
51839,2,6
51844,1,5
51849,1,5
51854,1,5
51860,2,6
51865,1,5
51870,1,5
51875,1,5
51881,1,6
51886,1,5
51891,1,5
51897,1,6
51902,1,5
51907,1,5
51913,1,6
51918,1,5
51923,1,5
51928,1,5
51934,1,6
51939,1,5
51944,1,5
51950,2,6
51955,1,5
51960,1,5
51966,2,6
51971,1,5
51976,1,5
51981,1,5
51987,1,6
51992,1,5
51997,1,5
52003,1,6
52008,1,5
52013,1,5
52019,2,6
52024,1,5
52029,1,5
52034,1,5
52040,1,6
52045,1,5
52050,1,5
52056,2,6
52061,1,5
52066,1,5
52072,2,6
52077,1,5
52082,1,5
52087,1,5
52093,1,6
52098,1,5
52103,1,5
52108,1,5
52114,1,6
52119,1,5
52124,1,5
52130,1,6
52135,1,5
52140,1,5
52145,1,5
52151,1,6
52156,1,5
52161,1,5
52167,1,6
52172,1,5
52177,1,5
52182,1,5
52188,1,6
52193,1,5
52199,2,6
52204,1,5
52209,1,5
52214,1,5
52220,2,6
52225,1,5
52230,1,5
52236,2,6
52241,1,5
52246,1,5
52252,2,6
52257,1,5
52262,1,5
52267,1,5
52273,1,6
52278,1,5
52283,1,5
52289,1,6
52294,1,5
52299,1,5
52305,2,6
52310,1,5
52315,1,5
52320,1,5
52326,1,6
52331,1,5
52336,1,5
52342,2,6
52347,1,5
52352,1,5
52357,1,5
52363,1,6
52368,1,5
52373,1,5
52379,2,6
52384,1,5
52389,1,5
52394,1,5
52400,1,6
52405,1,5
52410,1,5
52415,1,5
52421,1,6
52426,1,5
52431,1,5
52437,1,6
52442,1,5
52447,1,5
52453,1,6
52458,1,5
52463,1,5
52468,0,5
52474,1,6
52479,1,5
52484,1,5
52490,1,6
52495,1,5
52500,1,5
52506,2,6
52511,1,5
52516,1,5
52521,1,5
52527,1,6
52532,1,5
52537,1,5
52543,2,6
52548,1,5
52553,1,5
52559,2,6
52564,1,5
52569,1,5
52574,1,5
52580,2,6
52585,1,5
52590,1,5
52596,2,6
52601,1,5
52606,1,5
52611,1,5
52617,1,6
52622,1,5
52627,1,5
52633,2,6
52638,1,5
52643,1,5
52649,1,6
52654,1,5
52660,2,6
52665,1,5
52670,1,5
52676,2,6
52681,1,5
52686,1,5
52691,1,5
52696,1,5
52702,1,6
52707,1,5
52712,1,5
52718,1,6
52723,1,5
52728,1,5
52733,1,5
52739,1,6
52744,1,5
52749,1,5
52754,1,5
52760,1,6
52765,1,5
52770,1,5
52776,1,6
52781,1,5
52786,1,5
52792,1,6
52797,1,5
52803,2,6
52808,1,5
52813,1,5
52825,8,12
52827,5,2
52829,1,2
52834,1,5
52839,1,5
52845,1,6
52850,1,5
52855,1,5
52860,1,5
52866,1,6
52871,1,5
52876,1,5
52881,1,5
52887,1,6
52892,1,5
52897,1,5
52902,1,5
52908,1,6
52913,1,5
52918,1,5
52924,1,6
52929,1,5
52934,1,5
52939,1,5
52945,1,6
52950,1,5
52955,1,5
52961,2,6
52966,1,5
52971,1,5
52976,1,5
52982,1,6
52987,1,5
52992,1,5
52997,1,5
53003,1,6
53008,1,5
53013,1,5
53019,1,6
53024,1,5
53029,1,5
53035,2,6
53040,1,5
53045,1,5
53050,1,5
53056,1,6
53061,1,5
53066,1,5
53072,1,6
53077,1,5
53082,1,5
53088,1,6
53093,1,5
53098,1,5
53104,2,6
53109,1,5
53114,1,5
53120,2,6
53125,1,5
53130,1,5
53135,1,5
53141,2,6
53146,1,5
53151,1,5
53156,1,5
53162,1,6
53167,1,5
53172,1,5
53177,1,5
53183,1,6
53188,1,5
53193,1,5
53199,2,6
53204,1,5
53209,1,5
53215,2,6
53220,1,5
53225,1,5
53230,1,5
53236,1,6
53241,1,5
53247,2,6
53252,1,5
53257,1,5
53263,2,6
53268,1,5
53273,1,5
53278,1,5
53284,1,6
53289,1,5
53294,1,5
53300,1,6
53305,1,5
53310,1,5
53316,2,6
53321,1,5
53326,1,5
53331,1,5
53337,1,6
53342,1,5
53347,1,5
53353,2,6
53358,1,5
53363,1,5
53368,1,5
53374,1,6
53379,1,5
53384,1,5
53389,1,5
53395,1,6
