time (ms),latency (ms),consume (ms)
0,14,0
0,10,0
0,8,0
2,9,2
2,7,0
2,5,0
2,4,0
3,3,1
4,2,1
6,3,2
7,2,1
8,1,1
10,2,2
11,1,1
13,2,2
14,1,1
16,2,2
17,1,1
19,1,2
21,2,2
22,1,1
24,2,2
25,1,1
27,1,2
29,2,2
30,1,1
32,2,2
33,1,1
35,2,2
37,2,2
38,2,1
40,2,2
42,2,2
44,2,2
45,1,1
47,1,2
49,2,2
50,1,1
52,2,2
54,2,2
55,1,1
57,2,2
58,1,1
60,2,2
61,1,1
63,2,2
64,1,1
68,4,4
70,1,2
72,2,2
73,1,1
75,2,2
76,1,1
78,2,2
80,2,2
81,1,1
84,3,3
86,2,2
88,2,2
90,2,2
92,2,2
94,2,2
96,1,2
99,1,3
100,1,1
102,2,2
103,1,1
105,2,2
106,1,1
108,2,2
109,1,1
111,2,2
114,3,3
115,2,1
117,2,2
119,2,2
120,1,1
121,1,1
123,2,2
126,3,3
127,1,1
130,3,3
133,3,3
137,5,4
139,2,2
140,1,1
142,2,2
143,1,1
145,2,2
146,1,1
148,2,2
149,1,1
151,2,2
152,1,1
154,2,2
155,1,1
157,2,2
158,1,1
160,2,2
161,1,1
163,1,2
165,1,2
167,1,2
169,1,2
171,1,2
173,1,2
175,1,2
177,1,2
180,2,3
181,1,1
184,2,3
186,2,2
187,1,1
189,2,2
190,1,1
192,1,2
194,2,2
195,1,1
197,2,2
198,1,1
200,2,2
201,1,1
203,2,2
205,2,2
206,1,1
208,2,2
209,1,1
211,2,2
213,2,2
215,2,2
216,2,1
218,2,2
219,1,1
221,2,2
222,1,1
224,2,2
225,1,1
227,2,2
228,1,1
230,1,2
231,1,1
233,1,2
235,2,2
236,1,1
238,2,2
239,1,1
241,2,2
242,1,1
243,1,1
245,2,2
246,1,1
247,1,1
249,1,2
250,1,1
252,2,2
253,1,1
254,1,1
256,2,2
257,1,1
259,2,2
260,1,1
261,1,1
263,1,2
264,1,1
266,2,2
267,1,1
268,1,1
270,1,2
271,1,1
273,2,2
276,3,3
278,4,2
279,4,1
279,2,0
280,2,1
281,1,1
283,2,2
284,1,1
285,1,1
287,2,2
288,1,1
289,1,1
291,1,2
292,1,1
294,2,2
295,1,1
296,1,1
298,1,2
300,2,2
301,1,1
302,1,1
304,1,2
305,1,1
307,2,2
308,1,1
310,2,2
311,1,1
312,1,1
314,2,2
315,1,1
317,2,2
318,1,1
319,1,1
321,2,2
322,1,1
323,1,1
325,2,2
326,1,1
327,1,1
329,2,2
330,1,1
331,1,1
333,2,2
334,1,1
335,1,1
337,2,2
338,1,1
351,13,13
351,12,0
351,11,0
351,9,0
351,8,0
351,6,0
351,5,0
351,4,0
351,2,0
353,3,2
354,1,1
356,2,2
357,1,1
359,2,2
360,1,1
361,1,1
363,2,2
364,1,1
366,2,2
367,2,1
369,2,2
369,1,0
371,1,2
373,2,2
374,1,1
376,2,2
377,1,1
379,2,2
380,1,1
382,2,2
383,1,1
385,2,2
386,1,1
388,2,2
389,1,1
390,1,1
392,2,2
394,2,2
395,1,1
396,1,1
398,1,2
399,1,1
401,2,2
402,1,1
404,2,2
405,1,1
406,1,1
408,1,2
410,1,2
412,1,2
414,1,2
416,1,2
418,1,2
420,1,2
422,1,2
424,1,2
426,1,2
429,2,3
430,1,1
432,1,2
434,1,2
436,1,2
438,1,2
440,1,2
442,1,2
444,1,2
446,1,2
448,1,2
450,1,2
452,1,2
454,1,2
458,3,4
458,1,0
459,1,1
461,1,2
463,2,2
464,1,1
465,1,1
467,1,2
468,1,1
470,1,2
471,1,1
473,2,2
474,1,1
476,2,2
477,1,1
478,1,1
480,2,2
481,1,1
483,2,2
484,1,1
486,2,2
487,1,1
488,1,1
490,1,2
491,1,1
493,2,2
494,1,1
496,2,2
497,1,1
499,2,2
500,1,1
502,2,2
503,1,1
504,1,1
506,1,2
507,1,1
509,1,2
510,1,1
512,2,2
513,1,1
514,1,1
516,1,2
517,1,1
519,2,2
520,1,1
521,1,1
523,2,2
524,1,1
526,2,2
527,1,1
528,1,1
530,2,2
531,1,1
532,1,1
534,1,2
535,1,1
537,2,2
538,1,1
539,1,1
541,2,2
542,1,1
543,1,1
545,2,2
546,1,1
547,1,1
549,1,2
550,1,1
551,1,1
553,1,2
554,1,1
556,2,2
557,1,1
558,1,1
560,2,2
561,1,1
562,1,1
564,2,2
565,1,1
566,1,1
568,2,2
569,1,1
570,1,1
572,1,2
573,1,1
574,1,1
576,1,2
578,1,2
580,1,2
582,1,2
584,1,2
587,2,3
589,1,2
591,1,2
594,2,3
596,1,2
610,2,14
611,1,1
613,1,2
614,1,1
616,1,2
617,1,1
619,1,2
620,1,1
622,1,2
623,1,1
625,1,2
627,2,2
628,1,1
630,2,2
631,1,1
633,2,2
634,1,1
635,1,1
637,2,2
638,1,1
639,1,1
640,1,1
642,1,2
643,1,1
644,1,1
646,2,2
647,1,1
648,1,1
649,1,1
651,1,2
652,1,1
653,1,1
655,1,2
656,1,1
657,1,1
659,2,2
660,1,1
661,1,1
663,2,2
664,1,1
665,1,1
667,2,2
668,1,1
669,1,1
671,2,2
672,1,1
673,1,1
675,2,2
676,1,1
677,1,1
679,2,2
680,1,1
681,1,1
683,2,2
684,1,1
685,1,1
687,2,2
688,1,1
689,1,1
690,1,1
692,1,2
693,1,1
695,2,2
696,2,1
697,1,1
698,1,1
700,2,2
701,1,1
702,1,1
703,1,1
705,1,2
706,1,1
707,1,1
709,2,2
710,1,1
711,1,1
713,2,2
714,1,1
715,1,1
716,1,1
718,1,2
719,1,1
720,1,1
722,2,2
723,1,1
724,1,1
726,2,2
727,1,1
728,1,1
731,3,3
732,1,1
733,1,1
735,2,2
736,1,1
737,1,1
738,1,1
740,2,2
741,1,1
742,1,1
744,2,2
745,1,1
746,1,1
748,2,2
749,1,1
750,1,1
751,1,1
753,2,2
754,1,1
755,1,1
758,3,3
758,1,0
759,1,1
761,2,2
762,1,1
763,1,1
765,2,2
766,1,1
767,1,1
769,2,2
770,1,1
771,1,1
772,1,1
774,1,2
775,1,1
777,2,2
778,1,1
779,1,1
780,1,1
782,1,2
783,1,1
785,1,2
786,1,1
788,2,2
789,1,1
791,2,2
792,2,1
793,1,1
794,1,1
796,1,2
797,1,1
798,1,1
800,1,2
801,1,1
802,1,1
804,1,2
805,1,1
806,1,1
808,1,2
809,1,1
810,1,1
812,1,2
813,1,1
814,1,1
816,1,2
817,1,1
818,1,1
820,1,2
821,1,1
822,1,1
824,1,2
825,1,1
827,2,2
830,3,3
831,1,1
833,1,2
834,1,1
835,1,1
837,1,2
838,1,1
839,1,1
841,1,2
842,1,1
843,1,1
845,1,2
846,1,1
848,1,2
849,1,1
851,2,2
852,1,1
853,1,1
855,1,2
856,1,1
858,2,2
859,1,1
860,1,1
862,1,2
863,1,1
864,1,1
866,1,2
867,1,1
869,2,2
870,1,1
871,1,1
873,1,2
874,1,1
876,2,2
877,1,1
878,1,1
880,1,2
881,1,1
882,1,1
884,1,2
885,1,1
886,1,1
888,1,2
889,1,1
890,1,1
893,2,3
894,1,1
895,1,1
897,1,2
898,1,1
899,1,1
901,1,2
902,1,1
904,1,2
905,1,1
906,1,1
908,1,2
909,1,1
910,1,1
912,1,2
913,1,1
915,1,2
916,1,1
917,1,1
919,1,2
920,1,1
922,1,2
923,1,1
924,1,1
926,1,2
927,1,1
929,2,2
930,1,1
931,1,1
933,1,2
934,1,1
935,1,1
937,1,2
941,2,4
942,2,1
944,2,2
945,2,1
946,2,1
947,1,1
948,1,1
950,2,2
951,1,1
952,1,1
954,2,2
955,1,1
956,1,1
959,3,3
959,1,0
960,1,1
961,1,1
964,1,3
966,1,2
968,1,2
970,1,2
972,1,2
974,1,2
976,1,2
978,1,2
980,1,2
982,1,2
985,1,3
987,1,2
989,1,2
991,1,2
993,1,2
995,1,2
997,1,2
999,1,2
1001,1,2
1003,1,2
1005,1,2
1007,1,2
1009,1,2
1011,1,2
1013,1,2
1015,1,2
1017,1,2
1019,1,2
1021,1,2
1023,1,2
1025,1,2
1027,1,2
1028,1,1
1029,1,1
1031,1,2
1032,1,1
1033,1,1
1035,1,2
1036,1,1
1037,1,1
1039,2,2
1040,1,1
1041,1,1
1043,2,2
1044,1,1
1045,1,1
1047,2,2
1048,1,1
1049,1,1
1050,1,1
1052,1,2
1053,1,1
1054,1,1
1056,1,2
1057,1,1
1058,1,1
1060,1,2
1064,4,4
1068,7,4
1068,5,0
1068,4,0
1069,4,1
1072,3,3
1072,1,0
1073,1,1
1076,2,3
1076,1,0
1078,2,2
1079,1,1
1080,1,1
1081,1,1
1083,1,2
1084,1,1
1085,1,1
1087,2,2
1088,1,1
1089,1,1
1091,1,2
1092,1,1
1093,1,1
1094,1,1
1096,1,2
1097,1,1
1098,1,1
1100,1,2
1101,1,1
1102,1,1
1104,1,2
1105,1,1
1106,1,1
1107,1,1
1109,1,2
1110,1,1
1111,1,1
1112,1,1
1114,1,2
1115,1,1
1116,1,1
1118,1,2
1119,1,1
1120,1,1
1121,1,1
1123,1,2
1124,1,1
1125,1,1
1126,1,1
1128,1,2
1129,1,1
1130,1,1
1131,1,1
1133,1,2
1134,1,1
1135,1,1
1136,1,1
1137,0,1
1139,1,2
1140,1,1
1141,1,1
1142,0,1
1144,1,2
1145,1,1
1146,1,1
1148,1,2
1149,1,1
1150,1,1
1151,1,1
1153,1,2
1154,1,1
1155,1,1
1157,2,2
1158,1,1
1159,1,1
1160,1,1
1162,1,2
1163,1,1
1164,1,1
1166,2,2
1167,1,1
1168,1,1
1169,1,1
1171,1,2
1172,1,1
1173,1,1
1175,1,2
1176,1,1
1177,1,1
1179,2,2
1180,1,1
1181,1,1
1182,1,1
1184,1,2
1185,1,1
1186,1,1
1188,1,2
1189,1,1
1190,1,1
1191,1,1
1193,1,2
1194,1,1
1195,1,1
1197,1,2
1198,1,1
1199,1,1
1200,1,1
1202,1,2
1203,1,1
1204,1,1
1206,1,2
1207,1,1
1208,1,1
1209,1,1
1211,1,2
1212,1,1
1213,1,1
1214,1,1
1216,1,2
1217,1,1
1218,1,1
1220,1,2
1221,1,1
1222,1,1
1224,2,2
1225,1,1
1226,1,1
1227,1,1
1229,1,2
1230,1,1
1231,1,1
1232,1,1
1234,1,2
1235,1,1
1238,1,3
1240,1,2
1241,1,1
1242,1,1
1243,1,1
1245,1,2
1246,1,1
1247,1,1
1248,1,1
1249,0,1
1251,1,2
1252,1,1
1253,0,1
1255,1,2
1256,1,1
1258,1,2
1259,1,1
1260,1,1
1262,1,2
1263,1,1
1265,1,2
1266,1,1
1267,1,1
1269,1,2
1270,1,1
1272,1,2
1273,1,1
1274,1,1
1276,1,2
1278,1,2
1280,1,2
1281,1,1
1283,1,2
1284,1,1
1286,2,2
1287,1,1
1288,1,1
1290,1,2
1291,1,1
1292,1,1
1294,1,2
1295,1,1
1296,1,1
1298,1,2
1299,1,1
1300,1,1
1302,1,2
1303,1,1
1305,2,2
1306,1,1
1307,1,1
1308,1,1
1310,1,2
1311,1,1
1313,1,2
1314,1,1
1315,1,1
1317,1,2
1318,1,1
1320,1,2
1322,1,2
1323,1,1
1325,2,2
1326,1,1
1327,1,1
1328,1,1
1330,1,2
1331,1,1
1332,1,1
1334,1,2
1335,1,1
1336,1,1
1339,3,3
1339,1,0
1340,1,1
1342,1,2
1344,1,2
1346,1,2
1348,2,2
1350,1,2
1351,1,1
1353,1,2
1355,1,2
1356,1,1
1357,1,1
1359,1,2
1360,1,1
1361,1,1
1363,1,2
1364,1,1
1365,1,1
1367,1,2
1368,1,1
1369,1,1
1371,1,2
1372,1,1
1373,1,1
1374,1,1
1376,1,2
1377,1,1
1378,1,1
1380,1,2
1381,1,1
1383,1,2
1385,1,2
1387,1,2
1389,1,2
1391,1,2
1393,1,2
1395,1,2
1397,1,2
1399,1,2
1400,1,1
1402,1,2
1404,1,2
1406,1,2
1408,1,2
1410,1,2
1412,1,2
1413,1,1
1415,1,2
1416,1,1
1417,1,1
1418,1,1
1420,1,2
1421,1,1
1422,1,1
1424,1,2
1425,1,1
1426,1,1
1428,1,2
1429,1,1
1430,1,1
1431,1,1
1433,1,2
1434,1,1
1435,1,1
1437,1,2
1438,1,1
1439,1,1
1441,2,2
1442,1,1
1443,1,1
1444,1,1
1446,1,2
1447,1,1
1448,1,1
1449,1,1
1451,1,2
1452,1,1
1453,1,1
1455,1,2
1456,1,1
1457,1,1
1459,2,2
1460,1,1
1461,1,1
1463,1,2
1464,1,1
1465,1,1
1467,1,2
1468,1,1
1469,1,1
1470,1,1
1472,1,2
1473,1,1
1474,1,1
1476,1,2
1477,1,1
1478,1,1
1480,2,2
1481,1,1
1482,1,1
1483,1,1
1485,1,2
1486,1,1
1487,1,1
1492,1,5
1494,1,2
1495,1,1
1497,1,2
1498,1,1
1499,1,1
1500,1,1
1502,1,2
1503,1,1
1504,1,1
1506,1,2
1507,1,1
1508,1,1
1510,1,2
1511,1,1
1513,2,2
1514,1,1
1515,1,1
1516,1,1
1518,1,2
1520,1,2
1522,1,2
1524,1,2
1526,1,2
1528,1,2
1529,1,1
1531,1,2
1532,1,1
1533,1,1
1535,1,2
1537,1,2
1539,1,2
1541,1,2
1543,1,2
1544,1,1
1546,2,2
1547,1,1
1548,1,1
1549,1,1
1551,2,2
1552,1,1
1553,1,1
1554,1,1
1556,1,2
1557,1,1
1559,2,2
1564,5,5
1564,4,0
1564,3,0
1565,3,1
1565,1,0
1566,1,1
1567,1,1
1569,1,2
1570,0,1
1572,1,2
1573,1,1
1574,1,1
1575,1,1
1577,1,2
1578,1,1
1579,1,1
1581,1,2
1583,1,2
1585,1,2
1586,1,1
1588,1,2
1590,1,2
1592,1,2
1594,1,2
1595,1,1
1597,1,2
1599,1,2
1601,1,2
1603,1,2
1605,1,2
1607,1,2
1609,1,2
1612,2,3
1612,1,0
1614,1,2
1615,1,1
1617,2,2
1618,1,1
1619,1,1
1620,1,1
1622,1,2
1623,1,1
1624,1,1
1626,1,2
1627,1,1
1628,1,1
1630,2,2
1631,1,1
1632,1,1
1634,2,2
1635,1,1
1636,1,1
1638,2,2
1639,1,1
1640,1,1
1641,1,1
1643,1,2
1644,1,1
1645,1,1
1647,1,2
1648,1,1
1650,2,2
1651,1,1
1652,1,1
1653,1,1
1655,1,2
1656,1,1
1659,3,3
1659,1,0
1660,1,1
1661,1,1
1663,1,2
1664,1,1
1665,1,1
1667,1,2
1668,1,1
1669,1,1
1671,2,2
1672,1,1
1673,1,1
1675,2,2
1676,1,1
1677,1,1
1679,2,2
1680,1,1
1681,1,1
1682,1,1
1684,1,2
1685,1,1
1686,1,1
1688,1,2
1689,1,1
1690,1,1
1692,1,2
1693,1,1
1694,1,1
1696,1,2
1697,1,1
1698,1,1
1700,1,2
1701,1,1
1703,2,2
1705,2,2
1707,1,2
1709,1,2
1711,1,2
1713,1,2
1715,1,2
1717,1,2
1719,1,2
1721,1,2
1723,1,2
1725,1,2
1727,1,2
1729,1,2
1731,1,2
1733,1,2
1735,1,2
1737,1,2
1739,1,2
1741,1,2
1743,1,2
1745,1,2
1747,1,2
1749,1,2
1751,1,2
1753,1,2
1755,1,2
1757,1,2
1759,1,2
1761,1,2
1763,1,2
1764,1,1
1765,1,1
1767,2,2
1768,1,1
1769,1,1
1770,1,1
1772,1,2
1773,1,1
1774,1,1
1776,1,2
1779,3,3
1779,2,0
1780,1,1
1781,1,1
1782,1,1
1783,1,1
1785,1,2
1786,1,1
1787,1,1
1789,1,2
1790,1,1
1791,1,1
1792,1,1
1794,1,2
1795,1,1
1796,1,1
1797,1,1
1799,1,2
1800,1,1
1801,1,1
1803,1,2
1804,1,1
1805,1,1
1807,1,2
1808,1,1
1810,2,2
1811,1,1
1812,1,1
1813,1,1
1815,1,2
1816,1,1
1817,1,1
1819,2,2
1820,1,1
1821,1,1
1823,2,2
1825,2,2
1825,1,0
1826,1,1
1828,2,2
1829,1,1
1830,1,1
1831,1,1
1833,1,2
1834,1,1
1835,1,1
1836,1,1
1838,1,2
1839,1,1
1840,1,1
1842,1,2
1843,1,1
1844,1,1
1846,1,2
1847,1,1
1848,1,1
1849,1,1
1851,1,2
1852,1,1
1853,1,1
1855,1,2
1856,1,1
1857,1,1
1859,2,2
1860,1,1
1861,1,1
1862,1,1
1864,1,2
1865,1,1
1866,1,1
1868,1,2
1869,1,1
1870,1,1
1872,1,2
1873,1,1
1874,1,1
1876,2,2
1877,1,1
1878,1,1
1880,2,2
1881,1,1
1882,1,1
1883,1,1
1885,1,2
1886,1,1
1887,1,1
1889,2,2
1890,1,1
1891,1,1
1893,1,2
1895,2,2
1895,1,0
1896,1,1
1898,1,2
1899,1,1
1901,2,2
1902,1,1
1903,1,1
1905,1,2
1906,1,1
1907,1,1
1909,1,2
1910,1,1
1912,1,2
1913,1,1
1914,1,1
1916,1,2
1917,1,1
1919,2,2
1920,1,1
1921,1,1
1923,2,2
1924,1,1
1925,1,1
1927,2,2
1928,1,1
1929,1,1
1930,1,1
1932,1,2
1933,1,1
1934,1,1
1936,1,2
1938,1,2
1940,1,2
1942,1,2
1944,1,2
1945,1,1
1947,1,2
1948,1,1
1949,1,1
1950,0,1
1953,2,3
1953,1,0
1955,1,2
1959,4,4
1959,3,0
1959,2,0
1963,4,4
1963,3,0
1964,3,1
1967,4,3
1967,3,0
1967,2,0
1973,6,6
1974,6,1
1974,4,0
1974,3,0
1974,2,0
1977,3,3
1977,2,0
1979,3,2
1979,1,0
1981,2,2
1982,1,1
1983,1,1
1985,1,2
1986,1,1
1987,1,1
1989,1,2
1990,1,1
1992,2,2
1993,1,1
1994,1,1
1995,1,1
1997,2,2
1998,1,1
1999,1,1
2001,2,2
2002,1,1
2003,1,1
2004,1,1
2006,1,2
2007,1,1
2008,1,1
2010,2,2
2011,1,1
2012,1,1
2013,1,1
2015,1,2
2016,1,1
2017,1,1
2019,1,2
2020,1,1
2021,1,1
2022,1,1
2024,1,2
2025,1,1
2027,2,2
2028,1,1
2029,1,1
2030,1,1
2032,1,2
2033,1,1
2034,1,1
2035,1,1
2037,1,2
2038,1,1
2039,1,1
2041,1,2
2042,1,1
2043,1,1
2045,2,2
2046,1,1
2047,1,1
2048,1,1
2050,1,2
2051,1,1
2052,1,1
2054,1,2
2055,1,1
2056,1,1
2058,1,2
2059,1,1
2060,1,1
2062,2,2
2063,1,1
2073,10,10
2073,9,0
2073,7,0
2074,7,1
2074,6,0
2074,4,0
2074,3,0
2075,3,1
2076,2,1
2077,2,1
2077,1,0
2079,2,2
2080,1,1
2081,1,1
2082,0,1
2084,1,2
2085,1,1
2086,1,1
2088,1,2
2089,1,1
2090,1,1
2092,1,2
2093,1,1
2094,1,1
2095,1,1
2097,1,2
2098,1,1
2099,1,1
2101,2,2
2102,1,1
2103,1,1
2104,1,1
2105,0,1
2107,1,2
2108,1,1
2110,2,2
2111,1,1
2112,1,1
2113,1,1
2115,1,2
2116,1,1
2117,1,1
2118,1,1
2120,1,2
2121,1,1
2122,1,1
2124,1,2
2125,1,1
2126,1,1
2127,1,1
2129,1,2
2130,1,1
2131,1,1
2132,1,1
2134,1,2
2135,1,1
2136,1,1
2137,1,1
2139,1,2
2140,1,1
2141,1,1
2143,1,2
2144,1,1
2145,1,1
2147,2,2
2148,1,1
2149,1,1
2150,1,1
2152,2,2
2153,1,1
2154,1,1
2155,1,1
2157,1,2
2158,1,1
2159,1,1
2160,1,1
2162,1,2
2163,1,1
2164,1,1
2165,1,1
2167,1,2
2168,1,1
2169,1,1
2171,1,2
2172,1,1
2173,1,1
2175,2,2
2176,1,1
2177,1,1
2178,1,1
2180,1,2
2181,1,1
2182,1,1
2184,2,2
2185,1,1
2186,1,1
2187,1,1
2189,1,2
2190,1,1
2191,1,1
2192,1,1
2194,1,2
2195,1,1
2196,1,1
2197,1,1
2199,1,2
2200,1,1
2201,1,1
2203,1,2
2204,1,1
2205,1,1
2207,2,2
2208,1,1
2209,1,1
2210,1,1
2212,1,2
2213,1,1
2214,1,1
2216,2,2
2217,1,1
2218,1,1
2220,2,2
2221,1,1
2222,1,1
2224,2,2
2225,1,1
2226,1,1
2227,1,1
2229,1,2
2230,1,1
2231,1,1
2233,2,2
2234,1,1
2235,1,1
2236,1,1
2238,2,2
2239,1,1
2240,1,1
2241,1,1
2243,1,2
2244,1,1
2245,1,1
2247,1,2
2248,1,1
2249,1,1
2250,1,1
2252,1,2
2253,1,1
2254,1,1
2256,1,2
2257,1,1
2258,1,1
2260,2,2
2261,1,1
2262,1,1
2263,1,1
2265,1,2
2266,1,1
2267,1,1
2268,1,1
2270,1,2
2271,1,1
2272,1,1
2274,1,2
2275,1,1
2277,1,2
2279,1,2
2280,1,1
2281,1,1
2283,2,2
2284,1,1
2285,1,1
2286,1,1
2288,1,2
2289,1,1
2290,1,1
2292,1,2
2293,1,1
2294,1,1
2296,1,2
2297,1,1
2298,1,1
2300,1,2
2301,1,1
2302,1,1
2304,1,2
2305,1,1
2306,1,1
2308,1,2
2309,1,1
2310,1,1
2312,2,2
2313,1,1
2314,1,1
2315,1,1
2317,1,2
2318,1,1
2319,1,1
2320,1,1
2322,1,2
2323,1,1
2324,1,1
2325,1,1
2326,0,1
2328,1,2
2329,1,1
2330,1,1
2332,1,2
2333,1,1
2334,1,1
2336,1,2
2337,1,1
2338,1,1
2339,1,1
2341,1,2
2342,1,1
2343,1,1
2344,1,1
2346,1,2
2347,1,1
2348,1,1
2350,1,2
2351,1,1
2352,1,1
2353,1,1
2355,1,2
2357,1,2
2358,1,1
2359,1,1
2361,1,2
2362,1,1
2363,1,1
2365,1,2
2367,1,2
2369,1,2
2371,1,2
2372,1,1
2373,1,1
2374,1,1
2376,1,2
2377,1,1
2379,2,2
2380,1,1
2381,1,1
2382,1,1
2383,1,1
2385,1,2
2386,1,1
2387,1,1
2388,1,1
2390,1,2
2391,1,1
2392,0,1
2394,1,2
2395,1,1
2397,1,2
2398,1,1
2399,1,1
2401,1,2
2402,1,1
2404,2,2
2405,1,1
2406,1,1
2408,1,2
2409,1,1
2410,1,1
2412,1,2
2413,1,1
2414,1,1
2416,1,2
2417,1,1
2419,2,2
2420,1,1
2421,1,1
2423,1,2
2424,1,1
2425,1,1
2427,1,2
2428,1,1
2430,2,2
2431,1,1
2432,1,1
2434,1,2
2435,1,1
2436,1,1
2438,1,2
2439,1,1
2440,1,1
2442,1,2
2443,1,1
2444,1,1
2446,1,2
2447,1,1
2449,2,2
2450,1,1
2451,1,1
2453,2,2
2454,1,1
2455,1,1
2457,1,2
2458,1,1
2459,1,1
2461,1,2
2462,1,1
2463,1,1
2464,1,1
2466,1,2
2467,1,1
2468,1,1
2470,1,2
2472,2,2
2473,1,1
2474,1,1
2476,1,2
2477,1,1
2478,1,1
2480,2,2
2481,1,1
2482,1,1
2484,2,2
2485,1,1
2486,1,1
2487,1,1
2489,1,2
2490,1,1
2491,1,1
2493,2,2
2494,1,1
2495,1,1
2497,2,2
2498,1,1
2499,1,1
2500,1,1
2502,1,2
2503,1,1
2504,1,1
2505,0,1
2507,1,2
2508,1,1
2510,1,2
2511,1,1
2512,1,1
2516,1,4
2518,2,2
2519,1,1
2520,1,1
2521,1,1
2523,1,2
2524,1,1
2525,1,1
2526,1,1
2528,1,2
2529,1,1
2531,2,2
2532,1,1
2533,1,1
2534,1,1
2536,1,2
2537,1,1
2538,1,1
2539,1,1
2541,1,2
2542,1,1
2543,1,1
2545,1,2
2546,1,1
2547,1,1
2548,1,1
2550,1,2
2551,1,1
2552,1,1
2554,2,2
2555,1,1
2556,1,1
2560,4,4
2561,1,1
2563,1,2
2564,1,1
2567,1,3
2568,1,1
2572,1,4
2574,2,2
2575,1,1
2576,1,1
2577,1,1
2579,1,2
2580,1,1
2582,1,2
2583,1,1
2585,2,2
2586,1,1
2587,1,1
2588,1,1
2590,1,2
2591,1,1
2592,1,1
2594,1,2
2595,1,1
2596,1,1
2598,1,2
2599,1,1
2600,1,1
2602,1,2
2603,1,1
2604,1,1
2606,1,2
2607,1,1
2608,1,1
2610,1,2
2611,1,1
2613,2,2
2614,1,1
2615,1,1
2617,1,2
2618,1,1
2620,2,2
2621,1,1
2622,1,1
2623,1,1
2625,1,2
2626,1,1
2628,1,2
2630,2,2
2633,3,3
2633,2,0
2633,1,0
2634,0,1
2636,1,2
2640,4,4
2640,2,0
2640,1,0
2641,1,1
2642,0,1
2644,1,2
2645,1,1
2646,1,1
2648,1,2
2649,1,1
2650,1,1
2651,1,1
2653,2,2
2654,1,1
2655,1,1
2656,1,1
2657,0,1
2659,1,2
2660,1,1
2661,1,1
2662,0,1
2664,1,2
2665,1,1
2666,1,1
2668,1,2
2669,1,1
2670,1,1
2672,2,2
2673,1,1
2674,1,1
2676,2,2
2677,1,1
2678,1,1
2679,1,1
2681,1,2
2682,1,1
2683,1,1
2685,2,2
2686,1,1
2687,1,1
2688,1,1
2690,1,2
2691,1,1
2692,1,1
2694,1,2
2695,1,1
2696,1,1
2698,2,2
2699,1,1
2700,1,1
2702,2,2
2703,1,1
2704,1,1
2705,1,1
2707,2,2
2708,1,1
2709,1,1
2710,1,1
2712,1,2
2713,1,1
2714,1,1
2715,1,1
2717,1,2
2718,1,1
2719,1,1
2720,1,1
2722,1,2
2723,1,1
2724,1,1
2726,1,2
2727,1,1
2728,1,1
2729,1,1
2731,1,2
2732,1,1
2733,1,1
2734,1,1
2736,1,2
2737,1,1
2738,1,1
2739,0,1
2741,1,2
2742,1,1
2743,1,1
2745,1,2
2746,1,1
2747,1,1
2748,1,1
2750,1,2
2751,1,1
2752,1,1
2754,2,2
2755,1,1
2756,1,1
2758,2,2
2760,2,2
2760,1,0
2761,1,1
2763,2,2
2764,1,1
2765,1,1
2766,1,1
2768,2,2
2769,1,1
2770,1,1
2771,1,1
2772,1,1
2774,1,2
2780,6,6
2780,5,0
2783,6,3
2783,5,0
2783,4,0
2783,3,0
2783,1,0
2784,1,1
2785,1,1
2787,1,2
2788,1,1
2789,1,1
2790,0,1
2792,1,2
2793,1,1
2795,2,2
2796,1,1
2797,1,1
2798,1,1
2800,2,2
2801,1,1
2802,1,1
2803,1,1
2805,2,2
2806,1,1
2807,1,1
2808,1,1
2810,1,2
2811,1,1
2812,1,1
2813,1,1
2815,1,2
2816,1,1
2817,1,1
2819,2,2
2820,1,1
2821,1,1
2823,2,2
2824,1,1
2825,1,1
2826,1,1
2828,2,2
2829,1,1
2830,1,1
2831,1,1
2833,2,2
2834,1,1
2835,1,1
2836,1,1
2838,2,2
2839,1,1
2840,1,1
2841,1,1
2843,1,2
2844,1,1
2846,2,2
2847,1,1
2848,1,1
2850,2,2
2851,1,1
2852,1,1
2853,1,1
2855,1,2
2856,1,1
2858,2,2
2859,1,1
2860,1,1
2861,1,1
2863,2,2
2864,1,1
2865,1,1
2866,1,1
2868,1,2
2869,1,1
2870,1,1
2872,2,2
2873,1,1
2874,1,1
2875,1,1
2877,2,2
2878,1,1
2879,1,1
2880,1,1
2882,1,2
2883,1,1
2884,1,1
2885,1,1
2887,1,2
2888,1,1
2889,1,1
2891,2,2
2892,1,1
2896,3,4
2897,3,1
2897,2,0
2898,1,1
2899,1,1
2900,1,1
2901,1,1
2903,1,2
2904,1,1
2905,1,1
2907,1,2
2908,1,1
2909,1,1
2911,1,2
2912,1,1
2913,1,1
2915,2,2
2916,1,1
2917,1,1
2919,2,2
2920,1,1
2921,1,1
2923,2,2
2924,1,1
2925,1,1
2927,1,2
2928,1,1
2929,1,1
2930,1,1
2932,1,2
2933,1,1
2935,2,2
2936,1,1
2937,1,1
2939,2,2
2940,1,1
2941,1,1
2942,1,1
2944,2,2
2945,1,1
2946,1,1
2947,1,1
2949,1,2
2950,1,1
2951,1,1
2952,1,1
2954,1,2
2955,1,1
2956,1,1
2958,1,2
2959,1,1
2960,1,1
2962,1,2
2963,1,1
2965,2,2
2966,1,1
2967,1,1
2968,1,1
2970,2,2
2971,1,1
2972,1,1
2973,1,1
2975,1,2
2976,1,1
2977,1,1
2978,0,1
2980,1,2
2981,1,1
2983,1,2
2984,1,1
2985,1,1
2986,1,1
2988,1,2
2989,1,1
2991,2,2
2992,1,1
2993,1,1
2994,1,1
2996,2,2
2997,1,1
2998,1,1
3000,2,2
3001,1,1
3002,1,1
3003,1,1
3005,2,2
3006,1,1
3007,1,1
3008,1,1
3010,2,2
3011,1,1
3016,5,5
3017,1,1
3019,1,2
3020,1,1
3021,1,1
3023,1,2
3024,1,1
3025,1,1
3026,1,1
3028,1,2
3029,1,1
3030,1,1
3032,1,2
3033,1,1
3034,1,1
3036,2,2
3037,1,1
3038,1,1
3040,2,2
3041,1,1
3042,1,1
3043,1,1
3045,1,2
3046,1,1
3047,1,1
3049,1,2
3050,1,1
3051,1,1
3053,2,2
3054,1,1
3055,1,1
3057,2,2
3058,1,1
3059,1,1
3061,2,2
3062,1,1
3063,1,1
3064,1,1
3066,1,2
3067,1,1
3069,2,2
3070,1,1
3071,1,1
3073,2,2
3074,1,1
3075,1,1
3077,2,2
3078,2,1
3079,1,1
3080,1,1
3082,2,2
3083,1,1
3084,1,1
3086,2,2
3087,1,1
3088,1,1
3090,2,2
3091,1,1
3092,1,1
3094,2,2
3095,1,1
3096,1,1
3097,1,1
3099,1,2
3100,1,1
3101,1,1
3103,1,2
3104,1,1
3105,1,1
3107,2,2
3108,1,1
3109,1,1
3111,2,2
3112,1,1
3113,1,1
3114,1,1
3116,1,2
3117,1,1
3118,1,1
3120,2,2
3121,1,1
3122,1,1
3124,2,2
3125,1,1
3126,1,1
3127,1,1
3129,1,2
3130,1,1
3131,1,1
3133,2,2
3134,1,1
3135,1,1
3137,2,2
3138,1,1
3139,1,1
3140,1,1
3142,2,2
3143,1,1
3144,1,1
3146,2,2
3147,1,1
3148,1,1
3149,1,1
3150,1,1
3152,1,2
3153,1,1
3154,1,1
3156,2,2
3157,1,1
3158,1,1
3160,2,2
3161,1,1
3162,1,1
3164,2,2
3165,1,1
3166,1,1
3168,2,2
3169,1,1
3170,1,1
3171,1,1
3173,1,2
3174,1,1
3175,1,1
3177,2,2
3178,1,1
3179,1,1
3180,1,1
3182,2,2
3183,1,1
3184,1,1
3186,2,2
3187,1,1
3188,1,1
3189,1,1
3191,1,2
3192,1,1
3193,1,1
3194,1,1
3196,1,2
3197,1,1
3198,1,1
3199,1,1
3201,1,2
3202,1,1
3203,1,1
3204,1,1
3205,1,1
3207,1,2
3208,1,1
3209,1,1
3210,1,1
3212,1,2
3213,1,1
3214,1,1
3215,1,1
3216,1,1
3218,1,2
3219,1,1
3220,1,1
3221,1,1
3222,0,1
3224,1,2
3225,1,1
3226,1,1
3228,2,2
3229,1,1
3230,1,1
3231,1,1
3233,2,2
3234,1,1
3235,1,1
3237,2,2
3238,1,1
3239,1,1
3240,1,1
3242,1,2
3243,1,1
3244,1,1
3245,1,1
3247,1,2
3248,1,1
3249,1,1
3251,2,2
3252,1,1
3253,1,1
3254,1,1
3256,1,2
3257,1,1
3258,1,1
3260,1,2
3261,1,1
3262,1,1
3264,2,2
3265,1,1
3266,1,1
3268,2,2
3269,1,1
3270,1,1
3271,1,1
3273,2,2
3274,1,1
3275,1,1
3276,1,1
3278,2,2
3279,1,1
3280,1,1
3282,2,2
3283,1,1
3284,1,1
3286,2,2
3287,1,1
3288,1,1
3289,1,1
3291,2,2
3292,1,1
3293,1,1
3295,2,2
3296,1,1
3297,1,1
3298,1,1
3300,2,2
3301,1,1
3302,1,1
3304,2,2
3305,1,1
3306,1,1
3307,1,1
3309,1,2
3310,1,1
3311,1,1
3312,1,1
3314,1,2
3315,1,1
3316,1,1
3318,2,2
3319,1,1
3320,1,1
3321,1,1
3323,1,2
3324,1,1
3325,1,1
3327,1,2
3328,1,1
3329,1,1
3331,2,2
3332,1,1
3333,1,1
3334,1,1
3336,1,2
3337,1,1
3338,1,1
3340,2,2
3341,1,1
3342,1,1
3343,1,1
3345,2,2
3346,1,1
3347,1,1
3348,1,1
3350,1,2
3351,1,1
3352,1,1
3354,2,2
3355,1,1
3356,1,1
3358,2,2
3359,1,1
3360,1,1
3361,1,1
3363,2,2
3364,1,1
3365,1,1
3366,1,1
3368,1,2
3369,1,1
3370,1,1
3372,2,2
3373,1,1
3374,1,1
3375,1,1
3377,2,2
3378,1,1
3379,1,1
3380,1,1
3382,2,2
3383,1,1
3384,1,1
3385,1,1
3387,1,2
3388,1,1
3389,1,1
3390,1,1
3392,1,2
3393,1,1
3394,1,1
3396,2,2
3397,1,1
3398,1,1
3399,1,1
3401,2,2
3402,1,1
3403,1,1
3404,1,1
3405,1,1
3407,1,2
3408,1,1
3409,1,1
3410,1,1
3412,1,2
3413,1,1
3414,1,1
3416,2,2
3417,1,1
3418,1,1
3419,1,1
3421,2,2
3422,1,1
3423,1,1
3424,1,1
3425,1,1
3427,1,2
3428,1,1
3429,1,1
3430,1,1
3432,1,2
3433,1,1
3434,1,1
3436,2,2
3437,1,1
3438,1,1
3439,1,1
3441,2,2
3442,1,1
3443,1,1
3444,1,1
3445,1,1
3447,1,2
3448,1,1
3449,1,1
3451,2,2
3452,1,1
3453,1,1
3454,1,1
3456,2,2
3457,1,1
3458,1,1
3459,1,1
3461,1,2
3462,1,1
3463,1,1
3465,2,2
3466,1,1
3467,1,1
3468,1,1
3470,1,2
3471,1,1
3473,2,2
3474,1,1
3475,1,1
3477,2,2
3478,1,1
3479,1,1
3481,2,2
3482,1,1
3483,1,1
3485,2,2
3486,1,1
3487,1,1
3489,2,2
3490,1,1
3491,1,1
3492,1,1
3494,2,2
3495,1,1
3497,1,2
3499,2,2
3500,1,1
3502,1,2
3504,1,2
3506,1,2
3508,1,2
3510,1,2
3511,1,1
3513,2,2
3514,1,1
3515,1,1
3516,1,1
3518,2,2
3519,1,1
3520,1,1
3521,1,1
3523,1,2
3524,1,1
3525,1,1
3526,1,1
3528,1,2
3529,1,1
3530,1,1
3532,2,2
3533,1,1
3534,1,1
3535,1,1
3536,1,1
3538,1,2
3539,1,1
3540,1,1
3541,0,1
3543,1,2
3545,2,2
3545,1,0
3548,2,3
3548,1,0
3549,1,1
3551,1,2
3552,1,1
3553,1,1
3555,1,2
3556,1,1
3557,1,1
3559,1,2
3560,1,1
3562,1,2
3563,1,1
3564,1,1
3566,1,2
3567,1,1
3568,1,1
3572,4,4
3572,2,0
3572,1,0
3574,1,2
3575,1,1
3576,1,1
3578,1,2
3579,1,1
3580,1,1
3582,1,2
3583,1,1
3584,1,1
3585,1,1
3587,1,2
3588,1,1
3589,1,1
3590,0,1
3592,1,2
3593,1,1
3594,1,1
3596,1,2
3597,1,1
3599,2,2
3600,1,1
3601,1,1
3603,2,2
3604,1,1
3605,1,1
3606,1,1
3608,1,2
3609,1,1
3611,2,2
3612,1,1
3613,1,1
3614,1,1
3616,2,2
3617,1,1
3618,1,1
3619,1,1
3621,1,2
3622,1,1
3624,2,2
3625,2,1
3626,1,1
3627,1,1
3629,2,2
3630,1,1
3631,1,1
3632,1,1
3635,3,3
3635,1,0
3636,1,1
3637,1,1
3639,1,2
3640,1,1
3641,1,1
3643,1,2
3644,1,1
3645,1,1
3646,1,1
3648,1,2
3649,1,1
3650,1,1
3652,1,2
3653,1,1
3655,2,2
3656,1,1
3657,1,1
3658,1,1
3660,1,2
3661,1,1
3663,2,2
3664,1,1
3665,1,1
3666,1,1
3668,1,2
3669,1,1
3670,1,1
3672,2,2
3673,1,1
3674,1,1
3676,2,2
3677,1,1
3678,1,1
3680,2,2
3681,1,1
3682,1,1
3684,2,2
3685,1,1
3686,1,1
3687,1,1
3689,1,2
3690,1,1
3691,1,1
3693,2,2
3694,1,1
3695,1,1
3697,2,2
3700,3,3
3700,2,0
3701,2,1
3702,1,1
3703,1,1
3705,1,2
3707,2,2
3707,1,0
3712,5,5
3712,3,0
3712,2,0
3712,1,0
3714,1,2
3715,1,1
3720,5,5
3720,4,0
3720,2,0
3720,1,0
3722,2,2
3723,1,1
3724,1,1
3725,1,1
3726,1,1
3728,1,2
3729,1,1
3731,2,2
3733,2,2
3733,1,0
3737,4,4
3737,3,0
3737,1,0
3738,1,1
3740,1,2
3741,1,1
3742,1,1
3744,1,2
3745,1,1
3746,1,1
3748,1,2
3749,1,1
3750,1,1
3751,1,1
3753,1,2
3754,1,1
3755,1,1
3757,1,2
3758,1,1
3759,1,1
3761,1,2
3762,1,1
3763,1,1
3765,2,2
3766,1,1
3767,1,1
3768,1,1
3770,1,2
3771,1,1
3772,1,1
3774,2,2
3775,1,1
3776,1,1
3777,1,1
3779,1,2
3780,1,1
3781,1,1
3783,1,2
3784,1,1
3785,1,1
3787,1,2
3788,1,1
3789,1,1
3790,1,1
3792,1,2
3793,1,1
3795,2,2
3796,1,1
3797,1,1
3798,1,1
3800,1,2
3801,1,1
3802,1,1
3804,2,2
3805,1,1
3807,2,2
3808,1,1
3809,1,1
3810,1,1
3811,1,1
3813,1,2
3814,1,1
3815,1,1
3817,1,2
3818,1,1
3820,2,2
3821,1,1
3823,2,2
3824,1,1
3825,1,1
3827,2,2
3828,1,1
3829,1,1
3831,2,2
3832,1,1
3834,2,2
3835,1,1
3837,2,2
3838,1,1
3839,1,1
3840,1,1
3841,1,1
3842,0,1
3844,1,2
3845,1,1
3856,11,11
3856,9,0
3856,8,0
3856,7,0
3856,5,0
3857,5,1
3857,4,0
3858,1,1
3859,1,1
3861,1,2
3862,1,1
3863,1,1
3865,2,2
3866,1,1
3867,1,1
3869,2,2
3870,1,1
3871,1,1
3872,1,1
3874,1,2
3875,1,1
3877,2,2
3878,1,1
3879,1,1
3880,1,1
3882,1,2
3883,1,1
3884,1,1
3886,1,2
3888,2,2
3889,1,1
3890,1,1
3892,2,2
3893,1,1
3894,1,1
3895,1,1
3897,1,2
3898,1,1
3899,1,1
3901,1,2
3902,1,1
3903,1,1
3905,1,2
3906,1,1
3907,1,1
3909,2,2
3915,4,6
3915,3,0
3916,2,1
3917,2,1
3919,3,2
3919,1,0
3920,1,1
3921,1,1
3922,1,1
3923,0,1
3925,1,2
3926,1,1
3927,1,1
3928,0,1
3930,1,2
3931,1,1
3932,1,1
3933,0,1
3935,1,2
3936,1,1
3937,1,1
3938,1,1
3940,1,2
3941,1,1
3942,1,1
3944,1,2
3945,1,1
3946,1,1
3948,2,2
3949,1,1
3950,1,1
3951,1,1
3953,1,2
3954,1,1
3957,3,3
3958,3,1
3958,1,0
3959,1,1
3960,1,1
3962,1,2
3963,1,1
3964,0,1
3966,1,2
3967,1,1
3968,0,1
3970,1,2
3971,1,1
3973,1,2
3974,1,1
3975,1,1
3977,1,2
3978,1,1
3981,3,3
3981,1,0
3982,1,1
3984,1,2
3985,1,1
3986,1,1
3987,0,1
3989,1,2
3990,1,1
3991,0,1
3993,1,2
3994,1,1
3996,2,2
3997,1,1
3998,1,1
3999,1,1
4001,1,2
4002,1,1
4003,1,1
4005,1,2
4006,1,1
4007,1,1
4009,1,2
4010,1,1
4011,1,1
4012,0,1
4014,1,2
4015,1,1
4017,1,2
4018,1,1
4019,1,1
4020,0,1
4022,1,2
4023,1,1
4024,0,1
4026,1,2
4027,1,1
4028,0,1
4030,1,2
4031,1,1
4032,0,1
4034,1,2
4035,1,1
4037,1,2
4038,1,1
4039,1,1
4040,0,1
4042,1,2
4043,1,1
4044,0,1
4046,1,2
4047,1,1
4048,0,1
4050,1,2
4051,1,1
4052,0,1
4054,1,2
4055,1,1
4057,1,2
4058,1,1
4059,1,1
4060,0,1
4062,1,2
4063,1,1
4064,0,1
4066,1,2
4067,1,1
4068,0,1
4070,1,2
4071,1,1
4072,0,1
4074,1,2
4075,1,1
4077,1,2
4078,1,1
4079,1,1
4080,0,1
4082,1,2
4083,1,1
4085,1,2
4086,1,1
4087,1,1
4089,1,2
4090,1,1
4091,1,1
4093,1,2
4094,1,1
4095,1,1
4097,1,2
4098,1,1
4099,1,1
4101,1,2
4102,1,1
4103,1,1
4105,1,2
4106,1,1
4107,0,1
4109,1,2
4110,1,1
4112,1,2
4113,1,1
4114,1,1
4116,1,2
4117,1,1
4118,1,1
4120,1,2
4121,1,1
4122,1,1
4124,1,2
4125,1,1
4126,1,1
4128,1,2
4129,1,1
4130,1,1
4132,1,2
4133,1,1
4134,1,1
4136,1,2
4137,1,1
4138,1,1
4140,1,2
4141,1,1
4142,1,1
4143,1,1
4145,1,2
4146,1,1
4147,1,1
4149,1,2
4150,1,1
4152,1,2
4153,1,1
4154,1,1
4156,1,2
4157,1,1
4158,1,1
4160,1,2
4161,1,1
4162,1,1
4163,0,1
4165,1,2
4166,1,1
4168,1,2
4169,1,1
4170,1,1
4172,1,2
4173,1,1
4174,1,1
4176,1,2
4177,1,1
4178,1,1
4180,1,2
4181,1,1
4182,1,1
4184,1,2
4185,1,1
4186,1,1
4188,1,2
4189,1,1
4191,2,2
4193,1,2
4194,1,1
4195,1,1
4197,1,2
4198,1,1
4199,1,1
4201,1,2
4202,1,1
4203,1,1
4204,1,1
4206,1,2
4207,1,1
4208,1,1
4210,1,2
4211,1,1
4212,1,1
4214,2,2
4215,1,1
4216,1,1
4217,1,1
4219,1,2
4220,1,1
4221,1,1
4223,2,2
4224,1,1
4225,1,1
4226,1,1
4228,1,2
4229,1,1
4230,1,1
4232,1,2
4233,1,1
4235,1,2
4236,1,1
4237,1,1
4239,1,2
4240,1,1
4241,1,1
4243,1,2
4244,1,1
4246,2,2
4247,1,1
4248,1,1
4250,1,2
4251,1,1
4253,2,2
4254,1,1
4255,1,1
4257,2,2
4258,1,1
4259,1,1
4261,2,2
4262,1,1
4263,1,1
4265,2,2
4266,1,1
4267,1,1
4269,1,2
4270,1,1
4271,1,1
4273,1,2
4274,1,1
4275,1,1
4277,1,2
4278,1,1
4279,1,1
4280,1,1
4282,1,2
4283,1,1
4284,1,1
4285,1,1
4287,1,2
4288,1,1
4289,1,1
4291,1,2
4292,1,1
4293,1,1
4294,1,1
4296,1,2
4297,1,1
4299,1,2
4301,1,2
4303,1,2
4305,1,2
4307,1,2
4309,1,2
4311,1,2
4313,1,2
4315,1,2
4317,1,2
4319,1,2
4321,1,2
4325,1,4
4327,1,2
4328,1,1
4329,1,1
4331,1,2
4332,1,1
4333,1,1
4334,1,1
4336,1,2
4337,1,1
4338,1,1
4340,2,2
4341,1,1
4342,1,1
4343,1,1
4344,1,1
4346,1,2
4347,1,1
4348,1,1
4349,0,1
4351,1,2
4353,2,2
4353,1,0
4355,1,2
4356,1,1
4357,1,1
4358,1,1
4360,1,2
4361,1,1
4362,1,1
4363,1,1
4365,1,2
4366,1,1
4367,1,1
4368,1,1
4369,0,1
4371,1,2
4372,1,1
4373,1,1
4374,1,1
4376,1,2
4377,1,1
4378,1,1
4380,1,2
4381,1,1
4382,1,1
4383,1,1
4385,1,2
4386,1,1
4387,1,1
4388,1,1
4390,1,2
4391,1,1
4392,1,1
4393,1,1
4394,0,1
4396,1,2
4397,1,1
4398,1,1
4400,1,2
4401,1,1
4402,1,1
4404,2,2
4405,1,1
4406,1,1
4408,2,2
4409,1,1
4410,1,1
4411,1,1
4413,1,2
4414,1,1
4415,1,1
4417,1,2
4418,1,1
4419,1,1
4421,1,2
4422,1,1
4423,1,1
4425,1,2
4426,1,1
4427,1,1
4429,1,2
4431,2,2
4431,1,0
4433,1,2
4434,1,1
4435,1,1
4437,1,2
4438,1,1
4440,1,2
4441,1,1
4442,1,1
4444,1,2
4445,1,1
4446,1,1
4448,1,2
4449,1,1
4452,1,3
4453,1,1
4455,2,2
4456,1,1
4457,1,1
4458,1,1
4460,1,2
4461,1,1
4462,1,1
4463,1,1
4464,0,1
4466,1,2
4467,1,1
4468,1,1
4469,1,1
4471,1,2
4472,1,1
4473,1,1
4474,1,1
4476,1,2
4477,1,1
4478,1,1
4479,1,1
4480,0,1
4482,1,2
4483,1,1
4484,1,1
4485,1,1
4487,1,2
4488,1,1
4489,1,1
4490,1,1
4492,1,2
4493,1,1
4494,1,1
4495,1,1
4496,0,1
4498,1,2
4499,1,1
4500,1,1
4501,1,1
4503,1,2
4504,1,1
4505,1,1
4506,1,1
4507,0,1
4509,1,2
4510,1,1
4511,1,1
4513,1,2
4514,1,1
4515,1,1
4516,1,1
4518,2,2
4519,1,1
4520,1,1
4521,1,1
4522,1,1
4524,1,2
4525,1,1
4526,1,1
4527,1,1
4528,1,1
4530,1,2
4531,1,1
4532,1,1
4533,1,1
4535,1,2
4536,1,1
4537,1,1
4538,1,1
4539,1,1
4541,1,2
4542,1,1
4543,1,1
4544,1,1
4545,0,1
4547,1,2
4548,1,1
4549,1,1
4550,1,1
4552,1,2
4553,1,1
4554,1,1
4555,1,1
4556,0,1
4558,1,2
4559,1,1
4560,1,1
4561,1,1
4563,1,2
4564,1,1
4565,1,1
4566,1,1
4568,1,2
4569,1,1
4570,1,1
4571,1,1
4573,1,2
4574,1,1
4575,1,1
4576,1,1
4578,2,2
4579,1,1
4580,1,1
4581,1,1
4582,1,1
4584,1,2
4585,1,1
4586,1,1
4587,1,1
4589,1,2
4590,1,1
4591,1,1
4592,1,1
4593,0,1
4595,1,2
4596,1,1
4597,1,1
4599,2,2
4600,1,1
4601,1,1
4602,1,1
4603,1,1
4605,1,2
4606,1,1
4607,1,1
4608,1,1
4610,1,2
4611,1,1
4612,1,1
4613,1,1
4615,2,2
4616,1,1
4617,1,1
4618,1,1
4620,2,2
4621,1,1
4622,1,1
4623,1,1
4624,1,1
4625,0,1
4627,1,2
4628,1,1
4629,1,1
4630,1,1
4632,1,2
4633,1,1
4634,1,1
4635,1,1
4637,1,2
4638,1,1
4639,1,1
4640,1,1
4641,0,1
4643,1,2
4644,1,1
4645,1,1
4646,1,1
4648,1,2
4649,1,1
4650,1,1
4652,2,2
4653,1,1
4654,1,1
4655,1,1
4656,1,1
4658,1,2
4659,1,1
4660,1,1
4661,1,1
4663,2,2
4664,1,1
4665,1,1
4666,1,1
4667,1,1
4669,1,2
4670,1,1
4671,1,1
4672,1,1
4674,1,2
4675,1,1
4676,1,1
4677,1,1
4679,2,2
4680,1,1
4681,1,1
4682,1,1
4683,1,1
4685,1,2
4686,1,1
4687,1,1
4688,1,1
4689,0,1
4691,1,2
4692,1,1
4693,1,1
4695,2,2
4696,1,1
4697,1,1
4698,1,1
4699,1,1
4701,1,2
4702,1,1
4703,1,1
4704,1,1
4705,0,1
4707,1,2
4708,1,1
4709,1,1
4710,1,1
4712,1,2
4713,1,1
4714,1,1
4716,2,2
4717,1,1
4718,1,1
4719,1,1
4720,1,1
4721,0,1
4723,1,2
4724,1,1
4725,1,1
4727,2,2
4728,1,1
4729,1,1
4730,1,1
4731,1,1
4733,1,2
4734,1,1
4735,1,1
4736,1,1
4738,1,2
4739,1,1
4740,1,1
4741,1,1
4743,1,2
4744,1,1
4745,1,1
4746,1,1
4748,1,2
4749,1,1
4750,1,1
4752,2,2
4753,1,1
4754,1,1
4756,2,2
4757,1,1
4758,1,1
4759,1,1
4761,2,2
4762,1,1
4763,1,1
4765,2,2
4766,1,1
4767,1,1
4768,1,1
4770,2,2
4771,1,1
4772,1,1
4774,2,2
4775,1,1
4776,1,1
4777,1,1
4779,2,2
4780,1,1
4781,1,1
4783,2,2
4784,1,1
4785,1,1
4786,1,1
4788,1,2
4789,1,1
4790,1,1
4792,1,2
4793,1,1
4794,1,1
4796,2,2
4797,1,1
4798,1,1
4800,2,2
4801,1,1
4802,1,1
4803,1,1
4804,1,1
4806,1,2
4807,1,1
4808,1,1
4810,1,2
4811,1,1
4812,1,1
4814,2,2
4815,1,1
4816,1,1
4817,1,1
4819,1,2
4820,1,1
4821,1,1
4822,0,1
4824,1,2
4825,1,1
4826,1,1
4828,1,2
4829,1,1
4830,1,1
4832,1,2
4833,1,1
4834,1,1
4836,1,2
4837,1,1
4838,1,1
4840,2,2
4841,1,1
4842,1,1
4843,1,1
4846,2,3
4847,2,1
4847,1,0
4849,1,2
4851,1,2
4853,1,2
4855,1,2
4857,1,2
4859,1,2
4861,1,2
4863,1,2
4865,1,2
4867,1,2
4869,1,2
4871,1,2
4873,1,2
4875,1,2
4877,1,2
4879,1,2
4881,1,2
4883,1,2
4885,1,2
4887,1,2
4889,1,2
4890,1,1
4892,2,2
4895,3,3
4897,4,2
4897,3,0
4897,2,0
4898,2,1
4899,1,1
4900,1,1
4901,1,1
4903,2,2
4904,1,1
4905,1,1
4906,1,1
4907,1,1
4909,1,2
4910,1,1
4911,1,1
4913,2,2
4914,1,1
4915,1,1
4916,1,1
4917,0,1
4919,1,2
4920,1,1
4921,1,1
4923,1,2
4924,1,1
4925,1,1
4927,2,2
4928,1,1
4929,1,1
4930,1,1
4932,2,2
4933,1,1
4934,1,1
4935,1,1
4937,1,2
4938,1,1
4939,1,1
4941,2,2
4942,1,1
4943,1,1
4944,1,1
4946,1,2
4947,1,1
4948,1,1
4950,2,2
4951,1,1
4952,1,1
4953,1,1
4955,1,2
4956,1,1
4957,1,1
4958,1,1
4960,1,2
4961,1,1
4962,1,1
4964,2,2
4965,1,1
4966,1,1
4967,1,1
4969,1,2
4970,1,1
4971,1,1
4973,2,2
4974,1,1
4975,1,1
4976,1,1
4978,1,2
4979,1,1
4980,1,1
4982,2,2
4983,1,1
4984,1,1
4986,2,2
4987,2,1
4988,1,1
4989,1,1
4991,1,2
4992,1,1
4993,1,1
4995,1,2
4996,1,1
4998,1,2
4999,1,1
5001,2,2
5002,1,1
5003,1,1
5005,1,2
5006,1,1
5008,1,2
5009,1,1
5010,1,1
5012,1,2
5013,1,1
5015,1,2
5016,1,1
5017,1,1
5019,1,2
5020,1,1
5022,1,2
5023,1,1
5024,1,1
5026,1,2
5027,1,1
5028,0,1
5030,1,2
5031,1,1
5033,1,2
5034,1,1
5035,1,1
5037,1,2
5038,1,1
5040,2,2
5041,1,1
5042,1,1
5044,1,2
5045,1,1
5047,2,2
5048,1,1
5049,1,1
5051,1,2
5052,1,1
5054,2,2
5055,1,1
5056,1,1
5058,1,2
5059,1,1
5061,2,2
5062,1,1
5063,1,1
5065,1,2
5066,1,1
5068,2,2
5069,1,1
5070,1,1
5072,1,2
5073,1,1
5075,1,2
5076,1,1
5078,2,2
5079,1,1
5080,1,1
5082,1,2
5083,1,1
5085,1,2
5086,1,1
5088,2,2
5089,1,1
5090,1,1
5092,1,2
5093,1,1
5095,2,2
5096,1,1
5097,1,1
5099,1,2
5100,1,1
5101,1,1
5103,1,2
5104,1,1
5106,1,2
5107,1,1
5108,1,1
5110,1,2
5111,1,1
5113,2,2
5114,1,1
5115,1,1
5117,1,2
5118,1,1
5120,1,2
5121,1,1
5122,1,1
5124,1,2
5125,1,1
5127,2,2
5128,1,1
5129,1,1
5131,1,2
5132,1,1
5134,1,2
5135,1,1
5136,1,1
5138,1,2
5139,1,1
5141,1,2
5142,1,1
5144,2,2
5145,1,1
5146,1,1
5148,1,2
5149,1,1
5151,1,2
5152,1,1
5154,1,2
5155,1,1
5156,1,1
5158,1,2
5159,1,1
5160,1,1
5162,1,2
5163,1,1
5165,1,2
5166,1,1
5167,1,1
5169,1,2
5170,1,1
5172,2,2
5173,1,1
5174,1,1
5176,1,2
5177,1,1
5179,2,2
5180,1,1
5181,1,1
5183,1,2
5184,1,1
5185,1,1
5187,1,2
5188,1,1
5190,1,2
5191,1,1
5193,2,2
5194,1,1
5195,1,1
5197,1,2
5198,1,1
5199,1,1
5201,1,2
5202,1,1
5204,2,2
5205,1,1
5206,1,1
5208,1,2
5209,1,1
5211,1,2
5212,1,1
5214,1,2
5215,1,1
5217,2,2
5218,1,1
5219,1,1
5221,1,2
5222,1,1
5224,2,2
5225,1,1
5226,1,1
5228,1,2
5230,2,2
5231,1,1
5232,1,1
5233,1,1
5235,1,2
5236,1,1
5237,1,1
5239,2,2
5240,1,1
5241,1,1
5242,1,1
5244,1,2
5246,2,2
5247,1,1
5248,1,1
5250,2,2
5251,1,1
5253,2,2
5254,1,1
5255,1,1
5256,1,1
5257,1,1
5259,1,2
5260,1,1
5261,1,1
5262,1,1
5264,1,2
5265,1,1
5266,1,1
5268,1,2
5269,1,1
5270,1,1
5272,1,2
5273,1,1
5274,1,1
5280,5,6
5280,4,0
5281,4,1
5281,2,0
5281,1,0
5282,1,1
5283,0,1
5285,1,2
5286,1,1
5287,1,1
5289,1,2
5290,1,1
5291,1,1
5293,1,2
5294,1,1
5295,1,1
5296,1,1
5298,1,2
5299,1,1
5300,1,1
5302,1,2
5303,1,1
5304,1,1
5305,1,1
5307,1,2
5308,1,1
5309,1,1
5311,1,2
5312,1,1
5313,1,1
5314,0,1
5316,1,2
5317,1,1
5319,1,2
5320,1,1
5321,1,1
5322,1,1
5324,1,2
5325,1,1
5326,1,1
5328,1,2
5329,1,1
5330,1,1
5332,2,2
5333,1,1
5334,1,1
5335,1,1
5337,1,2
5338,1,1
5339,1,1
5340,0,1
5342,1,2
5343,1,1
5345,2,2
5346,1,1
5347,1,1
5348,1,1
5350,1,2
5351,1,1
5352,1,1
5353,0,1
5355,1,2
5356,1,1
5358,2,2
5359,1,1
5360,1,1
5361,1,1
5363,1,2
5364,1,1
5365,1,1
5366,1,1
5368,1,2
5369,1,1
5370,1,1
5372,1,2
5373,1,1
5374,1,1
5376,1,2
5377,1,1
5378,1,1
5380,1,2
5381,1,1
5382,1,1
5384,2,2
5385,1,1
5386,1,1
5387,1,1
5389,1,2
5390,1,1
5391,1,1
5393,2,2
5394,1,1
5395,1,1
5397,2,2
5398,1,1
5399,1,1
5400,1,1
5402,1,2
5403,1,1
5404,1,1
5405,1,1
5407,1,2
5408,1,1
5409,1,1
5411,1,2
5412,1,1
5413,1,1
5415,1,2
5416,1,1
5417,1,1
5418,1,1
5420,1,2
5421,1,1
5422,1,1
5424,1,2
5425,1,1
5426,1,1
5428,1,2
5429,1,1
5430,1,1
5432,2,2
5433,1,1
5434,1,1
5435,1,1
5436,1,1
5438,1,2
5439,1,1
5440,1,1
5441,1,1
5443,1,2
5444,1,1
5446,2,2
5447,1,1
5448,1,1
5450,1,2
5451,1,1
5452,1,1
5454,1,2
5455,1,1
5457,1,2
5458,1,1
5460,1,2
5461,1,1
5463,1,2
5464,1,1
5465,1,1
5467,1,2
5468,1,1
5470,1,2
5471,1,1
5473,1,2
5474,1,1
5476,2,2
5477,1,1
5478,1,1
5480,1,2
5481,1,1
5483,1,2
5484,1,1
5485,1,1
5487,1,2
5488,1,1
5489,1,1
5491,1,2
5492,1,1
5494,1,2
5495,1,1
5496,1,1
5498,1,2
5499,1,1
5500,1,1
5502,1,2
5503,1,1
5505,1,2
5506,1,1
5507,1,1
5509,1,2
5510,1,1
5511,1,1
5513,1,2
5514,1,1
5515,1,1
5517,1,2
5518,1,1
5520,1,2
5521,1,1
5523,2,2
5524,1,1
5525,1,1
5527,1,2
5528,1,1
5529,1,1
5531,1,2
5532,1,1
5533,1,1
5535,1,2
5536,1,1
5538,1,2
5539,1,1
5540,1,1
5542,1,2
5543,1,1
5544,1,1
5546,1,2
5547,1,1
5549,1,2
5550,1,1
5551,1,1
5553,1,2
5554,1,1
5555,1,1
5557,1,2
5558,1,1
5560,1,2
5561,1,1
5562,1,1
5564,1,2
5565,1,1
5567,1,2
5568,1,1
5569,1,1
5571,1,2
5572,1,1
5574,1,2
5575,1,1
5577,1,2
5578,1,1
5579,1,1
5581,1,2
5582,1,1
5584,1,2
5585,1,1
5587,1,2
5588,1,1
5589,0,1
5591,1,2
5592,1,1
5594,1,2
5595,1,1
5597,1,2
5598,1,1
5599,1,1
5601,1,2
5602,1,1
5604,1,2
5605,1,1
5606,1,1
5608,1,2
5610,2,2
5611,1,1
5612,1,1
5613,1,1
5615,1,2
5616,1,1
5617,1,1
5619,2,2
5620,1,1
5621,1,1
5623,2,2
5624,1,1
5625,1,1
5626,1,1
5628,2,2
5629,1,1
5630,1,1
5632,2,2
5633,1,1
5634,1,1
5635,1,1
5637,2,2
5638,1,1
5639,1,1
5640,1,1
5642,1,2
5643,1,1
5644,1,1
5646,2,2
5647,1,1
5648,1,1
5649,1,1
5651,1,2
5652,1,1
5653,1,1
5655,2,2
5656,1,1
5657,1,1
5658,1,1
5660,1,2
5661,1,1
5662,1,1
5663,1,1
5665,1,2
5666,1,1
5667,1,1
5669,2,2
5670,1,1
5671,1,1
5672,1,1
5674,1,2
5675,1,1
5676,1,1
5677,1,1
5679,1,2
5680,1,1
5681,1,1
5683,2,2
5684,1,1
5685,1,1
5686,1,1
5688,1,2
5689,1,1
5690,1,1
5692,2,2
5693,1,1
5694,1,1
5695,1,1
5697,2,2
5698,1,1
5699,1,1
5700,1,1
5702,1,2
5703,1,1
5704,1,1
5706,2,2
5707,1,1
5708,1,1
5709,1,1
5711,2,2
5712,1,1
5713,1,1
5714,1,1
5716,1,2
5717,1,1
5718,1,1
5719,1,1
5721,1,2
5722,1,1
5723,1,1
5725,1,2
5726,1,1
5727,1,1
5729,2,2
5730,1,1
5731,1,1
5732,1,1
5734,2,2
5735,1,1
5736,1,1
5737,1,1
5739,1,2
5740,1,1
5741,1,1
5743,2,2
5744,1,1
5745,1,1
5746,1,1
5748,1,2
5749,1,1
5750,1,1
5752,2,2
5753,1,1
5754,1,1
5756,2,2
5757,1,1
5758,1,1
5759,1,1
5761,1,2
5762,1,1
5763,1,1
5765,2,2
5766,1,1
5767,1,1
5769,2,2
5770,1,1
5771,1,1
5772,1,1
5774,1,2
5775,1,1
5776,1,1
5778,2,2
5779,1,1
5780,1,1
5781,1,1
5783,1,2
5784,1,1
5785,1,1
5787,1,2
5788,1,1
5789,1,1
5791,2,2
5792,1,1
5793,1,1
5794,1,1
5796,1,2
5797,1,1
5798,1,1
5800,1,2
5801,1,1
5802,1,1
5804,2,2
5805,1,1
5806,1,1
5808,2,2
5809,1,1
5810,1,1
5811,1,1
5813,1,2
5814,1,1
5815,1,1
5817,2,2
5818,1,1
5819,1,1
5820,1,1
5822,1,2
5823,1,1
5824,1,1
5826,1,2
5827,1,1
5828,1,1
5830,2,2
5831,1,1
5832,1,1
5833,1,1
5835,1,2
5836,1,1
5837,1,1
5838,0,1
5840,1,2
5841,1,1
5843,1,2
5844,1,1
5845,1,1
5846,1,1
5848,1,2
5849,1,1
5850,1,1
5852,1,2
5853,1,1
5854,1,1
5856,1,2
5857,1,1
5858,1,1
5860,2,2
5861,1,1
5862,1,1
5864,2,2
5865,1,1
5866,1,1
5868,2,2
5869,1,1
5870,1,1
5871,1,1
5872,1,1
5874,1,2
5875,1,1
5876,1,1
5878,1,2
5879,1,1
5880,1,1
5881,1,1
5883,1,2
5884,1,1
5885,1,1
5887,1,2
5888,1,1
5890,2,2
5890,1,0
5893,2,3
5894,1,1
5895,1,1
5896,1,1
5897,1,1
5899,1,2
5900,1,1
5901,1,1
5903,1,2
5904,1,1
5905,1,1
5906,1,1
5908,1,2
5909,1,1
5910,1,1
5912,1,2
5913,1,1
5914,1,1
5916,2,2
5917,1,1
5918,1,1
5919,1,1
5921,2,2
5922,1,1
5924,2,2
5925,1,1
5926,1,1
5928,2,2
5929,1,1
5930,1,1
5932,2,2
5933,1,1
5934,1,1
5935,1,1
5937,2,2
5938,1,1
5939,1,1
5941,2,2
5942,1,1
5943,1,1
5945,2,2
5946,1,1
5947,1,1
5948,1,1
5950,2,2
5951,1,1
5952,1,1
5953,1,1
5956,2,3
5956,1,0
5957,1,1
5959,1,2
5960,1,1
5961,1,1
5963,2,2
5964,1,1
5965,1,1
5967,2,2
5968,1,1
5969,1,1
5970,1,1
5972,1,2
5973,1,1
5979,6,6
5979,4,0
5979,3,0
5979,2,0
5980,1,1
5981,1,1
5982,1,1
5984,2,2
5985,1,1
5986,1,1
5987,1,1
5988,1,1
5990,1,2
5991,1,1
5992,1,1
5993,1,1
5995,1,2
5996,1,1
5997,1,1
5998,1,1
6000,1,2
6001,1,1
6002,1,1
6003,1,1
6007,1,4
6008,1,1
6009,1,1
6010,1,1
6012,1,2
6013,1,1
6014,1,1
6015,1,1
6017,1,2
6018,1,1
6019,1,1
6020,1,1
6022,1,2
6023,1,1
6024,1,1
6025,1,1
6027,1,2
6028,1,1
6029,1,1
6030,1,1
6032,1,2
6033,1,1
6034,1,1
6035,1,1
6037,1,2
6038,1,1
6039,1,1
6040,1,1
6042,1,2
6043,1,1
6044,1,1
6045,1,1
6047,1,2
6048,1,1
6049,1,1
6051,1,2
6052,1,1
6053,1,1
6054,1,1
6056,1,2
6057,1,1
6058,1,1
6060,1,2
6061,1,1
6062,1,1
6064,1,2
6065,1,1
6066,1,1
6067,1,1
6069,1,2
6070,1,1
6071,1,1
6073,1,2
6074,1,1
6075,1,1
6076,1,1
6078,1,2
6079,1,1
6080,1,1
6082,1,2
6083,1,1
6084,1,1
6088,3,4
6088,2,0
6088,1,0
6089,0,1
6091,1,2
6092,1,1
6093,1,1
6094,1,1
6099,4,5
6100,4,1
6100,3,0
6100,2,0
6101,1,1
6102,1,1
6103,1,1
6105,1,2
6106,1,1
6107,1,1
6109,1,2
6110,1,1
6112,2,2
6113,1,1
6114,1,1
6116,1,2
6117,1,1
6118,1,1
6120,1,2
6121,1,1
6123,1,2
6124,1,1
6125,1,1
6127,1,2
6128,1,1
6129,0,1
6131,1,2
6132,1,1
6134,1,2
6135,1,1
6136,1,1
6138,1,2
6139,1,1
6141,1,2
6142,1,1
6143,1,1
6145,1,2
6146,1,1
6148,2,2
6149,1,1
6150,1,1
6152,1,2
6153,1,1
6154,1,1
6156,1,2
6157,1,1
6159,1,2
6160,1,1
6161,1,1
6163,1,2
6164,1,1
6165,0,1
6167,1,2
6168,1,1
6169,1,1
6171,1,2
6172,1,1
6173,1,1
6175,1,2
6176,1,1
6177,1,1
6178,0,1
6180,1,2
6181,1,1
6182,1,1
6184,1,2
6185,1,1
6186,1,1
6188,1,2
6189,1,1
6190,1,1
6192,1,2
6193,1,1
6194,1,1
6196,2,2
6197,1,1
6198,1,1
6199,1,1
6201,1,2
6202,1,1
6203,1,1
6205,1,2
6206,1,1
6207,1,1
6208,1,1
6210,1,2
6211,1,1
6212,1,1
6214,1,2
6215,1,1
6216,1,1
6217,0,1
6219,1,2
6220,1,1
6221,1,1
6223,1,2
6224,1,1
6225,1,1
6227,1,2
6228,1,1
6229,1,1
6231,1,2
6232,1,1
6233,1,1
6234,1,1
6236,1,2
6237,1,1
6238,1,1
6240,1,2
6241,1,1
6242,1,1
6244,1,2
6245,1,1
6247,1,2
6249,1,2
6251,1,2
6253,1,2
6255,1,2
6257,2,2
6258,1,1
6260,1,2
6262,1,2
6264,1,2
6266,1,2
6268,1,2
6270,1,2
6272,1,2
6274,1,2
6276,1,2
6278,1,2
6280,1,2
6282,1,2
6284,1,2
6286,1,2
6288,1,2
6290,1,2
6292,1,2
6294,1,2
6296,1,2
6298,1,2
6300,1,2
6302,1,2
6304,1,2
6306,1,2
6308,1,2
6310,1,2
6312,1,2
6314,1,2
6316,1,2
6318,1,2
6320,1,2
6322,1,2
6324,1,2
6326,1,2
6328,1,2
6330,1,2
6332,1,2
6334,1,2
6336,1,2
6338,1,2
6340,1,2
6342,1,2
6344,1,2
6346,1,2
6348,1,2
6350,1,2
6352,1,2
6354,1,2
6356,1,2
6358,1,2
6360,1,2
6362,1,2
6364,1,2
6366,1,2
6368,1,2
6370,1,2
6372,1,2
6374,1,2
6376,1,2
6378,1,2
6380,1,2
6382,1,2
6384,1,2
6386,1,2
6388,1,2
6390,1,2
6392,1,2
6394,1,2
6396,1,2
6398,1,2
6400,1,2
6402,1,2
6404,1,2
6406,1,2
6408,1,2
6410,1,2
6412,1,2
6414,1,2
6416,1,2
6417,1,1
6419,2,2
6420,1,1
6421,1,1
6422,1,1
6423,1,1
6425,1,2
6426,1,1
6427,1,1
6429,2,2
6430,1,1
6431,1,1
6432,1,1
6433,1,1
6435,1,2
6436,1,1
6437,1,1
6439,2,2
6440,1,1
6441,1,1
6442,1,1
6444,1,2
6445,1,1
6446,1,1
6447,1,1
6449,2,2
6450,1,1
6451,1,1
6452,1,1
6454,2,2
6455,1,1
6456,1,1
6457,1,1
6459,1,2
6460,1,1
6461,1,1
6462,1,1
6464,1,2
6465,1,1
6466,1,1
6467,1,1
6469,1,2
6470,1,1
6471,1,1
6472,1,1
6474,1,2
6475,1,1
6476,1,1
6477,1,1
6479,1,2
6480,1,1
6481,1,1
6482,1,1
6484,1,2
6485,1,1
6486,1,1
6487,1,1
6489,1,2
6491,2,2
6491,1,0
6493,1,2
6494,1,1
6495,1,1
6496,1,1
6497,0,1
6499,1,2
6500,1,1
6501,1,1
6503,1,2
6504,1,1
6505,1,1
6506,1,1
6508,1,2
6509,1,1
6510,1,1
6511,1,1
6513,2,2
6514,1,1
6515,1,1
6516,1,1
6517,0,1
6519,1,2
6520,1,1
6522,2,2
6522,0,0
6524,1,2
6525,1,1
6526,1,1
6527,1,1
6529,1,2
6530,1,1
6531,1,1
6532,1,1
6533,0,1
6535,1,2
6536,1,1
6537,1,1
6538,0,1
6540,1,2
6541,1,1
6542,1,1
6543,1,1
6545,1,2
6546,1,1
6547,1,1
6548,1,1
6550,1,2
6551,1,1
6552,1,1
6553,1,1
6554,0,1
6556,1,2
6557,1,1
6558,1,1
6559,1,1
6561,1,2
6562,1,1
6563,1,1
6564,1,1
6566,2,2
6567,1,1
6568,1,1
6569,1,1
6570,1,1
6572,1,2
6573,1,1
6574,1,1
6575,1,1
6577,1,2
6578,1,1
6579,1,1
6580,1,1
6582,1,2
6583,1,1
6584,1,1
6585,1,1
6586,1,1
6588,1,2
6589,1,1
6590,1,1
6591,1,1
6593,1,2
6594,1,1
6595,1,1
6596,1,1
6597,0,1
6599,1,2
6600,1,1
6601,1,1
6602,0,1
6604,1,2
6605,1,1
6606,1,1
6608,1,2
6609,1,1
6610,1,1
6612,2,2
6613,1,1
6614,1,1
6615,1,1
6616,1,1
6617,1,1
6619,1,2
6620,1,1
6621,1,1
6622,1,1
6624,1,2
6625,1,1
6626,1,1
6627,1,1
6629,2,2
6630,1,1
6631,1,1
6632,1,1
6633,1,1
6635,1,2
6636,1,1
6637,1,1
6638,1,1
6639,1,1
6641,1,2
6642,1,1
6643,1,1
6644,1,1
6646,1,2
6647,1,1
6648,1,1
6649,1,1
6650,1,1
6652,1,2
6653,1,1
6654,1,1
6655,1,1
6657,1,2
6658,1,1
6659,1,1
6660,1,1
6661,1,1
6662,0,1
6664,1,2
6665,1,1
6666,1,1
6667,0,1
6669,1,2
6670,1,1
6671,1,1
6672,1,1
6674,1,2
6675,1,1
6676,1,1
6677,1,1
6679,2,2
6680,1,1
6681,1,1
6682,1,1
6684,1,2
6685,1,1
6686,1,1
6687,1,1
6689,1,2
6690,1,1
6691,1,1
6692,1,1
6694,1,2
6695,1,1
6696,1,1
6697,1,1
6699,1,2
6700,1,1
6701,1,1
6703,2,2
6704,1,1
6705,1,1
6706,1,1
6707,0,1
6709,1,2
6710,1,1
6711,1,1
6712,1,1
6714,1,2
6715,1,1
6716,1,1
6717,1,1
6718,0,1
6720,1,2
6721,1,1
6722,1,1
6723,1,1
6724,0,1
6726,1,2
6727,1,1
6728,1,1
6729,1,1
6730,0,1
6732,1,2
6733,1,1
6734,1,1
6736,1,2
6737,1,1
6738,1,1
6739,1,1
6741,1,2
6742,1,1
6743,1,1
6744,1,1
6745,0,1
6747,1,2
6748,1,1
6749,1,1
6750,0,1
6752,1,2
6753,1,1
6755,2,2
6756,1,1
6757,1,1
6758,1,1
6760,2,2
6761,1,1
6762,1,1
6763,1,1
6765,2,2
6766,1,1
6767,1,1
6768,1,1
6769,1,1
6771,1,2
6772,1,1
6773,1,1
6774,1,1
6776,1,2
6777,1,1
6778,1,1
6779,1,1
6780,1,1
6782,1,2
6783,1,1
6784,1,1
6785,1,1
6787,1,2
6788,1,1
6789,1,1
6790,1,1
6792,1,2
6793,1,1
6794,1,1
6795,1,1
6796,1,1
6798,1,2
6799,1,1
6800,1,1
6801,1,1
6803,1,2
6804,1,1
6805,1,1
6806,1,1
6808,2,2
6809,1,1
6810,1,1
6811,1,1
6812,1,1
6814,1,2
6815,1,1
6816,1,1
6818,2,2
6819,1,1
6820,1,1
6821,1,1
6822,1,1
6824,1,2
6825,1,1
6826,1,1
6827,1,1
6829,2,2
6830,1,1
6831,1,1
6832,1,1
6833,1,1
6835,1,2
6836,1,1
6837,1,1
6838,1,1
6840,2,2
6841,1,1
6842,1,1
6843,1,1
6844,1,1
6845,0,1
6847,1,2
6848,1,1
6849,1,1
6850,1,1
6852,1,2
6853,1,1
6854,1,1
6855,1,1
6857,2,2
6858,1,1
6859,1,1
6860,1,1
6861,1,1
6863,1,2
6864,1,1
6865,1,1
6866,1,1
6868,2,2
6869,1,1
6870,1,1
6871,1,1
6872,1,1
6874,1,2
6875,1,1
6876,1,1
6877,1,1
6879,2,2
6880,1,1
6881,1,1
6882,1,1
6883,1,1
6885,2,2
6886,1,1
6887,1,1
6888,1,1
6889,1,1
6891,2,2
6892,1,1
6894,2,2
6895,2,1
6896,2,1
6897,1,1
6898,1,1
6899,1,1
6900,1,1
6901,1,1
6903,1,2
6904,1,1
6905,1,1
6907,1,2
6908,1,1
6909,1,1
6910,1,1
6912,1,2
6913,1,1
6914,1,1
6915,1,1
6917,1,2
6918,1,1
6919,1,1
6920,1,1
6922,1,2
6923,1,1
6924,1,1
6926,2,2
6927,1,1
6928,1,1
6929,1,1
6931,2,2
6932,1,1
6933,1,1
6934,1,1
6936,2,2
6937,1,1
6939,2,2
6939,1,0
6941,1,2
6942,1,1
6944,2,2
6945,1,1
6946,1,1
6947,1,1
6948,1,1
6950,1,2
6951,1,1
6952,1,1
6954,2,2
6955,1,1
6956,1,1
6958,2,2
6959,1,1
6960,1,1
6961,1,1
6963,2,2
6964,1,1
6965,1,1
6966,1,1
6968,1,2
6969,1,1
6970,1,1
6971,1,1
6973,1,2
6974,1,1
6975,1,1
6977,2,2
6978,1,1
6979,1,1
6980,1,1
6982,1,2
6983,1,1
6984,1,1
6985,1,1
6987,1,2
6988,1,1
6989,1,1
6991,2,2
6992,1,1
6993,1,1
6995,2,2
6996,1,1
6997,1,1
6998,1,1
7000,2,2
7001,1,1
7002,1,1
7003,1,1
7005,2,2
7006,1,1
7007,1,1
7009,2,2
7010,1,1
7012,1,2
7013,1,1
7015,1,2
7016,1,1
7017,1,1
7018,1,1
7020,1,2
7021,1,1
7023,2,2
7024,1,1
7025,1,1
7027,2,2
7028,1,1
7029,1,1
7031,1,2
7032,1,1
7033,1,1
7035,1,2
7036,1,1
7037,1,1
7039,1,2
7040,1,1
7041,1,1
7043,1,2
7044,1,1
7045,1,1
7046,1,1
7048,1,2
7049,1,1
7050,1,1
7052,1,2
7053,1,1
7054,1,1
7055,1,1
7057,1,2
7058,1,1
7059,1,1
7060,1,1
7062,1,2
7063,1,1
7064,1,1
7067,3,3
7067,1,0
7068,1,1
7069,1,1
7070,1,1
7072,1,2
7073,1,1
7074,1,1
7076,1,2
7077,1,1
7078,1,1
7080,1,2
7081,1,1
7082,1,1
7083,0,1
7085,1,2
7086,1,1
7087,1,1
7089,1,2
7090,1,1
7091,1,1
7093,1,2
7094,1,1
7095,1,1
7096,1,1
7098,1,2
7099,1,1
7100,1,1
7101,0,1
7103,1,2
7104,1,1
7105,1,1
7107,1,2
7108,1,1
7109,1,1
7110,0,1
7112,1,2
7113,1,1
7114,1,1
7116,1,2
7117,1,1
7118,1,1
7120,1,2
7121,1,1
7122,1,1
7124,2,2
7125,1,1
7126,1,1
7127,1,1
7129,1,2
7130,1,1
7131,1,1
7132,0,1
7134,1,2
7135,1,1
7136,1,1
7138,1,2
7139,1,1
7140,1,1
7141,1,1
7143,1,2
7144,1,1
7145,1,1
7147,1,2
7148,1,1
7149,1,1
7150,0,1
7152,1,2
7153,1,1
7154,1,1
7156,1,2
7157,1,1
7158,1,1
7160,1,2
7161,1,1
7162,1,1
7164,1,2
7165,1,1
7166,1,1
7167,1,1
7169,1,2
7170,1,1
7171,1,1
7173,1,2
7174,1,1
7175,1,1
7177,2,2
7178,1,1
7179,1,1
7180,1,1
7182,1,2
7183,1,1
7184,1,1
7186,2,2
7187,1,1
7188,1,1
7189,1,1
7190,0,1
7192,1,2
7193,1,1
7194,1,1
7196,1,2
7197,1,1
7198,1,1
7199,1,1
7201,1,2
7202,1,1
7203,1,1
7204,1,1
7206,1,2
7207,1,1
7208,1,1
7210,1,2
7211,1,1
7212,1,1
7213,1,1
7214,0,1
7216,1,2
7217,1,1
7218,1,1
7220,1,2
7221,1,1
7222,1,1
7223,1,1
7225,1,2
7226,1,1
7227,1,1
7228,1,1
7230,1,2
7231,1,1
7232,1,1
7234,2,2
7235,1,1
7236,1,1
7237,1,1
7239,1,2
7240,1,1
7241,1,1
7242,1,1
7244,1,2
7245,1,1
7246,1,1
7248,2,2
7249,1,1
7250,1,1
7251,1,1
7253,1,2
7254,1,1
7255,1,1
7256,1,1
7258,1,2
7259,1,1
7260,1,1
7261,1,1
7263,1,2
7264,1,1
7265,1,1
7266,1,1
7268,1,2
7269,1,1
7270,1,1
7272,1,2
7273,1,1
7274,1,1
7275,1,1
7277,1,2
7278,1,1
7279,1,1
7280,1,1
7282,1,2
7283,1,1
7284,1,1
7285,1,1
7287,1,2
7288,1,1
7289,1,1
7291,2,2
7292,1,1
7293,1,1
7295,2,2
7296,1,1
7297,1,1
7298,1,1
7300,1,2
7301,1,1
7302,1,1
7303,1,1
7305,1,2
7306,1,1
7309,3,3
7309,1,0
7310,1,1
7311,1,1
7313,1,2
7314,1,1
7315,1,1
7317,1,2
7318,1,1
7319,1,1
7321,1,2
7322,1,1
7323,1,1
7325,1,2
7326,1,1
7327,1,1
7329,1,2
7330,1,1
7332,1,2
7333,1,1
7334,1,1
7336,1,2
7337,1,1
7338,1,1
7340,1,2
7341,1,1
7342,1,1
7344,1,2
7345,1,1
7346,1,1
7348,1,2
7349,1,1
7350,1,1
7352,1,2
7353,1,1
7354,1,1
7356,1,2
7357,1,1
7358,1,1
7360,1,2
7361,1,1
7363,1,2
7364,1,1
7365,0,1
7367,1,2
7368,1,1
7370,1,2
7371,1,1
7372,1,1
7373,1,1
7374,0,1
7376,1,2
7377,1,1
7378,1,1
7380,1,2
7381,1,1
7382,1,1
7383,1,1
7385,1,2
7386,1,1
7387,1,1
7388,1,1
7389,0,1
7391,1,2
7392,1,1
7393,1,1
7394,0,1
7396,1,2
7397,1,1
7398,1,1
7399,1,1
7401,1,2
7402,1,1
7403,1,1
7404,1,1
7406,1,2
7407,1,1
7408,1,1
7409,0,1
7411,1,2
7412,1,1
7413,1,1
7414,0,1
7416,1,2
7417,1,1
7418,1,1
7420,1,2
7421,1,1
7422,1,1
7423,1,1
7424,0,1
7426,1,2
7427,1,1
7428,1,1
7429,0,1
7431,1,2
7432,1,1
7433,1,1
7434,1,1
7436,1,2
7437,1,1
7438,1,1
7440,1,2
7441,1,1
7442,1,1
7443,1,1
7444,1,1
7446,1,2
7447,1,1
7448,1,1
7449,1,1
7450,0,1
7452,1,2
7453,1,1
7454,1,1
7456,1,2
7457,1,1
7458,1,1
7460,1,2
7461,1,1
7462,1,1
7463,1,1
7465,1,2
7466,1,1
7467,1,1
7468,1,1
7469,0,1
7471,1,2
7472,1,1
7473,1,1
7475,1,2
7476,1,1
7477,1,1
7478,0,1
7480,1,2
7481,1,1
7482,1,1
7484,1,2
7485,1,1
7486,1,1
7487,1,1
7489,1,2
7490,1,1
7491,1,1
7492,1,1
7493,0,1
7495,1,2
7496,1,1
7497,1,1
7498,0,1
7500,1,2
7501,1,1
7502,1,1
7503,0,1
7505,1,2
7506,1,1
7507,1,1
7508,0,1
7510,1,2
7511,1,1
7512,1,1
7513,0,1
7515,1,2
7516,1,1
7518,1,2
7520,2,2
7521,1,1
7522,0,1
7524,1,2
7525,1,1
7526,1,1
7528,1,2
7529,1,1
7530,1,1
7531,1,1
7533,1,2
7534,1,1
7535,1,1
7537,1,2
7538,1,1
7539,1,1
7540,1,1
7542,1,2
7543,1,1
7544,1,1
7545,1,1
7547,1,2
7548,1,1
7549,1,1
7550,1,1
7552,1,2
7553,1,1
7554,1,1
7555,1,1
7556,1,1
7557,0,1
7558,0,1
7559,0,1
7561,1,2
7562,1,1
7563,1,1
7564,0,1
7565,0,1
7566,0,1
7567,0,1
7569,1,2
7570,1,1
7571,1,1
7572,0,1
7573,0,1
7574,0,1
7575,0,1
7577,1,2
7578,1,1
7579,0,1
7580,0,1
7581,0,1
7582,0,1
7584,1,2
7585,1,1
7586,0,1
7587,0,1
7588,0,1
7590,1,2
7591,1,1
7592,0,1
7593,0,1
7595,1,2
7596,1,1
7597,1,1
7599,1,2
7600,1,1
7601,1,1
7602,1,1
7604,1,2
7605,1,1
7606,1,1
7607,0,1
7609,1,2
7610,1,1
7611,1,1
7614,2,3
7614,1,0
7615,1,1
7616,1,1
7618,1,2
7619,1,1
7620,1,1
7621,1,1
7623,1,2
7624,1,1
7626,2,2
7627,2,1
7628,1,1
7629,1,1
7630,1,1
7632,1,2
7633,1,1
7634,1,1
7635,1,1
7637,1,2
7638,1,1
7639,1,1
7641,2,2
7642,1,1
7644,1,2
7645,1,1
7646,1,1
7647,1,1
7648,0,1
7650,1,2
7651,1,1
7652,1,1
7654,1,2
7655,1,1
7656,1,1
7657,1,1
7658,0,1
7659,0,1
7660,0,1
7661,0,1
7663,1,2
7664,1,1
7665,1,1
7666,0,1
7667,0,1
7668,0,1
7669,0,1
7671,1,2
7672,1,1
7673,0,1
7674,0,1
7675,0,1
7677,1,2
7678,1,1
7679,1,1
7681,1,2
7682,1,1
7683,1,1
7684,1,1
7686,1,2
7687,1,1
7688,1,1
7689,1,1
7690,1,1
7692,1,2
7693,1,1
7694,1,1
7696,2,2
7697,1,1
7698,1,1
7699,1,1
7700,1,1
7702,1,2
7703,1,1
7704,1,1
7705,1,1
7708,2,3
7708,1,0
7709,1,1
7711,1,2
7712,1,1
7713,1,1
7715,2,2
7716,1,1
7717,1,1
7718,1,1
7720,1,2
7721,1,1
7722,1,1
7724,2,2
7725,1,1
7726,1,1
7727,1,1
7729,1,2
7730,1,1
7731,1,1
7732,1,1
7734,1,2
7735,1,1
7736,1,1
7737,0,1
7739,1,2
7740,1,1
7741,1,1
7743,1,2
7744,1,1
7745,1,1
7747,1,2
7748,1,1
7749,1,1
7750,1,1
7752,1,2
7753,1,1
7754,1,1
7755,1,1
7757,1,2
7758,1,1
7759,1,1
7765,2,6
7766,2,1
7767,2,1
7769,2,2
7769,1,0
7770,1,1
7771,1,1
7773,2,2
7774,1,1
7775,1,1
7776,1,1
7777,1,1
7778,1,1
7780,1,2
7782,2,2
7785,4,3
7785,3,0
7785,2,0
7786,1,1
7787,1,1
7788,1,1
7789,1,1
7790,1,1
7792,1,2
7793,1,1
7794,1,1
7795,1,1
7797,1,2
7798,1,1
7799,1,1
7800,1,1
7802,1,2
7803,1,1
7804,1,1
7806,1,2
7808,1,2
7810,1,2
7812,1,2
7813,1,1
7814,0,1
7816,1,2
7817,1,1
7818,0,1
7820,1,2
7821,1,1
7823,1,2
7824,1,1
7825,1,1
7827,1,2
7828,1,1
7829,1,1
7831,1,2
7832,1,1
7833,1,1
7835,1,2
7836,1,1
7837,1,1
7838,0,1
7840,1,2
7841,1,1
7842,1,1
7844,1,2
7845,1,1
7846,1,1
7847,1,1
7848,1,1
7850,1,2
7851,1,1
7852,1,1
7853,1,1
7854,0,1
7856,1,2
7857,1,1
7858,1,1
7859,1,1
7860,0,1
7862,1,2
7863,1,1
7864,1,1
7865,1,1
7867,1,2
7868,1,1
7869,1,1
7870,1,1
7872,1,2
7873,1,1
7874,1,1
7875,1,1
7877,1,2
7878,1,1
7879,1,1
7880,1,1
7881,0,1
7883,1,2
7884,1,1
7885,1,1
7886,1,1
7888,1,2
7889,1,1
7890,1,1
7891,1,1
7893,1,2
7894,1,1
7895,1,1
7896,1,1
7897,1,1
7899,1,2
7900,1,1
7901,1,1
7902,0,1
7904,1,2
7905,1,1
7906,1,1
7908,1,2
7909,1,1
7910,1,1
7911,1,1
7913,1,2
7914,1,1
7915,1,1
7916,1,1
7918,1,2
7919,1,1
7920,1,1
7921,1,1
7923,1,2
7924,1,1
7925,1,1
7927,1,2
7928,1,1
7929,1,1
7930,1,1
7932,1,2
7933,1,1
7934,1,1
7935,1,1
7937,1,2
7938,1,1
7939,1,1
7941,1,2
7942,1,1
7943,1,1
7944,1,1
7946,1,2
7947,1,1
7948,1,1
7949,1,1
7951,1,2
7952,1,1
7953,1,1
7954,1,1
7956,1,2
7957,1,1
7958,1,1
7960,1,2
7961,1,1
7962,1,1
7963,1,1
7965,1,2
7966,1,1
7967,1,1
7969,2,2
7970,1,1
7971,1,1
7972,1,1
7974,2,2
7975,1,1
7976,1,1
7977,1,1
7979,2,2
7980,1,1
7981,1,1
7982,1,1
7984,2,2
7985,1,1
7986,1,1
7987,1,1
7989,2,2
7990,1,1
7991,1,1
7992,1,1
7993,1,1
7995,2,2
7996,1,1
7997,1,1
7998,1,1
8000,2,2
8001,1,1
8002,1,1
8003,1,1
8004,1,1
8006,1,2
8007,1,1
8008,1,1
8009,1,1
8011,2,2
8012,1,1
8013,1,1
8014,1,1
8016,2,2
8017,1,1
8018,1,1
8019,1,1
8020,1,1
8022,1,2
8023,1,1
8024,1,1
8025,1,1
8026,1,1
8028,1,2
8029,1,1
8030,1,1
8032,2,2
8033,1,1
8034,1,1
8035,1,1
8036,1,1
8038,1,2
8039,1,1
8040,1,1
8041,1,1
8043,1,2
8044,1,1
8045,1,1
8046,1,1
8048,1,2
8049,1,1
8050,1,1
8051,1,1
8053,1,2
8054,1,1
8055,1,1
8056,1,1
8058,1,2
8059,1,1
8060,1,1
8061,1,1
8063,1,2
8064,1,1
8065,1,1
8066,1,1
8068,1,2
8069,1,1
8070,1,1
8072,2,2
8073,1,1
8074,1,1
8075,1,1
8076,1,1
8078,1,2
8079,1,1
8080,1,1
8081,1,1
8082,1,1
8084,1,2
8085,1,1
8086,1,1
8088,1,2
8089,1,1
8090,1,1
8091,1,1
8093,1,2
8094,1,1
8095,1,1
8097,2,2
8098,1,1
8099,1,1
8100,1,1
8102,2,2
8103,1,1
8104,1,1
8105,1,1
8107,2,2
8108,1,1
8109,1,1
8110,1,1
8111,1,1
8113,1,2
8114,1,1
8115,1,1
8116,1,1
8118,2,2
8119,1,1
8120,1,1
8122,2,2
8123,1,1
8124,1,1
8125,1,1
8126,1,1
8128,1,2
8130,2,2
8130,1,0
8131,1,1
8133,1,2
8134,1,1
8135,1,1
8136,1,1
8137,1,1
8139,1,2
8140,1,1
8141,1,1
8142,1,1
8144,2,2
8145,1,1
8146,1,1
8147,1,1
8148,1,1
8150,1,2
8151,1,1
8152,1,1
8153,1,1
8154,1,1
8156,1,2
8157,1,1
8158,1,1
8159,1,1
8161,1,2
8162,1,1
8163,1,1
8164,1,1
8165,1,1
8167,1,2
8168,1,1
8169,1,1
8170,1,1
8172,2,2
8173,1,1
8174,1,1
8175,1,1
8176,1,1
8178,1,2
8179,1,1
8180,1,1
8181,1,1
8183,2,2
8184,1,1
8185,1,1
8186,1,1
8187,1,1
8189,1,2
8190,1,1
8191,1,1
8192,1,1
8193,1,1
8195,1,2
8196,1,1
8197,1,1
8198,1,1
8200,2,2
8201,1,1
8202,1,1
8203,1,1
8204,1,1
8206,1,2
8207,1,1
8208,1,1
8209,1,1
8211,2,2
8212,1,1
8213,1,1
8214,1,1
8215,1,1
8217,1,2
8218,1,1
8219,1,1
8220,1,1
8221,1,1
8223,1,2
8224,1,1
8225,1,1
8226,1,1
8228,1,2
8229,1,1
8230,1,1
8231,1,1
8232,1,1
8234,1,2
8235,1,1
8236,1,1
8237,1,1
8239,2,2
8240,1,1
8241,1,1
8242,1,1
8243,1,1
8245,1,2
8246,1,1
8247,1,1
8248,1,1
8250,2,2
8251,1,1
8252,1,1
8253,1,1
8254,1,1
8256,1,2
8257,1,1
8258,1,1
8259,1,1
8261,2,2
8262,1,1
8263,1,1
8264,1,1
8265,1,1
8267,2,2
8268,1,1
8269,1,1
8270,1,1
8271,1,1
8273,1,2
8274,1,1
8275,1,1
8276,1,1
8278,2,2
8279,1,1
8280,1,1
8281,1,1
8282,1,1
8284,1,2
8285,1,1
8286,1,1
8287,1,1
8288,1,1
8290,1,2
8291,1,1
8292,1,1
8293,1,1
8294,1,1
8296,1,2
8297,1,1
8298,1,1
8300,2,2
8300,0,0
8302,1,2
8303,1,1
8304,1,1
8306,2,2
8307,1,1
8308,1,1
8309,1,1
8310,1,1
8312,1,2
8313,1,1
8314,1,1
8315,1,1
8316,1,1
8318,1,2
8319,1,1
8320,1,1
8321,1,1
8323,2,2
8324,1,1
8325,1,1
8326,1,1
8327,1,1
8329,2,2
8330,1,1
8331,1,1
8332,1,1
8333,1,1
8335,1,2
8336,1,1
8337,1,1
8338,1,1
8340,2,2
8341,1,1
8342,1,1
8343,1,1
8344,1,1
8346,2,2
8347,1,1
8348,1,1
8349,1,1
8350,1,1
8351,1,1
8353,1,2
8354,1,1
8355,1,1
8356,1,1
8358,1,2
8359,1,1
8360,1,1
8361,1,1
8363,2,2
8364,1,1
8365,1,1
8366,1,1
8368,1,2
8369,1,1
8370,1,1
8371,1,1
8373,1,2
8374,1,1
8375,1,1
8376,1,1
8378,2,2
8379,1,1
8380,1,1
8381,1,1
8383,2,2
8384,1,1
8385,1,1
8386,1,1
8388,2,2
8389,1,1
8390,1,1
8391,1,1
8393,2,2
8394,1,1
8395,1,1
8396,1,1
8397,1,1
8399,1,2
8400,1,1
8401,1,1
8402,1,1
8404,1,2
8405,1,1
8406,1,1
8407,1,1
8408,1,1
8410,1,2
8411,1,1
8412,1,1
8413,1,1
8415,1,2
8416,1,1
8417,1,1
8418,1,1
8419,1,1
8421,1,2
8422,1,1
8423,1,1
8424,1,1
8425,0,1
8427,1,2
8428,1,1
8429,1,1
8431,2,2
8432,1,1
8433,1,1
8434,1,1
8435,1,1
8437,1,2
8438,1,1
8439,1,1
8440,1,1
8441,1,1
8443,1,2
8444,1,1
8445,1,1
8447,2,2
8448,1,1
8449,1,1
8450,1,1
8451,1,1
8453,2,2
8454,1,1
8455,1,1
8456,1,1
8458,2,2
8459,1,1
8460,1,1
8462,2,2
8463,1,1
8464,1,1
8465,1,1
8466,1,1
8468,1,2
8469,1,1
8470,1,1
8471,1,1
8473,1,2
8474,1,1
8475,1,1
8477,2,2
8478,1,1
8479,1,1
8480,1,1
8481,1,1
8483,1,2
8484,1,1
8485,1,1
8487,2,2
8488,1,1
8489,1,1
8490,1,1
8492,2,2
8493,1,1
8494,1,1
8495,1,1
8496,1,1
8498,1,2
8499,1,1
8500,1,1
8502,2,2
8503,1,1
8504,1,1
8505,1,1
8507,2,2
8508,1,1
8509,1,1
8510,1,1
8512,2,2
8513,1,1
8514,1,1
8515,1,1
8517,2,2
8518,1,1
8519,1,1
8520,1,1
8522,2,2
8523,1,1
8524,1,1
8525,1,1
8527,2,2
8528,1,1
8529,1,1
8530,1,1
8532,2,2
8533,1,1
8534,1,1
8535,1,1
8537,2,2
8538,1,1
8539,1,1
8540,1,1
8541,1,1
8543,1,2
8544,1,1
8545,1,1
8546,1,1
8548,2,2
8549,1,1
8550,1,1
8551,1,1
8553,2,2
8554,1,1
8555,1,1
8556,1,1
8558,2,2
8559,1,1
8560,1,1
8561,1,1
8562,1,1
8564,1,2
8565,1,1
8566,1,1
8567,1,1
8568,0,1
8570,1,2
8571,1,1
8572,1,1
8573,1,1
8575,1,2
8576,1,1
8577,1,1
8578,1,1
8580,1,2
8581,1,1
8582,1,1
8583,1,1
8584,0,1
8586,1,2
8587,1,1
8588,1,1
8590,1,2
8591,1,1
8592,1,1
8593,1,1
8596,2,3
8598,2,2
8599,1,1
8600,1,1
8601,1,1
8603,1,2
8604,1,1
8605,1,1
8607,2,2
8608,1,1
8609,1,1
8610,1,1
8611,1,1
8613,1,2
8614,1,1
8615,1,1
8617,2,2
8618,1,1
8619,1,1
8620,1,1
8622,2,2
8623,1,1
8624,1,1
8625,1,1
8627,1,2
8628,1,1
8629,1,1
8630,1,1
8632,1,2
8633,1,1
8634,1,1
8635,1,1
8637,1,2
8638,1,1
8639,1,1
8640,1,1
8642,1,2
8643,1,1
8644,1,1
8645,1,1
8647,1,2
8648,1,1
8649,1,1
8650,1,1
8652,1,2
8653,1,1
8654,1,1
8655,1,1
8657,1,2
8658,1,1
8659,1,1
8661,2,2
8662,1,1
8663,1,1
8664,1,1
8666,1,2
8667,1,1
8668,1,1
8670,2,2
8671,1,1
8672,1,1
8673,1,1
8675,1,2
8676,1,1
8677,1,1
8678,1,1
8680,1,2
8681,1,1
8682,1,1
8683,1,1
8685,1,2
8686,1,1
8687,1,1
8689,1,2
8690,1,1
8691,1,1
8692,1,1
8694,1,2
8695,1,1
8696,1,1
8698,2,2
8699,1,1
8700,1,1
8701,1,1
8703,1,2
8704,1,1
8705,1,1
8706,1,1
8708,1,2
8709,1,1
8710,1,1
8711,1,1
8713,1,2
8714,1,1
8715,1,1
8716,1,1
8718,2,2
8719,1,1
8720,1,1
8721,1,1
8723,1,2
8724,1,1
8725,1,1
8726,1,1
8728,1,2
8729,1,1
8730,1,1
8731,1,1
8733,1,2
8734,1,1
8735,1,1
8736,1,1
8738,1,2
8739,1,1
8740,1,1
8741,1,1
8743,1,2
8744,1,1
8745,1,1
8746,1,1
8748,1,2
8749,1,1
8750,1,1
8752,2,2
8753,1,1
8754,1,1
8755,1,1
8757,2,2
8758,1,1
8759,1,1
8760,1,1
8762,1,2
8763,1,1
8768,1,5
8772,4,4
8772,2,0
8772,1,0
8773,1,1
8774,0,1
8778,3,4
8780,4,2
8780,3,0
8780,1,0
8784,4,4
8784,3,0
8784,1,0
8785,1,1
8786,1,1
8787,0,1
8789,1,2
8790,1,1
8791,1,1
8792,1,1
8793,0,1
8795,1,2
8796,1,1
8798,1,2
8799,1,1
8800,1,1
8801,1,1
8803,1,2
8804,1,1
8805,1,1
8806,1,1
8808,1,2
8809,1,1
8810,1,1
8812,1,2
8813,1,1
8814,1,1
8816,1,2
8817,1,1
8819,1,2
8820,1,1
8821,1,1
8823,1,2
8824,1,1
8825,1,1
8827,1,2
8828,1,1
8829,1,1
8831,1,2
8832,1,1
8833,0,1
8835,1,2
8836,1,1
8838,1,2
8839,1,1
8840,1,1
8842,1,2
8843,1,1
8844,1,1
8846,1,2
8847,1,1
8848,1,1
8850,1,2
8851,1,1
8854,3,3
8854,1,0
8855,1,1
8856,1,1
8858,1,2
8859,1,1
8861,1,2
8862,1,1
8863,1,1
8865,1,2
8866,1,1
8868,2,2
8869,1,1
8870,1,1
8872,1,2
8873,1,1
8874,1,1
8876,1,2
8877,1,1
8878,1,1
8880,1,2
8881,1,1
8882,0,1
8884,1,2
8885,1,1
8886,0,1
8888,1,2
8889,1,1
8891,1,2
8892,1,1
8896,3,4
8896,2,0
8897,1,1
8898,1,1
8899,1,1
8901,1,2
8902,1,1
8903,1,1
8905,1,2
8906,1,1
8907,1,1
8909,1,2
8910,1,1
8912,1,2
8913,1,1
8914,1,1
8916,1,2
8917,1,1
8918,1,1
8920,1,2
8921,1,1
8922,1,1
8924,1,2
8925,1,1
8926,1,1
8928,1,2
8929,1,1
8931,1,2
8932,1,1
8933,1,1
8935,1,2
8937,2,2
8937,0,0
8939,1,2
8940,1,1
8942,1,2
8943,1,1
8945,2,2
8945,0,0
8947,1,2
8948,1,1
8949,1,1
8950,0,1
8952,1,2
8953,1,1
8954,1,1
8955,0,1
8957,1,2
8961,4,4
8961,3,0
8961,1,0
8962,1,1
8963,1,1
8964,1,1
8966,1,2
8967,1,1
8968,1,1
8969,1,1
8971,1,2
8972,1,1
8973,1,1
8974,1,1
8975,0,1
8977,1,2
8978,1,1
8979,1,1
8981,1,2
8982,1,1
8983,1,1
8984,1,1
8985,0,1
8987,1,2
8988,1,1
8989,1,1
8990,0,1
8992,1,2
8993,1,1
8994,1,1
8995,0,1
8997,1,2
8998,1,1
8999,1,1
9000,1,1
9002,1,2
9003,1,1
9004,1,1
9006,1,2
9007,1,1
9008,1,1
9010,2,2
9011,1,1
9012,1,1
9013,1,1
9015,2,2
9016,1,1
9017,1,1
9020,1,3
9021,1,1
9022,1,1
9024,1,2
9025,1,1
9026,1,1
9027,1,1
9028,0,1
9030,1,2
9031,1,1
9032,1,1
9033,1,1
9034,0,1
9036,1,2
9037,1,1
9038,1,1
9039,0,1
9041,1,2
9042,1,1
9043,1,1
9044,1,1
9046,1,2
9047,1,1
9048,1,1
9049,1,1
9050,1,1
9052,1,2
9053,1,1
9054,1,1
9055,1,1
9057,1,2
9058,1,1
9059,1,1
9060,1,1
9061,0,1
9063,1,2
9064,1,1
9065,1,1
9067,1,2
9068,1,1
9069,1,1
9071,1,2
9072,1,1
9073,1,1
9075,1,2
9076,1,1
9077,1,1
9079,1,2
9080,1,1
9081,1,1
9083,1,2
9084,1,1
9085,1,1
9087,1,2
9088,1,1
9089,1,1
9091,1,2
9092,1,1
9094,1,2
9096,1,2
9097,1,1
9099,1,2
9101,1,2
9103,1,2
9104,1,1
9105,1,1
9106,1,1
9108,1,2
9109,1,1
9110,1,1
9111,1,1
9113,1,2
9114,1,1
9115,1,1
9117,2,2
9118,1,1
9119,1,1
9120,1,1
9121,1,1
9123,1,2
9124,1,1
9125,1,1
9127,2,2
9128,1,1
9129,1,1
9130,1,1
9132,1,2
9133,1,1
9134,1,1
9135,1,1
9137,1,2
9138,1,1
9139,1,1
9140,1,1
9142,1,2
9143,1,1
9144,1,1
9145,1,1
9147,1,2
9148,1,1
9149,1,1
9150,1,1
9152,1,2
9153,1,1
9154,1,1
9156,1,2
9157,1,1
9158,1,1
9159,1,1
9161,1,2
9162,1,1
9163,1,1
9165,2,2
9166,1,1
9167,1,1
9168,1,1
9169,1,1
9171,1,2
9172,1,1
9173,1,1
9175,2,2
9176,1,1
9177,1,1
9178,1,1
9180,1,2
9181,1,1
9182,1,1
9184,2,2
9185,1,1
9186,1,1
9187,1,1
9189,2,2
9190,1,1
9191,1,1
9192,1,1
9193,1,1
9195,1,2
9196,1,1
9197,1,1
9198,0,1
9200,1,2
9201,1,1
9202,1,1
9204,1,2
9205,1,1
9206,1,1
9207,1,1
9209,1,2
9210,1,1
9211,1,1
9212,1,1
9214,1,2
9215,1,1
9216,1,1
9218,1,2
9219,1,1
9220,1,1
9221,1,1
9223,1,2
9224,1,1
9225,1,1
9226,1,1
9228,1,2
9229,1,1
9230,1,1
9231,1,1
9233,1,2
9234,1,1
9235,1,1
9237,1,2
9238,1,1
9239,1,1
9240,1,1
9242,1,2
9243,1,1
9244,1,1
9245,1,1
9247,1,2
9248,1,1
9249,1,1
9250,1,1
9252,1,2
9253,1,1
9254,1,1
9256,2,2
9257,1,1
9258,1,1
9259,1,1
9260,1,1
9262,1,2
9263,1,1
9264,1,1
9265,1,1
9267,1,2
9268,1,1
9269,1,1
9270,1,1
9272,1,2
9273,1,1
9274,1,1
9275,1,1
9277,1,2
9278,1,1
9279,1,1
9280,1,1
9282,1,2
9283,1,1
9284,1,1
9285,1,1
9287,1,2
9288,1,1
9289,1,1
9290,1,1
9292,1,2
9293,1,1
9294,1,1
9295,1,1
9297,1,2
9298,1,1
9299,1,1
9300,1,1
9301,1,1
9303,1,2
9304,1,1
9305,1,1
9306,1,1
9308,1,2
9309,1,1
9310,1,1
9311,1,1
9312,1,1
9314,1,2
9315,1,1
9316,1,1
9317,1,1
9319,1,2
9320,1,1
9321,1,1
9323,2,2
9324,1,1
9325,1,1
9326,1,1
9328,2,2
9329,1,1
9330,1,1
9331,1,1
9332,1,1
9334,1,2
9335,1,1
9336,1,1
9337,1,1
9340,2,3
9341,1,1
9342,1,1
9343,1,1
9344,1,1
9346,1,2
9347,1,1
9348,1,1
9349,1,1
9351,1,2
9352,1,1
9353,1,1
9354,1,1
9356,1,2
9357,1,1
9358,1,1
9359,1,1
9361,1,2
9362,1,1
9363,1,1
9364,1,1
9366,1,2
9367,1,1
9368,1,1
9369,1,1
9371,1,2
9372,1,1
9373,1,1
9375,2,2
9376,1,1
9377,1,1
9378,1,1
9380,2,2
9381,1,1
9382,1,1
9383,1,1
9384,1,1
9386,1,2
9387,1,1
9388,1,1
9389,1,1
9391,1,2
9392,1,1
9393,1,1
9394,1,1
9396,1,2
9397,1,1
9398,1,1
9400,1,2
9401,1,1
9402,1,1
9403,1,1
9405,1,2
9406,1,1
9407,1,1
9408,1,1
9410,1,2
9411,1,1
9412,1,1
9413,1,1
9415,1,2
9416,1,1
9417,1,1
9418,1,1
9420,1,2
9421,1,1
9423,2,2
9424,1,1
9426,2,2
9427,1,1
9428,1,1
9429,1,1
9431,1,2
9432,1,1
9433,1,1
9434,1,1
9436,1,2
9437,1,1
9438,1,1
9439,1,1
9441,1,2
9442,1,1
9443,1,1
9444,1,1
9445,0,1
9447,1,2
9448,1,1
9449,1,1
9451,1,2
9452,1,1
9453,1,1
9454,1,1
9456,1,2
9457,1,1
9458,1,1
9459,1,1
9461,1,2
9462,1,1
9463,1,1
9464,0,1
9466,1,2
9467,1,1
9468,1,1
9470,1,2
9471,1,1
9472,1,1
9473,1,1
9475,1,2
9476,1,1
9477,1,1
9478,1,1
9480,1,2
9481,1,1
9482,1,1
9484,1,2
9485,1,1
9486,1,1
9487,1,1
9489,1,2
9490,1,1
9491,1,1
9492,1,1
9494,1,2
9495,1,1
9496,1,1
9497,1,1
9499,1,2
9500,1,1
9501,1,1
9502,1,1
9504,1,2
9505,1,1
9506,1,1
9507,1,1
9509,1,2
9510,1,1
9511,1,1
9513,1,2
9514,1,1
9515,1,1
9516,1,1
9518,1,2
9519,1,1
9520,1,1
9521,1,1
9522,0,1
9524,1,2
9525,1,1
9527,2,2
9528,1,1
9529,1,1
9530,1,1
9532,2,2
9533,1,1
9534,1,1
9535,1,1
9537,2,2
9538,1,1
9539,1,1
9540,1,1
9541,1,1
9543,1,2
9544,1,1
9545,1,1
9546,1,1
9548,1,2
9549,1,1
9550,1,1
9552,1,2
9553,1,1
9554,1,1
9555,1,1
9557,1,2
9558,1,1
9559,1,1
9560,1,1
9562,1,2
9563,1,1
9564,1,1
9565,1,1
9567,1,2
9568,1,1
9569,1,1
9571,1,2
9572,1,1
9573,1,1
9574,1,1
9576,1,2
9577,1,1
9578,1,1
9579,1,1
9581,1,2
9582,1,1
9583,1,1
9584,1,1
9585,0,1
9587,1,2
9588,1,1
9590,2,2
9591,1,1
9592,1,1
9593,1,1
9595,2,2
9596,1,1
9597,1,1
9598,1,1
9600,1,2
9601,1,1
9602,1,1
9603,1,1
9605,1,2
9606,1,1
9607,1,1
9608,1,1
9610,1,2
9611,1,1
9612,1,1
9614,2,2
9615,1,1
9616,1,1
9617,1,1
9618,0,1
9620,1,2
9621,1,1
9622,1,1
9623,0,1
9625,1,2
9626,1,1
9628,2,2
9629,1,1
9630,1,1
9631,1,1
9632,1,1
9633,0,1
9635,1,2
9636,1,1
9637,1,1
9638,0,1
9640,1,2
9641,1,1
9642,1,1
9644,2,2
9645,1,1
9646,1,1
9647,1,1
9648,0,1
9650,1,2
9651,1,1
9652,1,1
9653,0,1
9655,1,2
9656,1,1
9657,1,1
9659,2,2
9660,1,1
9661,1,1
9662,1,1
9664,1,2
9665,1,1
9666,1,1
9667,1,1
9668,1,1
9670,1,2
9671,1,1
9672,1,1
9673,1,1
9675,1,2
9676,1,1
9677,1,1
9678,1,1
9680,1,2
9681,1,1
9682,1,1
9684,1,2
9685,1,1
9686,1,1
9687,1,1
9688,0,1
9691,2,3
9691,1,0
9692,1,1
9693,0,1
9695,1,2
9696,1,1
9697,1,1
9698,1,1
9700,1,2
9701,1,1
9702,1,1
9703,1,1
9705,1,2
9706,1,1
9707,1,1
9708,1,1
9710,1,2
9711,1,1
9712,1,1
9714,2,2
9715,1,1
9716,1,1
9717,1,1
9719,1,2
9720,1,1
9721,1,1
9722,1,1
9723,0,1
9725,1,2
9726,1,1
9727,1,1
9728,0,1
9730,1,2
9731,1,1
9732,1,1
9734,1,2
9735,1,1
9736,1,1
9737,1,1
9739,1,2
9740,1,1
9741,1,1
9742,1,1
9743,0,1
9745,1,2
9746,1,1
9747,1,1
9748,0,1
9750,1,2
9751,1,1
9752,1,1
9754,1,2
9755,1,1
9756,1,1
9757,1,1
9759,1,2
9760,1,1
9761,1,1
9762,1,1
9764,1,2
9765,1,1
9766,1,1
9767,1,1
9769,1,2
9770,1,1
9771,1,1
9772,1,1
9774,1,2
9775,1,1
9776,1,1
9777,1,1
9779,1,2
9780,1,1
9781,1,1
9783,2,2
9784,1,1
9785,1,1
9786,1,1
9788,1,2
9789,1,1
9790,1,1
9791,1,1
9793,1,2
9794,1,1
9795,1,1
9796,1,1
9798,1,2
9799,1,1
9800,1,1
9801,1,1
9803,2,2
9804,1,1
9805,1,1
9806,1,1
9808,2,2
9809,1,1
9810,1,1
9811,1,1
9812,1,1
9814,1,2
9815,1,1
9816,1,1
9817,1,1
9819,1,2
9820,1,1
9821,1,1
9823,2,2
9824,1,1
9825,1,1
9826,1,1
9828,2,2
9829,1,1
9830,1,1
9831,1,1
9833,2,2
9834,1,1
9835,1,1
9836,1,1
9838,1,2
9839,1,1
9840,1,1
9841,1,1
9843,2,2
9844,1,1
9845,1,1
9846,1,1
9848,2,2
9849,1,1
9850,1,1
9851,1,1
9853,2,2
9854,1,1
9855,1,1
9856,1,1
9858,1,2
9859,1,1
9860,1,1
9861,1,1
9863,1,2
9864,1,1
9865,1,1
9866,1,1
9868,1,2
9869,1,1
9870,1,1
9871,1,1
9873,1,2
9874,1,1
9875,1,1
9876,1,1
9878,1,2
9879,1,1
9880,1,1
9881,1,1
9883,1,2
9884,1,1
9885,1,1
9886,1,1
9888,1,2
9889,1,1
9890,1,1
9891,1,1
9897,5,6
9897,4,0
9897,3,0
9897,1,0
9898,1,1
9899,1,1
9900,1,1
9901,0,1
9903,1,2
9904,1,1
9905,1,1
9907,1,2
9908,1,1
9909,1,1
9911,1,2
9912,1,1
9913,1,1
9914,1,1
9916,1,2
9917,1,1
9918,1,1
9919,1,1
9921,1,2
9922,1,1
9923,1,1
9924,0,1
9926,1,2
9927,1,1
9928,1,1
9930,1,2
9931,1,1
9932,1,1
9933,0,1
9935,1,2
9936,1,1
9937,1,1
9939,1,2
9940,1,1
9941,1,1
9942,0,1
9944,1,2
9945,1,1
9946,1,1
9948,1,2
9949,1,1
9950,1,1
9952,1,2
9953,1,1
9954,1,1
9955,1,1
9957,1,2
9958,1,1
9959,1,1
9960,1,1
9962,1,2
9963,1,1
9964,1,1
9965,1,1
9967,1,2
9968,1,1
9969,1,1
9970,1,1
9972,1,2
9973,1,1
9974,1,1
9976,2,2
9977,1,1
9978,1,1
9979,1,1
9980,1,1
9983,2,3
9984,2,1
9985,1,1
9986,1,1
9987,1,1
9989,1,2
9991,2,2
9992,1,1
9993,1,1
9995,1,2
9996,1,1
9997,1,1
9999,1,2
10000,1,1
10001,1,1
10002,1,1
10004,1,2
10005,1,1
10006,1,1
10007,1,1
10009,1,2
10010,1,1
10011,1,1
10013,2,2
10014,1,1
10015,1,1
10016,1,1
10017,1,1
10018,1,1
10020,1,2
10021,1,1
10022,1,1
10024,2,2
10025,1,1
10026,1,1
10027,1,1
10028,1,1
10030,1,2
10031,1,1
10032,1,1
10033,1,1
10035,1,2
10036,1,1
10037,1,1
10038,1,1
10040,1,2
10041,1,1
10042,1,1
10043,1,1
10045,1,2
10046,1,1
10047,1,1
10048,1,1
10049,0,1
10051,1,2
10052,1,1
10053,1,1
10055,1,2
10056,1,1
10057,1,1
10058,1,1
10059,1,1
10061,1,2
10062,1,1
10063,1,1
10064,1,1
10066,1,2
10067,1,1
10068,1,1
10070,1,2
10071,1,1
10072,1,1
10073,1,1
10074,0,1
10076,1,2
10077,1,1
10078,1,1
10080,1,2
10081,1,1
10082,1,1
10083,1,1
10085,1,2
10086,1,1
10087,1,1
10088,1,1
10089,0,1
10091,1,2
10092,1,1
10093,1,1
10094,0,1
10096,1,2
10097,1,1
10098,1,1
10099,0,1
10101,1,2
10102,1,1
10103,1,1
10105,1,2
10106,1,1
10107,1,1
10108,0,1
10110,1,2
10111,1,1
10112,1,1
10113,0,1
10115,1,2
10116,1,1
10117,1,1
10118,0,1
10120,1,2
10121,1,1
10122,1,1
10124,1,2
10125,1,1
10126,1,1
10127,0,1
10129,1,2
10130,1,1
10131,1,1
10132,0,1
10134,1,2
10135,1,1
10136,1,1
10137,1,1
10139,1,2
10140,1,1
10141,1,1
10143,1,2
10144,1,1
10145,1,1
10146,1,1
10147,0,1
10149,1,2
10150,1,1
10151,1,1
10152,0,1
10154,1,2
10155,1,1
10156,1,1
10157,0,1
10159,1,2
10160,1,1
10161,1,1
10162,0,1
10164,1,2
10165,1,1
10166,0,1
10168,1,2
10169,1,1
10170,1,1
10171,0,1
10173,1,2
10174,1,1
10175,1,1
10177,1,2
10178,1,1
10179,1,1
10180,1,1
10181,0,1
10183,1,2
10184,1,1
10185,1,1
10186,0,1
10188,1,2
10189,1,1
10190,0,1
10192,1,2
10193,1,1
10194,1,1
10195,0,1
10197,1,2
10198,1,1
10199,1,1
10201,1,2
10202,1,1
10203,1,1
10204,1,1
10206,1,2
10207,1,1
10208,1,1
10209,1,1
10211,1,2
10212,1,1
10213,1,1
10214,0,1
10216,1,2
10217,1,1
10219,1,2
10221,1,2
10223,1,2
10224,0,1
10226,1,2
10228,1,2
10230,1,2
10232,1,2
10234,1,2
10236,1,2
10238,1,2
10239,1,1
10241,1,2
10243,1,2
10244,1,1
10245,1,1
10246,1,1
10248,1,2
10249,1,1
10250,1,1
10251,1,1
10253,2,2
10254,1,1
10255,1,1
10256,1,1
10257,1,1
10259,1,2
10260,1,1
10261,1,1
10262,1,1
10264,1,2
10265,1,1
10266,1,1
10267,1,1
10268,0,1
10270,1,2
10271,1,1
10272,1,1
10273,0,1
10278,4,5
10278,3,0
10278,2,0
10279,2,1
10280,1,1
10281,1,1
10282,1,1
10284,2,2
10285,1,1
10286,1,1
10287,1,1
10289,2,2
10290,1,1
10291,1,1
10292,1,1
10293,1,1
10295,1,2
10296,1,1
10297,1,1
10298,1,1
10300,2,2
10301,1,1
10302,1,1
10303,1,1
10305,2,2
10306,1,1
10307,1,1
10308,1,1
10310,2,2
10311,1,1
10312,1,1
10313,1,1
10314,1,1
10316,1,2
10317,1,1
10318,1,1
10319,1,1
10320,1,1
10322,1,2
10323,1,1
10324,1,1
10325,1,1
10326,1,1
10328,1,2
10329,1,1
10330,1,1
10331,1,1
10333,1,2
10334,1,1
10335,1,1
10336,0,1
10338,1,2
10339,1,1
10340,1,1
10342,1,2
10343,1,1
10344,1,1
10345,1,1
10347,1,2
10348,1,1
10349,1,1
10350,1,1
10352,1,2
10353,1,1
10354,1,1
10355,1,1
10357,1,2
10358,1,1
10359,1,1
10361,2,2
10362,1,1
10363,1,1
10364,1,1
10365,1,1
10367,1,2
10368,1,1
10369,1,1
10371,1,2
10372,1,1
10373,1,1
10374,1,1
10376,1,2
10377,1,1
10378,1,1
10379,1,1
10381,1,2
10382,1,1
10383,1,1
10384,1,1
10386,1,2
10387,1,1
10388,1,1
10389,1,1
10391,2,2
10392,1,1
10393,1,1
10394,1,1
10396,2,2
10397,1,1
10398,1,1
10399,1,1
10400,1,1
10402,1,2
10403,1,1
10404,1,1
10405,1,1
10406,1,1
10408,1,2
10409,1,1
10410,1,1
10412,2,2
10413,1,1
10414,1,1
10415,1,1
10416,1,1
10418,1,2
10419,1,1
10420,1,1
10421,1,1
10423,1,2
10424,1,1
10425,1,1
10426,1,1
10428,1,2
10429,1,1
10430,1,1
10432,2,2
10433,1,1
10434,1,1
10435,1,1
10436,1,1
10438,1,2
10439,1,1
10440,1,1
10442,1,2
10443,1,1
10444,1,1
10445,1,1
10447,1,2
10448,1,1
10449,1,1
10450,1,1
10452,1,2
10453,1,1
10454,1,1
10455,1,1
10457,1,2
10458,1,1
10459,1,1
10460,1,1
10462,1,2
10463,1,1
10464,1,1
10465,1,1
10467,2,2
10468,1,1
10469,1,1
10470,1,1
10471,1,1
10473,1,2
10474,1,1
10475,1,1
10477,2,2
10478,1,1
10479,1,1
10480,1,1
10482,2,2
10483,1,1
10484,1,1
10485,1,1
10486,1,1
10487,1,1
10489,1,2
10490,1,1
10491,1,1
10492,1,1
10494,1,2
10495,1,1
10496,1,1
10497,1,1
10499,1,2
10500,1,1
10501,1,1
10503,2,2
10504,1,1
10505,1,1
10506,1,1
10508,2,2
10509,1,1
10510,1,1
10511,1,1
10512,1,1
10514,1,2
10515,1,1
10516,1,1
10517,1,1
10519,1,2
10520,1,1
10521,1,1
10523,1,2
10524,1,1
10525,1,1
10527,1,2
10528,1,1
10529,1,1
10531,1,2
10532,1,1
10533,1,1
10535,1,2
10536,1,1
10537,1,1
10539,1,2
10540,1,1
10542,2,2
10543,1,1
10544,1,1
10546,1,2
10547,1,1
10548,1,1
10550,1,2
10551,1,1
10552,1,1
10554,1,2
10555,1,1
10557,2,2
10558,1,1
10559,1,1
10561,1,2
10562,1,1
10563,1,1
10565,1,2
10566,1,1
10567,1,1
10569,1,2
10570,1,1
10572,1,2
10573,1,1
10574,1,1
10576,1,2
10577,1,1
10578,1,1
10580,1,2
10581,1,1
10583,2,2
10584,1,1
10585,1,1
10587,1,2
10588,1,1
10589,1,1
10591,1,2
10592,1,1
10593,1,1
10595,1,2
10596,1,1
10597,1,1
10599,1,2
10600,1,1
10602,1,2
10603,1,1
10604,1,1
10606,1,2
10607,1,1
10608,1,1
10610,1,2
10611,1,1
10613,1,2
10614,1,1
10615,1,1
10616,1,1
10618,1,2
10619,1,1
10620,1,1
10621,1,1
10623,1,2
10624,1,1
10625,1,1
10626,1,1
10628,1,2
10629,1,1
10630,1,1
10632,1,2
10633,1,1
10634,1,1
10635,1,1
10637,1,2
10638,1,1
10639,1,1
10640,1,1
10642,2,2
10643,1,1
10644,1,1
10645,1,1
10647,2,2
10648,1,1
10649,1,1
10650,1,1
10652,1,2
10653,1,1
10654,1,1
10656,2,2
10657,1,1
10658,1,1
10659,1,1
10661,1,2
10662,1,1
10663,1,1
10664,1,1
10665,0,1
10667,1,2
10668,1,1
10669,1,1
10670,0,1
10672,1,2
10673,1,1
10674,1,1
10676,2,2
10677,1,1
10678,1,1
10679,1,1
10680,1,1
10682,1,2
10683,1,1
10684,1,1
10685,1,1
10686,1,1
10688,1,2
10689,1,1
10690,1,1
10692,1,2
10693,1,1
10694,1,1
10695,1,1
10696,0,1
10698,1,2
10699,1,1
10700,1,1
10702,2,2
10703,1,1
10704,1,1
10705,1,1
10706,1,1
10708,1,2
10709,1,1
10710,1,1
10712,2,2
10713,1,1
10714,1,1
10715,1,1
10717,2,2
10718,1,1
10719,1,1
10720,1,1
10721,1,1
10723,1,2
10724,1,1
10725,1,1
10726,1,1
10728,1,2
10729,1,1
10730,1,1
10731,1,1
10733,1,2
10734,1,1
10735,1,1
10736,1,1
10737,1,1
10739,1,2
10740,1,1
10741,1,1
10742,1,1
10744,1,2
10745,1,1
10746,1,1
10747,1,1
10748,1,1
10750,1,2
10751,1,1
10752,1,1
10753,1,1
10754,1,1
10756,1,2
10757,1,1
10758,1,1
10760,2,2
10761,1,1
10762,1,1
10763,1,1
10764,1,1
10766,2,2
10767,1,1
10768,1,1
10769,1,1
10770,1,1
10772,1,2
10773,1,1
10774,0,1
10776,1,2
10777,1,1
10778,0,1
10780,1,2
10781,1,1
10783,1,2
10784,1,1
10785,1,1
10787,1,2
10788,1,1
10790,1,2
10791,1,1
10792,1,1
10794,1,2
10795,1,1
10796,1,1
10798,1,2
10799,1,1
10801,1,2
10802,1,1
10803,1,1
10805,1,2
10806,1,1
10807,1,1
10809,1,2
10810,1,1
10812,1,2
10813,1,1
10814,1,1
10816,1,2
10817,1,1
10818,1,1
10820,1,2
10821,1,1
10822,1,1
10824,1,2
10825,1,1
10827,1,2
10828,1,1
10829,1,1
10831,1,2
10832,1,1
10833,1,1
10835,1,2
10836,1,1
10837,1,1
10839,1,2
10840,1,1
10842,1,2
10843,1,1
10844,1,1
10846,1,2
10847,1,1
10849,2,2
10850,1,1
10851,1,1
10852,1,1
10854,1,2
10855,1,1
10857,1,2
10858,1,1
10859,1,1
10861,1,2
10862,1,1
10864,1,2
10865,1,1
10866,1,1
10868,1,2
10869,1,1
10872,3,3
10872,1,0
10873,1,1
10874,1,1
10876,1,2
10877,1,1
10878,0,1
10880,1,2
10881,1,1
10883,1,2
10884,1,1
10885,1,1
10887,1,2
10888,1,1
10890,1,2
10891,1,1
10892,1,1
10896,3,4
10896,2,0
10897,2,1
10898,1,1
10899,1,1
10900,1,1
10902,1,2
10903,1,1
10904,1,1
10906,1,2
10907,1,1
10909,1,2
10910,1,1
10911,1,1
10913,1,2
10914,1,1
10915,1,1
10917,1,2
10918,1,1
10919,0,1
10921,1,2
10922,1,1
10924,1,2
10925,1,1
10926,1,1
10928,1,2
10929,1,1
10931,1,2
10932,1,1
10933,1,1
10935,1,2
10936,1,1
10938,1,2
10939,1,1
10940,1,1
10942,1,2
10943,1,1
10945,2,2
10946,1,1
10947,1,1
10949,1,2
10950,1,1
10951,1,1
10953,1,2
10954,1,1
10955,1,1
10957,1,2
10958,1,1
10960,2,2
10961,1,1
10962,1,1
10964,1,2
10965,1,1
10966,1,1
10968,1,2
10969,1,1
10970,1,1
10972,1,2
10973,1,1
10974,1,1
10976,1,2
10977,1,1
10978,1,1
10979,0,1
10981,1,2
10982,1,1
10983,1,1
10985,1,2
10986,1,1
10987,1,1
10988,1,1
10990,1,2
10991,1,1
10992,1,1
10993,0,1
10995,1,2
10996,1,1
10997,1,1
10999,1,2
11000,1,1
11001,1,1
11002,1,1
11004,1,2
11005,1,1
11006,1,1
11007,0,1
11009,1,2
11010,1,1
11011,1,1
11013,1,2
11014,1,1
11015,1,1
11017,1,2
11018,1,1
11019,1,1
11020,1,1
11021,0,1
11023,1,2
11024,1,1
11025,1,1
11027,1,2
11028,1,1
11029,1,1
11031,1,2
11032,1,1
11033,1,1
11034,1,1
11036,1,2
11037,1,1
11038,1,1
11039,0,1
11041,1,2
11042,1,1
11043,1,1
11044,0,1
11046,1,2
11047,1,1
11048,1,1
11050,1,2
11051,1,1
11052,1,1
11053,0,1
11055,1,2
11056,1,1
11057,1,1
11058,0,1
11060,1,2
11061,1,1
11062,0,1
11064,1,2
11065,1,1
11066,1,1
11068,1,2
11069,1,1
11070,1,1
11071,1,1
11073,1,2
11074,1,1
11075,1,1
11076,0,1
11078,1,2
11080,1,2
11081,1,1
11082,1,1
11084,1,2
11085,1,1
11086,1,1
11087,0,1
11089,1,2
11090,1,1
11091,1,1
11092,0,1
11094,1,2
11095,1,1
11096,0,1
11098,1,2
11099,1,1
11100,1,1
11102,1,2
11103,1,1
11107,4,4
11107,2,0
11107,1,0
11108,1,1
11109,1,1
11111,1,2
11112,1,1
11113,1,1
11114,1,1
11115,1,1
11117,1,2
11118,1,1
11119,1,1
11120,1,1
11121,1,1
11123,1,2
11124,1,1
11125,1,1
11126,1,1
11127,1,1
11129,1,2
11130,1,1
11131,1,1
11132,1,1
11134,2,2
11135,1,1
11136,1,1
11137,1,1
11138,1,1
11140,1,2
11141,1,1
11142,1,1
11143,1,1
11144,1,1
11146,1,2
11147,1,1
11148,1,1
11149,1,1
11151,2,2
11152,1,1
11153,1,1
11154,1,1
11155,1,1
11157,1,2
11158,1,1
11159,1,1
11160,1,1
11161,1,1
11163,1,2
11164,1,1
11165,1,1
11166,1,1
11168,1,2
11169,1,1
11170,1,1
11172,2,2
11173,1,1
11174,1,1
11175,1,1
11176,1,1
11178,1,2
11179,1,1
11180,1,1
11181,1,1
11182,1,1
11184,1,2
11185,1,1
11186,1,1
11187,1,1
11188,1,1
11190,1,2
11191,1,1
11192,1,1
11193,1,1
11194,1,1
11196,1,2
11197,1,1
11198,1,1
11200,1,2
11201,1,1
11202,1,1
11203,1,1
11205,1,2
11206,1,1
11207,1,1
11208,1,1
11210,1,2
11211,1,1
11212,1,1
11213,0,1
11215,1,2
11216,1,1
11217,1,1
11219,1,2
11220,1,1
11221,1,1
11222,1,1
11224,1,2
11225,1,1
11226,1,1
11228,1,2
11229,1,1
11230,1,1
11231,1,1
11233,1,2
11234,1,1
11235,1,1
11236,0,1
11238,1,2
11239,1,1
11240,1,1
11242,1,2
11243,1,1
11244,1,1
11245,1,1
11247,1,2
11248,1,1
11249,1,1
11250,0,1
11252,1,2
11253,1,1
11254,0,1
11256,1,2
11257,1,1
11258,1,1
11260,1,2
11261,1,1
11262,1,1
11264,1,2
11265,1,1
11267,1,2
11268,1,1
11269,1,1
11271,1,2
11272,1,1
11273,1,1
11275,1,2
11276,1,1
11277,1,1
11279,1,2
11280,1,1
11281,0,1
11283,1,2
11284,1,1
11286,1,2
11288,1,2
11289,1,1
11290,1,1
11291,0,1
11293,1,2
11294,1,1
11296,1,2
11297,1,1
11298,1,1
11300,1,2
11301,1,1
11302,1,1
11304,1,2
11305,1,1
11306,1,1
11308,1,2
11309,1,1
11310,0,1
11312,1,2
11313,1,1
11315,1,2
11316,1,1
11317,1,1
11319,1,2
11320,1,1
11321,1,1
11323,1,2
11324,1,1
11326,1,2
11327,1,1
11328,1,1
11330,1,2
11331,1,1
11332,1,1
11334,1,2
11335,1,1
11336,1,1
11338,1,2
11339,1,1
11340,1,1
11342,1,2
11343,1,1
11344,1,1
11346,1,2
11347,1,1
11349,1,2
11350,1,1
11351,1,1
11353,1,2
11354,1,1
11355,1,1
11357,1,2
11358,1,1
11359,1,1
11361,1,2
11362,1,1
11363,1,1
11365,1,2
11366,1,1
11367,1,1
11369,1,2
11370,1,1
11371,1,1
11373,1,2
11374,1,1
11375,1,1
11377,1,2
11378,1,1
11379,1,1
11381,1,2
11382,1,1
11384,1,2
11385,1,1
11386,1,1
11388,1,2
11389,1,1
11390,1,1
11392,1,2
11393,1,1
11395,1,2
11396,1,1
11397,1,1
11399,1,2
11400,1,1
11402,1,2
11403,1,1
11404,1,1
11406,1,2
11407,1,1
11408,1,1
11410,1,2
11411,1,1
11413,2,2
11414,1,1
11415,1,1
11417,1,2
11418,1,1
11419,1,1
11421,1,2
11422,1,1
11424,2,2
11425,1,1
11426,1,1
11428,1,2
11429,1,1
11430,1,1
11432,1,2
11433,1,1
11434,0,1
11436,1,2
11437,1,1
11439,1,2
11440,1,1
11441,1,1
11443,1,2
11444,1,1
11445,0,1
11447,1,2
11448,1,1
11450,1,2
11451,1,1
11452,1,1
11454,1,2
11455,1,1
11456,0,1
11458,1,2
11459,1,1
11461,1,2
11462,1,1
11463,1,1
11465,1,2
11466,1,1
11468,1,2
11469,1,1
11470,1,1
11472,1,2
11473,1,1
11474,1,1
11476,1,2
11477,1,1
11479,1,2
11480,1,1
11481,1,1
11483,1,2
11484,1,1
11485,1,1
11487,1,2
11488,1,1
11490,1,2
11491,1,1
11492,1,1
11494,1,2
11495,1,1
11496,1,1
11498,1,2
11499,1,1
11500,1,1
11502,1,2
11503,1,1
11505,1,2
11506,1,1
11507,1,1
11509,1,2
11510,1,1
11511,1,1
11513,1,2
11514,1,1
11515,1,1
11517,1,2
11518,1,1
11520,1,2
11521,1,1
11522,1,1
11523,0,1
11525,1,2
11526,1,1
11528,1,2
11529,1,1
11530,1,1
11532,1,2
11533,1,1
11534,1,1
11536,1,2
11537,1,1
11538,1,1
11540,1,2
11541,1,1
11542,1,1
11544,1,2
11545,1,1
11546,1,1
11548,1,2
11549,1,1
11551,2,2
11552,1,1
11553,1,1
11555,1,2
11556,1,1
11557,1,1
11559,1,2
11560,1,1
11561,1,1
11562,0,1
11564,1,2
11565,1,1
11567,1,2
11568,1,1
11569,1,1
11571,1,2
11572,1,1
11573,1,1
11575,1,2
11576,1,1
11577,0,1
11579,1,2
11580,1,1
11581,0,1
11583,1,2
11584,1,1
11586,1,2
11587,1,1
11588,1,1
11590,1,2
11591,1,1
11592,1,1
11594,1,2
11595,1,1
11597,1,2
11598,1,1
11599,1,1
11601,1,2
11602,1,1
11603,1,1
11605,1,2
11606,1,1
11608,2,2
11609,1,1
11610,1,1
11612,2,2
11613,1,1
11614,1,1
11616,2,2
11617,1,1
11619,1,2
11620,1,1
11621,1,1
11623,1,2
11624,1,1
11625,1,1
11627,1,2
11628,1,1
11629,1,1
11631,1,2
11632,1,1
11633,0,1
11635,1,2
11636,1,1
11638,1,2
11639,1,1
11640,1,1
11642,1,2
11643,1,1
11644,1,1
11646,1,2
11647,1,1
11649,1,2
11650,1,1
11651,1,1
11653,1,2
11654,1,1
11656,2,2
11657,1,1
11658,1,1
11660,1,2
11661,1,1
11662,1,1
11664,1,2
11665,1,1
11666,1,1
11667,1,1
11669,1,2
11670,1,1
11671,1,1
11672,1,1
11673,0,1
11675,1,2
11676,1,1
11677,1,1
11678,1,1
11680,1,2
11681,1,1
11682,1,1
11684,2,2
11685,1,1
11686,1,1
11687,1,1
11688,1,1
11690,1,2
11691,1,1
11692,1,1
11693,1,1
11695,1,2
11696,1,1
11697,1,1
11698,1,1
11700,1,2
11701,1,1
11702,1,1
11703,1,1
11705,1,2
11706,1,1
11707,1,1
11708,1,1
11710,2,2
11712,2,2
11712,1,0
11713,1,1
11714,1,1
11716,1,2
11717,1,1
11718,1,1
11719,1,1
11721,1,2
11722,1,1
11723,1,1
11724,1,1
11725,1,1
11726,0,1
11728,1,2
11729,1,1
11730,1,1
11731,1,1
11733,1,2
11734,1,1
11735,1,1
11736,1,1
11737,1,1
11738,0,1
11740,1,2
11741,1,1
11742,1,1
11743,1,1
11744,0,1
11746,1,2
11747,1,1
11748,1,1
11749,1,1
11751,1,2
11752,1,1
11753,1,1
11754,1,1
11756,1,2
11757,1,1
11758,1,1
11759,1,1
11761,1,2
11762,1,1
11763,1,1
11764,1,1
11766,1,2
11767,1,1
11768,1,1
11769,1,1
11771,1,2
11772,1,1
11773,1,1
11774,0,1
11776,1,2
11777,1,1
11778,1,1
11780,1,2
11781,1,1
11782,1,1
11783,1,1
11785,1,2
11786,1,1
11787,1,1
11788,1,1
11790,1,2
11791,1,1
11792,1,1
11793,0,1
11795,1,2
11796,1,1
11797,1,1
11799,1,2
11800,1,1
11801,1,1
11802,1,1
11804,1,2
11805,1,1
11806,1,1
11807,1,1
11809,1,2
11810,1,1
11811,1,1
11812,0,1
11814,1,2
11815,1,1
11816,1,1
11818,1,2
11819,1,1
11820,1,1
11821,1,1
11823,1,2
11824,1,1
11825,1,1
11827,1,2
11828,1,1
11829,1,1
11830,1,1
11832,1,2
11833,1,1
11834,1,1
11836,1,2
11837,1,1
11838,1,1
11839,1,1
11841,1,2
11842,1,1
11843,1,1
11844,1,1
11846,1,2
11847,1,1
11848,1,1
11850,1,2
11851,1,1
11852,1,1
11853,1,1
11855,1,2
11856,1,1
11857,1,1
11858,0,1
11860,1,2
11861,1,1
11862,1,1
11864,1,2
11865,1,1
11866,1,1
11867,1,1
11869,1,2
11871,2,2
11871,1,0
11873,1,2
11874,1,1
11875,1,1
11876,1,1
11878,1,2
11879,1,1
11880,1,1
11882,1,2
11883,1,1
11884,1,1
11885,1,1
11887,1,2
11888,1,1
11889,1,1
11890,0,1
11892,1,2
11893,1,1
11894,1,1
11896,1,2
11897,1,1
11900,1,3
11901,1,1
11903,2,2
11904,1,1
11905,1,1
11906,1,1
11907,1,1
11908,1,1
11910,1,2
11911,1,1
11912,1,1
11913,1,1
11914,0,1
11916,1,2
11917,1,1
11918,1,1
11919,1,1
11920,0,1
11922,1,2
11923,1,1
11924,1,1
11925,1,1
11926,0,1
11928,1,2
11929,1,1
11930,1,1
11931,1,1
11933,1,2
11934,1,1
11935,1,1
11936,1,1
11938,2,2
11939,1,1
11940,1,1
11941,1,1
11942,1,1
11944,1,2
11945,1,1
11946,1,1
11947,1,1
11948,1,1
11950,1,2
11951,1,1
11952,1,1
11953,1,1
11954,1,1
11956,1,2
11957,1,1
11958,1,1
11959,1,1
11960,1,1
11962,1,2
11963,1,1
11964,1,1
11965,1,1
11967,1,2
11968,1,1
11969,1,1
11970,1,1
11972,1,2
11973,1,1
11974,1,1
11976,2,2
11977,1,1
11978,1,1
11979,1,1
11980,1,1
11982,1,2
11983,1,1
11984,1,1
11985,1,1
11987,1,2
11988,1,1
11989,1,1
11990,1,1
11992,1,2
11993,1,1
11994,1,1
11995,1,1
11997,1,2
11998,1,1
11999,1,1
12001,2,2
12002,1,1
12003,1,1
12004,1,1
12005,1,1
12007,1,2
12008,1,1
12009,1,1
12010,0,1
12012,1,2
12013,1,1
12014,1,1
12016,1,2
12017,1,1
12018,1,1
12019,1,1
12021,1,2
12022,1,1
12023,1,1
12024,0,1
12026,1,2
12027,1,1
12028,1,1
12029,0,1
12031,1,2
12032,1,1
12033,1,1
12035,1,2
12036,1,1
12037,1,1
12038,0,1
12040,1,2
12041,1,1
12042,1,1
12044,1,2
12045,1,1
12046,0,1
12048,1,2
12049,1,1
12050,0,1
12052,1,2
12053,1,1
12055,1,2
12056,1,1
12058,1,2
12059,1,1
12060,1,1
12062,1,2
12063,1,1
12064,1,1
12066,1,2
12067,1,1
12068,1,1
12070,1,2
12071,1,1
12072,1,1
12074,1,2
12075,1,1
12076,1,1
12078,1,2
12079,1,1
12081,1,2
12082,1,1
12083,1,1
12085,1,2
12086,1,1
12088,2,2
12089,1,1
12090,1,1
12091,0,1
12093,1,2
12094,1,1
12096,1,2
12097,1,1
12098,1,1
12099,0,1
12101,1,2
12102,1,1
12104,1,2
12105,1,1
12106,1,1
12108,1,2
12109,1,1
12111,1,2
12112,1,1
12113,1,1
12115,1,2
12116,1,1
12117,1,1
12119,1,2
12120,1,1
12122,1,2
12123,1,1
12124,1,1
12126,1,2
12127,1,1
12129,2,2
12130,1,1
12131,1,1
12133,1,2
12134,1,1
12135,1,1
12137,1,2
12138,1,1
12139,1,1
12141,1,2
12142,1,1
12144,1,2
12145,1,1
12146,1,1
12148,1,2
12149,1,1
12151,2,2
12152,1,1
12153,1,1
12155,1,2
12156,1,1
12157,1,1
12159,1,2
12160,1,1
12162,1,2
12163,1,1
12164,1,1
12166,1,2
12167,1,1
12168,1,1
12170,1,2
12171,1,1
12172,1,1
12174,1,2
12175,1,1
12176,1,1
12178,1,2
12179,1,1
12180,1,1
12182,1,2
12183,1,1
12184,1,1
12186,1,2
12187,1,1
12188,1,1
12190,1,2
12191,1,1
12192,1,1
12194,1,2
12195,1,1
12196,1,1
12198,1,2
12199,1,1
12200,1,1
12202,1,2
12203,1,1
12204,1,1
12206,1,2
12207,1,1
12208,1,1
12210,1,2
12211,1,1
12212,1,1
12213,0,1
12215,1,2
12216,1,1
12218,1,2
12219,1,1
12220,1,1
12222,1,2
12223,1,1
12224,1,1
12226,1,2
12227,1,1
12229,2,2
12230,1,1
12231,1,1
12232,1,1
12234,1,2
12235,1,1
12237,1,2
12238,1,1
12240,2,2
12241,1,1
12242,1,1
12244,1,2
12245,1,1
12246,1,1
12247,1,1
12249,2,2
12250,1,1
12251,1,1
12252,1,1
12253,1,1
12255,1,2
12256,1,1
12257,1,1
12258,1,1
12260,2,2
12261,1,1
12262,1,1
12263,1,1
12264,1,1
12265,1,1
12267,1,2
12268,1,1
12270,2,2
12271,2,1
12272,1,1
12273,1,1
12274,1,1
12275,1,1
12277,1,2
12278,1,1
12279,1,1
12280,1,1
12282,2,2
12283,1,1
12284,1,1
12285,1,1
12286,1,1
12288,1,2
12289,1,1
12290,1,1
12291,1,1
12292,1,1
12294,1,2
12295,1,1
12296,1,1
12297,1,1
12298,1,1
12300,1,2
12301,1,1
12302,1,1
12303,1,1
12305,2,2
12306,1,1
12307,1,1
12308,1,1
12309,1,1
12311,2,2
12312,1,1
12313,1,1
12314,1,1
12315,1,1
12317,1,2
12318,1,1
12319,1,1
12320,1,1
12322,2,2
12323,1,1
12324,1,1
12325,1,1
12326,1,1
12328,2,2
12329,1,1
12330,1,1
12331,1,1
12332,1,1
12333,1,1
12335,1,2
12336,1,1
12337,1,1
12338,1,1
12340,1,2
12341,1,1
12342,1,1
12343,1,1
12345,1,2
12346,1,1
12347,1,1
12348,1,1
12350,1,2
12351,1,1
12352,1,1
12353,1,1
12354,0,1
12356,1,2
12357,1,1
12358,1,1
12360,2,2
12361,1,1
12362,1,1
12363,1,1
12364,1,1
12366,1,2
12367,1,1
12368,1,1
12369,1,1
12370,0,1
12372,1,2
12373,1,1
12374,1,1
12376,1,2
12377,1,1
12378,1,1
12379,1,1
12380,0,1
12382,1,2
12383,1,1
12384,1,1
12385,1,1
12387,1,2
12388,1,1
12389,1,1
12390,1,1
12392,1,2
12393,1,1
12394,1,1
12395,1,1
12397,1,2
12398,1,1
12399,1,1
12400,1,1
12402,1,2
12403,1,1
12404,1,1
12405,1,1
12406,1,1
12408,1,2
12409,1,1
12410,1,1
12411,1,1
12413,1,2
12414,1,1
12415,1,1
12416,1,1
12418,1,2
12419,1,1
12420,1,1
12421,1,1
12422,0,1
12424,1,2
12425,1,1
12426,1,1
12428,1,2
12429,1,1
12430,1,1
12431,1,1
12433,2,2
12434,1,1
12435,1,1
12436,1,1
12437,1,1
12438,0,1
12440,1,2
12441,1,1
12442,1,1
12444,1,2
12445,1,1
12446,1,1
12447,1,1
12448,1,1
12450,1,2
12451,1,1
12452,1,1
12453,1,1
12454,1,1
12456,1,2
12457,1,1
12458,1,1
12460,2,2
12461,1,1
12462,1,1
12463,1,1
12464,1,1
12466,1,2
12467,1,1
12468,1,1
12469,1,1
12470,0,1
12472,1,2
12473,1,1
12474,1,1
12476,2,2
12477,1,1
12478,1,1
12479,1,1
12480,1,1
12482,1,2
12483,1,1
12484,1,1
12485,1,1
12486,0,1
12488,1,2
12489,1,1
12490,1,1
12492,1,2
12493,1,1
12494,1,1
12495,1,1
12497,1,2
12498,1,1
12499,1,1
12500,1,1
12502,1,2
12503,1,1
12504,1,1
12505,1,1
12506,1,1
12508,1,2
12509,1,1
12510,1,1
12512,2,2
12513,1,1
12514,1,1
12515,1,1
12516,1,1
12518,1,2
12519,1,1
12520,1,1
12521,0,1
12523,1,2
12524,1,1
12525,1,1
12526,0,1
12528,1,2
12529,1,1
12530,1,1
12531,1,1
12533,1,2
12534,1,1
12535,1,1
12536,1,1
12538,1,2
12539,1,1
12540,1,1
12541,1,1
12542,0,1
12544,1,2
12545,1,1
12546,1,1
12548,1,2
12549,1,1
12550,1,1
12551,1,1
12552,1,1
12554,1,2
12555,1,1
12556,1,1
12557,1,1
12559,1,2
12560,1,1
12561,1,1
12562,1,1
12564,1,2
12565,1,1
12566,1,1
12567,1,1
12569,1,2
12570,1,1
12571,1,1
12572,1,1
12573,1,1
12575,1,2
12576,1,1
12577,1,1
12578,1,1
12580,1,2
12581,1,1
12582,1,1
12583,1,1
12585,1,2
12586,1,1
12587,1,1
12588,1,1
12590,1,2
12591,1,1
12592,1,1
12593,1,1
12594,1,1
12596,1,2
12597,1,1
12598,1,1
12599,1,1
12601,1,2
12602,1,1
12603,1,1
12604,1,1
12606,2,2
12607,1,1
12608,1,1
12609,1,1
12610,1,1
12612,1,2
12613,1,1
12614,1,1
12615,1,1
12616,1,1
12618,1,2
12619,1,1
12620,1,1
12621,1,1
12623,1,2
12624,1,1
12625,1,1
12627,1,2
12628,1,1
12630,1,2
12631,1,1
12632,1,1
12633,1,1
12635,1,2
12636,1,1
12637,1,1
12638,1,1
12639,1,1
12641,1,2
12643,2,2
12643,1,0
12644,1,1
12646,1,2
12647,1,1
12648,1,1
12650,1,2
12651,1,1
12652,1,1
12654,1,2
12655,1,1
12656,1,1
12658,1,2
12659,1,1
12660,1,1
12662,1,2
12663,1,1
12664,1,1
12666,1,2
12667,1,1
12668,1,1
12670,1,2
12671,1,1
12672,1,1
12674,2,2
12675,1,1
12676,1,1
12678,1,2
12679,1,1
12680,1,1
12682,1,2
12683,1,1
12684,1,1
12686,1,2
12687,1,1
12688,1,1
12690,1,2
12691,1,1
12692,1,1
12694,1,2
12695,1,1
12696,1,1
12698,1,2
12699,1,1
12701,2,2
12702,1,1
12703,1,1
12705,1,2
12706,1,1
12707,1,1
12709,1,2
12710,1,1
12711,1,1
12713,2,2
12714,1,1
12715,1,1
12717,1,2
12718,1,1
12719,1,1
12721,1,2
12722,1,1
12723,1,1
12724,0,1
12726,1,2
12727,1,1
12729,1,2
12730,1,1
12731,1,1
12733,1,2
12734,1,1
12735,1,1
12736,0,1
12738,1,2
12739,1,1
12740,1,1
12742,1,2
12743,1,1
12744,1,1
12746,1,2
12747,1,1
12749,1,2
12750,1,1
12751,1,1
12752,1,1
12754,1,2
12755,1,1
12756,1,1
12758,1,2
12760,2,2
12761,1,1
12763,1,2
12764,0,1
12767,1,3
12769,1,2
12771,1,2
12772,1,1
12774,2,2
12781,8,7
12781,6,0
12781,5,0
12783,6,2
12784,6,1
12784,4,0
12784,3,0
12785,3,1
12785,2,0
12786,1,1
12787,1,1
12788,1,1
12790,1,2
12791,1,1
12792,1,1
12793,1,1
12795,1,2
12796,1,1
12797,1,1
12798,1,1
12800,1,2
12801,1,1
12802,1,1
12804,1,2
12805,1,1
12806,1,1
12807,1,1
12809,1,2
12810,1,1
12811,1,1
12812,1,1
12814,1,2
12815,1,1
12816,1,1
12817,1,1
12819,1,2
12820,1,1
12821,1,1
12823,1,2
12824,1,1
12825,1,1
12826,1,1
12828,1,2
12829,1,1
12830,1,1
12831,1,1
12833,1,2
12835,2,2
12836,1,1
12837,1,1
12838,0,1
12840,1,2
12841,1,1
12842,1,1
12844,1,2
12845,1,1
12846,1,1
12848,1,2
12849,1,1
12850,1,1
12851,1,1
12853,1,2
12854,1,1
12855,1,1
12856,1,1
12858,1,2
12859,1,1
12860,1,1
12861,0,1
12863,1,2
12864,1,1
12865,1,1
12867,1,2
12868,1,1
12869,1,1
12870,1,1
12872,1,2
12873,1,1
12874,1,1
12875,0,1
12877,1,2
12878,1,1
12879,1,1
12881,1,2
12882,1,1
12883,1,1
12884,1,1
12886,1,2
12887,1,1
12888,1,1
12889,1,1
12891,1,2
12892,1,1
12897,5,5
12897,3,0
12900,5,3
12900,4,0
12900,3,0
12902,4,2
12902,2,0
12902,1,0
12903,1,1
12904,1,1
12905,0,1
12907,1,2
12908,1,1
12909,0,1
12911,1,2
12912,1,1
12913,1,1
12915,1,2
12916,1,1
12917,1,1
12918,1,1
12919,0,1
12921,1,2
12922,1,1
12923,0,1
12924,0,1
12926,1,2
12927,1,1
12928,0,1
12930,1,2
12931,1,1
12932,1,1
12933,0,1
12935,1,2
12936,1,1
12937,1,1
12939,1,2
12940,1,1
12941,1,1
12943,2,2
12944,1,1
12945,1,1
12947,2,2
12948,1,1
12949,1,1
12950,1,1
12952,2,2
12953,1,1
12954,1,1
12955,1,1
12957,1,2
12958,1,1
12959,1,1
12960,1,1
12962,1,2
12963,1,1
12964,1,1
12965,1,1
12967,1,2
12968,1,1
12969,1,1
12971,1,2
12972,1,1
12973,1,1
12974,1,1
12976,1,2
12977,1,1
12978,1,1
12980,2,2
12981,1,1
12982,1,1
12983,1,1
12985,2,2
12986,1,1
12987,1,1
12988,1,1
12990,1,2
12991,1,1
12992,1,1
12993,1,1
12995,1,2
12996,1,1
12997,1,1
12998,1,1
13000,1,2
13001,1,1
13002,1,1
13004,2,2
13005,1,1
13006,1,1
13007,1,1
13009,2,2
13010,1,1
13011,1,1
13012,1,1
13013,1,1
13015,1,2
13016,1,1
13017,1,1
13019,1,2
13020,1,1
13021,1,1
13022,1,1
13024,1,2
13025,1,1
13026,1,1
13027,1,1
13029,1,2
13030,1,1
13031,1,1
13032,1,1
13033,1,1
13035,1,2
13036,1,1
13037,1,1
13038,1,1
13040,1,2
13041,1,1
13042,1,1
13043,1,1
13045,1,2
13046,1,1
13047,1,1
13048,1,1
13050,2,2
13051,1,1
13052,1,1
13053,1,1
13055,2,2
13056,1,1
13057,1,1
13058,1,1
13060,2,2
13061,1,1
13062,1,1
13063,1,1
13064,1,1
13066,1,2
13067,1,1
13068,1,1
13070,2,2
13071,1,1
13072,1,1
13073,1,1
13074,1,1
13076,1,2
13077,1,1
13078,1,1
13080,1,2
13081,1,1
13082,1,1
13083,1,1
13085,1,2
13086,1,1
13087,1,1
13088,1,1
13090,1,2
13091,1,1
13092,1,1
13093,1,1
13095,2,2
13096,1,1
13097,1,1
13098,1,1
13100,2,2
13101,1,1
13102,1,1
13103,1,1
13104,1,1
13106,1,2
13107,1,1
13108,1,1
13109,1,1
13111,1,2
13112,1,1
13113,1,1
13115,2,2
13116,1,1
13117,1,1
13118,1,1
13120,2,2
13121,1,1
13122,1,1
13123,1,1
13124,1,1
13126,1,2
13127,1,1
13128,1,1
13129,1,1
13131,1,2
13132,1,1
13133,1,1
13134,1,1
13136,1,2
13137,1,1
13138,1,1
13139,1,1
13140,1,1
13142,1,2
13143,1,1
13144,1,1
13145,1,1
13147,1,2
13148,1,1
13149,1,1
13150,1,1
13152,1,2
13153,1,1
13154,1,1
13155,1,1
13157,1,2
13158,1,1
13159,1,1
13160,1,1
13162,1,2
13163,1,1
13164,1,1
13165,1,1
13166,0,1
13168,1,2
13169,1,1
13170,1,1
13172,2,2
13173,1,1
13174,1,1
13175,1,1
13176,1,1
13178,1,2
13179,1,1
13180,1,1
13181,1,1
13183,1,2
13184,1,1
13185,1,1
13186,1,1
13188,2,2
13189,1,1
13190,1,1
13191,1,1
13193,2,2
13194,1,1
13195,1,1
13196,1,1
13198,2,2
13199,1,1
13200,1,1
13201,1,1
13203,2,2
13204,1,1
13205,1,1
13206,1,1
13208,2,2
13209,1,1
13210,1,1
13211,1,1
13213,2,2
13214,1,1
13215,1,1
13217,2,2
13217,0,0
13219,1,2
13220,1,1
13222,2,2
13222,1,0
13224,1,2
13225,1,1
13226,1,1
