time (ms)
0
5
11
12
13
14
20
20
21
21
29
35
36
36
43
45
45
46
52
54
54
57
65
65
66
66
70
71
72
72
76
77
77
79
83
84
84
84
89
90
90
91
95
96
97
97
101
115
116
117
123
123
124
124
129
130
131
132
135
135
136
136
144
145
147
153
157
158
159
159
163
165
165
167
169
170
171
172
175
177
178
179
185
185
185
186
190
190
191
191
195
195
196
196
200
201
203
204
207
208
208
209
213
213
213
214
218
218
219
223
229
229
230
230
234
234
235
235
239
239
239
240
244
247
247
249
254
254
255
255
263
265
269
269
276
276
277
277
281
281
282
283
287
288
292
292
295
296
296
297
299
299
301
301
306
306
308
308
312
312
314
314
318
318
320
320
324
324
326
326
330
331
333
333
337
337
339
339
343
343
344
344
349
349
351
351
355
356
356
357
361
362
363
366
370
372
373
373
377
377
378
378
382
382
383
383
387
387
388
388
392
392
393
393
397
397
397
398
402
402
402
403
407
408
408
408
412
413
413
413
419
419
421
421
424
425
428
428
430
431
431
432
435
436
437
438
441
441
443
443
446
447
447
449
451
452
453
454
457
457
459
459
463
463
465
465
468
469
470
471
474
474
475
476
480
480
481
481
485
486
486
487
490
491
491
492
495
496
496
497
502
503
504
504
508
508
509
509
513
514
514
515
518
519
519
520
524
525
525
526
530
530
531
531
537
537
539
539
543
543
545
545
550
550
550
551
553
554
555
557
559
561
561
563
565
566
567
567
571
574
575
576
579
580
581
581
584
585
586
586
590
590
591
591
595
596
596
596
601
602
603
603
607
607
608
608
612
612
613
613
617
617
618
618
622
622
623
623
627
627
628
628
632
632
632
633
637
637
637
638
642
643
645
646
664
664
665
665
670
670
672
672
676
676
677
678
681
682
683
683
687
687
689
689
696
696
696
697
699
700
700
700
703
703
704
705
708
708
709
710
713
714
715
715
719
719
720
720
723
724
724
725
729
730
731
731
734
735
735
736
739
739
741
741
745
745
747
747
749
750
751
751
755
755
757
757
759
760
761
762
765
766
767
767
771
771
772
772
775
776
776
777
781
782
785
785
789
789
790
790
793
794
795
797
800
800
800
802
805
806
807
807
810
810
811
813
816
817
818
818
822
822
823
823
827
827
829
829
833
833
835
835
838
838
840
840
843
844
845
846
849
849
849
849
850
850
850
850
852
852
853
853
855
855
855
855
857
857
858
858
859
859
859
859
861
861
861
862
864
864
864
864
866
866
866
867
869
869
869
869
870
870
870
871
872
873
873
873
875
875
875
875
877
877
877
877
879
879
880
880
882
882
882
882
885
885
885
885
887
887
887
888
888
889
889
889
891
891
891
891
893
893
894
894
896
896
896
896
897
897
897
898
900
900
900
900
902
902
902
903
905
905
905
905
907
908
908
908
910
910
910
910
912
912
912
913
914
914
914
915
917
917
917
917
920
920
920
920
922
922
922
923
924
924
924
924
926
926
926
927
929
929
929
929
931
931
931
931
933
934
934
934
935
935
935
935
937
938
938
938
940
940
940
940
942
942
943
943
945
945
945
945
946
946
946
947
949
949
949
949
951
951
951
951
953
953
954
954
955
955
955
955
957
957
958
958
959
959
960
960
961
961
962
962
963
963
964
964
965
965
966
966
968
968
968
968
970
970
970
970
972
972
972
972
975
975
976
976
978
978
978
978
980
980
980
980
982
982
983
983
985
985
985
985
986
986
988
988
989
989
990
990
991
992
992
992
993
993
994
994
995
996
996
996
997
998
998
998
999
1000
1000
1000
1002
1002
1002
1002
1003
1004
1004
1004
1005
1006
1006
1006
1008
1008
1008
1008
1010
1010
1010
1010
1012
1012
1012
1012
1014
1014
1014
1014
1016
1016
1016
1017
1018
1018
1019
1019
1023
1024
1024
1024
1025
1026
1026
1026
1028
1028
1028
1028
1030
1030
1030
1030
1032
1032
1032
1032
1034
1034
1034
1034
1036
1036
1036
1036
1038
1038
1038
1038
1040
1041
1041
1041
1042
1043
1043
1043
1044
1045
1045
1045
1046
1047
1047
1047
1048
1049
1049
1049
1050
1051
1051
1051
1052
1053
1053
1053
1054
1055
1055
1055
1056
1057
1057
1057
1059
1059
1059
1059
1061
1061
1061
1061
1063
1063
1063
1063
1065
1065
1065
1066
1068
1068
1068
1068
1072
1073
1073
1073
1075
1075
1075
1075
1077
1077
1077
1077
1079
1079
1079
1079
1081
1081
1081
1081
1083
1083
1083
1083
1085
1085
1085
1085
1087
1087
1087
1087
1089
1089
1089
1089
1091
1091
1091
1091
1093
1093
1093
1093
1095
1095
1095
1095
1097
1097
1097
1097
1099
1099
1099
1100
1101
1101
1101
1102
1103
1103
1103
1104
1106
1106
1106
1107
1108
1108
1109
1109
1111
1111
1111
1111
1113
1113
1113
1114
1116
1116
1116
1116
1118
1118
1118
1118
1122
1122
1122
1123
1124
1125
1125
1125
1127
1127
1127
1127
1129
1129
1129
1129
1131
1132
1132
1136
1137
1137
1137
1137
1139
1139
1139
1139
1141
1141
1141
1141
1143
1143
1144
1144
1145
1145
1146
1146
1147
1148
1148
1148
1150
1150
1150
1150
1152
1152
1152
1152
1154
1154
1155
1155
1156
1157
1157
1157
1159
1159
1159
1159
1161
1161
1161
1161
1163
1163
1163
1164
1165
1165
1165
1166
1167
1167
1168
1168
1169
1170
1170
1170
1174
1174
1174
1174
1176
1176
1176
1177
1179
1179
1179
1179
1181
1181
1181
1181
1183
1183
1183
1183
1185
1185
1185
1185
1187
1187
1187
1188
1189
1189
1190
1190
1191
1191
1192
1192
1193
1193
1194
1194
1195
1195
1196
1196
1197
1197
1198
1198
1199
1200
1200
1200
1201
1202
1202
1202
1204
1204
1204
1204
1205
1206
1206
1206
1207
1208
1208
1208
1210
1210
1210
1210
1212
1212
1212
1212
1214
1214
1214
1214
1216
1216
1216
1216
1218
1218
1218
1218
1222
1223
1223
1223
1225
1225
1225
1225
1227
1227
1227
1227
1229
1229
1229
1229
1231
1231
1231
1232
1233
1233
1233
1234
1235
1235
1236
1236
1238
1238
1238
1238
1240
1240
1240
1240
1242
1242
1242
1242
1244
1244
1244
1244
1246
1246
1246
1246
1248
1248
1248
1249
1250
1250
1251
1251
1252
1252
1253
1253
1254
1255
1255
1255
1256
1257
1257
1257
1259
1259
1259
1259
1261
1261
1261
1261
1263
1263
1263
1263
1265
1265
1265
1266
1267
1267
1267
1268
1272
1272
1272
1272
1274
1274
1274
1275
1276
1277
1277
1277
1279
1279
1279
1279
1281
1281
1281
1281
1283
1283
1283
1283
1285
1285
1285
1285
1287
1287
1287
1287
1289
1289
1289
1289
1291
1291
1291
1291
1293
1293
1293
1293
1295
1295
1295
1295
1297
1297
1297
1297
1299
1299
1299
1299
1301
1301
1301
1302
1303
1303
1303
1304
1305
1305
1305
1306
1307
1307
1308
1308
1309
1309
1310
1310
1311
1311
1312
1312
1313
1314
1314
1314
1315
1316
1316
1316
1321
1321
1321
1321
1323
1323
1323
1324
1325
1325
1325
1325
1327
1327
1328
1328
1329
1329
1330
1330
1331
1332
1332
1332
1334
1334
1334
1334
1336
1336
1336
1336
1338
1338
1338
1338
1340
1340
1340
1340
1342
1342
1342
1342
1344
1344
1344
1344
1346
1346
1346
1346
1348
1348
1348
1348
1350
1350
1350
1350
1352
1352
1352
1352
1354
1354
1354
1354
1356
1356
1356
1356
1358
1358
1358
1358
1360
1360
1360
1360
1362
1362
1362
1362
1367
1367
1367
1367
1369
1369
1369
1370
1371
1372
1372
1372
1373
1374
1374
1374
1375
1376
1376
1376
1377
1378
1378
1378
1379
1379
1380
1380
1381
1381
1382
1382
1383
1384
1384
1384
1385
1386
1386
1386
1387
1387
1388
1388
1389
1389
1390
1390
1391
1392
1392
1392
1393
1393
1394
1394
1395
1396
1396
1396
1398
1398
1398
1399
1400
1400
1401
1401
1402
1403
1403
1403
1404
1405
1405
1405
1406
1407
1407
1407
1409
1409
1409
1409
1411
1411
1411
1411
1416
1416
1416
1416
1418
1418
1418
1419
1420
1420
1420
1420
1422
1422
1422
1422
1424
1425
1425
1425
1427
1427
1427
1427
1428
1428
1429
1429
1431
1431
1431
1431
1433
1433
1433
1433
1435
1435
1435
1436
1437
1437
1438
1438
1439
1439
1440
1440
1441
1441
1442
1442
1443
1444
1444
1444
1445
1446
1446
1446
1447
1448
1448
1448
1450
1450
1450
1450
1452
1452
1452
1452
1454
1454
1454
1454
1456
1456
1456
1456
1458
1458
1458
1458
1460
1460
1460
1460
1465
1465
1465
1465
1467
1467
1468
1468
1469
1470
1470
1470
1472
1472
1472
1472
1474
1474
1474
1474
1476
1476
1476
1476
1478
1478
1478
1478
1480
1480
1481
1481
1482
1483
1483
1483
1484
1485
1485
1485
1487
1487
1487
1487
1489
1489
1489
1489
1491
1491
1491
1491
1493
1493
1493
1493
1495
1495
1495
1495
1497
1497
1497
1498
1499
1499
1500
1500
1501
1501
1502
1502
1503
1504
1504
1504
1505
1505
1506
1506
1507
1508
1508
1508
1509
1510
1510
1510
1514
1514
1515
1515
1517
1517
1517
1517
1519
1519
1519
1520
1521
1521
1521
1521
1523
1523
1524
1524
1525
1525
1526
1526
1527
1527
1528
1528
1529
1529
1530
1530
1531
1531
1532
1532
1533
1533
1534
1534
1535
1535
1536
1536
1537
1538
1538
1538
1539
1540
1540
1540
1541
1541
1542
1542
1543
1544
1544
1544
1545
1546
1546
1546
1547
1548
1548
1548
1549
1550
1550
1550
1551
1552
1552
1552
1554
1554
1554
1554
1556
1556
1556
1556
1561
1561
1561
1561
1564
1564
1564
1564
1566
1566
1567
1567
1568
1568
1569
1569
1570
1570
1571
1571
1572
1572
1573
1573
1574
1575
1575
1575
1576
1577
1577
1577
1578
1579
1579
1579
1580
1581
1581
1581
1582
1582
1583
1583
1584
1585
1585
1585
1586
1587
1587
1587
1589
1589
1589
1589
1591
1591
1591
1591
1593
1593
1593
1593
1595
1595
1595
1595
1597
1597
1597
1597
1599
1599
1599
1600
1601
1601
1601
1602
1603
1603
1604
1604
1605
1606
1606
1606
1611
1611
1611
1611
1613
1613
1613
1613
1615
1615
1615
1616
1617
1617
1617
1618
1619
1619
1620
1620
1621
1621
1622
1622
1623
1623
1624
1624
1625
1626
1626
1626
1627
1628
1628
1628
1629
1630
1630
1630
1631
1632
1632
1632
1634
1634
1634
1634
1636
1636
1636
1636
1638
1638
1638
1638
1640
1640
1640
1640
1642
1642
1643
1643
1644
1644
1645
1645
1646
1646
1647
1647
1648
1649
1649
1649
1650
1651
1651
1651
1652
1653
1653
1653
1654
1655
1655
1655
1660
1660
1660
1660
1661
1661
1662
1662
1664
1664
1664
1664
1666
1666
1667
1667
1669
1669
1669
1669
1671
1671
1671
1671
1673
1673
1673
1673
1675
1675
1675
1675
1677
1677
1677
1677
1679
1679
1679
1679
1681
1681
1681
1681
1683
1683
1683
1683
1685
1685
1685
1685
1687
1687
1687
1687
1689
1689
1689
1689
1691
1691
1691
1691
1693
1693
1693
1693
1695
1695
1695
1695
1697
1697
1697
1697
1699
1699
1700
1700
1701
1701
1702
1702
1703
1704
1704
1704
1708
1708
1709
1709
1711
1711
1712
1712
1713
1713
1713
1713
1715
1715
1718
1718
1720
1720
1720
1720
1721
1722
1722
1722
1723
1724
1724
1724
1726
1726
1726
1726
1728
1728
1728
1729
1730
1730
1730
1731
1732
1732
1732
1733
1734
1734
1735
1735
1736
1736
1737
1737
1738
1738
1739
1739
1740
1740
1741
1741
1742
1742
1743
1743
1744
1744
1744
1745
1746
1746
1746
1747
1748
1748
1748
1749
1750
1750
1751
1751
1752
1752
1753
1753
1758
1758
1758
1758
1760
1760
1760
1760
1762
1762
1762
1763
1764
1764
1764
1764
1766
1766
1767
1767
1768
1768
1769
1769
1770
1770
1771
1771
1772
1773
1773
1773
1775
1775
1775
1775
1777
1777
1777
1777
1779
1779
1779
1779
1781
1781
1781
1781
1783
1783
1783
1783
1784
1785
1785
1785
1787
1787
1787
1787
1789
1789
1789
1789
1791
1791
1791
1791
1793
1793
1793
1793
1795
1795
1795
1795
1797
1797
1797
1797
1799
1799
1799
1799
1801
1801
1801
1801
1806
1806
1806
1806
1808
1808
1810
1810
1811
1811
1812
1812
1814
1814
1815
1815
1817
1817
1817
1817
1818
1819
1819
1819
1820
1821
1821
1821
1822
1823
1823
1823
1824
1824
1825
1825
1826
1827
1827
1827
1828
1828
1829
1829
1830
1830
1831
1831
1832
1832
1833
1833
1834
1834
1835
1835
1836
1837
1837
1837
1838
1839
1839
1839
1841
1841
1841
1841
1843
1843
1843
1843
1845
1845
1845
1845
1847
1847
1847
1847
1849
1849
1849
1849
1851
1851
1851
1852
1853
1853
1853
1854
1855
1855
1856
1856
1857
1858
1858
1858
1860
1860
1860
1860
1862
1862
1862
1862
1864
1864
1864
1864
1866
1866
1867
1867
1868
1869
1869
1869
1870
1871
1871
1871
1873
1873
1873
1873
1875
1875
1875
1875
1877
1877
1877
1878
1879
1879
1879
1880
1881
1881
1882
1882
1883
1884
1884
1884
1885
1886
1886
1886
1888
1888
1889
1889
1890
1890
1891
1891
1892
1893
1893
1893
1894
1895
1895
1895
1897
1897
1897
1897
1899
1899
1899
1899
1904
1904
1904
1904
1906
1906
1906
1907
1908
1908
1908
1909
1910
1910
1911
1911
1912
1912
1913
1913
1914
1914
1915
1915
1916
1917
1917
1917
1918
1919
1919
1919
1920
1921
1921
1921
1923
1923
1923
1923
1925
1925
1925
1925
1927
1927
1927
1927
1929
1929
1929
1929
1931
1931
1931
1931
1933
1933
1933
1933
1935
1935
1935
1935
1937
1937
1937
1937
1939
1939
1939
1939
1941
1941
1941
1941
1943
1943
1943
1943
1945
1945
1945
1945
1947
1947
1947
1947
1949
1949
1949
1949
1951
1951
1951
1951
1953
1953
1953
1953
1955
1955
1955
1955
1957
1957
1957
1957
1959
1959
1959
1960
1961
1961
1961
1962
1963
1964
1965
1965
1966
1966
1967
1967
1969
1969
1969
1969
1971
1971
1971
1971
1973
1973
1973
1973
1975
1975
1975
1975
1977
1977
1977
1977
1979
1979
1979
1979
1981
1981
1981
1981
1983
1983
1983
1984
1985
1985
1985
1986
1987
1987
1987
1988
1989
1989
1989
1990
1991
1991
1991
1992
1996
1996
1996
1996
1998
1998
1998
1998
2000
2001
2001
2001
2003
2003
2003
2003
2004
2004
2004
2005
2006
2007
2007
2007
2009
2009
2009
2009
2011
2011
2011
2011
2013
2013
2013
2013
2015
2015
2015
2015
2017
2017
2017
2017
2019
2019
2019
2019
2021
2021
2021
2022
2023
2023
2023
2024
2025
2025
2025
2026
2027
2027
2027
2028
2029
2029
2029
2030
2031
2031
2031
2032
2033
2033
2033
2033
2035
2035
2035
2035
2037
2037
2037
2037
2039
2039
2039
2039
2041
2041
2041
2041
2043
2043
2043
2043
2045
2045
2046
2046
2047
2048
2048
2048
2049
2050
2050
2050
2052
2052
2052
2052
2054
2054
2054
2054
2056
2056
2056
2056
2058
2058
2058
2058
2060
2060
2060
2060
2062
2062
2062
2062
2064
2064
2064
2064
2066
2066
2066
2066
2068
2068
2068
2069
2070
2070
2071
2071
2072
2072
2073
2073
2074
2075
2075
2075
2076
2077
2077
2077
2079
2079
2079
2079
2081
2081
2081
2081
2083
2083
2083
2083
2088
2088
2088
2088
2090
2090
2090
2091
2092
2093
2093
2093
2095
2095
2095
2095
2096
2096
2097
2097
2099
2099
2099
2099
2101
2101
2101
2101
2103
2103
2103
2103
2105
2105
2105
2105
2107
2107
2107
2107
2109
2109
2109
2109
2111
2111
2111
2111
2113
2113
2113
2113
2115
2115
2115
2115
2117
2117
2117
2118
2119
2119
2120
2120
2121
2121
2122
2122
2123
2123
2124
2124
2126
2126
2126
2126
2129
2129
2129
2129
2131
2131
2131
2131
2133
2133
2133
2133
2135
2135
2135
2135
2137
2137
2137
2137
2139
2139
2139
2139
2141
2141
2141
2141
2143
2143
2143
2143
2145
2145
2145
2145
2147
2147
2147
2147
2149
2149
2149
2149
2151
2151
2151
2152
2153
2153
2153
2154
2155
2155
2155
2156
2157
2157
2157
2158
2159
2159
2159
2160
2161
2161
2161
2162
2163
2163
2163
2164
2165
2165
2165
2166
2167
2167
2168
2168
2169
2169
2170
2170
2171
2171
2172
2172
2173
2173
2174
2174
2175
2175
2176
2176
2177
2177
2177
2178
2182
2183
2183
2183
2185
2185
2185
2185
2186
2186
2187
2187
2189
2189
2189
2189
2191
2191
2192
2192
2193
2194
2194
2194
2196
2196
2196
2196
2198
2198
2198
2198
2200
2200
2200
2200
2202
2202
2202
2202
2204
2204
2204
2205
2206
2206
2206
2206
2208
2208
2208
2208
2210
2210
2210
2211
2212
2212
2212
2213
2214
2214
2214
2214
2216
2216
2216
2217
2218
2218
2219
2219
2220
2220
2221
2221
2222
2222
2223
2223
2224
2224
2224
2225
2226
2226
2227
2227
2228
2228
2228
2229
2230
2230
2230
2231
2232
2232
2232
2233
2234
2234
2234
2235
2236
2236
2236
2237
2238
2238
2238
2239
2240
2240
2240
2241
2242
2242
2243
2243
2244
2244
2244
2245
2246
2246
2246
2247
2248
2248
2248
2249
2250
2250
2250
2251
2252
2252
2252
2253
2254
2254
2254
2255
2256
2256
2256
2257
2258
2258
2258
2258
2260
2260
2260
2261
2262
2262
2262
2263
2264
2264
2264
2264
2266
2266
2266
2267
2268
2268
2268
2269
2274
2274
2274
2274
2276
2277
2277
2277
2278
2278
2279
2279
2281
2281
2282
2282
2283
2283
2284
2284
2285
2285
2286
2286
2287
2287
2288
2288
2289
2289
2290
2290
2291
2291
2292
2292
2293
2293
2294
2294
2295
2295
2296
2296
2297
2297
2297
2298
2299
2299
2299
2300
2301
2301
2301
2302
2303
2303
2303
2304
2305
2305
2305
2306
2307
2307
2307
2308
2309
2309
2309
2309
2311
2311
2311
2312
2313
2313
2313
2313
2315
2315
2315
2315
2317
2317
2317
2317
2319
2319
2319
2319
2321
2321
2321
2322
2323
2323
2323
2324
2325
2325
2325
2326
2327
2327
2327
2328
2329
2329
2329
2329
2331
2331
2331
2332
2333
2333
2333
2333
2335
2335
2335
2335
2337
2337
2337
2337
2339
2339
2339
2340
2341
2341
2341
2342
2343
2343
2343
2344
2345
2345
2345
2345
2347
2347
2347
2348
2349
2349
2349
2350
2351
2351
2351
2352
2353
2353
2353
2354
2356
2356
2356
2356
2358
2358
2358
2358
2359
2360
2360
2360
2361
2362
2362
2362
2367
2367
2367
2367
2369
2369
2369
2370
2370
2371
2371
2371
2373
2373
2373
2373
2375
2375
2375
2376
2377
2377
2377
2378
2379
2379
2379
2380
2381
2381
2381
2382
2383
2383
2383
2384
2385
2385
2385
2386
2387
2387
2387
2388
2389
2389
2389
2390
2391
2391
2391
2392
2393
2393
2393
2394
2395
2395
2396
2396
2397
2397
2398
2398
2399
2399
2400
2400
2401
2401
2402
2402
2403
2403
2404
2404
2405
2405
2406
2406
2407
2407
2408
2408
2409
2409
2410
2410
2411
2412
2412
2412
2413
2414
2414
2414
2415
2415
2416
2416
2417
2417
2418
2418
2419
2419
2420
2420
2421
2421
2422
2422
2423
2423
2424
2424
2425
2425
2426
2426
2427
2427
2428
2428
2429
2429
2429
2430
2431
2431
2432
2432
2434
2434
2434
2434
2436
2436
2436
2436
2438
2438
2438
2438
2440
2440
2440
2440
2442
2442
2442
2442
2444
2444
2444
2444
2446
2446
2446
2446
2448
2448
2448
2448
2456
2456
2456
2456
2456
2457
2457
2457
2457
2457
2457
2458
2458
2458
2458
2458
2458
2459
2459
2459
2463
2463
2463
2463
2464
2464
2464
2464
2465
2465
2465
2465
2465
2465
2466
2466
2466
2466
2466
2466
2469
2469
2469
2469
2470
2470
2470
2470
2471
2471
2471
2471
2482
2483
2483
2483
2485
2485
2485
2485
2486
2487
2487
2487
2489
2489
2489
2489
2491
2492
2492
2492
2494
2494
2494
2494
2495
2496
2497
2497
2498
2498
2498
2498
2500
2500
2501
2501
2503
2503
2503
2503
2505
2505
2505
2506
2508
2508
2508
2508
2509
2509
2509
2510
2512
2512
2512
2512
2514
2514
2514
2515
2517
2517
2517
2517
2519
2520
2520
2520
2522
2522
2522
2522
2524
2524
2524
2524
2526
2526
2527
2527
2529
2529
2529
2529
2531
2531
2531
2531
2533
2533
2533
2533
2535
2535
2535
2535
2538
2538
2538
2538
2539
2539
2540
2540
2542
2543
2543
2543
2544
2544
2544
2544
2546
2547
2547
2547
2549
2549
2549
2549
2550
2550
2551
2551
2553
2553
2553
2553
2555
2555
2555
2555
2557
2558
2558
2558
2560
2560
2560
2560
2562
2562
2562
2563
2568
2568
2568
2568
2570
2570
2570
2571
2577
2577
2577
2577
2577
2578
2578
2578
2580
2581
2581
2582
2588
2588
2588
2588
2589
2589
2589
2589
2591
2591
2591
2591
2592
2593
2593
2593
2596
2597
2597
2604
2604
2604
2604
2604
2606
2606
2606
2606
2606
2607
2607
2607
2607
2607
2607
2608
2608
2608
2608
2608
2609
2610
2610
2610
2626
2626
2626
2626
2627
2627
2627
2627
2628
2628
2628
2628
2628
2629
2629
2629
2629
2629
2629
2630
2630
2630
2630
2630
2631
2631
2631
2631
2632
2632
2633
2633
2633
2635
2635
2635
2635
2635
2638
2638
2645
2645
2645
2645
2646
2646
2646
2646
2647
2647
2647
2647
2648
2649
2649
2649
2661
2661
2661
2661
2663
2663
2663
2663
2668
2668
2668
2668
2669
2669
2669
2669
2676
2676
2676
2676
2677
2677
2677
2677
2678
2678
2678
2678
2679
2679
2679
2679
2679
2679
2680
2680
2681
2681
2681
2681
2685
2685
2685
2685
2693
2694
2694
2694
2694
2694
2695
2695
2695
2695
2695
2696
2697
2697
2697
2697
2698
2698
2699
2699
2708
2708
2708
2708
2712
2713
2714
2714
2714
2714
2715
2715
2721
2721
2721
2721
2722
2723
2723
2723
2724
2724
2724
2724
2733
2733
2733
2733
2735
2735
2735
2735
2736
2736
2736
2736
2737
2738
2738
2738
2744
2745
2745
2745
2748
2748
2748
2748
2750
2750
2750
2750
2756
2756
2756
2757
2757
2757
2757
2757
2758
2758
2758
2758
2759
2759
2759
2759
2760
2761
2761
2761
2767
2767
2768
2769
2770
2771
2771
2771
2773
2773
2773
2773
2775
2775
2775
2775
2777
2777
2777
2777
2779
2779
2779
2779
2781
2781
2781
2782
2783
2783
2783
2784
2785
2785
2785
2786
2787
2787
2788
2788
2789
2789
2789
2790
2791
2791
2791
2792
2793
2793
2793
2794
2795
2795
2795
2796
2797
2797
2797
2798
2799
2799
2799
2800
2801
2801
2802
2802
2803
2803
2803
2804
2805
2805
2806
2806
2807
2807
2808
2808
2809
2809
2810
2810
2815
2815
2815
2815
2816
2816
2816
2817
2819
2819
2819
2819
2821
2821
2823
2823
2824
2824
2824
2824
2826
2827
2827
2827
2828
2829
2829
2829
2830
2831
2831
2831
2832
2833
2833
2833
2835
2835
2835
2835
2837
2837
2837
2837
2839
2839
2839
2839
2841
2841
2841
2841
2843
2843
2843
2843
2845
2845
2845
2845
2847
2847
2847
2847
2849
2849
2849
2849
2851
2851
2851
2851
2853
2853
2853
2853
2855
2855
2855
2855
2857
2857
2857
2857
2859
2859
2859
2859
2861
2861
2861
2861
2863
2863
2863
2863
2865
2865
2865
2865
2867
2867
2867
2867
2869
2869
2869
2870
2871
2871
2871
2872
2873
2873
2873
2874
2875
2875
2875
2876
2877
2877
2878
2878
2879
2879
2880
2880
2881
2881
2882
2882
2883
2884
2884
2884
2885
2885
2886
2886
2887
2887
2888
2888
2889
2889
2890
2890
2891
2891
2892
2892
2893
2893
2894
2894
2895
2895
2896
2896
2898
2898
2898
2898
2900
2900
2900
2900
2902
2902
2902
2902
2908
2908
2908
2908
2909
2909
2909
2910
2912
2912
2912
2912
2913
2913
2913
2913
2915
2916
2916
2916
2917
2918
2918
2918
2920
2921
2921
2921
2922
2923
2923
2923
2924
2925
2925
2925
2926
2926
2927
2927
2928
2929
2929
2929
2930
2931
2931
2931
2932
2932
2933
2933
2934
2935
2935
2935
2936
2937
2937
2937
2938
2939
2939
2939
2940
2941
2941
2941
2942
2943
2943
2943
2944
2945
2945
2945
2946
2947
2947
2947
2948
2949
2949
2949
2950
2951
2951
2951
2952
2953
2953
2953
2954
2955
2955
2955
2957
2957
2957
2957
2959
2959
2959
2959
2960
2961
2961
2961
2963
2963
2963
2963
2965
2965
2965
2965
2967
2967
2967
2967
2969
2969
2969
2969
2971
2971
2971
2971
2973
2973
2973
2973
2975
2975
2976
2976
2977
2978
2978
2978
2980
2980
2980
2980
2981
2982
2982
2982
2983
2984
2984
2984
2985
2986
2986
2986
2987
2988
2988
2988
2989
2990
2990
2990
2991
2992
2992
2992
2993
2994
2994
2994
2995
2996
2996
2996
3001
3001
3001
3001
3003
3003
3003
3003
3004
3005
3005
3005
3007
3007
3007
3007
3009
3009
3009
3010
3011
3011
3012
3012
3013
3013
3014
3014
3015
3016
3016
3016
3017
3018
3018
3018
3019
3020
3020
3020
3022
3022
3022
3022
3024
3024
3024
3024
3026
3026
3026
3026
3028
3028
3028
3028
3030
3030
3030
3030
3032
3032
3032
3032
3034
3034
3034
3034
3036
3036
3036
3036
3038
3038
3038
3038
3040
3040
3040
3040
3042
3042
3042
3042
3044
3044
3044
3044
3046
3046
3046
3046
3048
3048
3048
3048
3050
3050
3050
3050
3052
3052
3052
3052
3054
3055
3055
3055
3056
3057
3057
3057
3058
3059
3059
3059
3060
3060
3061
3061
3062
3062
3063
3063
3064
3065
3065
3065
3066
3067
3067
3067
3068
3069
3069
3069
3071
3071
3071
3071
3073
3073
3073
3073
3075
3075
3075
3075
3077
3077
3077
3077
3079
3079
3079
3079
3081
3081
3081
3081
3083
3083
3083
3083
3085
3085
3085
3085
3087
3087
3087
3087
3092
3092
3092
3092
3094
3094
3094
3094
3096
3096
3097
3097
3099
3099
3099
3099
3101
3101
3101
3101
3103
3103
3103
3103
3105
3105
3105
3105
3107
3107
3107
3107
3109
3109
3109
3109
3111
3111
3111
3111
3113
3113
3113
3113
3115
3115
3115
3115
3117
3117
3117
3117
3119
3119
3119
3119
3121
3121
3121
3121
3123
3123
3123
3123
3125
3125
3125
3125
3127
3127
3127
3127
3129
3130
3130
3130
3131
3132
3132
3132
3134
3134
3134
3134
3136
3136
3136
3137
3138
3138
3138
3139
3140
3140
3140
3141
3142
3142
3143
3143
3144
3144
3144
3145
3146
3146
3146
3147
3148
3148
3148
3149
3150
3150
3150
3151
3152
3152
3152
3153
3154
3154
3154
3155
3156
3156
3156
3157
3158
3158
3158
3159
3160
3160
3160
3161
3162
3162
3162
3163
3164
3164
3164
3165
3166
3166
3166
3167
3168
3168
3168
3169
3170
3170
3171
3171
3172
3172
3172
3173
3174
3174
3175
3175
3176
3177
3177
3177
3178
3179
3179
3179
3180
3181
3181
3181
3186
3186
3186
3186
3188
3188
3188
3188
3190
3190
3190
3191
3192
3192
3192
3192
3194
3194
3194
3194
3196
3196
3196
3196
3198
3198
3198
3198
3200
3200
3200
3200
3202
3202
3202
3202
3204
3204
3204
3204
3206
3206
3206
3206
3208
3208
3208
3208
3210
3211
3211
3211
3212
3213
3213
3213
3214
3215
3215
3215
3216
3217
3217
3217
3218
3219
3219
3219
3221
3221
3221
3221
3223
3223
3223
3223
3225
3225
3225
3225
3227
3227
3227
3227
3229
3229
3229
3229
3231
3231
3231
3231
3233
3233
3233
3233
3235
3235
3235
3235
3236
3237
3237
3237
3239
3239
3239
3239
3241
3241
3241
3241
3243
3243
3243
3243
3245
3245
3245
3245
3247
3247
3247
3247
3249
3249
3249
3249
3250
3251
3251
3251
3252
3253
3253
3253
3255
3255
3255
3255
3256
3257
3257
3257
3258
3259
3259
3259
3260
3261
3261
3261
3262
3263
3263
3263
3265
3265
3265
3265
3266
3267
3267
3267
3268
3269
3269
3269
3271
3271
3271
3271
3277
3277
3277
3277
3278
3278
3278
3279
3281
3281
3281
3281
3283
3283
3283
3283
3285
3285
3285
3285
3287
3287
3288
3288
3289
3290
3290
3290
3291
3292
3292
3292
3293
3294
3294
3294
3295
3296
3296
3296
3297
3298
3298
3298
3299
3300
3300
3300
3301
3302
3302
3302
3303
3304
3304
3304
3305
3306
3306
3306
3308
3308
3308
3308
3309
3310
3310
3310
3312
3312
3312
3312
3314
3314
3314
3314
3316
3316
3316
3316
3318
3318
3318
3318
3320
3320
3320
3320
3322
3322
3322
3322
3324
3324
3324
3324
3326
3326
3326
3326
3328
3328
3328
3328
3330
3330
3330
3330
3332
3332
3332
3332
3334
3334
3334
3334
3336
3336
3336
3336
3338
3338
3338
3338
3340
3340
3340
3340
3342
3342
3342
3342
3344
3344
3344
3344
3346
3346
3346
3346
3348
3348
3349
3349
3350
3350
3351
3351
3352
3353
3353
3353
3354
3355
3355
3355
3357
3357
3357
3357
3359
3359
3359
3359
3361
3361
3361
3361
3363
3364
3364
3364
3365
3366
3366
3366
3371
3371
3371
3371
3372
3372
3373
3373
3375
3375
3375
3375
3377
3377
3377
3378
3379
3379
3379
3379
3381
3381
3381
3381
3384
3384
3384
3384
3386
3386
3386
3386
3387
3387
3388
3388
3390
3390
3390
3390
3392
3392
3392
3392
3394
3394
3394
3395
3396
3396
3396
3397
3398
3398
3398
3399
3400
3400
3400
3401
3402
3402
3402
3403
3404
3404
3404
3405
3406
3406
3407
3407
3408
3408
3408
3409
3410
3410
3410
3411
3412
3412
3413
3413
3414
3414
3415
3415
3416
3416
3417
3417
3418
3418
3419
3419
3420
3420
3421
3421
3422
3422
3423
3423
3424
3424
3425
3425
3426
3426
3427
3427
3428
3428
3429
3429
3430
3430
3431
3431
3432
3432
3432
3433
3434
3434
3434
3435
3436
3436
3437
3437
3438
3438
3439
3439
3440
3440
3441
3441
3443
3443
3443
3443
3445
3445
3445
3445
3447
3447
3447
3447
3449
3449
3449
3449
3451
3451
3451
3451
3453
3453
3453
3453
3455
3455
3455
3455
3457
3457
3457
3457
3462
3462
3462
3462
3464
3464
3464
3465
3466
3466
3466
3466
3468
3468
3468
3469
3470
3471
3471
3471
3472
3473
3473
3473
3474
3475
3475
3475
3477
3477
3477
3477
3479
3479
3479
3479
3481
3481
3481
3481
3483
3483
3483
3483
3485
3485
3485
3485
3487
3487
3487
3487
3489
3489
3489
3489
3491
3491
3491
3491
3493
3493
3493
3493
3495
3495
3495
3495
3497
3497
3497
3497
3499
3499
3499
3499
3501
3501
3501
3501
3503
3503
3503
3503
3505
3505
3505
3505
3507
3507
3507
3507
3509
3509
3509
3509
3511
3511
3511
3511
3513
3513
3513
3513
3515
3515
3515
3515
3517
3517
3517
3517
3519
3519
3519
3520
3521
3521
3522
3522
3523
3524
3524
3524
3525
3526
3526
3526
3527
3528
3528
3528
3529
3530
3530
3530
3532
3532
3532
3532
3534
3534
3534
3534
3536
3536
3536
3536
3538
3538
3538
3538
3540
3540
3540
3540
3542
3542
3542
3543
3544
3544
3545
3545
3546
3546
3547
3547
3548
3548
3549
3549
3550
3551
3551
3551
3556
3556
3556
3556
3557
3557
3558
3558
3560
3560
3560
3560
3562
3562
3563
3563
3565
3565
3565
3565
3567
3567
3567
3567
3569
3569
3569
3569
3571
3571
3571
3571
3573
3573
3573
3573
3575
3575
3575
3575
3577
3577
3577
3577
3579
3579
3579
3579
3581
3581
3581
3582
3583
3583
3583
3584
3585
3585
3585
3586
3587
3587
3587
3588
3589
3589
3589
3590
3591
3591
3592
3592
3593
3593
3594
3594
3595
3595
3596
3596
3597
3597
3598
3598
3600
3600
3600
3600
3602
3602
3602
3602
3604
3604
3604
3605
3606
3606
3607
3607
3608
3608
3609
3609
3610
3611
3611
3611
3612
3613
3613
3613
3614
3615
3615
3615
3617
3617
3617
3617
3619
3619
3619
3619
3621
3621
3621
3621
3623
3623
3623
3623
3625
3625
3625
3625
3627
3627
3627
3627
3629
3629
3629
3629
3631
3631
3631
3632
3633
3633
3633
3634
3635
3635
3636
3636
3637
3638
3638
3638
3639
3640
3640
3640
3642
3642
3642
3642
3644
3644
3644
3644
3649
3649
3649
3649
3651
3651
3651
3651
3653
3653
3654
3654
3656
3656
3656
3656
3658
3658
3658
3659
3660
3660
3660
3660
3662
3662
3662
3662
3664
3664
3664
3665
3666
3666
3666
3667
3668
3668
3668
3669
3670
3670
3670
3671
3672
3672
3673
3673
3674
3675
3675
3675
3676
3677
3677
3677
3679
3679
3679
3679
3681
3681
3681
3681
3683
3683
3683
3683
3685
3685
3685
3685
3687
3687
3687
3687
3689
3689
3689
3689
3691
3691
3691
3691
3693
3693
3693
3693
3695
3695
3695
3695
3697
3697
3697
3697
3699
3699
3699
3699
3701
3701
3701
3701
3703
3703
3703
3703
3705
3705
3705
3705
3707
3707
3707
3707
3709
3709
3709
3709
3711
3711
3711
3711
3713
3713
3713
3714
3715
3715
3715
3716
3717
3717
3717
3718
3719
3719
3719
3720
3721
3721
3722
3722
3723
3723
3724
3724
3725
3726
3726
3726
3727
3728
3728
3728
3729
3729
3730
3730
3731
3731
3732
3732
3733
3734
3734
3734
3735
3736
3736
3736
3737
3738
3738
3738
3742
3743
3743
3743
3745
3745
3745
3745
3746
3747
3747
3747
3749
3749
3749
3749
3751
3751
3751
3751
3753
3753
3753
3753
3755
3755
3756
3756
3757
3758
3758
3758
3759
3760
3760
3760
3761
3761
3762
3762
3763
3764
3764
3764
3765
3766
3766
3766
3767
3768
3768
3768
3769
3770
3770
3770
3771
3772
3772
3772
3774
3774
3774
3774
3776
3776
3776
3776
3778
3778
3778
3778
3780
3780
3780
3780
3781
3782
3782
3782
3783
3784
3784
3784
3785
3786
3786
3786
3787
3788
3788
3788
3789
3790
3790
3790
3791
3792
3792
3792
3793
3794
3794
3794
3795
3796
3796
3796
3798
3798
3798
3798
3799
3800
3800
3800
3801
3802
3802
3802
3803
3804
3804
3804
3805
3806
3806
3806
3808
3808
3808
3808
3810
3810
3810
3810
3811
3812
3812
3812
3814
3814
3814
3814
3816
3816
3816
3816
3818
3818
3818
3818
3820
3820
3820
3820
3822
3822
3822
3822
3824
3824
3824
3824
3826
3826
3826
3826
3828
3828
3828
3828
3834
3834
3834
3834
3835
3836
3836
3836
3837
3838
3838
3838
3840
3840
3840
3840
3842
3842
3843
3843
3844
3844
3845
3845
3846
3846
3847
3847
3848
3849
3849
3849
3850
3850
3851
3851
3852
3852
3853
3853
3854
3854
3855
3855
3856
3857
3857
3857
3859
3859
3859
3859
3860
3861
3861
3861
3862
3863
3863
3863
3865
3865
3865
3865
3867
3867
3867
3867
3869
3869
3869
3869
3871
3871
3871
3871
3873
3873
3873
3873
3875
3875
3875
3875
3877
3877
3877
3877
3879
3879
3879
3879
3881
3881
3881
3881
3883
3883
3883
3883
3885
3885
3885
3885
3887
3887
3887
3887
3889
3889
3889
3889
3891
3891
3891
3891
3893
3893
3893
3893
3895
3895
3895
3895
3897
3897
3897
3897
3899
3899
3899
3899
3901
3901
3901
3901
3903
3903
3903
3903
3905
3905
3905
3906
3907
3907
3908
3908
3910
3910
3910
3910
3912
3912
3912
3912
3914
3914
3914
3914
3916
3916
3916
3917
3918
3918
3919
3919
3920
3920
3921
3921
3922
3923
3923
3923
3928
3928
3928
3928
3929
3929
3929
3930
3932
3932
3932
3932
3934
3934
3934
3935
3936
3936
3936
3936
3938
3938
3938
3939
3940
3941
3941
3941
3943
3943
3943
3943
3944
3944
3945
3945
3947
3947
3947
3947
3950
3950
3951
3951
3953
3953
3953
3953
3955
3955
3955
3955
3957
3957
3957
3957
3959
3959
3959
3959
3961
3961
3961
3961
3963
3963
3963
3963
3965
3965
3965
3965
3967
3967
3967
3967
3969
3969
3969
3969
3971
3971
3971
3971
3973
3973
3973
3973
3975
3975
3975
3975
3977
3977
3977
3977
3979
3979
3979
3979
3981
3981
3981
3981
3983
3983
3983
3983
3985
3985
3985
3985
3987
3987
3987
3987
3989
3989
3990
3990
3991
3991
3991
3992
3993
3993
3994
3994
3995
3995
3996
3996
3997
3997
3997
3998
3999
3999
4000
4000
4001
4001
4002
4002
4003
4003
4004
4004
4005
4005
4005
4006
4007
4007
4007
4008
4009
4009
4009
4010
4011
4011
4011
4012
4013
4013
4013
4013
4015
4015
4015
4016
4020
4020
4020
4020
4022
4022
4022
4023
4024
4025
4025
4025
4027
4027
4027
4027
4028
4029
4029
4029
4031
4031
4031
4031
4033
4033
4033
4033
4035
4035
4035
4035
4037
4037
4037
4037
4039
4039
4039
4039
4041
4041
4041
4041
4043
4043
4043
4043
4045
4045
4045
4045
4047
4047
4047
4047
4049
4049
4049
4049
4051
4051
4051
4051
4053
4053
4053
4053
4055
4055
4055
4055
4057
4057
4057
4057
4059
4059
4059
4059
4061
4061
4061
4061
4063
4063
4063
4063
4065
4065
4065
4066
4067
4067
4068
4068
4069
4069
4070
4070
4071
4071
4072
4072
4073
4073
4074
4074
4075
4075
4076
4076
4077
4077
4077
4078
4079
4079
4080
4080
4081
4081
4081
4082
4083
4083
4083
4084
4085
4085
4085
4086
4087
4087
4087
4088
4089
4089
4089
4090
4091
4091
4091
4092
4093
4093
4093
4094
4095
4095
4095
4096
4097
4097
4098
4098
4100
4100
4100
4100
4102
4102
4102
4102
4104
4104
4104
4104
4106
4106
4106
4106
4108
4108
4108
4108
4113
4113
4113
4113
4115
4115
4115
4116
4117
4117
4117
4117
4119
4120
4120
4120
4122
4122
4122
4122
4124
4124
4124
4124
4126
4126
4126
4126
4129
4129
4129
4129
4131
4131
4131
4131
4133
4133
4133
4133
4135
4135
4135
4135
4137
4137
4137
4137
4139
4139
4139
4140
4141
4141
4141
4142
4143
4143
4143
4144
4145
4146
4146
4146
4147
4148
4148
4148
4149
4150
4150
4150
4151
4152
4152
4152
4153
4153
4154
4154
4155
4155
4156
4156
4157
4157
4158
4158
4159
4159
4160
4160
4161
4161
4162
4162
4163
4163
4164
4164
4165
4165
4166
4166
4167
4168
4168
4168
4169
4170
4170
4170
4171
4172
4172
4172
4173
4174
4174
4174
4175
4176
4176
4176
4177
4178
4178
4178
4179
4179
4180
4180
4181
4181
4182
4182
4183
4183
4184
4184
4185
4185
4185
4186
4187
4187
4188
4188
4189
4189
4190
4190
4191
4191
4192
4192
4193
4193
4193
4194
4195
4195
4195
4196
4197
4197
4197
4198
4199
4199
4199
4200
4204
4204
4204
4204
4206
4206
4206
4207
4209
4209
4209
4209
4211
4211
4211
4211
4212
4213
4213
4213
4215
4215
4215
4215
4217
4217
4217
4217
4219
4219
4219
4219
4221
4221
4222
4222
4224
4224
4224
4224
4226
4226
4226
4226
4228
4228
4228
4228
4229
4230
4230
4230
4232
4232
4232
4232
4234
4234
4234
4234
4236
4236
4236
4236
4238
4238
4238
4238
4240
4240
4240
4240
4242
4242
4242
4242
4244
4244
4244
4244
4246
4246
4246
4246
4248
4248
4248
4248
4250
4250
4250
4250
4252
4252
4252
4252
4254
4254
4254
4254
4256
4256
4256
4256
4258
4258
4258
4258
4260
4260
4260
4260
4262
4262
4262
4262
4264
4264
4264
4264
4266
4266
4266
4266
4268
4268
4268
4268
4270
4270
4270
4271
4272
4272
4273
4273
4274
4275
4275
4275
4276
4277
4277
4277
4279
4279
4279
4279
4281
4281
4281
4281
4283
4283
4283
4283
4285
4285
4285
4285
4287
4287
4287
4287
4289
4289
4289
4289
4291
4291
4291
4291
4293
4293
4293
4294
4298
4298
4299
4299
4302
4302
4302
4302
4304
4304
4304
4304
4306
4306
4306
4306
4308
4308
4308
4308
4310
4310
4310
4310
4312
4312
4312
4312
4314
4314
4314
4314
4316
4316
4316
4316
4318
4318
4318
4318
4320
4320
4320
4320
4322
4322
4322
4323
4324
4324
4324
4325
4326
4326
4326
4326
4328
4328
4328
4328
4330
4330
4330
4330
4332
4332
4332
4333
4334
4334
4334
4335
4336
4336
4336
4337
4338
4338
4338
4339
4340
4340
4340
4341
4342
4342
4343
4343
4344
4344
4344
4345
4346
4346
4346
4347
4348
4348
4349
4349
4350
4350
4351
4351
4352
4352
4353
4353
4354
4354
4355
4355
4356
4356
4357
4357
4358
4358
4358
4359
4360
4360
4360
4361
4362
4362
4363
4363
4364
4364
4365
4365
4366
4366
4366
4367
4368
4368
4368
4369
4370
4370
4370
4371
4372
4372
4373
4373
4374
4374
4375
4375
4377
4377
4377
4377
4379
4379
4379
4379
4381
4381
4381
4381
4383
4383
4383
4383
4385
4385
4385
4385
4390
4390
4390
4390
4392
4392
4392
4393
4394
4394
4395
4395
4396
4396
4396
4396
4398
4398
4399
4399
4400
4401
4401
4401
4402
4403
4403
4403
4404
4405
4405
4405
4406
4407
4407
4407
4408
4409
4409
4409
4411
4411
4411
4411
4412
4413
4413
4413
4415
4415
4415
4415
4416
4417
4417
4417
4419
4419
4419
4419
4421
4421
4421
4421
4423
4423
4423
4423
4425
4425
4425
4425
4426
4427
4427
4427
4428
4429
4429
4429
4430
4431
4431
4431
4432
4433
4433
4433
4434
4435
4435
4435
4437
4437
4437
4437
4439
4439
4439
4439
4441
4441
4441
4441
4443
4443
4443
4443
4445
4445
4445
4445
4446
4447
4447
4447
4448
4449
4449
4449
4450
4451
4451
4451
4453
4453
4453
4453
4455
4455
4455
4455
4457
4457
4457
4458
4459
4459
4459
4460
4461
4461
4462
4462
4463
4463
4464
4464
4465
4466
4466
4466
4467
4468
4468
4468
4469
4470
4470
4470
4472
4472
4472
4472
4474
4474
4474
4474
4476
4476
4476
4476
4478
4478
4478
4478
4483
4483
4483
4483
4485
4485
4485
4486
4487
4487
4487
4487
4489
4489
4489
4489
4491
4492
4492
4492
4493
4493
4493
4493
4495
4496
4496
4496
4498
4498
4498
4498
4500
4500
4500
4500
4502
4502
4502
4502
4504
4504
4504
4504
4506
4506
4506
4506
4508
4508
4508
4508
4510
4510
4510
4511
4512
4512
4512
4513
4514
4514
4514
4515
4516
4516
4516
4517
4518
4518
4518
4519
4520
4520
4520
4521
4522
4522
4522
4523
4524
4524
4524
4525
4526
4526
4526
4527
4528
4528
4528
4529
4530
4530
4531
4531
4533
4533
4533
4533
4535
4535
4535
4535
4537
4537
4537
4537
4539
4539
4539
4539
4541
4541
4541
4541
4543
4543
4543
4543
4545
4545
4545
4545
4547
4547
4547
4547
4548
4549
4549
4549
4550
4550
4551
4551
4552
4552
4553
4553
4554
4554
4555
4555
4556
4557
4557
4557
4559
4559
4559
4559
4561
4561
4561
4561
4563
4563
4563
4563
4565
4565
4565
4565
4567
4567
4567
4567
4569
4569
4569
4569
4574
4574
4574
4574
4576
4576
4576
4576
4578
4578
4579
4579
4580
4581
4581
4581
4582
4583
4583
4583
4585
4585
4585
4585
4587
4587
4587
4587
4589
4589
4589
4589
4591
4591
4591
4591
4593
4593
4593
4593
4595
4595
4595
4595
4597
4597
4597
4597
4599
4599
4599
4599
4601
4601
4601
4601
4603
4603
4603
4603
4605
4605
4605
4605
4607
4607
4607
4608
4610
4610
4610
4610
4612
4612
4612
4612
4614
4614
4614
4614
4616
4616
4616
4616
4618
4618
4618
4618
4620
4620
4620
4620
4622
4622
4622
4622
4624
4624
4624
4624
4626
4626
4626
4626
4628
4628
4628
4628
4630
4630
4630
4630
4632
4632
4632
4632
4634
4634
4634
4634
4636
4636
4636
4637
4638
4638
4638
4639
4640
4640
4640
4641
4642
4642
4642
4643
4644
4644
4645
4645
4646
4646
4647
4647
4648
4649
4649
4649
4650
4651
4651
4651
4652
4653
4653
4653
4654
4655
4655
4655
4656
4657
4657
4657
4659
4659
4659
4659
4661
4661
4661
4661
4663
4663
4663
4663
4668
4668
4668
4668
4670
4670
4670
4671
4673
4673
4673
4673
4675
4675
4675
4675
4677
4677
4677
4677
4679
4679
4679
4679
4681
4681
4681
4682
4683
4683
4683
4684
4685
4685
4686
4686
4687
4688
4688
4688
4690
4690
4690
4690
4692
4692
4692
4692
4694
4694
4694
4694
4696
4696
4696
4696
4698
4698
4698
4698
4700
4700
4700
4700
4702
4702
4702
4702
4704
4704
4704
4705
4706
4706
4706
4707
4708
4708
4709
4709
4710
4710
4711
4711
4712
4712
4713
4713
4714
4714
4715
4715
4716
4716
4717
4717
4718
4718
4719
4719
4720
4720
4721
4721
4722
4722
4723
4723
4724
4724
4725
4725
4726
4726
4727
4727
4728
4728
4729
4729
4730
4730
4731
4731
4732
4732
4732
4733
4734
4734
4734
4735
4736
4736
4736
4737
4738
4738
4738
4739
4740
4740
4740
4741
4742
4742
4742
4743
4744
4744
4744
4745
4746
4746
4746
4747
4748
4748
4748
4749
4750
4750
4750
4751
4752
4752
4752
4753
4754
4754
4754
4754
4759
4759
4759
4759
4761
4761
4761
4762
4763
4764
4764
4764
4766
4766
4767
4767
4769
4769
4769
4769
4771
4771
4771
4771
4774
4774
4774
4774
4776
4776
4776
4776
4778
4778
4778
4778
4780
4780
4780
4780
4782
4782
4782
4782
4784
4784
4784
4784
4786
4786
4786
4786
4788
4788
4788
4788
4790
4790
4790
4790
4792
4792
4792
4792
4794
4794
4794
4794
4796
4796
4796
4796
4798
4798
4798
4798
4800
4800
4800
4800
4802
4802
4802
4802
4804
4804
4804
4804
4805
4806
4806
4806
4808
4808
4808
4808
4810
4810
4810
4810
4812
4812
4812
4812
4814
4814
4814
4814
4816
4816
4816
4816
4818
4818
4818
4818
4820
4820
4820
4820
4822
4822
4822
4822
4824
4824
4824
4824
4826
4826
4826
4826
4828
4828
4828
4828
4830
4830
4830
4830
4832
4832
4832
4832
4834
4834
4834
4835
4836
4836
4837
4837
4838
4839
4839
4839
4840
4841
4841
4841
4843
4843
4843
4843
4845
4845
4845
4846
4847
4848
4848
4848
4849
4850
4850
4850
4854
4855
4855
4855
4857
4857
4857
4857
4858
4859
4859
4859
4861
4861
4861
4861
4863
4863
4863
4863
4865
4865
4865
4865
4867
4867
4867
4868
4869
4869
4869
4870
4871
4871
4871
4872
4873
4873
4873
4874
4875
4875
4875
4876
4877
4877
4877
4878
4879
4879
4880
4880
4881
4881
4882
4882
4883
4883
4884
4884
4885
4885
4886
4886
4887
4888
4888
4888
4889
4890
4890
4890
4891
4892
4892
4892
4893
4893
4894
4894
4895
4895
4896
4896
4897
4897
4898
4898
4899
4900
4900
4900
4901
4902
4902
4902
4903
4904
4904
4904
4905
4905
4906
4906
4907
4908
4908
4908
4909
4910
4910
4910
4911
4912
4912
4912
4913
4913
4914
4914
4915
4916
4916
4916
4917
4918
4918
4918
4921
4921
4921
4921
4923
4923
4923
4923
4925
4925
4925
4925
4927
4927
4927
4927
4929
4930
4930
4930
4932
4932
4932
4932
4934
4934
4934
4935
4936
4936
4937
4937
4938
4938
4939
4939
4940
4940
4941
4941
4942
4942
4943
4943
4948
4948
4948
4948
4949
4949
4950
4950
4952
4952
4952
4952
4954
4954
4954
4954
4956
4956
4956
4956
4958
4958
4958
4958
4960
4960
4960
4960
4962
4962
4962
4963
4964
4964
4964
4965
4966
4966
4966
4967
4968
4968
4968
4969
4970
4970
4971
4971
4972
4972
4972
4973
4974
4974
4975
4975
4976
4976
4976
4977
4978
4978
4978
4979
4980
4980
4981
4981
4982
4982
4983
4983
4984
4984
4985
4985
4986
4986
4986
4987
4988
4988
4989
4989
4990
4990
4991
4991
4992
4992
4993
4993
4994
4994
4995
4995
4997
4998
4998
4998
5000
5001
5001
5001
5003
5003
5003
5003
5005
5005
5005
5005
5008
5008
5008
5008
5010
5010
5010
5010
5012
5012
5012
5012
5014
5014
5014
5014
5016
5016
5016
5016
5018
5018
5018
5018
5020
5020
5020
5021
5022
5022
5022
5023
5024
5025
5025
5025
5026
5027
5027
5027
5028
5029
5029
5029
5031
5031
5031
5031
5033
5033
5033
5033
5035
5035
5035
5035
5037
5037
5037
5037
5039
5039
5039
5039
5044
5044
5044
5044
5046
5046
5046
5047
5047
5048
5048
5048
5050
5050
5050
5051
5053
5053
5053
5053
5055
5055
5055
5055
5056
5057
5057
5057
5059
5059
5059
5059
5061
5061
5061
5061
5063
5063
5063
5064
5065
5065
5065
5066
5067
5067
5067
5068
5069
5069
5069
5070
5071
5071
5072
5072
5073
5073
5073
5074
5075
5075
5076
5076
5077
5077
5078
5078
5079
5079
5080
5080
5082
5082
5082
5082
5084
5084
5084
5084
5086
5086
5086
5086
5088
5088
5088
5088
5090
5090
5090
5090
5092
5092
5092
5093
5094
5094
5094
5095
5096
5096
5096
5097
5098
5098
5099
5099
5100
5100
5101
5101
5102
5103
5103
5103
5104
5105
5105
5105
5106
5107
5107
5107
5108
5109
5109
5109
5111
5111
5111
5111
5113
5113
5113
5113
5115
5115
5115
5115
5117
5117
5117
5117
5119
5119
5119
5119
5121
5121
5121
5121
5123
5123
5123
5123
5125
5125
5125
5125
5127
5127
5127
5127
5129
5130
5130
5130
5131
5131
5132
5132
5137
5137
5137
5137
5138
5138
5138
5139
5141
5141
5141
5141
5143
5143
5143
5143
5145
5145
5145
5145
5147
5147
5147
5147
5149
5149
5149
5149
5151
5151
5151
5151
5153
5153
5153
5153
5155
5155
5155
5155
5157
5157
5157
5157
5159
5159
5160
5160
5162
5162
5162
5162
5164
5164
5164
5164
5166
5166
5166
5166
5168
5168
5168
5168
5169
5170
5170
5170
5171
5172
5172
5172
5173
5174
5174
5174
5176
5176
5176
5176
5178
5178
5178
5178
5179
5180
5180
5180
5181
5182
5182
5182
5183
5184
5184
5184
5185
5186
5186
5186
5187
5188
5188
5188
5189
5190
5190
5190
5191
5192
5192
5192
5193
5194
5194
5194
5195
5196
5196
5196
5197
5197
5198
5198
5199
5199
5200
5200
5201
5201
5202
5202
5203
5204
5204
5204
5205
5206
5206
5206
5207
5208
5208
5208
5209
5210
5210
5210
5212
5212
5212
5212
5214
5214
5214
5214
5216
5216
5216
5216
5218
5218
5218
5218
5220
5220
5220
5220
5222
5222
5222
5222
5224
5224
5224
5225
5229
5230
5230
5230
5232
5232
5232
5232
5234
5234
5235
5235
5236
5236
5236
5236
5239
5239
5239
5239
5241
5241
5241
5241
5243
5243
5243
5244
5245
5245
5245
5246
5247
5247
5247
5248
5249
5249
5249
5250
5251
5251
5251
5252
5253
5253
5253
5254
5255
5255
5255
5256
5257
5257
5257
5258
5259
5259
5259
5260
5261
5261
5262
5262
5263
5263
5264
5264
5265
5265
5266
5266
5267
5267
5268
5268
5269
5269
5270
5270
5271
5271
5272
5272
5273
5273
5274
5274
5275
5276
5276
5276
5277
5278
5278
5278
5279
5279
5280
5280
5281
5281
5282
5282
5283
5284
5284
5284
5285
5286
5286
5286
5287
5287
5288
5288
5289
5290
5290
5290
5291
5292
5292
5292
5293
5294
5294
5294
5295
5296
5296
5296
5297
5297
5298
5298
5299
5299
5300
5300
5301
5301
5302
5302
5303
5303
5304
5304
5305
5305
5306
5306
5307
5307
5308
5308
5309
5309
5310
5310
5311
5311
5312
5312
5314
5314
5314
5314
5316
5316
5316
5316
5321
5321
5321
5321
5323
5323
5323
5323
5325
5326
5326
5326
5328
5328
5328
5328
5329
5329
5329
5330
5332
5332
5332
5332
5334
5334
5334
5334
5336
5336
5336
5336
5338
5338
5338
5338
5340
5340
5340
5340
5341
5342
5342
5342
5344
5344
5344
5344
5345
5346
5346
5346
5348
5348
5348
5348
5350
5350
5350
5350
5352
5352
5352
5352
5354
5354
5354
5354
5356
5356
5356
5356
5357
5358
5358
5358
5360
5360
5360
5360
5361
5362
5362
5362
5364
5364
5364
5364
5366
5366
5366
5366
5368
5368
5368
5368
5369
5370
5370
5370
5371
5372
5372
5372
5373
5374
5374
5374
5376
5376
5376
5376
5378
5378
5378
5378
5380
5380
5380
5380
5381
5382
5382
5382
5383
5384
5384
5384
5385
5386
5386
5386
5388
5388
5388
5388
5390
5390
5390
5391
5392
5392
5393
5393
5394
5394
5395
5395
5396
5397
5397
5397
5398
5399
5399
5399
5401
5401
5401
5401
5403
5403
5403
5403
5405
5405
5405
5405
5407
5407
5407
5408
5409
5409
5409
5410
5414
5414
5414
5414
5416
5416
5416
5416
5418
5418
5419
5419
5421
5421
5421
5421
5422
5422
5422
5423
5425
5425
5425
5425
5427
5427
5427
5427
5429
5429
5429
5429
5431
5431
5431
5431
5433
5433
5433
5433
5435
5435
5435
5435
5437
5437
5437
5437
5439
5439
5439
5439
5441
5441
5441
5441
5443
5443
5443
5443
5445
5445
5445
5445
5447
5447
5447
5447
5449
5449
5449
5449
5450
5451
5451
5451
5452
5453
5453
5453
5454
5455
5455
5455
5456
5457
5457
5457
5458
5459
5459
5459
5460
5461
5461
5461
5463
5463
5463
5463
5465
5465
5465
5465
5467
5467
5467
5468
5469
5469
5469
5470
5471
5471
5471
5472
5473
5473
5473
5474
5475
5475
5475
5476
5477
5477
5477
5477
5479
5479
5479
5479
5481
5481
5481
5481
5483
5483
5483
5483
5485
5485
5485
5485
5487
5487
5487
5487
5489
5489
5489
5489
5491
5491
5491
5491
5493
5493
5493
5493
5495
5495
5495
5496
5497
5497
5497
5498
5499
5499
5499
5500
5504
5504
5504
5504
5506
5506
5506
5506
5508
5508
5509
5509
5510
5511
5511
5511
5512
5512
5513
5513
5514
5515
5515
5515
5516
5517
5517
5517
5518
5518
5519
5519
5520
5520
5521
5521
5522
5523
5523
5523
5524
5525
5525
5525
5527
5527
5527
5527
5529
5529
5529
5529
5531
5531
5531
5531
5533
5533
5533
5533
5535
5535
5535
5535
5537
5537
5537
5537
5538
5539
5539
5539
5540
5541
5541
5541
5542
5543
5543
5543
5545
5545
5545
5545
5547
5547
5547
5547
5549
5549
5549
5549
5551
5551
5551
5551
5553
5553
5553
5553
5555
5555
5555
5555
5557
5557
5557
5557
5559
5559
5559
5559
5561
5561
5561
5561
5563
5563
5563
5563
5565
5565
5565
5565
5567
5567
5567
5567
5569
5569
5569
5569
5571
5571
5571
5571
5573
5573
5573
5573
5575
5575
5575
5575
5577
5577
5577
5577
5579
5579
5579
5579
5581
5581
5581
5581
5583
5583
5583
5583
5585
5585
5585
5585
5587
5587
5587
5587
5589
5589
5589
5589
5591
5591
5591
5591
5596
5596
5596
5596
5598
5598
5599
5599
5600
5600
5600
5600
5602
5602
5603
5603
5605
5605
5605
5605
5607
5607
5607
5608
5608
5609
5609
5609
5611
5611
5611
5611
5613
5613
5613
5614
5615
5615
5615
5616
5617
5617
5617
5618
5619
5619
5619
5620
5621
5621
5622
5622
5624
5624
5624
5624
5626
5626
5626
5626
5628
5628
5628
5628
5630
5630
5630
5630
5632
5632
5632
5632
5634
5634
5634
5634
5636
5636
5636
5636
5638
5638
5638
5638
5640
5640
5640
5640
5642
5642
5642
5642
5644
5644
5644
5644
5646
5646
5646
5646
5648
5648
5648
5648
5650
5650
5650
5650
5652
5652
5652
5652
5654
5654
5654
5654
5656
5656
5656
5657
5658
5658
5658
5659
5660
5660
5660
5661
5662
5662
5663
5663
5664
5664
5665
5665
5666
5667
5667
5667
5668
5669
5669
5669
5670
5671
5671
5671
5672
5673
5673
5673
5675
5675
5675
5675
5677
5677
5677
5677
5679
5679
5679
5679
5680
5681
5681
5681
5682
5683
5683
5683
5688
5688
5688
5688
5690
5690
5690
5691
5692
5692
5692
5693
5695
5695
5695
5695
5697
5697
5697
5697
5699
5699
5699
5699
5701
5702
5702
5702
5704
5704
5704
5704
5706
5706
5706
5706
5708
5708
5708
5708
5710
5710
5710
5710
5712
5712
5712
5713
5714
5714
5715
5715
5716
5716
5716
5717
5718
5718
5719
5719
5720
5721
5721
5721
5722
5723
5723
5723
5725
5725
5725
5725
5727
5727
5727
5727
5729
5729
5729
5729
5731
5731
5731
5731
5733
5733
5733
5733
5735
5735
5735
5735
5737
5737
5737
5738
5739
5739
5739
5740
5741
5741
5741
5742
5743
5743
5744
5744
5745
5745
5746
5746
5747
5747
5748
5748
5749
5749
5750
5750
5751
5752
5752
5752
5753
5754
5754
5754
5755
5756
5756
5756
5757
5758
5758
5758
5760
5760
5760
5760
5761
5762
5762
5762
5764
5764
5764
5764
5765
5766
5766
5766
5768
5768
5768
5768
5770
5770
5770
5770
5772
5772
5772
5772
5775
5775
5775
5775
5777
5777
5777
5778
5779
5779
5780
5780
5784
5785
5785
5785
5787
5787
5787
5787
5788
5789
5789
5789
5791
5791
5791
5791
5793
5793
5794
5794
5795
5796
5796
5796
5797
5798
5798
5798
5800
5800
5800
5800
5802
5802
5802
5802
5804
5804
5804
5804
5806
5806
5806
5806
5808
5808
5808
5808
5810
5810
5810
5810
5812
5812
5812
5812
5814
5814
5814
5814
5816
5816
5816
5816
5818
5818
5818
5819
5820
5820
5820
5821
5822
5822
5822
5823
5824
5824
5824
5825
5826
5826
5827
5827
5828
5829
5829
5829
5830
5831
5831
5831
5833
5833
5833
5833
5835
5835
5835
5835
5837
5837
5837
5837
5839
5839
5839
5839
5841
5841
5841
5841
5843
5843
5843
5843
5845
5845
5845
5845
5847
5847
5847
5847
5849
5849
5849
5849
5851
5851
5851
5851
5853
5853
5853
5853
5855
5855
5855
5855
5857
5858
5858
5858
5859
5860
5860
5860
5861
5862
5862
5862
5864
5864
5864
5864
5866
5866
5866
5866
5868
5868
5868
5868
5870
5870
5870
5870
5872
5872
5872
5872
5877
5877
5877
5877
5879
5879
5879
5879
5881
5882
5882
5882
5884
5884
5884
5884
5886
5886
5886
5886
5888
5888
5888
5888
5890
5890
5890
5890
5892
5892
5892
5892
5894
5894
5894
5894
5896
5896
5896
5897
5898
5898
5898
5899
5900
5900
5901
5901
5902
5902
5903
5903
5904
5904
5905
5905
5906
5907
5907
5907
5908
5909
5909
5909
5910
5911
5911
5911
5912
5913
5913
5913
5915
5915
5915
5915
5917
5917
5917
5917
5919
5919
5919
5919
5921
5921
5921
5921
5923
5923
5923
5924
5925
5925
5925
5926
5927
5927
5928
5928
5929
5929
5930
5930
5931
5931
5932
5932
5933
5933
5934
5934
5935
5935
5936
5936
5938
5938
5938
5938
5940
5940
5940
5940
5942
5942
5942
5942
5944
5944
5944
5945
5946
5946
5947
5947
5948
5948
5949
5949
5950
5950
5951
5951
5952
5953
5953
5953
5954
5955
5955
5955
5956
5956
5957
5957
5958
5959
5959
5959
5960
5961
5961
5961
5962
5963
5963
5963
5965
5965
5965
5965
5967
5967
5967
5967
5972
5972
5972
5972
5974
5974
5974
5975
5976
5976
5976
5976
5978
5978
5978
5979
5980
5980
5980
5981
5982
5982
5982
5983
5984
5984
5984
5985
5986
5986
5986
5987
5988
5988
5988
5989
5990
5990
5991
5991
5992
5992
5993
5993
5994
5995
5995
5995
5996
5996
5997
5997
5998
5999
5999
5999
6000
6000
6001
6001
6002
6002
6003
6003
6004
6004
6005
6005
6006
6006
6007
6007
6008
6009
6009
6009
6010
6011
6011
6011
6012
6013
6013
6013
6015
6015
6015
6016
6017
6017
6017
6018
6019
6019
6019
6020
6021
6021
6022
6022
6023
6024
6024
6024
6025
6026
6026
6026
6027
6028
