time (ms)
1
10
12
13
14
16
17
19
20
22
24
25
27
28
30
32
34
36
37
39
40
42
43
52
54
62
64
67
72
73
75
77
78
79
80
81
84
86
88
90
92
96
97
99
100
102
103
105
106
107
109
110
112
114
118
120
121
122
123
124
125
128
140
148
149
154
157
159
160
162
163
165
167
170
171
173
174
176
178
179
181
182
184
185
186
187
191
192
194
196
201
203
204
207
209
210
216
217
218
219
220
221
222
223
224
225
227
228
229
231
232
234
235
236
238
239
241
242
244
245
246
248
252
253
256
275
280
282
290
291
317
325
340
342
344
345
347
348
349
350
352
354
355
356
357
358
359
360
362
363
364
365
367
368
369
370
371
372
373
375
376
377
378
380
382
385
386
388
389
390
391
393
394
395
396
398
399
400
401
403
404
405
406
407
409
410
411
412
413
414
415
416
418
420
421
422
423
424
425
427
428
430
431
433
435
437
439
440
441
443
444
445
446
447
448
450
451
452
453
454
455
458
459
462
464
465
466
467
468
471
472
474
475
476
478
479
480
481
482
484
485
486
487
489
490
492
493
494
497
499
500
502
504
505
507
508
509
511
512
514
515
516
517
519
520
523
524
526
527
529
530
531
533
535
536
538
539
541
542
544
545
546
548
549
550
551
553
554
555
556
558
559
560
562
566
568
569
570
572
573
574
575
577
578
579
580
581
583
584
586
588
589
590
592
594
595
597
598
600
601
603
608
609
611
612
614
615
617
619
620
622
624
625
626
628
630
631
632
633
634
636
638
639
640
641
642
646
647
649
650
651
653
654
655
657
659
660
662
663
665
666
668
669
671
673
675
676
677
679
680
681
683
687
688
689
690
691
692
694
696
697
698
700
702
703
704
706
709
713
717
719
721
729
734
785
787
789
791
792
793
794
796
797
798
800
801
802
803
804
805
806
807
808
810
811
812
813
815
816
817
819
820
821
822
825
826
828
829
830
832
833
834
836
837
838
839
841
842
843
844
845
846
847
848
850
851
852
853
855
856
857
858
860
861
862
863
867
868
869
870
871
873
874
875
876
878
879
880
882
883
884
885
887
888
889
890
892
893
894
895
897
898
899
900
901
902
903
907
909
910
911
912
913
914
915
917
918
919
920
922
923
924
925
927
928
929
930
932
933
934
935
937
938
939
941
942
943
945
946
947
951
953
954
955
956
958
959
960
961
962
964
965
966
967
969
970
971
973
974
975
976
978
979
980
981
983
984
985
986
987
990
991
992
993
994
995
997
998
999
1000
1002
1003
1004
1005
1007
1008
1009
1010
1012
1013
1014
1015
1017
1018
1019
1020
1022
1023
1024
1025
1027
1030
1031
1032
1034
1035
1036
1037
1039
1040
1041
1043
1044
1045
1046
1048
1049
1050
1051
1053
1054
1055
1056
1058
1059
1060
1061
1063
1064
1065
1066
1071
1072
1074
1075
1076
1077
1078
1079
1081
1082
1083
1084
1085
1086
1087
1088
1089
1091
1092
1093
1094
1096
1097
1098
1099
1101
1102
1103
1105
1106
1107
1112
1113
1115
1116
1117
1118
1120
1121
1122
1123
1124
1125
1126
1127
1128
1129
1130
1132
1133
1134
1135
1137
1138
1139
1140
1141
1142
1143
1144
1146
1147
1153
1154
1155
1156
1158
1159
1160
1161
1163
1164
1165
1166
1167
1168
1169
1170
1171
1173
1174
1175
1177
1178
1179
1180
1182
1183
1184
1185
1186
1187
1192
1194
1195
1196
1198
1199
1200
1201
1203
1204
1205
1206
1208
1209
1210
1211
1212
1214
1215
1216
1217
1218
1219
1220
1221
1222
1224
1225
1226
1227
1229
1230
1231
1236
1238
1239
1240
1241
1243
1244
1245
1247
1248
1249
1250
1252
1253
1254
1255
1256
1258
1259
1260
1261
1263
1264
1265
1266
1267
1268
1269
1270
1275
1278
1279
1281
1282
1283
1284
1286
1287
1288
1289
1291
1292
1293
1294
1295
1296
1297
1298
1300
1301
1303
1304
1305
1307
1308
1310
1311
1312
1313
1314
1327
1330
1332
1333
1335
1337
1338
1340
1341
1343
1345
1346
1348
1349
1350
1351
1352
1354
1355
1358
1359
1361
1363
1364
1366
1367
1368
1370
1371
1372
1374
1375
1376
1378
1379
1380
1381
1383
1384
1386
1387
1389
1390
1392
1393
1394
1401
1402
1405
1407
1408
1410
1411
1413
1415
1416
1418
1419
1421
1423
1424
1426
1427
1428
1430
1431
1433
1434
1438
1439
1440
1442
1444
1445
1447
1448
1450
1451
1453
1455
1456
1458
1459
1461
1462
1464
1466
1467
1468
1470
1471
1473
1474
1478
1481
1482
1484
1485
1486
1488
1489
1491
1492
1494
1496
1497
1499
1500
1502
1503
1505
1506
1507
1509
1510
1512
1513
1515
1519
1521
1523
1524
1525
1526
1528
1529
1531
1532
1534
1536
1537
1539
1540
1542
1544
1545
1546
1547
1548
1549
1550
1551
1552
1554
1555
1561
1562
1563
1565
1567
1568
1570
1571
1573
1574
1576
1577
1579
1580
1582
1583
1585
1586
1587
1588
1589
1591
1592
1594
1595
1599
1601
1602
1604
1605
1607
1609
1610
1612
1613
1614
1615
1616
1617
1619
1620
1621
1623
1625
1626
1627
1628
1629
1630
1632
1633
1634
1635
1639
1641
1643
1645
1646
1647
1648
1649
1651
1653
1654
1656
1657
1659
1661
1662
1664
1665
1666
1668
1669
1671
1672
1674
1675
1679
1680
1681
1682
1684
1686
1687
1688
1690
1691
1692
1694
1695
1696
1698
1700
1701
1703
1704
1705
1706
1708
1709
1710
1712
1713
1714
1715
1719
1720
1721
1723
1725
1726
1727
1730
1732
1733
1735
1736
1738
1739
1740
1742
1744
1745
1747
1748
1750
1751
1752
1754
1755
1760
1761
1762
1764
1765
1768
1769
1771
1772
1773
1774
1776
1777
1779
1780
1782
1783
1785
1786
1788
1789
1791
1792
1793
1794
1795
1797
1798
1803
1805
1807
1808
1810
1812
1813
1814
1816
1817
1818
1819
1821
1822
1823
1824
1826
1827
1828
1830
1831
1833
1834
1835
1837
1838
1843
1844
1846
1848
1849
1851
1852
1854
1856
1857
1859
1860
1861
1862
1863
1865
1866
1868
1869
1871
1872
1874
1876
1877
1878
1880
1881
1882
1883
1887
1889
1890
1891
1892
1894
1895
1896
1898
1900
1901
1903
1904
1906
1907
1909
1910
1912
1913
1915
1916
1918
1919
1921
1922
1927
1928
1929
1930
1931
1932
1934
1935
1936
1938
1939
1940
1941
1943
1944
1946
1948
1949
1951
1952
1954
1955
1957
1958
1959
1961
1962
1964
1965
1966
1967
1971
1973
1975
1977
1979
1980
1981
1983
1985
1987
1988
1990
1991
1993
1994
1995
1996
1998
1999
2001
2002
2004
2005
2007
2010
2012
2013
2014
2015
2017
2018
2019
2020
2022
2023
2025
2026
2027
2028
2030
2031
2033
2034
2036
2038
2039
2040
2042
2043
2045
2046
2048
2049
2051
2055
2057
2059
2061
2062
2064
2065
2067
2068
2070
2072
2073
2075
2076
2078
2079
2081
2082
2084
2085
2087
2088
2089
2090
2091
2096
2097
2098
2100
2101
2103
2104
2106
2107
2109
2110
2111
2112
2114
2115
2116
2118
2120
2121
2122
2123
2124
2126
2127
2128
2130
2131
2133
2134
2139
2141
2143
2144
2146
2148
2149
2151
2152
2154
2155
2157
2159
2160
2162
2163
2164
2166
2168
2169
2170
2172
2173
2175
2178
2180
2181
2182
2183
2185
2187
2189
2190
2192
2193
2195
2196
2197
2198
2200
2202
2203
2205
2206
2208
2209
2210
2212
2213
2215
2216
2217
2218
2219
2226
2228
2230
2231
2232
2233
2235
2236
2238
2239
2240
2241
2243
2245
2246
2247
2248
2249
2251
2252
2253
2254
2255
2256
2258
2259
2263
2264
2265
2266
2268
2270
2272
2273
2275
2276
2278
2279
2280
2281
2283
2284
2286
2287
2288
2290
2292
2293
2295
2296
2298
2299
2303
2304
2305
2306
2307
2308
2309
2310
2311
2312
2313
2314
2315
2317
2319
2320
2322
2323
2324
2325
2327
2328
2330
2331
2332
2333
2334
2336
2337
2338
2339
2343
2344
2346
2347
2349
2351
2352
2354
2355
2357
2358
2360
2362
2363
2365
2366
2368
2369
2371
2372
2374
2376
2377
2378
2382
2384
2385
2386
2387
2388
2390
2391
2393
2394
2396
2397
2399
2400
2402
2403
2405
2406
2407
2409
2410
2412
2413
2414
2415
2416
2418
2419
2420
2421
2422
2427
2428
2430
2431
2433
2435
2436
2437
2439
2441
2442
2444
2446
2447
2449
2450
2451
2452
2454
2456
2457
2458
2460
2461
2463
2467
2468
2470
2471
2472
2474
2475
2477
2478
2480
2481
2483
2484
2486
2487
2489
2490
2492
2494
2495
2496
2497
2498
2500
2501
2502
2503
2504
2506
2507
2511
2513
2515
2517
2518
2520
2522
2523
2524
2525
2526
2528
2530
2531
2532
2533
2534
2536
2538
2539
2540
2542
2543
2544
2545
2546
2551
2552
2553
2555
2556
2558
2559
2561
2562
2563
2565
2566
2568
2569
2570
2571
2572
2573
2575
2576
2578
2579
2581
2582
2584
2585
2586
2587
2591
2592
2593
2595
2597
2599
2600
2602
2603
2605
2606
2607
2609
2610
2612
2613
2614
2615
2616
2618
2619
2620
2621
2623
2624
2626
2627
2631
2632
2634
2636
2637
2639
2641
2642
2644
2645
2647
2648
2650
2652
2653
2655
2657
2658
2660
2661
2663
2664
2666
2667
2669
2670
2671
2677
2678
2680
2681
2683
2685
2686
2688
2689
2691
2692
2693
2694
2696
2698
2699
2701
2702
2703
2705
2706
2708
2709
2711
2715
2716
2718
2720
2721
2723
2725
2727
2728
2730
2731
2733
2734
2736
2737
2739
2740
2742
2743
2745
2746
2747
2749
2750
2754
2757
2758
2759
2761
2762
2764
2766
2767
2768
2769
2770
2772
2774
2775
2780
2781
2782
2784
2788
2789
2790
2791
2792
2793
2795
2796
2797
2799
2800
2801
2803
2804
2805
2806
2808
2809
2810
2812
2813
2814
2815
2816
2817
2818
2819
2820
2822
2823
2824
2825
2827
2828
2830
2831
2832
2833
2834
2836
2837
2838
2840
2841
2842
2843
2844
2845
2847
2849
2850
2851
2853
2854
2855
2857
2858
2860
2861
2862
2864
2865
2866
2868
2869
2872
2873
2874
2876
2879
2880
2881
2882
2884
2885
2886
2888
2889
2890
2891
2893
2894
2896
2897
2898
2900
2901
2902
2904
2905
2906
2908
2909
2911
2912
2913
2915
2916
2917
2919
2920
2921
2922
2923
2924
2926
2927
2928
2929
2931
2932
2933
2934
2935
2936
2937
2939
2940
2941
2942
2943
2944
2946
2947
2948
2949
2952
2953
2954
2956
2957
2958
2959
2960
2961
2962
2964
2965
2966
2967
2968
2969
2971
2972
2973
2974
2976
2977
2978
2980
2981
2982
2983
2984
2986
2987
2988
2990
2991
2992
2994
2996
2997
2998
2999
3000
3001
3002
3004
3005
3006
3008
3009
3010
3012
3013
3014
3015
3017
3018
3019
3021
3022
3023
3025
3026
3027
3029
3030
3031
3032
3033
3034
3036
3037
3038
3040
3041
3042
3044
3045
3046
3048
3049
3050
3052
3053
3054
3056
3057
3058
3059
3061
3062
3063
3065
3066
3067
3069
3070
3072
3073
3074
3076
3080
3081
3082
3084
3085
3086
3088
3089
3090
3092
3093
3094
3095
3097
3098
3099
3101
3102
3103
3104
3105
3106
3108
3109
3110
3112
3113
3114
3115
3116
3117
3118
3120
3121
3122
3124
3125
3126
3128
3129
3130
3131
3133
3134
3135
3137
3138
3139
3141
3142
3143
3145
3146
3147
3149
3150
3151
3152
3153
3154
3156
3157
3158
3159
3161
3162
3164
3165
3166
3168
3169
3170
3172
3173
3174
3175
3177
3178
3180
3181
3182
3183
3185
3186
3188
3189
3190
3191
3193
3194
3195
3197
3198
3199
3201
3203
3204
3205
3206
3208
3209
3210
3212
3213
3214
3216
3217
3218
3220
3221
3222
3224
3225
3226
3227
3229
3230
3231
3233
3234
3236
3237
3238
3239
3241
3242
3244
3245
3246
3248
3249
3250
3252
3253
3254
3256
3257
3258
3260
3261
3262
3263
3265
3267
3268
3270
3271
3272
3273
3275
3276
3278
3282
3283
3285
3286
3287
3289
3290
3292
3294
3295
3296
3297
3299
3300
3301
3303
3304
3305
3306
3308
3309
3310
3312
3313
3314
3315
3316
3317
3318
3319
3321
3323
3324
3325
3326
3328
3329
3330
3331
3333
3334
3335
3336
3337
3338
3339
3340
3341
3343
3344
3345
3347
3348
3349
3350
3352
3353
3354
3355
3356
3357
3358
3359
3362
3364
3365
3366
3368
3369
3370
3371
3373
3374
3375
3377
3378
3379
3382
3383
3384
3386
3387
3388
3389
3391
3392
3393
3394
3395
3396
3397
3398
3406
3407
3408
3409
3410
3411
3413
3414
3415
3416
3418
3419
3420
3421
3422
3424
3425
3426
3427
3429
3430
3431
3432
3434
3435
3436
3437
3441
3442
3443
3449
3450
3452
3453
3454
3456
3457
3458
3459
3460
3462
3463
3464
3465
3466
3467
3468
3469
3470
3472
3473
3474
3475
3477
3478
3479
3480
3481
3483
3489
3490
3492
3493
3494
3495
3497
3498
3499
3500
3501
3502
3503
3504
3505
3507
3508
3509
3510
3512
3513
3514
3515
3517
3518
3519
3520
3522
3523
3529
3530
3532
3533
3534
3535
3537
3538
3539
3540
3541
3543
3544
3545
3546
3548
3549
3550
3551
3553
3554
3555
3556
3558
3559
3560
3561
3562
3569
3571
3572
3573
3575
3576
3577
3578
3580
3581
3582
3583
3585
3586
3587
3588
3590
3591
3592
3593
3595
3596
3597
3598
3600
3601
3602
3603
3604
3605
3606
3607
3614
3616
3617
3618
3620
3621
3622
3623
3625
3626
3627
3628
3630
3631
3632
3633
3634
3635
3636
3637
3638
3640
3641
3642
3643
3645
3646
3647
3654
3656
3657
3658
3660
3661
3662
3663
3665
3666
3667
3668
3669
3671
3672
3673
3674
3676
3677
3678
3679
3681
3682
3683
3684
3686
3687
3688
3689
3691
3692
3693
3694
3704
3705
3707
3708
3709
3710
3711
3713
3714
3715
3716
3718
3719
3720
3722
3723
3724
3725
3726
3728
3729
3730
3731
3733
3734
3735
3742
3744
3745
3747
3748
3749
3750
3752
3753
3754
3755
3757
3758
3759
3760
3762
3763
3764
3765
3766
3767
3768
3769
3770
3772
3773
3774
3775
3777
3778
3779
3780
3782
3783
3793
3794
3795
3797
3798
3799
3800
3802
3803
3805
3806
3808
3809
3810
3811
3812
3814
3815
3816
3817
3818
3820
3821
3823
3834
3836
3838
3840
3842
3843
3844
3845
3846
3848
3849
3851
3852
3854
3855
3856
3858
3859
3861
3862
3863
3865
3866
3867
3869
3870
3872
3873
3874
3875
3887
3889
3891
3893
3894
3896
3897
3899
3901
3902
3904
3906
3907
3908
3910
3911
3912
3913
3914
3918
3919
3920
3922
3923
3924
3927
3928
3930
3931
3933
3934
3936
3938
3939
3942
3943
3944
3946
3947
3949
3950
3951
3952
3953
3955
3959
3962
3964
3965
3967
3968
3970
3972
3973
3975
3976
3978
3979
3981
3982
3983
3984
3986
3987
3988
3989
3990
3992
3993
3994
3995
3999
4002
4004
4005
4007
4008
4010
4012
4013
4015
4016
4018
4019
4020
4021
4023
4024
4026
4027
4029
4030
4031
4033
4034
4038
4040
4041
4042
4043
4044
4046
4047
4048
4050
4052
4053
4055
4057
4058
4060
4061
4063
4064
4066
4068
4069
4070
4072
4073
4075
4076
4077
4079
4083
4085
4087
4089
4090
4092
4093
4095
4096
4098
4100
4101
4103
4104
4106
4107
4108
4110
4111
4113
4114
4115
4116
4117
4118
4119
4123
4125
4126
4127
4129
4130
4132
4134
4135
4136
4138
4139
4141
4142
4143
4144
4146
4147
4149
4151
4152
4153
4154
4155
4156
4157
4158
4160
4161
4162
4163
4167
4169
4171
4172
4174
4176
4178
4179
4180
4182
4183
4185
4186
4188
4190
4191
4193
4195
4196
4198
4199
4200
4202
4203
4207
4208
4209
4210
4212
4213
4215
4216
4218
4219
4220
4222
4223
4224
4226
4228
4229
4231
4232
4234
4235
4237
4238
4239
4240
4241
4243
4247
4249
4250
4251
4252
4254
4255
4256
4258
4260
4261
4263
4264
4266
4267
4269
4271
4273
4274
4275
4277
4278
4279
4280
4281
4283
4287
4289
4290
4292
4293
4295
4296
4298
4299
4300
4302
4303
4305
4306
4308
4309
4311
4312
4314
4315
4317
4318
4319
4321
4322
4326
4329
4331
4332
4334
4335
4337
4338
4340
4341
4343
4345
4346
4348
4349
4351
4352
4354
4355
4356
4357
4358
4359
4361
4362
4363
4364
4365
4366
4367
4372
4374
4375
4376
4377
4379
4381
4382
4384
4385
4387
4389
4390
4392
4393
4395
4396
4397
4399
4400
4402
4403
4404
4406
4407
4411
4413
4414
4415
4416
4417
4418
4419
4421
4423
4424
4426
4427
4429
4430
4432
4433
4435
4436
4437
4439
4440
4441
4443
4444
4446
4447
4451
4452
4454
4456
4457
4459
4460
4462
4463
4464
4466
4467
4469
4470
4472
4473
4475
4476
4477
4479
4480
4481
4482
4483
4484
4485
4486
4490
4492
4494
4495
4497
4498
4500
4502
4503
4505
4506
4507
4509
4510
4512
4514
4515
4517
4518
4519
4521
4522
4523
4525
4526
4527
4530
4531
4533
4534
4536
4537
4539
4540
4542
4543
4544
4545
4546
4548
4549
4550
4551
4552
4554
4555
4557
4558
4560
4561
4562
4563
4564
4565
4566
4567
4570
4572
4573
4575
4576
4578
4580
4581
4582
4584
4585
4587
4588
4589
4590
4591
4593
4595
4596
4597
4599
4600
4601
4602
4603
4604
4605
4606
4607
4611
4613
4615
4616
4618
4619
4621
4622
4624
4625
4627
4628
4630
4631
4632
4633
4635
4636
4638
4639
4640
4642
4643
4644
4645
4646
4650
4652
4653
4654
4656
4657
4659
4660
4662
4663
4665
4666
4668
4670
4671
4673
4674
4676
4677
4679
4680
4681
4683
4684
4686
4687
4688
4690
4691
4695
4696
4698
4700
4701
4703
4704
4706
4707
4709
4710
4712
4713
4715
4716
4717
4719
4720
4722
4723
4724
4726
4727
4729
4730
4731
4734
4735
4736
4737
4739
4741
4743
4744
4746
4747
4749
4751
4752
4753
4754
4755
4757
4758
4760
4761
4763
4764
4765
4767
4768
4769
4770
4771
4775
4777
4779
4780
4782
4783
4785
4786
4788
4789
4791
4792
4794
4795
4797
4798
4799
4801
4802
4803
4804
4805
4807
4808
4809
4811
4814
4815
4816
4818
4819
4821
4822
4824
4825
4827
4829
4830
4832
4833
4835
4836
4838
4839
4841
4842
4843
4845
4846
4848
4849
4850
4854
4855
4856
4859
4860
4862
4863
4864
4865
4866
4868
4870
4871
4873
4875
4876
4878
4879
4881
4882
4884
4885
4886
4888
4889
4891
4894
4895
4896
4897
4898
4900
4902
4904
4905
4907
4908
4910
4912
4913
4915
4917
4918
4919
4921
4922
4924
4925
4926
4928
4929
4931
4935
4936
4939
4941
4942
4944
4945
4946
4947
4948
4949
4951
4952
4954
4955
4956
4958
4959
4961
4962
4964
4965
4966
4968
4969
4971
4975
4977
4978
4980
4981
4982
4984
4986
4987
4989
4991
4992
4996
4998
5000
5001
5003
5004
5006
5007
5008
5010
5011
5014
5015
5017
5019
5020
5022
5024
5025
5027
5028
5030
5032
5033
5035
5036
5038
5039
5041
5042
5043
5045
5046
5047
5048
5049
5050
5051
5056
5057
5058
5059
5061
5063
5064
5065
5067
5068
5070
5072
5073
5075
5076
5078
5079
5081
5082
5084
5085
5086
5088
5089
5091
5095
5098
5099
5101
5102
5104
5106
5107
5108
5109
5110
5112
5114
5115
5116
5118
5119
5120
5122
5123
5125
5126
5128
5129
5130
5135
5137
5139
5140
5142
5143
5145
5146
5148
5150
5152
5153
5154
5155
5156
5158
5159
5160
5161
5162
5163
5164
5165
5166
5168
5169
5171
5175
5177
5179
5180
5181
5182
5184
5186
5187
5189
5191
5192
5194
5196
5197
5198
5199
5200
5201
5202
5203
5204
5205
5206
5208
5209
5211
5215
5217
5218
5220
5222
5223
5224
5226
5229
5230
5232
5234
5235
5237
5239
5240
5241
5242
5243
5244
5249
5250
5252
5253
5254
5255
5256
5257
5258
5260
5261
5262
5264
5265
5267
5268
5270
5271
5272
5274
5276
5277
5278
5280
5282
5283
5285
5286
5287
5288
5289
5291
5294
5295
5297
5298
5300
5302
5303
5305
5307
5308
5309
5311
5312
5314
5315
5316
5318
5319
5320
5322
5324
5325
5326
5328
5329
5331
5335
5336
5337
5338
5339
5341
5342
5344
5345
5346
5348
5349
5350
5351
5353
5354
5355
5356
5358
5359
5360
5362
5364
5365
5366
5367
5368
5370
5371
5373
5374
5375
5380
5382
5383
5385
5386
5387
5388
5390
5391
5392
5394
5396
5397
5399
5400
5402
5403
5404
5406
5408
5409
5410
5411
5412
5413
5414
5415
5420
5422
5423
5424
5426
5427
5428
5430
5432
5433
5435
5436
5437
5439
5441
5442
5443
5445
5446
5448
5450
5451
5452
5453
5454
5455
5457
5458
5463
5464
5465
5466
5467
5469
5470
5472
5473
5475
5477
5479
5480
5482
5483
5484
5485
5486
5487
5488
5490
5491
5492
5494
5495
5497
5498
5499
5504
5505
5507
5509
5510
5511
5512
5513
5515
5516
5518
5519
5520
5522
5524
5525
5527
5528
5530
5531
5533
5534
5535
5537
5538
5543
5545
5546
5547
5548
5550
5551
5553
5554
5556
5557
5558
5559
5560
5562
5563
5565
5566
5568
5569
5571
5573
5574
5575
5576
5577
5578
5580
5581
5583
5587
5589
5591
5592
5594
5595
5596
5598
5600
5601
5603
5604
5606
5608
5609
5611
5612
5614
5616
5617
5619
5620
5621
5622
5623
5628
5629
5630
5633
5634
5635
5636
5637
5639
5640
5642
5643
5645
5646
5648
5649
5651
5652
5654
5655
5657
5658
5659
5660
5661
5663
5664
5665
5666
5667
5672
5674
5676
5677
5679
5680
5682
5683
5684
5685
5687
5689
5690
5692
5693
5695
5696
5697
5698
5700
5701
5703
5704
5705
5707
5711
5712
5714
5716
5717
5719
5721
5722
5724
5725
5727
5728
5730
5732
5733
5735
5737
5738
5739
5741
5742
5744
5745
5746
5748
5749
5750
5751
5755
5757
5758
5760
5761
5763
5765
5767
5768
5770
5771
5772
5774
5775
5777
5779
5780
5782
5783
5784
5786
5787
5789
5790
5794
5797
5798
5799
5800
5802
5804
5805
5807
5808
5810
5811
5813
5815
5816
5818
5820
5821
5823
5824
5826
5827
5829
5830
5831
5833
5834
5839
5840
5842
5844
5846
5847
5849
5850
5852
5853
5854
5855
5856
5858
5859
5861
5863
5864
5865
5867
5868
5869
5870
5871
5873
5874
5875
5879
5881
5883
5884
5886
5888
5889
5891
5892
5894
5895
5897
5898
5899
5901
5902
5904
5905
5906
5907
5909
5910
5911
5912
5913
5914
5915
5919
5921
5922
5924
5925
5926
5928
5930
5931
5932
5934
5935
5937
5938
5939
5941
5942
5944
5945
5947
5948
5950
5951
5953
5954
5958
5960
5961
5962
5964
5965
5967
5968
5969
5971
5972
5974
5976
5977
5978
5979
5980
5982
5983
5985
5986
5987
5988
5989
5991
5992
5993
5994
5995
5997
5998
6003
6005
6007
6008
6010
6011
6012
6014
6016
6017
6019
6020
6022
6023
6025
6027
6028
6030
6031
6032
6034
6036
6037
6038
6043
6044
6046
6048
6049
6051
6053
6054
6055
6057
6058
6060
6061
6063
6064
6066
6067
6069
6070
6072
6073
6075
6076
6077
6079
6080
6082
6083
6089
6091
6092
6093
6094
6096
6098
6099
6100
6101
6102
6103
6104
6106
6107
6108
6110
6111
6113
6114
6115
6116
6118
6120
6121
6122
6123
6128
6130
6132
6133
6135
6137
6138
6140
6141
6142
6143
6145
6147
6148
6150
6151
6152
6154
6156
6157
6159
6160
6161
6163
6167
6168
6169
6170
6171
6172
6174
6175
6176
6178
6180
6182
6183
6185
6186
6188
6189
6191
6192
6194
6196
6197
6198
6199
6200
6201
6203
6204
6206
6207
6211
6213
6215
6216
6218
6220
6221
6223
6224
6226
6227
6230
6231
6233
6234
6236
6237
6239
6241
6242
6243
6245
6246
6250
6252
6253
6254
6256
6257
6259
6261
6262
6263
6264
6265
6267
6268
6270
6271
6272
6274
6275
6276
6278
6279
6280
6281
6282
6283
6285
6286
6288
6289
6291
6295
6297
6298
6301
6302
6303
6305
6307
6308
6309
6311
6312
6314
6315
6317
6318
6319
6320
6322
6323
6324
6326
6327
6329
6330
6331
6335
6336
6338
6340
6341
6343
6345
6346
6348
6349
6351
6352
6354
6355
6356
6358
6359
6360
6361
6362
6363
6364
6366
6367
6368
6370
6371
6372
6373
6374
6379
6380
6382
6384
6385
6387
6388
6390
6392
6393
6395
6396
6398
6399
6400
6402
6404
6405
6407
6408
6409
6411
6412
6413
6414
6415
6420
6421
6422
6424
6425
6427
6428
6430
6431
6433
6434
6436
6438
6439
6440
6442
6443
6445
6447
6448
6450
6451
6453
6454
6456
6457
6458
6463
6465
6466
6467
6468
6470
6471
6472
6474
6475
6476
6478
6479
6480
6482
6484
6485
6486
6487
6488
6490
6491
6493
6494
6496
6497
6498
6503
6504
6505
6506
6507
6508
6510
6511
6513
6514
6515
6516
6518
6519
6520
6521
6523
6524
6526
6527
6528
6530
6531
6532
6533
6534
6535
6536
6538
6539
6543
6544
6545
6546
6547
6549
6550
6552
6554
6555
6556
6558
6559
6561
6563
6564
6566
6567
6569
6570
6572
6573
6574
6575
6576
6578
6579
6583
6584
6585
6586
6588
6589
6591
6592
6594
6595
6596
6598
6599
6601
6603
6604
6606
6607
6608
6610
6611
6612
6614
6615
6616
6618
6619
6623
6624
6625
6626
6627
6628
6630
6631
6633
6634
6636
6637
6639
6640
6642
6643
6645
6646
6648
6650
6651
6652
6654
6655
6657
6658
6663
6664
6665
6667
6668
6670
6671
6673
6675
6676
6678
6679
6681
6682
6684
6685
6687
6688
6690
6692
6693
6695
6696
6697
6699
6703
6705
6706
6708
6710
6711
6712
6714
6716
6717
6719
6720
6722
6723
6724
6726
6728
6729
6731
6732
6733
6735
6736
6737
6738
6739
6741
6742
6747
6748
6749
6751
6752
6754
6756
6757
6759
6760
6762
6763
6765
6767
6769
6770
6771
6773
6774
6775
6776
6777
6778
6779
6780
6782
6783
6787
6789
6790
6792
6793
6795
6797
6798
6799
6801
6802
6804
6805
6807
6809
6811
6812
6814
6815
6816
6818
6819
6821
6822
6823
6827
6829
6831
6832
6834
6836
6838
6839
6840
6841
6843
6844
6846
6847
6849
6850
6852
6853
6854
6856
6857
6859
6860
6861
6862
6863
6867
6869
6870
6872
6874
6876
6877
6879
6881
6882
6883
6884
6886
6887
6888
6889
6890
6891
6892
6893
6895
6896
6897
6899
6900
6902
6903
6909
6910
6911
6913
6914
6916
6918
6920
6921
6923
6925
6927
6928
6930
6931
6933
6934
6935
6937
6938
6939
6940
6941
6942
6943
6947
6948
6949
6950
6952
6954
6956
6958
6959
6961
6963
6964
6965
6966
6968
6970
6971
6972
6973
6974
6975
6977
6978
6979
6981
6982
6984
6985
6986
6993
6994
6996
6998
7000
7001
7003
7004
7005
7007
7009
7010
7011
7012
7014
7015
7016
7018
7019
7020
7021
7022
7024
7025
7027
7031
7034
7036
7038
7039
7040
7041
7042
7043
7044
7046
7048
7049
7051
7053
7054
7056
7057
7058
7059
7060
7061
7062
7063
7064
7065
7066
7067
7069
7070
7071
7078
7080
7082
7083
7084
7085
7087
7088
7089
7090
7092
7093
7094
7096
7098
7099
7101
7102
7103
7104
7105
7106
7107
7108
7109
7110
7111
7114
7116
7118
7120
7122
7123
7125
7126
7128
7129
7131
7133
7134
7136
7138
7139
7141
7142
7144
7145
7146
7148
7149
7151
7154
7155
7156
7157
7160
7161
7163
7164
7166
7168
7169
7171
7173
7174
7176
7177
7179
7180
7181
7182
7183
7184
7186
7187
7188
7190
7191
7195
7197
7199
7200
7202
7204
7205
7207
7208
7210
7212
7213
7215
7216
7218
7219
7220
7222
7223
7225
7226
7227
7229
7231
7235
7238
7240
7242
7243
7245
7248
7249
7251
7252
7253
7254
7255
7256
7258
7259
7260
7262
7263
7265
7266
7267
7269
7270
7272
7273
7274
7281
7283
7284
7285
7286
7287
7288
7289
7290
7291
7292
7294
7295
7297
7298
7299
7300
7301
7303
7304
7305
7307
7308
7309
7310
7311
7313
7314
7322
7324
7326
7327
7328
7330
7331
7332
7334
7336
7337
7339
7341
7342
7344
7345
7347
7348
7350
7351
7353
7354
7358
7359
7361
7362
7364
7365
7367
7368
7370
7372
7373
7375
7376
7377
7379
7381
7383
7384
7385
7387
7388
7389
7390
7391
7393
7394
7399
7401
7402
7404
7405
7407
7409
7411
7412
7414
7415
7416
7418
7420
7421
7423
7424
7425
7427
7428
7430
7431
7433
7434
7435
7438
7440
7442
7444
7445
7446
7447
7448
7450
7451
7453
7455
7456
7458
7459
7460
7462
7464
7466
7467
7468
7469
7470
7471
7473
7474
7479
7481
7482
7484
7485
7487
7488
7490
7491
7493
7494
7496
7498
7499
7500
7502
7503
7505
7506
7507
7508
7509
7510
7511
7512
7513
7514
7515
7521
7522
7524
7525
7527
7528
7530
7531
7533
7534
7535
7536
7538
7539
7541
7542
7543
7544
7546
7547
7549
7550
7552
7553
7554
7559
7561
7562
7563
7564
7566
7567
7568
7570
7572
7574
7575
7576
7578
7579
7581
7582
7584
7586
7587
7589
7590
7592
7593
7594
7596
7597
7599
7603
7604
7605
7607
7608
7610
7611
7612
7614
7616
7618
7619
7621
7622
7624
7625
7627
7628
7630
7631
7633
7634
7636
7637
7638
7642
7644
7645
7646
7648
7649
7651
7652
7654
7655
7657
7658
7660
7662
7663
7664
7665
7666
7668
7669
7671
7672
7674
7675
7676
7678
7679
7681
7682
7687
7689
7690
7691
7692
7694
7695
7696
7698
7700
7701
7703
7704
7706
7707
7709
7711
7712
7714
7715
7716
7718
7719
7721
7722
7723
7727
7728
7730
7732
7733
7735
7736
7738
7739
7740
7742
7744
7745
7747
7748
7750
7751
7752
7754
7756
7757
7759
7760
7762
7763
7764
7766
7767
7772
7773
7774
7776
7778
7779
7780
7781
7782
7784
7786
7787
7788
7790
7791
7793
7794
7795
7796
7798
7799
7800
7801
7802
7804
7805
7806
7807
7811
7813
7814
7816
7818
7819
7820
7822
7824
7825
7827
7828
7829
7830
7831
7833
7834
7836
7837
7839
7840
7842
7843
7845
7846
7847
7851
7853
7854
7855
7856
7858
7859
7861
7863
7864
7866
7867
7868
7870
7872
7873
7875
7876
7878
7879
7880
7882
7883
7884
7885
7886
7887
7888
7889
7890
7891
7896
7898
7900
7901
7903
7904
7905
7907
7909
7910
7912
7914
7915
7917
7918
7920
7921
7923
7925
7926
7927
7929
7930
7935
7936
7937
7938
7940
7941
7943
7945
7946
7948
7949
7950
7951
7953
7954
7956
7957
7959
7960
7962
7963
7965
7966
7968
7969
7971
7972
7973
7975
7979
7980
7982
7983
7985
7987
7988
7989
7991
7993
7994
7996
7997
7999
8001
8002
8004
8005
8007
8008
8010
8011
8012
8014
8015
8019
8020
8022
8023
8024
8026
8028
8030
8031
8032
8033
8034
8035
8036
8037
8039
8040
8042
8043
8045
8046
8047
8048
8050
8051
8053
8054
8055
8059
8060
8062
8064
8065
8067
8068
8070
8071
8073
8074
8075
8077
8078
8081
8082
8084
8085
8087
8089
8090
8091
8093
8094
8095
8099
8100
8101
8102
8103
8104
8105
8107
8108
8110
8112
8113
8115
8116
8118
8119
8120
8121
8123
8125
8126
8128
8129
8130
8132
8133
8134
8135
8136
8137
8138
8139
8144
8146
8148
8149
8151
8152
8154
8155
8157
8158
8160
8161
8163
8164
8166
8167
8169
8170
8172
8174
8175
8176
8178
8179
8183
8184
8186
8188
8189
8191
8192
8193
8195
8196
8197
8199
8201
8202
8204
8205
8207
8208
8209
8210
8212
8213
8214
8215
8216
8218
8219
8220
8221
8222
8227
8228
8230
8232
8234
8235
8236
8238
8240
8241
8243
8245
8246
8248
8249
8251
8252
8254
8255
8257
8258
8259
8261
8262
8263
8267
8268
8272
8274
8275
8276
8278
8279
8281
8283
8284
8285
8286
8287
8289
8291
8292
8294
8295
8297
8298
8299
8300
8301
8303
8304
8305
8306
8307
8312
8313
8314
8315
8317
8319
8320
8322
8323
8325
8327
8328
8329
8331
8332
8333
8335
8336
8338
8339
8340
8342
8343
8345
8346
8350
8352
8353
8355
8357
8358
8360
8361
8363
8364
8366
8367
8369
8370
8372
8374
8375
8377
8378
8380
8381
8383
8384
8385
8387
8390
8392
8395
8397
8399
8400
8401
8402
8404
8405
8406
8407
8409
8410
8412
8413
8415
8416
8417
8419
8420
8422
8423
8424
8426
8427
8429
8430
8431
8435
8437
8439
8440
8441
8443
8444
8446
8448
8449
8451
8452
8454
8455
8457
8458
8460
8461
8462
8463
8464
8465
8466
8467
8468
8470
8471
8474
8476
8478
8479
8480
8482
8483
8485
8486
8488
8489
8491
8492
8494
8495
8497
8498
8499
8500
8501
8503
8504
8505
8507
8508
8510
8511
8514
8516
8518
8520
8521
8523
8524
8525
8527
8528
8530
8531
8533
8534
8536
8537
8538
8539
8540
8542
8543
8545
8546
8547
8549
8550
8554
8555
8557
8559
8560
8561
8562
8563
8565
8566
8567
8569
8570
8572
8573
8575
8576
8578
8579
8581
8582
8583
8584
8585
8586
8587
8588
8589
8590
8591
8594
8596
8598
8600
8601
8603
8604
8606
8607
8609
8610
8612
8613
8614
8616
8617
8619
8620
8621
8622
8623
8625
8626
8628
8629
8630
8634
8637
8639
8640
8641
8642
8643
8645
8647
8648
8649
8650
8651
8653
8654
8656
8657
8659
8660
8661
8662
8663
8665
8666
8667
8669
8670
8672
8673
8675
8678
8680
8682
8684
8685
8687
8688
8690
8692
8693
8694
8696
8697
8699
8700
8702
8703
8704
8705
8706
8708
8709
8710
8712
8713
8714
8715
8718
8721
8723
8724
8725
8726
8728
8729
8731
8732
8734
8735
8737
8738
8740
8741
8742
8743
8744
8746
8747
8749
8750
8751
8752
8753
8754
8755
8756
8757
8758
8759
8764
8766
8768
8769
8771
8772
8774
8775
8777
8778
8780
8781
8783
8784
8785
8786
8788
8789
8791
8792
8793
8794
8795
8796
8797
8798
8799
8803
8804
8805
8807
8808
8810
8812
8813
8815
8816
8818
8819
8820
8822
8823
8824
8826
8827
8829
8830
8831
8833
8834
8836
8837
8839
8843
8844
8845
8847
8848
8850
8851
8853
8854
8856
8857
8859
8860
8861
8862
8863
8864
8866
8867
8869
8870
8872
8873
8875
8876
8877
8879
8884
8885
8886
8887
8889
8890
8892
8893
8894
8895
8896
8897
8898
8900
8901
8903
8904
8905
8907
8908
8910
8911
8913
8914
8915
8917
8918
8919
8924
8926
8927
8929
8930
8931
8933
8935
8936
8937
8939
8941
8942
8944
8945
8947
8948
8950
8951
8952
8954
8956
8957
8959
8963
8964
8966
8968
8969
8971
8972
8974
8975
8977
8978
8979
8980
8982
8983
8984
8986
8987
8989
8990
8992
8993
8995
8996
8997
8998
8999
9001
9002
9007
9009
9011
9012
9014
9015
9017
9018
9020
9021
9023
9024
9026
9027
9029
9030
9032
9034
9035
9036
9038
9039
9040
9041
9042
9043
9048
9049
9051
9052
9053
9055
9056
9058
9059
9061
9062
9064
9065
9066
9067
9069
9070
9072
9073
9075
9076
9078
9079
9081
9082
9084
9085
9086
9091
9092
9093
9095
9097
9098
9100
9101
9102
9103
9105
9106
9107
9109
9111
9112
9114
9115
9116
9117
9118
9120
9121
9123
9124
9125
9127
9131
9132
9133
9135
9137
9138
9139
9141
9142
9143
9144
9146
9147
9149
9150
9152
9154
9155
9156
9158
9160
9161
9162
9164
9165
9166
9167
9171
9172
9175
9176
9177
9179
9180
9182
9183
9184
9186
9188
9189
9191
9192
9194
9195
9197
9198
9199
9200
9202
9203
9205
9206
9210
9212
9213
9214
9216
9217
9219
9220
9222
9223
9225
9226
9228
9229
9231
9233
9234
9236
9237
9238
9240
9241
9242
9243
9244
9245
9246
9248
9249
9251
9255
9257
9258
9259
9260
9262
9263
9264
9266
9268
9269
9271
9272
9274
9275
9277
9278
9279
9280
9282
9283
9284
9285
9286
9287
9289
9290
9295
9296
9298
9300
9301
9303
9305
9306
9308
9310
9312
9313
9315
9316
9318
9319
9321
9322
9324
9325
9326
9327
9328
9329
9330
9331
9332
9333
9334
9335
9339
9341
9343
9344
9346
9348
9350
9351
9352
9354
9356
9358
9359
9361
9363
9364
9365
9366
9367
9368
9369
9370
9371
9372
9373
9374
9379
9380
9382
9383
9384
9385
9386
9387
9388
9389
9390
9391
9393
9394
9396
9397
9399
9400
9402
9403
9405
9406
9407
9408
9409
9410
9412
9413
9415
9416
9417
9418
9419
9425
9427
9428
9430
9432
9434
9435
9437
9439
9440
9442
9443
9445
9447
9448
9450
9451
9452
9453
9454
9455
9456
9457
9458
9462
9463
9465
9466
9468
9470
9471
9472
9473
9476
9477
9478
9479
9481
9483
9484
9486
9487
9488
9489
9490
9491
9492
9493
9495
9496
9498
9499
9503
9504
9506
9507
9509
9510
9511
9512
9513
9514
9516
9517
9519
9521
9523
9524
9525
9526
9527
9529
9530
9532
9533
9534
9536
9537
9539
9543
9544
9545
9546
9548
9549
9551
9552
9554
9555
9557
9559
9561
9562
9563
9564
9566
9567
9569
9570
9571
9573
9574
9575
9576
9577
9579
9582
9583
9584
9585
9586
9588
9589
9591
9593
9594
9595
9596
9597
9598
9599
9600
9601
9602
9603
9604
9605
9607
9608
9610
9611
9612
9614
9615
9617
9618
9619
9624
9626
9628
9630
9631
9633
9634
9636
9637
9639
9640
9642
9644
9645
9646
9647
9649
9650
9651
9653
9654
9655
9656
9657
9659
9662
9663
9665
9667
9668
9670
9672
9674
9675
9676
9677
9678
9679
9681
9682
9683
9685
9686
9687
9689
9690
9692
9694
9695
9697
9699
9702
9704
9705
9707
9708
9709
9710
9712
9714
9715
9717
9719
9720
9722
9723
9725
9726
9728
9729
9730
9732
9733
9734
9736
9737
9738
9739
9744
9746
9747
9748
9749
9750
9752
9754
9755
9756
9757
9759
9761
9762
9764
9766
9767
9768
9770
9771
9773
9774
9775
9777
9778
9782
9783
9785
9787
9789
9790
9791
9792
9794
9796
9798
9799
9801
9802
9803
9804
9806
9807
9808
9809
9810
9811
9812
9813
9814
9816
9817
9818
9819
9820
9822
9823
9832
9834
9835
9836
9838
9840
9841
9842
9844
9845
9846
9848
9849
9851
9852
9854
9855
9857
9859
9860
9861
9863
9866
9868
9869
9870
9872
9873
9874
9875
9876
9878
9879
9881
9883
9884
9885
9887
9888
9890
9891
9892
9894
9895
9896
9898
9899
9901
9902
9904
9905
9906
9907
9913
9915
9918
9919
9920
9922
9924
9925
9927
9928
9930
9931
9933
9934
9935
9936
9937
9938
9939
9940
9942
9943
9944
9946
9947
9950
9952
9953
9954
9955
9956
9958
9959
9961
9962
9964
9966
9967
9968
9969
9970
9972
9973
9975
9976
9978
9979
9981
9982
9984
9985
9986
9987
9988
9990
9991
9995
9997
9999
10000
10002
10003
10005
10007
10008
10009
10011
10014
10015
10017
10019
10020
10022
10023
10024
10026
10028
10029
10030
10034
10036
10037
10038
10040
10041
10043
10044
10046
10047
10049
10051
10052
10054
10055
10056
10058
10059
10061
10062
10064
10065
10066
10068
10069
10071
10072
10074
10075
10079
10081
10083
10085
10086
10087
10088
10090
10091
10092
10094
10095
10096
10098
10100
10101
10102
10103
10104
10105
10106
10108
10109
10111
10112
10113
10115
10119
10120
10122
10123
10125
10127
10128
10130
10132
10133
10135
10136
10137
10139
10140
10142
10144
10145
10147
10148
10150
10151
10153
10154
10155
10159
10160
10162
10164
10165
10166
10167
10168
10170
10171
10173
10175
10176
10178
10179
10181
10182
10184
10186
10187
10189
10190
10191
10192
10193
10195
10196
10198
10199
10203
10205
10207
10209
10210
10212
10213
10215
10216
10217
10218
10219
10220
10222
10223
10224
10225
10226
10228
10229
10231
10232
10234
10235
10236
10238
10239
10243
10244
10245
10247
10249
10250
10252
10253
10254
10255
10257
10258
10260
10261
10268
10269
10270
10271
10272
10273
10275
10276
10277
10279
10280
10281
10283
10284
10285
10287
10288
10290
10291
10292
10293
10294
10296
10297
10299
10301
10303
10304
10306
10308
10309
10310
10311
10312
10314
10315
10317
10318
10319
10322
10324
10326
10327
10328
10330
10332
10334
10335
10336
10337
10338
10340
10341
10343
10344
10346
10348
10349
10351
10352
10354
10355
10357
10359
10362
10364
10365
10366
10368
10369
10371
10372
10373
10375
10376
10378
10379
10381
10382
10384
10386
10387
10389
10390
10392
10393
10395
10397
10398
10400
10401
10402
10407
10408
10409
10411
10413
10415
10416
10418
10419
10420
10422
10424
10425
10427
10428
10430
10431
10432
10434
10435
10437
10438
10440
10441
10443
10447
10448
10450
10452
10453
10455
10457
10459
10460
10461
10462
10463
10464
10465
10467
10468
10470
10471
10473
10474
10475
10476
10477
10479
10480
10482
10483
10485
10486
10491
10492
10493
10496
10497
10499
10500
10502
10503
10504
10505
10507
10508
10510
10511
10512
10513
10515
10517
10518
10520
10521
10523
10524
10525
10527
10531
10532
10534
10536
10537
10539
10540
10541
10542
10543
10544
10546
10547
10549
10551
10552
10554
10555
10557
10558
10560
10562
10563
10564
10565
10566
10567
10569
10570
10575
10576
10578
10579
10581
10582
10584
10585
10586
10587
10588
10590
10592
10593
10595
10596
10598
10599
10601
10602
10603
10605
10606
10607
10609
10610
10615
10616
10617
10618
10619
10620
10622
10623
10625
10626
10627
10628
10630
10631
10632
10633
10634
10636
10637
10639
10640
10642
10643
10644
10646
10648
10649
10650
10652
10653
10655
10659
10661
10662
10664
10666
10667
10668
10669
10670
10672
10674
10675
10676
10677
10678
10680
10681
10683
10685
10686
10688
10689
10691
10692
10693
10695
10699
10700
10702
10704
10705
10707
10709
10710
10712
10713
10715
10716
10718
10719
10721
10722
10723
10725
10726
10728
10729
10731
10732
10733
10735
10736
10737
10738
10739
10745
10746
10747
10749
10751
10752
10754
10756
10757
10759
10760
10762
10763
10765
10766
10767
10769
10770
10771
10773
10774
10775
10776
10777
10779
10783
10784
10786
10788
10789
10791
10792
10794
10795
10797
10798
10800
10801
10803
10804
10806
10807
10808
10809
10810
10811
10812
10813
10815
10816
10818
10819
10823
10824
10825
10827
10828
10830
10831
10833
10835
10837
10838
10840
10841
10843
10844
10846
10847
10849
10850
10851
10852
10853
10854
10855
10856
10857
10858
10863
10864
10865
10867
10869
10870
10872
10873
10875
10876
10878
10880
10881
10882
10883
10885
10886
10888
10889
10890
10891
10892
10893
10894
10896
10897
10899
10903
10904
10905
10907
10909
10910
10912
10913
10914
10915
10916
10918
10919
10920
10921
10923
10924
10926
10927
10929
10930
10931
10932
10933
10935
10936
10937
10938
10939
10944
10945
10947
10949
10950
10952
10953
10954
10955
10957
10958
10960
10962
10963
10965
10966
10967
10968
10970
10972
10973
10974
10976
10977
10979
10983
10984
10986
10988
10989
10991
10993
10994
10996
10998
10999
11001
11002
11004
11005
11007
11008
11010
11012
11013
11014
11015
11016
11018
11019
11021
11022
11026
11029
11031
11032
11033
11035
11037
11039
11040
11042
11043
11044
11046
11047
11048
11050
11051
11052
11053
11054
11055
11057
11058
11060
11061
11063
11067
11069
11070
11071
11072
11074
11075
11076
11078
11079
11081
11082
11084
11085
11087
11088
11089
11091
11092
11094
11095
11096
11098
11099
11100
11101
11102
11107
11108
11109
11111
11113
11115
11116
11118
11119
11121
11122
11124
11125
11127
11128
11129
11131
11132
11134
11135
11136
11138
11139
11140
11141
11142
11147
11148
11149
11150
11151
11152
11154
11156
11157
11159
11160
11161
11162
11163
11164
11166
11167
11168
11169
11170
11172
11173
11175
11176
11178
11179
11181
11182
11184
11185
11186
11191
11192
11193
11195
11196
11198
11200
11201
11202
11203
11204
11206
11207
11209
11210
11211
11212
11214
11215
11216
11217
11218
11220
11221
11223
11224
11226
11227
11231
11232
11235
11236
11237
11238
11239
11241
11242
11244
11246
11247
11248
11250
11251
11253
11254
11256
11257
11259
11261
11262
11264
11265
11266
11267
11268
11269
11270
11271
11276
11277
11278
11279
11281
11282
11284
11285
11287
11288
11290
11292
11294
11295
11296
11298
11299
11301
11303
11304
11305
11306
11307
11308
11310
11311
11315
11316
11317
11319
11321
11322
11323
11325
11326
11327
11328
11330
11331
11333
11335
11336
11338
11340
11341
11343
11344
11345
11347
11348
11350
11351
11356
11358
11360
11361
11363
11364
11366
11368
11369
11371
11373
11374
11376
11377
11379
11380
11382
11383
11385
11386
11388
11389
11391
11392
11393
11395
11398
11400
11402
11404
11405
11406
11407
11409
11411
11412
11414
11415
11417
11418
11419
11420
11421
11423
11424
11426
11427
11428
11430
11431
11433
11434
11439
11441
11443
11444
11445
11446
11448
11449
11451
11452
11454
11455
11457
11458
11459
11461
11462
11464
11465
11466
11467
11468
11470
11471
11472
11473
11474
11479
11481
11482
11483
11485
11487
11488
11490
11491
11493
11494
11496
11498
11499
11501
11503
11504
11506
11507
11508
11510
11511
11512
11513
11514
11518
11520
11521
11522
11524
11525
11527
11528
11530
11531
11533
11535
11536
11538
11539
11540
11542
11544
11545
11547
11549
11550
11551
11553
11554
11555
11556
11557
11559
11563
11565
11566
11568
11569
11570
11571
11573
11575
11576
11577
11579
11580
11581
11582
11584
11585
11587
11588
11590
11591
11593
11594
11595
11596
11597
11599
11603
11604
11606
11607
11609
11610
11611
11612
11614
11615
11616
11617
11618
11620
11621
11623
11625
11626
11627
11629
11630
11632
11633
11635
11636
11637
11638
11639
11644
11645
11647
11648
11650
11652
11654
11655
11657
11658
11660
11661
11662
11663
11665
11666
11668
11669
11671
11672
11674
11675
11676
11678
11679
11683
11684
11685
11687
11688
11689
11690
11692
11693
11695
11696
11697
11698
11700
11702
11704
11706
11707
11708
11710
11711
11712
11713
11715
11716
11717
11719
11723
11724
11725
11726
11727
11729
11730
11732
11733
11735
11736
11738
11740
11741
11743
11745
11746
11748
11749
11751
11752
11753
11755
11756
11758
11759
11763
11764
11765
11767
11769
11770
11772
11773
11775
11776
11778
11779
11781
11783
11785
11786
11788
11789
11791
11792
11793
11795
11796
11798
11799
11803
11804
11805
11807
11809
11810
11812
11813
11815
11817
11818
11820
11821
11823
11824
11826
11827
11828
11830
11831
11832
11833
11834
11835
11837
11838
11839
11843
11845
11846
11848
11849
11851
11852
11853
11855
11857
11858
11860
11862
11863
11864
11866
11867
11869
11870
11872
11873
11875
11876
11878
11879
11883
11884
11885
11886
11888
11889
11891
11892
11893
11895
11896
11897
11899
11901
11902
11904
11905
11907
11908
11910
11911
11913
11914
11915
11916
11917
11919
11920
11922
11923
11927
11929
11931
11932
11934
11936
11937
11939
11940
11942
11943
11945
11947
11948
11950
11951
11953
11954
11956
11957
11958
11960
11961
11963
11967
11968
11969
11970
11971
11972
11974
11975
11976
11978
11979
11980
11982
11983
11984
11986
11988
11989
11991
11992
11994
11995
11997
11998
11999
12001
12002
12004
12005
12006
12007
12011
12013
12015
12016
12018
12019
12020
12022
12024
12025
12027
12028
12030
12031
12032
12034
12036
12037
12039
12040
12042
12043
12044
12046
12047
12052
12053
12054
12055
12057
12059
12060
12062
12063
12064
12066
12068
12069
12071
12073
12074
12076
12077
12079
12081
12082
12084
12085
12086
12088
12089
12091
12095
12097
12099
12100
12102
12104
12105
12107
12108
12110
12111
12112
12114
12115
12116
12117
12118
12119
12120
12122
12123
12124
12126
12127
12128
12129
12130
12135
12136
12137
12139
12141
12142
12144
12145
12147
12148
12150
12152
12153
12155
12156
12157
12158
12160
12161
12163
12164
12166
12167
12168
12170
12171
12176
12177
12178
12180
12181
12183
12185
12186
12188
12189
12190
12192
12194
12195
12197
12199
12200
12202
12203
12205
12206
12207
12208
12209
12211
12212
12213
12214
12215
12221
12223
12226
12227
12229
12230
12232
12233
12235
12236
12238
12239
12241
12242
12244
12245
12247
12248
12249
12251
12252
12253
12254
12255
12260
12261
12262
12264
12265
12267
12269
12270
12272
12273
12275
12276
12278
12280
12281
12282
12283
12285
12286
12288
12289
12290
12292
12293
12295
12296
12298
12299
12303
12305
12307
12308
12310
12312
12313
12315
12316
12318
12319
12321
12322
12324
12325
12327
12328
12330
12331
12332
12333
12334
12336
12337
12339
12343
12344
12345
12347
12348
12350
12352
12353
12355
12356
12358
12359
12361
12362
12364
12366
12367
12369
12371
12372
12373
12375
12376
12378
12379
12380
12382
12383
12387
12389
12391
12392
12394
12396
12397
12399
12401
12402
12404
12405
12407
12408
12409
12410
12411
12413
12414
12416
12417
12419
12420
12421
12423
12426
12429
12430
12431
12433
12434
12436
12437
12438
12439
12441
12442
12444
12445
12447
12448
12449
12450
12452
12454
12455
12456
12458
12459
12460
12462
12463
12465
12466
12471
12472
12474
12476
12477
12479
12481
12483
12484
12486
12487
12489
12490
12491
12492
12493
12495
12497
12498
12500
12501
12502
12504
12505
12507
12510
12512
12513
12515
12516
12517
12518
12520
12521
12523
12524
12526
12527
12529
12531
12532
12534
12536
12537
12539
12540
12541
12543
12544
12546
12547
12548
12550
12551
12556
12558
12560
12562
12563
12565
12566
12568
12569
12571
12573
12574
12576
12578
12579
12581
12582
12584
12585
12586
12588
12589
12590
12591
12595
12597
12598
12599
12601
12603
12604
12606
12608
12609
12611
12612
12614
12615
12616
12617
12619
12620
12622
12623
12625
12626
12628
12629
12631
12632
12633
12635
12639
12641
12643
12644
12646
12648
12649
12650
12652
12654
12655
12656
12657
12659
12660
12662
12663
12665
12666
12668
12669
12671
12672
12673
12675
12679
12680
12681
12682
12684
12685
12686
12687
12688
12690
12691
12692
12693
12695
12696
12698
12699
12700
12702
12704
12705
12706
12707
12708
12709
12710
12712
12713
12715
12716
12717
12719
12723
12724
12726
12727
12729
12730
12732
12733
12735
12736
12738
12739
12741
12742
12743
12744
12746
12747
12749
12750
12752
12753
12755
12756
12758
12759
12763
12764
12765
12766
12768
12769
12771
12773
12774
12776
12777
12779
12780
12782
12784
12785
12787
12788
12790
12791
12792
12794
12795
12796
12797
12798
12800
12801
12803
12806
12808
12810
12811
12813
12815
12816
12818
12819
12821
12822
12824
12825
12827
12828
12830
12831
12833
12834
12836
12837
12839
12840
12841
12842
12847
12849
12851
12853
12854
12856
12858
12859
12861
12863
12864
12865
12867
12868
12870
12872
12873
12875
12876
12878
12879
12880
12882
12883
12884
12885
12886
12891
12893
12895
12897
12898
12900
12902
12904
12905
12907
12908
12910
12911
12913
12914
12916
12917
12919
12920
12921
12923
12924
12925
12926
12927
12932
12933
12935
12937
12939
12940
12942
12943
12945
12946
12948
12949
12951
12952
12954
12955
12956
12957
12958
12959
12960
12961
12962
12964
12965
12967
12968
12969
12971
12977
12979
12981
12982
12984
12986
12987
12989
12991
12992
12994
12995
12997
12998
13000
13001
13002
13004
13005
13007
13008
13009
13011
13014
13015
13017
13019
13020
13022
13024
13025
13027
13028
13030
13031
13033
13034
13036
13037
13039
13040
13042
13043
13045
13046
13048
13049
13050
13054
13056
13057
13059
13061
13062
13064
13065
13067
13068
13070
13071
13073
13074
13076
13077
13079
13081
13082
13084
13085
13086
13088
13089
13090
13091
13095
13096
13098
13100
13102
13103
13105
13106
13108
13109
13111
13112
13113
13114
13115
13117
13118
13120
13121
13123
13124
13125
13127
13128
13130
13131
13134
13136
13138
13140
13141
13143
13144
13145
13146
13147
13148
13150
13151
13152
13153
13154
13155
13157
13158
13159
13160
13161
13163
13164
13165
13167
13168
13170
13171
13175
13177
13178
13180
13181
13183
13184
13186
13188
13189
13190
13191
13192
13194
13196
13197
13199
13200
13202
13203
13204
13206
13207
13209
13210
13214
13215
13217
13218
13220
13222
13223
13224
13226
13227
13229
13231
13232
13234
13235
13237
13238
13240
13241
13242
13243
13244
13246
13247
13249
13250
13251
13255
13257
13259
13260
13262
13264
13265
13266
13272
13273
13274
13275
13276
13277
13279
13284
13285
13286
13288
13289
13290
13291
13293
13294
13296
13297
13298
13300
13301
13302
13304
13305
13306
13308
13309
13310
13312
13313
13314
13316
13317
13318
13320
13322
13324
13325
13326
13328
13332
13333
13334
13336
13337
13338
13340
13341
13342
13344
13345
13347
13348
13349
13351
13352
13353
13355
13356
13357
13358
13359
13360
13361
13362
13363
13365
13368
13369
13370
13371
13373
13374
13376
13377
13378
13380
13381
13382
13384
13385
13386
13388
13389
13390
13392
13393
13395
13396
13397
13398
13399
13400
13401
13403
13404
13406
13408
13409
13412
13413
13414
13415
13416
13418
13419
13420
13422
13423
13424
13425
13426
13427
13429
13430
13431
13433
13434
13435
13437
13438
13440
13441
13442
13444
13445
13446
13447
13448
13452
13453
13455
13456
13457
13459
13460
13461
13463
13464
13465
13466
13467
13468
13470
13471
13472
13474
13475
13476
13478
13479
13480
13481
13482
13483
13485
13486
13493
13495
13496
13498
13499
13501
13502
13504
13505
13507
13508
13510
13511
13513
13515
13516
13518
13519
13521
13522
13524
13525
13527
13532
13533
13534
13536
13537
13539
13540
13542
13543
13544
13546
13547
13549
13550
13551
13553
13554
13556
13557
13558
13560
13564
13565
13566
13567
13568
13569
13571
13575
13576
13577
13579
13580
13581
13583
13584
13585
13587
13588
13589
13591
13592
13593
13595
13596
13598
13599
13600
13601
13603
13604
13605
13607
13612
13613
13614
13615
13616
13617
13618
13619
13621
13622
13623
13624
13626
13627
13629
13630
13631
13632
13633
13634
13635
13636
13640
13641
13642
13643
13644
13645
13647
13648
13649
13652
13653
13654
13656
13657
13659
13660
13661
13663
13664
13665
13667
13668
13669
13671
13672
13673
13674
13675
13676
13677
13679
13680
13681
13682
13684
13685
13688
13689
13690
13691
13692
13696
13697
13698
13700
13701
13702
13703
13704
13705
13707
13708
13709
13711
13712
13713
13715
13716
13717
13719
13720
13721
13723
13724
13725
13727
13728
13730
13732
13733
13734
13735
13736
13737
13738
13739
13740
13742
13743
13744
13746
13747
13749
13750
13751
13753
13754
13755
13757
13758
13759
13760
13761
13762
13764
13765
13766
13767
13768
13769
13771
13775
13777
13778
13779
13781
13782
13783
13784
13785
13786
13788
13789
13790
13792
13793
13794
13796
13797
13798
13800
13801
13802
13803
13804
13806
13807
13808
13809
13810
13811
13812
13813
13814
13815
13816
13818
13819
13820
13821
13822
13824
13825
13826
13827
13828
13830
13831
13832
13833
13835
13836
13837
13838
13839
13841
13842
13843
13844
13846
13847
13848
13849
13851
13853
13855
13856
13857
13858
13860
13861
13862
13863
13864
13866
13867
13868
13869
13871
13872
13873
13874
13876
13877
13878
13879
13881
13882
13883
13884
13886
13887
13888
13889
13891
13893
13894
13896
13897
13898
13899
13901
13902
13903
13904
13906
13907
13909
13910
13911
13912
13914
13915
13916
13917
13919
13920
13921
13922
13924
13925
13926
13928
13929
13930
13931
13934
13936
13937
13938
13939
13941
13942
13943
13945
13946
13947
13948
13950
13951
13952
13954
13955
13956
13957
13959
13960
13961
13962
13964
13965
13966
13967
13969
13970
13971
13976
13977
13978
13980
13981
13982
13983
13984
13986
13987
13988
13989
13991
13992
13993
13994
13996
13997
13998
13999
14001
14002
14003
14004
14006
14007
14008
14009
14010
14016
14017
14018
14019
14020
14021
14022
14023
14025
14026
14027
14028
14030
14031
14032
14033
14035
14036
14037
14038
14040
14041
14042
14043
14045
14046
14047
14048
14050
14051
14052
14053
14055
14061
14063
14064
14065
14066
14068
14069
14070
14071
14072
14073
14074
14075
14076
14077
14079
14080
14081
14082
14084
14085
14086
14087
14089
14090
14091
14092
14094
14095
14101
14103
14104
14105
14106
14107
14109
14110
14111
14112
14114
14115
14116
14118
14119
14120
14121
14122
14124
14125
14126
14128
14129
14130
14131
14132
14134
14135
14136
14138
14139
14147
14148
14149
14150
14152
14153
14154
14155
14157
14158
14159
14160
14162
14163
14164
14165
14166
14167
14168
14169
14171
14172
14174
14175
14177
14178
14179
14186
14187
14188
14189
14190
14192
14193
14194
14195
14197
14198
14199
14201
14202
14203
14204
14206
14207
14208
14209
14211
14212
14213
14214
14215
14216
14217
14218
14220
14221
14222
14223
14233
14234
14235
14236
14238
14239
14240
14241
14243
14244
14245
14246
14247
14248
14249
14250
14252
14253
14254
14255
14257
14258
14259
14260
14262
14263
14273
14274
14275
14276
14277
14278
14279
14280
14281
14283
14284
14285
14286
14288
14289
14290
14292
14293
14294
14295
14297
14298
14299
14301
14302
14304
14305
14306
14308
14309
14311
14323
14325
14327
14329
14330
14331
14332
14333
14334
14336
14337
14339
14340
14342
14343
14344
14345
14347
14348
14349
14351
14354
14355
14356
14358
14361
14363
14364
14366
14367
14368
14369
14371
14373
14374
14376
14377
14379
14380
14382
14383
14385
14386
14388
14389
14390
14392
14393
14394
14395
14402
14404
14406
14407
14409
14410
14412
14413
14415
14417
14419
14420
14422
14423
14424
14426
14427
14429
14430
14431
14432
14434
14435
14438
14439
14440
14442
14443
14444
14446
14448
14449
14451
14453
14454
14456
14457
14459
14460
14461
14462
14464
14466
14467
14468
14469
14470
14471
14473
14474
14479
14481
14482
14484
14485
14487
14489
14490
14492
14494
14495
14497
14498
14500
14501
14503
14504
14505
14506
14507
14509
14510
14512
14513
14515
14518
14521
14523
14524
14526
14527
14528
14530
14531
14533
14534
14536
14537
14539
14541
14543
14545
14546
14547
14548
14549
14550
14552
14553
14555
14559
14561
14563
14564
14566
14567
14569
14570
14572
14573
14574
14576
14578
14579
14580
14581
14582
14584
14585
14587
14588
14590
14591
14592
14594
14595
14600
14601
14603
14604
14605
14606
14608
14609
14611
14612
14614
14615
14617
14618
14619
14621
14622
14624
14625
14627
14628
14629
14631
14632
14634
14635
14639
14641
14642
14644
14645
14647
14649
14650
14652
14653
14655
14656
14658
14659
14661
14663
14664
14666
14667
14669
14670
14671
14673
14674
14678
14680
14681
14682
14684
14685
14687
14688
14690
14691
14693
14694
14696
14698
14699
14700
14701
14703
14704
14706
14707
14708
14710
14711
14713
14714
14715
14716
14717
14719
14723
14726
14728
14729
14731
14732
14734
14736
14737
14739
14741
14742
14744
14745
14746
14747
14749
14750
14752
14753
14755
14756
14757
14759
14762
14764
14765
14766
14767
14769
14771
14772
14774
14775
14776
14777
14778
14780
14781
14783
14785
14786
14788
14789
14791
14792
14794
14795
14796
14798
14799
14801
14802
14803
14807
14809
14811
14813
14814
14816
14817
14819
14821
14822
14824
14825
14827
14828
14829
14830
14832
14834
14835
14836
14838
14839
14841
14842
14843
14847
14848
14849
14850
14852
14853
14855
14857
14858
14860
14861
14863
14864
14866
14868
14869
14870
14871
14873
14874
14876
14877
14879
14880
14881
14883
14884
14885
14886
14887
14893
14895
14896
14898
14899
14901
14902
14903
14904
14906
14907
14909
14910
14912
14913
14915
14917
14918
14920
14921
14923
14924
14926
14927
14931
14932
14934
14936
14937
14939
14941
14943
14944
14946
14947
14949
14950
14952
14953
14955
14957
14958
14959
14960
14961
14962
14963
14964
14966
14967
14968
14969
14970
14975
14976
14978
14980
14981
14983
14984
14986
14987
14989
14990
14992
14993
14995
14997
14998
15000
15001
15004
15005
15007
15008
15009
15010
15011
15016
15017
15019
15021
15023
15025
15026
15028
15029
15030
15031
15033
15035
15036
15037
15038
15040
15041
15043
15044
15046
15047
15049
15050
15051
15053
15054
15059
15061
15062
15063
15065
15066
15067
15069
15070
15072
15073
15075
15076
15078
15080
15081
15082
15084
15085
15087
15088
15089
15091
15092
15094
15095
15099
15101
15102
15104
15105
15107
15108
15109
15110
15112
15113
15115
15116
15118
15119
15121
15122
15123
15124
15126
15127
15129
15130
15132
15133
15135
15139
15140
15141
15143
15144
15146
15148
15149
15151
15152
15154
15155
15156
15157
15159
15160
15162
15164
15165
15166
15167
15168
15169
15171
15172
15174
15175
15179
15181
15183
15184
15185
15186
15188
15189
15191
15192
15193
15194
15196
15198
15199
15200
15202
15203
15205
15206
15208
15209
15211
15212
15213
15215
15219
15221
15222
