time (ms)
0
18
31
44
56
69
82
94
105
118
131
143
155
167
182
194
206
218
231
245
257
269
281
293
305
316
329
341
354
367
379
396
408
421
433
445
458
469
482
495
507
520
532
544
556
568
581
594
609
622
635
647
659
671
684
697
709
722
734
746
759
771
783
797
810
824
837
849
861
873
884
897
909
921
933
945
956
969
980
991
1005
1016
1029
1042
1058
1070
1082
1094
1109
1121
1133
1145
1156
1169
1181
1193
1206
1220
1231
1243
1255
1266
1278
1289
1301
1313
1324
1336
1347
1359
1371
1385
1404
1417
1431
1444
1458
1469
1481
1496
1509
1521
1533
1546
1558
1572
1584
1596
1608
1619
1631
1641
1652
1662
1673
1683
1694
1704
1715
1725
1735
1746
1757
1767
1780
1791
1803
1816
1828
1840
1851
1865
1876
1888
1900
1912
1925
1936
1950
1962
1974
1985
1997
2009
2021
2032
2044
2056
2068
2082
2094
2105
2122
2134
2145
2157
2169
2180
2192
2204
2215
2227
2239
2251
2262
2274
2286
2299
2314
2327
2339
2363
2380
2393
2407
2420
2433
2445
2459
2472
2485
2498
2512
2524
2537
2550
2562
2575
2587
2600
2613
2625
2638
2650
2662
2676
2688
2701
2717
2729
2740
2752
2764
2778
2789
2801
2813
2824
2835
2847
2859
2870
2882
2893
2905
2917
2931
2944
2956
2969
2981
2992
3004
3017
3031
3043
3056
3068
3084
3095
3108
3122
3135
3148
3159
3172
3185
3196
3208
3220
3231
3243
3255
3266
3278
3290
3301
3313
3324
3336
3347
3359
3370
3382
3394
3405
3417
3428
3439
3451
3462
3473
3485
3496
3508
3519
3530
3542
3553
3565
3577
3588
3600
3612
3623
3635
3646
3663
3675
3687
3699
3713
3724
3736
3748
3759
3771
3783
3794
3806
3817
3829
3840
3852
3864
3875
3887
3899
3911
3929
3940
3952
3964
3976
3987
4004
4016
4027
4039
4055
4068
4079
4090
4102
4113
4124
4136
4147
4158
4170
4181
4192
4204
4215
4226
4238
4249
4260
4272
4283
4294
4306
4317
4328
4340
4351
4362
4374
4386
4397
4409
4420
4432
4444
4456
4467
4479
4491
4502
4514
4526
4539
4550
4562
4574
4585
4596
4606
4619
4634
4648
4660
4671
4700
4716
4728
4740
4751
4762
4774
4785
4797
4808
4820
4832
4843
4854
4866
4877
4889
4901
4912
4924
4936
4947
4959
4971
4983
4994
5005
5017
5029
5040
5052
5063
5075
5086
5098
5109
5121
5133
5144
5156
5169
5181
5192
5203
5215
5227
5238
5250
5261
5273
5285
5296
5308
5319
5331
5342
5354
5365
5377
5388
5399
5410
5422
5433
5444
5455
5466
5478
5489
5501
5512
5524
5535
5547
5559
5570
5582
5593
5605
5616
5628
5641
5653
5664
5676
5688
5699
5710
5723
5736
5748
5761
5774
5787
5800
5813
5825
5838
5851
5864
5875
5888
5904
5917
5929
5942
5954
5965
5977
5989
6000
6012
6024
6035
6047
6058
6070
6081
6093
6104
6116
6127
6140
6155
6166
6180
6192
6203
6215
6227
6238
6249
6261
6272
6284
6295
6307
6318
6329
6341
6352
6364
6378
6389
6401
6412
6423
6435
6446
6458
6469
6480
6492
6503
6514
6526
6537
6549
6560
6571
6588
6599
6610
6622
6633
6644
6656
6667
6678
6690
6701
6713
6724
6735
6747
6759
6770
6781
6793
6804
6816
6827
6838
6850
6861
6873
6884
6896
6908
6919
6931
6942
6953
6965
6976
6988
6999
7010
7022
7033
7045
7056
7068
7079
7091
7102
7114
7125
7137
7148
7160
7172
7183
7195
7210
7221
7233
7244
7260
7271
7282
7294
7305
7316
7327
7339
7350
7361
7373
7387
7398
7410
7421
7433
7444
7456
7467
7479
7490
7508
7520
7531
7543
7554
7566
7578
7589
7601
7612
7624
7636
7647
7659
7672
7684
7695
7711
7723
7735
7747
7758
7770
7781
7793
7804
7816
7827
7839
7851
7862
7874
7886
7897
7909
7921
7932
7943
7957
7969
7980
7992
8003
8015
8030
8041
8052
8064
8075
8086
8098
8110
8121
8132
8144
8156
8168
8179
8191
8203
8214
8226
8237
8249
8260
8272
8283
8295
8306
8318
8329
8340
8352
8364
8375
8386
8398
8409
8421
8432
8449
8460
8472
8483
8494
8505
8517
8528
8540
8551
8562
8574
8585
8596
8608
8619
8630
8642
8653
8664
8676
8687
8698
8710
8721
8732
8743
8755
8766
8777
8789
8800
8812
8823
8834
8846
8857
8868
8880
8891
8902
8914
8925
8936
8947
8959
8970
8981
8993
9005
9017
9028
9039
9050
9062
9073
9084
9096
9107
9118
9130
9141
9152
9164
9175
9190
9203
9214
9225
9240
9251
9262
9274
9285
9296
9309
9320
9332
9343
9355
9366
9378
9389
9400
9412
9423
9434
9445
9457
9468
9479
9490
9502
9513
9524
9536
9547
9558
9570
9581
9593
9603
9614
9624
9635
9645
9656
9666
9677
9687
9698
9709
9721
9732
9743
9755
9766
9778
9789
9801
9812
9823
9835
9846
9857
9868
9879
9890
9902
9913
9924
9935
9947
9958
9970
9984
9995
10007
10019
10030
10041
10053
10064
10075
10087
10098
10109
10121
10132
10144
10155
10166
10178
10189
10201
10212
10223
10236
10247
10264
10275
10286
10298
10309
10320
10332
10344
10355
10367
10378
10389
10401
10412
10424
10436
10447
10459
10470
10481
10493
10504
10517
10528
10540
10551
10563
10574
10587
10598
10609
10621
10632
10644
10655
10666
10678
10689
10700
10712
10725
10740
10751
10762
10774
10785
10797
10808
10819
10831
10842
10854
10865
10877
10888
10900
10911
10923
10934
10946
10958
10970
10981
10993
11005
11016
11028
11042
11060
11072
11083
11095
11107
11121
11132
11144
11156
11168
11179
11190
11202
11213
11225
11237
11248
11260
11271
11283
11295
11306
11318
11329
11341
11352
11364
11375
11387
11399
11410
11422
11433
11445
11457
11468
11480
11491
11502
11520
11531
11543
11554
11566
11577
11589
11600
11612
11623
11634
11646
11657
11669
11680
11692
11703
11714
11726
11736
11746
11757
11767
11778
11788
11798
11809
11819
11829
11840
11851
11861
11872
11882
11893
11903
11914
11925
11936
11948
11962
11974
11987
11999
12011
12024
12036
12048
12061
12073
12085
12098
12116
12129
12141
12153
12166
12178
12191
12204
12218
12230
12242
12254
12267
12279
12292
12304
12317
12329
12342
12354
12366
12378
12390
12403
12415
12428
12440
12452
12464
12476
12487
12499
12511
12522
12534
12545
12557
12569
12580
12593
12604
12619
12630
12642
12653
12665
12677
12688
12700
12711
12723
12734
12746
12757
12772
12783
12795
12806
12818
12829
12841
12853
12865
12876
12888
12899
12911
12922
12933
12945
12957
12968
12981
12993
13005
13016
13027
13039
13050
13062
13073
13084
13096
13108
13120
13131
13143
13155
13166
13177
13189
13200
13212
13223
13235
13246
13257
13269
13280
13292
13303
13315
13326
13337
13350
13362
13373
13385
13396
13408
13424
13435
13447
13458
13469
13481
13492
13504
13515
13527
13538
13550
13561
13572
13584
13595
13606
13618
13629
13641
13652
13664
13675
13690
13701
13712
13723
13735
13746
13757
13768
13779
13791
13808
13819
13830
13842
13853
13865
13876
13887
13899
13910
13921
13933
13944
13955
13967
13979
13990
14001
14013
14024
14035
14047
14058
14069
14080
14092
14103
14116
14128
14139
14151
14162
14173
14184
14196
14207
14218
14229
14240
14251
14262
14274
14285
14297
14308
14320
14331
14343
14354
14365
14377
14388
14400
14411
14423
14434
14446
14457
14469
14480
14491
14503
14514
14525
14537
14549
14560
14574
14586
14598
14609
14619
14630
14640
14651
14662
14672
14684
14695
14707
14718
14730
14741
14753
14764
14775
14786
14798
14809
14820
14832
14843
14854
14865
14877
14888
14899
14910
14922
14933
14945
14957
14968
14980
14991
15003
15014
15026
15037
15049
15060
15071
15083
15094
15106
15118
15129
15141
15153
15168
15179
15190
15201
15212
15223
15235
15246
15256
15268
15279
15291
15303
15314
15326
15337
15349
15360
15372
15384
15395
15407
15418
15430
15443
15456
15469
15481
15494
15512
15526
15539
15552
15565
15577
15591
15603
15614
15625
15636
15648
15659
15671
15682
15693
15704
15720
15731
15743
15754
15765
15776
15787
15803
15814
15826
15837
15849
15860
15871
15883
15896
15908
15919
15931
15943
15955
15967
15978
15989
16001
16012
16024
16035
16046
16058
16069
16081
16092
16103
16115
16126
16137
16149
16160
16172
16183
16194
16206
16217
16228
16240
16251
16262
16274
16285
16296
16308
16320
16331
16343
16354
16366
16377
16389
16401
16412
16424
16435
16447
16458
16470
16481
16493
16504
16515
16527
16538
16550
16561
16573
16584
16596
16607
16619
16630
16642
16653
16665
16676
16688
16699
16710
16722
16733
16744
16756
16772
16783
16795
16808
16819
16831
16842
16854
16865
16876
16888
16899
16911
16922
16933
16945
16956
16968
16979
16991
17002
17013
17025
17036
17048
17061
17072
17083
17095
17106
17117
17129
17140
17151
17162
17174
17185
17196
17208
17219
17230
17241
17253
17264
17275
17287
17298
17309
17320
17332
17343
17355
17366
17377
17389
17400
17411
17422
17434
17445
17456
17467
17478
17490
17501
17513
17524
17535
17546
17557
17568
17579
17591
17602
17613
17625
17636
17647
17658
17669
17680
17692
17703
17714
17725
17737
17748
17760
17771
17782
17794
17805
17817
17828
17839
17850
17861
17873
17884
17896
17907
17919
17930
17942
17953
17964
17976
17987
17999
18010
18021
18033
18044
18059
18070
18081
18093
18108
18119
18130
18142
18153
18164
18175
18186
18198
18209
18221
18232
18243
18255
18266
18277
18289
18301
18312
18324
18336
18347
18358
18369
18380
18392
18403
18414
18425
18436
18448
18463
18475
18486
18498
18509
18520
18533
18545
18556
18567
18579
18590
18602
18614
18626
18637
18649
18661
18672
18684
18696
18708
18719
18731
18743
18755
18767
18779
18791
18803
18815
18826
18838
18850
18864
18876
18888
18899
18911
18923
18935
18947
18959
18970
18982
18993
19004
19015
19026
19038
19049
19062
19074
19085
19096
19108
19119
19130
19142
19153
19164
19175
19187
19198
19210
19221
19233
19244
19256
19272
19283
19295
19306
19318
19330
19341
19352
19363
19375
19386
19397
19409
19420
19432
19443
19454
19466
19477
19490
19502
19513
19525
19536
19547
19559
19570
19582
19593
19604
19619
19630
19640
19651
19661
19671
19682
19692
19703
19713
19724
19735
19745
19756
19768
19779
19790
19801
19813
19824
19835
19846
19857
19868
19880
19891
19902
19913
19925
19936
19948
19959
19970
19982
19993
20004
20016
20027
20039
20050
20061
20073
20084
20095
20110
20122
20133
20145
20156
20168
20179
20191
20202
20213
20225
20236
20247
20259
20270
20281
20293
20304
20316
20327
20338
20350
20361
20373
20384
20396
20407
20418
20430
20441
20453
20464
20476
20488
20499
20510
20522
20533
20546
20558
20569
20580
20591
20603
20614
20629
20640
20651
20662
20674
20685
20696
20708
20719
20731
20742
20753
20765
20777
20788
20800
20811
20823
20834
20846
20857
20869
20880
20892
20903
20915
20926
20937
20949
20965
20977
20989
21004
21017
21031
21042
21054
21065
21076
21088
21099
21110
21122
21133
21145
21156
21168
21179
21191
21202
21213
21225
21237
21249
21261
21274
21286
21299
21311
21324
21337
21349
21362
21375
21387
21400
21412
21425
21437
21450
21462
21474
21486
21499
21511
21523
21536
21548
21564
21576
21589
21601
21614
21625
21637
21648
21660
21671
21682
21696
21709
21722
21734
21746
21758
21771
21783
21798
21809
21819
21830
21840
21850
21862
21872
21883
21893
21903
21914
21924
21934
21947
21957
21968
21980
21993
22005
22018
22028
22043
22055
22070
22082
22094
22107
22119
22131
22143
22155
22168
22180
22194
22210
22223
22237
22249
22261
22274
22285
22298
22311
22323
22335
22348
22360
22373
22385
22397
22410
22422
22434
22446
22458
22470
22482
22497
22511
22524
22537
22550
22562
22575
22587
22600
22612
22625
22638
22650
22663
22675
22687
22699
22712
22724
22737
22749
22761
22773
22785
22797
22810
22823
22835
22846
22858
22870
22882
22894
22906
22918
22930
22943
22954
22966
22979
22990
23003
23015
23027
23039
23051
23063
23075
23088
23100
23112
23124
23136
23148
23159
23171
23183
23194
23205
23217
23228
23239
23251
23262
23273
23285
23296
23308
23319
23330
23341
23352
23364
23375
23387
23398
23410
23421
23432
23443
23455
23466
23477
23489
23500
23511
23522
23533
23545
23556
23567
23578
23589
23600
23612
23623
23635
23646
23657
23669
23680
23691
23703
23714
23725
23737
23748
23759
23771
23782
23793
23804
23816
23827
23838
23849
23860
23871
23883
23894
23905
23917
23928
23940
23951
23962
23974
23985
23996
24008
24019
24031
24042
24054
24065
24077
24088
24100
24111
24122
24133
24145
24156
24169
24181
24193
24205
24217
24230
24243
24254
24266
24277
24289
24300
24311
24322
24333
24345
24356
24367
24379
24390
24401
24412
24423
24435
24446
24457
24468
24479
24490
24502
24513
24524
24535
24546
24558
24569
24581
24592
24604
24618
24628
24639
24649
24659
24670
24681
24691
24702
24712
24723
24733
24744
24754
24765
24776
24787
24798
24810
24821
24833
24844
24854
24866
24877
24888
24900
24911
24923
24934
24946
24957
24969
24982
24994
25005
25018
25030
25042
25056
25071
25083
25094
25106
25117
25129
25140
25152
25163
25174
25185
25196
25208
25219
25231
25243
25254
25265
25287
25298
25309
25319
25330
25341
25351
25362
25372
25383
25395
25407
25418
25430
25442
25454
25466
25479
25492
25504
25516
25528
25540
25552
25568
25579
25590
25601
25613
25624
25635
25646
25658
25669
25680
25691
25702
25713
25724
25735
25746
25758
25769
25780
25791
25802
25813
25825
25836
25847
25859
25870
25881
25893
25905
25916
25927
25938
25949
25960
25972
25984
25995
26006
26018
26029
26040
26051
26063
26074
26085
26096
26108
26119
26130
26141
26152
26164
26175
26187
26199
26210
26221
26233
26244
26255
26267
26278
26289
26301
26312
26324
26336
26347
26359
26370
26381
26392
26404
26415
26426
26437
26448
26460
26471
26482
26493
26504
26515
26526
26537
26549
26560
26571
26582
26593
26604
26615
26626
26638
26649
26660
26671
26682
26694
26705
26716
26727
26738
26749
26760
26771
26782
26793
26805
26816
26827
26838
26850
26861
26872
26883
26895
26906
26917
26929
26940
26951
26963
26974
26986
26997
27008
27020
27031
27042
27053
27065
27076
27087
27099
27110
27121
27132
27144
27155
27166
27177
27189
27200
27211
27223
27234
27245
27256
27268
27279
27290
27301
27313
27324
27335
27346
27358
27369
27380
27392
27403
27414
27425
27437
27448
27459
27471
27482
27493
27504
27516
27527
27538
27549
27561
27572
27583
27594
27605
27616
27628
27639
27651
27663
27674
27686
27697
27708
27720
27731
27742
27754
27765
27776
27788
27799
27810
27821
27832
27844
27855
27866
27878
27889
27901
27912
27923
27935
27946
27959
27971
27983
27995
28008
28020
28033
28045
28057
28069
28081
28093
28105
28117
28129
28141
28153
28165
28177
28189
28201
28213
28225
28236
28249
28261
28274
28286
28299
28311
28324
28337
28349
28361
28372
28384
28396
28409
28421
28433
28445
28457
28469
28481
28494
28506
28518
28529
28541
28554
28566
28578
28590
28602
28614
28626
28638
28650
28664
28676
28689
28701
28713
28725
28737
28749
28762
28780
28792
28805
28818
28832
28844
28857
28869
28882
28894
28907
28919
28931
28945
28956
28968
28980
28991
29002
29014
29025
29037
29048
29060
29071
29083
29094
29106
29117
29128
29140
29151
29164
29175
29186
29198
29209
29221
29232
29244
29255
29267
29278
29290
29301
29313
29324
29335
29347
29358
29369
29380
29392
29403
29414
29426
29437
29448
29460
29471
29484
29495
29506
29518
29531
29542
29554
29565
29577
29588
29600
29612
29623
29640
29651
29661
29671
29682
29692
29703
29714
29724
29735
29745
29756
29767
29781
29792
29804
29815
29826
29838
29849
29860
29872
29883
29894
29906
29917
29928
29939
29950
29961
29972
29983
29994
30009
30022
30034
30045
30056
30067
30078
30089
30100
30111
30122
30134
30145
30156
30167
30179
30190
30202
30213
30224
30236
30247
30258
30270
30281
30292
30304
30315
30326
30338
30349
30360
30372
30383
30394
30406
30417
30428
30439
30450
30462
30473
30484
30495
30506
30517
30529
30540
30551
30568
30579
30590
30601
30613
30624
30635
30646
30658
30669
30680
30691
30702
30714
30725
30736
30748
30765
30776
30787
30798
30809
30821
30832
30843
30854
30865
30877
30888
30899
30910
30921
30932
30943
30954
30965
30978
30989
31000
31011
31022
31033
31045
31056
31067
31078
31089
31100
31113
31124
31135
31146
31157
31169
31180
31191
31202
31213
31224
31235
31247
31258
31269
31280
31291
31303
31314
31328
31339
31350
31362
31377
31388
31399
31411
31422
31433
31445
31456
31468
31480
31492
31503
31514
31525
31536
31548
31559
31570
31581
31593
31604
31615
31626
31637
31649
31660
31671
31682
31693
31705
31716
31727
31739
31750
31761
31772
31783
31795
31806
31817
31828
31839
31851
31862
31873
31884
31895
31906
31917
31929
31939
31949
31960
31970
31980
31991
32001
32011
32022
32032
32042
32053
32063
32074
32085
32095
32106
32116
32127
32139
32150
32162
32180
32191
32203
32214
32226
32237
32249
32260
32271
32283
32294
32305
32317
32328
32340
32351
32364
32375
32387
32398
32409
32421
32432
32443
32455
32466
32477
32488
32499
32510
32521
32532
32543
32554
32565
32576
32587
32598
32609
32620
32632
32643
32654
32665
32676
32687
32698
32709
32720
32731
32742
32753
32764
32775
32787
32798
32809
32820
32832
32843
32854
32865
32876
32887
32906
32917
32928
32940
32951
32962
32973
32984
32995
33006
33017
33028
33039
33050
33061
33073
33084
33095
33106
33117
33128
33139
33150
33161
33172
33183
33194
33205
33217
33228
33239
33250
33261
33272
33283
33294
33305
33316
33328
33339
33350
33361
33373
33384
33395
33406
33417
33429
33440
33451
33462
33473
33484
33495
33507
33518
33529
33541
33552
33563
33575
33586
33597
33608
33619
33630
33642
33653
33664
33675
33686
33697
33708
33719
33731
33742
33753
33764
33775
33786
33797
33808
33819
33830
33842
33854
33865
33876
33887
33898
33909
33921
33932
33943
33954
33965
33976
33988
33999
34010
34021
34032
34043
34054
34066
34077
34088
34099
34110
34121
34132
34143
34154
34165
34176
34187
34198
34209
34221
34232
34243
34254
34265
34276
34287
34298
34309
34321
34332
34343
34354
34365
34376
34387
34398
34409
34421
34432
34443
34455
34466
34477
34488
34499
34510
34522
34533
34544
34556
34567
34578
34589
34600
34611
34622
34633
34644
34654
34665
34675
34685
34696
34706
34716
34726
34737
34747
34758
34768
34779
34789
34799
34810
34820
34831
34841
34852
34863
34874
34885
34897
34908
34919
34931
34942
34953
34964
34975
34986
34997
35008
35019
35030
35041
35053
35064
35076
35087
35098
35110
35121
35132
35144
35155
35166
35177
35188
35199
35210
35221
35232
35243
35255
35266
35277
35288
35299
35311
35322
35333
35344
35355
35366
35377
35388
35399
35410
35421
35432
35443
35455
35466
35477
35488
35499
35510
35521
35532
35543
35554
35566
35577
35588
35599
35610
35621
35632
35643
35654
35665
35676
35687
35698
35710
35720
35731
35743
35758
35769
35781
35792
35803
35814
35825
35837
35848
35859
35870
35882
35893
35904
35915
35926
35938
35949
35960
35971
35983
35994
36005
36017
36028
36039
36050
36063
36075
36086
36098
36109
36120
36132
36143
36154
36165
36177
36188
36199
36210
36222
36233
36244
36255
36267
36278
36289
36301
36312
36323
36335
36346
36357
36369
36380
36391
36402
36414
36425
36436
36448
36459
36470
36481
36493
36504
36515
36527
36538
36549
36561
36572
36583
36594
36605
36617
36628
36639
36650
36662
36673
36684
36696
36707
36718
36730
36741
36752
36764
36775
36786
36798
36809
36820
36832
36843
36854
36866
36877
36888
36900
36911
36922
36933
36945
36956
36969
36980
36992
37003
37014
37026
37038
37050
37061
37072
37084
37095
37106
37118
37129
37140
37152
37163
37175
37186
37201
37213
37224
37236
37247
37259
37270
37281
37292
37304
37315
37326
37337
37349
37360
37372
37383
37394
37405
37417
37428
37439
37451
37462
37473
37485
37496
37507
37519
37530
37541
37553
37564
37575
37587
37598
37609
37621
37632
37643
37655
37666
37677
37688
37700
37711
37722
37734
37745
37759
37771
37782
37793
37805
37816
37828
37839
37850
37861
37872
37884
37895
37906
37917
37928
37944
37955
37966
37977
37988
37999
38010
38021
38033
38044
38055
38067
38078
38089
38101
38112
38123
38135
38146
38157
38168
38180
38191
38203
38214
38225
38237
38248
38259
38270
38282
38293
38304
38316
38327
38338
38350
38362
38373
38384
38395
38407
38418
38429
38440
38452
38463
38474
38485
38496
38508
38519
38530
38541
38553
38564
38575
38586
38598
38609
38620
38632
38643
38657
38669
38680
38691
38703
38714
38725
38737
38748
38759
38770
38781
38792
38803
38814
38825
38836
38847
38857
38868
38879
38890
38901
38912
38923
38934
38945
38956
38967
38978
38989
39000
39011
39022
39033
39043
39054
39064
39075
39086
39097
39109
39120
39131
39142
39153
39164
39176
39187
39198
39209
39220
39231
39242
39253
39264
39275
39287
39299
39310
39321
39332
39343
39354
39366
39378
39389
39400
39411
39423
39434
39445
39456
39468
39479
39490
39501
39512
39524
39535
39546
39558
39569
39580
39591
39602
39614
39625
39636
39650
39660
39670
39681
39691
39701
39711
39722
39732
39749
39760
39771
39783
39794
39805
39816
39827
39838
39850
39861
39872
39884
39895
39906
39917
39928
39939
39951
39962
39973
39984
39995
40007
40018
40030
40041
40052
40064
40075
40087
40098
40110
40121
40132
40144
40155
40166
40178
40189
40200
40212
40223
40234
40245
40256
40268
40279
40290
40301
40313
40324
40335
40347
40358
40370
40381
40392
40403
40414
40425
40437
40448
40460
40471
40482
40493
40504
40516
40527
40538
40549
40560
40572
40583
40594
40606
40617
40628
40639
40651
40662
40673
40684
40696
40707
40719
40730
40741
40755
40767
40778
40790
40801
40812
40824
40835
40846
40857
40869
40880
40892
40903
40914
40926
40937
40948
40959
40970
40982
40994
41005
41016
41028
41039
41050
41062
41073
41084
41095
41107
41118
41129
41141
41152
41164
41175
41186
41198
41209
41220
41232
41243
41254
41266
41277
41288
41298
41309
41319
41330
41340
41351
41362
41373
41384
41396
41407
41418
41430
41441
41452
41463
41475
41486
41497
41509
41520
41531
41542
41553
41565
41576
41588
41599
41610
41622
41633
41645
41656
41668
41679
41690
41702
41713
41725
41736
41748
41759
41771
41782
41794
41805
41817
41828
41840
41851
41863
41874
41885
41897
41908
41920
41932
41943
41955
41966
41978
41989
42001
42012
42023
42035
42045
42055
42066
42076
42086
42097
42107
42117
42128
42138
42148
42159
42169
42180
42190
42200
42211
42221
42232
42242
42253
42263
42274
42284
42295
42305
42316
42326
42337
42348
42359
42370
42382
42393
42404
42416
42427
42438
42449
42460
42470
42481
42492
42503
42514
42525
42536
42547
42558
42569
42580
42591
42602
42613
42624
42635
42647
42658
42669
42680
42692
42703
42714
42726
42737
42748
42759
42770
42781
42792
42803
42814
42826
42837
42848
42859
42871
42882
42893
42904
42915
42926
42937
42948
42959
42971
42982
42993
43004
43015
43026
43037
43048
43060
43071
43083
43094
43105
43116
43127
43138
43149
43160
43171
43182
43193
43204
43215
43226
43237
43248
43259
43270
43281
43292
43304
43315
43326
43337
43348
43359
43371
43382
43393
43404
43415
43426
43437
43449
43460
43472
43483
43495
43506
43517
43528
43540
43551
43562
43573
43585
43596
43607
43618
43629
43641
43652
43663
43674
43685
43697
43708
43719
43730
43741
43752
43764
43775
43786
43797
43808
43820
43831
43842
43853
43865
43876
43887
43898
43910
43921
43932
43943
43955
43966
43977
43988
44000
44011
44022
44034
44046
44058
44069
44080
44092
44103
44115
44126
44137
44149
44160
44172
44183
44194
44205
44217
44228
44239
44251
44263
44275
44286
44298
44310
44321
44332
44344
44355
44367
44379
44396
44407
44418
44430
44441
44452
44463
44474
44486
44497
44508
44519
44530
44542
44553
44564
44575
44586
44597
44608
44620
44631
44642
44653
44664
44675
44685
44695
44706
44717
44727
44737
44748
44758
44769
44779
44790
44800
44811
44821
44832
44842
44853
44864
44875
44886
44898
44909
44920
44931
44942
44953
44964
44975
44987
44998
45009
45020
45031
45043
45054
45066
45077
45088
45099
45110
45121
45133
45144
45155
45166
45178
45189
45201
45213
45225
45237
45248
45260
45272
45284
45295
45307
45319
45331
45342
45354
45366
45378
45391
45403
45415
45426
45438
45449
45461
45472
45484
45496
45507
45519
45530
45542
45554
45565
45577
45589
45600
45612
45624
45635
45646
45658
45670
45681
45693
45705
45717
45728
45740
45752
45763
45775
45787
45798
45810
45821
45833
45845
45856
45868
45880
45891
45903
45914
45926
45937
45948
45960
45971
45984
45995
46006
46018
46029
46040
46052
46063
46074
46085
46097
46108
46119
46131
46142
46153
46165
46176
46187
46198
46210
46221
46232
46243
46255
46266
46277
46288
46300
46311
46322
46334
46345
46356
46368
46379
46390
46401
46413
46424
46436
46447
46458
46469
46481
46492
46503
46515
46526
46537
46548
46560
46571
46582
46593
46604
46615
46627
46638
46649
46660
46671
46682
46693
46705
46716
46727
46739
46750
46761
46772
46785
46796
46807
46818
46829
46841
46852
46863
46874
46886
46897
46908
46919
46931
46945
46958
46970
46984
46996
47009
47021
47033
47046
47058
47071
47083
47095
47107
47119
47131
47144
47157
47168
47180
47191
47202
47214
47225
47237
47248
47259
47271
47282
47293
47305
47316
47328
47339
47351
47362
47373
47385
47396
47407
47419
47430
47441
47453
47464
47476
47487
47499
47510
47521
47532
47543
47554
47566
47577
47588
47599
47610
47622
47633
47644
47655
47667
47678
47689
47700
47711
47722
47734
47745
47756
47767
47778
47789
47801
47812
47823
47834
47846
47857
47869
47880
47891
47902
47914
47925
47936
47948
47960
47971
47982
47993
48004
48015
48027
48038
48049
48060
48071
48082
48093
48105
48116
48127
48138
48149
48161
48172
48183
48194
48207
48218
48230
48241
48252
48264
48275
48286
48297
48310
48321
48333
48348
48359
48371
48383
48395
48407
48419
48431
48443
48455
48467
48479
48491
48503
48515
48527
48540
48552
48563
48574
48586
48597
48608
48620
48631
48643
48654
48665
48677
48688
48700
48711
48722
48733
48745
48757
48768
48780
48791
48803
48814
48825
48836
48847
48859
48870
48881
48892
48904
48915
48926
48937
48949
48960
48971
48982
48993
49005
49016
49027
49038
49049
49061
49072
49083
49095
49106
49117
49128
49139
49151
49162
49173
49184
49196
49207
49218
49229
49242
49258
49269
49280
49292
49303
49315
49326
49337
49348
49359
49371
49382
49393
49405
49416
49427
49438
49449
49461
49472
49483
49495
49506
49517
49528
49540
49551
49562
49573
49584
49596
49607
49619
49634
49645
49656
49668
49678
49688
49699
49709
49719
49730
49741
49752
49762
49773
49783
49794
49804
49815
49825
49836
49846
49861
49872
49884
49895
49906
49917
49928
49939
49950
49961
49972
49984
49995
50006
50017
50029
50040
50051
50063
50074
50085
50097
50108
50119
50130
50142
50153
50164
50176
50187
50198
50210
50228
50239
50250
50261
50272
50284
50295
50306
50317
50328
50339
50350
50361
50373
50384
50395
50406
50418
50429
50440
50451
50462
50473
50485
50496
50508
50520
50531
50542
50554
50565
50576
50588
50599
50610
50622
50633
50645
50656
50668
50682
50694
50705
50717
50729
50740
50752
50764
50776
50788
50799
50811
50822
50834
50845
50857
50869
50880
50892
50903
50917
50928
50939
50951
50962
50974
50986
50997
51008
51019
51031
51042
51053
51064
51076
51087
51098
51110
51121
51132
51143
51154
51166
51177
51188
51199
51211
51222
51233
51245
51256
51268
51279
51290
51302
51313
51325
51336
51348
51359
51371
51382
51394
51405
51416
51427
51438
51449
51460
51472
51483
51494
51505
51516
51527
51538
51549
51560
51571
51582
51593
51604
51615
51626
51637
51648
51659
51670
51681
51693
51704
51715
51726
51737
51748
51759
51770
51781
51792
51804
51815
51826
51837
51848
51859
51870
51881
51892
51903
51915
51926
51937
51948
51959
51970
51982
51993
52004
52015
52026
52038
52049
52060
52071
52083
52094
52106
52117
52127
52137
52148
52158
52168
52178
52189
52199
52210
52220
52230
52241
52251
52262
52272
52282
52293
52303
52314
52325
52335
52346
52356
52367
52377
52388
52398
52410
52421
52432
52444
52455
52466
52477
52489
52500
52512
52522
52534
52545
52556
52568
52579
52590
52601
52612
52624
52634
52645
52656
52667
52678
52690
52701
52712
52723
52734
52745
52757
52768
52779
52790
52801
52812
52823
52834
52845
52857
52868
52879
52890
52902
52913
52925
52936
52947
52959
52970
52981
52993
53004
53017
53028
53039
53051
53062
53074
53085
53097
53108
53120
53131
53143
53154
53165
53176
53188
53199
53210
53221
53232
53243
53254
53266
53277
53288
53300
53311
53322
53334
53345
53356
53368
53379
53390
53402
53413
53424
53436
53447
53459
53470
53481
53493
53504
53515
53526
53537
53548
53560
53571
53583
53594
53605
53616
53627
53639
53651
53662
53673
53685
53696
53707
53718
53730
53741
53752
53763
53774
53786
53797
53808
53819
53830
53842
53853
53864
53875
53887
53898
53909
53921
53932
53943
53955
53966
53977
53988
54000
54011
54022
54034
54045
54057
54068
54079
54091
54102
54114
54125
54136
54148
54159
54170
54181
54192
54203
54214
54226
54237
54248
54259
54271
54282
54293
54305
54316
54327
54339
54350
54361
54373
54384
54395
54407
54418
54429
54441
54453
54464
54476
54487
54499
54510
54522
54534
54545
54557
54568
54580
54591
54602
54614
54625
54636
54648
54659
54671
54682
54692
54703
54713
54724
54734
54744
54755
54765
54776
54786
54797
54807
54818
54828
54839
54850
54860
54871
54881
54892
54902
54913
54923
54934
54945
54956
54968
54979
54990
55002
55013
55025
55036
55048
55060
55071
55083
55094
55106
55117
55128
55140
55151
55163
55174
55186
55197
55209
55220
55232
55243
55254
55265
55277
55288
55300
55311
55323
55334
55345
55357
55368
55379
55390
55402
55413
55424
55435
55446
55457
55468
55480
55491
55503
55514
55525
55536
55547
55558
55569
55580
55591
55602
55613
55624
55636
55647
55658
55669
55680
55691
55702
55713
55724
55736
55747
55758
55769
55780
55791
55802
55813
55824
55835
55846
55858
55869
55880
55892
55903
55914
55925
55937
55948
55959
55977
55989
56000
56011
56022
56033
56044
56055
56066
56077
56088
56099
56110
56127
56138
56149
56161
56172
56183
56194
56205
56217
56228
56239
56250
56261
56272
56284
56295
56306
56318
56329
56340
56351
56363
56374
56385
56396
56408
56419
56430
56441
56453
56464
56475
56487
56498
56509
56521
56532
56543
56555
56566
56577
56588
56600
56611
56622
56633
56645
56656
56667
56679
56690
56701
56713
56724
56735
56747
56758
56769
56780
56792
56803
56815
56826
56837
56848
56859
56871
56891
56903
56914
56925
56936
56947
56958
56969
56980
56992
57003
57015
57026
57037
57048
57059
57070
57081
57092
57104
57115
57126
57138
57149
57161
57172
57183
57194
57206
57217
57228
57240
57251
57263
57274
57285
57297
57308
57319
57331
57342
57354
57366
57377
57388
57399
57411
57422
57433
57445
57456
57467
57479
57490
57502
57513
57524
57536
57547
57558
57570
57581
57592
57604
57615
57626
57638
57649
57660
57671
57682
57694
57705
57716
57727
57739
57750
57761
57773
57784
57795
57806
57817
57828
57839
57850
57862
57873
57884
57895
57907
57918
57928
57940
57951
57962
57974
57985
57997
58008
58019
58031
58042
58054
58065
58076
58087
58099
58110
58121
58133
58144
58155
58167
58178
58190
58201
58213
58224
58235
58246
58258
58269
58280
58292
58303
58314
58325
58337
58348
58360
58371
58382
58396
58408
58419
58430
58441
58452
58464
58475
58486
58498
58509
58520
58532
58543
58554
58565
58576
58588
58599
58610
58622
58633
58644
58656
58672
58683
58694
58706
58717
58729
58741
58752
58764
58775
58786
58798
58811
58822
58834
58845
58856
58868
58879
58890
58901
58912
58924
58935
58946
58957
58969
58980
58991
59003
59014
59025
59036
59048
59059
59070
59082
59093
59107
59118
59129
59141
59152
59163
59175
59186
59197
59209
59220
59231
59243
59254
59265
59276
59288
59299
59310
59322
59333
59344
59356
59367
59378
59390
59401
59412
59423
59434
59446
59457
59468
59479
59491
59502
59513
59525
59536
59547
59559
59570
59581
59592
59603
59614
59626
59637
59649
59660
59671
59683
59694
59704
59715
59725
59735
59746
59756
59767
59777
59788
59798
59809
59819
59830
59840
59851
59861
59872
59884
59895
59906
59917
59928
59941
59952
59963
59974
59986
59997
60008
60020
60031
60042
60053
60064
60075
60087
60098
60109
60121
60132
60143
60154
60166
60177
60188
60200
60211
60222
60233
60244
60255
60266
60278
60289
60300
60312
60323
60334
60345
60357
60368
60379
60390
60401
60413
60424
60435
60447
60459
60472
60485
60497
60510
60521
60533
60545
60557
60569
60581
60593
60610
60622
60634
60646
60658
60669
60680
60691
60703
60714
60725
60736
60748
60759
60770
60781
60792
60804
60815
60826
60837
60849
60860
60871
60882
60894
60905
60916
60927
60938
60950
60961
60972
60983
60996
61007
61019
61030
61042
61053
61064
61075
61086
61097
61109
61120
61131
61142
61153
61165
61176
61187
61198
61209
61220
61231
61243
61254
61265
61276
61287
61298
61310
61321
61332
61343
61355
61366
61377
61388
61400
61411
61422
61433
61444
61456
61467
61478
61489
61501
61512
61523
61534
61546
61557
61568
61582
61593
61605
61616
61627
61638
61653
61664
61675
61687
61698
61709
61724
61736
61747
61759
61770
61781
61792
61804
61815
61826
61837
61848
61860
61871
61882
61893
61904
61916
61927
61938
61949
61960
61971
61982
61993
62004
62015
62026
62037
62048
62059
62070
62081
62092
62103
62114
62125
62136
62146
62158
62169
62182
62192
62202
62212
62223
62233
62243
62254
62264
62274
62285
62295
62305
62317
62327
62337
62348
62358
62369
62379
62389
62400
62410
62421
62431
62442
62452
62463
62473
62484
62494
62504
62515
62526
62536
62547
62558
62570
62581
62592
62604
62615
62626
62637
62648
62659
62670
62681
62693
62704
62715
62726
62737
62748
62759
62770
62781
62792
62803
62814
62826
62837
62848
62859
62871
62882
62893
62904
62916
62927
62938
62949
62960
62972
62983
62994
63005
63016
63028
63039
63050
63061
63072
63084
63095
63106
63117
63136
63147
63158
63172
63183
63195
63208
63219
63230
63241
63252
63263
63274
63285
63296
63307
63318
63329
63340
63351
63363
63374
63385
63396
63408
63419
63430
63441
63453
63464
63475
63486
63498
63509
63520
63531
63542
63554
63565
63576
63587
63599
63612
63623
63635
63646
63657
63668
63680
63691
63702
63714
63725
63736
63747
63759
63770
63781
63792
63804
63815
63826
63838
63849
63860
63872
63883
63894
63906
63917
63928
63940
63951
63962
63973
63984
63996
64007
64018
64029
64041
64052
64063
64074
64085
64096
64108
64119
64130
64141
64153
64164
64175
64186
64198
64209
64220
64231
64243
64255
64266
64277
64288
64300
64311
64322
64334
64345
64356
64368
64379
64390
64402
64413
64424
64436
64447
64458
64469
64480
64492
64503
64514
64525
64536
64547
64558
64569
64580
64591
64603
64614
64625
64636
64649
64664
64675
64687
64702
64712
64722
64733
64743
64754
64764
64774
64785
64795
64806
64816
64827
64837
64847
64858
64868
64879
64889
64900
64910
64921
64931
64942
64952
64963
64973
64984
64994
65005
65015
65027
65038
65049
65060
65072
65082
65093
65103
65113
65124
65135
65146
65157
65168
65180
65191
65202
65213
65224
65236
65247
65258
65270
65281
65292
65303
65314
65325
65336
65348
65359
65370
65382
65393
65404
65415
65427
65438
65449
65460
65471
65483
65494
65505
65516
65527
65539
65550
65561
65572
65583
65595
65606
65617
65629
65640
65652
65663
65674
65685
65696
65708
65719
65730
65741
65753
65764
65775
65787
65798
65811
65822
65833
65845
65856
65867
65879
65890
65902
65913
65924
65936
65947
65958
65969
65980
65991
66004
66015
66027
66038
66049
66060
66071
66081
66093
66104
66115
66126
66138
66149
66160
66171
66182
66193
66204
66215
66226
66237
66248
66259
66270
66281
66292
66303
66315
66326
66337
66348
66359
66370
66381
66392
66403
66414
66425
66436
66447
66458
66469
66480
66492
66503
66514
66525
66536
66547
66558
66569
66580
66591
66601
66612
66623
66635
66646
66657
66668
66679
66690
66702
66713
66724
66735
66746
66757
66768
66779
66789
66800
66811
66822
66833
66844
66855
66866
66877
66888
66899
66910
66921
66932
66943
66954
66965
66976
66987
66998
67009
67020
67031
67042
67053
67063
67074
67085
67096
67107
67118
67128
67139
67150
67161
67172
67183
67194
67205
67216
67227
67238
67249
67260
67271
67282
67293
67305
67316
67327
67338
67349
67360
67371
67382
67394
67405
67416
67427
67438
67449
67460
67472
67483
67494
67505
67516
67527
67538
67549
67560
67571
67582
67593
67604
67615
67627
67638
67651
67662
67673
67685
67696
67707
67718
67729
67740
67751
67762
67773
67784
67796
67807
67818
67828
67840
67851
67862
67873
67885
67896
67908
67919
67930
67941
67952
67963
67974
67985
67996
68008
68019
68030
68041
68052
68064
68075
68086
68097
68108
68119
68130
68142
68153
68164
68176
68187
68198
68209
68220
68232
68243
68257
68268
68280
68291
68302
68313
68325
68336
68347
68359
68370
68381
68392
68404
68415
68426
68438
68449
68460
68472
68483
68494
68506
68517
68528
68540
68551
68562
68574
68585
68596
68607
68619
68630
68643
68654
68665
68676
68688
68700
68712
68725
68737
68749
68761
68773
68785
68798
68810
68822
68834
68846
68858
68870
68882
68894
68906
68917
68929
68941
68953
68964
68976
68987
68998
69010
69021
69032
69043
69055
69066
69077
69088
69100
69111
69122
69134
69145
69156
69168
69179
69190
69202
69213
69224
69235
69247
69258
69269
69280
69291
69303
69314
69325
69337
69348
69359
69370
69381
69393
69404
69415
69427
69438
69450
69461
69472
69483
69495
69506
69517
69528
69539
69550
69562
69573
69585
69596
69607
69618
69630
69641
69652
69663
69675
69686
69697
69710
69720
69731
69741
69751
69761
69772
69782
69793
69805
69815
69826
69836
69847
69857
69868
69878
69889
69899
69910
69920
69931
69942
69952
69963
69974
69985
69995
70006
70017
70027
70038
70049
70061
70074
70085
70097
70109
70121
70132
70144
70156
70168
70180
70191
70203
70215
70227
70239
70251
70262
70274
70286
70298
70310
70322
70333
70345
70357
70368
70380
70391
70402
70413
70425
70436
70447
70459
70470
70481
70492
70504
70515
70526
70538
70549
70560
70572
70583
70594
70605
70616
70628
70639
70650
70662
70673
70684
70695
70706
70717
70729
70740
70751
70762
70774
70785
70796
70807
70818
70829
70841
70852
70863
70875
70886
70897
70908
70919
70930
70941
70952
70963
70974
70985
70997
71009
71020
71031
71042
71053
71064
71075
71086
71097
71108
71119
71130
71141
71152
71164
71175
71186
71197
71208
71219
71231
71242
71253
71264
71276
71287
71298
71309
71321
71332
71343
71355
71366
71377
71388
71399
71410
71422
71433
71444
71455
71466
71477
71488
71499
71510
71521
71532
71543
71554
71565
71576
71588
71599
71610
71621
71633
71644
71655
71666
71676
71687
71698
71709
71720
71731
71742
71753
71764
71776
71787
71798
71809
71821
71832
71843
71854
71866
71877
71888
71899
71911
71922
71934
71945
71957
71968
71980
71991
72002
72013
72024
72035
72046
72057
72068
72080
72091
72102
72114
72125
72136
72147
72158
72169
72181
72192
72203
72214
72225
72236
72250
72260
72270
72280
72291
72301
72311
72321
72332
72342
72352
72363
72373
72383
72394
72404
72415
72425
72436
72446
72457
72467
72478
72488
72498
72509
72519
72530
72541
72552
72563
72574
72585
72596
72607
72618
72629
72640
72651
72662
72673
72684
72696
72707
72718
72729
72740
72751
72762
72773
72784
72795
72806
72817
72828
72839
72850
72861
72872
72883
72895
72906
72917
72928
72939
72950
72961
72972
72983
72994
73005
73017
73028
73039
73051
73062
73073
73084
73095
73106
73117
73128
73139
73150
73162
73173
73184
73197
73212
73228
73239
73250
73261
73272
73283
73294
73305
73316
73327
73338
73349
73360
73371
73382
73393
73405
73416
73427
73439
73450
73462
73473
73484
73496
73507
73518
73529
73541
73552
73563
73575
73586
73597
73609
73620
73631
73643
73654
73665
73676
73688
73699
73710
73722
73733
73744
73755
73767
73778
73789
73800
73812
73823
73834
73845
73856
73868
73879
73890
73902
73913
73924
73936
73947
73959
73970
73982
73993
74005
74017
74028
74040
74052
74063
74075
74087
74099
74111
74122
74134
74145
74156
74168
74179
74191
74202
74214
74225
74237
74248
74260
74271
74282
74294
74305
74317
74329
74340
74352
74363
74375
74386
74398
74409
74421
74433
74444
74457
74468
74480
74491
74502
74513
74524
74535
74546
74557
74568
74579
74590
74601
74612
74623
74634
74645
74656
74667
74678
74693
74704
74715
74732
74742
74753
74763
74774
74784
74794
74805
74815
74826
74838
74848
74859
74869
74879
74890
74900
74911
74921
74931
74942
74952
74963
74973
74984
74996
75006
75017
75028
75039
75050
75061
75072
75084
75094
75105
75115
75126
75136
75147
75157
75169
75179
75190
75201
75212
75224
75235
75246
75257
75268
75279
75291
75302
75313
75324
75335
75347
75358
75369
75380
75391
75402
75413
75424
75435
75446
75458
75469
75480
75492
75503
75514
75525
75537
75548
75559
75571
75582
75593
75605
75616
75627
75638
75650
75661
75672
75684
75695
75706
75717
75729
75740
75751
75762
75774
75785
75796
75808
75819
75830
75842
75853
75865
75876
75887
75898
75910
75921
75932
75943
75954
75967
75978
75989
76001
76013
76024
76036
76047
76058
76069
76081
76092
76104
76117
76128
76139
76150
76162
76173
76184
76195
76206
76218
76229
76240
76251
76262
76273
76285
76296
76307
76318
76329
76340
76351
76362
76374
76385
76397
76408
76419
76431
76442
76454
76465
76476
76487
76499
76510
76522
76533
76544
76556
76567
76578
76589
76600
76612
76623
76634
76645
76656
76667
76678
76689
76701
76712
76723
76734
76745
76756
76768
76779
76790
76801
76812
76823
76835
76846
76857
76868
76880
76891
76902
76913
76924
76936
76947
76958
76970
76981
76992
77004
77015
77026
77037
77049
77060
77071
77082
77094
77105
77116
77127
77139
77150
77161
77172
77184
77195
77206
77217
77228
77240
77251
77262
77274
77285
77296
77307
77319
77331
77342
77353
77365
77376
77387
77399
77410
77421
77432
77444
77455
77466
77477
77488
77500
77511
77521
77532
77543
77554
77565
77577
77588
77600
77611
77622
77634
77645
77656
77667
77679
77690
77701
77712
77723
77734
77745
77756
77767
77779
77790
77801
77812
77824
77835
77846
77857
77868
77879
77890
77902
77913
77924
77935
77946
77957
77968
77979
77990
78002
78013
78024
78036
78047
78058
78069
78080
78093
78104
78115
78126
78138
78149
78160
78171
78182
78194
78205
78216
78228
78239
78250
78261
78273
78284
78295
78307
78318
78329
78340
78351
78363
78374
78385
78396
78408
78419
78431
78444
78455
78467
78478
78489
78500
78512
78523
78535
78546
78557
78569
78580
78592
78603
78614
78625
78637
78648
78659
78671
78682
78693
78705
78716
78728
78739
78750
78761
78773
78784
78796
78808
78820
78831
78843
78854
78866
78877
78888
78900
78911
78923
78934
78945
78957
78968
78979
78990
79002
79013
79024
79035
79047
79058
79069
79080
79091
79102
79113
79124
79136
79147
79158
79169
79181
79192
79203
79214
79225
79236
79247
79259
79270
79281
79293
79304
79315
79326
79338
79349
79360
79371
79383
79394
79405
79416
79427
79438
79449
79460
79472
79483
79494
79505
79516
79527
79538
79550
79561
79572
79584
79595
79606
79618
79629
79640
79652
79663
79674
79685
79696
79708
79719
79730
79740
79751
79761
79771
79782
79792
79802
79813
79823
79833
79843
79854
79864
79874
79885
79895
79906
79916
79926
79937
79947
79958
79968
79979
79989
80000
80010
80021
80031
80042
80052
80063
80073
80084
80094
80105
80115
80126
80136
80146
80157
80167
80178
80188
80199
80209
80220
80232
80243
80254
80265
80277
80288
80299
80310
80321
80333
80344
80355
80367
80378
80389
80400
80412
80423
80434
80445
80457
80468
80479
80490
80502
80513
80524
80535
80546
80558
80569
80580
80591
80602
80613
80624
80635
80647
80658
80669
80680
80691
80703
80714
80725
80736
80748
80761
80772
80783
80794
80805
80817
80828
80839
80850
80861
80872
80883
80894
80906
80917
80928
80939
80951
80962
80973
80984
80995
81007
81019
81031
81042
81053
81065
81076
81087
81099
81110
81121
81133
81144
81157
81168
81179
81191
81202
81213
81224
81236
81247
81258
81269
81280
81292
81303
81314
81326
81337
81348
81359
81370
81382
81393
81404
81415
81427
81438
81449
81461
81472
81484
81495
81506
81518
81529
81541
81552
81563
81575
81586
81597
81609
81620
81632
81643
81654
81666
81677
81689
81700
81711
81723
81734
81745
81756
81768
81779
81790
81802
81813
81824
81836
81847
81858
81870
81881
81892
81903
81915
81926
81937
81949
81960
81971
81983
81994
82005
82016
82028
82039
82050
82062
82073
82084
82096
82107
82118
82130
82141
82152
82163
82175
82186
82198
82209
82221
82232
82243
82254
82266
82277
82289
82300
82311
82323
82333
82343
82354
82364
82374
82384
82395
82405
82416
82426
82436
82447
82458
82468
82479
82489
82500
82511
82521
82532
82542
82553
82563
82574
82585
82595
82606
82616
82627
82637
82648
82658
82669
82680
82690
82701
82713
82725
82737
82748
82760
82771
82783
82794
82806
82817
82829
82841
82852
82863
82874
82886
82897
82908
82919
82931
82942
82953
82965
82979
82991
83003
83014
83026
83037
83048
83059
83071
83082
83093
83104
83115
83127
83138
83149
83161
83172
83183
83194
83205
83216
83228
83240
83252
83263
83274
83285
83297
83309
83320
83331
83342
83354
83365
83376
83387
83398
83413
83424
83435
83446
83457
83468
83479
83490
83501
83512
83523
83534
83545
83556
83568
83579
83590
83601
83612
83623
83634
83645
83656
83667
83678
83689
83701
83712
83723
83734
83745
83756
83767
83778
83790
83801
83812
83823
83834
83845
83856
83867
83879
83890
83901
83913
83924
83935
83946
83957
83968
83979
83990
84001
84012
84024
84035
84046
84057
84068
84080
84091
84102
84113
84124
84135
84147
84158
84169
84180
84192
84204
84215
84226
84237
84248
84259
84271
84282
84293
84304
84315
84327
84338
84350
84361
84372
84384
84395
84406
84418
84430
84441
84452
84464
84475
84486
84497
84508
84520
84531
84542
84556
84567
84579
84590
84601
84612
84623
84634
84645
84656
84667
84678
84689
84700
84715
84726
84736
84747
84757
84768
84778
84788
84798
84809
84819
84829
84840
84850
84860
84871
84881
84891
84902
84912
84922
84933
84943
84954
84964
84975
84985
84995
85006
85017
85027
85038
85048
85058
85069
85079
85090
85100
85110
85122
85132
85143
85153
85164
85174
85185
85195
85206
85217
85228
85239
85250
85261
85273
85285
85296
85307
85318
85329
85339
85351
85362
85373
85384
85395
85406
85417
85428
85439
85450
85461
85472
85484
85495
85506
85517
85529
85540
85551
85562
85573
85584
85596
85607
85618
85629
85640
85651
85663
85674
85685
85697
85708
85719
85731
85742
85753
85764
85776
85787
85798
85810
85821
85832
85843
85855
85866
85877
85888
85900
85911
85922
85934
85946
85957
85969
85980
85991
86003
86014
86026
86037
86049
86060
86071
86083
86094
86106
86117
86128
86140
86151
86162
86174
86185
86196
86208
86219
86230
86241
86253
86264
86275
86286
86297
86309
86320
86331
86342
86353
86365
86376
86387
86398
86409
86420
86432
86443
86454
86465
86477
86488
86499
86511
86522
86533
86544
86555
86566
86578
86589
86600
86611
86623
86634
86645
86656
86668
86679
86690
86702
86713
86724
86736
86747
86758
86769
86781
86792
86803
86815
86826
86837
86848
86860
86871
86882
86894
86907
86919
86930
86942
86953
86965
86976
86988
86999
87011
87022
87033
87045
87056
87067
87078
87090
87101
87112
87123
87135
87146
87157
87168
87180
87191
87202
87213
87224
87236
87247
87258
87269
87280
87291
87303
87314
87325
87336
87347
87358
87369
87380
87392
87404
87416
87428
87439
87450
87462
87474
87486
87497
87508
87519
87531
87542
87560
87571
87582
87593
87605
87616
87627
87638
87649
87660
87671
87682
87693
87704
87715
87727
87738
87749
87760
87771
87782
87793
87804
87815
87827
87838
87849
87860
87871
87882
87893
87904
87916
87927
87938
87949
87960
87973
87984
87995
88006
88018
88029
88040
88051
88063
88074
88085
88096
88107
88119
88130
88141
88152
88164
88175
88186
88197
88209
88220
88231
88242
88253
88265
88276
88287
88298
88309
88320
88331
88342
88353
88365
88376
88387
88398
88409
88420
88431
88442
88454
88466
88477
88489
88500
88511
88522
88534
88545
88556
88568
88579
88590
88601
88612
88624
88635
88646
88657
88669
88680
88692
88703
88714
88725
88737
88748
88759
88770
88781
88792
88804
88815
88827
88838
88849
88861
88872
88883
88895
88907
88919
88930
88942
88954
88966
88977
88988
89000
89011
89022
89034
89045
89056
89068
89081
89092
89103
89115
89126
89138
89149
89161
89173
89184
89195
89207
89218
89230
89241
89255
89266
89278
89289
89301
89312
89323
89334
89346
89357
89369
89380
89392
89405
89416
89427
89438
89450
89461
89472
89483
89494
89505
89516
89528
89539
89550
89561
89572
89583
89594
89605
89616
89627
89638
89649
89660
89671
89682
89693
89704
89715
89726
89737
89748
89758
89768
89779
89789
89799
89809
89820
89830
89840
89851
89861
89871
89881
89892
89902
89912
89923
89933
89943
89953
89964
89974
89984
89995
90005
90015
90026
90036
90047
90057
90067
90078
90088
90099
90109
90119
90130
90140
90150
90161
90171
90181
90192
90202
90213
90223
90234
90244
90255
90265
90275
90286
90296
90307
90317
90328
90338
90349
90359
90370
90380
90391
90401
90412
90422
90433
90443
90453
90464
90474
90485
90495
90507
90518
90529
90540
90551
90562
90573
90585
90596
90607
90618
90629
90640
90651
90662
90673
90684
90696
90707
90718
90729
90740
90751
90762
90773
90784
90795
90806
90817
90828
90839
90850
90861
90873
90884
90895
90907
90918
90929
90940
90951
90962
90973
90984
90995
91006
91017
91030
91041
91052
91064
91075
91086
91097
91109
91120
91131
91142
91153
91165
91176
91187
91198
91209
91220
91232
91243
91257
91268
91279
91293
91304
91316
91327
91339
91350
91361
91372
91383
91394
91405
91416
91427
91438
91449
91461
91472
91483
91494
91505
91517
91528
91540
91551
91562
91573
91585
91597
91608
91619
91631
91642
91653
91664
91675
91686
91697
91708
91720
91731
91742
91753
91764
91775
91786
91797
91808
91819
91831
91842
91853
91864
91875
91886
91897
91908
91921
91932
91943
91954
91966
91977
91988
91999
92010
92021
92032
92043
92054
92066
92077
92088
92099
92111
92122
92133
92144
92155
92166
92177
92188
92199
92210
92221
92232
92243
92254
92266
92277
92288
92301
92312
92323
92334
92345
92356
92367
92378
92389
92401
92411
92421
92432
92442
92452
92463
92473
92483
92493
92504
92514
92524
92535
92545
92555
92565
92576
92586
92596
92607
92617
92628
92638
92648
92659
92669
92680
92690
92701
92712
92722
92732
92743
92754
92764
92774
92785
92795
92806
92816
92828
92838
92849
92859
92870
92880
92891
92901
92912
92922
92932
92943
92954
92965
92976
92988
92999
93010
93021
93033
93044
93055
93066
93078
93089
93100
93112
93123
93134
93145
93157
93168
93179
93190
93202
93213
93224
93235
93247
93258
93269
93280
93292
93303
93314
93325
93336
93347
93358
93370
93381
93392
93403
93414
93425
93436
93448
93459
93470
93481
93499
93510
93521
93532
93544
93555
93567
93578
93589
93601
93612
93623
93635
93649
93660
93671
93683
93694
93706
93718
93730
93742
93753
93765
93776
93787
93798
93809
93821
93832
93843
93855
93866
93878
93889
93900
93912
93923
93935
93946
93958
93969
93980
93991
94003
94014
94026
94037
94048
94060
94071
94082
94093
94105
94116
94128
94139
94150
94162
94173
94185
94196
94208
94219
94231
94242
94254
94266
94278
94290
94302
94313
94324
94336
94348
94359
94370
94382
94393
94405
94416
94428
94439
94451
94462
94474
94485
94496
94508
94519
94530
94541
94553
94564
94575
94586
94598
94609
94620
94631
94642
94654
94665
94676
94688
94700
94711
94723
94734
94745
94756
94767
94777
94788
94798
94809
94819
94829
94840
94850
94860
94871
94881
94892
94903
94913
94924
94934
94945
94957
94969
94980
94991
95002
95013
95024
95035
95046
95057
95067
95080
95091
95101
95112
95122
95133
95143
95154
95164
95175
95185
95195
95206
95217
95227
95238
95249
95260
95271
95281
95292
95303
95313
95324
95334
95345
95356
95367
95378
95388
95399
95409
95420
95431
95442
95452
95463
95473
95484
95494
95505
95516
95526
95537
95548
95559
95569
95580
95592
95603
95615
95626
95637
95648
95660
95671
95682
95694
95705
95717
95728
95739
95751
95762
95774
95785
95797
95809
95820
95832
95845
95857
95869
95881
95894
95905
95917
95928
95940
95952
95963
95975
95988
95999
96010
96021
96033
96045
96056
96067
96078
96090
96101
96112
96123
96135
96146
96157
96169
96180
96192
96203
96214
96226
96237
96248
96260
96271
96282
96294
96305
96317
96328
96340
96352
96363
96375
96386
96398
96409
96421
96432
96444
96456
96467
96478
96490
96501
96513
96524
96536
96547
96558
96570
96581
96592
96604
96615
96627
96638
96649
96661
96672
96684
96695
96707
96718
96729
96741
96752
96764
96776
96788
96799
96811
96822
96833
96845
96856
96868
96879
96891
96902
96913
96925
96937
96948
96960
96972
96983
96995
97006
97017
97029
97042
97053
97065
97076
97088
97100
97111
97123
97135
97146
97158
97169
97181
97192
97204
97215
97227
97238
97250
97261
97273
97284
97301
97312
97324
97335
97347
97359
97370
97382
97394
97405
97417
97429
97440
97451
97463
97475
97487
97498
97510
97521
97532
97543
97555
97566
97577
97590
97601
97612
97624
97635
97646
97658
97669
97680
97692
97703
97714
97726
97737
97748
97760
97771
97783
97794
97805
97817
97828
97840
97851
97862
97874
97885
97896
97908
97919
97930
97941
97953
97964
97976
97987
97998
98010
98021
98032
98044
98055
98067
98078
98091
98102
98114
98125
98136
98148
98159
98170
98181
98193
98204
98216
98227
98238
98249
98261
98272
98283
98295
98306
98318
98329
98340
98352
98363
98376
98387
98398
98410
98421
98433
98445
98456
98467
98479
98490
98501
98513
98524
98535
98547
98558
98569
98581
98593
98604
98616
98627
98638
98650
98661
98673
98684
98695
98707
98718
98729
98741
98752
98763
98774
98787
98798
98809
98821
98832
98843
98854
98866
98877
98888
98899
98911
98922
98933
98945
98957
98969
98982
98993
99004
99016
99032
99043
99054
99065
99077
99089
99100
99111
99123
99134
99145
99156
99167
99178
99190
99201
99212
99224
99235
99246
99257
99268
99280
99291
99302
99313
99325
99336
99347
99358
99370
99381
99392
99403
99414
99426
99437
99448
99460
99471
99482
99494
99505
99516
99527
99539
99550
99561
99572
99584
99595
99607
99618
99629
99640
99652
99663
99674
99686
99697
99708
99719
99731
99742
99753
99766
99776
99786
99797
99808
99818
99829
99839
99850
99861
99871
99882
99892
99903
99914
99924
99935
99946
99957
99968
99980
99990
100001
100018
100030
100042
100055
100067
100079
100092
100106
100118
100129
100141
100154
100166
100179
100191
100203
100215
100228
100240
100253
100267
100279
100290
100302
100314
100329
100341
100353
100365
100377
100389
100402
100414
100426
100438
100450
100464
100476
100488
100501
100513
100525
100538
100550
100564
100578
100590
100602
100614
100626
100638
100650
100662
100674
100686
100698
100710
100722
100734
100746
100759
100771
100783
100795
100808
100820
100832
100844
100856
100869
100882
100897
100910
100926
100940
100953
100967
100979
100991
101003
101015
101027
101040
101051
101062
101074
101085
101096
101107
101118
101129
101140
101152
101163
101174
101185
101197
101208
101219
101230
101242
101254
101266
101278
101289
101301
101311
101322
101333
101344
101355
101366
101377
101388
101398
101409
101420
101431
101445
101456
101466
101478
101488
101499
101509
101520
101530
101541
101552
101563
101574
101585
101596
101607
101618
101628
101639
101650
101661
101672
101682
101693
101704
101715
101726
101736
101750
101763
101775
101787
101799
101812
101824
101836
101848
101861
101875
101887
101899
101913
101925
101937
101948
101960
101972
101984
101997
102009
102021
102038
102049
102059
102070
102081
102093
102104
102115
102126
102137
102148
102161
102173
102187
102198
102209
102220
102231
102241
102252
102263
102274
102284
102295
102305
102315
102326
102336
102347
102358
102369
102380
102390
102401
102412
102423
102434
102445
102456
102468
102480
102494
102504
102515
102525
102536
102546
102557
102567
102578
102588
102599
102609
102619
102630
102640
102651
102661
102672
102682
102692
102703
102713
102724
102735
102745
102756
102766
102777
102788
102799
102809
102820
102831
102842
102858
102869
102880
102890
102901
102913
102923
102934
102945
102956
102966
102977
102988
102998
103010
103021
103033
103045
103057
103070
103082
103094
103108
103120
103134
103147
103161
103173
103184
103197
103207
103218
103230
103242
103255
103267
103278
103291
103303
103315
103327
103339
103350
103362
103374
103387
103400
103412
103425
103437
103449
103462
103474
103490
103500
103511
103522
103532
103543
103554
103564
103576
103588
103599
103611
103623
103635
103647
103659
103670
103682
103693
103705
103717
103729
103740
103752
103763
103775
103787
103799
103810
103822
103834
103845
103857
103868
103880
103892
103905
103917
103928
103940
103952
103964
103977
103988
104000
104011
104023
104035
104046
104058
104070
104082
104093
104104
104115
104125
104138
104148
104160
104171
104182
104194
104205
104217
104229
104241
104253
104264
104276
104286
104299
104310
104321
104331
104342
104353
104364
104376
104387
104399
104410
104422
104433
104445
104457
104468
104480
104497
104508
104519
104531
104542
104553
104564
104575
104587
104598
104609
104620
104631
104642
104654
104665
104676
104689
104701
104713
104724
104736
104747
104758
104770
104781
104791
104802
104812
104823
104833
104843
104854
104864
104874
104886
104896
104907
104917
104927
104938
104948
104959
104969
104980
104990
105001
105012
105022
105033
105043
105054
105064
105075
105085
105096
105106
105117
105128
105138
105149
105159
105170
105180
105191
105201
105212
105226
105237
105248
105260
105271
105282
105294
105305
105316
105328
105339
105350
105362
105373
105384
105396
105407
105418
105429
105440
105452
105463
105474
105485
105501
105512
105523
105534
105546
105557
105568
105579
105590
105601
105612
105624
105635
105646
105657
105669
105681
105692
105703
105714
105725
105737
105748
105759
105771
105782
105793
105804
105815
105826
105837
105848
105860
105871
105882
105893
105905
105916
105927
105939
105950
105961
105973
105984
105995
106007
106018
106029
106068
106079
106090
106101
106112
106123
106134
106146
106157
106169
106180
106192
106203
106214
106225
106236
106248
106259
106270
106282
106293
106304
106316
106327
106347
106358
106369
106381
106392
106403
106415
106426
106437
106449
106460
106472
106484
106496
106507
106518
106530
106542
106554
106565
106577
106588
106600
106612
106623
106634
106646
106657
106669
106681
106692
106703
106715
106726
106737
106749
106760
106772
106783
106795
106807
106818
106829
106841
106852
106864
106876
106887
106899
106911
106922
106933
106945
106956
106968
106979
106990
107001
107013
107024
107035
107047
107058
107069
107081
107092
107103
107114
107126
107137
107148
107160
107171
107182
107194
107205
107217
107229
107241
107252
107263
107275
107286
107297
107309
107320
107331
107342
107354
107366
107377
107388
107400
107411
107422
107433
107444
107456
107467
107478
107489
107501
107512
107523
107534
107545
107557
107568
107580
107591
107602
107614
107625
107637
107648
107660
107671
107683
107694
107705
107717
107729
107740
107751
107763
107774
107786
107797
107809
107820
107832
107843
107855
107866
107877
107889
107900
107911
107923
107934
107945
107957
107968
107980
107991
108002
108014
108025
108037
108048
108060
108071
108083
108094
108106
108117
108128
108140
108151
108162
108173
108185
108196
108207
108218
108229
108240
108252
108263
108274
108285
108296
108308
108319
108330
108341
108353
108364
108375
108387
108398
108409
108420
108431
108442
108453
108465
108477
108488
108501
108512
108523
108534
108545
108556
108567
108578
108589
108601
108612
108623
108634
108646
108657
108668
108680
108691
108702
108713
108726
108737
108748
108760
108771
108782
108793
108804
108815
108826
108838
108849
108860
108871
108883
108894
108905
108916
108927
108939
108950
108961
108972
108984
108995
109006
109018
109029
109040
109052
109063
109074
109085
109096
109108
109119
109130
109141
109152
109163
109174
109186
109197
109208
109219
109230
109241
109252
109263
109274
109286
109297
109308
109319
109330
109341
109352
109363
109375
109386
109397
109408
109419
109430
109442
109453
109464
109475
109486
109498
109509
109520
109531
109543
109554
109565
109577
109588
109599
109610
109620
109631
109642
109654
109665
109676
109687
109698
109709
109721
109732
109743
109755
109766
109777
109789
109805
109816
109826
109836
109847
109857
109867
109878
109888
109898
109909
109919
109929
109939
109950
109960
109971
109981
109992
110002
110013
110023
110034
110044
110055
110065
110076
110087
110097
110108
110118
110129
110139
110150
110160
110170
110181
110191
110202
110213
110223
110234
110244
110255
110265
110276
110286
110297
110307
110318
110328
110345
110355
110366
110376
110387
110398
110408
110419
110429
110440
110450
110461
110471
110482
110492
110504
110516
110527
110538
110549
110561
110573
110584
110595
110606
110618
110629
110640
110651
110662
110673
110684
110695
110710
110721
110732
110743
110754
110765
110776
110787
110798
110809
110821
110832
110843
110854
110866
110877
110888
110899
110910
110921
110932
110943
110954
110965
110977
110988
110999
111010
111021
111032
111044
111055
111066
111077
111088
111099
111110
111121
111132
111144
111155
111166
111177
111188
111199
111211
111222
111233
111244
111256
111267
111278
111289
111300
111311
111323
111335
111346
111357
111369
111380
111391
111402
111414
111425
111436
111447
111458
111469
111481
111492
111503
111514
111525
111536
111547
111558
111569
111580
111591
111602
111613
111624
111635
111646
111657
111668
111679
111690
111702
111713
111724
111735
111746
111758
111769
111780
111791
111802
111813
111824
111835
111846
111857
111868
111879
111890
111901
111912
111923
111934
111945
111956
111967
111979
111990
112001
112012
112023
112034
112045
112056
112067
112078
112089
112100
112111
112122
112133
112144
112155
112166
112177
112189
112200
112211
112222
112233
112244
112255
112267
112278
112289
112299
112310
112321
112332
112343
112355
112366
112377
112388
112399
112410
112421
112432
112443
112454
112466
112477
112488
112499
112510
112521
112532
112544
112555
112566
112577
112588
112599
112610
112621
112632
112643
112654
112665
112675
112685
112695
112706
112716
112726
112737
112747
112757
112767
112778
112788
112798
112808
112819
112829
112840
112851
112861
112871
112882
112892
112902
112913
112923
112933
112944
112954
112964
112975
112985
112996
113006
113016
113027
113037
113047
113058
113068
113079
113089
113099
113110
113120
113131
113141
113151
113162
113172
113183
113193
113203
113214
113224
113235
113245
113256
113266
113277
113287
113297
113308
113318
113329
113339
113350
113360
113370
113381
113392
113403
113414
113425
113436
113447
113458
113469
113479
113490
113501
113511
113522
113533
113544
113555
113566
113577
113588
113599
113610
113621
113632
113643
113654
113665
113676
