time (ms)
0
9
10
13
16
18
21
23
26
29
31
33
36
38
45
47
49
51
53
57
59
62
64
67
70
73
76
79
82
87
90
93
96
99
101
103
106
108
111
114
116
119
122
124
126
129
132
134
137
140
142
145
147
150
152
155
157
160
162
164
167
169
171
174
176
177
180
182
185
187
190
192
195
198
200
202
205
208
210
212
216
218
222
224
227
229
231
233
236
238
240
243
245
247
249
252
254
257
259
262
264
266
268
270
272
274
277
279
281
284
286
288
292
294
296
301
303
305
307
309
311
313
315
318
320
322
324
326
328
330
332
334
335
338
340
341
343
346
348
350
352
354
355
358
361
363
366
368
370
372
375
378
380
383
385
387
390
392
394
397
399
401
404
406
408
411
413
415
417
420
422
425
428
430
433
435
438
440
442
444
447
449
451
453
456
458
461
465
468
470
473
476
478
481
483
485
488
490
492
494
496
498
500
502
504
506
508
510
512
514
516
518
520
522
524
526
528
531
537
539
541
542
544
548
550
551
553
556
558
560
561
563
565
566
568
570
571
574
576
577
579
581
582
584
586
588
590
591
593
595
597
599
601
603
605
607
609
611
613
615
617
619
625
627
629
631
633
635
637
639
640
642
644
646
649
651
653
654
656
658
660
662
664
666
667
669
671
673
675
677
679
681
683
685
687
689
690
692
695
697
698
701
703
705
707
709
711
714
716
718
720
723
725
727
730
732
734
736
738
747
750
752
760
761
762
767
769
770
776
781
784
786
788
790
792
794
796
798
801
803
805
807
810
813
814
817
819
822
825
827
830
833
836
839
841
844
846
849
851
853
857
860
862
864
867
869
872
874
876
879
881
884
888
891
894
898
903
906
910
913
915
917
919
921
924
928
930
932
934
936
938
940
942
944
946
948
950
952
954
956
959
961
963
965
967
969
971
973
975
977
979
982
984
986
988
990
992
995
997
1000
1002
1004
1006
1009
1011
1014
1016
1020
1022
1025
1028
1030
1032
1034
1036
1038
1040
1043
1045
1047
1049
1051
1053
1055
1057
1059
1061
1063
1065
1067
1069
1071
1073
1075
1077
1079
1081
1083
1085
1087
1089
1091
1093
1095
1097
1099
1101
1103
1105
1107
1109
1111
1114
1116
1118
1120
1122
1124
1129
1131
1134
1136
1138
1140
1142
1149
1151
1153
1156
1158
1160
1162
1164
1166
1168
1170
1172
1174
1176
1178
1181
1183
1185
1187
1189
1193
1196
1202
1205
1211
1214
1233
1248
1250
1252
1254
1257
1259
1261
1263
1265
1267
1269
1271
1273
1277
1279
1282
1283
1285
1287
1289
1291
1293
1295
1298
1299
1301
1303
1305
1307
1309
1311
1318
1320
1322
1323
1325
1327
1329
1331
1333
1335
1337
1338
1341
1343
1345
1347
1349
1351
1353
1355
1357
1358
1360
1362
1364
1366
1368
1370
1372
1373
1375
1377
1379
1381
1383
1385
1386
1388
1390
1392
1394
1397
1398
1400
1402
1404
1406
1408
1410
1412
1414
1416
1420
1422
1428
1432
1433
1434
1445
1449
1461
1462
1469
1470
1472
1477
1478
1485
1486
1487
1493
1494
1500
1501
1502
1504
1509
1510
1516
1517
1518
1520
1525
1526
1527
1541
1542
1543
1549
1550
1556
1559
1565
1566
1568
1569
1585
1586
1588
1592
1593
1594
1598
1599
1601
1605
1608
1613
1614
1615
1617
1618
1619
1620
1621
1622
1624
1625
1626
1627
1628
1629
1632
1645
1650
1653
1657
1669
1670
1677
1678
1679
1683
1686
1688
1689
1691
1692
1693
1695
1696
1697
1698
1700
1701
1702
1704
1705
1706
1708
1709
1710
1711
1713
1714
1715
1717
1718
1719
1726
1728
1730
1732
1734
1736
1738
1740
1742
1744
1746
1748
1750
1752
1754
1756
1758
1760
1762
1764
1766
1768
1770
1773
1775
1777
1779
1781
1783
1785
1787
1789
1791
1793
1795
1798
1800
1802
1804
1806
1808
1810
1813
1815
1817
1820
1822
1824
1826
1828
1830
1832
1834
1836
1839
1841
1843
1845
1848
1850
1852
1854
1856
1858
1860
1862
1865
1867
1870
1872
1874
1876
1878
1880
1882
1884
1886
1888
1890
1892
1894
1896
1898
1900
1902
1905
1907
1909
1911
1913
1915
1917
1919
1921
1923
1925
1927
1930
1932
1934
1936
1938
1940
1942
1944
1946
1948
1950
1952
1954
1956
1958
1961
1963
1965
1967
1969
1971
1973
1975
1976
1978
1980
1982
1983
1985
1987
1989
1991
1992
1994
1996
1998
2000
2001
2003
2005
2007
2009
2011
2013
2014
2016
2018
2020
2021
2023
2025
2027
2029
2031
2032
2034
2036
2038
2042
2044
2047
2050
2053
2055
2058
2061
2069
2072
2074
2076
2079
2081
2084
2086
2089
2091
2094
2097
2099
2101
2104
2106
2109
2111
2113
2116
2118
2121
2123
2126
2128
2132
2135
2138
2140
2143
2146
2149
2154
2157
2161
2164
2167
2173
2175
2178
2180
2183
2185
2188
2190
2193
2195
2199
2201
2205
2209
2212
2215
2218
2220
2223
2225
2227
2230
2233
2235
2238
2240
2245
2247
2250
2253
2256
2258
2261
2263
2267
2269
2271
2273
2275
2277
2278
2281
2283
2284
2286
2288
2290
2291
2293
2295
2297
2299
2301
2303
2305
2307
2309
2311
2313
2315
2318
2320
2321
2323
2326
2328
2329
2331
2333
2335
2337
2339
2341
2343
2345
2347
2349
2351
2353
2355
2357
2358
2360
2362
2364
2367
2369
2371
2373
2375
2377
2378
2385
2387
2389
2391
2393
2395
2397
2399
2401
2403
2405
2407
2409
2411
2413
2415
2417
2419
2421
2423
2424
2426
2428
2430
2432
2434
2436
2438
2440
2442
2444
2446
2448
2449
2453
2455
2457
2459
2461
2463
2465
2467
2469
2471
2473
2475
2477
2479
2483
2485
2487
2489
2491
2493
2499
2502
2504
2507
2509
2511
2513
2515
2517
2519
2521
2523
2525
2528
2535
2538
2540
2542
2544
2546
2548
2550
2553
2555
2557
2559
2561
2563
2565
2567
2570
2572
2574
2576
2578
2580
2582
2584
2586
2588
2590
2592
2594
2596
2597
2600
2602
2604
2606
2610
2612
2614
2622
2627
2629
2631
2633
2635
2637
2639
2640
2642
2644
2645
2647
2649
2651
2652
2654
2657
2659
2661
2665
2667
2669
2672
2674
2676
2678
2680
2682
2684
2686
2687
2689
2691
2693
2694
2696
2698
2700
2701
2703
2705
2707
2709
2710
2712
2714
2716
2717
2719
2721
2723
2724
2726
2728
2730
2731
2733
2735
2737
2738
2740
2746
2747
2749
2751
2752
2754
2756
2758
2759
2761
2763
2764
2766
2768
2770
2772
2773
2776
2777
2779
2781
2783
2785
2786
2788
2790
2792
2793
2795
2797
2799
2801
2802
2804
2806
2808
2809
2811
2813
2815
2817
2818
2820
2822
2824
2825
2827
2829
2830
2832
2834
2836
2837
2839
2841
2843
2845
2847
2848
2850
2852
2854
2855
2858
2859
2861
2863
2865
2870
2873
2875
2876
2878
2880
2882
2884
2886
2888
2890
2891
2893
2895
2897
2899
2901
2903
2904
2906
2908
2910
2912
2914
2915
2917
2919
2921
2922
2924
2926
2928
2930
2932
2935
2937
2939
2941
2946
2949
2951
2953
2955
2957
2960
2962
2965
2967
2969
2972
2974
2976
2981
2983
2985
2987
2989
2992
2994
2996
3001
3003
3005
3007
3010
3012
3014
3016
3018
3020
3023
3025
3027
3029
3031
3033
3035
3038
3040
3042
3045
3048
3050
3052
3054
3056
3058
3060
3062
3065
3067
3069
3071
3073
3075
3077
3079
3081
3085
3087
3089
3091
3093
3095
3097
3099
3101
3103
3105
3107
3109
3111
3113
3115
3117
3119
3120
3122
3124
3126
3128
3130
3132
3134
3136
3138
3140
3142
3144
3146
3149
3151
3153
3155
3157
3159
3161
3163
3165
3167
3169
3171
3173
3175
3177
3179
3181
3183
3186
3188
3190
3191
3194
3195
3197
3200
3202
3205
3206
3209
3210
3212
3214
3216
3218
3220
3222
3224
3226
3228
3230
3232
3234
3237
3239
3241
3243
3245
3247
3249
3251
3253
3255
3257
3259
3261
3263
3265
3267
3269
3271
3273
3275
3277
3280
3282
3284
3286
3288
3290
3292
3294
3296
3298
3300
3304
3306
3310
3313
3315
3318
3320
3322
3324
3326
3328
3330
3332
3334
3336
3338
3340
3342
3344
3346
3348
3350
3353
3355
3357
3359
3361
3363
3365
3367
3370
3372
3374
3376
3378
3380
3382
3384
3386
3389
3391
3393
3395
3397
3400
3402
3404
3406
3408
3410
3412
3414
3417
3419
3421
3423
3426
3428
3429
3431
3433
3435
3441
3443
3445
3446
3448
3450
3452
3453
3455
3457
3459
3461
3462
3464
3466
3468
3470
3472
3474
3475
3477
3479
3482
3484
3486
3488
3490
3492
3494
3496
3498
3500
3501
3503
3505
3509
3511
3513
3515
3518
3520
3522
3524
3526
3528
3530
3532
3534
3535
3537
3539
3541
3543
3544
3546
3548
3549
3551
3553
3555
3556
3558
3560
3562
3563
3565
3567
3569
3571
3572
3574
3576
3578
3580
3582
3584
3585
3587
3589
3591
3593
3595
3597
3599
3601
3603
3605
3607
3609
3611
3613
3615
3617
3619
3620
3622
3624
3626
3628
3630
3631
3633
3636
3638
3640
3642
3644
3646
3648
3650
3652
3654
3656
3658
3660
3662
3663
3665
3667
3669
3671
3672
3674
3676
3678
3680
3682
3683
3685
3687
3689
3691
3692
3701
3703
3705
3706
3708
3710
3712
3713
3715
3717
3719
3721
3723
3725
3727
3729
3731
3733
3735
3737
3739
3741
3743
3745
3747
3749
3751
3752
3754
3756
3758
3759
3761
3763
3765
3766
3768
3770
3772
3773
3775
3777
3779
3780
3782
3784
3785
3787
3789
3791
3793
3794
3796
3798
3800
3801
3803
3805
3807
3808
3810
3812
3814
3815
3817
3819
3821
3822
3824
3826
3828
3829
3831
3833
3835
3837
3839
3840
3842
3844
3848
3850
3851
3853
3855
3857
3859
3861
3864
3866
3871
3873
3876
3878
3880
3882
3884
3886
3888
3890
3892
3894
3896
3898
3900
3902
3904
3906
3908
3910
3912
3914
3916
3918
3920
3922
3924
3926
3928
3930
3932
3934
3936
3938
3940
3946
3948
3950
3952
3954
3956
3957
3959
3962
3963
3965
3967
3969
3970
3972
3975
3977
3978
3981
3983
3985
3987
3988
3990
3992
3993
3995
3999
4001
4005
4007
4010
4012
4014
4016
4018
4020
4022
4024
4026
4028
4030
4032
4033
4035
4037
4038
4040
4042
4044
4045
4047
4049
4051
4052
4054
4056
4058
4060
4061
4063
4065
4067
4068
4070
4072
4074
4075
4077
4079
4081
4083
4084
4086
4088
4089
4091
4093
4096
4098
4100
4101
4103
4105
4106
4108
4110
4112
4113
4115
4117
4118
4120
4122
4124
4125
4127
4129
4130
4132
4134
4136
4137
4139
4141
4143
4144
4146
4148
4149
4151
4153
4154
4156
4158
4159
4161
4163
4165
4166
4168
4170
4172
4174
4176
4178
4179
4181
4183
4185
4186
4188
4190
4191
4193
4195
4197
4199
4200
4202
4204
4206
4208
4209
4211
4213
4215
4216
4218
4220
4221
4223
4225
4227
4228
4230
4232
4234
4235
4237
4239
4241
4242
4244
4246
4248
4250
4252
4254
4255
4257
4259
4261
4263
4265
4266
4268
4270
4272
4273
4275
4277
4279
4280
4282
4284
4286
4287
4289
4291
4293
4295
4296
4298
4300
4302
4304
4306
4307
4309
4311
4313
4314
4316
4319
4321
4323
4325
4327
4329
4331
4332
4334
4336
4338
4339
4341
4342
4343
4344
4345
4347
4348
4349
4350
4351
4353
4354
4355
4356
4358
4359
4360
4361
4362
4364
4365
4366
4367
4369
4370
4371
4372
4374
4375
4376
4377
4378
4380
4381
4382
4384
4385
4386
4387
4389
4390
4391
4392
4394
4395
4396
4397
4398
4400
4401
4402
4403
4404
4406
4407
4408
4409
4411
4412
4413
4414
4415
4417
4418
4419
4420
4422
4423
4424
4425
4427
4428
4429
4430
4431
4433
4434
4435
4436
4438
4439
4440
4441
4443
4444
4445
4446
4448
4449
4450
4452
4453
4454
4455
4457
4458
4459
4460
4462
4463
4464
4465
4467
4468
4469
4470
4472
4473
4474
4475
4477
4478
4479
4480
4482
4483
4484
4485
4487
4488
4489
4490
4491
4492
4494
4495
4496
4497
4498
4499
4501
4502
4503
4504
4505
4506
4508
4509
4510
4511
4512
4513
4515
4516
4517
4518
4519
4520
4522
4523
4524
4525
4526
4528
4529
4530
4531
4538
4540
4542
4544
4546
4548
4549
4551
4553
4555
4556
4558
4560
4562
4563
4565
4567
4569
4571
4572
4574
4576
4578
4579
4581
4583
4585
4587
4589
4590
4592
4594
4595
4597
4599
4601
4602
4604
4606
4607
4609
4611
4613
4615
4616
4618
4620
4622
4623
4629
4631
4633
4635
4636
4638
4641
4643
4644
4646
4648
4650
4651
4653
4655
4657
4658
4660
4662
4664
4665
4667
4669
4671
4672
4674
4676
4677
4679
4681
4683
4684
4686
4688
4689
4691
4693
4694
4696
4698
4699
4701
4703
4705
4706
4708
4710
4712
4714
4715
4717
4719
4721
4722
4724
4726
4728
4729
4731
4733
4735
4736
4738
4740
4743
4745
4747
4748
4750
4752
4754
4755
4757
4759
4761
4763
4765
4766
4768
4770
4772
4773
4775
4777
4779
4780
4782
4784
4785
4787
4789
4791
4793
4795
4799
4801
4803
4805
4807
4809
4811
4813
4815
4816
4818
4820
4821
4823
4825
4827
4828
4830
4832
4833
4835
4837
4838
4840
4842
4844
4845
4847
4849
4851
4852
4854
4856
4858
4859
4861
4863
4865
4866
4868
4870
4872
4874
4876
4878
4879
4881
4883
4885
4886
4888
4890
4892
4894
4896
4897
4899
4901
4903
4905
4907
4909
4911
4913
4915
4917
4919
4921
4923
4924
4926
4927
4928
4929
4931
4933
4934
4935
4936
4938
4939
4940
4941
4943
4944
4945
4946
4948
4949
4950
4951
4953
4954
4955
4956
4958
4959
4960
4962
4963
4964
4965
4966
4968
4969
4970
4971
4973
4974
4975
4976
4978
4979
4980
4981
4983
4984
4985
4987
4988
4989
4990
4992
4993
4994
4995
4997
4998
4999
5000
5002
5003
5004
5005
5006
5008
5009
5010
5011
5012
5013
5015
5016
5017
5018
5019
5020
5021
5023
5024
5025
5026
5027
5029
5030
5031
5032
5033
5035
5036
5037
5038
5039
5040
5041
5043
5044
5045
5046
5047
5048
5050
5051
5052
5053
5055
5056
5058
5059
5060
5061
5062
5063
5065
5066
5067
5068
5069
5070
5071
5073
5074
5075
5076
5077
5078
5080
5081
5082
5083
5084
5085
5087
5094
5095
5097
5099
5101
5102
5104
5106
5107
5109
5111
5112
5114
5116
5117
5119
5121
5122
5124
5126
5128
5129
5131
5133
5134
5136
5138
5140
5142
5144
5146
5148
5149
5151
5153
5155
5157
5159
5165
5167
5169
5171
5173
5175
5177
5179
5180
5182
5184
5186
5188
5190
5192
5193
5195
5197
5199
5201
5202
5204
5206
5208
5209
5211
5213
5215
5216
5218
5220
5221
5223
5225
5227
5228
5230
5232
5234
5235
5237
5239
5241
5243
5244
5246
5248
5257
5260
5262
5264
5266
5268
5269
5271
5273
5275
5276
5278
5280
5282
5283
5285
5287
5288
5290
5292
5294
5295
5297
5299
5300
5302
5304
5306
5308
5310
5312
5313
5315
5317
5319
5321
5323
5324
5326
5328
5330
5331
5333
5335
5337
5338
5340
5342
5344
5350
5352
5353
5355
5361
5363
5365
5366
5368
5369
5371
5373
5374
5376
5377
5379
5380
5382
5383
5384
5386
5387
5389
5391
5393
5396
5398
5400
5402
5403
5405
5407
5409
5411
5413
5415
5416
5418
5419
5421
5422
5423
5424
5426
5427
5428
5429
5430
5434
5435
5437
5439
5441
5442
5444
5446
5447
5453
5455
5457
5458
5460
5462
5464
5465
5467
5469
5471
5472
5474
5476
5481
5483
5485
5487
5488
5490
5492
5494
5495
5497
5499
5500
5502
5504
5505
5507
5509
5510
5512
5514
5515
5517
5519
5521
5522
5524
5526
5528
5530
5532
5533
5535
5537
5538
5540
5542
5544
5546
5547
5549
5551
5552
5554
5556
5558
5559
5561
5563
5565
5566
5568
5570
5572
5573
5575
5577
5579
5580
5582
5584
5586
5587
5589
5591
5593
5595
5597
5598
5600
5602
5604
5605
5613
5615
5621
5623
5625
5626
5628
5630
5632
5634
5636
5637
5639
5640
5642
5644
5646
5648
5650
5652
5653
5655
5657
5659
5661
5663
5665
5667
5669
5671
5672
5674
5676
5678
5680
5682
5684
5685
5687
5689
5690
5692
5694
5696
5698
5700
5702
5704
5706
5707
5709
5711
5713
5715
5717
5719
5721
5723
5725
5727
5728
5730
5732
5734
5737
5739
5741
5743
5744
5746
5748
5750
5752
5754
5756
5758
5760
5763
5765
5773
5774
5775
5780
5781
5786
5787
5789
5791
5792
5794
5796
5798
5800
5802
5803
5805
5807
5809
5811
5813
5815
5817
5819
5821
5823
5825
5826
5828
5830
5832
5834
5836
5838
5840
5841
5843
5845
5847
5849
5851
5853
5854
5856
5858
5860
5862
5864
5866
5868
5870
5872
5873
5875
5878
5880
5882
5883
5885
5887
5889
5891
5893
5894
5896
5899
5901
5903
5905
5907
5909
5910
5912
5914
5916
5918
5920
5922
5924
5925
5927
5929
5931
5933
5935
5937
5939
5941
5942
5944
5945
5946
5947
5948
5950
5951
5952
5954
5955
5956
5957
5958
5960
5961
5962
5963
5964
5967
5968
5969
5971
5972
5973
5974
5976
5977
5978
5979
5981
5982
5983
5984
5986
5987
5988
5989
5990
5992
5993
5994
5995
5996
5997
5999
6000
6001
6002
6003
6004
6006
6007
6008
6009
6010
6011
6013
6014
6015
6016
6017
6018
6020
6021
6023
6024
6026
6027
6028
6029
6031
6032
6033
6034
6036
6037
6038
6039
6041
6042
6043
6044
6045
6046
6048
6049
6050
6051
6052
6053
6055
6056
6057
6058
6059
6060
6062
6063
6064
6065
6066
6067
6069
6070
6071
6072
6073
6074
6076
6077
6078
6079
6080
6081
6083
6084
6085
6086
6087
6088
6090
6091
6092
6093
6094
6095
6097
6098
6099
6100
6101
6102
6104
6105
6106
6107
6108
6109
6110
6111
6113
6114
6115
6116
6117
6118
6120
6121
6122
6123
6124
6125
6127
6128
6129
6130
6131
6132
6134
6135
6136
6137
6138
6140
6141
6142
6143
6144
6145
6147
6148
6149
6150
6151
6152
6154
6155
6156
6157
6158
6161
6162
6163
6164
6166
6167
6168
6169
6171
6172
6173
6175
6176
6177
6178
6180
6181
6182
6183
6185
6186
6187
6188
6189
6191
6192
6193
6194
6195
6196
6198
6199
6200
6201
6202
6203
6205
6206
6207
6208
6209
6210
6212
6213
6214
6215
6216
6218
6219
6220
6221
6222
6223
6225
6226
6227
6228
6229
6230
6232
6233
6234
6235
6236
6237
6239
6240
6241
6242
6243
6244
6246
6247
6248
6249
6250
6251
6253
6254
6255
6258
6259
6261
6262
6263
6265
6266
6267
6268
6270
6271
6272
6273
6275
6276
6277
6278
6280
6281
6282
6283
6285
6286
6289
6290
6291
6295
6297
6299
6301
6303
6305
6307
6309
6315
6318
6320
6321
6323
6325
6327
6329
6330
6333
6336
6338
6340
6342
6344
6346
6348
6350
6352
6354
6356
6358
6360
6363
6365
6367
6369
6372
6374
6375
6377
6379
6381
6383
6385
6387
6388
6390
6391
6393
6394
6397
6399
6401
6404
6406
6408
6410
6412
6413
6416
6418
6424
6427
6429
6431
6433
6435
6437
6439
6441
6443
6445
6447
6448
6450
6452
6454
6456
6458
6460
6462
6464
6466
6468
6471
6473
6474
6476
6478
6480
6482
6484
6486
6488
6490
6492
6494
6496
6498
6500
6502
6504
6506
6508
6510
6512
6515
6517
6519
6521
6523
6525
6526
6528
6530
6532
6534
6536
6538
6540
6542
6544
6545
6553
6556
6558
6560
6562
6564
6566
6567
6569
6571
6573
6575
6577
6579
6581
6583
6585
6587
6589
6591
6592
6594
6596
6598
6600
6601
6603
6605
6606
6608
6610
6611
6613
6615
6616
6618
6620
6622
6624
6625
6627
6629
6630
6632
6634
6636
6637
6639
6641
6643
6644
6646
6648
6649
6651
6653
6655
6656
6658
6660
6662
6663
6665
6667
6669
6670
6672
6674
6675
6677
6679
6680
6682
6684
6686
6687
6691
6693
6694
6696
6698
6699
6702
6703
6705
6706
6707
6708
6709
6711
6712
6713
6714
6715
6717
6718
6719
6720
6726
6727
6729
6731
6733
6734
6736
6738
6739
6741
6743
6745
6747
6748
6750
6752
6754
6756
6757
6759
6761
6763
6765
6767
6769
6771
6773
6774
6776
6778
6780
6782
6784
6786
6788
6790
6791
6793
6795
6798
6799
6801
6803
6805
6806
6808
6809
6810
6812
6813
6814
6815
6817
6818
6819
6820
6822
6823
6824
6825
6827
6828
6829
6831
6832
6833
6835
6836
6837
6839
6840
6841
6843
6844
6845
6847
6848
6849
6851
6856
6858
6860
6862
6864
6866
6868
6870
6872
6874
6876
6878
6880
6882
6883
6885
6887
6890
6892
6894
6897
6899
6901
6903
6905
6908
6910
6912
6915
6917
6919
6922
6924
6926
6928
6929
6931
6932
6933
6934
6936
6937
6938
6939
6941
6942
6943
6944
6946
6947
6948
6950
6951
6952
6953
6955
6956
6957
6958
6960
6961
6962
6963
6965
6966
6967
6968
6970
6971
6972
6974
6975
6976
6977
6979
6980
6981
6982
6983
6985
6986
6987
6988
6989
6990
6992
6993
6994
6995
6996
6997
6999
7000
7001
7002
7003
7004
7006
7007
7008
7009
7010
7011
7013
7014
7015
7016
7017
7018
7019
7021
7022
7023
7024
7025
7027
7028
7029
7030
7031
7032
7034
7035
7036
7037
7038
7039
7041
7042
7043
7044
7045
7046
7047
7049
7050
7051
7052
7053
7054
7056
7057
7058
7059
7060
7061
7063
7064
7065
7066
7067
7068
7069
7070
7072
7073
7074
7075
7076
7077
7078
7080
7081
7082
7083
7084
7085
7086
7088
7089
7090
7091
7092
7093
7095
7096
7097
7098
7099
7100
7101
7103
7104
7105
7106
7107
7108
7110
7111
7112
7113
7114
7115
7116
7117
7119
7120
7121
7122
7123
7124
7125
7127
7128
7129
7130
7131
7132
7134
7135
7136
7137
7138
7139
7141
7142
7143
7144
7145
7146
7148
7149
7150
7151
7152
7153
7154
7156
7157
7158
7159
7160
7161
7162
7164
7165
7166
7167
7168
7169
7170
7172
7173
7174
7175
7176
7177
7178
7180
7181
7182
7183
7184
7185
7186
7188
7189
7190
7191
7192
7193
7194
7196
7197
7198
7199
7200
7201
7202
7204
7205
7206
7207
7208
7209
7210
7212
7213
7214
7215
7216
7217
7218
7220
7221
7222
7223
7225
7226
7227
7228
7229
7230
7231
7233
7234
7235
7236
7237
7238
7239
7241
7242
7243
7244
7245
7246
7247
7249
7250
7251
7252
7253
7254
7255
7257
7258
7259
7260
7261
7262
7263
7264
7266
7267
7269
7270
7271
7272
7274
7275
7276
7277
7278
7279
7280
7281
7283
7284
7285
7286
7287
7288
7289
7291
7292
7293
7294
7295
7296
7297
7299
7300
7301
7302
7308
7310
7312
7314
7315
7318
7319
7321
7323
7325
7326
7328
7330
7331
7333
7335
7336
7338
7340
7342
7343
7345
7347
7348
7350
7352
7354
7356
7357
7359
7361
7363
7364
7366
7368
7370
7371
7373
7375
7376
7378
7380
7382
7383
7385
7387
7388
7390
7392
7393
7395
7397
7398
7400
7402
7404
7405
7407
7409
7410
7412
7414
7415
7417
7419
7421
7422
7424
7426
7428
7430
7432
7433
7435
7437
7438
7440
7442
7443
7445
7447
7449
7450
7453
7454
7456
7458
7459
7461
7463
7465
7466
7468
7470
7471
7473
7475
7477
7478
7480
7481
7482
7483
7485
7486
7487
7488
7490
7491
7492
7493
7494
7495
7497
7498
7499
7500
7502
7503
7504
7505
7506
7508
7509
7510
7511
7513
7514
7515
7517
7518
7519
7520
7521
7523
7524
7525
7526
7528
7529
7530
7531
7533
7534
7535
7536
7537
7538
7540
7541
7542
7543
7544
7545
7547
7548
7549
7550
7551
7552
7553
7555
7556
7557
7558
7559
7560
7561
7563
7564
7565
7566
7568
7569
7570
7571
7572
7573
7575
7576
7577
7578
7579
7581
7582
7583
7584
7585
7586
7588
7589
7590
7591
7592
7593
7594
7596
7597
7598
7599
7600
7602
7603
7604
7605
7606
7608
7609
7610
7611
7612
7613
7614
7616
7617
7618
7619
7620
7621
7622
7624
7625
7626
7627
7628
7629
7630
7632
7633
7634
7635
7636
7637
7638
7640
7641
7642
7643
7644
7645
7646
7648
7649
7650
7651
7652
7653
7654
7656
7657
7658
7659
7660
7661
7662
7664
7665
7666
7667
7668
7669
7671
7672
7673
7674
7675
7676
7678
7679
7680
7681
7682
7683
7685
7686
7687
7688
7689
7691
7692
7693
7694
7695
7696
7697
7699
7700
7701
7702
7703
7704
7706
7707
7708
7709
7710
7711
7712
7714
7715
7716
7717
7718
7719
7720
7722
7723
7724
7725
7726
7727
7729
7730
7731
7732
7733
7734
7736
7737
7738
7739
7740
7741
7742
7743
7745
7746
7747
7748
7749
7750
7751
7753
7754
7755
7756
7757
7758
7759
7761
7762
7763
7764
7765
7766
7767
7769
7770
7771
7772
7773
7774
7775
7777
7778
7779
7780
7781
7782
7783
7785
7786
7787
7788
7789
7790
7792
7793
7794
7795
7796
7797
7799
7800
7801
7802
7803
7804
7805
7807
7808
7809
7810
7811
7812
7814
7815
7816
7817
7818
7819
7820
7822
7823
7824
7825
7826
7827
7828
7830
7831
7832
7833
7835
7836
7837
7838
7839
7841
7842
7843
7844
7845
7846
7848
7849
7850
7851
7852
7853
7855
7856
7857
7858
7859
7860
7861
7863
7864
7865
7866
7867
7868
7869
7870
7872
7873
7874
7875
7880
7882
7883
7885
7887
7889
7891
7893
7894
7897
7899
7900
7902
7904
7906
7907
7909
7910
7911
7912
7914
7920
7922
7924
7925
7927
7929
7931
7933
7934
7936
7938
7939
7941
7943
7945
7947
7948
7950
7952
7954
7956
7957
7959
7961
7963
7964
7966
7968
7970
7971
7973
7975
7977
7978
7980
7982
7984
7985
7987
7989
7990
7992
7994
7995
7997
7999
8001
8003
8004
8006
8008
8010
8011
8013
8015
8016
8018
8020
8021
8022
8023
8025
8026
8027
8028
8029
8031
8032
8033
8034
8035
8037
8039
8040
8042
8044
8045
8047
8049
8051
8053
8055
8056
8058
8059
8060
8061
8063
8064
8065
8067
8068
8072
8074
8076
8078
8080
8081
8083
8085
8087
8089
8091
8093
8094
8096
8098
8100
8101
8102
8104
8105
8106
8107
8108
8110
8111
8112
8113
8114
8115
8117
8118
8119
8120
8122
8123
8124
8125
8126
8128
8129
8130
8131
8133
8134
8135
8136
8137
8139
8140
8141
8142
8143
8144
8146
8147
8149
8150
8151
8153
8154
8155
8156
8157
8159
8160
8161
8162
8163
8165
8166
8167
8168
8169
8171
8172
8173
8174
8175
8176
8178
8179
8180
8181
8182
8183
8185
8186
8187
8188
8189
8190
8192
8193
8194
8195
8196
8198
8199
8200
8201
8202
8203
8205
8206
8207
8208
8209
8210
8212
8213
8214
8215
8216
8217
8219
8220
8221
8222
8223
8225
8226
8227
8228
8229
8230
8231
8233
8234
8235
8236
8237
8238
8240
8241
8242
8243
8244
8245
8247
8248
8249
8250
8251
8252
8254
8255
8256
8257
8258
8260
8261
8262
8263
8264
8265
8266
8268
8269
8270
8271
8272
8273
8275
8276
8277
8278
8279
8280
8281
8283
8284
8285
8286
8288
8289
8290
8291
8292
8293
8294
8296
8297
8298
8299
8300
8301
8302
8304
8305
8306
8308
8309
8310
8311
8313
8314
8315
8316
8317
8318
8319
8321
8322
8323
8324
8325
8326
8327
8329
8330
8331
8332
8333
8334
8335
8337
8338
8339
8340
8341
8342
8343
8345
8346
8347
8348
8349
8350
8351
8353
8354
8355
8356
8357
8358
8360
8361
8362
8363
8364
8365
8366
8368
8369
8370
8371
8372
8373
8375
8376
8377
8378
8379
8380
8382
8383
8384
8385
8386
8387
8388
8390
8391
8392
8393
8394
8395
8396
8398
8399
8400
8401
8402
8403
8405
8406
8407
8408
8409
8410
8412
8413
8414
8415
8416
8417
8418
8420
8421
8422
8423
8424
8425
8426
8428
8429
8430
8431
8432
8433
8434
8436
8437
8438
8439
8440
8441
8442
8444
8445
8446
8447
8448
8449
8450
8452
8453
8454
8455
8456
8457
8458
8460
8461
8462
8463
8464
8465
8467
8468
8469
8470
8471
8472
8473
8475
8476
8477
8478
8479
8480
8481
8482
8484
8485
8486
8487
8488
8489
8491
8492
8493
8494
8495
8496
8498
8499
8500
8501
8502
8503
8505
8506
8507
8508
8509
8510
8512
8513
8514
8515
8516
8517
8519
8520
8521
8522
8523
8524
8526
8527
8528
8529
8530
8531
8533
8534
8535
8536
8537
8538
8540
8541
8542
8543
8544
8546
8547
8548
8549
8550
8551
8553
8554
8555
8556
8557
8558
8560
8561
8562
8563
8564
8565
8567
8568
8569
8570
8571
8572
8573
8575
8576
8577
8578
8579
8580
8582
8583
8584
8585
8586
8587
8588
8590
8591
8592
8593
8594
8595
8597
8598
8599
8600
8601
8602
8603
8605
8606
8607
8608
8609
8610
8612
8613
8614
8615
8616
8617
8619
8620
8621
8622
8623
8624
8633
8635
8637
8639
8641
8642
8644
8646
8649
8651
8653
8654
8656
8658
8660
8662
8663
8665
8667
8668
8670
8673
8674
8675
8676
8677
8679
8680
8681
8682
8683
8685
8686
8687
8688
8689
8691
8692
8693
8694
8695
8697
8698
8699
8700
8701
8703
8704
8705
8706
8707
8709
8710
8711
8712
8713
8715
8716
8717
8718
8719
8721
8722
8723
8724
8725
8726
8728
8729
8730
8731
8732
8733
8734
8736
8737
8738
8739
8740
8741
8743
8744
8745
8746
8747
8748
8749
8751
8752
8753
8754
8755
8756
8757
8759
8760
8761
8762
8763
8764
8766
8767
8768
8769
8770
8772
8773
8774
8775
8776
8777
8779
8780
8781
8782
8783
8784
8786
8787
8788
8789
8790
8791
8792
8794
8795
8796
8797
8798
8799
8801
8802
8803
8804
8805
8806
8807
8809
8810
8811
8812
8813
8814
8816
8817
8818
8819
8820
8821
8822
8824
8825
8826
8827
8828
8829
8831
8832
8833
8834
8835
8836
8837
8839
8840
8841
8842
8843
8845
8846
8847
8848
8849
8850
8851
8853
8854
8855
8856
8857
8858
8860
8861
8862
8863
8864
8865
8867
8868
8869
8870
8871
8873
8874
8875
8876
8877
8878
8880
8881
8886
8888
8891
8893
8894
8896
8897
8898
8899
8901
8902
8903
8904
8906
8907
8908
8909
8911
8912
8913
8914
8916
8917
8918
8919
8920
8921
8923
8924
8925
8926
8928
8929
8930
8931
8933
8934
8939
8940
8942
8943
8944
8945
8946
8947
8949
8950
8951
8952
8953
8954
8956
8957
8958
8959
8960
8961
8963
8964
8965
8966
8967
8970
8976
8978
8980
8981
8983
8985
8987
8988
8990
8992
8994
8995
8997
9000
9002
9004
9005
9007
9009
9011
9013
9015
9017
9019
9020
9022
9024
9026
9027
9029
9031
9033
9035
9037
9038
9040
9042
9043
9045
9047
9049
9051
9052
9054
9056
9058
9059
9061
9063
9065
9067
9069
9070
9071
9072
9074
9075
9076
9077
9079
9080
9081
9082
9084
9085
9086
9087
9088
9090
9091
9092
9093
9095
9096
9097
9099
9100
9101
9103
9104
9105
9106
9107
9109
9110
9111
9112
9114
9115
9116
9117
9118
9120
9121
9122
9123
9125
9126
9127
9128
9130
9131
9132
9133
9134
9136
9137
9138
9139
9141
9142
9143
9144
9145
9146
9147
9149
9150
9151
9152
9153
9154
9155
9157
9158
9159
9160
9161
9162
9164
9165
9166
9168
9169
9171
9172
9173
9174
9175
9177
9178
9179
9180
9181
9183
9184
9185
9186
9187
9188
9190
9191
9192
9193
9194
9195
9197
9198
9199
9200
9201
9202
9203
9205
9206
9207
9208
9209
9210
9211
9213
9214
9215
9216
9217
9218
9219
9221
9222
9223
9224
9225
9226
9227
9229
9230
9231
9232
9233
9234
9236
9237
9238
9239
9240
9241
9242
9244
9245
9246
9247
9248
9250
9251
9252
9253
9254
9255
9256
9258
9262
9264
9266
9267
9269
9271
9272
9274
9278
9280
9281
9283
9285
9286
9288
9293
9295
9296
9298
9300
9301
9303
9305
9307
9308
9310
9312
9313
9315
9318
9320
9321
9323
9328
9329
9331
9333
9335
9337
9338
9340
9342
9343
9345
9346
9348
9350
9351
9353
9355
9356
9358
9360
9361
9363
9365
9366
9368
9369
9371
9373
9374
9376
9378
9379
9381
9383
9384
9386
9388
9389
9391
9393
9394
9396
9398
9399
9401
9403
9404
9406
9408
9410
9411
9413
9414
9416
9418
9420
9421
9423
9425
9426
9428
9430
9431
9433
9434
9436
9438
9439
9441
9443
9444
9446
9448
9449
9451
9453
9454
9456
9458
9459
9461
9463
9464
9466
9468
9469
9471
9473
9475
9476
9478
9480
9481
9483
9485
9486
9488
9490
9491
9493
9494
9496
9498
9499
9501
9503
9504
9506
9508
9509
9511
9513
9515
9516
9518
9520
9521
9523
9525
9526
9528
9530
9531
9533
9535
9537
9538
9540
9542
9543
9545
9547
9548
9550
9552
9553
9555
9557
9558
9560
9562
9563
9565
9566
9568
9570
9571
9573
9575
9576
9578
9580
9582
9583
9585
9587
9589
9590
9592
9594
9595
9597
9598
9600
9602
9603
9605
9607
9609
9610
9612
9613
9615
9616
9618
9620
9621
9623
9625
9626
9628
9630
9631
9633
9635
9636
9639
9641
9642
9644
9646
9647
9649
9651
9652
9654
9655
9657
9659
9660
9662
9664
9665
9667
9669
9670
9672
9674
9675
9677
9679
9680
9682
9684
9686
9687
9689
9691
9692
9694
9696
9697
9699
9700
9702
9704
9705
9707
9708
9710
9712
9713
9715
9717
9718
9720
9721
9723
9725
9726
9728
9729
9731
9733
9734
9736
9738
9739
9741
9745
9747
9749
9750
9752
9753
9755
9757
9758
9760
9762
9763
9765
9767
9768
9770
9772
9773
9775
9777
9779
9780
9782
9784
9785
9787
9789
9790
9792
9794
9796
9798
9800
9801
9803
9805
9806
9808
9810
9811
9813
9815
9816
9818
9819
9821
9823
9824
9826
9828
9829
9831
9833
9835
9836
9838
9840
9842
9843
9845
9847
9849
9850
9852
9853
9855
9857
9858
9860
9862
9863
9865
9867
9868
9870
9872
9873
9875
9877
9878
9880
9882
9883
9885
9887
9888
9890
9892
9893
9895
9897
9898
9900
9902
9903
9905
9906
9908
9910
9911
9913
9915
9916
9918
9920
9922
9923
9925
9926
9928
9930
9931
9933
9935
9936
9938
9940
9941
9943
9944
9946
9948
9949
9951
9953
9954
9956
9958
9959
9961
9962
9964
9966
9967
9969
9971
9972
9974
9975
9977
9979
9980
9982
9984
9985
9987
9989
9990
9992
9994
9995
9997
9999
10000
10003
10006
10008
10010
10011
10013
10015
10017
10018
10019
10020
10021
10023
10024
10025
10026
10027
10029
10030
10031
10032
10033
10035
10036
10037
10038
10039
10040
10042
10043
10044
10045
10047
10048
10049
10050
10051
10052
10054
10055
10056
10057
10058
10060
10061
10062
10063
10064
10065
10067
10068
10069
10070
10071
10072
10073
10075
10076
10077
10078
10079
10080
10081
10083
10084
10085
10086
10087
10088
10089
10091
10092
10093
10094
10095
10096
10097
10099
10100
10101
10102
10103
10104
10105
10107
10108
10109
10110
10111
10112
10113
10115
10116
10117
10118
10119
10120
10121
10123
10124
10125
10126
10127
10128
10129
10131
10132
10133
10134
10135
10136
10137
10139
10140
10141
10142
10143
10144
10145
10147
10148
10149
10150
10151
10152
10153
10155
10156
10157
10158
10159
10160
10161
10163
10164
10165
10166
10167
10168
10169
10171
10172
10173
10174
10175
10176
10177
10179
10180
10181
10182
10183
10184
10185
10187
10188
10189
10190
10191
10192
10193
10195
10196
10197
10198
10199
10200
10201
10203
10204
10205
10206
10207
10208
10209
10210
10212
10213
10214
10215
10216
10217
10218
10220
10221
10222
10223
10224
10225
10226
10228
10229
10230
10231
10232
10233
10235
10236
10237
10238
10239
10240
10241
10243
10244
10245
10246
10247
10248
10249
10251
10252
10253
10254
10255
10256
10258
10259
10260
10261
10262
10263
10264
10266
10267
10268
10269
10270
10271
10272
10274
10275
10276
10277
10278
10279
10280
10282
10283
10284
10285
10286
10287
10288
10290
10291
10292
10293
10294
10295
10296
10298
10299
10300
10301
10302
10303
10305
10306
10307
10308
10309
10310
10311
10313
10314
10315
10316
10317
10318
10319
10321
10322
10323
10324
10325
10326
10327
10329
10330
10331
10332
10333
10334
10335
10336
10338
10339
10340
10341
10342
10343
10344
10346
10347
10348
10349
10350
10351
10352
10354
10355
10356
10357
10358
10359
10361
10362
10363
10364
10365
10366
10367
10369
10370
10371
10372
10373
10374
10376
10377
10378
10379
10380
10381
10382
10384
10385
10386
10387
10388
10389
10390
10391
10393
10394
10395
10396
10397
10398
10399
10401
10402
10403
10404
10405
10406
10408
10409
10410
10411
10412
10413
10414
10416
10417
10418
10419
10420
10421
10423
10424
10425
10426
10427
10428
10430
10431
10432
10433
10434
10435
10436
10438
10439
10440
10441
10442
10443
10445
10446
10447
10448
10449
10450
10451
10453
10454
10455
10456
10457
10458
10459
10461
10462
10463
10464
10465
10466
10467
10469
10470
10471
10472
10473
10474
10475
10477
10478
10479
10480
10481
10483
10484
10485
10486
10488
10489
10490
10491
10492
10493
10494
10496
10497
10498
10499
10500
10501
10503
10504
10505
10506
10507
10508
10510
10511
10512
10513
10514
10515
10517
10518
10519
10520
10521
10522
10523
10525
10526
10527
10528
10529
10530
10531
10533
10534
10535
10536
10537
10538
10539
10541
10542
10543
10544
10545
10546
10547
10549
10550
10551
10552
10553
10554
10555
10557
10558
10559
10560
10561
10562
10563
10564
10566
10567
10568
10569
10570
10571
10573
10574
10575
10576
10578
10579
10580
10581
10582
10583
10584
10586
10587
10588
10589
10590
10591
10592
10593
10595
10596
10597
10598
10599
10600
10601
10603
10604
10605
10606
10607
10608
10609
10611
10612
10613
10614
10615
10616
10617
10619
10620
10621
10622
10623
10624
10626
10627
10628
10629
10630
10631
10632
10634
10635
10636
10637
10638
10640
10642
10643
10644
10645
10646
10647
10648
10650
10651
10652
10653
10654
10655
10656
10657
10659
10660
10661
10662
10663
10664
10665
10667
10668
10669
10670
10671
10672
10674
10675
10676
10677
10678
10679
10680
10682
10683
10684
10685
10686
10687
10688
10690
10691
10692
10693
10694
10695
10697
10698
10699
10700
10701
10702
10703
10705
10706
10707
10708
10709
10710
10711
10718
10720
10722
10723
10725
10727
10728
10730
10732
10734
10735
10737
10739
10741
10742
10744
10746
10748
10749
10751
10753
10754
10756
10758
10760
10761
10763
10765
10766
10768
10770
10772
10773
10775
10777
10779
10780
10782
10784
10785
10786
10787
10788
10789
10791
10792
10793
10794
10795
10796
10798
10799
10800
10801
10802
10803
10805
10806
10807
10808
10809
10810
10811
10813
10814
10815
10816
10817
10818
10820
10821
10822
10823
10824
10825
10826
10828
10829
10830
10831
10832
10833
10835
10836
10837
10838
10839
10840
10842
10843
10844
10845
10846
10847
10849
10850
10851
10852
10853
10854
10856
10857
10858
10859
10861
10862
10863
10864
10865
10867
10868
10869
10870
10871
10872
10873
10875
10876
10877
10878
10879
10881
10883
10885
10889
10891
10893
10894
10896
10898
10900
10902
10904
10906
10908
10910
10912
10916
10918
10920
10922
10923
10925
10927
10929
10931
10932
10934
10936
10938
10939
10941
10943
10944
10946
10948
10949
10951
10953
10955
10957
10958
10960
10961
10963
10965
10967
10968
10970
10972
10973
10975
10977
10978
10980
10982
10983
10985
10986
10988
10990
10991
10993
10995
10996
10998
10999
11001
11003
11004
11006
11008
11009
11011
11013
11014
11016
11017
11019
11021
11022
11024
11026
11027
11029
11031
11033
11034
11036
11038
11039
11041
11043
11044
11046
11048
11050
11051
11054
11056
11057
11059
11060
11062
11064
11065
11067
11069
11070
11072
11074
11075
11077
11078
11080
11082
11083
11085
11087
11088
11090
11091
11093
11095
11096
11098
11100
11101
11103
11104
11106
11108
11109
11111
11112
11114
11116
11118
11119
11123
11125
11127
11128
11130
11132
11133
11135
11136
11138
11140
11141
11143
11145
11147
11148
11150
11152
11153
11155
11157
11159
11160
11162
11164
11165
11167
11169
11171
11172
11174
11176
11177
11179
11181
11182
11184
11186
11188
11189
11190
11192
11193
11194
11195
11196
11200
11202
11204
11205
11207
11209
11211
11213
11215
11216
11218
11219
11221
11223
11224
11226
11228
11230
11232
11234
11235
11238
11240
11241
11243
11245
11247
11249
11250
11252
11254
11255
11257
11259
11261
11263
11265
11266
11268
11270
11272
11274
11275
11277
11279
11280
11281
11283
11284
11285
11286
11287
11289
11290
11291
11292
11294
11295
11296
11297
11299
11300
11301
11302
11303
11305
11306
11307
11308
11309
11311
11312
11313
11314
11316
11317
11318
11319
11320
11321
11323
11324
11325
11326
11327
11328
11329
11331
11332
11333
11334
11335
11336
11338
11339
11340
11341
11342
11343
11344
11346
11347
11348
11349
11350
11351
11353
11354
11355
11356
11357
11358
11359
11361
11362
11363
11364
11365
11366
11367
11369
11370
11371
11372
11373
11374
11375
11377
11378
11379
11380
11381
11382
11384
11385
11386
11387
11388
11389
11390
11392
11393
11394
11395
11396
11397
11398
11400
11401
11402
11403
11404
11405
11407
11408
11409
11410
11411
11412
11413
11415
11416
11417
11418
11419
11420
11421
11423
11424
11425
11426
11427
11428
11429
11430
11432
11433
11434
11435
11436
11437
11439
11440
11441
11442
11443
11444
11445
11447
11448
11449
11450
11451
11452
11454
11455
11456
11457
11458
11459
11460
11462
11463
11464
11465
11467
11468
11469
11470
11471
11472
11474
11475
11476
11477
11478
11479
11480
11482
11483
11484
11485
11486
11487
11489
11490
11491
11492
11493
11494
11495
11497
11498
11499
11500
11501
11502
11503
11505
11506
11507
11508
11509
11510
11511
11513
11514
11515
11516
11517
11518
11520
11521
11522
11523
11524
11525
11526
11528
11529
11530
11531
11532
11533
11535
11536
11537
11538
11539
11540
11542
11543
11544
11545
11546
11547
11548
11550
11551
11552
11553
11554
11555
11556
11558
11559
11560
11561
11562
11563
11564
11566
11567
11568
11569
11570
11571
11572
11573
11575
11576
11577
11578
11579
11580
11581
11583
11584
11585
11586
11588
11589
11590
11591
11592
11593
11595
11596
11597
11598
11599
11600
11601
11603
11604
11605
11606
11607
11608
11610
11611
11612
11613
11614
11615
11616
11618
11619
11620
11621
11622
11623
11624
11625
11627
11628
11629
11630
11631
11632
11633
11635
11636
11637
11638
11639
11640
11641
11642
11644
11645
11646
11647
11648
11649
11650
11652
11653
11654
11655
11656
11657
11658
11660
11661
11662
11663
11664
11665
11666
11668
11669
11670
11671
11672
11673
11674
11676
11677
11678
11679
11680
11681
11683
11684
11685
11686
11687
11688
11689
11691
11692
11693
11694
11695
11696
11697
11698
11699
11701
11702
11703
11704
11705
11706
11707
11708
11709
11710
11712
11713
11714
11715
11716
11717
11718
11719
11720
11722
11723
11724
11725
11726
11727
11728
11729
11730
11731
11733
11734
11735
11736
11737
11738
11739
11740
11741
11743
11744
11745
11746
11747
11748
11749
11750
11751
11753
11754
11755
11756
11757
11758
11759
11760
11761
11762
11764
11765
11766
11767
11768
11769
11770
11771
11772
11774
11775
11776
11777
11778
11779
11780
11781
11782
11783
11785
11786
11787
11788
11789
11790
11791
11792
11793
11795
11796
11797
11798
11799
11800
11801
11802
11803
11805
11806
11807
11808
11809
11810
11811
11813
11814
11815
11816
11817
11818
11819
11821
11822
11823
11824
11825
11826
11827
11828
11830
11831
11832
11833
11834
11835
11837
11838
11839
11840
11841
11842
11843
11845
11846
11847
11848
11849
11850
11851
11853
11854
11855
11856
11857
11858
11859
11860
11862
11863
11864
11865
11866
11867
11868
11870
11871
11872
11873
11874
11875
11876
11877
11879
11880
11881
11882
11883
11884
11885
11887
11888
11889
11890
11891
11892
11893
11895
11896
11897
11898
11899
11900
11901
11903
11904
11905
11906
11907
11908
11909
11911
11912
11913
11914
11915
11916
11917
11919
11920
11921
11922
11923
11924
11925
11927
11928
11929
11930
11931
11932
11933
11934
11936
11937
11938
11939
11940
11941
11942
11944
11945
11946
11947
11948
11949
11951
11952
11953
11954
11955
11956
11957
11958
11960
11961
11962
11963
11964
11965
11966
11968
11969
11970
11971
11972
11973
11975
11976
11977
11978
11979
11980
11982
11983
11984
11985
11986
11987
11988
11989
11991
11992
11993
11994
11995
11996
11998
11999
12000
12001
12002
12003
12004
12006
12007
12008
12009
12010
12011
12012
12014
12015
12016
12017
12018
12019
12020
12022
12023
12024
12025
12026
12027
12028
12030
12031
12032
12033
12034
12035
12036
12038
12039
12040
12041
12042
12043
12044
12045
12047
12048
12049
12050
12051
12052
12053
12055
12056
12057
12058
12059
12060
12061
12063
12064
12065
12066
12067
12068
12069
12070
12072
12073
12074
12075
12076
12077
12078
12080
12081
12082
12083
12084
12085
12086
12088
12089
12090
12091
12092
12093
12094
12095
12097
12098
12099
12100
12101
12102
12104
12105
12106
12107
12108
12109
12110
12112
12113
12114
12115
12116
12117
12119
12120
12121
12122
12123
12124
12125
12127
12128
12129
12130
12131
12132
12133
12134
12136
12137
12138
12139
12140
12141
12142
12143
12145
12146
12147
12148
12149
12150
12151
12152
12154
12155
12156
12157
12158
12159
12160
12161
12163
12164
12165
12166
12167
12168
12169
12171
12172
12173
12174
12175
12176
12177
12178
12180
12181
12182
12183
12184
12185
12186
12188
12189
12190
12191
12192
12193
12195
12196
12197
12198
12199
12204
12206
12208
12209
12211
12213
12215
12217
12219
12220
12222
12223
12225
12227
12229
12231
12233
12235
12236
12238
12240
12242
12243
12245
12247
12249
12251
12253
12254
12256
12258
12260
12262
12264
12265
12267
12268
12270
12272
12273
12275
12276
12278
12280
12281
12283
12285
12286
12288
12289
12291
12293
12294
12296
12298
12299
12301
12302
12304
12305
12307
12309
12310
12312
12313
12315
12318
12319
12321
12323
12324
12326
12328
12329
12331
12332
12334
12336
12337
12339
12341
12342
12344
12345
12347
12349
12350
12352
12354
12355
12357
12358
12360
12362
12364
12367
12369
12371
12373
12374
12376
12378
12380
12382
12384
12385
12387
12389
12391
12392
12394
12396
12397
12399
12401
12403
12404
12406
12408
12409
12411
12413
12415
12416
12418
12420
12422
12423
12430
12433
12434
12436
12438
12439
12441
12443
12445
12446
12448
12449
12451
12454
12455
12457
12459
12461
12462
12464
12466
12467
12469
12471
12472
12474
12476
12478
12479
12481
12483
12485
12486
12488
12490
12492
12493
12495
12497
12499
12500
12502
12504
12505
12506
12507
12508
12511
12513
12516
12517
12519
12521
12523
12524
12526
12528
12529
12531
12533
12535
12536
12538
12540
12542
12543
12545
12546
12548
12550
12551
12553
12555
12556
12558
12560
12562
12564
12566
12568
12569
12571
12573
12575
12577
12578
12579
12580
12582
12583
12584
12586
12588
12590
12592
12594
12596
12597
12598
12599
12600
12602
12603
12604
12605
12607
12608
12609
12610
12611
12613
12614
12615
12616
12617
12619
12620
12621
12623
12624
12625
12626
12627
12628
12630
12631
12632
12633
12634
12635
12637
12638
12639
12640
12641
12642
12643
12645
12647
12648
12649
12650
12652
12653
12654
12655
12656
12657
12659
12660
12661
12662
12663
12664
12666
12667
12668
12669
12670
12671
12672
12674
12675
12676
12677
12678
12679
12680
12682
12683
12684
12685
12686
12687
12688
12690
12691
12692
12693
12694
12695
12696
12698
12699
12700
12701
12702
12703
12704
12706
12707
12708
12709
12710
12711
12712
12714
12715
12716
12717
12718
12719
12721
12722
12723
12724
12725
12726
12727
12728
12730
12731
12732
12733
12734
12735
12737
12738
12739
12740
12741
12742
12743
12745
12746
12747
12748
12749
12750
12751
12753
12754
12755
12756
12757
12758
12759
12761
12762
12763
12764
12765
12766
12767
12769
12770
12771
12772
12773
12774
12775
12776
12778
12779
12780
12781
12782
12783
12784
12786
12787
12788
12789
12790
12791
12792
12794
12795
12796
12797
12798
12799
12800
12802
12803
12804
12805
12806
12807
12808
12810
12811
12812
12813
12814
12815
12816
12818
12819
12820
12821
12822
12823
12824
12826
12827
12828
12829
12830
12831
12832
12834
12835
12836
12837
12838
12839
12840
12842
12843
12844
12845
12846
12847
12848
12850
12851
12852
12853
12854
12855
12856
12857
12859
12860
12861
12862
12863
12864
12865
12867
12868
12869
12870
12871
12872
12873
12875
12876
12877
12878
12879
12880
12882
12883
12884
12885
12886
12887
12888
12890
12891
12892
12893
12895
12896
12897
12898
12899
12901
12902
12903
12904
12905
12906
12907
12909
12910
12911
12912
12913
12914
12915
12917
12918
12919
12920
12921
12922
12923
12925
12926
12927
12928
12929
12930
12931
12933
12934
12935
12936
12937
12938
12939
12941
12942
12943
12944
12945
12946
12947
12949
12950
12951
12952
12953
12954
12955
12957
12958
12959
12960
12961
12962
12963
12965
12966
12967
12968
12969
12970
12971
12972
12974
12975
12976
12977
12978
12979
12980
12982
12983
12984
12985
12986
12987
12988
12990
12991
12992
12993
12994
12995
12996
12997
12999
13000
13001
13002
13003
13004
13005
13007
13008
13009
13010
13011
13012
13013
13014
13016
13017
13018
13019
13020
13021
13022
13024
13025
13026
13027
13028
13029
13030
13031
13033
13034
13035
13036
13037
13038
13039
13041
13042
13043
13044
13045
13046
13047
13048
13050
13051
13052
13053
13054
13055
13056
13058
13059
13060
13061
13062
13063
13064
13065
13067
13068
13069
13070
13071
13072
13073
13075
13076
13077
13078
13079
13080
13081
13082
13084
13085
13086
13087
13088
13089
13090
13092
13093
13094
13095
13096
13097
13098
13100
13101
13102
13103
13104
13105
13106
13108
13109
13110
13111
13112
13113
13114
13115
13117
13118
13119
13120
13121
13122
13123
13125
13126
13127
13128
13129
13130
13131
13132
13134
13135
13136
13137
13138
13139
13141
13142
13143
13144
13145
13146
13147
13149
13150
13151
13152
13153
13154
13156
13157
13158
13159
13160
13161
13163
13164
13165
13166
13167
13168
13169
13171
13172
13173
13174
13175
13176
13177
13179
13180
13181
13182
13183
13184
13186
13187
13188
13189
13190
13191
13192
13194
13195
13196
13197
13198
13199
13200
13202
13203
13204
13205
13206
13207
13209
13210
13211
13212
13213
13214
13216
13217
13219
13220
13221
13222
13223
13224
13226
13227
13228
13229
13230
13231
13233
13234
13235
13236
13237
13238
13239
13241
13242
13243
13244
13245
13247
13248
13249
13250
13251
13252
13254
13255
13256
13257
13258
13259
13260
13262
13263
13264
13265
13266
13268
13269
13270
13271
13272
13273
13274
13276
13277
13278
13279
13280
13281
13282
13284
13285
13286
13287
13288
13289
13290
13292
13293
13294
13295
13296
13297
13299
13300
13301
13302
13303
13304
13305
13306
13308
13309
13310
13311
13312
13313
13314
13316
13317
13318
13319
13321
13322
13323
13324
13326
13327
13328
13329
13330
13331
13332
13334
13335
13336
13337
13338
13339
13340
13342
13343
13344
13345
13346
13347
13348
13350
13351
13352
13353
13354
13356
13357
13358
13359
13360
13362
13363
13364
13365
13366
13367
13369
13370
13371
13372
13373
13374
13375
13376
13378
13379
13380
13381
13382
13383
13384
13386
13387
13388
13389
13390
13391
13392
13394
13395
13396
13397
13398
13399
13400
13402
13403
13404
13405
13406
13407
13408
13410
13411
13412
13413
13414
13415
13416
13418
13419
13420
13421
13422
13423
13425
13426
13427
13428
13429
13430
13432
13433
13434
13435
13436
13437
13439
13440
13441
13442
13443
13444
13445
13446
13448
13449
13450
13451
13452
13453
13454
13456
13457
13458
13459
13460
13461
13462
13464
13465
13466
13467
13468
13469
13471
13472
13473
13474
13475
13476
13477
13479
13480
13481
13482
13483
13484
13486
13487
13488
13489
13490
13491
13492
13494
13495
13496
13497
13498
13499
13500
13502
13503
13504
13505
13506
13507
13508
13510
13511
13512
13513
13514
13515
13517
13518
13519
13520
13521
13522
13523
13525
13526
13527
13528
13529
13530
13531
13533
13535
13536
13537
13538
13539
13540
13541
13542
13544
13545
13546
13547
13548
13549
13550
13552
13553
13554
13555
13556
13557
13558
13560
13561
13562
13563
13564
13565
13566
13568
13572
13574
13575
13577
13579
13581
13583
13585
13586
13588
13591
13592
13594
13596
13597
13599
13601
13602
13604
13606
13608
13610
13611
13613
13615
13616
13618
13620
13622
13623
13625
13627
13628
13630
13632
13634
13635
13637
13640
13641
13643
13645
13646
13648
13650
13652
13653
13655
13657
13658
13660
13661
13662
13664
13665
13666
13667
13668
13669
13671
13672
13673
13674
13675
13677
13678
13679
13680
13681
13683
13684
13685
13686
13687
13688
13690
13691
13692
13693
13695
13696
13697
13698
13699
13700
13708
13709
13711
13713
13715
13717
13718
13720
13722
13724
13726
13727
13729
13731
13732
13734
13735
13737
13739
13740
13742
13743
13745
13747
13748
13750
13751
13753
13755
13756
13758
13760
13761
13763
13765
13767
13768
13770
13772
13774
13776
13777
13779
13781
13783
13785
13787
13789
13790
13792
13794
13795
13797
13799
13801
13803
13804
13806
13808
13810
13811
13813
13814
13816
13818
13819
13821
13822
13824
13825
13827
13829
13830
13832
13833
13835
13837
13838
13840
13841
13843
13844
13846
13848
13849
13851
13852
13854
13856
13857
13859
13860
13862
13864
13865
13867
13868
13870
13872
13873
13875
13876
13878
13879
13881
13883
13884
13886
13887
13889
13891
13892
13894
13895
13897
13898
13900
13902
13903
13905
13906
13908
13909
13911
13913
13914
13916
13917
13919
13920
13922
13924
13925
13927
13928
13930
13932
13933
13935
13936
13938
13940
13941
13943
13944
13946
13947
13949
13951
13952
13954
13955
13958
13959
13961
13963
13964
13966
13967
13969
13971
13972
13974
13975
13978
13980
13981
13983
13984
13986
13988
13989
13991
13993
13994
13996
13997
13999
14001
14002
14004
14006
14007
14009
14011
14012
14014
14016
14018
14019
14021
14022
14024
14026
14027
14029
14031
14032
14034
14035
14036
14037
14039
14040
14041
14042
14043
14044
14046
14047
14048
14049
14050
14052
14053
14054
14055
14056
14058
14059
14060
14061
14062
14064
14065
14066
14067
14068
14070
14071
14072
14073
14074
14075
14077
14078
14079
14080
14081
14082
14083
14085
14086
14087
14088
14089
14090
14091
14093
14094
14095
14096
14097
14098
14099
14101
14102
14103
14104
14105
14106
14108
14109
14110
14111
14112
14113
14114
14116
14117
14118
14119
14120
14121
14122
14124
14125
14126
14127
14128
14129
14131
14132
14133
14134
14135
14136
14137
14139
14140
14141
14142
14143
14144
14145
14147
14148
14149
14150
14151
14152
14153
14155
14156
14157
14158
14159
14160
14161
14163
14164
14165
14166
14167
14168
14169
14171
14172
14173
14174
14175
14176
14177
14179
14180
14181
14182
14183
14184
14185
14187
14188
14189
14190
14191
14192
14193
14195
14196
14197
14198
14199
14200
14202
14203
14204
14205
14206
14207
14208
14210
14211
14212
14213
14214
14215
14217
14218
14219
14220
14221
14222
14223
14225
14226
14227
14228
14229
14230
14231
14233
14234
14235
14236
14237
14238
14239
14241
14242
14243
14244
14245
14246
14247
14249
14250
14251
14252
14253
14254
14255
14257
14258
14259
14260
14261
14262
14263
14264
14266
14267
14268
14269
14270
14271
14272
14274
14275
14276
14277
14278
14279
14280
14281
14283
14284
14285
14286
14287
14288
14290
14291
14292
14293
14294
14295
14296
14298
14299
14300
14301
14302
14303
14304
14305
14307
14308
14309
14310
14311
14312
14313
14314
14316
14317
14318
14319
14320
14321
14322
14324
14325
14326
14327
14328
14329
14330
14332
14333
14334
14335
14336
14337
14339
14340
14341
14342
14343
14344
14345
14346
14348
14349
14350
14351
14352
14353
14354
14355
14357
14358
14359
14360
14361
14362
14363
14364
14366
14367
14368
14369
14370
14371
14373
14374
14375
14376
14377
14378
14379
14381
14382
14383
14384
14385
14386
14387
14388
14390
14391
14392
14393
14394
14395
14396
14398
14399
14400
14401
14402
14403
14404
14406
14407
14408
14409
14410
14411
14412
14413
14415
14416
14417
14418
14419
14420
14421
14423
14424
14425
14426
14427
14428
14429
14430
14432
14433
14434
14435
14436
14437
14438
14439
14441
14442
14443
14444
14445
14446
14447
14449
14450
14451
14452
14453
14454
14455
14457
14458
14459
14460
14461
14462
14463
14464
14466
14467
14468
14469
14470
14471
14473
14474
14475
14476
14477
14478
14479
14481
14482
14483
14484
14485
14486
14487
14488
14490
14491
14492
14493
14494
14495
14496
14498
14499
14500
14501
14502
14503
14504
14506
14507
14508
14509
14510
14511
14512
14514
14515
14516
14517
14518
14519
14520
14522
14523
14524
14525
14526
14527
14528
14530
14531
14532
14533
14534
14535
14536
14538
14539
14540
14541
14542
14543
14544
14546
14547
14548
14549
14550
14551
14552
14553
14555
14556
14557
14558
14559
14560
14561
14563
14564
14565
14566
14567
14568
14569
14570
14572
14573
14574
14575
14576
14577
14578
14580
14581
14582
14583
14584
14585
14586
14587
14589
14590
14591
14592
14593
14594
14595
14597
14598
14599
14600
14601
14602
14603
14605
14606
14607
14608
14609
14610
14611
14613
14614
14615
14616
14617
14618
14620
14621
14622
14623
14624
14625
14627
14628
14629
14630
14631
14632
14633
14635
14636
14637
14638
14639
14640
14642
14643
14644
14645
14646
14647
14649
14651
14652
14653
14654
14656
14657
14658
14659
14660
14661
14663
14664
14665
14666
14667
14668
14670
14671
14672
14674
14675
14676
14677
14678
14679
14680
14682
14683
14684
14685
14686
14687
14689
14690
14691
14693
14694
14696
14697
14698
14699
14700
14701
14702
14704
14705
14706
14707
14708
14709
14711
14712
14713
14714
14715
14716
14717
14719
14720
14721
14722
14723
14724
14725
14727
14728
14729
14730
14731
14733
14735
14736
14737
14738
14739
14741
14742
14743
14744
14745
14746
14747
14749
14750
14751
14752
14753
14754
14755
14757
14758
14759
14760
14761
14762
14764
14765
14766
14767
14768
14769
14771
14772
14773
14774
14775
14776
14777
14779
14780
14781
14782
14783
14784
14785
14786
14788
14789
14790
14791
14792
14793
14794
14796
14797
14798
14799
14800
14801
14802
14804
14805
14806
14807
14808
14809
14810
14812
14813
14814
14815
14816
14821
14822
14823
14824
14826
14827
14828
14829
14830
14831
14833
14834
14835
14836
14837
14838
14839
14841
14842
14843
14844
14845
14846
14847
14849
14850
14851
14852
14853
14854
14855
14857
14858
14859
14860
14861
14862
14864
14865
14866
14867
14868
14869
14870
14872
14873
14874
14875
14876
14877
14878
14880
14881
14882
14883
14884
14885
14886
14888
14889
14890
14891
14892
14893
14894
14896
14897
14898
14899
14900
14901
14902
14903
14905
14906
14907
14908
14909
14910
14911
14913
14914
14915
14916
14917
14918
14919
14921
14922
14923
14924
14925
14926
14928
14929
14930
14931
14932
14933
14935
14936
14937
14938
14939
14940
14941
14942
14944
14945
14946
14947
14948
14949
14950
14952
14953
14954
14955
14956
14957
14959
14960
14961
14962
14963
14964
14965
14967
14968
14969
14970
14971
14972
14973
14974
14976
14977
14978
14979
14980
14981
14982
14984
14985
14986
14987
14992
14994
14996
14998
15000
15002
15004
15007
15009
15010
15012
15014
15016
15017
15019
15021
15022
15024
15026
15028
15029
15031
15033
15034
15036
15038
15040
15041
15043
15045
15046
15048
15049
15051
15052
15053
15054
15055
15056
15058
15059
15060
15061
15062
15064
15065
15066
15067
15068
15070
15071
15072
15073
15074
15076
15077
15078
15079
15081
15082
15083
15084
15085
15086
15088
15089
15090
15091
15092
15093
15094
15096
15098
15099
15100
15102
15103
15104
15105
15106
15107
15108
15110
15111
15112
15113
15114
15115
15117
15118
15119
15120
15121
15122
15123
15125
15126
15127
15128
15129
15130
15132
15133
15134
15135
15136
15137
15138
15140
15141
15142
15143
15144
15145
15147
15148
15149
15150
15151
15152
15153
15155
15156
15157
15158
15159
15160
15162
15163
15164
15165
15166
15167
15169
15170
15171
15172
15173
15174
15176
15177
15178
15179
15180
15181
15182
15184
15185
15186
15187
15188
15189
15191
15192
15193
15194
15195
15196
15198
15199
15200
15201
15202
15203
15204
15206
15207
15208
15209
15210
15211
15212
15213
15215
15216
15217
15218
15219
15220
15221
15223
15224
15225
15226
15227
15229
15230
15231
15232
15233
15234
15235
15236
15238
15239
15240
15241
15242
15243
15244
15246
15247
15248
15249
15250
15251
15252
15254
15255
15256
15257
15258
15259
15260
15262
15263
15264
15265
15266
15267
15268
15270
15271
15272
15273
15274
15275
15277
15278
15279
15280
15281
15282
15283
15284
15286
15287
15288
15289
15296
15297
15298
15299
15300
15301
15303
15304
15305
15306
15307
15308
15309
15310
15312
15313
15315
15316
15317
15318
15319
15320
15321
15323
15324
15325
15326
15327
15328
15329
15331
15332
15333
