time (ms),latency (ms),consume (ms)
0,7,0
7,2,7
14,2,7
21,2,7
28,2,7
34,1,6
41,1,7
48,1,7
55,2,7
62,2,7
69,1,7
75,1,6
82,1,7
91,4,9
98,1,7
104,1,6
111,1,7
118,1,7
126,3,8
135,3,9
141,1,6
148,2,7
154,1,6
161,2,7
168,2,7
175,2,7
182,1,7
190,1,8
198,2,8
206,1,8
213,1,7
225,2,12
232,2,7
239,1,7
247,2,8
255,2,8
263,2,8
272,4,9
280,3,8
288,2,8
295,2,7
302,2,7
309,1,7
315,1,6
322,1,7
329,1,7
338,2,9
345,2,7
352,1,7
360,2,8
367,2,7
374,2,7
381,2,7
388,1,7
396,3,8
403,1,7
410,2,7
416,1,6
423,1,7
431,2,8
437,1,6
443,0,6
450,1,7
457,1,7
463,1,6
470,1,7
476,1,6
482,1,6
488,0,6
494,1,6
500,1,6
507,1,7
513,1,6
519,1,6
525,1,6
532,1,7
539,1,7
546,1,7
551,0,5
559,2,8
565,0,6
572,1,7
579,1,7
588,3,9
595,1,7
603,2,8
609,1,6
615,1,6
621,1,6
627,1,6
633,1,6
639,0,6
648,1,9
654,1,6
660,0,6
668,2,8
674,1,6
681,1,7
687,1,6
693,1,6
699,1,6
705,1,6
711,1,6
717,1,6
723,1,6
729,1,6
736,1,7
741,0,5
747,0,6
753,0,6
759,0,6
768,4,9
774,1,6
780,1,6
790,1,10
796,0,6
804,1,8
810,1,6
816,1,6
822,1,6
829,1,7
835,1,6
841,0,6
848,1,7
854,1,6
861,1,7
867,1,6
873,1,6
879,0,6
886,1,7
892,1,6
898,1,6
904,1,6
910,1,6
915,0,5
921,0,6
927,0,6
933,0,6
939,1,6
945,1,6
952,1,7
958,1,6
965,1,7
973,3,8
979,1,6
986,2,7
993,2,7
999,1,6
1006,1,7
1012,1,6
1019,2,7
1026,1,7
1032,1,6
1039,1,7
1045,1,6
1052,1,7
1059,1,7
1066,1,7
1076,1,10
1082,1,6
1089,1,7
1096,2,7
1102,1,6
1109,2,7
1115,1,6
1122,2,7
1129,2,7
1135,1,6
1144,3,9
1151,2,7
1157,1,6
1163,1,6
1170,1,7
1176,1,6
1182,1,6
1188,1,6
1194,1,6
1200,1,6
1206,1,6
1212,1,6
1218,1,6
1225,2,7
1231,1,6
1237,1,6
1243,1,6
1249,1,6
1256,2,7
1263,1,7
1270,0,7
1276,0,6
1285,3,9
1296,1,11
1302,1,6
1308,1,6
1314,1,6
1320,1,6
1325,0,5
1331,1,6
1337,1,6
1343,1,6
1348,0,5
1354,0,6
1360,1,6
1366,1,6
1371,0,5
1377,1,6
1383,1,6
1388,0,5
1394,1,6
1400,1,6
1405,0,5
1411,0,6
1417,1,6
1423,1,6
1429,1,6
1435,1,6
1440,0,5
1452,6,12
1456,1,4
1462,1,6
1467,0,5
1473,1,6
1481,3,8
1487,1,6
1493,1,6
1499,1,6
1504,0,5
1510,1,6
1516,1,6
1522,1,6
1527,0,5
1533,1,6
1539,1,6
1545,1,6
1551,1,6
1557,1,6
1564,2,7
1570,1,6
1576,1,6
1582,1,6
1588,1,6
1594,1,6
1601,2,7
1609,2,8
1615,1,6
1624,2,9
1630,1,6
1637,2,7
1645,1,8
1652,2,7
1658,1,6
1666,1,8
1674,2,8
1680,1,6
1686,1,6
1694,1,8
1700,1,6
1706,0,6
1712,0,6
1718,0,6
1724,0,6
1730,1,6
1736,1,6
1741,0,5
1747,0,6
1753,0,6
1759,1,6
1765,1,6
1771,1,6
1777,0,6
1783,1,6
1789,0,6
1795,0,6
1802,2,7
1807,0,5
1813,0,6
1819,1,6
1824,0,5
1830,0,6
1836,0,6
1842,0,6
1848,0,6
1854,0,6
1860,0,6
1866,0,6
1872,0,6
1878,0,6
1884,0,6
1890,0,6
1897,1,7
1903,1,6
1909,1,6
1915,1,6
1921,1,6
1927,1,6
1933,0,6
1942,4,9
1949,1,7
1955,1,6
1961,1,6
1969,3,8
1975,1,6
1981,1,6
1987,1,6
1993,1,6
1999,1,6
2005,1,6
2011,1,6
2017,1,6
2023,0,6
2029,1,6
2040,5,11
2046,1,6
2052,1,6
2058,1,6
2064,1,6
2070,1,6
2076,1,6
2082,1,6
2092,1,10
2098,1,6
2104,1,6
2110,1,6
2116,1,6
2126,5,10
2132,1,6
2138,0,6
2144,0,6
2153,4,9
2159,1,6
2165,1,6
2171,1,6
2177,1,6
2183,1,6
2189,1,6
2195,1,6
2200,0,5
2206,1,6
2212,1,6
2218,1,6
2223,0,5
2229,0,6
2235,1,6
2241,1,6
2247,1,6
2253,1,6
2259,1,6
2265,1,6
2271,1,6
2276,0,5
2282,0,6
2288,0,6
2294,1,6
2300,0,6
2306,1,6
2312,0,6
2318,1,6
2324,1,6
2330,1,6
2336,1,6
2342,1,6
2347,0,5
2353,0,6
2359,1,6
2365,1,6
2371,1,6
2377,1,6
2383,1,6
2389,1,6
2395,1,6
2402,1,7
2408,0,6
2414,0,6
2420,1,6
2426,1,6
2431,0,5
2438,2,7
2446,2,8
2455,4,9
2462,1,7
2472,1,10
2477,0,5
2483,1,6
2508,8,25
2516,1,8
2522,1,6
2528,1,6
2533,0,5
2539,1,6
2545,1,6
2550,0,5
2556,1,6
2562,1,6
2568,1,6
2573,0,5
2579,0,6
2585,1,6
2592,1,7
2598,1,6
2604,1,6
2610,1,6
2616,1,6
2622,1,6
2628,1,6
2633,0,5
2639,0,6
2645,1,6
2651,1,6
2657,1,6
2663,1,6
2669,1,6
2675,1,6
2680,0,5
2686,0,6
2692,0,6
2698,1,6
2704,1,6
2710,1,6
2721,3,11
2723,0,2
2729,1,6
2734,1,5
2739,0,5
2745,1,6
2750,1,5
2756,1,6
2761,0,5
2767,1,6
2773,1,6
2779,1,6
2785,0,6
2792,1,7
2798,1,6
2804,1,6
2809,0,5
2816,1,7
2821,0,5
2827,0,6
2833,0,6
2839,1,6
2845,1,6
2851,1,6
2856,0,5
2862,0,6
2868,1,6
2874,1,6
2879,0,5
2885,0,6
2891,1,6
2897,1,6
2903,1,6
2908,0,5
2914,0,6
2920,1,6
2926,1,6
2932,1,6
2937,0,5
2943,0,6
2949,0,6
2955,0,6
2961,0,6
2967,0,6
2973,1,6
2978,0,5
2984,0,6
2990,1,6
2996,1,6
3002,1,6
3008,1,6
3014,1,6
3020,1,6
3026,1,6
3031,0,5
3037,1,6
3043,1,6
3048,0,5
3054,0,6
3060,1,6
3066,1,6
3071,0,5
3077,1,6
3083,1,6
3088,0,5
3094,1,6
3102,3,8
3109,0,7
3115,0,6
3121,1,6
3126,0,5
3132,0,6
3138,1,6
3144,1,6
3150,1,6
3156,1,6
3162,1,6
3168,1,6
3174,1,6
3180,1,6
3185,0,5
3191,0,6
3197,0,6
3203,1,6
3209,1,6
3215,1,6
3222,2,7
3231,4,9
3236,0,5
3244,2,8
3250,0,6
3256,1,6
3264,3,8
3276,2,12
3281,0,5
3287,0,6
3293,1,6
3298,0,5
3304,0,6
3310,1,6
3315,0,5
3321,1,6
3327,1,6
3332,0,5
3338,1,6
3344,1,6
3351,2,7
3357,1,6
3363,1,6
3368,0,5
3374,1,6
3380,1,6
3386,1,6
3391,0,5
3397,0,6
3403,0,6
3409,1,6
3414,0,5
3420,0,6
3426,1,6
3432,1,6
3438,1,6
3444,1,6
3449,0,5
3458,3,9
3464,1,6
3470,1,6
3476,1,6
3482,1,6
3487,0,5
3493,1,6
3499,1,6
3504,0,5
3510,0,6
3516,1,6
3521,0,5
3527,0,6
3533,1,6
3538,0,5
3544,1,6
3550,1,6
3555,0,5
3561,1,6
3567,1,6
3572,0,5
3578,0,6
3584,1,6
3589,0,5
3595,0,6
3601,1,6
3606,0,5
3612,0,6
3618,1,6
3623,0,5
3629,0,6
3635,1,6
3641,1,6
3647,1,6
3652,0,5
3658,1,6
3664,1,6
3670,1,6
3675,0,5
3681,0,6
3687,1,6
3692,0,5
3698,0,6
3704,1,6
3710,1,6
3715,0,5
3721,1,6
3726,0,5
3732,0,6
3738,1,6
3744,1,6
3749,0,5
3755,0,6
3761,0,6
3767,1,6
3777,1,10
3783,1,6
3788,0,5
3794,0,6
3800,1,6
3805,0,5
3811,1,6
3817,1,6
3822,0,5
3828,1,6
3833,0,5
3839,0,6
3845,1,6
3850,0,5
3856,1,6
3861,0,5
3867,0,6
3873,1,6
3878,0,5
3884,0,6
3890,1,6
3895,0,5
3901,1,6
3907,1,6
3913,1,6
3923,0,10
3929,0,6
3935,1,6
3940,0,5
3946,1,6
3952,1,6
3958,1,6
3964,1,6
3969,0,5
3975,1,6
3981,1,6
3987,1,6
3992,0,5
3999,2,7
4005,1,6
4010,0,5
4018,2,8
4027,1,9
4033,1,6
4038,0,5
4044,1,6
4049,0,5
4055,0,6
4061,1,6
4067,1,6
4072,0,5
4078,1,6
4084,1,6
4089,0,5
4095,0,6
4101,1,6
4106,0,5
4112,0,6
4118,1,6
4124,1,6
4130,1,6
4136,1,6
4141,0,5
4147,1,6
4152,0,5
4158,0,6
4164,1,6
4171,2,7
4182,5,11
4188,0,6
4194,1,6
4200,0,6
4206,0,6
4212,1,6
4218,1,6
4223,0,5
4229,0,6
4235,1,6
4240,0,5
4246,1,6
4252,1,6
4257,0,5
4263,1,6
4268,0,5
4274,0,6
4280,1,6
4286,1,6
4291,0,5
4297,1,6
4302,0,5
4308,0,6
4314,1,6
4319,0,5
4325,1,6
4330,0,5
4336,0,6
4342,1,6
4347,0,5
4353,0,6
4359,1,6
4365,1,6
4370,0,5
4376,0,6
4382,1,6
4394,7,12
4400,1,6
4406,1,6
4411,0,5
4417,0,6
4423,1,6
4428,0,5
4434,1,6
4439,0,5
4445,0,6
4451,1,6
4456,0,5
4462,1,6
4467,0,5
4473,0,6
4479,1,6
4484,0,5
4490,1,6
4496,1,6
4501,0,5
4507,0,6
4513,1,6
4519,1,6
4524,0,5
4530,1,6
4535,0,5
4541,0,6
4547,1,6
4552,0,5
4558,1,6
4564,1,6
4570,1,6
4575,0,5
4581,1,6
4586,0,5
4592,0,6
4598,1,6
4603,0,5
4609,1,6
4614,0,5
4620,0,6
4625,0,5
4632,1,7
4637,0,5
4643,1,6
4648,0,5
4654,0,6
4660,1,6
4665,0,5
4671,1,6
4676,0,5
4682,0,6
4688,1,6
4693,0,5
4699,1,6
4704,0,5
4710,0,6
4716,1,6
4721,0,5
4727,1,6
4732,0,5
4738,0,6
4744,1,6
4749,0,5
4755,1,6
4760,0,5
4766,0,6
4772,1,6
4777,0,5
4783,1,6
4789,1,6
4794,0,5
4800,0,6
4806,1,6
4812,1,6
4818,1,6
4824,1,6
4830,1,6
4836,1,6
4842,1,6
4848,1,6
4854,1,6
4860,1,6
4866,1,6
4872,1,6
4878,1,6
4884,1,6
4890,1,6
4896,0,6
4902,0,6
4908,0,6
4914,1,6
4920,0,6
4927,1,7
4933,1,6
4939,1,6
4944,0,5
4950,1,6
4956,1,6
4962,1,6
4968,1,6
4973,0,5
4979,0,6
4985,1,6
4991,1,6
4997,1,6
5007,0,10
5013,0,6
5019,1,6
5025,1,6
5031,1,6
5036,0,5
5042,0,6
5048,1,6
5053,0,5
5059,1,6
5065,1,6
5070,0,5
5076,0,6
5082,1,6
5088,1,6
5093,0,5
5099,0,6
5105,1,6
5110,0,5
5116,0,6
5122,1,6
5128,1,6
5134,1,6
5140,1,6
5146,1,6
5151,0,5
5157,1,6
5163,1,6
5168,0,5
5174,0,6
5180,1,6
5185,0,5
5191,0,6
5197,1,6
5203,1,6
5208,0,5
5214,1,6
5220,1,6
5226,1,6
5231,0,5
5237,1,6
5243,1,6
5248,0,5
5254,1,6
5260,1,6
5265,0,5
5271,1,6
5277,1,6
5283,1,6
5288,0,5
5294,0,6
5300,1,6
5305,0,5
5311,1,6
5316,0,5
5322,0,6
5328,1,6
5333,0,5
5339,1,6
5344,0,5
5350,1,6
5355,0,5
5361,0,6
5367,1,6
5372,0,5
5378,1,6
5384,1,6
5389,0,5
5395,0,6
5401,1,6
5407,1,6
5412,0,5
5418,1,6
5423,0,5
5429,0,6
5435,1,6
5442,1,7
5447,0,5
5453,0,6
5459,1,6
5464,0,5
5470,1,6
5477,1,7
5482,0,5
5488,1,6
5494,1,6
5499,0,5
5505,1,6
5511,1,6
5517,1,6
5523,1,6
5532,3,9
5539,1,7
5544,0,5
5552,1,8
5562,0,10
5568,0,6
5574,1,6
5579,0,5
5585,1,6
5590,0,5
5596,1,6
5601,0,5
5607,0,6
5613,1,6
5618,0,5
5624,1,6
5629,0,5
5635,0,6
5641,1,6
5646,1,5
5651,0,5
5656,0,5
5661,0,5
5666,0,5
5672,1,6
5677,1,5
5682,0,5
5687,0,5
5692,0,5
5699,2,7
5705,1,6
5715,3,10
5718,1,3
5724,1,6
5729,0,5
5735,1,6
5741,1,6
5747,1,6
5752,0,5
5758,0,6
5764,0,6
5770,1,6
5776,1,6
5782,1,6
5787,0,5
5793,0,6
5799,1,6
5805,1,6
5811,1,6
5816,0,5
5822,0,6
5828,1,6
5834,1,6
5839,0,5
5845,0,6
5851,1,6
5856,0,5
5862,0,6
5868,1,6
5873,0,5
5879,0,6
5885,0,6
5891,1,6
5898,1,7
5904,1,6
5909,0,5
5915,0,6
5921,0,6
5927,1,6
5933,1,6
5939,1,6
5944,0,5
5950,0,6
5956,1,6
5962,1,6
5967,0,5
5973,1,6
5979,1,6
5985,1,6
5991,1,6
6004,1,13
6009,0,5
6015,0,6
6021,1,6
6026,0,5
6032,1,6
6038,1,6
6044,1,6
6049,0,5
6056,1,7
6062,1,6
6068,1,6
6074,1,6
6080,1,6
6086,1,6
6092,1,6
6098,0,6
6104,0,6
6110,0,6
6116,0,6
6122,1,6
6128,1,6
6134,0,6
6140,0,6
6146,1,6
6152,1,6
6158,1,6
6163,0,5
6169,0,6
6175,1,6
6181,1,6
6186,0,5
6192,0,6
6198,1,6
6204,1,6
6210,1,6
6216,1,6
6222,1,6
6228,1,6
6234,1,6
6240,1,6
6246,1,6
6256,1,10
6261,0,5
6267,1,6
6273,1,6
6278,0,5
6284,1,6
6290,1,6
6295,0,5
6301,1,6
6307,1,6
6313,1,6
6319,1,6
6325,1,6
6330,0,5
6336,0,6
6342,1,6
6348,1,6
6354,1,6
6359,0,5
6365,0,6
6371,1,6
6376,0,5
6382,1,6
6388,1,6
6394,1,6
6399,0,5
6405,1,6
6411,1,6
6417,1,6
6422,0,5
6428,1,6
6434,1,6
6440,0,6
6446,0,6
6452,1,6
6458,1,6
6464,1,6
6470,1,6
6476,1,6
6482,1,6
6488,1,6
6494,1,6
6500,1,6
6506,1,6
6512,1,6
6518,1,6
6524,1,6
6530,1,6
6536,1,6
6542,1,6
6547,0,5
6553,0,6
6559,0,6
6565,0,6
6576,1,11
6581,0,5
6587,0,6
6593,0,6
6599,1,6
6605,1,6
6610,0,5
6616,1,6
6625,2,9
6633,3,8
6640,1,7
6647,2,7
6653,1,6
6660,1,7
6666,1,6
6673,1,7
6680,2,7
6687,2,7
6693,1,6
6700,1,7
6707,1,7
6713,1,6
6720,1,7
6727,2,7
6734,2,7
6744,1,10
6751,1,7
6758,2,7
6765,2,7
6772,1,7
6779,2,7
6786,1,7
6792,1,6
6799,1,7
6806,1,7
6813,2,7
6819,1,6
6826,1,7
6833,2,7
6840,1,7
6847,1,7
6853,1,6
6860,1,7
6867,2,7
6873,1,6
6880,2,7
6893,2,13
6900,2,7
6906,1,6
6913,1,7
6919,1,6
6927,2,8
6934,2,7
6940,1,6
6947,2,7
6953,1,6
6959,1,6
6965,1,6
6972,1,7
6978,1,6
6984,1,6
6991,2,7
6997,1,6
7003,1,6
7010,1,7
7016,1,6
7023,1,7
7029,1,6
7036,1,7
7043,2,7
7049,1,6
7055,1,6
7062,2,7
7068,1,6
7075,2,7
7081,1,6
7088,1,7
7094,1,6
7100,1,6
7112,1,12
7118,1,6
7125,1,7
7132,1,7
7139,2,7
7145,1,6
7152,1,7
7158,1,6
7165,2,7
7171,0,6
7177,0,6
7183,0,6
7189,1,6
7195,1,6
7200,0,5
7206,0,6
7212,1,6
7217,0,5
7223,0,6
7229,0,6
7235,1,6
7240,0,5
7246,0,6
7252,1,6
7257,0,5
7263,1,6
7269,1,6
7274,0,5
7280,1,6
7285,0,5
7291,0,6
7297,1,6
7303,1,6
7308,0,5
7314,1,6
7320,1,6
7325,0,5
7331,0,6
7337,1,6
7343,1,6
7349,1,6
7355,1,6
7361,1,6
7367,1,6
7372,0,5
7378,1,6
7383,0,5
7389,0,6
7395,1,6
7400,0,5
7406,1,6
7411,0,5
7417,0,6
7423,1,6
7428,0,5
7434,1,6
7439,0,5
7445,0,6
7451,1,6
7456,0,5
7462,1,6
7468,1,6
7473,0,5
7479,0,6
7485,1,6
7490,0,5
7496,1,6
7501,0,5
7507,1,6
7512,0,5
7518,0,6
7524,1,6
7529,0,5
7535,1,6
7540,0,5
7546,0,6
7552,1,6
7560,0,8
7566,1,6
7571,0,5
7577,1,6
7582,0,5
7588,0,6
7594,1,6
7599,0,5
7605,1,6
7610,0,5
7616,1,6
7621,0,5
7627,0,6
7633,1,6
7638,0,5
7644,1,6
7649,0,5
7655,1,6
7660,0,5
7666,0,6
7672,1,6
7677,0,5
7683,0,6
7689,1,6
7694,0,5
7700,1,6
7706,1,6
7711,0,5
7717,1,6
7728,2,11
7731,0,3
7737,1,6
7742,1,5
7747,1,5
7752,0,5
7757,0,5
7762,0,5
7768,1,6
7773,1,5
7778,0,5
7783,0,5
7788,0,5
7794,1,6
7799,1,5
7804,0,5
7809,0,5
7814,0,5
7820,1,6
7825,0,5
7831,1,6
7836,1,5
7843,2,7
7846,0,3
7852,0,6
7858,1,6
7864,1,6
7869,0,5
7875,1,6
7881,1,6
7886,0,5
7896,1,10
7902,1,6
7907,0,5
7913,1,6
7918,0,5
7924,0,6
7930,1,6
7936,1,6
7941,0,5
7947,0,6
7953,1,6
7958,0,5
7964,0,6
7970,1,6
7976,1,6
7982,1,6
7988,0,6
7994,0,6
8000,1,6
8005,0,5
8011,0,6
8020,1,9
8026,1,6
8032,1,6
8037,0,5
8044,2,7
8049,0,5
8058,4,9
8064,1,6
8070,1,6
8076,1,6
8082,1,6
8088,1,6
8094,1,6
8100,1,6
8106,1,6
8112,1,6
8118,1,6
8125,1,7
8131,1,6
8137,1,6
8143,0,6
8150,2,7
8156,1,6
8165,4,9
8167,0,2
8173,1,6
8179,1,6
8185,1,6
8191,1,6
8197,0,6
8203,0,6
8209,1,6
8220,1,11
8226,1,6
8232,0,6
8238,0,6
8244,0,6
8250,0,6
8256,1,6
8262,1,6
8268,1,6
8274,1,6
8280,1,6
8286,1,6
8292,1,6
8298,1,6
8305,1,7
8311,1,6
8317,1,6
8324,1,7
8330,1,6
8336,1,6
8342,1,6
8348,1,6
8354,1,6
8360,1,6
8366,1,6
8372,1,6
8378,1,6
8383,0,5
8389,0,6
8395,1,6
8401,0,6
8407,1,6
8413,1,6
8419,1,6
8424,0,5
8430,1,6
8435,0,5
8441,0,6
8447,1,6
8452,0,5
8458,1,6
8463,0,5
8469,0,6
8475,0,6
8481,1,6
8487,1,6
8492,0,5
8498,1,6
8503,0,5
8509,0,6
8515,1,6
8520,0,5
8526,1,6
8531,0,5
8537,0,6
8543,1,6
8548,0,5
8554,0,6
8560,1,6
8566,1,6
8572,1,6
8577,0,5
8583,0,6
8589,1,6
8595,1,6
8601,1,6
8607,1,6
8612,0,5
8618,1,6
8624,1,6
8630,1,6
8636,1,6
8642,1,6
8648,1,6
8653,0,5
8659,0,6
8672,1,13
8678,1,6
8684,1,6
8690,1,6
8696,1,6
8702,1,6
8708,1,6
8714,1,6
8720,1,6
8726,1,6
8732,1,6
8737,0,5
8743,0,6
8749,1,6
8755,0,6
8761,0,6
8767,0,6
8773,0,6
8779,0,6
8785,1,6
8791,1,6
8797,1,6
8803,1,6
8808,0,5
8814,0,6
8820,1,6
8826,1,6
8832,1,6
8837,0,5
8843,0,6
8849,1,6
8855,1,6
8861,1,6
8867,1,6
8873,1,6
8879,1,6
8885,1,6
8891,1,6
8897,1,6
8903,1,6
8909,1,6
8915,1,6
8921,1,6
8927,1,6
8932,0,5
8938,0,6
8944,1,6
8950,1,6
8956,1,6
8961,0,5
8967,0,6
8973,1,6
8979,1,6
8985,1,6
8991,0,6
8998,1,7
9004,0,6
9010,0,6
9017,1,7
9023,1,6
9029,1,6
9035,1,6
9041,1,6
9047,1,6
9053,1,6
9059,1,6
9065,0,6
9071,1,6
9077,1,6
9083,0,6
9089,0,6
9095,0,6
9102,1,7
9108,1,6
9114,1,6
9120,1,6
9126,1,6
9134,2,8
9140,1,6
9146,1,6
9153,1,7
9160,2,7
9166,1,6
9173,1,7
9179,1,6
9186,1,7
9192,1,6
9198,1,6
9204,1,6
9210,1,6
9217,1,7
9224,2,7
9230,1,6
9237,1,7
9243,1,6
9249,0,6
9256,1,7
9262,1,6
9270,2,8
9278,3,8
9285,2,7
9293,3,8
9300,2,7
9308,3,8
9315,2,7
9321,1,6
9329,2,8
9335,1,6
9342,1,7
9349,1,7
9356,1,7
9363,1,7
9374,5,11
9380,1,6
9386,1,6
9392,1,6
9398,1,6
9404,1,6
9410,1,6
9416,1,6
9421,0,5
9427,0,6
9433,1,6
9439,1,6
9444,0,5
9450,0,6
9456,1,6
9462,1,6
9468,1,6
9473,0,5
9479,0,6
9485,0,6
9491,0,6
9497,1,6
9503,1,6
9509,1,6
9515,1,6
9521,1,6
9527,1,6
9533,1,6
9538,0,5
9544,0,6
9550,1,6
9556,1,6
9561,0,5
9567,0,6
9573,1,6
9579,1,6
9587,0,8
9593,0,6
9599,1,6
9605,1,6
9610,0,5
9616,0,6
9622,1,6
9627,0,5
9633,0,6
9639,1,6
9646,2,7
9652,1,6
9658,1,6
9664,1,6
9669,0,5
9675,0,6
9681,1,6
9687,1,6
9692,0,5
9698,1,6
9704,1,6
9709,0,5
9715,0,6
9721,1,6
9726,0,5
9732,1,6
9738,1,6
9744,1,6
9750,1,6
9755,0,5
9761,0,6
9767,1,6
9772,0,5
9778,0,6
9787,1,9
9792,0,5
9798,0,6
9804,1,6
9810,1,6
9816,1,6
9821,0,5
9827,0,6
9833,1,6
9839,1,6
9845,1,6
9851,1,6
9857,1,6
9862,0,5
9868,0,6
9874,1,6
9879,0,5
9885,0,6
9891,1,6
9896,0,5
9902,1,6
9907,0,5
9913,0,6
9919,1,6
9924,0,5
9930,0,6
9936,1,6
9942,1,6
9948,1,6
9953,0,5
9959,0,6
9965,1,6
9970,0,5
9976,0,6
9982,1,6
9991,1,9
9998,1,7
10003,0,5
10009,1,6
10015,1,6
10021,1,6
10027,1,6
10033,1,6
10038,0,5
10044,1,6
10050,1,6
10056,1,6
10061,0,5
10067,0,6
10073,0,6
10079,1,6
10085,1,6
10091,0,6
10097,0,6
10103,0,6
10109,1,6
10115,1,6
10121,1,6
10128,2,7
10134,1,6
10143,1,9
10149,1,6
10155,1,6
10161,1,6
10167,1,6
10173,1,6
10179,1,6
10185,1,6
10190,0,5
10196,0,6
10202,0,6
10208,0,6
10214,1,6
10220,1,6
10226,0,6
10232,1,6
10238,0,6
10244,0,6
10251,1,7
10257,1,6
10263,1,6
10269,1,6
10275,1,6
10281,1,6
10287,1,6
10293,1,6
10299,1,6
10305,1,6
10311,1,6
10318,2,7
10324,1,6
10330,1,6
10336,1,6
10342,1,6
10348,1,6
10354,1,6
10360,1,6
10366,1,6
10372,1,6
10378,1,6
10384,1,6
10390,1,6
10396,1,6
10402,1,6
10408,1,6
10414,1,6
10420,1,6
10426,1,6
10435,4,9
10441,0,6
10447,0,6
10453,1,6
10459,1,6
10465,1,6
10471,1,6
10477,1,6
10483,1,6
10489,1,6
10495,1,6
10501,1,6
10507,1,6
10513,1,6
10519,1,6
10524,0,5
10530,0,6
10536,0,6
10543,1,7
10548,0,5
10555,1,7
10560,0,5
10566,0,6
10572,0,6
10578,0,6
10584,1,6
10590,1,6
10596,1,6
10602,1,6
10608,1,6
10614,1,6
10620,1,6
10626,1,6
10632,1,6
10638,1,6
10644,1,6
10650,1,6
10656,1,6
10663,2,7
10669,1,6
10675,0,6
10681,1,6
10687,1,6
10693,1,6
10699,1,6
10711,7,12
10718,1,7
10724,1,6
10731,1,7
10737,1,6
10743,1,6
10749,1,6
10755,1,6
10761,1,6
10767,1,6
10773,1,6
10779,1,6
10785,1,6
10790,0,5
10796,0,6
10802,1,6
10808,1,6
10814,1,6
10820,0,6
10826,0,6
10832,0,6
10839,1,7
10845,1,6
10851,1,6
10857,1,6
10863,1,6
10869,1,6
10875,1,6
10881,1,6
10890,4,9
10896,1,6
10902,1,6
10910,3,8
10916,1,6
10922,1,6
10931,1,9
10938,1,7
10944,1,6
10950,1,6
10956,1,6
10962,1,6
10968,1,6
10974,1,6
10979,0,5
10985,0,6
10992,1,7
10998,1,6
11004,1,6
11010,1,6
11016,1,6
11022,1,6
11028,1,6
11034,1,6
11040,1,6
11046,1,6
11052,1,6
11057,0,5
11063,0,6
11070,1,7
11076,1,6
11082,1,6
11088,1,6
11094,1,6
11100,1,6
11106,1,6
11112,1,6
11118,1,6
11124,1,6
11130,0,6
11136,0,6
11142,0,6
11148,1,6
11154,1,6
11160,1,6
11165,0,5
11171,0,6
11177,1,6
11183,1,6
11190,2,7
11200,1,10
11206,1,6
11212,1,6
11217,0,5
11223,0,6
11229,1,6
11235,1,6
11241,1,6
11247,1,6
11253,1,6
11259,1,6
11265,1,6
11271,1,6
11277,1,6
11283,1,6
11289,1,6
11294,0,5
11300,0,6
11306,1,6
11312,1,6
11318,1,6
11323,0,5
11329,0,6
11335,0,6
11341,1,6
11348,1,7
11354,1,6
11360,1,6
11366,1,6
11371,0,5
11377,1,6
11382,0,5
11388,0,6
11394,1,6
11399,0,5
11405,1,6
11411,1,6
11417,1,6
11422,0,5
11428,1,6
11434,1,6
11439,0,5
11445,0,6
11451,1,6
11456,0,5
11462,0,6
11468,1,6
11473,0,5
11479,0,6
11485,1,6
11490,0,5
11496,0,6
11502,1,6
11507,0,5
11513,0,6
11519,1,6
11524,0,5
11530,0,6
11536,1,6
11541,0,5
11547,0,6
11553,1,6
11558,0,5
11564,1,6
11569,0,5
11575,0,6
11581,1,6
11586,0,5
11592,1,6
11597,0,5
11603,0,6
11609,1,6
11615,1,6
11621,0,6
11627,0,6
11633,0,6
11639,1,6
11645,1,6
11651,1,6
11657,1,6
11663,1,6
11668,0,5
11674,1,6
11680,1,6
11685,0,5
11691,0,6
11696,0,5
11702,0,6
11708,1,6
11713,0,5
11719,0,6
11725,1,6
11730,0,5
11736,0,6
11742,1,6
11747,0,5
11753,0,6
11759,1,6
11764,0,5
11770,1,6
11775,0,5
11781,0,6
11787,1,6
11792,0,5
11798,1,6
11803,0,5
11809,0,6
11814,0,5
11820,0,6
11826,1,6
11832,1,6
11837,0,5
11843,0,6
11849,1,6
11855,1,6
11861,1,6
11867,1,6
11873,0,6
11879,1,6
11885,1,6
11891,1,6
11896,0,5
11902,1,6
11908,1,6
11913,0,5
11919,0,6
11925,1,6
11931,1,6
11936,0,5
11942,1,6
11948,1,6
11954,1,6
11960,1,6
11965,0,5
11971,0,6
11977,1,6
11983,1,6
11989,1,6
11995,1,6
12000,0,5
12006,0,6
12012,1,6
12018,1,6
12024,1,6
12029,0,5
12035,0,6
12041,1,6
12047,1,6
12053,1,6
12058,0,5
12064,0,6
12070,1,6
12076,1,6
12081,0,5
12087,0,6
12093,0,6
12099,1,6
12105,1,6
12111,1,6
12117,1,6
12123,1,6
12129,1,6
12135,1,6
12141,1,6
12146,0,5
12152,1,6
12158,1,6
12164,1,6
12169,0,5
12175,1,6
12181,1,6
12186,0,5
12192,0,6
12198,1,6
12204,1,6
12209,0,5
12215,0,6
12221,1,6
12227,1,6
12232,0,5
12238,1,6
12244,1,6
12249,0,5
12255,0,6
12261,1,6
12267,1,6
12273,1,6
12278,0,5
12284,0,6
12290,1,6
12296,1,6
12301,0,5
12307,0,6
12313,1,6
12319,1,6
12324,0,5
12330,0,6
12336,1,6
12342,1,6
12347,0,5
12353,0,6
12359,1,6
12365,1,6
12370,0,5
12376,1,6
12382,1,6
12388,1,6
12394,1,6
12399,0,5
12405,0,6
12411,1,6
12416,0,5
12422,0,6
12428,1,6
12434,1,6
12440,1,6
12445,0,5
12451,0,6
12457,1,6
12463,1,6
12469,1,6
12474,0,5
12480,0,6
12486,1,6
12492,1,6
12497,0,5
12503,0,6
12509,1,6
12515,1,6
12521,1,6
12526,0,5
12533,1,7
12539,1,6
12545,1,6
12550,0,5
12556,0,6
12562,0,6
12568,1,6
12573,0,5
12579,0,6
12585,1,6
12591,1,6
12597,1,6
12602,0,5
12608,0,6
12614,0,6
12620,1,6
12625,0,5
12632,1,7
12638,1,6
12644,1,6
12649,0,5
12655,0,6
12661,0,6
12667,1,6
12673,1,6
12679,1,6
12685,1,6
12691,1,6
12697,1,6
12702,0,5
12708,1,6
12713,0,5
12719,0,6
12725,1,6
12738,4,13
12739,0,1
12745,1,6
12751,2,6
12755,0,4
12761,1,6
12766,1,5
12771,1,5
12776,0,5
12782,1,6
12787,1,5
12792,0,5
12798,1,6
12803,1,5
12808,0,5
12814,1,6
12819,1,5
12824,0,5
12829,0,5
12836,1,7
12841,1,5
12846,1,5
12851,0,5
12857,1,6
12862,1,5
12867,0,5
12872,0,5
12878,1,6
12883,0,5
12889,0,6
12895,1,6
12900,0,5
12906,1,6
12916,5,10
12922,0,6
12928,1,6
12934,1,6
12939,0,5
12945,1,6
12951,1,6
12957,1,6
12962,0,5
12968,1,6
12974,1,6
12979,0,5
12985,1,6
12991,1,6
12996,0,5
13002,1,6
13007,0,5
13013,1,6
13018,0,5
13024,0,6
13030,1,6
13035,0,5
13041,1,6
13046,0,5
13052,1,6
13057,0,5
13063,0,6
13069,1,6
13074,0,5
13080,0,6
13086,1,6
13091,0,5
13097,0,6
13103,0,6
13109,1,6
13115,1,6
13120,0,5
13126,1,6
13132,1,6
13138,1,6
13144,1,6
13149,0,5
13155,0,6
13168,1,13
13173,0,5
13179,0,6
13185,1,6
13191,1,6
13197,1,6
13203,1,6
13209,0,6
13215,0,6
13221,1,6
13227,1,6
13233,1,6
13240,2,7
13246,1,6
13252,1,6
13258,1,6
13265,2,7
13271,1,6
13277,1,6
13283,1,6
13289,0,6
13295,0,6
13301,0,6
13307,0,6
13313,0,6
13319,0,6
13325,1,6
13331,1,6
13337,1,6
13343,1,6
13349,1,6
13355,1,6
13361,1,6
13367,1,6
13372,0,5
13378,0,6
13384,0,6
13390,0,6
13396,1,6
13402,1,6
13408,1,6
13414,1,6
13420,1,6
13425,0,5
13431,0,6
13437,1,6
13443,1,6
13449,1,6
13454,0,5
13460,0,6
13466,1,6
13472,1,6
13478,1,6
13484,1,6
13489,0,5
13496,1,7
13501,0,5
13507,0,6
13513,0,6
13519,1,6
13525,1,6
13531,1,6
13537,1,6
13543,1,6
13549,1,6
13555,1,6
13561,1,6
13566,0,5
13572,0,6
13578,0,6
13584,1,6
13590,1,6
13596,1,6
13602,1,6
13607,0,5
13613,0,6
13619,1,6
13625,1,6
13632,1,7
13638,1,6
13644,1,6
13650,1,6
13656,1,6
13662,1,6
13668,1,6
13674,1,6
13680,1,6
13686,0,6
13692,0,6
13699,1,7
13705,1,6
13711,1,6
13717,1,6
13723,1,6
13729,1,6
13735,1,6
13741,1,6
13747,1,6
13753,1,6
13759,1,6
13765,1,6
13772,2,7
13778,1,6
13784,1,6
13790,1,6
13796,0,6
13802,0,6
13809,1,7
13815,1,6
13821,1,6
13827,1,6
13832,0,5
13838,0,6
13844,1,6
13850,1,6
13856,1,6
13861,0,5
13867,0,6
13873,1,6
13878,0,5
13884,0,6
13890,1,6
13895,0,5
13901,1,6
13906,0,5
13912,0,6
13918,1,6
13924,1,6
13929,0,5
13935,0,6
13941,0,6
13947,1,6
13952,0,5
13958,0,6
13965,2,7
13971,1,6
13977,1,6
13982,0,5
13988,0,6
13994,0,6
14000,1,6
14006,1,6
14011,0,5
14017,0,6
14023,1,6
14029,1,6
14035,0,6
14041,0,6
14047,0,6
14054,1,7
14060,1,6
14066,1,6
14072,1,6
14078,1,6
14084,0,6
14090,0,6
14096,0,6
14102,0,6
14108,0,6
14114,0,6
14120,1,6
14126,1,6
14132,1,6
14138,1,6
14144,0,6
14150,1,6
14156,1,6
14162,1,6
14168,1,6
14174,1,6
14180,1,6
14186,0,6
14192,1,6
14198,1,6
14204,1,6
14209,0,5
14215,0,6
14221,1,6
14227,1,6
14232,0,5
14238,0,6
14244,1,6
14250,1,6
14256,1,6
14262,1,6
14268,0,6
14274,0,6
14280,0,6
14286,0,6
14292,0,6
14298,0,6
14304,0,6
14310,0,6
14316,0,6
14323,1,7
14329,1,6
14335,1,6
14341,1,6
14347,1,6
14353,1,6
14360,1,7
14366,1,6
14372,1,6
14377,0,5
14383,0,6
14389,1,6
14395,1,6
14400,0,5
14406,0,6
14412,0,6
14418,1,6
14424,1,6
14430,1,6
14436,1,6
14442,1,6
14448,1,6
14454,1,6
14459,0,5
14465,0,6
14471,1,6
14477,1,6
14483,1,6
14488,0,5
14494,0,6
14500,1,6
14506,1,6
14512,1,6
14518,1,6
14523,0,5
14529,0,6
14535,0,6
14541,1,6
14547,1,6
14552,0,5
14558,0,6
14564,0,6
14570,0,6
14576,0,6
14582,0,6
14588,1,6
14594,1,6
14600,1,6
14606,1,6
14612,1,6
14618,1,6
14624,1,6
14630,1,6
14636,0,6
14642,0,6
14648,1,6
14654,1,6
14660,1,6
14666,1,6
14672,1,6
14678,1,6
14684,1,6
14690,1,6
14696,1,6
14702,1,6
14707,0,5
14713,0,6
14719,0,6
14725,1,6
14731,1,6
14737,1,6
14743,1,6
14749,1,6
14755,1,6
14760,0,5
14767,1,7
14773,1,6
14779,1,6
14785,1,6
14791,1,6
14797,1,6
14803,1,6
14809,1,6
14815,1,6
14821,1,6
14827,1,6
14833,1,6
14839,1,6
14845,1,6
14851,1,6
14857,1,6
14863,1,6
14869,1,6
14875,1,6
14881,1,6
14887,0,6
14893,0,6
14899,0,6
14905,0,6
14911,0,6
14917,0,6
14923,0,6
14929,1,6
14935,1,6
14941,1,6
14947,1,6
14953,1,6
14959,1,6
14965,1,6
14971,0,6
14982,5,11
14988,1,6
14994,1,6
15000,1,6
15006,1,6
15012,1,6
15019,2,7
15025,1,6
15031,0,6
15038,1,7
15044,1,6
15050,1,6
15056,1,6
15062,1,6
15069,2,7
15075,1,6
15081,1,6
15087,1,6
15094,1,7
15100,1,6
15106,1,6
15112,1,6
15118,1,6
15124,1,6
15130,1,6
15136,1,6
15141,0,5
15147,1,6
15152,0,5
15158,0,6
15164,1,6
15170,1,6
15175,0,5
15181,0,6
15187,0,6
15193,1,6
15198,0,5
15204,0,6
15210,1,6
15217,1,7
15224,2,7
15230,1,6
15236,1,6
15242,1,6
15247,0,5
15253,0,6
15259,1,6
15264,0,5
15270,1,6
15276,1,6
15282,1,6
15287,0,5
15293,1,6
15299,1,6
15304,0,5
15310,0,6
15316,1,6
15322,1,6
15327,0,5
15333,0,6
15339,0,6
15345,1,6
15351,1,6
15356,0,5
15362,1,6
15367,0,5
15373,0,6
15379,1,6
15384,0,5
15390,0,6
15396,1,6
15401,0,5
15407,1,6
15413,1,6
15418,0,5
15424,1,6
15429,0,5
15435,0,6
15441,0,6
15447,1,6
15452,0,5
15463,0,11
15471,1,8
15477,1,6
15483,1,6
15489,1,6
15495,1,6
15501,1,6
15507,1,6
15513,1,6
15518,0,5
15525,1,7
15531,1,6
15537,1,6
15543,1,6
15548,0,5
15554,0,6
15560,0,6
15566,0,6
15572,1,6
15578,1,6
15584,1,6
15589,0,5
15595,1,6
15601,1,6
15606,0,5
15612,0,6
15618,1,6
15624,1,6
15630,1,6
15636,1,6
15641,0,5
15647,0,6
15653,1,6
15658,0,5
15664,1,6
15670,1,6
15676,1,6
15681,0,5
15687,1,6
15693,1,6
15698,0,5
15704,1,6
15710,1,6
15718,0,8
15723,0,5
15728,0,5
15734,1,6
15739,1,5
15750,7,11
15759,1,9
15764,1,5
15769,1,5
15774,0,5
15779,0,5
15785,1,6
15790,1,5
15795,1,5
15800,0,5
15806,1,6
15811,1,5
15816,1,5
15821,1,5
15826,0,5
15831,0,5
15836,0,5
15842,1,6
15847,1,5
15852,0,5
15858,0,6
15864,1,6
15870,1,6
15876,1,6
15882,1,6
15888,1,6
15894,1,6
15899,0,5
15905,0,6
15911,1,6
15917,1,6
15923,1,6
15928,0,5
15934,0,6
15940,1,6
15946,1,6
15951,0,5
15957,0,6
15963,0,6
15969,1,6
15975,0,6
15981,1,6
15986,0,5
15992,1,6
15998,1,6
16003,0,5
16009,1,6
16014,0,5
16022,2,8
16028,1,6
16034,1,6
16040,1,6
16046,1,6
16051,0,5
16057,0,6
16063,0,6
16069,1,6
16074,0,5
16080,0,6
16086,1,6
16092,1,6
16097,0,5
16103,0,6
16109,1,6
16115,1,6
16120,0,5
16126,1,6
16132,1,6
16138,1,6
16144,1,6
16150,1,6
16163,8,13
16169,1,6
16175,1,6
16181,1,6
16187,1,6
16194,1,7
16200,1,6
16205,0,5
16214,3,9
16220,1,6
16226,1,6
16232,1,6
16237,0,5
16243,1,6
16249,1,6
16254,0,5
16260,0,6
16266,1,6
16272,1,6
16278,1,6
16283,0,5
16289,1,6
16295,1,6
16301,1,6
16306,0,5
16312,0,6
16318,0,6
16324,1,6
16330,0,6
16336,1,6
16343,2,7
16350,2,7
16357,2,7
16363,1,6
16370,1,7
16377,2,7
16383,1,6
16390,1,7
16396,1,6
16402,1,6
16408,0,6
16414,0,6
16420,0,6
16427,1,7
16433,1,6
16439,1,6
16445,1,6
16450,0,5
16456,0,6
16462,0,6
16468,1,6
16474,1,6
16480,0,6
16486,0,6
16492,1,6
16498,1,6
16503,0,5
16509,1,6
16515,1,6
16521,1,6
16527,1,6
16533,1,6
16539,1,6
16545,1,6
16551,0,6
16557,0,6
16563,1,6
16569,1,6
16575,1,6
16587,1,12
16593,1,6
16602,1,9
16608,1,6
16620,1,12
16626,1,6
16632,0,6
16638,1,6
16644,1,6
16650,1,6
16656,1,6
16662,1,6
16668,1,6
16674,1,6
16680,1,6
16686,1,6
16692,1,6
16698,1,6
16704,1,6
16710,1,6
16715,0,5
16721,0,6
16727,1,6
16733,1,6
16739,1,6
16745,1,6
16751,1,6
16757,1,6
16762,0,5
16768,0,6
16774,1,6
16780,1,6
16786,1,6
16792,1,6
16798,1,6
16803,0,5
16809,0,6
16815,1,6
16821,1,6
16826,0,5
16832,0,6
16838,1,6
16843,0,5
16849,0,6
16855,1,6
16860,0,5
16866,0,6
16872,1,6
16877,0,5
16883,0,6
16889,0,6
16895,1,6
16901,1,6
16907,1,6
16913,1,6
16919,1,6
16925,1,6
16930,0,5
16936,1,6
16942,1,6
16948,1,6
16954,1,6
16959,0,5
16965,0,6
16971,0,6
16977,1,6
16983,1,6
16988,0,5
17004,1,16
17009,0,5
17015,0,6
17021,1,6
17026,0,5
17032,0,6
17038,1,6
17044,1,6
17049,0,5
17055,1,6
17060,0,5
17066,0,6
17072,1,6
17077,0,5
17083,0,6
17089,1,6
17095,1,6
17100,0,5
17106,0,6
17112,1,6
17117,0,5
17123,1,6
17129,1,6
17135,1,6
17140,0,5
17146,1,6
17151,0,5
17157,0,6
17163,1,6
17168,0,5
17174,0,6
17180,1,6
17186,1,6
17191,0,5
17197,0,6
17203,1,6
17209,1,6
17215,1,6
17220,0,5
17226,0,6
17232,1,6
17238,1,6
17246,1,8
17252,1,6
17257,0,5
17263,0,6
17269,0,6
17275,1,6
17281,1,6
17286,0,5
17292,1,6
17298,1,6
17304,1,6
17310,1,6
17315,0,5
17321,0,6
17327,1,6
17333,1,6
17339,1,6
17344,0,5
17350,0,6
17356,0,6
17362,0,6
17368,1,6
17374,1,6
17379,0,5
17385,1,6
17391,1,6
17396,0,5
17402,1,6
17407,0,5
17413,0,6
17419,1,6
17424,0,5
17430,0,6
17436,1,6
17442,1,6
17448,1,6
17454,1,6
17459,0,5
17465,0,6
17472,2,7
17478,1,6
17484,1,6
17490,1,6
17496,1,6
17502,1,6
17508,1,6
17514,1,6
17520,1,6
17525,0,5
17531,1,6
17537,1,6
17542,0,5
17548,0,6
17554,1,6
17560,1,6
17565,0,5
17571,1,6
17576,0,5
17582,0,6
17588,1,6
17594,1,6
17599,0,5
17605,1,6
17611,1,6
17617,1,6
17623,1,6
17629,1,6
17634,0,5
17640,0,6
17646,1,6
17652,1,6
17657,0,5
17663,0,6
17669,1,6
17675,1,6
17680,0,5
17686,0,6
17692,1,6
17698,1,6
17703,0,5
17709,1,6
17715,1,6
17721,1,6
17726,0,5
17732,1,6
17745,3,13
17747,0,2
17753,1,6
17758,1,5
17763,0,5
17768,0,5
17774,1,6
17779,1,5
17784,1,5
17789,0,5
17794,0,5
17799,0,5
17805,1,6
17810,1,5
17815,0,5
17820,0,5
17825,0,5
17831,1,6
17836,1,5
17841,0,5
17846,0,5
17852,1,6
17857,1,5
17862,0,5
17867,0,5
17874,1,7
17879,1,5
17884,1,5
17889,0,5
17895,1,6
17900,1,5
17905,0,5
17910,0,5
17916,1,6
17921,1,5
17926,0,5
17932,1,6
17937,1,5
17942,0,5
17947,0,5
17953,1,6
17958,1,5
17963,0,5
17968,0,5
17974,1,6
17979,1,5
17984,0,5
17990,1,6
17995,0,5
18000,0,5
18006,0,6
18012,1,6
18018,1,6
18024,1,6
18030,1,6
18036,1,6
18042,1,6
18048,1,6
18054,1,6
18060,1,6
18065,0,5
18071,0,6
18077,1,6
18082,0,5
18088,0,6
18094,1,6
18100,1,6
18105,0,5
18111,0,6
18117,1,6
18122,0,5
18130,1,8
18136,0,6
18142,0,6
18148,1,6
18154,1,6
18160,1,6
18166,1,6
18172,1,6
18178,1,6
18183,0,5
18189,1,6
18195,1,6
18201,1,6
18207,1,6
18213,1,6
18219,1,6
18225,1,6
18231,1,6
18237,1,6
18243,1,6
18249,1,6
18255,1,6
18261,1,6
18267,0,6
18274,1,7
18280,1,6
18286,1,6
18292,1,6
18298,1,6
18304,1,6
18310,1,6
18316,1,6
18322,1,6
18328,1,6
18334,1,6
18339,0,5
18345,0,6
18351,0,6
18357,0,6
18364,1,7
18370,1,6
18376,1,6
18383,1,7
18389,1,6
18396,1,7
18402,1,6
18408,1,6
18414,1,6
18420,1,6
18427,1,7
18433,1,6
18439,1,6
18445,1,6
18451,1,6
18457,1,6
18463,1,6
18469,1,6
18475,1,6
18481,1,6
18492,1,11
18499,2,7
18506,1,7
18513,1,7
18519,1,6
18526,1,7
18533,1,7
18540,1,7
18546,1,6
18553,1,7
18559,1,6
18565,1,6
18572,1,7
18579,1,7
18586,1,7
18594,2,8
18600,1,6
18607,1,7
18614,2,7
18620,1,6
18627,1,7
18634,1,7
18641,1,7
18648,1,7
18655,1,7
18662,2,7
18670,3,8
18677,1,7
18683,1,6
18689,1,6
18695,1,6
18701,1,6
18706,0,5
18712,0,6
18718,1,6
18724,1,6
18730,1,6
18736,1,6
18742,1,6
18747,0,5
18753,0,6
18759,0,6
18765,0,6
18771,1,6
18777,1,6
18783,1,6
18788,0,5
18794,0,6
18800,1,6
18806,1,6
18812,1,6
18817,0,5
18823,0,6
18829,1,6
18834,0,5
18840,1,6
18846,1,6
18851,0,5
18857,0,6
18863,1,6
18869,1,6
18874,0,5
18880,0,6
18886,1,6
18892,1,6
18897,0,5
18903,0,6
18909,1,6
18915,1,6
18920,0,5
18926,0,6
18932,1,6
18938,1,6
18943,0,5
18949,0,6
18955,1,6
18961,1,6
18967,1,6
18973,1,6
18979,1,6
18985,1,6
18990,0,5
18996,0,6
19002,1,6
19008,1,6
19014,1,6
19020,1,6
19026,1,6
19032,1,6
19037,0,5
19043,0,6
19049,1,6
19055,1,6
19060,0,5
19066,1,6
19072,1,6
19078,1,6
19083,0,5
19089,0,6
19095,1,6
19100,0,5
19106,0,6
19112,0,6
19118,1,6
19124,1,6
19130,1,6
19135,0,5
19141,0,6
19147,0,6
19153,1,6
19159,1,6
19165,1,6
19171,1,6
19176,0,5
19182,1,6
19188,1,6
19194,1,6
19199,0,5
19205,0,6
19211,0,6
19217,1,6
19223,1,6
19229,1,6
19234,0,5
19240,1,6
19246,1,6
19252,1,6
19258,1,6
19264,1,6
19270,1,6
19275,0,5
19281,0,6
19287,0,6
19293,1,6
19299,1,6
19305,1,6
19311,1,6
19316,0,5
19322,1,6
19327,0,5
19333,0,6
19339,0,6
19345,0,6
19351,1,6
19356,0,5
19362,0,6
19368,0,6
19374,1,6
19380,1,6
19386,1,6
19391,0,5
19397,0,6
19403,1,6
19408,0,5
19414,0,6
19420,0,6
19426,0,6
19432,1,6
19438,1,6
19444,1,6
19450,1,6
19456,1,6
19461,0,5
19467,0,6
19473,1,6
19479,1,6
19485,1,6
19491,1,6
19496,0,5
19502,0,6
19508,1,6
19514,1,6
19520,1,6
19526,1,6
19532,1,6
19538,1,6
19543,0,5
19550,1,7
19558,1,8
19564,1,6
19570,1,6
19575,0,5
19581,0,6
19587,1,6
19593,1,6
19599,1,6
19605,1,6
19611,1,6
19617,1,6
19623,1,6
19628,0,5
19647,0,19
19653,0,6
19659,0,6
19665,0,6
19671,1,6
19677,1,6
19683,1,6
19689,1,6
19695,1,6
19701,1,6
19707,0,6
19713,1,6
19719,0,6
19725,1,6
19731,1,6
19737,1,6
19743,1,6
19748,0,5
19754,1,6
19760,1,6
19766,1,6
19772,1,6
19778,1,6
19784,1,6
19790,1,6
19795,0,5
19801,1,6
19807,1,6
19813,1,6
19819,1,6
19824,0,5
19830,0,6
19837,2,7
19843,0,6
19849,0,6
19855,0,6
19862,1,7
19868,1,6
19873,0,5
19879,0,6
19885,1,6
19891,1,6
19897,1,6
19903,1,6
19908,0,5
19914,1,6
19920,1,6
19926,1,6
19932,1,6
19937,0,5
19943,0,6
19949,1,6
19955,1,6
19961,1,6
19966,0,5
19972,0,6
19978,1,6
19984,1,6
19990,1,6
19995,0,5
20002,1,7
20008,1,6
20013,0,5
20019,0,6
20028,1,9
20034,1,6
20040,1,6
20046,1,6
20052,1,6
20057,0,5
20063,0,6
20069,1,6
20075,1,6
20081,1,6
20086,0,5
20092,1,6
20098,0,6
20104,1,6
20110,1,6
20115,0,5
20121,0,6
20127,0,6
20133,0,6
20139,0,6
20145,1,6
20151,1,6
20156,0,5
20162,0,6
20168,1,6
20173,0,5
20179,0,6
20185,0,6
20191,1,6
20197,1,6
20203,1,6
20209,1,6
20215,1,6
20220,0,5
20226,1,6
20232,1,6
20238,1,6
20243,0,5
20249,1,6
20255,1,6
20260,0,5
20266,0,6
20272,1,6
20278,1,6
20284,1,6
20289,0,5
20295,1,6
20301,1,6
20307,1,6
20313,1,6
20318,0,5
20324,0,6
20330,1,6
20336,1,6
20342,1,6
20347,0,5
20353,1,6
20359,1,6
20365,1,6
20371,1,6
20377,1,6
20383,1,6
20389,1,6
20394,0,5
20400,0,6
20406,1,6
20413,0,7
20419,1,6
20425,1,6
20430,0,5
20436,0,6
20442,1,6
20448,1,6
20453,0,5
20459,0,6
20465,1,6
20471,1,6
20477,1,6
20483,1,6
20489,1,6
20494,0,5
20500,0,6
20506,1,6
20512,1,6
20517,0,5
20523,1,6
20529,1,6
20535,1,6
20540,0,5
20546,0,6
20552,1,6
20558,1,6
20564,1,6
20570,1,6
20576,1,6
20582,1,6
20588,1,6
20594,1,6
20604,1,10
20609,0,5
20615,1,6
20621,1,6
20627,1,6
20632,0,5
20638,1,6
20644,1,6
20650,1,6
20655,0,5
20661,0,6
20667,1,6
20673,1,6
20679,1,6
20685,1,6
20691,1,6
20696,0,5
20702,0,6
20708,1,6
20714,1,6
20720,1,6
20726,1,6
20731,0,5
20737,0,6
20743,1,6
20748,0,5
20754,0,6
20760,1,6
20765,0,5
20771,0,6
20777,1,6
20783,1,6
20789,1,6
20794,0,5
20800,1,6
20805,0,5
20811,0,6
20817,1,6
20822,0,5
20828,0,6
20834,1,6
20839,0,5
20845,0,6
20851,1,6
20856,0,5
20862,0,6
20868,1,6
20874,1,6
20880,1,6
20885,0,5
20891,1,6
20896,0,5
20902,0,6
20908,1,6
20914,1,6
20919,0,5
20925,1,6
20931,1,6
20936,0,5
20942,1,6
20948,1,6
20953,0,5
20959,1,6
20965,1,6
20970,0,5
20976,1,6
20982,1,6
20987,0,5
20993,1,6
20999,1,6
21004,0,5
21010,1,6
21015,0,5
21021,0,6
21027,1,6
21032,0,5
21038,1,6
21043,0,5
21049,0,6
21055,1,6
21060,0,5
21066,1,6
21071,0,5
21077,0,6
21083,1,6
21088,0,5
21094,0,6
21100,0,6
21106,1,6
21111,0,5
21117,1,6
21124,0,7
21131,1,7
21136,0,5
21142,0,6
21148,1,6
21154,1,6
21159,0,5
21165,0,6
21171,1,6
21176,0,5
21182,1,6
21187,0,5
21193,1,6
21198,0,5
21204,0,6
21210,1,6
21215,0,5
21221,0,6
21227,1,6
21232,0,5
21238,1,6
21243,0,5
21249,1,6
21254,0,5
21260,0,6
21266,1,6
21271,0,5
21277,0,6
21283,1,6
21288,0,5
21294,1,6
21300,1,6
21305,0,5
21311,0,6
21317,1,6
21322,0,5
21328,1,6
21334,1,6
21339,0,5
21345,0,6
21351,1,6
21356,0,5
21362,0,6
21368,1,6
21373,0,5
21379,0,6
21385,1,6
21390,0,5
21396,1,6
21401,0,5
21407,1,6
21413,1,6
21418,0,5
21424,1,6
21430,1,6
21435,0,5
21441,1,6
21447,1,6
21452,0,5
21458,0,6
21464,1,6
21470,1,6
21475,0,5
21481,1,6
21487,1,6
21492,0,5
21498,1,6
21504,1,6
21509,0,5
21515,1,6
21520,0,5
21526,1,6
21531,0,5
21537,0,6
21543,1,6
21548,0,5
21554,1,6
21560,1,6
21565,0,5
21571,1,6
21577,1,6
21582,0,5
21588,1,6
21593,0,5
21599,0,6
21605,1,6
21610,0,5
21616,0,6
21623,1,7
21629,1,6
21635,1,6
21641,1,6
21646,0,5
21652,1,6
21657,0,5
21663,1,6
21668,0,5
21674,0,6
21680,1,6
21686,1,6
21691,0,5
21697,0,6
21703,1,6
21708,0,5
21714,0,6
21720,1,6
21725,0,5
21731,1,6
21736,0,5
21742,0,6
21748,1,6
21753,0,5
21759,1,6
21764,0,5
21770,1,6
21776,1,6
21781,0,5
21787,1,6
21792,0,5
21798,1,6
21803,0,5
21809,0,6
21814,0,5
21820,0,6
21825,0,5
21831,0,6
21837,0,6
21843,1,6
21848,0,5
21854,0,6
21860,1,6
21866,1,6
21871,0,5
21877,1,6
21883,1,6
21888,0,5
21894,1,6
21899,0,5
21905,1,6
21910,0,5
21916,1,6
21921,0,5
21927,0,6
21932,0,5
21938,0,6
21944,1,6
21949,0,5
21955,1,6
21960,0,5
21966,1,6
21972,1,6
21977,0,5
21983,1,6
21988,0,5
21994,0,6
22000,1,6
22006,1,6
22011,0,5
22017,1,6
22023,1,6
22029,1,6
22034,0,5
22040,1,6
22045,0,5
22051,1,6
22056,0,5
22062,1,6
22067,0,5
22073,0,6
22079,1,6
22084,0,5
22090,0,6
22096,1,6
22102,1,6
22107,0,5
22113,0,6
22119,1,6
22124,0,5
22130,0,6
22136,0,6
22142,1,6
22147,0,5
22153,0,6
22159,1,6
22164,0,5
22170,0,6
22176,1,6
22181,0,5
22187,1,6
22192,0,5
22198,0,6
22204,1,6
22209,0,5
22215,1,6
22220,0,5
22226,1,6
22232,1,6
22237,0,5
22243,1,6
22248,0,5
22254,1,6
22259,0,5
22265,0,6
22271,0,6
22277,1,6
22282,0,5
22288,0,6
22294,1,6
22299,0,5
22305,0,6
22311,1,6
22316,0,5
22322,1,6
22327,0,5
22333,1,6
22338,0,5
22344,0,6
22350,1,6
22355,0,5
22361,1,6
22366,0,5
22372,0,6
22377,0,5
22383,0,6
22389,1,6
22394,0,5
22400,1,6
22405,0,5
22411,1,6
22417,1,6
22422,0,5
22428,1,6
22433,0,5
22439,1,6
22445,1,6
22450,0,5
22456,0,6
22462,1,6
22467,0,5
22473,1,6
22479,1,6
22485,1,6
22490,0,5
22496,1,6
22501,0,5
22507,0,6
22513,1,6
22519,1,6
22524,0,5
22530,0,6
22536,1,6
22542,1,6
22547,0,5
22553,1,6
22558,0,5
22564,0,6
22570,1,6
22575,0,5
22581,0,6
22591,0,10
22597,0,6
22603,1,6
22608,0,5
22614,1,6
22620,1,6
22626,1,6
22632,1,6
22637,0,5
22643,1,6
22648,0,5
22654,0,6
22660,1,6
22665,0,5
22671,1,6
22677,1,6
22683,1,6
22689,1,6
22694,0,5
22700,0,6
22706,1,6
22711,0,5
22717,1,6
22723,1,6
22729,1,6
22735,1,6
22740,0,5
22754,4,14
22755,0,1
22761,1,6
22766,1,5
22771,0,5
22776,0,5
22781,0,5
22787,1,6
22792,1,5
22798,1,6
22803,1,5
22808,1,5
22813,1,5
22818,0,5
22823,0,5
22828,0,5
22834,1,6
22839,1,5
22844,0,5
22849,0,5
22855,1,6
22860,1,5
22865,0,5
22871,1,6
22876,1,5
22881,0,5
22886,0,5
22892,1,6
22897,1,5
22902,0,5
22907,0,5
22913,1,6
22918,1,5
22923,0,5
22929,1,6
22934,1,5
22939,0,5
22944,0,5
22950,0,6
22956,1,6
22962,1,6
22967,0,5
22973,0,6
22979,1,6
22985,1,6
22990,0,5
22996,1,6
23002,1,6
23008,1,6
23013,0,5
23019,0,6
23025,1,6
23031,1,6
23036,0,5
23042,0,6
23048,1,6
23053,0,5
23059,1,6
23064,0,5
23070,1,6
23076,1,6
23081,0,5
23087,1,6
23093,1,6
23098,0,5
23104,1,6
23109,0,5
23115,0,6
23121,1,6
23127,1,6
23132,0,5
23138,0,6
23144,1,6
23149,0,5
23155,0,6
23161,1,6
23166,0,5
23172,0,6
23178,1,6
23183,0,5
23189,1,6
23194,0,5
23200,0,6
23206,1,6
23211,0,5
23217,0,6
23223,1,6
23229,1,6
23235,1,6
23240,0,5
23246,0,6
23252,1,6
23257,0,5
23263,0,6
23269,0,6
23275,1,6
23281,1,6
23286,0,5
23292,0,6
23298,0,6
23304,1,6
23310,1,6
23315,0,5
23321,1,6
23327,1,6
23333,1,6
23338,0,5
23344,1,6
23349,0,5
23355,0,6
23361,1,6
23366,0,5
23372,1,6
23378,1,6
23383,0,5
23389,1,6
23394,0,5
23400,0,6
23406,1,6
23411,0,5
23417,0,6
23423,1,6
23428,0,5
23434,1,6
23439,0,5
23445,0,6
23451,1,6
23456,0,5
23462,1,6
23468,1,6
23473,0,5
23479,0,6
23485,0,6
23491,1,6
23496,0,5
23502,1,6
23507,0,5
23513,0,6
23519,0,6
23525,1,6
23531,1,6
23537,1,6
23542,0,5
23548,1,6
23554,1,6
23559,0,5
23565,1,6
23570,0,5
23576,1,6
23582,1,6
23588,1,6
23593,0,5
23599,1,6
23605,1,6
23611,1,6
23616,0,5
23622,0,6
23628,1,6
23633,0,5
23639,1,6
23645,1,6
23650,0,5
23656,1,6
23662,1,6
23668,1,6
23674,1,6
23680,1,6
23686,1,6
23692,1,6
23698,1,6
23704,0,6
23710,0,6
23716,0,6
23723,1,7
23729,1,6
23735,1,6
23741,1,6
23747,1,6
23753,1,6
23759,1,6
23765,1,6
23772,1,7
23778,1,6
23784,1,6
23790,1,6
23796,1,6
23802,1,6
23809,1,7
23815,1,6
23821,1,6
23827,1,6
23833,1,6
23839,1,6
23845,1,6
23851,1,6
23857,1,6
23863,1,6
23869,1,6
23876,1,7
23882,1,6
23888,1,6
23894,1,6
23900,1,6
23906,1,6
23912,1,6
23918,1,6
23930,6,12
23936,1,6
23942,1,6
23948,1,6
23954,1,6
23960,1,6
23966,0,6
23973,2,7
23979,1,6
23985,1,6
23990,0,5
23997,1,7
24003,1,6
24008,0,5
24014,0,6
24020,1,6
24026,1,6
24032,1,6
24037,0,5
24043,0,6
24049,1,6
24055,1,6
24061,1,6
24067,1,6
24073,1,6
24078,0,5
24084,0,6
24090,1,6
24096,1,6
24102,1,6
24107,0,5
24113,0,6
24119,1,6
24125,1,6
24131,1,6
24136,0,5
24142,0,6
24148,1,6
24154,1,6
24160,1,6
24166,1,6
24171,0,5
24177,0,6
24183,0,6
24189,1,6
24195,1,6
24201,1,6
24206,0,5
24212,1,6
24218,1,6
24223,0,5
24229,1,6
24235,1,6
24241,1,6
24247,1,6
24252,0,5
24258,1,6
24264,1,6
24269,0,5
24275,1,6
24281,1,6
24287,1,6
24292,0,5
24298,1,6
24304,1,6
24309,0,5
24315,0,6
24321,1,6
24327,1,6
24333,1,6
24339,1,6
24344,0,5
24350,0,6
24356,1,6
24361,0,5
24367,1,6
24373,1,6
24379,1,6
24384,0,5
24390,0,6
24396,1,6
24402,1,6
24407,0,5
24413,1,6
24419,1,6
24425,1,6
24431,1,6
24436,0,5
24442,1,6
24448,1,6
24453,0,5
24459,0,6
24466,1,7
24472,1,6
24477,0,5
24483,1,6
24489,1,6
24494,0,5
24500,1,6
24505,0,5
24511,0,6
24517,1,6
24522,0,5
24528,1,6
24534,1,6
24539,0,5
24545,0,6
24551,1,6
24556,0,5
24562,0,6
24568,1,6
24574,1,6
24580,1,6
24586,1,6
24592,1,6
24598,1,6
24604,1,6
24610,1,6
24615,0,5
24621,0,6
24627,1,6
24633,1,6
24638,0,5
24644,1,6
24649,0,5
24655,1,6
24660,0,5
24666,0,6
24672,1,6
24678,1,6
24683,0,5
24689,0,6
24695,1,6
24700,0,5
24706,0,6
24712,1,6
24718,1,6
24723,0,5
24729,1,6
24734,0,5
24740,0,6
24746,1,6
24752,1,6
24758,1,6
24764,1,6
24769,0,5
24775,0,6
24781,0,6
24787,1,6
24793,1,6
24799,0,6
24806,1,7
24812,1,6
24818,1,6
24823,0,5
24829,0,6
24835,0,6
24842,1,7
24848,1,6
24854,1,6
24860,1,6
24866,1,6
24872,1,6
24878,1,6
24884,1,6
24890,1,6
24896,1,6
24902,1,6
24908,1,6
24914,1,6
24920,1,6
24926,1,6
24931,0,5
24937,0,6
24943,1,6
24949,1,6
24955,1,6
24960,0,5
24966,0,6
24972,1,6
24978,1,6
24984,1,6
24989,0,5
24995,0,6
25002,2,7
25008,1,6
25015,1,7
25020,0,5
25026,0,6
25032,1,6
25037,0,5
25043,1,6
25048,0,5
25054,0,6
25060,1,6
25066,1,6
25071,0,5
25077,0,6
25083,1,6
25089,1,6
25095,1,6
25101,1,6
25107,1,6
25113,1,6
25118,0,5
25124,0,6
25130,0,6
25136,1,6
25142,1,6
25148,1,6
25154,1,6
25160,1,6
25166,1,6
25172,1,6
25178,1,6
25184,1,6
25190,1,6
25195,0,5
25201,0,6
25207,1,6
25213,1,6
25219,1,6
25224,0,5
25230,0,6
25236,1,6
25241,0,5
25247,0,6
25253,1,6
25258,0,5
25263,0,5
25269,1,6
25274,1,5
25279,0,5
25285,1,6
25291,0,6
25298,1,7
25304,1,6
25310,1,6
25316,1,6
25321,0,5
25327,0,6
25333,1,6
25339,1,6
25344,0,5
25350,1,6
25356,1,6
25362,1,6
25367,0,5
25373,0,6
25379,1,6
25385,1,6
25391,1,6
25396,0,5
25402,0,6
25408,0,6
25414,1,6
25419,0,5
25425,0,6
25432,1,7
25438,1,6
25443,0,5
25450,1,7
25456,1,6
25462,1,6
25468,1,6
25474,1,6
25480,1,6
25486,1,6
25492,1,6
25497,0,5
25503,0,6
25509,1,6
25515,1,6
25521,1,6
25527,1,6
25533,1,6
25539,1,6
25545,1,6
25551,1,6
25557,1,6
25563,1,6
25569,1,6
25575,1,6
25582,1,7
25588,1,6
25594,1,6
25600,1,6
25606,1,6
25612,1,6
25618,1,6
25628,1,10
25634,1,6
25640,1,6
25646,1,6
25652,1,6
25658,1,6
25665,2,7
25671,0,6
25678,1,7
25683,0,5
25689,0,6
25696,1,7
25702,1,6
25708,1,6
25714,1,6
25720,1,6
25726,1,6
25732,1,6
25738,1,6
25744,1,6
25750,1,6
25760,1,10
25766,1,6
25772,1,6
25778,1,6
25784,1,6
25790,1,6
25798,0,8
25804,1,6
25809,1,5
25814,1,5
25819,0,5
25824,0,5
25829,0,5
25835,1,6
25840,1,5
25845,1,5
25850,0,5
25856,1,6
25861,1,5
25866,1,5
25871,1,5
25876,0,5
25882,1,6
25887,1,5
25892,0,5
25897,0,5
25902,0,5
25908,1,6
25913,1,5
25918,0,5
25923,0,5
25929,1,6
25934,1,5
25940,1,6
25946,1,6
25952,1,6
25957,0,5
25963,0,6
25969,1,6
25975,1,6
25980,0,5
25986,0,6
25992,1,6
25997,0,5
26003,0,6
26009,1,6
26015,1,6
26021,1,6
26026,0,5
26032,1,6
26037,0,5
26043,0,6
26049,1,6
26054,0,5
26060,0,6
26066,1,6
26072,1,6
26077,0,5
26083,0,6
26089,0,6
26095,1,6
26101,1,6
26107,1,6
26112,0,5
26118,0,6
26124,1,6
26130,1,6
26135,0,5
26142,1,7
26147,0,5
26153,0,6
26160,1,7
26167,1,7
26173,1,6
26179,1,6
26184,0,5
26190,1,6
26196,1,6
26202,1,6
26208,1,6
26213,0,5
26219,1,6
26225,1,6
26230,0,5
26236,1,6
26242,1,6
26248,1,6
26253,0,5
26259,0,6
26265,1,6
26270,0,5
26276,1,6
26283,0,7
26289,1,6
26295,1,6
26301,1,6
26307,1,6
26313,1,6
26319,1,6
26325,1,6
26331,1,6
26337,1,6
26343,1,6
26349,1,6
26355,1,6
26361,1,6
26366,0,5
26372,0,6
26378,1,6
26384,1,6
26390,1,6
26396,1,6
26402,1,6
26408,1,6
26414,1,6
26420,1,6
26426,1,6
26432,1,6
26438,1,6
26444,1,6
26450,1,6
26456,1,6
26462,1,6
26467,0,5
26473,0,6
26479,1,6
26485,1,6
26491,1,6
26497,1,6
26503,1,6
26509,1,6
26515,1,6
26521,1,6
26527,1,6
26532,0,5
26538,0,6
26544,1,6
26550,1,6
26557,2,7
26563,1,6
26569,1,6
26575,1,6
26581,1,6
26587,1,6
26593,1,6
26599,1,6
26604,0,5
26610,0,6
26616,1,6
26632,3,16
26638,0,6
26644,1,6
26649,0,5
26655,0,6
26661,1,6
26666,0,5
26672,0,6
26678,1,6
26684,1,6
26689,0,5
26695,1,6
26700,0,5
26706,0,6
26712,0,6
26718,0,6
26724,1,6
26730,1,6
26735,0,5
26741,0,6
26747,1,6
26752,0,5
26758,0,6
26764,1,6
26770,1,6
26775,0,5
26781,0,6
26787,0,6
26793,1,6
26799,1,6
26804,0,5
26810,1,6
26816,1,6
26822,1,6
26828,1,6
26833,0,5
26839,1,6
26845,1,6
26850,0,5
26856,0,6
26862,1,6
26868,1,6
26874,1,6
26880,1,6
26885,0,5
26891,0,6
26897,1,6
26903,1,6
26909,1,6
26915,1,6
26921,1,6
26927,1,6
26933,1,6
26938,0,5
26944,0,6
26950,1,6
26956,1,6
26961,0,5
26967,0,6
26973,1,6
26978,0,5
26984,1,6
26990,1,6
26995,0,5
27001,0,6
27007,1,6
27013,1,6
27018,0,5
27024,0,6
27030,0,6
27036,1,6
27042,1,6
27047,0,5
27053,1,6
27059,1,6
27065,1,6
27070,0,5
27076,1,6
27082,1,6
27088,1,6
27094,1,6
27100,1,6
27105,0,5
27111,1,6
27117,1,6
27123,1,6
27129,1,6
27135,1,6
27141,1,6
27147,1,6
27153,1,6
27158,0,5
27164,0,6
27170,1,6
27176,1,6
27182,1,6
27187,0,5
27193,1,6
27199,1,6
27204,0,5
27210,1,6
27216,1,6
27221,0,5
27227,0,6
27233,1,6
27239,1,6
27244,0,5
27250,0,6
27256,1,6
27261,0,5
27267,1,6
27273,1,6
27278,0,5
27284,1,6
27289,0,5
27295,1,6
27301,1,6
27306,0,5
27312,1,6
27318,1,6
27324,1,6
27330,1,6
27336,1,6
27342,1,6
27348,1,6
27354,1,6
27360,1,6
27366,1,6
27372,1,6
27378,1,6
27384,1,6
27390,1,6
27396,1,6
27402,1,6
27407,0,5
27413,1,6
27419,1,6
27425,1,6
27431,0,6
27437,0,6
27443,0,6
27449,1,6
27455,1,6
27461,1,6
27467,1,6
27473,1,6
27479,1,6
27485,1,6
27490,0,5
27496,0,6
27502,1,6
27508,1,6
27514,1,6
27519,0,5
27525,0,6
27531,1,6
27536,0,5
27542,0,6
27548,1,6
27553,0,5
27559,1,6
27564,0,5
27570,1,6
27576,1,6
27581,0,5
27587,1,6
27592,0,5
27598,0,6
27604,1,6
27609,0,5
27615,1,6
27620,0,5
27626,0,6
27632,0,6
27638,1,6
27643,0,5
27649,1,6
27654,0,5
27660,0,6
27666,1,6
27671,0,5
27677,1,6
27683,1,6
27688,0,5
27694,1,6
27700,1,6
27705,0,5
27711,1,6
27717,1,6
27722,0,5
27728,0,6
27734,1,6
27739,0,5
27745,0,6
27751,1,6
27762,4,11
27763,0,1
27769,1,6
27774,1,5
27779,1,5
27784,0,5
27789,0,5
27794,0,5
27800,1,6
27805,1,5
27810,0,5
27815,0,5
27821,1,6
27826,1,5
27831,1,5
27836,0,5
27841,0,5
27846,0,5
27851,0,5
27857,1,6
27862,1,5
27867,0,5
27872,0,5
27878,1,6
27883,1,5
27888,1,5
27893,0,5
27899,1,6
27904,1,5
27909,0,5
27914,0,5
27920,1,6
27925,1,5
27930,0,5
27935,0,5
27941,1,6
27946,1,5
27951,0,5
27956,0,5
27962,1,6
27967,1,5
27972,0,5
27978,1,6
27983,1,5
27988,0,5
27993,0,5
27999,1,6
28004,1,5
28009,0,5
28014,0,5
28019,0,5
28025,1,6
28030,0,5
28036,1,6
28041,0,5
28046,0,5
28052,1,6
28057,1,5
28062,0,5
28068,1,6
28074,1,6
28080,1,6
28085,0,5
28091,1,6
28097,1,6
28103,1,6
28109,1,6
28114,0,5
28120,1,6
28126,1,6
28132,1,6
28137,0,5
28143,1,6
28149,1,6
28154,0,5
28160,1,6
28166,1,6
28172,1,6
28178,0,6
28184,1,6
28190,1,6
28195,0,5
28201,0,6
28207,1,6
28213,1,6
28219,1,6
28225,1,6
28231,1,6
28236,0,5
28242,1,6
28248,1,6
28253,0,5
28259,0,6
28265,1,6
28270,0,5
28276,0,6
28282,1,6
28288,1,6
28293,0,5
28299,1,6
28305,1,6
28310,0,5
28316,1,6
28322,1,6
28327,0,5
28333,0,6
28339,1,6
28344,0,5
28350,1,6
28355,0,5
28361,0,6
28367,1,6
28372,0,5
28378,0,6
28384,0,6
28390,1,6
28396,1,6
28401,0,5
28407,0,6
28413,1,6
28418,0,5
28424,1,6
28430,1,6
28436,1,6
28441,0,5
28447,1,6
28452,0,5
28458,1,6
28464,1,6
28469,0,5
28475,1,6
28481,1,6
28486,0,5
28492,1,6
28497,0,5
28503,0,6
28509,1,6
28514,0,5
28520,1,6
28525,0,5
28531,0,6
28537,1,6
28542,0,5
28548,0,6
28554,1,6
28559,0,5
28565,1,6
28570,0,5
28576,0,6
28582,1,6
28588,1,6
28593,0,5
28599,0,6
28605,1,6
28611,1,6
28616,0,5
28622,0,6
28628,1,6
28634,1,6
28640,1,6
28645,0,5
28651,1,6
28657,1,6
28662,0,5
28668,1,6
28674,1,6
28679,0,5
28685,0,6
28691,1,6
28696,0,5
28702,1,6
28708,1,6
28713,0,5
28719,1,6
28724,0,5
28730,0,6
28736,1,6
28741,0,5
28747,0,6
28753,0,6
28759,0,6
28765,1,6
28771,1,6
28776,0,5
28782,1,6
28788,1,6
28793,0,5
28799,1,6
28805,1,6
28810,0,5
28816,1,6
28822,1,6
28828,1,6
28834,1,6
28840,1,6
28846,1,6
28852,1,6
28857,0,5
28863,1,6
28869,1,6
28874,0,5
28880,1,6
28885,0,5
28891,1,6
28897,1,6
28902,0,5
28908,1,6
28914,1,6
28919,0,5
28925,1,6
28930,0,5
28936,1,6
28941,0,5
28947,0,6
28953,1,6
28958,0,5
28964,1,6
28969,0,5
28975,0,6
28981,1,6
28986,0,5
28992,1,6
28997,0,5
29003,0,6
29009,1,6
29015,1,6
29021,1,6
29026,0,5
29032,0,6
29038,1,6
29043,0,5
29049,1,6
29055,1,6
29060,0,5
29066,1,6
29071,0,5
29077,0,6
29083,1,6
29088,0,5
29094,0,6
29100,1,6
29105,0,5
29111,1,6
29117,1,6
29122,0,5
29128,1,6
29133,0,5
29139,1,6
29144,0,5
29150,0,6
29155,0,5
29161,0,6
29167,1,6
29172,0,5
29178,1,6
29184,1,6
29189,0,5
29195,1,6
29200,0,5
29206,0,6
29212,0,6
29218,1,6
29224,1,6
29230,1,6
29236,1,6
29241,0,5
29247,1,6
29252,0,5
29258,0,6
29263,0,5
29269,0,6
29275,1,6
29280,0,5
29286,1,6
29292,1,6
29298,1,6
29303,0,5
29309,1,6
29315,1,6
29321,1,6
29327,1,6
29333,1,6
29338,0,5
29344,1,6
29350,1,6
29355,0,5
29363,2,8
29369,1,6
29376,1,7
29383,2,7
29389,1,6
29396,2,7
29404,2,8
29411,2,7
29418,2,7
29425,2,7
29432,2,7
29438,1,6
29445,1,7
29451,1,6
29458,1,7
29465,2,7
29471,1,6
29477,0,6
29483,0,6
29489,1,6
29495,1,6
29501,1,6
29507,1,6
29514,1,7
29520,1,6
29526,1,6
29532,1,6
29538,1,6
29544,1,6
29550,1,6
29556,1,6
29561,0,5
29567,0,6
29573,1,6
29579,1,6
29585,1,6
29591,1,6
29597,1,6
29603,1,6
29609,1,6
29615,1,6
29621,1,6
29627,1,6
29633,0,6
29640,1,7
29646,1,6
29652,1,6
29658,1,6
29664,0,6
29670,0,6
29676,1,6
29682,1,6
29688,1,6
29694,1,6
29700,1,6
29706,1,6
29712,1,6
29718,1,6
29724,1,6
29730,1,6
29736,1,6
29741,0,5
29748,1,7
29754,1,6
29759,0,5
29765,0,6
29771,1,6
29777,0,6
29783,1,6
29789,1,6
29794,0,5
29800,0,6
29806,1,6
29812,1,6
29817,0,5
29823,0,6
29829,1,6
29835,1,6
29841,1,6
29846,0,5
29852,0,6
29858,1,6
29863,0,5
29869,1,6
29875,1,6
29880,0,5
29886,1,6
29891,0,5
29897,0,6
29903,1,6
29908,0,5
29914,1,6
29920,1,6
29926,1,6
29931,0,5
29937,0,6
29943,0,6
29949,1,6
29954,0,5
29960,1,6
29966,1,6
29971,0,5
29977,1,6
29983,1,6
29989,1,6
29995,1,6
30000,0,5
30006,0,6
30012,1,6
30018,1,6
30024,1,6
30030,1,6
30035,0,5
30041,1,6
30047,1,6
30052,0,5
30058,0,6
30064,1,6
30070,1,6
30075,0,5
30081,0,6
30087,1,6
30093,1,6
30098,0,5
30104,1,6
30110,1,6
30119,4,9
30125,1,6
30131,1,6
30137,1,6
30143,1,6
30148,0,5
30154,0,6
30160,1,6
30165,0,5
30171,1,6
30176,0,5
30182,1,6
30187,0,5
30193,0,6
30199,1,6
30204,0,5
30210,1,6
30216,1,6
30222,1,6
30228,1,6
30234,1,6
30239,0,5
30245,0,6
30251,1,6
30257,1,6
30267,0,10
30273,0,6
30279,1,6
30285,1,6
30290,0,5
30296,0,6
30302,1,6
30308,1,6
30314,1,6
30319,0,5
30325,0,6
30331,1,6
30336,0,5
30342,1,6
30348,1,6
30353,0,5
30359,1,6
30365,1,6
30370,0,5
30376,0,6
30382,1,6
30387,0,5
30393,1,6
30398,0,5
30404,0,6
30410,1,6
30416,1,6
30421,0,5
30427,1,6
30432,0,5
30438,0,6
30444,1,6
30449,0,5
30455,1,6
30461,1,6
30466,0,5
30472,1,6
30479,2,7
30485,0,6
30491,1,6
30496,0,5
30502,1,6
30507,0,5
30513,1,6
30519,1,6
30524,0,5
30530,0,6
30536,1,6
30541,0,5
30547,1,6
30552,0,5
30558,0,6
30564,1,6
30569,0,5
30576,1,7
30581,0,5
30587,1,6
30593,1,6
30599,1,6
30605,1,6
30610,0,5
30616,0,6
30622,1,6
30628,1,6
30633,0,5
30639,1,6
30644,0,5
30650,1,6
30656,1,6
30661,0,5
30667,1,6
30672,0,5
30678,0,6
30684,1,6
30689,0,5
30695,0,6
30700,0,5
30706,0,6
30712,1,6
30717,0,5
30723,0,6
30729,1,6
30735,1,6
30740,0,5
30746,1,6
30751,0,5
30757,0,6
30763,1,6
30768,0,5
30774,0,6
30780,1,6
30785,0,5
30791,0,6
30797,1,6
30802,0,5
30808,1,6
30814,1,6
30819,0,5
30825,1,6
30830,0,5
30836,0,6
30842,1,6
30847,0,5
30853,1,6
30858,0,5
30864,0,6
30870,1,6
30877,1,7
30883,1,6
30889,1,6
30894,0,5
30900,0,6
30906,1,6
30912,1,6
30917,0,5
30923,1,6
30929,1,6
30936,2,7
30942,1,6
30948,1,6
30954,1,6
30959,0,5
30965,0,6
30971,1,6
30977,1,6
30983,1,6
30989,1,6
30995,1,6
31001,1,6
31007,1,6
31013,1,6
31019,1,6
31024,0,5
31030,0,6
31036,1,6
31042,1,6
31047,0,5
31053,1,6
31059,1,6
31064,0,5
31070,0,6
31076,1,6
31081,0,5
31087,1,6
31093,1,6
31098,0,5
31104,1,6
31110,1,6
31116,1,6
31121,0,5
31127,0,6
31133,1,6
31139,1,6
31145,1,6
31150,0,5
31156,1,6
31162,1,6
31167,0,5
31173,1,6
31178,0,5
31184,1,6
31189,0,5
31195,1,6
31200,0,5
31206,0,6
31212,1,6
31217,0,5
31223,1,6
31228,0,5
31234,0,6
31240,1,6
31247,0,7
31253,1,6
31258,0,5
31264,1,6
31270,0,6
31276,1,6
31282,1,6
31287,0,5
31293,1,6
31299,1,6
31305,1,6
31310,0,5
31316,1,6
31322,1,6
31327,0,5
31333,0,6
31339,1,6
31345,1,6
31350,0,5
31356,0,6
31362,1,6
31367,0,5
31373,0,6
31379,1,6
31385,1,6
31390,0,5
31396,1,6
31402,1,6
31407,0,5
31413,1,6
31418,0,5
31424,0,6
31430,1,6
31436,1,6
31442,1,6
31448,1,6
31453,0,5
31459,0,6
31465,1,6
31471,1,6
31476,0,5
31482,0,6
31488,1,6
31494,1,6
31499,0,5
31505,0,6
31511,1,6
31516,0,5
31522,1,6
31528,1,6
31534,1,6
31540,1,6
31545,0,5
31551,0,6
31557,1,6
31562,0,5
31568,0,6
31574,1,6
31580,1,6
31586,1,6
31591,0,5
31597,0,6
31603,1,6
31609,1,6
31614,0,5
31621,1,7
31627,1,6
31633,1,6
31639,1,6
31645,1,6
31651,1,6
31656,0,5
31663,1,7
31668,0,5
31675,1,7
31681,1,6
31686,0,5
31692,0,6
31698,0,6
31704,0,6
31710,0,6
31716,0,6
31722,0,6
31728,0,6
31735,1,7
31744,4,9
31750,1,6
31755,0,5
31761,0,6
31768,1,7
31774,1,6
31786,7,12
31792,1,6
31798,1,6
31805,1,7
31811,1,6
31817,1,6
31824,2,7
31834,3,10
31840,1,6
31851,6,11
31857,1,6
31863,1,6
31869,1,6
31875,1,6
31881,1,6
31886,0,5
31892,1,6
31898,1,6
31903,0,5
31909,0,6
31915,0,6
31921,1,6
31927,1,6
31933,1,6
31939,1,6
31944,0,5
31950,1,6
31956,1,6
31961,0,5
31967,1,6
31973,1,6
31979,1,6
31985,1,6
31990,0,5
31996,0,6
32002,1,6
32008,1,6
32014,1,6
32020,1,6
32026,1,6
32032,1,6
32037,0,5
32043,0,6
32049,1,6
32054,0,5
32060,1,6
32066,1,6
32071,0,5
32077,1,6
32083,1,6
32088,0,5
32094,1,6
32100,1,6
32105,0,5
32111,1,6
32117,1,6
32123,1,6
32128,0,5
32134,0,6
32140,1,6
32146,1,6
32152,1,6
32158,1,6
32163,0,5
32170,1,7
32175,0,5
32181,1,6
32187,1,6
32193,1,6
32198,0,5
32204,0,6
32210,1,6
32215,0,5
32221,1,6
32227,1,6
32232,0,5
32238,0,6
32244,1,6
32250,1,6
32255,0,5
32261,1,6
32267,1,6
32273,1,6
32279,1,6
32285,1,6
32291,1,6
32296,0,5
32302,0,6
32308,1,6
32313,0,5
32319,1,6
32324,0,5
32330,0,6
32336,1,6
32341,0,5
32347,0,6
32353,1,6
32359,1,6
32364,0,5
32370,1,6
32376,1,6
32381,0,5
32387,0,6
32393,0,6
32399,1,6
32405,1,6
32410,0,5
32416,1,6
32422,1,6
32427,0,5
32433,1,6
32439,1,6
32444,0,5
32450,1,6
32456,1,6
32462,1,6
32467,0,5
32473,1,6
32479,1,6
32484,0,5
32490,0,6
32495,0,5
32501,0,6
32507,1,6
32513,1,6
32518,0,5
32524,1,6
32530,1,6
32536,1,6
32542,1,6
32548,1,6
32554,1,6
32559,0,5
32565,0,6
32578,7,13
32588,1,10
32593,0,5
32599,1,6
32605,1,6
32610,0,5
32618,3,8
32624,1,6
32629,0,5
32635,0,6
32641,1,6
32647,1,6
32653,1,6
32659,1,6
32664,0,5
32670,1,6
32675,0,5
32681,1,6
32687,1,6
32692,0,5
32698,1,6
32703,0,5
32709,0,6
32715,1,6
32720,0,5
32726,0,6
32732,1,6
32737,0,5
32743,1,6
32748,0,5
32754,1,6
32759,0,5
32770,4,11
32771,0,1
32776,0,5
32782,1,6
32787,1,5
32792,0,5
32797,0,5
32802,0,5
32807,0,5
32813,1,6
32818,1,5
32823,0,5
32828,0,5
32833,0,5
32839,1,6
32844,1,5
32849,1,5
32854,0,5
32859,0,5
32864,0,5
32869,0,5
32875,1,6
32880,1,5
32885,0,5
32890,0,5
32895,0,5
32900,0,5
32906,1,6
32911,1,5
32916,1,5
32921,0,5
32927,1,6
32932,1,5
32937,1,5
32942,1,5
32947,0,5
32952,0,5
32958,1,6
32963,1,5
32968,1,5
32973,0,5
32978,0,5
32983,0,5
32988,0,5
32994,1,6
32999,1,5
33004,1,5
33009,0,5
33014,0,5
33019,0,5
33025,1,6
33030,1,5
33035,1,5
33040,0,5
33045,0,5
33050,0,5
33055,0,5
33061,1,6
33066,1,5
33071,0,5
33076,0,5
33082,1,6
33087,1,5
33092,0,5
33097,0,5
33103,1,6
33108,1,5
33113,0,5
33119,1,6
33124,1,5
33129,0,5
33135,1,6
33140,1,5
33146,1,6
33151,1,5
33156,0,5
33162,1,6
33167,1,5
33173,1,6
33178,1,5
33184,1,6
33189,1,5
33194,1,5
33199,0,5
33205,1,6
33210,1,5
33216,1,6
33221,1,5
33226,0,5
33232,1,6
33237,1,5
33242,0,5
33248,1,6
33253,1,5
33258,0,5
33264,1,6
33269,1,5
33274,0,5
33280,1,6
33285,1,5
33290,0,5
33296,1,6
33301,1,5
33306,0,5
33315,0,9
33321,0,6
33327,0,6
33333,1,6
33339,1,6
33345,1,6
33351,1,6
33356,0,5
33362,0,6
33368,1,6
33374,1,6
33380,1,6
33385,0,5
33391,0,6
33397,1,6
33403,1,6
33408,0,5
33415,1,7
33421,1,6
33427,1,6
33433,1,6
33439,1,6
33445,1,6
33451,1,6
33457,1,6
33463,1,6
33469,1,6
33475,1,6
33481,1,6
33487,1,6
33493,1,6
33499,1,6
33505,1,6
33511,1,6
33517,1,6
33523,1,6
33529,1,6
33535,1,6
33541,1,6
33547,1,6
33552,0,5
33558,0,6
33564,1,6
33570,1,6
33576,1,6
33581,0,5
33587,0,6
33593,1,6
33599,1,6
33605,1,6
33611,1,6
33617,1,6
33622,0,5
33628,0,6
33634,1,6
33640,1,6
33646,1,6
33652,0,6
33659,1,7
33665,1,6
33671,1,6
33677,1,6
33683,0,6
33690,1,7
33696,1,6
33703,1,7
33709,1,6
33716,1,7
33722,1,6
33729,2,7
33735,1,6
33742,1,7
33748,1,6
33755,1,7
33761,1,6
33767,1,6
33774,1,7
33782,3,8
33789,1,7
33796,2,7
33802,1,6
33808,1,6
33815,1,7
33822,2,7
33828,1,6
33833,0,5
33839,1,6
33845,1,6
33851,1,6
33856,0,5
33862,0,6
33868,1,6
33874,1,6
33880,1,6
33886,1,6
33892,1,6
33898,1,6
33904,1,6
33910,1,6
33915,0,5
33921,0,6
33927,1,6
33933,1,6
33939,1,6
33945,1,6
33950,0,5
33956,0,6
33962,0,6
33968,1,6
33974,1,6
33981,2,7
33987,1,6
33993,1,6
33999,1,6
34005,0,6
34011,0,6
34017,0,6
34025,3,8
34031,1,6
34037,1,6
34043,1,6
34048,0,5
34054,0,6
34060,0,6
34066,0,6
34072,0,6
34078,0,6
34084,0,6
34090,0,6
34096,0,6
34102,0,6
34108,0,6
34114,1,6
34120,1,6
34126,1,6
34132,1,6
34137,0,5
34143,0,6
34149,0,6
34156,1,7
34162,1,6
34168,1,6
34174,1,6
34180,1,6
34186,1,6
34192,1,6
34198,1,6
34204,0,6
34210,0,6
34216,0,6
34223,1,7
34229,1,6
34235,1,6
34241,1,6
34247,1,6
34253,1,6
34259,1,6
34265,0,6
34272,1,7
34277,0,5
34283,0,6
34289,0,6
34295,0,6
34301,0,6
34307,1,6
34313,1,6
34319,1,6
34324,0,5
34330,0,6
34336,1,6
34342,1,6
34347,0,5
34353,1,6
34359,1,6
34364,0,5
34370,1,6
34375,0,5
34381,0,6
34387,1,6
34392,0,5
34398,1,6
34403,0,5
34409,0,6
34415,1,6
34420,0,5
34426,1,6
34431,0,5
34437,0,6
34443,1,6
34448,0,5
34454,0,6
34460,1,6
34465,0,5
34471,1,6
34476,0,5
34482,0,6
34488,1,6
34493,0,5
34499,1,6
34504,0,5
34510,0,6
34516,0,6
34522,1,6
34527,0,5
34533,1,6
34539,1,6
34544,0,5
34550,1,6
34556,1,6
34561,0,5
34567,1,6
34572,0,5
34578,1,6
34584,1,6
34589,0,5
34595,1,6
34601,1,6
34606,0,5
34612,1,6
34617,0,5
34623,1,6
34628,0,5
34634,0,6
34640,1,6
34646,1,6
34652,0,6
34658,1,6
34663,0,5
34669,1,6
34674,0,5
34680,0,6
34686,1,6
34691,0,5
34697,1,6
34702,0,5
34708,1,6
34713,0,5
34719,1,6
34724,0,5
34730,0,6
34736,1,6
34741,0,5
34747,0,6
34753,0,6
34759,1,6
34765,1,6
34771,1,6
34776,0,5
34782,0,6
34788,1,6
34793,0,5
34799,1,6
34805,1,6
34810,0,5
34816,1,6
34821,0,5
34827,0,6
34833,1,6
34839,1,6
34844,0,5
34850,0,6
34856,1,6
34861,0,5
34867,0,6
34873,1,6
34878,0,5
34884,1,6
34889,0,5
34895,1,6
34900,0,5
34906,1,6
34912,1,6
34917,0,5
34923,0,6
34929,1,6
34934,0,5
34940,0,6
34946,1,6
34951,0,5
34957,0,6
34963,1,6
34968,0,5
34974,1,6
34979,0,5
34985,1,6
34991,1,6
34997,1,6
35002,0,5
35008,0,6
35014,1,6
35020,1,6
35025,0,5
35031,0,6
35036,0,5
35042,0,6
35048,1,6
35053,0,5
35059,1,6
35065,1,6
35070,0,5
35076,1,6
35081,0,5
35087,1,6
35092,0,5
35098,1,6
35103,0,5
35109,0,6
35115,1,6
35120,0,5
35126,0,6
35132,1,6
35137,0,5
35143,1,6
35149,1,6
35154,0,5
35160,1,6
35165,0,5
35171,0,6
35176,0,5
35182,0,6
35188,1,6
35193,0,5
35199,1,6
35205,1,6
35210,0,5
35216,1,6
35221,0,5
35227,0,6
35233,1,6
35238,0,5
35244,1,6
35250,1,6
35256,1,6
35262,1,6
35269,2,7
35275,1,6
35281,1,6
35286,0,5
35293,1,7
35299,1,6
35305,1,6
35311,1,6
35317,1,6
35323,1,6
35329,1,6
35335,1,6
35340,0,5
35346,0,6
35352,1,6
35357,0,5
35363,1,6
35369,1,6
35375,1,6
35381,1,6
35387,1,6
35393,1,6
35399,1,6
35405,1,6
35410,0,5
35416,1,6
35422,1,6
35428,1,6
35434,1,6
35440,1,6
35445,0,5
35451,0,6
35457,1,6
35463,1,6
35469,1,6
35475,1,6
35481,1,6
35489,1,8
35494,0,5
35500,0,6
35506,1,6
35511,0,5
35517,0,6
35524,1,7
35530,1,6
35536,1,6
35541,0,5
35547,1,6
35553,1,6
35559,1,6
35565,1,6
35570,0,5
35576,1,6
35582,0,6
35588,1,6
35594,1,6
35600,1,6
35606,1,6
35612,0,6
35619,1,7
35625,1,6
35633,3,8
35640,2,7
35646,1,6
35653,2,7
35659,1,6
35665,1,6
35671,1,6
35677,1,6
35684,1,7
35690,1,6
35696,1,6
35702,1,6
35708,1,6
35714,1,6
35720,1,6
35726,1,6
35732,1,6
35738,1,6
35744,1,6
35750,1,6
35756,1,6
35762,1,6
35768,1,6
35774,1,6
35780,1,6
35786,1,6
35792,1,6
35798,1,6
35805,1,7
35811,1,6
35818,1,7
35824,1,6
35831,2,7
35837,1,6
35843,1,6
35849,1,6
35856,1,7
35862,1,6
35868,1,6
35875,1,7
35881,1,6
35886,1,5
35891,1,5
35896,0,5
35901,0,5
35906,0,5
35911,0,5
35917,1,6
35922,1,5
35927,1,5
35932,0,5
35937,0,5
35942,0,5
35947,0,5
35952,0,5
35958,1,6
35963,1,5
35968,0,5
35973,0,5
35978,0,5
35983,0,5
35989,1,6
35994,1,5
35999,1,5
36004,0,5
36009,0,5
36014,0,5
36020,1,6
36025,1,5
36030,1,5
36035,0,5
36040,0,5
36045,0,5
36051,1,6
36056,1,5
36061,0,5
36066,0,5
36071,0,5
36077,1,6
36082,1,5
36087,1,5
36092,0,5
36097,0,5
36102,0,5
36108,1,6
36113,1,5
36118,0,5
36123,0,5
36129,1,6
36134,1,5
36139,1,5
36144,0,5
36149,0,5
36154,0,5
36160,1,6
36165,1,5
36170,0,5
36175,0,5
36180,0,5
36185,0,5
36191,1,6
36196,1,5
36201,0,5
36206,0,5
36211,0,5
36216,0,5
36222,1,6
36227,1,5
36232,0,5
36237,0,5
36242,0,5
36248,1,6
36253,1,5
36258,0,5
36263,0,5
36268,0,5
36274,1,6
36279,1,5
36284,0,5
36289,0,5
36294,0,5
36300,1,6
36305,1,5
36310,0,5
36315,0,5
36320,0,5
36326,1,6
36331,1,5
36336,0,5
36341,0,5
36347,1,6
36352,1,5
36357,0,5
36363,1,6
36368,1,5
36373,1,5
36378,0,5
36383,0,5
36389,1,6
36394,1,5
36399,1,5
36404,0,5
36409,0,5
36415,1,6
36420,1,5
36425,0,5
36430,0,5
36435,0,5
36441,1,6
36446,1,5
36451,0,5
36456,0,5
36461,0,5
36467,1,6
36472,1,5
36477,0,5
36483,1,6
36488,1,5
36493,0,5
36499,1,6
36504,1,5
36509,0,5
36515,1,6
36520,1,5
36525,0,5
36530,0,5
36536,1,6
36541,1,5
36546,0,5
36552,1,6
36557,1,5
36562,0,5
36567,0,5
36573,1,6
36578,1,5
36583,0,5
36588,0,5
36594,1,6
36599,1,5
36604,0,5
36609,0,5
36615,1,6
36620,0,5
36626,1,6
36631,1,5
36636,0,5
36642,1,6
36647,1,5
36652,0,5
36657,0,5
36662,0,5
36668,1,6
36673,1,5
36678,0,5
36683,0,5
36688,0,5
36694,1,6
36699,0,5
36704,0,5
36709,0,5
36715,1,6
36720,1,5
36725,0,5
36731,1,6
36736,1,5
36741,1,5
36746,0,5
36751,0,5
36757,1,6
36762,0,5
36767,0,5
36772,0,5
36778,1,6
36783,0,5
36789,1,6
36794,1,5
36800,0,6
36806,1,6
36812,1,6
36818,1,6
36824,1,6
36830,1,6
36836,1,6
36842,1,6
36848,1,6
36854,1,6
36860,1,6
36866,0,6
36872,0,6
36878,0,6
36884,1,6
36890,0,6
36897,1,7
36903,1,6
36909,1,6
36915,1,6
36921,1,6
36927,1,6
36933,0,6
36939,0,6
36946,1,7
36952,1,6
36958,1,6
36964,1,6
36970,1,6
36976,1,6
36982,1,6
36988,1,6
36994,1,6
37000,1,6
37006,1,6
37012,1,6
37018,1,6
37025,1,7
37031,1,6
37038,2,7
37045,2,7
37051,1,6
37058,2,7
37064,1,6
37070,1,6
37076,1,6
37082,1,6
37089,1,7
37095,1,6
37101,1,6
37107,1,6
37113,1,6
37120,1,7
37126,1,6
37132,1,6
37139,1,7
37145,1,6
37151,1,6
37157,1,6
37162,0,5
37168,1,6
37175,1,7
37180,1,5
37186,1,6
37191,1,5
37197,1,6
37202,1,5
37209,1,7
37214,1,5
37221,1,7
37227,1,6
37234,2,7
37240,1,6
37247,1,7
37253,1,6
37260,1,7
37265,1,5
37271,1,6
37277,2,6
37282,1,5
37287,1,5
37293,1,6
37298,1,5
37304,0,6
37310,1,6
37316,1,6
37321,1,5
37327,1,6
37333,1,6
37339,1,6
37345,1,6
37351,1,6
37357,1,6
37363,1,6
37369,1,6
37375,1,6
37381,1,6
37387,0,6
37394,1,7
37400,1,6
37407,1,7
37413,1,6
37419,1,6
37426,1,7
37432,1,6
37438,1,6
37444,1,6
37450,1,6
37456,1,6
37462,0,6
37468,0,6
37475,1,7
37481,1,6
37487,1,6
37494,2,7
37500,1,6
37506,1,6
37512,1,6
37518,1,6
37524,1,6
37530,1,6
37535,0,5
37541,0,6
37547,0,6
37554,1,7
37560,1,6
37566,1,6
37572,1,6
37578,1,6
37584,1,6
37590,1,6
37596,1,6
37602,1,6
37608,1,6
37614,1,6
37620,1,6
37626,1,6
37632,1,6
37638,1,6
37644,0,6
37651,1,7
37657,1,6
37663,1,6
37669,1,6
37675,1,6
37680,0,5
37686,0,6
37692,0,6
37698,1,6
37704,1,6
37710,1,6
37716,1,6
37722,1,6
37730,3,8
37736,1,6
37742,1,6
37755,4,13
37760,1,5
37766,1,6
37813,39,47
37813,31,0
37813,23,0
37813,15,0
37813,7,0
37813,1,0
37819,1,6
37826,1,7
37832,1,6
37837,0,5
37843,0,6
37849,1,6
37855,1,6
37861,1,6
37866,0,5
37872,0,6
37878,1,6
37884,1,6
37890,1,6
37896,1,6
37902,1,6
37908,1,6
37914,1,6
37920,1,6
37926,1,6
37932,1,6
37938,1,6
37944,0,6
37951,1,7
37956,0,5
37962,0,6
37968,0,6
37974,1,6
37980,1,6
37986,1,6
37992,1,6
37998,1,6
38004,1,6
38010,1,6
38016,1,6
38022,1,6
38028,1,6
38035,1,7
38041,1,6
38047,1,6
38053,1,6
38059,1,6
38065,1,6
38070,0,5
38077,1,7
38082,0,5
38089,1,7
38095,1,6
38101,1,6
38107,1,6
38113,1,6
38119,0,6
38126,1,7
38132,1,6
38138,1,6
38144,1,6
38150,1,6
38156,1,6
38162,1,6
38169,1,7
38179,1,10
38185,1,6
38193,3,8
38199,1,6
38205,1,6
38211,1,6
38217,1,6
38224,1,7
38230,1,6
38237,2,7
38243,1,6
38249,1,6
38256,1,7
38262,1,6
38268,1,6
38275,2,7
38281,1,6
38286,0,5
38292,0,6
38298,1,6
38304,1,6
38310,1,6
38315,0,5
38321,0,6
38328,1,7
38334,1,6
38340,1,6
38346,1,6
38352,1,6
38358,1,6
38364,1,6
38369,0,5
38375,0,6
38381,0,6
38387,1,6
38393,1,6
38398,0,5
38404,0,6
38410,1,6
38415,0,5
38421,0,6
38427,1,6
38433,1,6
38439,1,6
38445,1,6
38450,0,5
38462,7,12
38471,1,9
38477,1,6
38483,1,6
38489,1,6
38495,1,6
38500,0,5
38506,1,6
38512,1,6
38518,1,6
38523,0,5
38529,1,6
38535,1,6
38541,1,6
38550,4,9
38556,1,6
38561,0,5
38568,2,7
38573,0,5
38579,1,6
38585,1,6
38591,1,6
38597,1,6
38603,1,6
38608,0,5
38614,0,6
38620,1,6
38626,1,6
38632,1,6
38637,0,5
38643,0,6
38649,1,6
38655,1,6
38661,1,6
38666,0,5
38672,1,6
38678,1,6
38683,0,5
38689,0,6
38695,1,6
38700,0,5
38706,1,6
38711,0,5
38717,0,6
38723,1,6
38728,0,5
38734,0,6
38740,1,6
38746,1,6
38751,0,5
38757,0,6
38763,0,6
38769,1,6
38774,0,5
38780,1,6
38786,1,6
38792,1,6
38797,0,5
38803,1,6
38809,1,6
38815,1,6
38820,0,5
38826,0,6
38832,1,6
38838,1,6
38843,0,5
38849,1,6
38855,1,6
38860,0,5
38866,0,6
38872,1,6
38877,0,5
38883,1,6
38889,1,6
38894,0,5
38900,0,6
38906,1,6
38912,1,6
38917,0,5
38923,1,6
38929,1,6
38935,1,6
38940,0,5
38946,0,6
38952,1,6
38958,1,6
38963,0,5
38969,1,6
38974,0,5
38980,0,6
38985,0,5
38991,0,6
38997,1,6
39002,0,5
39008,0,6
39014,1,6
39020,1,6
39026,1,6
39032,1,6
39038,1,6
39043,0,5
39049,0,6
39055,1,6
39060,0,5
39066,1,6
39071,0,5
39077,0,6
39083,1,6
39088,0,5
39094,0,6
39100,1,6
39105,0,5
39111,0,6
39117,1,6
39123,1,6
39129,1,6
39134,0,5
39140,0,6
39147,1,7
39152,0,5
39158,1,6
39164,1,6
39170,1,6
39175,0,5
39181,0,6
39187,1,6
39192,0,5
39198,1,6
39204,1,6
39209,0,5
39215,0,6
39221,0,6
39227,1,6
39232,0,5
39238,0,6
39244,1,6
39250,1,6
39256,1,6
39262,1,6
39268,0,6
39274,1,6
39280,1,6
39292,1,12
39298,1,6
39303,0,5
39309,0,6
39315,0,6
39321,0,6
39327,0,6
39333,1,6
39339,1,6
39345,1,6
39351,1,6
39357,1,6
39363,0,6
39369,0,6
39375,0,6
39381,1,6
39386,0,5
39392,0,6
39398,1,6
39403,0,5
39409,1,6
39414,0,5
39420,1,6
39425,0,5
39431,0,6
39436,0,5
39442,0,6
39448,1,6
39453,0,5
39459,1,6
39464,0,5
39470,1,6
39475,0,5
39481,0,6
39487,1,6
39492,0,5
39498,1,6
39503,0,5
39509,0,6
39515,1,6
39520,0,5
39526,1,6
39532,1,6
39538,1,6
39543,0,5
39549,0,6
39555,1,6
39560,0,5
39566,0,6
39572,1,6
39577,0,5
39583,0,6
39588,0,5
39594,0,6
39600,1,6
39606,1,6
39611,0,5
39617,0,6
39623,1,6
39629,1,6
39635,1,6
39640,0,5
39646,1,6
39651,0,5
39657,1,6
39663,1,6
39668,0,5
39674,1,6
39680,1,6
39685,0,5
39691,0,6
39697,1,6
39702,0,5
39708,0,6
39714,1,6
39720,1,6
39725,0,5
39731,1,6
39737,1,6
39743,1,6
39748,0,5
39754,0,6
39760,1,6
39766,1,6
39772,1,6
39778,1,6
39783,0,5
39790,1,7
39795,0,5
39801,1,6
39807,1,6
39813,1,6
39818,0,5
39824,0,6
39830,0,6
39836,0,6
39842,1,6
39848,1,6
39854,1,6
39860,1,6
39866,1,6
39872,1,6
39878,1,6
39883,0,5
39889,0,6
39895,0,6
39902,1,7
39907,0,5
39913,0,6
39919,0,6
39925,1,6
39931,1,6
39937,1,6
39943,1,6
39948,0,5
39954,1,6
39960,1,6
39965,0,5
39971,1,6
39977,1,6
39983,1,6
39988,0,5
39994,0,6
40000,1,6
40005,0,5
40011,1,6
40017,1,6
40023,1,6
40029,1,6
40035,1,6
40040,0,5
40046,0,6
40052,0,6
40058,0,6
40064,0,6
40070,1,6
40076,1,6
40082,1,6
40088,1,6
40094,1,6
40099,0,5
40106,1,7
40112,1,6
40118,1,6
40123,0,5
40129,0,6
40135,0,6
40141,1,6
40147,1,6
40153,1,6
40159,1,6
40165,1,6
40170,0,5
40176,0,6
40182,1,6
40188,1,6
40193,0,5
40199,1,6
40204,0,5
40210,0,6
40216,1,6
40222,1,6
40227,0,5
40233,0,6
40239,1,6
40246,2,7
40252,1,6
40259,2,7
40265,1,6
40271,1,6
40277,1,6
40283,1,6
40289,1,6
40295,1,6
40301,1,6
40307,1,6
40312,0,5
40318,1,6
40324,1,6
40330,1,6
40338,1,8
40344,1,6
40350,1,6
40356,1,6
40362,1,6
40368,1,6
40378,1,10
40384,1,6
40390,1,6
40396,1,6
40402,1,6
40408,1,6
40415,2,7
40423,3,8
40429,1,6
40436,2,7
40441,1,5
40447,1,6
40453,1,6
40459,1,6
40465,1,6
40471,1,6
40477,1,6
40482,1,5
40488,1,6
40494,1,6
40500,1,6
40506,1,6
40512,1,6
40517,1,5
40524,1,7
40530,1,6
40536,1,6
40543,1,7
40549,1,6
40555,1,6
40561,1,6
40567,1,6
40572,0,5
40578,0,6
40584,0,6
40590,1,6
40596,1,6
40602,1,6
40608,1,6
40614,1,6
40620,1,6
40626,1,6
40633,1,7
40638,1,5
40643,1,5
40649,1,6
40654,1,5
40659,0,5
40665,1,6
40670,1,5
40675,0,5
40681,1,6
40686,1,5
40691,1,5
40696,0,5
40702,1,6
40707,1,5
40712,0,5
40718,1,6
40723,1,5
40728,0,5
40734,1,6
40739,1,5
40744,0,5
40751,1,7
40756,0,5
40762,0,6
40768,1,6
40773,0,5
40779,1,6
40784,1,5
40790,1,6
40795,1,5
40801,1,6
40806,1,5
40812,1,6
40818,1,6
40823,1,5
40829,1,6
40834,0,5
40840,1,6
40846,1,6
40852,1,6
40857,0,5
40863,1,6
40868,0,5
40874,1,6
40879,0,5
40885,1,6
40890,0,5
40896,1,6
40902,1,6
40907,0,5
40913,0,6
40919,1,6
40924,0,5
40930,1,6
40936,1,6
40942,1,6
40947,0,5
40953,1,6
40958,1,5
40963,0,5
40969,1,6
40974,1,5
40979,0,5
40985,1,6
40990,1,5
40995,0,5
41000,0,5
41006,1,6
41011,1,5
41016,0,5
41022,1,6
41027,1,5
41032,0,5
41038,1,6
41043,1,5
41048,0,5
41054,1,6
41059,1,5
41064,0,5
41069,0,5
41075,1,6
41080,0,5
41086,1,6
41091,1,5
41096,0,5
41102,1,6
41107,1,5
41113,1,6
41118,1,5
41123,1,5
41128,0,5
41134,1,6
41139,1,5
41144,0,5
41150,1,6
41155,1,5
41160,0,5
41165,0,5
41171,1,6
41176,1,5
41181,1,5
41186,0,5
41192,1,6
41197,1,5
41202,1,5
41207,1,5
41212,0,5
41218,1,6
41223,1,5
41228,1,5
41233,0,5
41239,1,6
41244,1,5
41249,0,5
41254,0,5
41260,1,6
41265,1,5
41270,1,5
41275,0,5
41280,0,5
41285,0,5
41291,1,6
41296,1,5
41301,0,5
41306,0,5
41311,0,5
41317,1,6
41322,1,5
41327,0,5
41332,0,5
41338,1,6
41343,1,5
41348,1,5
41353,0,5
41358,0,5
41364,1,6
41369,1,5
41374,0,5
41379,0,5
41385,1,6
41390,1,5
41395,1,5
41400,0,5
41406,1,6
41411,1,5
41416,1,5
41421,1,5
41426,0,5
41432,1,6
41437,1,5
41442,1,5
41447,1,5
41452,0,5
41457,0,5
41462,0,5
41468,1,6
41473,1,5
41478,0,5
41483,0,5
41488,0,5
41494,1,6
41499,1,5
41504,0,5
41509,0,5
41516,2,7
41520,1,4
41525,0,5
41531,1,6
41536,1,5
41541,0,5
41547,1,6
41552,1,5
41557,0,5
41563,1,6
41568,1,5
41573,1,5
41579,1,6
41584,1,5
41589,0,5
41595,1,6
41600,1,5
41605,1,5
41611,1,6
41617,1,6
41623,1,6
41629,1,6
41635,1,6
41640,0,5
41646,1,6
41651,1,5
41656,0,5
41661,0,5
41667,1,6
41672,0,5
41678,1,6
41683,1,5
41688,0,5
41694,1,6
41699,0,5
41705,1,6
41710,1,5
41716,1,6
41721,0,5
41727,1,6
41733,1,6
41738,0,5
41744,0,6
41750,1,6
41756,1,6
41762,1,6
41767,0,5
41773,0,6
41779,0,6
41785,0,6
41791,0,6
41797,0,6
41803,1,6
41809,1,6
41815,1,6
41820,0,5
41826,0,6
41832,1,6
41838,1,6
41844,1,6
41850,1,6
41856,1,6
41862,1,6
41868,1,6
41875,2,7
41881,1,6
41888,1,7
41894,1,6
41901,1,7
41908,1,7
41914,1,6
41920,1,6
41926,1,6
41932,1,6
41938,1,6
41944,1,6
41951,1,7
41957,1,6
41963,0,6
41970,1,7
41976,1,6
41983,1,7
41990,1,7
41996,1,6
42002,1,6
42008,1,6
42014,1,6
42020,1,6
42027,1,7
42033,1,6
42039,1,6
42045,1,6
42052,1,7
42057,1,5
42064,1,7
42071,2,7
42077,1,6
42083,1,6
42089,1,6
42094,1,5
42100,1,6
42107,1,7
42113,1,6
42120,2,7
42125,1,5
42131,1,6
42136,1,5
42142,1,6
42148,0,6
42155,1,7
42162,2,7
42169,2,7
42174,1,5
42180,1,6
42186,1,6
42192,1,6
42198,1,6
42204,2,6
42209,1,5
42215,1,6
42222,1,7
42228,1,6
42234,1,6
42241,1,7
42247,1,6
42253,1,6
42259,1,6
42265,0,6
42271,0,6
42276,0,5
42282,0,6
42288,1,6
42294,1,6
42300,1,6
42306,1,6
42311,0,5
42317,1,6
42322,0,5
42328,0,6
42334,1,6
42339,0,5
42345,1,6
42351,1,6
42356,0,5
42362,0,6
42368,1,6
42374,1,6
42380,1,6
42386,1,6
42391,0,5
42397,1,6
42402,0,5
42408,0,6
42414,1,6
42419,0,5
42425,1,6
42431,1,6
42437,1,6
42443,1,6
42448,0,5
42454,1,6
42460,1,6
42465,0,5
42471,0,6
42477,1,6
42482,0,5
42488,0,6
42494,1,6
42500,1,6
42506,1,6
42512,1,6
42518,1,6
42524,1,6
42529,0,5
42535,0,6
42541,1,6
42547,1,6
42552,0,5
42558,1,6
42564,1,6
42569,0,5
42575,1,6
42581,1,6
42586,0,5
42592,0,6
42598,1,6
42603,0,5
42609,0,6
42615,1,6
42621,1,6
42626,0,5
42632,0,6
42638,0,6
42644,1,6
42650,0,6
42656,0,6
42662,0,6
42668,0,6
42674,0,6
42680,0,6
42686,0,6
42692,0,6
42698,0,6
42704,0,6
42710,0,6
42717,1,7
42723,1,6
42729,1,6
42735,1,6
42740,0,5
42746,1,6
42752,1,6
42757,0,5
42763,1,6
42769,1,6
42774,0,5
42780,0,6
42786,1,6
42791,0,5
42797,0,6
42803,0,6
42809,1,6
42818,4,9
42820,1,2
42825,0,5
42830,0,5
42838,1,8
42843,1,5
42848,1,5
42854,1,6
42859,1,5
42864,1,5
42870,1,6
42875,1,5
42880,1,5
42886,1,6
42891,1,5
42898,3,7
42903,1,5
42909,1,6
42916,2,7
42922,1,6
42929,2,7
42936,2,7
42942,1,6
42948,1,6
42955,2,7
42961,1,6
42967,0,6
42974,1,7
42980,1,6
42985,0,5
42991,0,6
42997,1,6
43003,1,6
43008,0,5
43014,1,6
43019,0,5
43025,0,6
43031,1,6
43036,0,5
43042,0,6
43048,1,6
43054,1,6
43059,0,5
43065,0,6
43071,1,6
43077,1,6
43082,0,5
43088,0,6
43094,1,6
43099,0,5
43105,1,6
43111,1,6
43116,0,5
43122,1,6
43127,0,5
43133,0,6
43139,1,6
43144,0,5
43150,0,6
43156,1,6
43161,0,5
43167,1,6
43172,0,5
43178,0,6
43184,1,6
43190,1,6
43195,0,5
43201,1,6
43207,1,6
43212,0,5
43218,1,6
43223,0,5
43229,0,6
43235,1,6
43241,1,6
43246,0,5
43252,1,6
43258,1,6
43263,0,5
43269,1,6
43274,0,5
43280,0,6
43286,1,6
43291,0,5
43297,1,6
43302,0,5
43308,0,6
43314,1,6
43319,0,5
43325,0,6
43331,1,6
43336,0,5
43342,1,6
43347,0,5
43353,0,6
43359,1,6
43364,0,5
43370,1,6
43375,0,5
43381,1,6
43387,1,6
43392,0,5
43398,1,6
43404,1,6
43410,1,6
43415,0,5
43422,1,7
43428,1,6
43434,1,6
43440,1,6
43446,1,6
43451,0,5
43457,1,6
43463,1,6
43469,1,6
43475,1,6
43481,1,6
43487,1,6
43492,0,5
43498,1,6
43503,0,5
43509,0,6
43515,1,6
43521,1,6
43526,0,5
43532,1,6
43538,1,6
43544,1,6
43549,0,5
43555,0,6
43561,0,6
43567,1,6
43573,1,6
43578,0,5
43584,0,6
43590,1,6
43595,0,5
43601,1,6
43606,0,5
43612,1,6
43618,1,6
43623,0,5
43629,0,6
43635,0,6
43641,1,6
43649,3,8
43655,0,6
43661,1,6
43667,1,6
43673,1,6
43678,0,5
43684,0,6
43690,1,6
43698,3,8
43704,1,6
43710,1,6
43716,1,6
43722,1,6
43728,1,6
43734,1,6
43740,1,6
43747,2,7
43753,0,6
43759,1,6
43766,2,7
43772,1,6
43778,1,6
43784,1,6
43790,1,6
43796,1,6
43802,1,6
43808,1,6
43814,1,6
43820,1,6
43826,1,6
43832,1,6
43838,1,6
43844,1,6
43850,1,6
43856,1,6
43862,1,6
43868,1,6
43874,1,6
43880,1,6
43886,1,6
43891,0,5
43897,0,6
43903,1,6
43908,0,5
43914,0,6
43920,1,6
43925,0,5
43931,0,6
43937,1,6
43942,0,5
43948,1,6
43953,0,5
43959,0,6
43965,1,6
43970,0,5
43976,1,6
43981,0,5
43990,1,9
43996,1,6
44001,1,5
44007,1,6
44013,1,6
44018,1,5
44023,0,5
44029,1,6
44034,1,5
44039,0,5
44044,0,5
44050,1,6
44055,1,5
44060,0,5
44065,0,5
44070,0,5
44076,1,6
44081,1,5
44086,0,5
44091,0,5
44097,1,6
44102,1,5
44107,0,5
44112,0,5
44117,0,5
44123,1,6
44128,1,5
44133,0,5
44138,0,5
44143,0,5
44149,1,6
44154,0,5
44159,0,5
44164,0,5
44170,1,6
44175,1,5
44180,0,5
44185,0,5
44191,1,6
44196,1,5
44201,0,5
44206,0,5
44212,1,6
44217,1,5
44222,0,5
44228,1,6
44234,1,6
44240,1,6
44245,0,5
44251,1,6
44257,1,6
44262,1,5
44268,1,6
44273,0,5
44279,1,6
44284,1,5
44289,0,5
44295,0,6
44301,1,6
44306,1,5
44311,0,5
44317,1,6
44323,0,6
44329,1,6
44334,0,5
44341,2,7
44345,1,4
44351,1,6
44357,1,6
44362,0,5
44369,1,7
44374,0,5
44380,1,6
44386,0,6
44392,1,6
44398,1,6
44404,1,6
44410,1,6
44416,1,6
44422,1,6
44427,0,5
44433,0,6
44439,1,6
44445,1,6
44450,0,5
44456,0,6
44463,1,7
44469,1,6
44475,1,6
44481,1,6
44487,1,6
44493,1,6
44499,1,6
44505,1,6
44511,1,6
44517,1,6
44522,0,5
44528,0,6
44534,1,6
44540,1,6
44546,1,6
44552,1,6
44558,1,6
44564,1,6
44570,1,6
44576,1,6
44581,0,5
44588,1,7
44594,1,6
44600,1,6
44605,0,5
44611,0,6
44617,0,6
44624,1,7
44629,0,5
44636,1,7
44642,1,6
44648,1,6
44654,1,6
44660,1,6
44666,1,6
44672,1,6
44678,1,6
44684,1,6
44690,1,6
44696,1,6
44702,1,6
44708,1,6
44714,1,6
44720,1,6
44726,1,6
44732,1,6
44738,1,6
44744,0,6
44751,1,7
44757,1,6
44763,1,6
44770,2,7
44776,1,6
44783,1,7
44789,1,6
44795,1,6
44802,1,7
44808,1,6
44814,1,6
44821,1,7
44828,1,7
44834,1,6
44841,2,7
44848,2,7
44855,2,7
44862,2,7
44868,1,6
44876,2,8
44883,2,7
44890,1,7
44897,1,7
44905,2,8
44912,2,7
44919,2,7
44926,2,7
44933,2,7
44940,2,7
44946,1,6
44953,1,7
44960,2,7
44966,1,6
44973,2,7
44980,2,7
44987,2,7
44993,1,6
45000,2,7
45007,2,7
45013,1,6
45020,2,7
45026,2,6
45031,1,5
45036,1,5
45042,1,6
45047,1,5
45053,1,6
45059,2,6
45064,1,5
45070,1,6
45075,1,5
45080,1,5
45086,1,6
45091,1,5
45097,1,6
45103,2,6
45108,1,5
45114,2,6
45119,1,5
45125,2,6
45130,1,5
45136,2,6
45141,1,5
45146,1,5
45152,1,6
45157,1,5
45163,1,6
45168,1,5
45174,2,6
45179,1,5
45185,2,6
45190,1,5
45195,1,5
45201,1,6
45207,1,6
45213,1,6
45219,1,6
45225,1,6
45231,1,6
45237,1,6
45243,1,6
45249,1,6
45254,0,5
45260,0,6
45266,1,6
45271,0,5
45277,0,6
45283,1,6
45289,1,6
45294,0,5
45300,0,6
45306,0,6
45312,1,6
45317,0,5
45323,0,6
45329,1,6
45334,0,5
45340,0,6
45346,1,6
45352,1,6
45358,1,6
45364,1,6
45370,1,6
45376,1,6
45381,0,5
45387,0,6
45393,1,6
45399,1,6
45405,1,6
45411,1,6
45417,1,6
45422,0,5
45428,0,6
45434,0,6
45440,0,6
45446,1,6
45452,1,6
45458,1,6
45463,0,5
45469,0,6
45475,1,6
45481,1,6
45487,1,6
45493,1,6
45499,1,6
45504,0,5
45510,0,6
45516,1,6
45522,0,6
45529,1,7
45535,1,6
45541,1,6
45547,1,6
45553,1,6
45560,1,7
45566,1,6
45572,1,6
45578,1,6
45584,1,6
45590,1,6
45596,1,6
45602,1,6
45608,1,6
45614,1,6
45620,1,6
45626,1,6
45632,0,6
45638,0,6
45644,0,6
45651,1,7
45656,0,5
45662,0,6
45668,0,6
45674,0,6
45681,1,7
45687,1,6
45693,1,6
45699,1,6
45705,1,6
45710,0,5
45716,1,6
45722,1,6
45728,1,6
45733,0,5
45739,1,6
45745,1,6
45750,0,5
45756,0,6
45762,1,6
45767,0,5
45773,1,6
45779,1,6
45784,0,5
45790,0,6
45796,1,6
45801,0,5
45807,1,6
45813,1,6
45819,1,6
45824,0,5
45831,2,7
45836,0,5
45842,1,6
45847,1,5
45852,0,5
45857,0,5
45863,1,6
45868,1,5
45874,1,6
45880,1,6
45885,0,5
45891,1,6
45897,1,6
45902,0,5
45908,0,6
45914,1,6
45920,1,6
45926,1,6
45932,1,6
45938,1,6
45943,0,5
45949,1,6
45954,1,5
45959,0,5
45964,0,5
45969,0,5
45975,1,6
45980,1,5
45985,1,5
45990,0,5
45995,0,5
46000,0,5
46006,1,6
46011,1,5
46016,1,5
46021,0,5
46026,0,5
46032,1,6
46037,1,5
46042,0,5
46048,1,6
46053,1,5
46058,1,5
46063,1,5
46068,0,5
46073,0,5
46078,0,5
46084,1,6
46089,1,5
46094,1,5
46099,0,5
46104,0,5
46110,1,6
46115,1,5
46120,1,5
46125,0,5
46130,0,5
46135,0,5
46141,1,6
46146,1,5
46151,1,5
46156,0,5
46161,0,5
46166,0,5
46172,1,6
46177,1,5
46182,1,5
46187,0,5
46193,1,6
46198,1,5
46203,1,5
46208,1,5
46213,0,5
46218,0,5
46223,0,5
46229,1,6
46234,1,5
46239,1,5
46244,0,5
46250,1,6
46255,1,5
46260,1,5
46265,0,5
46270,0,5
46276,1,6
46281,1,5
46286,1,5
46291,0,5
46296,0,5
46301,0,5
46307,1,6
46312,1,5
46317,1,5
46322,0,5
46327,0,5
46332,0,5
46338,1,6
46343,1,5
46348,0,5
46353,0,5
46358,0,5
46364,1,6
46369,1,5
46374,1,5
46379,0,5
46384,0,5
46389,0,5
46395,1,6
46400,1,5
46405,1,5
46410,0,5
46415,0,5
46421,1,6
46426,1,5
46431,1,5
46436,0,5
46441,0,5
46446,0,5
46452,1,6
46457,1,5
46462,1,5
46467,0,5
46472,0,5
46477,0,5
46483,1,6
46488,1,5
46493,0,5
46498,0,5
46503,0,5
46508,0,5
46514,1,6
46519,1,5
46524,1,5
46529,0,5
46535,1,6
46540,1,5
46545,1,5
46550,0,5
46555,0,5
46561,1,6
46566,1,5
46571,0,5
46577,1,6
46582,1,5
46588,1,6
46593,1,5
46598,1,5
46603,0,5
46608,0,5
46614,1,6
46619,1,5
46624,0,5
46630,1,6
46635,1,5
46640,1,5
46645,0,5
46650,0,5
46655,0,5
46661,1,6
46666,1,5
46671,0,5
46677,1,6
46682,1,5
46687,1,5
46692,1,5
46697,0,5
46703,1,6
46708,1,5
46713,1,5
46718,0,5
46723,0,5
46729,1,6
46734,1,5
46739,0,5
46745,1,6
46750,1,5
46755,1,5
46761,1,6
46766,1,5
46771,1,5
46776,0,5
46782,1,6
46788,2,6
46792,0,4
46797,0,5
46803,1,6
46808,1,5
46813,0,5
46818,0,5
46824,1,6
46829,1,5
46834,0,5
46839,0,5
46844,0,5
46850,1,6
46855,0,5
46861,1,6
46867,1,6
46872,0,5
46878,1,6
46884,0,6
46890,1,6
46896,1,6
46901,1,5
46906,0,5
46912,1,6
46917,1,5
46923,1,6
46929,1,6
46935,1,6
46940,0,5
46946,1,6
46952,1,6
46957,1,5
46962,0,5
46968,0,6
46973,0,5
46978,0,5
46984,0,6
46990,1,6
46995,0,5
47001,1,6
47007,1,6
47012,0,5
47018,1,6
47024,1,6
47029,0,5
47035,1,6
47040,0,5
47046,0,6
47052,1,6
47057,0,5
47063,1,6
47068,0,5
47074,0,6
47080,1,6
47086,1,6
47091,0,5
47097,0,6
47103,1,6
47108,0,5
47114,0,6
47120,1,6
47126,1,6
47131,0,5
47137,1,6
47142,0,5
47148,0,6
47154,1,6
47159,0,5
47165,0,6
47171,1,6
47176,0,5
47182,0,6
47188,1,6
47193,0,5
47199,1,6
47204,0,5
47210,1,6
47216,1,6
47222,1,6
47228,1,6
47233,0,5
47239,0,6
47245,1,6
47251,1,6
47256,0,5
47262,0,6
47268,1,6
47273,0,5
47279,1,6
47284,1,5
47289,0,5
47294,0,5
47300,1,6
47305,1,5
47310,0,5
47316,1,6
47321,1,5
47326,0,5
47331,0,5
47336,0,5
47342,1,6
47347,1,5
47352,0,5
47357,0,5
47363,1,6
47368,1,5
47373,0,5
47378,0,5
47384,1,6
47389,1,5
47394,0,5
47400,1,6
47405,1,5
47410,0,5
47415,0,5
47420,0,5
47426,1,6
47431,1,5
47436,0,5
47441,0,5
47446,0,5
47452,1,6
47457,1,5
47462,0,5
47467,0,5
47473,1,6
47478,0,5
47483,0,5
47489,1,6
47494,0,5
47499,0,5
47505,1,6
47510,1,5
47515,0,5
47520,0,5
47525,0,5
47531,1,6
47536,1,5
47541,0,5
47546,0,5
47552,1,6
47557,1,5
47562,0,5
47568,0,6
47574,1,6
47579,0,5
47585,0,6
47591,0,6
47597,1,6
47602,0,5
47608,0,6
47614,1,6
47619,0,5
47625,1,6
47630,0,5
47636,1,6
47641,0,5
47647,1,6
47652,0,5
47658,0,6
47664,1,6
47670,1,6
47675,1,5
47681,1,6
47686,0,5
47692,0,6
47698,1,6
47703,0,5
47709,1,6
47714,0,5
47720,0,6
47726,1,6
47731,0,5
47737,1,6
47742,0,5
47748,1,6
47753,0,5
47759,0,6
47765,1,6
47771,1,6
47776,0,5
47782,0,6
47788,1,6
47794,1,6
47799,0,5
47805,1,6
47810,0,5
47816,0,6
47827,6,11
47828,2,1
47832,0,4
47837,0,5
47843,1,6
47848,1,5
47853,1,5
47858,0,5
47863,0,5
47869,1,6
47874,1,5
47879,0,5
47884,0,5
47889,0,5
47895,1,6
47900,1,5
47905,0,5
47910,0,5
47916,1,6
47921,1,5
47926,1,5
47931,0,5
47936,0,5
47942,1,6
47947,1,5
47952,0,5
47958,1,6
47963,1,5
47968,1,5
47973,1,5
47978,0,5
47983,0,5
47988,0,5
47994,1,6
47999,1,5
48004,0,5
48009,0,5
48014,0,5
48020,1,6
48025,0,5
48030,0,5
48035,0,5
48041,1,6
48046,1,5
48052,1,6
48057,1,5
48062,0,5
48068,1,6
48073,1,5
48078,0,5
48084,1,6
48089,1,5
48094,0,5
48100,1,6
48105,1,5
48110,0,5
48116,1,6
48121,1,5
48126,0,5
48132,1,6
48137,1,5
48142,0,5
48147,0,5
48153,1,6
48158,1,5
48163,0,5
48168,0,5
48173,0,5
48179,1,6
48184,1,5
48189,0,5
48194,0,5
48200,1,6
48205,1,5
48210,0,5
48215,0,5
48221,1,6
48226,1,5
48231,0,5
48237,1,6
48242,1,5
48247,0,5
48252,0,5
48258,1,6
48263,1,5
48268,0,5
48273,0,5
48278,0,5
48284,1,6
48289,1,5
48294,0,5
48299,0,5
48305,1,6
48310,1,5
48315,0,5
48320,0,5
48326,1,6
48331,1,5
48336,0,5
48341,0,5
48347,1,6
48352,1,5
48357,0,5
48362,0,5
48367,0,5
48373,1,6
48378,1,5
48383,0,5
48388,0,5
48394,1,6
48399,1,5
48404,0,5
48409,0,5
48414,0,5
48420,1,6
48425,1,5
48430,0,5
48435,0,5
48440,0,5
48446,1,6
48451,1,5
48456,0,5
48462,1,6
48467,1,5
48472,0,5
48477,0,5
48483,1,6
48488,1,5
48493,0,5
48498,0,5
48504,1,6
48509,1,5
48514,0,5
48519,0,5
48524,0,5
48530,1,6
48535,1,5
48540,0,5
48546,1,6
48551,1,5
48556,0,5
48562,1,6
48567,1,5
48572,0,5
48578,1,6
48583,1,5
48588,0,5
48593,0,5
48599,1,6
48604,0,5
48609,0,5
48615,1,6
48622,1,7
48627,1,5
48633,1,6
48638,1,5
48643,1,5
48649,1,6
48654,1,5
48659,0,5
48665,1,6
48670,1,5
48675,0,5
48681,1,6
48686,1,5
48691,1,5
48696,0,5
48702,1,6
48707,1,5
48712,0,5
48717,0,5
48723,1,6
48728,1,5
48733,0,5
48739,1,6
48744,1,5
48749,0,5
48754,0,5
48760,1,6
48765,1,5
48770,0,5
48776,1,6
48781,1,5
48786,0,5
48791,0,5
48797,1,6
48802,1,5
48807,0,5
48812,0,5
48818,1,6
48823,0,5
48828,0,5
48834,1,6
48839,0,5
48845,1,6
48850,1,5
48856,0,6
48862,1,6
48868,1,6
48874,1,6
48879,0,5
48885,1,6
48891,1,6
48896,0,5
48902,1,6
48907,0,5
48913,0,6
48919,1,6
48925,1,6
48931,1,6
48936,0,5
48942,1,6
48948,1,6
48953,0,5
48959,1,6
48965,1,6
48971,1,6
48976,0,5
48982,1,6
48987,0,5
48993,0,6
48999,1,6
49004,1,5
49009,0,5
49015,1,6
49020,1,5
49025,0,5
49031,1,6
49036,1,5
49041,0,5
49046,0,5
49052,1,6
49057,1,5
49062,0,5
49067,0,5
49073,1,6
49078,1,5
49083,0,5
49088,0,5
49094,1,6
49099,1,5
49104,0,5
49110,1,6
49115,1,5
49120,0,5
49125,0,5
49131,1,6
49136,0,5
49142,1,6
49147,0,5
49152,0,5
49158,1,6
49163,1,5
49168,0,5
49174,1,6
49179,0,5
49185,0,6
49190,0,5
49196,1,6
49201,0,5
49206,0,5
49211,0,5
49217,1,6
49222,1,5
49227,0,5
49232,0,5
49237,0,5
49243,1,6
49248,1,5
49253,0,5
49258,0,5
49264,1,6
49269,0,5
49274,0,5
49280,1,6
49285,1,5
49290,0,5
49295,0,5
49300,0,5
49306,1,6
49311,1,5
49316,0,5
49321,0,5
49327,1,6
49332,1,5
49337,0,5
49342,0,5
49347,0,5
49353,1,6
49358,0,5
49363,0,5
49369,1,6
49374,1,5
49379,1,5
49384,0,5
49389,0,5
49395,1,6
49400,1,5
49405,0,5
49410,0,5
49415,0,5
49421,1,6
49426,1,5
49431,0,5
49436,0,5
49441,0,5
49447,1,6
49452,1,5
49457,0,5
49462,0,5
49467,0,5
49473,1,6
49478,0,5
49483,0,5
49488,0,5
49494,1,6
49499,1,5
49504,0,5
49509,0,5
49514,0,5
49520,1,6
49525,1,5
49530,0,5
49535,0,5
49540,0,5
49546,1,6
49551,1,5
49556,0,5
49562,1,6
49567,0,5
49573,1,6
49579,1,6
49585,1,6
49590,0,5
49596,1,6
49601,0,5
49607,0,6
49613,1,6
49619,1,6
49624,0,5
49630,1,6
49635,0,5
49641,1,6
49646,0,5
49651,0,5
49657,1,6
49662,1,5
49667,0,5
49674,2,7
49678,1,4
49683,0,5
49688,0,5
49694,1,6
49699,1,5
49704,0,5
49709,0,5
49715,1,6
49720,1,5
49725,0,5
49730,0,5
49736,1,6
49741,1,5
49746,0,5
49751,0,5
49757,1,6
49762,1,5
49767,0,5
49773,1,6
49778,1,5
49783,0,5
49788,0,5
49794,1,6
49799,1,5
49804,0,5
49810,1,6
49815,1,5
49820,1,5
49826,1,6
49832,1,6
49837,1,5
49842,0,5
49847,0,5
49853,1,6
49858,1,5
49863,0,5
49868,0,5
49874,1,6
49879,1,5
49884,0,5
49890,1,6
49895,1,5
49900,0,5
49905,0,5
49911,1,6
49916,1,5
49921,0,5
49926,0,5
49932,1,6
49937,1,5
49942,0,5
49947,0,5
49952,0,5
49958,1,6
49963,1,5
49968,0,5
49974,1,6
49979,1,5
49984,1,5
49989,0,5
49994,0,5
50000,1,6
50005,1,5
50010,0,5
50015,0,5
50021,1,6
50027,2,6
50032,1,5
50037,1,5
50042,1,5
50047,0,5
50053,1,6
50058,1,5
50064,1,6
50069,1,5
50074,0,5
50079,0,5
50085,1,6
50090,1,5
50095,0,5
50101,1,6
50106,1,5
50111,0,5
50116,0,5
50122,1,6
50127,1,5
50132,0,5
50138,1,6
50143,1,5
50148,0,5
50154,1,6
50159,1,5
50164,0,5
50169,0,5
50175,1,6
50180,0,5
50185,0,5
50191,1,6
50196,0,5
50202,1,6
50207,1,5
50212,0,5
50218,1,6
50223,1,5
50229,1,6
50234,1,5
50239,1,5
50245,1,6
50250,1,5
50255,0,5
50261,0,6
50267,1,6
50273,1,6
50278,1,5
50283,0,5
50289,1,6
50294,1,5
50299,0,5
50304,0,5
50310,1,6
50315,1,5
50320,0,5
50325,0,5
50331,1,6
50336,1,5
50341,0,5
50347,1,6
50352,0,5
50358,1,6
50363,1,5
50368,0,5
50374,1,6
50380,1,6
50386,1,6
50391,0,5
50397,1,6
50403,1,6
50409,1,6
50414,0,5
50420,0,6
50426,1,6
50431,0,5
50437,0,6
50443,1,6
50448,0,5
50454,1,6
50459,0,5
50465,0,6
50471,1,6
50476,0,5
50482,0,6
50488,1,6
50494,1,6
50500,1,6
50506,1,6
50511,0,5
50517,1,6
50523,1,6
50528,0,5
50534,0,6
50540,1,6
50545,0,5
50551,0,6
50557,1,6
50562,0,5
50568,0,6
50574,1,6
50580,1,6
50585,0,5
50591,1,6
50597,1,6
50602,0,5
50608,1,6
50614,1,6
50619,0,5
50625,1,6
50632,2,7
50638,1,6
50643,1,5
50648,0,5
50653,0,5
50659,1,6
50664,0,5
50669,0,5
50675,1,6
50680,1,5
50685,0,5
50690,0,5
50696,1,6
50701,1,5
50706,0,5
50712,1,6
50717,1,5
50722,0,5
50727,0,5
50733,0,6
50739,0,6
50752,1,13
50757,0,5
50763,1,6
50768,0,5
50774,1,6
50779,0,5
50785,0,6
50791,1,6
50796,0,5
50802,1,6
50807,0,5
50813,1,6
50818,0,5
50824,1,6
50830,1,6
50835,0,5
50841,0,6
50847,1,6
50853,1,6
50859,1,6
50865,1,6
50870,0,5
50876,0,6
50882,1,6
50888,1,6
50894,1,6
50899,0,5
50905,0,6
50911,1,6
50917,1,6
50923,1,6
50928,0,5
50934,1,6
50940,1,6
50946,1,6
50952,1,6
50957,0,5
50964,1,7
50970,1,6
50976,1,6
50981,0,5
50987,0,6
50993,1,6
50999,1,6
51005,1,6
51011,1,6
51017,0,6
51023,1,6
51029,1,6
51035,1,6
51040,0,5
51046,1,6
51052,1,6
51057,0,5
51063,0,6
51069,1,6
51074,0,5
51080,1,6
51086,1,6
51092,1,6
51098,1,6
51104,1,6
51110,1,6
51115,0,5
51121,1,6
51127,1,6
51134,2,7
51140,1,6
51145,0,5
51151,0,6
51157,1,6
51162,0,5
51168,0,6
51174,1,6
51180,1,6
51185,0,5
51191,1,6
51197,1,6
51202,0,5
51208,1,6
51213,0,5
51219,1,6
51225,1,6
51230,0,5
51236,0,6
51242,1,6
51247,0,5
51253,1,6
51258,0,5
51264,0,6
51270,0,6
51276,1,6
51282,1,6
51287,0,5
51293,1,6
51299,1,6
51304,0,5
51310,1,6
51315,0,5
51321,0,6
51327,1,6
51332,0,5
51339,1,7
51344,0,5
51350,1,6
51355,0,5
51361,0,6
51367,1,6
51372,0,5
51378,1,6
51383,0,5
51389,1,6
51394,0,5
51400,0,6
51406,1,6
51411,0,5
51417,1,6
51423,1,6
51428,0,5
51434,0,6
51440,1,6
51445,0,5
51451,1,6
51456,0,5
51462,1,6
51467,0,5
51473,1,6
51479,1,6
51484,0,5
51490,1,6
51496,1,6
51501,0,5
51507,1,6
51514,2,7
51518,1,4
51523,0,5
51528,0,5
51534,1,6
51539,1,5
51544,1,5
51549,0,5
51554,0,5
51560,1,6
51565,1,5
51570,0,5
51575,0,5
51581,1,6
51586,1,5
51591,1,5
51596,0,5
51601,0,5
51606,0,5
51612,1,6
51617,1,5
51622,1,5
51627,0,5
51632,0,5
51637,0,5
51643,1,6
51648,1,5
51653,0,5
51658,0,5
51664,1,6
51669,1,5
51674,1,5
51679,1,5
51684,0,5
51689,0,5
51694,0,5
51699,0,5
51705,1,6
51710,1,5
51715,0,5
51720,0,5
51725,0,5
51730,0,5
51736,1,6
51741,1,5
51746,0,5
51751,0,5
51756,0,5
51761,0,5
51767,1,6
51772,1,5
51777,0,5
51782,0,5
51787,0,5
51792,0,5
51799,2,7
51803,1,4
51808,0,5
51813,0,5
51819,1,6
51824,1,5
51829,0,5
51835,1,6
51840,1,5
51845,0,5
51850,0,5
51856,1,6
51861,1,5
51866,0,5
51872,1,6
51877,1,5
51882,0,5
51888,1,6
51893,1,5
51898,0,5
51903,0,5
51908,0,5
51915,2,7
51919,0,4
51924,0,5
51929,0,5
51935,1,6
51940,0,5
51945,0,5
51951,1,6
51956,1,5
51961,0,5
51967,1,6
51972,0,5
51978,0,6
51984,0,6
51990,1,6
51996,1,6
52001,0,5
52007,0,6
52013,1,6
52019,1,6
52024,0,5
52030,1,6
52036,1,6
52041,0,5
52047,0,6
52053,1,6
52059,1,6
52064,0,5
52070,0,6
52076,1,6
52081,0,5
52087,0,6
52093,1,6
52098,0,5
52104,0,6
52110,1,6
52115,0,5
52121,1,6
52126,0,5
52132,0,6
52138,1,6
52144,1,6
52149,0,5
52155,0,6
52161,1,6
52166,0,5
52172,1,6
52178,1,6
52183,0,5
52189,0,6
52195,1,6
52200,0,5
52206,0,6
52212,1,6
52218,1,6
52223,0,5
52229,0,6
52235,1,6
52240,0,5
52246,1,6
52252,1,6
52257,0,5
52263,0,6
52268,0,5
52274,0,6
52280,1,6
52285,0,5
52291,1,6
52296,0,5
52302,1,6
52307,0,5
52313,0,6
52319,1,6
52324,0,5
52330,1,6
52335,0,5
52341,0,6
52347,1,6
52352,0,5
52358,1,6
52363,0,5
52369,1,6
52375,1,6
52380,0,5
52386,1,6
52391,0,5
52396,0,5
52401,0,5
52407,1,6
52412,1,5
52417,0,5
52422,0,5
52428,1,6
52433,1,5
52438,0,5
52443,0,5
52449,1,6
52454,1,5
52459,0,5
52465,1,6
52470,1,5
52475,0,5
52481,0,6
52487,1,6
52492,0,5
52497,0,5
52503,1,6
52508,1,5
52513,0,5
52519,1,6
52524,0,5
52530,1,6
52536,1,6
52541,0,5
52547,1,6
52553,1,6
52559,1,6
52564,0,5
52570,0,6
52576,1,6
52582,1,6
52587,0,5
52593,0,6
52599,1,6
52605,1,6
52610,0,5
52616,0,6
52622,1,6
52627,0,5
52633,1,6
52639,1,6
52645,1,6
52650,0,5
52656,1,6
52662,1,6
52668,1,6
52674,1,6
52679,0,5
52685,0,6
52691,1,6
52697,1,6
52702,0,5
52708,0,6
52714,1,6
52720,1,6
52726,1,6
52731,0,5
52737,1,6
52742,0,5
52748,1,6
52753,0,5
52759,0,6
52765,1,6
52770,0,5
52776,1,6
52782,1,6
52788,1,6
52793,0,5
52799,1,6
52804,0,5
52810,1,6
52816,1,6
52821,0,5
52830,4,9
52836,1,6
52841,1,5
52846,1,5
52851,0,5
52856,0,5
52862,1,6
52867,1,5
52872,1,5
52878,1,6
52883,1,5
52888,1,5
52893,1,5
52898,1,5
52903,0,5
52908,0,5
52913,0,5
52919,1,6
52924,1,5
52929,0,5
52934,0,5
52940,1,6
52945,1,5
52950,1,5
52955,0,5
52960,0,5
52965,0,5
52970,0,5
52976,1,6
52981,1,5
52986,0,5
52991,0,5
52997,1,6
53002,1,5
53007,1,5
53012,0,5
53017,0,5
53023,1,6
53028,1,5
53033,0,5
53038,0,5
53044,1,6
53049,1,5
53054,1,5
53059,0,5
53064,0,5
53069,0,5
53075,1,6
53080,1,5
53085,1,5
53090,0,5
53096,1,6
53101,1,5
53106,1,5
53111,0,5
53117,1,6
53122,1,5
53127,1,5
53132,1,5
53137,0,5
53142,0,5
53148,1,6
53153,1,5
53158,1,5
53163,0,5
53168,0,5
53174,1,6
53179,1,5
53184,1,5
53189,0,5
53194,0,5
53199,0,5
53204,0,5
53210,1,6
53215,1,5
53220,0,5
53225,0,5
53230,0,5
53235,0,5
53241,1,6
53246,1,5
53251,1,5
53256,0,5
53261,0,5
53266,0,5
53272,1,6
53277,1,5
53282,1,5
53287,0,5
53293,1,6
53298,1,5
53303,1,5
53308,1,5
53313,0,5
53319,1,6
53324,1,5
53329,1,5
53334,0,5
53340,1,6
53345,1,5
53350,1,5
53355,1,5
53360,0,5
53366,1,6
53371,1,5
53376,1,5
53381,0,5
53387,1,6
53392,1,5
53397,0,5
53403,1,6
53408,1,5
53413,1,5
53418,0,5
53423,0,5
53429,1,6
53434,1,5
53439,0,5
53444,0,5
53450,1,6
53455,1,5
53460,0,5
53465,0,5
53471,1,6
53476,1,5
53481,0,5
53487,1,6
53492,1,5
53497,0,5
53502,0,5
53507,0,5
53513,1,6
53518,0,5
53523,0,5
53528,0,5
53534,1,6
53539,1,5
53544,0,5
53549,0,5
53554,0,5
53560,1,6
53565,1,5
53570,0,5
53575,0,5
53580,0,5
53586,1,6
53591,1,5
53596,0,5
53601,0,5
53607,1,6
53612,1,5
53617,0,5
53622,0,5
53628,1,6
53633,1,5
53638,0,5
53643,0,5
53648,0,5
53654,1,6
53659,1,5
53664,1,5
53669,0,5
53674,0,5
53679,0,5
53685,1,6
53690,1,5
53695,1,5
53700,0,5
53705,0,5
53710,0,5
53715,0,5
53721,1,6
53726,1,5
53731,0,5
53736,0,5
53741,0,5
53747,1,6
53752,1,5
53757,1,5
53762,0,5
53767,0,5
53773,1,6
53778,1,5
53783,1,5
53788,0,5
53793,0,5
53799,1,6
53804,1,5
53809,1,5
53814,0,5
53819,0,5
53824,0,5
53829,0,5
53835,1,6
53840,1,5
53845,0,5
53850,0,5
53855,0,5
53860,0,5
53866,1,6
53871,1,5
53876,0,5
53882,1,6
53887,1,5
53892,1,5
53897,1,5
53902,0,5
53907,0,5
53912,0,5
53918,1,6
53923,1,5
53928,1,5
53933,0,5
53938,0,5
53943,0,5
53949,1,6
53954,1,5
53959,0,5
53964,0,5
53970,1,6
53975,1,5
53980,1,5
53985,1,5
53990,0,5
53995,0,5
54001,1,6
54006,1,5
54011,1,5
54016,0,5
54021,0,5
54027,1,6
54032,1,5
54037,1,5
54042,0,5
54047,0,5
54053,1,6
54058,1,5
54063,1,5
54068,0,5
54073,0,5
54078,0,5
54084,1,6
54089,1,5
54094,0,5
54099,0,5
54105,1,6
54110,1,5
54115,1,5
54120,0,5
54125,0,5
54130,0,5
54136,1,6
54141,1,5
54146,1,5
54151,0,5
54157,1,6
54162,1,5
54167,1,5
54172,0,5
54177,0,5
54182,0,5
54188,1,6
54193,1,5
54198,0,5
54204,1,6
54209,1,5
54214,0,5
54219,0,5
54225,1,6
54230,1,5
54235,0,5
54241,1,6
54246,1,5
54252,1,6
54257,1,5
54262,1,5
54267,0,5
54273,1,6
54278,1,5
54283,0,5
54288,0,5
54294,1,6
54299,1,5
54304,0,5
54309,0,5
54315,1,6
54320,1,5
54325,0,5
54330,0,5
54336,1,6
54341,1,5
54346,0,5
54352,1,6
54357,1,5
54362,0,5
54367,0,5
54373,1,6
54378,1,5
54383,0,5
54389,1,6
54394,1,5
54399,0,5
54404,0,5
54410,1,6
54415,1,5
54420,0,5
54426,1,6
54431,1,5
54436,1,5
54441,0,5
54447,1,6
54452,1,5
54457,0,5
54462,0,5
54468,1,6
54473,1,5
54478,0,5
54484,1,6
54489,1,5
54494,0,5
54500,1,6
54505,1,5
54510,0,5
54515,0,5
54521,1,6
54526,1,5
54532,1,6
54537,1,5
54542,0,5
54548,1,6
54553,1,5
54559,1,6
54564,1,5
54569,1,5
54575,1,6
54580,1,5
54585,0,5
54590,0,5
54595,0,5
54601,1,6
54606,1,5
54611,0,5
54617,1,6
54622,1,5
54627,1,5
54632,0,5
54638,1,6
54643,1,5
54648,0,5
54653,0,5
54658,0,5
54664,1,6
54669,1,5
54674,0,5
54679,0,5
54685,1,6
54690,1,5
54695,0,5
54700,0,5
54705,0,5
54711,1,6
54716,1,5
54721,0,5
54726,0,5
54732,1,6
54737,1,5
54742,0,5
54747,0,5
54752,0,5
54758,1,6
54763,1,5
54768,0,5
54773,0,5
54779,1,6
54784,0,5
54789,0,5
54795,1,6
54800,1,5
54805,0,5
54811,1,6
54816,1,5
54821,1,5
54826,0,5
54832,1,6
54837,1,5
54842,1,5
54847,0,5
54853,1,6
54858,1,5
54863,0,5
54868,0,5
54874,1,6
54879,1,5
54885,1,6
54890,0,5
54896,0,6
54902,1,6
54908,1,6
54913,0,5
54919,0,6
54925,1,6
54931,1,6
54936,0,5
54942,0,6
54948,1,6
54954,1,6
54960,1,6
54965,0,5
54971,1,6
54977,1,6
54983,1,6
54988,0,5
54994,1,6
54999,0,5
55005,0,6
55011,1,6
55017,1,6
55022,0,5
55028,1,6
55033,1,5
55038,0,5
55043,0,5
55049,1,6
55054,1,5
55059,0,5
55064,0,5
55070,1,6
55075,1,5
55080,0,5
55086,1,6
55091,1,5
55096,1,5
55101,0,5
55106,0,5
55112,1,6
55117,1,5
55122,0,5
55127,0,5
55133,1,6
55138,0,5
55143,0,5
55149,1,6
55154,1,5
55160,1,6
55165,0,5
55171,0,6
55177,1,6
55183,1,6
55188,0,5
55194,0,6
55200,1,6
55206,1,6
55211,0,5
55217,1,6
55222,0,5
55228,1,6
55234,1,6
55240,1,6
55246,1,6
55252,1,6
55257,0,5
55263,0,6
55269,0,6
55274,0,5
55279,0,5
55285,1,6
55290,0,5
55296,0,6
55301,0,5
55307,1,6
55312,1,5
55317,0,5
55322,0,5
55328,0,6
55333,0,5
55338,0,5
55344,1,6
55349,1,5
55354,0,5
55360,1,6
55365,0,5
55370,0,5
55376,1,6
55381,0,5
55386,0,5
55392,0,6
55398,1,6
55404,1,6
55409,0,5
55415,0,6
55420,0,5
55425,0,5
55431,0,6
55436,0,5
55442,1,6
55447,0,5
55452,0,5
55458,1,6
55463,1,5
55468,0,5
55473,0,5
55479,1,6
55484,1,5
55489,0,5
55495,1,6
55500,1,5
55505,0,5
55510,0,5
55515,0,5
55521,1,6
55526,0,5
55532,1,6
55538,1,6
55544,1,6
55549,0,5
55555,0,6
55561,1,6
55566,0,5
55572,0,6
55578,0,6
55584,1,6
55590,1,6
55596,1,6
55601,0,5
55607,1,6
55613,1,6
55618,0,5
55624,1,6
55630,1,6
55636,1,6
55641,1,5
55646,0,5
55652,1,6
55657,1,5
55663,1,6
55668,0,5
55674,1,6
55679,1,5
55685,1,6
55691,1,6
55697,1,6
55703,1,6
55709,1,6
55715,1,6
55721,1,6
55727,1,6
55732,0,5
55738,0,6
55744,0,6
55750,0,6
55756,0,6
55762,1,6
55768,1,6
55774,1,6
55780,1,6
55785,1,5
55791,1,6
55796,0,5
55802,0,6
55808,1,6
55813,0,5
55819,0,6
55825,1,6
55830,1,5
55836,1,6
55842,1,6
55847,1,5
55852,0,5
55858,1,6
55863,1,5
55869,0,6
55875,0,6
55881,0,6
55888,1,7
55894,1,6
55900,1,6
55906,1,6
55912,1,6
55918,1,6
55924,1,6
55930,1,6
55936,1,6
55942,1,6
55948,1,6
55954,1,6
55960,1,6
55966,1,6
55972,1,6
55978,1,6
55983,0,5
55989,0,6
55995,1,6
56001,1,6
56007,1,6
56012,0,5
56018,1,6
56023,0,5
56029,1,6
56034,1,5
56039,1,5
56044,0,5
56049,0,5
56055,1,6
56060,1,5
56065,1,5
56070,0,5
56076,1,6
56081,1,5
56086,1,5
56091,1,5
56096,0,5
56102,1,6
56107,1,5
56112,1,5
56117,1,5
56123,1,6
56128,1,5
56133,1,5
56138,1,5
56143,0,5
56148,0,5
56154,1,6
56159,1,5
56164,0,5
56170,1,6
56175,1,5
56180,0,5
56186,1,6
56191,1,5
56196,1,5
56201,0,5
56207,1,6
56212,1,5
56217,1,5
56222,0,5
56227,0,5
56233,1,6
56238,1,5
56243,1,5
56248,0,5
56254,1,6
56259,1,5
56264,1,5
56270,1,6
56275,1,5
56280,0,5
56286,1,6
56291,1,5
56296,0,5
56302,1,6
56307,1,5
56312,0,5
56318,1,6
56323,1,5
56329,1,6
56334,1,5
56340,1,6
56345,1,5
56350,0,5
56356,1,6
56361,1,5
56366,0,5
56372,1,6
56377,1,5
56382,0,5
56388,1,6
56393,1,5
56398,0,5
56404,1,6
56409,1,5
56414,0,5
56420,1,6
56425,1,5
56430,0,5
56436,1,6
56441,1,5
56446,0,5
56452,1,6
56457,1,5
56462,0,5
56468,1,6
56473,1,5
56478,0,5
56484,1,6
56489,1,5
56495,1,6
56500,1,5
56505,1,5
56511,1,6
56516,1,5
56521,0,5
56527,1,6
56533,1,6
56539,1,6
56545,1,6
56551,1,6
56557,1,6
56563,1,6
56569,1,6
56575,1,6
56581,1,6
56587,1,6
56593,1,6
56599,1,6
56605,1,6
56611,1,6
56617,1,6
56624,1,7
56630,1,6
56636,1,6
56641,1,5
56647,1,6
56652,1,5
56657,0,5
56663,1,6
56668,1,5
56674,1,6
56679,1,5
56684,0,5
56690,1,6
56695,1,5
56701,1,6
56706,1,5
56711,0,5
56717,1,6
56722,1,5
56727,0,5
56733,1,6
56738,1,5
56744,1,6
56750,1,6
56755,1,5
56760,0,5
56766,1,6
56771,0,5
56778,1,7
56785,2,7
56791,1,6
56797,1,6
56803,1,6
56809,1,6
56815,1,6
56821,1,6
56827,1,6
56833,1,6
56839,1,6
56845,1,6
56851,1,6
56857,1,6
56863,1,6
56869,1,6
56875,0,6
56882,1,7
56888,1,6
56894,1,6
56900,1,6
56907,2,7
56913,1,6
56918,0,5
56924,0,6
56931,0,7
56937,0,6
56943,1,6
56949,1,6
56955,0,6
56961,1,6
56967,0,6
56973,0,6
56979,0,6
56985,1,6
56991,1,6
56996,0,5
57002,0,6
57008,1,6
57014,1,6
57019,0,5
57025,0,6
57032,1,7
57037,0,5
57043,0,6
57049,1,6
57055,1,6
57061,1,6
57067,1,6
57073,1,6
57078,0,5
57084,0,6
57090,1,6
57095,0,5
57101,0,6
57107,1,6
57113,1,6
57118,0,5
57124,1,6
57130,1,6
57136,1,6
57141,0,5
57147,0,6
57153,1,6
57159,1,6
57165,1,6
57171,1,6
57177,1,6
57182,0,5
57188,0,6
57194,1,6
57199,0,5
57205,0,6
57211,1,6
57216,0,5
57222,0,6
57228,0,6
57234,1,6
57240,1,6
57246,1,6
57252,1,6
57258,1,6
57264,1,6
57269,0,5
57275,0,6
57281,1,6
57287,1,6
57293,1,6
57299,1,6
57305,1,6
57311,1,6
57317,1,6
57322,0,5
57328,1,6
57333,0,5
57339,0,6
57345,1,6
57350,0,5
57356,0,6
57362,1,6
57368,1,6
57374,1,6
57380,1,6
57385,0,5
57391,0,6
57397,1,6
57403,1,6
57410,1,7
57416,1,6
57422,1,6
57428,1,6
57434,1,6
57440,1,6
57446,1,6
57452,1,6
57458,1,6
57464,1,6
57469,0,5
57475,0,6
57481,1,6
57487,1,6
57493,1,6
57498,0,5
57504,1,6
57510,1,6
57516,1,6
57522,1,6
57528,1,6
57533,0,5
57539,1,6
57545,1,6
57550,0,5
57556,1,6
57561,0,5
57567,0,6
57573,1,6
57579,1,6
57585,1,6
57591,1,6
57596,0,5
57602,0,6
57608,1,6
57613,0,5
57619,1,6
57624,0,5
57632,2,8
57638,1,6
57644,1,6
57649,0,5
57655,1,6
57661,1,6
57667,1,6
57672,0,5
57678,0,6
57684,1,6
57690,1,6
57695,0,5
57701,0,6
57707,1,6
57712,0,5
57718,0,6
57724,1,6
57730,0,6
57736,1,6
57741,0,5
57747,0,6
57753,1,6
57759,1,6
57764,0,5
57770,1,6
57775,0,5
57781,1,6
57787,1,6
57792,0,5
57798,1,6
57804,1,6
57810,1,6
57815,0,5
57821,1,6
57826,0,5
57832,0,6
57845,7,13
57845,2,0
57848,0,3
57854,1,6
57859,1,5
57864,0,5
57869,0,5
57874,0,5
57880,1,6
